['Resist Dark', 'Wind Amp', 'Wind Boost', 'Sharp Student', 'Dekaja']
['Tarukaja', 'Mediarahan', 'Rakukaja', 'Salvation', 'Mahamaon']
['Mind Charge', 'Wind Boost', 'Wind Amp', 'Tarukaja', 'Counter']
['Hama Boost', 'Counter', 'Mind Charge', 'Rakukaja', 'Tarukaja']
['Dekaja', 'Mediarahan', 'Resist Dark', 'Mind Charge', 'Salvation']
['Trafuri', 'Wind Amp', 'Resist Dark', 'Mind Charge', 'Counterstrike']
['Tarukaja', 'Megido', 'Rakukaja', 'Sharp Student', 'Counterstrike']
['Rakukaja', 'Hamaon', 'Hama Boost', 'Counter', 'Resist Dark']
['Tarukaja', 'Megido', 'Trafuri', 'Rakukaja', 'Recarmdra']
['Mind Charge', 'Tarukaja', 'Resist Dark', 'Rakukaja', 'Wind Boost']
['Counter', 'Tarukaja', 'Dekaja', 'Counterstrike', 'Mind Charge']
['Wind Amp', 'Counterstrike', 'Tarukaja', 'Mahamaon', 'Wind Boost']
['Dekaja', 'Rakukaja', 'Wind Break', 'Sharp Student', 'Tarukaja']
['Wind Boost', 'Tarukaja', 'Wind Break', 'Rakukaja', 'Sharp Student']
['Counter', 'Hamaon', 'Salvation', 'Rakukaja', 'Wind Boost']
['Wind Amp', 'Tarukaja', 'Counterstrike', 'Dekaja', 'Resist Dark']
['Salvation', 'Mind Charge', 'Tarukaja', 'Wind Amp', 'Dekaja']
['Rakukaja', 'Tarukaja', 'Counterstrike', 'Akasha Arts', 'Sharp Student']
['Rakukaja', 'Resist Dark', 'Mind Charge', 'Dekaja', 'Mahamaon']
['Tarukaja', 'Mediarahan', 'Resist Dark', 'Megido', 'Mind Charge']
['Mind Charge', 'Resist Dark', 'Wind Boost', 'Hama Boost', 'Counterstrike']
['Wind Boost', 'Tarukaja', 'Hamaon', 'Hama Boost', 'Rakukaja']
['Mahamaon', 'Rakukaja', 'Wind Amp', 'Wind Break', 'Counter']
['Wind Amp', 'Rakukaja', 'Sharp Student', 'Wind Boost', 'Tarukaja']
['Dekaja', 'Wind Boost', 'Tarukaja', 'Resist Dark', 'Wind Break']
['Counter', 'Hamaon', 'Mahamaon', 'Wind Amp', 'Hama Boost']
['Rakukaja', 'Wind Boost', 'Tarukaja', 'Sharp Student', 'Wind Amp']
['Wind Boost', 'Mahamaon', 'Wind Amp', 'Wind Break', 'Counterstrike']
['Resist Dark', 'Hama Boost', 'Mind Charge', 'Trafuri', 'Tarukaja']
['Wind Boost', 'Hamaon', 'Sharp Student', 'Wind Amp', 'Counterstrike']
['Resist Dark', 'Dekaja', 'Counter', 'Counterstrike', 'Hamaon']
['Counter', 'Rakukaja', 'Mahamaon', 'Tarukaja', 'Wind Boost']
['Wind Break', 'Wind Boost', 'Mind Charge', 'Counter', 'Hama Boost']
['Counter', 'Hama Boost', 'Wind Break', 'Rakukaja', 'Counterstrike']
['Wind Amp', 'Tarukaja', 'Hamaon', 'Wind Boost', 'Recarmdra']
['Dekaja', 'Megido', 'Mind Charge', 'Trafuri', 'Wind Boost']
['Hamaon', 'Trafuri', 'Counterstrike', 'Counter', 'Tarukaja']
['Rakukaja', 'Counterstrike', 'Trafuri', 'Resist Dark', 'Mediarahan']
['Mind Charge', 'Trafuri', 'Wind Boost', 'Dekaja', 'Counter']
['Rakukaja', 'Wind Boost', 'Counter', 'Mind Charge', 'Hamaon']
['Rakukaja', 'Wind Break', 'Mind Charge', 'Wind Boost', 'Salvation']
['Mind Charge', 'Mahamaon', 'Hama Boost', 'Rakukaja', "God's Hand"]
['Trafuri', 'Hama Boost', 'Salvation', 'Mahamaon', 'Rakukaja']
['Wind Amp', 'Hama Boost', 'Recarmdra', 'Resist Dark', 'Trafuri']
['Salvation', 'Wind Break', 'Sharp Student', 'Resist Dark', 'Wind Boost']
['Rakukaja', 'Wind Boost', 'Tarukaja', 'Resist Dark', 'Mahamaon']
['Counterstrike', 'Hamaon', 'Tarukaja', 'Dekaja', 'Hama Boost']
['Mediarahan', 'Wind Boost', 'Counter', 'Trafuri', 'Tarukaja']
['Wind Boost', 'Wind Amp', 'Counterstrike', 'Resist Dark', 'Recarmdra']
['Wind Break', 'Resist Dark', 'Hamaon', 'Tarukaja', 'Sharp Student']
['Hama Boost', 'Tarukaja', 'Wind Boost', 'Trafuri', 'Dekaja']
['Trafuri', 'Counter', 'Salvation', 'Counterstrike', 'Sharp Student']
['Wind Boost', 'Counter', 'Tarukaja', 'Wind Break', 'Resist Dark']
['Sharp Student', 'Resist Dark', 'Wind Amp', 'Counterstrike', 'Dekaja']
['Sharp Student', 'Dekaja', 'Wind Boost', 'Counterstrike', 'Counter']
['Hama Boost', 'Counter', 'Rakukaja', 'Wind Boost', 'Wind Amp']
['Mind Charge', 'Mahamaon', 'Sharp Student', 'Rakukaja', 'Counterstrike']
['Tarukaja', 'Dekaja', 'Rakukaja', 'Mind Charge', 'Wind Amp']
['Wind Boost', 'Counterstrike', 'Tarukaja', 'Rakukaja', 'Mind Charge']
['Resist Dark', 'Rakukaja', 'Mediarahan', 'Tarukaja', 'Hamaon']
['Hama Boost', 'Hamaon', 'Wind Break', 'Resist Dark', 'Trafuri']
['Hama Boost', 'Mahamaon', 'Counterstrike', 'Resist Dark', 'Wind Boost']
['Rakukaja', 'Wind Amp', 'Sharp Student', 'Tarukaja', 'Mediarahan']
['Rakukaja', 'Mind Charge', 'Sharp Student', 'Counterstrike', 'Wind Boost']
['Counter', 'Tarukaja', 'Dekaja', 'Wind Break', 'Resist Dark']
['Sharp Student', 'Rakukaja', 'Recarmdra', 'Hamaon', 'Wind Boost']
['Wind Amp', 'Mediarahan', 'Sharp Student', 'Rakukaja', 'Hamaon']
['Hamaon', 'Counter', 'Rakukaja', 'Counterstrike', 'Tarukaja']
['Hama Boost', 'Wind Break', 'Wind Boost', 'Counterstrike', 'Wind Amp']
['Counter', 'Mind Charge', 'Wind Break', 'Dekaja', 'Hamaon']
['Counterstrike', 'Wind Amp', 'Resist Dark', 'Rakukaja', 'Recarmdra']
['Counter', 'Wind Break', 'Resist Dark', 'Tarukaja', 'Wind Amp']
['Tarukaja', 'Hamaon', 'Counter', 'Hama Boost', 'Wind Amp']
['Wind Boost', 'Wind Amp', 'Wind Break', 'Sharp Student', 'Counter']
['Mahamaon', 'Hama Boost', 'Recarmdra', 'Wind Break', 'Mediarahan']
['Counter', 'Wind Break', 'Tarukaja', 'Rakukaja', 'Trafuri']
['Tarukaja', 'Mediarahan', 'Mind Charge', 'Trafuri', 'Salvation']
['Counterstrike', 'Hama Boost', 'Rakukaja', 'Wind Boost', 'Counter']
['Mediarahan', 'Hamaon', 'Mind Charge', 'Rakukaja', 'Recarmdra']
['Rakukaja', 'Mediarahan', 'Hama Boost', 'Dekaja', 'Wind Boost']
['Rakukaja', 'Counterstrike', 'Mind Charge', 'Wind Boost', 'Akasha Arts']
['Counterstrike', 'Wind Boost', 'Sharp Student', 'Resist Dark', 'Rakukaja']
['Counterstrike', 'Hama Boost', 'Dekaja', 'Wind Amp', 'Rakukaja']
['Wind Boost', 'Recarmdra', 'Counter', 'Resist Dark', 'Rakukaja']
['Wind Boost', 'Rakukaja', 'Resist Dark', 'Sharp Student', 'Trafuri']
['Mahamaon', 'Hamaon', 'Counterstrike', 'Rakukaja', 'Dekaja']
['Sharp Student', 'Dekaja', 'Hama Boost', 'Counter', 'Rakukaja']
['Resist Dark', 'Akasha Arts', 'Mind Charge', 'Wind Boost', 'Trafuri']
['Wind Boost', 'Wind Break', 'Dekaja', 'Tarukaja', 'Wind Amp']
['Rakukaja', 'Dekaja', 'Mahamaon', 'Resist Dark', 'Counter']
['Salvation', 'Wind Amp', 'Wind Boost', 'Counterstrike', 'Counter']
['Resist Dark', 'Trafuri', 'Wind Boost', 'Counter', 'Salvation']
['Salvation', 'Hama Boost', 'Wind Boost', 'Counter', 'Counterstrike']
['Rakukaja', 'Wind Boost', 'Tarukaja', 'Dekaja', 'Mind Charge']
['Tarukaja', 'Mind Charge', 'Salvation', 'Hama Boost', 'Trafuri']
['Dekaja', 'Recarmdra', 'Wind Boost', 'Rakukaja', 'Trafuri']
['Sharp Student', 'Hamaon', 'Trafuri', 'Hama Boost', 'Mediarahan']
['Counterstrike', 'Mind Charge', 'Rakukaja', 'Sharp Student', 'Resist Dark']
['Mahamaon', 'Rakukaja', 'Mind Charge', 'Wind Boost', 'Hama Boost']
['Dekaja', 'Tarukaja', 'Counterstrike', 'Hamaon', 'Rakukaja']
['Mind Charge', 'Tarukaja', 'Mediarahan', 'Recarmdra', 'Wind Boost']
['Counterstrike', 'Salvation', 'Wind Boost', 'Sharp Student', 'Mediarahan']
['Counter', 'Sharp Student', 'Resist Dark', 'Hamaon', 'Wind Boost']
['Resist Dark', 'Mind Charge', 'Hama Boost', 'Sharp Student', 'Dekaja']
['Recarmdra', 'Rakukaja', 'Hamaon', 'Counterstrike', 'Wind Boost']
['Sharp Student', 'Wind Boost', 'Tarukaja', 'Mahamaon', 'Mind Charge']
['Tarukaja', 'Wind Boost', 'Hama Boost', 'Rakukaja', 'Counter']
['Trafuri', 'Mahamaon', 'Mind Charge', 'Rakukaja', 'Akasha Arts']
['Rakukaja', 'Wind Amp', 'Hama Boost', 'Mind Charge', 'Hamaon']
['Counter', 'Megido', 'Resist Dark', 'Hama Boost', 'Salvation']
['Resist Dark', 'Tarukaja', 'Sharp Student', 'Counter', 'Hamaon']
['Counter', 'Sharp Student', 'Mahamaon', 'Recarmdra', 'Tarukaja']
['Counterstrike', 'Rakukaja', 'Hama Boost', 'Wind Amp', 'Tarukaja']
['Wind Boost', 'Tarukaja', 'Hamaon', 'Mediarahan', 'Wind Break']
['Wind Amp', 'Sharp Student', 'Rakukaja', 'Counterstrike', 'Hama Boost']
['Mahamaon', 'Counter', 'Tarukaja', 'Rakukaja', 'Mind Charge']
['Rakukaja', 'Tarukaja', 'Counterstrike', 'Wind Break', 'Mahamaon']
['Sharp Student', 'Tarukaja', 'Hamaon', 'Mahamaon', 'Counter']
['Resist Dark', 'Mind Charge', 'Tarukaja', 'Counter', 'Wind Boost']
['Counter', 'Sharp Student', 'Wind Boost', 'Wind Amp', 'Dekaja']
['Wind Break', 'Wind Boost', 'Mahamaon', 'Counter', 'Counterstrike']
['Counter', 'Counterstrike', 'Sharp Student', 'Wind Break', 'Rakukaja']
['Megido', 'Rakukaja', 'Tarukaja', 'Dekaja', 'Mind Charge']
['Rakukaja', 'Wind Boost', 'Dekaja', "God's Hand", 'Wind Amp']
['Recarmdra', 'Tarukaja', 'Counterstrike', 'Rakukaja', 'Mediarahan']
['Salvation', 'Wind Boost', 'Rakukaja', 'Tarukaja', 'Counterstrike']
['Tarukaja', 'Resist Dark', 'Sharp Student', 'Mahamaon', 'Trafuri']
['Salvation', 'Sharp Student', 'Mind Charge', 'Wind Boost', 'Tarukaja']
['Hamaon', 'Rakukaja', 'Dekaja', 'Wind Boost', 'Recarmdra']
['Wind Boost', 'Counterstrike', 'Tarukaja', 'Counter', 'Hama Boost']
['Tarukaja', 'Counterstrike', 'Dekaja', 'Hamaon', 'Mahamaon']
['Hamaon', 'Rakukaja', 'Wind Boost', 'Sharp Student', 'Tarukaja']
['Counter', 'Hama Boost', 'Dekaja', 'Tarukaja', 'Counterstrike']
['Tarukaja', 'Mahamaon', 'Salvation', 'Rakukaja', 'Dekaja']
['Counter', 'Wind Break', 'Tarukaja', 'Resist Dark', 'Hama Boost']
['Trafuri', 'Tarukaja', 'Resist Dark', 'Hamaon', 'Recarmdra']
['Wind Boost', 'Mediarahan', 'Counter', 'Sharp Student', 'Resist Dark']
['Counter', 'Rakukaja', 'Sharp Student', 'Resist Dark', 'Mediarahan']
['Salvation', 'Counter', 'Rakukaja', 'Wind Boost', 'Mahamaon']
['Hamaon', 'Rakukaja', 'Sharp Student', 'Wind Boost', 'Tarukaja']
['Counterstrike', 'Wind Break', 'Counter', 'Sharp Student', 'Recarmdra']
['Wind Break', 'Wind Boost', 'Dekaja', 'Akasha Arts', 'Mediarahan']
['Sharp Student', 'Rakukaja', 'Counter', 'Dekaja', 'Hamaon']
['Counter', 'Wind Boost', 'Rakukaja', 'Dekaja', 'Tarukaja']
['Counter', 'Mahamaon', 'Hama Boost', 'Counterstrike', 'Rakukaja']
['Hama Boost', 'Counterstrike', 'Counter', 'Wind Boost', 'Dekaja']
['Tarukaja', 'Rakukaja', 'Hamaon', 'Mediarahan', 'Sharp Student']
['Sharp Student', 'Counterstrike', 'Wind Break', 'Megido', 'Hamaon']
['Tarukaja', 'Hamaon', 'Rakukaja', 'Wind Amp', 'Wind Boost']
['Wind Boost', 'Tarukaja', 'Wind Break', 'Dekaja', 'Rakukaja']
['Hama Boost', 'Wind Break', 'Mind Charge', 'Tarukaja', 'Trafuri']
['Tarukaja', 'Dekaja', 'Resist Dark', 'Mahamaon', 'Hama Boost']
['Mind Charge', 'Tarukaja', 'Wind Boost', 'Wind Break', 'Counter']
['Sharp Student', 'Wind Boost', 'Hama Boost', 'Rakukaja', 'Counterstrike']
['Trafuri', 'Mind Charge', 'Wind Boost', 'Resist Dark', 'Mahamaon']
['Mahamaon', 'Tarukaja', 'Wind Break', 'Wind Boost', 'Salvation']
['Wind Break', 'Mediarahan', 'Sharp Student', 'Tarukaja', 'Resist Dark']
['Counter', 'Mind Charge', "God's Hand", 'Sharp Student', 'Wind Break']
['Counter', 'Wind Boost', 'Tarukaja', 'Hama Boost', 'Mediarahan']
['Sharp Student', 'Hama Boost', 'Recarmdra', 'Salvation', 'Tarukaja']
['Tarukaja', 'Counterstrike', 'Hamaon', 'Wind Amp', 'Dekaja']
['Counterstrike', 'Wind Boost', 'Mind Charge', 'Sharp Student', 'Hamaon']
['Rakukaja', 'Tarukaja', 'Wind Amp', 'Wind Boost', 'Mediarahan']
['Recarmdra', 'Sharp Student', 'Wind Boost', 'Resist Dark', 'Wind Amp']
['Trafuri', 'Salvation', 'Hama Boost', 'Tarukaja', 'Wind Amp']
['Resist Dark', 'Hamaon', 'Rakukaja', 'Tarukaja', 'Wind Boost']
['Hamaon', 'Tarukaja', 'Dekaja', 'Counter', 'Mind Charge']
['Counterstrike', 'Wind Boost', 'Tarukaja', 'Wind Amp', 'Counter']
['Wind Break', 'Mind Charge', 'Akasha Arts', 'Sharp Student', 'Wind Boost']
['Sharp Student', 'Rakukaja', 'Dekaja', 'Tarukaja', 'Mind Charge']
['Tarukaja', 'Mind Charge', 'Counter', 'Wind Boost', 'Sharp Student']
['Rakukaja', 'Tarukaja', 'Wind Boost', 'Mind Charge', 'Wind Break']
['Trafuri', 'Wind Boost', 'Wind Break', 'Tarukaja', 'Counter']
['Hama Boost', 'Dekaja', 'Wind Boost', 'Tarukaja', 'Hamaon']
['Counter', 'Hamaon', 'Wind Boost', 'Wind Amp', 'Wind Break']
['Mahamaon', 'Wind Boost', 'Sharp Student', 'Hama Boost', 'Wind Break']
['Wind Boost', 'Dekaja', 'Recarmdra', 'Mahamaon', 'Hamaon']
['Resist Dark', 'Counterstrike', 'Hamaon', 'Wind Boost', 'Mind Charge']
['Rakukaja', 'Sharp Student', 'Salvation', 'Mediarahan', 'Mind Charge']
['Salvation', 'Rakukaja', 'Wind Break', 'Counter', 'Hamaon']
['Hama Boost', 'Hamaon', 'Sharp Student', 'Mahamaon', 'Wind Boost']
['Hama Boost', 'Mind Charge', 'Sharp Student', 'Tarukaja', 'Wind Boost']
['Mind Charge', 'Wind Amp', 'Counter', 'Tarukaja', 'Hama Boost']
['Akasha Arts', 'Counterstrike', 'Wind Amp', 'Counter', 'Hamaon']
['Counter', 'Rakukaja', 'Sharp Student', 'Wind Break', 'Wind Boost']
['Tarukaja', 'Trafuri', 'Hama Boost', 'Wind Amp', 'Resist Dark']
['Wind Boost', 'Wind Break', 'Sharp Student', 'Wind Amp', 'Trafuri']
['Hamaon', 'Tarukaja', 'Rakukaja', 'Trafuri', 'Wind Boost']
['Hama Boost', 'Rakukaja', 'Tarukaja', 'Dekaja', 'Wind Boost']
['Mahamaon', 'Rakukaja', 'Counterstrike', 'Wind Boost', 'Wind Break']
['Counter', 'Wind Break', 'Dekaja', 'Sharp Student', 'Mediarahan']
['Wind Boost', 'Rakukaja', 'Tarukaja', 'Counter', 'Mahamaon']
['Hamaon', 'Mind Charge', 'Wind Boost', 'Wind Amp', 'Hama Boost']
['Counter', 'Wind Boost', 'Mind Charge', 'Mahamaon', 'Recarmdra']
['Trafuri', 'Wind Boost', 'Wind Break', 'Mahamaon', 'Rakukaja']
['Wind Boost', 'Rakukaja', 'Tarukaja', 'Counterstrike', 'Counter']
['Rakukaja', 'Counterstrike', 'Trafuri', 'Wind Boost', 'Wind Amp']
['Recarmdra', 'Tarukaja', 'Wind Boost', 'Mind Charge', 'Rakukaja']
['Mediarahan', 'Wind Break', 'Sharp Student', 'Tarukaja', 'Wind Amp']
['Wind Boost', 'Tarukaja', 'Mediarahan', 'Hamaon', 'Hama Boost']
['Counter', 'Hama Boost', 'Wind Break', 'Wind Boost', 'Megido']
['Wind Break', 'Recarmdra', 'Megido', 'Rakukaja', 'Hamaon']
['Trafuri', 'Mediarahan', 'Hama Boost', 'Wind Break', 'Wind Boost']
['Wind Amp', 'Salvation', 'Rakukaja', 'Counterstrike', 'Hama Boost']
['Tarukaja', 'Wind Boost', 'Salvation', 'Counterstrike', 'Mind Charge']
['Wind Boost', 'Counter', 'Hama Boost', "God's Hand", 'Tarukaja']
['Wind Break', 'Tarukaja', 'Resist Dark', 'Mediarahan', 'Wind Boost']
['Wind Boost', 'Mediarahan', 'Wind Break', 'Mind Charge', 'Trafuri']
['Resist Dark', 'Counter', 'Mind Charge', 'Tarukaja', 'Recarmdra']
['Mahamaon', 'Counterstrike', 'Mediarahan', 'Mind Charge', 'Wind Boost']
['Mind Charge', 'Rakukaja', 'Trafuri', 'Salvation', 'Counter']
['Counter', 'Mahamaon', 'Hamaon', 'Salvation', 'Tarukaja']
['Wind Boost', 'Counter', 'Resist Dark', 'Mind Charge', 'Hamaon']
['Counter', 'Mind Charge', 'Rakukaja', 'Tarukaja', 'Resist Dark']
['Dekaja', 'Mediarahan', 'Counterstrike', 'Counter', 'Mind Charge']
['Tarukaja', 'Rakukaja', 'Wind Amp', 'Mahamaon', 'Counter']
['Tarukaja', 'Mahamaon', 'Mind Charge', 'Wind Boost', 'Counter']
['Wind Break', 'Resist Dark', 'Mahamaon', 'Wind Amp', 'Tarukaja']
['Wind Break', 'Wind Boost', 'Rakukaja', 'Wind Amp', 'Hamaon']
['Tarukaja', 'Wind Break', 'Mahamaon', 'Recarmdra', 'Counter']
['Counter', 'Trafuri', 'Mahamaon', 'Tarukaja', 'Wind Boost']
['Trafuri', 'Sharp Student', 'Mind Charge', 'Tarukaja', 'Wind Amp']
['Wind Break', 'Sharp Student', 'Wind Amp', 'Rakukaja', 'Recarmdra']
['Wind Break', 'Resist Dark', 'Counterstrike', 'Wind Amp', 'Salvation']
['Sharp Student', 'Wind Amp', 'Wind Break', 'Tarukaja', 'Wind Boost']
['Resist Dark', 'Wind Amp', 'Mind Charge', 'Dekaja', 'Wind Break']
['Resist Dark', 'Counter', 'Counterstrike', 'Wind Boost', 'Rakukaja']
['Counter', 'Sharp Student', 'Resist Dark', 'Rakukaja', 'Counterstrike']
['Mediarahan', 'Counter', 'Wind Break', 'Rakukaja', 'Tarukaja']
['Dekaja', 'Wind Boost', 'Wind Amp', 'Hamaon', 'Rakukaja']
['Wind Boost', 'Wind Amp', 'Hama Boost', 'Counter', 'Rakukaja']
['Tarukaja', 'Hama Boost', 'Wind Amp', 'Counter', 'Counterstrike']
['Counter', 'Hama Boost', 'Rakukaja', 'Resist Dark', 'Hamaon']
['Counterstrike', 'Salvation', 'Mediarahan', 'Hamaon', 'Rakukaja']
['Sharp Student', 'Hama Boost', 'Wind Amp', 'Counterstrike', 'Tarukaja']
['Wind Amp', 'Sharp Student', 'Resist Dark', 'Wind Boost', 'Mahamaon']
['Wind Boost', 'Counter', 'Sharp Student', 'Wind Amp', 'Hamaon']
['Hamaon', 'Tarukaja', 'Wind Boost', 'Rakukaja', 'Wind Amp']
['Mahamaon', 'Mediarahan', 'Rakukaja', 'Counterstrike', 'Resist Dark']
['Rakukaja', 'Sharp Student', 'Recarmdra', 'Wind Boost', 'Counterstrike']
['Dekaja', 'Counter', 'Resist Dark', 'Mediarahan', 'Wind Amp']
['Wind Boost', 'Sharp Student', 'Hama Boost', 'Wind Break', 'Mediarahan']
['Hamaon', 'Counterstrike', 'Wind Boost', 'Tarukaja', 'Rakukaja']
['Counterstrike', 'Wind Break', 'Rakukaja', 'Tarukaja', 'Sharp Student']
['Rakukaja', 'Resist Dark', 'Mind Charge', 'Wind Boost', 'Tarukaja']
['Rakukaja', 'Counterstrike', 'Tarukaja', 'Hamaon', 'Wind Boost']
['Recarmdra', 'Mahamaon', 'Akasha Arts', 'Mind Charge', 'Counterstrike']
['Wind Boost', 'Rakukaja', 'Counterstrike', 'Trafuri', 'Resist Dark']
['Dekaja', 'Wind Break', 'Hamaon', 'Wind Amp', 'Recarmdra']
['Wind Amp', 'Sharp Student', 'Salvation', 'Counter', 'Counterstrike']
['Wind Amp', 'Sharp Student', 'Tarukaja', 'Wind Break', 'Rakukaja']
['Counter', 'Rakukaja', 'Hama Boost', 'Akasha Arts', 'Tarukaja']
['Hamaon', 'Dekaja', 'Rakukaja', 'Salvation', 'Wind Break']
['Counter', 'Rakukaja', 'Resist Dark', 'Hama Boost', 'Tarukaja']
['Wind Boost', 'Tarukaja', 'Wind Amp', 'Counter', 'Mediarahan']
['Sharp Student', 'Wind Boost', 'Wind Break', 'Tarukaja', 'Mahamaon']
['Rakukaja', 'Sharp Student', 'Dekaja', 'Mediarahan', 'Counter']
['Counterstrike', 'Rakukaja', 'Tarukaja', 'Mahamaon', 'Hama Boost']
['Wind Amp', 'Tarukaja', 'Resist Dark', 'Mind Charge', 'Dekaja']
['Tarukaja', 'Wind Break', 'Mind Charge', 'Recarmdra', 'Hamaon']
['Recarmdra', 'Sharp Student', 'Dekaja', 'Counterstrike', 'Hamaon']
['Mahamaon', 'Resist Dark', 'Hama Boost', 'Recarmdra', 'Counter']
['Rakukaja', 'Trafuri', 'Tarukaja', 'Mediarahan', 'Hama Boost']
['Rakukaja', 'Hamaon', 'Recarmdra', 'Resist Dark', 'Dekaja']
['Hamaon', 'Resist Dark', 'Wind Break', 'Sharp Student', 'Tarukaja']
['Recarmdra', 'Hamaon', 'Counter', 'Wind Break', 'Mind Charge']
['Hama Boost', 'Wind Boost', 'Wind Break', 'Tarukaja', 'Mahamaon']
['Wind Break', 'Hamaon', 'Rakukaja', 'Sharp Student', 'Wind Boost']
['Rakukaja', 'Wind Break', 'Counter', 'Counterstrike', 'Tarukaja']
['Hama Boost', 'Wind Boost', 'Wind Break', 'Rakukaja', 'Resist Dark']
['Mediarahan', 'Tarukaja', 'Counterstrike', 'Counter', 'Recarmdra']
['Resist Dark', 'Tarukaja', 'Hamaon', 'Rakukaja', 'Mahamaon']
['Sharp Student', 'Wind Break', 'Wind Boost', 'Tarukaja', 'Mediarahan']
['Sharp Student', 'Counter', 'Wind Break', 'Wind Boost', 'Hama Boost']
['Resist Dark', 'Mind Charge', 'Rakukaja', 'Counter', 'Mediarahan']
['Rakukaja', 'Counter', 'Resist Dark', 'Hamaon', 'Mahamaon']
['Hamaon', 'Rakukaja', 'Salvation', 'Wind Break', 'Tarukaja']
['Recarmdra', 'Rakukaja', 'Counterstrike', 'Tarukaja', 'Wind Boost']
['Counterstrike', 'Rakukaja', 'Salvation', 'Resist Dark', 'Sharp Student']
['Wind Boost', 'Wind Amp', 'Counter', 'Rakukaja', 'Trafuri']
['Counter', 'Wind Amp', 'Mind Charge', 'Dekaja', 'Mediarahan']
['Recarmdra', 'Counter', 'Resist Dark', 'Dekaja', 'Hamaon']
['Sharp Student', 'Megido', 'Dekaja', 'Counter', 'Mind Charge']
['Rakukaja', 'Sharp Student', 'Recarmdra', 'Hama Boost', 'Counter']
['Counterstrike', 'Rakukaja', 'Trafuri', 'Wind Boost', 'Tarukaja']
['Tarukaja', 'Sharp Student', 'Wind Boost', 'Counter', 'Counterstrike']
['Wind Break', 'Tarukaja', 'Resist Dark', 'Hama Boost', 'Mediarahan']
['Wind Boost', 'Salvation', 'Tarukaja', 'Rakukaja', 'Wind Amp']
['Sharp Student', 'Wind Break', 'Recarmdra', 'Rakukaja', 'Hamaon']
['Wind Boost', 'Tarukaja', 'Mind Charge', 'Sharp Student', 'Rakukaja']
['Wind Break', 'Wind Amp', 'Dekaja', 'Sharp Student', 'Counterstrike']
['Hama Boost', 'Wind Amp', 'Mind Charge', 'Hamaon', 'Mediarahan']
['Wind Boost', 'Rakukaja', 'Counter', 'Sharp Student', 'Resist Dark']
['Wind Boost', 'Tarukaja', 'Wind Amp', 'Hamaon', 'Hama Boost']
['Wind Break', 'Dekaja', 'Counter', 'Wind Boost', 'Salvation']
['Hama Boost', 'Trafuri', 'Wind Break', 'Counter', 'Counterstrike']
['Tarukaja', 'Salvation', 'Rakukaja', 'Sharp Student', 'Mind Charge']
['Sharp Student', 'Rakukaja', 'Mediarahan', 'Tarukaja', 'Wind Break']
['Salvation', 'Counter', 'Wind Break', 'Mahamaon', 'Rakukaja']
['Counterstrike', 'Hamaon', 'Mind Charge', 'Dekaja', 'Sharp Student']
['Wind Amp', 'Wind Boost', 'Sharp Student', "God's Hand", 'Hamaon']
['Wind Boost', 'Tarukaja', 'Wind Break', 'Mind Charge', 'Rakukaja']
['Sharp Student', 'Mind Charge', 'Trafuri', 'Counterstrike', 'Wind Break']
['Counter', 'Trafuri', 'Mind Charge', 'Sharp Student', 'Hama Boost']
['Trafuri', 'Rakukaja', 'Wind Amp', 'Sharp Student', 'Tarukaja']
['Wind Boost', 'Mind Charge', 'Rakukaja', 'Wind Break', 'Dekaja']
['Hamaon', 'Rakukaja', 'Hama Boost', 'Wind Boost', 'Recarmdra']
['Rakukaja', 'Mahamaon', 'Mind Charge', 'Resist Dark', 'Tarukaja']
['Rakukaja', 'Mahamaon', 'Recarmdra', 'Wind Break', 'Counterstrike']
['Wind Break', 'Tarukaja', 'Mediarahan', 'Rakukaja', 'Sharp Student']
['Mahamaon', 'Tarukaja', 'Mind Charge', 'Wind Boost', 'Hama Boost']
['Mind Charge', 'Mediarahan', 'Tarukaja', 'Hamaon', 'Wind Break']
['Hama Boost', 'Wind Break', 'Rakukaja', 'Wind Boost', 'Trafuri']
['Tarukaja', 'Counter', 'Sharp Student', 'Rakukaja', 'Hama Boost']
['Tarukaja', 'Resist Dark', 'Mediarahan', 'Mahamaon', 'Rakukaja']
['Tarukaja', 'Mediarahan', 'Rakukaja', 'Mahamaon', 'Resist Dark']
['Sharp Student', 'Hamaon', 'Mind Charge', 'Wind Break', 'Counter']
['Wind Boost', 'Mediarahan', 'Trafuri', 'Rakukaja', 'Recarmdra']
['Hamaon', 'Rakukaja', 'Hama Boost', 'Counter', 'Mediarahan']
['Tarukaja', 'Wind Break', 'Rakukaja', 'Akasha Arts', 'Mediarahan']
['Trafuri', 'Rakukaja', 'Counterstrike', 'Tarukaja', 'Wind Amp']
['Counterstrike', 'Wind Boost', 'Trafuri', 'Mind Charge', 'Rakukaja']
['Hamaon', 'Rakukaja', 'Wind Break', 'Counterstrike', 'Tarukaja']
['Rakukaja', 'Wind Boost', 'Wind Break', 'Dekaja', 'Wind Amp']
['Wind Boost', 'Counter', 'Mind Charge', 'Wind Amp', 'Sharp Student']
['Wind Boost', 'Rakukaja', 'Tarukaja', 'Wind Amp', 'Akasha Arts']
['Trafuri', 'Tarukaja', 'Mediarahan', 'Rakukaja', 'Wind Boost']
['Sharp Student', 'Rakukaja', 'Recarmdra', 'Counter', 'Wind Break']
['Mind Charge', 'Wind Amp', 'Counterstrike', 'Rakukaja', 'Wind Boost']
['Mind Charge', 'Rakukaja', 'Sharp Student', 'Wind Boost', 'Wind Amp']
['Salvation', 'Mahamaon', 'Wind Amp', 'Sharp Student', 'Tarukaja']
['Resist Dark', 'Mahamaon', 'Recarmdra', 'Mind Charge', 'Sharp Student']
['Dekaja', 'Wind Amp', 'Hamaon', 'Counterstrike', 'Sharp Student']
['Wind Boost', 'Resist Dark', 'Wind Break', 'Recarmdra', 'Counter']
['Tarukaja', 'Rakukaja', 'Mahamaon', 'Counter', 'Wind Amp']
['Dekaja', 'Rakukaja', 'Salvation', 'Wind Boost', 'Sharp Student']
['Rakukaja', 'Wind Boost', 'Wind Amp', 'Sharp Student', 'Hama Boost']
['Dekaja', 'Rakukaja', 'Wind Amp', 'Mind Charge', 'Tarukaja']
['Wind Break', 'Counter', 'Tarukaja', 'Mahamaon', 'Hamaon']
['Counterstrike', 'Resist Dark', 'Megido', 'Dekaja', 'Mahamaon']
['Counter', 'Dekaja', 'Resist Dark', 'Tarukaja', 'Mahamaon']
['Wind Boost', 'Counter', 'Rakukaja', 'Counterstrike', 'Mahamaon']
['Counterstrike', 'Hamaon', 'Rakukaja', 'Tarukaja', 'Wind Boost']
['Dekaja', 'Hamaon', 'Salvation', 'Wind Boost', 'Sharp Student']
['Resist Dark', 'Tarukaja', 'Counterstrike', 'Sharp Student', 'Wind Break']
['Dekaja', 'Rakukaja', 'Wind Boost', 'Recarmdra', 'Sharp Student']
['Wind Boost', 'Sharp Student', 'Wind Amp', 'Rakukaja', 'Mind Charge']
['Counter', 'Tarukaja', 'Rakukaja', 'Wind Break', 'Wind Amp']
['Tarukaja', 'Sharp Student', 'Salvation', 'Resist Dark', 'Counterstrike']
['Tarukaja', 'Dekaja', 'Wind Break', 'Mediarahan', 'Wind Boost']
['Mediarahan', 'Tarukaja', 'Wind Boost', 'Resist Dark', 'Counterstrike']
['Mahamaon', 'Rakukaja', 'Wind Boost', 'Sharp Student', 'Wind Break']
['Wind Amp', 'Mediarahan', 'Counter', 'Rakukaja', 'Wind Break']
['Wind Amp', 'Counterstrike', 'Tarukaja', 'Sharp Student', 'Mediarahan']
['Dekaja', 'Tarukaja', 'Wind Amp', 'Mahamaon', 'Wind Break']
['Rakukaja', 'Trafuri', 'Wind Amp', 'Hamaon', 'Sharp Student']
['Tarukaja', 'Wind Boost', 'Dekaja', 'Trafuri', 'Wind Break']
['Rakukaja', 'Wind Boost', 'Recarmdra', 'Hamaon', 'Mediarahan']
['Counter', 'Hamaon', 'Dekaja', 'Wind Boost', 'Rakukaja']
['Sharp Student', 'Counterstrike', 'Tarukaja', 'Hamaon', 'Rakukaja']
['Rakukaja', 'Tarukaja', 'Mind Charge', 'Trafuri', 'Wind Boost']
['Mahamaon', 'Sharp Student', 'Rakukaja', 'Tarukaja', 'Hamaon']
['Hama Boost', 'Wind Break', 'Sharp Student', 'Wind Amp', 'Trafuri']
['Wind Boost', 'Rakukaja', 'Hama Boost', 'Mind Charge', 'Counter']
['Hamaon', 'Tarukaja', 'Rakukaja', 'Mind Charge', 'Akasha Arts']
['Tarukaja', 'Mediarahan', 'Counterstrike', 'Dekaja', 'Wind Break']
['Rakukaja', 'Wind Break', 'Mediarahan', 'Wind Boost', 'Recarmdra']
['Counterstrike', 'Recarmdra', 'Tarukaja', 'Sharp Student', 'Dekaja']
['Wind Boost', 'Sharp Student', 'Mind Charge', 'Rakukaja', 'Wind Amp']
['Mahamaon', 'Salvation', 'Wind Amp', 'Tarukaja', 'Wind Boost']
['Hama Boost', 'Counterstrike', 'Sharp Student', 'Wind Amp', 'Wind Boost']
['Rakukaja', 'Counterstrike', 'Wind Break', 'Wind Amp', 'Sharp Student']
['Wind Boost', 'Rakukaja', 'Hama Boost', 'Sharp Student', 'Dekaja']
['Wind Amp', 'Hamaon', 'Rakukaja', 'Tarukaja', 'Counter']
['Tarukaja', 'Mind Charge', 'Wind Break', 'Hama Boost', 'Counter']
['Resist Dark', 'Rakukaja', 'Wind Amp', 'Hama Boost', 'Counterstrike']
['Wind Boost', 'Wind Amp', 'Rakukaja', 'Counterstrike', 'Hamaon']
['Mediarahan', 'Resist Dark', 'Mind Charge', 'Tarukaja', 'Rakukaja']
['Akasha Arts', 'Hamaon', 'Sharp Student', 'Salvation', 'Hama Boost']
['Sharp Student', 'Wind Boost', 'Tarukaja', 'Wind Break', 'Resist Dark']
['Mind Charge', 'Rakukaja', 'Counter', 'Hamaon', 'Wind Boost']
['Wind Break', 'Counter', 'Sharp Student', 'Recarmdra', 'Tarukaja']
['Sharp Student', 'Dekaja', 'Wind Break', 'Rakukaja', 'Trafuri']
['Dekaja', 'Akasha Arts', 'Rakukaja', 'Resist Dark', 'Hamaon']
['Counter', 'Dekaja', 'Wind Boost', 'Recarmdra', 'Wind Break']
['Wind Boost', 'Counter', 'Dekaja', 'Sharp Student', 'Rakukaja']
['Tarukaja', 'Hamaon', 'Mahamaon', 'Wind Boost', 'Rakukaja']
['Mind Charge', 'Rakukaja', 'Wind Boost', 'Wind Amp', 'Hama Boost']
['Megido', 'Tarukaja', 'Mediarahan', 'Akasha Arts', 'Mahamaon']
['Tarukaja', 'Hama Boost', 'Wind Boost', 'Resist Dark', 'Hamaon']
['Hama Boost', 'Counterstrike', 'Wind Amp', 'Mediarahan', 'Mahamaon']
['Tarukaja', 'Dekaja', 'Rakukaja', 'Mediarahan', 'Wind Boost']
['Mind Charge', 'Rakukaja', 'Tarukaja', 'Hamaon', 'Wind Break']
['Dekaja', 'Wind Boost', 'Counter', 'Recarmdra', 'Sharp Student']
['Wind Boost', 'Sharp Student', 'Mind Charge', 'Wind Break', 'Counterstrike']
['Dekaja', 'Trafuri', 'Counter', 'Wind Boost', 'Mind Charge']
['Tarukaja', 'Hama Boost', 'Resist Dark', 'Mind Charge', 'Wind Boost']
['Wind Boost', 'Trafuri', 'Wind Amp', 'Dekaja', 'Resist Dark']
['Rakukaja', 'Tarukaja', 'Counterstrike', 'Wind Boost', 'Wind Break']
['Wind Boost', 'Recarmdra', 'Rakukaja', 'Hamaon', 'Sharp Student']
['Megido', 'Hamaon', 'Wind Boost', 'Counterstrike', 'Tarukaja']
['Wind Break', 'Mahamaon', 'Salvation', 'Tarukaja', 'Akasha Arts']
['Wind Boost', 'Resist Dark', 'Counterstrike', 'Hama Boost', 'Rakukaja']
['Tarukaja', 'Hamaon', 'Mediarahan', 'Sharp Student', 'Resist Dark']
['Resist Dark', 'Trafuri', 'Counterstrike', 'Sharp Student', 'Salvation']
['Mahamaon', 'Tarukaja', 'Wind Amp', 'Wind Break', 'Recarmdra']
['Wind Boost', 'Wind Amp', 'Counter', 'Wind Break', 'Mediarahan']
['Mind Charge', 'Resist Dark', 'Counter', 'Rakukaja', 'Tarukaja']
['Wind Amp', 'Tarukaja', 'Mind Charge', 'Hama Boost', 'Rakukaja']
['Wind Boost', 'Wind Amp', 'Hamaon', 'Mahamaon', 'Tarukaja']
['Wind Boost', 'Tarukaja', 'Trafuri', 'Resist Dark', 'Mind Charge']
['Sharp Student', 'Wind Break', 'Tarukaja', 'Counterstrike', 'Wind Boost']
['Mind Charge', 'Wind Boost', 'Mahamaon', 'Rakukaja', 'Trafuri']
['Hama Boost', 'Sharp Student', 'Tarukaja', 'Megido', 'Hamaon']
['Hamaon', 'Mahamaon', 'Wind Boost', 'Tarukaja', 'Hama Boost']
['Wind Amp', 'Rakukaja', 'Sharp Student', 'Hama Boost', 'Mind Charge']
['Tarukaja', 'Wind Break', 'Sharp Student', 'Counter', 'Rakukaja']
['Mahamaon', 'Counterstrike', 'Wind Boost', 'Wind Break', 'Hamaon']
['Megido', 'Salvation', 'Rakukaja', 'Wind Boost', 'Resist Dark']
['Wind Boost', 'Mahamaon', 'Wind Amp', 'Wind Break', 'Mind Charge']
['Rakukaja', 'Wind Amp', 'Hamaon', 'Tarukaja', 'Wind Break']
['Mediarahan', 'Hama Boost', 'Wind Amp', 'Wind Boost', 'Mahamaon']
['Sharp Student', 'Dekaja', 'Wind Boost', 'Tarukaja', 'Mind Charge']
['Wind Amp', 'Dekaja', 'Wind Boost', 'Hamaon', 'Counter']
['Tarukaja', 'Rakukaja', 'Wind Boost', 'Sharp Student', 'Counter']
['Rakukaja', 'Sharp Student', 'Mind Charge', 'Hamaon', 'Counter']
['Megido', 'Tarukaja', 'Mahamaon', 'Mind Charge', 'Wind Boost']
['Hama Boost', 'Counterstrike', 'Resist Dark', 'Wind Boost', 'Tarukaja']
['Dekaja', 'Tarukaja', 'Mahamaon', 'Wind Amp', 'Wind Break']
['Counter', 'Wind Break', 'Dekaja', 'Tarukaja', 'Wind Boost']
['Rakukaja', 'Tarukaja', 'Counterstrike', 'Hama Boost', 'Counter']
['Tarukaja', 'Mind Charge', 'Dekaja', 'Hamaon', 'Wind Break']
['Resist Dark', 'Wind Break', 'Dekaja', 'Hama Boost', 'Tarukaja']
['Wind Amp', 'Trafuri', 'Counter', 'Tarukaja', 'Wind Boost']
['Wind Amp', 'Sharp Student', 'Mahamaon', 'Wind Boost', 'Mind Charge']
['Dekaja', 'Counterstrike', 'Counter', 'Recarmdra', 'Wind Break']
['Sharp Student', 'Hama Boost', 'Rakukaja', 'Counterstrike', 'Counter']
['Tarukaja', 'Resist Dark', 'Sharp Student', 'Mediarahan', 'Mind Charge']
['Recarmdra', 'Counterstrike', 'Rakukaja', 'Hamaon', 'Tarukaja']
['Tarukaja', 'Counter', 'Mahamaon', 'Sharp Student', 'Wind Boost']
['Rakukaja', 'Dekaja', 'Hama Boost', 'Salvation', 'Tarukaja']
['Dekaja', 'Hama Boost', 'Trafuri', 'Salvation', 'Counterstrike']
['Mahamaon', 'Counterstrike', 'Wind Boost', 'Counter', 'Resist Dark']
['Wind Boost', 'Wind Break', 'Sharp Student', 'Salvation', 'Wind Amp']
['Resist Dark', 'Tarukaja', 'Sharp Student', 'Wind Boost', 'Rakukaja']
['Wind Amp', 'Counterstrike', 'Wind Boost', 'Sharp Student', 'Hama Boost']
['Mahamaon', 'Recarmdra', 'Rakukaja', 'Tarukaja', 'Wind Boost']
['Wind Boost', 'Rakukaja', 'Sharp Student', 'Resist Dark', 'Mahamaon']
['Trafuri', 'Wind Amp', 'Hamaon', 'Wind Boost', 'Hama Boost']
['Dekaja', 'Trafuri', 'Wind Amp', 'Akasha Arts', 'Tarukaja']
['Tarukaja', 'Dekaja', 'Hamaon', 'Mind Charge', 'Wind Boost']
['Hamaon', 'Wind Boost', 'Resist Dark', 'Sharp Student', 'Tarukaja']
['Counter', 'Dekaja', 'Hamaon', 'Counterstrike', 'Rakukaja']
['Salvation', 'Wind Break', 'Rakukaja', 'Mahamaon', 'Megido']
['Hama Boost', 'Wind Amp', 'Resist Dark', 'Counterstrike', 'Mind Charge']
['Dekaja', 'Sharp Student', 'Recarmdra', 'Wind Break', 'Tarukaja']
['Counter', 'Resist Dark', 'Mind Charge', 'Wind Boost', 'Wind Break']
['Mahamaon', 'Mind Charge', 'Salvation', 'Rakukaja', 'Mediarahan']
['Sharp Student', 'Hamaon', 'Wind Boost', 'Counterstrike', 'Mind Charge']
['Rakukaja', 'Tarukaja', 'Mediarahan', 'Mahamaon', 'Counterstrike']
['Dekaja', 'Rakukaja', 'Mahamaon', 'Resist Dark', 'Wind Boost']
['Wind Amp', 'Wind Boost', 'Trafuri', 'Rakukaja', 'Sharp Student']
['Tarukaja', 'Mediarahan', 'Wind Amp', 'Hama Boost', 'Wind Boost']
['Wind Boost', 'Recarmdra', 'Hama Boost', 'Trafuri', 'Wind Break']
['Rakukaja', 'Hamaon', 'Trafuri', 'Wind Boost', 'Hama Boost']
['Wind Break', 'Hama Boost', 'Counterstrike', 'Counter', 'Sharp Student']
['Rakukaja', 'Wind Boost', 'Salvation', 'Wind Break', 'Mediarahan']
['Tarukaja', 'Wind Boost', 'Counterstrike', 'Resist Dark', 'Wind Break']
['Rakukaja', 'Recarmdra', 'Salvation', 'Mediarahan', 'Trafuri']
['Wind Boost', 'Hama Boost', 'Wind Break', 'Dekaja', 'Counter']
['Counter', 'Mind Charge', 'Counterstrike', 'Hama Boost', 'Tarukaja']
['Wind Amp', 'Rakukaja', "God's Hand", 'Mind Charge', 'Hama Boost']
['Rakukaja', 'Wind Amp', 'Salvation', 'Dekaja', "God's Hand"]
['Counter', 'Resist Dark', 'Hamaon', 'Recarmdra', 'Mahamaon']
['Wind Break', 'Tarukaja', 'Wind Boost', 'Mediarahan', 'Trafuri']
['Wind Boost', 'Counter', 'Sharp Student', 'Rakukaja', 'Mediarahan']
['Mind Charge', 'Tarukaja', 'Recarmdra', 'Wind Boost', 'Hamaon']
['Sharp Student', 'Wind Break', 'Mahamaon', 'Hama Boost', 'Counter']
['Rakukaja', 'Wind Amp', 'Wind Boost', 'Mind Charge', 'Counter']
['Sharp Student', 'Hamaon', 'Counterstrike', 'Tarukaja', 'Dekaja']
['Recarmdra', 'Rakukaja', 'Mind Charge', 'Counterstrike', 'Tarukaja']
['Rakukaja', 'Wind Boost', 'Tarukaja', 'Sharp Student', 'Mind Charge']
['Wind Amp', 'Tarukaja', 'Mind Charge', 'Counter', 'Rakukaja']
['Counter', 'Dekaja', 'Recarmdra', 'Wind Boost', 'Sharp Student']
['Mind Charge', 'Wind Break', 'Wind Boost', 'Resist Dark', 'Counter']
['Wind Boost', 'Tarukaja', 'Dekaja', 'Hamaon', 'Mind Charge']
['Mediarahan', 'Rakukaja', 'Counterstrike', 'Sharp Student', 'Hamaon']
['Recarmdra', 'Wind Amp', 'Salvation', 'Wind Boost', 'Resist Dark']
['Sharp Student', 'Counter', 'Tarukaja', 'Recarmdra', 'Trafuri']
['Mind Charge', 'Wind Boost', 'Hama Boost', 'Akasha Arts', 'Rakukaja']
['Salvation', 'Mahamaon', 'Mediarahan', 'Hama Boost', 'Hamaon']
['Wind Amp', 'Mind Charge', 'Recarmdra', 'Counter', 'Sharp Student']
['Tarukaja', 'Dekaja', 'Counter', 'Hama Boost', 'Resist Dark']
['Sharp Student', 'Counter', 'Counterstrike', 'Rakukaja', 'Wind Amp']
['Akasha Arts', 'Hamaon', 'Mind Charge', 'Mediarahan', 'Wind Boost']
['Tarukaja', 'Rakukaja', 'Mahamaon', 'Recarmdra', 'Dekaja']
['Rakukaja', 'Recarmdra', 'Sharp Student', 'Mahamaon', 'Wind Amp']
['Resist Dark', 'Tarukaja', 'Wind Boost', 'Hamaon', 'Mediarahan']
['Tarukaja', 'Akasha Arts', 'Rakukaja', 'Counter', 'Wind Break']
['Hamaon', 'Wind Boost', 'Wind Break', 'Hama Boost', 'Salvation']
['Tarukaja', 'Wind Amp', 'Wind Boost', 'Rakukaja', 'Dekaja']
['Wind Break', 'Wind Boost', 'Resist Dark', 'Megido', 'Counter']
['Trafuri', 'Mahamaon', 'Rakukaja', 'Mediarahan', "God's Hand"]
['Resist Dark', 'Mind Charge', 'Hama Boost', 'Wind Amp', 'Wind Boost']
['Wind Amp', 'Mahamaon', 'Counter', 'Counterstrike', 'Dekaja']
['Mind Charge', 'Rakukaja', 'Hamaon', 'Wind Boost', 'Hama Boost']
['Hamaon', 'Rakukaja', 'Hama Boost', 'Tarukaja', 'Wind Boost']
['Dekaja', 'Tarukaja', 'Trafuri', 'Hama Boost', 'Recarmdra']
['Wind Boost', 'Counterstrike', 'Wind Break', 'Counter', 'Tarukaja']
['Tarukaja', 'Mind Charge', 'Counter', 'Rakukaja', 'Mahamaon']
['Sharp Student', 'Salvation', 'Counterstrike', 'Hamaon', 'Mediarahan']
['Counterstrike', 'Wind Boost', 'Trafuri', 'Resist Dark', 'Rakukaja']
["God's Hand", 'Mediarahan', 'Tarukaja', 'Counterstrike', 'Salvation']
['Sharp Student', 'Rakukaja', 'Mind Charge', 'Wind Boost', 'Hama Boost']
['Wind Break', 'Rakukaja', 'Counter', 'Counterstrike', 'Tarukaja']
['Tarukaja', 'Wind Boost', 'Wind Amp', 'Hama Boost', 'Counter']
['Hamaon', 'Sharp Student', 'Salvation', 'Mind Charge', 'Mediarahan']
['Sharp Student', 'Rakukaja', 'Mind Charge', 'Tarukaja', 'Counter']
['Sharp Student', 'Rakukaja', 'Wind Break', 'Hama Boost', 'Wind Boost']
['Rakukaja', 'Wind Break', 'Wind Boost', 'Wind Amp', 'Recarmdra']
['Wind Amp', 'Rakukaja', 'Wind Boost', 'Mahamaon', 'Wind Break']
['Rakukaja', 'Counterstrike', 'Counter', 'Tarukaja', 'Wind Amp']
['Wind Break', 'Wind Boost', 'Recarmdra', 'Counterstrike', 'Rakukaja']
['Wind Amp', 'Recarmdra', 'Tarukaja', 'Sharp Student', 'Wind Boost']
['Hama Boost', 'Resist Dark', 'Recarmdra', 'Mediarahan', 'Tarukaja']
['Tarukaja', 'Resist Dark', 'Counter', 'Mahamaon', 'Hama Boost']
['Counterstrike', 'Trafuri', 'Wind Break', 'Tarukaja', 'Wind Boost']
['Counter', 'Wind Break', 'Akasha Arts', 'Wind Amp', 'Mahamaon']
['Dekaja', 'Counter', 'Rakukaja', 'Counterstrike', 'Tarukaja']
['Wind Break', 'Dekaja', 'Hamaon', 'Wind Boost', 'Rakukaja']
['Rakukaja', 'Hamaon', 'Hama Boost', 'Dekaja', 'Wind Amp']
['Tarukaja', 'Dekaja', 'Sharp Student', 'Counterstrike', 'Recarmdra']
['Sharp Student', 'Resist Dark', 'Hamaon', 'Dekaja', 'Counter']
['Counter', 'Mediarahan', 'Counterstrike', 'Hama Boost', 'Wind Amp']
['Resist Dark', 'Hamaon', 'Tarukaja', 'Wind Boost', 'Wind Amp']
['Mind Charge', 'Rakukaja', 'Hama Boost', 'Recarmdra', 'Wind Amp']
['Counter', 'Counterstrike', 'Wind Amp', 'Mind Charge', 'Rakukaja']
['Mahamaon', 'Tarukaja', 'Wind Break', 'Sharp Student', 'Hamaon']
['Tarukaja', 'Mind Charge', 'Hamaon', 'Rakukaja', 'Hama Boost']
['Counter', 'Wind Boost', 'Tarukaja', 'Hama Boost', 'Wind Break']
['Counterstrike', 'Mind Charge', 'Tarukaja', 'Wind Boost', 'Rakukaja']
['Mediarahan', 'Rakukaja', 'Resist Dark', 'Wind Boost', 'Trafuri']
['Trafuri', 'Resist Dark', 'Dekaja', 'Wind Amp', 'Wind Boost']
['Hama Boost', 'Rakukaja', 'Counter', 'Wind Amp', 'Sharp Student']
['Sharp Student', 'Rakukaja', 'Wind Amp', 'Wind Break', 'Resist Dark']
['Dekaja', 'Counter', 'Sharp Student', 'Counterstrike', 'Wind Boost']
['Rakukaja', 'Sharp Student', 'Trafuri', 'Tarukaja', 'Hamaon']
['Counter', 'Mahamaon', 'Rakukaja', 'Counterstrike', 'Wind Amp']
['Wind Break', 'Rakukaja', 'Mahamaon', 'Counterstrike', "God's Hand"]
['Dekaja', 'Sharp Student', 'Wind Break', 'Wind Boost', 'Resist Dark']
['Hamaon', 'Tarukaja', 'Wind Break', 'Hama Boost', 'Rakukaja']
['Tarukaja', 'Recarmdra', 'Wind Boost', 'Hamaon', 'Hama Boost']
['Trafuri', 'Tarukaja', 'Mind Charge', 'Counter', 'Counterstrike']
['Counter', 'Wind Amp', 'Counterstrike', 'Mahamaon', 'Trafuri']
['Mediarahan', 'Rakukaja', 'Mahamaon', 'Wind Amp', 'Salvation']
['Counterstrike', 'Tarukaja', 'Counter', 'Megido', 'Wind Amp']
['Rakukaja', 'Wind Boost', 'Counter', 'Tarukaja', 'Sharp Student']
['Rakukaja', 'Mediarahan', 'Resist Dark', 'Hama Boost', 'Sharp Student']
['Wind Break', 'Tarukaja', 'Wind Amp', 'Mediarahan', 'Dekaja']
['Sharp Student', 'Recarmdra', 'Counterstrike', 'Salvation', 'Tarukaja']
['Mind Charge', 'Resist Dark', 'Rakukaja', 'Dekaja', 'Sharp Student']
['Mind Charge', 'Tarukaja', 'Rakukaja', 'Wind Break', 'Trafuri']
['Wind Break', 'Resist Dark', 'Tarukaja', 'Counterstrike', 'Sharp Student']
['Sharp Student', 'Trafuri', 'Mediarahan', 'Wind Amp', 'Counterstrike']
['Wind Amp', 'Recarmdra', 'Tarukaja', 'Mahamaon', 'Mediarahan']
['Tarukaja', 'Mahamaon', 'Sharp Student', 'Counterstrike', 'Rakukaja']
['Recarmdra', 'Wind Amp', 'Wind Break', 'Sharp Student', 'Counter']
['Hamaon', 'Hama Boost', 'Mediarahan', 'Resist Dark', 'Counter']
['Counterstrike', 'Wind Boost', 'Recarmdra', 'Sharp Student', 'Wind Break']
['Resist Dark', 'Rakukaja', 'Hama Boost', 'Hamaon', 'Counterstrike']
['Counterstrike', 'Recarmdra', 'Hama Boost', 'Wind Boost', 'Wind Break']
['Rakukaja', 'Wind Break', 'Counterstrike', 'Mediarahan', 'Sharp Student']
['Recarmdra', 'Resist Dark', 'Tarukaja', 'Counter', 'Sharp Student']
['Trafuri', 'Mahamaon', 'Salvation', 'Tarukaja', 'Counter']
['Trafuri', 'Wind Boost', 'Mind Charge', 'Resist Dark', 'Rakukaja']
['Tarukaja', 'Hama Boost', 'Resist Dark', 'Sharp Student', 'Wind Amp']
['Rakukaja', 'Wind Amp', 'Mind Charge', 'Wind Break', 'Hamaon']
['Counterstrike', 'Rakukaja', 'Hamaon', 'Counter', 'Wind Boost']
['Sharp Student', 'Wind Boost', 'Wind Break', 'Hama Boost', 'Mediarahan']
['Wind Boost', 'Counterstrike', 'Resist Dark', 'Dekaja', 'Mahamaon']
['Trafuri', 'Rakukaja', 'Wind Boost', 'Wind Amp', 'Hamaon']
['Wind Boost', 'Mediarahan', 'Dekaja', 'Rakukaja', 'Recarmdra']
['Wind Amp', 'Wind Break', 'Mediarahan', 'Wind Boost', 'Hamaon']
['Counter', 'Rakukaja', 'Mahamaon', 'Tarukaja', 'Counterstrike']
['Mahamaon', 'Dekaja', 'Counter', 'Tarukaja', 'Trafuri']
['Hama Boost', 'Resist Dark', 'Mind Charge', 'Dekaja', 'Counter']
['Dekaja', 'Resist Dark', 'Rakukaja', 'Mind Charge', 'Wind Boost']
['Wind Amp', 'Trafuri', 'Tarukaja', 'Hama Boost', 'Resist Dark']
['Rakukaja', 'Trafuri', 'Tarukaja', 'Hama Boost', 'Counterstrike']
['Rakukaja', 'Mind Charge', 'Recarmdra', 'Counterstrike', 'Trafuri']
['Dekaja', 'Tarukaja', 'Resist Dark', 'Hama Boost', 'Wind Boost']
['Tarukaja', 'Wind Break', 'Mediarahan', 'Wind Amp', 'Counter']
['Counter', 'Wind Boost', 'Rakukaja', "God's Hand", 'Sharp Student']
['Mahamaon', 'Rakukaja', 'Resist Dark', 'Counter', 'Mind Charge']
['Rakukaja', 'Counter', 'Hamaon', 'Mind Charge', 'Wind Amp']
['Recarmdra', 'Dekaja', 'Wind Boost', 'Rakukaja', 'Sharp Student']
['Wind Boost', 'Counter', 'Hama Boost', 'Rakukaja', 'Recarmdra']
['Tarukaja', 'Counter', 'Wind Amp', 'Dekaja', 'Counterstrike']
['Hama Boost', 'Tarukaja', 'Hamaon', 'Mind Charge', 'Sharp Student']
['Mediarahan', 'Wind Amp', 'Sharp Student', 'Mahamaon', 'Resist Dark']
['Tarukaja', 'Hama Boost', 'Wind Amp', 'Akasha Arts', 'Dekaja']
['Hamaon', 'Mind Charge', 'Tarukaja', 'Salvation', 'Resist Dark']
['Sharp Student', 'Counterstrike', 'Counter', 'Mind Charge', 'Wind Boost']
['Mahamaon', 'Dekaja', 'Rakukaja', 'Tarukaja', 'Hamaon']
['Wind Amp', 'Counterstrike', 'Tarukaja', 'Dekaja', 'Rakukaja']
['Wind Boost', 'Dekaja', 'Trafuri', 'Rakukaja', 'Mind Charge']
['Rakukaja', 'Trafuri', 'Mind Charge', 'Tarukaja', 'Wind Amp']
['Wind Amp', 'Hama Boost', 'Hamaon', 'Resist Dark', 'Tarukaja']
['Hama Boost', 'Mind Charge', 'Wind Boost', 'Counterstrike', 'Tarukaja']
['Recarmdra', 'Wind Boost', 'Mahamaon', 'Wind Amp', 'Dekaja']
['Rakukaja', 'Mahamaon', 'Recarmdra', 'Mind Charge', 'Wind Amp']
['Wind Amp', 'Trafuri', 'Salvation', 'Hama Boost', 'Tarukaja']
['Rakukaja', 'Tarukaja', 'Mahamaon', 'Wind Boost', 'Salvation']
['Akasha Arts', 'Hama Boost', 'Mind Charge', 'Rakukaja', 'Mediarahan']
['Sharp Student', 'Wind Break', 'Wind Boost', 'Rakukaja', 'Resist Dark']
['Rakukaja', 'Tarukaja', 'Hama Boost', 'Sharp Student', 'Wind Boost']
['Counterstrike', 'Wind Amp', 'Akasha Arts', 'Mind Charge', 'Tarukaja']
['Wind Break', 'Tarukaja', 'Sharp Student', 'Dekaja', 'Hamaon']
['Sharp Student', 'Recarmdra', 'Counter', 'Hama Boost', 'Counterstrike']
['Rakukaja', 'Hamaon', 'Counterstrike', 'Mediarahan', 'Resist Dark']
['Salvation', 'Rakukaja', 'Wind Amp', 'Counterstrike', 'Akasha Arts']
['Counterstrike', 'Wind Break', 'Hamaon', 'Wind Boost', 'Wind Amp']
['Megido', 'Counterstrike', 'Mind Charge', 'Recarmdra', 'Dekaja']
['Wind Break', 'Tarukaja', 'Wind Boost', 'Counter', 'Mind Charge']
['Sharp Student', 'Wind Boost', 'Tarukaja', 'Dekaja', 'Rakukaja']
['Rakukaja', 'Sharp Student', 'Hama Boost', 'Mind Charge', 'Counter']
['Tarukaja', 'Hamaon', 'Dekaja', 'Wind Boost', 'Recarmdra']
['Mahamaon', 'Wind Amp', 'Hamaon', 'Tarukaja', 'Hama Boost']
['Counter', 'Mahamaon', 'Akasha Arts', 'Dekaja', 'Wind Boost']
['Recarmdra', 'Wind Amp', 'Tarukaja', 'Sharp Student', 'Resist Dark']
['Hamaon', 'Tarukaja', 'Wind Boost', 'Hama Boost', 'Dekaja']
['Wind Break', 'Mind Charge', 'Rakukaja', 'Counter', 'Hama Boost']
['Tarukaja', 'Counterstrike', 'Wind Boost', 'Wind Amp', 'Wind Break']
['Wind Boost', 'Tarukaja', 'Trafuri', 'Hama Boost', 'Counterstrike']
['Tarukaja', 'Wind Amp', 'Hama Boost', 'Trafuri', 'Wind Break']
['Wind Break', 'Trafuri', 'Wind Amp', 'Dekaja', 'Mahamaon']
['Mediarahan', 'Wind Boost', 'Rakukaja', 'Trafuri', 'Hama Boost']
['Hamaon', 'Dekaja', 'Tarukaja', 'Sharp Student', 'Mind Charge']
['Rakukaja', 'Wind Boost', 'Wind Amp', 'Mahamaon', 'Mind Charge']
['Salvation', 'Counterstrike', 'Tarukaja', 'Wind Break', 'Sharp Student']
['Counterstrike', 'Resist Dark', 'Wind Break', 'Hamaon', 'Mediarahan']
['Hama Boost', 'Counter', 'Rakukaja', 'Salvation', 'Wind Boost']
['Counterstrike', 'Wind Boost', 'Resist Dark', 'Hamaon', 'Wind Amp']
['Wind Break', 'Tarukaja', 'Mediarahan', 'Counter', 'Sharp Student']
['Tarukaja', 'Hama Boost', 'Rakukaja', 'Wind Amp', 'Counterstrike']
['Hamaon', 'Dekaja', 'Counter', 'Mahamaon', 'Wind Boost']
['Recarmdra', 'Counter', 'Megido', 'Hamaon', 'Hama Boost']
['Wind Amp', 'Tarukaja', 'Sharp Student', 'Rakukaja', 'Wind Break']
['Rakukaja', 'Resist Dark', 'Recarmdra', 'Sharp Student', 'Counter']
['Rakukaja', 'Wind Break', 'Tarukaja', 'Resist Dark', 'Sharp Student']
['Hama Boost', 'Recarmdra', 'Dekaja', 'Hamaon', 'Wind Boost']
['Tarukaja', 'Dekaja', 'Resist Dark', 'Rakukaja', 'Hama Boost']
['Hamaon', 'Counter', 'Tarukaja', 'Recarmdra', 'Hama Boost']
['Resist Dark', 'Hamaon', 'Wind Boost', 'Tarukaja', 'Sharp Student']
['Mahamaon', 'Wind Amp', 'Counter', 'Wind Boost', 'Tarukaja']
['Tarukaja', 'Wind Amp', 'Dekaja', 'Mind Charge', 'Hama Boost']
['Hama Boost', 'Wind Amp', 'Mind Charge', 'Tarukaja', 'Mediarahan']
['Salvation', 'Wind Boost', 'Wind Amp', 'Mediarahan', 'Sharp Student']
['Resist Dark', 'Wind Amp', 'Wind Boost', 'Hamaon', 'Mediarahan']
['Mahamaon', 'Sharp Student', 'Hama Boost', 'Hamaon', 'Tarukaja']
['Wind Boost', 'Resist Dark', 'Counterstrike', 'Mahamaon', 'Counter']
['Hama Boost', 'Rakukaja', 'Sharp Student', 'Hamaon', 'Dekaja']
['Tarukaja', 'Resist Dark', 'Rakukaja', 'Hama Boost', 'Wind Boost']
['Wind Boost', 'Dekaja', 'Resist Dark', 'Wind Break', 'Hama Boost']
['Wind Amp', 'Hama Boost', 'Wind Boost', 'Mahamaon', 'Salvation']
['Counterstrike', 'Hama Boost', 'Hamaon', 'Mediarahan', 'Megido']
['Wind Boost', 'Counter', 'Rakukaja', 'Tarukaja', 'Resist Dark']
['Resist Dark', 'Mahamaon', 'Tarukaja', 'Salvation', 'Wind Break']
['Mind Charge', 'Tarukaja', 'Counter', 'Counterstrike', 'Dekaja']
['Counterstrike', 'Rakukaja', 'Wind Boost', 'Hamaon', "God's Hand"]
['Hamaon', 'Mahamaon', 'Dekaja', 'Rakukaja', 'Tarukaja']
['Wind Boost', 'Counter', 'Hama Boost', 'Sharp Student', 'Megido']
['Resist Dark', 'Dekaja', 'Rakukaja', 'Tarukaja', 'Counter']
['Hamaon', 'Resist Dark', 'Wind Boost', 'Dekaja', 'Tarukaja']
['Hama Boost', 'Tarukaja', 'Counterstrike', 'Mahamaon', 'Wind Break']
['Sharp Student', 'Hamaon', 'Recarmdra', 'Mind Charge', 'Wind Boost']
['Sharp Student', 'Trafuri', 'Mind Charge', 'Dekaja', 'Wind Amp']
['Dekaja', 'Recarmdra', 'Hamaon', 'Wind Break', 'Sharp Student']
['Salvation', 'Mind Charge', 'Trafuri', 'Mediarahan', 'Tarukaja']
['Wind Amp', 'Resist Dark', 'Salvation', 'Counter', 'Megido']
['Tarukaja', 'Counter', 'Rakukaja', 'Mind Charge', 'Hama Boost']
['Rakukaja', 'Hamaon', 'Wind Amp', 'Tarukaja', 'Wind Boost']
['Hamaon', 'Sharp Student', 'Rakukaja', 'Wind Amp', 'Wind Boost']
['Hamaon', 'Trafuri', 'Hama Boost', 'Counterstrike', 'Counter']
['Wind Boost', 'Tarukaja', 'Hama Boost', 'Hamaon', 'Recarmdra']
['Tarukaja', 'Resist Dark', 'Mind Charge', 'Hamaon', 'Wind Break']
['Mahamaon', 'Counterstrike', 'Hamaon', 'Tarukaja', 'Mediarahan']
['Trafuri', 'Rakukaja', 'Sharp Student', 'Hama Boost', 'Tarukaja']
['Sharp Student', 'Counterstrike', 'Trafuri', 'Mind Charge', 'Resist Dark']
['Wind Amp', 'Dekaja', 'Tarukaja', 'Megido', 'Counter']
['Dekaja', 'Wind Amp', 'Wind Break', 'Sharp Student', 'Counterstrike']
['Tarukaja', 'Mediarahan', 'Wind Boost', 'Rakukaja', 'Wind Amp']
['Wind Boost', 'Tarukaja', 'Sharp Student', 'Hama Boost', 'Salvation']
['Salvation', 'Rakukaja', 'Sharp Student', 'Mahamaon', 'Wind Boost']
['Counter', 'Rakukaja', 'Wind Boost', 'Sharp Student', 'Hamaon']
['Hamaon', 'Recarmdra', 'Dekaja', 'Mind Charge', 'Rakukaja']
['Sharp Student', 'Rakukaja', 'Wind Amp', 'Wind Boost', 'Hamaon']
['Mahamaon', 'Sharp Student', 'Wind Boost', 'Wind Break', 'Wind Amp']
['Wind Boost', 'Recarmdra', 'Mediarahan', 'Sharp Student', 'Resist Dark']
['Mind Charge', 'Rakukaja', 'Wind Amp', 'Counter', 'Wind Boost']
['Resist Dark', 'Wind Boost', 'Rakukaja', 'Mind Charge', 'Wind Break']
['Trafuri', 'Rakukaja', 'Mind Charge', 'Counter', 'Wind Amp']
['Hamaon', 'Rakukaja', 'Wind Break', 'Wind Boost', 'Counterstrike']
['Sharp Student', 'Counter', 'Hama Boost', 'Mind Charge', 'Hamaon']
['Dekaja', 'Mind Charge', 'Sharp Student', 'Wind Boost', 'Wind Break']
['Sharp Student', 'Tarukaja', 'Hama Boost', 'Counter', 'Trafuri']
['Hama Boost', 'Wind Break', 'Wind Amp', 'Counterstrike', 'Wind Boost']
['Mediarahan', 'Tarukaja', 'Wind Break', 'Wind Boost', 'Rakukaja']
['Dekaja', 'Wind Boost', 'Sharp Student', 'Trafuri', 'Rakukaja']
['Dekaja', 'Counter', "God's Hand", 'Resist Dark', 'Wind Boost']
['Mediarahan', 'Sharp Student', 'Wind Boost', 'Counterstrike', 'Rakukaja']
['Sharp Student', 'Mind Charge', 'Wind Break', 'Wind Amp', 'Wind Boost']
['Mediarahan', 'Rakukaja', 'Hamaon', 'Counter', 'Recarmdra']
['Tarukaja', 'Counter', 'Wind Break', 'Mahamaon', 'Counterstrike']
['Hama Boost', 'Counter', 'Rakukaja', 'Mind Charge', 'Recarmdra']
['Counter', 'Hama Boost', 'Dekaja', 'Counterstrike', 'Tarukaja']
['Tarukaja', 'Hamaon', 'Wind Boost', 'Mind Charge', 'Rakukaja']
['Sharp Student', 'Wind Break', 'Tarukaja', 'Wind Amp', 'Counter']
['Tarukaja', 'Trafuri', 'Salvation', 'Wind Boost', 'Counterstrike']
['Rakukaja', 'Wind Break', 'Counter', 'Mediarahan', 'Recarmdra']
['Counter', 'Trafuri', 'Wind Amp', 'Rakukaja', 'Counterstrike']
['Wind Boost', 'Hama Boost', 'Counter', 'Sharp Student', 'Rakukaja']
['Mahamaon', 'Wind Boost', 'Counter', 'Rakukaja', 'Trafuri']
['Mind Charge', 'Resist Dark', 'Rakukaja', 'Hama Boost', 'Wind Amp']
['Trafuri', 'Hama Boost', 'Tarukaja', 'Wind Amp', 'Resist Dark']
['Wind Boost', 'Wind Break', 'Dekaja', 'Sharp Student', 'Counter']
['Wind Break', 'Tarukaja', 'Hama Boost', 'Wind Amp', 'Resist Dark']
['Sharp Student', 'Counterstrike', 'Wind Break', 'Counter', 'Wind Amp']
['Mahamaon', 'Counter', 'Hama Boost', 'Salvation', 'Resist Dark']
['Wind Boost', 'Hama Boost', 'Counter', 'Sharp Student', 'Trafuri']
['Tarukaja', 'Mind Charge', 'Wind Amp', 'Dekaja', 'Rakukaja']
['Sharp Student', 'Resist Dark', 'Counter', 'Wind Break', 'Wind Boost']
['Mahamaon', 'Rakukaja', 'Sharp Student', 'Wind Break', 'Mediarahan']
['Tarukaja', 'Wind Boost', 'Wind Break', 'Sharp Student', 'Counter']
['Sharp Student', 'Hamaon', 'Counterstrike', 'Tarukaja', 'Wind Break']
['Wind Break', 'Resist Dark', 'Sharp Student', 'Tarukaja', 'Rakukaja']
['Hama Boost', 'Dekaja', 'Wind Break', 'Wind Amp', 'Salvation']
['Counterstrike', 'Trafuri', 'Mind Charge', 'Wind Boost', 'Dekaja']
['Wind Boost', 'Sharp Student', 'Counter', 'Resist Dark', 'Counterstrike']
['Wind Break', 'Rakukaja', 'Mahamaon', 'Mind Charge', 'Tarukaja']
['Wind Break', 'Wind Boost', 'Recarmdra', 'Trafuri', 'Tarukaja']
['Tarukaja', 'Resist Dark', 'Mahamaon', 'Wind Amp', 'Wind Boost']
['Wind Amp', 'Wind Boost', 'Akasha Arts', 'Resist Dark', 'Wind Break']
['Tarukaja', 'Counterstrike', 'Mediarahan', 'Wind Boost', 'Sharp Student']
['Sharp Student', 'Tarukaja', 'Hama Boost', 'Recarmdra', 'Dekaja']
['Hama Boost', 'Tarukaja', 'Dekaja', 'Recarmdra', 'Resist Dark']
['Recarmdra', 'Hama Boost', 'Salvation', 'Counterstrike', 'Mahamaon']
['Dekaja', 'Mahamaon', 'Wind Amp', 'Wind Boost', 'Resist Dark']
['Mind Charge', 'Hamaon', 'Counterstrike', 'Resist Dark', 'Wind Break']
['Wind Amp', 'Hama Boost', 'Mediarahan', 'Sharp Student', 'Counter']
['Rakukaja', 'Tarukaja', 'Resist Dark', 'Counter', 'Wind Boost']
['Counterstrike', 'Mind Charge', 'Resist Dark', 'Rakukaja', 'Wind Amp']
['Wind Amp', 'Tarukaja', 'Mind Charge', 'Counter', 'Mahamaon']
['Tarukaja', 'Mediarahan', 'Hamaon', 'Wind Boost', 'Wind Break']
['Mediarahan', 'Recarmdra', 'Resist Dark', 'Mahamaon', 'Tarukaja']
['Rakukaja', 'Tarukaja', 'Counterstrike', 'Hamaon', 'Recarmdra']
['Rakukaja', 'Counterstrike', 'Mahamaon', 'Mediarahan', 'Tarukaja']
['Rakukaja', 'Wind Boost', 'Tarukaja', 'Megido', 'Sharp Student']
['Wind Break', 'Resist Dark', 'Wind Amp', 'Tarukaja', 'Wind Boost']
['Sharp Student', 'Trafuri', 'Dekaja', 'Wind Amp', 'Tarukaja']
['Counterstrike', 'Wind Boost', 'Wind Break', 'Rakukaja', 'Counter']
['Counter', 'Recarmdra', 'Salvation', 'Wind Break', 'Hamaon']
['Tarukaja', 'Wind Boost', 'Hama Boost', 'Sharp Student', 'Dekaja']
['Counter', 'Tarukaja', 'Wind Boost', 'Megido', 'Counterstrike']
['Dekaja', 'Rakukaja', 'Wind Boost', 'Tarukaja', 'Wind Break']
['Rakukaja', 'Mind Charge', 'Trafuri', 'Wind Boost', 'Mahamaon']
['Sharp Student', 'Salvation', 'Counter', 'Hamaon', 'Wind Boost']
['Rakukaja', 'Hamaon', 'Hama Boost', 'Counterstrike', 'Sharp Student']
['Hama Boost', 'Wind Boost', 'Rakukaja', 'Mahamaon', 'Recarmdra']
['Counter', 'Wind Boost', 'Sharp Student', 'Trafuri', 'Mediarahan']
['Recarmdra', 'Wind Break', 'Counterstrike', 'Hamaon', 'Wind Boost']
['Hama Boost', 'Recarmdra', 'Wind Boost', 'Rakukaja', 'Counter']
['Mahamaon', 'Hamaon', 'Hama Boost', 'Wind Boost', 'Sharp Student']
['Rakukaja', 'Salvation', 'Resist Dark', 'Hamaon', 'Wind Boost']
['Resist Dark', 'Hamaon', 'Counterstrike', 'Mind Charge', 'Rakukaja']
['Wind Boost', 'Resist Dark', 'Mediarahan', 'Mind Charge', 'Hamaon']
['Wind Amp', 'Tarukaja', 'Recarmdra', 'Sharp Student', 'Hama Boost']
['Wind Boost', 'Sharp Student', 'Tarukaja', 'Mind Charge', 'Dekaja']
['Wind Boost', 'Rakukaja', 'Dekaja', 'Trafuri', 'Wind Break']
['Dekaja', 'Sharp Student', 'Salvation', 'Rakukaja', 'Wind Amp']
['Hama Boost', 'Wind Boost', 'Tarukaja', 'Rakukaja', 'Dekaja']
['Dekaja', 'Rakukaja', 'Mind Charge', 'Tarukaja', 'Hama Boost']
['Tarukaja', 'Akasha Arts', 'Wind Break', 'Wind Boost', 'Hama Boost']
['Sharp Student', 'Hama Boost', 'Counter', 'Rakukaja', 'Wind Break']
['Wind Boost', 'Sharp Student', 'Counterstrike', 'Dekaja', 'Megido']
['Wind Boost', 'Counter', 'Wind Break', 'Resist Dark', 'Hamaon']
['Wind Break', 'Mind Charge', 'Counter', 'Tarukaja', 'Trafuri']
['Tarukaja', 'Hama Boost', 'Rakukaja', 'Wind Amp', 'Wind Boost']
['Hamaon', 'Counter', 'Wind Break', 'Recarmdra', 'Megido']
['Dekaja', 'Sharp Student', 'Resist Dark', 'Rakukaja', 'Recarmdra']
['Sharp Student', 'Tarukaja', 'Wind Boost', 'Resist Dark', 'Rakukaja']
['Counterstrike', 'Mahamaon', 'Counter', 'Resist Dark', 'Hama Boost']
['Rakukaja', 'Wind Break', 'Sharp Student', 'Counterstrike', 'Dekaja']
['Wind Boost', 'Resist Dark', 'Salvation', 'Rakukaja', 'Mahamaon']
['Dekaja', 'Hamaon', 'Mind Charge', 'Tarukaja', 'Wind Boost']
['Mahamaon', 'Wind Amp', 'Dekaja', 'Sharp Student', 'Tarukaja']
['Mind Charge', 'Wind Break', 'Hamaon', 'Wind Boost', 'Counterstrike']
['Wind Boost', 'Tarukaja', 'Rakukaja', 'Wind Amp', 'Dekaja']
['Trafuri', 'Tarukaja', 'Rakukaja', 'Wind Break', 'Counter']
['Rakukaja', 'Dekaja', 'Wind Boost', 'Mahamaon', 'Hama Boost']
['Rakukaja', 'Hamaon', 'Counterstrike', 'Mahamaon', 'Tarukaja']
['Wind Amp', 'Sharp Student', 'Wind Break', 'Mahamaon', 'Counterstrike']
['Rakukaja', 'Mahamaon', 'Wind Break', 'Wind Amp', 'Counter']
['Hamaon', 'Wind Boost', 'Akasha Arts', 'Rakukaja', 'Wind Break']
['Tarukaja', 'Wind Boost', 'Counter', 'Trafuri', 'Hama Boost']
['Mahamaon', 'Rakukaja', 'Counter', 'Dekaja', 'Hamaon']
['Counterstrike', 'Counter', 'Mind Charge', 'Salvation', 'Tarukaja']
['Mahamaon', 'Hama Boost', 'Sharp Student', 'Hamaon', 'Wind Boost']
['Rakukaja', 'Counterstrike', 'Counter', 'Wind Boost', 'Resist Dark']
['Rakukaja', 'Sharp Student', 'Tarukaja', 'Wind Boost', 'Wind Break']
['Mind Charge', 'Hamaon', 'Mahamaon', 'Wind Break', 'Mediarahan']
['Wind Boost', 'Rakukaja', 'Mind Charge', 'Tarukaja', 'Counter']
['Rakukaja', 'Tarukaja', 'Counter', 'Resist Dark', 'Mediarahan']
['Dekaja', 'Counter', 'Mind Charge', 'Tarukaja', 'Wind Boost']
['Mahamaon', 'Wind Boost', 'Counterstrike', 'Dekaja', 'Rakukaja']
['Recarmdra', 'Mahamaon', 'Wind Boost', 'Sharp Student', 'Trafuri']
['Rakukaja', 'Tarukaja', 'Counterstrike', 'Counter', 'Hamaon']
['Salvation', 'Hamaon', 'Rakukaja', 'Resist Dark', 'Wind Amp']
['Mediarahan', 'Rakukaja', 'Wind Amp', 'Wind Boost', 'Sharp Student']
['Mind Charge', 'Mahamaon', 'Wind Boost', 'Wind Break', 'Resist Dark']
['Counterstrike', 'Wind Boost', 'Recarmdra', 'Counter', 'Rakukaja']
['Tarukaja', 'Wind Boost', 'Rakukaja', 'Sharp Student', 'Hama Boost']
['Rakukaja', 'Counter', 'Salvation', 'Hamaon', 'Mind Charge']
['Resist Dark', 'Counter', 'Sharp Student', 'Wind Amp', 'Rakukaja']
['Tarukaja', 'Mahamaon', 'Hamaon', 'Mediarahan', 'Resist Dark']
['Salvation', 'Rakukaja', 'Tarukaja', 'Sharp Student', 'Wind Break']
['Wind Amp', 'Mahamaon', 'Wind Break', 'Wind Boost', 'Sharp Student']
['Wind Boost', 'Rakukaja', 'Hamaon', 'Dekaja', 'Hama Boost']
['Dekaja', 'Tarukaja', 'Wind Boost', 'Recarmdra', 'Rakukaja']
['Wind Break', 'Trafuri', 'Wind Boost', 'Sharp Student', 'Wind Amp']
['Wind Amp', 'Recarmdra', 'Wind Break', 'Tarukaja', 'Hamaon']
['Recarmdra', 'Counter', 'Wind Break', 'Tarukaja', 'Wind Amp']
['Hama Boost', 'Sharp Student', 'Counterstrike', 'Wind Amp', 'Counter']
['Wind Boost', 'Mind Charge', 'Dekaja', 'Mediarahan', 'Wind Amp']
['Dekaja', 'Mind Charge', 'Wind Amp', 'Wind Boost', 'Rakukaja']
['Wind Boost', 'Rakukaja', 'Hama Boost', 'Counter', 'Mind Charge']
['Wind Boost', 'Rakukaja', 'Resist Dark', "God's Hand", 'Mahamaon']
['Wind Amp', 'Counter', 'Recarmdra', 'Mind Charge', 'Counterstrike']
['Mahamaon', 'Wind Boost', 'Tarukaja', 'Resist Dark', 'Dekaja']
['Rakukaja', 'Wind Break', 'Mind Charge', 'Hamaon', 'Counterstrike']
['Mind Charge', 'Tarukaja', 'Dekaja', 'Wind Boost', 'Hamaon']
['Resist Dark', 'Wind Boost', 'Hama Boost', 'Wind Amp', 'Sharp Student']
['Hama Boost', 'Sharp Student', 'Wind Boost', 'Rakukaja', 'Counterstrike']
['Wind Break', 'Hama Boost', 'Counter', 'Recarmdra', 'Wind Boost']
['Hamaon', 'Dekaja', 'Sharp Student', 'Tarukaja', 'Resist Dark']
['Counter', 'Dekaja', 'Sharp Student', 'Wind Boost', 'Tarukaja']
['Rakukaja', 'Counter', 'Tarukaja', 'Resist Dark', 'Recarmdra']
['Mediarahan', 'Salvation', 'Mind Charge', 'Rakukaja', 'Wind Amp']
['Rakukaja', 'Mediarahan', 'Hamaon', 'Sharp Student', 'Counter']
['Hama Boost', 'Rakukaja', 'Mahamaon', 'Tarukaja', 'Wind Amp']
['Resist Dark', 'Wind Break', 'Rakukaja', 'Tarukaja', 'Recarmdra']
['Sharp Student', 'Hamaon', 'Wind Break', 'Hama Boost', 'Counterstrike']
['Tarukaja', 'Recarmdra', 'Sharp Student', 'Wind Amp', 'Mind Charge']
['Resist Dark', 'Wind Break', 'Hamaon', 'Mind Charge', 'Counter']
['Resist Dark', 'Counter', 'Rakukaja', 'Dekaja', 'Tarukaja']
['Resist Dark', 'Recarmdra', 'Rakukaja', 'Megido', 'Wind Boost']
['Rakukaja', 'Counter', 'Recarmdra', 'Counterstrike', 'Dekaja']
['Sharp Student', 'Rakukaja', 'Resist Dark', 'Hamaon', 'Counter']
["God's Hand", 'Sharp Student', 'Rakukaja', 'Tarukaja', 'Trafuri']
['Mind Charge', 'Rakukaja', 'Sharp Student', 'Counterstrike', 'Counter']
['Mahamaon', 'Hamaon', 'Trafuri', 'Megido', 'Wind Boost']
['Counterstrike', 'Wind Amp', 'Dekaja', 'Akasha Arts', 'Tarukaja']
['Wind Amp', 'Tarukaja', 'Dekaja', 'Sharp Student', 'Counter']
['Tarukaja', 'Hamaon', 'Wind Boost', 'Resist Dark', 'Mind Charge']
['Tarukaja', 'Counter', 'Wind Boost', 'Hama Boost', 'Rakukaja']
['Wind Break', 'Akasha Arts', 'Wind Boost', 'Counter', 'Counterstrike']
['Counterstrike', 'Resist Dark', 'Mind Charge', 'Mahamaon', 'Mediarahan']
['Rakukaja', "God's Hand", 'Wind Amp', 'Hama Boost', 'Dekaja']
['Hama Boost', 'Tarukaja', 'Rakukaja', 'Wind Boost', 'Wind Amp']
['Counterstrike', 'Resist Dark', 'Mind Charge', 'Hamaon', 'Dekaja']
['Tarukaja', 'Sharp Student', 'Wind Amp', 'Wind Boost', 'Counterstrike']
['Hamaon', 'Resist Dark', 'Hama Boost', 'Rakukaja', 'Mind Charge']
['Rakukaja', 'Tarukaja', 'Wind Boost', 'Mahamaon', 'Hamaon']
["God's Hand", 'Tarukaja', 'Wind Boost', 'Recarmdra', 'Hama Boost']
['Tarukaja', 'Salvation', 'Wind Amp', 'Wind Break', 'Rakukaja']
['Mahamaon', 'Sharp Student', 'Wind Break', 'Trafuri', 'Mediarahan']
['Hamaon', 'Recarmdra', 'Tarukaja', 'Wind Boost', 'Resist Dark']
['Wind Boost', 'Tarukaja', 'Counterstrike', 'Rakukaja', 'Wind Break']
['Mahamaon', 'Rakukaja', 'Mediarahan', 'Tarukaja', 'Salvation']
['Tarukaja', 'Mahamaon', 'Sharp Student', 'Wind Break', 'Wind Boost']
['Tarukaja', 'Resist Dark', 'Hamaon', 'Sharp Student', 'Trafuri']
['Resist Dark', 'Wind Boost', 'Mediarahan', 'Hama Boost', 'Counterstrike']
['Wind Amp', 'Hamaon', 'Mind Charge', 'Counter', 'Sharp Student']
['Counterstrike', 'Trafuri', 'Wind Amp', 'Recarmdra', 'Hamaon']
['Mediarahan', 'Dekaja', 'Mahamaon', 'Wind Amp', 'Recarmdra']
['Counterstrike', 'Wind Break', 'Wind Boost', 'Tarukaja', 'Dekaja']
['Hamaon', 'Wind Break', 'Sharp Student', 'Wind Boost', "God's Hand"]
['Wind Break', 'Mediarahan', 'Hama Boost', 'Counter', 'Sharp Student']
['Sharp Student', 'Dekaja', 'Wind Boost', 'Counter', 'Mahamaon']
['Mind Charge', 'Salvation', 'Tarukaja', 'Dekaja', 'Wind Amp']
['Wind Boost', 'Rakukaja', "God's Hand", 'Counter', 'Hama Boost']
['Rakukaja', 'Hamaon', 'Trafuri', 'Counter', 'Resist Dark']
['Counter', 'Hamaon', 'Hama Boost', 'Wind Boost', 'Resist Dark']
['Wind Amp', 'Rakukaja', 'Resist Dark', 'Sharp Student', 'Wind Break']
['Wind Break', 'Wind Boost', 'Trafuri', 'Mediarahan', 'Hama Boost']
['Mind Charge', 'Megido', 'Wind Amp', 'Tarukaja', 'Counterstrike']
["God's Hand", 'Wind Boost', 'Mind Charge', 'Tarukaja', 'Recarmdra']
['Salvation', 'Hama Boost', 'Mind Charge', 'Wind Amp', 'Wind Boost']
['Hama Boost', 'Dekaja', 'Mind Charge', 'Tarukaja', 'Wind Break']
['Resist Dark', 'Counterstrike', 'Recarmdra', 'Hamaon', 'Wind Break']
['Wind Amp', 'Sharp Student', 'Rakukaja', 'Recarmdra', 'Wind Boost']
['Resist Dark', 'Wind Boost', 'Wind Break', 'Rakukaja', 'Mediarahan']
['Sharp Student', 'Wind Break', 'Hamaon', 'Rakukaja', 'Dekaja']
['Hamaon', 'Recarmdra', 'Wind Break', 'Tarukaja', 'Sharp Student']
['Mediarahan', 'Hama Boost', 'Rakukaja', 'Wind Amp', 'Mind Charge']
['Rakukaja', 'Wind Amp', 'Wind Boost', 'Hama Boost', 'Resist Dark']
['Resist Dark', 'Counterstrike', 'Sharp Student', 'Recarmdra', 'Counter']
['Resist Dark', 'Tarukaja', 'Counter', 'Wind Boost', 'Hama Boost']
['Trafuri', 'Rakukaja', 'Tarukaja', 'Wind Boost', 'Mahamaon']
['Mahamaon', 'Dekaja', 'Rakukaja', 'Tarukaja', 'Salvation']
['Wind Boost', 'Recarmdra', 'Tarukaja', 'Sharp Student', 'Rakukaja']
['Dekaja', 'Wind Boost', 'Trafuri', 'Rakukaja', 'Hamaon']
['Resist Dark', 'Wind Break', 'Wind Boost', 'Sharp Student', 'Tarukaja']
['Resist Dark', 'Hama Boost', 'Megido', 'Recarmdra', 'Rakukaja']
['Counter', 'Resist Dark', 'Hama Boost', 'Counterstrike', 'Hamaon']
['Wind Amp', 'Wind Break', 'Wind Boost', 'Counter', 'Tarukaja']
['Rakukaja', 'Mind Charge', 'Wind Boost', 'Hama Boost', 'Resist Dark']
['Wind Amp', 'Mind Charge', 'Resist Dark', 'Counterstrike', 'Wind Break']
['Counter', 'Wind Break', 'Salvation', 'Tarukaja', 'Rakukaja']
['Megido', 'Wind Boost', 'Rakukaja', 'Counter', 'Trafuri']
['Counter', 'Wind Amp', 'Recarmdra', 'Mediarahan', 'Counterstrike']
['Hama Boost', 'Rakukaja', 'Mahamaon', 'Counterstrike', 'Recarmdra']
['Rakukaja', 'Wind Boost', 'Hamaon', 'Counter', 'Wind Break']
['Wind Boost', 'Recarmdra', 'Mediarahan', 'Counter', 'Tarukaja']
['Hama Boost', 'Wind Boost', 'Counter', 'Tarukaja', 'Mahamaon']
['Hamaon', 'Counter', 'Wind Amp', 'Wind Boost', 'Rakukaja']
['Mediarahan', 'Rakukaja', 'Recarmdra', 'Dekaja', 'Tarukaja']
['Wind Boost', 'Hama Boost', 'Rakukaja', 'Counter', 'Sharp Student']
['Recarmdra', 'Hamaon', 'Trafuri', 'Rakukaja', 'Counterstrike']
['Recarmdra', 'Mind Charge', 'Hama Boost', 'Wind Amp', 'Counter']
['Mahamaon', 'Wind Break', 'Wind Boost', 'Counter', 'Trafuri']
['Resist Dark', 'Wind Boost', 'Dekaja', 'Mahamaon', 'Tarukaja']
['Mahamaon', 'Dekaja', 'Counter', 'Sharp Student', 'Wind Boost']
['Recarmdra', 'Tarukaja', 'Rakukaja', 'Wind Boost', 'Wind Amp']
['Hamaon', 'Mahamaon', 'Tarukaja', 'Resist Dark', 'Wind Break']
['Wind Amp', 'Salvation', 'Resist Dark', 'Mediarahan', 'Recarmdra']
['Resist Dark', 'Dekaja', 'Mediarahan', 'Trafuri', 'Recarmdra']
['Rakukaja', 'Wind Break', 'Counterstrike', 'Trafuri', 'Wind Amp']
['Tarukaja', 'Sharp Student', 'Wind Boost', 'Counterstrike', 'Hama Boost']
['Resist Dark', 'Mind Charge', 'Hamaon', 'Mahamaon', 'Mediarahan']
['Recarmdra', 'Mind Charge', 'Hamaon', 'Tarukaja', 'Mediarahan']
['Counter', 'Dekaja', 'Sharp Student', 'Tarukaja', 'Rakukaja']
['Mahamaon', 'Wind Amp', 'Dekaja', 'Wind Boost', 'Wind Break']
['Rakukaja', 'Dekaja', 'Wind Amp', 'Wind Boost', 'Wind Break']
['Hama Boost', 'Rakukaja', 'Counterstrike', 'Sharp Student', 'Resist Dark']
['Mediarahan', 'Tarukaja', 'Sharp Student', 'Rakukaja', 'Counter']
['Counterstrike', 'Hamaon', 'Sharp Student', 'Rakukaja', 'Wind Boost']
['Sharp Student', 'Salvation', 'Rakukaja', 'Tarukaja', 'Wind Amp']
['Tarukaja', 'Resist Dark', 'Wind Boost', 'Mediarahan', 'Counterstrike']
['Tarukaja', 'Counterstrike', 'Resist Dark', 'Mind Charge', 'Counter']
['Wind Boost', 'Resist Dark', 'Wind Amp', 'Dekaja', 'Counter']
['Dekaja', 'Wind Amp', 'Rakukaja', 'Tarukaja', 'Counter']
['Sharp Student', 'Wind Boost', 'Hama Boost', 'Rakukaja', 'Dekaja']
['Recarmdra', 'Rakukaja', 'Hama Boost', 'Sharp Student', 'Tarukaja']
['Trafuri', 'Sharp Student', 'Hama Boost', 'Tarukaja', 'Mind Charge']
['Mind Charge', 'Tarukaja', 'Counter', 'Rakukaja', 'Sharp Student']
['Mind Charge', 'Mahamaon', 'Tarukaja', 'Wind Amp', 'Counterstrike']
['Salvation', 'Counterstrike', 'Wind Amp', 'Dekaja', 'Mind Charge']
['Hama Boost', 'Wind Boost', 'Rakukaja', 'Counterstrike', 'Resist Dark']
['Wind Amp', 'Dekaja', 'Counter', 'Megido', 'Recarmdra']
['Rakukaja', 'Trafuri', 'Mind Charge', 'Wind Boost', 'Sharp Student']
['Tarukaja', 'Counterstrike', 'Sharp Student', 'Wind Boost', 'Dekaja']
['Sharp Student', 'Mind Charge', 'Counterstrike', 'Rakukaja', 'Hamaon']
['Tarukaja', 'Wind Amp', 'Counter', 'Hamaon', 'Mediarahan']
['Wind Break', 'Tarukaja', 'Salvation', 'Rakukaja', 'Mediarahan']
['Wind Boost', 'Hamaon', 'Counterstrike', 'Mahamaon', 'Hama Boost']
['Wind Boost', 'Tarukaja', 'Rakukaja', 'Resist Dark', 'Wind Break']
['Mahamaon', 'Rakukaja', 'Wind Amp', 'Sharp Student', 'Hamaon']
['Tarukaja', 'Mind Charge', 'Resist Dark', 'Wind Boost', 'Counter']
['Tarukaja', 'Counter', 'Mediarahan', 'Mind Charge', 'Recarmdra']
['Wind Break', 'Rakukaja', 'Hamaon', 'Tarukaja', 'Mind Charge']
['Rakukaja', 'Hamaon', 'Tarukaja', 'Dekaja', 'Trafuri']
['Mind Charge', 'Dekaja', 'Wind Boost', 'Salvation', 'Recarmdra']
['Rakukaja', 'Resist Dark', 'Tarukaja', 'Dekaja', 'Counter']
['Hama Boost', 'Wind Boost', 'Tarukaja', 'Wind Break', 'Resist Dark']
['Resist Dark', 'Sharp Student', 'Tarukaja', 'Counter', 'Counterstrike']
['Megido', 'Dekaja', 'Counter', 'Hama Boost', 'Counterstrike']
['Wind Amp', 'Rakukaja', 'Tarukaja', 'Wind Boost', 'Mahamaon']
['Sharp Student', 'Akasha Arts', 'Resist Dark', 'Wind Boost', 'Rakukaja']
['Wind Break', 'Sharp Student', 'Wind Boost', 'Mind Charge', 'Hamaon']
['Wind Boost', 'Wind Break', 'Tarukaja', 'Hamaon', 'Rakukaja']
['Rakukaja', 'Mahamaon', 'Wind Amp', 'Salvation', 'Wind Boost']
['Tarukaja', 'Sharp Student', 'Wind Amp', 'Salvation', 'Wind Break']
['Hama Boost', 'Wind Boost', 'Counterstrike', 'Counter', 'Tarukaja']
['Hama Boost', 'Tarukaja', 'Hamaon', 'Megido', 'Counter']
['Mediarahan', 'Trafuri', 'Rakukaja', 'Wind Break', 'Wind Amp']
['Mind Charge', 'Wind Boost', 'Rakukaja', 'Wind Break', 'Hamaon']
['Trafuri', 'Resist Dark', 'Recarmdra', 'Rakukaja', 'Counter']
['Wind Amp', 'Wind Boost', 'Rakukaja', 'Tarukaja', 'Hama Boost']
['Wind Break', 'Hama Boost', 'Counterstrike', 'Sharp Student', 'Wind Boost']
['Counter', 'Hamaon', 'Mediarahan', 'Megido', 'Mahamaon']
['Rakukaja', 'Resist Dark', 'Tarukaja', 'Salvation', 'Wind Boost']
['Tarukaja', 'Dekaja', 'Resist Dark', 'Wind Boost', 'Recarmdra']
['Wind Boost', 'Rakukaja', 'Sharp Student', 'Counter', 'Counterstrike']
['Wind Amp', 'Dekaja', 'Rakukaja', 'Hamaon', 'Wind Break']
['Tarukaja', 'Trafuri', 'Hamaon', 'Rakukaja', 'Salvation']
['Rakukaja', 'Counter', 'Wind Break', 'Tarukaja', 'Trafuri']
['Tarukaja', 'Dekaja', 'Sharp Student', 'Counter', 'Wind Amp']
['Rakukaja', 'Resist Dark', 'Wind Boost', 'Hama Boost', 'Counterstrike']
['Mahamaon', 'Mediarahan', 'Rakukaja', 'Dekaja', 'Wind Amp']
