['Bufula', 'Auto-Rakukaja', 'Poison Arrow', 'Wind Amp']
['Auto-Rakukaja', 'Me Patra', 'Wind Boost', 'Resist Strike']
['Mamudo', 'Wind Boost', 'Auto-Rakukaja', 'Bufula']
['Mamudo', 'Wind Boost', 'Mudo', 'Bufula']
['Bufula', 'Sukunda', 'Invigorate 3', 'Dekunda']
['Sukunda', 'Bufula', 'Mudo', 'Null Distress']
['Bufula', 'Mudo', 'Wind Boost', 'Recarmdra']
['Bufula', 'Me Patra', 'Mudo', 'Wind Boost']
['Bufula', 'Mamudo', 'Auto-Rakukaja', 'Wind Boost']
['Sukunda', 'Bufula', 'Mudo', 'Absorb Strike']
['Wind Boost', 'Bufula', 'Auto-Rakukaja', 'Mudo']
['Mamudo', 'Bufula', 'Auto-Rakukaja', 'Sukunda']
['Bufula', 'Null Distress', 'Mudo', 'Wind Boost']
['Wind Boost', 'Bufula', 'Sukunda', 'Wind Amp']
['Resist Strike', 'Sukunda', 'Bufula', 'Invigorate 3']
['Bufula', 'Resist Strike', 'Wind Boost', 'Null Distress']
['Mudo', 'Recarmdra', 'Bufula', 'Mamudo']
['Bufula', 'Mamudo', 'Me Patra', 'Recarmdra']
['Mudo', 'Bufula', 'Sukunda', 'Resist Strike']
['Bufula', 'Mudo', 'Recarmdra', 'Auto-Rakukaja']
['Bufula', 'Mudo', 'Me Patra', 'Mamudo']
['Mudo', 'Wind Amp', 'Mamudo', 'Bufula']
['Bufula', 'Wind Boost', 'Invigorate 3', 'Sukunda']
['Wind Boost', 'Mamudo', 'Bufula', 'Null Distress']
['Wind Boost', 'Absorb Strike', 'Herculean Strike', 'Bufula']
['Bufula', 'Invigorate 3', 'Wind Amp', 'Resist Strike']
['Bufula', 'Mudo', 'Me Patra', 'Wind Amp']
['Wind Amp', 'Dekunda', 'Bufula', 'Auto-Rakukaja']
['Auto-Rakukaja', 'Bufula', 'Mamudo', 'Wind Amp']
['Bufula', 'Mamudo', 'Wind Boost', 'Invigorate 3']
['Mudo', 'Poison Arrow', 'Bufula', 'Mamudo']
['Wind Boost', 'Null Distress', 'Auto-Rakukaja', 'Bufula']
['Bufula', 'Null Distress', 'Me Patra', 'Sukunda']
['Wind Boost', 'Sukunda', 'Dekunda', 'Bufula']
['Bufula', 'Wind Boost', 'Mamudo', 'Dekunda']
['Bufula', 'Wind Boost', 'Sukunda', 'Dekunda']
['Bufula', 'Resist Strike', 'Mudo', 'Wind Amp']
['Invigorate 3', 'Bufula', 'Me Patra', 'Mudo']
['Invigorate 3', 'Bufula', 'Sukunda', 'Wind Boost']
['Mudo', 'Resist Strike', 'Bufula', 'Wind Amp']
['Sukunda', 'Bufula', 'Mamudo', 'Wind Boost']
['Wind Boost', 'Bufula', 'Mamudo', 'Me Patra']
['Null Distress', 'Mamudo', 'Bufula', 'Wind Boost']
['Dekunda', 'Bufula', 'Absorb Strike', 'Invigorate 3']
['Resist Strike', 'Null Distress', 'Auto-Rakukaja', 'Bufula']
['Bufula', 'Dekunda', 'Invigorate 3', 'Wind Amp']
['Recarmdra', 'Mudo', 'Null Distress', 'Bufula']
['Bufula', 'Wind Boost', 'Wind Amp', 'Sukunda']
['Me Patra', 'Bufula', 'Null Distress', 'Mamudo']
['Dekunda', 'Auto-Rakukaja', 'Mudo', 'Bufula']
['Me Patra', 'Bufula', 'Absorb Strike', 'Null Distress']
['Mudo', 'Sukunda', 'Dekunda', 'Absorb Strike']
['Auto-Rakukaja', 'Bufula', 'Dekunda', 'Me Patra']
['Wind Amp', 'Null Distress', 'Resist Strike', 'Mamudo']
['Auto-Rakukaja', 'Bufula', 'Wind Amp', 'Recarmdra']
['Bufula', 'Absorb Strike', 'Resist Strike', 'Auto-Rakukaja']
['Bufula', 'Wind Boost', 'Null Distress', 'Resist Strike']
['Bufula', 'Auto-Rakukaja', 'Invigorate 3', 'Mudo']
['Bufula', 'Mamudo', 'Sukunda', 'Recarmdra']
['Bufula', 'Sukunda', 'Wind Boost', 'Absorb Strike']
['Resist Strike', 'Mudo', 'Bufula', 'Mamudo']
['Recarmdra', 'Mudo', 'Wind Amp', 'Null Distress']
['Bufula', 'Me Patra', 'Absorb Strike', 'Sukunda']
['Bufula', 'Mudo', 'Mamudo', 'Invigorate 3']
['Primal Force', 'Mamudo', 'Bufula', 'Mudo']
['Bufula', 'Sukunda', 'Mamudo', 'Absorb Strike']
['Mudo', 'Bufula', 'Sukunda', 'Wind Amp']
['Bufula', 'Sukunda', 'Wind Amp', 'Mamudo']
['Wind Amp', 'Bufula', 'Invigorate 3', 'Null Distress']
['Bufula', 'Auto-Rakukaja', 'Invigorate 3', 'Mamudo']
['Mudo', 'Wind Amp', 'Bufula', 'Mamudo']
['Invigorate 3', 'Absorb Strike', 'Null Distress', 'Mudo']
['Mudo', 'Wind Amp', 'Bufula', 'Wind Boost']
['Bufula', 'Wind Amp', 'Sukunda', 'Wind Boost']
['Resist Strike', 'Null Distress', 'Wind Amp', 'Bufula']
['Resist Strike', 'Bufula', 'Mudo', 'Absorb Strike']
['Bufula', 'Sukunda', 'Wind Boost', 'Auto-Rakukaja']
['Resist Strike', 'Sukunda', 'Bufula', 'Absorb Strike']
['Bufula', 'Wind Boost', 'Sukunda', 'Absorb Strike']
['Bufula', 'Mamudo', 'Absorb Strike', 'Null Distress']
['Recarmdra', 'Me Patra', 'Bufula', 'Invigorate 3']
['Bufula', 'Mudo', 'Absorb Strike', 'Auto-Rakukaja']
['Mudo', 'Wind Boost', 'Resist Strike', 'Me Patra']
['Wind Boost', 'Recarmdra', 'Auto-Rakukaja', 'Herculean Strike']
['Wind Boost', 'Auto-Rakukaja', 'Null Distress', 'Bufula']
['Bufula', 'Wind Boost', 'Mudo', 'Me Patra']
['Bufula', 'Mamudo', 'Invigorate 3', 'Sukunda']
['Wind Boost', 'Bufula', 'Resist Strike', 'Wind Amp']
['Mudo', 'Null Distress', 'Recarmdra', 'Mamudo']
['Sukunda', 'Recarmdra', 'Wind Boost', 'Me Patra']
['Bufula', 'Mudo', 'Me Patra', 'Sukunda']
['Recarmdra', 'Dekunda', 'Bufula', 'Wind Boost']
['Mudo', 'Bufula', 'Wind Amp', 'Dekunda']
['Wind Boost', 'Bufula', 'Me Patra', 'Sukunda']
['Mamudo', 'Wind Amp', 'Dekunda', 'Wind Boost']
['Invigorate 3', 'Bufula', 'Auto-Rakukaja', 'Wind Boost']
['Invigorate 3', 'Bufula', 'Wind Boost', 'Sukunda']
['Wind Boost', 'Bufula', 'Wind Amp', 'Mudo']
['Poison Arrow', 'Wind Amp', 'Resist Strike', 'Bufula']
['Bufula', 'Dekunda', 'Mamudo', 'Resist Strike']
['Wind Amp', 'Me Patra', 'Wind Boost', 'Absorb Strike']
['Wind Amp', 'Sukunda', 'Bufula', 'Resist Strike']
['Wind Boost', 'Sukunda', 'Bufula', 'Auto-Rakukaja']
['Wind Amp', 'Resist Strike', 'Bufula', 'Mudo']
['Bufula', 'Me Patra', 'Wind Boost', 'Auto-Rakukaja']
['Wind Boost', 'Mudo', 'Bufula', 'Auto-Rakukaja']
['Sukunda', 'Bufula', 'Herculean Strike', 'Auto-Rakukaja']
['Sukunda', 'Mamudo', 'Mudo', 'Bufula']
['Me Patra', 'Bufula', 'Resist Strike', 'Mamudo']
['Sukunda', 'Bufula', 'Resist Strike', 'Auto-Rakukaja']
['Mudo', 'Primal Force', 'Wind Boost', 'Bufula']
['Mudo', 'Bufula', 'Me Patra', 'Sukunda']
['Wind Amp', 'Mamudo', 'Invigorate 3', 'Bufula']
['Wind Amp', 'Bufula', 'Wind Boost', 'Mudo']
['Me Patra', 'Bufula', 'Wind Boost', 'Auto-Rakukaja']
['Resist Strike', 'Bufula', 'Sukunda', 'Mudo']
['Bufula', 'Dekunda', 'Mamudo', 'Wind Amp']
['Mamudo', 'Myriad Arrows', 'Sukunda', 'Wind Boost']
['Wind Amp', 'Null Distress', 'Bufula', 'Resist Strike']
['Sukunda', 'Bufula', 'Dekunda', 'Primal Force']
['Wind Boost', 'Bufula', 'Sukunda', 'Auto-Rakukaja']
['Mamudo', 'Auto-Rakukaja', 'Bufula', 'Mudo']
['Mudo', 'Bufula', 'Wind Boost', 'Null Distress']
['Bufula', 'Mudo', 'Wind Amp', 'Wind Boost']
['Bufula', 'Auto-Rakukaja', 'Dekunda', 'Recarmdra']
['Bufula', 'Resist Strike', 'Absorb Strike', 'Mamudo']
['Bufula', 'Primal Force', 'Herculean Strike', 'Me Patra']
['Me Patra', 'Mudo', 'Wind Boost', 'Bufula']
['Herculean Strike', 'Invigorate 3', 'Mamudo', 'Me Patra']
['Sukunda', 'Wind Boost', 'Bufula', 'Dekunda']
['Bufula', 'Null Distress', 'Wind Boost', 'Mamudo']
['Sukunda', 'Resist Strike', 'Auto-Rakukaja', 'Wind Boost']
['Mudo', 'Wind Amp', 'Bufula', 'Wind Boost']
['Null Distress', 'Wind Boost', 'Bufula', 'Dekunda']
['Bufula', 'Sukunda', 'Absorb Strike', 'Wind Boost']
['Me Patra', 'Wind Boost', 'Mudo', 'Dekunda']
['Dekunda', 'Wind Boost', 'Auto-Rakukaja', 'Wind Amp']
['Bufula', 'Resist Strike', 'Me Patra', 'Dekunda']
['Wind Boost', 'Invigorate 3', 'Bufula', 'Sukunda']
['Bufula', 'Recarmdra', 'Sukunda', 'Mudo']
['Null Distress', 'Mudo', 'Bufula', 'Wind Amp']
['Auto-Rakukaja', 'Bufula', 'Wind Boost', 'Primal Force']
['Bufula', 'Mamudo', 'Sukunda', 'Resist Strike']
['Bufula', 'Wind Boost', 'Sukunda', 'Recarmdra']
['Me Patra', 'Mudo', 'Recarmdra', 'Bufula']
['Bufula', 'Resist Strike', 'Myriad Arrows', 'Mamudo']
['Absorb Strike', 'Bufula', 'Wind Boost', 'Auto-Rakukaja']
['Bufula', 'Mudo', 'Me Patra', 'Mamudo']
['Sukunda', 'Bufula', 'Auto-Rakukaja', 'Myriad Arrows']
['Bufula', 'Mudo', 'Recarmdra', 'Sukunda']
['Bufula', 'Sukunda', 'Wind Amp', 'Invigorate 3']
['Dekunda', 'Wind Amp', 'Wind Boost', 'Myriad Arrows']
['Bufula', 'Wind Amp', 'Dekunda', 'Wind Boost']
['Wind Boost', 'Bufula', 'Dekunda', 'Mudo']
['Wind Boost', 'Resist Strike', 'Bufula', 'Mamudo']
['Bufula', 'Dekunda', 'Wind Boost', 'Mudo']
['Sukunda', 'Bufula', 'Mudo', 'Resist Strike']
['Dekunda', 'Wind Boost', 'Mudo', 'Bufula']
['Bufula', 'Mamudo', 'Mudo', 'Absorb Strike']
['Mudo', 'Bufula', 'Recarmdra', 'Sukunda']
['Mudo', 'Bufula', 'Wind Amp', 'Me Patra']
['Bufula', 'Dekunda', 'Me Patra', 'Resist Strike']
['Bufula', 'Sukunda', 'Me Patra', 'Mudo']
['Wind Boost', 'Auto-Rakukaja', 'Invigorate 3', 'Mudo']
['Auto-Rakukaja', 'Invigorate 3', 'Sukunda', 'Bufula']
['Bufula', 'Invigorate 3', 'Me Patra', 'Wind Amp']
['Bufula', 'Wind Amp', 'Dekunda', 'Mamudo']
['Mudo', 'Wind Boost', 'Bufula', 'Me Patra']
['Me Patra', 'Wind Boost', 'Absorb Strike', 'Mudo']
['Dekunda', 'Invigorate 3', 'Bufula', 'Wind Boost']
['Sukunda', 'Mudo', 'Bufula', 'Resist Strike']
['Bufula', 'Sukunda', 'Mudo', 'Me Patra']
['Mudo', 'Wind Boost', 'Bufula', 'Poison Arrow']
['Bufula', 'Recarmdra', 'Resist Strike', 'Wind Boost']
['Bufula', 'Me Patra', 'Poison Arrow', 'Invigorate 3']
['Bufula', 'Null Distress', 'Sukunda', 'Auto-Rakukaja']
['Bufula', 'Sukunda', 'Mudo', 'Wind Amp']
['Auto-Rakukaja', 'Sukunda', 'Mamudo', 'Bufula']
['Sukunda', 'Mamudo', 'Dekunda', 'Wind Boost']
['Bufula', 'Mamudo', 'Wind Amp', 'Me Patra']
['Invigorate 3', 'Bufula', 'Recarmdra', 'Wind Boost']
['Auto-Rakukaja', 'Bufula', 'Me Patra', 'Dekunda']
['Bufula', 'Mudo', 'Wind Amp', 'Auto-Rakukaja']
['Sukunda', 'Me Patra', 'Wind Amp', 'Mudo']
['Me Patra', 'Bufula', 'Wind Boost', 'Dekunda']
['Bufula', 'Null Distress', 'Sukunda', 'Me Patra']
['Me Patra', 'Bufula', 'Mamudo', 'Mudo']
['Bufula', 'Wind Boost', 'Dekunda', 'Myriad Arrows']
['Herculean Strike', 'Wind Amp', 'Bufula', 'Mudo']
['Mamudo', 'Bufula', 'Me Patra', 'Dekunda']
['Bufula', 'Auto-Rakukaja', 'Mudo', 'Invigorate 3']
['Mudo', 'Bufula', 'Mamudo', 'Absorb Strike']
['Bufula', 'Dekunda', 'Absorb Strike', 'Auto-Rakukaja']
['Mamudo', 'Recarmdra', 'Bufula', 'Mudo']
['Absorb Strike', 'Bufula', 'Me Patra', 'Wind Amp']
['Wind Boost', 'Mudo', 'Auto-Rakukaja', 'Bufula']
['Bufula', 'Wind Amp', 'Auto-Rakukaja', 'Mamudo']
['Bufula', 'Dekunda', 'Mudo', 'Sukunda']
['Dekunda', 'Mamudo', 'Bufula', 'Resist Strike']
['Auto-Rakukaja', 'Bufula', 'Dekunda', 'Null Distress']
['Sukunda', 'Bufula', 'Auto-Rakukaja', 'Mamudo']
['Mudo', 'Me Patra', 'Bufula', 'Dekunda']
['Bufula', 'Auto-Rakukaja', 'Wind Boost', 'Resist Strike']
['Resist Strike', 'Mudo', 'Bufula', 'Wind Amp']
['Me Patra', 'Mudo', 'Recarmdra', 'Bufula']
['Bufula', 'Mamudo', 'Sukunda', 'Wind Boost']
['Auto-Rakukaja', 'Sukunda', 'Mudo', 'Recarmdra']
['Dekunda', 'Mudo', 'Sukunda', 'Poison Arrow']
['Absorb Strike', 'Resist Strike', 'Null Distress', 'Bufula']
['Bufula', 'Sukunda', 'Me Patra', 'Absorb Strike']
['Recarmdra', 'Bufula', 'Wind Amp', 'Wind Boost']
['Bufula', 'Mudo', 'Sukunda', 'Mamudo']
['Wind Amp', 'Auto-Rakukaja', 'Sukunda', 'Bufula']
['Mudo', 'Myriad Arrows', 'Sukunda', 'Bufula']
['Auto-Rakukaja', 'Bufula', 'Resist Strike', 'Myriad Arrows']
['Bufula', 'Mudo', 'Sukunda', 'Wind Boost']
['Wind Boost', 'Sukunda', 'Bufula', 'Me Patra']
['Bufula', 'Myriad Arrows', 'Sukunda', 'Wind Amp']
['Bufula', 'Sukunda', 'Mamudo', 'Auto-Rakukaja']
['Bufula', 'Absorb Strike', 'Wind Amp', 'Sukunda']
['Herculean Strike', 'Wind Boost', 'Sukunda', 'Bufula']
['Me Patra', 'Bufula', 'Auto-Rakukaja', 'Null Distress']
['Bufula', 'Sukunda', 'Mudo', 'Absorb Strike']
['Bufula', 'Null Distress', 'Auto-Rakukaja', 'Wind Amp']
['Wind Amp', 'Wind Boost', 'Bufula', 'Null Distress']
['Bufula', 'Dekunda', 'Mudo', 'Resist Strike']
['Bufula', 'Sukunda', 'Wind Boost', 'Invigorate 3']
['Sukunda', 'Bufula', 'Absorb Strike', 'Mudo']
['Bufula', 'Wind Amp', 'Dekunda', 'Null Distress']
['Poison Arrow', 'Bufula', 'Mudo', 'Mamudo']
['Mamudo', 'Bufula', 'Sukunda', 'Invigorate 3']
['Bufula', 'Mudo', 'Auto-Rakukaja', 'Mamudo']
['Bufula', 'Invigorate 3', 'Sukunda', 'Wind Amp']
['Bufula', 'Wind Amp', 'Sukunda', 'Auto-Rakukaja']
['Bufula', 'Dekunda', 'Recarmdra', 'Wind Amp']
['Bufula', 'Recarmdra', 'Auto-Rakukaja', 'Wind Boost']
['Bufula', 'Auto-Rakukaja', 'Resist Strike', 'Absorb Strike']
['Bufula', 'Me Patra', 'Mudo', 'Sukunda']
['Me Patra', 'Bufula', 'Herculean Strike', 'Wind Amp']
['Mudo', 'Null Distress', 'Mamudo', 'Dekunda']
['Me Patra', 'Recarmdra', 'Bufula', 'Invigorate 3']
['Wind Boost', 'Me Patra', 'Wind Amp', 'Bufula']
['Bufula', 'Mamudo', 'Resist Strike', 'Primal Force']
['Bufula', 'Wind Amp', 'Invigorate 3', 'Recarmdra']
['Mudo', 'Bufula', 'Me Patra', 'Herculean Strike']
['Bufula', 'Sukunda', 'Wind Boost', 'Absorb Strike']
['Invigorate 3', 'Bufula', 'Dekunda', 'Resist Strike']
['Sukunda', 'Absorb Strike', 'Wind Amp', 'Bufula']
['Wind Amp', 'Mudo', 'Bufula', 'Wind Boost']
['Bufula', 'Mudo', 'Wind Boost', 'Wind Amp']
['Bufula', 'Wind Boost', 'Resist Strike', 'Dekunda']
['Recarmdra', 'Bufula', 'Wind Boost', 'Dekunda']
['Wind Boost', 'Bufula', 'Mamudo', 'Null Distress']
['Me Patra', 'Bufula', 'Invigorate 3', 'Recarmdra']
['Sukunda', 'Mudo', 'Bufula', 'Null Distress']
['Bufula', 'Resist Strike', 'Wind Boost', 'Herculean Strike']
['Dekunda', 'Wind Boost', 'Me Patra', 'Bufula']
['Bufula', 'Resist Strike', 'Null Distress', 'Me Patra']
['Mudo', 'Wind Boost', 'Invigorate 3', 'Dekunda']
['Bufula', 'Mamudo', 'Absorb Strike', 'Null Distress']
['Bufula', 'Mamudo', 'Mudo', 'Sukunda']
['Invigorate 3', 'Mamudo', 'Bufula', 'Mudo']
['Wind Boost', 'Bufula', 'Sukunda', 'Mudo']
['Bufula', 'Resist Strike', 'Wind Amp', 'Null Distress']
['Bufula', 'Wind Amp', 'Mamudo', 'Wind Boost']
['Bufula', 'Absorb Strike', 'Mamudo', 'Null Distress']
['Resist Strike', 'Bufula', 'Mamudo', 'Sukunda']
['Me Patra', 'Bufula', 'Dekunda', 'Wind Boost']
['Bufula', 'Auto-Rakukaja', 'Dekunda', 'Wind Amp']
['Auto-Rakukaja', 'Bufula', 'Mamudo', 'Wind Boost']
['Bufula', 'Recarmdra', 'Mamudo', 'Sukunda']
['Bufula', 'Recarmdra', 'Absorb Strike', 'Dekunda']
['Bufula', 'Wind Amp', 'Resist Strike', 'Null Distress']
['Me Patra', 'Wind Amp', 'Bufula', 'Dekunda']
['Recarmdra', 'Invigorate 3', 'Auto-Rakukaja', 'Mudo']
['Dekunda', 'Bufula', 'Mudo', 'Sukunda']
['Bufula', 'Mudo', 'Dekunda', 'Poison Arrow']
['Wind Amp', 'Auto-Rakukaja', 'Mamudo', 'Dekunda']
['Bufula', 'Sukunda', 'Mudo', 'Mamudo']
['Dekunda', 'Bufula', 'Wind Boost', 'Invigorate 3']
['Sukunda', 'Bufula', 'Null Distress', 'Wind Amp']
['Mudo', 'Bufula', 'Me Patra', 'Sukunda']
['Auto-Rakukaja', 'Wind Boost', 'Bufula', 'Sukunda']
['Mudo', 'Wind Amp', 'Wind Boost', 'Bufula']
['Me Patra', 'Sukunda', 'Mamudo', 'Bufula']
['Mudo', 'Me Patra', 'Wind Boost', 'Bufula']
['Null Distress', 'Wind Boost', 'Me Patra', 'Bufula']
['Invigorate 3', 'Bufula', 'Wind Boost', 'Wind Amp']
['Wind Boost', 'Mudo', 'Bufula', 'Wind Amp']
['Recarmdra', 'Bufula', 'Resist Strike', 'Dekunda']
['Me Patra', 'Bufula', 'Dekunda', 'Wind Boost']
['Bufula', 'Wind Amp', 'Recarmdra', 'Me Patra']
['Wind Boost', 'Sukunda', 'Bufula', 'Auto-Rakukaja']
['Sukunda', 'Null Distress', 'Bufula', 'Mudo']
['Wind Boost', 'Wind Amp', 'Bufula', 'Auto-Rakukaja']
['Auto-Rakukaja', 'Bufula', 'Absorb Strike', 'Me Patra']
['Absorb Strike', 'Bufula', 'Mudo', 'Mamudo']
['Auto-Rakukaja', 'Null Distress', 'Bufula', 'Resist Strike']
['Bufula', 'Dekunda', 'Mamudo', 'Auto-Rakukaja']
['Me Patra', 'Wind Boost', 'Auto-Rakukaja', 'Bufula']
['Bufula', 'Mamudo', 'Absorb Strike', 'Resist Strike']
['Recarmdra', 'Bufula', 'Sukunda', 'Auto-Rakukaja']
['Bufula', 'Wind Amp', 'Resist Strike', 'Mamudo']
['Null Distress', 'Bufula', 'Dekunda', 'Mudo']
['Bufula', 'Sukunda', 'Dekunda', 'Mamudo']
['Poison Arrow', 'Bufula', 'Wind Boost', 'Mudo']
['Dekunda', 'Wind Amp', 'Bufula', 'Mamudo']
['Bufula', 'Resist Strike', 'Wind Boost', 'Herculean Strike']
['Bufula', 'Sukunda', 'Wind Boost', 'Primal Force']
['Invigorate 3', 'Bufula', 'Wind Boost', 'Wind Amp']
['Invigorate 3', 'Bufula', 'Resist Strike', 'Sukunda']
['Resist Strike', 'Dekunda', 'Auto-Rakukaja', 'Bufula']
['Recarmdra', 'Bufula', 'Me Patra', 'Mamudo']
['Bufula', 'Sukunda', 'Mudo', 'Mamudo']
['Bufula', 'Mudo', 'Mamudo', 'Dekunda']
['Me Patra', 'Bufula', 'Null Distress', 'Recarmdra']
['Absorb Strike', 'Bufula', 'Me Patra', 'Wind Boost']
['Auto-Rakukaja', 'Bufula', 'Dekunda', 'Wind Boost']
['Bufula', 'Resist Strike', 'Recarmdra', 'Invigorate 3']
['Bufula', 'Mudo', 'Sukunda', 'Resist Strike']
['Auto-Rakukaja', 'Resist Strike', 'Dekunda', 'Bufula']
['Bufula', 'Dekunda', 'Mudo', 'Sukunda']
['Recarmdra', 'Me Patra', 'Bufula', 'Null Distress']
['Bufula', 'Auto-Rakukaja', 'Wind Boost', 'Me Patra']
['Bufula', 'Invigorate 3', 'Wind Boost', 'Recarmdra']
['Bufula', 'Wind Boost', 'Sukunda', 'Wind Amp']
['Mudo', 'Bufula', 'Invigorate 3', 'Sukunda']
['Wind Boost', 'Bufula', 'Null Distress', 'Mudo']
['Me Patra', 'Invigorate 3', 'Mudo', 'Absorb Strike']
['Dekunda', 'Sukunda', 'Bufula', 'Mudo']
['Resist Strike', 'Invigorate 3', 'Sukunda', 'Bufula']
['Absorb Strike', 'Dekunda', 'Bufula', 'Wind Boost']
['Wind Boost', 'Mamudo', 'Bufula', 'Auto-Rakukaja']
['Bufula', 'Resist Strike', 'Absorb Strike', 'Auto-Rakukaja']
['Null Distress', 'Wind Boost', 'Wind Amp', 'Dekunda']
['Sukunda', 'Bufula', 'Dekunda', 'Auto-Rakukaja']
['Bufula', 'Mamudo', 'Absorb Strike', 'Auto-Rakukaja']
['Bufula', 'Sukunda', 'Mamudo', 'Auto-Rakukaja']
['Sukunda', 'Bufula', 'Me Patra', 'Mamudo']
['Bufula', 'Invigorate 3', 'Dekunda', 'Mamudo']
['Bufula', 'Mudo', 'Null Distress', 'Auto-Rakukaja']
['Absorb Strike', 'Mudo', 'Bufula', 'Mamudo']
['Wind Boost', 'Bufula', 'Mudo', 'Mamudo']
['Mudo', 'Bufula', 'Herculean Strike', 'Invigorate 3']
['Bufula', 'Wind Boost', 'Wind Amp', 'Me Patra']
['Bufula', 'Absorb Strike', 'Mudo', 'Wind Boost']
['Bufula', 'Wind Boost', 'Invigorate 3', 'Mudo']
['Mamudo', 'Bufula', 'Invigorate 3', 'Auto-Rakukaja']
['Bufula', 'Dekunda', 'Mudo', 'Recarmdra']
['Bufula', 'Sukunda', 'Me Patra', 'Mudo']
['Wind Boost', 'Bufula', 'Me Patra', 'Dekunda']
['Auto-Rakukaja', 'Wind Boost', 'Bufula', 'Herculean Strike']
['Invigorate 3', 'Bufula', 'Sukunda', 'Wind Boost']
['Bufula', 'Mudo', 'Sukunda', 'Me Patra']
['Mudo', 'Dekunda', 'Resist Strike', 'Sukunda']
['Mudo', 'Dekunda', 'Bufula', 'Wind Boost']
['Auto-Rakukaja', 'Me Patra', 'Bufula', 'Dekunda']
['Bufula', 'Null Distress', 'Dekunda', 'Poison Arrow']
['Wind Boost', 'Auto-Rakukaja', 'Bufula', 'Mudo']
['Bufula', 'Mudo', 'Auto-Rakukaja', 'Resist Strike']
['Bufula', 'Wind Boost', 'Sukunda', 'Wind Amp']
['Mudo', 'Poison Arrow', 'Null Distress', 'Dekunda']
['Bufula', 'Null Distress', 'Auto-Rakukaja', 'Wind Boost']
['Me Patra', 'Bufula', 'Sukunda', 'Mudo']
['Bufula', 'Mudo', 'Wind Amp', 'Resist Strike']
['Bufula', 'Herculean Strike', 'Sukunda', 'Wind Amp']
['Resist Strike', 'Auto-Rakukaja', 'Mudo', 'Sukunda']
['Dekunda', 'Wind Boost', 'Auto-Rakukaja', 'Sukunda']
['Bufula', 'Me Patra', 'Auto-Rakukaja', 'Invigorate 3']
['Sukunda', 'Bufula', 'Poison Arrow', 'Wind Boost']
['Recarmdra', 'Bufula', 'Me Patra', 'Resist Strike']
['Bufula', 'Wind Amp', 'Resist Strike', 'Auto-Rakukaja']
['Bufula', 'Invigorate 3', 'Myriad Arrows', 'Mamudo']
['Null Distress', 'Sukunda', 'Bufula', 'Resist Strike']
['Bufula', 'Sukunda', 'Myriad Arrows', 'Wind Boost']
['Bufula', 'Resist Strike', 'Me Patra', 'Sukunda']
['Recarmdra', 'Bufula', 'Resist Strike', 'Mudo']
['Bufula', 'Me Patra', 'Invigorate 3', 'Sukunda']
['Dekunda', 'Me Patra', 'Mudo', 'Bufula']
['Wind Boost', 'Bufula', 'Auto-Rakukaja', 'Wind Amp']
['Bufula', 'Mamudo', 'Dekunda', 'Wind Boost']
['Wind Boost', 'Sukunda', 'Bufula', 'Mudo']
['Bufula', 'Null Distress', 'Absorb Strike', 'Invigorate 3']
['Me Patra', 'Wind Amp', 'Dekunda', 'Bufula']
['Bufula', 'Wind Amp', 'Mamudo', 'Invigorate 3']
['Wind Amp', 'Wind Boost', 'Me Patra', 'Bufula']
['Sukunda', 'Auto-Rakukaja', 'Bufula', 'Mudo']
['Sukunda', 'Resist Strike', 'Wind Boost', 'Bufula']
['Bufula', 'Mudo', 'Resist Strike', 'Recarmdra']
['Wind Amp', 'Bufula', 'Mamudo', 'Sukunda']
['Absorb Strike', 'Me Patra', 'Bufula', 'Sukunda']
['Mudo', 'Me Patra', 'Bufula', 'Mamudo']
['Me Patra', 'Wind Boost', 'Recarmdra', 'Null Distress']
['Sukunda', 'Null Distress', 'Bufula', 'Dekunda']
['Bufula', 'Sukunda', 'Invigorate 3', 'Wind Boost']
['Bufula', 'Herculean Strike', 'Resist Strike', 'Absorb Strike']
['Bufula', 'Wind Boost', 'Invigorate 3', 'Myriad Arrows']
['Auto-Rakukaja', 'Bufula', 'Invigorate 3', 'Absorb Strike']
['Me Patra', 'Recarmdra', 'Sukunda', 'Mudo']
['Recarmdra', 'Wind Amp', 'Dekunda', 'Wind Boost']
['Bufula', 'Recarmdra', 'Absorb Strike', 'Dekunda']
['Dekunda', 'Auto-Rakukaja', 'Me Patra', 'Bufula']
['Mudo', 'Wind Boost', 'Dekunda', 'Bufula']
['Wind Amp', 'Auto-Rakukaja', 'Bufula', 'Dekunda']
['Wind Boost', 'Me Patra', 'Wind Amp', 'Mamudo']
['Sukunda', 'Mudo', 'Invigorate 3', 'Bufula']
['Bufula', 'Mudo', 'Wind Amp', 'Auto-Rakukaja']
['Bufula', 'Mamudo', 'Me Patra', 'Wind Amp']
['Bufula', 'Mudo', 'Sukunda', 'Mamudo']
['Bufula', 'Dekunda', 'Invigorate 3', 'Sukunda']
['Sukunda', 'Auto-Rakukaja', 'Me Patra', 'Mudo']
['Sukunda', 'Bufula', 'Auto-Rakukaja', 'Wind Boost']
['Bufula', 'Resist Strike', 'Dekunda', 'Wind Amp']
['Resist Strike', 'Bufula', 'Invigorate 3', 'Me Patra']
['Bufula', 'Mamudo', 'Me Patra', 'Wind Boost']
['Bufula', 'Mamudo', 'Mudo', 'Recarmdra']
['Bufula', 'Mamudo', 'Wind Amp', 'Mudo']
['Me Patra', 'Dekunda', 'Mudo', 'Bufula']
['Wind Boost', 'Mudo', 'Invigorate 3', 'Bufula']
['Mudo', 'Wind Amp', 'Bufula', 'Me Patra']
['Bufula', 'Null Distress', 'Mamudo', 'Wind Boost']
['Resist Strike', 'Invigorate 3', 'Me Patra', 'Bufula']
['Bufula', 'Wind Amp', 'Mudo', 'Me Patra']
['Wind Boost', 'Me Patra', 'Bufula', 'Mudo']
['Bufula', 'Auto-Rakukaja', 'Invigorate 3', 'Sukunda']
['Sukunda', 'Bufula', 'Me Patra', 'Auto-Rakukaja']
['Invigorate 3', 'Mudo', 'Sukunda', 'Bufula']
['Bufula', 'Auto-Rakukaja', 'Null Distress', 'Mudo']
['Bufula', 'Invigorate 3', 'Resist Strike', 'Wind Boost']
['Me Patra', 'Herculean Strike', 'Bufula', 'Sukunda']
['Invigorate 3', 'Mamudo', 'Bufula', 'Me Patra']
['Sukunda', 'Mudo', 'Bufula', 'Wind Boost']
['Dekunda', 'Null Distress', 'Wind Amp', 'Bufula']
['Dekunda', 'Bufula', 'Sukunda', 'Invigorate 3']
['Dekunda', 'Bufula', 'Null Distress', 'Me Patra']
['Bufula', 'Mamudo', 'Wind Amp', 'Dekunda']
['Dekunda', 'Auto-Rakukaja', 'Mudo', 'Mamudo']
['Bufula', 'Wind Boost', 'Auto-Rakukaja', 'Sukunda']
['Bufula', 'Auto-Rakukaja', 'Dekunda', 'Invigorate 3']
['Bufula', 'Mudo', 'Wind Amp', 'Dekunda']
['Mamudo', 'Null Distress', 'Me Patra', 'Wind Boost']
['Resist Strike', 'Me Patra', 'Bufula', 'Wind Boost']
['Bufula', 'Wind Boost', 'Mamudo', 'Auto-Rakukaja']
['Resist Strike', 'Null Distress', 'Bufula', 'Wind Boost']
['Wind Amp', 'Mudo', 'Bufula', 'Dekunda']
['Bufula', 'Wind Amp', 'Wind Boost', 'Recarmdra']
['Null Distress', 'Bufula', 'Auto-Rakukaja', 'Dekunda']
['Bufula', 'Auto-Rakukaja', 'Null Distress', 'Recarmdra']
['Bufula', 'Wind Boost', 'Sukunda', 'Me Patra']
['Bufula', 'Wind Amp', 'Sukunda', 'Mamudo']
['Bufula', 'Dekunda', 'Absorb Strike', 'Sukunda']
['Bufula', 'Dekunda', 'Mamudo', 'Null Distress']
['Me Patra', 'Sukunda', 'Wind Boost', 'Invigorate 3']
['Wind Boost', 'Null Distress', 'Resist Strike', 'Bufula']
['Mudo', 'Wind Boost', 'Bufula', 'Mamudo']
['Bufula', 'Auto-Rakukaja', 'Mudo', 'Recarmdra']
['Wind Boost', 'Bufula', 'Me Patra', 'Mamudo']
['Recarmdra', 'Resist Strike', 'Auto-Rakukaja', 'Dekunda']
['Bufula', 'Wind Boost', 'Dekunda', 'Auto-Rakukaja']
['Wind Amp', 'Poison Arrow', 'Sukunda', 'Bufula']
['Bufula', 'Wind Amp', 'Wind Boost', 'Mudo']
['Bufula', 'Mudo', 'Wind Amp', 'Recarmdra']
['Mudo', 'Bufula', 'Sukunda', 'Absorb Strike']
['Auto-Rakukaja', 'Invigorate 3', 'Poison Arrow', 'Me Patra']
['Bufula', 'Auto-Rakukaja', 'Null Distress', 'Me Patra']
['Me Patra', 'Bufula', 'Auto-Rakukaja', 'Dekunda']
['Dekunda', 'Resist Strike', 'Null Distress', 'Wind Boost']
['Bufula', 'Resist Strike', 'Invigorate 3', 'Wind Boost']
['Bufula', 'Wind Boost', 'Resist Strike', 'Wind Amp']
['Bufula', 'Invigorate 3', 'Dekunda', 'Null Distress']
['Dekunda', 'Auto-Rakukaja', 'Bufula', 'Mudo']
['Mamudo', 'Bufula', 'Auto-Rakukaja', 'Resist Strike']
['Wind Boost', 'Bufula', 'Me Patra', 'Dekunda']
['Sukunda', 'Bufula', 'Dekunda', 'Mudo']
['Dekunda', 'Bufula', 'Wind Amp', 'Mamudo']
['Bufula', 'Wind Amp', 'Me Patra', 'Sukunda']
['Sukunda', 'Bufula', 'Mudo', 'Null Distress']
['Mudo', 'Wind Boost', 'Null Distress', 'Bufula']
['Dekunda', 'Auto-Rakukaja', 'Bufula', 'Null Distress']
['Bufula', 'Me Patra', 'Wind Boost', 'Invigorate 3']
['Auto-Rakukaja', 'Sukunda', 'Bufula', 'Resist Strike']
['Bufula', 'Wind Amp', 'Mudo', 'Me Patra']
['Wind Boost', 'Bufula', 'Auto-Rakukaja', 'Mudo']
['Sukunda', 'Auto-Rakukaja', 'Mamudo', 'Bufula']
['Bufula', 'Mudo', 'Auto-Rakukaja', 'Recarmdra']
['Invigorate 3', 'Bufula', 'Me Patra', 'Wind Amp']
['Bufula', 'Wind Amp', 'Dekunda', 'Auto-Rakukaja']
['Wind Boost', 'Bufula', 'Recarmdra', 'Auto-Rakukaja']
['Bufula', 'Me Patra', 'Sukunda', 'Mudo']
['Bufula', 'Mudo', 'Sukunda', 'Mamudo']
['Wind Boost', 'Bufula', 'Sukunda', 'Recarmdra']
['Bufula', 'Recarmdra', 'Sukunda', 'Herculean Strike']
['Mudo', 'Bufula', 'Wind Boost', 'Wind Amp']
['Me Patra', 'Bufula', 'Poison Arrow', 'Invigorate 3']
['Bufula', 'Auto-Rakukaja', 'Absorb Strike', 'Dekunda']
['Bufula', 'Sukunda', 'Auto-Rakukaja', 'Resist Strike']
['Bufula', 'Resist Strike', 'Recarmdra', 'Sukunda']
['Auto-Rakukaja', 'Bufula', 'Dekunda', 'Recarmdra']
['Sukunda', 'Bufula', 'Dekunda', 'Null Distress']
['Dekunda', 'Bufula', 'Null Distress', 'Mudo']
['Mudo', 'Wind Amp', 'Bufula', 'Recarmdra']
['Bufula', 'Sukunda', 'Me Patra', 'Mudo']
['Me Patra', 'Bufula', 'Herculean Strike', 'Wind Boost']
['Mudo', 'Bufula', 'Me Patra', 'Absorb Strike']
['Bufula', 'Mamudo', 'Primal Force', 'Mudo']
['Invigorate 3', 'Null Distress', 'Bufula', 'Auto-Rakukaja']
['Bufula', 'Wind Amp', 'Recarmdra', 'Me Patra']
['Bufula', 'Mudo', 'Resist Strike', 'Dekunda']
['Absorb Strike', 'Wind Boost', 'Sukunda', 'Bufula']
['Sukunda', 'Mudo', 'Wind Boost', 'Wind Amp']
['Sukunda', 'Me Patra', 'Wind Boost', 'Bufula']
['Dekunda', 'Bufula', 'Invigorate 3', 'Wind Boost']
['Bufula', 'Wind Amp', 'Mamudo', 'Sukunda']
['Dekunda', 'Me Patra', 'Sukunda', 'Bufula']
['Bufula', 'Sukunda', 'Auto-Rakukaja', 'Dekunda']
['Auto-Rakukaja', 'Bufula', 'Mudo', 'Wind Boost']
['Mamudo', 'Mudo', 'Bufula', 'Invigorate 3']
['Me Patra', 'Mudo', 'Bufula', 'Null Distress']
['Invigorate 3', 'Bufula', 'Mudo', 'Me Patra']
['Invigorate 3', 'Bufula', 'Sukunda', 'Mamudo']
['Mudo', 'Bufula', 'Me Patra', 'Auto-Rakukaja']
['Dekunda', 'Bufula', 'Sukunda', 'Wind Amp']
['Sukunda', 'Bufula', 'Auto-Rakukaja', 'Mamudo']
['Bufula', 'Absorb Strike', 'Invigorate 3', 'Mudo']
['Null Distress', 'Resist Strike', 'Sukunda', 'Me Patra']
['Bufula', 'Null Distress', 'Auto-Rakukaja', 'Me Patra']
['Bufula', 'Absorb Strike', 'Sukunda', 'Wind Amp']
['Bufula', 'Invigorate 3', 'Wind Amp', 'Recarmdra']
['Dekunda', 'Me Patra', 'Bufula', 'Invigorate 3']
['Mamudo', 'Resist Strike', 'Sukunda', 'Bufula']
['Dekunda', 'Bufula', 'Sukunda', 'Null Distress']
['Auto-Rakukaja', 'Mamudo', 'Bufula', 'Null Distress']
['Wind Boost', 'Mamudo', 'Bufula', 'Absorb Strike']
['Wind Boost', 'Bufula', 'Sukunda', 'Null Distress']
['Wind Amp', 'Sukunda', 'Recarmdra', 'Bufula']
['Bufula', 'Sukunda', 'Wind Boost', 'Dekunda']
['Bufula', 'Null Distress', 'Mudo', 'Me Patra']
['Mudo', 'Wind Boost', 'Sukunda', 'Bufula']
['Wind Boost', 'Bufula', 'Null Distress', 'Dekunda']
['Sukunda', 'Me Patra', 'Invigorate 3', 'Bufula']
['Mudo', 'Dekunda', 'Wind Amp', 'Recarmdra']
['Wind Boost', 'Resist Strike', 'Null Distress', 'Invigorate 3']
['Wind Boost', 'Recarmdra', 'Bufula', 'Mamudo']
['Wind Amp', 'Mudo', 'Recarmdra', 'Bufula']
['Sukunda', 'Auto-Rakukaja', 'Wind Boost', 'Bufula']
['Bufula', 'Auto-Rakukaja', 'Wind Amp', 'Sukunda']
['Bufula', 'Dekunda', 'Sukunda', 'Wind Amp']
['Bufula', 'Dekunda', 'Myriad Arrows', 'Mamudo']
['Bufula', 'Sukunda', 'Mudo', 'Null Distress']
['Bufula', 'Dekunda', 'Wind Boost', 'Mamudo']
['Sukunda', 'Bufula', 'Wind Amp', 'Auto-Rakukaja']
['Wind Boost', 'Me Patra', 'Bufula', 'Auto-Rakukaja']
['Bufula', 'Wind Boost', 'Null Distress', 'Auto-Rakukaja']
['Bufula', 'Wind Amp', 'Dekunda', 'Sukunda']
['Dekunda', 'Mudo', 'Bufula', 'Wind Boost']
['Poison Arrow', 'Bufula', 'Mamudo', 'Invigorate 3']
['Me Patra', 'Wind Amp', 'Null Distress', 'Recarmdra']
['Bufula', 'Wind Boost', 'Mamudo', 'Resist Strike']
['Wind Boost', 'Null Distress', 'Bufula', 'Invigorate 3']
['Sukunda', 'Resist Strike', 'Bufula', 'Recarmdra']
['Wind Boost', 'Mudo', 'Me Patra', 'Bufula']
['Mamudo', 'Null Distress', 'Wind Boost', 'Absorb Strike']
['Dekunda', 'Bufula', 'Me Patra', 'Invigorate 3']
['Mamudo', 'Absorb Strike', 'Bufula', 'Me Patra']
['Me Patra', 'Sukunda', 'Mudo', 'Bufula']
['Me Patra', 'Bufula', 'Mudo', 'Wind Boost']
['Bufula', 'Wind Boost', 'Null Distress', 'Resist Strike']
['Sukunda', 'Bufula', 'Dekunda', 'Wind Amp']
['Sukunda', 'Null Distress', 'Recarmdra', 'Mudo']
['Bufula', 'Wind Boost', 'Wind Amp', 'Mamudo']
['Bufula', 'Mudo', 'Wind Boost', 'Auto-Rakukaja']
['Bufula', 'Absorb Strike', 'Myriad Arrows', 'Auto-Rakukaja']
['Sukunda', 'Mudo', 'Auto-Rakukaja', 'Recarmdra']
['Bufula', 'Sukunda', 'Me Patra', 'Mudo']
['Mudo', 'Dekunda', 'Resist Strike', 'Mamudo']
['Wind Boost', 'Null Distress', 'Me Patra', 'Dekunda']
['Bufula', 'Sukunda', 'Mamudo', 'Wind Amp']
['Auto-Rakukaja', 'Dekunda', 'Wind Amp', 'Absorb Strike']
['Null Distress', 'Bufula', 'Invigorate 3', 'Dekunda']
['Wind Amp', 'Poison Arrow', 'Mamudo', 'Bufula']
['Sukunda', 'Resist Strike', 'Bufula', 'Mamudo']
['Sukunda', 'Wind Boost', 'Bufula', 'Auto-Rakukaja']
['Dekunda', 'Bufula', 'Sukunda', 'Mamudo']
['Bufula', 'Wind Boost', 'Mamudo', 'Auto-Rakukaja']
['Dekunda', 'Bufula', 'Sukunda', 'Mudo']
['Sukunda', 'Me Patra', 'Mamudo', 'Mudo']
['Bufula', 'Wind Boost', 'Wind Amp', 'Recarmdra']
['Auto-Rakukaja', 'Invigorate 3', 'Bufula', 'Mudo']
['Auto-Rakukaja', 'Mudo', 'Wind Amp', 'Bufula']
['Sukunda', 'Bufula', 'Dekunda', 'Recarmdra']
['Mudo', 'Bufula', 'Recarmdra', 'Mamudo']
['Herculean Strike', 'Invigorate 3', 'Bufula', 'Mamudo']
['Bufula', 'Mudo', 'Wind Boost', 'Mamudo']
['Bufula', 'Me Patra', 'Auto-Rakukaja', 'Mudo']
['Wind Boost', 'Me Patra', 'Bufula', 'Auto-Rakukaja']
['Me Patra', 'Sukunda', 'Bufula', 'Invigorate 3']
['Bufula', 'Me Patra', 'Sukunda', 'Wind Amp']
['Bufula', 'Auto-Rakukaja', 'Resist Strike', 'Mudo']
['Me Patra', 'Bufula', 'Auto-Rakukaja', 'Mudo']
['Bufula', 'Wind Boost', 'Mudo', 'Mamudo']
['Wind Boost', 'Bufula', 'Myriad Arrows', 'Absorb Strike']
['Bufula', 'Recarmdra', 'Wind Boost', 'Auto-Rakukaja']
['Bufula', 'Me Patra', 'Null Distress', 'Sukunda']
['Wind Boost', 'Bufula', 'Wind Amp', 'Dekunda']
['Auto-Rakukaja', 'Bufula', 'Mamudo', 'Mudo']
['Mamudo', 'Herculean Strike', 'Mudo', 'Bufula']
['Wind Boost', 'Sukunda', 'Poison Arrow', 'Resist Strike']
['Sukunda', 'Auto-Rakukaja', 'Me Patra', 'Recarmdra']
['Wind Amp', 'Dekunda', 'Mudo', 'Bufula']
['Sukunda', 'Me Patra', 'Auto-Rakukaja', 'Dekunda']
['Mudo', 'Auto-Rakukaja', 'Me Patra', 'Bufula']
['Bufula', 'Sukunda', 'Mudo', 'Wind Boost']
['Bufula', 'Dekunda', 'Wind Boost', 'Recarmdra']
['Me Patra', 'Resist Strike', 'Bufula', 'Recarmdra']
['Sukunda', 'Absorb Strike', 'Bufula', 'Resist Strike']
['Bufula', 'Me Patra', 'Sukunda', 'Mamudo']
['Bufula', 'Me Patra', 'Wind Amp', 'Mamudo']
['Mamudo', 'Mudo', 'Bufula', 'Absorb Strike']
['Wind Boost', 'Bufula', 'Me Patra', 'Auto-Rakukaja']
['Mamudo', 'Wind Boost', 'Dekunda', 'Mudo']
['Bufula', 'Mudo', 'Sukunda', 'Dekunda']
['Bufula', 'Null Distress', 'Sukunda', 'Mudo']
['Bufula', 'Wind Amp', 'Mudo', 'Sukunda']
['Auto-Rakukaja', 'Wind Boost', 'Bufula', 'Me Patra']
['Bufula', 'Wind Boost', 'Myriad Arrows', 'Mamudo']
['Bufula', 'Auto-Rakukaja', 'Mamudo', 'Sukunda']
['Bufula', 'Recarmdra', 'Mudo', 'Auto-Rakukaja']
['Bufula', 'Absorb Strike', 'Sukunda', 'Mudo']
['Bufula', 'Mudo', 'Null Distress', 'Dekunda']
['Bufula', 'Sukunda', 'Mudo', 'Me Patra']
['Wind Amp', 'Bufula', 'Mamudo', 'Wind Boost']
['Me Patra', 'Bufula', 'Resist Strike', 'Dekunda']
['Bufula', 'Invigorate 3', 'Null Distress', 'Wind Amp']
['Bufula', 'Auto-Rakukaja', 'Recarmdra', 'Me Patra']
['Mamudo', 'Bufula', 'Wind Amp', 'Mudo']
['Dekunda', 'Bufula', 'Mamudo', 'Wind Boost']
['Bufula', 'Absorb Strike', 'Mamudo', 'Mudo']
['Sukunda', 'Bufula', 'Invigorate 3', 'Mudo']
['Mudo', 'Mamudo', 'Wind Boost', 'Auto-Rakukaja']
['Bufula', 'Me Patra', 'Invigorate 3', 'Sukunda']
['Auto-Rakukaja', 'Wind Boost', 'Bufula', 'Dekunda']
['Me Patra', 'Dekunda', 'Resist Strike', 'Mamudo']
['Bufula', 'Mudo', 'Mamudo', 'Dekunda']
['Me Patra', 'Bufula', 'Mamudo', 'Wind Boost']
['Wind Boost', 'Bufula', 'Dekunda', 'Mamudo']
['Me Patra', 'Wind Amp', 'Sukunda', 'Bufula']
['Sukunda', 'Bufula', 'Resist Strike', 'Auto-Rakukaja']
['Mamudo', 'Dekunda', 'Bufula', 'Me Patra']
['Resist Strike', 'Sukunda', 'Invigorate 3', 'Auto-Rakukaja']
['Sukunda', 'Dekunda', 'Bufula', 'Auto-Rakukaja']
['Bufula', 'Poison Arrow', 'Mudo', 'Wind Boost']
['Me Patra', 'Bufula', 'Wind Boost', 'Wind Amp']
['Bufula', 'Mamudo', 'Recarmdra', 'Wind Boost']
['Auto-Rakukaja', 'Bufula', 'Mamudo', 'Sukunda']
['Bufula', 'Me Patra', 'Mudo', 'Sukunda']
['Bufula', 'Wind Amp', 'Absorb Strike', 'Dekunda']
['Sukunda', 'Bufula', 'Wind Amp', 'Mudo']
['Bufula', 'Wind Boost', 'Sukunda', 'Mudo']
['Me Patra', 'Mudo', 'Auto-Rakukaja', 'Bufula']
['Bufula', 'Me Patra', 'Null Distress', 'Mudo']
['Bufula', 'Sukunda', 'Wind Boost', 'Me Patra']
['Mamudo', 'Mudo', 'Wind Boost', 'Primal Force']
['Bufula', 'Me Patra', 'Mudo', 'Dekunda']
['Mudo', 'Sukunda', 'Invigorate 3', 'Bufula']
['Me Patra', 'Bufula', 'Dekunda', 'Mudo']
['Bufula', 'Me Patra', 'Mamudo', 'Sukunda']
['Me Patra', 'Mudo', 'Bufula', 'Wind Amp']
['Mamudo', 'Bufula', 'Wind Amp', 'Dekunda']
['Wind Boost', 'Bufula', 'Sukunda', 'Resist Strike']
['Bufula', 'Dekunda', 'Mudo', 'Auto-Rakukaja']
['Bufula', 'Mamudo', 'Sukunda', 'Dekunda']
['Resist Strike', 'Bufula', 'Recarmdra', 'Auto-Rakukaja']
['Mudo', 'Bufula', 'Auto-Rakukaja', 'Mamudo']
['Sukunda', 'Mudo', 'Mamudo', 'Resist Strike']
['Sukunda', 'Mamudo', 'Bufula', 'Invigorate 3']
['Wind Boost', 'Primal Force', 'Me Patra', 'Sukunda']
['Sukunda', 'Resist Strike', 'Bufula', 'Absorb Strike']
['Bufula', 'Dekunda', 'Null Distress', 'Mamudo']
['Recarmdra', 'Sukunda', 'Bufula', 'Auto-Rakukaja']
['Sukunda', 'Bufula', 'Mamudo', 'Myriad Arrows']
['Sukunda', 'Resist Strike', 'Mamudo', 'Wind Boost']
['Bufula', 'Recarmdra', 'Null Distress', 'Mudo']
['Resist Strike', 'Bufula', 'Mudo', 'Me Patra']
['Primal Force', 'Bufula', 'Mudo', 'Resist Strike']
['Bufula', 'Auto-Rakukaja', 'Mudo', 'Dekunda']
['Invigorate 3', 'Bufula', 'Recarmdra', 'Mudo']
['Resist Strike', 'Wind Boost', 'Sukunda', 'Bufula']
['Bufula', 'Wind Boost', 'Sukunda', 'Me Patra']
['Dekunda', 'Bufula', 'Mudo', 'Wind Boost']
['Mamudo', 'Me Patra', 'Bufula', 'Sukunda']
['Wind Amp', 'Bufula', 'Mamudo', 'Sukunda']
['Resist Strike', 'Mamudo', 'Bufula', 'Wind Amp']
['Mamudo', 'Bufula', 'Herculean Strike', 'Sukunda']
['Mudo', 'Wind Boost', 'Bufula', 'Wind Amp']
['Bufula', 'Null Distress', 'Absorb Strike', 'Mamudo']
['Bufula', 'Wind Boost', 'Sukunda', 'Invigorate 3']
['Bufula', 'Me Patra', 'Invigorate 3', 'Auto-Rakukaja']
['Dekunda', 'Wind Boost', 'Bufula', 'Me Patra']
['Herculean Strike', 'Bufula', 'Resist Strike', 'Mamudo']
['Resist Strike', 'Mudo', 'Bufula', 'Sukunda']
['Bufula', 'Me Patra', 'Recarmdra', 'Wind Amp']
['Bufula', 'Wind Amp', 'Resist Strike', 'Mamudo']
['Sukunda', 'Bufula', 'Me Patra', 'Recarmdra']
['Invigorate 3', 'Bufula', 'Wind Boost', 'Sukunda']
['Me Patra', 'Sukunda', 'Auto-Rakukaja', 'Dekunda']
['Invigorate 3', 'Mudo', 'Bufula', 'Wind Boost']
['Bufula', 'Auto-Rakukaja', 'Wind Boost', 'Sukunda']
['Mudo', 'Bufula', 'Mamudo', 'Null Distress']
['Bufula', 'Mamudo', 'Invigorate 3', 'Wind Amp']
['Mudo', 'Bufula', 'Wind Boost', 'Mamudo']
['Null Distress', 'Invigorate 3', 'Mudo', 'Auto-Rakukaja']
['Bufula', 'Mamudo', 'Dekunda', 'Recarmdra']
['Null Distress', 'Bufula', 'Mudo', 'Invigorate 3']
['Auto-Rakukaja', 'Mudo', 'Recarmdra', 'Wind Boost']
['Resist Strike', 'Auto-Rakukaja', 'Sukunda', 'Mudo']
['Bufula', 'Auto-Rakukaja', 'Sukunda', 'Mudo']
['Bufula', 'Invigorate 3', 'Mudo', 'Sukunda']
['Mamudo', 'Null Distress', 'Bufula', 'Wind Boost']
['Resist Strike', 'Mudo', 'Dekunda', 'Bufula']
['Wind Amp', 'Mamudo', 'Sukunda', 'Bufula']
['Mamudo', 'Wind Amp', 'Bufula', 'Auto-Rakukaja']
['Bufula', 'Auto-Rakukaja', 'Mamudo', 'Null Distress']
['Mamudo', 'Mudo', 'Wind Boost', 'Recarmdra']
['Bufula', 'Sukunda', 'Mamudo', 'Wind Amp']
['Bufula', 'Me Patra', 'Mudo', 'Null Distress']
['Bufula', 'Auto-Rakukaja', 'Invigorate 3', 'Absorb Strike']
['Sukunda', 'Bufula', 'Mamudo', 'Me Patra']
['Mudo', 'Bufula', 'Wind Amp', 'Dekunda']
['Bufula', 'Mamudo', 'Dekunda', 'Wind Amp']
['Bufula', 'Poison Arrow', 'Dekunda', 'Mudo']
['Mamudo', 'Me Patra', 'Wind Boost', 'Bufula']
['Primal Force', 'Bufula', 'Absorb Strike', 'Sukunda']
['Wind Boost', 'Bufula', 'Mamudo', 'Dekunda']
['Wind Amp', 'Bufula', 'Resist Strike', 'Auto-Rakukaja']
['Bufula', 'Mudo', 'Wind Boost', 'Invigorate 3']
['Sukunda', 'Me Patra', 'Wind Boost', 'Bufula']
['Wind Boost', 'Bufula', 'Mudo', 'Dekunda']
['Bufula', 'Mudo', 'Wind Boost', 'Auto-Rakukaja']
['Absorb Strike', 'Wind Boost', 'Sukunda', 'Resist Strike']
['Resist Strike', 'Bufula', 'Dekunda', 'Sukunda']
['Auto-Rakukaja', 'Mudo', 'Dekunda', 'Bufula']
['Bufula', 'Wind Boost', 'Resist Strike', 'Me Patra']
['Mamudo', 'Recarmdra', 'Mudo', 'Wind Boost']
['Recarmdra', 'Auto-Rakukaja', 'Bufula', 'Sukunda']
['Me Patra', 'Wind Amp', 'Bufula', 'Wind Boost']
['Mudo', 'Bufula', 'Sukunda', 'Resist Strike']
['Bufula', 'Sukunda', 'Me Patra', 'Null Distress']
['Null Distress', 'Bufula', 'Auto-Rakukaja', 'Me Patra']
['Bufula', 'Auto-Rakukaja', 'Wind Boost', 'Sukunda']
['Bufula', 'Recarmdra', 'Auto-Rakukaja', 'Wind Boost']
['Bufula', 'Mudo', 'Wind Amp', 'Recarmdra']
['Absorb Strike', 'Bufula', 'Sukunda', 'Invigorate 3']
['Sukunda', 'Mudo', 'Invigorate 3', 'Dekunda']
['Absorb Strike', 'Resist Strike', 'Bufula', 'Wind Boost']
['Bufula', 'Invigorate 3', 'Sukunda', 'Mudo']
['Bufula', 'Dekunda', 'Sukunda', 'Wind Boost']
['Bufula', 'Mamudo', 'Mudo', 'Sukunda']
['Sukunda', 'Bufula', 'Dekunda', 'Absorb Strike']
['Bufula', 'Me Patra', 'Null Distress', 'Herculean Strike']
['Bufula', 'Absorb Strike', 'Auto-Rakukaja', 'Poison Arrow']
['Auto-Rakukaja', 'Wind Boost', 'Bufula', 'Mudo']
['Bufula', 'Absorb Strike', 'Resist Strike', 'Herculean Strike']
['Wind Boost', 'Mamudo', 'Auto-Rakukaja', 'Sukunda']
['Me Patra', 'Null Distress', 'Bufula', 'Herculean Strike']
['Sukunda', 'Bufula', 'Auto-Rakukaja', 'Mudo']
['Recarmdra', 'Bufula', 'Wind Boost', 'Mudo']
['Bufula', 'Mamudo', 'Wind Boost', 'Invigorate 3']
['Mudo', 'Bufula', 'Herculean Strike', 'Primal Force']
['Auto-Rakukaja', 'Bufula', 'Dekunda', 'Resist Strike']
['Bufula', 'Resist Strike', 'Wind Boost', 'Recarmdra']
['Mudo', 'Bufula', 'Recarmdra', 'Me Patra']
['Bufula', 'Wind Amp', 'Mudo', 'Auto-Rakukaja']
['Bufula', 'Myriad Arrows', 'Absorb Strike', 'Recarmdra']
['Bufula', 'Me Patra', 'Auto-Rakukaja', 'Dekunda']
['Recarmdra', 'Me Patra', 'Bufula', 'Mamudo']
['Mamudo', 'Bufula', 'Sukunda', 'Me Patra']
['Bufula', 'Poison Arrow', 'Null Distress', 'Mamudo']
['Resist Strike', 'Bufula', 'Me Patra', 'Wind Boost']
['Mamudo', 'Bufula', 'Mudo', 'Wind Amp']
['Dekunda', 'Wind Boost', 'Bufula', 'Null Distress']
['Poison Arrow', 'Sukunda', 'Dekunda', 'Bufula']
['Bufula', 'Me Patra', 'Mudo', 'Wind Boost']
['Bufula', 'Wind Boost', 'Mudo', 'Sukunda']
['Auto-Rakukaja', 'Bufula', 'Null Distress', 'Resist Strike']
['Bufula', 'Resist Strike', 'Mamudo', 'Mudo']
['Absorb Strike', 'Wind Boost', 'Bufula', 'Dekunda']
['Resist Strike', 'Bufula', 'Null Distress', 'Mudo']
['Wind Boost', 'Auto-Rakukaja', 'Invigorate 3', 'Null Distress']
['Mudo', 'Bufula', 'Mamudo', 'Me Patra']
['Bufula', 'Sukunda', 'Mudo', 'Absorb Strike']
['Me Patra', 'Bufula', 'Sukunda', 'Wind Boost']
['Bufula', 'Sukunda', 'Wind Amp', 'Dekunda']
['Wind Boost', 'Dekunda', 'Sukunda', 'Resist Strike']
['Me Patra', 'Bufula', 'Wind Boost', 'Mamudo']
['Bufula', 'Me Patra', 'Auto-Rakukaja', 'Sukunda']
['Herculean Strike', 'Resist Strike', 'Dekunda', 'Null Distress']
['Dekunda', 'Bufula', 'Sukunda', 'Wind Boost']
['Bufula', 'Sukunda', 'Recarmdra', 'Wind Amp']
['Bufula', 'Sukunda', 'Wind Boost', 'Dekunda']
['Bufula', 'Wind Amp', 'Me Patra', 'Auto-Rakukaja']
['Wind Boost', 'Herculean Strike', 'Bufula', 'Mudo']
['Recarmdra', 'Bufula', 'Auto-Rakukaja', 'Mudo']
['Bufula', 'Dekunda', 'Me Patra', 'Invigorate 3']
['Mudo', 'Mamudo', 'Me Patra', 'Sukunda']
['Recarmdra', 'Me Patra', 'Invigorate 3', 'Mudo']
['Null Distress', 'Sukunda', 'Bufula', 'Mudo']
['Wind Boost', 'Me Patra', 'Bufula', 'Mamudo']
['Me Patra', 'Sukunda', 'Mamudo', 'Wind Boost']
['Invigorate 3', 'Bufula', 'Mudo', 'Wind Boost']
['Mudo', 'Bufula', 'Absorb Strike', 'Recarmdra']
['Recarmdra', 'Resist Strike', 'Sukunda', 'Bufula']
['Auto-Rakukaja', 'Bufula', 'Poison Arrow', 'Mamudo']
['Auto-Rakukaja', 'Bufula', 'Wind Boost', 'Me Patra']
['Me Patra', 'Mudo', 'Dekunda', 'Resist Strike']
['Dekunda', 'Bufula', 'Wind Boost', 'Resist Strike']
['Recarmdra', 'Bufula', 'Me Patra', 'Wind Amp']
['Invigorate 3', 'Null Distress', 'Bufula', 'Mudo']
['Bufula', 'Resist Strike', 'Mudo', 'Dekunda']
['Auto-Rakukaja', 'Invigorate 3', 'Sukunda', 'Bufula']
['Null Distress', 'Wind Boost', 'Auto-Rakukaja', 'Me Patra']
['Primal Force', 'Bufula', 'Wind Amp', 'Wind Boost']
['Bufula', 'Resist Strike', 'Mamudo', 'Poison Arrow']
['Wind Boost', 'Bufula', 'Dekunda', 'Mudo']
['Invigorate 3', 'Sukunda', 'Bufula', 'Null Distress']
['Mamudo', 'Bufula', 'Auto-Rakukaja', 'Sukunda']
['Bufula', 'Resist Strike', 'Wind Amp', 'Me Patra']
['Bufula', 'Auto-Rakukaja', 'Me Patra', 'Mamudo']
['Wind Boost', 'Dekunda', 'Bufula', 'Sukunda']
['Sukunda', 'Wind Boost', 'Auto-Rakukaja', 'Bufula']
['Bufula', 'Dekunda', 'Sukunda', 'Null Distress']
['Bufula', 'Sukunda', 'Recarmdra', 'Mudo']
['Resist Strike', 'Mamudo', 'Wind Boost', 'Bufula']
['Resist Strike', 'Sukunda', 'Mudo', 'Null Distress']
['Me Patra', 'Bufula', 'Mudo', 'Mamudo']
['Bufula', 'Invigorate 3', 'Sukunda', 'Null Distress']
['Bufula', 'Wind Amp', 'Sukunda', 'Wind Boost']
['Bufula', 'Me Patra', 'Mamudo', 'Wind Amp']
['Bufula', 'Sukunda', 'Mudo', 'Dekunda']
['Bufula', 'Mudo', 'Auto-Rakukaja', 'Sukunda']
['Mudo', 'Mamudo', 'Dekunda', 'Wind Boost']
['Bufula', 'Null Distress', 'Wind Boost', 'Recarmdra']
['Wind Boost', 'Resist Strike', 'Sukunda', 'Wind Amp']
['Bufula', 'Auto-Rakukaja', 'Wind Boost', 'Resist Strike']
['Mudo', 'Bufula', 'Wind Boost', 'Auto-Rakukaja']
['Wind Amp', 'Myriad Arrows', 'Mudo', 'Mamudo']
['Bufula', 'Wind Boost', 'Null Distress', 'Absorb Strike']
['Invigorate 3', 'Resist Strike', 'Bufula', 'Auto-Rakukaja']
['Mudo', 'Bufula', 'Invigorate 3', 'Mamudo']
['Bufula', 'Sukunda', 'Null Distress', 'Invigorate 3']
['Invigorate 3', 'Auto-Rakukaja', 'Mudo', 'Bufula']
['Null Distress', 'Mamudo', 'Wind Boost', 'Bufula']
['Mudo', 'Wind Amp', 'Wind Boost', 'Bufula']
['Bufula', 'Auto-Rakukaja', 'Mamudo', 'Wind Amp']
['Bufula', 'Me Patra', 'Mamudo', 'Sukunda']
['Mudo', 'Bufula', 'Invigorate 3', 'Wind Boost']
['Wind Amp', 'Bufula', 'Wind Boost', 'Herculean Strike']
['Wind Amp', 'Recarmdra', 'Mudo', 'Sukunda']
['Recarmdra', 'Mudo', 'Dekunda', 'Bufula']
['Primal Force', 'Sukunda', 'Myriad Arrows', 'Absorb Strike']
['Bufula', 'Dekunda', 'Sukunda', 'Me Patra']
['Dekunda', 'Wind Amp', 'Mamudo', 'Mudo']
['Null Distress', 'Bufula', 'Mudo', 'Mamudo']
['Bufula', 'Wind Boost', 'Mudo', 'Mamudo']
['Auto-Rakukaja', 'Bufula', 'Sukunda', 'Wind Boost']
['Resist Strike', 'Bufula', 'Mudo', 'Null Distress']
['Bufula', 'Recarmdra', 'Mamudo', 'Sukunda']
['Bufula', 'Me Patra', 'Dekunda', 'Resist Strike']
['Auto-Rakukaja', 'Null Distress', 'Mamudo', 'Bufula']
['Sukunda', 'Null Distress', 'Dekunda', 'Bufula']
['Auto-Rakukaja', 'Bufula', 'Wind Amp', 'Recarmdra']
['Wind Amp', 'Dekunda', 'Auto-Rakukaja', 'Mudo']
['Resist Strike', 'Bufula', 'Invigorate 3', 'Sukunda']
['Bufula', 'Myriad Arrows', 'Wind Boost', 'Sukunda']
['Bufula', 'Sukunda', 'Herculean Strike', 'Recarmdra']
['Auto-Rakukaja', 'Absorb Strike', 'Null Distress', 'Wind Boost']
['Dekunda', 'Wind Boost', 'Me Patra', 'Absorb Strike']
['Mamudo', 'Bufula', 'Herculean Strike', 'Wind Boost']
['Myriad Arrows', 'Me Patra', 'Bufula', 'Resist Strike']
['Bufula', 'Auto-Rakukaja', 'Recarmdra', 'Absorb Strike']
['Invigorate 3', 'Bufula', 'Sukunda', 'Herculean Strike']
['Bufula', 'Dekunda', 'Mudo', 'Sukunda']
['Bufula', 'Invigorate 3', 'Resist Strike', 'Sukunda']
['Bufula', 'Mamudo', 'Mudo', 'Null Distress']
['Absorb Strike', 'Sukunda', 'Mudo', 'Mamudo']
['Bufula', 'Wind Boost', 'Sukunda', 'Absorb Strike']
['Bufula', 'Sukunda', 'Mamudo', 'Mudo']
['Bufula', 'Mudo', 'Me Patra', 'Wind Boost']
['Wind Amp', 'Dekunda', 'Bufula', 'Resist Strike']
['Me Patra', 'Resist Strike', 'Bufula', 'Mamudo']
['Wind Amp', 'Me Patra', 'Wind Boost', 'Auto-Rakukaja']
['Bufula', 'Mudo', 'Herculean Strike', 'Mamudo']
['Mamudo', 'Bufula', 'Null Distress', 'Sukunda']
['Bufula', 'Wind Boost', 'Wind Amp', 'Me Patra']
['Wind Amp', 'Dekunda', 'Wind Boost', 'Auto-Rakukaja']
['Mamudo', 'Me Patra', 'Auto-Rakukaja', 'Null Distress']
['Bufula', 'Recarmdra', 'Dekunda', 'Sukunda']
['Bufula', 'Mudo', 'Me Patra', 'Resist Strike']
['Dekunda', 'Auto-Rakukaja', 'Mudo', 'Resist Strike']
['Sukunda', 'Dekunda', 'Wind Boost', 'Bufula']
['Bufula', 'Dekunda', 'Mamudo', 'Wind Boost']
['Bufula', 'Wind Amp', 'Invigorate 3', 'Auto-Rakukaja']
['Bufula', 'Null Distress', 'Poison Arrow', 'Me Patra']
['Mamudo', 'Bufula', 'Me Patra', 'Sukunda']
['Bufula', 'Wind Boost', 'Null Distress', 'Mudo']
['Sukunda', 'Bufula', 'Invigorate 3', 'Null Distress']
['Bufula', 'Recarmdra', 'Wind Boost', 'Auto-Rakukaja']
['Auto-Rakukaja', 'Bufula', 'Me Patra', 'Recarmdra']
['Wind Boost', 'Invigorate 3', 'Bufula', 'Me Patra']
['Sukunda', 'Bufula', 'Wind Boost', 'Me Patra']
['Bufula', 'Resist Strike', 'Sukunda', 'Mamudo']
['Resist Strike', 'Me Patra', 'Wind Amp', 'Auto-Rakukaja']
['Mudo', 'Bufula', 'Auto-Rakukaja', 'Absorb Strike']
['Sukunda', 'Null Distress', 'Wind Boost', 'Bufula']
['Bufula', 'Me Patra', 'Mudo', 'Wind Amp']
['Bufula', 'Sukunda', 'Mudo', 'Auto-Rakukaja']
['Sukunda', 'Bufula', 'Mudo', 'Wind Boost']
['Bufula', 'Mudo', 'Poison Arrow', 'Me Patra']
['Bufula', 'Sukunda', 'Invigorate 3', 'Wind Boost']
['Mamudo', 'Sukunda', 'Bufula', 'Me Patra']
['Sukunda', 'Mudo', 'Resist Strike', 'Auto-Rakukaja']
['Invigorate 3', 'Wind Boost', 'Bufula', 'Sukunda']
['Auto-Rakukaja', 'Bufula', 'Mamudo', 'Recarmdra']
['Bufula', 'Mamudo', 'Wind Boost', 'Auto-Rakukaja']
['Bufula', 'Mudo', 'Auto-Rakukaja', 'Me Patra']
['Invigorate 3', 'Bufula', 'Mamudo', 'Null Distress']
['Mamudo', 'Bufula', 'Poison Arrow', 'Mudo']
['Invigorate 3', 'Primal Force', 'Bufula', 'Sukunda']
['Mudo', 'Mamudo', 'Bufula', 'Resist Strike']
['Wind Boost', 'Dekunda', 'Sukunda', 'Bufula']
['Wind Boost', 'Bufula', 'Me Patra', 'Mudo']
['Null Distress', 'Dekunda', 'Mamudo', 'Bufula']
['Recarmdra', 'Bufula', 'Sukunda', 'Mamudo']
['Me Patra', 'Bufula', 'Auto-Rakukaja', 'Dekunda']
['Mudo', 'Bufula', 'Wind Boost', 'Herculean Strike']
['Bufula', 'Recarmdra', 'Mamudo', 'Dekunda']
['Mudo', 'Resist Strike', 'Wind Boost', 'Sukunda']
['Bufula', 'Mudo', 'Wind Boost', 'Me Patra']
['Bufula', 'Auto-Rakukaja', 'Poison Arrow', 'Herculean Strike']
['Me Patra', 'Bufula', 'Null Distress', 'Invigorate 3']
['Poison Arrow', 'Bufula', 'Me Patra', 'Wind Boost']
['Bufula', 'Dekunda', 'Mudo', 'Sukunda']
['Dekunda', 'Null Distress', 'Mamudo', 'Bufula']
['Bufula', 'Invigorate 3', 'Null Distress', 'Auto-Rakukaja']
['Recarmdra', 'Null Distress', 'Myriad Arrows', 'Bufula']
['Sukunda', 'Bufula', 'Dekunda', 'Wind Amp']
['Bufula', 'Invigorate 3', 'Mudo', 'Auto-Rakukaja']
['Bufula', 'Invigorate 3', 'Dekunda', 'Poison Arrow']
['Wind Boost', 'Bufula', 'Resist Strike', 'Herculean Strike']
['Me Patra', 'Wind Boost', 'Bufula', 'Wind Amp']
['Wind Amp', 'Bufula', 'Auto-Rakukaja', 'Recarmdra']
['Bufula', 'Sukunda', 'Wind Amp', 'Auto-Rakukaja']
['Bufula', 'Mudo', 'Auto-Rakukaja', 'Primal Force']
['Wind Boost', 'Sukunda', 'Bufula', 'Null Distress']
['Sukunda', 'Bufula', 'Mamudo', 'Mudo']
['Recarmdra', 'Bufula', 'Me Patra', 'Absorb Strike']
['Mamudo', 'Auto-Rakukaja', 'Recarmdra', 'Bufula']
['Bufula', 'Wind Boost', 'Auto-Rakukaja', 'Null Distress']
['Wind Boost', 'Auto-Rakukaja', 'Sukunda', 'Dekunda']
['Wind Boost', 'Bufula', 'Dekunda', 'Resist Strike']
['Sukunda', 'Wind Boost', 'Bufula', 'Me Patra']
['Sukunda', 'Bufula', 'Auto-Rakukaja', 'Wind Boost']
['Dekunda', 'Mudo', 'Auto-Rakukaja', 'Wind Boost']
['Bufula', 'Sukunda', 'Dekunda', 'Mamudo']
['Sukunda', 'Bufula', 'Myriad Arrows', 'Dekunda']
['Bufula', 'Wind Boost', 'Null Distress', 'Invigorate 3']
['Bufula', 'Poison Arrow', 'Wind Boost', 'Mamudo']
['Bufula', 'Wind Boost', 'Auto-Rakukaja', 'Resist Strike']
['Wind Boost', 'Bufula', 'Wind Amp', 'Sukunda']
['Me Patra', 'Mamudo', 'Sukunda', 'Bufula']
['Bufula', 'Mudo', 'Mamudo', 'Null Distress']
['Wind Amp', 'Resist Strike', 'Invigorate 3', 'Bufula']
['Wind Boost', 'Recarmdra', 'Dekunda', 'Null Distress']
['Dekunda', 'Bufula', 'Me Patra', 'Auto-Rakukaja']
['Mudo', 'Sukunda', 'Me Patra', 'Wind Boost']
['Mamudo', 'Bufula', 'Mudo', 'Auto-Rakukaja']
['Bufula', 'Wind Boost', 'Me Patra', 'Mamudo']
['Wind Boost', 'Absorb Strike', 'Sukunda', 'Invigorate 3']
['Bufula', 'Mamudo', 'Sukunda', 'Wind Boost']
['Bufula', 'Absorb Strike', 'Wind Boost', 'Null Distress']
['Dekunda', 'Sukunda', 'Bufula', 'Invigorate 3']
['Dekunda', 'Bufula', 'Wind Boost', 'Null Distress']
['Mudo', 'Mamudo', 'Bufula', 'Resist Strike']
['Null Distress', 'Mudo', 'Primal Force', 'Sukunda']
['Wind Boost', 'Bufula', 'Sukunda', 'Wind Amp']
['Null Distress', 'Bufula', 'Me Patra', 'Wind Boost']
['Bufula', 'Sukunda', 'Mamudo', 'Mudo']
['Bufula', 'Resist Strike', 'Absorb Strike', 'Mamudo']
['Resist Strike', 'Dekunda', 'Null Distress', 'Mudo']
['Mudo', 'Me Patra', 'Myriad Arrows', 'Bufula']
['Bufula', 'Auto-Rakukaja', 'Null Distress', 'Mamudo']
['Auto-Rakukaja', 'Dekunda', 'Bufula', 'Mudo']
['Recarmdra', 'Me Patra', 'Dekunda', 'Bufula']
['Sukunda', 'Dekunda', 'Mudo', 'Wind Boost']
['Bufula', 'Poison Arrow', 'Null Distress', 'Mamudo']
['Mudo', 'Wind Amp', 'Bufula', 'Wind Boost']
['Bufula', 'Sukunda', 'Wind Amp', 'Absorb Strike']
['Bufula', 'Recarmdra', 'Mudo', 'Mamudo']
['Sukunda', 'Resist Strike', 'Invigorate 3', 'Bufula']
['Mudo', 'Bufula', 'Invigorate 3', 'Mamudo']
['Bufula', 'Sukunda', 'Wind Boost', 'Wind Amp']
