['Poisma', 'Dekaja', 'Rebellion', 'Tentarafoo']
['Provoke', 'Makarakarn', 'Mamudoon', 'Poisma']
['Kill Rush', 'Rebellion', 'Dekaja', 'Poisma']
['Poisma', 'Tentarafoo', 'Provoke', 'Brave Blade']
['Poisma', 'Provoke', 'Foul Breath', 'Rebellion']
['Single Shot', 'High Counter', 'Poisma', 'Rebellion']
['Poisma', 'Rebellion', 'Single Shot', 'Dekaja']
['Provoke', 'Tentarafoo', 'Poisma', 'Rebellion']
['Tentarafoo', 'Kill Rush', 'Poisma', 'Victory Cry']
['Tentarafoo', 'Poisma', 'Spell Master', 'Makarakarn']
['Single Shot', 'Poisma', 'Rebellion', 'Victory Cry']
['Dekaja', 'Mamudoon', 'High Counter', 'Megidolaon']
['Provoke', 'High Counter', 'Poisma', 'Tentarafoo']
['Rebellion', 'Provoke', 'Victory Cry', 'Mamudoon']
['Mamudoon', 'Provoke', 'Rebellion', 'High Counter']
['Single Shot', 'Poisma', 'Foul Breath', 'Tentarafoo']
['Rebellion', 'Provoke', 'Poisma', 'Kill Rush']
['Mamudoon', 'Tentarafoo', 'Makarakarn', 'Provoke']
['Poisma', 'Rebellion', 'Provoke', 'Mamudoon']
['Poisma', 'Rebellion', 'Kill Rush', 'Provoke']
['Single Shot', 'Rebellion', 'Provoke', 'Poisma']
['Tentarafoo', 'Rebellion', 'Poisma', 'Mamudoon']
['Poisma', 'Tentarafoo', 'Rebellion', 'Provoke']
['Poisma', 'Provoke', 'Makarakarn', 'Rebellion']
['Tentarafoo', 'Dekaja', 'Poisma', 'Rebellion']
['Poisma', 'Single Shot', 'Provoke', 'Rebellion']
['Mamudoon', 'Poisma', 'Makarakarn', 'Spell Master']
['Rebellion', 'Tentarafoo', 'Dekaja', 'Poisma']
['Poisma', 'Rebellion', 'Mamudoon', 'Tentarafoo']
['Poisma', 'Rebellion', 'Provoke', 'Tentarafoo']
['Dekaja', 'Rebellion', 'Poisma', 'Provoke']
['Provoke', 'Rebellion', 'High Counter', 'Tentarafoo']
['Rebellion', 'Tentarafoo', 'Dekaja', 'High Counter']
['Victory Cry', 'Provoke', 'Tentarafoo', 'Poisma']
['Spell Master', 'Rebellion', 'Poisma', 'Dekaja']
['Provoke', 'Single Shot', 'Rebellion', 'Mamudoon']
['Tentarafoo', 'Provoke', 'Poisma', 'Mamudoon']
['High Counter', 'Provoke', 'Dekaja', 'Foul Breath']
['Megidolaon', 'Rebellion', 'Provoke', 'Poisma']
['Megidolaon', 'Poisma', 'Tentarafoo', 'Rebellion']
['Kill Rush', 'Provoke', 'Mamudoon', 'Rebellion']
['Rebellion', 'Provoke', 'Poisma', 'Mamudoon']
['Tentarafoo', 'Poisma', 'Rebellion', 'High Counter']
['Victory Cry', 'Rebellion', 'Spell Master', 'Poisma']
['Dekaja', 'Poisma', 'Makarakarn', 'Foul Breath']
['Makarakarn', 'Provoke', 'Single Shot', 'Poisma']
['Provoke', 'Dekaja', 'Poisma', 'Rebellion']
['Poisma', 'Tentarafoo', 'Rebellion', 'Makarakarn']
['Poisma', 'Spell Master', 'Dekaja', 'Rebellion']
['Poisma', 'Provoke', 'Tentarafoo', 'Victory Cry']
['Rebellion', 'Makarakarn', 'Provoke', 'Dekaja']
['Poisma', 'Rebellion', 'High Counter', 'Provoke']
['Foul Breath', 'Poisma', 'Dekaja', 'High Counter']
['Poisma', 'Makarakarn', 'Dekaja', 'Provoke']
['Rebellion', 'Tentarafoo', 'Poisma', 'Single Shot']
['Rebellion', 'Provoke', 'Poisma', 'Tentarafoo']
['Dekaja', 'Rebellion', 'Makarakarn', 'Tentarafoo']
['Mamudoon', 'Poisma', 'Dekaja', 'Provoke']
['Provoke', 'High Counter', 'Poisma', 'Mamudoon']
['Rebellion', 'Victory Cry', 'Single Shot', 'Provoke']
['Makarakarn', 'Poisma', 'Single Shot', 'High Counter']
['Provoke', 'Tentarafoo', 'Rebellion', 'Poisma']
['Tentarafoo', 'Poisma', 'Foul Breath', 'Rebellion']
['Rebellion', 'Poisma', 'Makarakarn', 'High Counter']
['Rebellion', 'Provoke', 'Single Shot', 'Poisma']
['Mamudoon', 'Poisma', 'Foul Breath', 'High Counter']
['Poisma', 'Provoke', 'Rebellion', 'Spell Master']
['Rebellion', 'Provoke', 'Poisma', 'Tentarafoo']
['Victory Cry', 'Mamudoon', 'Poisma', 'Megidolaon']
['Victory Cry', 'High Counter', 'Poisma', 'Makarakarn']
['Poisma', 'Single Shot', 'Makarakarn', 'Dekaja']
['Foul Breath', 'Makarakarn', 'Poisma', 'Tentarafoo']
['Spell Master', 'Single Shot', 'Poisma', 'Tentarafoo']
['Rebellion', 'Single Shot', 'Dekaja', 'Poisma']
['Kill Rush', 'High Counter', 'Poisma', 'Spell Master']
['Tentarafoo', 'Megidolaon', 'Poisma', 'Provoke']
['High Counter', 'Poisma', 'Rebellion', 'Provoke']
['Single Shot', 'Foul Breath', 'Rebellion', 'Poisma']
['Tentarafoo', 'Poisma', 'High Counter', 'Foul Breath']
['Makarakarn', 'Rebellion', 'Single Shot', 'High Counter']
['Mamudoon', 'Provoke', 'Poisma', 'Tentarafoo']
['Victory Cry', 'Poisma', 'Provoke', 'Rebellion']
['Foul Breath', 'Rebellion', 'Provoke', 'Poisma']
['Dekaja', 'Mamudoon', 'Spell Master', 'Poisma']
['High Counter', 'Poisma', 'Single Shot', 'Rebellion']
['Rebellion', 'Poisma', 'Tentarafoo', 'Victory Cry']
['Poisma', 'High Counter', 'Mamudoon', 'Rebellion']
['Mamudoon', 'Rebellion', 'Makarakarn', 'Poisma']
['Makarakarn', 'Victory Cry', 'Mamudoon', 'Poisma']
['Tentarafoo', 'Makarakarn', 'Poisma', 'Mamudoon']
['Poisma', 'Tentarafoo', 'Rebellion', 'Kill Rush']
['Tentarafoo', 'Poisma', 'Provoke', 'Spell Master']
['Poisma', 'Provoke', 'Rebellion', 'Single Shot']
['Provoke', 'Poisma', 'Mamudoon', 'Dekaja']
['Poisma', 'Dekaja', 'Spell Master', 'Rebellion']
['Rebellion', 'Poisma', 'Makarakarn', 'Victory Cry']
['Single Shot', 'Spell Master', 'Poisma', 'Tentarafoo']
['Poisma', 'Dekaja', 'Tentarafoo', 'Makarakarn']
['Poisma', 'Provoke', 'Mamudoon', 'Dekaja']
['Poisma', 'High Counter', 'Rebellion', 'Provoke']
['Megidolaon', 'Tentarafoo', 'Poisma', 'Brave Blade']
['Single Shot', 'Provoke', 'Poisma', 'Dekaja']
['Poisma', 'Provoke', 'Foul Breath', 'High Counter']
['Dekaja', 'Single Shot', 'Poisma', 'Makarakarn']
['Single Shot', 'Tentarafoo', 'Poisma', 'Foul Breath']
['Rebellion', 'Poisma', 'Provoke', 'Tentarafoo']
['Provoke', 'Foul Breath', 'High Counter', 'Tentarafoo']
['Rebellion', 'Kill Rush', 'Single Shot', 'Dekaja']
['Brave Blade', 'Tentarafoo', 'Victory Cry', 'Poisma']
['Poisma', 'Provoke', 'Rebellion', 'Spell Master']
['High Counter', 'Mamudoon', 'Single Shot', 'Kill Rush']
['Poisma', 'Dekaja', 'Single Shot', 'Provoke']
['Foul Breath', 'Rebellion', 'Single Shot', 'Spell Master']
['Single Shot', 'Provoke', 'Tentarafoo', 'Poisma']
['High Counter', 'Poisma', 'Rebellion', 'Tentarafoo']
['Rebellion', 'Poisma', 'Makarakarn', 'Victory Cry']
['Poisma', 'Rebellion', 'High Counter', 'Tentarafoo']
['Victory Cry', 'Rebellion', 'Poisma', 'Mamudoon']
['Single Shot', 'Poisma', 'Mamudoon', 'Tentarafoo']
['Tentarafoo', 'Foul Breath', 'Victory Cry', 'Poisma']
['Mamudoon', 'Rebellion', 'Provoke', 'Tentarafoo']
['Poisma', 'Single Shot', 'Rebellion', 'Provoke']
['Victory Cry', 'Rebellion', 'High Counter', 'Makarakarn']
['Victory Cry', 'Makarakarn', 'Spell Master', 'Dekaja']
['Tentarafoo', 'Poisma', 'Provoke', 'Dekaja']
['Rebellion', 'Foul Breath', 'Provoke', 'Poisma']
['Poisma', 'Tentarafoo', 'Spell Master', 'Rebellion']
['Makarakarn', 'Dekaja', 'Provoke', 'Single Shot']
['Rebellion', 'Provoke', 'High Counter', 'Poisma']
['Foul Breath', 'Poisma', 'Dekaja', 'Provoke']
['Mamudoon', 'Poisma', 'Dekaja', 'Kill Rush']
['Poisma', 'Foul Breath', 'Rebellion', 'Provoke']
['Megidolaon', 'Poisma', 'High Counter', 'Spell Master']
['Poisma', 'Single Shot', 'Makarakarn', 'Provoke']
['Victory Cry', 'Spell Master', 'Poisma', 'Provoke']
['Tentarafoo', 'Poisma', 'Single Shot', 'Foul Breath']
['Mamudoon', 'Provoke', 'Makarakarn', 'Poisma']
['Provoke', 'Dekaja', 'Single Shot', 'Poisma']
['Poisma', 'Mamudoon', 'Tentarafoo', 'Provoke']
['Poisma', 'Makarakarn', 'Single Shot', 'Rebellion']
['Kill Rush', 'Poisma', 'Rebellion', 'Single Shot']
['Provoke', 'Dekaja', 'Rebellion', 'Poisma']
['Dekaja', 'Poisma', 'Single Shot', 'Brave Blade']
['Mamudoon', 'Dekaja', 'High Counter', 'Victory Cry']
['Poisma', 'Provoke', 'Dekaja', 'High Counter']
['Poisma', 'Rebellion', 'Mamudoon', 'Kill Rush']
['Tentarafoo', 'Single Shot', 'Victory Cry', 'Provoke']
['Poisma', 'Tentarafoo', 'High Counter', 'Dekaja']
['Poisma', 'Provoke', 'Rebellion', 'Mamudoon']
['High Counter', 'Poisma', 'Foul Breath', 'Provoke']
['High Counter', 'Victory Cry', 'Rebellion', 'Single Shot']
['High Counter', 'Rebellion', 'Poisma', 'Dekaja']
['Poisma', 'High Counter', 'Dekaja', 'Provoke']
['Tentarafoo', 'Dekaja', 'Foul Breath', 'Poisma']
['Spell Master', 'Poisma', 'Tentarafoo', 'Rebellion']
['Mamudoon', 'Spell Master', 'Provoke', 'Dekaja']
['Single Shot', 'Foul Breath', 'Mamudoon', 'Rebellion']
['Makarakarn', 'Poisma', 'Rebellion', 'Tentarafoo']
['Poisma', 'Provoke', 'Spell Master', 'Dekaja']
['Poisma', 'Provoke', 'Foul Breath', 'Tentarafoo']
['Provoke', 'Kill Rush', 'High Counter', 'Poisma']
['Dekaja', 'High Counter', 'Rebellion', 'Provoke']
['Makarakarn', 'High Counter', 'Mamudoon', 'Provoke']
['Poisma', 'Tentarafoo', 'Single Shot', 'Provoke']
['Poisma', 'Provoke', 'Makarakarn', 'Kill Rush']
['Provoke', 'Spell Master', 'Tentarafoo', 'Rebellion']
['Brave Blade', 'Poisma', 'Provoke', 'Makarakarn']
['Poisma', 'Provoke', 'Rebellion', 'Spell Master']
['Single Shot', 'Tentarafoo', 'Mamudoon', 'Rebellion']
['Rebellion', 'Provoke', 'Makarakarn', 'Poisma']
['Poisma', 'Rebellion', 'Dekaja', 'Mamudoon']
['Poisma', 'Tentarafoo', 'Rebellion', 'Foul Breath']
['Rebellion', 'Kill Rush', 'Provoke', 'Victory Cry']
['Provoke', 'Megidolaon', 'Poisma', 'Rebellion']
['Foul Breath', 'Rebellion', 'Mamudoon', 'Tentarafoo']
['Rebellion', 'Poisma', 'High Counter', 'Spell Master']
['Poisma', 'Provoke', 'Dekaja', 'High Counter']
['Poisma', 'Rebellion', 'Makarakarn', 'Provoke']
['Rebellion', 'Poisma', 'Single Shot', 'Spell Master']
['Spell Master', 'High Counter', 'Megidolaon', 'Makarakarn']
['Mamudoon', 'Single Shot', 'Makarakarn', 'Poisma']
['Rebellion', 'Poisma', 'Mamudoon', 'Megidolaon']
['Poisma', 'High Counter', 'Rebellion', 'Spell Master']
['Tentarafoo', 'Provoke', 'Poisma', 'Makarakarn']
['Poisma', 'Dekaja', 'Makarakarn', 'High Counter']
['Dekaja', 'High Counter', 'Spell Master', 'Poisma']
['Rebellion', 'Mamudoon', 'Tentarafoo', 'Spell Master']
['Dekaja', 'Spell Master', 'Poisma', 'Rebellion']
['Single Shot', 'High Counter', 'Tentarafoo', 'Mamudoon']
['Foul Breath', 'Spell Master', 'Poisma', 'Provoke']
['Rebellion', 'Spell Master', 'High Counter', 'Poisma']
['Poisma', 'Rebellion', 'High Counter', 'Provoke']
['High Counter', 'Foul Breath', 'Rebellion', 'Poisma']
['Single Shot', 'Spell Master', 'Provoke', 'Mamudoon']
['Single Shot', 'Mamudoon', 'Poisma', 'Tentarafoo']
['Provoke', 'Victory Cry', 'Poisma', 'Spell Master']
['Poisma', 'Makarakarn', 'Single Shot', 'Tentarafoo']
['Mamudoon', 'High Counter', 'Dekaja', 'Single Shot']
['Tentarafoo', 'Rebellion', 'Foul Breath', 'Dekaja']
['Poisma', 'Rebellion', 'Spell Master', 'Provoke']
['Poisma', 'Provoke', 'Dekaja', 'Rebellion']
['Rebellion', 'Mamudoon', 'Tentarafoo', 'High Counter']
['Poisma', 'Mamudoon', 'Rebellion', 'Foul Breath']
['Mamudoon', 'Victory Cry', 'Poisma', 'High Counter']
['Poisma', 'Rebellion', 'Provoke', 'Megidolaon']
['Poisma', 'Rebellion', 'Makarakarn', 'Brave Blade']
['Poisma', 'Rebellion', 'Foul Breath', 'Provoke']
['Poisma', 'Rebellion', 'Provoke', 'Tentarafoo']
['Tentarafoo', 'Provoke', 'Victory Cry', 'Poisma']
['Poisma', 'Dekaja', 'Rebellion', 'Tentarafoo']
['Mamudoon', 'Spell Master', 'Rebellion', 'Victory Cry']
['Mamudoon', 'Poisma', 'High Counter', 'Kill Rush']
['Provoke', 'Poisma', 'Rebellion', 'Kill Rush']
['Makarakarn', 'Poisma', 'Provoke', 'Tentarafoo']
['Provoke', 'Tentarafoo', 'Rebellion', 'Mamudoon']
['Poisma', 'Rebellion', 'Dekaja', 'High Counter']
['Poisma', 'Single Shot', 'High Counter', 'Provoke']
['Poisma', 'Tentarafoo', 'Rebellion', 'Single Shot']
['Makarakarn', 'High Counter', 'Kill Rush', 'Provoke']
['Foul Breath', 'Poisma', 'Provoke', 'Dekaja']
['Poisma', 'Provoke', 'Single Shot', 'Tentarafoo']
['Rebellion', 'Mamudoon', 'Poisma', 'Foul Breath']
['Poisma', 'High Counter', 'Rebellion', 'Mamudoon']
['Megidolaon', 'Single Shot', 'Provoke', 'Victory Cry']
['Rebellion', 'Poisma', 'Mamudoon', 'Kill Rush']
['Single Shot', 'Poisma', 'High Counter', 'Mamudoon']
['Victory Cry', 'Poisma', 'Tentarafoo', 'Single Shot']
['Provoke', 'Rebellion', 'Poisma', 'Foul Breath']
['Poisma', 'Rebellion', 'High Counter', 'Mamudoon']
['Poisma', 'Provoke', 'Rebellion', 'Makarakarn']
['Kill Rush', 'Tentarafoo', 'Poisma', 'Rebellion']
['Tentarafoo', 'Mamudoon', 'Poisma', 'Provoke']
['Poisma', 'Provoke', 'Victory Cry', 'Rebellion']
['Provoke', 'Rebellion', 'Poisma', 'Dekaja']
['Megidolaon', 'Rebellion', 'Provoke', 'Poisma']
['Poisma', 'Tentarafoo', 'Provoke', 'Mamudoon']
['Poisma', 'Rebellion', 'Victory Cry', 'Spell Master']
['Makarakarn', 'Provoke', 'Poisma', 'Spell Master']
['Rebellion', 'Makarakarn', 'Poisma', 'Spell Master']
['Makarakarn', 'Provoke', 'Dekaja', 'Poisma']
['Provoke', 'Poisma', 'Rebellion', 'Tentarafoo']
['Makarakarn', 'Provoke', 'Mamudoon', 'Poisma']
['Single Shot', 'Poisma', 'Foul Breath', 'Provoke']
['Rebellion', 'Poisma', 'Victory Cry', 'High Counter']
['Poisma', 'Spell Master', 'Tentarafoo', 'High Counter']
['Provoke', 'Rebellion', 'Spell Master', 'Tentarafoo']
['Spell Master', 'Provoke', 'Poisma', 'Victory Cry']
['Mamudoon', 'Poisma', 'Provoke', 'Single Shot']
['Foul Breath', 'Rebellion', 'Kill Rush', 'Dekaja']
['Poisma', 'Makarakarn', 'Provoke', 'Tentarafoo']
['Poisma', 'Provoke', 'Single Shot', 'Mamudoon']
['Poisma', 'Tentarafoo', 'Makarakarn', 'Mamudoon']
['Rebellion', 'High Counter', 'Provoke', 'Mamudoon']
['Rebellion', 'Foul Breath', 'Mamudoon', 'Poisma']
['Tentarafoo', 'Makarakarn', 'Single Shot', 'High Counter']
['Provoke', 'Single Shot', 'Poisma', 'Rebellion']
['Foul Breath', 'Dekaja', 'Kill Rush', 'Poisma']
['Poisma', 'Single Shot', 'Rebellion', 'Spell Master']
['High Counter', 'Single Shot', 'Poisma', 'Mamudoon']
['Tentarafoo', 'Provoke', 'Poisma', 'Mamudoon']
['Tentarafoo', 'Rebellion', 'Single Shot', 'Makarakarn']
['Victory Cry', 'Dekaja', 'Mamudoon', 'Poisma']
['Tentarafoo', 'Spell Master', 'Foul Breath', 'Mamudoon']
['Provoke', 'Poisma', 'Makarakarn', 'Foul Breath']
['High Counter', 'Provoke', 'Foul Breath', 'Poisma']
['Rebellion', 'Spell Master', 'Poisma', 'Provoke']
['Rebellion', 'Victory Cry', 'Provoke', 'High Counter']
['Makarakarn', 'Provoke', 'Poisma', 'Dekaja']
['Provoke', 'High Counter', 'Poisma', 'Rebellion']
['Provoke', 'Rebellion', 'Poisma', 'Dekaja']
['Poisma', 'Rebellion', 'Victory Cry', 'Provoke']
['Poisma', 'Mamudoon', 'Rebellion', 'Dekaja']
['Poisma', 'Tentarafoo', 'Foul Breath', 'Single Shot']
['Poisma', 'Single Shot', 'Tentarafoo', 'Spell Master']
['Foul Breath', 'Provoke', 'Poisma', 'Rebellion']
['Victory Cry', 'Provoke', 'Rebellion', 'Poisma']
['Rebellion', 'Poisma', 'Provoke', 'Kill Rush']
['Provoke', 'Mamudoon', 'Victory Cry', 'Single Shot']
['Poisma', 'Victory Cry', 'Dekaja', 'High Counter']
['Poisma', 'Provoke', 'Kill Rush', 'Rebellion']
['Mamudoon', 'Provoke', 'Victory Cry', 'Poisma']
['Single Shot', 'Poisma', 'Spell Master', 'Dekaja']
['Poisma', 'Mamudoon', 'Rebellion', 'Makarakarn']
['Poisma', 'Single Shot', 'Provoke', 'Rebellion']
['Mamudoon', 'Poisma', 'Tentarafoo', 'Foul Breath']
['Brave Blade', 'Dekaja', 'Rebellion', 'Provoke']
['Poisma', 'Rebellion', 'Provoke', 'Dekaja']
['Provoke', 'Rebellion', 'Poisma', 'Single Shot']
['Provoke', 'High Counter', 'Rebellion', 'Poisma']
['High Counter', 'Poisma', 'Victory Cry', 'Provoke']
['Poisma', 'Spell Master', 'Rebellion', 'High Counter']
['Poisma', 'Provoke', 'Single Shot', 'Tentarafoo']
['Provoke', 'Rebellion', 'Poisma', 'Makarakarn']
['Poisma', 'Foul Breath', 'Provoke', 'Mamudoon']
['Victory Cry', 'Poisma', 'Makarakarn', 'Provoke']
['High Counter', 'Provoke', 'Poisma', 'Foul Breath']
['Poisma', 'Rebellion', 'Mamudoon', 'Tentarafoo']
['Rebellion', 'Victory Cry', 'Provoke', 'Poisma']
['Spell Master', 'Poisma', 'Rebellion', 'Provoke']
['Poisma', 'High Counter', 'Provoke', 'Foul Breath']
['Poisma', 'Mamudoon', 'Single Shot', 'Spell Master']
['Poisma', 'Dekaja', 'Mamudoon', 'Provoke']
['Foul Breath', 'Provoke', 'Poisma', 'Dekaja']
['Victory Cry', 'Rebellion', 'Single Shot', 'Poisma']
['Rebellion', 'Provoke', 'Dekaja', 'Poisma']
['Provoke', 'Rebellion', 'High Counter', 'Foul Breath']
['Makarakarn', 'High Counter', 'Provoke', 'Poisma']
['Provoke', 'Makarakarn', 'Mamudoon', 'Tentarafoo']
['Tentarafoo', 'Makarakarn', 'High Counter', 'Mamudoon']
['Poisma', 'Rebellion', 'Mamudoon', 'Provoke']
['Rebellion', 'High Counter', 'Dekaja', 'Tentarafoo']
['Dekaja', 'Poisma', 'Single Shot', 'Victory Cry']
['Single Shot', 'Victory Cry', 'Provoke', 'Poisma']
['Single Shot', 'Rebellion', 'Provoke', 'High Counter']
['Poisma', 'Kill Rush', 'Dekaja', 'Rebellion']
['Rebellion', 'Provoke', 'Mamudoon', 'Poisma']
['Poisma', 'Spell Master', 'Provoke', 'Single Shot']
['Dekaja', 'Rebellion', 'Spell Master', 'Makarakarn']
['Rebellion', 'Poisma', 'Provoke', 'Tentarafoo']
['Kill Rush', 'Provoke', 'Poisma', 'Spell Master']
['Megidolaon', 'Mamudoon', 'Makarakarn', 'Victory Cry']
['Provoke', 'Poisma', 'Rebellion', 'Single Shot']
['Poisma', 'Rebellion', 'Tentarafoo', 'High Counter']
['Tentarafoo', 'Poisma', 'Makarakarn', 'Single Shot']
['Mamudoon', 'Poisma', 'High Counter', 'Tentarafoo']
['Rebellion', 'Makarakarn', 'Tentarafoo', 'Mamudoon']
['Poisma', 'Tentarafoo', 'Rebellion', 'Single Shot']
['Makarakarn', 'Dekaja', 'Foul Breath', 'Poisma']
['Poisma', 'Tentarafoo', 'High Counter', 'Spell Master']
['Rebellion', 'Poisma', 'Provoke', 'Foul Breath']
['Foul Breath', 'Poisma', 'Rebellion', 'Makarakarn']
['Tentarafoo', 'Single Shot', 'Poisma', 'Mamudoon']
['Tentarafoo', 'Mamudoon', 'Makarakarn', 'High Counter']
['Poisma', 'Dekaja', 'Tentarafoo', 'Rebellion']
['Rebellion', 'Single Shot', 'Poisma', 'Dekaja']
['Spell Master', 'Rebellion', 'Provoke', 'Victory Cry']
['Rebellion', 'Mamudoon', 'High Counter', 'Poisma']
['Brave Blade', 'High Counter', 'Foul Breath', 'Dekaja']
['Foul Breath', 'Poisma', 'Provoke', 'Mamudoon']
['Poisma', 'Mamudoon', 'High Counter', 'Provoke']
['Spell Master', 'Poisma', 'Single Shot', 'Provoke']
['Provoke', 'Rebellion', 'Poisma', 'Kill Rush']
['Megidolaon', 'Poisma', 'Rebellion', 'Tentarafoo']
['Poisma', 'Rebellion', 'Provoke', 'Spell Master']
['Tentarafoo', 'Mamudoon', 'Kill Rush', 'High Counter']
['Dekaja', 'Poisma', 'Tentarafoo', 'Provoke']
['Provoke', 'Tentarafoo', 'High Counter', 'Rebellion']
['Mamudoon', 'Provoke', 'Rebellion', 'High Counter']
['Poisma', 'Dekaja', 'Rebellion', 'Makarakarn']
['Spell Master', 'Poisma', 'Dekaja', 'Single Shot']
['Provoke', 'High Counter', 'Poisma', 'Tentarafoo']
['Provoke', 'Mamudoon', 'Dekaja', 'Poisma']
['Foul Breath', 'Makarakarn', 'Mamudoon', 'Spell Master']
['Provoke', 'High Counter', 'Poisma', 'Kill Rush']
['Dekaja', 'Megidolaon', 'Provoke', 'Poisma']
['Poisma', 'Rebellion', 'High Counter', 'Spell Master']
['Rebellion', 'Kill Rush', 'High Counter', 'Makarakarn']
['Provoke', 'Single Shot', 'Poisma', 'Dekaja']
['Provoke', 'Mamudoon', 'Poisma', 'Rebellion']
['Foul Breath', 'Kill Rush', 'Provoke', 'Mamudoon']
['Tentarafoo', 'Poisma', 'Makarakarn', 'Mamudoon']
['Spell Master', 'Dekaja', 'Poisma', 'Mamudoon']
['Poisma', 'Victory Cry', 'Rebellion', 'Provoke']
['Spell Master', 'Tentarafoo', 'Single Shot', 'Poisma']
['Makarakarn', 'High Counter', 'Poisma', 'Single Shot']
['Single Shot', 'Mamudoon', 'Poisma', 'Provoke']
['Provoke', 'Poisma', 'Single Shot', 'Rebellion']
['Poisma', 'Dekaja', 'Makarakarn', 'Mamudoon']
['Provoke', 'Victory Cry', 'Rebellion', 'Makarakarn']
['Poisma', 'Single Shot', 'Kill Rush', 'Mamudoon']
['Rebellion', 'Single Shot', 'High Counter', 'Poisma']
['Poisma', 'Single Shot', 'High Counter', 'Rebellion']
['Poisma', 'Provoke', 'Mamudoon', 'Makarakarn']
['High Counter', 'Provoke', 'Kill Rush', 'Poisma']
['Brave Blade', 'Provoke', 'Rebellion', 'Victory Cry']
['Provoke', 'Rebellion', 'Makarakarn', 'Mamudoon']
['Provoke', 'High Counter', 'Foul Breath', 'Poisma']
['Provoke', 'Poisma', 'Dekaja', 'Tentarafoo']
['High Counter', 'Poisma', 'Dekaja', 'Mamudoon']
['High Counter', 'Poisma', 'Rebellion', 'Tentarafoo']
['Tentarafoo', 'Poisma', 'Single Shot', 'Dekaja']
['Mamudoon', 'Rebellion', 'Poisma', 'Kill Rush']
['Poisma', 'Provoke', 'Victory Cry', 'Rebellion']
['Dekaja', 'Makarakarn', 'Poisma', 'Mamudoon']
['Rebellion', 'Poisma', 'Provoke', 'Foul Breath']
['Makarakarn', 'Mamudoon', 'Single Shot', 'Poisma']
['Mamudoon', 'Victory Cry', 'Kill Rush', 'Poisma']
['Poisma', 'Provoke', 'Makarakarn', 'Rebellion']
['Single Shot', 'Tentarafoo', 'Makarakarn', 'High Counter']
['Mamudoon', 'Poisma', 'High Counter', 'Dekaja']
['Tentarafoo', 'Provoke', 'Makarakarn', 'Poisma']
['Tentarafoo', 'Makarakarn', 'Provoke', 'High Counter']
['Makarakarn', 'Rebellion', 'Single Shot', 'Spell Master']
['Single Shot', 'Poisma', 'Provoke', 'Mamudoon']
['Poisma', 'Rebellion', 'Kill Rush', 'Spell Master']
['Provoke', 'Makarakarn', 'Poisma', 'Dekaja']
['Dekaja', 'Poisma', 'Foul Breath', 'Tentarafoo']
['Makarakarn', 'Spell Master', 'Poisma', 'Rebellion']
['Rebellion', 'High Counter', 'Poisma', 'Dekaja']
['High Counter', 'Kill Rush', 'Tentarafoo', 'Rebellion']
['Victory Cry', 'Provoke', 'Poisma', 'Rebellion']
['Provoke', 'Kill Rush', 'Poisma', 'Makarakarn']
['Tentarafoo', 'Dekaja', 'Provoke', 'Poisma']
['Poisma', 'Rebellion', 'Mamudoon', 'Provoke']
['Poisma', 'Tentarafoo', 'Mamudoon', 'Rebellion']
['Poisma', 'Dekaja', 'Tentarafoo', 'Rebellion']
['Single Shot', 'Foul Breath', 'Spell Master', 'Poisma']
['Rebellion', 'Single Shot', 'Mamudoon', 'Poisma']
['Provoke', 'Tentarafoo', 'Poisma', 'Mamudoon']
['Megidolaon', 'Kill Rush', 'Rebellion', 'Tentarafoo']
['Poisma', 'Provoke', 'Makarakarn', 'High Counter']
['Rebellion', 'Dekaja', 'Poisma', 'Spell Master']
['Mamudoon', 'Dekaja', 'High Counter', 'Rebellion']
['High Counter', 'Poisma', 'Provoke', 'Mamudoon']
['Poisma', 'Provoke', 'Dekaja', 'Makarakarn']
['Poisma', 'Single Shot', 'High Counter', 'Mamudoon']
['Poisma', 'Tentarafoo', 'Brave Blade', 'Rebellion']
['Rebellion', 'Provoke', 'Single Shot', 'Poisma']
['Poisma', 'Rebellion', 'Victory Cry', 'Mamudoon']
['Dekaja', 'Single Shot', 'Rebellion', 'Foul Breath']
['Mamudoon', 'Poisma', 'Rebellion', 'Provoke']
['Rebellion', 'Mamudoon', 'Poisma', 'Provoke']
['Rebellion', 'Poisma', 'Mamudoon', 'Provoke']
['Poisma', 'Spell Master', 'High Counter', 'Mamudoon']
['Mamudoon', 'Rebellion', 'Poisma', 'High Counter']
['Single Shot', 'Poisma', 'Rebellion', 'Tentarafoo']
['Poisma', 'Mamudoon', 'Makarakarn', 'High Counter']
['Victory Cry', 'Tentarafoo', 'Single Shot', 'Dekaja']
['Poisma', 'Spell Master', 'Rebellion', 'Provoke']
['Poisma', 'Rebellion', 'Foul Breath', 'High Counter']
['Dekaja', 'Single Shot', 'Rebellion', 'Poisma']
['Foul Breath', 'Poisma', 'Provoke', 'Rebellion']
['Single Shot', 'Makarakarn', 'Dekaja', 'Poisma']
['Rebellion', 'High Counter', 'Spell Master', 'Poisma']
['High Counter', 'Dekaja', 'Poisma', 'Tentarafoo']
['Victory Cry', 'Single Shot', 'Mamudoon', 'Tentarafoo']
['Victory Cry', 'Provoke', 'Rebellion', 'Tentarafoo']
['Rebellion', 'Provoke', 'Dekaja', 'Poisma']
['Poisma', 'Provoke', 'Rebellion', 'Tentarafoo']
['Rebellion', 'Mamudoon', 'Provoke', 'Poisma']
['Poisma', 'Foul Breath', 'Rebellion', 'Kill Rush']
['Poisma', 'Provoke', 'Makarakarn', 'Rebellion']
['Spell Master', 'Poisma', 'Tentarafoo', 'Victory Cry']
['Victory Cry', 'Poisma', 'Rebellion', 'High Counter']
['Rebellion', 'Poisma', 'Dekaja', 'Spell Master']
['Kill Rush', 'Poisma', 'Spell Master', 'Dekaja']
['Poisma', 'Victory Cry', 'Tentarafoo', 'Spell Master']
['Rebellion', 'Single Shot', 'High Counter', 'Spell Master']
['Poisma', 'Single Shot', 'Tentarafoo', 'Rebellion']
['Poisma', 'Provoke', 'High Counter', 'Makarakarn']
['Single Shot', 'Rebellion', 'Makarakarn', 'Dekaja']
['Rebellion', 'Provoke', 'Dekaja', 'Poisma']
['Tentarafoo', 'Provoke', 'Poisma', 'High Counter']
['Dekaja', 'Poisma', 'Tentarafoo', 'Single Shot']
['Mamudoon', 'High Counter', 'Rebellion', 'Poisma']
['Tentarafoo', 'Rebellion', 'Foul Breath', 'Spell Master']
['Makarakarn', 'Rebellion', 'Single Shot', 'Dekaja']
['Poisma', 'Mamudoon', 'Rebellion', 'Provoke']
['Poisma', 'Dekaja', 'Tentarafoo', 'Mamudoon']
['Poisma', 'Provoke', 'Spell Master', 'Dekaja']
['Makarakarn', 'Megidolaon', 'Dekaja', 'Tentarafoo']
['Tentarafoo', 'Poisma', 'Provoke', 'High Counter']
['Rebellion', 'Poisma', 'High Counter', 'Makarakarn']
['Dekaja', 'Makarakarn', 'Poisma', 'Provoke']
['Poisma', 'Spell Master', 'Dekaja', 'Tentarafoo']
['Tentarafoo', 'Poisma', 'Rebellion', 'Makarakarn']
['Rebellion', 'Poisma', 'Mamudoon', 'High Counter']
['Poisma', 'Provoke', 'Tentarafoo', 'Spell Master']
['Poisma', 'Provoke', 'Single Shot', 'Victory Cry']
['Kill Rush', 'Tentarafoo', 'Mamudoon', 'Provoke']
['Poisma', 'Spell Master', 'Provoke', 'Mamudoon']
['Poisma', 'Single Shot', 'Mamudoon', 'Provoke']
['Mamudoon', 'Poisma', 'Dekaja', 'Kill Rush']
['Dekaja', 'Rebellion', 'Provoke', 'Poisma']
['Provoke', 'Makarakarn', 'Poisma', 'Dekaja']
['Rebellion', 'Foul Breath', 'Poisma', 'Provoke']
['Tentarafoo', 'Provoke', 'Kill Rush', 'Rebellion']
['Provoke', 'Poisma', 'Tentarafoo', 'Dekaja']
['Poisma', 'Foul Breath', 'Provoke', 'High Counter']
['Provoke', 'Dekaja', 'Single Shot', 'Poisma']
['Provoke', 'Dekaja', 'Rebellion', 'Tentarafoo']
['Provoke', 'Poisma', 'Tentarafoo', 'Rebellion']
['High Counter', 'Foul Breath', 'Tentarafoo', 'Provoke']
['Mamudoon', 'Provoke', 'Poisma', 'Rebellion']
['Single Shot', 'Spell Master', 'Mamudoon', 'Tentarafoo']
['Poisma', 'Tentarafoo', 'Dekaja', 'High Counter']
['Provoke', 'Dekaja', 'Rebellion', 'Poisma']
['Poisma', 'Foul Breath', 'Makarakarn', 'Mamudoon']
['Rebellion', 'Single Shot', 'Provoke', 'Spell Master']
['Rebellion', 'Single Shot', 'Makarakarn', 'Poisma']
['Foul Breath', 'Single Shot', 'Rebellion', 'Provoke']
['Poisma', 'Provoke', 'Spell Master', 'Rebellion']
['Mamudoon', 'Poisma', 'High Counter', 'Victory Cry']
['Poisma', 'Kill Rush', 'Provoke', 'Single Shot']
['Poisma', 'Kill Rush', 'Makarakarn', 'Spell Master']
['Single Shot', 'Poisma', 'Rebellion', 'Tentarafoo']
['Rebellion', 'Poisma', 'Tentarafoo', 'Provoke']
['Mamudoon', 'Provoke', 'Rebellion', 'Poisma']
['Rebellion', 'Provoke', 'Tentarafoo', 'Poisma']
['Dekaja', 'High Counter', 'Makarakarn', 'Victory Cry']
['Poisma', 'Rebellion', 'Foul Breath', 'High Counter']
['Poisma', 'Tentarafoo', 'Rebellion', 'High Counter']
['Poisma', 'Single Shot', 'Spell Master', 'High Counter']
['Foul Breath', 'Poisma', 'Makarakarn', 'Provoke']
['Rebellion', 'Makarakarn', 'Provoke', 'Poisma']
['Poisma', 'Rebellion', 'Makarakarn', 'Brave Blade']
['Poisma', 'Provoke', 'Rebellion', 'High Counter']
['Provoke', 'Poisma', 'Rebellion', 'Single Shot']
['Provoke', 'Megidolaon', 'Mamudoon', 'Rebellion']
['High Counter', 'Poisma', 'Mamudoon', 'Rebellion']
['Provoke', 'Poisma', 'Rebellion', 'High Counter']
['Poisma', 'Rebellion', 'Makarakarn', 'Foul Breath']
['Poisma', 'Rebellion', 'Makarakarn', 'Provoke']
['Rebellion', 'Provoke', 'Dekaja', 'Poisma']
['Provoke', 'Foul Breath', 'Poisma', 'Single Shot']
['Single Shot', 'Poisma', 'Mamudoon', 'Victory Cry']
['Poisma', 'Single Shot', 'Foul Breath', 'Dekaja']
['Poisma', 'Tentarafoo', 'Provoke', 'Mamudoon']
['Mamudoon', 'High Counter', 'Rebellion', 'Poisma']
['Poisma', 'Provoke', 'Rebellion', 'Foul Breath']
['Poisma', 'Rebellion', 'Spell Master', 'Provoke']
['Poisma', 'Provoke', 'Tentarafoo', 'Brave Blade']
['Mamudoon', 'Rebellion', 'Poisma', 'Makarakarn']
['Tentarafoo', 'Poisma', 'Provoke', 'Makarakarn']
['Single Shot', 'Poisma', 'Rebellion', 'Provoke']
['Spell Master', 'Provoke', 'Single Shot', 'Tentarafoo']
['Poisma', 'High Counter', 'Rebellion', 'Dekaja']
['Makarakarn', 'Provoke', 'Foul Breath', 'Spell Master']
['Spell Master', 'Single Shot', 'Makarakarn', 'Mamudoon']
['Dekaja', 'Provoke', 'Single Shot', 'Poisma']
['Rebellion', 'Victory Cry', 'Provoke', 'Dekaja']
['Provoke', 'High Counter', 'Single Shot', 'Rebellion']
['Spell Master', 'High Counter', 'Poisma', 'Provoke']
['Provoke', 'Poisma', 'Kill Rush', 'Mamudoon']
['Provoke', 'Poisma', 'Rebellion', 'Tentarafoo']
['Poisma', 'Makarakarn', 'Rebellion', 'Dekaja']
['Poisma', 'High Counter', 'Mamudoon', 'Provoke']
['Poisma', 'Rebellion', 'Dekaja', 'Makarakarn']
['Poisma', 'Provoke', 'Foul Breath', 'Rebellion']
['Provoke', 'Poisma', 'Dekaja', 'Single Shot']
['Provoke', 'Rebellion', 'Poisma', 'Tentarafoo']
['Tentarafoo', 'Provoke', 'Poisma', 'Dekaja']
['Dekaja', 'Victory Cry', 'Rebellion', 'Poisma']
['Tentarafoo', 'Victory Cry', 'Poisma', 'Single Shot']
['Poisma', 'Mamudoon', 'Foul Breath', 'Provoke']
['Poisma', 'Rebellion', 'Provoke', 'Mamudoon']
['High Counter', 'Single Shot', 'Tentarafoo', 'Mamudoon']
['Makarakarn', 'High Counter', 'Poisma', 'Rebellion']
['Rebellion', 'Makarakarn', 'Provoke', 'Poisma']
['Mamudoon', 'High Counter', 'Victory Cry', 'Poisma']
['Dekaja', 'Mamudoon', 'Foul Breath', 'High Counter']
['Foul Breath', 'Rebellion', 'Poisma', 'Provoke']
['Dekaja', 'Rebellion', 'Tentarafoo', 'Single Shot']
['Rebellion', 'Brave Blade', 'Poisma', 'Provoke']
['High Counter', 'Mamudoon', 'Tentarafoo', 'Poisma']
['Provoke', 'Poisma', 'Spell Master', 'Mamudoon']
['High Counter', 'Rebellion', 'Poisma', 'Foul Breath']
['Foul Breath', 'Mamudoon', 'Dekaja', 'Poisma']
['Tentarafoo', 'Provoke', 'Poisma', 'Spell Master']
['Poisma', 'Rebellion', 'Provoke', 'Dekaja']
['Poisma', 'Makarakarn', 'Tentarafoo', 'Rebellion']
['Provoke', 'High Counter', 'Makarakarn', 'Poisma']
['Single Shot', 'Provoke', 'High Counter', 'Poisma']
['Rebellion', 'Tentarafoo', 'Poisma', 'Provoke']
['Poisma', 'Kill Rush', 'Dekaja', 'High Counter']
['Victory Cry', 'Mamudoon', 'High Counter', 'Poisma']
['Kill Rush', 'Provoke', 'Poisma', 'Mamudoon']
['Poisma', 'Mamudoon', 'Tentarafoo', 'Rebellion']
['Spell Master', 'Rebellion', 'Poisma', 'Makarakarn']
['Rebellion', 'Poisma', 'Dekaja', 'Kill Rush']
['Provoke', 'Poisma', 'Mamudoon', 'Brave Blade']
['Mamudoon', 'High Counter', 'Poisma', 'Tentarafoo']
['Tentarafoo', 'Rebellion', 'Provoke', 'Foul Breath']
['Poisma', 'Foul Breath', 'Tentarafoo', 'Dekaja']
['Rebellion', 'Provoke', 'Makarakarn', 'Kill Rush']
['Mamudoon', 'Rebellion', 'Megidolaon', 'Single Shot']
['Rebellion', 'Poisma', 'Tentarafoo', 'Makarakarn']
['Foul Breath', 'Kill Rush', 'Poisma', 'Rebellion']
['Poisma', 'Rebellion', 'Tentarafoo', 'Foul Breath']
['Makarakarn', 'Provoke', 'Poisma', 'High Counter']
['Poisma', 'Provoke', 'Tentarafoo', 'Mamudoon']
['Mamudoon', 'Rebellion', 'Foul Breath', 'Poisma']
['Rebellion', 'Poisma', 'Mamudoon', 'High Counter']
['Makarakarn', 'Rebellion', 'Poisma', 'High Counter']
['Mamudoon', 'Poisma', 'Rebellion', 'Tentarafoo']
['Mamudoon', 'Poisma', 'Megidolaon', 'Makarakarn']
['Poisma', 'Rebellion', 'Dekaja', 'Tentarafoo']
['Victory Cry', 'Makarakarn', 'Poisma', 'Single Shot']
['Tentarafoo', 'Provoke', 'High Counter', 'Poisma']
['Provoke', 'Single Shot', 'Poisma', 'High Counter']
['Poisma', 'Rebellion', 'Single Shot', 'High Counter']
['Provoke', 'Poisma', 'Tentarafoo', 'High Counter']
['High Counter', 'Poisma', 'Spell Master', 'Dekaja']
['Rebellion', 'Poisma', 'Megidolaon', 'Makarakarn']
['Provoke', 'Poisma', 'Rebellion', 'High Counter']
['Mamudoon', 'Makarakarn', 'Rebellion', 'Provoke']
['Poisma', 'Provoke', 'Makarakarn', 'Foul Breath']
['Provoke', 'Poisma', 'Rebellion', 'High Counter']
['Poisma', 'Provoke', 'Dekaja', 'Single Shot']
['Dekaja', 'Rebellion', 'Provoke', 'Poisma']
['Rebellion', 'Poisma', 'Single Shot', 'Foul Breath']
['Provoke', 'Tentarafoo', 'Dekaja', 'Poisma']
['Makarakarn', 'Rebellion', 'Single Shot', 'Tentarafoo']
['Poisma', 'Mamudoon', 'Makarakarn', 'Dekaja']
['Poisma', 'Dekaja', 'Provoke', 'Makarakarn']
['Kill Rush', 'Mamudoon', 'Poisma', 'Provoke']
['Poisma', 'Rebellion', 'Foul Breath', 'Mamudoon']
['High Counter', 'Rebellion', 'Spell Master', 'Megidolaon']
['Rebellion', 'Mamudoon', 'Poisma', 'Tentarafoo']
['Single Shot', 'Provoke', 'Poisma', 'Rebellion']
['Poisma', 'Provoke', 'Single Shot', 'Mamudoon']
['Poisma', 'Mamudoon', 'Single Shot', 'Rebellion']
['Poisma', 'Foul Breath', 'Spell Master', 'Rebellion']
['Rebellion', 'Poisma', 'Kill Rush', 'Mamudoon']
['Poisma', 'Mamudoon', 'Makarakarn', 'Spell Master']
['Megidolaon', 'Poisma', 'Rebellion', 'Provoke']
['Single Shot', 'Poisma', 'Rebellion', 'Tentarafoo']
['Rebellion', 'Tentarafoo', 'Victory Cry', 'Poisma']
['Rebellion', 'Provoke', 'Poisma', 'Kill Rush']
['Makarakarn', 'Poisma', 'Provoke', 'Dekaja']
['Poisma', 'Makarakarn', 'Rebellion', 'Provoke']
['Dekaja', 'Provoke', 'Spell Master', 'Victory Cry']
['High Counter', 'Makarakarn', 'Rebellion', 'Poisma']
['Single Shot', 'Poisma', 'High Counter', 'Foul Breath']
['High Counter', 'Tentarafoo', 'Foul Breath', 'Poisma']
['Provoke', 'Single Shot', 'Poisma', 'Megidolaon']
['Kill Rush', 'Poisma', 'Tentarafoo', 'Victory Cry']
['Victory Cry', 'Poisma', 'Provoke', 'Mamudoon']
['Poisma', 'Victory Cry', 'Rebellion', 'Mamudoon']
['Rebellion', 'Poisma', 'Single Shot', 'High Counter']
['Mamudoon', 'Poisma', 'High Counter', 'Provoke']
['Mamudoon', 'Spell Master', 'Tentarafoo', 'Dekaja']
['Makarakarn', 'Rebellion', 'Poisma', 'Single Shot']
['Foul Breath', 'Mamudoon', 'Poisma', 'Rebellion']
['High Counter', 'Poisma', 'Rebellion', 'Tentarafoo']
['Poisma', 'High Counter', 'Single Shot', 'Rebellion']
['Tentarafoo', 'Poisma', 'Single Shot', 'Spell Master']
['Poisma', 'Dekaja', 'Victory Cry', 'Provoke']
['Rebellion', 'Poisma', 'Tentarafoo', 'Makarakarn']
['Poisma', 'High Counter', 'Provoke', 'Victory Cry']
['Tentarafoo', 'Mamudoon', 'Provoke', 'Rebellion']
['High Counter', 'Poisma', 'Mamudoon', 'Single Shot']
['High Counter', 'Poisma', 'Makarakarn', 'Rebellion']
['High Counter', 'Poisma', 'Provoke', 'Foul Breath']
['Provoke', 'Rebellion', 'Makarakarn', 'Poisma']
['Foul Breath', 'Tentarafoo', 'Poisma', 'Rebellion']
['Rebellion', 'High Counter', 'Mamudoon', 'Dekaja']
['Rebellion', 'Poisma', 'Provoke', 'Foul Breath']
['Foul Breath', 'Poisma', 'Tentarafoo', 'Rebellion']
['Provoke', 'Poisma', 'Rebellion', 'Makarakarn']
['Makarakarn', 'Poisma', 'Rebellion', 'Provoke']
['Provoke', 'Poisma', 'Rebellion', 'Makarakarn']
['Single Shot', 'Victory Cry', 'Poisma', 'Rebellion']
['Dekaja', 'Poisma', 'Rebellion', 'Provoke']
['Poisma', 'Mamudoon', 'Foul Breath', 'Rebellion']
['Provoke', 'Poisma', 'Tentarafoo', 'Single Shot']
['Poisma', 'Foul Breath', 'Rebellion', 'Tentarafoo']
['Poisma', 'Single Shot', 'Dekaja', 'Provoke']
['Poisma', 'Tentarafoo', 'Brave Blade', 'Rebellion']
['High Counter', 'Poisma', 'Foul Breath', 'Rebellion']
['Foul Breath', 'Single Shot', 'Provoke', 'Poisma']
['Single Shot', 'Rebellion', 'Poisma', 'Dekaja']
['Poisma', 'Tentarafoo', 'Makarakarn', 'Rebellion']
['Poisma', 'Tentarafoo', 'High Counter', 'Dekaja']
['Rebellion', 'Mamudoon', 'Single Shot', 'Tentarafoo']
['Single Shot', 'Provoke', 'Rebellion', 'Poisma']
['High Counter', 'Provoke', 'Mamudoon', 'Rebellion']
['Poisma', 'Provoke', 'Kill Rush', 'Rebellion']
['Poisma', 'Rebellion', 'Victory Cry', 'Mamudoon']
['Poisma', 'Tentarafoo', 'Provoke', 'Single Shot']
['Poisma', 'Rebellion', 'High Counter', 'Single Shot']
['Tentarafoo', 'Spell Master', 'Rebellion', 'Poisma']
['Victory Cry', 'Rebellion', 'Foul Breath', 'Provoke']
['Poisma', 'Rebellion', 'Victory Cry', 'Mamudoon']
['Tentarafoo', 'Poisma', 'High Counter', 'Rebellion']
['Poisma', 'Provoke', 'Makarakarn', 'Rebellion']
['Poisma', 'Victory Cry', 'Provoke', 'Makarakarn']
['Makarakarn', 'Rebellion', 'Mamudoon', 'Victory Cry']
['Rebellion', 'Poisma', 'Mamudoon', 'High Counter']
['Provoke', 'Single Shot', 'Mamudoon', 'Foul Breath']
['Poisma', 'Rebellion', 'Single Shot', 'Tentarafoo']
['Victory Cry', 'Poisma', 'Rebellion', 'Tentarafoo']
['Kill Rush', 'Rebellion', 'Poisma', 'Makarakarn']
['Dekaja', 'Provoke', 'Rebellion', 'Poisma']
['Tentarafoo', 'Poisma', 'Mamudoon', 'Provoke']
['Poisma', 'Dekaja', 'Rebellion', 'Single Shot']
['Spell Master', 'Poisma', 'Victory Cry', 'Makarakarn']
['Poisma', 'Rebellion', 'High Counter', 'Provoke']
['High Counter', 'Tentarafoo', 'Rebellion', 'Provoke']
['Spell Master', 'Victory Cry', 'Provoke', 'Foul Breath']
['Dekaja', 'Poisma', 'Tentarafoo', 'Single Shot']
['Rebellion', 'High Counter', 'Dekaja', 'Tentarafoo']
['Poisma', 'Provoke', 'Tentarafoo', 'Spell Master']
['Tentarafoo', 'Poisma', 'Provoke', 'Rebellion']
['Poisma', 'Single Shot', 'Dekaja', 'Rebellion']
['Poisma', 'Rebellion', 'Tentarafoo', 'Provoke']
['High Counter', 'Victory Cry', 'Rebellion', 'Makarakarn']
['Rebellion', 'Mamudoon', 'Victory Cry', 'Single Shot']
['Provoke', 'Poisma', 'Mamudoon', 'Dekaja']
['Rebellion', 'Mamudoon', 'Provoke', 'Poisma']
['Provoke', 'Makarakarn', 'Victory Cry', 'Mamudoon']
['High Counter', 'Foul Breath', 'Poisma', 'Tentarafoo']
['Single Shot', 'Poisma', 'Spell Master', 'Rebellion']
['Poisma', 'High Counter', 'Makarakarn', 'Rebellion']
['Rebellion', 'Tentarafoo', 'Single Shot', 'Foul Breath']
['Rebellion', 'Makarakarn', 'Tentarafoo', 'Poisma']
['Kill Rush', 'Tentarafoo', 'Provoke', 'Poisma']
['Victory Cry', 'High Counter', 'Mamudoon', 'Provoke']
['Makarakarn', 'Provoke', 'Dekaja', 'Poisma']
['Single Shot', 'Tentarafoo', 'Rebellion', 'Dekaja']
['Poisma', 'Rebellion', 'Dekaja', 'Provoke']
['Dekaja', 'Single Shot', 'Tentarafoo', 'Poisma']
['Poisma', 'Spell Master', 'High Counter', 'Single Shot']
['Poisma', 'Rebellion', 'High Counter', 'Tentarafoo']
['Tentarafoo', 'Provoke', 'Poisma', 'Kill Rush']
['Tentarafoo', 'Foul Breath', 'Poisma', 'Provoke']
['Poisma', 'Kill Rush', 'Rebellion', 'Single Shot']
['Mamudoon', 'Tentarafoo', 'Poisma', 'Rebellion']
['Single Shot', 'Victory Cry', 'Rebellion', 'Dekaja']
['Single Shot', 'Poisma', 'Provoke', 'Rebellion']
['High Counter', 'Rebellion', 'Single Shot', 'Poisma']
['Tentarafoo', 'Mamudoon', 'Spell Master', 'Provoke']
['Megidolaon', 'Poisma', 'Provoke', 'Rebellion']
['Dekaja', 'Rebellion', 'Poisma', 'High Counter']
['Dekaja', 'Provoke', 'Poisma', 'Rebellion']
['Rebellion', 'Poisma', 'Dekaja', 'Mamudoon']
['Dekaja', 'Makarakarn', 'Provoke', 'Poisma']
['Provoke', 'Poisma', 'Rebellion', 'Dekaja']
['Provoke', 'High Counter', 'Poisma', 'Spell Master']
['Poisma', 'Provoke', 'Single Shot', 'Tentarafoo']
['High Counter', 'Poisma', 'Rebellion', 'Makarakarn']
['Foul Breath', 'Poisma', 'Mamudoon', 'Victory Cry']
['Makarakarn', 'Tentarafoo', 'Rebellion', 'Poisma']
['Tentarafoo', 'Poisma', 'High Counter', 'Provoke']
['Poisma', 'Victory Cry', 'Provoke', 'Rebellion']
['Poisma', 'Brave Blade', 'Provoke', 'Tentarafoo']
['Tentarafoo', 'Rebellion', 'Provoke', 'Poisma']
['Victory Cry', 'Tentarafoo', 'Poisma', 'Rebellion']
['Poisma', 'Provoke', 'Dekaja', 'High Counter']
['Provoke', 'Rebellion', 'Makarakarn', 'Poisma']
['Provoke', 'Rebellion', 'Poisma', 'Spell Master']
['Poisma', 'Rebellion', 'Kill Rush', 'Provoke']
['Poisma', 'Provoke', 'Mamudoon', 'Dekaja']
['Spell Master', 'Poisma', 'Mamudoon', 'High Counter']
['Provoke', 'Rebellion', 'Makarakarn', 'Poisma']
['Mamudoon', 'Poisma', 'Foul Breath', 'High Counter']
['Poisma', 'Rebellion', 'Tentarafoo', 'Spell Master']
['Single Shot', 'Poisma', 'Rebellion', 'Foul Breath']
['Mamudoon', 'Makarakarn', 'High Counter', 'Dekaja']
['Foul Breath', 'Victory Cry', 'Rebellion', 'Poisma']
['Dekaja', 'Makarakarn', 'Victory Cry', 'Poisma']
['Poisma', 'High Counter', 'Rebellion', 'Foul Breath']
['Provoke', 'Rebellion', 'Single Shot', 'Makarakarn']
['Poisma', 'Provoke', 'High Counter', 'Mamudoon']
['Poisma', 'Makarakarn', 'Dekaja', 'Provoke']
['Rebellion', 'Dekaja', 'Single Shot', 'Victory Cry']
['Poisma', 'Mamudoon', 'High Counter', 'Makarakarn']
['Tentarafoo', 'Provoke', 'Poisma', 'High Counter']
['Spell Master', 'Rebellion', 'High Counter', 'Poisma']
['Mamudoon', 'Single Shot', 'Provoke', 'Victory Cry']
['Rebellion', 'Poisma', 'Single Shot', 'Foul Breath']
['Foul Breath', 'Spell Master', 'Rebellion', 'Poisma']
['Provoke', 'Victory Cry', 'Tentarafoo', 'High Counter']
['Provoke', 'Dekaja', 'Poisma', 'Spell Master']
['Provoke', 'Mamudoon', 'Poisma', 'High Counter']
['Single Shot', 'Provoke', 'Poisma', 'Mamudoon']
['Poisma', 'Kill Rush', 'Provoke', 'Tentarafoo']
['Dekaja', 'Mamudoon', 'Kill Rush', 'Spell Master']
['Tentarafoo', 'Rebellion', 'Poisma', 'Mamudoon']
['Tentarafoo', 'Poisma', 'Mamudoon', 'Single Shot']
['Provoke', 'Mamudoon', 'Tentarafoo', 'Poisma']
['Poisma', 'High Counter', 'Victory Cry', 'Provoke']
['Poisma', 'Foul Breath', 'Tentarafoo', 'Provoke']
['Poisma', 'Provoke', 'Mamudoon', 'Dekaja']
['Poisma', 'Mamudoon', 'Makarakarn', 'Tentarafoo']
['Kill Rush', 'Single Shot', 'Poisma', 'High Counter']
['Tentarafoo', 'Provoke', 'Dekaja', 'Foul Breath']
['Poisma', 'Victory Cry', 'Makarakarn', 'Rebellion']
['Rebellion', 'High Counter', 'Tentarafoo', 'Poisma']
['Rebellion', 'Poisma', 'Mamudoon', 'Tentarafoo']
['Single Shot', 'Poisma', 'Spell Master', 'Tentarafoo']
['Dekaja', 'Provoke', 'Rebellion', 'High Counter']
['Rebellion', 'Provoke', 'Single Shot', 'Poisma']
['Single Shot', 'Provoke', 'Rebellion', 'Dekaja']
['High Counter', 'Poisma', 'Rebellion', 'Tentarafoo']
['Single Shot', 'Makarakarn', 'Poisma', 'Spell Master']
['Tentarafoo', 'Poisma', 'High Counter', 'Mamudoon']
['Spell Master', 'Poisma', 'Tentarafoo', 'Brave Blade']
['Provoke', 'Rebellion', 'High Counter', 'Dekaja']
['Poisma', 'Provoke', 'Spell Master', 'Rebellion']
['Tentarafoo', 'Rebellion', 'Provoke', 'Makarakarn']
['Tentarafoo', 'Dekaja', 'High Counter', 'Megidolaon']
['Tentarafoo', 'Poisma', 'Rebellion', 'Provoke']
['Single Shot', 'Provoke', 'Poisma', 'Mamudoon']
['Rebellion', 'Foul Breath', 'Provoke', 'Mamudoon']
['Provoke', 'Poisma', 'High Counter', 'Brave Blade']
['Single Shot', 'Provoke', 'Foul Breath', 'Rebellion']
['Victory Cry', 'Tentarafoo', 'Foul Breath', 'Megidolaon']
['Rebellion', 'Poisma', 'Tentarafoo', 'High Counter']
['Mamudoon', 'Provoke', 'Rebellion', 'Victory Cry']
['Victory Cry', 'Provoke', 'Poisma', 'Kill Rush']
['Spell Master', 'Tentarafoo', 'Poisma', 'High Counter']
['Provoke', 'Victory Cry', 'Rebellion', 'Poisma']
['Spell Master', 'Provoke', 'High Counter', 'Single Shot']
['Poisma', 'Mamudoon', 'Single Shot', 'Tentarafoo']
['Poisma', 'Rebellion', 'Tentarafoo', 'Single Shot']
['Rebellion', 'Poisma', 'Makarakarn', 'Mamudoon']
['Poisma', 'Foul Breath', 'Provoke', 'Single Shot']
['Mamudoon', 'Poisma', 'Rebellion', 'Tentarafoo']
['Rebellion', 'Foul Breath', 'Poisma', 'Single Shot']
['Mamudoon', 'Poisma', 'High Counter', 'Provoke']
['Provoke', 'Tentarafoo', 'Mamudoon', 'Poisma']
['Provoke', 'Poisma', 'Rebellion', 'Kill Rush']
['Provoke', 'Poisma', 'High Counter', 'Dekaja']
['Poisma', 'Mamudoon', 'Rebellion', 'Provoke']
['Tentarafoo', 'High Counter', 'Rebellion', 'Poisma']
['Rebellion', 'Poisma', 'Mamudoon', 'Foul Breath']
['Makarakarn', 'Provoke', 'Foul Breath', 'High Counter']
['Provoke', 'Poisma', 'Mamudoon', 'Tentarafoo']
['Rebellion', 'Poisma', 'Single Shot', 'Mamudoon']
['Rebellion', 'Makarakarn', 'Poisma', 'Tentarafoo']
['Makarakarn', 'Poisma', 'Provoke', 'Brave Blade']
['Poisma', 'Rebellion', 'Makarakarn', 'Tentarafoo']
['Tentarafoo', 'Provoke', 'Megidolaon', 'Poisma']
['Poisma', 'Tentarafoo', 'Rebellion', 'Kill Rush']
['Rebellion', 'Poisma', 'High Counter', 'Mamudoon']
['Rebellion', 'Poisma', 'Provoke', 'Single Shot']
['Provoke', 'Makarakarn', 'Poisma', 'Rebellion']
['Provoke', 'Makarakarn', 'Poisma', 'Dekaja']
['High Counter', 'Poisma', 'Rebellion', 'Tentarafoo']
['Rebellion', 'Dekaja', 'High Counter', 'Mamudoon']
['High Counter', 'Poisma', 'Dekaja', 'Rebellion']
['Kill Rush', 'Makarakarn', 'Mamudoon', 'Provoke']
['Kill Rush', 'Poisma', 'High Counter', 'Provoke']
['Tentarafoo', 'Poisma', 'Provoke', 'Megidolaon']
['Rebellion', 'Provoke', 'Poisma', 'Victory Cry']
['Poisma', 'Rebellion', 'Dekaja', 'Mamudoon']
['Mamudoon', 'Poisma', 'Tentarafoo', 'Provoke']
['High Counter', 'Rebellion', 'Poisma', 'Spell Master']
['Brave Blade', 'High Counter', 'Poisma', 'Provoke']
['Rebellion', 'Poisma', 'High Counter', 'Provoke']
['Poisma', 'Provoke', 'Single Shot', 'High Counter']
['Poisma', 'Makarakarn', 'Provoke', 'Rebellion']
['Poisma', 'Spell Master', 'Tentarafoo', 'Rebellion']
['Poisma', 'Victory Cry', 'Mamudoon', 'Provoke']
['Dekaja', 'Provoke', 'High Counter', 'Single Shot']
['Provoke', 'High Counter', 'Poisma', 'Dekaja']
['Dekaja', 'Poisma', 'Provoke', 'High Counter']
['Poisma', 'Spell Master', 'Tentarafoo', 'Provoke']
['Poisma', 'Tentarafoo', 'High Counter', 'Makarakarn']
['Poisma', 'Rebellion', 'Provoke', 'Foul Breath']
['Poisma', 'Provoke', 'Single Shot', 'Tentarafoo']
['Provoke', 'Mamudoon', 'Tentarafoo', 'High Counter']
['Mamudoon', 'Rebellion', 'High Counter', 'Poisma']
['Dekaja', 'Kill Rush', 'Poisma', 'Victory Cry']
['Provoke', 'Dekaja', 'Kill Rush', 'Poisma']
['Provoke', 'Rebellion', 'Poisma', 'High Counter']
['Provoke', 'Poisma', 'Brave Blade', 'Kill Rush']
['Poisma', 'Foul Breath', 'Provoke', 'Brave Blade']
['Poisma', 'Rebellion', 'Tentarafoo', 'Victory Cry']
['Poisma', 'Mamudoon', 'Megidolaon', 'Dekaja']
['Tentarafoo', 'Rebellion', 'Poisma', 'Dekaja']
['Mamudoon', 'High Counter', 'Rebellion', 'Poisma']
['Poisma', 'Dekaja', 'Provoke', 'Victory Cry']
['Rebellion', 'Megidolaon', 'Tentarafoo', 'Poisma']
['Poisma', 'Rebellion', 'Dekaja', 'Single Shot']
['Poisma', 'Kill Rush', 'Provoke', 'Makarakarn']
['Poisma', 'Mamudoon', 'Dekaja', 'Single Shot']
['Makarakarn', 'Poisma', 'Provoke', 'Rebellion']
['Poisma', 'Megidolaon', 'Provoke', 'Makarakarn']
['Poisma', 'Rebellion', 'Kill Rush', 'Dekaja']
['Kill Rush', 'Foul Breath', 'High Counter', 'Rebellion']
['Tentarafoo', 'Poisma', 'Provoke', 'High Counter']
['Poisma', 'Makarakarn', 'High Counter', 'Rebellion']
['Mamudoon', 'Poisma', 'Provoke', 'Rebellion']
['Victory Cry', 'Poisma', 'Mamudoon', 'High Counter']
['Rebellion', 'Spell Master', 'Poisma', 'Tentarafoo']
['Poisma', 'Tentarafoo', 'Rebellion', 'Makarakarn']
['Provoke', 'Poisma', 'Spell Master', 'Megidolaon']
['Provoke', 'Poisma', 'Tentarafoo', 'Rebellion']
['Mamudoon', 'Dekaja', 'Poisma', 'Rebellion']
['Foul Breath', 'High Counter', 'Provoke', 'Poisma']
['Provoke', 'Poisma', 'Mamudoon', 'Makarakarn']
['Spell Master', 'Makarakarn', 'Provoke', 'Poisma']
['Rebellion', 'Provoke', 'Poisma', 'High Counter']
['Tentarafoo', 'Provoke', 'Victory Cry', 'Rebellion']
['Poisma', 'Tentarafoo', 'Mamudoon', 'Dekaja']
['Tentarafoo', 'High Counter', 'Provoke', 'Rebellion']
['Provoke', 'Tentarafoo', 'Poisma', 'Kill Rush']
['Provoke', 'Poisma', 'Dekaja', 'Kill Rush']
['Poisma', 'High Counter', 'Single Shot', 'Dekaja']
['Tentarafoo', 'Mamudoon', 'Single Shot', 'Rebellion']
['Poisma', 'Victory Cry', 'Tentarafoo', 'Rebellion']
['Rebellion', 'Poisma', 'Tentarafoo', 'Dekaja']
['Poisma', 'Victory Cry', 'Provoke', 'Mamudoon']
['Victory Cry', 'Dekaja', 'Single Shot', 'Makarakarn']
['Single Shot', 'High Counter', 'Makarakarn', 'Poisma']
['Poisma', 'Single Shot', 'Rebellion', 'Victory Cry']
['Poisma', 'Rebellion', 'Provoke', 'Mamudoon']
['Provoke', 'Poisma', 'High Counter', 'Rebellion']
['Mamudoon', 'Tentarafoo', 'High Counter', 'Poisma']
['Rebellion', 'Poisma', 'Mamudoon', 'Kill Rush']
['Poisma', 'Mamudoon', 'Provoke', 'High Counter']
['Tentarafoo', 'Dekaja', 'High Counter', 'Poisma']
['Provoke', 'Kill Rush', 'Foul Breath', 'Poisma']
['Provoke', 'Rebellion', 'Poisma', 'Megidolaon']
['Poisma', 'Makarakarn', 'Rebellion', 'Single Shot']
['Poisma', 'Makarakarn', 'Mamudoon', 'Single Shot']
['Provoke', 'Dekaja', 'Single Shot', 'Poisma']
['Makarakarn', 'Rebellion', 'Mamudoon', 'Poisma']
['Single Shot', 'Rebellion', 'Tentarafoo', 'Foul Breath']
['Spell Master', 'Poisma', 'High Counter', 'Mamudoon']
['Poisma', 'Provoke', 'Foul Breath', 'Rebellion']
['Poisma', 'Provoke', 'High Counter', 'Single Shot']
['Tentarafoo', 'Poisma', 'High Counter', 'Foul Breath']
['Victory Cry', 'Tentarafoo', 'Dekaja', 'Mamudoon']
['Provoke', 'Tentarafoo', 'Poisma', 'Single Shot']
['Poisma', 'Provoke', 'Single Shot', 'Spell Master']
['Poisma', 'Dekaja', 'Rebellion', 'Kill Rush']
['Kill Rush', 'Rebellion', 'Mamudoon', 'Provoke']
['Mamudoon', 'Poisma', 'Single Shot', 'Tentarafoo']
['Provoke', 'Dekaja', 'Poisma', 'Tentarafoo']
['Tentarafoo', 'Poisma', 'Rebellion', 'Provoke']
['Poisma', 'Tentarafoo', 'Brave Blade', 'Rebellion']
['Poisma', 'Provoke', 'Makarakarn', 'Rebellion']
['Rebellion', 'Dekaja', 'Mamudoon', 'Poisma']
['Poisma', 'Mamudoon', 'Single Shot', 'Dekaja']
['Poisma', 'Mamudoon', 'Rebellion', 'Provoke']
['Rebellion', 'Poisma', 'Dekaja', 'Provoke']
['Poisma', 'Rebellion', 'Dekaja', 'Mamudoon']
['Foul Breath', 'Tentarafoo', 'Single Shot', 'Dekaja']
['High Counter', 'Megidolaon', 'Mamudoon', 'Poisma']
['Poisma', 'Tentarafoo', 'High Counter', 'Provoke']
['Dekaja', 'Provoke', 'Poisma', 'Mamudoon']
['Provoke', 'Rebellion', 'Poisma', 'Kill Rush']
['Tentarafoo', 'Provoke', 'Poisma', 'Rebellion']
['Poisma', 'High Counter', 'Mamudoon', 'Provoke']
['Rebellion', 'Poisma', 'Foul Breath', 'Mamudoon']
['Poisma', 'Single Shot', 'Makarakarn', 'Provoke']
['Poisma', 'Tentarafoo', 'Dekaja', 'Mamudoon']
['Provoke', 'Victory Cry', 'Single Shot', 'Tentarafoo']
['Dekaja', 'Poisma', 'Brave Blade', 'High Counter']
['Provoke', 'Rebellion', 'Dekaja', 'Poisma']
['Kill Rush', 'Provoke', 'Rebellion', 'Dekaja']
['Kill Rush', 'Poisma', 'Tentarafoo', 'Rebellion']
['Single Shot', 'Tentarafoo', 'Victory Cry', 'Poisma']
['Makarakarn', 'Tentarafoo', 'Single Shot', 'Provoke']
['Rebellion', 'High Counter', 'Provoke', 'Poisma']
['Provoke', 'Single Shot', 'Poisma', 'Rebellion']
['Rebellion', 'Tentarafoo', 'Makarakarn', 'Poisma']
['Spell Master', 'Poisma', 'Rebellion', 'Mamudoon']
['Rebellion', 'Provoke', 'Dekaja', 'Mamudoon']
['Spell Master', 'Dekaja', 'Rebellion', 'Single Shot']
['Dekaja', 'Rebellion', 'Spell Master', 'Mamudoon']
['High Counter', 'Poisma', 'Tentarafoo', 'Provoke']
['Poisma', 'Rebellion', 'High Counter', 'Provoke']
['High Counter', 'Victory Cry', 'Makarakarn', 'Rebellion']
['Rebellion', 'Kill Rush', 'Poisma', 'Victory Cry']
['Poisma', 'Tentarafoo', 'Rebellion', 'Single Shot']
['Tentarafoo', 'Makarakarn', 'Victory Cry', 'Poisma']
['Rebellion', 'Provoke', 'Tentarafoo', 'Mamudoon']
['Poisma', 'Rebellion', 'Foul Breath', 'Tentarafoo']
['Provoke', 'Poisma', 'Tentarafoo', 'Rebellion']
['Provoke', 'Poisma', 'Mamudoon', 'Rebellion']
['Rebellion', 'Poisma', 'Mamudoon', 'Provoke']
['Mamudoon', 'Foul Breath', 'Rebellion', 'Dekaja']
['Poisma', 'Single Shot', 'High Counter', 'Victory Cry']
['Poisma', 'Tentarafoo', 'Single Shot', 'Rebellion']
['Rebellion', 'Single Shot', 'Poisma', 'Provoke']
['Rebellion', 'Poisma', 'Tentarafoo', 'Makarakarn']
['Poisma', 'Rebellion', 'Provoke', 'Single Shot']
['Rebellion', 'Foul Breath', 'Victory Cry', 'Provoke']
['Mamudoon', 'Poisma', 'Dekaja', 'Rebellion']
['Poisma', 'Single Shot', 'Mamudoon', 'Provoke']
['Dekaja', 'Poisma', 'Mamudoon', 'Provoke']
['Tentarafoo', 'Makarakarn', 'Rebellion', 'Single Shot']
['Provoke', 'Poisma', 'Mamudoon', 'Rebellion']
['Mamudoon', 'Tentarafoo', 'Poisma', 'Foul Breath']
['Kill Rush', 'Dekaja', 'Single Shot', 'Rebellion']
['Poisma', 'Single Shot', 'Provoke', 'Rebellion']
['Poisma', 'Makarakarn', 'Rebellion', 'Victory Cry']
['Poisma', 'Makarakarn', 'Spell Master', 'Rebellion']
['Poisma', 'Provoke', 'Makarakarn', 'Brave Blade']
['Poisma', 'Mamudoon', 'Provoke', 'Dekaja']
['Provoke', 'Rebellion', 'Victory Cry', 'Foul Breath']
['Rebellion', 'Victory Cry', 'Provoke', 'Makarakarn']
['Rebellion', 'Provoke', 'Makarakarn', 'Foul Breath']
['Rebellion', 'Dekaja', 'Poisma', 'Foul Breath']
['Kill Rush', 'Poisma', 'Provoke', 'High Counter']
['Tentarafoo', 'Rebellion', 'Provoke', 'Single Shot']
['Dekaja', 'Provoke', 'Victory Cry', 'Poisma']
['Provoke', 'Poisma', 'Rebellion', 'High Counter']
['High Counter', 'Rebellion', 'Poisma', 'Dekaja']
['Provoke', 'Rebellion', 'High Counter', 'Poisma']
['Makarakarn', 'Poisma', 'Victory Cry', 'Foul Breath']
['Poisma', 'Rebellion', 'Spell Master', 'Mamudoon']
['Provoke', 'High Counter', 'Poisma', 'Victory Cry']
['Provoke', 'Single Shot', 'High Counter', 'Rebellion']
['Makarakarn', 'Tentarafoo', 'Rebellion', 'Mamudoon']
['Tentarafoo', 'Mamudoon', 'Poisma', 'Spell Master']
