['Garula', 'Rakukaja', 'Rakunda', 'Wind Break']
['Rakukaja', 'Wind Break', 'Wind Boost', 'Rakunda']
['Sharp Student', 'Rakukaja', 'Rakunda', 'Hama Boost']
['Wind Break', 'Null Light', 'Wind Boost', 'Wind Amp']
['Wind Break', 'Trafuri', 'Garula', 'Wind Boost']
['Wind Break', 'Rakukaja', 'Wind Boost', 'Rakunda']
['Wind Amp', 'Rakunda', 'Rakukaja', 'Sharp Student']
['Rakunda', 'Sharp Student', 'Trafuri', 'Rakukaja']
['Garula', 'Wind Amp', 'Rakunda', 'Rakukaja']
['Rakukaja', 'Rakunda', 'Wind Break', 'Wind Amp']
['Rakunda', 'Wind Boost', 'Rakukaja', 'Mabufudyne']
['Sharp Student', 'Rakukaja', 'Wind Amp', 'Rakunda']
['Rakunda', 'Wind Amp', 'Hama Boost', 'Garula']
['Garula', 'Sharp Student', 'Rakunda', 'Wind Amp']
['Null Light', 'Rakukaja', 'Rakunda', 'Wind Boost']
['Rakunda', 'Rakukaja', 'Wind Break', 'Panta Rhei']
['Rakukaja', 'Garula', 'Wind Break', 'Ailment Boost']
['Rakunda', 'Rakukaja', 'Wind Amp', 'Sharp Student']
['Wind Break', 'Rakukaja', 'Hama Boost', 'Rakunda']
['Rakukaja', 'Ailment Boost', 'Null Light', 'Rakunda']
['Rakukaja', 'Rakunda', 'Sharp Student', 'Trafuri']
['Rakukaja', 'Mabufudyne', 'Wind Amp', 'Trafuri']
['Rakunda', 'Hama Boost', 'Wind Boost', 'Rakukaja']
['Garula', 'Wind Boost', 'Rakukaja', 'Rakunda']
['Wind Break', 'Rakunda', 'Rakukaja', 'Panta Rhei']
['Rakunda', 'Rakukaja', 'Ailment Boost', 'Wind Break']
['Rakunda', 'Wind Boost', 'Wind Break', 'Sharp Student']
['Wind Break', 'Wind Amp', 'Panta Rhei', 'Sharp Student']
['Wind Break', 'Rakukaja', 'Ailment Boost', 'Rakunda']
['Rakunda', 'Sharp Student', 'Wind Amp', 'Rakukaja']
['Rakunda', 'Rakukaja', 'Wind Break', 'Trafuri']
['Hama Boost', 'Wind Break', 'Rakukaja', 'Rakunda']
['Rakunda', 'Garula', 'Wind Break', 'Rakukaja']
['Sharp Student', 'Wind Break', 'Null Light', 'Garula']
['Rakunda', 'Rakukaja', 'Wind Break', 'Garula']
['Rakukaja', 'Sharp Student', 'Wind Break', 'Sexy Dance']
['Rakukaja', 'Virus Breath', 'Wind Boost', 'Rakunda']
['Wind Break', 'Rakukaja', 'Rakunda', 'Sharp Student']
['Rakunda', 'Wind Break', 'Wind Boost', 'Wind Amp']
['Wind Boost', 'Hama Boost', 'Rakunda', 'Ailment Boost']
['Rakukaja', 'Wind Break', 'Wind Boost', 'Rakunda']
['Rakukaja', 'Garula', 'Wind Break', 'Rakunda']
['Rakukaja', 'Rakunda', 'Garula', 'Null Light']
['Sharp Student', 'Rakunda', 'Garula', 'Rakukaja']
['Rakunda', 'Garula', 'Rakukaja', 'Ailment Boost']
['Rakunda', 'Wind Break', 'Garula', 'Wind Boost']
['Rakunda', 'Garula', 'Hama Boost', 'Rakukaja']
['Rakunda', 'Wind Boost', 'Wind Amp', 'Rakukaja']
['Rakukaja', 'Rakunda', 'Wind Boost', 'Virus Breath']
['Rakunda', 'Garula', 'Wind Break', 'Rakukaja']
['Wind Break', 'Rakunda', 'Rakukaja', 'Ailment Boost']
['Wind Break', 'Trafuri', 'Sharp Student', 'Virus Breath']
['Virus Breath', 'Trafuri', 'Wind Amp', 'Garula']
['Rakukaja', 'Wind Break', 'Mabufudyne', 'Wind Boost']
['Rakunda', 'Rakukaja', 'Sharp Student', 'Null Light']
['Mabufudyne', 'Rakunda', 'Rakukaja', 'Wind Boost']
['Sharp Student', 'Rakunda', 'Rakukaja', 'Wind Break']
['Rakunda', 'Wind Break', 'Null Light', 'Garula']
['Rakunda', 'Garula', 'Rakukaja', 'Hama Boost']
['Rakukaja', 'Wind Break', 'Rakunda', 'Ailment Boost']
['Rakukaja', 'Hama Boost', 'Rakunda', 'Wind Break']
['Rakunda', 'Wind Break', 'Garula', 'Rakukaja']
['Wind Break', 'Rakunda', 'Rakukaja', 'Null Light']
['Panta Rhei', 'Rakukaja', 'Ailment Boost', 'Rakunda']
['Null Light', 'Virus Breath', 'Rakunda', 'Rakukaja']
['Rakukaja', 'Garula', 'Wind Break', 'Ailment Boost']
['Rakukaja', 'Rakunda', 'Null Light', 'Sharp Student']
['Rakukaja', 'Wind Break', 'Ailment Boost', 'Rakunda']
['Rakunda', 'Rakukaja', 'Null Light', 'Wind Break']
['Garula', 'Rakukaja', 'Rakunda', 'Wind Boost']
['Rakunda', 'Wind Amp', 'Garula', 'Rakukaja']
['Rakunda', 'Rakukaja', 'Garula', 'Null Light']
['Wind Break', 'Rakunda', 'Garula', 'Rakukaja']
['Rakunda', 'Rakukaja', 'Wind Break', 'Wind Boost']
['Trafuri', 'Garula', 'Rakunda', 'Rakukaja']
['Garula', 'Virus Breath', 'Rakunda', 'Rakukaja']
['Rakunda', 'Hama Boost', 'Wind Boost', 'Rakukaja']
['Wind Break', 'Rakukaja', 'Rakunda', 'Wind Boost']
['Rakunda', 'Hama Boost', 'Rakukaja', 'Sharp Student']
['Rakukaja', 'Hama Boost', 'Ailment Boost', 'Rakunda']
['Wind Break', 'Trafuri', 'Hama Boost', 'Rakunda']
['Wind Break', 'Rakukaja', 'Rakunda', 'Sexy Dance']
['Rakukaja', 'Rakunda', 'Sharp Student', 'Wind Break']
['Wind Break', 'Rakunda', 'Rakukaja', 'Garula']
['Wind Break', 'Rakukaja', 'Rakunda', 'Sharp Student']
['Rakunda', 'Wind Amp', 'Wind Break', 'Hama Boost']
['Hama Boost', 'Rakunda', 'Rakukaja', 'Mabufudyne']
['Null Light', 'Rakukaja', 'Wind Boost', 'Rakunda']
['Rakunda', 'Rakukaja', 'Panta Rhei', 'Sharp Student']
['Sharp Student', 'Mabufudyne', 'Panta Rhei', 'Rakukaja']
['Rakunda', 'Wind Break', 'Rakukaja', 'Garula']
['Sharp Student', 'Wind Amp', 'Ailment Boost', 'Garula']
['Wind Boost', 'Rakunda', 'Sharp Student', 'Wind Break']
['Rakunda', 'Garula', 'Rakukaja', 'Wind Break']
['Rakunda', 'Sexy Dance', 'Virus Breath', 'Hama Boost']
['Trafuri', 'Sharp Student', 'Rakunda', 'Rakukaja']
['Wind Break', 'Rakunda', 'Sharp Student', 'Wind Boost']
['Null Light', 'Ailment Boost', 'Rakukaja', 'Wind Boost']
['Garula', 'Rakukaja', 'Wind Boost', 'Sharp Student']
['Rakukaja', 'Wind Amp', 'Rakunda', 'Hama Boost']
['Rakunda', 'Wind Amp', 'Rakukaja', 'Wind Break']
['Rakukaja', 'Wind Break', 'Wind Boost', 'Null Light']
['Rakukaja', 'Wind Amp', 'Mabufudyne', 'Sharp Student']
['Rakunda', 'Wind Boost', 'Sharp Student', 'Wind Break']
['Wind Amp', 'Sharp Student', 'Wind Break', 'Rakunda']
['Rakunda', 'Rakukaja', 'Wind Amp', 'Wind Break']
['Rakunda', 'Trafuri', 'Mabufudyne', 'Rakukaja']
['Rakunda', 'Wind Boost', 'Rakukaja', 'Wind Amp']
['Rakukaja', 'Wind Break', 'Rakunda', 'Wind Amp']
['Rakunda', 'Ailment Boost', 'Wind Break', 'Rakukaja']
['Garula', 'Rakukaja', 'Sexy Dance', 'Rakunda']
['Virus Breath', 'Sexy Dance', 'Wind Boost', 'Rakunda']
['Hama Boost', 'Wind Break', 'Rakunda', 'Garula']
['Null Light', 'Mabufudyne', 'Rakukaja', 'Sharp Student']
['Null Light', 'Rakukaja', 'Rakunda', 'Wind Boost']
['Rakukaja', 'Rakunda', 'Wind Break', 'Null Light']
['Wind Break', 'Rakukaja', 'Hama Boost', 'Garula']
['Rakukaja', 'Ailment Boost', 'Rakunda', 'Garula']
['Null Light', 'Sharp Student', 'Rakunda', 'Rakukaja']
['Rakunda', 'Trafuri', 'Rakukaja', 'Sharp Student']
['Wind Boost', 'Rakunda', 'Wind Break', 'Null Light']
['Rakukaja', 'Rakunda', 'Garula', 'Sexy Dance']
['Wind Break', 'Sexy Dance', 'Wind Boost', 'Garula']
['Mabufudyne', 'Rakunda', 'Garula', 'Rakukaja']
['Rakunda', 'Sharp Student', 'Rakukaja', 'Sexy Dance']
['Rakukaja', 'Ailment Boost', 'Wind Break', 'Rakunda']
['Wind Boost', 'Sharp Student', 'Rakukaja', 'Rakunda']
['Garula', 'Rakunda', 'Wind Break', 'Wind Boost']
['Rakunda', 'Rakukaja', 'Wind Amp', 'Wind Break']
['Wind Boost', 'Null Light', 'Wind Break', 'Rakunda']
['Rakukaja', 'Ailment Boost', 'Rakunda', 'Wind Break']
['Wind Amp', 'Rakunda', 'Sharp Student', 'Panta Rhei']
['Rakukaja', 'Wind Break', 'Hama Boost', 'Wind Boost']
['Wind Boost', 'Ailment Boost', 'Rakukaja', 'Rakunda']
['Ailment Boost', 'Garula', 'Rakunda', 'Sharp Student']
['Rakunda', 'Rakukaja', 'Wind Amp', 'Hama Boost']
['Rakunda', 'Rakukaja', 'Wind Boost', 'Null Light']
['Wind Break', 'Wind Boost', 'Ailment Boost', 'Sharp Student']
['Wind Break', 'Rakunda', 'Ailment Boost', 'Rakukaja']
['Rakunda', 'Rakukaja', 'Panta Rhei', 'Hama Boost']
['Rakukaja', 'Ailment Boost', 'Rakunda', 'Garula']
['Rakukaja', 'Wind Boost', 'Sharp Student', 'Garula']
['Rakukaja', 'Sharp Student', 'Garula', 'Rakunda']
['Null Light', 'Wind Break', 'Rakunda', 'Wind Boost']
['Wind Break', 'Rakukaja', 'Rakunda', 'Wind Boost']
['Rakukaja', 'Rakunda', 'Wind Break', 'Sharp Student']
['Rakunda', 'Wind Boost', 'Wind Break', 'Panta Rhei']
['Wind Boost', 'Sharp Student', 'Rakukaja', 'Rakunda']
['Rakukaja', 'Rakunda', 'Mabufudyne', 'Wind Boost']
['Rakukaja', 'Rakunda', 'Wind Boost', 'Sharp Student']
['Rakukaja', 'Hama Boost', 'Wind Boost', 'Rakunda']
['Sharp Student', 'Wind Boost', 'Hama Boost', 'Rakukaja']
['Wind Break', 'Wind Amp', 'Rakukaja', 'Garula']
['Rakukaja', 'Rakunda', 'Garula', 'Wind Break']
['Rakukaja', 'Rakunda', 'Hama Boost', 'Wind Break']
['Wind Break', 'Sexy Dance', 'Hama Boost', 'Rakunda']
['Wind Break', 'Wind Boost', 'Mabufudyne', 'Rakukaja']
['Wind Break', 'Garula', 'Rakunda', 'Ailment Boost']
['Wind Break', 'Rakukaja', 'Garula', 'Sharp Student']
['Rakukaja', 'Rakunda', 'Panta Rhei', 'Null Light']
['Sharp Student', 'Wind Break', 'Virus Breath', 'Garula']
['Rakukaja', 'Rakunda', 'Panta Rhei', 'Wind Amp']
['Rakunda', 'Wind Break', 'Sharp Student', 'Rakukaja']
['Garula', 'Sharp Student', 'Rakukaja', 'Wind Break']
['Rakukaja', 'Rakunda', 'Sharp Student', 'Wind Break']
['Rakunda', 'Rakukaja', 'Wind Amp', 'Sharp Student']
['Rakunda', 'Wind Break', 'Wind Amp', 'Sharp Student']
['Garula', 'Wind Amp', 'Rakunda', 'Sharp Student']
['Wind Break', 'Virus Breath', 'Rakunda', 'Rakukaja']
['Wind Boost', 'Rakunda', 'Null Light', 'Rakukaja']
['Rakunda', 'Sharp Student', 'Rakukaja', 'Null Light']
['Garula', 'Wind Break', 'Rakunda', 'Rakukaja']
['Garula', 'Wind Boost', 'Wind Amp', 'Rakukaja']
['Wind Break', 'Rakunda', 'Wind Boost', 'Rakukaja']
['Rakukaja', 'Rakunda', 'Hama Boost', 'Sharp Student']
['Garula', 'Rakunda', 'Wind Break', 'Wind Boost']
['Rakunda', 'Sharp Student', 'Hama Boost', 'Rakukaja']
['Rakukaja', 'Rakunda', 'Wind Break', 'Wind Boost']
['Wind Boost', 'Rakunda', 'Rakukaja', 'Hama Boost']
['Trafuri', 'Rakukaja', 'Sharp Student', 'Wind Amp']
['Rakunda', 'Wind Amp', 'Garula', 'Wind Break']
['Rakunda', 'Hama Boost', 'Trafuri', 'Wind Break']
['Garula', 'Rakukaja', 'Panta Rhei', 'Rakunda']
['Rakunda', 'Hama Boost', 'Sharp Student', 'Rakukaja']
['Rakunda', 'Wind Amp', 'Wind Break', 'Garula']
['Rakunda', 'Rakukaja', 'Wind Break', 'Garula']
['Rakukaja', 'Rakunda', 'Sharp Student', 'Wind Break']
['Rakunda', 'Rakukaja', 'Wind Break', 'Garula']
['Rakukaja', 'Wind Boost', 'Rakunda', 'Hama Boost']
['Rakunda', 'Rakukaja', 'Mabufudyne', 'Sharp Student']
['Rakukaja', 'Rakunda', 'Mabufudyne', 'Null Light']
['Rakunda', 'Wind Boost', 'Rakukaja', 'Wind Break']
['Rakunda', 'Wind Break', 'Hama Boost', 'Wind Boost']
['Garula', 'Rakukaja', 'Rakunda', 'Wind Break']
['Rakunda', 'Rakukaja', 'Null Light', 'Garula']
['Panta Rhei', 'Sharp Student', 'Rakukaja', 'Rakunda']
['Mabufudyne', 'Rakukaja', 'Sharp Student', 'Wind Amp']
['Wind Break', 'Hama Boost', 'Rakukaja', 'Rakunda']
['Rakukaja', 'Rakunda', 'Mabufudyne', 'Wind Boost']
['Wind Break', 'Wind Boost', 'Rakunda', 'Mabufudyne']
['Hama Boost', 'Virus Breath', 'Rakukaja', 'Wind Break']
['Sexy Dance', 'Rakunda', 'Wind Break', 'Null Light']
['Rakunda', 'Garula', 'Rakukaja', 'Wind Amp']
['Wind Break', 'Sharp Student', 'Rakukaja', 'Rakunda']
['Sexy Dance', 'Wind Amp', 'Null Light', 'Rakukaja']
['Rakunda', 'Rakukaja', 'Sharp Student', 'Wind Boost']
['Rakukaja', 'Rakunda', 'Wind Amp', 'Garula']
['Sexy Dance', 'Rakunda', 'Rakukaja', 'Hama Boost']
['Rakunda', 'Wind Break', 'Rakukaja', 'Sharp Student']
['Wind Break', 'Rakunda', 'Rakukaja', 'Wind Amp']
['Rakukaja', 'Wind Break', 'Wind Amp', 'Rakunda']
['Rakukaja', 'Trafuri', 'Mabufudyne', 'Rakunda']
['Wind Break', 'Ailment Boost', 'Rakunda', 'Rakukaja']
['Rakukaja', 'Wind Boost', 'Rakunda', 'Trafuri']
['Rakunda', 'Wind Break', 'Rakukaja', 'Wind Amp']
['Wind Boost', 'Rakunda', 'Sexy Dance', 'Hama Boost']
['Rakukaja', 'Wind Boost', 'Wind Amp', 'Garula']
['Sharp Student', 'Rakukaja', 'Wind Break', 'Rakunda']
['Rakukaja', 'Mabufudyne', 'Rakunda', 'Null Light']
['Mabufudyne', 'Hama Boost', 'Rakunda', 'Sharp Student']
['Rakukaja', 'Mabufudyne', 'Wind Boost', 'Rakunda']
['Rakukaja', 'Sharp Student', 'Wind Boost', 'Ailment Boost']
['Null Light', 'Mabufudyne', 'Rakukaja', 'Ailment Boost']
['Wind Boost', 'Rakunda', 'Rakukaja', 'Wind Break']
['Rakukaja', 'Rakunda', 'Garula', 'Hama Boost']
['Rakukaja', 'Wind Boost', 'Rakunda', 'Hama Boost']
['Ailment Boost', 'Rakunda', 'Wind Boost', 'Garula']
['Rakunda', 'Garula', 'Hama Boost', 'Rakukaja']
['Wind Boost', 'Rakunda', 'Wind Amp', 'Garula']
['Wind Boost', 'Rakunda', 'Rakukaja', 'Sharp Student']
['Rakunda', 'Rakukaja', 'Garula', 'Wind Break']
['Rakukaja', 'Sharp Student', 'Rakunda', 'Panta Rhei']
['Panta Rhei', 'Trafuri', 'Rakunda', 'Rakukaja']
['Rakukaja', 'Trafuri', 'Null Light', 'Rakunda']
['Rakunda', 'Rakukaja', 'Garula', 'Wind Boost']
['Rakunda', 'Wind Break', 'Sharp Student', 'Virus Breath']
['Rakukaja', 'Sharp Student', 'Rakunda', 'Wind Break']
['Rakunda', 'Sharp Student', 'Rakukaja', 'Wind Break']
['Rakukaja', 'Wind Boost', 'Wind Break', 'Wind Amp']
['Rakukaja', 'Rakunda', 'Wind Boost', 'Wind Break']
['Wind Break', 'Rakunda', 'Rakukaja', 'Trafuri']
['Wind Boost', 'Rakukaja', 'Ailment Boost', 'Hama Boost']
['Rakunda', 'Wind Boost', 'Rakukaja', 'Wind Amp']
['Rakunda', 'Rakukaja', 'Trafuri', 'Wind Break']
['Sexy Dance', 'Sharp Student', 'Rakunda', 'Wind Amp']
['Sharp Student', 'Rakukaja', 'Wind Amp', 'Wind Break']
['Rakunda', 'Mabufudyne', 'Rakukaja', 'Wind Break']
['Rakukaja', 'Rakunda', 'Wind Break', 'Mabufudyne']
['Hama Boost', 'Wind Amp', 'Sexy Dance', 'Rakukaja']
['Rakukaja', 'Sharp Student', 'Rakunda', 'Wind Boost']
['Rakunda', 'Rakukaja', 'Wind Break', 'Trafuri']
['Rakunda', 'Virus Breath', 'Rakukaja', 'Ailment Boost']
['Rakukaja', 'Rakunda', 'Wind Break', 'Virus Breath']
['Rakukaja', 'Hama Boost', 'Wind Amp', 'Rakunda']
['Rakukaja', 'Hama Boost', 'Wind Break', 'Wind Boost']
['Rakunda', 'Trafuri', 'Wind Break', 'Garula']
['Null Light', 'Rakukaja', 'Wind Boost', 'Sharp Student']
['Rakukaja', 'Rakunda', 'Hama Boost', 'Wind Boost']
['Sharp Student', 'Mabufudyne', 'Rakukaja', 'Wind Break']
['Null Light', 'Sharp Student', 'Rakunda', 'Rakukaja']
['Wind Amp', 'Rakunda', 'Wind Boost', 'Wind Break']
['Panta Rhei', 'Rakunda', 'Rakukaja', 'Hama Boost']
['Mabufudyne', 'Rakunda', 'Rakukaja', 'Sharp Student']
['Wind Boost', 'Rakunda', 'Wind Break', 'Mabufudyne']
['Mabufudyne', 'Rakunda', 'Rakukaja', 'Sharp Student']
['Rakunda', 'Wind Break', 'Rakukaja', 'Null Light']
['Wind Break', 'Garula', 'Ailment Boost', 'Panta Rhei']
['Wind Break', 'Rakukaja', 'Wind Boost', 'Rakunda']
['Wind Boost', 'Null Light', 'Rakunda', 'Rakukaja']
['Rakukaja', 'Sharp Student', 'Wind Break', 'Rakunda']
['Wind Amp', 'Rakunda', 'Null Light', 'Wind Boost']
['Wind Break', 'Mabufudyne', 'Rakunda', 'Sharp Student']
['Rakunda', 'Wind Boost', 'Wind Break', 'Rakukaja']
['Sharp Student', 'Rakunda', 'Rakukaja', 'Wind Break']
['Trafuri', 'Wind Break', 'Rakukaja', 'Ailment Boost']
['Hama Boost', 'Wind Break', 'Trafuri', 'Rakunda']
['Sharp Student', 'Wind Break', 'Wind Amp', 'Rakukaja']
['Rakukaja', 'Rakunda', 'Wind Break', 'Null Light']
['Rakunda', 'Wind Break', 'Hama Boost', 'Rakukaja']
['Wind Break', 'Virus Breath', 'Sharp Student', 'Rakukaja']
['Rakunda', 'Garula', 'Rakukaja', 'Wind Break']
['Wind Amp', 'Sharp Student', 'Rakunda', 'Wind Break']
['Rakunda', 'Rakukaja', 'Sharp Student', 'Garula']
['Wind Break', 'Panta Rhei', 'Garula', 'Mabufudyne']
['Wind Amp', 'Rakukaja', 'Wind Break', 'Garula']
['Rakunda', 'Wind Amp', 'Garula', 'Rakukaja']
['Wind Boost', 'Wind Break', 'Rakunda', 'Rakukaja']
['Rakunda', 'Rakukaja', 'Null Light', 'Ailment Boost']
['Rakunda', 'Rakukaja', 'Wind Break', 'Hama Boost']
['Wind Break', 'Rakunda', 'Rakukaja', 'Wind Boost']
['Rakukaja', 'Wind Break', 'Wind Amp', 'Rakunda']
['Rakunda', 'Rakukaja', 'Garula', 'Wind Boost']
['Mabufudyne', 'Wind Boost', 'Rakunda', 'Hama Boost']
['Rakukaja', 'Ailment Boost', 'Rakunda', 'Null Light']
['Mabufudyne', 'Null Light', 'Rakunda', 'Wind Amp']
['Rakukaja', 'Sharp Student', 'Ailment Boost', 'Rakunda']
['Rakukaja', 'Wind Boost', 'Rakunda', 'Wind Break']
['Rakunda', 'Rakukaja', 'Sexy Dance', 'Panta Rhei']
['Garula', 'Rakukaja', 'Wind Boost', 'Null Light']
['Wind Boost', 'Hama Boost', 'Ailment Boost', 'Wind Break']
['Rakunda', 'Hama Boost', 'Sexy Dance', 'Wind Break']
['Wind Break', 'Rakukaja', 'Ailment Boost', 'Null Light']
['Wind Amp', 'Sharp Student', 'Wind Break', 'Rakukaja']
['Sexy Dance', 'Wind Break', 'Rakunda', 'Ailment Boost']
['Rakunda', 'Rakukaja', 'Wind Boost', 'Hama Boost']
['Wind Break', 'Rakukaja', 'Wind Boost', 'Garula']
['Rakukaja', 'Rakunda', 'Garula', 'Wind Boost']
['Rakukaja', 'Trafuri', 'Rakunda', 'Wind Boost']
['Wind Break', 'Null Light', 'Rakukaja', 'Rakunda']
['Rakukaja', 'Wind Amp', 'Wind Break', 'Rakunda']
['Panta Rhei', 'Rakunda', 'Rakukaja', 'Wind Break']
['Rakunda', 'Garula', 'Sharp Student', 'Wind Break']
['Rakunda', 'Rakukaja', 'Trafuri', 'Wind Break']
['Rakukaja', 'Null Light', 'Rakunda', 'Wind Boost']
['Trafuri', 'Wind Break', 'Rakukaja', 'Wind Boost']
['Rakunda', 'Hama Boost', 'Wind Boost', 'Wind Break']
['Wind Boost', 'Sexy Dance', 'Rakunda', 'Hama Boost']
['Trafuri', 'Rakukaja', 'Rakunda', 'Wind Boost']
['Rakunda', 'Rakukaja', 'Wind Break', 'Sharp Student']
['Rakukaja', 'Rakunda', 'Hama Boost', 'Sharp Student']
['Rakunda', 'Wind Break', 'Rakukaja', 'Null Light']
['Wind Boost', 'Rakukaja', 'Rakunda', 'Sharp Student']
['Rakukaja', 'Null Light', 'Wind Amp', 'Garula']
['Wind Boost', 'Rakukaja', 'Ailment Boost', 'Rakunda']
['Rakunda', 'Wind Break', 'Rakukaja', 'Null Light']
['Rakunda', 'Rakukaja', 'Wind Amp', 'Sharp Student']
['Wind Boost', 'Wind Break', 'Rakukaja', 'Rakunda']
['Rakukaja', 'Rakunda', 'Wind Amp', 'Garula']
['Wind Break', 'Hama Boost', 'Rakukaja', 'Rakunda']
['Rakukaja', 'Garula', 'Rakunda', 'Mabufudyne']
['Garula', 'Rakunda', 'Wind Break', 'Rakukaja']
['Garula', 'Rakukaja', 'Rakunda', 'Sharp Student']
['Rakukaja', 'Ailment Boost', 'Wind Amp', 'Panta Rhei']
['Panta Rhei', 'Rakukaja', 'Wind Break', 'Sharp Student']
['Wind Boost', 'Rakukaja', 'Rakunda', 'Wind Break']
['Rakunda', 'Rakukaja', 'Wind Boost', 'Sharp Student']
['Wind Amp', 'Rakunda', 'Rakukaja', 'Wind Break']
['Rakunda', 'Rakukaja', 'Wind Amp', 'Trafuri']
['Rakunda', 'Garula', 'Sexy Dance', 'Ailment Boost']
['Rakunda', 'Wind Break', 'Rakukaja', 'Hama Boost']
['Ailment Boost', 'Rakukaja', 'Trafuri', 'Wind Boost']
['Wind Amp', 'Sharp Student', 'Wind Break', 'Rakukaja']
['Wind Break', 'Rakukaja', 'Rakunda', 'Mabufudyne']
['Trafuri', 'Rakunda', 'Rakukaja', 'Sharp Student']
['Rakunda', 'Rakukaja', 'Wind Break', 'Null Light']
['Wind Amp', 'Rakukaja', 'Wind Break', 'Rakunda']
['Rakukaja', 'Mabufudyne', 'Wind Break', 'Sharp Student']
['Wind Break', 'Wind Amp', 'Rakukaja', 'Garula']
['Ailment Boost', 'Rakunda', 'Hama Boost', 'Rakukaja']
['Rakunda', 'Sharp Student', 'Garula', 'Rakukaja']
['Rakukaja', 'Mabufudyne', 'Rakunda', 'Wind Break']
['Wind Amp', 'Mabufudyne', 'Sharp Student', 'Wind Boost']
['Wind Break', 'Rakunda', 'Rakukaja', 'Ailment Boost']
['Wind Boost', 'Rakunda', 'Rakukaja', 'Wind Break']
['Rakukaja', 'Wind Break', 'Garula', 'Sexy Dance']
['Wind Amp', 'Trafuri', 'Rakukaja', 'Rakunda']
['Rakunda', 'Null Light', 'Garula', 'Mabufudyne']
['Rakukaja', 'Ailment Boost', 'Wind Boost', 'Wind Amp']
['Trafuri', 'Rakukaja', 'Wind Break', 'Garula']
['Rakukaja', 'Rakunda', 'Wind Boost', 'Sharp Student']
['Trafuri', 'Rakukaja', 'Mabufudyne', 'Wind Boost']
['Rakunda', 'Rakukaja', 'Sharp Student', 'Wind Boost']
['Null Light', 'Panta Rhei', 'Sharp Student', 'Rakukaja']
['Rakunda', 'Rakukaja', 'Hama Boost', 'Null Light']
['Rakukaja', 'Rakunda', 'Sharp Student', 'Wind Break']
['Wind Break', 'Rakunda', 'Hama Boost', 'Garula']
['Rakunda', 'Rakukaja', 'Wind Break', 'Garula']
['Null Light', 'Rakukaja', 'Rakunda', 'Mabufudyne']
['Wind Break', 'Rakukaja', 'Rakunda', 'Null Light']
['Trafuri', 'Rakukaja', 'Panta Rhei', 'Wind Break']
['Wind Break', 'Rakunda', 'Virus Breath', 'Rakukaja']
['Wind Break', 'Rakukaja', 'Rakunda', 'Garula']
['Trafuri', 'Rakunda', 'Hama Boost', 'Rakukaja']
['Rakunda', 'Rakukaja', 'Wind Boost', 'Virus Breath']
['Rakunda', 'Sharp Student', 'Wind Break', 'Wind Boost']
['Rakunda', 'Sharp Student', 'Null Light', 'Rakukaja']
['Trafuri', 'Wind Break', 'Rakukaja', 'Sharp Student']
['Rakunda', 'Wind Boost', 'Rakukaja', 'Wind Break']
['Rakunda', 'Wind Break', 'Rakukaja', 'Garula']
['Wind Break', 'Rakukaja', 'Rakunda', 'Mabufudyne']
['Wind Break', 'Garula', 'Rakunda', 'Wind Boost']
['Wind Break', 'Garula', 'Wind Boost', 'Rakukaja']
['Wind Break', 'Rakukaja', 'Mabufudyne', 'Rakunda']
['Rakunda', 'Rakukaja', 'Sexy Dance', 'Wind Break']
['Rakunda', 'Wind Boost', 'Rakukaja', 'Wind Amp']
['Sexy Dance', 'Rakukaja', 'Rakunda', 'Panta Rhei']
['Ailment Boost', 'Rakukaja', 'Wind Break', 'Rakunda']
['Hama Boost', 'Rakunda', 'Rakukaja', 'Sharp Student']
['Null Light', 'Rakunda', 'Hama Boost', 'Rakukaja']
['Rakukaja', 'Wind Amp', 'Rakunda', 'Mabufudyne']
['Garula', 'Ailment Boost', 'Wind Break', 'Rakunda']
['Rakukaja', 'Rakunda', 'Sharp Student', 'Hama Boost']
['Trafuri', 'Rakunda', 'Rakukaja', 'Wind Break']
['Wind Amp', 'Trafuri', 'Hama Boost', 'Rakunda']
['Rakukaja', 'Rakunda', 'Hama Boost', 'Garula']
['Rakukaja', 'Mabufudyne', 'Rakunda', 'Wind Amp']
['Rakunda', 'Rakukaja', 'Hama Boost', 'Wind Break']
['Rakukaja', 'Wind Boost', 'Hama Boost', 'Rakunda']
['Rakunda', 'Rakukaja', 'Null Light', 'Virus Breath']
['Mabufudyne', 'Sharp Student', 'Wind Boost', 'Wind Break']
['Rakukaja', 'Trafuri', 'Rakunda', 'Wind Break']
['Rakukaja', 'Wind Boost', 'Rakunda', 'Wind Break']
['Rakukaja', 'Rakunda', 'Wind Boost', 'Wind Break']
['Rakukaja', 'Wind Amp', 'Hama Boost', 'Rakunda']
['Wind Break', 'Rakukaja', 'Mabufudyne', 'Hama Boost']
['Rakunda', 'Wind Break', 'Wind Amp', 'Rakukaja']
['Hama Boost', 'Rakukaja', 'Rakunda', 'Garula']
['Rakukaja', 'Wind Boost', 'Rakunda', 'Wind Break']
['Rakukaja', 'Null Light', 'Rakunda', 'Wind Break']
['Trafuri', 'Wind Break', 'Wind Boost', 'Rakukaja']
['Rakukaja', 'Rakunda', 'Garula', 'Wind Break']
['Rakukaja', 'Rakunda', 'Garula', 'Ailment Boost']
['Rakunda', 'Rakukaja', 'Garula', 'Ailment Boost']
['Rakukaja', 'Rakunda', 'Wind Break', 'Sharp Student']
['Rakukaja', 'Null Light', 'Sharp Student', 'Sexy Dance']
['Trafuri', 'Hama Boost', 'Wind Amp', 'Wind Break']
['Wind Break', 'Wind Boost', 'Rakunda', 'Rakukaja']
['Wind Boost', 'Rakunda', 'Mabufudyne', 'Garula']
['Rakunda', 'Rakukaja', 'Sharp Student', 'Wind Amp']
['Rakunda', 'Garula', 'Rakukaja', 'Sharp Student']
['Wind Amp', 'Rakukaja', 'Rakunda', 'Null Light']
['Rakunda', 'Rakukaja', 'Garula', 'Wind Break']
['Rakunda', 'Trafuri', 'Rakukaja', 'Hama Boost']
['Rakukaja', 'Garula', 'Trafuri', 'Rakunda']
['Rakunda', 'Wind Boost', 'Wind Break', 'Garula']
['Mabufudyne', 'Rakukaja', 'Rakunda', 'Wind Amp']
['Sexy Dance', 'Wind Boost', 'Rakunda', 'Trafuri']
['Rakunda', 'Wind Break', 'Rakukaja', 'Sexy Dance']
['Rakunda', 'Wind Amp', 'Wind Break', 'Ailment Boost']
['Hama Boost', 'Virus Breath', 'Rakunda', 'Wind Boost']
['Hama Boost', 'Rakukaja', 'Sharp Student', 'Wind Break']
['Wind Break', 'Mabufudyne', 'Wind Boost', 'Rakunda']
['Sharp Student', 'Wind Amp', 'Rakukaja', 'Wind Boost']
['Rakunda', 'Rakukaja', 'Sharp Student', 'Hama Boost']
['Rakukaja', 'Rakunda', 'Sharp Student', 'Wind Amp']
['Rakukaja', 'Rakunda', 'Hama Boost', 'Sharp Student']
['Rakukaja', 'Trafuri', 'Sexy Dance', 'Panta Rhei']
['Wind Break', 'Hama Boost', 'Rakunda', 'Ailment Boost']
['Wind Boost', 'Rakunda', 'Wind Break', 'Rakukaja']
['Null Light', 'Garula', 'Rakukaja', 'Wind Break']
['Rakukaja', 'Wind Boost', 'Rakunda', 'Panta Rhei']
['Sexy Dance', 'Rakunda', 'Wind Break', 'Null Light']
['Rakunda', 'Trafuri', 'Rakukaja', 'Null Light']
['Rakukaja', 'Wind Break', 'Null Light', 'Rakunda']
['Rakukaja', 'Rakunda', 'Hama Boost', 'Wind Amp']
['Wind Boost', 'Rakunda', 'Garula', 'Wind Break']
['Rakunda', 'Sharp Student', 'Wind Amp', 'Virus Breath']
['Wind Boost', 'Rakukaja', 'Rakunda', 'Wind Break']
['Sharp Student', 'Wind Break', 'Rakukaja', 'Sexy Dance']
['Rakukaja', 'Mabufudyne', 'Rakunda', 'Sharp Student']
['Rakukaja', 'Wind Boost', 'Sharp Student', 'Hama Boost']
['Hama Boost', 'Sharp Student', 'Rakunda', 'Ailment Boost']
['Trafuri', 'Wind Boost', 'Rakunda', 'Rakukaja']
['Rakukaja', 'Wind Break', 'Mabufudyne', 'Virus Breath']
['Wind Break', 'Rakunda', 'Garula', 'Sharp Student']
['Wind Break', 'Rakukaja', 'Garula', 'Rakunda']
['Rakukaja', 'Null Light', 'Wind Break', 'Rakunda']
['Wind Amp', 'Rakukaja', 'Sharp Student', 'Wind Break']
['Rakukaja', 'Sexy Dance', 'Trafuri', 'Wind Break']
['Rakukaja', 'Wind Break', 'Rakunda', 'Sharp Student']
['Wind Break', 'Rakukaja', 'Wind Boost', 'Panta Rhei']
['Rakunda', 'Trafuri', 'Sexy Dance', 'Mabufudyne']
['Wind Amp', 'Trafuri', 'Rakunda', 'Rakukaja']
['Hama Boost', 'Null Light', 'Panta Rhei', 'Rakunda']
['Rakunda', 'Sharp Student', 'Wind Boost', 'Rakukaja']
['Rakunda', 'Hama Boost', 'Rakukaja', 'Wind Boost']
['Rakunda', 'Rakukaja', 'Wind Break', 'Wind Amp']
['Rakukaja', 'Sharp Student', 'Rakunda', 'Wind Boost']
['Rakunda', 'Virus Breath', 'Rakukaja', 'Sharp Student']
['Wind Break', 'Mabufudyne', 'Rakunda', 'Virus Breath']
['Rakukaja', 'Wind Boost', 'Panta Rhei', 'Rakunda']
['Rakukaja', 'Panta Rhei', 'Hama Boost', 'Sharp Student']
['Rakukaja', 'Hama Boost', 'Wind Break', 'Rakunda']
['Panta Rhei', 'Sharp Student', 'Rakukaja', 'Rakunda']
['Rakunda', 'Rakukaja', 'Sharp Student', 'Wind Amp']
['Null Light', 'Wind Break', 'Wind Amp', 'Rakunda']
['Wind Boost', 'Rakukaja', 'Hama Boost', 'Rakunda']
['Sexy Dance', 'Wind Break', 'Rakukaja', 'Rakunda']
['Wind Amp', 'Rakukaja', 'Wind Break', 'Panta Rhei']
['Rakunda', 'Wind Boost', 'Rakukaja', 'Mabufudyne']
['Wind Break', 'Mabufudyne', 'Hama Boost', 'Rakunda']
['Ailment Boost', 'Wind Break', 'Mabufudyne', 'Sharp Student']
['Rakunda', 'Wind Boost', 'Rakukaja', 'Garula']
['Rakukaja', 'Mabufudyne', 'Wind Break', 'Rakunda']
['Wind Boost', 'Hama Boost', 'Rakunda', 'Sharp Student']
['Wind Boost', 'Rakukaja', 'Sexy Dance', 'Mabufudyne']
['Rakunda', 'Rakukaja', 'Null Light', 'Virus Breath']
['Rakunda', 'Rakukaja', 'Garula', 'Wind Break']
['Rakunda', 'Rakukaja', 'Sharp Student', 'Wind Boost']
['Rakunda', 'Wind Boost', 'Rakukaja', 'Hama Boost']
['Rakukaja', 'Garula', 'Wind Break', 'Mabufudyne']
['Rakunda', 'Rakukaja', 'Trafuri', 'Hama Boost']
['Wind Break', 'Rakukaja', 'Rakunda', 'Wind Amp']
['Wind Break', 'Wind Amp', 'Rakukaja', 'Rakunda']
['Null Light', 'Wind Break', 'Sharp Student', 'Ailment Boost']
['Hama Boost', 'Garula', 'Sharp Student', 'Rakukaja']
['Rakunda', 'Rakukaja', 'Sexy Dance', 'Trafuri']
['Rakunda', 'Garula', 'Rakukaja', 'Wind Boost']
['Wind Break', 'Rakukaja', 'Rakunda', 'Sharp Student']
['Rakunda', 'Garula', 'Rakukaja', 'Wind Break']
['Rakukaja', 'Hama Boost', 'Rakunda', 'Wind Boost']
['Rakukaja', 'Wind Boost', 'Hama Boost', 'Rakunda']
['Wind Break', 'Rakunda', 'Wind Amp', 'Rakukaja']
['Wind Break', 'Wind Boost', 'Rakukaja', 'Sharp Student']
['Rakukaja', 'Wind Amp', 'Panta Rhei', 'Wind Boost']
['Null Light', 'Wind Boost', 'Rakunda', 'Rakukaja']
['Rakunda', 'Rakukaja', 'Garula', 'Wind Amp']
['Wind Boost', 'Rakukaja', 'Hama Boost', 'Wind Break']
['Rakukaja', 'Wind Break', 'Wind Amp', 'Hama Boost']
['Rakunda', 'Rakukaja', 'Ailment Boost', 'Panta Rhei']
['Wind Break', 'Rakukaja', 'Hama Boost', 'Ailment Boost']
['Mabufudyne', 'Rakunda', 'Rakukaja', 'Wind Break']
['Rakunda', 'Wind Break', 'Mabufudyne', 'Rakukaja']
['Rakunda', 'Rakukaja', 'Garula', 'Null Light']
['Rakukaja', 'Rakunda', 'Wind Break', 'Wind Boost']
['Wind Break', 'Wind Amp', 'Rakukaja', 'Garula']
['Garula', 'Rakukaja', 'Rakunda', 'Sharp Student']
['Rakunda', 'Wind Amp', 'Rakukaja', 'Trafuri']
['Rakukaja', 'Wind Break', 'Garula', 'Sharp Student']
['Wind Break', 'Garula', 'Rakukaja', 'Rakunda']
['Rakunda', 'Trafuri', 'Rakukaja', 'Garula']
['Rakunda', 'Virus Breath', 'Panta Rhei', 'Rakukaja']
['Wind Boost', 'Rakukaja', 'Rakunda', 'Hama Boost']
['Panta Rhei', 'Rakukaja', 'Wind Break', 'Sharp Student']
['Rakunda', 'Sexy Dance', 'Rakukaja', 'Sharp Student']
['Wind Amp', 'Rakukaja', 'Wind Break', 'Rakunda']
['Wind Break', 'Rakunda', 'Rakukaja', 'Trafuri']
['Virus Breath', 'Wind Break', 'Garula', 'Rakukaja']
['Trafuri', 'Hama Boost', 'Rakunda', 'Rakukaja']
['Rakukaja', 'Null Light', 'Wind Break', 'Mabufudyne']
['Ailment Boost', 'Rakunda', 'Wind Boost', 'Rakukaja']
['Wind Break', 'Mabufudyne', 'Sharp Student', 'Trafuri']
['Rakukaja', 'Wind Break', 'Wind Boost', 'Sharp Student']
['Rakukaja', 'Mabufudyne', 'Rakunda', 'Wind Amp']
['Rakunda', 'Rakukaja', 'Wind Break', 'Wind Amp']
['Wind Boost', 'Rakunda', 'Rakukaja', 'Mabufudyne']
['Rakunda', 'Wind Boost', 'Rakukaja', 'Wind Break']
['Rakunda', 'Mabufudyne', 'Rakukaja', 'Wind Amp']
['Rakukaja', 'Rakunda', 'Mabufudyne', 'Wind Amp']
['Wind Amp', 'Rakunda', 'Rakukaja', 'Wind Boost']
['Rakunda', 'Garula', 'Wind Break', 'Rakukaja']
['Garula', 'Rakunda', 'Sharp Student', 'Rakukaja']
['Panta Rhei', 'Wind Boost', 'Garula', 'Wind Break']
['Rakukaja', 'Wind Break', 'Rakunda', 'Wind Amp']
['Sharp Student', 'Wind Amp', 'Wind Break', 'Hama Boost']
['Rakunda', 'Wind Boost', 'Rakukaja', 'Wind Break']
['Rakukaja', 'Rakunda', 'Sharp Student', 'Panta Rhei']
['Wind Boost', 'Rakukaja', 'Rakunda', 'Hama Boost']
['Wind Break', 'Sharp Student', 'Wind Boost', 'Rakunda']
['Garula', 'Rakukaja', 'Rakunda', 'Mabufudyne']
['Rakunda', 'Rakukaja', 'Wind Amp', 'Wind Break']
['Rakukaja', 'Rakunda', 'Wind Break', 'Mabufudyne']
['Garula', 'Wind Boost', 'Rakunda', 'Null Light']
['Wind Break', 'Rakunda', 'Wind Boost', 'Panta Rhei']
['Rakukaja', 'Rakunda', 'Wind Boost', 'Mabufudyne']
['Wind Break', 'Rakunda', 'Wind Boost', 'Sharp Student']
['Rakunda', 'Rakukaja', 'Wind Break', 'Wind Boost']
['Rakukaja', 'Wind Boost', 'Wind Amp', 'Wind Break']
['Wind Break', 'Hama Boost', 'Wind Boost', 'Mabufudyne']
['Wind Break', 'Rakunda', 'Rakukaja', 'Sharp Student']
['Rakukaja', 'Rakunda', 'Null Light', 'Wind Break']
['Panta Rhei', 'Garula', 'Rakukaja', 'Wind Boost']
['Rakukaja', 'Rakunda', 'Null Light', 'Wind Break']
['Rakunda', 'Hama Boost', 'Wind Break', 'Wind Boost']
['Wind Break', 'Rakunda', 'Rakukaja', 'Ailment Boost']
['Wind Break', 'Rakukaja', 'Null Light', 'Garula']
['Mabufudyne', 'Garula', 'Rakunda', 'Wind Break']
['Rakukaja', 'Garula', 'Rakunda', 'Sharp Student']
['Null Light', 'Rakunda', 'Wind Amp', 'Garula']
['Wind Break', 'Rakukaja', 'Hama Boost', 'Rakunda']
['Rakukaja', 'Rakunda', 'Wind Amp', 'Mabufudyne']
['Rakunda', 'Rakukaja', 'Wind Break', 'Wind Boost']
['Garula', 'Wind Break', 'Rakunda', 'Rakukaja']
['Virus Breath', 'Wind Break', 'Wind Boost', 'Sexy Dance']
['Wind Break', 'Rakunda', 'Rakukaja', 'Wind Amp']
['Rakunda', 'Sharp Student', 'Rakukaja', 'Wind Break']
['Rakukaja', 'Rakunda', 'Wind Break', 'Hama Boost']
['Wind Boost', 'Garula', 'Rakunda', 'Rakukaja']
['Trafuri', 'Rakunda', 'Wind Amp', 'Wind Boost']
['Rakukaja', 'Wind Break', 'Wind Boost', 'Rakunda']
['Sharp Student', 'Wind Amp', 'Rakukaja', 'Wind Boost']
['Rakukaja', 'Rakunda', 'Wind Amp', 'Mabufudyne']
['Rakunda', 'Wind Break', 'Garula', 'Rakukaja']
['Rakukaja', 'Wind Boost', 'Panta Rhei', 'Wind Break']
['Rakukaja', 'Rakunda', 'Wind Break', 'Wind Boost']
['Null Light', 'Hama Boost', 'Rakunda', 'Wind Break']
['Rakukaja', 'Rakunda', 'Wind Break', 'Panta Rhei']
['Rakunda', 'Rakukaja', 'Wind Break', 'Wind Amp']
['Rakukaja', 'Rakunda', 'Mabufudyne', 'Hama Boost']
['Wind Break', 'Wind Boost', 'Rakunda', 'Hama Boost']
['Wind Break', 'Rakunda', 'Wind Boost', 'Garula']
['Sharp Student', 'Rakunda', 'Rakukaja', 'Ailment Boost']
['Hama Boost', 'Rakunda', 'Trafuri', 'Rakukaja']
['Rakunda', 'Garula', 'Sharp Student', 'Rakukaja']
['Rakunda', 'Hama Boost', 'Sharp Student', 'Wind Break']
['Rakunda', 'Rakukaja', 'Wind Boost', 'Wind Amp']
['Panta Rhei', 'Rakunda', 'Wind Break', 'Wind Boost']
['Rakunda', 'Wind Break', 'Sharp Student', 'Null Light']
['Rakukaja', 'Rakunda', 'Sharp Student', 'Wind Break']
['Rakukaja', 'Rakunda', 'Garula', 'Wind Break']
['Wind Break', 'Rakukaja', 'Rakunda', 'Null Light']
['Rakunda', 'Garula', 'Rakukaja', 'Wind Amp']
['Rakunda', 'Null Light', 'Garula', 'Wind Amp']
['Rakunda', 'Rakukaja', 'Wind Boost', 'Mabufudyne']
['Rakunda', 'Wind Amp', 'Garula', 'Mabufudyne']
['Rakunda', 'Ailment Boost', 'Wind Break', 'Rakukaja']
['Wind Boost', 'Rakunda', 'Wind Break', 'Rakukaja']
['Hama Boost', 'Rakukaja', 'Rakunda', 'Wind Boost']
['Rakukaja', 'Sharp Student', 'Rakunda', 'Sexy Dance']
['Rakunda', 'Wind Boost', 'Rakukaja', 'Wind Break']
['Garula', 'Rakukaja', 'Wind Break', 'Hama Boost']
['Rakukaja', 'Null Light', 'Garula', 'Wind Break']
['Rakukaja', 'Rakunda', 'Ailment Boost', 'Wind Break']
['Rakukaja', 'Rakunda', 'Wind Break', 'Wind Boost']
['Rakukaja', 'Sharp Student', 'Null Light', 'Rakunda']
['Wind Break', 'Rakunda', 'Wind Amp', 'Trafuri']
['Rakunda', 'Rakukaja', 'Sharp Student', 'Wind Amp']
['Wind Break', 'Null Light', 'Hama Boost', 'Rakukaja']
['Sharp Student', 'Rakukaja', 'Rakunda', 'Garula']
['Sharp Student', 'Rakukaja', 'Garula', 'Rakunda']
['Rakunda', 'Rakukaja', 'Wind Break', 'Wind Boost']
['Sharp Student', 'Rakukaja', 'Hama Boost', 'Ailment Boost']
['Rakukaja', 'Wind Boost', 'Panta Rhei', 'Wind Break']
['Rakukaja', 'Rakunda', 'Trafuri', 'Wind Break']
['Rakukaja', 'Rakunda', 'Wind Break', 'Wind Amp']
['Rakukaja', 'Wind Amp', 'Garula', 'Wind Break']
['Rakukaja', 'Null Light', 'Mabufudyne', 'Rakunda']
['Rakukaja', 'Wind Boost', 'Wind Break', 'Hama Boost']
['Rakukaja', 'Rakunda', 'Wind Amp', 'Wind Break']
['Rakukaja', 'Hama Boost', 'Wind Break', 'Garula']
['Wind Break', 'Wind Amp', 'Rakunda', 'Sharp Student']
['Rakukaja', 'Rakunda', 'Wind Break', 'Null Light']
['Wind Amp', 'Rakukaja', 'Wind Boost', 'Mabufudyne']
['Rakukaja', 'Rakunda', 'Trafuri', 'Sharp Student']
['Wind Boost', 'Wind Break', 'Rakunda', 'Wind Amp']
['Rakunda', 'Panta Rhei', 'Rakukaja', 'Wind Break']
['Rakukaja', 'Garula', 'Virus Breath', 'Mabufudyne']
['Rakukaja', 'Rakunda', 'Wind Boost', 'Wind Break']
['Rakunda', 'Wind Break', 'Panta Rhei', 'Sharp Student']
['Garula', 'Wind Break', 'Mabufudyne', 'Rakunda']
['Wind Break', 'Null Light', 'Rakukaja', 'Rakunda']
['Rakukaja', 'Wind Break', 'Rakunda', 'Sharp Student']
['Rakukaja', 'Mabufudyne', 'Wind Break', 'Sharp Student']
['Wind Boost', 'Rakukaja', 'Rakunda', 'Wind Break']
['Rakukaja', 'Rakunda', 'Sharp Student', 'Wind Break']
['Wind Break', 'Rakunda', 'Ailment Boost', 'Hama Boost']
['Wind Boost', 'Rakunda', 'Wind Amp', 'Rakukaja']
['Rakunda', 'Sexy Dance', 'Wind Boost', 'Wind Amp']
['Wind Break', 'Sharp Student', 'Rakunda', 'Garula']
['Rakukaja', 'Rakunda', 'Wind Break', 'Sexy Dance']
['Rakukaja', 'Rakunda', 'Wind Boost', 'Sharp Student']
['Wind Break', 'Null Light', 'Rakunda', 'Wind Boost']
['Wind Amp', 'Rakukaja', 'Rakunda', 'Wind Break']
['Wind Boost', 'Wind Break', 'Rakukaja', 'Hama Boost']
['Wind Amp', 'Rakukaja', 'Trafuri', 'Wind Break']
['Rakukaja', 'Ailment Boost', 'Mabufudyne', 'Rakunda']
['Rakukaja', 'Sharp Student', 'Wind Break', 'Rakunda']
['Rakukaja', 'Rakunda', 'Garula', 'Wind Break']
['Rakukaja', 'Garula', 'Rakunda', 'Sharp Student']
['Mabufudyne', 'Wind Boost', 'Trafuri', 'Rakunda']
['Rakunda', 'Rakukaja', 'Wind Amp', 'Wind Break']
['Rakunda', 'Hama Boost', 'Mabufudyne', 'Wind Break']
['Wind Break', 'Rakunda', 'Rakukaja', 'Hama Boost']
['Hama Boost', 'Rakunda', 'Ailment Boost', 'Wind Boost']
['Wind Boost', 'Rakunda', 'Rakukaja', 'Wind Break']
['Rakukaja', 'Rakunda', 'Null Light', 'Wind Break']
['Wind Boost', 'Rakunda', 'Panta Rhei', 'Trafuri']
['Rakukaja', 'Sexy Dance', 'Rakunda', 'Wind Break']
['Rakukaja', 'Rakunda', 'Wind Boost', 'Panta Rhei']
['Hama Boost', 'Rakunda', 'Null Light', 'Rakukaja']
['Rakunda', 'Wind Amp', 'Rakukaja', 'Wind Break']
['Rakukaja', 'Rakunda', 'Garula', 'Wind Boost']
['Wind Break', 'Rakunda', 'Rakukaja', 'Null Light']
['Rakukaja', 'Sharp Student', 'Wind Amp', 'Rakunda']
['Rakunda', 'Wind Break', 'Rakukaja', 'Wind Amp']
['Wind Break', 'Rakukaja', 'Sharp Student', 'Garula']
['Null Light', 'Rakunda', 'Rakukaja', 'Wind Break']
['Rakukaja', 'Rakunda', 'Null Light', 'Sharp Student']
['Rakukaja', 'Wind Boost', 'Null Light', 'Wind Break']
['Null Light', 'Rakukaja', 'Wind Break', 'Ailment Boost']
['Null Light', 'Rakunda', 'Rakukaja', 'Wind Break']
['Ailment Boost', 'Null Light', 'Sexy Dance', 'Rakukaja']
['Rakunda', 'Null Light', 'Rakukaja', 'Sharp Student']
['Rakukaja', 'Wind Boost', 'Hama Boost', 'Wind Break']
['Rakunda', 'Hama Boost', 'Rakukaja', 'Garula']
['Wind Break', 'Rakukaja', 'Sharp Student', 'Rakunda']
['Garula', 'Rakunda', 'Mabufudyne', 'Hama Boost']
['Wind Boost', 'Rakukaja', 'Wind Break', 'Sexy Dance']
['Panta Rhei', 'Rakunda', 'Rakukaja', 'Garula']
['Sharp Student', 'Wind Break', 'Wind Amp', 'Rakukaja']
['Rakunda', 'Sharp Student', 'Ailment Boost', 'Mabufudyne']
['Wind Boost', 'Rakukaja', 'Hama Boost', 'Garula']
['Wind Amp', 'Rakukaja', 'Wind Break', 'Sharp Student']
['Rakukaja', 'Sexy Dance', 'Rakunda', 'Garula']
['Rakukaja', 'Rakunda', 'Garula', 'Null Light']
['Rakunda', 'Rakukaja', 'Wind Break', 'Wind Boost']
['Rakukaja', 'Rakunda', 'Wind Break', 'Hama Boost']
['Rakunda', 'Rakukaja', 'Wind Boost', 'Virus Breath']
['Wind Break', 'Rakukaja', 'Mabufudyne', 'Sharp Student']
['Wind Break', 'Rakukaja', 'Mabufudyne', 'Wind Boost']
['Wind Break', 'Rakukaja', 'Rakunda', 'Ailment Boost']
['Rakukaja', 'Wind Break', 'Wind Boost', 'Garula']
['Wind Break', 'Rakukaja', 'Rakunda', 'Wind Boost']
['Wind Break', 'Rakukaja', 'Wind Amp', 'Hama Boost']
['Wind Amp', 'Wind Break', 'Rakukaja', 'Rakunda']
['Rakukaja', 'Garula', 'Panta Rhei', 'Sharp Student']
['Rakukaja', 'Rakunda', 'Wind Amp', 'Ailment Boost']
['Rakukaja', 'Rakunda', 'Wind Amp', 'Wind Break']
['Sexy Dance', 'Wind Amp', 'Rakunda', 'Hama Boost']
['Wind Amp', 'Rakukaja', 'Rakunda', 'Sharp Student']
['Rakukaja', 'Rakunda', 'Hama Boost', 'Mabufudyne']
['Ailment Boost', 'Rakukaja', 'Garula', 'Wind Break']
['Rakunda', 'Wind Amp', 'Wind Break', 'Ailment Boost']
['Wind Boost', 'Rakukaja', 'Rakunda', 'Garula']
['Wind Break', 'Rakukaja', 'Ailment Boost', 'Rakunda']
['Wind Break', 'Rakukaja', 'Hama Boost', 'Wind Amp']
['Garula', 'Wind Break', 'Rakukaja', 'Wind Amp']
['Rakukaja', 'Rakunda', 'Mabufudyne', 'Sharp Student']
['Rakukaja', 'Rakunda', 'Mabufudyne', 'Wind Break']
['Hama Boost', 'Sharp Student', 'Null Light', 'Rakukaja']
['Rakukaja', 'Wind Amp', 'Wind Break', 'Wind Boost']
['Rakukaja', 'Wind Amp', 'Garula', 'Null Light']
['Rakukaja', 'Wind Break', 'Wind Boost', 'Null Light']
['Rakunda', 'Rakukaja', 'Trafuri', 'Garula']
['Rakunda', 'Rakukaja', 'Hama Boost', 'Sexy Dance']
['Rakunda', 'Rakukaja', 'Sharp Student', 'Garula']
['Rakunda', 'Wind Break', 'Rakukaja', 'Sharp Student']
['Rakunda', 'Mabufudyne', 'Rakukaja', 'Sharp Student']
['Hama Boost', 'Rakukaja', 'Rakunda', 'Wind Break']
['Rakunda', 'Rakukaja', 'Virus Breath', 'Wind Boost']
['Wind Break', 'Rakukaja', 'Trafuri', 'Rakunda']
['Rakunda', 'Hama Boost', 'Mabufudyne', 'Garula']
['Trafuri', 'Sexy Dance', 'Garula', 'Wind Boost']
['Rakunda', 'Ailment Boost', 'Rakukaja', 'Wind Amp']
['Rakunda', 'Wind Amp', 'Wind Break', 'Rakukaja']
['Rakukaja', 'Wind Break', 'Wind Boost', 'Wind Amp']
['Rakukaja', 'Wind Break', 'Wind Amp', 'Ailment Boost']
['Rakunda', 'Virus Breath', 'Sharp Student', 'Wind Break']
['Rakunda', 'Rakukaja', 'Wind Break', 'Null Light']
['Sharp Student', 'Ailment Boost', 'Rakukaja', 'Wind Break']
['Rakukaja', 'Panta Rhei', 'Wind Boost', 'Sexy Dance']
['Rakunda', 'Sharp Student', 'Wind Amp', 'Wind Break']
['Rakunda', 'Wind Break', 'Ailment Boost', 'Wind Amp']
['Garula', 'Rakukaja', 'Rakunda', 'Ailment Boost']
['Wind Boost', 'Rakunda', 'Garula', 'Wind Amp']
['Trafuri', 'Wind Boost', 'Rakunda', 'Mabufudyne']
['Null Light', 'Wind Boost', 'Rakunda', 'Rakukaja']
['Wind Boost', 'Sharp Student', 'Rakunda', 'Null Light']
['Rakunda', 'Rakukaja', 'Wind Boost', 'Null Light']
['Garula', 'Rakunda', 'Wind Break', 'Wind Boost']
['Wind Amp', 'Rakukaja', 'Wind Break', 'Mabufudyne']
['Rakunda', 'Rakukaja', 'Garula', 'Wind Break']
['Null Light', 'Mabufudyne', 'Rakukaja', 'Rakunda']
['Sexy Dance', 'Rakukaja', 'Wind Break', 'Null Light']
['Rakukaja', 'Wind Break', 'Rakunda', 'Garula']
['Rakunda', 'Wind Boost', 'Wind Break', 'Trafuri']
['Wind Boost', 'Rakukaja', 'Sharp Student', 'Rakunda']
['Rakukaja', 'Rakunda', 'Garula', 'Panta Rhei']
['Rakukaja', 'Rakunda', 'Wind Break', 'Wind Boost']
['Rakukaja', 'Wind Amp', 'Wind Boost', 'Rakunda']
['Wind Break', 'Ailment Boost', 'Trafuri', 'Rakunda']
['Wind Boost', 'Rakukaja', 'Wind Break', 'Garula']
['Rakukaja', 'Rakunda', 'Panta Rhei', 'Wind Amp']
['Garula', 'Ailment Boost', 'Rakukaja', 'Rakunda']
['Rakukaja', 'Wind Boost', 'Ailment Boost', 'Sharp Student']
['Wind Boost', 'Hama Boost', 'Rakunda', 'Rakukaja']
['Wind Break', 'Wind Boost', 'Rakunda', 'Mabufudyne']
['Rakukaja', 'Sharp Student', 'Wind Boost', 'Rakunda']
['Rakukaja', 'Rakunda', 'Garula', 'Wind Break']
['Rakunda', 'Hama Boost', 'Rakukaja', 'Wind Break']
['Rakukaja', 'Sexy Dance', 'Rakunda', 'Sharp Student']
['Wind Boost', 'Rakukaja', 'Wind Break', 'Garula']
['Wind Break', 'Mabufudyne', 'Trafuri', 'Rakukaja']
['Trafuri', 'Rakukaja', 'Wind Break', 'Panta Rhei']
['Null Light', 'Rakukaja', 'Wind Break', 'Sexy Dance']
['Trafuri', 'Rakukaja', 'Wind Break', 'Garula']
['Rakukaja', 'Rakunda', 'Hama Boost', 'Wind Boost']
['Wind Amp', 'Hama Boost', 'Rakunda', 'Rakukaja']
['Rakunda', 'Wind Break', 'Rakukaja', 'Garula']
['Wind Break', 'Wind Boost', 'Wind Amp', 'Rakukaja']
['Rakunda', 'Wind Boost', 'Rakukaja', 'Wind Amp']
['Rakunda', 'Rakukaja', 'Virus Breath', 'Wind Boost']
['Rakunda', 'Rakukaja', 'Wind Break', 'Null Light']
['Wind Break', 'Garula', 'Rakukaja', 'Rakunda']
['Wind Break', 'Rakunda', 'Rakukaja', 'Sharp Student']
['Wind Break', 'Garula', 'Sharp Student', 'Rakunda']
['Ailment Boost', 'Rakunda', 'Rakukaja', 'Wind Boost']
['Wind Boost', 'Trafuri', 'Rakukaja', 'Wind Break']
['Rakukaja', 'Garula', 'Null Light', 'Wind Break']
['Mabufudyne', 'Rakunda', 'Hama Boost', 'Wind Break']
['Wind Break', 'Rakunda', 'Hama Boost', 'Panta Rhei']
['Rakunda', 'Wind Amp', 'Rakukaja', 'Sharp Student']
['Wind Break', 'Rakunda', 'Sexy Dance', 'Garula']
['Rakukaja', 'Rakunda', 'Garula', 'Mabufudyne']
['Rakunda', 'Sharp Student', 'Wind Boost', 'Rakukaja']
['Sexy Dance', 'Rakunda', 'Wind Boost', 'Sharp Student']
['Rakunda', 'Wind Boost', 'Wind Break', 'Sharp Student']
['Null Light', 'Mabufudyne', 'Sharp Student', 'Rakunda']
['Garula', 'Rakunda', 'Rakukaja', 'Wind Boost']
['Rakunda', 'Rakukaja', 'Hama Boost', 'Sharp Student']
['Rakunda', 'Panta Rhei', 'Wind Break', 'Rakukaja']
['Wind Amp', 'Null Light', 'Rakukaja', 'Sharp Student']
['Rakunda', 'Sharp Student', 'Wind Break', 'Rakukaja']
['Rakukaja', 'Wind Break', 'Rakunda', 'Sharp Student']
['Rakunda', 'Rakukaja', 'Mabufudyne', 'Wind Amp']
['Rakukaja', 'Wind Break', 'Rakunda', 'Panta Rhei']
['Rakukaja', 'Wind Break', 'Rakunda', 'Ailment Boost']
['Wind Break', 'Rakunda', 'Rakukaja', 'Trafuri']
['Wind Amp', 'Rakukaja', 'Wind Break', 'Garula']
['Rakunda', 'Wind Amp', 'Wind Boost', 'Sharp Student']
['Null Light', 'Rakukaja', 'Wind Break', 'Rakunda']
['Rakukaja', 'Wind Break', 'Rakunda', 'Wind Boost']
['Rakunda', 'Wind Amp', 'Rakukaja', 'Hama Boost']
['Garula', 'Rakukaja', 'Sharp Student', 'Wind Break']
['Rakukaja', 'Rakunda', 'Garula', 'Panta Rhei']
['Rakukaja', 'Garula', 'Sharp Student', 'Wind Break']
['Rakukaja', 'Ailment Boost', 'Rakunda', 'Wind Boost']
['Garula', 'Rakunda', 'Rakukaja', 'Wind Break']
['Rakunda', 'Rakukaja', 'Mabufudyne', 'Wind Break']
['Rakukaja', 'Panta Rhei', 'Rakunda', 'Wind Break']
['Wind Boost', 'Wind Break', 'Rakunda', 'Panta Rhei']
['Rakunda', 'Panta Rhei', 'Ailment Boost', 'Rakukaja']
['Rakukaja', 'Rakunda', 'Garula', 'Wind Break']
['Rakukaja', 'Wind Amp', 'Wind Boost', 'Rakunda']
['Wind Amp', 'Wind Boost', 'Wind Break', 'Rakunda']
['Rakukaja', 'Rakunda', 'Sharp Student', 'Hama Boost']
['Rakukaja', 'Wind Break', 'Rakunda', 'Wind Boost']
['Wind Boost', 'Rakunda', 'Rakukaja', 'Hama Boost']
['Sharp Student', 'Wind Boost', 'Wind Amp', 'Sexy Dance']
['Wind Break', 'Sharp Student', 'Hama Boost', 'Rakunda']
['Rakunda', 'Sharp Student', 'Wind Break', 'Rakukaja']
['Sharp Student', 'Garula', 'Rakunda', 'Wind Break']
['Wind Break', 'Ailment Boost', 'Null Light', 'Rakukaja']
['Rakunda', 'Rakukaja', 'Ailment Boost', 'Wind Boost']
['Rakukaja', 'Rakunda', 'Wind Break', 'Hama Boost']
['Panta Rhei', 'Sharp Student', 'Rakukaja', 'Sexy Dance']
['Rakukaja', 'Wind Break', 'Wind Boost', 'Wind Amp']
['Rakunda', 'Rakukaja', 'Wind Boost', 'Wind Break']
['Wind Amp', 'Panta Rhei', 'Rakukaja', 'Wind Break']
['Rakukaja', 'Mabufudyne', 'Sharp Student', 'Wind Boost']
['Mabufudyne', 'Rakukaja', 'Wind Break', 'Rakunda']
['Rakunda', 'Wind Boost', 'Rakukaja', 'Mabufudyne']
['Hama Boost', 'Rakukaja', 'Rakunda', 'Wind Break']
['Wind Break', 'Garula', 'Wind Boost', 'Rakukaja']
['Wind Boost', 'Trafuri', 'Rakukaja', 'Rakunda']
['Wind Break', 'Rakukaja', 'Rakunda', 'Ailment Boost']
['Wind Break', 'Rakukaja', 'Rakunda', 'Hama Boost']
['Rakukaja', 'Rakunda', 'Sharp Student', 'Trafuri']
['Rakunda', 'Sexy Dance', 'Wind Break', 'Rakukaja']
['Rakunda', 'Trafuri', 'Wind Break', 'Rakukaja']
['Wind Amp', 'Wind Break', 'Rakunda', 'Rakukaja']
['Rakukaja', 'Garula', 'Wind Break', 'Rakunda']
['Wind Break', 'Rakunda', 'Rakukaja', 'Panta Rhei']
['Hama Boost', 'Wind Amp', 'Trafuri', 'Rakunda']
['Sharp Student', 'Wind Break', 'Virus Breath', 'Rakunda']
['Rakukaja', 'Rakunda', 'Sharp Student', 'Wind Break']
['Wind Break', 'Mabufudyne', 'Rakunda', 'Trafuri']
['Wind Break', 'Sharp Student', 'Rakunda', 'Wind Boost']
['Ailment Boost', 'Rakunda', 'Garula', 'Wind Boost']
['Rakukaja', 'Hama Boost', 'Wind Amp', 'Sharp Student']
['Rakukaja', 'Garula', 'Rakunda', 'Wind Break']
['Wind Boost', 'Rakunda', 'Rakukaja', 'Garula']
['Wind Boost', 'Wind Amp', 'Rakunda', 'Ailment Boost']
['Rakukaja', 'Trafuri', 'Wind Break', 'Rakunda']
['Rakukaja', 'Wind Break', 'Garula', 'Wind Boost']
['Wind Break', 'Garula', 'Rakunda', 'Rakukaja']
['Wind Break', 'Rakunda', 'Rakukaja', 'Wind Amp']
['Hama Boost', 'Panta Rhei', 'Rakunda', 'Rakukaja']
['Rakukaja', 'Rakunda', 'Wind Break', 'Wind Boost']
['Rakukaja', 'Sharp Student', 'Rakunda', 'Wind Amp']
['Sharp Student', 'Wind Amp', 'Sexy Dance', 'Wind Break']
['Rakunda', 'Rakukaja', 'Wind Boost', 'Wind Break']
['Wind Break', 'Sexy Dance', 'Garula', 'Rakunda']
['Rakunda', 'Null Light', 'Rakukaja', 'Wind Amp']
['Rakukaja', 'Wind Boost', 'Ailment Boost', 'Garula']
['Rakunda', 'Wind Break', 'Null Light', 'Panta Rhei']
['Rakukaja', 'Ailment Boost', 'Wind Break', 'Wind Boost']
['Rakukaja', 'Rakunda', 'Wind Amp', 'Sharp Student']
['Wind Boost', 'Wind Amp', 'Panta Rhei', 'Sexy Dance']
['Rakukaja', 'Panta Rhei', 'Wind Break', 'Hama Boost']
['Rakunda', 'Trafuri', 'Wind Boost', 'Ailment Boost']
['Mabufudyne', 'Rakunda', 'Ailment Boost', 'Garula']
['Rakukaja', 'Null Light', 'Rakunda', 'Wind Break']
['Wind Break', 'Rakukaja', 'Rakunda', 'Garula']
['Wind Break', 'Rakunda', 'Rakukaja', 'Ailment Boost']
['Wind Boost', 'Rakukaja', 'Wind Break', 'Null Light']
['Panta Rhei', 'Rakukaja', 'Wind Break', 'Rakunda']
['Wind Break', 'Wind Boost', 'Rakunda', 'Garula']
['Wind Break', 'Rakunda', 'Mabufudyne', 'Hama Boost']
['Rakukaja', 'Wind Boost', 'Rakunda', 'Garula']
['Rakunda', 'Wind Amp', 'Mabufudyne', 'Wind Boost']
['Wind Boost', 'Garula', 'Wind Break', 'Rakukaja']
['Rakunda', 'Wind Break', 'Rakukaja', 'Wind Boost']
['Rakunda', 'Garula', 'Rakukaja', 'Null Light']
['Rakukaja', 'Wind Break', 'Rakunda', 'Sharp Student']
['Rakukaja', 'Ailment Boost', 'Null Light', 'Wind Break']
['Rakunda', 'Ailment Boost', 'Sharp Student', 'Hama Boost']
['Rakunda', 'Hama Boost', 'Rakukaja', 'Wind Boost']
['Wind Break', 'Rakunda', 'Wind Boost', 'Rakukaja']
['Wind Break', 'Wind Boost', 'Rakukaja', 'Rakunda']
['Wind Break', 'Rakunda', 'Wind Amp', 'Sharp Student']
['Garula', 'Ailment Boost', 'Rakukaja', 'Rakunda']
['Wind Amp', 'Rakukaja', 'Sharp Student', 'Garula']
['Wind Amp', 'Rakukaja', 'Rakunda', 'Garula']
['Rakunda', 'Wind Boost', 'Wind Amp', 'Garula']
['Sharp Student', 'Rakukaja', 'Wind Break', 'Rakunda']
['Sharp Student', 'Rakukaja', 'Rakunda', 'Wind Break']
['Rakunda', 'Wind Boost', 'Sexy Dance', 'Null Light']
['Rakunda', 'Trafuri', 'Wind Break', 'Wind Boost']
['Virus Breath', 'Wind Break', 'Rakukaja', 'Rakunda']
['Rakukaja', 'Sharp Student', 'Trafuri', 'Rakunda']
['Rakukaja', 'Wind Break', 'Rakunda', 'Wind Boost']
['Hama Boost', 'Sharp Student', 'Panta Rhei', 'Wind Break']
['Sharp Student', 'Rakukaja', 'Wind Break', 'Garula']
['Mabufudyne', 'Rakunda', 'Rakukaja', 'Trafuri']
['Hama Boost', 'Rakukaja', 'Rakunda', 'Panta Rhei']
['Rakukaja', 'Null Light', 'Garula', 'Wind Amp']
['Rakukaja', 'Null Light', 'Garula', 'Mabufudyne']
['Garula', 'Rakukaja', 'Rakunda', 'Sharp Student']
['Rakunda', 'Sharp Student', 'Wind Break', 'Mabufudyne']
['Wind Break', 'Rakukaja', 'Wind Boost', 'Rakunda']
['Rakunda', 'Rakukaja', 'Wind Boost', 'Wind Break']
['Panta Rhei', 'Rakukaja', 'Rakunda', 'Wind Boost']
['Wind Boost', 'Rakukaja', 'Rakunda', 'Wind Break']
['Panta Rhei', 'Wind Break', 'Mabufudyne', 'Wind Amp']
['Rakunda', 'Sharp Student', 'Panta Rhei', 'Wind Amp']
['Rakunda', 'Wind Amp', 'Rakukaja', 'Trafuri']
['Rakunda', 'Rakukaja', 'Wind Amp', 'Wind Break']
['Rakukaja', 'Wind Break', 'Rakunda', 'Wind Amp']
['Hama Boost', 'Rakukaja', 'Wind Amp', 'Rakunda']
['Sharp Student', 'Wind Amp', 'Rakunda', 'Rakukaja']
['Null Light', 'Rakukaja', 'Garula', 'Rakunda']
['Wind Break', 'Ailment Boost', 'Rakunda', 'Rakukaja']
['Mabufudyne', 'Rakukaja', 'Rakunda', 'Wind Boost']
['Rakunda', 'Rakukaja', 'Mabufudyne', 'Sharp Student']
['Wind Boost', 'Rakukaja', 'Mabufudyne', 'Rakunda']
['Wind Boost', 'Rakunda', 'Rakukaja', 'Ailment Boost']
['Rakukaja', 'Trafuri', 'Wind Amp', 'Mabufudyne']
['Rakunda', 'Wind Boost', 'Hama Boost', 'Rakukaja']
['Rakukaja', 'Rakunda', 'Wind Boost', 'Wind Amp']
['Rakukaja', 'Wind Boost', 'Wind Break', 'Rakunda']
['Rakukaja', 'Wind Amp', 'Rakunda', 'Hama Boost']
['Rakukaja', 'Wind Break', 'Rakunda', 'Null Light']
['Rakunda', 'Wind Break', 'Rakukaja', 'Garula']
['Rakukaja', 'Rakunda', 'Trafuri', 'Wind Amp']
['Hama Boost', 'Wind Boost', 'Wind Break', 'Rakukaja']
['Wind Amp', 'Mabufudyne', 'Rakukaja', 'Garula']
['Rakukaja', 'Rakunda', 'Sharp Student', 'Virus Breath']
['Rakunda', 'Wind Break', 'Hama Boost', 'Rakukaja']
['Rakukaja', 'Mabufudyne', 'Garula', 'Rakunda']
['Garula', 'Rakukaja', 'Rakunda', 'Wind Break']
['Hama Boost', 'Rakunda', 'Null Light', 'Mabufudyne']
['Garula', 'Rakukaja', 'Rakunda', 'Wind Amp']
['Wind Amp', 'Hama Boost', 'Trafuri', 'Wind Break']
['Wind Break', 'Rakukaja', 'Garula', 'Null Light']
['Wind Break', 'Rakunda', 'Hama Boost', 'Wind Boost']
['Rakukaja', 'Rakunda', 'Panta Rhei', 'Wind Boost']
['Wind Break', 'Rakukaja', 'Garula', 'Sexy Dance']
['Wind Break', 'Rakunda', 'Rakukaja', 'Trafuri']
['Rakukaja', 'Wind Break', 'Wind Amp', 'Mabufudyne']
['Wind Break', 'Rakunda', 'Rakukaja', 'Sharp Student']
['Wind Amp', 'Rakukaja', 'Wind Break', 'Rakunda']
['Hama Boost', 'Wind Break', 'Rakunda', 'Rakukaja']
['Rakukaja', 'Rakunda', 'Wind Break', 'Garula']
['Wind Boost', 'Rakunda', 'Panta Rhei', 'Ailment Boost']
['Rakunda', 'Rakukaja', 'Wind Break', 'Garula']
['Wind Boost', 'Wind Break', 'Null Light', 'Rakunda']
['Wind Break', 'Null Light', 'Rakunda', 'Rakukaja']
['Rakukaja', 'Wind Boost', 'Garula', 'Rakunda']
['Rakukaja', 'Rakunda', 'Wind Break', 'Mabufudyne']
['Rakunda', 'Sexy Dance', 'Rakukaja', 'Wind Boost']
['Wind Amp', 'Rakunda', 'Wind Break', 'Virus Breath']
['Wind Break', 'Rakunda', 'Rakukaja', 'Garula']
['Ailment Boost', 'Rakukaja', 'Wind Break', 'Rakunda']
['Rakunda', 'Wind Break', 'Wind Amp', 'Garula']
['Sharp Student', 'Rakukaja', 'Panta Rhei', 'Rakunda']
['Wind Break', 'Rakukaja', 'Null Light', 'Panta Rhei']
['Rakukaja', 'Wind Amp', 'Null Light', 'Panta Rhei']
['Wind Break', 'Trafuri', 'Mabufudyne', 'Rakukaja']
['Rakunda', 'Garula', 'Wind Break', 'Wind Boost']
['Rakunda', 'Rakukaja', 'Wind Break', 'Wind Boost']
['Wind Boost', 'Hama Boost', 'Wind Amp', 'Wind Break']
['Rakunda', 'Rakukaja', 'Wind Boost', 'Wind Break']
['Sharp Student', 'Mabufudyne', 'Rakukaja', 'Wind Amp']
['Rakunda', 'Garula', 'Null Light', 'Rakukaja']
['Null Light', 'Rakukaja', 'Rakunda', 'Wind Break']
['Rakukaja', 'Rakunda', 'Wind Boost', 'Sexy Dance']
['Wind Break', 'Rakunda', 'Rakukaja', 'Mabufudyne']
['Rakukaja', 'Rakunda', 'Sharp Student', 'Wind Boost']
['Rakukaja', 'Sharp Student', 'Rakunda', 'Wind Boost']
['Rakunda', 'Wind Break', 'Garula', 'Rakukaja']
['Rakunda', 'Rakukaja', 'Wind Break', 'Hama Boost']
['Wind Boost', 'Rakunda', 'Rakukaja', 'Sexy Dance']
['Wind Break', 'Rakunda', 'Rakukaja', 'Sexy Dance']
['Rakukaja', 'Wind Break', 'Rakunda', 'Mabufudyne']
['Rakunda', 'Sharp Student', 'Wind Break', 'Rakukaja']
['Garula', 'Rakukaja', 'Rakunda', 'Wind Break']
['Rakukaja', 'Rakunda', 'Wind Boost', 'Sharp Student']
['Sharp Student', 'Wind Break', 'Rakunda', 'Virus Breath']
['Wind Break', 'Rakunda', 'Sharp Student', 'Rakukaja']
