['Bufu', 'Bufudyne', 'Resist Dark', 'Resist Fire']
['Bufudyne', 'Bufu', 'Re Patra', 'Dia']
['Bufu', 'Ice Boost', 'Bufudyne', 'Dia']
['Bufu', 'Mabufula', 'Counterstrike', 'Patra']
['Bufu', 'Counterstrike', 'Mabufula', 'Ice Break']
['Bufu', 'Bufudyne', 'Patra', 'Dia']
['Bufudyne', 'Patra', 'Mabufula', 'Re Patra']
['Bufu', 'Mabufula', 'Counterstrike', 'Patra']
['Bufu', 'Bufudyne', 'Mabufula', 'Resist Dark']
['Bufudyne', 'Bufu', 'Recarmdra', 'Dia']
['Bufu', 'Re Patra', 'Recarmdra', 'Counterstrike']
['Recarmdra', 'Bufu', 'Mabufula', 'Bufudyne']
['Bufudyne', 'Bufu', 'Mahamaon', 'Null Dark']
['Bufudyne', 'Re Patra', 'Bufu', 'Mabufula']
['Bufudyne', 'Bufu', 'Patra', 'Mediarahan']
['Mabufula', 'Counterstrike', 'Bufudyne', 'Bufu']
['Mabufula', 'Bufu', 'Null Dark', 'Bufudyne']
['Bufu', 'Hamaon', 'Mabufula', 'Patra']
['Sonic Punch', 'Bufu', 'Mahamaon', 'Dekaja']
['Resist Fire', 'Bufu', 'Mabufula', 'Bufudyne']
['Bufu', 'Mabufula', 'Dia', 'Patra']
['Bufu', 'Ice Break', 'Bufudyne', 'Patra']
['Hamaon', 'Mediarahan', 'Counterstrike', 'Bufu']
['Mediarahan', 'Bufudyne', 'Bufu', 'Counterstrike']
['Bufu', 'Bufudyne', 'Mabufula', 'Patra']
['Bufu', 'Ice Boost', 'Mabufula', 'Bufudyne']
['Amrita', 'Patra', 'Bufu', 'Resist Dark']
['Bufu', 'Recarmdra', 'Amrita', 'Dekaja']
['Bufu', 'Mabufula', 'Resist Dark', 'Re Patra']
['Null Dark', 'Bufudyne', 'Bufu', 'Ice Break']
['Bufu', 'Re Patra', 'Bufudyne', 'Hamaon']
['Bufu', 'Mabufula', 'Ice Boost', 'Re Patra']
['Hamaon', 'Bufu', 'Bufudyne', 'Patra']
['Bufu', 'Bufudyne', 'Re Patra', 'Mabufula']
['Bufu', 'Amrita', 'Sonic Punch', 'Bufudyne']
['Bufu', 'Hama Boost', 'Patra', 'Null Dark']
['Bufu', 'Ice Boost', 'Mabufula', 'Dekaja']
['Bufudyne', 'Bufu', 'Resist Dark', 'Re Patra']
['Recarmdra', 'Mabufula', 'Patra', 'Bufu']
['Bufu', 'Patra', 'Ice Boost', 'Mabufula']
['Bufudyne', 'Re Patra', 'Mabufula', 'Bufu']
['Bufu', 'Mabufula', 'Bufudyne', 'Ice Break']
['Bufu', 'Dia', 'Patra', 'Mabufula']
['Bufudyne', 'Bufu', 'Hamaon', 'Mabufula']
['Bufudyne', 'Mabufula', 'Bufu', 'Hamaon']
['Bufu', 'Resist Fire', 'Bufudyne', 'Ice Boost']
['Bufu', 'Hama Boost', 'Patra', 'Mabufula']
['Bufu', 'Re Patra', 'Mabufula', 'Dia']
['Bufu', 'Bufudyne', 'Mabufula', 'Resist Fire']
['Bufu', 'Bufudyne', 'Mabufula', 'Dia']
['Counterstrike', 'Bufudyne', 'Bufu', 'Mabufula']
['Mabufula', 'Patra', 'Bufu', 'Bufudyne']
['Mabufula', 'Bufu', 'Null Dark', 'Bufudyne']
['Bufu', 'Patra', 'Dekaja', 'Dia']
['Patra', 'Bufudyne', 'Bufu', 'Mabufula']
['Bufu', 'Patra', 'Mabufula', 'Hamaon']
['Mabufula', 'Sonic Punch', 'Patra', 'Dia']
['Bufu', 'Bufudyne', 'Hama Boost', 'Patra']
['Bufu', 'Patra', 'Null Dark', 'Mahamaon']
['Bufu', 'Patra', 'Ice Break', 'Null Dark']
['Dekaja', 'Bufu', 'Mabufula', 'Patra']
['Patra', 'Bufu', 'Mediarahan', 'Bufudyne']
['Bufudyne', 'Amrita', 'Bufu', 'Dekaja']
['Bufu', 'Patra', 'Amrita', 'Mabufula']
['Re Patra', 'Bufu', 'Patra', 'Mabufula']
['Resist Fire', 'Bufu', 'Mabufula', 'Ice Break']
['Bufu', 'Hama Boost', 'Mahamaon', 'Ice Boost']
['Bufu', 'Patra', 'Re Patra', 'Mabufula']
['Sonic Punch', 'Bufu', 'Null Dark', 'Patra']
['Bufu', 'Re Patra', 'Ice Break', 'Patra']
['Bufu', 'Bufudyne', 'Amrita', 'Dia']
['Mabufula', 'Dia', 'Bufu', 'Patra']
['Resist Fire', 'Amrita', 'Bufu', 'Null Dark']
['Bufu', 'Mabufula', 'Re Patra', 'Resist Fire']
['Bufu', 'Mabufula', 'Bufudyne', 'Hamaon']
['Bufu', 'Dia', 'Mahamaon', 'Hamaon']
['Patra', 'Bufu', 'Ice Boost', 'Mabufula']
['Bufu', 'Bufudyne', 'Sonic Punch', 'Mabufula']
['Re Patra', 'Ice Boost', 'Bufu', 'Mabufula']
['Resist Dark', 'Patra', 'Bufu', 'Dekaja']
['Hama Boost', 'Bufu', 'Mabufula', 'Bufudyne']
['Bufudyne', 'Recarmdra', 'Bufu', 'Ice Break']
['Bufu', 'Bufudyne', 'Mabufula', 'Resist Dark']
['Patra', 'Hamaon', 'Bufu', 'Bufudyne']
['Bufu', 'Mediarahan', 'Patra', 'Dia']
['Recarmdra', 'Dia', 'Hamaon', 'Mabufula']
['Bufu', 'Mabufula', 'Amrita', 'Bufudyne']
['Null Dark', 'Mabufula', 'Bufu', 'Bufudyne']
['Mabufula', 'Bufu', 'Dekaja', 'Bufudyne']
['Bufu', 'Null Dark', 'Mahamaon', 'Bufudyne']
['Re Patra', 'Bufu', 'Mabufula', 'Ice Break']
['Dia', 'Amrita', 'Bufudyne', 'Patra']
['Bufu', 'Amrita', 'Bufudyne', 'Mabufula']
['Bufu', 'Sonic Punch', 'Hama Boost', 'Null Dark']
['Bufu', 'Bufudyne', 'Ice Boost', 'Mabufula']
['Bufu', 'Mahamaon', 'Resist Fire', 'Mabufula']
['Bufudyne', 'Resist Fire', 'Mabufula', 'Bufu']
['Mabufula', 'Bufu', 'Patra', 'Counterstrike']
['Mabufula', 'Hama Boost', 'Resist Fire', 'Bufu']
['Bufu', 'Dia', 'Resist Dark', 'Bufudyne']
['Bufu', 'Ice Boost', 'Dia', 'Mabufula']
['Bufu', 'Counterstrike', 'Ice Break', 'Resist Dark']
['Bufudyne', 'Bufu', 'Dia', 'Mediarahan']
['Mabufula', 'Bufu', 'Ice Boost', 'Mediarahan']
['Bufu', 'Mabufula', 'Re Patra', 'Mahamaon']
['Hama Boost', 'Bufu', 'Dekaja', 'Ice Boost']
['Mabufula', 'Bufu', 'Bufudyne', 'Re Patra']
['Bufu', 'Counterstrike', 'Dekaja', 'Resist Dark']
['Bufu', 'Counterstrike', 'Bufudyne', 'Dia']
['Mabufula', 'Bufu', 'Re Patra', 'Null Dark']
['Bufu', 'Mabufula', 'Patra', 'Re Patra']
['Bufu', 'Mabufula', 'Mediarahan', 'Dia']
['Bufu', 'Mabufula', 'Re Patra', 'Bufudyne']
['Dekaja', 'Dia', 'Bufu', 'Mabufula']
['Bufu', 'Null Dark', 'Ice Break', 'Amrita']
['Amrita', 'Bufudyne', 'Mabufula', 'Bufu']
['Bufu', 'Bufudyne', 'Amrita', 'Mabufula']
['Bufu', 'Mabufula', 'Bufudyne', 'Dia']
['Bufu', 'Mabufula', 'Re Patra', 'Bufudyne']
['Dia', 'Bufu', 'Amrita', 'Ice Boost']
['Recarmdra', 'Hama Boost', 'Bufudyne', 'Bufu']
['Bufu', 'Ice Break', 'Hama Boost', 'Counterstrike']
['Bufu', 'Mabufula', 'Re Patra', 'Mediarahan']
['Resist Fire', 'Bufu', 'Patra', 'Dia']
['Null Dark', 'Re Patra', 'Bufu', 'Patra']
['Bufu', 'Patra', 'Bufudyne', 'Dia']
['Mediarahan', 'Bufudyne', 'Bufu', 'Dekaja']
['Ice Break', 'Hamaon', 'Bufu', 'Resist Fire']
['Bufu', 'Bufudyne', 'Patra', 'Mabufula']
['Mabufula', 'Dia', 'Bufu', 'Ice Boost']
['Mabufula', 'Bufu', 'Counterstrike', 'Bufudyne']
['Resist Dark', 'Mabufula', 'Bufudyne', 'Bufu']
['Mabufula', 'Bufu', 'Null Dark', 'Patra']
['Mabufula', 'Bufu', 'Bufudyne', 'Patra']
['Bufu', 'Counterstrike', 'Ice Boost', 'Bufudyne']
['Ice Break', 'Bufudyne', 'Bufu', 'Mabufula']
['Mabufula', 'Patra', 'Bufu', 'Mediarahan']
['Bufu', 'Patra', 'Ice Break', 'Bufudyne']
['Mahamaon', 'Counterstrike', 'Bufudyne', 'Ice Boost']
['Mediarahan', 'Mabufula', 'Resist Fire', 'Bufudyne']
['Bufu', 'Bufudyne', 'Mabufula', 'Resist Dark']
['Bufu', 'Ice Boost', 'Hama Boost', 'Bufudyne']
['Dekaja', 'Mediarahan', 'Bufu', 'Bufudyne']
['Dia', 'Bufu', 'Mabufula', 'Resist Fire']
['Patra', 'Recarmdra', 'Bufudyne', 'Bufu']
['Patra', 'Mabufula', 'Ice Boost', 'Bufu']
['Bufu', 'Re Patra', 'Patra', 'Hama Boost']
['Counterstrike', 'Mabufula', 'Bufu', 'Hamaon']
['Bufudyne', 'Bufu', 'Ice Boost', 'Patra']
['Re Patra', 'Patra', 'Resist Dark', 'Bufu']
['Bufu', 'Ice Boost', 'Mabufula', 'Hama Boost']
['Re Patra', 'Bufu', 'Null Dark', 'Bufudyne']
['Bufu', 'Amrita', 'Patra', 'Ice Break']
['Amrita', 'Hamaon', 'Bufu', 'Resist Fire']
['Bufu', 'Bufudyne', 'Ice Break', 'Mabufula']
['Patra', 'Bufu', 'Mediarahan', 'Resist Dark']
['Bufu', 'Resist Dark', 'Bufudyne', 'Dekaja']
['Bufudyne', 'Patra', 'Dekaja', 'Bufu']
['Bufu', 'Ice Boost', 'Sonic Punch', 'Mabufula']
['Bufu', 'Patra', 'Amrita', 'Bufudyne']
['Bufu', 'Mabufula', 'Resist Dark', 'Mediarahan']
['Counterstrike', 'Bufu', 'Dia', 'Bufudyne']
['Ice Boost', 'Dia', 'Mabufula', 'Bufu']
['Bufu', 'Dia', 'Ice Boost', 'Hamaon']
['Mahamaon', 'Hama Boost', 'Bufu', 'Re Patra']
['Bufu', 'Mabufula', 'Resist Dark', 'Hama Boost']
['Bufu', 'Patra', 'Ice Boost', 'Mabufula']
['Bufu', 'Patra', 'Null Dark', 'Dia']
['Bufu', 'Bufudyne', 'Re Patra', 'Mabufula']
['Bufu', 'Bufudyne', 'Ice Boost', 'Null Dark']
['Bufu', 'Hamaon', 'Ice Break', 'Dia']
['Bufu', 'Re Patra', 'Patra', 'Ice Break']
['Ice Boost', 'Bufu', 'Resist Dark', 'Bufudyne']
['Mabufula', 'Bufu', 'Patra', 'Mahamaon']
['Mabufula', 'Bufudyne', 'Bufu', 'Mediarahan']
['Mabufula', 'Bufu', 'Ice Boost', 'Amrita']
['Re Patra', 'Bufu', 'Ice Boost', 'Patra']
['Re Patra', 'Bufu', 'Dekaja', 'Ice Break']
['Bufu', 'Mabufula', 'Bufudyne', 'Hamaon']
['Bufu', 'Amrita', 'Patra', 'Bufudyne']
['Bufu', 'Ice Boost', 'Dia', 'Patra']
['Bufu', 'Null Dark', 'Patra', 'Bufudyne']
['Bufu', 'Resist Dark', 'Bufudyne', 'Null Dark']
['Patra', 'Bufu', 'Mabufula', 'Resist Fire']
['Bufudyne', 'Patra', 'Bufu', 'Mabufula']
['Mabufula', 'Bufu', 'Dia', 'Hamaon']
['Bufudyne', 'Bufu', 'Mabufula', 'Dia']
['Resist Fire', 'Ice Boost', 'Bufudyne', 'Bufu']
['Mabufula', 'Amrita', 'Bufudyne', 'Bufu']
['Resist Fire', 'Bufu', 'Mabufula', 'Bufudyne']
['Bufu', 'Bufudyne', 'Counterstrike', 'Mahamaon']
['Bufu', 'Amrita', 'Patra', 'Hama Boost']
['Mabufula', 'Hama Boost', 'Bufu', 'Ice Boost']
['Dekaja', 'Bufu', 'Mabufula', 'Bufudyne']
['Dia', 'Bufudyne', 'Bufu', 'Re Patra']
['Patra', 'Bufu', 'Resist Fire', 'Mabufula']
['Bufu', 'Counterstrike', 'Bufudyne', 'Mabufula']
['Bufudyne', 'Mahamaon', 'Bufu', 'Hamaon']
['Bufu', 'Patra', 'Bufudyne', 'Re Patra']
['Counterstrike', 'Bufu', 'Mabufula', 'Null Dark']
['Re Patra', 'Bufu', 'Mabufula', 'Mediarahan']
['Counterstrike', 'Bufu', 'Resist Fire', 'Resist Dark']
['Bufudyne', 'Bufu', 'Re Patra', 'Ice Boost']
['Mabufula', 'Bufu', 'Dekaja', 'Bufudyne']
['Bufu', 'Hama Boost', 'Amrita', 'Bufudyne']
['Bufudyne', 'Amrita', 'Ice Boost', 'Bufu']
['Dia', 'Bufu', 'Mabufula', 'Dekaja']
['Mabufula', 'Bufu', 'Sonic Punch', 'Bufudyne']
['Ice Boost', 'Mahamaon', 'Bufu', 'Resist Fire']
['Patra', 'Bufu', 'Mabufula', 'Re Patra']
['Bufu', 'Patra', 'Hama Boost', 'Hamaon']
['Bufu', 'Mabufula', 'Hama Boost', 'Null Dark']
['Patra', 'Bufudyne', 'Bufu', 'Amrita']
['Patra', 'Mabufula', 'Bufu', 'Mahamaon']
['Bufu', 'Bufudyne', 'Resist Fire', 'Patra']
['Bufu', 'Counterstrike', 'Re Patra', 'Bufudyne']
['Dekaja', 'Bufu', 'Bufudyne', 'Mabufula']
['Bufu', 'Mahamaon', 'Mabufula', 'Bufudyne']
['Patra', 'Bufu', 'Resist Dark', 'Mabufula']
['Ice Break', 'Bufu', 'Mabufula', 'Bufudyne']
['Bufu', 'Mabufula', 'Ice Boost', 'Null Dark']
['Bufu', 'Mahamaon', 'Patra', 'Resist Dark']
['Bufu', 'Resist Dark', 'Dia', 'Patra']
['Bufu', 'Bufudyne', 'Amrita', 'Null Dark']
['Patra', 'Bufu', 'Mabufula', 'Mahamaon']
['Bufu', 'Patra', 'Re Patra', 'Bufudyne']
['Resist Fire', 'Bufu', 'Resist Dark', 'Patra']
['Bufudyne', 'Mabufula', 'Ice Boost', 'Re Patra']
['Bufu', 'Bufudyne', 'Patra', 'Resist Dark']
['Bufu', 'Patra', 'Ice Break', 'Mabufula']
['Dia', 'Ice Boost', 'Bufu', 'Ice Break']
['Bufu', 'Mabufula', 'Ice Break', 'Bufudyne']
['Mahamaon', 'Sonic Punch', 'Bufudyne', 'Resist Fire']
['Null Dark', 'Mabufula', 'Bufu', 'Bufudyne']
['Bufu', 'Hamaon', 'Dia', 'Patra']
['Bufudyne', 'Mabufula', 'Mediarahan', 'Amrita']
['Bufu', 'Hamaon', 'Mahamaon', 'Mabufula']
['Bufu', 'Null Dark', 'Mabufula', 'Patra']
['Mabufula', 'Resist Dark', 'Bufudyne', 'Mahamaon']
['Bufu', 'Resist Dark', 'Mabufula', 'Bufudyne']
['Bufu', 'Null Dark', 'Bufudyne', 'Mahamaon']
['Bufu', 'Mabufula', 'Mediarahan', 'Bufudyne']
['Bufu', 'Patra', 'Bufudyne', 'Mabufula']
['Mabufula', 'Patra', 'Bufu', 'Dekaja']
['Bufu', 'Mabufula', 'Patra', 'Bufudyne']
['Bufu', 'Amrita', 'Mabufula', 'Hamaon']
['Bufudyne', 'Bufu', 'Sonic Punch', 'Dia']
['Bufu', 'Hama Boost', 'Patra', 'Ice Break']
['Bufudyne', 'Mabufula', 'Bufu', 'Resist Fire']
['Mabufula', 'Bufu', 'Mahamaon', 'Bufudyne']
['Bufu', 'Counterstrike', 'Hama Boost', 'Mahamaon']
['Bufudyne', 'Bufu', 'Counterstrike', 'Resist Fire']
['Bufu', 'Bufudyne', 'Null Dark', 'Patra']
['Resist Fire', 'Re Patra', 'Ice Boost', 'Mahamaon']
['Bufu', 'Dia', 'Mabufula', 'Dekaja']
['Dekaja', 'Ice Break', 'Bufu', 'Mabufula']
['Patra', 'Bufu', 'Dekaja', 'Mabufula']
['Dia', 'Resist Fire', 'Mabufula', 'Bufu']
['Hama Boost', 'Mabufula', 'Ice Boost', 'Bufu']
['Bufudyne', 'Ice Break', 'Bufu', 'Mabufula']
['Patra', 'Bufu', 'Re Patra', 'Mabufula']
['Ice Boost', 'Mabufula', 'Bufu', 'Mediarahan']
['Bufudyne', 'Bufu', 'Patra', 'Mabufula']
['Bufudyne', 'Re Patra', 'Mabufula', 'Mahamaon']
['Bufu', 'Mahamaon', 'Mabufula', 'Dia']
['Dia', 'Bufu', 'Dekaja', 'Bufudyne']
['Mabufula', 'Bufu', 'Bufudyne', 'Counterstrike']
['Sonic Punch', 'Bufudyne', 'Bufu', 'Dia']
['Bufu', 'Mabufula', 'Hama Boost', 'Resist Dark']
['Bufu', 'Bufudyne', 'Patra', 'Ice Boost']
['Hama Boost', 'Bufu', 'Amrita', 'Mabufula']
['Mabufula', 'Bufu', 'Bufudyne', 'Hama Boost']
['Bufu', 'Ice Boost', 'Patra', 'Mabufula']
['Bufu', 'Sonic Punch', 'Re Patra', 'Dia']
['Bufu', 'Re Patra', 'Null Dark', 'Mabufula']
['Bufu', 'Bufudyne', 'Mabufula', 'Resist Dark']
['Bufu', 'Amrita', 'Mediarahan', 'Dia']
['Patra', 'Bufu', 'Mediarahan', 'Resist Dark']
['Dia', 'Bufu', 'Bufudyne', 'Dekaja']
['Bufu', 'Amrita', 'Bufudyne', 'Mabufula']
['Resist Dark', 'Bufudyne', 'Bufu', 'Hamaon']
['Bufu', 'Dia', 'Mabufula', 'Ice Boost']
['Hamaon', 'Mabufula', 'Bufu', 'Re Patra']
['Bufu', 'Dia', 'Sonic Punch', 'Patra']
['Bufu', 'Re Patra', 'Bufudyne', 'Mabufula']
['Bufu', 'Bufudyne', 'Null Dark', 'Ice Boost']
['Ice Break', 'Bufu', 'Bufudyne', 'Patra']
['Re Patra', 'Bufudyne', 'Bufu', 'Ice Boost']
['Bufu', 'Resist Fire', 'Patra', 'Mabufula']
['Bufu', 'Patra', 'Hamaon', 'Counterstrike']
['Bufu', 'Ice Boost', 'Patra', 'Bufudyne']
['Bufu', 'Counterstrike', 'Patra', 'Sonic Punch']
['Bufu', 'Bufudyne', 'Amrita', 'Ice Boost']
['Patra', 'Re Patra', 'Resist Fire', 'Mabufula']
['Mabufula', 'Bufudyne', 'Patra', 'Bufu']
['Dia', 'Bufu', 'Hamaon', 'Re Patra']
['Mabufula', 'Patra', 'Bufu', 'Re Patra']
['Hamaon', 'Patra', 'Bufu', 'Recarmdra']
['Mabufula', 'Bufu', 'Amrita', 'Dekaja']
['Bufudyne', 'Ice Break', 'Bufu', 'Mabufula']
['Bufu', 'Resist Dark', 'Mabufula', 'Patra']
['Ice Break', 'Bufu', 'Mabufula', 'Patra']
['Mabufula', 'Bufu', 'Recarmdra', 'Resist Fire']
['Dia', 'Bufu', 'Hamaon', 'Mediarahan']
['Patra', 'Bufu', 'Resist Dark', 'Hamaon']
['Mahamaon', 'Dia', 'Bufu', 'Bufudyne']
['Hamaon', 'Re Patra', 'Mabufula', 'Recarmdra']
['Recarmdra', 'Bufu', 'Re Patra', 'Sonic Punch']
['Bufu', 'Resist Dark', 'Mabufula', 'Ice Break']
['Bufu', 'Mabufula', 'Re Patra', 'Bufudyne']
['Mabufula', 'Bufu', 'Mahamaon', 'Counterstrike']
['Bufu', 'Bufudyne', 'Mabufula', 'Re Patra']
['Bufu', 'Bufudyne', 'Sonic Punch', 'Counterstrike']
['Bufu', 'Mabufula', 'Bufudyne', 'Ice Boost']
['Bufudyne', 'Bufu', 'Mabufula', 'Hamaon']
['Bufu', 'Mabufula', 'Dekaja', 'Re Patra']
['Mediarahan', 'Bufu', 'Mahamaon', 'Patra']
['Mabufula', 'Bufu', 'Dia', 'Hama Boost']
['Bufu', 'Mabufula', 'Patra', 'Null Dark']
['Bufudyne', 'Bufu', 'Mahamaon', 'Mabufula']
['Ice Boost', 'Bufu', 'Ice Break', 'Hamaon']
['Re Patra', 'Bufu', 'Bufudyne', 'Mabufula']
['Bufu', 'Bufudyne', 'Resist Fire', 'Patra']
['Bufu', 'Hama Boost', 'Bufudyne', 'Mabufula']
['Resist Dark', 'Null Dark', 'Hamaon', 'Hama Boost']
['Bufu', 'Hamaon', 'Mabufula', 'Patra']
['Bufudyne', 'Bufu', 'Mahamaon', 'Mabufula']
['Bufu', 'Resist Dark', 'Mabufula', 'Patra']
['Bufu', 'Bufudyne', 'Null Dark', 'Counterstrike']
['Ice Boost', 'Bufu', 'Counterstrike', 'Re Patra']
['Patra', 'Mabufula', 'Bufu', 'Dekaja']
['Mediarahan', 'Bufu', 'Patra', 'Mabufula']
['Bufu', 'Ice Boost', 'Mabufula', 'Null Dark']
['Mabufula', 'Patra', 'Counterstrike', 'Bufu']
['Bufu', 'Bufudyne', 'Hama Boost', 'Mabufula']
['Bufu', 'Patra', 'Null Dark', 'Dekaja']
['Re Patra', 'Resist Fire', 'Bufu', 'Mabufula']
['Ice Break', 'Amrita', 'Bufu', 'Mabufula']
['Bufu', 'Bufudyne', 'Resist Dark', 'Mabufula']
['Bufu', 'Ice Boost', 'Bufudyne', 'Amrita']
['Bufudyne', 'Bufu', 'Re Patra', 'Counterstrike']
['Dia', 'Mabufula', 'Null Dark', 'Bufu']
['Bufu', 'Null Dark', 'Dia', 'Bufudyne']
['Re Patra', 'Bufu', 'Mabufula', 'Bufudyne']
['Mabufula', 'Bufu', 'Hama Boost', 'Resist Dark']
['Patra', 'Dia', 'Mabufula', 'Bufu']
['Bufudyne', 'Resist Fire', 'Re Patra', 'Mabufula']
['Mabufula', 'Bufu', 'Counterstrike', 'Mediarahan']
['Patra', 'Bufu', 'Resist Dark', 'Dia']
['Bufu', 'Patra', 'Mabufula', 'Bufudyne']
['Dekaja', 'Bufu', 'Mabufula', 'Resist Fire']
['Bufu', 'Resist Fire', 'Mabufula', 'Hamaon']
['Mabufula', 'Bufu', 'Patra', 'Dia']
['Bufu', 'Mabufula', 'Patra', 'Mediarahan']
['Mabufula', 'Bufu', 'Patra', 'Resist Fire']
['Re Patra', 'Resist Dark', 'Bufu', 'Patra']
['Re Patra', 'Bufu', 'Patra', 'Hama Boost']
['Bufu', 'Patra', 'Mabufula', 'Bufudyne']
['Dekaja', 'Ice Boost', 'Re Patra', 'Dia']
['Resist Fire', 'Mabufula', 'Patra', 'Dekaja']
['Ice Boost', 'Bufudyne', 'Ice Break', 'Mabufula']
['Dia', 'Patra', 'Bufu', 'Null Dark']
['Null Dark', 'Bufu', 'Mabufula', 'Bufudyne']
['Bufu', 'Resist Dark', 'Patra', 'Bufudyne']
['Re Patra', 'Bufu', 'Resist Dark', 'Mabufula']
['Bufu', 'Ice Boost', 'Bufudyne', 'Dia']
['Bufu', 'Dia', 'Patra', 'Re Patra']
['Ice Boost', 'Re Patra', 'Bufudyne', 'Patra']
['Bufu', 'Mabufula', 'Dia', 'Mediarahan']
['Mabufula', 'Hamaon', 'Dia', 'Bufu']
['Hama Boost', 'Bufu', 'Amrita', 'Mabufula']
['Bufu', 'Ice Boost', 'Bufudyne', 'Mabufula']
['Bufu', 'Mahamaon', 'Bufudyne', 'Hamaon']
['Bufu', 'Mediarahan', 'Ice Break', 'Re Patra']
['Re Patra', 'Bufu', 'Ice Boost', 'Bufudyne']
['Bufu', 'Sonic Punch', 'Mabufula', 'Bufudyne']
['Bufu', 'Resist Fire', 'Mabufula', 'Bufudyne']
['Patra', 'Bufu', 'Mabufula', 'Re Patra']
['Mabufula', 'Patra', 'Ice Boost', 'Hama Boost']
['Ice Boost', 'Patra', 'Counterstrike', 'Null Dark']
['Bufu', 'Mabufula', 'Dia', 'Bufudyne']
['Bufudyne', 'Mabufula', 'Bufu', 'Mahamaon']
['Bufu', 'Hamaon', 'Ice Boost', 'Mabufula']
['Dia', 'Hama Boost', 'Hamaon', 'Mabufula']
['Null Dark', 'Bufu', 'Hama Boost', 'Mabufula']
['Bufudyne', 'Bufu', 'Patra', 'Amrita']
['Bufudyne', 'Re Patra', 'Bufu', 'Resist Fire']
['Mabufula', 'Mahamaon', 'Bufu', 'Bufudyne']
['Mabufula', 'Re Patra', 'Bufu', 'Resist Fire']
['Bufu', 'Dia', 'Bufudyne', 'Patra']
['Mahamaon', 'Mabufula', 'Bufu', 'Bufudyne']
['Bufu', 'Bufudyne', 'Mabufula', 'Re Patra']
['Bufu', 'Hama Boost', 'Patra', 'Mabufula']
['Bufudyne', 'Dekaja', 'Mabufula', 'Bufu']
['Bufu', 'Mabufula', 'Bufudyne', 'Patra']
['Patra', 'Bufu', 'Counterstrike', 'Re Patra']
['Counterstrike', 'Re Patra', 'Bufu', 'Bufudyne']
['Dia', 'Patra', 'Bufu', 'Mabufula']
['Bufu', 'Mabufula', 'Dia', 'Resist Fire']
['Mabufula', 'Bufu', 'Bufudyne', 'Ice Boost']
['Resist Fire', 'Bufu', 'Hamaon', 'Resist Dark']
['Patra', 'Amrita', 'Bufu', 'Mabufula']
['Mediarahan', 'Bufu', 'Patra', 'Mabufula']
['Counterstrike', 'Bufu', 'Mediarahan', 'Bufudyne']
['Bufudyne', 'Bufu', 'Mabufula', 'Mahamaon']
['Bufu', 'Amrita', 'Dia', 'Ice Break']
['Ice Boost', 'Bufu', 'Patra', 'Bufudyne']
['Bufu', 'Dia', 'Mabufula', 'Bufudyne']
['Mabufula', 'Bufu', 'Bufudyne', 'Resist Dark']
['Bufu', 'Recarmdra', 'Ice Boost', 'Sonic Punch']
['Resist Fire', 'Ice Boost', 'Hamaon', 'Bufu']
['Mabufula', 'Null Dark', 'Bufudyne', 'Bufu']
['Bufu', 'Mabufula', 'Patra', 'Resist Dark']
['Bufu', 'Patra', 'Bufudyne', 'Mabufula']
['Bufu', 'Mabufula', 'Resist Dark', 'Patra']
['Ice Boost', 'Mabufula', 'Bufu', 'Patra']
['Bufu', 'Bufudyne', 'Null Dark', 'Patra']
['Bufu', 'Mediarahan', 'Recarmdra', 'Mabufula']
['Bufu', 'Patra', 'Re Patra', 'Mabufula']
['Counterstrike', 'Mediarahan', 'Mabufula', 'Ice Break']
['Mabufula', 'Bufu', 'Re Patra', 'Ice Boost']
['Bufu', 'Bufudyne', 'Mabufula', 'Ice Boost']
['Bufu', 'Mabufula', 'Mahamaon', 'Hamaon']
['Bufu', 'Recarmdra', 'Null Dark', 'Ice Boost']
['Patra', 'Bufu', 'Mabufula', 'Bufudyne']
['Patra', 'Bufu', 'Mabufula', 'Hamaon']
['Bufu', 'Mabufula', 'Recarmdra', 'Ice Boost']
['Dia', 'Bufu', 'Bufudyne', 'Ice Boost']
['Bufu', 'Patra', 'Bufudyne', 'Dia']
['Null Dark', 'Mabufula', 'Bufu', 'Amrita']
['Mabufula', 'Bufu', 'Dia', 'Sonic Punch']
['Bufu', 'Mabufula', 'Patra', 'Ice Break']
['Bufu', 'Bufudyne', 'Resist Dark', 'Mediarahan']
['Mabufula', 'Bufu', 'Ice Boost', 'Patra']
['Bufu', 'Resist Fire', 'Re Patra', 'Bufudyne']
['Bufu', 'Mabufula', 'Dekaja', 'Ice Boost']
['Resist Dark', 'Bufu', 'Bufudyne', 'Ice Break']
['Bufu', 'Patra', 'Mahamaon', 'Mabufula']
['Bufu', 'Bufudyne', 'Patra', 'Mediarahan']
['Mahamaon', 'Bufudyne', 'Bufu', 'Mabufula']
['Mabufula', 'Bufu', 'Mediarahan', 'Patra']
['Patra', 'Bufu', 'Bufudyne', 'Mabufula']
['Bufu', 'Patra', 'Hama Boost', 'Bufudyne']
['Bufu', 'Resist Dark', 'Bufudyne', 'Hama Boost']
['Mabufula', 'Mahamaon', 'Bufu', 'Sonic Punch']
['Patra', 'Bufudyne', 'Sonic Punch', 'Dekaja']
['Mabufula', 'Bufu', 'Hama Boost', 'Resist Dark']
['Bufu', 'Mabufula', 'Dekaja', 'Mediarahan']
['Bufu', 'Mabufula', 'Patra', 'Re Patra']
['Bufudyne', 'Bufu', 'Mabufula', 'Hamaon']
['Patra', 'Dia', 'Bufu', 'Null Dark']
['Re Patra', 'Bufu', 'Dia', 'Dekaja']
['Mabufula', 'Bufu', 'Recarmdra', 'Bufudyne']
['Bufu', 'Mabufula', 'Bufudyne', 'Dia']
['Bufu', 'Bufudyne', 'Re Patra', 'Ice Break']
['Dekaja', 'Mabufula', 'Resist Fire', 'Mahamaon']
['Bufu', 'Mabufula', 'Bufudyne', 'Dekaja']
['Bufu', 'Mabufula', 'Counterstrike', 'Sonic Punch']
['Bufu', 'Bufudyne', 'Mabufula', 'Ice Boost']
['Dia', 'Bufu', 'Mabufula', 'Hamaon']
['Dia', 'Amrita', 'Mabufula', 'Bufu']
['Mabufula', 'Bufu', 'Patra', 'Bufudyne']
['Mahamaon', 'Patra', 'Bufu', 'Bufudyne']
['Ice Boost', 'Bufu', 'Patra', 'Bufudyne']
['Mahamaon', 'Ice Boost', 'Bufu', 'Bufudyne']
['Mabufula', 'Bufu', 'Ice Break', 'Re Patra']
['Bufu', 'Mabufula', 'Resist Dark', 'Bufudyne']
['Ice Boost', 'Mabufula', 'Dia', 'Bufu']
['Bufu', 'Hamaon', 'Re Patra', 'Counterstrike']
['Recarmdra', 'Mabufula', 'Bufu', 'Patra']
['Bufu', 'Hama Boost', 'Ice Boost', 'Mabufula']
['Bufu', 'Patra', 'Bufudyne', 'Dekaja']
['Mabufula', 'Bufu', 'Hamaon', 'Mahamaon']
['Re Patra', 'Mahamaon', 'Patra', 'Bufu']
['Amrita', 'Bufudyne', 'Null Dark', 'Bufu']
['Ice Boost', 'Bufu', 'Mediarahan', 'Mahamaon']
['Mabufula', 'Dia', 'Re Patra', 'Recarmdra']
['Counterstrike', 'Bufu', 'Mahamaon', 'Mabufula']
['Patra', 'Dia', 'Bufudyne', 'Bufu']
['Ice Boost', 'Bufu', 'Mabufula', 'Bufudyne']
['Bufu', 'Bufudyne', 'Resist Dark', 'Dia']
['Bufu', 'Ice Boost', 'Resist Dark', 'Patra']
['Bufu', 'Bufudyne', 'Mabufula', 'Patra']
['Mabufula', 'Bufudyne', 'Bufu', 'Patra']
['Bufu', 'Ice Boost', 'Bufudyne', 'Amrita']
['Patra', 'Bufudyne', 'Bufu', 'Hamaon']
['Sonic Punch', 'Bufu', 'Mediarahan', 'Bufudyne']
['Bufu', 'Re Patra', 'Recarmdra', 'Bufudyne']
['Bufu', 'Dia', 'Bufudyne', 'Dekaja']
['Re Patra', 'Bufu', 'Ice Break', 'Dia']
['Mahamaon', 'Dekaja', 'Counterstrike', 'Mabufula']
['Bufu', 'Mabufula', 'Bufudyne', 'Hama Boost']
['Bufu', 'Null Dark', 'Re Patra', 'Mabufula']
['Sonic Punch', 'Dia', 'Dekaja', 'Bufu']
['Dia', 'Bufu', 'Mabufula', 'Bufudyne']
['Ice Break', 'Bufu', 'Bufudyne', 'Mabufula']
['Bufu', 'Resist Fire', 'Bufudyne', 'Patra']
['Mabufula', 'Bufu', 'Hama Boost', 'Resist Dark']
['Dia', 'Bufu', 'Bufudyne', 'Sonic Punch']
['Bufu', 'Mabufula', 'Hamaon', 'Bufudyne']
['Bufu', 'Re Patra', 'Mabufula', 'Hama Boost']
['Bufu', 'Mabufula', 'Hama Boost', 'Bufudyne']
['Bufu', 'Null Dark', 'Bufudyne', 'Resist Dark']
['Bufudyne', 'Dia', 'Patra', 'Ice Boost']
['Bufu', 'Recarmdra', 'Patra', 'Bufudyne']
['Mabufula', 'Re Patra', 'Bufu', 'Dia']
['Counterstrike', 'Bufu', 'Mahamaon', 'Mabufula']
['Bufu', 'Patra', 'Bufudyne', 'Ice Boost']
['Dia', 'Ice Boost', 'Mabufula', 'Bufu']
['Bufudyne', 'Bufu', 'Ice Boost', 'Amrita']
['Bufudyne', 'Hama Boost', 'Bufu', 'Resist Dark']
['Mabufula', 'Bufu', 'Recarmdra', 'Bufudyne']
['Dekaja', 'Bufu', 'Bufudyne', 'Ice Break']
['Bufu', 'Ice Break', 'Recarmdra', 'Hamaon']
['Bufu', 'Mabufula', 'Bufudyne', 'Ice Boost']
['Mahamaon', 'Bufu', 'Mabufula', 'Re Patra']
['Bufu', 'Ice Boost', 'Bufudyne', 'Mahamaon']
['Bufudyne', 'Mabufula', 'Re Patra', 'Bufu']
['Patra', 'Mabufula', 'Re Patra', 'Bufu']
['Re Patra', 'Hamaon', 'Bufu', 'Resist Dark']
['Mabufula', 'Bufu', 'Patra', 'Hama Boost']
['Bufu', 'Hama Boost', 'Mahamaon', 'Bufudyne']
['Bufu', 'Mabufula', 'Bufudyne', 'Mahamaon']
['Bufu', 'Re Patra', 'Null Dark', 'Bufudyne']
['Recarmdra', 'Mabufula', 'Bufu', 'Bufudyne']
['Bufu', 'Dia', 'Mabufula', 'Null Dark']
['Bufu', 'Bufudyne', 'Recarmdra', 'Mabufula']
['Resist Dark', 'Bufu', 'Dia', 'Hama Boost']
['Hamaon', 'Re Patra', 'Counterstrike', 'Mabufula']
['Bufu', 'Mabufula', 'Bufudyne', 'Ice Boost']
['Patra', 'Bufu', 'Re Patra', 'Mabufula']
['Mabufula', 'Bufu', 'Patra', 'Resist Fire']
['Bufu', 'Hamaon', 'Recarmdra', 'Ice Break']
['Bufu', 'Amrita', 'Mabufula', 'Patra']
['Bufu', 'Ice Break', 'Amrita', 'Mahamaon']
['Bufudyne', 'Bufu', 'Mediarahan', 'Mabufula']
['Mahamaon', 'Mabufula', 'Bufu', 'Counterstrike']
['Null Dark', 'Bufu', 'Ice Boost', 'Bufudyne']
['Bufu', 'Hamaon', 'Resist Dark', 'Recarmdra']
['Bufudyne', 'Bufu', 'Resist Dark', 'Ice Break']
['Bufu', 'Re Patra', 'Mahamaon', 'Dia']
['Bufu', 'Mabufula', 'Ice Boost', 'Resist Fire']
['Resist Dark', 'Bufudyne', 'Dia', 'Mabufula']
['Mahamaon', 'Hamaon', 'Re Patra', 'Patra']
['Bufu', 'Bufudyne', 'Ice Boost', 'Recarmdra']
['Resist Fire', 'Bufudyne', 'Patra', 'Bufu']
['Dekaja', 'Mabufula', 'Bufu', 'Resist Dark']
['Bufu', 'Dia', 'Resist Dark', 'Hama Boost']
['Bufu', 'Mabufula', 'Amrita', 'Re Patra']
['Bufu', 'Bufudyne', 'Mabufula', 'Resist Fire']
['Sonic Punch', 'Patra', 'Bufudyne', 'Bufu']
['Bufu', 'Counterstrike', 'Bufudyne', 'Patra']
['Bufu', 'Hama Boost', 'Null Dark', 'Sonic Punch']
['Mabufula', 'Bufu', 'Dekaja', 'Dia']
['Bufu', 'Mediarahan', 'Ice Boost', 'Mabufula']
['Hama Boost', 'Patra', 'Bufu', 'Bufudyne']
['Bufu', 'Patra', 'Hama Boost', 'Amrita']
['Patra', 'Mabufula', 'Counterstrike', 'Bufu']
['Mabufula', 'Bufu', 'Ice Boost', 'Bufudyne']
['Bufudyne', 'Patra', 'Bufu', 'Dekaja']
['Bufu', 'Mabufula', 'Hamaon', 'Bufudyne']
['Bufu', 'Resist Fire', 'Resist Dark', 'Hamaon']
['Bufu', 'Counterstrike', 'Mabufula', 'Bufudyne']
['Bufu', 'Ice Boost', 'Hamaon', 'Mabufula']
['Dia', 'Ice Boost', 'Patra', 'Bufu']
['Bufu', 'Mabufula', 'Bufudyne', 'Resist Dark']
['Bufu', 'Hama Boost', 'Ice Boost', 'Sonic Punch']
['Bufu', 'Mabufula', 'Null Dark', 'Bufudyne']
['Bufudyne', 'Mabufula', 'Patra', 'Sonic Punch']
['Mabufula', 'Bufudyne', 'Bufu', 'Hamaon']
['Patra', 'Bufu', 'Bufudyne', 'Counterstrike']
['Counterstrike', 'Null Dark', 'Bufu', 'Bufudyne']
['Bufu', 'Bufudyne', 'Ice Break', 'Mediarahan']
['Bufu', 'Mabufula', 'Bufudyne', 'Re Patra']
['Bufudyne', 'Ice Boost', 'Bufu', 'Re Patra']
['Bufudyne', 'Bufu', 'Ice Boost', 'Ice Break']
['Mabufula', 'Patra', 'Bufu', 'Bufudyne']
['Bufu', 'Null Dark', 'Mabufula', 'Bufudyne']
['Amrita', 'Dia', 'Bufu', 'Patra']
['Bufu', 'Mabufula', 'Hama Boost', 'Dia']
['Patra', 'Bufudyne', 'Re Patra', 'Bufu']
['Bufu', 'Hamaon', 'Bufudyne', 'Patra']
['Bufu', 'Ice Boost', 'Mabufula', 'Dia']
['Bufu', 'Bufudyne', 'Mabufula', 'Recarmdra']
['Mabufula', 'Patra', 'Bufu', 'Counterstrike']
['Bufudyne', 'Patra', 'Dekaja', 'Resist Dark']
['Mabufula', 'Bufu', 'Patra', 'Amrita']
['Bufu', 'Ice Boost', 'Bufudyne', 'Patra']
['Bufudyne', 'Patra', 'Ice Break', 'Bufu']
['Bufu', 'Sonic Punch', 'Null Dark', 'Mabufula']
['Dia', 'Mabufula', 'Bufu', 'Bufudyne']
['Bufu', 'Resist Dark', 'Resist Fire', 'Mabufula']
['Bufu', 'Bufudyne', 'Dekaja', 'Mabufula']
['Ice Boost', 'Bufu', 'Hamaon', 'Mabufula']
['Bufudyne', 'Mediarahan', 'Bufu', 'Ice Break']
['Bufudyne', 'Bufu', 'Mabufula', 'Patra']
['Patra', 'Ice Break', 'Bufudyne', 'Bufu']
['Bufu', 'Dia', 'Counterstrike', 'Bufudyne']
['Bufu', 'Mabufula', 'Dia', 'Re Patra']
['Bufu', 'Mabufula', 'Ice Break', 'Bufudyne']
['Patra', 'Bufu', 'Bufudyne', 'Re Patra']
['Bufu', 'Mediarahan', 'Bufudyne', 'Mabufula']
['Bufu', 'Mabufula', 'Bufudyne', 'Recarmdra']
['Bufu', 'Resist Fire', 'Mabufula', 'Bufudyne']
['Bufu', 'Mabufula', 'Recarmdra', 'Bufudyne']
['Hamaon', 'Bufu', 'Bufudyne', 'Mabufula']
['Bufudyne', 'Hamaon', 'Re Patra', 'Patra']
['Null Dark', 'Bufu', 'Hamaon', 'Mabufula']
['Bufu', 'Mabufula', 'Ice Boost', 'Dekaja']
['Mahamaon', 'Bufu', 'Mabufula', 'Bufudyne']
['Patra', 'Ice Break', 'Mabufula', 'Bufu']
['Patra', 'Bufu', 'Ice Boost', 'Bufudyne']
['Patra', 'Bufu', 'Counterstrike', 'Dia']
['Mabufula', 'Ice Break', 'Hamaon', 'Bufu']
['Bufu', 'Ice Boost', 'Resist Fire', 'Hama Boost']
['Patra', 'Dekaja', 'Bufu', 'Bufudyne']
['Mabufula', 'Patra', 'Counterstrike', 'Bufu']
['Bufu', 'Patra', 'Re Patra', 'Recarmdra']
['Hama Boost', 'Bufu', 'Mabufula', 'Re Patra']
['Recarmdra', 'Bufudyne', 'Bufu', 'Amrita']
['Bufu', 'Bufudyne', 'Dekaja', 'Re Patra']
['Dekaja', 'Bufu', 'Hama Boost', 'Sonic Punch']
['Dekaja', 'Bufu', 'Hama Boost', 'Bufudyne']
['Dia', 'Patra', 'Ice Break', 'Bufu']
['Bufu', 'Bufudyne', 'Dia', 'Hama Boost']
['Hama Boost', 'Amrita', 'Patra', 'Mabufula']
['Bufu', 'Bufudyne', 'Hamaon', 'Mabufula']
['Bufu', 'Mediarahan', 'Hama Boost', 'Patra']
['Bufudyne', 'Mabufula', 'Counterstrike', 'Hama Boost']
['Bufu', 'Re Patra', 'Resist Dark', 'Patra']
['Bufu', 'Mediarahan', 'Mabufula', 'Bufudyne']
['Bufu', 'Mabufula', 'Counterstrike', 'Bufudyne']
['Dekaja', 'Bufu', 'Mabufula', 'Bufudyne']
['Mabufula', 'Bufu', 'Ice Boost', 'Re Patra']
['Bufu', 'Resist Dark', 'Mabufula', 'Sonic Punch']
['Bufu', 'Patra', 'Mahamaon', 'Ice Boost']
['Bufu', 'Bufudyne', 'Counterstrike', 'Mabufula']
['Bufu', 'Bufudyne', 'Mabufula', 'Re Patra']
['Ice Break', 'Bufu', 'Dekaja', 'Resist Dark']
['Bufudyne', 'Mabufula', 'Bufu', 'Sonic Punch']
['Mabufula', 'Bufu', 'Ice Break', 'Ice Boost']
['Bufu', 'Mediarahan', 'Patra', 'Hamaon']
['Bufu', 'Mabufula', 'Counterstrike', 'Hama Boost']
['Ice Boost', 'Mabufula', 'Bufu', 'Hamaon']
['Amrita', 'Hama Boost', 'Mabufula', 'Patra']
['Bufudyne', 'Bufu', 'Mahamaon', 'Counterstrike']
['Bufu', 'Counterstrike', 'Dia', 'Re Patra']
['Resist Dark', 'Bufu', 'Mabufula', 'Patra']
['Bufu', 'Ice Boost', 'Counterstrike', 'Bufudyne']
['Bufu', 'Ice Break', 'Mediarahan', 'Bufudyne']
['Bufu', 'Bufudyne', 'Hamaon', 'Mabufula']
['Bufu', 'Re Patra', 'Mabufula', 'Patra']
['Ice Break', 'Ice Boost', 'Bufu', 'Bufudyne']
['Bufudyne', 'Bufu', 'Ice Break', 'Ice Boost']
['Resist Fire', 'Bufu', 'Dia', 'Ice Boost']
['Bufu', 'Patra', 'Bufudyne', 'Mabufula']
['Patra', 'Re Patra', 'Bufu', 'Mahamaon']
['Bufu', 'Mabufula', 'Null Dark', 'Re Patra']
['Patra', 'Bufu', 'Bufudyne', 'Mabufula']
['Hamaon', 'Bufu', 'Re Patra', 'Mabufula']
['Bufudyne', 'Bufu', 'Ice Break', 'Mabufula']
['Hama Boost', 'Mabufula', 'Bufudyne', 'Null Dark']
['Bufu', 'Bufudyne', 'Re Patra', 'Mabufula']
['Mabufula', 'Bufu', 'Patra', 'Bufudyne']
['Bufu', 'Mabufula', 'Bufudyne', 'Ice Boost']
['Bufu', 'Bufudyne', 'Resist Dark', 'Mabufula']
['Re Patra', 'Mabufula', 'Hama Boost', 'Amrita']
['Dia', 'Bufu', 'Mabufula', 'Recarmdra']
['Bufu', 'Mahamaon', 'Amrita', 'Null Dark']
['Bufu', 'Dekaja', 'Bufudyne', 'Patra']
['Bufudyne', 'Recarmdra', 'Dia', 'Bufu']
['Null Dark', 'Dekaja', 'Bufu', 'Counterstrike']
['Re Patra', 'Bufu', 'Bufudyne', 'Recarmdra']
['Bufu', 'Re Patra', 'Amrita', 'Resist Dark']
['Mahamaon', 'Bufudyne', 'Bufu', 'Recarmdra']
['Bufu', 'Hamaon', 'Mahamaon', 'Mabufula']
['Mabufula', 'Bufu', 'Patra', 'Counterstrike']
['Bufu', 'Dia', 'Resist Dark', 'Bufudyne']
['Mabufula', 'Bufu', 'Bufudyne', 'Dia']
['Bufu', 'Recarmdra', 'Dia', 'Re Patra']
['Mabufula', 'Mediarahan', 'Bufu', 'Bufudyne']
['Bufu', 'Counterstrike', 'Patra', 'Resist Dark']
['Bufu', 'Re Patra', 'Bufudyne', 'Patra']
['Bufu', 'Mabufula', 'Hamaon', 'Bufudyne']
['Mabufula', 'Bufu', 'Ice Boost', 'Re Patra']
['Counterstrike', 'Bufu', 'Hamaon', 'Patra']
['Bufu', 'Bufudyne', 'Patra', 'Resist Fire']
['Bufu', 'Mahamaon', 'Mabufula', 'Resist Fire']
['Mabufula', 'Bufu', 'Ice Break', 'Counterstrike']
['Bufudyne', 'Bufu', 'Ice Boost', 'Mabufula']
['Bufu', 'Re Patra', 'Mediarahan', 'Bufudyne']
['Patra', 'Bufudyne', 'Bufu', 'Mediarahan']
['Bufu', 'Mahamaon', 'Patra', 'Hamaon']
['Bufu', 'Mediarahan', 'Patra', 'Ice Break']
['Bufudyne', 'Patra', 'Resist Fire', 'Bufu']
['Re Patra', 'Bufu', 'Mahamaon', 'Bufudyne']
['Hamaon', 'Bufu', 'Ice Boost', 'Dekaja']
['Bufudyne', 'Patra', 'Bufu', 'Hama Boost']
['Mabufula', 'Bufu', 'Bufudyne', 'Null Dark']
['Resist Fire', 'Bufu', 'Mabufula', 'Ice Break']
['Bufu', 'Bufudyne', 'Re Patra', 'Resist Dark']
['Recarmdra', 'Bufu', 'Mabufula', 'Hama Boost']
['Dekaja', 'Bufu', 'Counterstrike', 'Bufudyne']
['Ice Break', 'Bufu', 'Null Dark', 'Bufudyne']
['Bufu', 'Recarmdra', 'Sonic Punch', 'Patra']
['Patra', 'Mabufula', 'Sonic Punch', 'Bufu']
['Mabufula', 'Patra', 'Bufu', 'Recarmdra']
['Bufu', 'Dekaja', 'Ice Break', 'Mabufula']
['Bufudyne', 'Bufu', 'Re Patra', 'Hamaon']
['Bufu', 'Hama Boost', 'Patra', 'Mabufula']
['Mabufula', 'Bufu', 'Re Patra', 'Dia']
['Ice Boost', 'Bufu', 'Bufudyne', 'Patra']
['Ice Boost', 'Bufu', 'Mabufula', 'Dia']
['Ice Boost', 'Bufu', 'Dia', 'Bufudyne']
['Bufu', 'Mabufula', 'Patra', 'Bufudyne']
['Mabufula', 'Bufu', 'Ice Break', 'Hama Boost']
['Bufu', 'Counterstrike', 'Mahamaon', 'Mabufula']
['Bufu', 'Bufudyne', 'Mabufula', 'Mahamaon']
['Patra', 'Bufu', 'Bufudyne', 'Mabufula']
['Bufu', 'Bufudyne', 'Dekaja', 'Ice Boost']
['Bufu', 'Mabufula', 'Bufudyne', 'Dia']
['Bufu', 'Hama Boost', 'Re Patra', 'Mabufula']
['Re Patra', 'Mabufula', 'Dia', 'Bufu']
['Counterstrike', 'Bufu', 'Patra', 'Bufudyne']
['Dia', 'Re Patra', 'Mabufula', 'Bufu']
['Bufu', 'Ice Break', 'Mabufula', 'Bufudyne']
['Bufu', 'Patra', 'Bufudyne', 'Resist Dark']
['Bufu', 'Hama Boost', 'Mabufula', 'Patra']
['Patra', 'Resist Dark', 'Bufu', 'Bufudyne']
['Patra', 'Ice Boost', 'Bufu', 'Sonic Punch']
['Hama Boost', 'Bufu', 'Patra', 'Amrita']
['Patra', 'Bufu', 'Bufudyne', 'Null Dark']
['Dia', 'Bufudyne', 'Bufu', 'Mabufula']
['Bufu', 'Hamaon', 'Mabufula', 'Bufudyne']
['Mediarahan', 'Bufu', 'Hama Boost', 'Ice Break']
['Mabufula', 'Bufudyne', 'Null Dark', 'Bufu']
['Bufu', 'Ice Boost', 'Hama Boost', 'Dia']
['Bufu', 'Bufudyne', 'Re Patra', 'Mabufula']
['Mabufula', 'Sonic Punch', 'Bufu', 'Patra']
['Patra', 'Bufu', 'Re Patra', 'Bufudyne']
['Bufudyne', 'Mabufula', 'Bufu', 'Patra']
['Dia', 'Mahamaon', 'Bufu', 'Ice Boost']
['Hama Boost', 'Bufu', 'Ice Boost', 'Bufudyne']
['Mabufula', 'Bufu', 'Bufudyne', 'Ice Boost']
['Bufu', 'Bufudyne', 'Mabufula', 'Patra']
['Ice Boost', 'Bufu', 'Dekaja', 'Ice Break']
['Patra', 'Bufu', 'Mabufula', 'Hamaon']
['Mabufula', 'Bufu', 'Patra', 'Resist Fire']
['Patra', 'Bufu', 'Resist Dark', 'Dekaja']
['Bufu', 'Bufudyne', 'Mabufula', 'Counterstrike']
['Bufu', 'Mahamaon', 'Resist Dark', 'Bufudyne']
['Dekaja', 'Bufu', 'Mabufula', 'Dia']
['Re Patra', 'Patra', 'Bufu', 'Resist Dark']
['Bufu', 'Mabufula', 'Hama Boost', 'Bufudyne']
['Mabufula', 'Dia', 'Bufu', 'Hamaon']
['Counterstrike', 'Bufu', 'Bufudyne', 'Ice Boost']
['Bufu', 'Recarmdra', 'Re Patra', 'Patra']
['Bufu', 'Mabufula', 'Patra', 'Ice Boost']
['Bufu', 'Bufudyne', 'Patra', 'Mabufula']
['Mabufula', 'Bufu', 'Bufudyne', 'Mahamaon']
['Bufu', 'Patra', 'Re Patra', 'Mabufula']
['Resist Dark', 'Bufu', 'Ice Boost', 'Bufudyne']
['Mabufula', 'Bufu', 'Null Dark', 'Dia']
['Bufu', 'Patra', 'Bufudyne', 'Mabufula']
['Bufudyne', 'Bufu', 'Re Patra', 'Dia']
['Bufu', 'Ice Break', 'Hamaon', 'Mabufula']
['Mabufula', 'Counterstrike', 'Bufu', 'Resist Dark']
['Bufu', 'Bufudyne', 'Dia', 'Dekaja']
['Bufu', 'Dia', 'Patra', 'Counterstrike']
['Resist Dark', 'Bufu', 'Mahamaon', 'Patra']
['Bufu', 'Dia', 'Re Patra', 'Mabufula']
['Null Dark', 'Bufu', 'Mabufula', 'Re Patra']
['Bufu', 'Re Patra', 'Patra', 'Bufudyne']
['Bufudyne', 'Mabufula', 'Bufu', 'Dekaja']
['Bufu', 'Patra', 'Hama Boost', 'Mabufula']
['Bufu', 'Re Patra', 'Bufudyne', 'Patra']
['Dekaja', 'Bufudyne', 'Bufu', 'Mabufula']
['Bufu', 'Mabufula', 'Patra', 'Re Patra']
['Bufu', 'Counterstrike', 'Bufudyne', 'Sonic Punch']
['Bufu', 'Patra', 'Bufudyne', 'Dia']
['Counterstrike', 'Bufu', 'Mabufula', 'Bufudyne']
['Bufu', 'Mabufula', 'Counterstrike', 'Ice Boost']
['Bufu', 'Mabufula', 'Hama Boost', 'Counterstrike']
['Bufudyne', 'Bufu', 'Dia', 'Mabufula']
['Resist Fire', 'Bufu', 'Patra', 'Bufudyne']
['Bufu', 'Re Patra', 'Mabufula', 'Null Dark']
['Resist Dark', 'Bufu', 'Resist Fire', 'Re Patra']
['Bufu', 'Amrita', 'Patra', 'Dia']
['Bufu', 'Mabufula', 'Bufudyne', 'Ice Boost']
['Bufu', 'Dekaja', 'Patra', 'Mediarahan']
['Bufu', 'Mabufula', 'Bufudyne', 'Patra']
['Bufu', 'Bufudyne', 'Mabufula', 'Patra']
['Ice Boost', 'Bufu', 'Re Patra', 'Mabufula']
['Bufu', 'Patra', 'Bufudyne', 'Ice Break']
['Mabufula', 'Sonic Punch', 'Patra', 'Hamaon']
['Bufudyne', 'Mahamaon', 'Bufu', 'Ice Break']
['Bufu', 'Re Patra', 'Bufudyne', 'Dia']
['Re Patra', 'Bufu', 'Null Dark', 'Patra']
['Bufu', 'Mabufula', 'Dia', 'Patra']
['Bufudyne', 'Bufu', 'Mediarahan', 'Amrita']
['Dia', 'Mabufula', 'Patra', 'Re Patra']
['Bufudyne', 'Mabufula', 'Bufu', 'Re Patra']
['Bufu', 'Dekaja', 'Patra', 'Bufudyne']
['Dekaja', 'Recarmdra', 'Mabufula', 'Bufu']
['Bufu', 'Re Patra', 'Mabufula', 'Mediarahan']
['Resist Fire', 'Bufu', 'Dia', 'Mabufula']
['Bufu', 'Mabufula', 'Dia', 'Bufudyne']
['Ice Break', 'Dia', 'Bufu', 'Mabufula']
['Mabufula', 'Hama Boost', 'Bufu', 'Patra']
['Resist Fire', 'Bufudyne', 'Bufu', 'Patra']
['Bufu', 'Patra', 'Hamaon', 'Ice Boost']
['Bufu', 'Bufudyne', 'Ice Boost', 'Recarmdra']
['Patra', 'Sonic Punch', 'Bufu', 'Re Patra']
['Mabufula', 'Bufu', 'Re Patra', 'Hamaon']
['Null Dark', 'Bufu', 'Bufudyne', 'Mabufula']
['Bufu', 'Re Patra', 'Dekaja', 'Counterstrike']
['Bufudyne', 'Ice Boost', 'Bufu', 'Re Patra']
['Mabufula', 'Bufu', 'Dia', 'Ice Break']
['Bufu', 'Bufudyne', 'Ice Boost', 'Counterstrike']
['Dia', 'Hamaon', 'Bufu', 'Dekaja']
['Bufu', 'Mabufula', 'Bufudyne', 'Patra']
['Bufu', 'Sonic Punch', 'Bufudyne', 'Patra']
['Bufudyne', 'Mabufula', 'Bufu', 'Ice Break']
['Bufu', 'Null Dark', 'Bufudyne', 'Counterstrike']
['Bufu', 'Mabufula', 'Re Patra', 'Counterstrike']
['Bufu', 'Patra', 'Ice Boost', 'Hama Boost']
['Ice Break', 'Dia', 'Mediarahan', 'Bufu']
['Bufudyne', 'Re Patra', 'Bufu', 'Sonic Punch']
['Bufu', 'Re Patra', 'Ice Boost', 'Patra']
['Bufu', 'Mabufula', 'Ice Break', 'Counterstrike']
['Amrita', 'Dia', 'Bufudyne', 'Mabufula']
['Mabufula', 'Bufu', 'Dekaja', 'Patra']
['Dia', 'Null Dark', 'Bufu', 'Mabufula']
['Dia', 'Bufudyne', 'Bufu', 'Sonic Punch']
['Ice Break', 'Mabufula', 'Bufu', 'Patra']
['Re Patra', 'Bufudyne', 'Bufu', 'Mabufula']
['Resist Dark', 'Bufu', 'Mabufula', 'Recarmdra']
['Mahamaon', 'Patra', 'Counterstrike', 'Bufu']
['Bufudyne', 'Re Patra', 'Bufu', 'Ice Boost']
['Bufudyne', 'Patra', 'Mabufula', 'Bufu']
['Bufu', 'Ice Boost', 'Patra', 'Recarmdra']
['Bufu', 'Patra', 'Mabufula', 'Bufudyne']
['Ice Break', 'Bufu', 'Mabufula', 'Bufudyne']
['Bufudyne', 'Mabufula', 'Patra', 'Bufu']
['Null Dark', 'Bufu', 'Bufudyne', 'Mediarahan']
['Bufu', 'Bufudyne', 'Re Patra', 'Dia']
['Bufu', 'Ice Boost', 'Mahamaon', 'Patra']
['Mabufula', 'Ice Boost', 'Bufu', 'Patra']
['Bufu', 'Mabufula', 'Patra', 'Amrita']
['Hama Boost', 'Bufu', 'Mabufula', 'Bufudyne']
['Bufu', 'Re Patra', 'Bufudyne', 'Dia']
['Bufu', 'Bufudyne', 'Dia', 'Mabufula']
['Hama Boost', 'Bufu', 'Mediarahan', 'Dia']
['Bufu', 'Resist Dark', 'Bufudyne', 'Mabufula']
['Bufu', 'Mabufula', 'Resist Dark', 'Dekaja']
['Re Patra', 'Bufu', 'Recarmdra', 'Patra']
['Resist Fire', 'Bufu', 'Resist Dark', 'Mabufula']
['Bufudyne', 'Mabufula', 'Bufu', 'Null Dark']
['Bufu', 'Bufudyne', 'Mabufula', 'Resist Dark']
['Bufu', 'Mabufula', 'Re Patra', 'Bufudyne']
['Bufu', 'Re Patra', 'Bufudyne', 'Patra']
['Mabufula', 'Bufu', 'Resist Fire', 'Ice Boost']
['Bufu', 'Bufudyne', 'Patra', 'Dekaja']
['Hama Boost', 'Bufu', 'Ice Boost', 'Patra']
['Bufu', 'Mabufula', 'Re Patra', 'Ice Boost']
['Mabufula', 'Hama Boost', 'Hamaon', 'Bufu']
['Ice Boost', 'Bufu', 'Mabufula', 'Amrita']
['Bufu', 'Hamaon', 'Mabufula', 'Ice Boost']
['Mabufula', 'Patra', 'Bufudyne', 'Bufu']
['Bufu', 'Mabufula', 'Bufudyne', 'Patra']
['Bufu', 'Hamaon', 'Ice Break', 'Bufudyne']
['Null Dark', 'Dia', 'Bufu', 'Bufudyne']
['Mabufula', 'Amrita', 'Resist Dark', 'Bufu']
['Bufu', 'Null Dark', 'Mabufula', 'Hamaon']
['Bufu', 'Bufudyne', 'Re Patra', 'Dia']
['Bufudyne', 'Bufu', 'Re Patra', 'Patra']
['Bufu', 'Mediarahan', 'Patra', 'Bufudyne']
['Resist Dark', 'Dia', 'Bufu', 'Bufudyne']
['Bufu', 'Hamaon', 'Null Dark', 'Bufudyne']
['Bufu', 'Hama Boost', 'Null Dark', 'Mabufula']
['Ice Boost', 'Bufu', 'Resist Dark', 'Mabufula']
['Resist Fire', 'Bufu', 'Patra', 'Hamaon']
['Bufu', 'Re Patra', 'Mabufula', 'Patra']
['Bufu', 'Dia', 'Ice Boost', 'Recarmdra']
['Bufu', 'Re Patra', 'Hama Boost', 'Ice Break']
['Bufudyne', 'Bufu', 'Mahamaon', 'Counterstrike']
['Bufu', 'Counterstrike', 'Bufudyne', 'Amrita']
['Re Patra', 'Bufu', 'Mabufula', 'Bufudyne']
['Bufu', 'Patra', 'Mabufula', 'Ice Break']
['Bufu', 'Dekaja', 'Mabufula', 'Mahamaon']
['Bufu', 'Mabufula', 'Ice Boost', 'Dia']
['Bufu', 'Null Dark', 'Resist Fire', 'Bufudyne']
['Dekaja', 'Bufu', 'Amrita', 'Mabufula']
['Amrita', 'Bufu', 'Mabufula', 'Dia']
['Bufudyne', 'Bufu', 'Patra', 'Resist Dark']
['Mabufula', 'Bufu', 'Patra', 'Bufudyne']
['Patra', 'Ice Boost', 'Mabufula', 'Recarmdra']
['Bufudyne', 'Bufu', 'Counterstrike', 'Ice Boost']
['Bufudyne', 'Bufu', 'Dia', 'Sonic Punch']
['Mabufula', 'Dia', 'Bufu', 'Bufudyne']
['Patra', 'Re Patra', 'Mabufula', 'Bufu']
['Bufu', 'Patra', 'Bufudyne', 'Null Dark']
['Recarmdra', 'Ice Boost', 'Null Dark', 'Hamaon']
['Ice Boost', 'Dia', 'Bufu', 'Bufudyne']
['Dia', 'Hamaon', 'Bufu', 'Bufudyne']
['Bufu', 'Bufudyne', 'Resist Dark', 'Dekaja']
['Hama Boost', 'Bufudyne', 'Patra', 'Bufu']
['Re Patra', 'Bufudyne', 'Counterstrike', 'Bufu']
['Bufudyne', 'Patra', 'Bufu', 'Mabufula']
['Dia', 'Bufu', 'Bufudyne', 'Mediarahan']
['Re Patra', 'Bufu', 'Bufudyne', 'Dia']
['Bufu', 'Patra', 'Bufudyne', 'Dekaja']
['Mahamaon', 'Patra', 'Bufu', 'Resist Dark']
['Mabufula', 'Bufu', 'Dekaja', 'Patra']
['Mabufula', 'Amrita', 'Bufu', 'Bufudyne']
['Bufu', 'Patra', 'Mahamaon', 'Hama Boost']
['Bufu', 'Re Patra', 'Bufudyne', 'Mabufula']
['Mabufula', 'Bufu', 'Bufudyne', 'Null Dark']
['Bufu', 'Mabufula', 'Bufudyne', 'Ice Boost']
['Bufu', 'Ice Boost', 'Dia', 'Mabufula']
['Bufu', 'Mabufula', 'Bufudyne', 'Ice Break']
['Bufu', 'Mabufula', 'Bufudyne', 'Dia']
['Bufu', 'Counterstrike', 'Amrita', 'Bufudyne']
['Bufu', 'Null Dark', 'Re Patra', 'Patra']
['Mabufula', 'Patra', 'Bufu', 'Recarmdra']
['Resist Dark', 'Mabufula', 'Recarmdra', 'Bufu']
['Mabufula', 'Bufu', 'Bufudyne', 'Null Dark']
['Bufu', 'Resist Dark', 'Bufudyne', 'Dia']
['Mabufula', 'Re Patra', 'Dekaja', 'Bufu']
['Patra', 'Bufu', 'Null Dark', 'Bufudyne']
['Mabufula', 'Bufu', 'Null Dark', 'Patra']
['Bufu', 'Mabufula', 'Ice Boost', 'Patra']
['Resist Dark', 'Ice Break', 'Bufu', 'Dia']
['Bufu', 'Patra', 'Hamaon', 'Mabufula']
['Sonic Punch', 'Bufu', 'Dekaja', 'Mabufula']
['Patra', 'Ice Boost', 'Bufu', 'Counterstrike']
['Bufu', 'Bufudyne', 'Mabufula', 'Resist Fire']
['Dia', 'Bufudyne', 'Bufu', 'Re Patra']
['Bufu', 'Patra', 'Bufudyne', 'Dia']
['Bufu', 'Hamaon', 'Dekaja', 'Resist Fire']
['Re Patra', 'Mabufula', 'Bufudyne', 'Dia']
['Bufu', 'Bufudyne', 'Mabufula', 'Dia']
['Bufu', 'Hama Boost', 'Hamaon', 'Null Dark']
['Bufu', 'Patra', 'Hama Boost', 'Bufudyne']
['Hamaon', 'Ice Boost', 'Bufu', 'Patra']
['Bufu', 'Re Patra', 'Dia', 'Recarmdra']
['Bufu', 'Patra', 'Ice Boost', 'Dia']
['Mabufula', 'Dia', 'Re Patra', 'Bufu']
['Re Patra', 'Bufu', 'Mabufula', 'Bufudyne']
['Bufudyne', 'Resist Fire', 'Mabufula', 'Dia']
['Bufudyne', 'Bufu', 'Resist Fire', 'Mabufula']
['Bufu', 'Bufudyne', 'Dekaja', 'Recarmdra']
['Bufu', 'Mabufula', 'Patra', 'Bufudyne']
['Patra', 'Mabufula', 'Bufu', 'Bufudyne']
['Bufu', 'Mabufula', 'Counterstrike', 'Patra']
['Bufudyne', 'Re Patra', 'Mabufula', 'Bufu']
['Bufu', 'Mabufula', 'Bufudyne', 'Recarmdra']
['Bufu', 'Bufudyne', 'Dia', 'Mabufula']
['Bufudyne', 'Bufu', 'Mabufula', 'Patra']
['Patra', 'Bufu', 'Ice Boost', 'Dia']
['Resist Dark', 'Null Dark', 'Mabufula', 'Bufu']
['Bufu', 'Re Patra', 'Patra', 'Amrita']
['Bufu', 'Mabufula', 'Hama Boost', 'Ice Break']
['Bufu', 'Bufudyne', 'Dia', 'Hama Boost']
['Mabufula', 'Mahamaon', 'Bufu', 'Re Patra']
['Bufu', 'Mabufula', 'Bufudyne', 'Recarmdra']
['Patra', 'Mabufula', 'Bufu', 'Bufudyne']
['Mabufula', 'Bufu', 'Patra', 'Ice Boost']
['Bufu', 'Bufudyne', 'Mabufula', 'Re Patra']
['Re Patra', 'Mabufula', 'Patra', 'Bufu']
['Patra', 'Bufudyne', 'Mabufula', 'Dia']
['Bufu', 'Bufudyne', 'Mabufula', 'Sonic Punch']
['Bufudyne', 'Bufu', 'Ice Boost', 'Ice Break']
['Patra', 'Mabufula', 'Bufu', 'Ice Break']
['Null Dark', 'Bufu', 'Bufudyne', 'Mabufula']
['Ice Boost', 'Bufu', 'Bufudyne', 'Patra']
['Bufu', 'Dekaja', 'Ice Boost', 'Patra']
['Mabufula', 'Bufu', 'Dekaja', 'Counterstrike']
['Bufu', 'Sonic Punch', 'Mabufula', 'Patra']
['Resist Fire', 'Mabufula', 'Dia', 'Ice Boost']
['Bufu', 'Mabufula', 'Sonic Punch', 'Mahamaon']
['Bufudyne', 'Resist Dark', 'Bufu', 'Ice Boost']
['Bufudyne', 'Mabufula', 'Patra', 'Bufu']
['Dia', 'Resist Dark', 'Patra', 'Bufu']
['Bufu', 'Bufudyne', 'Ice Boost', 'Hamaon']
['Null Dark', 'Bufu', 'Ice Break', 'Ice Boost']
['Bufu', 'Hamaon', 'Mabufula', 'Ice Boost']
['Mabufula', 'Bufudyne', 'Bufu', 'Resist Dark']
['Bufu', 'Resist Dark', 'Bufudyne', 'Mabufula']
['Dekaja', 'Bufu', 'Mediarahan', 'Hama Boost']
['Bufu', 'Bufudyne', 'Hama Boost', 'Ice Boost']
['Bufu', 'Patra', 'Bufudyne', 'Dia']
['Ice Break', 'Bufu', 'Mabufula', 'Amrita']
['Bufu', 'Mediarahan', 'Patra', 'Ice Boost']
['Bufu', 'Mabufula', 'Resist Dark', 'Null Dark']
['Mabufula', 'Patra', 'Bufu', 'Bufudyne']
['Bufu', 'Mabufula', 'Dia', 'Hama Boost']
['Bufu', 'Mabufula', 'Ice Boost', 'Dia']
['Bufu', 'Mabufula', 'Ice Boost', 'Dia']
['Bufudyne', 'Resist Dark', 'Mabufula', 'Bufu']
