['Growth 3', 'Unshaken Will', 'Mudoon', 'Tarukaja', 'Sukukaja']
['Niflheim', 'Diarahan', 'Mudoon', 'Wind Boost', 'Sukukaja']
['Patra', 'Sukukaja', 'Mudoon', 'High Counter', 'Mind Charge']
['Null Fear', 'Growth 3', 'Niflheim', 'Wind Boost', 'Diarahan']
['Mudoon', 'High Counter', 'Sukukaja', 'Wind Boost', 'Niflheim']
['High Counter', 'Mind Charge', 'Niflheim', 'Tarukaja', 'Null Fear']
['Patra', 'Niflheim', 'Evil Smile', 'Growth 3', 'Diarahan']
['Patra', 'Tarukaja', 'Mudoon', 'Ice Amp', 'Mind Charge']
['Null Dark', 'Mudoon', 'Patra', 'Niflheim', 'Evil Smile']
['Growth 3', 'Tarukaja', 'Niflheim', 'Recarm', 'Patra']
['Evil Smile', 'Niflheim', 'Wind Amp', 'Growth 3', 'Null Fear']
['Samsara', 'Patra', 'High Counter', 'Null Fear', 'Diarahan']
['Niflheim', 'Absorb Fire', 'Ice Amp', 'Mudoon', 'Sukukaja']
['Mudoon', 'Patra', 'Wind Boost', 'Niflheim', 'Sukukaja']
['Wind Amp', 'Patra', 'Ghastly Wail', 'Sukukaja', 'Recarm']
['Ghastly Wail', 'Evil Smile', 'Ice Amp', 'Patra', 'Niflheim']
['Niflheim', 'Wind Boost', 'Patra', 'Wind Amp', 'Tarukaja']
['Niflheim', 'Tarukaja', 'Sukukaja', 'Diarahan', 'Wind Boost']
['Wind Boost', 'Mudoon', 'Recarm', 'Growth 3', 'Double Fangs']
['Niflheim', 'Sukukaja', 'Patra', 'High Counter', 'Tarukaja']
['Recarm', 'Niflheim', 'Patra', 'Wind Boost', 'Sukukaja']
['Tarukaja', 'Null Dark', 'Niflheim', 'Evil Smile', 'Mind Charge']
['Patra', 'Null Dark', 'Tarukaja', 'Wind Boost', 'Samsara']
['Niflheim', 'Wind Amp', 'Mudoon', 'Patra', 'Diarahan']
['Mudoon', 'Sukukaja', 'Niflheim', 'Null Dark', 'Tarukaja']
['Double Fangs', 'Diarahan', 'Samsara', 'Ice Amp', 'Tarukaja']
['Recarm', 'Patra', 'Sukukaja', 'Niflheim', 'Samsara']
['Sukukaja', 'Wind Boost', 'Null Fear', 'Growth 3', 'Patra']
['Mind Charge', 'Niflheim', 'Sukukaja', 'Mudoon', 'High Counter']
['Evil Smile', 'Tarukaja', 'Samsara', 'Absorb Fire', 'Niflheim']
['Recarm', 'Growth 3', 'Patra', 'Tarukaja', 'Mind Charge']
['Patra', 'Niflheim', 'Sukukaja', 'Ice Amp', 'Diarahan']
['High Counter', 'Niflheim', 'Evil Smile', 'Mind Charge', 'Double Fangs']
['Tarukaja', 'Wind Boost', 'Niflheim', 'Ghastly Wail', 'Growth 3']
['Niflheim', 'Patra', 'Tarukaja', 'Ice Amp', 'Wind Amp']
['Mudoon', 'Recarm', 'Niflheim', 'Sukukaja', 'Growth 3']
['Tarukaja', 'High Counter', 'Niflheim', 'Patra', 'Wind Boost']
['Tarukaja', 'Wind Amp', 'Wind Boost', 'Sukukaja', 'Absorb Fire']
['Diarahan', 'Mudoon', 'Wind Boost', 'Niflheim', 'Patra']
['Niflheim', 'Ice Amp', 'Evil Smile', 'Absorb Fire', 'Mudoon']
['Evil Smile', 'Wind Boost', 'Niflheim', 'Ice Amp', 'Wind Amp']
['Wind Boost', 'Tarukaja', 'Sukukaja', 'Growth 3', 'Patra']
['Tarukaja', 'Niflheim', 'Growth 3', 'Wind Boost', 'Diarahan']
['Ice Amp', 'Patra', 'Samsara', 'Double Fangs', 'High Counter']
['Ice Amp', 'Null Dark', 'Niflheim', 'Sukukaja', 'Null Fear']
['Diarahan', 'Mudoon', 'Tarukaja', 'Ice Amp', 'Recarm']
['Niflheim', 'Tarukaja', 'Evil Smile', 'Diarahan', 'Sukukaja']
['Wind Boost', 'Patra', 'Null Fear', 'Absorb Fire', 'Recarm']
['Ghastly Wail', 'High Counter', 'Patra', 'Growth 3', 'Wind Boost']
['Wind Boost', 'Mudoon', 'High Counter', 'Evil Smile', 'Patra']
['Patra', 'Wind Amp', 'Tarukaja', 'Null Dark', 'Niflheim']
['Patra', 'Tarukaja', 'Mudoon', 'Niflheim', 'High Counter']
['Evil Smile', 'Null Fear', 'Ghastly Wail', 'Sukukaja', 'Absorb Fire']
['Niflheim', 'Wind Amp', 'Wind Boost', 'Tarukaja', 'Diarahan']
['Double Fangs', 'Wind Boost', 'Tarukaja', 'Niflheim', 'Growth 3']
['Niflheim', 'Ghastly Wail', 'Patra', 'Mudoon', 'Mind Charge']
['Absorb Fire', 'Evil Smile', 'Patra', 'Ice Amp', 'Recarm']
['Tarukaja', 'Null Fear', 'Patra', 'Wind Boost', 'Growth 3']
['Sukukaja', 'Wind Boost', 'Patra', 'Recarm', 'Samsara']
['Evil Smile', 'Wind Amp', 'Patra', 'Mudoon', 'Growth 3']
['Patra', 'Growth 3', 'Evil Smile', 'Niflheim', 'Diarahan']
['Evil Smile', 'Wind Boost', 'Recarm', 'Sukukaja', 'Mudoon']
['Tarukaja', 'Patra', 'Diarahan', 'Null Fear', 'Mudoon']
['Double Fangs', 'Unshaken Will', 'Niflheim', 'Null Dark', 'Wind Boost']
['Wind Boost', 'Niflheim', 'Null Fear', 'Ice Amp', 'Unshaken Will']
['Evil Smile', 'Niflheim', 'Recarm', 'Sukukaja', 'Tarukaja']
['Tarukaja', 'Patra', 'Sukukaja', 'Unshaken Will', 'Niflheim']
['Growth 3', 'Mind Charge', 'Niflheim', 'Evil Smile', 'Tarukaja']
['Patra', 'High Counter', 'Absorb Fire', 'Sukukaja', 'Null Dark']
['Sukukaja', 'Wind Boost', 'Patra', 'Null Fear', 'Samsara']
['Recarm', 'Niflheim', 'Ghastly Wail', 'Absorb Fire', 'Sukukaja']
['Ghastly Wail', 'Unshaken Will', 'Double Fangs', 'Wind Amp', 'Growth 3']
['Growth 3', 'Absorb Fire', 'Tarukaja', 'Unshaken Will', 'Patra']
['Ghastly Wail', 'Samsara', 'Recarm', 'Niflheim', 'Null Fear']
['Patra', 'Mind Charge', 'Ice Amp', 'Recarm', 'Tarukaja']
['Growth 3', 'Sukukaja', 'Niflheim', 'Patra', 'Tarukaja']
['Tarukaja', 'Recarm', 'Null Fear', 'Absorb Fire', 'Sukukaja']
['Wind Amp', 'Recarm', 'Patra', 'Wind Boost', 'Ghastly Wail']
['Patra', 'Evil Smile', 'Tarukaja', 'Ghastly Wail', 'Niflheim']
['Patra', 'Unshaken Will', 'Absorb Fire', 'Wind Boost', 'Niflheim']
['High Counter', 'Patra', 'Samsara', 'Recarm', 'Growth 3']
['Patra', 'Samsara', 'Niflheim', 'Sukukaja', 'Evil Smile']
['Unshaken Will', 'Null Fear', 'Wind Boost', 'Absorb Fire', 'Patra']
['Ice Amp', 'Tarukaja', 'Niflheim', 'Mudoon', 'Patra']
['Tarukaja', 'Growth 3', 'Sukukaja', 'Evil Smile', 'Mind Charge']
['Diarahan', 'Null Dark', 'Ice Amp', 'Double Fangs', 'Niflheim']
['Wind Boost', 'Double Fangs', 'Mind Charge', 'Tarukaja', 'Patra']
['Mind Charge', 'Growth 3', 'Niflheim', 'Wind Boost', 'Tarukaja']
['Wind Boost', 'Unshaken Will', 'Patra', 'Niflheim', 'Samsara']
['Null Fear', 'Wind Boost', 'Ice Amp', 'Niflheim', 'Tarukaja']
['Diarahan', 'Wind Boost', 'Sukukaja', 'Patra', 'Null Fear']
['Null Dark', 'Patra', 'Niflheim', 'Diarahan', 'Recarm']
['Tarukaja', 'Diarahan', 'Growth 3', 'Ice Amp', 'Evil Smile']
['Ghastly Wail', 'Sukukaja', 'Patra', 'Niflheim', 'Wind Boost']
['Tarukaja', 'Sukukaja', 'Mudoon', 'Ice Amp', 'Niflheim']
['Wind Boost', 'Absorb Fire', 'Ghastly Wail', 'Ice Amp', 'Niflheim']
['Wind Amp', 'Diarahan', 'Recarm', 'Wind Boost', 'Patra']
['Niflheim', 'Tarukaja', 'Ice Amp', 'Patra', 'Wind Amp']
['Ice Amp', 'Sukukaja', 'Wind Boost', 'Null Dark', 'Niflheim']
['Diarahan', 'Wind Amp', 'Double Fangs', 'Niflheim', 'Tarukaja']
['Tarukaja', 'Niflheim', 'Wind Boost', 'Recarm', 'Ice Amp']
['Niflheim', 'Null Fear', 'Growth 3', 'Wind Amp', 'Tarukaja']
['Mudoon', 'Patra', 'Growth 3', 'Niflheim', 'Absorb Fire']
['Wind Boost', 'Sukukaja', 'Mudoon', 'Recarm', 'Patra']
['Tarukaja', 'Wind Boost', 'Niflheim', 'Wind Amp', 'Patra']
['Niflheim', 'Recarm', 'Null Fear', 'Mind Charge', 'Ice Amp']
['Wind Boost', 'Patra', 'Tarukaja', 'Sukukaja', 'Evil Smile']
['Unshaken Will', 'Recarm', 'High Counter', 'Null Dark', 'Niflheim']
['Ice Amp', 'Patra', 'Sukukaja', 'Niflheim', 'Absorb Fire']
['Patra', 'Diarahan', 'Growth 3', 'Ice Amp', 'Niflheim']
['Niflheim', 'Patra', 'Mind Charge', 'Mudoon', 'Recarm']
['Patra', 'Tarukaja', 'Ice Amp', 'Diarahan', 'Mudoon']
['Patra', 'Niflheim', 'Growth 3', 'Wind Amp', 'Evil Smile']
['Ghastly Wail', 'Mind Charge', 'High Counter', 'Absorb Fire', 'Patra']
['Tarukaja', 'Patra', 'Recarm', 'Niflheim', 'Growth 3']
['Wind Boost', 'Patra', 'Mind Charge', 'Double Fangs', 'Ghastly Wail']
['Niflheim', 'Sukukaja', 'Mudoon', 'Absorb Fire', 'Growth 3']
['Growth 3', 'Wind Boost', 'Sukukaja', 'Ice Amp', 'Niflheim']
['Samsara', 'Patra', 'Mind Charge', 'Null Fear', 'Absorb Fire']
['Recarm', 'Niflheim', 'Null Dark', 'Patra', 'Ice Amp']
['High Counter', 'Null Fear', 'Wind Boost', 'Wind Amp', 'Tarukaja']
['Null Fear', 'Mudoon', 'Absorb Fire', 'Evil Smile', 'Wind Amp']
['Recarm', 'Wind Amp', 'Mind Charge', 'Tarukaja', 'Sukukaja']
['Unshaken Will', 'Evil Smile', 'Wind Boost', 'Growth 3', 'Sukukaja']
['Patra', 'Evil Smile', 'Ghastly Wail', 'Wind Amp', 'Tarukaja']
['Samsara', 'Null Fear', 'Wind Boost', 'Tarukaja', 'Wind Amp']
['Sukukaja', 'Patra', 'Null Fear', 'Ice Amp', 'High Counter']
['Null Fear', 'Sukukaja', 'Wind Boost', 'Patra', 'Niflheim']
['Patra', 'Wind Amp', 'Niflheim', 'High Counter', 'Double Fangs']
['Recarm', 'Mudoon', 'Wind Boost', 'Null Fear', 'Evil Smile']
['High Counter', 'Tarukaja', 'Absorb Fire', 'Diarahan', 'Recarm']
['Samsara', 'Mudoon', 'Tarukaja', 'Wind Boost', 'Patra']
['Patra', 'Null Fear', 'Tarukaja', 'Recarm', 'Mudoon']
['Wind Amp', 'Absorb Fire', 'Patra', 'Wind Boost', 'High Counter']
['Absorb Fire', 'Samsara', 'Sukukaja', 'Double Fangs', 'Wind Boost']
['Recarm', 'Patra', 'Niflheim', 'Wind Boost', 'Mudoon']
['Niflheim', 'Ice Amp', 'Patra', 'Null Dark', 'Sukukaja']
['Ice Amp', 'Null Fear', 'Wind Boost', 'Niflheim', 'Wind Amp']
['Absorb Fire', 'Mudoon', 'Tarukaja', 'Sukukaja', 'Patra']
['Niflheim', 'Evil Smile', 'Patra', 'Tarukaja', 'Recarm']
['Mudoon', 'Wind Amp', 'Null Dark', 'Absorb Fire', 'Wind Boost']
['Null Dark', 'Patra', 'Tarukaja', 'Niflheim', 'Wind Amp']
['Tarukaja', 'Double Fangs', 'Niflheim', 'Patra', 'Samsara']
['Diarahan', 'Mind Charge', 'Wind Boost', 'Niflheim', 'Patra']
['High Counter', 'Tarukaja', 'Mudoon', 'Mind Charge', 'Sukukaja']
['Sukukaja', 'Recarm', 'Growth 3', 'Diarahan', 'Patra']
['Patra', 'Sukukaja', 'Niflheim', 'Growth 3', 'Recarm']
['Tarukaja', 'Niflheim', 'Mudoon', 'Absorb Fire', 'Recarm']
['Niflheim', 'Patra', 'Wind Amp', 'Mind Charge', 'Ice Amp']
['Ice Amp', 'Wind Boost', 'Absorb Fire', 'Evil Smile', 'Niflheim']
['Diarahan', 'Wind Boost', 'Ghastly Wail', 'Patra', 'Wind Amp']
['Double Fangs', 'Sukukaja', 'Niflheim', 'Patra', 'Ice Amp']
['Tarukaja', 'Wind Boost', 'Recarm', 'Growth 3', 'Mudoon']
['Samsara', 'Ice Amp', 'Niflheim', 'Sukukaja', 'Growth 3']
['Sukukaja', 'Patra', 'Tarukaja', 'Niflheim', 'Wind Amp']
['Niflheim', 'Sukukaja', 'Wind Boost', 'Tarukaja', 'Diarahan']
['Recarm', 'Wind Amp', 'Sukukaja', 'Ice Amp', 'Growth 3']
['Recarm', 'Tarukaja', 'Niflheim', 'Wind Amp', 'Wind Boost']
['High Counter', 'Tarukaja', 'Patra', 'Wind Boost', 'Sukukaja']
['Ice Amp', 'Evil Smile', 'Patra', 'Wind Boost', 'Ghastly Wail']
['Patra', 'Tarukaja', 'Null Fear', 'Wind Boost', 'Wind Amp']
['Tarukaja', 'Wind Amp', 'Niflheim', 'Patra', 'Sukukaja']
['High Counter', 'Niflheim', 'Mind Charge', 'Patra', 'Wind Boost']
['Patra', 'Tarukaja', 'Recarm', 'Ghastly Wail', 'Null Fear']
['Niflheim', 'Null Fear', 'Tarukaja', 'Wind Boost', 'Null Dark']
['Null Dark', 'Mind Charge', 'Sukukaja', 'Tarukaja', 'Patra']
['Tarukaja', 'Recarm', 'Niflheim', 'Diarahan', 'Null Fear']
['Tarukaja', 'Niflheim', 'Wind Boost', 'Patra', 'Mind Charge']
['Evil Smile', 'Growth 3', 'Diarahan', 'Mind Charge', 'Ice Amp']
['Recarm', 'Niflheim', 'Wind Amp', 'High Counter', 'Null Fear']
['Sukukaja', 'Evil Smile', 'Niflheim', 'Double Fangs', 'Null Dark']
['Niflheim', 'High Counter', 'Mind Charge', 'Patra', 'Diarahan']
['Wind Boost', 'Null Dark', 'Patra', 'Diarahan', 'Tarukaja']
['Diarahan', 'Patra', 'Wind Boost', 'Unshaken Will', 'Tarukaja']
['Patra', 'Wind Amp', 'Niflheim', 'Sukukaja', 'Recarm']
['Wind Amp', 'Recarm', 'Niflheim', 'Unshaken Will', 'Growth 3']
['Null Fear', 'Wind Boost', 'Patra', 'Evil Smile', 'Niflheim']
['Recarm', 'Niflheim', 'Absorb Fire', 'Tarukaja', 'High Counter']
['Growth 3', 'Wind Boost', 'Ice Amp', 'Patra', 'Sukukaja']
['Diarahan', 'Patra', 'Wind Boost', 'Niflheim', 'Recarm']
['Wind Boost', 'Growth 3', 'High Counter', 'Niflheim', 'Mudoon']
['Niflheim', 'Patra', 'Absorb Fire', 'Sukukaja', 'Recarm']
['Evil Smile', 'Niflheim', 'Patra', 'Wind Boost', 'Null Fear']
['Niflheim', 'Wind Boost', 'Patra', 'Null Fear', 'Sukukaja']
['Ice Amp', 'Mudoon', 'Recarm', 'Patra', 'Diarahan']
['Unshaken Will', 'Evil Smile', 'Mind Charge', 'Wind Boost', 'Diarahan']
['Wind Amp', 'Diarahan', 'Patra', 'Mind Charge', 'Null Fear']
['Sukukaja', 'Mudoon', 'Patra', 'Tarukaja', 'Wind Boost']
['Patra', 'Evil Smile', 'Unshaken Will', 'Wind Amp', 'Null Dark']
['Growth 3', 'Sukukaja', 'Patra', 'Null Dark', 'Wind Amp']
['Patra', 'Null Dark', 'Diarahan', 'Niflheim', 'Sukukaja']
['Growth 3', 'Sukukaja', 'Tarukaja', 'Niflheim', 'Mind Charge']
['Tarukaja', 'Null Dark', 'Patra', 'Mudoon', 'Sukukaja']
['Null Dark', 'Patra', 'Ghastly Wail', 'Recarm', 'Tarukaja']
['Samsara', 'Tarukaja', 'Mudoon', 'Patra', 'Wind Boost']
['Wind Boost', 'Absorb Fire', 'Patra', 'Tarukaja', 'Null Fear']
['Null Fear', 'Sukukaja', 'Growth 3', 'Niflheim', 'Mind Charge']
['Patra', 'Tarukaja', 'Ice Amp', 'Recarm', 'Null Fear']
['Niflheim', 'Sukukaja', 'Patra', 'Null Fear', 'Wind Boost']
['Absorb Fire', 'Niflheim', 'Null Fear', 'Mudoon', 'High Counter']
['Patra', 'Mudoon', 'Wind Boost', 'Mind Charge', 'Null Dark']
['Tarukaja', 'Patra', 'Null Fear', 'Niflheim', 'Absorb Fire']
['Mind Charge', 'Tarukaja', 'Wind Boost', 'Patra', 'Ghastly Wail']
['Patra', 'Niflheim', 'Recarm', 'Wind Boost', 'Growth 3']
['Mudoon', 'Null Fear', 'Wind Amp', 'Sukukaja', 'Null Dark']
['Wind Boost', 'Patra', 'Diarahan', 'Tarukaja', 'Wind Amp']
['Null Dark', 'Niflheim', 'Growth 3', 'Recarm', 'Ice Amp']
['Tarukaja', 'Patra', 'Mudoon', 'Niflheim', 'Recarm']
['Null Fear', 'Wind Amp', 'Patra', 'Niflheim', 'Mind Charge']
['Null Dark', 'Unshaken Will', 'Tarukaja', 'High Counter', 'Sukukaja']
['Patra', 'Mind Charge', 'Mudoon', 'Wind Boost', 'Diarahan']
['Mind Charge', 'Patra', 'Samsara', 'Wind Amp', 'Tarukaja']
['Niflheim', 'Evil Smile', 'Null Fear', 'Sukukaja', 'Unshaken Will']
['Patra', 'Wind Boost', 'Sukukaja', 'Wind Amp', 'Ice Amp']
['Niflheim', 'Tarukaja', 'Growth 3', 'Absorb Fire', 'Patra']
['Niflheim', 'Null Dark', 'Evil Smile', 'Ghastly Wail', 'Patra']
['Null Fear', 'Ghastly Wail', 'Recarm', 'Samsara', 'Patra']
['Tarukaja', 'Niflheim', 'Unshaken Will', 'Diarahan', 'Ghastly Wail']
['Patra', 'Ice Amp', 'Mind Charge', 'Unshaken Will', 'Null Dark']
['Evil Smile', 'Wind Boost', 'Patra', 'Mind Charge', 'Diarahan']
['Niflheim', 'Patra', 'Recarm', 'Tarukaja', 'Unshaken Will']
['Sukukaja', 'Wind Boost', 'Recarm', 'Ice Amp', 'Patra']
['Tarukaja', 'Patra', 'Growth 3', 'Evil Smile', 'Absorb Fire']
['Growth 3', 'Niflheim', 'Sukukaja', 'Wind Boost', 'Ghastly Wail']
['Mudoon', 'Patra', 'Diarahan', 'Absorb Fire', 'Sukukaja']
['Patra', 'Wind Boost', 'Ice Amp', 'Niflheim', 'Wind Amp']
['Mind Charge', 'Ghastly Wail', 'Patra', 'Wind Boost', 'Ice Amp']
['Ghastly Wail', 'Patra', 'Evil Smile', 'Absorb Fire', 'Mind Charge']
['Niflheim', 'Recarm', 'Patra', 'Wind Boost', 'Mind Charge']
['Tarukaja', 'Wind Amp', 'Null Dark', 'Patra', 'Sukukaja']
['Niflheim', 'Sukukaja', 'Tarukaja', 'Growth 3', 'Mind Charge']
['Niflheim', 'Patra', 'Sukukaja', 'Wind Boost', 'Mudoon']
['Mind Charge', 'Samsara', 'Patra', 'Null Dark', 'Niflheim']
['Absorb Fire', 'Tarukaja', 'Patra', 'Niflheim', 'Recarm']
['Samsara', 'Patra', 'Recarm', 'Tarukaja', 'High Counter']
['High Counter', 'Wind Amp', 'Tarukaja', 'Recarm', 'Patra']
['Tarukaja', 'Mudoon', 'Null Dark', 'Sukukaja', 'Diarahan']
['Ice Amp', 'Null Dark', 'Tarukaja', 'Patra', 'Wind Amp']
['Ice Amp', 'Growth 3', 'Wind Amp', 'Sukukaja', 'Absorb Fire']
['Growth 3', 'Recarm', 'Diarahan', 'High Counter', 'Tarukaja']
['Mind Charge', 'Null Fear', 'Growth 3', 'Mudoon', 'Tarukaja']
['Patra', 'Niflheim', 'Evil Smile', 'Sukukaja', 'Ice Amp']
['Absorb Fire', 'High Counter', 'Wind Boost', 'Patra', 'Mind Charge']
['Patra', 'Niflheim', 'Wind Amp', 'High Counter', 'Growth 3']
['Mudoon', 'Patra', 'Evil Smile', 'Null Dark', 'Sukukaja']
['Mind Charge', 'Double Fangs', 'Patra', 'Mudoon', 'Niflheim']
['Sukukaja', 'Evil Smile', 'High Counter', 'Niflheim', 'Patra']
['Mind Charge', 'Wind Boost', 'Patra', 'Niflheim', 'Evil Smile']
['Patra', 'Sukukaja', 'Null Fear', 'Ice Amp', 'Growth 3']
['Niflheim', 'Growth 3', 'Patra', 'Recarm', 'Tarukaja']
['Sukukaja', 'Ghastly Wail', 'Niflheim', 'Mudoon', 'Unshaken Will']
['Sukukaja', 'Niflheim', 'Mudoon', 'Growth 3', 'Wind Amp']
['Evil Smile', 'Niflheim', 'Sukukaja', 'Mudoon', 'Wind Boost']
['Diarahan', 'Null Fear', 'Wind Boost', 'Tarukaja', 'Ice Amp']
['Null Dark', 'Recarm', 'Null Fear', 'Wind Amp', 'Ghastly Wail']
['Niflheim', 'Tarukaja', 'Sukukaja', 'Recarm', 'Null Dark']
['Patra', 'Mind Charge', 'Diarahan', 'Niflheim', 'Growth 3']
['Niflheim', 'Sukukaja', 'Evil Smile', 'Recarm', 'Patra']
['Ice Amp', 'Niflheim', 'Recarm', 'Sukukaja', 'Patra']
['Null Dark', 'Ice Amp', 'Tarukaja', 'Wind Amp', 'Growth 3']
['Samsara', 'Wind Boost', 'Null Dark', 'Mind Charge', 'Patra']
['Mudoon', 'Diarahan', 'Sukukaja', 'Patra', 'Null Fear']
['Niflheim', 'Sukukaja', 'Diarahan', 'Wind Boost', 'High Counter']
['Tarukaja', 'Niflheim', 'Diarahan', 'Patra', 'Sukukaja']
['Ice Amp', 'Wind Boost', 'Null Dark', 'Tarukaja', 'Niflheim']
['Niflheim', 'Wind Boost', 'Mudoon', 'Recarm', 'Tarukaja']
['Ice Amp', 'Wind Boost', 'Patra', 'Niflheim', 'Mudoon']
['Evil Smile', 'Sukukaja', 'Wind Boost', 'High Counter', 'Niflheim']
['Sukukaja', 'Growth 3', 'Niflheim', 'Tarukaja', 'Recarm']
['Patra', 'Ghastly Wail', 'Null Fear', 'Absorb Fire', 'Sukukaja']
['Mind Charge', 'Evil Smile', 'Sukukaja', 'Ghastly Wail', 'Diarahan']
['Evil Smile', 'Mind Charge', 'Niflheim', 'Patra', 'Growth 3']
['Growth 3', 'Patra', 'Wind Boost', 'Null Fear', 'Double Fangs']
['Wind Boost', 'Sukukaja', 'Absorb Fire', 'Ghastly Wail', 'Samsara']
['Ice Amp', 'Ghastly Wail', 'Niflheim', 'Wind Boost', 'Recarm']
['Ice Amp', 'Niflheim', 'Tarukaja', 'Sukukaja', 'Patra']
['Wind Amp', 'Ghastly Wail', 'Null Fear', 'Tarukaja', 'Wind Boost']
['Patra', 'Wind Boost', 'Ghastly Wail', 'Tarukaja', 'Mudoon']
['Patra', 'Mind Charge', 'Null Dark', 'Growth 3', 'Niflheim']
['Wind Boost', 'Null Dark', 'Ghastly Wail', 'Patra', 'Diarahan']
['Tarukaja', 'Wind Amp', 'Niflheim', 'Diarahan', 'Null Fear']
['Patra', 'Tarukaja', 'Growth 3', 'Niflheim', 'Absorb Fire']
['Patra', 'Recarm', 'Evil Smile', 'Null Dark', 'Null Fear']
['Niflheim', 'Patra', 'Sukukaja', 'Wind Amp', 'Recarm']
['Tarukaja', 'Mudoon', 'Sukukaja', 'Patra', 'Wind Boost']
['Null Dark', 'Sukukaja', 'Patra', 'Mudoon', 'Growth 3']
['Samsara', 'Absorb Fire', 'Patra', 'Sukukaja', 'Tarukaja']
['Sukukaja', 'Wind Boost', 'Recarm', 'Tarukaja', 'Patra']
['Patra', 'Double Fangs', 'Null Dark', 'Wind Boost', 'Niflheim']
['Patra', 'Samsara', 'Evil Smile', 'Ice Amp', 'Niflheim']
['Evil Smile', 'Niflheim', 'Ice Amp', 'Diarahan', 'Sukukaja']
['Tarukaja', 'Mudoon', 'Ice Amp', 'Samsara', 'Wind Boost']
['Wind Boost', 'Double Fangs', 'Patra', 'Niflheim', 'Evil Smile']
['Sukukaja', 'Evil Smile', 'Wind Amp', 'High Counter', 'Ghastly Wail']
['Wind Boost', 'Niflheim', 'Diarahan', 'Mudoon', 'Mind Charge']
['Sukukaja', 'Wind Amp', 'Patra', 'Null Dark', 'Tarukaja']
['Mind Charge', 'Sukukaja', 'Null Fear', 'Evil Smile', 'Growth 3']
['Diarahan', 'Sukukaja', 'Niflheim', 'Wind Boost', 'Growth 3']
['Niflheim', 'Patra', 'Wind Amp', 'Tarukaja', 'Wind Boost']
['Mudoon', 'Patra', 'Ice Amp', 'Wind Boost', 'Recarm']
['Growth 3', 'Recarm', 'Wind Boost', 'Unshaken Will', 'Ice Amp']
['Patra', 'Evil Smile', 'Unshaken Will', 'High Counter', 'Tarukaja']
['Wind Boost', 'Recarm', 'Null Fear', 'Patra', 'Wind Amp']
['Patra', 'Ice Amp', 'Null Fear', 'Double Fangs', 'Evil Smile']
['Growth 3', 'Mudoon', 'Wind Amp', 'Ice Amp', 'Wind Boost']
['Wind Boost', 'Mind Charge', 'Niflheim', 'Ice Amp', 'Recarm']
['Patra', 'Null Dark', 'Growth 3', 'Recarm', 'Sukukaja']
['Tarukaja', 'Recarm', 'Sukukaja', 'Patra', 'Niflheim']
['Sukukaja', 'Diarahan', 'Mudoon', 'Wind Boost', 'Niflheim']
['Mudoon', 'Ghastly Wail', 'Diarahan', 'Evil Smile', 'Tarukaja']
['Recarm', 'Wind Boost', 'Null Dark', 'Ice Amp', 'Niflheim']
['Niflheim', 'Recarm', 'Tarukaja', 'Mudoon', 'Wind Amp']
['Mind Charge', 'Patra', 'Niflheim', 'Wind Boost', 'Tarukaja']
['Patra', 'Wind Amp', 'Tarukaja', 'Sukukaja', 'Evil Smile']
['Sukukaja', 'Niflheim', 'Wind Amp', 'Diarahan', 'High Counter']
['Patra', 'Sukukaja', 'Evil Smile', 'Wind Boost', 'Niflheim']
['Null Dark', 'Null Fear', 'Tarukaja', 'Diarahan', 'Absorb Fire']
['Patra', 'High Counter', 'Null Dark', 'Growth 3', 'Evil Smile']
['Evil Smile', 'Patra', 'Growth 3', 'Wind Boost', 'Niflheim']
['Wind Boost', 'Ghastly Wail', 'High Counter', 'Tarukaja', 'Mudoon']
['Tarukaja', 'Niflheim', 'Patra', 'Sukukaja', 'Null Fear']
['Tarukaja', 'Recarm', 'Diarahan', 'Patra', 'Niflheim']
['Patra', 'Wind Boost', 'Tarukaja', 'Ghastly Wail', 'Wind Amp']
['Patra', 'Wind Boost', 'Sukukaja', 'Niflheim', 'Unshaken Will']
['Unshaken Will', 'Diarahan', 'Patra', 'Sukukaja', 'Recarm']
['Mudoon', 'Sukukaja', 'Patra', 'High Counter', 'Growth 3']
['Null Fear', 'Growth 3', 'Evil Smile', 'Sukukaja', 'Patra']
['Recarm', 'Niflheim', 'Mudoon', 'Null Fear', 'Absorb Fire']
['Ghastly Wail', 'Recarm', 'Mind Charge', 'Growth 3', 'Wind Amp']
['Tarukaja', 'Ice Amp', 'Patra', 'Sukukaja', 'Evil Smile']
['Recarm', 'Niflheim', 'Patra', 'Samsara', 'Tarukaja']
['Recarm', 'Evil Smile', 'Niflheim', 'Wind Amp', 'Patra']
['Wind Boost', 'Niflheim', 'Null Dark', 'Diarahan', 'Evil Smile']
['Niflheim', 'Null Fear', 'Growth 3', 'Tarukaja', 'Wind Boost']
['Mind Charge', 'Recarm', 'Evil Smile', 'Niflheim', 'Sukukaja']
['Growth 3', 'Wind Amp', 'Niflheim', 'Ice Amp', 'Null Fear']
['Recarm', 'Growth 3', 'Tarukaja', 'Null Dark', 'Wind Boost']
['Patra', 'Niflheim', 'Null Dark', 'Tarukaja', 'Samsara']
['Niflheim', 'Tarukaja', 'Wind Boost', 'Patra', 'Null Dark']
['Recarm', 'Patra', 'Ghastly Wail', 'Wind Amp', 'Sukukaja']
['Wind Boost', 'Growth 3', 'Sukukaja', 'Ice Amp', 'Niflheim']
['Ghastly Wail', 'Null Fear', 'Patra', 'Wind Amp', 'Sukukaja']
['Patra', 'Evil Smile', 'Null Dark', 'Wind Boost', 'Niflheim']
['Growth 3', 'Ice Amp', 'Mind Charge', 'Patra', 'Wind Boost']
['Double Fangs', 'Patra', 'Growth 3', 'Wind Boost', 'Null Dark']
['Mudoon', 'Sukukaja', 'Wind Boost', 'Patra', 'Mind Charge']
['Tarukaja', 'Absorb Fire', 'Samsara', 'Niflheim', 'Wind Boost']
['Recarm', 'Unshaken Will', 'Evil Smile', 'High Counter', 'Mudoon']
['Tarukaja', 'Wind Amp', 'Diarahan', 'Niflheim', 'Ice Amp']
['Tarukaja', 'Mudoon', 'Recarm', 'Sukukaja', 'Patra']
['Patra', 'Sukukaja', 'Absorb Fire', 'Wind Boost', 'Tarukaja']
['Wind Boost', 'Wind Amp', 'Mudoon', 'Tarukaja', 'Ice Amp']
['Niflheim', 'Sukukaja', 'Mudoon', 'Double Fangs', 'Tarukaja']
['Tarukaja', 'Wind Boost', 'Ghastly Wail', 'Niflheim', 'Sukukaja']
['Patra', 'High Counter', 'Niflheim', 'Ice Amp', 'Sukukaja']
['Ice Amp', 'Growth 3', 'Sukukaja', 'Niflheim', 'Wind Boost']
['Niflheim', 'Growth 3', 'Wind Boost', 'Tarukaja', 'Recarm']
['Niflheim', 'Tarukaja', 'Wind Boost', 'Growth 3', 'Patra']
['Samsara', 'Mind Charge', 'Niflheim', 'Recarm', 'Wind Amp']
['Wind Amp', 'Patra', 'Ice Amp', 'Sukukaja', 'Absorb Fire']
['Niflheim', 'Wind Boost', 'Recarm', 'Diarahan', 'Double Fangs']
['Patra', 'Mind Charge', 'Ice Amp', 'Wind Boost', 'Tarukaja']
['Wind Amp', 'Sukukaja', 'Wind Boost', 'Evil Smile', 'Mind Charge']
['Patra', 'Growth 3', 'Ice Amp', 'Evil Smile', 'Absorb Fire']
['Sukukaja', 'Ice Amp', 'Null Fear', 'Niflheim', 'Patra']
['Ice Amp', 'Sukukaja', 'Growth 3', 'Niflheim', 'Mind Charge']
['Niflheim', 'Patra', 'Wind Boost', 'Growth 3', 'Null Fear']
['Wind Amp', 'Null Fear', 'Recarm', 'Evil Smile', 'Patra']
['Niflheim', 'High Counter', 'Patra', 'Wind Boost', 'Diarahan']
['Sukukaja', 'Niflheim', 'Mind Charge', 'Patra', 'Mudoon']
['Niflheim', 'Growth 3', 'Wind Boost', 'Mudoon', 'Double Fangs']
['Diarahan', 'Unshaken Will', 'Samsara', 'High Counter', 'Sukukaja']
['Diarahan', 'Tarukaja', 'High Counter', 'Niflheim', 'Unshaken Will']
['Wind Boost', 'Double Fangs', 'Tarukaja', 'Wind Amp', 'Null Dark']
['Sukukaja', 'Wind Boost', 'Niflheim', 'Patra', 'Recarm']
['Tarukaja', 'Niflheim', 'Ghastly Wail', 'Null Dark', 'Sukukaja']
['Double Fangs', 'Niflheim', 'Ice Amp', 'Tarukaja', 'Recarm']
['Double Fangs', 'Patra', 'Sukukaja', 'Tarukaja', 'Mudoon']
['Wind Boost', 'Niflheim', 'Recarm', 'Wind Amp', 'Patra']
['Growth 3', 'Samsara', 'Evil Smile', 'Patra', 'Tarukaja']
['Diarahan', 'Patra', 'Sukukaja', 'Tarukaja', 'Wind Boost']
['Null Dark', 'Patra', 'Null Fear', 'Niflheim', 'Sukukaja']
['Sukukaja', 'Patra', 'Tarukaja', 'Double Fangs', 'Null Dark']
['Mudoon', 'Ice Amp', 'Sukukaja', 'Null Fear', 'Diarahan']
['Mudoon', 'Null Fear', 'Sukukaja', 'Samsara', 'Ice Amp']
['Niflheim', 'Absorb Fire', 'Patra', 'Null Dark', 'Ice Amp']
['Null Dark', 'Sukukaja', 'Tarukaja', 'Patra', 'Niflheim']
['Sukukaja', 'Evil Smile', 'Tarukaja', 'Niflheim', 'Patra']
['Tarukaja', 'Patra', 'Mudoon', 'Sukukaja', 'Wind Boost']
['Patra', 'Niflheim', 'Null Fear', 'Growth 3', 'Ice Amp']
['Niflheim', 'Sukukaja', 'Evil Smile', 'Growth 3', 'Patra']
['Null Fear', 'Double Fangs', 'Mudoon', 'Niflheim', 'Patra']
['Niflheim', 'Wind Boost', 'Diarahan', 'Recarm', 'Sukukaja']
['Tarukaja', 'Growth 3', 'Patra', 'Niflheim', 'Ice Amp']
['Niflheim', 'Mudoon', 'Sukukaja', 'Ice Amp', 'Wind Boost']
['Niflheim', 'Null Fear', 'Patra', 'Sukukaja', 'Wind Boost']
['Unshaken Will', 'Recarm', 'Ghastly Wail', 'Null Fear', 'High Counter']
['Patra', 'Tarukaja', 'Mind Charge', 'Wind Amp', 'Double Fangs']
['Ghastly Wail', 'Ice Amp', 'Patra', 'Null Dark', 'Double Fangs']
['Wind Boost', 'Tarukaja', 'Niflheim', 'Unshaken Will', 'Wind Amp']
['Diarahan', 'Ghastly Wail', 'Wind Boost', 'Sukukaja', 'Growth 3']
['Growth 3', 'Sukukaja', 'Niflheim', 'Patra', 'Wind Boost']
['Patra', 'Recarm', 'Null Fear', 'Growth 3', 'Unshaken Will']
['Sukukaja', 'Wind Boost', 'Diarahan', 'Patra', 'Tarukaja']
['Mudoon', 'High Counter', 'Wind Boost', 'Unshaken Will', 'Growth 3']
['Patra', 'Absorb Fire', 'Double Fangs', 'Diarahan', 'Null Dark']
['Wind Boost', 'Growth 3', 'Niflheim', 'Patra', 'High Counter']
['Patra', 'Sukukaja', 'Niflheim', 'Unshaken Will', 'High Counter']
['Sukukaja', 'Ghastly Wail', 'Patra', 'Wind Boost', 'Samsara']
['Recarm', 'Wind Amp', 'Growth 3', 'Double Fangs', 'Niflheim']
['Tarukaja', 'Mudoon', 'Sukukaja', 'Niflheim', 'Absorb Fire']
['Unshaken Will', 'Patra', 'Tarukaja', 'Samsara', 'Wind Boost']
['Absorb Fire', 'Tarukaja', 'Patra', 'Diarahan', 'High Counter']
['Wind Boost', 'Tarukaja', 'Sukukaja', 'Niflheim', 'Ice Amp']
['Patra', 'Wind Boost', 'Evil Smile', 'Unshaken Will', 'High Counter']
['Wind Amp', 'Mudoon', 'Double Fangs', 'Growth 3', 'Niflheim']
['Wind Boost', 'Sukukaja', 'Ghastly Wail', 'Patra', 'Tarukaja']
['Wind Boost', 'Double Fangs', 'Diarahan', 'Ghastly Wail', 'Patra']
['Wind Amp', 'Tarukaja', 'Patra', 'Wind Boost', 'Recarm']
['Patra', 'Ghastly Wail', 'Wind Amp', 'Null Dark', 'High Counter']
['Tarukaja', 'Samsara', 'Patra', 'Wind Boost', 'Ghastly Wail']
['Patra', 'Sukukaja', 'Absorb Fire', 'Diarahan', 'Recarm']
['Mudoon', 'Niflheim', 'Samsara', 'Tarukaja', 'Double Fangs']
['Niflheim', 'Patra', 'High Counter', 'Evil Smile', 'Null Fear']
['Evil Smile', 'Niflheim', 'Mind Charge', 'Ghastly Wail', 'High Counter']
['Null Dark', 'Mind Charge', 'Niflheim', 'Sukukaja', 'Evil Smile']
['Niflheim', 'Wind Boost', 'Evil Smile', 'Recarm', 'Tarukaja']
['Patra', 'Wind Boost', 'Sukukaja', 'Mind Charge', 'Diarahan']
['Diarahan', 'Growth 3', 'Tarukaja', 'Patra', 'Wind Boost']
['Wind Boost', 'Ice Amp', 'Evil Smile', 'Sukukaja', 'Tarukaja']
['Evil Smile', 'Mind Charge', 'Absorb Fire', 'Wind Boost', 'Recarm']
['Patra', 'Tarukaja', 'Growth 3', 'Niflheim', 'Recarm']
['Patra', 'Recarm', 'High Counter', 'Ice Amp', 'Tarukaja']
['Patra', 'Tarukaja', 'Null Dark', 'Diarahan', 'High Counter']
['Niflheim', 'Diarahan', 'Ice Amp', 'Wind Boost', 'Sukukaja']
['Mudoon', 'Ice Amp', 'Sukukaja', 'High Counter', 'Wind Boost']
['Mudoon', 'Null Fear', 'Patra', 'Niflheim', 'Wind Boost']
['Mind Charge', 'Niflheim', 'Wind Boost', 'Recarm', 'Patra']
['Patra', 'Wind Boost', 'Absorb Fire', 'Ice Amp', 'Mudoon']
['Patra', 'Samsara', 'Sukukaja', 'Niflheim', 'Wind Boost']
['Niflheim', 'Patra', 'Null Dark', 'Evil Smile', 'Wind Boost']
['Sukukaja', 'Patra', 'Evil Smile', 'Null Dark', 'Niflheim']
['Mind Charge', 'Ghastly Wail', 'Niflheim', 'Tarukaja', 'Wind Boost']
['Niflheim', 'Wind Amp', 'Tarukaja', 'Ghastly Wail', 'Unshaken Will']
['Evil Smile', 'Sukukaja', 'Patra', 'Ghastly Wail', 'Niflheim']
['Patra', 'Wind Boost', 'Recarm', 'Niflheim', 'Mudoon']
['Wind Boost', 'Ice Amp', 'Patra', 'Wind Amp', 'Double Fangs']
['High Counter', 'Growth 3', 'Mudoon', 'Patra', 'Recarm']
['Unshaken Will', 'Absorb Fire', 'Double Fangs', 'Recarm', 'Wind Boost']
['Double Fangs', 'Ghastly Wail', 'Patra', 'Null Fear', 'Samsara']
['Absorb Fire', 'Ice Amp', 'Patra', 'Wind Amp', 'Mudoon']
['Recarm', 'Niflheim', 'Growth 3', 'Wind Boost', 'Sukukaja']
['Niflheim', 'Wind Amp', 'Absorb Fire', 'Growth 3', 'Tarukaja']
['Sukukaja', 'Niflheim', 'Wind Boost', 'Tarukaja', 'Diarahan']
['Ice Amp', 'Recarm', 'Patra', 'Null Dark', 'High Counter']
['Tarukaja', 'Double Fangs', 'Growth 3', 'Absorb Fire', 'Mudoon']
['High Counter', 'Niflheim', 'Null Fear', 'Null Dark', 'Diarahan']
['Null Fear', 'Wind Amp', 'Wind Boost', 'Niflheim', 'Sukukaja']
['Wind Boost', 'Mind Charge', 'High Counter', 'Patra', 'Null Dark']
['Recarm', 'Sukukaja', 'Diarahan', 'Mudoon', 'Wind Boost']
['High Counter', 'Ice Amp', 'Wind Boost', 'Sukukaja', 'Wind Amp']
['Wind Boost', 'Samsara', 'Evil Smile', 'Niflheim', 'Null Dark']
['Niflheim', 'Sukukaja', 'Patra', 'Growth 3', 'Recarm']
['Wind Boost', 'Double Fangs', 'Null Dark', 'Samsara', 'Mind Charge']
['Tarukaja', 'Null Dark', 'Patra', 'Wind Boost', 'Niflheim']
['Growth 3', 'Tarukaja', 'Mind Charge', 'Wind Amp', 'Patra']
['Ghastly Wail', 'Patra', 'Tarukaja', 'Sukukaja', 'Niflheim']
['Growth 3', 'Ghastly Wail', 'Patra', 'Diarahan', 'Recarm']
['Patra', 'Ice Amp', 'Mudoon', 'Wind Boost', 'Niflheim']
['Absorb Fire', 'High Counter', 'Tarukaja', 'Recarm', 'Growth 3']
['Mind Charge', 'Unshaken Will', 'Patra', 'Niflheim', 'Wind Amp']
['Niflheim', 'Patra', 'Sukukaja', 'Null Dark', 'Wind Boost']
['Niflheim', 'Patra', 'Sukukaja', 'Ghastly Wail', 'Wind Boost']
['Growth 3', 'Mudoon', 'Patra', 'Tarukaja', 'Niflheim']
['Ice Amp', 'Mind Charge', 'Patra', 'Null Fear', 'Null Dark']
['Tarukaja', 'Mudoon', 'Patra', 'Mind Charge', 'Niflheim']
['Niflheim', 'Sukukaja', 'Tarukaja', 'Ice Amp', 'Null Dark']
['Mind Charge', 'Wind Amp', 'Niflheim', 'Patra', 'Evil Smile']
['Tarukaja', 'Patra', 'Sukukaja', 'Diarahan', 'Null Fear']
['Sukukaja', 'Patra', 'Wind Boost', 'Mudoon', 'Samsara']
['Tarukaja', 'Absorb Fire', 'Patra', 'Mudoon', 'Null Fear']
['Unshaken Will', 'Patra', 'Double Fangs', 'Niflheim', 'Sukukaja']
['Niflheim', 'Mind Charge', 'Tarukaja', 'Double Fangs', 'Diarahan']
['Ice Amp', 'Null Fear', 'Patra', 'Wind Amp', 'Sukukaja']
['Evil Smile', 'Patra', 'Growth 3', 'Mudoon', 'Ice Amp']
['Niflheim', 'Tarukaja', 'Mind Charge', 'Unshaken Will', 'High Counter']
['Tarukaja', 'Sukukaja', 'Growth 3', 'Niflheim', 'Ice Amp']
['Niflheim', 'Sukukaja', 'Recarm', 'Unshaken Will', 'Tarukaja']
['Patra', 'Diarahan', 'Growth 3', 'Niflheim', 'Evil Smile']
['Growth 3', 'Patra', 'Wind Boost', 'Niflheim', 'Samsara']
['Sukukaja', 'Null Fear', 'Absorb Fire', 'Mudoon', 'Wind Boost']
['Wind Boost', 'Sukukaja', 'Ghastly Wail', 'Mudoon', 'High Counter']
['Mind Charge', 'Niflheim', 'Recarm', 'Patra', 'Diarahan']
['Evil Smile', 'Tarukaja', 'Wind Amp', 'Samsara', 'Patra']
['Mudoon', 'Sukukaja', 'Samsara', 'Patra', 'Growth 3']
['Diarahan', 'Patra', 'Null Dark', 'Sukukaja', 'Absorb Fire']
['High Counter', 'Evil Smile', 'Patra', 'Mudoon', 'Niflheim']
['Mudoon', 'Wind Boost', 'Niflheim', 'Tarukaja', 'Patra']
['Mudoon', 'Patra', 'Sukukaja', 'Growth 3', 'High Counter']
['Patra', 'Mudoon', 'Niflheim', 'Wind Boost', 'Null Dark']
['Patra', 'Wind Boost', 'Ice Amp', 'Growth 3', 'Evil Smile']
['Sukukaja', 'Wind Boost', 'Ghastly Wail', 'Tarukaja', 'Mind Charge']
['Wind Amp', 'Diarahan', 'Ice Amp', 'Tarukaja', 'Mind Charge']
['Niflheim', 'Mudoon', 'Null Fear', 'Mind Charge', 'High Counter']
['High Counter', 'Niflheim', 'Growth 3', 'Patra', 'Mudoon']
['Diarahan', 'Recarm', 'Double Fangs', 'Patra', 'Sukukaja']
['Patra', 'Mind Charge', 'Mudoon', 'Sukukaja', 'Ice Amp']
['Wind Amp', 'Sukukaja', 'Wind Boost', 'Niflheim', 'Null Dark']
['Wind Amp', 'Null Fear', 'Mudoon', 'Evil Smile', 'Null Dark']
['Ice Amp', 'Patra', 'Recarm', 'Sukukaja', 'Niflheim']
['Niflheim', 'Tarukaja', 'Evil Smile', 'Recarm', 'Absorb Fire']
['Niflheim', 'Patra', 'Tarukaja', 'Sukukaja', 'Wind Boost']
['Double Fangs', 'Niflheim', 'Absorb Fire', 'Sukukaja', 'Mudoon']
['Patra', 'Niflheim', 'Tarukaja', 'Ice Amp', 'Null Fear']
['Niflheim', 'Ice Amp', 'Evil Smile', 'Mind Charge', 'Ghastly Wail']
['Patra', 'Wind Boost', 'High Counter', 'Double Fangs', 'Recarm']
['Unshaken Will', 'Ice Amp', 'Niflheim', 'Patra', 'Mind Charge']
['Evil Smile', 'Diarahan', 'Wind Boost', 'Wind Amp', 'Patra']
['Mudoon', 'Sukukaja', 'Niflheim', 'Double Fangs', 'Growth 3']
['Niflheim', 'Ice Amp', 'Growth 3', 'Absorb Fire', 'Patra']
['Patra', 'Evil Smile', 'Mudoon', 'Wind Amp', 'Niflheim']
['Sukukaja', 'Absorb Fire', 'Unshaken Will', 'Null Dark', 'Diarahan']
['Recarm', 'Wind Boost', 'Mind Charge', 'Growth 3', 'Diarahan']
['Null Dark', 'Patra', 'Wind Amp', 'Recarm', 'Mudoon']
['Niflheim', 'Patra', 'Evil Smile', 'Diarahan', 'Tarukaja']
['Tarukaja', 'Diarahan', 'Patra', 'Sukukaja', 'Recarm']
['Unshaken Will', 'Niflheim', 'Patra', 'Sukukaja', 'Mudoon']
['High Counter', 'Patra', 'Mudoon', 'Niflheim', 'Null Fear']
['High Counter', 'Niflheim', 'Diarahan', 'Absorb Fire', 'Evil Smile']
['Sukukaja', 'High Counter', 'Null Dark', 'Recarm', 'Evil Smile']
['Niflheim', 'Patra', 'Sukukaja', 'Wind Boost', 'Ice Amp']
['Sukukaja', 'Wind Amp', 'Niflheim', 'Patra', 'Null Dark']
['Patra', 'Tarukaja', 'Growth 3', 'Recarm', 'Niflheim']
['Wind Boost', 'Evil Smile', 'Patra', 'Null Fear', 'Mind Charge']
['Patra', 'Wind Amp', 'Mudoon', 'Niflheim', 'Ice Amp']
['Growth 3', 'Mudoon', 'Tarukaja', 'Evil Smile', 'Niflheim']
['Niflheim', 'Unshaken Will', 'Ice Amp', 'Evil Smile', 'Wind Boost']
['Patra', 'High Counter', 'Tarukaja', 'Mudoon', 'Niflheim']
['Sukukaja', 'High Counter', 'Ice Amp', 'Patra', 'Tarukaja']
['Diarahan', 'Growth 3', 'Wind Amp', 'High Counter', 'Wind Boost']
['Evil Smile', 'Wind Boost', 'Tarukaja', 'Diarahan', 'Growth 3']
['High Counter', 'Null Dark', 'Samsara', 'Patra', 'Mudoon']
['Patra', 'Growth 3', 'Evil Smile', 'High Counter', 'Unshaken Will']
['Niflheim', 'Mudoon', 'Wind Boost', 'Recarm', 'Sukukaja']
['Sukukaja', 'Tarukaja', 'Recarm', 'High Counter', 'Diarahan']
['Patra', 'Null Fear', 'Evil Smile', 'Ice Amp', 'Tarukaja']
['Tarukaja', 'Sukukaja', 'Ghastly Wail', 'Mind Charge', 'Recarm']
['Null Dark', 'Tarukaja', 'Null Fear', 'Patra', 'Growth 3']
['Wind Boost', 'Wind Amp', 'Patra', 'Tarukaja', 'Sukukaja']
['High Counter', 'Niflheim', 'Patra', 'Wind Amp', 'Mind Charge']
['Niflheim', 'Tarukaja', 'Sukukaja', 'Growth 3', 'Mind Charge']
['Sukukaja', 'High Counter', 'Absorb Fire', 'Patra', 'Recarm']
['Niflheim', 'Mind Charge', 'Patra', 'Ice Amp', 'Wind Boost']
['Patra', 'Sukukaja', 'Evil Smile', 'Wind Boost', 'Wind Amp']
['Tarukaja', 'Niflheim', 'Sukukaja', 'Unshaken Will', 'Patra']
['Wind Amp', 'Recarm', 'Niflheim', 'Patra', 'Wind Boost']
['Null Fear', 'Tarukaja', 'Patra', 'Sukukaja', 'Ice Amp']
['Wind Amp', 'Tarukaja', 'Evil Smile', 'Wind Boost', 'Mudoon']
['Mudoon', 'Sukukaja', 'Tarukaja', 'Niflheim', 'Wind Boost']
['Ice Amp', 'Niflheim', 'Wind Boost', 'Ghastly Wail', 'Patra']
['Null Fear', 'Tarukaja', 'Growth 3', 'Niflheim', 'Diarahan']
['Null Fear', 'Niflheim', 'Tarukaja', 'Patra', 'Mind Charge']
['Growth 3', 'Sukukaja', 'Patra', 'Recarm', 'Double Fangs']
['Sukukaja', 'Wind Amp', 'Patra', 'Mind Charge', 'Null Fear']
['Niflheim', 'Evil Smile', 'Patra', 'Mudoon', 'Sukukaja']
['Sukukaja', 'Unshaken Will', 'Tarukaja', 'Patra', 'Wind Amp']
['Sukukaja', 'Niflheim', 'Evil Smile', 'Ice Amp', 'Wind Amp']
['Growth 3', 'Niflheim', 'Sukukaja', 'Ice Amp', 'Diarahan']
['High Counter', 'Wind Amp', 'Recarm', 'Double Fangs', 'Wind Boost']
['Patra', 'Niflheim', 'Evil Smile', 'Samsara', 'Sukukaja']
['Niflheim', 'Null Fear', 'Null Dark', 'Wind Boost', 'High Counter']
['Patra', 'Wind Boost', 'Niflheim', 'Ice Amp', 'Tarukaja']
['Sukukaja', 'Recarm', 'Growth 3', 'Diarahan', 'Patra']
['Ghastly Wail', 'Niflheim', 'Recarm', 'High Counter', 'Diarahan']
['Tarukaja', 'High Counter', 'Wind Boost', 'Patra', 'Niflheim']
['High Counter', 'Recarm', 'Mudoon', 'Patra', 'Double Fangs']
['Patra', 'Sukukaja', 'Wind Boost', 'Niflheim', 'Diarahan']
['Ice Amp', 'Recarm', 'Tarukaja', 'Sukukaja', 'Patra']
['Tarukaja', 'Wind Boost', 'Sukukaja', 'Patra', 'Mind Charge']
['Null Fear', 'Mudoon', 'Patra', 'Wind Boost', 'Null Dark']
['Unshaken Will', 'Patra', 'Ice Amp', 'Niflheim', 'Samsara']
['Samsara', 'Unshaken Will', 'Patra', 'Recarm', 'Absorb Fire']
['Wind Amp', 'Ghastly Wail', 'Patra', 'Null Dark', 'Wind Boost']
['Null Fear', 'Absorb Fire', 'Sukukaja', 'Evil Smile', 'Tarukaja']
['Patra', 'Wind Boost', 'Ice Amp', 'High Counter', 'Null Fear']
['Sukukaja', 'Ice Amp', 'Absorb Fire', 'Niflheim', 'Patra']
['Unshaken Will', 'Ghastly Wail', 'Tarukaja', 'Patra', 'Wind Boost']
['Ghastly Wail', 'Tarukaja', 'High Counter', 'Ice Amp', 'Sukukaja']
['Recarm', 'Tarukaja', 'Patra', 'Samsara', 'Ghastly Wail']
['Tarukaja', 'Ice Amp', 'Sukukaja', 'High Counter', 'Null Dark']
['Null Fear', 'Diarahan', 'Patra', 'Samsara', 'Mind Charge']
['Sukukaja', 'Mudoon', 'Evil Smile', 'Patra', 'Wind Amp']
['Ice Amp', 'Tarukaja', 'Double Fangs', 'Absorb Fire', 'Unshaken Will']
['Mudoon', 'Patra', 'Sukukaja', 'Tarukaja', 'Niflheim']
['Niflheim', 'Evil Smile', 'Sukukaja', 'High Counter', 'Recarm']
['Sukukaja', 'Patra', 'Niflheim', 'Tarukaja', 'Evil Smile']
['Tarukaja', 'Ghastly Wail', 'Null Dark', 'Mudoon', 'Ice Amp']
['Niflheim', 'High Counter', 'Ghastly Wail', 'Wind Boost', 'Tarukaja']
['Patra', 'Sukukaja', 'High Counter', 'Unshaken Will', 'Wind Boost']
['Null Fear', 'Tarukaja', 'Patra', 'Double Fangs', 'Samsara']
['Null Fear', 'Patra', 'Recarm', 'Tarukaja', 'Mind Charge']
['Patra', 'Null Dark', 'Ice Amp', 'Null Fear', 'High Counter']
['Wind Boost', 'Mudoon', 'Tarukaja', 'Niflheim', 'Patra']
['Mudoon', 'Tarukaja', 'High Counter', 'Patra', 'Growth 3']
['Evil Smile', 'Growth 3', 'Sukukaja', 'Niflheim', 'Wind Boost']
['Double Fangs', 'Patra', 'Niflheim', 'Tarukaja', 'Null Dark']
['Ice Amp', 'Wind Boost', 'Sukukaja', 'Wind Amp', 'Mudoon']
['Recarm', 'Niflheim', 'Mind Charge', 'Patra', 'Wind Boost']
['Tarukaja', 'Double Fangs', 'Null Fear', 'Patra', 'Ice Amp']
['Niflheim', 'High Counter', 'Mind Charge', 'Patra', 'Unshaken Will']
['Recarm', 'Patra', 'Sukukaja', 'Wind Amp', 'Absorb Fire']
['Niflheim', 'Patra', 'Wind Boost', 'Recarm', 'Evil Smile']
['Niflheim', 'Ghastly Wail', 'Null Fear', 'Mudoon', 'Wind Boost']
['Evil Smile', 'Wind Amp', 'Null Dark', 'Ghastly Wail', 'Mudoon']
['Patra', 'Double Fangs', 'Ice Amp', 'Sukukaja', 'Null Fear']
['High Counter', 'Diarahan', 'Ice Amp', 'Tarukaja', 'Evil Smile']
['Patra', 'Mind Charge', 'Tarukaja', 'Niflheim', 'Wind Boost']
['Absorb Fire', 'Wind Amp', 'Tarukaja', 'Niflheim', 'High Counter']
['Wind Boost', 'Patra', 'High Counter', 'Unshaken Will', 'Growth 3']
['Diarahan', 'Null Dark', 'Patra', 'Tarukaja', 'Mudoon']
['Evil Smile', 'High Counter', 'Sukukaja', 'Wind Boost', 'Patra']
['Growth 3', 'Tarukaja', 'Absorb Fire', 'Sukukaja', 'Mind Charge']
['Niflheim', 'Sukukaja', 'Ice Amp', 'Patra', 'Growth 3']
['Diarahan', 'Patra', 'Unshaken Will', 'Evil Smile', 'Mudoon']
['Growth 3', 'Niflheim', 'Patra', 'Unshaken Will', 'Double Fangs']
['Tarukaja', 'Wind Boost', 'Ice Amp', 'Patra', 'Diarahan']
['Patra', 'Mind Charge', 'Double Fangs', 'Absorb Fire', 'Wind Boost']
['Recarm', 'Evil Smile', 'Growth 3', 'Niflheim', 'Patra']
['Ghastly Wail', 'Sukukaja', 'Recarm', 'Niflheim', 'Ice Amp']
['Double Fangs', 'Wind Boost', 'Recarm', 'Ghastly Wail', 'Null Fear']
['Patra', 'Recarm', 'Wind Amp', 'High Counter', 'Unshaken Will']
['Ice Amp', 'Double Fangs', 'Growth 3', 'Ghastly Wail', 'Patra']
['Sukukaja', 'Ghastly Wail', 'Tarukaja', 'Patra', 'Recarm']
['Patra', 'Wind Boost', 'Tarukaja', 'Growth 3', 'Mind Charge']
['Niflheim', 'Tarukaja', 'Recarm', 'Patra', 'Sukukaja']
['Sukukaja', 'Patra', 'Diarahan', 'High Counter', 'Niflheim']
['Patra', 'Null Fear', 'Samsara', 'Niflheim', 'Sukukaja']
['Wind Boost', 'Recarm', 'Tarukaja', 'Mudoon', 'Niflheim']
['High Counter', 'Double Fangs', 'Wind Amp', 'Evil Smile', 'Niflheim']
['Patra', 'Sukukaja', 'Growth 3', 'Tarukaja', 'Ice Amp']
['Wind Boost', 'Diarahan', 'Niflheim', 'Patra', 'Double Fangs']
['Ice Amp', 'Niflheim', 'Recarm', 'Diarahan', 'Tarukaja']
['Recarm', 'Null Fear', 'Niflheim', 'High Counter', 'Wind Boost']
['Null Dark', 'Tarukaja', 'Wind Amp', 'Null Fear', 'Niflheim']
['Mind Charge', 'Niflheim', 'Patra', 'Sukukaja', 'Null Fear']
['Tarukaja', 'Patra', 'Wind Amp', 'Sukukaja', 'Ice Amp']
['Recarm', 'Null Dark', 'Patra', 'Niflheim', 'Tarukaja']
['Patra', 'Null Dark', 'Wind Boost', 'Sukukaja', 'Null Fear']
['Mudoon', 'Sukukaja', 'Wind Boost', 'Niflheim', 'Wind Amp']
['Recarm', 'Niflheim', 'Evil Smile', 'Wind Boost', 'Sukukaja']
['Tarukaja', 'Recarm', 'High Counter', 'Patra', 'Double Fangs']
['Null Fear', 'Niflheim', 'Wind Boost', 'Mind Charge', 'Samsara']
['Null Fear', 'Niflheim', 'Tarukaja', 'Ice Amp', 'Mind Charge']
['Recarm', 'Tarukaja', 'Niflheim', 'Sukukaja', 'Diarahan']
['Evil Smile', 'Sukukaja', 'Ghastly Wail', 'High Counter', 'Patra']
['Niflheim', 'Wind Boost', 'Tarukaja', 'Patra', 'Ghastly Wail']
['Patra', 'Sukukaja', 'Mudoon', 'Niflheim', 'Unshaken Will']
['Ice Amp', 'Absorb Fire', 'Patra', 'Niflheim', 'Tarukaja']
['Niflheim', 'Patra', 'Ghastly Wail', 'Wind Amp', 'Sukukaja']
['Tarukaja', 'Growth 3', 'Niflheim', 'Patra', 'Sukukaja']
['Niflheim', 'Ice Amp', 'Patra', 'Sukukaja', 'Mind Charge']
['Double Fangs', 'High Counter', 'Growth 3', 'Niflheim', 'Evil Smile']
['Niflheim', 'Patra', 'Mind Charge', 'Tarukaja', 'Unshaken Will']
['Recarm', 'Growth 3', 'Patra', 'Tarukaja', 'Ice Amp']
['Sukukaja', 'Niflheim', 'Patra', 'Wind Amp', 'Wind Boost']
['Patra', 'Niflheim', 'Recarm', 'Null Dark', 'Tarukaja']
['Patra', 'Growth 3', 'Mudoon', 'Null Dark', 'Sukukaja']
['Sukukaja', 'Growth 3', 'Samsara', 'Recarm', 'Patra']
['Patra', 'Ice Amp', 'Niflheim', 'Wind Boost', 'Sukukaja']
['Ice Amp', 'Niflheim', 'High Counter', 'Sukukaja', 'Samsara']
['Niflheim', 'Patra', 'Growth 3', 'Mind Charge', 'Diarahan']
['Patra', 'Ghastly Wail', 'Sukukaja', 'High Counter', 'Niflheim']
['Patra', 'Diarahan', 'Double Fangs', 'Growth 3', 'Tarukaja']
['Tarukaja', 'Patra', 'Ice Amp', 'Niflheim', 'High Counter']
['Ghastly Wail', 'Wind Boost', 'Unshaken Will', 'Niflheim', 'Mind Charge']
['Double Fangs', 'Patra', 'Niflheim', 'Tarukaja', 'Evil Smile']
['Sukukaja', 'Null Dark', 'Growth 3', 'Mind Charge', 'Absorb Fire']
['Null Fear', 'Patra', 'Null Dark', 'Samsara', 'Tarukaja']
['Patra', 'Niflheim', 'Tarukaja', 'High Counter', 'Recarm']
['Mind Charge', 'Patra', 'Diarahan', 'Double Fangs', 'Null Fear']
['Diarahan', 'Ice Amp', 'Wind Boost', 'Niflheim', 'Mudoon']
['Wind Amp', 'Patra', 'Ice Amp', 'Wind Boost', 'Diarahan']
['Growth 3', 'Niflheim', 'Wind Boost', 'Mind Charge', 'Tarukaja']
['Niflheim', 'Wind Amp', 'High Counter', 'Tarukaja', 'Evil Smile']
['Sukukaja', 'Null Dark', 'Samsara', 'Niflheim', 'Wind Boost']
['Evil Smile', 'Diarahan', 'Patra', 'Wind Boost', 'Niflheim']
['Growth 3', 'High Counter', 'Niflheim', 'Double Fangs', 'Recarm']
['Niflheim', 'Patra', 'Mind Charge', 'Ice Amp', 'Wind Boost']
['Sukukaja', 'Niflheim', 'Recarm', 'Ghastly Wail', 'Growth 3']
['Mind Charge', 'Niflheim', 'Null Dark', 'Patra', 'Tarukaja']
['High Counter', 'Tarukaja', 'Patra', 'Ghastly Wail', 'Niflheim']
['Mudoon', 'Tarukaja', 'Patra', 'Null Fear', 'Wind Boost']
['Absorb Fire', 'Recarm', 'Patra', 'Wind Boost', 'Null Fear']
['Patra', 'Tarukaja', 'Wind Amp', 'Wind Boost', 'Growth 3']
['High Counter', 'Sukukaja', 'Patra', 'Null Fear', 'Wind Boost']
['Ice Amp', 'Niflheim', 'Evil Smile', 'Patra', 'Mudoon']
['Mind Charge', 'Ice Amp', 'Sukukaja', 'Niflheim', 'Growth 3']
['Recarm', 'High Counter', 'Patra', 'Wind Boost', 'Ghastly Wail']
['Niflheim', 'Mind Charge', 'Wind Boost', 'Absorb Fire', 'High Counter']
['Null Fear', 'Wind Amp', 'Wind Boost', 'Tarukaja', 'Ice Amp']
['Patra', 'Mudoon', 'Wind Boost', 'Ice Amp', 'Tarukaja']
['Sukukaja', 'Absorb Fire', 'Patra', 'Ice Amp', 'High Counter']
['Wind Boost', 'High Counter', 'Growth 3', 'Ghastly Wail', 'Recarm']
['Samsara', 'Null Fear', 'Mind Charge', 'Ice Amp', 'Niflheim']
['Evil Smile', 'Mind Charge', 'Patra', 'Niflheim', 'Recarm']
['Wind Amp', 'Tarukaja', 'Wind Boost', 'Mind Charge', 'Null Dark']
['Niflheim', 'Patra', 'Mind Charge', 'Growth 3', 'Tarukaja']
['Niflheim', 'Tarukaja', 'Samsara', 'Evil Smile', 'Patra']
['Sukukaja', 'Diarahan', 'Mudoon', 'Niflheim', 'Patra']
['Wind Amp', 'Diarahan', 'Patra', 'Sukukaja', 'Absorb Fire']
['Ice Amp', 'Diarahan', 'Niflheim', 'Growth 3', 'Sukukaja']
['Evil Smile', 'Unshaken Will', 'Niflheim', 'Ice Amp', 'Diarahan']
['Null Fear', 'Diarahan', 'Wind Boost', 'Patra', 'Ghastly Wail']
['Ice Amp', 'Double Fangs', 'Mind Charge', 'Wind Amp', 'Tarukaja']
['Sukukaja', 'High Counter', 'Patra', 'Wind Boost', 'Tarukaja']
['Wind Boost', 'Null Dark', 'Diarahan', 'Niflheim', 'Null Fear']
['Recarm', 'Evil Smile', 'Niflheim', 'Null Fear', 'Mind Charge']
['Patra', 'Samsara', 'Wind Boost', 'Tarukaja', 'Growth 3']
['Niflheim', 'Sukukaja', 'Patra', 'Mudoon', 'High Counter']
['Niflheim', 'Growth 3', 'Ice Amp', 'Wind Boost', 'Diarahan']
['Niflheim', 'Patra', 'Null Dark', 'Absorb Fire', 'Growth 3']
['Tarukaja', 'Sukukaja', 'Mind Charge', 'Unshaken Will', 'Patra']
['Null Dark', 'Recarm', 'High Counter', 'Mudoon', 'Tarukaja']
['Niflheim', 'Mind Charge', 'Tarukaja', 'Ice Amp', 'Mudoon']
['Growth 3', 'Null Dark', 'Tarukaja', 'Wind Boost', 'Patra']
['Ice Amp', 'Niflheim', 'Patra', 'Evil Smile', 'Recarm']
['Niflheim', 'Absorb Fire', 'Diarahan', 'Mind Charge', 'Recarm']
['Growth 3', 'Mudoon', 'Niflheim', 'Patra', 'Wind Boost']
['Tarukaja', 'Wind Boost', 'Patra', 'Mudoon', 'Wind Amp']
['Niflheim', 'Unshaken Will', 'Ghastly Wail', 'Recarm', 'Patra']
['Wind Boost', 'Niflheim', 'Patra', 'Ice Amp', 'High Counter']
['Tarukaja', 'High Counter', 'Null Dark', 'Recarm', 'Patra']
['Null Dark', 'Patra', 'Wind Boost', 'Growth 3', 'Evil Smile']
['Niflheim', 'Growth 3', 'Patra', 'Mind Charge', 'Null Dark']
['Mind Charge', 'Patra', 'Samsara', 'Null Fear', 'Diarahan']
['Patra', 'Recarm', 'Wind Boost', 'Tarukaja', 'High Counter']
['Niflheim', 'High Counter', 'Null Dark', 'Mudoon', 'Patra']
['Absorb Fire', 'Ice Amp', 'Ghastly Wail', 'Patra', 'Wind Boost']
['Tarukaja', 'Patra', 'Diarahan', 'Ice Amp', 'Niflheim']
['Niflheim', 'Null Dark', 'Patra', 'Samsara', 'Ice Amp']
['Patra', 'Null Fear', 'Null Dark', 'Wind Boost', 'Growth 3']
['Wind Boost', 'Sukukaja', 'Samsara', 'Patra', 'Niflheim']
['Null Dark', 'Patra', 'Unshaken Will', 'Tarukaja', 'Niflheim']
['High Counter', 'Sukukaja', 'Absorb Fire', 'Double Fangs', 'Mudoon']
['Tarukaja', 'Patra', 'Wind Boost', 'Evil Smile', 'Sukukaja']
['Diarahan', 'Niflheim', 'Wind Amp', 'Wind Boost', 'Patra']
['Null Fear', 'Evil Smile', 'Sukukaja', 'Mind Charge', 'Recarm']
['Ghastly Wail', 'Tarukaja', 'Wind Boost', 'Growth 3', 'Patra']
['Niflheim', 'Wind Boost', 'Tarukaja', 'Absorb Fire', 'Diarahan']
['Patra', 'Ice Amp', 'Unshaken Will', 'Mudoon', 'Niflheim']
['Sukukaja', 'Null Dark', 'Niflheim', 'Absorb Fire', 'Evil Smile']
['Sukukaja', 'Patra', 'Niflheim', 'Ghastly Wail', 'Double Fangs']
['Patra', 'Niflheim', 'Sukukaja', 'Null Fear', 'Growth 3']
['Wind Amp', 'Diarahan', 'Mind Charge', 'Evil Smile', 'Null Dark']
['Sukukaja', 'Tarukaja', 'Patra', 'High Counter', 'Absorb Fire']
['Recarm', 'Wind Boost', 'Patra', 'Wind Amp', 'High Counter']
['Patra', 'Samsara', 'Wind Boost', 'Niflheim', 'Recarm']
['Sukukaja', 'Patra', 'Ghastly Wail', 'Tarukaja', 'Niflheim']
['Patra', 'Ice Amp', 'Sukukaja', 'Recarm', 'Evil Smile']
['Patra', 'Evil Smile', 'Unshaken Will', 'Diarahan', 'Wind Amp']
['Tarukaja', 'Null Dark', 'High Counter', 'Niflheim', 'Absorb Fire']
['Ghastly Wail', 'Null Fear', 'Growth 3', 'Absorb Fire', 'Patra']
['Niflheim', 'Ice Amp', 'Null Fear', 'Patra', 'Ghastly Wail']
['Tarukaja', 'Niflheim', 'Mudoon', 'Wind Boost', 'Mind Charge']
['Niflheim', 'Patra', 'High Counter', 'Wind Amp', 'Tarukaja']
['Ghastly Wail', 'Diarahan', 'Patra', 'Niflheim', 'Sukukaja']
['Mudoon', 'Patra', 'Evil Smile', 'Ice Amp', 'Niflheim']
['Patra', 'Tarukaja', 'Niflheim', 'Wind Boost', 'Evil Smile']
['Sukukaja', 'Patra', 'Mind Charge', 'Evil Smile', 'Tarukaja']
['Niflheim', 'Tarukaja', 'Mudoon', 'Patra', 'Wind Boost']
['Unshaken Will', 'Niflheim', 'Patra', 'Ghastly Wail', 'Null Dark']
['Niflheim', 'Recarm', 'Patra', 'Ice Amp', 'Wind Boost']
['Ice Amp', 'Niflheim', 'Patra', 'Samsara', 'Mudoon']
['Null Fear', 'High Counter', 'Unshaken Will', 'Ice Amp', 'Tarukaja']
['Tarukaja', 'Wind Amp', 'Ice Amp', 'Wind Boost', 'Patra']
['Niflheim', 'Patra', 'Sukukaja', 'Null Fear', 'Tarukaja']
['Patra', 'Tarukaja', 'Ice Amp', 'High Counter', 'Niflheim']
['Mudoon', 'Tarukaja', 'Wind Boost', 'Growth 3', 'Niflheim']
['Sukukaja', 'Ghastly Wail', 'Niflheim', 'Wind Boost', 'Null Dark']
['Null Dark', 'Wind Amp', 'Patra', 'Sukukaja', 'Null Fear']
['Null Dark', 'Recarm', 'Niflheim', 'Wind Amp', 'Tarukaja']
['Sukukaja', 'Absorb Fire', 'Tarukaja', 'Patra', 'Wind Boost']
['Wind Boost', 'Growth 3', 'Evil Smile', 'Patra', 'Tarukaja']
['Niflheim', 'Mind Charge', 'Ghastly Wail', 'Patra', 'Ice Amp']
['Sukukaja', 'Patra', 'Ghastly Wail', 'Unshaken Will', 'Ice Amp']
['Niflheim', 'Ice Amp', 'Mind Charge', 'Patra', 'Growth 3']
['Niflheim', 'Growth 3', 'Sukukaja', 'Patra', 'Null Fear']
['Evil Smile', 'Growth 3', 'Patra', 'Tarukaja', 'Wind Boost']
['Patra', 'Wind Boost', 'Diarahan', 'Recarm', 'Mudoon']
['Null Fear', 'Patra', 'Null Dark', 'High Counter', 'Sukukaja']
['Patra', 'Niflheim', 'Tarukaja', 'Wind Amp', 'Growth 3']
['Niflheim', 'Mudoon', 'Patra', 'Null Dark', 'Diarahan']
['Sukukaja', 'Patra', 'Wind Boost', 'Mind Charge', 'Unshaken Will']
['Patra', 'Absorb Fire', 'Wind Boost', 'Sukukaja', 'Tarukaja']
['Mind Charge', 'Niflheim', 'Wind Boost', 'Patra', 'Ghastly Wail']
['High Counter', 'Tarukaja', 'Null Dark', 'Wind Boost', 'Null Fear']
['High Counter', 'Patra', 'Null Dark', 'Tarukaja', 'Evil Smile']
['Tarukaja', 'Wind Boost', 'Diarahan', 'Mudoon', 'Patra']
['Diarahan', 'Niflheim', 'Recarm', 'Evil Smile', 'Patra']
['Ice Amp', 'High Counter', 'Mind Charge', 'Null Dark', 'Wind Boost']
['Double Fangs', 'Patra', 'Evil Smile', 'Ghastly Wail', 'Growth 3']
['Patra', 'Wind Boost', 'Absorb Fire', 'Recarm', 'Niflheim']
['Growth 3', 'Niflheim', 'Ice Amp', 'Patra', 'Tarukaja']
['Niflheim', 'Tarukaja', 'Wind Boost', 'Recarm', 'Ghastly Wail']
['Evil Smile', 'Patra', 'Niflheim', 'Ice Amp', 'Tarukaja']
['Sukukaja', 'Niflheim', 'Patra', 'Null Fear', 'Double Fangs']
['Niflheim', 'Sukukaja', 'Patra', 'Wind Boost', 'Recarm']
['High Counter', 'Sukukaja', 'Null Dark', 'Ice Amp', 'Wind Amp']
['Diarahan', 'Mudoon', 'Patra', 'Wind Boost', 'Growth 3']
['Absorb Fire', 'Niflheim', 'Evil Smile', 'Double Fangs', 'Wind Amp']
['Patra', 'Growth 3', 'Wind Boost', 'Diarahan', 'Niflheim']
['Sukukaja', 'Absorb Fire', 'Evil Smile', 'Ice Amp', 'Tarukaja']
['Niflheim', 'Patra', 'Absorb Fire', 'Tarukaja', 'Unshaken Will']
['Tarukaja', 'Evil Smile', 'Growth 3', 'Niflheim', 'Wind Amp']
['Tarukaja', 'Patra', 'Niflheim', 'Growth 3', 'Unshaken Will']
['Tarukaja', 'Niflheim', 'Mind Charge', 'Recarm', 'Samsara']
['Sukukaja', 'Tarukaja', 'Unshaken Will', 'Null Fear', 'Mind Charge']
['Ghastly Wail', 'Niflheim', 'Patra', 'Tarukaja', 'Mudoon']
['Patra', 'Recarm', 'Samsara', 'Wind Amp', 'Absorb Fire']
['Patra', 'Mind Charge', 'Evil Smile', 'Niflheim', 'Diarahan']
['Tarukaja', 'Sukukaja', 'Mind Charge', 'High Counter', 'Niflheim']
['Niflheim', 'Mudoon', 'Recarm', 'Wind Amp', 'Patra']
['Sukukaja', 'Null Fear', 'Patra', 'Tarukaja', 'Recarm']
['Absorb Fire', 'Wind Amp', 'Null Dark', 'Sukukaja', 'Mudoon']
['Null Dark', 'Recarm', 'Diarahan', 'Niflheim', 'Growth 3']
['Niflheim', 'Wind Amp', 'Tarukaja', 'Patra', 'Recarm']
['Niflheim', 'Mind Charge', 'Ghastly Wail', 'Patra', 'Tarukaja']
['Diarahan', 'Evil Smile', 'Mudoon', 'Ice Amp', 'Wind Amp']
['Niflheim', 'Patra', 'Tarukaja', 'Unshaken Will', 'Sukukaja']
['Sukukaja', 'Evil Smile', 'Mudoon', 'Mind Charge', 'Wind Boost']
['Wind Amp', 'Tarukaja', 'Mind Charge', 'Growth 3', 'High Counter']
['Patra', 'Ghastly Wail', 'Wind Boost', 'Mind Charge', 'Niflheim']
['Niflheim', 'Samsara', 'Patra', 'Tarukaja', 'Absorb Fire']
['Wind Boost', 'Tarukaja', 'Double Fangs', 'Niflheim', 'Mudoon']
['Ice Amp', 'Niflheim', 'Sukukaja', 'Wind Boost', 'Patra']
['Patra', 'Niflheim', 'Sukukaja', 'Mind Charge', 'Mudoon']
['Sukukaja', 'Patra', 'Ice Amp', 'Wind Amp', 'High Counter']
['Sukukaja', 'Diarahan', 'Evil Smile', 'Wind Boost', 'Niflheim']
['Evil Smile', 'Null Fear', 'Unshaken Will', 'Patra', 'Ice Amp']
['Sukukaja', 'Wind Boost', 'Wind Amp', 'Mudoon', 'Unshaken Will']
['Sukukaja', 'Null Dark', 'Niflheim', 'Tarukaja', 'Unshaken Will']
['Mudoon', 'Recarm', 'Null Fear', 'Sukukaja', 'Patra']
['Growth 3', 'Patra', 'Niflheim', 'Sukukaja', 'High Counter']
['Patra', 'Niflheim', 'Sukukaja', 'High Counter', 'Recarm']
['Patra', 'Tarukaja', 'Samsara', 'Growth 3', 'Sukukaja']
['Mudoon', 'Wind Boost', 'Tarukaja', 'Null Fear', 'Patra']
['Niflheim', 'Patra', 'Mudoon', 'Recarm', 'Tarukaja']
['Wind Amp', 'Tarukaja', 'Absorb Fire', 'Wind Boost', 'Null Dark']
['Ice Amp', 'Double Fangs', 'Null Fear', 'Patra', 'Absorb Fire']
['Wind Boost', 'Tarukaja', 'Niflheim', 'Growth 3', 'Mudoon']
['Growth 3', 'Wind Boost', 'Ice Amp', 'Absorb Fire', 'Samsara']
['Unshaken Will', 'Mudoon', 'Sukukaja', 'Ice Amp', 'Evil Smile']
['Patra', 'Null Fear', 'Niflheim', 'Mind Charge', 'High Counter']
['Samsara', 'Niflheim', 'Evil Smile', 'Ice Amp', 'Sukukaja']
['Patra', 'Wind Amp', 'Null Dark', 'Tarukaja', 'Niflheim']
['Niflheim', 'Null Dark', 'Mind Charge', 'Double Fangs', 'Tarukaja']
['Patra', 'Sukukaja', 'Wind Boost', 'Mind Charge', 'Recarm']
['Patra', 'Niflheim', 'Samsara', 'Mind Charge', 'Wind Boost']
['Patra', 'Recarm', 'Growth 3', 'Double Fangs', 'Absorb Fire']
['Patra', 'Ice Amp', 'Tarukaja', 'Mind Charge', 'Ghastly Wail']
['Niflheim', 'Diarahan', 'Patra', 'Recarm', 'Wind Boost']
['Recarm', 'Ice Amp', 'Patra', 'Mudoon', 'Wind Boost']
['Niflheim', 'Wind Boost', 'Tarukaja', 'Wind Amp', 'Recarm']
['Diarahan', 'Sukukaja', 'Niflheim', 'Patra', 'Absorb Fire']
['Patra', 'Sukukaja', 'Ghastly Wail', 'Niflheim', 'Double Fangs']
['Double Fangs', 'Wind Boost', 'Niflheim', 'Mudoon', 'Recarm']
['Mudoon', 'Evil Smile', 'Null Fear', 'Tarukaja', 'Null Dark']
['Mind Charge', 'Tarukaja', 'Samsara', 'Niflheim', 'Wind Amp']
['Patra', 'Niflheim', 'Sukukaja', 'Ice Amp', 'Tarukaja']
['Sukukaja', 'Niflheim', 'Tarukaja', 'Wind Boost', 'Growth 3']
['Wind Boost', 'Null Dark', 'Niflheim', 'Tarukaja', 'Null Fear']
['Ice Amp', 'Tarukaja', 'Growth 3', 'Recarm', 'Absorb Fire']
['Tarukaja', 'Ice Amp', 'Growth 3', 'Mudoon', 'Null Dark']
['High Counter', 'Wind Amp', 'Ice Amp', 'Patra', 'Niflheim']
['Wind Boost', 'Niflheim', 'Tarukaja', 'Diarahan', 'High Counter']
['Patra', 'Wind Boost', 'Niflheim', 'Sukukaja', 'Null Dark']
['Recarm', 'Niflheim', 'Samsara', 'Patra', 'Wind Boost']
['Niflheim', 'Tarukaja', 'Mind Charge', 'Double Fangs', 'Recarm']
['Patra', 'Null Fear', 'Sukukaja', 'Recarm', 'Wind Amp']
['Wind Amp', 'Wind Boost', 'Niflheim', 'Double Fangs', 'Tarukaja']
['Null Fear', 'Mind Charge', 'Patra', 'Niflheim', 'Mudoon']
['Patra', 'Mudoon', 'Tarukaja', 'Absorb Fire', 'Niflheim']
['High Counter', 'Ice Amp', 'Diarahan', 'Null Dark', 'Recarm']
['Niflheim', 'Evil Smile', 'Patra', 'Wind Boost', 'Ice Amp']
['Patra', 'Recarm', 'Tarukaja', 'Null Fear', 'High Counter']
['Recarm', 'Wind Boost', 'Patra', 'Niflheim', 'Ghastly Wail']
['Unshaken Will', 'Niflheim', 'Patra', 'Ghastly Wail', 'Wind Amp']
['Patra', 'Mudoon', 'Double Fangs', 'Recarm', 'Niflheim']
['Patra', 'Sukukaja', 'Tarukaja', 'Recarm', 'Mudoon']
['Growth 3', 'Tarukaja', 'Niflheim', 'Patra', 'Double Fangs']
['Wind Boost', 'Niflheim', 'Ice Amp', 'Evil Smile', 'High Counter']
['Wind Boost', 'Recarm', 'Null Dark', 'Diarahan', 'Absorb Fire']
['Patra', 'Samsara', 'Recarm', 'High Counter', 'Null Fear']
['Ice Amp', 'Niflheim', 'Mudoon', 'Samsara', 'Tarukaja']
['Wind Amp', 'Evil Smile', 'Absorb Fire', 'Patra', 'Null Dark']
['Wind Amp', 'Tarukaja', 'Sukukaja', 'Samsara', 'Patra']
['Niflheim', 'Mudoon', 'Wind Amp', 'Ghastly Wail', 'Tarukaja']
['Evil Smile', 'Tarukaja', 'Niflheim', 'Sukukaja', 'Wind Boost']
['Sukukaja', 'Ghastly Wail', 'Niflheim', 'Patra', 'Ice Amp']
['Evil Smile', 'Niflheim', 'High Counter', 'Patra', 'Recarm']
['Patra', 'Growth 3', 'Null Dark', 'Mudoon', 'Ghastly Wail']
['Sukukaja', 'Wind Boost', 'Diarahan', 'Samsara', 'Patra']
['Null Fear', 'Evil Smile', 'Recarm', 'Patra', 'Mudoon']
['Niflheim', 'Wind Boost', 'Growth 3', 'Patra', 'Sukukaja']
['Samsara', 'Tarukaja', 'Patra', 'Sukukaja', 'Mudoon']
['Wind Amp', 'Sukukaja', 'Tarukaja', 'Niflheim', 'Null Dark']
['Niflheim', 'Sukukaja', 'Tarukaja', 'Recarm', 'Patra']
['Wind Boost', 'Patra', 'Tarukaja', 'Evil Smile', 'Niflheim']
['Diarahan', 'Patra', 'Tarukaja', 'High Counter', 'Niflheim']
['Tarukaja', 'Diarahan', 'Niflheim', 'Sukukaja', 'Null Fear']
['Samsara', 'High Counter', 'Evil Smile', 'Niflheim', 'Patra']
['Recarm', 'Wind Amp', 'Growth 3', 'Patra', 'Niflheim']
['Tarukaja', 'Niflheim', 'Wind Boost', 'Evil Smile', 'Sukukaja']
['Evil Smile', 'Tarukaja', 'Mind Charge', 'Wind Boost', 'Recarm']
['Patra', 'Unshaken Will', 'Mudoon', 'Sukukaja', 'Diarahan']
['Tarukaja', 'Wind Amp', 'Patra', 'Null Dark', 'Wind Boost']
['High Counter', 'Tarukaja', 'Sukukaja', 'Ice Amp', 'Samsara']
['Null Fear', 'Wind Boost', 'Patra', 'Null Dark', 'High Counter']
['Niflheim', 'Patra', 'Mind Charge', 'Wind Boost', 'Null Fear']
['Unshaken Will', 'Niflheim', 'Diarahan', 'Null Dark', 'Sukukaja']
['Ice Amp', 'Absorb Fire', 'Patra', 'Samsara', 'Niflheim']
['Wind Boost', 'Wind Amp', 'Tarukaja', 'Niflheim', 'Diarahan']
['Growth 3', 'Wind Boost', 'Null Fear', 'Mudoon', 'Patra']
['Diarahan', 'Null Fear', 'Wind Boost', 'Patra', 'Sukukaja']
['Wind Boost', 'Niflheim', 'Mudoon', 'Sukukaja', 'Recarm']
['Absorb Fire', 'Mudoon', 'Tarukaja', 'Null Dark', 'Niflheim']
['Patra', 'Mudoon', 'Diarahan', 'Growth 3', 'Samsara']
['Patra', 'Tarukaja', 'Double Fangs', 'Sukukaja', 'Niflheim']
['Sukukaja', 'High Counter', 'Mudoon', 'Wind Amp', 'Patra']
['Ghastly Wail', 'Diarahan', 'High Counter', 'Patra', 'Double Fangs']
['Samsara', 'Wind Boost', 'Evil Smile', 'Null Dark', 'Niflheim']
['Niflheim', 'Recarm', 'Sukukaja', 'Growth 3', 'Mudoon']
['Wind Amp', 'Recarm', 'Sukukaja', 'Ghastly Wail', 'Patra']
['Niflheim', 'Sukukaja', 'Ghastly Wail', 'Wind Amp', 'Ice Amp']
['Ghastly Wail', 'Evil Smile', 'High Counter', 'Mind Charge', 'Tarukaja']
['Growth 3', 'Niflheim', 'Null Fear', 'Tarukaja', 'Null Dark']
['Growth 3', 'Wind Amp', 'Null Fear', 'Tarukaja', 'Niflheim']
['Evil Smile', 'Wind Boost', 'Null Fear', 'Tarukaja', 'Niflheim']
['Patra', 'Null Dark', 'Recarm', 'Wind Boost', 'Niflheim']
['Niflheim', 'Sukukaja', 'Ice Amp', 'Mind Charge', 'Evil Smile']
['Diarahan', 'Unshaken Will', 'Mudoon', 'Wind Boost', 'Sukukaja']
['Double Fangs', 'Recarm', 'Ghastly Wail', 'Patra', 'Wind Boost']
['Wind Boost', 'Patra', 'Evil Smile', 'High Counter', 'Ice Amp']
['Niflheim', 'Wind Amp', 'Tarukaja', 'Patra', 'Wind Boost']
['Ghastly Wail', 'Mind Charge', 'Growth 3', 'Wind Amp', 'Mudoon']
['Mudoon', 'Recarm', 'Null Fear', 'Unshaken Will', 'Niflheim']
['Patra', 'Sukukaja', 'Mudoon', 'Evil Smile', 'Niflheim']
['Niflheim', 'Mudoon', 'Unshaken Will', 'Ice Amp', 'Wind Boost']
['Evil Smile', 'High Counter', 'Sukukaja', 'Absorb Fire', 'Wind Boost']
['Tarukaja', 'Niflheim', 'Sukukaja', 'Null Dark', 'Wind Amp']
['Wind Amp', 'Patra', 'Niflheim', 'Samsara', 'Sukukaja']
['Patra', 'Recarm', 'Niflheim', 'High Counter', 'Mind Charge']
['Mind Charge', 'Niflheim', 'High Counter', 'Sukukaja', 'Null Fear']
['Unshaken Will', 'Wind Amp', 'Patra', 'Tarukaja', 'Sukukaja']
['Sukukaja', 'Tarukaja', 'Patra', 'Wind Boost', 'Wind Amp']
['Sukukaja', 'Evil Smile', 'Wind Boost', 'Mind Charge', 'Null Fear']
['Evil Smile', 'Null Dark', 'Patra', 'Wind Boost', 'Sukukaja']
['Null Fear', 'Evil Smile', 'Patra', 'Growth 3', 'Recarm']
['Ice Amp', 'Niflheim', 'Evil Smile', 'Null Fear', 'Tarukaja']
['Wind Boost', 'Niflheim', 'Patra', 'Mind Charge', 'Tarukaja']
['Patra', 'Recarm', 'Niflheim', 'Ice Amp', 'Null Fear']
['Patra', 'Niflheim', 'Mudoon', 'Samsara', 'Diarahan']
['Wind Amp', 'Patra', 'Unshaken Will', 'Tarukaja', 'Growth 3']
['Tarukaja', 'Mind Charge', 'Wind Amp', 'Patra', 'Ghastly Wail']
['Unshaken Will', 'Patra', 'Niflheim', 'Diarahan', 'Recarm']
['Sukukaja', 'Growth 3', 'Double Fangs', 'Wind Boost', 'Patra']
['Recarm', 'Wind Boost', 'Mind Charge', 'Mudoon', 'Wind Amp']
['Null Dark', 'Growth 3', 'High Counter', 'Patra', 'Tarukaja']
['Null Dark', 'Patra', 'Wind Boost', 'Diarahan', 'Mind Charge']
['Null Fear', 'Wind Boost', 'Sukukaja', 'Ice Amp', 'Patra']
['Recarm', 'Absorb Fire', 'Wind Boost', 'Ice Amp', 'Tarukaja']
['Niflheim', 'Ice Amp', 'Sukukaja', 'Patra', 'Unshaken Will']
['Niflheim', 'Patra', 'Tarukaja', 'Mudoon', 'Double Fangs']
['Ice Amp', 'Null Fear', 'Patra', 'Tarukaja', 'Wind Amp']
['Patra', 'Wind Amp', 'Wind Boost', 'Mind Charge', 'Tarukaja']
['Ghastly Wail', 'Patra', 'Absorb Fire', 'Mind Charge', 'Sukukaja']
['Patra', 'Double Fangs', 'Growth 3', 'Evil Smile', 'Tarukaja']
['Growth 3', 'Recarm', 'Niflheim', 'High Counter', 'Null Dark']
['Patra', 'Diarahan', 'Tarukaja', 'Wind Amp', 'Growth 3']
['Niflheim', 'Mudoon', 'Patra', 'Evil Smile', 'Sukukaja']
['Patra', 'Wind Boost', 'Ice Amp', 'Null Fear', 'Mudoon']
['Patra', 'Sukukaja', 'Mudoon', 'Niflheim', 'Growth 3']
['Mind Charge', 'Unshaken Will', 'Niflheim', 'Null Fear', 'Patra']
['Null Fear', 'Patra', 'Diarahan', 'Growth 3', 'Sukukaja']
['Patra', 'Samsara', 'Niflheim', 'Sukukaja', 'Wind Boost']
['Niflheim', 'Tarukaja', 'Mudoon', 'Double Fangs', 'Recarm']
['Patra', 'Niflheim', 'Tarukaja', 'Double Fangs', 'Sukukaja']
['Patra', 'Double Fangs', 'Growth 3', 'Sukukaja', 'Niflheim']
['Patra', 'Recarm', 'Ice Amp', 'Wind Boost', 'Sukukaja']
['Null Dark', 'Wind Boost', 'Patra', 'Mudoon', 'Growth 3']
['Ghastly Wail', 'Niflheim', 'Growth 3', 'High Counter', 'Wind Boost']
['Ghastly Wail', 'Niflheim', 'Null Dark', 'Patra', 'Sukukaja']
['Double Fangs', 'Patra', 'Sukukaja', 'Niflheim', 'Mudoon']
['Wind Boost', 'Diarahan', 'Sukukaja', 'Ice Amp', 'Wind Amp']
['Tarukaja', 'Evil Smile', 'Niflheim', 'Patra', 'Unshaken Will']
['Mudoon', 'Null Dark', 'Ice Amp', 'Sukukaja', 'Growth 3']
['Evil Smile', 'Recarm', 'Sukukaja', 'Mind Charge', 'Patra']
['Tarukaja', 'Patra', 'Evil Smile', 'Niflheim', 'Wind Amp']
['High Counter', 'Ghastly Wail', 'Absorb Fire', 'Patra', 'Niflheim']
['Recarm', 'Unshaken Will', 'Patra', 'Wind Boost', 'Niflheim']
