['Makarakarn', 'Mudoon', 'Dodge Wind', 'High Counter']
['Foul Breath', 'Wind Boost', 'Garu', 'Rakukaja']
['Dodge Wind', 'Makarakarn', 'Bufu', 'Provoke']
['Mudoon', 'Provoke', 'Wind Boost', 'Dodge Wind']
['Mudoon', 'High Counter', 'Wind Boost', 'Foul Breath']
['Mudoon', 'Wind Boost', 'Maragi', 'Rakukaja']
['Zio', 'Dodge Wind', 'Makarakarn', 'High Counter']
['Mudoon', 'Dodge Wind', 'Wind Boost', 'Tentarafoo']
['Magarudyne', 'Mudoon', 'Magaru', 'High Counter']
['Maragi', 'Mudoon', 'Wind Boost', 'Virus Breath']
['Provoke', 'Bufu', 'Foul Breath', 'Mudoon']
['Dodge Wind', 'Mudoon', 'Wind Boost', 'High Counter']
['Wind Boost', 'Garu', 'Bufu', 'High Counter']
['Dodge Wind', 'Rakukaja', 'Maragi', 'Mudoon']
['Wind Boost', 'Mudoon', 'Garu', 'Provoke']
['Magaru', 'Mudoon', 'Dodge Wind', 'Maragi']
['Maragi', 'Garu', 'Mudoon', 'Wind Boost']
['Magaru', 'Zio', 'High Counter', 'Dodge Wind']
['Foul Breath', 'Mudoon', 'Bufu', 'Wind Boost']
['Mudoon', 'Rakukaja', 'Wind Boost', 'Magaru']
['Mudoon', 'Bufu', 'Wind Boost', 'Dodge Wind']
['Mudoon', 'Dekaja', 'Foul Breath', 'Maragi']
['Wind Boost', 'Tentarafoo', 'Mudoon', 'Zio']
['Zio', 'Wind Boost', 'Rakukaja', 'Mudoon']
['Mudoon', 'Tentarafoo', 'Bufu', 'Wind Boost']
['Dodge Wind', 'Mudoon', 'Bufu', 'Wind Boost']
['Wind Boost', 'Provoke', 'Magaru', 'Bufu']
['Magaru', 'Zio', 'Mudoon', 'Virus Breath']
['Virus Breath', 'Mudoon', 'Zio', 'Wind Boost']
['Wind Boost', 'Dodge Wind', 'High Counter', 'Mudoon']
['Mudoon', 'Wind Boost', 'Dodge Wind', 'Bufu']
['Maragi', 'High Counter', 'Wind Boost', 'Provoke']
['Bufu', 'Maragi', 'Dodge Wind', 'Garu']
['Power Charge', 'Dodge Wind', 'Maragi', 'Zio']
['Mudoon', 'Foul Breath', 'Zio', 'Bufu']
['Mudoon', 'Zio', 'Virus Breath', 'Dodge Wind']
['Mudoon', 'Tentarafoo', 'Wind Boost', 'Rebellion']
['Magarudyne', 'Rakukaja', 'Dekaja', 'Dodge Wind']
['Magaru', 'Provoke', 'Dodge Wind', 'Bufu']
['Mudoon', 'Magarudyne', 'Rakukaja', 'Virus Breath']
['Garu', 'Mudoon', 'Magaru', 'Wind Boost']
['Wind Boost', 'Bufu', 'Maragi', 'Foul Breath']
['Wind Boost', 'Rakukaja', 'Mudoon', 'Foul Breath']
['Wind Boost', 'Virus Breath', 'Garu', 'High Counter']
['Zio', 'Mudoon', 'Garu', 'High Counter']
['Wind Boost', 'Magaru', 'Mudoon', 'Zio']
['Mudoon', 'Garu', 'Wind Boost', 'Maragi']
['Mudoon', 'Bufu', 'Wind Boost', 'Foul Breath']
['Mudoon', 'Wind Boost', 'Zio', 'Tentarafoo']
['Mudoon', 'Wind Boost', 'Bufu', 'High Counter']
['Garu', 'Zio', 'Wind Boost', 'Mudoon']
['Mudoon', 'Wind Boost', 'Magaru', 'Zio']
['Virus Breath', 'Dodge Wind', 'Bufu', 'Rakukaja']
['Maziodyne', 'Mudoon', 'Wind Boost', 'Bufu']
['Zio', 'Dodge Wind', 'High Counter', 'Power Charge']
['Mudoon', 'Wind Boost', 'Dodge Wind', 'Makarakarn']
['Wind Boost', 'Dodge Wind', 'Zio', 'Bufu']
['Dodge Wind', 'Bufu', 'Wind Boost', 'Mudoon']
['Mudoon', 'Dodge Wind', 'Virus Breath', 'Zio']
['Mudoon', 'Zio', 'Dodge Wind', 'Wind Boost']
['Magaru', 'Mudoon', 'Wind Boost', 'Dodge Wind']
['Wind Boost', 'Bufu', 'Maragi', 'Mudoon']
['Wind Boost', 'Foul Breath', 'Mudoon', 'Dodge Wind']
['High Counter', 'Mudoon', 'Garu', 'Dodge Wind']
['Magaru', 'Zio', 'Makarakarn', 'Provoke']
['Rebellion', 'Maragi', 'Zio', 'Mudoon']
['Wind Boost', 'Rebellion', 'Mudoon', 'Dodge Wind']
['Power Charge', 'Rebellion', 'Provoke', 'Wind Boost']
['Provoke', 'Magaru', 'Wind Boost', 'Mudoon']
['Makarakarn', 'Garu', 'Mudoon', 'High Counter']
['Rebellion', 'Dodge Wind', 'Maziodyne', 'Virus Breath']
['Dodge Wind', 'Rakukaja', 'Mudoon', 'High Counter']
['High Counter', 'Mudoon', 'Wind Boost', 'Rakukaja']
['Dekaja', 'Wind Boost', 'Dodge Wind', 'Virus Breath']
['Rakukaja', 'Mudoon', 'Zio', 'High Counter']
['Garu', 'Zio', 'Dodge Wind', 'Magaru']
['Garu', 'Bufu', 'Foul Breath', 'Wind Boost']
['Wind Boost', 'Rebellion', 'Mudoon', 'Bufu']
['Dodge Wind', 'Magaru', 'Wind Boost', 'Zio']
['Mudoon', 'High Counter', 'Zio', 'Wind Boost']
['Dodge Wind', 'Rebellion', 'Mudoon', 'Magaru']
['Dodge Wind', 'Mudoon', 'Bufu', 'Power Charge']
['Magaru', 'High Counter', 'Mudoon', 'Zio']
['Virus Breath', 'Zio', 'Dekaja', 'Garu']
['High Counter', 'Rakukaja', 'Mudoon', 'Bufu']
['Wind Boost', 'Foul Breath', 'Provoke', 'Mudoon']
['Wind Boost', 'Mudoon', 'Zio', 'Maragi']
['Wind Boost', 'Virus Breath', 'Zio', 'Bufu']
['Dodge Wind', 'Mudoon', 'Wind Boost', 'Garu']
['Mudoon', 'Zio', 'Garu', 'Wind Boost']
['Mudoon', 'Zio', 'Dodge Wind', 'Magaru']
['Mudoon', 'Wind Boost', 'Provoke', 'Maragi']
['Rebellion', 'Bufu', 'Rakukaja', 'Dodge Wind']
['Mudoon', 'Dodge Wind', 'High Counter', 'Wind Boost']
['Mudoon', 'Dodge Wind', 'Rakukaja', 'High Counter']
['High Counter', 'Magarudyne', 'Magaru', 'Power Charge']
['Dodge Wind', 'Magarudyne', 'Mudoon', 'Wind Boost']
['Mudoon', 'Wind Boost', 'Maragi', 'Rakukaja']
['High Counter', 'Mudoon', 'Dodge Wind', 'Wind Boost']
['Dodge Wind', 'Rakukaja', 'Mudoon', 'Magarudyne']
['Magarudyne', 'Garu', 'Wind Boost', 'Mudoon']
['Maziodyne', 'Magarudyne', 'Zio', 'Magaru']
['Magaru', 'Mudoon', 'Wind Boost', 'Rakukaja']
['High Counter', 'Wind Boost', 'Mudoon', 'Tentarafoo']
['Maragi', 'Mudoon', 'Wind Boost', 'High Counter']
['Provoke', 'Zio', 'Mudoon', 'High Counter']
['Garu', 'Mudoon', 'Zio', 'Virus Breath']
['Mudoon', 'Foul Breath', 'Magaru', 'Wind Boost']
['Dodge Wind', 'Rakukaja', 'Provoke', 'Garu']
['High Counter', 'Tentarafoo', 'Zio', 'Dodge Wind']
['Wind Boost', 'Mudoon', 'High Counter', 'Dodge Wind']
['Wind Boost', 'Rebellion', 'Maragi', 'Foul Breath']
['Magaru', 'Power Charge', 'Provoke', 'Mudoon']
['Mudoon', 'Dodge Wind', 'Garu', 'Foul Breath']
['Mudoon', 'Maziodyne', 'Dodge Wind', 'Wind Boost']
['High Counter', 'Dodge Wind', 'Mudoon', 'Bufu']
['Dodge Wind', 'High Counter', 'Dekaja', 'Mudoon']
['Maragi', 'High Counter', 'Wind Boost', 'Magaru']
['Mudoon', 'Dodge Wind', 'Power Charge', 'Magarudyne']
['Dodge Wind', 'Garu', 'Maragi', 'Mudoon']
['Dodge Wind', 'Mudoon', 'Provoke', 'Garu']
['Mudoon', 'Rakukaja', 'Magaru', 'Dekaja']
['Maragi', 'Foul Breath', 'Garu', 'Zio']
['High Counter', 'Provoke', 'Magarudyne', 'Rakukaja']
['Mudoon', 'Wind Boost', 'Rakukaja', 'Garu']
['Bufu', 'Mudoon', 'Magaru', 'Zio']
['Provoke', 'Magaru', 'Makarakarn', 'Virus Breath']
['Dodge Wind', 'Mudoon', 'Foul Breath', 'Wind Boost']
['Mudoon', 'Zio', 'Magarudyne', 'Garu']
['Wind Boost', 'Mudoon', 'Garu', 'Rebellion']
['Dodge Wind', 'Mudoon', 'Provoke', 'Zio']
['Provoke', 'Maragi', 'Wind Boost', 'High Counter']
['Dekaja', 'Mudoon', 'Garu', 'Magaru']
['Wind Boost', 'Foul Breath', 'Mudoon', 'Virus Breath']
['Wind Boost', 'Bufu', 'Mudoon', 'Dodge Wind']
['Dodge Wind', 'Wind Boost', 'Mudoon', 'High Counter']
['Power Charge', 'Zio', 'Wind Boost', 'Mudoon']
['Bufu', 'Mudoon', 'High Counter', 'Dodge Wind']
['Foul Breath', 'Wind Boost', 'Maragi', 'Rakukaja']
['Garu', 'Magarudyne', 'Mudoon', 'Dodge Wind']
['Mudoon', 'Magaru', 'High Counter', 'Rebellion']
['Maragi', 'Mudoon', 'Rebellion', 'Wind Boost']
['Power Charge', 'Dodge Wind', 'Wind Boost', 'Mudoon']
['Provoke', 'Garu', 'Tentarafoo', 'Wind Boost']
['Dodge Wind', 'Mudoon', 'Zio', 'Garu']
['Dodge Wind', 'Wind Boost', 'Provoke', 'Mudoon']
['Provoke', 'Garu', 'Magaru', 'Mudoon']
['Rebellion', 'Zio', 'Provoke', 'Rakukaja']
['Garu', 'Bufu', 'Foul Breath', 'Dekaja']
['Dodge Wind', 'Mudoon', 'Tentarafoo', 'Maragi']
['Mudoon', 'Wind Boost', 'Provoke', 'Rebellion']
['Mudoon', 'Wind Boost', 'Foul Breath', 'Power Charge']
['Bufu', 'Dekaja', 'Foul Breath', 'Maragi']
['Mudoon', 'Wind Boost', 'High Counter', 'Virus Breath']
['Dodge Wind', 'Maragi', 'Mudoon', 'Maziodyne']
['Wind Boost', 'Mudoon', 'Bufu', 'Magarudyne']
['Dodge Wind', 'Mudoon', 'Wind Boost', 'Bufu']
['Wind Boost', 'Mudoon', 'Dodge Wind', 'Maziodyne']
['Provoke', 'Dekaja', 'High Counter', 'Mudoon']
['Mudoon', 'Zio', 'Dekaja', 'Provoke']
['Wind Boost', 'High Counter', 'Dekaja', 'Maragi']
['Bufu', 'Mudoon', 'Provoke', 'Rebellion']
['Dodge Wind', 'Wind Boost', 'Magaru', 'Zio']
['Dodge Wind', 'Mudoon', 'Foul Breath', 'Wind Boost']
['Mudoon', 'Garu', 'High Counter', 'Zio']
['High Counter', 'Dodge Wind', 'Maragi', 'Mudoon']
['High Counter', 'Dekaja', 'Power Charge', 'Mudoon']
['Wind Boost', 'Rebellion', 'Bufu', 'Maziodyne']
['Wind Boost', 'Provoke', 'High Counter', 'Zio']
['Garu', 'Bufu', 'Power Charge', 'Mudoon']
['Foul Breath', 'Magaru', 'Mudoon', 'Wind Boost']
['Mudoon', 'Wind Boost', 'High Counter', 'Dodge Wind']
['Magaru', 'Garu', 'Rebellion', 'Rakukaja']
['Virus Breath', 'Dodge Wind', 'Wind Boost', 'Mudoon']
['Zio', 'Provoke', 'Dodge Wind', 'Wind Boost']
['Zio', 'Dekaja', 'Mudoon', 'Bufu']
['Magaru', 'Mudoon', 'Dodge Wind', 'Wind Boost']
['Tentarafoo', 'Mudoon', 'Wind Boost', 'Magaru']
['Provoke', 'Bufu', 'Wind Boost', 'Rebellion']
['Dodge Wind', 'Mudoon', 'Maragi', 'Garu']
['Dodge Wind', 'Bufu', 'Maziodyne', 'Wind Boost']
['Magarudyne', 'Bufu', 'Rebellion', 'Mudoon']
['Mudoon', 'Zio', 'Rakukaja', 'Tentarafoo']
['Magaru', 'Rakukaja', 'Foul Breath', 'Provoke']
['High Counter', 'Wind Boost', 'Mudoon', 'Magaru']
['Magaru', 'Virus Breath', 'Rakukaja', 'Magarudyne']
['Dodge Wind', 'Magarudyne', 'Foul Breath', 'Mudoon']
['Mudoon', 'Wind Boost', 'Dodge Wind', 'High Counter']
['Mudoon', 'Dodge Wind', 'Wind Boost', 'Rebellion']
['Wind Boost', 'Garu', 'Mudoon', 'Magaru']
['Dodge Wind', 'Magaru', 'Zio', 'Wind Boost']
['Mudoon', 'High Counter', 'Wind Boost', 'Garu']
['Wind Boost', 'Garu', 'Mudoon', 'Magaru']
['Rakukaja', 'Mudoon', 'Wind Boost', 'Dekaja']
['Mudoon', 'High Counter', 'Provoke', 'Foul Breath']
['Zio', 'Dodge Wind', 'Power Charge', 'Wind Boost']
['Mudoon', 'High Counter', 'Power Charge', 'Dodge Wind']
['Foul Breath', 'Mudoon', 'Maragi', 'Wind Boost']
['Mudoon', 'Magaru', 'High Counter', 'Rakukaja']
['Mudoon', 'Wind Boost', 'Rebellion', 'Garu']
['Wind Boost', 'Maragi', 'Mudoon', 'Garu']
['Zio', 'Bufu', 'Mudoon', 'Dodge Wind']
['Dodge Wind', 'Tentarafoo', 'High Counter', 'Rakukaja']
['High Counter', 'Magaru', 'Wind Boost', 'Bufu']
['Garu', 'High Counter', 'Foul Breath', 'Mudoon']
['Mudoon', 'Dodge Wind', 'Garu', 'Wind Boost']
['Wind Boost', 'High Counter', 'Garu', 'Mudoon']
['High Counter', 'Bufu', 'Wind Boost', 'Garu']
['Foul Breath', 'Wind Boost', 'Dodge Wind', 'Provoke']
['Mudoon', 'Bufu', 'Rakukaja', 'Dodge Wind']
['Zio', 'High Counter', 'Wind Boost', 'Mudoon']
['Mudoon', 'Wind Boost', 'High Counter', 'Dodge Wind']
['Zio', 'Garu', 'High Counter', 'Bufu']
['Wind Boost', 'Mudoon', 'Makarakarn', 'Provoke']
['Wind Boost', 'Mudoon', 'Rebellion', 'Zio']
['Rebellion', 'Dodge Wind', 'Provoke', 'Maragi']
['Rebellion', 'Bufu', 'Foul Breath', 'Provoke']
['Mudoon', 'Wind Boost', 'Dodge Wind', 'Garu']
['Mudoon', 'Bufu', 'Maziodyne', 'Wind Boost']
['Dodge Wind', 'Foul Breath', 'Tentarafoo', 'Provoke']
['Mudoon', 'Virus Breath', 'Wind Boost', 'Dodge Wind']
['Zio', 'Mudoon', 'High Counter', 'Bufu']
['Mudoon', 'Dodge Wind', 'Zio', 'High Counter']
['Bufu', 'Foul Breath', 'Mudoon', 'Zio']
['Mudoon', 'Zio', 'Rebellion', 'Garu']
['Mudoon', 'Dodge Wind', 'High Counter', 'Wind Boost']
['Zio', 'Wind Boost', 'Mudoon', 'Maragi']
['Provoke', 'Wind Boost', 'Mudoon', 'Dodge Wind']
['Zio', 'Bufu', 'Dodge Wind', 'High Counter']
['Foul Breath', 'Provoke', 'Maragi', 'High Counter']
['Mudoon', 'Provoke', 'Garu', 'Wind Boost']
['Power Charge', 'Provoke', 'High Counter', 'Mudoon']
['Rebellion', 'High Counter', 'Bufu', 'Mudoon']
['Virus Breath', 'Dodge Wind', 'Mudoon', 'Foul Breath']
['Bufu', 'Mudoon', 'Wind Boost', 'High Counter']
['Dodge Wind', 'Mudoon', 'Foul Breath', 'Bufu']
['Mudoon', 'Dodge Wind', 'Wind Boost', 'Garu']
['Mudoon', 'Garu', 'Foul Breath', 'Wind Boost']
['Magaru', 'Mudoon', 'Rakukaja', 'Bufu']
['Mudoon', 'Magaru', 'Maragi', 'Garu']
['Mudoon', 'Wind Boost', 'Magaru', 'Dodge Wind']
['Garu', 'Rebellion', 'Maragi', 'Mudoon']
['Zio', 'Dodge Wind', 'Rebellion', 'Bufu']
['Tentarafoo', 'Garu', 'Dodge Wind', 'Mudoon']
['Magaru', 'Rebellion', 'Zio', 'Bufu']
['Wind Boost', 'Garu', 'Mudoon', 'Dodge Wind']
['High Counter', 'Mudoon', 'Wind Boost', 'Garu']
['Mudoon', 'Magaru', 'Foul Breath', 'Rebellion']
['Mudoon', 'Bufu', 'Magarudyne', 'Provoke']
['Rebellion', 'Mudoon', 'Dodge Wind', 'Zio']
['Makarakarn', 'Mudoon', 'Wind Boost', 'Zio']
['Wind Boost', 'High Counter', 'Mudoon', 'Rakukaja']
['Rebellion', 'Dodge Wind', 'Provoke', 'Rakukaja']
['Dodge Wind', 'Wind Boost', 'Garu', 'Zio']
['Bufu', 'Garu', 'Maragi', 'Dodge Wind']
['Zio', 'Bufu', 'Wind Boost', 'Magaru']
['Magarudyne', 'Dodge Wind', 'Bufu', 'Mudoon']
['Wind Boost', 'Mudoon', 'Dodge Wind', 'Zio']
['Wind Boost', 'Mudoon', 'Provoke', 'Bufu']
['Bufu', 'Virus Breath', 'Magarudyne', 'Wind Boost']
['Dodge Wind', 'Mudoon', 'Wind Boost', 'Zio']
['Dodge Wind', 'Garu', 'Mudoon', 'High Counter']
['Garu', 'Wind Boost', 'Mudoon', 'Bufu']
['Rakukaja', 'Wind Boost', 'Power Charge', 'Mudoon']
['Bufu', 'Wind Boost', 'High Counter', 'Zio']
['Rakukaja', 'High Counter', 'Zio', 'Magaru']
['Provoke', 'Wind Boost', 'Zio', 'Dodge Wind']
['Rebellion', 'Tentarafoo', 'Magarudyne', 'Maziodyne']
['Wind Boost', 'High Counter', 'Mudoon', 'Provoke']
['Dodge Wind', 'Tentarafoo', 'Mudoon', 'Garu']
['Wind Boost', 'High Counter', 'Bufu', 'Dodge Wind']
['Mudoon', 'Maragi', 'Garu', 'Zio']
['Rebellion', 'Mudoon', 'Foul Breath', 'Zio']
['Maragi', 'Dodge Wind', 'Mudoon', 'Bufu']
['Garu', 'Wind Boost', 'Mudoon', 'Power Charge']
['Wind Boost', 'Mudoon', 'Virus Breath', 'Dodge Wind']
['Rakukaja', 'Dodge Wind', 'Rebellion', 'Tentarafoo']
['Rakukaja', 'High Counter', 'Wind Boost', 'Mudoon']
['Bufu', 'Zio', 'Garu', 'Rebellion']
['Mudoon', 'Dodge Wind', 'Rebellion', 'High Counter']
['Mudoon', 'Wind Boost', 'Dodge Wind', 'Foul Breath']
['Garu', 'Zio', 'Mudoon', 'Power Charge']
['Provoke', 'Zio', 'High Counter', 'Mudoon']
['Mudoon', 'Wind Boost', 'Power Charge', 'Maragi']
['Zio', 'Garu', 'Magaru', 'Rebellion']
['Dodge Wind', 'Mudoon', 'Foul Breath', 'Wind Boost']
['High Counter', 'Foul Breath', 'Rakukaja', 'Garu']
['Tentarafoo', 'Wind Boost', 'High Counter', 'Dekaja']
['Zio', 'Dodge Wind', 'Wind Boost', 'Makarakarn']
['Dodge Wind', 'Dekaja', 'Wind Boost', 'Garu']
['High Counter', 'Zio', 'Mudoon', 'Garu']
['Dodge Wind', 'Mudoon', 'Magaru', 'Wind Boost']
['Magaru', 'Dodge Wind', 'Wind Boost', 'Rakukaja']
['Rakukaja', 'Rebellion', 'Garu', 'Mudoon']
['Wind Boost', 'Mudoon', 'Zio', 'High Counter']
['Magaru', 'Zio', 'Bufu', 'Makarakarn']
['Mudoon', 'High Counter', 'Dodge Wind', 'Garu']
['High Counter', 'Mudoon', 'Virus Breath', 'Zio']
['Zio', 'Wind Boost', 'Magarudyne', 'Mudoon']
['Wind Boost', 'Mudoon', 'Makarakarn', 'High Counter']
['Bufu', 'Mudoon', 'High Counter', 'Dodge Wind']
['Mudoon', 'Dodge Wind', 'Magaru', 'High Counter']
['Mudoon', 'Bufu', 'Provoke', 'Foul Breath']
['Wind Boost', 'Mudoon', 'Dodge Wind', 'Rebellion']
['Zio', 'Mudoon', 'Rakukaja', 'Wind Boost']
['Mudoon', 'Wind Boost', 'Rakukaja', 'High Counter']
['High Counter', 'Bufu', 'Garu', 'Mudoon']
['Mudoon', 'Wind Boost', 'Rebellion', 'Rakukaja']
['Bufu', 'Zio', 'High Counter', 'Magarudyne']
['Wind Boost', 'Mudoon', 'High Counter', 'Rebellion']
['Wind Boost', 'Mudoon', 'Dekaja', 'Bufu']
['Provoke', 'Dodge Wind', 'Garu', 'Mudoon']
['Wind Boost', 'Dodge Wind', 'Mudoon', 'Garu']
['High Counter', 'Provoke', 'Dodge Wind', 'Foul Breath']
['Wind Boost', 'Dekaja', 'Mudoon', 'Garu']
['Mudoon', 'Maziodyne', 'Garu', 'Wind Boost']
['Zio', 'High Counter', 'Dodge Wind', 'Bufu']
['High Counter', 'Mudoon', 'Zio', 'Wind Boost']
['Dodge Wind', 'High Counter', 'Magaru', 'Wind Boost']
['Mudoon', 'Maragi', 'Wind Boost', 'Magaru']
['Provoke', 'Mudoon', 'Foul Breath', 'Makarakarn']
['Wind Boost', 'Garu', 'Foul Breath', 'Mudoon']
['Bufu', 'Magaru', 'Zio', 'Wind Boost']
['Garu', 'Wind Boost', 'Mudoon', 'Bufu']
['Mudoon', 'Garu', 'Dodge Wind', 'Zio']
['Bufu', 'Provoke', 'Power Charge', 'Wind Boost']
['Bufu', 'Wind Boost', 'High Counter', 'Magaru']
['Wind Boost', 'Mudoon', 'Garu', 'Rakukaja']
['Mudoon', 'Dodge Wind', 'Magaru', 'Garu']
['Mudoon', 'High Counter', 'Dodge Wind', 'Wind Boost']
['Mudoon', 'Wind Boost', 'Dodge Wind', 'High Counter']
['Power Charge', 'Mudoon', 'Provoke', 'Rebellion']
['Dekaja', 'Mudoon', 'Garu', 'Maragi']
['Bufu', 'Mudoon', 'Dodge Wind', 'Rebellion']
['Wind Boost', 'Zio', 'Dodge Wind', 'Magarudyne']
['Wind Boost', 'Garu', 'Foul Breath', 'Mudoon']
['Provoke', 'Mudoon', 'Rebellion', 'High Counter']
['Maziodyne', 'Mudoon', 'Magaru', 'Bufu']
['Garu', 'Dodge Wind', 'Rebellion', 'High Counter']
['Mudoon', 'Zio', 'High Counter', 'Dodge Wind']
['Dodge Wind', 'Magaru', 'Maragi', 'Provoke']
['Mudoon', 'Wind Boost', 'Dodge Wind', 'Provoke']
['Bufu', 'Mudoon', 'Maragi', 'Rebellion']
['Dodge Wind', 'Mudoon', 'Provoke', 'Garu']
['Mudoon', 'Wind Boost', 'Zio', 'Provoke']
['Wind Boost', 'Mudoon', 'Magarudyne', 'Zio']
['Zio', 'Provoke', 'Rebellion', 'Magaru']
['Wind Boost', 'Garu', 'Rebellion', 'Bufu']
['Garu', 'Mudoon', 'Power Charge', 'Zio']
['High Counter', 'Maragi', 'Dodge Wind', 'Wind Boost']
['Wind Boost', 'Mudoon', 'Bufu', 'Dodge Wind']
['Wind Boost', 'Mudoon', 'Dodge Wind', 'Maziodyne']
['Wind Boost', 'Dodge Wind', 'Magaru', 'Garu']
['Zio', 'Bufu', 'Maragi', 'Mudoon']
['Rakukaja', 'Mudoon', 'Garu', 'Magaru']
['Rakukaja', 'Garu', 'Wind Boost', 'Dodge Wind']
['Garu', 'Wind Boost', 'Dodge Wind', 'Mudoon']
['Mudoon', 'Wind Boost', 'Power Charge', 'Bufu']
['Provoke', 'Dodge Wind', 'Wind Boost', 'Foul Breath']
['Mudoon', 'Zio', 'Dodge Wind', 'Garu']
['Mudoon', 'Zio', 'Magaru', 'Dodge Wind']
['Dodge Wind', 'Foul Breath', 'High Counter', 'Wind Boost']
['High Counter', 'Zio', 'Mudoon', 'Bufu']
['Rakukaja', 'Dodge Wind', 'Bufu', 'Wind Boost']
['High Counter', 'Bufu', 'Provoke', 'Mudoon']
['Mudoon', 'Garu', 'Dodge Wind', 'Rebellion']
['Zio', 'Mudoon', 'Maziodyne', 'Foul Breath']
['Dodge Wind', 'Zio', 'Garu', 'Foul Breath']
['Mudoon', 'Zio', 'Garu', 'Rebellion']
['High Counter', 'Mudoon', 'Dodge Wind', 'Virus Breath']
['High Counter', 'Mudoon', 'Zio', 'Dodge Wind']
['Mudoon', 'Rebellion', 'Wind Boost', 'Bufu']
['Mudoon', 'Wind Boost', 'Garu', 'Rebellion']
['Wind Boost', 'Rebellion', 'Dodge Wind', 'Provoke']
['Wind Boost', 'Bufu', 'Tentarafoo', 'Provoke']
['Dodge Wind', 'Wind Boost', 'High Counter', 'Power Charge']
['Mudoon', 'Dodge Wind', 'Wind Boost', 'Zio']
['Maragi', 'Mudoon', 'Garu', 'High Counter']
['Bufu', 'Wind Boost', 'Dodge Wind', 'Mudoon']
['Mudoon', 'Dodge Wind', 'Wind Boost', 'High Counter']
['Mudoon', 'Maragi', 'Garu', 'Wind Boost']
['Mudoon', 'Foul Breath', 'Wind Boost', 'Garu']
['Rebellion', 'Dodge Wind', 'Mudoon', 'Foul Breath']
['High Counter', 'Wind Boost', 'Provoke', 'Mudoon']
['Bufu', 'Mudoon', 'Zio', 'Provoke']
['Zio', 'Dodge Wind', 'Mudoon', 'Wind Boost']
['Wind Boost', 'Virus Breath', 'Bufu', 'Mudoon']
['Mudoon', 'Garu', 'Bufu', 'High Counter']
['Mudoon', 'Dekaja', 'Provoke', 'Garu']
['Dodge Wind', 'Bufu', 'Mudoon', 'Foul Breath']
['Mudoon', 'Zio', 'Provoke', 'Magarudyne']
['Rebellion', 'Wind Boost', 'Provoke', 'Bufu']
['Mudoon', 'Dekaja', 'Maragi', 'Rebellion']
['Magaru', 'Bufu', 'Provoke', 'High Counter']
['Mudoon', 'Magaru', 'High Counter', 'Zio']
['Wind Boost', 'Maragi', 'Mudoon', 'Tentarafoo']
['Mudoon', 'Bufu', 'Dodge Wind', 'Wind Boost']
['Power Charge', 'Tentarafoo', 'Mudoon', 'Dodge Wind']
['Wind Boost', 'Makarakarn', 'Dodge Wind', 'Garu']
['Wind Boost', 'Mudoon', 'Dodge Wind', 'Zio']
['Dekaja', 'Wind Boost', 'Bufu', 'Foul Breath']
['Mudoon', 'Provoke', 'Garu', 'Zio']
['Maragi', 'Dodge Wind', 'Mudoon', 'Rebellion']
['Rakukaja', 'Mudoon', 'Dodge Wind', 'Rebellion']
['Zio', 'Wind Boost', 'Maragi', 'Rakukaja']
['Foul Breath', 'Mudoon', 'Power Charge', 'Dodge Wind']
['Mudoon', 'Dodge Wind', 'Garu', 'Zio']
['Wind Boost', 'Dodge Wind', 'Foul Breath', 'Rebellion']
['Bufu', 'Mudoon', 'Magaru', 'Zio']
['Zio', 'Maragi', 'Virus Breath', 'Garu']
['Wind Boost', 'Foul Breath', 'Mudoon', 'Dodge Wind']
['Garu', 'Wind Boost', 'Dodge Wind', 'Mudoon']
['Mudoon', 'Maragi', 'Dodge Wind', 'Provoke']
['Wind Boost', 'Mudoon', 'Bufu', 'High Counter']
['Dekaja', 'Virus Breath', 'Mudoon', 'Bufu']
['Mudoon', 'Bufu', 'Dodge Wind', 'Maragi']
['Wind Boost', 'Garu', 'Mudoon', 'Rebellion']
['Dodge Wind', 'Rakukaja', 'Mudoon', 'Provoke']
['High Counter', 'Garu', 'Zio', 'Foul Breath']
['Garu', 'Wind Boost', 'Mudoon', 'Power Charge']
['Mudoon', 'Power Charge', 'Provoke', 'Garu']
['Provoke', 'Wind Boost', 'Mudoon', 'Zio']
['Mudoon', 'Wind Boost', 'High Counter', 'Garu']
['Zio', 'Wind Boost', 'Dodge Wind', 'Mudoon']
['Maragi', 'Dodge Wind', 'Mudoon', 'Wind Boost']
['Mudoon', 'Bufu', 'High Counter', 'Zio']
['Mudoon', 'Rebellion', 'Rakukaja', 'High Counter']
['Mudoon', 'Wind Boost', 'Rebellion', 'Garu']
['Zio', 'Dodge Wind', 'Tentarafoo', 'Provoke']
['Rebellion', 'Dodge Wind', 'High Counter', 'Garu']
['Dodge Wind', 'Wind Boost', 'Mudoon', 'Maragi']
['Rebellion', 'Mudoon', 'Rakukaja', 'Wind Boost']
['Dekaja', 'Garu', 'Mudoon', 'Dodge Wind']
['Wind Boost', 'Dodge Wind', 'Mudoon', 'Foul Breath']
['Dodge Wind', 'Bufu', 'Garu', 'Tentarafoo']
['Bufu', 'High Counter', 'Dodge Wind', 'Tentarafoo']
['Bufu', 'Dodge Wind', 'Maragi', 'Wind Boost']
['Bufu', 'Zio', 'High Counter', 'Mudoon']
['Bufu', 'Foul Breath', 'Wind Boost', 'Mudoon']
['Bufu', 'Mudoon', 'Makarakarn', 'Virus Breath']
['Mudoon', 'Zio', 'Provoke', 'Wind Boost']
['Mudoon', 'Bufu', 'Rebellion', 'Maziodyne']
['Wind Boost', 'Mudoon', 'Power Charge', 'Dekaja']
['Mudoon', 'High Counter', 'Zio', 'Wind Boost']
['Wind Boost', 'Rebellion', 'Mudoon', 'Maragi']
['Dekaja', 'Rakukaja', 'Mudoon', 'Wind Boost']
['Wind Boost', 'Bufu', 'Maziodyne', 'Rakukaja']
['Mudoon', 'Bufu', 'Zio', 'Foul Breath']
['Dodge Wind', 'Maragi', 'Mudoon', 'Foul Breath']
['Tentarafoo', 'Wind Boost', 'Bufu', 'Dodge Wind']
['Magaru', 'Dodge Wind', 'Garu', 'Mudoon']
['Magaru', 'High Counter', 'Garu', 'Mudoon']
['Mudoon', 'High Counter', 'Wind Boost', 'Zio']
['Mudoon', 'Zio', 'Foul Breath', 'Wind Boost']
['Dekaja', 'Dodge Wind', 'Zio', 'Tentarafoo']
['High Counter', 'Wind Boost', 'Mudoon', 'Garu']
['Rakukaja', 'Magarudyne', 'Mudoon', 'Dodge Wind']
['Maragi', 'Magaru', 'Wind Boost', 'Dodge Wind']
['Garu', 'Zio', 'Mudoon', 'High Counter']
['Dodge Wind', 'Wind Boost', 'Provoke', 'Mudoon']
['Mudoon', 'Wind Boost', 'Dodge Wind', 'Rakukaja']
['Bufu', 'Mudoon', 'Magaru', 'Wind Boost']
['Mudoon', 'Tentarafoo', 'Wind Boost', 'Zio']
['Dodge Wind', 'High Counter', 'Mudoon', 'Wind Boost']
['Wind Boost', 'Mudoon', 'Maziodyne', 'Bufu']
['Wind Boost', 'Mudoon', 'Provoke', 'Magaru']
['Mudoon', 'Virus Breath', 'Provoke', 'Wind Boost']
['Dodge Wind', 'Rebellion', 'Mudoon', 'Garu']
['Mudoon', 'Garu', 'Wind Boost', 'Zio']
['Zio', 'Maziodyne', 'Mudoon', 'Magaru']
['Wind Boost', 'Rebellion', 'Bufu', 'Dodge Wind']
['Mudoon', 'Provoke', 'Rebellion', 'Maziodyne']
['Bufu', 'Magarudyne', 'Mudoon', 'Wind Boost']
['Virus Breath', 'Magarudyne', 'Bufu', 'Dodge Wind']
['Power Charge', 'Mudoon', 'Wind Boost', 'Bufu']
['Provoke', 'Foul Breath', 'Maragi', 'Garu']
['Mudoon', 'Dodge Wind', 'Dekaja', 'Wind Boost']
['Mudoon', 'Maziodyne', 'Bufu', 'Wind Boost']
['Zio', 'Bufu', 'Rakukaja', 'Maragi']
['Wind Boost', 'Dodge Wind', 'Mudoon', 'Rebellion']
['Bufu', 'Dekaja', 'Mudoon', 'Foul Breath']
['Provoke', 'Foul Breath', 'Rakukaja', 'High Counter']
['Mudoon', 'Garu', 'Tentarafoo', 'Bufu']
['Mudoon', 'High Counter', 'Wind Boost', 'Dodge Wind']
['Mudoon', 'Dodge Wind', 'Garu', 'High Counter']
['Mudoon', 'Foul Breath', 'Garu', 'Power Charge']
['Dodge Wind', 'Mudoon', 'Garu', 'Wind Boost']
['Mudoon', 'Wind Boost', 'Magarudyne', 'Bufu']
['Dodge Wind', 'Wind Boost', 'Mudoon', 'Bufu']
['Maragi', 'Bufu', 'Zio', 'Mudoon']
['Provoke', 'Zio', 'Maragi', 'Rakukaja']
['Mudoon', 'Dodge Wind', 'High Counter', 'Provoke']
['Rebellion', 'Mudoon', 'Maragi', 'Foul Breath']
['Mudoon', 'Magaru', 'Magarudyne', 'Wind Boost']
['Provoke', 'Mudoon', 'Zio', 'Wind Boost']
['Mudoon', 'Tentarafoo', 'Dodge Wind', 'Power Charge']
['Dodge Wind', 'Wind Boost', 'Mudoon', 'Maragi']
['Mudoon', 'Magaru', 'Zio', 'Rebellion']
['High Counter', 'Garu', 'Bufu', 'Mudoon']
['Mudoon', 'Wind Boost', 'Rakukaja', 'Bufu']
['Mudoon', 'Wind Boost', 'Zio', 'Bufu']
['Mudoon', 'Provoke', 'Garu', 'Rebellion']
['Wind Boost', 'High Counter', 'Dodge Wind', 'Magaru']
['Makarakarn', 'Mudoon', 'High Counter', 'Foul Breath']
['Wind Boost', 'Garu', 'Mudoon', 'Provoke']
['Zio', 'High Counter', 'Bufu', 'Mudoon']
['Wind Boost', 'Virus Breath', 'Dodge Wind', 'Mudoon']
['Mudoon', 'Wind Boost', 'Bufu', 'Provoke']
['Magarudyne', 'Wind Boost', 'Mudoon', 'High Counter']
['Mudoon', 'Garu', 'Dodge Wind', 'High Counter']
['Garu', 'Wind Boost', 'Mudoon', 'Dekaja']
['Dodge Wind', 'Power Charge', 'Zio', 'Virus Breath']
['Garu', 'Mudoon', 'High Counter', 'Dodge Wind']
['Zio', 'Garu', 'High Counter', 'Dodge Wind']
['Rebellion', 'Maragi', 'Mudoon', 'Tentarafoo']
['Mudoon', 'Wind Boost', 'High Counter', 'Dodge Wind']
['Mudoon', 'Bufu', 'Maziodyne', 'Rebellion']
['Dodge Wind', 'Mudoon', 'Rebellion', 'Magarudyne']
['Wind Boost', 'Magaru', 'Maragi', 'Bufu']
['Mudoon', 'High Counter', 'Garu', 'Dodge Wind']
['Magaru', 'Mudoon', 'Wind Boost', 'Maragi']
['Mudoon', 'Bufu', 'Maragi', 'Zio']
['Virus Breath', 'Maragi', 'Garu', 'Wind Boost']
['Zio', 'Provoke', 'Garu', 'Tentarafoo']
['Garu', 'Bufu', 'Magaru', 'Mudoon']
['Mudoon', 'Rebellion', 'Rakukaja', 'Wind Boost']
['Mudoon', 'Wind Boost', 'Rebellion', 'Magarudyne']
['Mudoon', 'Wind Boost', 'Rakukaja', 'Rebellion']
['Mudoon', 'Dekaja', 'Dodge Wind', 'Tentarafoo']
['Wind Boost', 'Mudoon', 'Tentarafoo', 'Provoke']
['Tentarafoo', 'Bufu', 'Garu', 'Dekaja']
['Mudoon', 'Garu', 'Zio', 'Wind Boost']
['Power Charge', 'Magaru', 'Mudoon', 'Dodge Wind']
['Maragi', 'Wind Boost', 'Zio', 'Mudoon']
['Mudoon', 'Bufu', 'Wind Boost', 'High Counter']
['Mudoon', 'Rakukaja', 'Bufu', 'Tentarafoo']
['Mudoon', 'Rakukaja', 'Wind Boost', 'Dodge Wind']
['Mudoon', 'Bufu', 'Foul Breath', 'Garu']
['Magaru', 'Rebellion', 'Wind Boost', 'Garu']
['Wind Boost', 'Dodge Wind', 'Mudoon', 'Maziodyne']
['Rakukaja', 'Rebellion', 'Wind Boost', 'Provoke']
['Wind Boost', 'Zio', 'Power Charge', 'Rebellion']
['Wind Boost', 'Mudoon', 'Virus Breath', 'Dodge Wind']
['Dekaja', 'Magaru', 'Foul Breath', 'Bufu']
['Dodge Wind', 'Maragi', 'Garu', 'Wind Boost']
['Virus Breath', 'Wind Boost', 'Mudoon', 'Zio']
['Provoke', 'Rakukaja', 'Zio', 'Dodge Wind']
['Maragi', 'Magaru', 'Garu', 'Zio']
['Mudoon', 'Maziodyne', 'Bufu', 'Magaru']
['Zio', 'Mudoon', 'Garu', 'Rebellion']
['Garu', 'Mudoon', 'Dodge Wind', 'Provoke']
['Virus Breath', 'Wind Boost', 'Mudoon', 'High Counter']
['Mudoon', 'Wind Boost', 'Zio', 'Foul Breath']
['Dodge Wind', 'Rakukaja', 'Wind Boost', 'Mudoon']
['Wind Boost', 'Mudoon', 'Zio', 'High Counter']
['Rebellion', 'Maziodyne', 'High Counter', 'Virus Breath']
['Mudoon', 'Rakukaja', 'Power Charge', 'Wind Boost']
['Bufu', 'Magaru', 'Garu', 'Maragi']
['Maragi', 'Rebellion', 'Bufu', 'Dodge Wind']
['Zio', 'Mudoon', 'Dodge Wind', 'Bufu']
['Provoke', 'Zio', 'High Counter', 'Mudoon']
['Wind Boost', 'Dekaja', 'Zio', 'Magaru']
['High Counter', 'Dodge Wind', 'Mudoon', 'Provoke']
['Bufu', 'Wind Boost', 'Rakukaja', 'Zio']
['Mudoon', 'Wind Boost', 'Dodge Wind', 'Rakukaja']
['Dodge Wind', 'Mudoon', 'Wind Boost', 'Garu']
['Wind Boost', 'Bufu', 'Mudoon', 'Zio']
['Wind Boost', 'Mudoon', 'Bufu', 'High Counter']
['Mudoon', 'Wind Boost', 'Zio', 'Dekaja']
['Mudoon', 'Rakukaja', 'High Counter', 'Wind Boost']
['Wind Boost', 'Zio', 'Dodge Wind', 'Mudoon']
['Dodge Wind', 'Bufu', 'Mudoon', 'Foul Breath']
['Mudoon', 'Dodge Wind', 'High Counter', 'Maragi']
['Dodge Wind', 'Zio', 'Mudoon', 'Wind Boost']
['Garu', 'Zio', 'Dodge Wind', 'Mudoon']
['High Counter', 'Dodge Wind', 'Wind Boost', 'Maragi']
['Garu', 'Dodge Wind', 'Mudoon', 'Wind Boost']
['Wind Boost', 'Mudoon', 'High Counter', 'Rakukaja']
['Mudoon', 'Bufu', 'High Counter', 'Dodge Wind']
['Wind Boost', 'Mudoon', 'High Counter', 'Dodge Wind']
['Magaru', 'Mudoon', 'Dodge Wind', 'Garu']
['Wind Boost', 'Garu', 'Bufu', 'Zio']
['Rakukaja', 'Mudoon', 'Bufu', 'Wind Boost']
['Dodge Wind', 'Mudoon', 'High Counter', 'Dekaja']
['Wind Boost', 'Mudoon', 'Bufu', 'High Counter']
['Wind Boost', 'Mudoon', 'Garu', 'Magaru']
['Garu', 'Dodge Wind', 'Mudoon', 'Magaru']
['Mudoon', 'Wind Boost', 'Rebellion', 'Virus Breath']
['Dodge Wind', 'High Counter', 'Mudoon', 'Rebellion']
['Mudoon', 'Tentarafoo', 'Rakukaja', 'Bufu']
['Wind Boost', 'Dodge Wind', 'High Counter', 'Foul Breath']
['Wind Boost', 'High Counter', 'Mudoon', 'Bufu']
['Mudoon', 'Zio', 'Maziodyne', 'Rakukaja']
['Mudoon', 'Zio', 'Provoke', 'Wind Boost']
['Rebellion', 'Rakukaja', 'Mudoon', 'Bufu']
['Zio', 'Rebellion', 'Magarudyne', 'Wind Boost']
['Wind Boost', 'Mudoon', 'Zio', 'Garu']
['Dodge Wind', 'Virus Breath', 'Wind Boost', 'Mudoon']
['Mudoon', 'Wind Boost', 'Dodge Wind', 'High Counter']
['Mudoon', 'Zio', 'Rebellion', 'Dodge Wind']
['Bufu', 'Rakukaja', 'Makarakarn', 'Tentarafoo']
['Wind Boost', 'Foul Breath', 'Tentarafoo', 'Magaru']
['Wind Boost', 'Mudoon', 'Bufu', 'Rakukaja']
['Mudoon', 'Power Charge', 'Zio', 'Magaru']
['Wind Boost', 'Dodge Wind', 'Magaru', 'Dekaja']
['Mudoon', 'High Counter', 'Dodge Wind', 'Rebellion']
['Dodge Wind', 'Wind Boost', 'Mudoon', 'Bufu']
['Mudoon', 'Wind Boost', 'Garu', 'Tentarafoo']
['Mudoon', 'Maragi', 'Bufu', 'Dodge Wind']
['Mudoon', 'Garu', 'Magarudyne', 'High Counter']
['Bufu', 'Wind Boost', 'Garu', 'Maragi']
['Mudoon', 'Zio', 'Wind Boost', 'Magaru']
['Dodge Wind', 'Mudoon', 'High Counter', 'Power Charge']
['High Counter', 'Foul Breath', 'Mudoon', 'Rebellion']
['High Counter', 'Magaru', 'Zio', 'Wind Boost']
['Mudoon', 'Wind Boost', 'Bufu', 'High Counter']
['Mudoon', 'Maziodyne', 'Garu', 'Rebellion']
['Dodge Wind', 'Rakukaja', 'Wind Boost', 'Mudoon']
['Virus Breath', 'Bufu', 'Mudoon', 'Makarakarn']
['Provoke', 'Mudoon', 'Wind Boost', 'Garu']
['Garu', 'Mudoon', 'Zio', 'Dodge Wind']
['Mudoon', 'Dodge Wind', 'Magaru', 'Wind Boost']
['Maragi', 'Wind Boost', 'Provoke', 'Dodge Wind']
['Zio', 'Mudoon', 'Wind Boost', 'Maragi']
['Garu', 'Wind Boost', 'Dodge Wind', 'Foul Breath']
['Dodge Wind', 'Wind Boost', 'High Counter', 'Bufu']
['Mudoon', 'Power Charge', 'Wind Boost', 'Zio']
['Wind Boost', 'Mudoon', 'Zio', 'Rebellion']
['Mudoon', 'Wind Boost', 'High Counter', 'Dekaja']
['High Counter', 'Rakukaja', 'Garu', 'Provoke']
['Bufu', 'Foul Breath', 'Dodge Wind', 'Tentarafoo']
['Bufu', 'Dodge Wind', 'High Counter', 'Zio']
['Zio', 'High Counter', 'Mudoon', 'Tentarafoo']
['High Counter', 'Zio', 'Wind Boost', 'Power Charge']
['Foul Breath', 'Provoke', 'Zio', 'Mudoon']
['Dodge Wind', 'Wind Boost', 'Zio', 'Mudoon']
['Rakukaja', 'High Counter', 'Garu', 'Mudoon']
['Garu', 'Wind Boost', 'Zio', 'Maragi']
['Mudoon', 'Maragi', 'Garu', 'Magarudyne']
['Bufu', 'Mudoon', 'Wind Boost', 'Garu']
['Virus Breath', 'Mudoon', 'Rebellion', 'Wind Boost']
['Wind Boost', 'High Counter', 'Mudoon', 'Power Charge']
['Dodge Wind', 'Wind Boost', 'Mudoon', 'Provoke']
['Rakukaja', 'Virus Breath', 'Wind Boost', 'Rebellion']
['Maragi', 'Mudoon', 'Garu', 'High Counter']
['Mudoon', 'Provoke', 'Tentarafoo', 'Rakukaja']
['Mudoon', 'Garu', 'Wind Boost', 'Foul Breath']
['Dodge Wind', 'Mudoon', 'Virus Breath', 'Zio']
['Dodge Wind', 'Maragi', 'Mudoon', 'Rebellion']
['Dodge Wind', 'Wind Boost', 'Mudoon', 'Bufu']
['Rebellion', 'Zio', 'Wind Boost', 'Mudoon']
['Mudoon', 'High Counter', 'Wind Boost', 'Bufu']
['Maragi', 'Mudoon', 'Wind Boost', 'Virus Breath']
['Tentarafoo', 'Foul Breath', 'Dekaja', 'Mudoon']
['Garu', 'Mudoon', 'Bufu', 'Wind Boost']
['Mudoon', 'Garu', 'Zio', 'Wind Boost']
['Mudoon', 'Bufu', 'Virus Breath', 'Dodge Wind']
['Bufu', 'Wind Boost', 'Zio', 'Mudoon']
['Wind Boost', 'Zio', 'Foul Breath', 'Rakukaja']
['Provoke', 'Rakukaja', 'Wind Boost', 'Mudoon']
['Mudoon', 'Wind Boost', 'Foul Breath', 'Garu']
['Mudoon', 'Wind Boost', 'Zio', 'Magaru']
['Rebellion', 'Dekaja', 'Virus Breath', 'Mudoon']
['Tentarafoo', 'Zio', 'Mudoon', 'Provoke']
['Dodge Wind', 'Garu', 'Mudoon', 'Rebellion']
['Garu', 'Maragi', 'Wind Boost', 'Makarakarn']
['Mudoon', 'Garu', 'Bufu', 'Rebellion']
['High Counter', 'Mudoon', 'Zio', 'Tentarafoo']
['Dodge Wind', 'Wind Boost', 'Provoke', 'Zio']
['Magaru', 'Magarudyne', 'Dodge Wind', 'Zio']
['Mudoon', 'Bufu', 'Dodge Wind', 'Garu']
['Dodge Wind', 'Maziodyne', 'Wind Boost', 'Zio']
['Mudoon', 'Provoke', 'Bufu', 'Dodge Wind']
['Wind Boost', 'Bufu', 'Dodge Wind', 'Mudoon']
['Magaru', 'Dodge Wind', 'High Counter', 'Mudoon']
['Magaru', 'Foul Breath', 'Rebellion', 'Garu']
['Mudoon', 'Dodge Wind', 'Bufu', 'Wind Boost']
['Mudoon', 'Wind Boost', 'Zio', 'Power Charge']
['Mudoon', 'Dodge Wind', 'Wind Boost', 'Garu']
['Mudoon', 'Provoke', 'Bufu', 'Dodge Wind']
['Magarudyne', 'Wind Boost', 'Mudoon', 'Dodge Wind']
['High Counter', 'Wind Boost', 'Maragi', 'Garu']
['Bufu', 'Dodge Wind', 'Provoke', 'Rakukaja']
['Mudoon', 'Zio', 'Virus Breath', 'Maragi']
['Wind Boost', 'High Counter', 'Bufu', 'Mudoon']
['Virus Breath', 'Garu', 'Rebellion', 'Mudoon']
['Zio', 'Mudoon', 'Wind Boost', 'Maragi']
['Power Charge', 'Maragi', 'Dodge Wind', 'Wind Boost']
['Bufu', 'High Counter', 'Wind Boost', 'Zio']
['Garu', 'Rebellion', 'Rakukaja', 'Wind Boost']
['Magaru', 'High Counter', 'Zio', 'Dodge Wind']
['Mudoon', 'Dodge Wind', 'Zio', 'Bufu']
['Mudoon', 'Dodge Wind', 'Garu', 'Rakukaja']
['Dodge Wind', 'Mudoon', 'Wind Boost', 'Maragi']
['Dodge Wind', 'Zio', 'Mudoon', 'Foul Breath']
['Mudoon', 'Zio', 'Dodge Wind', 'Rakukaja']
['Mudoon', 'High Counter', 'Dekaja', 'Wind Boost']
['Wind Boost', 'Mudoon', 'Rebellion', 'Bufu']
['Dodge Wind', 'Mudoon', 'Foul Breath', 'Zio']
['Mudoon', 'Dodge Wind', 'Wind Boost', 'Provoke']
['Mudoon', 'Zio', 'Bufu', 'Virus Breath']
['Provoke', 'Foul Breath', 'Mudoon', 'Magaru']
['Mudoon', 'Zio', 'Dodge Wind', 'Wind Boost']
['Bufu', 'Mudoon', 'Wind Boost', 'Garu']
['Mudoon', 'Rebellion', 'Virus Breath', 'Foul Breath']
['Mudoon', 'Wind Boost', 'Dodge Wind', 'Zio']
['Makarakarn', 'Mudoon', 'Dodge Wind', 'Garu']
['Dodge Wind', 'Foul Breath', 'Maziodyne', 'Garu']
['Mudoon', 'Dodge Wind', 'Zio', 'High Counter']
['Wind Boost', 'Mudoon', 'Dodge Wind', 'Zio']
['Mudoon', 'Rakukaja', 'Wind Boost', 'High Counter']
['Mudoon', 'Dekaja', 'Foul Breath', 'Dodge Wind']
['Maziodyne', 'Zio', 'Wind Boost', 'High Counter']
['Mudoon', 'Bufu', 'Maragi', 'Zio']
['Wind Boost', 'High Counter', 'Bufu', 'Mudoon']
['Mudoon', 'Wind Boost', 'Garu', 'Power Charge']
['Magarudyne', 'Mudoon', 'Makarakarn', 'Zio']
['Dekaja', 'Rebellion', 'Mudoon', 'Dodge Wind']
['Bufu', 'Dekaja', 'Garu', 'Mudoon']
['Mudoon', 'Zio', 'Dodge Wind', 'High Counter']
['Bufu', 'Dodge Wind', 'Mudoon', 'Provoke']
['Mudoon', 'Zio', 'Foul Breath', 'Dodge Wind']
['Mudoon', 'Tentarafoo', 'High Counter', 'Dodge Wind']
['Wind Boost', 'Mudoon', 'Rakukaja', 'Rebellion']
['Mudoon', 'Magarudyne', 'High Counter', 'Rakukaja']
['High Counter', 'Garu', 'Bufu', 'Wind Boost']
['Maragi', 'High Counter', 'Mudoon', 'Wind Boost']
['Garu', 'Magarudyne', 'Zio', 'Rebellion']
['Mudoon', 'Wind Boost', 'Rebellion', 'Zio']
['Wind Boost', 'Dodge Wind', 'Provoke', 'Mudoon']
['Mudoon', 'Wind Boost', 'Garu', 'High Counter']
['Rakukaja', 'Mudoon', 'Wind Boost', 'Virus Breath']
['Mudoon', 'Provoke', 'Virus Breath', 'High Counter']
['Dodge Wind', 'Rakukaja', 'Tentarafoo', 'Makarakarn']
['Mudoon', 'Bufu', 'Wind Boost', 'Tentarafoo']
['Mudoon', 'Magaru', 'Dodge Wind', 'Wind Boost']
['Zio', 'Magaru', 'Bufu', 'High Counter']
['Zio', 'Tentarafoo', 'Bufu', 'Mudoon']
['Wind Boost', 'Rakukaja', 'Zio', 'Foul Breath']
['Mudoon', 'High Counter', 'Zio', 'Dekaja']
['Dodge Wind', 'Bufu', 'Mudoon', 'Wind Boost']
['Magaru', 'Maragi', 'Mudoon', 'Wind Boost']
['Wind Boost', 'Zio', 'High Counter', 'Mudoon']
['Mudoon', 'Zio', 'Rakukaja', 'Wind Boost']
['Dodge Wind', 'Rakukaja', 'Wind Boost', 'Maragi']
['Wind Boost', 'Magaru', 'High Counter', 'Dekaja']
['Dodge Wind', 'Mudoon', 'Dekaja', 'Rakukaja']
['Mudoon', 'Wind Boost', 'High Counter', 'Zio']
['Wind Boost', 'Dodge Wind', 'Magaru', 'High Counter']
['High Counter', 'Rakukaja', 'Tentarafoo', 'Mudoon']
['Provoke', 'Zio', 'Mudoon', 'Wind Boost']
['Dodge Wind', 'Zio', 'Mudoon', 'Foul Breath']
['Garu', 'Mudoon', 'Bufu', 'Zio']
['Tentarafoo', 'Dodge Wind', 'Wind Boost', 'Mudoon']
['Wind Boost', 'Mudoon', 'Rakukaja', 'Dodge Wind']
['Garu', 'Wind Boost', 'Maziodyne', 'Dodge Wind']
['Provoke', 'Dodge Wind', 'Mudoon', 'Wind Boost']
['Dodge Wind', 'Wind Boost', 'Mudoon', 'Dekaja']
['Wind Boost', 'Virus Breath', 'Garu', 'Zio']
['Zio', 'Dodge Wind', 'Mudoon', 'Garu']
['Mudoon', 'Wind Boost', 'Dodge Wind', 'Magaru']
['Dodge Wind', 'Foul Breath', 'Wind Boost', 'Bufu']
['Mudoon', 'Zio', 'Bufu', 'Virus Breath']
['Wind Boost', 'Rebellion', 'Dodge Wind', 'Rakukaja']
['Dodge Wind', 'Wind Boost', 'Magaru', 'Mudoon']
['Dodge Wind', 'High Counter', 'Mudoon', 'Wind Boost']
['Mudoon', 'Zio', 'Rebellion', 'Dodge Wind']
['High Counter', 'Magarudyne', 'Mudoon', 'Zio']
['Mudoon', 'Dodge Wind', 'Rebellion', 'High Counter']
['Magaru', 'Rebellion', 'Virus Breath', 'Zio']
['Rakukaja', 'Mudoon', 'Dodge Wind', 'Rebellion']
['High Counter', 'Dodge Wind', 'Garu', 'Bufu']
['Wind Boost', 'High Counter', 'Zio', 'Mudoon']
['High Counter', 'Rakukaja', 'Maziodyne', 'Dodge Wind']
['Wind Boost', 'Mudoon', 'Dodge Wind', 'Provoke']
['Bufu', 'Mudoon', 'Maziodyne', 'Wind Boost']
['Mudoon', 'Wind Boost', 'Rebellion', 'Foul Breath']
['Dekaja', 'Dodge Wind', 'Foul Breath', 'Bufu']
['Bufu', 'Foul Breath', 'Makarakarn', 'Wind Boost']
['Foul Breath', 'Provoke', 'High Counter', 'Mudoon']
['Bufu', 'High Counter', 'Provoke', 'Garu']
['Mudoon', 'Rakukaja', 'Rebellion', 'High Counter']
['Wind Boost', 'Mudoon', 'Garu', 'Rebellion']
['Rebellion', 'Mudoon', 'Dodge Wind', 'Wind Boost']
['Tentarafoo', 'Mudoon', 'Wind Boost', 'Dodge Wind']
['Zio', 'Wind Boost', 'Mudoon', 'Garu']
['Wind Boost', 'Mudoon', 'Garu', 'Bufu']
['Bufu', 'Dodge Wind', 'Rebellion', 'Mudoon']
['Bufu', 'Mudoon', 'Dekaja', 'Rakukaja']
['Tentarafoo', 'Maziodyne', 'Mudoon', 'Dodge Wind']
['Garu', 'Wind Boost', 'Bufu', 'Mudoon']
['Magaru', 'Rebellion', 'Dodge Wind', 'Mudoon']
['Dodge Wind', 'Rakukaja', 'Maragi', 'High Counter']
['Wind Boost', 'Mudoon', 'Rebellion', 'Dekaja']
['Zio', 'Wind Boost', 'Rakukaja', 'Maragi']
['Power Charge', 'Dodge Wind', 'Mudoon', 'Foul Breath']
['Maragi', 'Mudoon', 'Foul Breath', 'Rebellion']
['Mudoon', 'Foul Breath', 'Bufu', 'Provoke']
['Mudoon', 'Rakukaja', 'Bufu', 'Dodge Wind']
['Maragi', 'Rebellion', 'Wind Boost', 'Mudoon']
['Bufu', 'Mudoon', 'Rakukaja', 'Garu']
['Rakukaja', 'Dodge Wind', 'Mudoon', 'Bufu']
['Zio', 'Dodge Wind', 'Mudoon', 'Magaru']
['Maziodyne', 'Wind Boost', 'Provoke', 'Dekaja']
['Bufu', 'Garu', 'Mudoon', 'Dodge Wind']
['Dodge Wind', 'Wind Boost', 'Mudoon', 'Magaru']
['Wind Boost', 'Zio', 'Dekaja', 'Dodge Wind']
['Mudoon', 'Wind Boost', 'Provoke', 'Garu']
['Foul Breath', 'Magarudyne', 'High Counter', 'Dodge Wind']
['Wind Boost', 'Maragi', 'Garu', 'Dodge Wind']
['Bufu', 'High Counter', 'Power Charge', 'Dodge Wind']
['Mudoon', 'Virus Breath', 'Wind Boost', 'Rebellion']
['Wind Boost', 'Mudoon', 'Bufu', 'Maragi']
['Wind Boost', 'Provoke', 'Mudoon', 'Dodge Wind']
['High Counter', 'Wind Boost', 'Mudoon', 'Dodge Wind']
['Rebellion', 'Garu', 'Power Charge', 'Dodge Wind']
['Zio', 'Bufu', 'Dodge Wind', 'Wind Boost']
['Mudoon', 'Rebellion', 'Garu', 'Wind Boost']
['Provoke', 'Dodge Wind', 'Mudoon', 'Wind Boost']
['Wind Boost', 'Magaru', 'Magarudyne', 'Dodge Wind']
['High Counter', 'Garu', 'Provoke', 'Maziodyne']
['Mudoon', 'Dodge Wind', 'Virus Breath', 'High Counter']
['Maragi', 'Mudoon', 'Garu', 'Rakukaja']
['Mudoon', 'High Counter', 'Magaru', 'Garu']
['Bufu', 'Wind Boost', 'Provoke', 'Dodge Wind']
['Dodge Wind', 'Mudoon', 'Bufu', 'Zio']
['Bufu', 'Maragi', 'Wind Boost', 'Mudoon']
['Maragi', 'Mudoon', 'High Counter', 'Rebellion']
['Wind Boost', 'Bufu', 'Dekaja', 'Mudoon']
['Mudoon', 'Wind Boost', 'Rebellion', 'Provoke']
['Wind Boost', 'Dodge Wind', 'Mudoon', 'Rebellion']
['Mudoon', 'High Counter', 'Wind Boost', 'Zio']
['Mudoon', 'Zio', 'Rebellion', 'Provoke']
['Wind Boost', 'Tentarafoo', 'Mudoon', 'Garu']
['Tentarafoo', 'High Counter', 'Wind Boost', 'Foul Breath']
['Mudoon', 'Dodge Wind', 'Magaru', 'Bufu']
['Provoke', 'Mudoon', 'Wind Boost', 'Rakukaja']
['High Counter', 'Maragi', 'Provoke', 'Mudoon']
['Mudoon', 'Garu', 'Power Charge', 'Dodge Wind']
['Mudoon', 'Dodge Wind', 'Power Charge', 'Zio']
['Mudoon', 'Dodge Wind', 'Garu', 'Provoke']
['Foul Breath', 'Bufu', 'Maragi', 'Dodge Wind']
['Wind Boost', 'Dodge Wind', 'Virus Breath', 'Power Charge']
['Mudoon', 'Zio', 'Bufu', 'Wind Boost']
['Provoke', 'Foul Breath', 'Rebellion', 'Garu']
['Wind Boost', 'Mudoon', 'Zio', 'Magaru']
['Mudoon', 'Bufu', 'Provoke', 'Wind Boost']
['Provoke', 'Rakukaja', 'Bufu', 'Mudoon']
['Zio', 'Mudoon', 'Bufu', 'Garu']
['Bufu', 'Mudoon', 'Provoke', 'Rebellion']
['Mudoon', 'Wind Boost', 'High Counter', 'Garu']
['Provoke', 'Rakukaja', 'Dodge Wind', 'High Counter']
['Garu', 'Bufu', 'Mudoon', 'Wind Boost']
['Magaru', 'Garu', 'Rakukaja', 'Mudoon']
['Garu', 'Mudoon', 'Rebellion', 'Wind Boost']
['Garu', 'Power Charge', 'Zio', 'Mudoon']
['Wind Boost', 'Mudoon', 'Magaru', 'Bufu']
['Wind Boost', 'Bufu', 'Maragi', 'Dodge Wind']
['Mudoon', 'Garu', 'Wind Boost', 'Provoke']
['Maragi', 'Garu', 'Zio', 'Mudoon']
['Mudoon', 'High Counter', 'Maragi', 'Foul Breath']
['Mudoon', 'Zio', 'Provoke', 'High Counter']
['Garu', 'Maziodyne', 'Wind Boost', 'Mudoon']
['High Counter', 'Wind Boost', 'Garu', 'Maragi']
['Wind Boost', 'Zio', 'Mudoon', 'Dodge Wind']
['Mudoon', 'High Counter', 'Power Charge', 'Garu']
['Bufu', 'Makarakarn', 'Zio', 'Dodge Wind']
['Wind Boost', 'Dodge Wind', 'Bufu', 'Mudoon']
['Bufu', 'Magaru', 'Mudoon', 'Rakukaja']
['Garu', 'Rebellion', 'Mudoon', 'Wind Boost']
['Mudoon', 'Magarudyne', 'Wind Boost', 'Zio']
['Wind Boost', 'Zio', 'Mudoon', 'Maziodyne']
['Mudoon', 'Wind Boost', 'Garu', 'Foul Breath']
['Wind Boost', 'Dodge Wind', 'Bufu', 'Rakukaja']
['Tentarafoo', 'Mudoon', 'Foul Breath', 'Rebellion']
['Mudoon', 'Maragi', 'Zio', 'High Counter']
['Mudoon', 'Garu', 'Power Charge', 'Magaru']
['Mudoon', 'Garu', 'Dodge Wind', 'Wind Boost']
['Zio', 'Dekaja', 'Garu', 'Rakukaja']
['Dodge Wind', 'Mudoon', 'Bufu', 'Maragi']
['Bufu', 'Mudoon', 'High Counter', 'Provoke']
['Makarakarn', 'Bufu', 'Wind Boost', 'Dodge Wind']
['High Counter', 'Maragi', 'Mudoon', 'Bufu']
['Mudoon', 'Wind Boost', 'Zio', 'High Counter']
['Rebellion', 'Garu', 'Mudoon', 'Bufu']
['Mudoon', 'Provoke', 'Bufu', 'Zio']
['Zio', 'Dodge Wind', 'Provoke', 'Mudoon']
['Garu', 'Mudoon', 'Wind Boost', 'Magaru']
['Mudoon', 'Provoke', 'Zio', 'Magaru']
['Mudoon', 'Magaru', 'Bufu', 'Foul Breath']
['Rebellion', 'Wind Boost', 'Rakukaja', 'Mudoon']
['Zio', 'Dekaja', 'Mudoon', 'Wind Boost']
['Wind Boost', 'Provoke', 'Dodge Wind', 'Garu']
['Dodge Wind', 'Maragi', 'Wind Boost', 'Magaru']
['Dodge Wind', 'Wind Boost', 'Bufu', 'High Counter']
['Mudoon', 'Dodge Wind', 'Rebellion', 'Garu']
['Mudoon', 'Bufu', 'Garu', 'Wind Boost']
['Garu', 'Rakukaja', 'Mudoon', 'Magaru']
['Mudoon', 'Dodge Wind', 'Maragi', 'Bufu']
['High Counter', 'Wind Boost', 'Garu', 'Rakukaja']
['Dodge Wind', 'High Counter', 'Mudoon', 'Zio']
['Zio', 'Wind Boost', 'Virus Breath', 'Power Charge']
['Mudoon', 'Wind Boost', 'Dodge Wind', 'Zio']
['Mudoon', 'Provoke', 'Garu', 'Magarudyne']
['Dodge Wind', 'Foul Breath', 'Provoke', 'Dekaja']
['Dodge Wind', 'Zio', 'Rebellion', 'Bufu']
['High Counter', 'Wind Boost', 'Mudoon', 'Magaru']
['Foul Breath', 'Wind Boost', 'Virus Breath', 'Makarakarn']
['Mudoon', 'Wind Boost', 'Maragi', 'Dodge Wind']
['Makarakarn', 'Foul Breath', 'Maziodyne', 'Wind Boost']
['High Counter', 'Mudoon', 'Rebellion', 'Foul Breath']
['Wind Boost', 'Mudoon', 'Dodge Wind', 'Magaru']
['Wind Boost', 'High Counter', 'Mudoon', 'Makarakarn']
['Zio', 'Wind Boost', 'Rebellion', 'Dodge Wind']
['Maragi', 'Magaru', 'Foul Breath', 'Garu']
['Bufu', 'Zio', 'High Counter', 'Provoke']
['Mudoon', 'Dodge Wind', 'Foul Breath', 'Wind Boost']
['Zio', 'Garu', 'Dodge Wind', 'Mudoon']
['Makarakarn', 'Mudoon', 'Rakukaja', 'Foul Breath']
['Rebellion', 'Mudoon', 'Foul Breath', 'High Counter']
['Dodge Wind', 'Wind Boost', 'Rakukaja', 'Rebellion']
['Wind Boost', 'Mudoon', 'Zio', 'Bufu']
['Dekaja', 'Zio', 'Mudoon', 'Provoke']
['Foul Breath', 'Mudoon', 'Virus Breath', 'Zio']
['Maragi', 'Bufu', 'Foul Breath', 'High Counter']
['Mudoon', 'Maragi', 'Dodge Wind', 'Bufu']
['Dodge Wind', 'Mudoon', 'Dekaja', 'Wind Boost']
['Magaru', 'Foul Breath', 'Wind Boost', 'High Counter']
['Bufu', 'Wind Boost', 'Mudoon', 'Garu']
['Power Charge', 'Maragi', 'Bufu', 'Virus Breath']
['Wind Boost', 'Mudoon', 'Foul Breath', 'Tentarafoo']
['High Counter', 'Wind Boost', 'Rakukaja', 'Garu']
['Dodge Wind', 'Bufu', 'Mudoon', 'Rakukaja']
['High Counter', 'Wind Boost', 'Mudoon', 'Bufu']
['Bufu', 'Magarudyne', 'Provoke', 'Power Charge']
['Wind Boost', 'Bufu', 'Provoke', 'Mudoon']
['Dodge Wind', 'Mudoon', 'Wind Boost', 'Zio']
['Mudoon', 'Bufu', 'Makarakarn', 'Dodge Wind']
['Foul Breath', 'Tentarafoo', 'Rakukaja', 'Provoke']
['Dodge Wind', 'Bufu', 'Foul Breath', 'Mudoon']
['Dodge Wind', 'Wind Boost', 'Tentarafoo', 'Mudoon']
['Mudoon', 'Wind Boost', 'Dekaja', 'Maragi']
['Mudoon', 'Wind Boost', 'Rakukaja', 'Rebellion']
['Wind Boost', 'Garu', 'Mudoon', 'Rebellion']
['Garu', 'Mudoon', 'Wind Boost', 'Virus Breath']
['Bufu', 'Dodge Wind', 'Wind Boost', 'Rebellion']
['Garu', 'Wind Boost', 'Maragi', 'Dodge Wind']
['Mudoon', 'High Counter', 'Tentarafoo', 'Zio']
['Bufu', 'Mudoon', 'Dekaja', 'Dodge Wind']
['Mudoon', 'Magaru', 'Garu', 'Zio']
['Wind Boost', 'Zio', 'Magarudyne', 'Garu']
['Provoke', 'Rebellion', 'Maragi', 'Bufu']
['Mudoon', 'High Counter', 'Rakukaja', 'Wind Boost']
['Dodge Wind', 'Mudoon', 'Magaru', 'Rakukaja']
['Dodge Wind', 'Foul Breath', 'Mudoon', 'Zio']
['Dodge Wind', 'Wind Boost', 'High Counter', 'Bufu']
['High Counter', 'Zio', 'Bufu', 'Garu']
['Dodge Wind', 'High Counter', 'Mudoon', 'Maragi']
['Zio', 'Mudoon', 'Magaru', 'Wind Boost']
['Zio', 'Mudoon', 'High Counter', 'Wind Boost']
['Mudoon', 'Foul Breath', 'Bufu', 'Wind Boost']
['Garu', 'Mudoon', 'Rakukaja', 'Dodge Wind']
['Mudoon', 'Tentarafoo', 'Wind Boost', 'Garu']
['Garu', 'Mudoon', 'Dodge Wind', 'Rakukaja']
['Dodge Wind', 'Garu', 'Maragi', 'Foul Breath']
['Zio', 'Magaru', 'Wind Boost', 'Rebellion']
['Dodge Wind', 'Mudoon', 'Power Charge', 'High Counter']
['Magaru', 'Bufu', 'Mudoon', 'Zio']
['Mudoon', 'Rakukaja', 'Zio', 'Garu']
['Dodge Wind', 'Tentarafoo', 'High Counter', 'Provoke']
['Zio', 'Rakukaja', 'Wind Boost', 'Garu']
['Mudoon', 'Magarudyne', 'Bufu', 'Dodge Wind']
['Dodge Wind', 'Wind Boost', 'Mudoon', 'Power Charge']
['Maragi', 'Zio', 'Dodge Wind', 'Power Charge']
['Power Charge', 'Zio', 'Dodge Wind', 'Mudoon']
['High Counter', 'Provoke', 'Wind Boost', 'Mudoon']
['Bufu', 'Magaru', 'Mudoon', 'High Counter']
['Bufu', 'Magaru', 'Maragi', 'Provoke']
['Zio', 'Mudoon', 'Power Charge', 'Garu']
['Mudoon', 'Foul Breath', 'Garu', 'Dodge Wind']
['Garu', 'Wind Boost', 'Mudoon', 'Maragi']
['Dodge Wind', 'Wind Boost', 'Mudoon', 'Bufu']
['Dodge Wind', 'Garu', 'High Counter', 'Mudoon']
['Mudoon', 'Garu', 'Bufu', 'Provoke']
['Wind Boost', 'Mudoon', 'Provoke', 'Garu']
['Mudoon', 'Garu', 'Magarudyne', 'Magaru']
['High Counter', 'Zio', 'Makarakarn', 'Bufu']
['Rakukaja', 'Wind Boost', 'Mudoon', 'High Counter']
['Bufu', 'Mudoon', 'Dodge Wind', 'Wind Boost']
['Mudoon', 'Rebellion', 'Bufu', 'Provoke']
['Zio', 'Mudoon', 'Foul Breath', 'Maragi']
['Mudoon', 'Wind Boost', 'Dodge Wind', 'Garu']
['Wind Boost', 'Provoke', 'Mudoon', 'Dodge Wind']
['Rebellion', 'Mudoon', 'Wind Boost', 'Power Charge']
['Wind Boost', 'Dodge Wind', 'Power Charge', 'Magarudyne']
['Magaru', 'Garu', 'Rakukaja', 'Foul Breath']
['Dodge Wind', 'Mudoon', 'Wind Boost', 'Maragi']
['Wind Boost', 'Garu', 'Bufu', 'Rebellion']
['Dodge Wind', 'Mudoon', 'Provoke', 'Wind Boost']
['Mudoon', 'Dodge Wind', 'High Counter', 'Bufu']
