['Hamaon', 'Counterstrike', 'Evil Touch', 'Elec Boost', 'Auto-Tarukaja']
['Hamaon', 'Repel Dark', 'Zio', 'Hama Boost', 'Die for Me!']
['Auto-Tarukaja', 'Mazio', 'Elec Boost', 'Hamaon', 'Marin Karin']
['Auto-Tarukaja', 'Die for Me!', 'Hamaon', 'Elec Boost', 'Resist Dark']
['Hamaon', 'Counterstrike', 'Auto-Tarukaja', 'Repel Dark', 'Hama Boost']
['Counterstrike', 'Zio', 'Hamaon', 'Charmdi', 'Pulinpa']
['Pulinpa', 'Counterstrike', 'Hamaon', 'Die for Me!', 'Elec Boost']
['Hama Boost', 'Elec Boost', 'Resist Dark', 'Die for Me!', 'Spirit Drain']
['Hamaon', 'Auto-Tarukaja', 'Hama Boost', 'Die for Me!', 'Megido']
['Dekaja', 'Resist Dark', 'Hamaon', 'Marakunda', 'Die for Me!']
['Hamaon', 'Elec Boost', 'Zio', 'Auto-Tarukaja', 'Repel Dark']
['Pulinpa', 'Charmdi', 'Resist Dark', 'Hama Boost', 'Repel Dark']
['Die for Me!', 'Zio', 'Hamaon', 'Counterstrike', 'Hama Boost']
['Auto-Tarukaja', 'Die for Me!', 'Mediarahan', 'Elec Boost', 'Charmdi']
['Hamaon', 'Zio', 'Hama Boost', 'Repel Dark', 'Elec Boost']
['Die for Me!', 'Hamaon', 'Auto-Tarukaja', 'Resist Dark', 'Elec Boost']
['Hamaon', 'Elec Boost', 'Pulinpa', 'Marakunda', 'Resist Dark']
['Elec Boost', 'Repel Dark', 'Zio', 'Auto-Tarukaja', 'Resist Dark']
['Resist Dark', 'Hamaon', 'Auto-Tarukaja', 'Counterstrike', 'Elec Boost']
['Hamaon', 'Zio', 'Repel Dark', 'Mediarahan', 'Charmdi']
['Elec Boost', 'Hamaon', 'Counterstrike', 'Zio', 'Auto-Tarukaja']
['Die for Me!', 'Auto-Tarukaja', 'Resist Dark', 'Repel Dark', 'Spirit Drain']
['Hamaon', 'Hama Boost', 'Elec Boost', 'Die for Me!', 'Pulinpa']
['Mediarahan', 'Resist Dark', 'Hamaon', 'Auto-Tarukaja', 'Die for Me!']
['Counterstrike', 'Elec Break', 'Hama Boost', 'Hamaon', 'Elec Boost']
['Hama Boost', 'Hamaon', 'Charmdi', 'Repel Dark', 'Elec Boost']
['Elec Boost', 'Charmdi', 'Hamaon', 'Pulinpa', 'Die for Me!']
['Auto-Tarukaja', 'Hama Boost', 'Zio', 'Die for Me!', 'Spirit Drain']
['Elec Boost', 'Mazio', 'Die for Me!', 'Hamaon', 'Hama Boost']
['Resist Dark', 'Marin Karin', 'Auto-Tarukaja', 'Elec Boost', 'Hamaon']
['Hama Boost', 'Dekaja', 'Hamaon', 'Marakunda', 'Resist Dark']
['Counterstrike', 'Marin Karin', 'Elec Boost', 'Hamaon', 'Dekaja']
['Mediarahan', 'Hama Boost', 'Zio', 'Zionga', 'Pulinpa']
['Hama Boost', 'Die for Me!', 'Marin Karin', 'Auto-Tarukaja', 'Hamaon']
['Charmdi', 'Pulinpa', 'Hamaon', 'Die for Me!', 'Resist Dark']
['Evil Touch', 'Zio', 'Auto-Tarukaja', 'Repel Dark', 'Zionga']
['Hamaon', 'Resist Dark', 'Marin Karin', 'Elec Boost', 'Auto-Tarukaja']
['Elec Boost', 'Resist Dark', 'Die for Me!', 'Hamaon', 'Hama Boost']
['Hamaon', 'Elec Boost', 'Repel Dark', 'Resist Dark', 'Charmdi']
['Charmdi', 'Hamaon', 'Marin Karin', 'Counterstrike', 'Megido']
['Hama Boost', 'Hamaon', 'Marakunda', 'Marin Karin', 'Elec Boost']
['Elec Boost', 'Evil Touch', 'Mediarahan', 'Mazio', 'Auto-Tarukaja']
['Repel Dark', 'Zionga', 'Die for Me!', 'Charmdi', 'Marin Karin']
['Elec Boost', 'Hamaon', 'Spirit Drain', 'Evil Touch', 'Repel Dark']
['Hama Boost', 'Resist Dark', 'Hamaon', 'Counterstrike', 'Die for Me!']
['Resist Dark', 'Hama Boost', 'Counterstrike', 'Die for Me!', 'Hamaon']
['Auto-Tarukaja', 'Elec Boost', 'Die for Me!', 'Resist Dark', 'Spirit Drain']
['Hamaon', 'Resist Dark', 'Zio', 'Marin Karin', 'Marakunda']
['Auto-Tarukaja', 'Elec Boost', 'Hamaon', 'Recarmdra', 'Megido']
['Evil Touch', 'Counterstrike', 'Die for Me!', 'Repel Dark', 'Hamaon']
['Die for Me!', 'Hama Boost', 'Auto-Tarukaja', 'Counterstrike', 'Repel Dark']
['Hamaon', 'Auto-Tarukaja', 'Resist Dark', 'Counterstrike', 'Zio']
['Die for Me!', 'Hama Boost', 'Elec Boost', 'Counterstrike', 'Pulinpa']
['Resist Dark', 'Hamaon', 'Mazio', 'Die for Me!', 'Elec Boost']
['Marin Karin', 'Hamaon', 'Elec Boost', 'Die for Me!', 'Resist Dark']
['Hamaon', 'Auto-Tarukaja', 'Die for Me!', 'Elec Break', 'Hama Boost']
['Counterstrike', 'Hamaon', 'Auto-Tarukaja', 'Megido', 'Hama Boost']
['Elec Boost', 'Marin Karin', 'Zio', 'Auto-Tarukaja', 'Counterstrike']
['Elec Boost', 'Die for Me!', 'Hamaon', 'Charmdi', 'Pulinpa']
['Auto-Tarukaja', 'Hamaon', 'Die for Me!', 'Marin Karin', 'Hama Boost']
['Hamaon', 'Dekaja', 'Die for Me!', 'Elec Boost', 'Marin Karin']
['Mazio', 'Hamaon', 'Die for Me!', 'Hama Boost', 'Repel Dark']
['Die for Me!', 'Hama Boost', 'Hamaon', 'Marakunda', 'Evil Touch']
['Elec Boost', 'Resist Dark', 'Elec Break', 'Zio', 'Counterstrike']
['Resist Dark', 'Zionga', 'Zio', 'Counterstrike', 'Die for Me!']
['Pulinpa', 'Elec Boost', 'Auto-Tarukaja', 'Hama Boost', 'Die for Me!']
['Resist Dark', 'Megido', 'Auto-Tarukaja', 'Hamaon', 'Elec Boost']
['Mazio', 'Auto-Tarukaja', 'Hamaon', 'Elec Boost', 'Hama Boost']
['Hamaon', 'Marin Karin', 'Die for Me!', 'Pulinpa', 'Hama Boost']
['Die for Me!', 'Charmdi', 'Auto-Tarukaja', 'Zio', 'Marin Karin']
['Resist Dark', 'Repel Dark', 'Hama Boost', 'Hamaon', 'Die for Me!']
['Auto-Tarukaja', 'Die for Me!', 'Counterstrike', 'Hamaon', 'Elec Boost']
['Die for Me!', 'Hamaon', 'Elec Boost', 'Counterstrike', 'Hama Boost']
['Repel Dark', 'Hamaon', 'Spirit Drain', 'Hama Boost', 'Zio']
['Pulinpa', 'Mediarahan', 'Elec Boost', 'Hamaon', 'Hama Boost']
['Zio', 'Hamaon', 'Mazio', 'Marin Karin', 'Pulinpa']
['Zio', 'Hama Boost', 'Hamaon', 'Resist Dark', 'Auto-Tarukaja']
['Charmdi', 'Zio', 'Evil Touch', 'Mediarahan', 'Marin Karin']
['Elec Boost', 'Hamaon', 'Repel Dark', 'Counterstrike', 'Auto-Tarukaja']
['Resist Dark', 'Die for Me!', 'Auto-Tarukaja', 'Hamaon', 'Zio']
['Hamaon', 'Elec Boost', 'Resist Dark', 'Die for Me!', 'Zionga']
['Charmdi', 'Die for Me!', 'Elec Boost', 'Resist Dark', 'Hamaon']
['Elec Boost', 'Die for Me!', 'Marin Karin', 'Hamaon', 'Resist Dark']
['Elec Boost', 'Hamaon', 'Mediarahan', 'Die for Me!', 'Marin Karin']
['Elec Boost', 'Repel Dark', 'Hamaon', 'Spirit Drain', 'Hama Boost']
['Hamaon', 'Elec Break', 'Pulinpa', 'Counterstrike', 'Die for Me!']
['Hama Boost', 'Counterstrike', 'Die for Me!', 'Zionga', 'Hamaon']
['Repel Dark', 'Auto-Tarukaja', 'Die for Me!', 'Elec Boost', 'Hamaon']
['Hamaon', 'Die for Me!', 'Hama Boost', 'Auto-Tarukaja', 'Resist Dark']
['Hamaon', 'Marin Karin', 'Resist Dark', 'Charmdi', 'Counterstrike']
['Resist Dark', 'Elec Boost', 'Zio', 'Hamaon', 'Mediarahan']
['Zio', 'Elec Boost', 'Hamaon', 'Repel Dark', 'Spirit Drain']
['Auto-Tarukaja', 'Resist Dark', 'Hamaon', 'Zio', 'Elec Boost']
['Marin Karin', 'Zio', 'Auto-Tarukaja', 'Mazio', 'Elec Boost']
['Hamaon', 'Elec Boost', 'Zio', 'Resist Dark', 'Marin Karin']
['Counterstrike', 'Hamaon', 'Pulinpa', 'Die for Me!', 'Elec Boost']
['Elec Boost', 'Hamaon', 'Elec Break', 'Die for Me!', 'Megido']
['Dekaja', 'Elec Boost', 'Zio', 'Die for Me!', 'Hamaon']
['Marin Karin', 'Elec Boost', 'Hama Boost', 'Counterstrike', 'Resist Dark']
['Elec Boost', 'Auto-Tarukaja', 'Repel Dark', 'Mazio', 'Die for Me!']
['Elec Boost', 'Counterstrike', 'Pulinpa', 'Marin Karin', 'Zio']
['Repel Dark', 'Elec Boost', 'Die for Me!', 'Hamaon', 'Zio']
['Die for Me!', 'Zionga', 'Hama Boost', 'Hamaon', 'Auto-Tarukaja']
['Hamaon', 'Repel Dark', 'Resist Dark', 'Counterstrike', 'Die for Me!']
['Mediarahan', 'Die for Me!', 'Hama Boost', 'Hamaon', 'Auto-Tarukaja']
['Pulinpa', 'Hamaon', 'Elec Break', 'Repel Dark', 'Mazio']
['Hama Boost', 'Die for Me!', 'Repel Dark', 'Elec Boost', 'Zionga']
['Mediarahan', 'Elec Boost', 'Elec Break', 'Charmdi', 'Hamaon']
['Hamaon', 'Die for Me!', 'Resist Dark', 'Zionga', 'Auto-Tarukaja']
['Hama Boost', 'Marakunda', 'Elec Boost', 'Hamaon', 'Recarmdra']
['Hamaon', 'Elec Boost', 'Counterstrike', 'Dekaja', 'Resist Dark']
['Megido', 'Marin Karin', 'Die for Me!', 'Resist Dark', 'Repel Dark']
['Zio', 'Mediarahan', 'Charmdi', 'Recarmdra', 'Dekaja']
['Evil Touch', 'Hamaon', 'Die for Me!', 'Auto-Tarukaja', 'Pulinpa']
['Mazio', 'Elec Boost', 'Counterstrike', 'Die for Me!', 'Hama Boost']
['Auto-Tarukaja', 'Hamaon', 'Die for Me!', 'Counterstrike', 'Repel Dark']
['Resist Dark', 'Hamaon', 'Zio', 'Auto-Tarukaja', 'Spirit Drain']
['Zionga', 'Marakunda', 'Hamaon', 'Elec Boost', 'Die for Me!']
['Hamaon', 'Elec Boost', 'Charmdi', 'Auto-Tarukaja', 'Resist Dark']
['Hamaon', 'Auto-Tarukaja', 'Elec Boost', 'Die for Me!', 'Mazio']
['Counterstrike', 'Die for Me!', 'Hamaon', 'Marakunda', 'Auto-Tarukaja']
['Pulinpa', 'Marin Karin', 'Zio', 'Elec Boost', 'Die for Me!']
['Auto-Tarukaja', 'Repel Dark', 'Hama Boost', 'Hamaon', 'Counterstrike']
['Die for Me!', 'Hamaon', 'Counterstrike', 'Evil Touch', 'Repel Dark']
['Zio', 'Elec Boost', 'Evil Touch', 'Resist Dark', 'Hamaon']
['Elec Boost', 'Counterstrike', 'Auto-Tarukaja', 'Zio', 'Repel Dark']
['Hamaon', 'Charmdi', 'Evil Touch', 'Megido', 'Hama Boost']
['Auto-Tarukaja', 'Marakunda', 'Hamaon', 'Mazio', 'Elec Boost']
['Elec Boost', 'Hamaon', 'Mazio', 'Auto-Tarukaja', 'Mediarahan']
['Hamaon', 'Elec Boost', 'Mazio', 'Zio', 'Die for Me!']
['Repel Dark', 'Auto-Tarukaja', 'Zionga', 'Counterstrike', 'Die for Me!']
['Hamaon', 'Zionga', 'Dekaja', 'Charmdi', 'Elec Break']
['Dekaja', 'Counterstrike', 'Hamaon', 'Die for Me!', 'Zio']
['Die for Me!', 'Pulinpa', 'Hama Boost', 'Resist Dark', 'Repel Dark']
['Dekaja', 'Hama Boost', 'Elec Boost', 'Counterstrike', 'Pulinpa']
['Die for Me!', 'Hamaon', 'Resist Dark', 'Auto-Tarukaja', 'Counterstrike']
['Zio', 'Hamaon', 'Repel Dark', 'Auto-Tarukaja', 'Elec Boost']
['Hamaon', 'Mazio', 'Auto-Tarukaja', 'Counterstrike', 'Elec Boost']
['Die for Me!', 'Dekaja', 'Auto-Tarukaja', 'Hamaon', 'Hama Boost']
['Spirit Drain', 'Marakunda', 'Hamaon', 'Charmdi', 'Zio']
['Hamaon', 'Counterstrike', 'Mediarahan', 'Die for Me!', 'Resist Dark']
['Hamaon', 'Auto-Tarukaja', 'Elec Boost', 'Marin Karin', 'Repel Dark']
['Hamaon', 'Zionga', 'Repel Dark', 'Die for Me!', 'Auto-Tarukaja']
['Hamaon', 'Evil Touch', 'Die for Me!', 'Counterstrike', 'Auto-Tarukaja']
['Mazio', 'Hamaon', 'Hama Boost', 'Auto-Tarukaja', 'Die for Me!']
['Hamaon', 'Evil Touch', 'Pulinpa', 'Elec Boost', 'Hama Boost']
['Marin Karin', 'Mazio', 'Hamaon', 'Repel Dark', 'Resist Dark']
['Zio', 'Repel Dark', 'Die for Me!', 'Resist Dark', 'Hamaon']
['Die for Me!', 'Auto-Tarukaja', 'Hamaon', 'Zio', 'Elec Boost']
['Hamaon', 'Evil Touch', 'Auto-Tarukaja', 'Pulinpa', 'Die for Me!']
['Resist Dark', 'Hamaon', 'Die for Me!', 'Elec Boost', 'Repel Dark']
['Repel Dark', 'Elec Boost', 'Hamaon', 'Die for Me!', 'Hama Boost']
['Elec Boost', 'Marin Karin', 'Hama Boost', 'Die for Me!', 'Resist Dark']
['Hama Boost', 'Recarmdra', 'Hamaon', 'Marakunda', 'Mediarahan']
['Counterstrike', 'Hamaon', 'Evil Touch', 'Zio', 'Elec Boost']
['Counterstrike', 'Hamaon', 'Auto-Tarukaja', 'Die for Me!', 'Recarmdra']
['Repel Dark', 'Elec Boost', 'Resist Dark', 'Hama Boost', 'Hamaon']
['Elec Boost', 'Hama Boost', 'Die for Me!', 'Mazio', 'Hamaon']
['Zio', 'Pulinpa', 'Hamaon', 'Repel Dark', 'Elec Boost']
['Hamaon', 'Elec Boost', 'Hama Boost', 'Die for Me!', 'Repel Dark']
['Elec Boost', 'Repel Dark', 'Hama Boost', 'Resist Dark', 'Counterstrike']
['Die for Me!', 'Hamaon', 'Spirit Drain', 'Counterstrike', 'Elec Boost']
['Hamaon', 'Elec Boost', 'Die for Me!', 'Marin Karin', 'Auto-Tarukaja']
['Megido', 'Elec Boost', 'Auto-Tarukaja', 'Hamaon', 'Die for Me!']
['Hama Boost', 'Hamaon', 'Evil Touch', 'Die for Me!', 'Pulinpa']
['Dekaja', 'Zionga', 'Hamaon', 'Charmdi', 'Die for Me!']
['Hamaon', 'Elec Boost', 'Marin Karin', 'Hama Boost', 'Zio']
['Elec Boost', 'Hamaon', 'Resist Dark', 'Die for Me!', 'Counterstrike']
['Auto-Tarukaja', 'Hamaon', 'Counterstrike', 'Die for Me!', 'Mazio']
['Die for Me!', 'Elec Boost', 'Pulinpa', 'Charmdi', 'Resist Dark']
['Auto-Tarukaja', 'Spirit Drain', 'Counterstrike', 'Elec Boost', 'Die for Me!']
['Pulinpa', 'Hama Boost', 'Counterstrike', 'Elec Boost', 'Hamaon']
['Hamaon', 'Auto-Tarukaja', 'Die for Me!', 'Elec Boost', 'Zio']
['Charmdi', 'Zio', 'Repel Dark', 'Hamaon', 'Counterstrike']
['Elec Boost', 'Hamaon', 'Marin Karin', 'Auto-Tarukaja', 'Counterstrike']
['Marin Karin', 'Hamaon', 'Elec Boost', 'Hama Boost', 'Charmdi']
['Resist Dark', 'Repel Dark', 'Hama Boost', 'Hamaon', 'Zio']
['Die for Me!', 'Elec Boost', 'Pulinpa', 'Hamaon', 'Counterstrike']
['Marin Karin', 'Elec Boost', 'Counterstrike', 'Elec Break', 'Mazio']
['Hamaon', 'Auto-Tarukaja', 'Elec Boost', 'Mazio', 'Die for Me!']
['Elec Boost', 'Hamaon', 'Auto-Tarukaja', 'Dekaja', 'Hama Boost']
['Marin Karin', 'Hamaon', 'Elec Boost', 'Hama Boost', 'Die for Me!']
['Counterstrike', 'Mazio', 'Pulinpa', 'Elec Break', 'Evil Touch']
['Hamaon', 'Marin Karin', 'Elec Boost', 'Zio', 'Mazio']
['Hamaon', 'Die for Me!', 'Pulinpa', 'Repel Dark', 'Resist Dark']
['Resist Dark', 'Hama Boost', 'Auto-Tarukaja', 'Die for Me!', 'Pulinpa']
['Hamaon', 'Zio', 'Marakunda', 'Resist Dark', 'Repel Dark']
['Elec Boost', 'Hama Boost', 'Hamaon', 'Pulinpa', 'Die for Me!']
['Counterstrike', 'Resist Dark', 'Hamaon', 'Charmdi', 'Elec Boost']
['Counterstrike', 'Mediarahan', 'Auto-Tarukaja', 'Hamaon', 'Resist Dark']
['Auto-Tarukaja', 'Elec Boost', 'Hamaon', 'Repel Dark', 'Dekaja']
['Zionga', 'Hama Boost', 'Resist Dark', 'Hamaon', 'Die for Me!']
['Die for Me!', 'Elec Boost', 'Resist Dark', 'Marin Karin', 'Elec Break']
['Hamaon', 'Hama Boost', 'Marin Karin', 'Elec Boost', 'Spirit Drain']
['Hamaon', 'Auto-Tarukaja', 'Dekaja', 'Counterstrike', 'Repel Dark']
['Elec Break', 'Hamaon', 'Counterstrike', 'Zio', 'Elec Boost']
['Auto-Tarukaja', 'Repel Dark', 'Hamaon', 'Evil Touch', 'Hama Boost']
['Hama Boost', 'Marin Karin', 'Die for Me!', 'Elec Boost', 'Hamaon']
['Auto-Tarukaja', 'Elec Boost', 'Hamaon', 'Mazio', 'Counterstrike']
['Hama Boost', 'Pulinpa', 'Megido', 'Hamaon', 'Die for Me!']
['Die for Me!', 'Elec Boost', 'Auto-Tarukaja', 'Counterstrike', 'Repel Dark']
['Hama Boost', 'Counterstrike', 'Marin Karin', 'Die for Me!', 'Auto-Tarukaja']
['Zionga', 'Counterstrike', 'Marin Karin', 'Auto-Tarukaja', 'Hamaon']
['Elec Boost', 'Hamaon', 'Die for Me!', 'Counterstrike', 'Elec Break']
['Mazio', 'Hama Boost', 'Hamaon', 'Resist Dark', 'Pulinpa']
['Hama Boost', 'Counterstrike', 'Hamaon', 'Zio', 'Die for Me!']
['Zio', 'Spirit Drain', 'Elec Boost', 'Hamaon', 'Evil Touch']
['Hamaon', 'Recarmdra', 'Auto-Tarukaja', 'Die for Me!', 'Repel Dark']
['Hama Boost', 'Hamaon', 'Charmdi', 'Auto-Tarukaja', 'Elec Boost']
['Zio', 'Die for Me!', 'Repel Dark', 'Charmdi', 'Hama Boost']
['Die for Me!', 'Hamaon', 'Hama Boost', 'Elec Boost', 'Auto-Tarukaja']
['Elec Boost', 'Evil Touch', 'Hamaon', 'Hama Boost', 'Auto-Tarukaja']
['Die for Me!', 'Hamaon', 'Repel Dark', 'Elec Boost', 'Hama Boost']
['Elec Boost', 'Counterstrike', 'Hamaon', 'Charmdi', 'Zio']
['Hamaon', 'Dekaja', 'Hama Boost', 'Zionga', 'Marin Karin']
['Resist Dark', 'Hamaon', 'Repel Dark', 'Spirit Drain', 'Elec Boost']
['Die for Me!', 'Hamaon', 'Elec Boost', 'Repel Dark', 'Marakunda']
['Spirit Drain', 'Die for Me!', 'Auto-Tarukaja', 'Resist Dark', 'Marin Karin']
['Hamaon', 'Die for Me!', 'Zio', 'Hama Boost', 'Elec Boost']
['Counterstrike', 'Evil Touch', 'Hamaon', 'Die for Me!', 'Elec Boost']
['Die for Me!', 'Repel Dark', 'Pulinpa', 'Hamaon', 'Megido']
['Counterstrike', 'Resist Dark', 'Auto-Tarukaja', 'Marin Karin', 'Zio']
['Marin Karin', 'Elec Break', 'Hamaon', 'Elec Boost', 'Repel Dark']
['Die for Me!', 'Hamaon', 'Resist Dark', 'Zio', 'Hama Boost']
['Hamaon', 'Zionga', 'Megido', 'Charmdi', 'Dekaja']
['Zionga', 'Hama Boost', 'Hamaon', 'Counterstrike', 'Die for Me!']
['Hamaon', 'Counterstrike', 'Zio', 'Elec Boost', 'Megido']
['Hamaon', 'Mazio', 'Marin Karin', 'Counterstrike', 'Auto-Tarukaja']
['Elec Boost', 'Hamaon', 'Die for Me!', 'Zio', 'Auto-Tarukaja']
['Counterstrike', 'Hamaon', 'Elec Boost', 'Mazio', 'Resist Dark']
['Spirit Drain', 'Hamaon', 'Mazio', 'Counterstrike', 'Elec Boost']
['Die for Me!', 'Resist Dark', 'Hamaon', 'Repel Dark', 'Counterstrike']
['Counterstrike', 'Hamaon', 'Marakunda', 'Zio', 'Auto-Tarukaja']
['Repel Dark', 'Elec Boost', 'Die for Me!', 'Mazio', 'Hama Boost']
['Marin Karin', 'Hamaon', 'Hama Boost', 'Die for Me!', 'Zio']
['Hamaon', 'Elec Boost', 'Pulinpa', 'Repel Dark', 'Die for Me!']
['Die for Me!', 'Elec Boost', 'Counterstrike', 'Hamaon', 'Hama Boost']
['Hamaon', 'Die for Me!', 'Evil Touch', 'Zio', 'Elec Boost']
['Hamaon', 'Recarmdra', 'Counterstrike', 'Resist Dark', 'Elec Boost']
['Charmdi', 'Elec Boost', 'Marin Karin', 'Evil Touch', 'Resist Dark']
['Die for Me!', 'Zio', 'Counterstrike', 'Dekaja', 'Hamaon']
['Hamaon', 'Zio', 'Resist Dark', 'Elec Boost', 'Die for Me!']
['Elec Boost', 'Hamaon', 'Counterstrike', 'Auto-Tarukaja', 'Hama Boost']
['Elec Boost', 'Marin Karin', 'Hamaon', 'Auto-Tarukaja', 'Hama Boost']
['Hamaon', 'Auto-Tarukaja', 'Mazio', 'Elec Boost', 'Die for Me!']
['Hama Boost', 'Counterstrike', 'Pulinpa', 'Marin Karin', 'Megido']
['Die for Me!', 'Hamaon', 'Auto-Tarukaja', 'Elec Boost', 'Zio']
['Hamaon', 'Counterstrike', 'Die for Me!', 'Evil Touch', 'Auto-Tarukaja']
['Hamaon', 'Auto-Tarukaja', 'Elec Boost', 'Die for Me!', 'Zio']
['Mazio', 'Spirit Drain', 'Hamaon', 'Resist Dark', 'Die for Me!']
['Die for Me!', 'Auto-Tarukaja', 'Hamaon', 'Marin Karin', 'Hama Boost']
['Pulinpa', 'Elec Boost', 'Resist Dark', 'Auto-Tarukaja', 'Zio']
['Elec Break', 'Hamaon', 'Resist Dark', 'Die for Me!', 'Marakunda']
['Elec Boost', 'Die for Me!', 'Spirit Drain', 'Mazio', 'Hama Boost']
['Hamaon', 'Resist Dark', 'Auto-Tarukaja', 'Evil Touch', 'Elec Boost']
['Auto-Tarukaja', 'Die for Me!', 'Evil Touch', 'Zio', 'Elec Boost']
['Hamaon', 'Auto-Tarukaja', 'Die for Me!', 'Hama Boost', 'Counterstrike']
['Auto-Tarukaja', 'Hamaon', 'Elec Break', 'Charmdi', 'Zio']
['Auto-Tarukaja', 'Repel Dark', 'Elec Boost', 'Hamaon', 'Counterstrike']
['Hamaon', 'Pulinpa', 'Zio', 'Auto-Tarukaja', 'Hama Boost']
['Pulinpa', 'Hamaon', 'Zio', 'Die for Me!', 'Auto-Tarukaja']
['Marin Karin', 'Auto-Tarukaja', 'Repel Dark', 'Elec Boost', 'Hamaon']
['Hama Boost', 'Elec Boost', 'Hamaon', 'Counterstrike', 'Die for Me!']
['Die for Me!', 'Elec Boost', 'Charmdi', 'Hamaon', 'Repel Dark']
['Hamaon', 'Hama Boost', 'Counterstrike', 'Mediarahan', 'Die for Me!']
['Marin Karin', 'Elec Break', 'Zio', 'Hamaon', 'Hama Boost']
['Zio', 'Hamaon', 'Die for Me!', 'Resist Dark', 'Counterstrike']
['Counterstrike', 'Elec Boost', 'Die for Me!', 'Marin Karin', 'Hamaon']
['Auto-Tarukaja', 'Resist Dark', 'Elec Boost', 'Counterstrike', 'Die for Me!']
['Auto-Tarukaja', 'Hama Boost', 'Die for Me!', 'Repel Dark', 'Elec Boost']
['Resist Dark', 'Elec Boost', 'Pulinpa', 'Hamaon', 'Die for Me!']
['Dekaja', 'Die for Me!', 'Counterstrike', 'Mediarahan', 'Elec Boost']
['Elec Boost', 'Resist Dark', 'Marakunda', 'Auto-Tarukaja', 'Hamaon']
['Repel Dark', 'Charmdi', 'Counterstrike', 'Elec Break', 'Pulinpa']
['Hamaon', 'Die for Me!', 'Zio', 'Dekaja', 'Elec Boost']
['Auto-Tarukaja', 'Hamaon', 'Mazio', 'Elec Break', 'Elec Boost']
['Hamaon', 'Counterstrike', 'Zio', 'Resist Dark', 'Die for Me!']
['Die for Me!', 'Resist Dark', 'Zionga', 'Elec Boost', 'Hamaon']
['Hamaon', 'Auto-Tarukaja', 'Resist Dark', 'Pulinpa', 'Hama Boost']
['Resist Dark', 'Die for Me!', 'Elec Boost', 'Hamaon', 'Mazio']
['Counterstrike', 'Hamaon', 'Die for Me!', 'Spirit Drain', 'Auto-Tarukaja']
['Pulinpa', 'Megido', 'Hamaon', 'Die for Me!', 'Counterstrike']
['Auto-Tarukaja', 'Marakunda', 'Hama Boost', 'Elec Boost', 'Repel Dark']
['Resist Dark', 'Die for Me!', 'Auto-Tarukaja', 'Zio', 'Marin Karin']
['Marin Karin', 'Elec Boost', 'Zio', 'Megido', 'Counterstrike']
['Counterstrike', 'Hamaon', 'Auto-Tarukaja', 'Marin Karin', 'Resist Dark']
['Charmdi', 'Zio', 'Elec Boost', 'Hama Boost', 'Hamaon']
['Auto-Tarukaja', 'Repel Dark', 'Hamaon', 'Counterstrike', 'Spirit Drain']
['Counterstrike', 'Spirit Drain', 'Elec Boost', 'Hamaon', 'Elec Break']
['Auto-Tarukaja', 'Resist Dark', 'Die for Me!', 'Elec Break', 'Marin Karin']
['Hamaon', 'Repel Dark', 'Elec Boost', 'Auto-Tarukaja', 'Die for Me!']
['Hama Boost', 'Hamaon', 'Resist Dark', 'Evil Touch', 'Auto-Tarukaja']
['Marin Karin', 'Evil Touch', 'Zio', 'Die for Me!', 'Elec Boost']
['Counterstrike', 'Die for Me!', 'Auto-Tarukaja', 'Hamaon', 'Resist Dark']
['Die for Me!', 'Hamaon', 'Elec Boost', 'Counterstrike', 'Auto-Tarukaja']
['Resist Dark', 'Auto-Tarukaja', 'Charmdi', 'Mazio', 'Hamaon']
['Hamaon', 'Elec Boost', 'Resist Dark', 'Die for Me!', 'Auto-Tarukaja']
['Repel Dark', 'Zionga', 'Hamaon', 'Elec Boost', 'Pulinpa']
['Die for Me!', 'Elec Boost', 'Repel Dark', 'Hamaon', 'Megido']
['Marakunda', 'Die for Me!', 'Hamaon', 'Auto-Tarukaja', 'Elec Boost']
['Resist Dark', 'Auto-Tarukaja', 'Die for Me!', 'Hama Boost', 'Elec Boost']
['Zio', 'Repel Dark', 'Auto-Tarukaja', 'Elec Boost', 'Mazio']
['Zio', 'Counterstrike', 'Hamaon', 'Die for Me!', 'Resist Dark']
['Marin Karin', 'Hamaon', 'Zio', 'Counterstrike', 'Marakunda']
['Hama Boost', 'Hamaon', 'Auto-Tarukaja', 'Pulinpa', 'Charmdi']
['Hamaon', 'Resist Dark', 'Counterstrike', 'Dekaja', 'Elec Break']
['Counterstrike', 'Evil Touch', 'Hamaon', 'Auto-Tarukaja', 'Zio']
['Elec Boost', 'Hama Boost', 'Auto-Tarukaja', 'Repel Dark', 'Hamaon']
['Counterstrike', 'Auto-Tarukaja', 'Hama Boost', 'Zio', 'Elec Boost']
['Resist Dark', 'Hamaon', 'Repel Dark', 'Hama Boost', 'Auto-Tarukaja']
['Die for Me!', 'Elec Boost', 'Charmdi', 'Pulinpa', 'Hama Boost']
['Hamaon', 'Resist Dark', 'Hama Boost', 'Die for Me!', 'Elec Boost']
['Hamaon', 'Charmdi', 'Elec Boost', 'Counterstrike', 'Resist Dark']
['Auto-Tarukaja', 'Elec Boost', 'Spirit Drain', 'Hamaon', 'Die for Me!']
['Hamaon', 'Evil Touch', 'Resist Dark', 'Die for Me!', 'Elec Boost']
['Auto-Tarukaja', 'Elec Boost', 'Zio', 'Repel Dark', 'Hamaon']
['Mazio', 'Charmdi', 'Elec Boost', 'Die for Me!', 'Pulinpa']
['Charmdi', 'Resist Dark', 'Hamaon', 'Zio', 'Elec Boost']
['Auto-Tarukaja', 'Zio', 'Elec Boost', 'Megido', 'Zionga']
['Marin Karin', 'Hamaon', 'Mediarahan', 'Auto-Tarukaja', 'Megido']
['Mazio', 'Elec Boost', 'Hamaon', 'Resist Dark', 'Zionga']
['Die for Me!', 'Hamaon', 'Zio', 'Elec Boost', 'Zionga']
['Auto-Tarukaja', 'Hamaon', 'Elec Boost', 'Resist Dark', 'Spirit Drain']
['Evil Touch', 'Elec Boost', 'Zio', 'Counterstrike', 'Hamaon']
['Megido', 'Auto-Tarukaja', 'Hamaon', 'Hama Boost', 'Elec Boost']
['Hamaon', 'Pulinpa', 'Resist Dark', 'Counterstrike', 'Die for Me!']
['Marin Karin', 'Hamaon', 'Pulinpa', 'Zio', 'Auto-Tarukaja']
['Megido', 'Elec Boost', 'Zio', 'Mazio', 'Counterstrike']
['Auto-Tarukaja', 'Hamaon', 'Repel Dark', 'Resist Dark', 'Counterstrike']
['Hamaon', 'Elec Break', 'Marakunda', 'Dekaja', 'Die for Me!']
['Elec Boost', 'Hamaon', 'Die for Me!', 'Repel Dark', 'Resist Dark']
['Mediarahan', 'Mazio', 'Die for Me!', 'Megido', 'Resist Dark']
['Hamaon', 'Counterstrike', 'Recarmdra', 'Mazio', 'Resist Dark']
['Hama Boost', 'Mazio', 'Elec Boost', 'Hamaon', 'Zio']
['Hamaon', 'Megido', 'Die for Me!', 'Elec Boost', 'Hama Boost']
['Counterstrike', 'Hama Boost', 'Marin Karin', 'Hamaon', 'Die for Me!']
['Repel Dark', 'Spirit Drain', 'Hamaon', 'Counterstrike', 'Die for Me!']
['Resist Dark', 'Elec Boost', 'Hamaon', 'Zionga', 'Pulinpa']
['Resist Dark', 'Counterstrike', 'Elec Boost', 'Hamaon', 'Marin Karin']
['Marakunda', 'Hama Boost', 'Die for Me!', 'Elec Boost', 'Hamaon']
['Resist Dark', 'Recarmdra', 'Hamaon', 'Die for Me!', 'Elec Boost']
['Dekaja', 'Repel Dark', 'Elec Boost', 'Resist Dark', 'Counterstrike']
['Elec Boost', 'Die for Me!', 'Auto-Tarukaja', 'Hamaon', 'Marin Karin']
['Hamaon', 'Auto-Tarukaja', 'Elec Boost', 'Zio', 'Dekaja']
['Hamaon', 'Auto-Tarukaja', 'Counterstrike', 'Hama Boost', 'Marin Karin']
['Marin Karin', 'Hamaon', 'Counterstrike', 'Zionga', 'Resist Dark']
['Elec Boost', 'Hamaon', 'Die for Me!', 'Elec Break', 'Zio']
['Hamaon', 'Die for Me!', 'Elec Boost', 'Auto-Tarukaja', 'Repel Dark']
['Hamaon', 'Die for Me!', 'Evil Touch', 'Counterstrike', 'Hama Boost']
['Die for Me!', 'Hamaon', 'Zio', 'Hama Boost', 'Pulinpa']
['Die for Me!', 'Hamaon', 'Counterstrike', 'Zionga', 'Pulinpa']
['Hamaon', 'Die for Me!', 'Zio', 'Hama Boost', 'Elec Boost']
['Zionga', 'Megido', 'Zio', 'Hamaon', 'Die for Me!']
['Hamaon', 'Counterstrike', 'Elec Boost', 'Auto-Tarukaja', 'Repel Dark']
['Pulinpa', 'Hamaon', 'Elec Boost', 'Repel Dark', 'Mazio']
['Elec Boost', 'Counterstrike', 'Die for Me!', 'Hamaon', 'Auto-Tarukaja']
['Elec Boost', 'Mazio', 'Hamaon', 'Auto-Tarukaja', 'Hama Boost']
['Elec Break', 'Hama Boost', 'Mazio', 'Hamaon', 'Die for Me!']
['Zio', 'Hamaon', 'Dekaja', 'Spirit Drain', 'Auto-Tarukaja']
['Hamaon', 'Zio', 'Resist Dark', 'Die for Me!', 'Counterstrike']
['Counterstrike', 'Hamaon', 'Elec Boost', 'Spirit Drain', 'Evil Touch']
['Auto-Tarukaja', 'Resist Dark', 'Hamaon', 'Megido', 'Counterstrike']
['Auto-Tarukaja', 'Charmdi', 'Elec Break', 'Hama Boost', 'Marin Karin']
['Marin Karin', 'Evil Touch', 'Elec Break', 'Repel Dark', 'Hamaon']
['Auto-Tarukaja', 'Counterstrike', 'Hamaon', 'Charmdi', 'Elec Boost']
['Zionga', 'Hamaon', 'Marin Karin', 'Hama Boost', 'Elec Boost']
['Hamaon', 'Hama Boost', 'Elec Boost', 'Counterstrike', 'Marin Karin']
['Charmdi', 'Pulinpa', 'Hamaon', 'Elec Boost', 'Resist Dark']
['Hamaon', 'Megido', 'Marin Karin', 'Repel Dark', 'Elec Boost']
['Elec Boost', 'Hamaon', 'Repel Dark', 'Auto-Tarukaja', 'Recarmdra']
['Marin Karin', 'Auto-Tarukaja', 'Marakunda', 'Hamaon', 'Elec Boost']
['Spirit Drain', 'Die for Me!', 'Hamaon', 'Repel Dark', 'Auto-Tarukaja']
['Hamaon', 'Die for Me!', 'Repel Dark', 'Auto-Tarukaja', 'Elec Boost']
['Counterstrike', 'Hamaon', 'Resist Dark', 'Pulinpa', 'Elec Boost']
['Hamaon', 'Counterstrike', 'Hama Boost', 'Repel Dark', 'Resist Dark']
['Repel Dark', 'Die for Me!', 'Hamaon', 'Pulinpa', 'Elec Break']
['Pulinpa', 'Hamaon', 'Resist Dark', 'Auto-Tarukaja', 'Zionga']
['Spirit Drain', 'Pulinpa', 'Hamaon', 'Auto-Tarukaja', 'Evil Touch']
['Elec Boost', 'Hamaon', 'Die for Me!', 'Recarmdra', 'Megido']
['Hamaon', 'Charmdi', 'Hama Boost', 'Die for Me!', 'Resist Dark']
['Hama Boost', 'Hamaon', 'Marakunda', 'Elec Boost', 'Counterstrike']
['Hama Boost', 'Elec Boost', 'Hamaon', 'Die for Me!', 'Resist Dark']
['Marin Karin', 'Die for Me!', 'Elec Boost', 'Zio', 'Repel Dark']
['Elec Boost', 'Hamaon', 'Repel Dark', 'Pulinpa', 'Hama Boost']
['Hama Boost', 'Hamaon', 'Die for Me!', 'Zio', 'Repel Dark']
['Mazio', 'Auto-Tarukaja', 'Resist Dark', 'Hamaon', 'Repel Dark']
['Marin Karin', 'Hama Boost', 'Pulinpa', 'Hamaon', 'Die for Me!']
['Charmdi', 'Elec Boost', 'Hamaon', 'Auto-Tarukaja', 'Repel Dark']
['Hamaon', 'Recarmdra', 'Elec Boost', 'Counterstrike', 'Die for Me!']
['Spirit Drain', 'Die for Me!', 'Hamaon', 'Elec Boost', 'Charmdi']
['Pulinpa', 'Hama Boost', 'Die for Me!', 'Hamaon', 'Repel Dark']
['Auto-Tarukaja', 'Hamaon', 'Hama Boost', 'Zio', 'Counterstrike']
['Elec Boost', 'Counterstrike', 'Pulinpa', 'Auto-Tarukaja', 'Elec Break']
['Resist Dark', 'Pulinpa', 'Hama Boost', 'Elec Boost', 'Auto-Tarukaja']
['Zio', 'Counterstrike', 'Mediarahan', 'Charmdi', 'Evil Touch']
['Elec Boost', 'Hama Boost', 'Zionga', 'Recarmdra', 'Marin Karin']
['Elec Boost', 'Resist Dark', 'Mazio', 'Hamaon', 'Hama Boost']
['Charmdi', 'Hamaon', 'Elec Boost', 'Auto-Tarukaja', 'Die for Me!']
['Resist Dark', 'Auto-Tarukaja', 'Hamaon', 'Elec Boost', 'Elec Break']
['Mediarahan', 'Elec Boost', 'Hamaon', 'Die for Me!', 'Resist Dark']
['Charmdi', 'Auto-Tarukaja', 'Hamaon', 'Die for Me!', 'Elec Boost']
['Die for Me!', 'Hamaon', 'Zio', 'Elec Boost', 'Evil Touch']
['Hamaon', 'Elec Boost', 'Zio', 'Die for Me!', 'Auto-Tarukaja']
['Marakunda', 'Pulinpa', 'Auto-Tarukaja', 'Zio', 'Hamaon']
['Hamaon', 'Elec Boost', 'Pulinpa', 'Mediarahan', 'Counterstrike']
['Resist Dark', 'Repel Dark', 'Die for Me!', 'Counterstrike', 'Elec Boost']
['Hama Boost', 'Elec Boost', 'Hamaon', 'Zio', 'Counterstrike']
['Counterstrike', 'Resist Dark', 'Hamaon', 'Dekaja', 'Auto-Tarukaja']
['Evil Touch', 'Elec Boost', 'Elec Break', 'Hamaon', 'Auto-Tarukaja']
['Hama Boost', 'Counterstrike', 'Hamaon', 'Die for Me!', 'Resist Dark']
['Elec Break', 'Zio', 'Die for Me!', 'Dekaja', 'Repel Dark']
['Marin Karin', 'Hama Boost', 'Counterstrike', 'Die for Me!', 'Hamaon']
['Counterstrike', 'Charmdi', 'Die for Me!', 'Auto-Tarukaja', 'Resist Dark']
['Hama Boost', 'Hamaon', 'Auto-Tarukaja', 'Counterstrike', 'Resist Dark']
['Repel Dark', 'Charmdi', 'Evil Touch', 'Hamaon', 'Hama Boost']
['Hamaon', 'Resist Dark', 'Counterstrike', 'Elec Boost', 'Hama Boost']
['Auto-Tarukaja', 'Hamaon', 'Hama Boost', 'Elec Break', 'Elec Boost']
['Mazio', 'Repel Dark', 'Hamaon', 'Zio', 'Zionga']
['Hama Boost', 'Die for Me!', 'Elec Boost', 'Hamaon', 'Charmdi']
['Charmdi', 'Marin Karin', 'Resist Dark', 'Marakunda', 'Mazio']
['Auto-Tarukaja', 'Die for Me!', 'Elec Boost', 'Resist Dark', 'Zio']
['Hamaon', 'Resist Dark', 'Marin Karin', 'Elec Boost', 'Auto-Tarukaja']
['Repel Dark', 'Hamaon', 'Counterstrike', 'Elec Boost', 'Hama Boost']
['Auto-Tarukaja', 'Dekaja', 'Hamaon', 'Zio', 'Die for Me!']
['Zionga', 'Repel Dark', 'Auto-Tarukaja', 'Elec Boost', 'Hamaon']
['Charmdi', 'Hamaon', 'Elec Break', 'Hama Boost', 'Die for Me!']
['Zionga', 'Hamaon', 'Recarmdra', 'Auto-Tarukaja', 'Elec Boost']
['Hamaon', 'Counterstrike', 'Megido', 'Auto-Tarukaja', 'Repel Dark']
['Hamaon', 'Die for Me!', 'Repel Dark', 'Elec Boost', 'Hama Boost']
['Hamaon', 'Auto-Tarukaja', 'Hama Boost', 'Counterstrike', 'Zionga']
['Counterstrike', 'Elec Boost', 'Hamaon', 'Resist Dark', 'Mazio']
['Elec Boost', 'Marin Karin', 'Auto-Tarukaja', 'Die for Me!', 'Hamaon']
['Hamaon', 'Charmdi', 'Zio', 'Counterstrike', 'Die for Me!']
['Hama Boost', 'Elec Boost', 'Hamaon', 'Marakunda', 'Die for Me!']
['Auto-Tarukaja', 'Hamaon', 'Pulinpa', 'Counterstrike', 'Elec Boost']
['Spirit Drain', 'Hamaon', 'Auto-Tarukaja', 'Elec Boost', 'Resist Dark']
['Counterstrike', 'Pulinpa', 'Auto-Tarukaja', 'Marin Karin', 'Elec Boost']
['Marin Karin', 'Hamaon', 'Elec Boost', 'Hama Boost', 'Charmdi']
['Hamaon', 'Die for Me!', 'Counterstrike', 'Resist Dark', 'Spirit Drain']
['Zio', 'Hamaon', 'Charmdi', 'Zionga', 'Elec Boost']
['Auto-Tarukaja', 'Hamaon', 'Recarmdra', 'Die for Me!', 'Hama Boost']
['Die for Me!', 'Elec Boost', 'Hamaon', 'Zio', 'Dekaja']
['Resist Dark', 'Recarmdra', 'Hamaon', 'Charmdi', 'Pulinpa']
['Hama Boost', 'Repel Dark', 'Hamaon', 'Spirit Drain', 'Resist Dark']
['Zio', 'Hamaon', 'Elec Boost', 'Die for Me!', 'Resist Dark']
['Die for Me!', 'Elec Break', 'Elec Boost', 'Hama Boost', 'Auto-Tarukaja']
['Hama Boost', 'Spirit Drain', 'Marin Karin', 'Resist Dark', 'Auto-Tarukaja']
['Resist Dark', 'Hamaon', 'Counterstrike', 'Elec Boost', 'Die for Me!']
['Auto-Tarukaja', 'Hamaon', 'Zio', 'Counterstrike', 'Charmdi']
['Dekaja', 'Auto-Tarukaja', 'Hamaon', 'Recarmdra', 'Repel Dark']
['Hamaon', 'Hama Boost', 'Elec Boost', 'Repel Dark', 'Resist Dark']
['Marin Karin', 'Counterstrike', 'Elec Boost', 'Hama Boost', 'Die for Me!']
['Resist Dark', 'Hamaon', 'Auto-Tarukaja', 'Mazio', 'Die for Me!']
['Zio', 'Counterstrike', 'Hamaon', 'Elec Boost', 'Auto-Tarukaja']
['Marakunda', 'Die for Me!', 'Auto-Tarukaja', 'Elec Boost', 'Marin Karin']
['Resist Dark', 'Repel Dark', 'Elec Boost', 'Pulinpa', 'Die for Me!']
['Marin Karin', 'Hamaon', 'Zio', 'Repel Dark', 'Die for Me!']
['Evil Touch', 'Mazio', 'Die for Me!', 'Hamaon', 'Pulinpa']
['Elec Boost', 'Die for Me!', 'Evil Touch', 'Auto-Tarukaja', 'Counterstrike']
['Elec Break', 'Auto-Tarukaja', 'Hamaon', 'Repel Dark', 'Recarmdra']
['Hamaon', 'Dekaja', 'Die for Me!', 'Hama Boost', 'Counterstrike']
['Hamaon', 'Repel Dark', 'Die for Me!', 'Zio', 'Elec Boost']
['Pulinpa', 'Hamaon', 'Elec Boost', 'Megido', 'Elec Break']
['Auto-Tarukaja', 'Elec Boost', 'Resist Dark', 'Hamaon', 'Die for Me!']
['Spirit Drain', 'Hamaon', 'Elec Boost', 'Mazio', 'Repel Dark']
['Hama Boost', 'Zio', 'Hamaon', 'Die for Me!', 'Auto-Tarukaja']
['Elec Boost', 'Die for Me!', 'Resist Dark', 'Repel Dark', 'Auto-Tarukaja']
['Hama Boost', 'Die for Me!', 'Marin Karin', 'Hamaon', 'Pulinpa']
['Hamaon', 'Resist Dark', 'Counterstrike', 'Auto-Tarukaja', 'Hama Boost']
['Charmdi', 'Mediarahan', 'Elec Boost', 'Resist Dark', 'Die for Me!']
['Elec Boost', 'Resist Dark', 'Counterstrike', 'Die for Me!', 'Zio']
['Hamaon', 'Resist Dark', 'Counterstrike', 'Pulinpa', 'Hama Boost']
['Counterstrike', 'Hamaon', 'Repel Dark', 'Die for Me!', 'Marin Karin']
['Elec Boost', 'Zionga', 'Hamaon', 'Auto-Tarukaja', 'Repel Dark']
['Die for Me!', 'Elec Boost', 'Hamaon', 'Dekaja', 'Resist Dark']
['Hamaon', 'Pulinpa', 'Die for Me!', 'Hama Boost', 'Zio']
['Hamaon', 'Zionga', 'Zio', 'Counterstrike', 'Elec Boost']
['Repel Dark', 'Hamaon', 'Resist Dark', 'Auto-Tarukaja', 'Die for Me!']
['Zionga', 'Hamaon', 'Megido', 'Resist Dark', 'Elec Boost']
['Counterstrike', 'Hamaon', 'Die for Me!', 'Evil Touch', 'Elec Boost']
['Hamaon', 'Elec Boost', 'Auto-Tarukaja', 'Die for Me!', 'Counterstrike']
['Die for Me!', 'Hamaon', 'Repel Dark', 'Pulinpa', 'Auto-Tarukaja']
['Zio', 'Megido', 'Repel Dark', 'Resist Dark', 'Hamaon']
['Die for Me!', 'Resist Dark', 'Auto-Tarukaja', 'Elec Boost', 'Hama Boost']
['Zio', 'Hamaon', 'Elec Break', 'Auto-Tarukaja', 'Charmdi']
['Elec Boost', 'Charmdi', 'Hamaon', 'Auto-Tarukaja', 'Hama Boost']
['Resist Dark', 'Hamaon', 'Elec Boost', 'Die for Me!', 'Zio']
['Die for Me!', 'Hama Boost', 'Zionga', 'Elec Boost', 'Resist Dark']
['Die for Me!', 'Hamaon', 'Zio', 'Dekaja', 'Counterstrike']
['Hamaon', 'Auto-Tarukaja', 'Charmdi', 'Hama Boost', 'Resist Dark']
['Evil Touch', 'Auto-Tarukaja', 'Elec Boost', 'Hamaon', 'Counterstrike']
['Hamaon', 'Hama Boost', 'Resist Dark', 'Zionga', 'Auto-Tarukaja']
['Elec Boost', 'Repel Dark', 'Marin Karin', 'Die for Me!', 'Hamaon']
['Hamaon', 'Die for Me!', 'Auto-Tarukaja', 'Repel Dark', 'Zionga']
['Die for Me!', 'Auto-Tarukaja', 'Elec Boost', 'Hama Boost', 'Hamaon']
['Elec Boost', 'Resist Dark', 'Mazio', 'Die for Me!', 'Hamaon']
['Repel Dark', 'Auto-Tarukaja', 'Elec Break', 'Elec Boost', 'Hamaon']
['Die for Me!', 'Zio', 'Mediarahan', 'Hamaon', 'Zionga']
['Hamaon', 'Die for Me!', 'Elec Boost', 'Counterstrike', 'Mazio']
['Pulinpa', 'Repel Dark', 'Auto-Tarukaja', 'Resist Dark', 'Mazio']
['Zio', 'Hamaon', 'Charmdi', 'Mazio', 'Marin Karin']
['Auto-Tarukaja', 'Hamaon', 'Zio', 'Elec Boost', 'Die for Me!']
['Charmdi', 'Pulinpa', 'Zio', 'Repel Dark', 'Resist Dark']
['Zionga', 'Hamaon', 'Die for Me!', 'Auto-Tarukaja', 'Elec Boost']
['Hamaon', 'Marin Karin', 'Hama Boost', 'Repel Dark', 'Elec Boost']
['Hamaon', 'Mazio', 'Counterstrike', 'Marakunda', 'Elec Break']
['Auto-Tarukaja', 'Counterstrike', 'Die for Me!', 'Zio', 'Spirit Drain']
['Hamaon', 'Repel Dark', 'Counterstrike', 'Auto-Tarukaja', 'Die for Me!']
['Hamaon', 'Zio', 'Resist Dark', 'Die for Me!', 'Repel Dark']
['Repel Dark', 'Pulinpa', 'Hama Boost', 'Hamaon', 'Die for Me!']
['Zio', 'Die for Me!', 'Zionga', 'Counterstrike', 'Hamaon']
['Auto-Tarukaja', 'Charmdi', 'Elec Break', 'Pulinpa', 'Hama Boost']
['Counterstrike', 'Auto-Tarukaja', 'Recarmdra', 'Hamaon', 'Die for Me!']
['Marakunda', 'Hamaon', 'Counterstrike', 'Zio', 'Charmdi']
['Hama Boost', 'Counterstrike', 'Hamaon', 'Resist Dark', 'Zio']
['Die for Me!', 'Auto-Tarukaja', 'Charmdi', 'Hamaon', 'Elec Boost']
['Elec Boost', 'Hamaon', 'Zio', 'Die for Me!', 'Megido']
['Counterstrike', 'Resist Dark', 'Die for Me!', 'Spirit Drain', 'Elec Boost']
['Hamaon', 'Auto-Tarukaja', 'Elec Boost', 'Marin Karin', 'Mazio']
['Auto-Tarukaja', 'Die for Me!', 'Spirit Drain', 'Hama Boost', 'Hamaon']
['Charmdi', 'Hamaon', 'Hama Boost', 'Auto-Tarukaja', 'Die for Me!']
['Repel Dark', 'Hama Boost', 'Die for Me!', 'Zionga', 'Pulinpa']
['Die for Me!', 'Megido', 'Counterstrike', 'Elec Boost', 'Hamaon']
['Hamaon', 'Zio', 'Elec Boost', 'Counterstrike', 'Resist Dark']
['Elec Boost', 'Die for Me!', 'Hamaon', 'Pulinpa', 'Zio']
['Hama Boost', 'Hamaon', 'Repel Dark', 'Resist Dark', 'Auto-Tarukaja']
['Zio', 'Auto-Tarukaja', 'Elec Break', 'Charmdi', 'Resist Dark']
['Zionga', 'Auto-Tarukaja', 'Hamaon', 'Elec Break', 'Die for Me!']
['Marakunda', 'Zio', 'Elec Boost', 'Pulinpa', 'Hama Boost']
['Auto-Tarukaja', 'Die for Me!', 'Zio', 'Elec Boost', 'Hamaon']
['Hamaon', 'Hama Boost', 'Counterstrike', 'Resist Dark', 'Elec Boost']
['Hamaon', 'Die for Me!', 'Marakunda', 'Resist Dark', 'Repel Dark']
['Hamaon', 'Charmdi', 'Auto-Tarukaja', 'Repel Dark', 'Elec Boost']
['Charmdi', 'Hamaon', 'Die for Me!', 'Auto-Tarukaja', 'Counterstrike']
['Die for Me!', 'Elec Break', 'Hama Boost', 'Marin Karin', 'Elec Boost']
['Repel Dark', 'Zio', 'Elec Boost', 'Auto-Tarukaja', 'Hamaon']
['Pulinpa', 'Auto-Tarukaja', 'Hama Boost', 'Elec Boost', 'Die for Me!']
['Repel Dark', 'Die for Me!', 'Hamaon', 'Elec Boost', 'Resist Dark']
['Elec Boost', 'Charmdi', 'Hama Boost', 'Zionga', 'Counterstrike']
['Elec Boost', 'Die for Me!', 'Hama Boost', 'Counterstrike', 'Marin Karin']
['Zio', 'Marakunda', 'Marin Karin', 'Die for Me!', 'Hamaon']
['Repel Dark', 'Evil Touch', 'Zio', 'Hamaon', 'Charmdi']
['Hamaon', 'Counterstrike', 'Resist Dark', 'Die for Me!', 'Elec Boost']
['Hama Boost', 'Spirit Drain', 'Repel Dark', 'Auto-Tarukaja', 'Die for Me!']
['Resist Dark', 'Elec Boost', 'Marin Karin', 'Hama Boost', 'Evil Touch']
['Elec Boost', 'Die for Me!', 'Hamaon', 'Zio', 'Charmdi']
['Hamaon', 'Mediarahan', 'Elec Boost', 'Hama Boost', 'Repel Dark']
['Die for Me!', 'Charmdi', 'Repel Dark', 'Auto-Tarukaja', 'Resist Dark']
['Mazio', 'Repel Dark', 'Elec Boost', 'Hama Boost', 'Charmdi']
['Hama Boost', 'Auto-Tarukaja', 'Evil Touch', 'Elec Boost', 'Die for Me!']
['Die for Me!', 'Repel Dark', 'Auto-Tarukaja', 'Hamaon', 'Counterstrike']
['Die for Me!', 'Elec Boost', 'Hama Boost', 'Hamaon', 'Pulinpa']
['Marin Karin', 'Resist Dark', 'Evil Touch', 'Hamaon', 'Elec Boost']
['Repel Dark', 'Hama Boost', 'Hamaon', 'Counterstrike', 'Dekaja']
['Elec Boost', 'Hamaon', 'Hama Boost', 'Mazio', 'Repel Dark']
['Elec Boost', 'Recarmdra', 'Counterstrike', 'Die for Me!', 'Charmdi']
['Hamaon', 'Resist Dark', 'Die for Me!', 'Auto-Tarukaja', 'Charmdi']
['Hamaon', 'Elec Boost', 'Hama Boost', 'Marakunda', 'Zionga']
['Hamaon', 'Auto-Tarukaja', 'Die for Me!', 'Elec Boost', 'Counterstrike']
['Elec Boost', 'Mazio', 'Dekaja', 'Hamaon', 'Zio']
['Pulinpa', 'Hamaon', 'Resist Dark', 'Elec Break', 'Elec Boost']
['Hamaon', 'Charmdi', 'Repel Dark', 'Die for Me!', 'Counterstrike']
['Auto-Tarukaja', 'Die for Me!', 'Elec Boost', 'Repel Dark', 'Zio']
['Hamaon', 'Die for Me!', 'Charmdi', 'Zio', 'Hama Boost']
['Elec Boost', 'Hamaon', 'Recarmdra', 'Counterstrike', 'Hama Boost']
['Charmdi', 'Dekaja', 'Elec Boost', 'Die for Me!', 'Auto-Tarukaja']
['Repel Dark', 'Die for Me!', 'Hamaon', 'Resist Dark', 'Recarmdra']
['Repel Dark', 'Resist Dark', 'Die for Me!', 'Hamaon', 'Hama Boost']
['Hamaon', 'Hama Boost', 'Counterstrike', 'Die for Me!', 'Zio']
['Charmdi', 'Elec Boost', 'Hamaon', 'Die for Me!', 'Mediarahan']
['Hamaon', 'Hama Boost', 'Evil Touch', 'Elec Boost', 'Zio']
['Hamaon', 'Zionga', 'Counterstrike', 'Die for Me!', 'Elec Boost']
['Auto-Tarukaja', 'Repel Dark', 'Hamaon', 'Die for Me!', 'Mazio']
['Zio', 'Hamaon', 'Counterstrike', 'Die for Me!', 'Resist Dark']
['Elec Boost', 'Counterstrike', 'Hamaon', 'Die for Me!', 'Marakunda']
['Elec Boost', 'Counterstrike', 'Hamaon', 'Die for Me!', 'Zio']
['Counterstrike', 'Hama Boost', 'Hamaon', 'Die for Me!', 'Resist Dark']
['Hamaon', 'Die for Me!', 'Counterstrike', 'Charmdi', 'Zio']
['Auto-Tarukaja', 'Zio', 'Resist Dark', 'Hamaon', 'Elec Boost']
['Auto-Tarukaja', 'Hamaon', 'Zio', 'Hama Boost', 'Zionga']
['Mazio', 'Repel Dark', 'Megido', 'Die for Me!', 'Counterstrike']
['Zio', 'Hamaon', 'Spirit Drain', 'Counterstrike', 'Elec Boost']
['Zio', 'Auto-Tarukaja', 'Pulinpa', 'Hamaon', 'Hama Boost']
['Hamaon', 'Elec Boost', 'Auto-Tarukaja', 'Die for Me!', 'Resist Dark']
['Resist Dark', 'Repel Dark', 'Elec Boost', 'Hamaon', 'Mazio']
['Hamaon', 'Auto-Tarukaja', 'Elec Boost', 'Die for Me!', 'Dekaja']
['Elec Break', 'Repel Dark', 'Hamaon', 'Counterstrike', 'Die for Me!']
['Hamaon', 'Repel Dark', 'Die for Me!', 'Elec Boost', 'Evil Touch']
['Zio', 'Auto-Tarukaja', 'Pulinpa', 'Mediarahan', 'Marin Karin']
['Resist Dark', 'Repel Dark', 'Elec Boost', 'Hama Boost', 'Die for Me!']
['Resist Dark', 'Spirit Drain', 'Die for Me!', 'Mediarahan', 'Hamaon']
['Hamaon', 'Counterstrike', 'Zio', 'Auto-Tarukaja', 'Die for Me!']
['Hamaon', 'Die for Me!', 'Elec Boost', 'Counterstrike', 'Evil Touch']
['Elec Boost', 'Pulinpa', 'Auto-Tarukaja', 'Hamaon', 'Die for Me!']
['Counterstrike', 'Hamaon', 'Auto-Tarukaja', 'Die for Me!', 'Resist Dark']
['Repel Dark', 'Die for Me!', 'Elec Boost', 'Hama Boost', 'Hamaon']
['Auto-Tarukaja', 'Charmdi', 'Die for Me!', 'Hamaon', 'Repel Dark']
['Spirit Drain', 'Charmdi', 'Pulinpa', 'Hamaon', 'Counterstrike']
['Elec Boost', 'Hamaon', 'Charmdi', 'Mediarahan', 'Hama Boost']
['Elec Boost', 'Dekaja', 'Die for Me!', 'Counterstrike', 'Hamaon']
['Auto-Tarukaja', 'Zio', 'Repel Dark', 'Hama Boost', 'Hamaon']
['Charmdi', 'Hama Boost', 'Zionga', 'Hamaon', 'Die for Me!']
['Hamaon', 'Resist Dark', 'Die for Me!', 'Pulinpa', 'Elec Break']
['Die for Me!', 'Counterstrike', 'Marakunda', 'Hama Boost', 'Elec Boost']
['Hamaon', 'Zio', 'Hama Boost', 'Auto-Tarukaja', 'Elec Boost']
['Hamaon', 'Resist Dark', 'Die for Me!', 'Megido', 'Auto-Tarukaja']
['Mazio', 'Megido', 'Repel Dark', 'Hamaon', 'Die for Me!']
['Zionga', 'Counterstrike', 'Hamaon', 'Die for Me!', 'Pulinpa']
['Auto-Tarukaja', 'Hamaon', 'Counterstrike', 'Elec Boost', 'Hama Boost']
['Hamaon', 'Die for Me!', 'Pulinpa', 'Resist Dark', 'Hama Boost']
['Hamaon', 'Die for Me!', 'Zio', 'Counterstrike', 'Auto-Tarukaja']
['Hamaon', 'Die for Me!', 'Hama Boost', 'Repel Dark', 'Resist Dark']
['Hamaon', 'Counterstrike', 'Marin Karin', 'Repel Dark', 'Elec Boost']
['Hamaon', 'Elec Boost', 'Die for Me!', 'Auto-Tarukaja', 'Spirit Drain']
['Elec Boost', 'Auto-Tarukaja', 'Die for Me!', 'Charmdi', 'Resist Dark']
['Elec Boost', 'Evil Touch', 'Auto-Tarukaja', 'Hamaon', 'Resist Dark']
['Hamaon', 'Auto-Tarukaja', 'Elec Boost', 'Repel Dark', 'Counterstrike']
['Auto-Tarukaja', 'Die for Me!', 'Zio', 'Hamaon', 'Mazio']
['Zio', 'Elec Boost', 'Hamaon', 'Die for Me!', 'Resist Dark']
['Elec Boost', 'Counterstrike', 'Hamaon', 'Die for Me!', 'Auto-Tarukaja']
['Hama Boost', 'Hamaon', 'Evil Touch', 'Resist Dark', 'Die for Me!']
['Hamaon', 'Hama Boost', 'Mediarahan', 'Elec Boost', 'Spirit Drain']
['Evil Touch', 'Zio', 'Hamaon', 'Elec Boost', 'Spirit Drain']
['Auto-Tarukaja', 'Hamaon', 'Die for Me!', 'Hama Boost', 'Resist Dark']
['Hamaon', 'Die for Me!', 'Resist Dark', 'Elec Boost', 'Pulinpa']
['Auto-Tarukaja', 'Zio', 'Resist Dark', 'Hama Boost', 'Zionga']
['Die for Me!', 'Auto-Tarukaja', 'Pulinpa', 'Counterstrike', 'Hama Boost']
['Hamaon', 'Pulinpa', 'Elec Boost', 'Spirit Drain', 'Die for Me!']
['Pulinpa', 'Zio', 'Die for Me!', 'Elec Boost', 'Hama Boost']
['Elec Boost', 'Hamaon', 'Die for Me!', 'Resist Dark', 'Counterstrike']
['Auto-Tarukaja', 'Charmdi', 'Elec Boost', 'Evil Touch', 'Zionga']
['Pulinpa', 'Die for Me!', 'Hamaon', 'Zio', 'Marin Karin']
['Die for Me!', 'Repel Dark', 'Pulinpa', 'Resist Dark', 'Hamaon']
['Elec Boost', 'Elec Break', 'Repel Dark', 'Hamaon', 'Zio']
['Recarmdra', 'Hama Boost', 'Die for Me!', 'Zionga', 'Auto-Tarukaja']
['Pulinpa', 'Hamaon', 'Megido', 'Die for Me!', 'Zio']
['Elec Boost', 'Hama Boost', 'Repel Dark', 'Spirit Drain', 'Counterstrike']
['Resist Dark', 'Zionga', 'Counterstrike', 'Auto-Tarukaja', 'Hamaon']
['Resist Dark', 'Repel Dark', 'Zio', 'Die for Me!', 'Hamaon']
['Hamaon', 'Evil Touch', 'Auto-Tarukaja', 'Hama Boost', 'Die for Me!']
['Die for Me!', 'Elec Boost', 'Zio', 'Zionga', 'Repel Dark']
['Repel Dark', 'Hamaon', 'Die for Me!', 'Counterstrike', 'Auto-Tarukaja']
['Hama Boost', 'Zio', 'Auto-Tarukaja', 'Elec Boost', 'Resist Dark']
['Zio', 'Resist Dark', 'Pulinpa', 'Hamaon', 'Repel Dark']
['Hamaon', 'Repel Dark', 'Resist Dark', 'Elec Boost', 'Hama Boost']
['Dekaja', 'Hama Boost', 'Mazio', 'Elec Boost', 'Die for Me!']
['Hamaon', 'Die for Me!', 'Counterstrike', 'Dekaja', 'Mazio']
['Elec Boost', 'Hamaon', 'Counterstrike', 'Hama Boost', 'Repel Dark']
['Die for Me!', 'Zio', 'Elec Boost', 'Hamaon', 'Counterstrike']
['Hamaon', 'Resist Dark', 'Elec Boost', 'Counterstrike', 'Repel Dark']
['Hamaon', 'Zionga', 'Resist Dark', 'Die for Me!', 'Mazio']
['Elec Boost', 'Resist Dark', 'Marin Karin', 'Hama Boost', 'Hamaon']
['Hamaon', 'Auto-Tarukaja', 'Hama Boost', 'Evil Touch', 'Repel Dark']
['Hamaon', 'Elec Boost', 'Counterstrike', 'Auto-Tarukaja', 'Charmdi']
['Hamaon', 'Marin Karin', 'Zionga', 'Counterstrike', 'Auto-Tarukaja']
['Elec Boost', 'Hamaon', 'Hama Boost', 'Megido', 'Marin Karin']
['Megido', 'Elec Boost', 'Auto-Tarukaja', 'Resist Dark', 'Hamaon']
['Hama Boost', 'Hamaon', 'Dekaja', 'Elec Boost', 'Counterstrike']
['Hamaon', 'Hama Boost', 'Resist Dark', 'Elec Break', 'Auto-Tarukaja']
['Zionga', 'Die for Me!', 'Counterstrike', 'Hamaon', 'Elec Boost']
['Resist Dark', 'Hamaon', 'Elec Boost', 'Auto-Tarukaja', 'Counterstrike']
['Hamaon', 'Elec Boost', 'Counterstrike', 'Hama Boost', 'Zio']
['Evil Touch', 'Hama Boost', 'Hamaon', 'Counterstrike', 'Auto-Tarukaja']
['Elec Boost', 'Auto-Tarukaja', 'Resist Dark', 'Hamaon', 'Zio']
['Hamaon', 'Pulinpa', 'Elec Boost', 'Repel Dark', 'Charmdi']
['Hamaon', 'Repel Dark', 'Resist Dark', 'Hama Boost', 'Pulinpa']
['Elec Boost', 'Auto-Tarukaja', 'Die for Me!', 'Hama Boost', 'Mazio']
['Elec Boost', 'Auto-Tarukaja', 'Hamaon', 'Zio', 'Repel Dark']
['Repel Dark', 'Hama Boost', 'Elec Boost', 'Pulinpa', 'Mazio']
['Elec Boost', 'Elec Break', 'Charmdi', 'Counterstrike', 'Mazio']
['Counterstrike', 'Die for Me!', 'Repel Dark', 'Auto-Tarukaja', 'Evil Touch']
['Die for Me!', 'Elec Boost', 'Auto-Tarukaja', 'Resist Dark', 'Hamaon']
['Repel Dark', 'Mazio', 'Zio', 'Hama Boost', 'Elec Break']
['Die for Me!', 'Pulinpa', 'Mediarahan', 'Auto-Tarukaja', 'Elec Boost']
['Hamaon', 'Elec Boost', 'Repel Dark', 'Pulinpa', 'Charmdi']
['Hama Boost', 'Hamaon', 'Pulinpa', 'Resist Dark', 'Evil Touch']
['Counterstrike', 'Auto-Tarukaja', 'Zio', 'Hama Boost', 'Repel Dark']
['Resist Dark', 'Mazio', 'Zio', 'Hamaon', 'Elec Boost']
['Elec Boost', 'Auto-Tarukaja', 'Hamaon', 'Hama Boost', 'Evil Touch']
['Elec Boost', 'Zio', 'Hamaon', 'Hama Boost', 'Die for Me!']
['Zio', 'Auto-Tarukaja', 'Hamaon', 'Hama Boost', 'Charmdi']
['Die for Me!', 'Elec Boost', 'Hama Boost', 'Hamaon', 'Zio']
['Resist Dark', 'Auto-Tarukaja', 'Elec Break', 'Elec Boost', 'Hama Boost']
['Elec Boost', 'Hamaon', 'Die for Me!', 'Auto-Tarukaja', 'Hama Boost']
['Elec Boost', 'Marakunda', 'Die for Me!', 'Counterstrike', 'Mediarahan']
['Die for Me!', 'Mazio', 'Zio', 'Pulinpa', 'Hamaon']
['Mazio', 'Hamaon', 'Charmdi', 'Elec Boost', 'Die for Me!']
['Elec Boost', 'Zio', 'Die for Me!', 'Hamaon', 'Charmdi']
['Hamaon', 'Megido', 'Elec Boost', 'Marin Karin', 'Die for Me!']
['Die for Me!', 'Hamaon', 'Auto-Tarukaja', 'Marin Karin', 'Hama Boost']
['Hamaon', 'Megido', 'Auto-Tarukaja', 'Elec Boost', 'Mazio']
['Spirit Drain', 'Repel Dark', 'Marin Karin', 'Hamaon', 'Marakunda']
['Hama Boost', 'Auto-Tarukaja', 'Elec Break', 'Pulinpa', 'Zio']
['Auto-Tarukaja', 'Die for Me!', 'Charmdi', 'Resist Dark', 'Zionga']
['Counterstrike', 'Elec Boost', 'Hamaon', 'Elec Break', 'Die for Me!']
['Elec Boost', 'Marin Karin', 'Mediarahan', 'Auto-Tarukaja', 'Hamaon']
['Die for Me!', 'Charmdi', 'Resist Dark', 'Hamaon', 'Elec Boost']
['Hamaon', 'Megido', 'Hama Boost', 'Pulinpa', 'Resist Dark']
['Auto-Tarukaja', 'Marin Karin', 'Dekaja', 'Resist Dark', 'Hamaon']
['Auto-Tarukaja', 'Counterstrike', 'Die for Me!', 'Hamaon', 'Recarmdra']
['Zio', 'Counterstrike', 'Hamaon', 'Elec Boost', 'Auto-Tarukaja']
['Elec Break', 'Pulinpa', 'Hamaon', 'Dekaja', 'Auto-Tarukaja']
['Zio', 'Auto-Tarukaja', 'Repel Dark', 'Die for Me!', 'Hamaon']
['Counterstrike', 'Resist Dark', 'Hamaon', 'Elec Boost', 'Die for Me!']
['Hama Boost', 'Resist Dark', 'Auto-Tarukaja', 'Elec Boost', 'Repel Dark']
['Hamaon', 'Die for Me!', 'Hama Boost', 'Recarmdra', 'Auto-Tarukaja']
['Hamaon', 'Zio', 'Counterstrike', 'Die for Me!', 'Repel Dark']
['Hamaon', 'Elec Boost', 'Resist Dark', 'Auto-Tarukaja', 'Counterstrike']
['Zio', 'Resist Dark', 'Die for Me!', 'Hamaon', 'Elec Boost']
['Die for Me!', 'Hama Boost', 'Charmdi', 'Elec Boost', 'Resist Dark']
['Hamaon', 'Resist Dark', 'Auto-Tarukaja', 'Die for Me!', 'Elec Boost']
['Mediarahan', 'Die for Me!', 'Dekaja', 'Hamaon', 'Zio']
['Elec Boost', 'Mazio', 'Counterstrike', 'Hamaon', 'Hama Boost']
['Hama Boost', 'Repel Dark', 'Auto-Tarukaja', 'Pulinpa', 'Elec Break']
['Die for Me!', 'Zio', 'Elec Boost', 'Counterstrike', 'Auto-Tarukaja']
['Die for Me!', 'Auto-Tarukaja', 'Elec Boost', 'Hama Boost', 'Repel Dark']
['Elec Boost', 'Counterstrike', 'Resist Dark', 'Hama Boost', 'Elec Break']
['Die for Me!', 'Resist Dark', 'Hamaon', 'Marakunda', 'Counterstrike']
['Resist Dark', 'Mazio', 'Megido', 'Auto-Tarukaja', 'Elec Boost']
['Elec Boost', 'Die for Me!', 'Repel Dark', 'Hamaon', 'Counterstrike']
['Hamaon', 'Zio', 'Pulinpa', 'Auto-Tarukaja', 'Marin Karin']
['Hamaon', 'Hama Boost', 'Auto-Tarukaja', 'Resist Dark', 'Elec Boost']
['Resist Dark', 'Auto-Tarukaja', 'Elec Boost', 'Hamaon', 'Zionga']
['Repel Dark', 'Elec Boost', 'Marin Karin', 'Hamaon', 'Zio']
['Elec Boost', 'Evil Touch', 'Zio', 'Charmdi', 'Resist Dark']
['Elec Boost', 'Hamaon', 'Zionga', 'Counterstrike', 'Auto-Tarukaja']
['Hamaon', 'Spirit Drain', 'Resist Dark', 'Die for Me!', 'Elec Boost']
['Elec Boost', 'Pulinpa', 'Counterstrike', 'Evil Touch', 'Die for Me!']
['Hamaon', 'Resist Dark', 'Counterstrike', 'Zio', 'Hama Boost']
['Zionga', 'Hamaon', 'Counterstrike', 'Elec Boost', 'Auto-Tarukaja']
['Megido', 'Resist Dark', 'Elec Boost', 'Hamaon', 'Spirit Drain']
['Elec Boost', 'Resist Dark', 'Hama Boost', 'Hamaon', 'Marin Karin']
['Die for Me!', 'Repel Dark', 'Charmdi', 'Zio', 'Counterstrike']
['Die for Me!', 'Marin Karin', 'Marakunda', 'Resist Dark', 'Elec Boost']
['Hamaon', 'Resist Dark', 'Marakunda', 'Mazio', 'Auto-Tarukaja']
['Elec Boost', 'Hamaon', 'Dekaja', 'Mazio', 'Auto-Tarukaja']
['Hamaon', 'Die for Me!', 'Zio', 'Hama Boost', 'Elec Boost']
['Hama Boost', 'Elec Boost', 'Hamaon', 'Counterstrike', 'Repel Dark']
['Repel Dark', 'Elec Boost', 'Counterstrike', 'Auto-Tarukaja', 'Charmdi']
['Hamaon', 'Zio', 'Repel Dark', 'Charmdi', 'Elec Boost']
['Elec Break', 'Hamaon', 'Evil Touch', 'Zionga', 'Elec Boost']
['Hamaon', 'Die for Me!', 'Auto-Tarukaja', 'Zio', 'Counterstrike']
['Evil Touch', 'Hamaon', 'Elec Boost', 'Mazio', 'Hama Boost']
['Mazio', 'Hamaon', 'Hama Boost', 'Counterstrike', 'Die for Me!']
['Mazio', 'Elec Boost', 'Charmdi', 'Hama Boost', 'Die for Me!']
['Mazio', 'Die for Me!', 'Zionga', 'Hama Boost', 'Hamaon']
['Die for Me!', 'Zio', 'Hamaon', 'Auto-Tarukaja', 'Counterstrike']
['Hamaon', 'Elec Boost', 'Dekaja', 'Counterstrike', 'Zionga']
['Mazio', 'Die for Me!', 'Hamaon', 'Charmdi', 'Zionga']
['Auto-Tarukaja', 'Repel Dark', 'Elec Boost', 'Die for Me!', 'Hamaon']
['Elec Boost', 'Mazio', 'Counterstrike', 'Hama Boost', 'Auto-Tarukaja']
['Zionga', 'Hamaon', 'Die for Me!', 'Auto-Tarukaja', 'Counterstrike']
['Resist Dark', 'Counterstrike', 'Mazio', 'Die for Me!', 'Hamaon']
['Hamaon', 'Zio', 'Pulinpa', 'Die for Me!', 'Hama Boost']
['Hamaon', 'Auto-Tarukaja', 'Resist Dark', 'Die for Me!', 'Elec Boost']
['Die for Me!', 'Elec Boost', 'Auto-Tarukaja', 'Counterstrike', 'Charmdi']
['Hamaon', 'Mazio', 'Marin Karin', 'Hama Boost', 'Elec Boost']
['Zionga', 'Die for Me!', 'Hamaon', 'Pulinpa', 'Counterstrike']
['Pulinpa', 'Auto-Tarukaja', 'Megido', 'Repel Dark', 'Hamaon']
['Hamaon', 'Charmdi', 'Elec Boost', 'Hama Boost', 'Die for Me!']
['Recarmdra', 'Marin Karin', 'Die for Me!', 'Charmdi', 'Hamaon']
['Die for Me!', 'Resist Dark', 'Hamaon', 'Pulinpa', 'Repel Dark']
['Marin Karin', 'Hamaon', 'Counterstrike', 'Die for Me!', 'Resist Dark']
['Hamaon', 'Zionga', 'Hama Boost', 'Pulinpa', 'Elec Boost']
['Hamaon', 'Hama Boost', 'Pulinpa', 'Elec Boost', 'Die for Me!']
['Repel Dark', 'Hamaon', 'Die for Me!', 'Elec Boost', 'Evil Touch']
['Hamaon', 'Resist Dark', 'Mediarahan', 'Hama Boost', 'Pulinpa']
['Counterstrike', 'Auto-Tarukaja', 'Hamaon', 'Repel Dark', 'Mediarahan']
['Marin Karin', 'Hamaon', 'Resist Dark', 'Elec Boost', 'Auto-Tarukaja']
['Mediarahan', 'Mazio', 'Elec Boost', 'Hamaon', 'Resist Dark']
['Mazio', 'Resist Dark', 'Hamaon', 'Auto-Tarukaja', 'Repel Dark']
['Elec Boost', 'Hamaon', 'Hama Boost', 'Counterstrike', 'Charmdi']
['Elec Boost', 'Marakunda', 'Hamaon', 'Pulinpa', 'Die for Me!']
['Hama Boost', 'Resist Dark', 'Hamaon', 'Elec Break', 'Zio']
['Hamaon', 'Resist Dark', 'Auto-Tarukaja', 'Hama Boost', 'Zio']
['Zio', 'Repel Dark', 'Hamaon', 'Charmdi', 'Evil Touch']
['Zio', 'Charmdi', 'Die for Me!', 'Hamaon', 'Auto-Tarukaja']
['Hamaon', 'Auto-Tarukaja', 'Counterstrike', 'Resist Dark', 'Elec Boost']
['Counterstrike', 'Hamaon', 'Die for Me!', 'Elec Boost', 'Charmdi']
['Die for Me!', 'Hamaon', 'Auto-Tarukaja', 'Zionga', 'Zio']
['Hama Boost', 'Auto-Tarukaja', 'Resist Dark', 'Zio', 'Elec Boost']
['Elec Boost', 'Repel Dark', 'Hamaon', 'Evil Touch', 'Die for Me!']
['Auto-Tarukaja', 'Hamaon', 'Resist Dark', 'Hama Boost', 'Die for Me!']
['Repel Dark', 'Hama Boost', 'Hamaon', 'Charmdi', 'Counterstrike']
['Elec Boost', 'Hamaon', 'Marin Karin', 'Resist Dark', 'Zio']
['Hama Boost', 'Zio', 'Elec Boost', 'Dekaja', 'Mazio']
['Elec Break', 'Counterstrike', 'Elec Boost', 'Auto-Tarukaja', 'Zio']
['Hamaon', 'Auto-Tarukaja', 'Megido', 'Die for Me!', 'Marin Karin']
['Die for Me!', 'Hama Boost', 'Pulinpa', 'Resist Dark', 'Elec Boost']
['Auto-Tarukaja', 'Elec Boost', 'Elec Break', 'Hamaon', 'Die for Me!']
['Die for Me!', 'Marin Karin', 'Elec Boost', 'Auto-Tarukaja', 'Hama Boost']
['Hama Boost', 'Hamaon', 'Auto-Tarukaja', 'Die for Me!', 'Mazio']
['Counterstrike', 'Mazio', 'Hama Boost', 'Hamaon', 'Resist Dark']
['Hamaon', 'Mediarahan', 'Die for Me!', 'Charmdi', 'Marin Karin']
['Auto-Tarukaja', 'Mazio', 'Hamaon', 'Elec Boost', 'Hama Boost']
['Die for Me!', 'Charmdi', 'Elec Break', 'Repel Dark', 'Hamaon']
['Marin Karin', 'Counterstrike', 'Hamaon', 'Auto-Tarukaja', 'Elec Boost']
['Charmdi', 'Hamaon', 'Die for Me!', 'Auto-Tarukaja', 'Mediarahan']
['Hamaon', 'Resist Dark', 'Die for Me!', 'Hama Boost', 'Counterstrike']
['Counterstrike', 'Elec Boost', 'Repel Dark', 'Spirit Drain', 'Hamaon']
['Resist Dark', 'Hama Boost', 'Hamaon', 'Die for Me!', 'Zio']
['Resist Dark', 'Pulinpa', 'Hama Boost', 'Hamaon', 'Counterstrike']
['Counterstrike', 'Hamaon', 'Charmdi', 'Resist Dark', 'Auto-Tarukaja']
['Die for Me!', 'Auto-Tarukaja', 'Elec Boost', 'Repel Dark', 'Hama Boost']
['Dekaja', 'Mazio', 'Hamaon', 'Elec Boost', 'Elec Break']
['Repel Dark', 'Hamaon', 'Pulinpa', 'Zio', 'Auto-Tarukaja']
['Auto-Tarukaja', 'Hamaon', 'Marin Karin', 'Die for Me!', 'Elec Boost']
['Hamaon', 'Elec Boost', 'Hama Boost', 'Auto-Tarukaja', 'Evil Touch']
['Auto-Tarukaja', 'Dekaja', 'Marakunda', 'Elec Boost', 'Hamaon']
['Megido', 'Charmdi', 'Auto-Tarukaja', 'Hamaon', 'Zio']
['Marin Karin', 'Counterstrike', 'Elec Boost', 'Hamaon', 'Spirit Drain']
['Hama Boost', 'Hamaon', 'Auto-Tarukaja', 'Die for Me!', 'Repel Dark']
['Pulinpa', 'Charmdi', 'Zio', 'Elec Boost', 'Repel Dark']
['Elec Boost', 'Auto-Tarukaja', 'Hamaon', 'Charmdi', 'Counterstrike']
['Pulinpa', 'Marin Karin', 'Die for Me!', 'Elec Boost', 'Dekaja']
['Resist Dark', 'Pulinpa', 'Hamaon', 'Mazio', 'Zionga']
['Hamaon', 'Elec Boost', 'Zio', 'Die for Me!', 'Repel Dark']
['Auto-Tarukaja', 'Hamaon', 'Megido', 'Die for Me!', 'Elec Boost']
['Zio', 'Hamaon', 'Recarmdra', 'Die for Me!', 'Elec Boost']
['Hamaon', 'Hama Boost', 'Marakunda', 'Resist Dark', 'Charmdi']
['Auto-Tarukaja', 'Dekaja', 'Hamaon', 'Pulinpa', 'Elec Boost']
['Hamaon', 'Die for Me!', 'Repel Dark', 'Zio', 'Counterstrike']
['Dekaja', 'Die for Me!', 'Auto-Tarukaja', 'Marin Karin', 'Hamaon']
['Charmdi', 'Pulinpa', 'Hama Boost', 'Die for Me!', 'Counterstrike']
['Resist Dark', 'Auto-Tarukaja', 'Marin Karin', 'Mazio', 'Counterstrike']
['Elec Boost', 'Repel Dark', 'Counterstrike', 'Hamaon', 'Die for Me!']
['Die for Me!', 'Auto-Tarukaja', 'Marin Karin', 'Hamaon', 'Counterstrike']
['Die for Me!', 'Counterstrike', 'Hamaon', 'Evil Touch', 'Mediarahan']
['Repel Dark', 'Counterstrike', 'Elec Boost', 'Auto-Tarukaja', 'Resist Dark']
['Resist Dark', 'Die for Me!', 'Mazio', 'Spirit Drain', 'Hamaon']
['Hamaon', 'Zio', 'Counterstrike', 'Elec Boost', 'Auto-Tarukaja']
['Die for Me!', 'Zionga', 'Pulinpa', 'Elec Boost', 'Hamaon']
['Hamaon', 'Hama Boost', 'Auto-Tarukaja', 'Die for Me!', 'Repel Dark']
['Hamaon', 'Elec Boost', 'Zio', 'Evil Touch', 'Resist Dark']
['Hama Boost', 'Hamaon', 'Zio', 'Mazio', 'Evil Touch']
['Hama Boost', 'Hamaon', 'Spirit Drain', 'Resist Dark', 'Pulinpa']
['Marin Karin', 'Mazio', 'Auto-Tarukaja', 'Hamaon', 'Zio']
['Dekaja', 'Hama Boost', 'Repel Dark', 'Charmdi', 'Marakunda']
['Repel Dark', 'Mediarahan', 'Auto-Tarukaja', 'Evil Touch', 'Recarmdra']
['Zionga', 'Zio', 'Charmdi', 'Elec Boost', 'Mazio']
['Hamaon', 'Marakunda', 'Die for Me!', 'Counterstrike', 'Charmdi']
['Resist Dark', 'Mazio', 'Elec Boost', 'Marin Karin', 'Hamaon']
['Hamaon', 'Pulinpa', 'Die for Me!', 'Mazio', 'Elec Boost']
['Mazio', 'Elec Boost', 'Repel Dark', 'Auto-Tarukaja', 'Hama Boost']
['Mazio', 'Hamaon', 'Zio', 'Hama Boost', 'Elec Boost']
['Mediarahan', 'Elec Boost', 'Hamaon', 'Die for Me!', 'Hama Boost']
['Hama Boost', 'Zionga', 'Charmdi', 'Die for Me!', 'Counterstrike']
['Auto-Tarukaja', 'Evil Touch', 'Counterstrike', 'Marin Karin', 'Resist Dark']
['Counterstrike', 'Evil Touch', 'Die for Me!', 'Zionga', 'Elec Boost']
['Auto-Tarukaja', 'Zionga', 'Resist Dark', 'Hama Boost', 'Hamaon']
['Die for Me!', 'Hama Boost', 'Elec Break', 'Hamaon', 'Counterstrike']
['Recarmdra', 'Resist Dark', 'Hamaon', 'Elec Boost', 'Counterstrike']
['Die for Me!', 'Hama Boost', 'Elec Boost', 'Resist Dark', 'Hamaon']
['Resist Dark', 'Zio', 'Elec Boost', 'Charmdi', 'Hamaon']
['Die for Me!', 'Mazio', 'Hamaon', 'Elec Boost', 'Resist Dark']
['Zio', 'Die for Me!', 'Hamaon', 'Repel Dark', 'Auto-Tarukaja']
['Elec Boost', 'Hamaon', 'Zio', 'Zionga', 'Die for Me!']
['Marin Karin', 'Counterstrike', 'Hamaon', 'Hama Boost', 'Die for Me!']
['Hama Boost', 'Counterstrike', 'Repel Dark', 'Elec Boost', 'Die for Me!']
['Zio', 'Hamaon', 'Auto-Tarukaja', 'Evil Touch', 'Elec Boost']
['Hama Boost', 'Hamaon', 'Repel Dark', 'Resist Dark', 'Zio']
['Pulinpa', 'Hamaon', 'Die for Me!', 'Auto-Tarukaja', 'Elec Boost']
['Hamaon', 'Zio', 'Auto-Tarukaja', 'Die for Me!', 'Elec Boost']
['Die for Me!', 'Repel Dark', 'Hamaon', 'Hama Boost', 'Marin Karin']
['Auto-Tarukaja', 'Zio', 'Counterstrike', 'Elec Boost', 'Mazio']
['Die for Me!', 'Counterstrike', 'Hamaon', 'Elec Break', 'Resist Dark']
['Mazio', 'Marin Karin', 'Counterstrike', 'Hamaon', 'Zio']
['Resist Dark', 'Elec Boost', 'Hamaon', 'Mazio', 'Counterstrike']
['Counterstrike', 'Pulinpa', 'Hamaon', 'Mazio', 'Zionga']
['Elec Boost', 'Resist Dark', 'Evil Touch', 'Die for Me!', 'Hamaon']
['Resist Dark', 'Hamaon', 'Evil Touch', 'Pulinpa', 'Zio']
['Elec Boost', 'Pulinpa', 'Mazio', 'Resist Dark', 'Counterstrike']
['Resist Dark', 'Die for Me!', 'Hama Boost', 'Auto-Tarukaja', 'Mazio']
['Resist Dark', 'Auto-Tarukaja', 'Evil Touch', 'Hamaon', 'Die for Me!']
['Resist Dark', 'Hamaon', 'Elec Boost', 'Die for Me!', 'Megido']
['Hamaon', 'Repel Dark', 'Charmdi', 'Elec Boost', 'Counterstrike']
['Elec Boost', 'Zio', 'Die for Me!', 'Hamaon', 'Counterstrike']
['Pulinpa', 'Hamaon', 'Auto-Tarukaja', 'Resist Dark', 'Marin Karin']
['Die for Me!', 'Hama Boost', 'Elec Break', 'Counterstrike', 'Mazio']
['Resist Dark', 'Hamaon', 'Hama Boost', 'Dekaja', 'Repel Dark']
['Mazio', 'Mediarahan', 'Hamaon', 'Die for Me!', 'Elec Boost']
['Zio', 'Counterstrike', 'Repel Dark', 'Hamaon', 'Resist Dark']
['Recarmdra', 'Elec Boost', 'Hamaon', 'Counterstrike', 'Auto-Tarukaja']
['Hamaon', 'Elec Boost', 'Counterstrike', 'Marin Karin', 'Zio']
['Spirit Drain', 'Repel Dark', 'Pulinpa', 'Resist Dark', 'Elec Boost']
['Megido', 'Die for Me!', 'Resist Dark', 'Elec Boost', 'Charmdi']
['Hamaon', 'Elec Boost', 'Die for Me!', 'Mazio', 'Auto-Tarukaja']
['Hama Boost', 'Hamaon', 'Die for Me!', 'Resist Dark', 'Repel Dark']
['Repel Dark', 'Hama Boost', 'Auto-Tarukaja', 'Pulinpa', 'Mazio']
['Auto-Tarukaja', 'Elec Boost', 'Repel Dark', 'Zio', 'Resist Dark']
['Pulinpa', 'Marakunda', 'Resist Dark', 'Elec Boost', 'Counterstrike']
['Hamaon', 'Marin Karin', 'Elec Boost', 'Die for Me!', 'Hama Boost']
['Die for Me!', 'Resist Dark', 'Hama Boost', 'Hamaon', 'Repel Dark']
['Counterstrike', 'Hamaon', 'Elec Boost', 'Elec Break', 'Charmdi']
['Hama Boost', 'Resist Dark', 'Mazio', 'Zio', 'Repel Dark']
['Counterstrike', 'Elec Boost', 'Repel Dark', 'Charmdi', 'Hamaon']
['Elec Boost', 'Hamaon', 'Die for Me!', 'Repel Dark', 'Zio']
['Hama Boost', 'Hamaon', 'Auto-Tarukaja', 'Zionga', 'Die for Me!']
['Elec Boost', 'Die for Me!', 'Resist Dark', 'Repel Dark', 'Hamaon']
['Zio', 'Hamaon', 'Charmdi', 'Auto-Tarukaja', 'Dekaja']
['Resist Dark', 'Hamaon', 'Auto-Tarukaja', 'Zionga', 'Marin Karin']
['Resist Dark', 'Pulinpa', 'Hamaon', 'Elec Boost', 'Zionga']
['Zionga', 'Elec Boost', 'Hama Boost', 'Charmdi', 'Pulinpa']
['Hamaon', 'Elec Boost', 'Die for Me!', 'Hama Boost', 'Mazio']
['Mazio', 'Auto-Tarukaja', 'Resist Dark', 'Hama Boost', 'Hamaon']
['Hamaon', 'Auto-Tarukaja', 'Charmdi', 'Elec Boost', 'Repel Dark']
['Die for Me!', 'Hamaon', 'Mazio', 'Spirit Drain', 'Megido']
['Elec Boost', 'Hama Boost', 'Recarmdra', 'Auto-Tarukaja', 'Resist Dark']
['Elec Boost', 'Pulinpa', 'Hamaon', 'Die for Me!', 'Hama Boost']
['Auto-Tarukaja', 'Hamaon', 'Elec Boost', 'Repel Dark', 'Counterstrike']
['Repel Dark', 'Elec Boost', 'Resist Dark', 'Hamaon', 'Mazio']
['Repel Dark', 'Charmdi', 'Hamaon', 'Elec Boost', 'Die for Me!']
['Auto-Tarukaja', 'Counterstrike', 'Hamaon', 'Elec Boost', 'Zio']
['Hamaon', 'Charmdi', 'Elec Boost', 'Mazio', 'Pulinpa']
['Hama Boost', 'Spirit Drain', 'Elec Boost', 'Zionga', 'Die for Me!']
['Hamaon', 'Die for Me!', 'Zio', 'Marakunda', 'Elec Boost']
['Hamaon', 'Auto-Tarukaja', 'Spirit Drain', 'Counterstrike', 'Hama Boost']
['Resist Dark', 'Pulinpa', 'Elec Boost', 'Elec Break', 'Hamaon']
['Hamaon', 'Zionga', 'Zio', 'Die for Me!', 'Repel Dark']
['Hamaon', 'Hama Boost', 'Marin Karin', 'Pulinpa', 'Resist Dark']
['Marakunda', 'Die for Me!', 'Elec Boost', 'Megido', 'Auto-Tarukaja']
['Hamaon', 'Repel Dark', 'Elec Boost', 'Zionga', 'Recarmdra']
['Spirit Drain', 'Die for Me!', 'Zio', 'Marin Karin', 'Elec Boost']
['Die for Me!', 'Elec Boost', 'Marakunda', 'Auto-Tarukaja', 'Hamaon']
['Spirit Drain', 'Hama Boost', 'Pulinpa', 'Repel Dark', 'Resist Dark']
['Zionga', 'Die for Me!', 'Evil Touch', 'Charmdi', 'Counterstrike']
['Resist Dark', 'Marin Karin', 'Spirit Drain', 'Zio', 'Die for Me!']
['Megido', 'Zio', 'Elec Boost', 'Die for Me!', 'Elec Break']
['Hamaon', 'Repel Dark', 'Mazio', 'Die for Me!', 'Hama Boost']
['Spirit Drain', 'Elec Boost', 'Counterstrike', 'Resist Dark', 'Evil Touch']
['Hama Boost', 'Mazio', 'Counterstrike', 'Hamaon', 'Recarmdra']
['Repel Dark', 'Hamaon', 'Elec Boost', 'Die for Me!', 'Evil Touch']
['Marakunda', 'Auto-Tarukaja', 'Resist Dark', 'Zio', 'Evil Touch']
['Hamaon', 'Elec Boost', 'Die for Me!', 'Zio', 'Auto-Tarukaja']
['Hamaon', 'Elec Boost', 'Die for Me!', 'Evil Touch', 'Elec Break']
['Hamaon', 'Auto-Tarukaja', 'Charmdi', 'Pulinpa', 'Evil Touch']
['Elec Boost', 'Resist Dark', 'Auto-Tarukaja', 'Hamaon', 'Zionga']
['Counterstrike', 'Die for Me!', 'Zio', 'Elec Boost', 'Resist Dark']
['Repel Dark', 'Dekaja', 'Pulinpa', 'Auto-Tarukaja', 'Elec Boost']
['Hamaon', 'Hama Boost', 'Elec Boost', 'Die for Me!', 'Counterstrike']
['Hamaon', 'Repel Dark', 'Auto-Tarukaja', 'Hama Boost', 'Zio']
['Spirit Drain', 'Zionga', 'Die for Me!', 'Resist Dark', 'Zio']
['Elec Boost', 'Hamaon', 'Die for Me!', 'Counterstrike', 'Zio']
['Elec Boost', 'Zio', 'Counterstrike', 'Repel Dark', 'Resist Dark']
['Pulinpa', 'Auto-Tarukaja', 'Mediarahan', 'Die for Me!', 'Dekaja']
['Elec Boost', 'Die for Me!', 'Auto-Tarukaja', 'Marin Karin', 'Hamaon']
['Counterstrike', 'Die for Me!', 'Zionga', 'Resist Dark', 'Auto-Tarukaja']
['Hama Boost', 'Zio', 'Die for Me!', 'Auto-Tarukaja', 'Elec Boost']
['Hama Boost', 'Counterstrike', 'Resist Dark', 'Auto-Tarukaja', 'Repel Dark']
['Die for Me!', 'Hamaon', 'Zionga', 'Elec Boost', 'Auto-Tarukaja']
['Repel Dark', 'Zionga', 'Dekaja', 'Counterstrike', 'Die for Me!']
['Auto-Tarukaja', 'Hamaon', 'Repel Dark', 'Die for Me!', 'Hama Boost']
['Hama Boost', 'Counterstrike', 'Hamaon', 'Elec Boost', 'Pulinpa']
['Hamaon', 'Resist Dark', 'Zio', 'Hama Boost', 'Charmdi']
['Repel Dark', 'Die for Me!', 'Pulinpa', 'Hamaon', 'Elec Boost']
['Hamaon', 'Hama Boost', 'Recarmdra', 'Pulinpa', 'Resist Dark']
['Pulinpa', 'Hamaon', 'Resist Dark', 'Marakunda', 'Elec Break']
['Hamaon', 'Counterstrike', 'Hama Boost', 'Elec Break', 'Mazio']
['Repel Dark', 'Hamaon', 'Elec Boost', 'Resist Dark', 'Auto-Tarukaja']
['Counterstrike', 'Elec Boost', 'Charmdi', 'Hamaon', 'Evil Touch']
['Mazio', 'Zio', 'Elec Boost', 'Hamaon', 'Die for Me!']
['Spirit Drain', 'Zio', 'Resist Dark', 'Repel Dark', 'Counterstrike']
['Hamaon', 'Mediarahan', 'Counterstrike', 'Die for Me!', 'Resist Dark']
['Repel Dark', 'Die for Me!', 'Zio', 'Hamaon', 'Resist Dark']
['Charmdi', 'Hamaon', 'Pulinpa', 'Elec Boost', 'Resist Dark']
['Die for Me!', 'Evil Touch', 'Resist Dark', 'Counterstrike', 'Hama Boost']
['Elec Boost', 'Evil Touch', 'Charmdi', 'Die for Me!', 'Zio']
['Hamaon', 'Hama Boost', 'Megido', 'Repel Dark', 'Resist Dark']
['Repel Dark', 'Auto-Tarukaja', 'Dekaja', 'Mediarahan', 'Hamaon']
['Megido', 'Mazio', 'Hama Boost', 'Hamaon', 'Repel Dark']
['Zio', 'Hama Boost', 'Hamaon', 'Zionga', 'Repel Dark']
['Hamaon', 'Marin Karin', 'Die for Me!', 'Auto-Tarukaja', 'Elec Boost']
['Hamaon', 'Dekaja', 'Auto-Tarukaja', 'Elec Boost', 'Repel Dark']
['Hamaon', 'Hama Boost', 'Counterstrike', 'Elec Boost', 'Die for Me!']
['Counterstrike', 'Hamaon', 'Resist Dark', 'Elec Boost', 'Mazio']
['Marin Karin', 'Auto-Tarukaja', 'Counterstrike', 'Die for Me!', 'Pulinpa']
['Auto-Tarukaja', 'Hamaon', 'Elec Boost', 'Charmdi', 'Marin Karin']
['Hamaon', 'Die for Me!', 'Elec Boost', 'Marin Karin', 'Marakunda']
['Hamaon', 'Die for Me!', 'Hama Boost', 'Dekaja', 'Zio']
['Dekaja', 'Elec Boost', 'Auto-Tarukaja', 'Resist Dark', 'Counterstrike']
['Hamaon', 'Die for Me!', 'Marin Karin', 'Zionga', 'Counterstrike']
['Resist Dark', 'Zio', 'Evil Touch', 'Hamaon', 'Counterstrike']
['Hamaon', 'Auto-Tarukaja', 'Resist Dark', 'Elec Boost', 'Elec Break']
['Hamaon', 'Zio', 'Elec Boost', 'Marin Karin', 'Die for Me!']
['Counterstrike', 'Hamaon', 'Hama Boost', 'Elec Boost', 'Resist Dark']
['Counterstrike', 'Hamaon', 'Mazio', 'Auto-Tarukaja', 'Hama Boost']
['Hamaon', 'Die for Me!', 'Resist Dark', 'Mazio', 'Elec Boost']
['Zio', 'Hamaon', 'Elec Boost', 'Mazio', 'Resist Dark']
['Hamaon', 'Counterstrike', 'Pulinpa', 'Die for Me!', 'Zionga']
['Hamaon', 'Repel Dark', 'Resist Dark', 'Marin Karin', 'Mazio']
['Hamaon', 'Auto-Tarukaja', 'Recarmdra', 'Megido', 'Counterstrike']
['Auto-Tarukaja', 'Die for Me!', 'Counterstrike', 'Zio', 'Hama Boost']
['Pulinpa', 'Hamaon', 'Elec Boost', 'Elec Break', 'Die for Me!']
['Hamaon', 'Repel Dark', 'Counterstrike', 'Auto-Tarukaja', 'Mazio']
['Counterstrike', 'Hamaon', 'Resist Dark', 'Auto-Tarukaja', 'Die for Me!']
['Die for Me!', 'Hama Boost', 'Marakunda', 'Marin Karin', 'Resist Dark']
['Resist Dark', 'Charmdi', 'Evil Touch', 'Hamaon', 'Dekaja']
['Elec Boost', 'Recarmdra', 'Die for Me!', 'Zio', 'Resist Dark']
['Hama Boost', 'Hamaon', 'Zio', 'Elec Boost', 'Charmdi']
['Resist Dark', 'Counterstrike', 'Marin Karin', 'Auto-Tarukaja', 'Hamaon']
