['Trafuri', 'Bewilder', 'Sharp Student', 'Mudoon']
['Garula', 'Rakukaja', 'Wind Amp', 'Mudoon']
['Mudoon', 'Null Fear', 'Wind Boost', 'Magarula']
['Mudoon', 'Sharp Student', 'Null Fear', 'Rakukaja']
['Mudoon', 'Wind Boost', 'Wind Break', 'Agi']
['Panta Rhei', 'Wind Amp', 'Mudoon', 'Agi']
['Wind Boost', 'Mudoon', 'Wind Amp', 'Null Fear']
['Bewilder', 'Wind Boost', 'Agi', 'Wind Amp']
['Wind Boost', 'Mudoon', 'Agi', 'Wind Amp']
['Mudoon', 'Panta Rhei', 'Sharp Student', 'Wind Amp']
['Bewilder', 'Mudoon', 'Sharp Student', 'Agi']
['Evil Smile', 'Wind Amp', 'Trafuri', 'Bewilder']
['Mudoon', 'Wind Boost', 'Rakukaja', 'Null Fear']
['Mudoon', 'Wind Boost', 'Rakukaja', 'Bewilder']
['Mudoon', 'Trafuri', 'Sharp Student', 'Wind Boost']
['Wind Break', 'Agi', 'Rakukaja', 'Garula']
['Mudoon', 'Agi', 'Wind Boost', 'Rakukaja']
['Null Fear', 'Evil Smile', 'Wind Boost', 'Sharp Student']
['Mudoon', 'Wind Boost', 'Bewilder', 'Agi']
['Wind Amp', 'Sharp Student', 'Bewilder', 'Mudoon']
['Mudoon', 'Wind Boost', 'Sharp Student', 'Wind Amp']
['Mudoon', 'Trafuri', 'Agi', 'Wind Boost']
['Mudoon', 'Rakukaja', 'Bewilder', 'Evil Smile']
['Mudoon', 'Trafuri', 'Wind Amp', 'Null Fear']
['Wind Boost', 'Rakukaja', 'Null Fear', 'Sharp Student']
['Mudoon', 'Wind Boost', 'Sharp Student', 'Null Fear']
['Trafuri', 'Mudoon', 'Sharp Student', 'Agi']
['Agi', 'Mudoon', 'Wind Break', 'Wind Boost']
['Agi', 'Sharp Student', 'Wind Amp', 'Bewilder']
['Rakukaja', 'Sharp Student', 'Mudoon', 'Bewilder']
['Wind Boost', 'Sharp Student', 'Wind Amp', 'Mudoon']
['Wind Amp', 'Agi', 'Wind Boost', 'Sharp Student']
['Wind Boost', 'Mudoon', 'Agi', 'Sharp Student']
['Agi', 'Wind Boost', 'Trafuri', 'Rakukaja']
['Mudoon', 'Trafuri', 'Wind Amp', 'Ghastly Wail']
['Wind Boost', 'Wind Amp', 'Mudoon', 'Null Fear']
['Wind Amp', 'Evil Smile', 'Mudoon', 'Sharp Student']
['Sharp Student', 'Agi', 'Mudoon', 'Wind Break']
['Mudoon', 'Garula', 'Sharp Student', 'Bewilder']
['Wind Boost', 'Ghastly Wail', 'Bewilder', 'Mudoon']
['Wind Break', 'Wind Boost', 'Mudoon', 'Wind Amp']
['Wind Amp', 'Sharp Student', 'Null Fear', 'Wind Boost']
['Wind Amp', 'Agi', 'Mudoon', 'Panta Rhei']
['Sharp Student', 'Rakukaja', 'Agi', 'Mudoon']
['Bewilder', 'Wind Boost', 'Mudoon', 'Null Fear']
['Sharp Student', 'Bewilder', 'Mudoon', 'Wind Boost']
['Sharp Student', 'Mudoon', 'Wind Boost', 'Wind Amp']
['Agi', 'Rakukaja', 'Wind Amp', 'Wind Boost']
['Rakukaja', 'Mudoon', 'Wind Boost', 'Sharp Student']
['Wind Boost', 'Sharp Student', 'Trafuri', 'Wind Amp']
['Mudoon', 'Wind Boost', 'Garula', 'Bewilder']
['Wind Break', 'Wind Boost', 'Wind Amp', 'Sharp Student']
['Sharp Student', 'Mudoon', 'Bewilder', 'Wind Boost']
['Sharp Student', 'Wind Amp', 'Magarula', 'Agi']
['Mudoon', 'Wind Amp', 'Rakukaja', 'Bewilder']
['Null Fear', 'Mudoon', 'Rakukaja', 'Wind Boost']
['Mudoon', 'Sharp Student', 'Bewilder', 'Garula']
['Ghastly Wail', 'Agi', 'Mudoon', 'Bewilder']
['Wind Boost', 'Mudoon', 'Sharp Student', 'Bewilder']
['Bewilder', 'Trafuri', 'Wind Boost', 'Garula']
['Trafuri', 'Agi', 'Bewilder', 'Wind Amp']
['Mudoon', 'Trafuri', 'Ghastly Wail', 'Wind Amp']
['Wind Boost', 'Wind Amp', 'Trafuri', 'Mudoon']
['Wind Boost', 'Agi', 'Mudoon', 'Bewilder']
['Sharp Student', 'Agi', 'Mudoon', 'Wind Boost']
['Garula', 'Null Fear', 'Sharp Student', 'Wind Boost']
['Wind Boost', 'Mudoon', 'Agi', 'Wind Amp']
['Wind Amp', 'Sharp Student', 'Mudoon', 'Bewilder']
['Wind Boost', 'Sharp Student', 'Mudoon', 'Null Fear']
['Sharp Student', 'Mudoon', 'Wind Boost', 'Evil Smile']
['Agi', 'Mudoon', 'Null Fear', 'Wind Boost']
['Wind Boost', 'Mudoon', 'Wind Amp', 'Trafuri']
['Mudoon', 'Rakukaja', 'Wind Boost', 'Null Fear']
['Evil Smile', 'Wind Amp', 'Sharp Student', 'Wind Boost']
['Wind Boost', 'Evil Smile', 'Wind Amp', 'Mudoon']
['Agi', 'Bewilder', 'Mudoon', 'Wind Boost']
['Mudoon', 'Rakukaja', 'Null Fear', 'Wind Boost']
['Mudoon', 'Sharp Student', 'Wind Boost', 'Null Fear']
['Sharp Student', 'Mudoon', 'Wind Amp', 'Bewilder']
['Agi', 'Trafuri', 'Sharp Student', 'Mudoon']
['Wind Break', 'Bewilder', 'Mudoon', 'Wind Boost']
['Sharp Student', 'Null Fear', 'Garula', 'Mudoon']
['Mudoon', 'Rakukaja', 'Bewilder', 'Wind Boost']
['Evil Smile', 'Sharp Student', 'Null Fear', 'Wind Boost']
['Wind Boost', 'Trafuri', 'Null Fear', 'Mudoon']
['Wind Boost', 'Trafuri', 'Sharp Student', 'Mudoon']
['Sharp Student', 'Wind Boost', 'Bewilder', 'Mudoon']
['Null Fear', 'Bewilder', 'Mudoon', 'Sharp Student']
['Mudoon', 'Agi', 'Null Fear', 'Wind Boost']
['Wind Amp', 'Sharp Student', 'Wind Boost', 'Mudoon']
['Sharp Student', 'Wind Amp', 'Wind Boost', 'Null Fear']
['Wind Amp', 'Mudoon', 'Garula', 'Wind Boost']
['Mudoon', 'Bewilder', 'Garula', 'Agi']
['Mudoon', 'Sharp Student', 'Trafuri', 'Wind Amp']
['Wind Boost', 'Wind Amp', 'Trafuri', 'Sharp Student']
['Wind Boost', 'Sharp Student', 'Bewilder', 'Null Fear']
['Wind Boost', 'Null Fear', 'Bewilder', 'Sharp Student']
['Null Fear', 'Wind Amp', 'Mudoon', 'Trafuri']
['Wind Boost', 'Null Fear', 'Bewilder', 'Wind Amp']
['Mudoon', 'Agi', 'Sharp Student', 'Magarula']
['Wind Boost', 'Mudoon', 'Trafuri', 'Bewilder']
['Wind Boost', 'Null Fear', 'Wind Amp', 'Bewilder']
['Sharp Student', 'Wind Boost', 'Null Fear', 'Mudoon']
['Mudoon', 'Wind Boost', 'Agi', 'Trafuri']
['Garula', 'Mudoon', 'Wind Boost', 'Bewilder']
['Wind Boost', 'Mudoon', 'Null Fear', 'Wind Amp']
['Null Fear', 'Mudoon', 'Wind Amp', 'Evil Smile']
['Mudoon', 'Wind Boost', 'Rakukaja', 'Null Fear']
['Wind Amp', 'Bewilder', 'Mudoon', 'Ghastly Wail']
['Wind Boost', 'Mudoon', 'Garula', 'Sharp Student']
['Trafuri', 'Wind Boost', 'Rakukaja', 'Mudoon']
['Wind Boost', 'Null Fear', 'Mudoon', 'Sharp Student']
['Mudoon', 'Wind Amp', 'Trafuri', 'Bewilder']
['Sharp Student', 'Mudoon', 'Wind Boost', 'Panta Rhei']
['Mudoon', 'Sharp Student', 'Wind Boost', 'Wind Break']
['Mudoon', 'Wind Boost', 'Trafuri', 'Agi']
['Mudoon', 'Wind Boost', 'Rakukaja', 'Agi']
['Mudoon', 'Wind Boost', 'Wind Break', 'Rakukaja']
['Mudoon', 'Wind Boost', 'Garula', 'Bewilder']
['Trafuri', 'Mudoon', 'Bewilder', 'Garula']
['Mudoon', 'Rakukaja', 'Garula', 'Null Fear']
['Wind Boost', 'Sharp Student', 'Rakukaja', 'Mudoon']
['Mudoon', 'Wind Boost', 'Null Fear', 'Sharp Student']
['Wind Boost', 'Null Fear', 'Mudoon', 'Sharp Student']
['Mudoon', 'Null Fear', 'Wind Boost', 'Garula']
['Mudoon', 'Sharp Student', 'Null Fear', 'Rakukaja']
['Sharp Student', 'Mudoon', 'Magarula', 'Wind Boost']
['Null Fear', 'Agi', 'Mudoon', 'Rakukaja']
['Wind Amp', 'Null Fear', 'Wind Boost', 'Mudoon']
['Wind Break', 'Mudoon', 'Bewilder', 'Sharp Student']
['Mudoon', 'Wind Amp', 'Trafuri', 'Agi']
['Wind Boost', 'Mudoon', 'Wind Amp', 'Sharp Student']
['Mudoon', 'Bewilder', 'Wind Boost', 'Trafuri']
['Wind Amp', 'Mudoon', 'Wind Boost', 'Agi']
['Mudoon', 'Wind Amp', 'Trafuri', 'Wind Boost']
['Wind Boost', 'Mudoon', 'Sharp Student', 'Bewilder']
['Garula', 'Mudoon', 'Null Fear', 'Wind Boost']
['Garula', 'Trafuri', 'Wind Amp', 'Agi']
['Mudoon', 'Sharp Student', 'Null Fear', 'Trafuri']
['Sharp Student', 'Mudoon', 'Agi', 'Null Fear']
['Mudoon', 'Magarula', 'Agi', 'Null Fear']
['Sharp Student', 'Mudoon', 'Bewilder', 'Wind Boost']
['Mudoon', 'Sharp Student', 'Evil Smile', 'Wind Boost']
['Wind Amp', 'Mudoon', 'Sharp Student', 'Wind Boost']
['Sharp Student', 'Mudoon', 'Null Fear', 'Wind Amp']
['Wind Boost', 'Mudoon', 'Bewilder', 'Sharp Student']
['Wind Amp', 'Bewilder', 'Mudoon', 'Null Fear']
['Null Fear', 'Wind Boost', 'Wind Break', 'Mudoon']
['Mudoon', 'Wind Boost', 'Sharp Student', 'Null Fear']
['Mudoon', 'Evil Smile', 'Wind Boost', 'Agi']
['Mudoon', 'Wind Boost', 'Trafuri', 'Null Fear']
['Mudoon', 'Rakukaja', 'Wind Boost', 'Null Fear']
['Null Fear', 'Garula', 'Bewilder', 'Agi']
['Wind Boost', 'Mudoon', 'Magarula', 'Garula']
['Sharp Student', 'Mudoon', 'Ghastly Wail', 'Bewilder']
['Garula', 'Null Fear', 'Wind Boost', 'Sharp Student']
['Mudoon', 'Wind Boost', 'Sharp Student', 'Rakukaja']
['Magarula', 'Sharp Student', 'Rakukaja', 'Mudoon']
['Mudoon', 'Wind Boost', 'Wind Amp', 'Trafuri']
['Sharp Student', 'Mudoon', 'Wind Amp', 'Wind Boost']
['Wind Boost', 'Mudoon', 'Bewilder', 'Sharp Student']
['Wind Boost', 'Mudoon', 'Sharp Student', 'Trafuri']
['Bewilder', 'Mudoon', 'Sharp Student', 'Wind Break']
['Mudoon', 'Agi', 'Wind Amp', 'Wind Break']
['Mudoon', 'Wind Amp', 'Sharp Student', 'Wind Boost']
['Bewilder', 'Wind Boost', 'Wind Amp', 'Null Fear']
['Wind Boost', 'Rakukaja', 'Bewilder', 'Null Fear']
['Sharp Student', 'Bewilder', 'Mudoon', 'Rakukaja']
['Wind Amp', 'Magarula', 'Rakukaja', 'Wind Boost']
['Magarula', 'Sharp Student', 'Null Fear', 'Agi']
['Agi', 'Wind Boost', 'Null Fear', 'Mudoon']
['Mudoon', 'Bewilder', 'Wind Amp', 'Agi']
['Null Fear', 'Wind Break', 'Wind Amp', 'Wind Boost']
['Mudoon', 'Wind Amp', 'Rakukaja', 'Wind Boost']
['Null Fear', 'Mudoon', 'Wind Amp', 'Sharp Student']
['Mudoon', 'Sharp Student', 'Magarula', 'Wind Boost']
['Wind Amp', 'Mudoon', 'Bewilder', 'Wind Boost']
['Agi', 'Mudoon', 'Wind Boost', 'Wind Amp']
['Mudoon', 'Garula', 'Wind Amp', 'Wind Boost']
['Wind Amp', 'Mudoon', 'Bewilder', 'Wind Boost']
['Mudoon', 'Wind Amp', 'Magarula', 'Sharp Student']
['Wind Boost', 'Bewilder', 'Rakukaja', 'Sharp Student']
['Wind Boost', 'Wind Break', 'Wind Amp', 'Mudoon']
['Mudoon', 'Wind Amp', 'Wind Boost', 'Sharp Student']
['Mudoon', 'Sharp Student', 'Garula', 'Trafuri']
['Mudoon', 'Ghastly Wail', 'Rakukaja', 'Sharp Student']
['Wind Amp', 'Agi', 'Wind Boost', 'Mudoon']
['Mudoon', 'Agi', 'Sharp Student', 'Wind Boost']
['Wind Boost', 'Mudoon', 'Rakukaja', 'Wind Amp']
['Mudoon', 'Wind Amp', 'Trafuri', 'Null Fear']
['Mudoon', 'Bewilder', 'Wind Boost', 'Panta Rhei']
['Wind Boost', 'Evil Smile', 'Bewilder', 'Sharp Student']
['Wind Boost', 'Null Fear', 'Bewilder', 'Ghastly Wail']
['Wind Break', 'Wind Amp', 'Sharp Student', 'Null Fear']
['Trafuri', 'Sharp Student', 'Null Fear', 'Wind Boost']
['Rakukaja', 'Mudoon', 'Null Fear', 'Wind Boost']
['Mudoon', 'Wind Amp', 'Garula', 'Bewilder']
['Mudoon', 'Garula', 'Wind Boost', 'Wind Amp']
['Wind Amp', 'Wind Boost', 'Sharp Student', 'Rakukaja']
['Wind Boost', 'Rakukaja', 'Bewilder', 'Magarula']
['Null Fear', 'Wind Boost', 'Mudoon', 'Sharp Student']
['Null Fear', 'Mudoon', 'Wind Amp', 'Wind Boost']
['Null Fear', 'Mudoon', 'Garula', 'Sharp Student']
['Wind Amp', 'Bewilder', 'Agi', 'Rakukaja']
['Mudoon', 'Null Fear', 'Wind Break', 'Trafuri']
['Evil Smile', 'Wind Boost', 'Mudoon', 'Rakukaja']
['Sharp Student', 'Wind Boost', 'Mudoon', 'Null Fear']
['Mudoon', 'Null Fear', 'Wind Boost', 'Agi']
['Mudoon', 'Wind Amp', 'Agi', 'Evil Smile']
['Wind Boost', 'Agi', 'Mudoon', 'Sharp Student']
['Garula', 'Mudoon', 'Null Fear', 'Wind Boost']
['Mudoon', 'Null Fear', 'Rakukaja', 'Agi']
['Mudoon', 'Sharp Student', 'Wind Boost', 'Trafuri']
['Wind Boost', 'Mudoon', 'Garula', 'Null Fear']
['Mudoon', 'Wind Boost', 'Null Fear', 'Ghastly Wail']
['Mudoon', 'Bewilder', 'Sharp Student', 'Garula']
['Mudoon', 'Sharp Student', 'Wind Boost', 'Bewilder']
['Sharp Student', 'Mudoon', 'Ghastly Wail', 'Rakukaja']
['Mudoon', 'Sharp Student', 'Null Fear', 'Wind Boost']
['Mudoon', 'Wind Boost', 'Evil Smile', 'Agi']
['Wind Amp', 'Mudoon', 'Evil Smile', 'Wind Boost']
['Bewilder', 'Wind Amp', 'Mudoon', 'Magarula']
['Mudoon', 'Magarula', 'Sharp Student', 'Trafuri']
['Mudoon', 'Sharp Student', 'Wind Boost', 'Agi']
['Bewilder', 'Mudoon', 'Wind Break', 'Null Fear']
['Sharp Student', 'Trafuri', 'Rakukaja', 'Mudoon']
['Agi', 'Null Fear', 'Mudoon', 'Wind Boost']
['Mudoon', 'Wind Amp', 'Null Fear', 'Agi']
['Mudoon', 'Bewilder', 'Evil Smile', 'Rakukaja']
['Mudoon', 'Wind Amp', 'Evil Smile', 'Null Fear']
['Bewilder', 'Mudoon', 'Ghastly Wail', 'Sharp Student']
['Bewilder', 'Wind Boost', 'Sharp Student', 'Mudoon']
['Null Fear', 'Agi', 'Mudoon', 'Wind Boost']
['Wind Amp', 'Wind Break', 'Evil Smile', 'Sharp Student']
['Sharp Student', 'Trafuri', 'Evil Smile', 'Mudoon']
['Sharp Student', 'Agi', 'Wind Boost', 'Null Fear']
['Trafuri', 'Sharp Student', 'Bewilder', 'Mudoon']
['Wind Boost', 'Trafuri', 'Magarula', 'Bewilder']
['Mudoon', 'Evil Smile', 'Agi', 'Garula']
['Mudoon', 'Trafuri', 'Agi', 'Null Fear']
['Agi', 'Mudoon', 'Sharp Student', 'Bewilder']
['Bewilder', 'Agi', 'Mudoon', 'Null Fear']
['Mudoon', 'Agi', 'Panta Rhei', 'Evil Smile']
['Trafuri', 'Null Fear', 'Evil Smile', 'Mudoon']
['Mudoon', 'Wind Boost', 'Sharp Student', 'Null Fear']
['Null Fear', 'Mudoon', 'Wind Boost', 'Agi']
['Wind Amp', 'Agi', 'Bewilder', 'Magarula']
['Bewilder', 'Mudoon', 'Agi', 'Wind Amp']
['Agi', 'Mudoon', 'Wind Boost', 'Null Fear']
['Wind Amp', 'Wind Boost', 'Mudoon', 'Wind Break']
['Mudoon', 'Wind Boost', 'Rakukaja', 'Null Fear']
['Wind Boost', 'Mudoon', 'Null Fear', 'Evil Smile']
['Null Fear', 'Sharp Student', 'Bewilder', 'Mudoon']
['Wind Amp', 'Trafuri', 'Bewilder', 'Garula']
['Mudoon', 'Sharp Student', 'Magarula', 'Bewilder']
['Rakukaja', 'Mudoon', 'Wind Amp', 'Sharp Student']
['Mudoon', 'Trafuri', 'Sharp Student', 'Wind Amp']
['Sharp Student', 'Mudoon', 'Agi', 'Null Fear']
['Sharp Student', 'Mudoon', 'Trafuri', 'Wind Boost']
['Sharp Student', 'Agi', 'Mudoon', 'Bewilder']
['Mudoon', 'Panta Rhei', 'Ghastly Wail', 'Rakukaja']
['Mudoon', 'Null Fear', 'Trafuri', 'Magarula']
['Wind Amp', 'Mudoon', 'Bewilder', 'Sharp Student']
['Wind Boost', 'Mudoon', 'Sharp Student', 'Agi']
['Rakukaja', 'Mudoon', 'Wind Boost', 'Null Fear']
['Wind Amp', 'Wind Boost', 'Mudoon', 'Null Fear']
['Mudoon', 'Trafuri', 'Bewilder', 'Wind Amp']
['Wind Boost', 'Mudoon', 'Rakukaja', 'Bewilder']
['Wind Boost', 'Wind Amp', 'Null Fear', 'Mudoon']
['Wind Boost', 'Mudoon', 'Wind Amp', 'Agi']
['Wind Amp', 'Mudoon', 'Wind Boost', 'Magarula']
['Mudoon', 'Sharp Student', 'Wind Boost', 'Magarula']
['Null Fear', 'Wind Amp', 'Wind Boost', 'Mudoon']
['Wind Amp', 'Evil Smile', 'Wind Boost', 'Null Fear']
['Agi', 'Garula', 'Mudoon', 'Bewilder']
['Sharp Student', 'Trafuri', 'Agi', 'Wind Boost']
['Mudoon', 'Magarula', 'Evil Smile', 'Bewilder']
['Wind Boost', 'Agi', 'Null Fear', 'Magarula']
['Mudoon', 'Sharp Student', 'Bewilder', 'Wind Amp']
['Mudoon', 'Wind Boost', 'Sharp Student', 'Null Fear']
['Mudoon', 'Trafuri', 'Wind Amp', 'Sharp Student']
['Bewilder', 'Mudoon', 'Wind Boost', 'Sharp Student']
['Mudoon', 'Null Fear', 'Sharp Student', 'Wind Boost']
['Mudoon', 'Agi', 'Sharp Student', 'Trafuri']
['Wind Boost', 'Agi', 'Rakukaja', 'Mudoon']
['Trafuri', 'Mudoon', 'Null Fear', 'Wind Boost']
['Mudoon', 'Sharp Student', 'Bewilder', 'Rakukaja']
['Mudoon', 'Wind Boost', 'Magarula', 'Wind Amp']
['Mudoon', 'Sharp Student', 'Garula', 'Ghastly Wail']
['Bewilder', 'Wind Break', 'Ghastly Wail', 'Sharp Student']
['Rakukaja', 'Agi', 'Sharp Student', 'Panta Rhei']
['Wind Boost', 'Wind Amp', 'Trafuri', 'Wind Break']
['Wind Boost', 'Mudoon', 'Wind Amp', 'Trafuri']
['Mudoon', 'Wind Amp', 'Null Fear', 'Magarula']
['Sharp Student', 'Rakukaja', 'Mudoon', 'Bewilder']
['Wind Boost', 'Mudoon', 'Wind Amp', 'Sharp Student']
['Mudoon', 'Wind Boost', 'Rakukaja', 'Null Fear']
['Wind Boost', 'Mudoon', 'Sharp Student', 'Rakukaja']
['Mudoon', 'Agi', 'Bewilder', 'Wind Amp']
['Mudoon', 'Sharp Student', 'Wind Amp', 'Agi']
['Mudoon', 'Wind Boost', 'Wind Amp', 'Agi']
['Wind Amp', 'Wind Boost', 'Trafuri', 'Mudoon']
['Sharp Student', 'Wind Boost', 'Mudoon', 'Evil Smile']
['Null Fear', 'Agi', 'Trafuri', 'Wind Boost']
['Mudoon', 'Evil Smile', 'Wind Boost', 'Null Fear']
['Bewilder', 'Mudoon', 'Agi', 'Sharp Student']
['Mudoon', 'Garula', 'Wind Boost', 'Bewilder']
['Mudoon', 'Wind Boost', 'Null Fear', 'Bewilder']
['Wind Amp', 'Mudoon', 'Garula', 'Wind Boost']
['Agi', 'Wind Boost', 'Mudoon', 'Ghastly Wail']
['Trafuri', 'Wind Boost', 'Mudoon', 'Agi']
['Rakukaja', 'Wind Amp', 'Null Fear', 'Agi']
['Wind Amp', 'Agi', 'Wind Boost', 'Sharp Student']
['Null Fear', 'Evil Smile', 'Wind Boost', 'Sharp Student']
['Wind Boost', 'Null Fear', 'Mudoon', 'Agi']
['Sharp Student', 'Bewilder', 'Wind Amp', 'Mudoon']
['Wind Boost', 'Agi', 'Mudoon', 'Bewilder']
['Wind Boost', 'Agi', 'Mudoon', 'Null Fear']
['Agi', 'Sharp Student', 'Wind Boost', 'Wind Amp']
['Wind Boost', 'Mudoon', 'Evil Smile', 'Null Fear']
['Rakukaja', 'Wind Boost', 'Ghastly Wail', 'Sharp Student']
['Mudoon', 'Wind Boost', 'Sharp Student', 'Agi']
['Mudoon', 'Bewilder', 'Wind Amp', 'Evil Smile']
['Trafuri', 'Sharp Student', 'Mudoon', 'Wind Amp']
['Mudoon', 'Wind Boost', 'Wind Amp', 'Rakukaja']
['Null Fear', 'Mudoon', 'Sharp Student', 'Bewilder']
['Sharp Student', 'Wind Boost', 'Mudoon', 'Agi']
['Sharp Student', 'Mudoon', 'Magarula', 'Bewilder']
['Magarula', 'Mudoon', 'Sharp Student', 'Null Fear']
['Wind Break', 'Mudoon', 'Bewilder', 'Wind Boost']
['Mudoon', 'Bewilder', 'Wind Boost', 'Wind Amp']
['Mudoon', 'Trafuri', 'Sharp Student', 'Wind Amp']
['Mudoon', 'Wind Amp', 'Wind Boost', 'Sharp Student']
['Evil Smile', 'Mudoon', 'Wind Boost', 'Wind Amp']
['Wind Break', 'Mudoon', 'Wind Boost', 'Sharp Student']
['Mudoon', 'Sharp Student', 'Null Fear', 'Agi']
['Wind Boost', 'Null Fear', 'Sharp Student', 'Mudoon']
['Sharp Student', 'Null Fear', 'Garula', 'Wind Amp']
['Sharp Student', 'Agi', 'Wind Boost', 'Mudoon']
['Bewilder', 'Wind Amp', 'Wind Boost', 'Agi']
['Wind Boost', 'Bewilder', 'Mudoon', 'Agi']
['Mudoon', 'Null Fear', 'Wind Boost', 'Wind Break']
['Sharp Student', 'Mudoon', 'Wind Boost', 'Null Fear']
['Wind Amp', 'Agi', 'Wind Boost', 'Mudoon']
['Mudoon', 'Rakukaja', 'Magarula', 'Wind Boost']
['Agi', 'Wind Amp', 'Evil Smile', 'Mudoon']
['Mudoon', 'Rakukaja', 'Wind Boost', 'Sharp Student']
['Mudoon', 'Sharp Student', 'Wind Boost', 'Wind Amp']
['Wind Boost', 'Wind Break', 'Garula', 'Rakukaja']
['Mudoon', 'Sharp Student', 'Garula', 'Panta Rhei']
['Trafuri', 'Wind Boost', 'Null Fear', 'Mudoon']
['Sharp Student', 'Wind Boost', 'Rakukaja', 'Mudoon']
['Mudoon', 'Agi', 'Wind Amp', 'Bewilder']
['Mudoon', 'Rakukaja', 'Sharp Student', 'Trafuri']
['Mudoon', 'Sharp Student', 'Wind Boost', 'Wind Amp']
['Sharp Student', 'Mudoon', 'Magarula', 'Bewilder']
['Mudoon', 'Wind Amp', 'Bewilder', 'Wind Boost']
['Garula', 'Mudoon', 'Wind Boost', 'Evil Smile']
['Bewilder', 'Mudoon', 'Wind Amp', 'Wind Boost']
['Sharp Student', 'Trafuri', 'Wind Boost', 'Mudoon']
['Wind Amp', 'Mudoon', 'Sharp Student', 'Null Fear']
['Sharp Student', 'Wind Amp', 'Mudoon', 'Rakukaja']
['Wind Boost', 'Rakukaja', 'Mudoon', 'Null Fear']
['Mudoon', 'Agi', 'Null Fear', 'Wind Break']
['Mudoon', 'Sharp Student', 'Agi', 'Wind Boost']
['Wind Amp', 'Bewilder', 'Wind Boost', 'Mudoon']
['Wind Boost', 'Mudoon', 'Evil Smile', 'Bewilder']
['Null Fear', 'Rakukaja', 'Wind Boost', 'Mudoon']
['Null Fear', 'Agi', 'Bewilder', 'Mudoon']
['Bewilder', 'Null Fear', 'Wind Amp', 'Trafuri']
['Ghastly Wail', 'Mudoon', 'Wind Amp', 'Bewilder']
['Mudoon', 'Wind Amp', 'Agi', 'Magarula']
['Wind Boost', 'Bewilder', 'Sharp Student', 'Mudoon']
['Wind Break', 'Wind Amp', 'Sharp Student', 'Mudoon']
['Wind Boost', 'Sharp Student', 'Mudoon', 'Wind Amp']
['Wind Boost', 'Mudoon', 'Garula', 'Null Fear']
['Null Fear', 'Wind Boost', 'Sharp Student', 'Mudoon']
['Mudoon', 'Wind Amp', 'Null Fear', 'Agi']
['Bewilder', 'Mudoon', 'Agi', 'Wind Boost']
['Sharp Student', 'Mudoon', 'Wind Boost', 'Wind Amp']
['Mudoon', 'Agi', 'Wind Amp', 'Bewilder']
['Mudoon', 'Rakukaja', 'Wind Boost', 'Wind Amp']
['Wind Boost', 'Null Fear', 'Bewilder', 'Rakukaja']
['Mudoon', 'Evil Smile', 'Wind Boost', 'Sharp Student']
['Wind Boost', 'Trafuri', 'Evil Smile', 'Wind Amp']
['Wind Boost', 'Sharp Student', 'Bewilder', 'Rakukaja']
['Bewilder', 'Wind Boost', 'Mudoon', 'Sharp Student']
['Wind Amp', 'Sharp Student', 'Null Fear', 'Mudoon']
['Wind Break', 'Mudoon', 'Bewilder', 'Wind Boost']
['Wind Amp', 'Wind Boost', 'Sharp Student', 'Mudoon']
['Mudoon', 'Wind Amp', 'Null Fear', 'Bewilder']
['Agi', 'Rakukaja', 'Null Fear', 'Mudoon']
['Bewilder', 'Sharp Student', 'Mudoon', 'Wind Boost']
['Mudoon', 'Wind Boost', 'Rakukaja', 'Sharp Student']
['Mudoon', 'Null Fear', 'Sharp Student', 'Agi']
['Agi', 'Wind Boost', 'Mudoon', 'Sharp Student']
['Mudoon', 'Bewilder', 'Wind Boost', 'Rakukaja']
['Trafuri', 'Mudoon', 'Evil Smile', 'Rakukaja']
['Wind Boost', 'Sharp Student', 'Mudoon', 'Wind Amp']
['Null Fear', 'Bewilder', 'Wind Amp', 'Agi']
['Mudoon', 'Wind Amp', 'Trafuri', 'Wind Boost']
['Wind Boost', 'Mudoon', 'Sharp Student', 'Wind Amp']
['Mudoon', 'Wind Boost', 'Sharp Student', 'Wind Amp']
['Sharp Student', 'Mudoon', 'Bewilder', 'Agi']
['Mudoon', 'Wind Amp', 'Garula', 'Wind Boost']
['Mudoon', 'Magarula', 'Wind Boost', 'Agi']
['Null Fear', 'Magarula', 'Bewilder', 'Mudoon']
['Mudoon', 'Sharp Student', 'Wind Boost', 'Bewilder']
['Sharp Student', 'Mudoon', 'Wind Amp', 'Agi']
['Sharp Student', 'Mudoon', 'Agi', 'Wind Amp']
['Mudoon', 'Bewilder', 'Wind Boost', 'Null Fear']
['Mudoon', 'Wind Boost', 'Null Fear', 'Sharp Student']
['Sharp Student', 'Null Fear', 'Mudoon', 'Wind Amp']
['Wind Boost', 'Mudoon', 'Agi', 'Wind Break']
['Wind Boost', 'Mudoon', 'Magarula', 'Wind Amp']
['Bewilder', 'Mudoon', 'Wind Amp', 'Rakukaja']
['Sharp Student', 'Agi', 'Wind Boost', 'Garula']
['Bewilder', 'Mudoon', 'Wind Boost', 'Ghastly Wail']
['Mudoon', 'Bewilder', 'Sharp Student', 'Panta Rhei']
['Null Fear', 'Evil Smile', 'Agi', 'Mudoon']
['Mudoon', 'Bewilder', 'Sharp Student', 'Wind Boost']
['Wind Amp', 'Agi', 'Ghastly Wail', 'Wind Boost']
['Mudoon', 'Wind Boost', 'Sharp Student', 'Null Fear']
['Wind Amp', 'Sharp Student', 'Null Fear', 'Mudoon']
['Mudoon', 'Garula', 'Wind Boost', 'Trafuri']
['Bewilder', 'Wind Boost', 'Trafuri', 'Sharp Student']
['Mudoon', 'Wind Boost', 'Garula', 'Wind Amp']
['Wind Boost', 'Bewilder', 'Mudoon', 'Wind Amp']
['Trafuri', 'Wind Boost', 'Sharp Student', 'Agi']
['Mudoon', 'Null Fear', 'Wind Boost', 'Sharp Student']
['Agi', 'Sharp Student', 'Mudoon', 'Wind Boost']
['Wind Amp', 'Sharp Student', 'Null Fear', 'Mudoon']
['Mudoon', 'Null Fear', 'Agi', 'Wind Boost']
['Mudoon', 'Garula', 'Null Fear', 'Agi']
['Panta Rhei', 'Mudoon', 'Wind Boost', 'Sharp Student']
['Mudoon', 'Wind Boost', 'Trafuri', 'Rakukaja']
['Sharp Student', 'Panta Rhei', 'Wind Amp', 'Null Fear']
['Trafuri', 'Wind Boost', 'Mudoon', 'Agi']
['Wind Amp', 'Null Fear', 'Wind Boost', 'Agi']
['Wind Amp', 'Mudoon', 'Null Fear', 'Wind Boost']
['Rakukaja', 'Sharp Student', 'Wind Amp', 'Mudoon']
['Wind Boost', 'Mudoon', 'Rakukaja', 'Null Fear']
['Bewilder', 'Wind Boost', 'Wind Amp', 'Mudoon']
['Mudoon', 'Wind Boost', 'Rakukaja', 'Magarula']
['Mudoon', 'Sharp Student', 'Wind Amp', 'Null Fear']
['Trafuri', 'Rakukaja', 'Sharp Student', 'Wind Amp']
['Wind Boost', 'Mudoon', 'Bewilder', 'Sharp Student']
['Mudoon', 'Evil Smile', 'Agi', 'Bewilder']
['Mudoon', 'Wind Boost', 'Bewilder', 'Sharp Student']
['Wind Boost', 'Agi', 'Mudoon', 'Sharp Student']
['Wind Boost', 'Sharp Student', 'Mudoon', 'Wind Amp']
['Wind Boost', 'Trafuri', 'Mudoon', 'Garula']
['Agi', 'Mudoon', 'Garula', 'Null Fear']
['Mudoon', 'Garula', 'Wind Boost', 'Wind Amp']
['Agi', 'Mudoon', 'Wind Boost', 'Bewilder']
['Wind Amp', 'Mudoon', 'Sharp Student', 'Wind Boost']
['Sharp Student', 'Ghastly Wail', 'Wind Amp', 'Rakukaja']
['Mudoon', 'Wind Amp', 'Sharp Student', 'Wind Boost']
['Wind Boost', 'Null Fear', 'Mudoon', 'Wind Amp']
['Mudoon', 'Null Fear', 'Wind Boost', 'Wind Break']
['Wind Amp', 'Mudoon', 'Rakukaja', 'Magarula']
['Agi', 'Mudoon', 'Bewilder', 'Wind Amp']
['Sharp Student', 'Wind Boost', 'Mudoon', 'Agi']
['Mudoon', 'Wind Amp', 'Panta Rhei', 'Garula']
['Rakukaja', 'Sharp Student', 'Mudoon', 'Agi']
['Wind Break', 'Wind Boost', 'Null Fear', 'Wind Amp']
['Bewilder', 'Rakukaja', 'Wind Boost', 'Ghastly Wail']
['Bewilder', 'Mudoon', 'Wind Boost', 'Agi']
['Mudoon', 'Wind Boost', 'Bewilder', 'Garula']
['Mudoon', 'Wind Boost', 'Agi', 'Garula']
['Mudoon', 'Magarula', 'Wind Boost', 'Bewilder']
['Mudoon', 'Rakukaja', 'Panta Rhei', 'Null Fear']
['Mudoon', 'Wind Boost', 'Null Fear', 'Wind Amp']
['Sharp Student', 'Bewilder', 'Mudoon', 'Wind Amp']
['Bewilder', 'Agi', 'Wind Boost', 'Null Fear']
['Wind Boost', 'Magarula', 'Mudoon', 'Wind Amp']
['Magarula', 'Mudoon', 'Wind Amp', 'Null Fear']
['Wind Boost', 'Null Fear', 'Mudoon', 'Magarula']
['Rakukaja', 'Garula', 'Bewilder', 'Mudoon']
['Mudoon', 'Sharp Student', 'Wind Break', 'Wind Boost']
['Mudoon', 'Rakukaja', 'Wind Amp', 'Trafuri']
['Wind Amp', 'Agi', 'Bewilder', 'Null Fear']
['Mudoon', 'Null Fear', 'Sharp Student', 'Magarula']
['Mudoon', 'Wind Boost', 'Trafuri', 'Wind Amp']
['Mudoon', 'Sharp Student', 'Magarula', 'Null Fear']
['Wind Boost', 'Bewilder', 'Sharp Student', 'Panta Rhei']
['Ghastly Wail', 'Rakukaja', 'Trafuri', 'Mudoon']
['Agi', 'Mudoon', 'Sharp Student', 'Wind Boost']
['Sharp Student', 'Wind Amp', 'Mudoon', 'Garula']
['Rakukaja', 'Bewilder', 'Null Fear', 'Mudoon']
['Mudoon', 'Wind Amp', 'Wind Boost', 'Rakukaja']
['Wind Boost', 'Mudoon', 'Bewilder', 'Rakukaja']
['Mudoon', 'Wind Amp', 'Wind Break', 'Bewilder']
['Mudoon', 'Null Fear', 'Bewilder', 'Wind Amp']
['Mudoon', 'Bewilder', 'Sharp Student', 'Wind Boost']
['Null Fear', 'Mudoon', 'Wind Boost', 'Agi']
['Mudoon', 'Wind Amp', 'Wind Boost', 'Garula']
['Mudoon', 'Bewilder', 'Trafuri', 'Wind Boost']
['Mudoon', 'Rakukaja', 'Wind Boost', 'Agi']
['Mudoon', 'Agi', 'Wind Boost', 'Wind Amp']
['Sharp Student', 'Mudoon', 'Bewilder', 'Agi']
['Mudoon', 'Sharp Student', 'Ghastly Wail', 'Trafuri']
['Wind Amp', 'Wind Boost', 'Agi', 'Sharp Student']
['Mudoon', 'Agi', 'Wind Boost', 'Wind Break']
['Wind Amp', 'Wind Boost', 'Panta Rhei', 'Mudoon']
['Sharp Student', 'Wind Boost', 'Agi', 'Wind Amp']
['Mudoon', 'Wind Boost', 'Wind Amp', 'Bewilder']
['Sharp Student', 'Wind Boost', 'Null Fear', 'Bewilder']
['Mudoon', 'Agi', 'Sharp Student', 'Bewilder']
['Bewilder', 'Wind Amp', 'Ghastly Wail', 'Null Fear']
['Sharp Student', 'Mudoon', 'Wind Boost', 'Rakukaja']
['Agi', 'Mudoon', 'Sharp Student', 'Rakukaja']
['Sharp Student', 'Mudoon', 'Null Fear', 'Wind Boost']
['Mudoon', 'Evil Smile', 'Wind Boost', 'Sharp Student']
['Agi', 'Mudoon', 'Null Fear', 'Trafuri']
['Bewilder', 'Panta Rhei', 'Null Fear', 'Mudoon']
['Mudoon', 'Bewilder', 'Null Fear', 'Wind Amp']
['Sharp Student', 'Bewilder', 'Wind Amp', 'Null Fear']
['Mudoon', 'Agi', 'Rakukaja', 'Wind Boost']
['Wind Boost', 'Garula', 'Sharp Student', 'Mudoon']
['Mudoon', 'Wind Boost', 'Bewilder', 'Trafuri']
['Mudoon', 'Wind Amp', 'Null Fear', 'Trafuri']
['Null Fear', 'Wind Boost', 'Sharp Student', 'Mudoon']
['Sharp Student', 'Mudoon', 'Wind Amp', 'Agi']
['Mudoon', 'Agi', 'Sharp Student', 'Wind Boost']
['Wind Boost', 'Agi', 'Rakukaja', 'Mudoon']
['Garula', 'Mudoon', 'Sharp Student', 'Panta Rhei']
['Wind Boost', 'Null Fear', 'Sharp Student', 'Mudoon']
['Agi', 'Null Fear', 'Wind Boost', 'Magarula']
['Mudoon', 'Bewilder', 'Sharp Student', 'Wind Boost']
['Mudoon', 'Ghastly Wail', 'Rakukaja', 'Wind Amp']
['Mudoon', 'Trafuri', 'Null Fear', 'Sharp Student']
['Mudoon', 'Agi', 'Rakukaja', 'Bewilder']
['Mudoon', 'Sharp Student', 'Agi', 'Wind Break']
['Wind Amp', 'Mudoon', 'Sharp Student', 'Wind Boost']
['Mudoon', 'Agi', 'Wind Amp', 'Garula']
['Mudoon', 'Bewilder', 'Agi', 'Sharp Student']
['Mudoon', 'Wind Amp', 'Sharp Student', 'Wind Boost']
['Rakukaja', 'Magarula', 'Trafuri', 'Mudoon']
['Mudoon', 'Sharp Student', 'Agi', 'Wind Break']
['Wind Boost', 'Sharp Student', 'Mudoon', 'Wind Amp']
['Mudoon', 'Null Fear', 'Wind Boost', 'Sharp Student']
['Rakukaja', 'Agi', 'Wind Amp', 'Sharp Student']
['Wind Boost', 'Wind Amp', 'Trafuri', 'Mudoon']
['Agi', 'Null Fear', 'Wind Boost', 'Mudoon']
['Mudoon', 'Rakukaja', 'Sharp Student', 'Wind Amp']
['Bewilder', 'Wind Amp', 'Rakukaja', 'Mudoon']
['Wind Amp', 'Agi', 'Sharp Student', 'Mudoon']
['Wind Boost', 'Rakukaja', 'Mudoon', 'Magarula']
['Wind Amp', 'Agi', 'Mudoon', 'Sharp Student']
['Mudoon', 'Wind Amp', 'Wind Boost', 'Sharp Student']
['Wind Boost', 'Garula', 'Sharp Student', 'Null Fear']
['Wind Amp', 'Mudoon', 'Bewilder', 'Evil Smile']
['Sharp Student', 'Mudoon', 'Garula', 'Wind Boost']
['Magarula', 'Mudoon', 'Wind Boost', 'Evil Smile']
['Rakukaja', 'Sharp Student', 'Wind Amp', 'Mudoon']
['Wind Amp', 'Mudoon', 'Bewilder', 'Trafuri']
['Wind Amp', 'Mudoon', 'Bewilder', 'Wind Boost']
['Wind Boost', 'Wind Amp', 'Null Fear', 'Garula']
['Wind Boost', 'Wind Amp', 'Evil Smile', 'Mudoon']
['Bewilder', 'Mudoon', 'Garula', 'Wind Boost']
['Mudoon', 'Wind Boost', 'Trafuri', 'Agi']
['Mudoon', 'Bewilder', 'Trafuri', 'Sharp Student']
['Mudoon', 'Agi', 'Magarula', 'Null Fear']
['Bewilder', 'Mudoon', 'Sharp Student', 'Wind Boost']
['Mudoon', 'Trafuri', 'Wind Boost', 'Evil Smile']
['Null Fear', 'Wind Boost', 'Evil Smile', 'Sharp Student']
['Mudoon', 'Wind Boost', 'Trafuri', 'Sharp Student']
['Garula', 'Sharp Student', 'Wind Amp', 'Rakukaja']
['Wind Amp', 'Evil Smile', 'Mudoon', 'Wind Boost']
['Sharp Student', 'Mudoon', 'Wind Boost', 'Wind Amp']
['Agi', 'Sharp Student', 'Mudoon', 'Rakukaja']
['Rakukaja', 'Wind Amp', 'Sharp Student', 'Mudoon']
['Wind Boost', 'Mudoon', 'Null Fear', 'Trafuri']
['Wind Boost', 'Agi', 'Mudoon', 'Null Fear']
['Sharp Student', 'Mudoon', 'Wind Boost', 'Null Fear']
['Wind Break', 'Wind Boost', 'Null Fear', 'Mudoon']
['Mudoon', 'Bewilder', 'Wind Amp', 'Magarula']
['Mudoon', 'Null Fear', 'Sharp Student', 'Agi']
['Sharp Student', 'Bewilder', 'Wind Boost', 'Trafuri']
['Trafuri', 'Sharp Student', 'Mudoon', 'Bewilder']
['Sharp Student', 'Wind Boost', 'Mudoon', 'Bewilder']
['Evil Smile', 'Mudoon', 'Wind Amp', 'Wind Boost']
['Mudoon', 'Wind Boost', 'Agi', 'Wind Amp']
['Wind Amp', 'Mudoon', 'Wind Boost', 'Bewilder']
['Wind Boost', 'Bewilder', 'Agi', 'Mudoon']
['Sharp Student', 'Agi', 'Mudoon', 'Null Fear']
['Mudoon', 'Agi', 'Sharp Student', 'Wind Boost']
['Wind Break', 'Wind Boost', 'Wind Amp', 'Rakukaja']
['Mudoon', 'Wind Boost', 'Trafuri', 'Agi']
['Wind Amp', 'Mudoon', 'Garula', 'Bewilder']
['Mudoon', 'Wind Boost', 'Null Fear', 'Wind Amp']
['Mudoon', 'Wind Boost', 'Null Fear', 'Rakukaja']
['Sharp Student', 'Wind Boost', 'Trafuri', 'Magarula']
['Agi', 'Mudoon', 'Sharp Student', 'Ghastly Wail']
['Evil Smile', 'Mudoon', 'Rakukaja', 'Null Fear']
['Garula', 'Null Fear', 'Wind Amp', 'Wind Boost']
['Mudoon', 'Garula', 'Agi', 'Wind Amp']
['Wind Boost', 'Evil Smile', 'Sharp Student', 'Bewilder']
['Wind Boost', 'Wind Amp', 'Null Fear', 'Mudoon']
['Mudoon', 'Evil Smile', 'Wind Amp', 'Sharp Student']
['Evil Smile', 'Sharp Student', 'Wind Boost', 'Agi']
['Sharp Student', 'Wind Boost', 'Bewilder', 'Mudoon']
['Mudoon', 'Rakukaja', 'Bewilder', 'Wind Amp']
['Agi', 'Wind Boost', 'Mudoon', 'Trafuri']
['Wind Amp', 'Sharp Student', 'Mudoon', 'Trafuri']
['Wind Boost', 'Sharp Student', 'Null Fear', 'Wind Amp']
['Agi', 'Mudoon', 'Wind Boost', 'Sharp Student']
['Wind Amp', 'Mudoon', 'Trafuri', 'Rakukaja']
['Mudoon', 'Agi', 'Bewilder', 'Sharp Student']
['Mudoon', 'Sharp Student', 'Wind Boost', 'Agi']
['Wind Amp', 'Sharp Student', 'Trafuri', 'Wind Boost']
['Agi', 'Bewilder', 'Null Fear', 'Garula']
['Wind Boost', 'Sharp Student', 'Rakukaja', 'Bewilder']
['Null Fear', 'Wind Boost', 'Rakukaja', 'Mudoon']
['Mudoon', 'Bewilder', 'Evil Smile', 'Sharp Student']
['Null Fear', 'Mudoon', 'Sharp Student', 'Wind Amp']
['Wind Break', 'Wind Amp', 'Null Fear', 'Sharp Student']
['Wind Boost', 'Mudoon', 'Sharp Student', 'Trafuri']
['Wind Boost', 'Mudoon', 'Null Fear', 'Sharp Student']
['Mudoon', 'Wind Break', 'Agi', 'Bewilder']
['Bewilder', 'Trafuri', 'Sharp Student', 'Wind Boost']
['Bewilder', 'Mudoon', 'Wind Amp', 'Wind Boost']
['Mudoon', 'Sharp Student', 'Wind Amp', 'Wind Boost']
['Sharp Student', 'Rakukaja', 'Wind Boost', 'Magarula']
['Bewilder', 'Null Fear', 'Wind Boost', 'Mudoon']
['Magarula', 'Bewilder', 'Null Fear', 'Wind Amp']
['Wind Boost', 'Null Fear', 'Trafuri', 'Evil Smile']
['Wind Boost', 'Wind Break', 'Mudoon', 'Agi']
['Mudoon', 'Bewilder', 'Null Fear', 'Agi']
['Wind Boost', 'Agi', 'Mudoon', 'Bewilder']
['Mudoon', 'Null Fear', 'Wind Boost', 'Wind Amp']
['Garula', 'Mudoon', 'Sharp Student', 'Wind Amp']
['Trafuri', 'Mudoon', 'Wind Boost', 'Sharp Student']
['Mudoon', 'Null Fear', 'Trafuri', 'Agi']
['Wind Boost', 'Wind Amp', 'Mudoon', 'Sharp Student']
['Bewilder', 'Magarula', 'Wind Amp', 'Agi']
['Magarula', 'Evil Smile', 'Bewilder', 'Mudoon']
['Wind Boost', 'Mudoon', 'Null Fear', 'Rakukaja']
['Mudoon', 'Wind Boost', 'Agi', 'Rakukaja']
['Mudoon', 'Rakukaja', 'Wind Boost', 'Null Fear']
['Mudoon', 'Wind Boost', 'Ghastly Wail', 'Sharp Student']
['Mudoon', 'Null Fear', 'Sharp Student', 'Wind Boost']
['Null Fear', 'Sharp Student', 'Wind Boost', 'Garula']
['Bewilder', 'Sharp Student', 'Mudoon', 'Wind Amp']
['Bewilder', 'Mudoon', 'Agi', 'Trafuri']
['Null Fear', 'Wind Amp', 'Mudoon', 'Trafuri']
['Panta Rhei', 'Wind Amp', 'Trafuri', 'Sharp Student']
['Mudoon', 'Wind Boost', 'Bewilder', 'Sharp Student']
['Trafuri', 'Wind Boost', 'Mudoon', 'Agi']
['Sharp Student', 'Mudoon', 'Ghastly Wail', 'Wind Boost']
['Mudoon', 'Null Fear', 'Wind Boost', 'Trafuri']
['Panta Rhei', 'Sharp Student', 'Wind Boost', 'Mudoon']
['Wind Amp', 'Sharp Student', 'Mudoon', 'Null Fear']
['Mudoon', 'Sharp Student', 'Null Fear', 'Agi']
['Mudoon', 'Null Fear', 'Sharp Student', 'Wind Boost']
['Wind Break', 'Sharp Student', 'Mudoon', 'Null Fear']
['Sharp Student', 'Mudoon', 'Magarula', 'Bewilder']
['Wind Amp', 'Mudoon', 'Sharp Student', 'Null Fear']
['Agi', 'Wind Amp', 'Wind Boost', 'Mudoon']
['Wind Boost', 'Mudoon', 'Panta Rhei', 'Sharp Student']
['Null Fear', 'Panta Rhei', 'Sharp Student', 'Mudoon']
['Null Fear', 'Wind Boost', 'Sharp Student', 'Wind Amp']
['Wind Boost', 'Bewilder', 'Mudoon', 'Sharp Student']
['Null Fear', 'Mudoon', 'Evil Smile', 'Garula']
['Wind Boost', 'Bewilder', 'Mudoon', 'Sharp Student']
['Wind Boost', 'Trafuri', 'Mudoon', 'Wind Amp']
['Sharp Student', 'Garula', 'Mudoon', 'Null Fear']
['Mudoon', 'Wind Boost', 'Wind Amp', 'Trafuri']
['Mudoon', 'Wind Boost', 'Sharp Student', 'Rakukaja']
['Rakukaja', 'Wind Amp', 'Wind Boost', 'Mudoon']
['Sharp Student', 'Wind Boost', 'Wind Amp', 'Mudoon']
['Mudoon', 'Garula', 'Agi', 'Trafuri']
['Sharp Student', 'Garula', 'Null Fear', 'Rakukaja']
['Bewilder', 'Mudoon', 'Null Fear', 'Agi']
['Mudoon', 'Wind Boost', 'Bewilder', 'Wind Amp']
['Agi', 'Mudoon', 'Wind Boost', 'Sharp Student']
['Sharp Student', 'Wind Boost', 'Null Fear', 'Mudoon']
['Garula', 'Trafuri', 'Mudoon', 'Rakukaja']
['Wind Amp', 'Agi', 'Mudoon', 'Evil Smile']
['Mudoon', 'Bewilder', 'Sharp Student', 'Agi']
['Sharp Student', 'Wind Boost', 'Bewilder', 'Null Fear']
['Wind Boost', 'Bewilder', 'Trafuri', 'Mudoon']
['Sharp Student', 'Wind Boost', 'Null Fear', 'Bewilder']
['Rakukaja', 'Trafuri', 'Sharp Student', 'Mudoon']
['Wind Boost', 'Sharp Student', 'Agi', 'Null Fear']
['Mudoon', 'Agi', 'Evil Smile', 'Wind Boost']
['Wind Amp', 'Evil Smile', 'Agi', 'Bewilder']
['Bewilder', 'Mudoon', 'Wind Boost', 'Wind Amp']
['Sharp Student', 'Mudoon', 'Null Fear', 'Magarula']
['Mudoon', 'Sharp Student', 'Agi', 'Wind Amp']
['Null Fear', 'Sharp Student', 'Mudoon', 'Wind Amp']
['Wind Break', 'Bewilder', 'Mudoon', 'Trafuri']
['Null Fear', 'Trafuri', 'Sharp Student', 'Bewilder']
['Sharp Student', 'Wind Boost', 'Mudoon', 'Agi']
['Null Fear', 'Sharp Student', 'Mudoon', 'Agi']
['Mudoon', 'Sharp Student', 'Agi', 'Magarula']
['Mudoon', 'Evil Smile', 'Magarula', 'Wind Boost']
['Mudoon', 'Agi', 'Sharp Student', 'Wind Amp']
['Bewilder', 'Null Fear', 'Mudoon', 'Rakukaja']
['Mudoon', 'Wind Amp', 'Agi', 'Sharp Student']
['Sharp Student', 'Null Fear', 'Garula', 'Mudoon']
['Mudoon', 'Wind Amp', 'Sharp Student', 'Wind Boost']
['Null Fear', 'Bewilder', 'Mudoon', 'Sharp Student']
['Sharp Student', 'Garula', 'Mudoon', 'Wind Amp']
['Sharp Student', 'Agi', 'Mudoon', 'Wind Boost']
['Wind Boost', 'Sharp Student', 'Mudoon', 'Bewilder']
['Mudoon', 'Null Fear', 'Wind Boost', 'Panta Rhei']
['Sharp Student', 'Mudoon', 'Wind Boost', 'Null Fear']
['Wind Boost', 'Mudoon', 'Null Fear', 'Agi']
['Wind Boost', 'Agi', 'Mudoon', 'Wind Amp']
['Trafuri', 'Mudoon', 'Wind Amp', 'Sharp Student']
['Null Fear', 'Magarula', 'Sharp Student', 'Mudoon']
['Sharp Student', 'Ghastly Wail', 'Agi', 'Mudoon']
['Wind Boost', 'Mudoon', 'Wind Amp', 'Null Fear']
['Mudoon', 'Wind Boost', 'Rakukaja', 'Null Fear']
['Wind Boost', 'Agi', 'Trafuri', 'Sharp Student']
['Wind Boost', 'Mudoon', 'Wind Amp', 'Ghastly Wail']
['Mudoon', 'Wind Boost', 'Bewilder', 'Agi']
['Sharp Student', 'Wind Amp', 'Mudoon', 'Bewilder']
['Null Fear', 'Evil Smile', 'Mudoon', 'Wind Boost']
['Null Fear', 'Mudoon', 'Wind Boost', 'Sharp Student']
['Mudoon', 'Null Fear', 'Wind Amp', 'Rakukaja']
['Trafuri', 'Mudoon', 'Wind Boost', 'Evil Smile']
['Wind Boost', 'Wind Amp', 'Mudoon', 'Bewilder']
['Wind Amp', 'Mudoon', 'Wind Boost', 'Sharp Student']
['Mudoon', 'Wind Boost', 'Wind Amp', 'Sharp Student']
['Wind Amp', 'Mudoon', 'Agi', 'Rakukaja']
['Mudoon', 'Agi', 'Wind Break', 'Trafuri']
['Wind Boost', 'Mudoon', 'Trafuri', 'Agi']
['Wind Boost', 'Mudoon', 'Bewilder', 'Trafuri']
['Magarula', 'Wind Boost', 'Sharp Student', 'Agi']
['Mudoon', 'Wind Boost', 'Garula', 'Rakukaja']
['Sharp Student', 'Trafuri', 'Bewilder', 'Mudoon']
['Mudoon', 'Null Fear', 'Bewilder', 'Rakukaja']
['Wind Boost', 'Sharp Student', 'Wind Break', 'Bewilder']
['Evil Smile', 'Wind Boost', 'Bewilder', 'Agi']
['Mudoon', 'Wind Amp', 'Trafuri', 'Ghastly Wail']
['Mudoon', 'Wind Boost', 'Garula', 'Wind Amp']
['Mudoon', 'Wind Boost', 'Wind Amp', 'Null Fear']
['Wind Boost', 'Mudoon', 'Garula', 'Sharp Student']
['Trafuri', 'Mudoon', 'Bewilder', 'Wind Amp']
['Wind Boost', 'Sharp Student', 'Evil Smile', 'Bewilder']
['Mudoon', 'Wind Amp', 'Wind Boost', 'Null Fear']
['Mudoon', 'Null Fear', 'Sharp Student', 'Wind Boost']
['Sharp Student', 'Mudoon', 'Wind Boost', 'Bewilder']
['Null Fear', 'Mudoon', 'Sharp Student', 'Wind Boost']
['Wind Amp', 'Wind Boost', 'Mudoon', 'Bewilder']
['Wind Boost', 'Wind Amp', 'Mudoon', 'Rakukaja']
['Mudoon', 'Bewilder', 'Sharp Student', 'Wind Boost']
['Mudoon', 'Sharp Student', 'Wind Amp', 'Bewilder']
['Null Fear', 'Mudoon', 'Bewilder', 'Wind Boost']
['Agi', 'Wind Amp', 'Sharp Student', 'Wind Boost']
['Sharp Student', 'Mudoon', 'Magarula', 'Wind Boost']
['Mudoon', 'Magarula', 'Wind Amp', 'Agi']
['Sharp Student', 'Mudoon', 'Garula', 'Bewilder']
['Sharp Student', 'Wind Boost', 'Mudoon', 'Bewilder']
['Bewilder', 'Mudoon', 'Garula', 'Wind Amp']
['Wind Boost', 'Agi', 'Mudoon', 'Null Fear']
['Sharp Student', 'Wind Boost', 'Null Fear', 'Wind Amp']
['Mudoon', 'Null Fear', 'Sharp Student', 'Trafuri']
['Garula', 'Null Fear', 'Agi', 'Wind Boost']
['Bewilder', 'Mudoon', 'Sharp Student', 'Agi']
['Wind Boost', 'Agi', 'Mudoon', 'Trafuri']
['Sharp Student', 'Null Fear', 'Rakukaja', 'Mudoon']
['Wind Boost', 'Mudoon', 'Agi', 'Null Fear']
['Mudoon', 'Wind Boost', 'Null Fear', 'Bewilder']
['Mudoon', 'Wind Amp', 'Ghastly Wail', 'Agi']
['Wind Boost', 'Rakukaja', 'Agi', 'Wind Amp']
['Agi', 'Mudoon', 'Wind Boost', 'Null Fear']
['Bewilder', 'Mudoon', 'Wind Amp', 'Trafuri']
['Mudoon', 'Wind Boost', 'Bewilder', 'Rakukaja']
['Evil Smile', 'Agi', 'Mudoon', 'Null Fear']
['Mudoon', 'Bewilder', 'Wind Boost', 'Sharp Student']
['Wind Amp', 'Sharp Student', 'Mudoon', 'Wind Boost']
['Garula', 'Wind Amp', 'Mudoon', 'Sharp Student']
['Mudoon', 'Null Fear', 'Wind Amp', 'Trafuri']
['Mudoon', 'Wind Boost', 'Wind Break', 'Sharp Student']
['Mudoon', 'Null Fear', 'Sharp Student', 'Wind Boost']
['Panta Rhei', 'Mudoon', 'Trafuri', 'Wind Amp']
['Wind Boost', 'Bewilder', 'Mudoon', 'Trafuri']
['Wind Boost', 'Trafuri', 'Mudoon', 'Agi']
['Wind Boost', 'Trafuri', 'Garula', 'Mudoon']
['Mudoon', 'Bewilder', 'Wind Boost', 'Evil Smile']
['Wind Boost', 'Bewilder', 'Mudoon', 'Sharp Student']
['Mudoon', 'Sharp Student', 'Wind Amp', 'Wind Boost']
['Wind Amp', 'Bewilder', 'Wind Break', 'Mudoon']
['Mudoon', 'Wind Amp', 'Wind Boost', 'Panta Rhei']
['Wind Boost', 'Mudoon', 'Rakukaja', 'Sharp Student']
['Mudoon', 'Wind Boost', 'Garula', 'Rakukaja']
['Mudoon', 'Trafuri', 'Evil Smile', 'Garula']
['Wind Amp', 'Sharp Student', 'Rakukaja', 'Mudoon']
['Wind Amp', 'Panta Rhei', 'Bewilder', 'Sharp Student']
['Wind Boost', 'Agi', 'Mudoon', 'Evil Smile']
['Mudoon', 'Wind Boost', 'Null Fear', 'Garula']
['Null Fear', 'Wind Boost', 'Wind Amp', 'Sharp Student']
['Wind Boost', 'Mudoon', 'Garula', 'Wind Amp']
['Sharp Student', 'Mudoon', 'Trafuri', 'Wind Boost']
['Mudoon', 'Wind Boost', 'Wind Amp', 'Agi']
['Bewilder', 'Mudoon', 'Agi', 'Sharp Student']
['Wind Boost', 'Rakukaja', 'Agi', 'Null Fear']
['Wind Boost', 'Mudoon', 'Garula', 'Wind Amp']
['Wind Boost', 'Mudoon', 'Trafuri', 'Sharp Student']
['Mudoon', 'Bewilder', 'Sharp Student', 'Wind Boost']
['Mudoon', 'Null Fear', 'Wind Boost', 'Bewilder']
['Agi', 'Wind Boost', 'Magarula', 'Wind Amp']
['Trafuri', 'Mudoon', 'Agi', 'Wind Amp']
['Sharp Student', 'Wind Boost', 'Mudoon', 'Trafuri']
['Mudoon', 'Wind Boost', 'Bewilder', 'Sharp Student']
['Ghastly Wail', 'Mudoon', 'Rakukaja', 'Sharp Student']
['Wind Boost', 'Agi', 'Garula', 'Wind Amp']
['Sharp Student', 'Mudoon', 'Agi', 'Wind Boost']
['Mudoon', 'Wind Amp', 'Wind Boost', 'Sharp Student']
['Mudoon', 'Wind Boost', 'Wind Amp', 'Trafuri']
['Wind Boost', 'Mudoon', 'Wind Amp', 'Agi']
['Mudoon', 'Bewilder', 'Wind Amp', 'Agi']
['Mudoon', 'Null Fear', 'Wind Boost', 'Wind Amp']
['Sharp Student', 'Null Fear', 'Mudoon', 'Garula']
['Mudoon', 'Agi', 'Null Fear', 'Wind Amp']
['Mudoon', 'Sharp Student', 'Wind Amp', 'Null Fear']
['Wind Boost', 'Mudoon', 'Trafuri', 'Sharp Student']
['Null Fear', 'Mudoon', 'Rakukaja', 'Wind Break']
['Null Fear', 'Agi', 'Mudoon', 'Trafuri']
['Agi', 'Bewilder', 'Wind Boost', 'Mudoon']
['Agi', 'Wind Amp', 'Wind Boost', 'Sharp Student']
['Mudoon', 'Wind Break', 'Wind Boost', 'Wind Amp']
['Trafuri', 'Mudoon', 'Sharp Student', 'Evil Smile']
['Mudoon', 'Wind Amp', 'Wind Boost', 'Bewilder']
['Wind Boost', 'Agi', 'Sharp Student', 'Wind Amp']
['Mudoon', 'Sharp Student', 'Agi', 'Null Fear']
['Mudoon', 'Wind Boost', 'Sharp Student', 'Agi']
['Trafuri', 'Rakukaja', 'Wind Boost', 'Wind Amp']
['Mudoon', 'Bewilder', 'Trafuri', 'Garula']
['Mudoon', 'Wind Boost', 'Rakukaja', 'Magarula']
['Wind Amp', 'Sharp Student', 'Agi', 'Null Fear']
['Rakukaja', 'Mudoon', 'Wind Amp', 'Bewilder']
['Wind Boost', 'Wind Amp', 'Null Fear', 'Mudoon']
['Agi', 'Wind Boost', 'Trafuri', 'Mudoon']
['Mudoon', 'Null Fear', 'Trafuri', 'Wind Boost']
['Magarula', 'Mudoon', 'Trafuri', 'Wind Boost']
['Wind Amp', 'Null Fear', 'Garula', 'Bewilder']
['Null Fear', 'Mudoon', 'Agi', 'Rakukaja']
['Rakukaja', 'Mudoon', 'Wind Break', 'Wind Boost']
['Mudoon', 'Wind Amp', 'Wind Boost', 'Wind Break']
['Null Fear', 'Wind Boost', 'Mudoon', 'Wind Amp']
['Sharp Student', 'Mudoon', 'Wind Break', 'Wind Amp']
['Mudoon', 'Wind Boost', 'Evil Smile', 'Trafuri']
['Wind Boost', 'Agi', 'Null Fear', 'Bewilder']
['Null Fear', 'Wind Boost', 'Garula', 'Wind Break']
['Mudoon', 'Garula', 'Agi', 'Panta Rhei']
['Wind Boost', 'Trafuri', 'Mudoon', 'Wind Amp']
['Mudoon', 'Trafuri', 'Wind Boost', 'Garula']
['Wind Boost', 'Sharp Student', 'Mudoon', 'Agi']
['Null Fear', 'Mudoon', 'Wind Amp', 'Trafuri']
['Sharp Student', 'Trafuri', 'Mudoon', 'Null Fear']
['Null Fear', 'Bewilder', 'Wind Boost', 'Mudoon']
['Bewilder', 'Mudoon', 'Agi', 'Wind Amp']
['Agi', 'Sharp Student', 'Wind Boost', 'Bewilder']
['Mudoon', 'Null Fear', 'Agi', 'Wind Boost']
['Bewilder', 'Mudoon', 'Agi', 'Sharp Student']
['Trafuri', 'Sharp Student', 'Mudoon', 'Wind Amp']
['Sharp Student', 'Garula', 'Wind Boost', 'Rakukaja']
['Mudoon', 'Wind Break', 'Agi', 'Wind Boost']
['Wind Break', 'Trafuri', 'Magarula', 'Bewilder']
['Mudoon', 'Wind Amp', 'Null Fear', 'Bewilder']
['Sharp Student', 'Null Fear', 'Mudoon', 'Wind Amp']
['Wind Boost', 'Sharp Student', 'Null Fear', 'Bewilder']
['Mudoon', 'Wind Break', 'Wind Boost', 'Evil Smile']
['Trafuri', 'Wind Boost', 'Mudoon', 'Panta Rhei']
['Wind Boost', 'Bewilder', 'Mudoon', 'Sharp Student']
['Null Fear', 'Wind Amp', 'Bewilder', 'Agi']
['Null Fear', 'Bewilder', 'Mudoon', 'Trafuri']
['Mudoon', 'Null Fear', 'Wind Boost', 'Evil Smile']
['Mudoon', 'Null Fear', 'Wind Break', 'Ghastly Wail']
['Rakukaja', 'Mudoon', 'Null Fear', 'Sharp Student']
['Bewilder', 'Agi', 'Wind Amp', 'Wind Boost']
['Wind Boost', 'Mudoon', 'Wind Amp', 'Rakukaja']
['Sharp Student', 'Mudoon', 'Agi', 'Wind Boost']
['Mudoon', 'Wind Amp', 'Rakukaja', 'Sharp Student']
['Null Fear', 'Mudoon', 'Wind Break', 'Agi']
['Sharp Student', 'Mudoon', 'Bewilder', 'Wind Amp']
['Agi', 'Bewilder', 'Trafuri', 'Sharp Student']
['Agi', 'Trafuri', 'Wind Boost', 'Wind Break']
['Mudoon', 'Rakukaja', 'Wind Boost', 'Agi']
['Wind Boost', 'Bewilder', 'Panta Rhei', 'Mudoon']
['Wind Amp', 'Sharp Student', 'Mudoon', 'Wind Boost']
['Bewilder', 'Agi', 'Trafuri', 'Mudoon']
['Wind Boost', 'Mudoon', 'Null Fear', 'Panta Rhei']
['Agi', 'Magarula', 'Bewilder', 'Wind Boost']
['Mudoon', 'Wind Boost', 'Evil Smile', 'Magarula']
['Wind Boost', 'Sharp Student', 'Null Fear', 'Wind Amp']
['Trafuri', 'Wind Amp', 'Wind Break', 'Sharp Student']
['Agi', 'Wind Boost', 'Mudoon', 'Evil Smile']
['Null Fear', 'Mudoon', 'Wind Boost', 'Bewilder']
['Mudoon', 'Wind Boost', 'Agi', 'Evil Smile']
['Agi', 'Null Fear', 'Wind Amp', 'Mudoon']
['Bewilder', 'Mudoon', 'Garula', 'Sharp Student']
['Wind Boost', 'Mudoon', 'Null Fear', 'Ghastly Wail']
['Mudoon', 'Rakukaja', 'Wind Boost', 'Agi']
['Null Fear', 'Mudoon', 'Wind Boost', 'Magarula']
['Trafuri', 'Mudoon', 'Null Fear', 'Wind Boost']
['Mudoon', 'Trafuri', 'Wind Amp', 'Agi']
['Null Fear', 'Rakukaja', 'Wind Amp', 'Mudoon']
['Agi', 'Mudoon', 'Null Fear', 'Wind Boost']
['Mudoon', 'Bewilder', 'Evil Smile', 'Wind Boost']
['Sharp Student', 'Wind Amp', 'Null Fear', 'Wind Boost']
['Null Fear', 'Bewilder', 'Sharp Student', 'Wind Amp']
['Mudoon', 'Wind Boost', 'Bewilder', 'Rakukaja']
['Trafuri', 'Bewilder', 'Wind Boost', 'Wind Amp']
['Mudoon', 'Null Fear', 'Wind Boost', 'Agi']
['Mudoon', 'Wind Amp', 'Sharp Student', 'Bewilder']
['Wind Amp', 'Wind Boost', 'Agi', 'Rakukaja']
['Sharp Student', 'Ghastly Wail', 'Wind Boost', 'Trafuri']
['Mudoon', 'Wind Boost', 'Magarula', 'Agi']
['Mudoon', 'Sharp Student', 'Wind Boost', 'Ghastly Wail']
['Wind Boost', 'Sharp Student', 'Wind Amp', 'Mudoon']
['Wind Boost', 'Magarula', 'Sharp Student', 'Trafuri']
['Mudoon', 'Wind Amp', 'Garula', 'Wind Boost']
['Wind Amp', 'Mudoon', 'Sharp Student', 'Wind Boost']
['Mudoon', 'Sharp Student', 'Rakukaja', 'Wind Amp']
['Agi', 'Wind Break', 'Sharp Student', 'Bewilder']
['Wind Boost', 'Mudoon', 'Agi', 'Garula']
['Null Fear', 'Mudoon', 'Wind Boost', 'Wind Break']
['Wind Boost', 'Mudoon', 'Bewilder', 'Null Fear']
['Wind Break', 'Null Fear', 'Mudoon', 'Wind Boost']
['Trafuri', 'Bewilder', 'Agi', 'Sharp Student']
['Mudoon', 'Rakukaja', 'Wind Boost', 'Wind Break']
['Null Fear', 'Wind Amp', 'Ghastly Wail', 'Mudoon']
['Mudoon', 'Sharp Student', 'Wind Boost', 'Null Fear']
['Wind Boost', 'Mudoon', 'Agi', 'Sharp Student']
['Mudoon', 'Bewilder', 'Wind Amp', 'Null Fear']
['Bewilder', 'Wind Boost', 'Null Fear', 'Mudoon']
['Wind Boost', 'Mudoon', 'Trafuri', 'Null Fear']
['Wind Boost', 'Garula', 'Ghastly Wail', 'Agi']
['Agi', 'Mudoon', 'Sharp Student', 'Rakukaja']
['Mudoon', 'Wind Amp', 'Agi', 'Wind Boost']
['Sharp Student', 'Null Fear', 'Mudoon', 'Wind Amp']
['Mudoon', 'Rakukaja', 'Sharp Student', 'Wind Boost']
['Wind Boost', 'Mudoon', 'Garula', 'Wind Amp']
['Mudoon', 'Agi', 'Sharp Student', 'Wind Boost']
['Sharp Student', 'Bewilder', 'Mudoon', 'Wind Boost']
['Rakukaja', 'Bewilder', 'Mudoon', 'Wind Amp']
['Mudoon', 'Wind Amp', 'Wind Boost', 'Agi']
['Agi', 'Bewilder', 'Mudoon', 'Wind Boost']
['Panta Rhei', 'Sharp Student', 'Wind Boost', 'Mudoon']
['Agi', 'Null Fear', 'Wind Boost', 'Mudoon']
['Mudoon', 'Wind Boost', 'Sharp Student', 'Null Fear']
['Sharp Student', 'Mudoon', 'Wind Boost', 'Bewilder']
['Wind Amp', 'Agi', 'Null Fear', 'Wind Boost']
['Mudoon', 'Null Fear', 'Wind Amp', 'Garula']
['Wind Boost', 'Bewilder', 'Agi', 'Rakukaja']
['Trafuri', 'Null Fear', 'Sharp Student', 'Ghastly Wail']
['Null Fear', 'Wind Amp', 'Agi', 'Mudoon']
['Sharp Student', 'Mudoon', 'Wind Break', 'Evil Smile']
['Wind Boost', 'Agi', 'Wind Amp', 'Mudoon']
['Wind Amp', 'Mudoon', 'Wind Boost', 'Null Fear']
['Wind Boost', 'Mudoon', 'Agi', 'Magarula']
['Wind Boost', 'Mudoon', 'Agi', 'Bewilder']
['Wind Boost', 'Garula', 'Null Fear', 'Rakukaja']
['Wind Boost', 'Garula', 'Rakukaja', 'Trafuri']
['Garula', 'Sharp Student', 'Trafuri', 'Bewilder']
['Mudoon', 'Wind Boost', 'Sharp Student', 'Rakukaja']
['Sharp Student', 'Mudoon', 'Null Fear', 'Wind Amp']
['Wind Boost', 'Null Fear', 'Sharp Student', 'Mudoon']
['Trafuri', 'Wind Boost', 'Sharp Student', 'Agi']
['Wind Boost', 'Bewilder', 'Magarula', 'Garula']
['Wind Boost', 'Bewilder', 'Mudoon', 'Null Fear']
['Mudoon', 'Sharp Student', 'Agi', 'Null Fear']
['Rakukaja', 'Wind Boost', 'Trafuri', 'Mudoon']
['Wind Boost', 'Evil Smile', 'Mudoon', 'Garula']
['Null Fear', 'Agi', 'Rakukaja', 'Garula']
['Sharp Student', 'Mudoon', 'Agi', 'Wind Boost']
['Bewilder', 'Wind Boost', 'Mudoon', 'Trafuri']
['Sharp Student', 'Bewilder', 'Wind Boost', 'Mudoon']
['Sharp Student', 'Wind Amp', 'Bewilder', 'Null Fear']
['Mudoon', 'Wind Boost', 'Agi', 'Ghastly Wail']
['Null Fear', 'Mudoon', 'Wind Boost', 'Wind Amp']
['Mudoon', 'Wind Boost', 'Wind Break', 'Agi']
['Bewilder', 'Null Fear', 'Wind Boost', 'Agi']
['Agi', 'Mudoon', 'Wind Boost', 'Wind Amp']
['Wind Amp', 'Rakukaja', 'Null Fear', 'Wind Boost']
['Wind Boost', 'Mudoon', 'Trafuri', 'Rakukaja']
['Mudoon', 'Trafuri', 'Sharp Student', 'Bewilder']
['Magarula', 'Mudoon', 'Rakukaja', 'Bewilder']
['Wind Boost', 'Sharp Student', 'Mudoon', 'Rakukaja']
['Mudoon', 'Agi', 'Wind Amp', 'Wind Boost']
['Mudoon', 'Wind Boost', 'Wind Amp', 'Null Fear']
['Wind Amp', 'Mudoon', 'Rakukaja', 'Wind Boost']
['Bewilder', 'Sharp Student', 'Null Fear', 'Wind Boost']
['Wind Boost', 'Mudoon', 'Trafuri', 'Sharp Student']
['Wind Amp', 'Mudoon', 'Agi', 'Sharp Student']
['Mudoon', 'Wind Boost', 'Sharp Student', 'Null Fear']
['Wind Boost', 'Wind Amp', 'Null Fear', 'Sharp Student']
['Mudoon', 'Trafuri', 'Sharp Student', 'Wind Boost']
['Wind Boost', 'Sharp Student', 'Bewilder', 'Mudoon']
['Magarula', 'Wind Boost', 'Sharp Student', 'Mudoon']
['Sharp Student', 'Mudoon', 'Wind Boost', 'Agi']
['Bewilder', 'Mudoon', 'Trafuri', 'Wind Boost']
['Mudoon', 'Wind Break', 'Agi', 'Rakukaja']
['Mudoon', 'Magarula', 'Trafuri', 'Agi']
