['Ice Boost', 'Samsara', 'Auto-Rakukaja', 'Diarahan', 'Growth 3']
['Counter', 'Growth 3', 'Dekaja', 'Auto-Rakukaja', 'Null Fear']
['Auto-Rakukaja', 'Samsara', 'Counter', 'Mabufu', 'Ice Boost']
['Counter', 'Tarukaja', 'Samsara', 'Ice Boost', 'Null Dark']
['Auto-Rakukaja', 'Samsara', 'Null Dark', 'Growth 3', 'Tarukaja']
['Ice Boost', 'Tarukaja', 'Diarahan', 'Samsara', 'Mabufu']
['Ziodyne', 'Patra', 'Growth 3', 'Samsara', 'Ice Boost']
['Recarm', 'Ice Boost', 'Dekaja', 'Tarukaja', 'Diarahan']
['Samsara', 'Patra', 'Counter', 'Ice Boost', 'Growth 3']
['Ice Boost', 'Samsara', 'Mabufu', 'Growth 3', 'Null Fear']
['Auto-Rakukaja', 'Patra', 'Samsara', 'Counter', 'Null Dark']
['Null Fear', 'Counter', 'Samsara', 'Ice Boost', 'Auto-Rakukaja']
['Null Dark', 'Diarahan', 'Null Fear', 'Counter', 'Samsara']
['Null Fear', 'Mabufu', 'Growth 3', 'Samsara', 'Ice Boost']
['Null Dark', 'Samsara', 'Counter', 'Patra', 'Null Fear']
['Null Fear', 'Counter', 'Null Dark', 'Growth 3', 'Auto-Rakukaja']
['Counter', 'Diarahan', 'Auto-Rakukaja', 'Null Fear', 'Growth 3']
['Sukukaja', 'Auto-Rakukaja', 'Counter', 'Salvation', 'Ice Boost']
['Growth 3', 'Null Fear', 'Ice Boost', 'Samsara', 'Mabufu']
['Ice Boost', 'Diarahan', 'Recarm', 'Auto-Rakukaja', 'Samsara']
['Samsara', 'Ice Boost', 'Growth 3', 'Auto-Rakukaja', 'Patra']
['Counter', 'Sukukaja', 'Samsara', 'Patra', 'Ice Boost']
['Ice Boost', 'Growth 3', 'Sukukaja', 'Null Dark', 'Patra']
['Samsara', 'Ice Boost', 'Growth 3', 'Mind Charge', 'Patra']
['Ice Boost', 'Counter', 'Null Fear', 'Patra', 'Null Dark']
['Ice Boost', 'Auto-Rakukaja', 'Null Fear', 'Counter', 'Samsara']
['Samsara', 'Patra', 'Mabufu', 'Ice Boost', 'Auto-Rakukaja']
['Counter', 'Growth 3', 'Samsara', 'Auto-Rakukaja', 'Null Fear']
['Mabufu', 'Null Dark', 'Patra', 'Ice Boost', 'Auto-Rakukaja']
['Ice Boost', 'Auto-Rakukaja', 'Counter', 'Mabufu', 'Diarahan']
['Null Dark', 'Ice Boost', 'Samsara', 'Ziodyne', 'Growth 3']
['Samsara', 'Null Fear', 'Null Dark', 'Ice Boost', 'Tarukaja']
['Ice Boost', 'Samsara', 'Diarahan', 'Ziodyne', 'Auto-Rakukaja']
['Null Fear', 'Null Dark', 'Ice Boost', 'Counter', 'Salvation']
['Mind Charge', 'Patra', 'Counter', 'Null Dark', 'Samsara']
['Null Dark', 'Samsara', 'Patra', 'Null Fear', 'Dekaja']
['Patra', 'Samsara', 'Megido', 'Mabufu', 'Counter']
['Ice Boost', 'Megido', 'Counter', 'Diarahan', 'Samsara']
['Samsara', 'Auto-Rakukaja', 'Mind Charge', 'Counter', 'Ice Boost']
['Ice Boost', 'Growth 3', 'Samsara', 'Null Dark', 'Tarukaja']
['Patra', 'Counter', 'Ziodyne', 'Diarahan', 'Ice Boost']
['Null Dark', 'Samsara', 'Ziodyne', 'Ice Boost', 'Auto-Rakukaja']
['Samsara', 'Mabufu', 'Recarm', 'Sukukaja', 'Ice Boost']
['Mabufu', 'Counter', 'Patra', 'Tarukaja', 'Auto-Rakukaja']
['Tarukaja', 'Samsara', 'Auto-Rakukaja', 'Ice Boost', 'Null Dark']
['Samsara', 'Auto-Rakukaja', 'Sukukaja', 'Ice Boost', 'Null Dark']
['Ice Boost', 'Tarukaja', 'Counter', 'Auto-Rakukaja', 'Growth 3']
['Ice Boost', 'Counter', 'Growth 3', 'Recarm', 'Samsara']
['Sukukaja', 'Growth 3', 'Auto-Rakukaja', 'Null Dark', 'Diarahan']
['Ice Boost', 'Samsara', 'Mabufu', 'Counter', 'Growth 3']
['Growth 3', 'Patra', 'Samsara', 'Tarukaja', 'Ice Boost']
['Null Dark', 'Growth 3', 'Null Fear', 'Counter', 'Samsara']
['Ice Boost', 'Auto-Rakukaja', 'Counter', 'Mind Charge', 'Samsara']
['Counter', 'Mabufu', 'Samsara', 'Auto-Rakukaja', 'Growth 3']
['Ice Boost', 'Tarukaja', 'Null Dark', 'Mabufu', 'Auto-Rakukaja']
['Samsara', 'Null Dark', 'Growth 3', 'Ice Boost', 'Null Fear']
['Growth 3', 'Auto-Rakukaja', 'Ice Boost', 'Samsara', 'Mind Charge']
['Samsara', 'Ice Boost', 'Auto-Rakukaja', 'Patra', 'Growth 3']
['Ice Boost', 'Null Dark', 'Growth 3', 'Patra', 'Auto-Rakukaja']
['Diarahan', 'Null Dark', 'Growth 3', 'Auto-Rakukaja', 'Ice Boost']
['Null Fear', 'Ice Boost', 'Counter', 'Patra', 'Growth 3']
['Null Fear', 'Counter', 'Growth 3', 'Samsara', 'Ice Boost']
['Null Dark', 'Ice Boost', 'Diarahan', 'Auto-Rakukaja', 'Mind Charge']
['Patra', 'Sukukaja', 'Auto-Rakukaja', 'Ice Boost', 'Counter']
['Growth 3', 'Null Fear', 'Auto-Rakukaja', 'Ice Boost', 'Counter']
['Auto-Rakukaja', 'Ice Boost', 'Tarukaja', 'Counter', 'Sukukaja']
['Ice Boost', 'Null Fear', 'Sukukaja', 'Patra', 'Recarm']
['Patra', 'Ice Boost', 'Samsara', 'Mabufu', 'Growth 3']
['Null Fear', 'Null Dark', 'Sukukaja', 'Auto-Rakukaja', 'Patra']
['Samsara', 'Ice Boost', 'Counter', 'Auto-Rakukaja', 'Patra']
['Null Fear', 'Patra', 'Counter', 'Auto-Rakukaja', 'Null Dark']
['Counter', 'Growth 3', 'Auto-Rakukaja', 'Ice Boost', 'Samsara']
['Samsara', 'Patra', 'Ice Boost', 'Growth 3', 'Mabufu']
['Growth 3', 'Ice Boost', 'Sukukaja', 'Counter', 'Tarukaja']
['Ice Boost', 'Dekaja', 'Samsara', 'Growth 3', 'Sukukaja']
['Samsara', 'Diarahan', 'Null Fear', 'Patra', 'Counter']
['Ice Boost', 'Growth 3', 'Auto-Rakukaja', 'Sukukaja', 'Patra']
['Null Dark', 'Auto-Rakukaja', 'Samsara', 'Tarukaja', 'Ice Boost']
['Growth 3', 'Patra', 'Auto-Rakukaja', 'Samsara', 'Counter']
['Samsara', 'Tarukaja', 'Diarahan', 'Ice Boost', 'Null Fear']
['Samsara', 'Auto-Rakukaja', 'Null Fear', 'Growth 3', 'Counter']
['Null Fear', 'Patra', 'Mind Charge', 'Mabufu', 'Ziodyne']
['Null Fear', 'Counter', 'Growth 3', 'Tarukaja', 'Ice Boost']
['Sukukaja', 'Growth 3', 'Auto-Rakukaja', 'Ice Boost', 'Mabufu']
['Samsara', 'Null Fear', 'Ice Boost', 'Counter', 'Megido']
['Samsara', 'Null Fear', 'Ice Boost', 'Null Dark', 'Salvation']
['Ice Boost', 'Auto-Rakukaja', 'Samsara', 'Counter', 'Null Dark']
['Samsara', 'Null Fear', 'Counter', 'Ice Boost', 'Growth 3']
['Growth 3', 'Mabufu', 'Samsara', 'Patra', 'Ice Boost']
['Growth 3', 'Mabufu', 'Megido', 'Samsara', 'Dekaja']
['Ice Boost', 'Auto-Rakukaja', 'Null Dark', 'Counter', 'Patra']
['Null Dark', 'Mind Charge', 'Samsara', 'Growth 3', 'Recarm']
['Patra', 'Tarukaja', 'Auto-Rakukaja', 'Megido', 'Mind Charge']
['Growth 3', 'Auto-Rakukaja', 'Samsara', 'Null Fear', 'Mabufu']
['Growth 3', 'Ice Boost', 'Counter', 'Samsara', 'Null Fear']
['Null Dark', 'Auto-Rakukaja', 'Ice Boost', 'Samsara', 'Mabufu']
['Counter', 'Null Dark', 'Samsara', 'Auto-Rakukaja', 'Tarukaja']
['Growth 3', 'Auto-Rakukaja', 'Samsara', 'Ice Boost', 'Counter']
['Null Dark', 'Ice Boost', 'Samsara', 'Auto-Rakukaja', 'Counter']
['Patra', 'Auto-Rakukaja', 'Ice Boost', 'Tarukaja', 'Salvation']
['Counter', 'Sukukaja', 'Auto-Rakukaja', 'Samsara', 'Salvation']
['Counter', 'Samsara', 'Ice Boost', 'Null Dark', 'Growth 3']
['Null Dark', 'Tarukaja', 'Samsara', 'Ice Boost', 'Counter']
['Counter', 'Null Dark', 'Samsara', 'Growth 3', 'Null Fear']
['Auto-Rakukaja', 'Null Fear', 'Samsara', 'Dekaja', 'Growth 3']
['Mabufu', 'Tarukaja', 'Samsara', 'Auto-Rakukaja', 'Patra']
['Samsara', 'Growth 3', 'Counter', 'Patra', 'Null Fear']
['Null Fear', 'Auto-Rakukaja', 'Ice Boost', 'Diarahan', 'Counter']
['Growth 3', 'Counter', 'Ice Boost', 'Samsara', 'Null Dark']
['Ice Boost', 'Growth 3', 'Diarahan', 'Auto-Rakukaja', 'Recarm']
['Ice Boost', 'Counter', 'Samsara', 'Auto-Rakukaja', 'Patra']
['Null Dark', 'Ice Boost', 'Patra', 'Growth 3', 'Counter']
['Null Fear', 'Tarukaja', 'Samsara', 'Recarm', 'Ice Boost']
['Mind Charge', 'Sukukaja', 'Patra', 'Ice Boost', 'Tarukaja']
['Patra', 'Counter', 'Diarahan', 'Samsara', 'Auto-Rakukaja']
['Counter', 'Auto-Rakukaja', 'Ice Boost', 'Null Dark', 'Sukukaja']
['Auto-Rakukaja', 'Patra', 'Samsara', 'Sukukaja', 'Null Dark']
['Patra', 'Samsara', 'Recarm', 'Auto-Rakukaja', 'Growth 3']
['Mind Charge', 'Sukukaja', 'Patra', 'Ice Boost', 'Ziodyne']
['Null Fear', 'Growth 3', 'Auto-Rakukaja', 'Samsara', 'Ice Boost']
['Ice Boost', 'Diarahan', 'Samsara', 'Null Fear', 'Counter']
['Mind Charge', 'Null Dark', 'Patra', 'Counter', 'Auto-Rakukaja']
['Tarukaja', 'Null Fear', 'Samsara', 'Ice Boost', 'Auto-Rakukaja']
['Auto-Rakukaja', 'Counter', 'Patra', 'Ice Boost', 'Samsara']
['Null Fear', 'Ziodyne', 'Auto-Rakukaja', 'Null Dark', 'Ice Boost']
['Null Fear', 'Auto-Rakukaja', 'Counter', 'Dekaja', 'Null Dark']
['Ice Boost', 'Null Fear', 'Samsara', 'Patra', 'Tarukaja']
['Counter', 'Growth 3', 'Samsara', 'Auto-Rakukaja', 'Ice Boost']
['Counter', 'Ice Boost', 'Growth 3', 'Null Fear', 'Samsara']
['Ice Boost', 'Samsara', 'Null Fear', 'Patra', 'Auto-Rakukaja']
['Null Dark', 'Growth 3', 'Null Fear', 'Sukukaja', 'Samsara']
['Null Dark', 'Counter', 'Samsara', 'Patra', 'Recarm']
['Ice Boost', 'Counter', 'Samsara', 'Auto-Rakukaja', 'Growth 3']
['Patra', 'Auto-Rakukaja', 'Tarukaja', 'Growth 3', 'Null Dark']
['Auto-Rakukaja', 'Ice Boost', 'Samsara', 'Null Fear', 'Diarahan']
['Samsara', 'Growth 3', 'Tarukaja', 'Null Fear', 'Ice Boost']
['Counter', 'Patra', 'Tarukaja', 'Samsara', 'Ice Boost']
['Ice Boost', 'Null Fear', 'Samsara', 'Null Dark', 'Growth 3']
['Sukukaja', 'Ice Boost', 'Counter', 'Growth 3', 'Auto-Rakukaja']
['Tarukaja', 'Patra', 'Samsara', 'Counter', 'Diarahan']
['Null Fear', 'Salvation', 'Growth 3', 'Auto-Rakukaja', 'Diarahan']
['Samsara', 'Patra', 'Ice Boost', 'Growth 3', 'Null Fear']
['Mabufu', 'Counter', 'Tarukaja', 'Ice Boost', 'Null Fear']
['Mind Charge', 'Samsara', 'Growth 3', 'Ice Boost', 'Counter']
['Ziodyne', 'Counter', 'Auto-Rakukaja', 'Ice Boost', 'Null Dark']
['Samsara', 'Null Fear', 'Dekaja', 'Ice Boost', 'Salvation']
['Samsara', 'Ice Boost', 'Dekaja', 'Auto-Rakukaja', 'Recarm']
['Samsara', 'Auto-Rakukaja', 'Ice Boost', 'Growth 3', 'Patra']
['Tarukaja', 'Samsara', 'Counter', 'Mabufu', 'Growth 3']
['Diarahan', 'Patra', 'Tarukaja', 'Null Fear', 'Counter']
['Ice Boost', 'Growth 3', 'Counter', 'Tarukaja', 'Patra']
['Samsara', 'Counter', 'Patra', 'Null Dark', 'Growth 3']
['Null Dark', 'Growth 3', 'Counter', 'Patra', 'Auto-Rakukaja']
['Null Fear', 'Ice Boost', 'Growth 3', 'Auto-Rakukaja', 'Recarm']
['Counter', 'Tarukaja', 'Ziodyne', 'Ice Boost', 'Growth 3']
['Samsara', 'Patra', 'Auto-Rakukaja', 'Mabufu', 'Mind Charge']
['Ice Boost', 'Tarukaja', 'Sukukaja', 'Auto-Rakukaja', 'Patra']
['Megido', 'Samsara', 'Counter', 'Ice Boost', 'Recarm']
['Growth 3', 'Diarahan', 'Ice Boost', 'Null Fear', 'Auto-Rakukaja']
['Ice Boost', 'Samsara', 'Counter', 'Growth 3', 'Patra']
['Diarahan', 'Auto-Rakukaja', 'Ice Boost', 'Samsara', 'Patra']
['Auto-Rakukaja', 'Ice Boost', 'Growth 3', 'Samsara', 'Mabufu']
['Samsara', 'Null Fear', 'Auto-Rakukaja', 'Patra', 'Counter']
['Counter', 'Growth 3', 'Ice Boost', 'Null Fear', 'Samsara']
['Null Dark', 'Auto-Rakukaja', 'Samsara', 'Ice Boost', 'Counter']
['Samsara', 'Growth 3', 'Patra', 'Counter', 'Ice Boost']
['Counter', 'Auto-Rakukaja', 'Growth 3', 'Ziodyne', 'Patra']
['Samsara', 'Auto-Rakukaja', 'Null Dark', 'Ice Boost', 'Dekaja']
['Mind Charge', 'Auto-Rakukaja', 'Samsara', 'Counter', 'Ice Boost']
['Counter', 'Null Dark', 'Ice Boost', 'Tarukaja', 'Null Fear']
['Null Fear', 'Null Dark', 'Samsara', 'Ice Boost', 'Counter']
['Counter', 'Auto-Rakukaja', 'Ziodyne', 'Null Fear', 'Null Dark']
['Samsara', 'Growth 3', 'Auto-Rakukaja', 'Ice Boost', 'Sukukaja']
['Ice Boost', 'Auto-Rakukaja', 'Null Fear', 'Growth 3', 'Samsara']
['Patra', 'Ice Boost', 'Null Dark', 'Samsara', 'Auto-Rakukaja']
['Mabufu', 'Null Dark', 'Growth 3', 'Counter', 'Null Fear']
['Ice Boost', 'Patra', 'Tarukaja', 'Auto-Rakukaja', 'Megido']
['Null Dark', 'Samsara', 'Recarm', 'Ice Boost', 'Counter']
['Ice Boost', 'Counter', 'Sukukaja', 'Auto-Rakukaja', 'Mabufu']
['Ice Boost', 'Samsara', 'Null Fear', 'Auto-Rakukaja', 'Growth 3']
['Null Dark', 'Ice Boost', 'Counter', 'Samsara', 'Auto-Rakukaja']
['Ice Boost', 'Auto-Rakukaja', 'Mabufu', 'Samsara', 'Null Dark']
['Sukukaja', 'Ziodyne', 'Ice Boost', 'Samsara', 'Counter']
['Samsara', 'Null Dark', 'Ice Boost', 'Counter', 'Null Fear']
['Auto-Rakukaja', 'Dekaja', 'Null Fear', 'Counter', 'Sukukaja']
['Ice Boost', 'Auto-Rakukaja', 'Sukukaja', 'Tarukaja', 'Megido']
['Counter', 'Null Dark', 'Auto-Rakukaja', 'Patra', 'Samsara']
['Growth 3', 'Mabufu', 'Samsara', 'Counter', 'Auto-Rakukaja']
['Sukukaja', 'Samsara', 'Mabufu', 'Null Dark', 'Counter']
['Patra', 'Null Dark', 'Ziodyne', 'Growth 3', 'Counter']
['Sukukaja', 'Samsara', 'Null Fear', 'Mabufu', 'Counter']
['Samsara', 'Tarukaja', 'Auto-Rakukaja', 'Counter', 'Sukukaja']
['Diarahan', 'Ice Boost', 'Samsara', 'Auto-Rakukaja', 'Counter']
['Patra', 'Ice Boost', 'Null Dark', 'Null Fear', 'Megido']
['Ziodyne', 'Samsara', 'Ice Boost', 'Auto-Rakukaja', 'Mabufu']
['Counter', 'Ice Boost', 'Patra', 'Samsara', 'Sukukaja']
['Mabufu', 'Growth 3', 'Dekaja', 'Null Dark', 'Ice Boost']
['Patra', 'Ice Boost', 'Ziodyne', 'Null Fear', 'Dekaja']
['Patra', 'Samsara', 'Ziodyne', 'Growth 3', 'Ice Boost']
['Growth 3', 'Null Dark', 'Diarahan', 'Patra', 'Ice Boost']
['Tarukaja', 'Patra', 'Mabufu', 'Ice Boost', 'Sukukaja']
['Patra', 'Growth 3', 'Counter', 'Ice Boost', 'Samsara']
['Counter', 'Samsara', 'Ice Boost', 'Mind Charge', 'Ziodyne']
['Counter', 'Dekaja', 'Null Fear', 'Growth 3', 'Ice Boost']
['Auto-Rakukaja', 'Counter', 'Growth 3', 'Ice Boost', 'Tarukaja']
['Tarukaja', 'Samsara', 'Sukukaja', 'Ice Boost', 'Recarm']
['Growth 3', 'Auto-Rakukaja', 'Ice Boost', 'Samsara', 'Null Fear']
['Samsara', 'Ice Boost', 'Mabufu', 'Patra', 'Null Dark']
['Growth 3', 'Samsara', 'Sukukaja', 'Ice Boost', 'Mabufu']
['Samsara', 'Counter', 'Patra', 'Ice Boost', 'Sukukaja']
['Patra', 'Null Dark', 'Ice Boost', 'Sukukaja', 'Counter']
['Samsara', 'Patra', 'Dekaja', 'Counter', 'Ice Boost']
['Counter', 'Ice Boost', 'Samsara', 'Null Dark', 'Null Fear']
['Recarm', 'Ice Boost', 'Null Dark', 'Auto-Rakukaja', 'Counter']
['Recarm', 'Patra', 'Counter', 'Growth 3', 'Samsara']
['Auto-Rakukaja', 'Ice Boost', 'Patra', 'Samsara', 'Mabufu']
['Ice Boost', 'Tarukaja', 'Counter', 'Growth 3', 'Dekaja']
['Counter', 'Recarm', 'Auto-Rakukaja', 'Ice Boost', 'Null Dark']
['Counter', 'Patra', 'Samsara', 'Growth 3', 'Null Dark']
['Ice Boost', 'Null Dark', 'Samsara', 'Null Fear', 'Auto-Rakukaja']
['Null Fear', 'Mabufu', 'Ice Boost', 'Patra', 'Null Dark']
['Samsara', 'Null Dark', 'Auto-Rakukaja', 'Patra', 'Growth 3']
['Sukukaja', 'Ice Boost', 'Counter', 'Auto-Rakukaja', 'Mabufu']
['Growth 3', 'Ice Boost', 'Samsara', 'Recarm', 'Sukukaja']
['Growth 3', 'Samsara', 'Ice Boost', 'Patra', 'Auto-Rakukaja']
['Auto-Rakukaja', 'Patra', 'Ice Boost', 'Null Fear', 'Mind Charge']
['Mabufu', 'Auto-Rakukaja', 'Null Fear', 'Ice Boost', 'Counter']
['Counter', 'Ziodyne', 'Auto-Rakukaja', 'Patra', 'Sukukaja']
['Ice Boost', 'Auto-Rakukaja', 'Samsara', 'Salvation', 'Sukukaja']
['Counter', 'Growth 3', 'Ice Boost', 'Samsara', 'Tarukaja']
['Growth 3', 'Ice Boost', 'Null Fear', 'Null Dark', 'Auto-Rakukaja']
['Counter', 'Recarm', 'Null Dark', 'Samsara', 'Diarahan']
['Null Dark', 'Ice Boost', 'Samsara', 'Patra', 'Counter']
['Ice Boost', 'Null Dark', 'Counter', 'Patra', 'Sukukaja']
['Mabufu', 'Growth 3', 'Null Dark', 'Sukukaja', 'Patra']
['Mabufu', 'Salvation', 'Auto-Rakukaja', 'Null Dark', 'Samsara']
['Mabufu', 'Ice Boost', 'Dekaja', 'Samsara', 'Sukukaja']
['Null Fear', 'Growth 3', 'Dekaja', 'Auto-Rakukaja', 'Ziodyne']
['Mabufu', 'Ice Boost', 'Samsara', 'Growth 3', 'Tarukaja']
['Patra', 'Samsara', 'Ziodyne', 'Counter', 'Salvation']
['Samsara', 'Ice Boost', 'Sukukaja', 'Null Fear', 'Auto-Rakukaja']
['Null Dark', 'Ice Boost', 'Patra', 'Samsara', 'Ziodyne']
['Counter', 'Mabufu', 'Null Fear', 'Sukukaja', 'Salvation']
['Counter', 'Ice Boost', 'Samsara', 'Sukukaja', 'Null Fear']
['Auto-Rakukaja', 'Ice Boost', 'Patra', 'Megido', 'Null Dark']
['Ice Boost', 'Counter', 'Sukukaja', 'Auto-Rakukaja', 'Samsara']
['Samsara', 'Dekaja', 'Auto-Rakukaja', 'Ice Boost', 'Counter']
['Counter', 'Null Fear', 'Patra', 'Samsara', 'Ice Boost']
['Samsara', 'Mabufu', 'Growth 3', 'Sukukaja', 'Counter']
['Patra', 'Auto-Rakukaja', 'Ice Boost', 'Growth 3', 'Mabufu']
['Counter', 'Ice Boost', 'Samsara', 'Null Fear', 'Patra']
['Growth 3', 'Null Fear', 'Mabufu', 'Auto-Rakukaja', 'Tarukaja']
['Ice Boost', 'Sukukaja', 'Mind Charge', 'Recarm', 'Samsara']
['Null Fear', 'Samsara', 'Growth 3', 'Counter', 'Null Dark']
['Counter', 'Patra', 'Null Dark', 'Samsara', 'Ice Boost']
['Samsara', 'Mind Charge', 'Null Dark', 'Diarahan', 'Recarm']
['Ice Boost', 'Recarm', 'Patra', 'Mabufu', 'Auto-Rakukaja']
['Growth 3', 'Ice Boost', 'Samsara', 'Salvation', 'Patra']
['Ice Boost', 'Null Fear', 'Patra', 'Growth 3', 'Auto-Rakukaja']
['Null Fear', 'Samsara', 'Auto-Rakukaja', 'Ice Boost', 'Patra']
['Auto-Rakukaja', 'Ziodyne', 'Ice Boost', 'Null Fear', 'Tarukaja']
['Ice Boost', 'Growth 3', 'Patra', 'Null Dark', 'Null Fear']
['Auto-Rakukaja', 'Null Fear', 'Counter', 'Megido', 'Ice Boost']
['Null Fear', 'Ice Boost', 'Samsara', 'Patra', 'Counter']
['Patra', 'Growth 3', 'Samsara', 'Null Fear', 'Ice Boost']
['Counter', 'Ice Boost', 'Null Fear', 'Salvation', 'Growth 3']
['Null Fear', 'Tarukaja', 'Ice Boost', 'Counter', 'Samsara']
['Null Fear', 'Null Dark', 'Ice Boost', 'Counter', 'Tarukaja']
['Mabufu', 'Null Fear', 'Growth 3', 'Ice Boost', 'Null Dark']
['Null Dark', 'Tarukaja', 'Ice Boost', 'Samsara', 'Counter']
['Ice Boost', 'Diarahan', 'Recarm', 'Growth 3', 'Counter']
['Ice Boost', 'Auto-Rakukaja', 'Growth 3', 'Megido', 'Patra']
['Samsara', 'Counter', 'Ice Boost', 'Auto-Rakukaja', 'Recarm']
['Counter', 'Patra', 'Auto-Rakukaja', 'Samsara', 'Null Dark']
['Mabufu', 'Null Dark', 'Salvation', 'Null Fear', 'Samsara']
['Null Fear', 'Ice Boost', 'Samsara', 'Recarm', 'Growth 3']
['Null Fear', 'Auto-Rakukaja', 'Patra', 'Null Dark', 'Samsara']
['Auto-Rakukaja', 'Growth 3', 'Null Fear', 'Null Dark', 'Counter']
['Patra', 'Mabufu', 'Null Fear', 'Samsara', 'Ice Boost']
['Counter', 'Ice Boost', 'Null Fear', 'Auto-Rakukaja', 'Samsara']
['Null Fear', 'Null Dark', 'Auto-Rakukaja', 'Growth 3', 'Sukukaja']
['Ice Boost', 'Auto-Rakukaja', 'Null Fear', 'Mind Charge', 'Counter']
['Auto-Rakukaja', 'Counter', 'Null Dark', 'Samsara', 'Sukukaja']
['Null Dark', 'Patra', 'Growth 3', 'Auto-Rakukaja', 'Counter']
['Null Fear', 'Auto-Rakukaja', 'Growth 3', 'Samsara', 'Ice Boost']
['Samsara', 'Patra', 'Counter', 'Auto-Rakukaja', 'Ice Boost']
['Recarm', 'Tarukaja', 'Ice Boost', 'Auto-Rakukaja', 'Diarahan']
['Ice Boost', 'Null Dark', 'Auto-Rakukaja', 'Samsara', 'Sukukaja']
['Null Dark', 'Mind Charge', 'Samsara', 'Counter', 'Mabufu']
['Ice Boost', 'Null Dark', 'Null Fear', 'Patra', 'Recarm']
['Auto-Rakukaja', 'Ice Boost', 'Recarm', 'Patra', 'Null Fear']
['Null Dark', 'Growth 3', 'Ziodyne', 'Ice Boost', 'Patra']
['Growth 3', 'Null Fear', 'Megido', 'Recarm', 'Counter']
['Ice Boost', 'Samsara', 'Counter', 'Tarukaja', 'Null Dark']
['Auto-Rakukaja', 'Tarukaja', 'Null Fear', 'Growth 3', 'Ice Boost']
['Diarahan', 'Salvation', 'Counter', 'Auto-Rakukaja', 'Ice Boost']
['Ice Boost', 'Growth 3', 'Mabufu', 'Auto-Rakukaja', 'Null Fear']
['Auto-Rakukaja', 'Patra', 'Ice Boost', 'Sukukaja', 'Samsara']
['Null Fear', 'Ice Boost', 'Ziodyne', 'Auto-Rakukaja', 'Samsara']
['Null Fear', 'Patra', 'Counter', 'Samsara', 'Mind Charge']
['Auto-Rakukaja', 'Ice Boost', 'Counter', 'Null Dark', 'Samsara']
['Growth 3', 'Ziodyne', 'Null Fear', 'Auto-Rakukaja', 'Null Dark']
['Samsara', 'Counter', 'Tarukaja', 'Ice Boost', 'Auto-Rakukaja']
['Growth 3', 'Counter', 'Patra', 'Diarahan', 'Ice Boost']
['Null Dark', 'Samsara', 'Ice Boost', 'Dekaja', 'Growth 3']
['Patra', 'Ice Boost', 'Null Dark', 'Counter', 'Growth 3']
['Sukukaja', 'Samsara', 'Patra', 'Mabufu', 'Ice Boost']
['Ice Boost', 'Null Dark', 'Samsara', 'Mabufu', 'Counter']
['Null Dark', 'Null Fear', 'Samsara', 'Auto-Rakukaja', 'Ice Boost']
['Patra', 'Samsara', 'Null Fear', 'Ziodyne', 'Auto-Rakukaja']
['Counter', 'Diarahan', 'Samsara', 'Auto-Rakukaja', 'Dekaja']
['Samsara', 'Ice Boost', 'Counter', 'Growth 3', 'Mind Charge']
['Auto-Rakukaja', 'Counter', 'Samsara', 'Ice Boost', 'Ziodyne']
['Ice Boost', 'Patra', 'Counter', 'Samsara', 'Ziodyne']
['Growth 3', 'Tarukaja', 'Auto-Rakukaja', 'Mabufu', 'Ice Boost']
['Counter', 'Growth 3', 'Mind Charge', 'Ziodyne', 'Ice Boost']
['Auto-Rakukaja', 'Growth 3', 'Patra', 'Sukukaja', 'Tarukaja']
['Growth 3', 'Auto-Rakukaja', 'Samsara', 'Tarukaja', 'Recarm']
['Diarahan', 'Recarm', 'Samsara', 'Patra', 'Ice Boost']
['Null Fear', 'Sukukaja', 'Counter', 'Auto-Rakukaja', 'Megido']
['Samsara', 'Counter', 'Ice Boost', 'Null Fear', 'Auto-Rakukaja']
['Samsara', 'Growth 3', 'Mabufu', 'Tarukaja', 'Ice Boost']
['Ice Boost', 'Sukukaja', 'Samsara', 'Growth 3', 'Mabufu']
['Ice Boost', 'Growth 3', 'Patra', 'Samsara', 'Counter']
['Null Dark', 'Recarm', 'Samsara', 'Mabufu', 'Ice Boost']
['Tarukaja', 'Auto-Rakukaja', 'Growth 3', 'Samsara', 'Null Dark']
['Growth 3', 'Counter', 'Tarukaja', 'Patra', 'Ice Boost']
['Samsara', 'Ice Boost', 'Ziodyne', 'Growth 3', 'Patra']
['Samsara', 'Recarm', 'Megido', 'Patra', 'Mabufu']
['Auto-Rakukaja', 'Null Fear', 'Samsara', 'Ice Boost', 'Counter']
['Mabufu', 'Patra', 'Null Fear', 'Auto-Rakukaja', 'Samsara']
['Counter', 'Patra', 'Samsara', 'Ice Boost', 'Growth 3']
['Ice Boost', 'Auto-Rakukaja', 'Null Fear', 'Counter', 'Sukukaja']
['Samsara', 'Auto-Rakukaja', 'Counter', 'Ice Boost', 'Growth 3']
['Null Fear', 'Samsara', 'Ice Boost', 'Auto-Rakukaja', 'Null Dark']
['Patra', 'Null Dark', 'Ice Boost', 'Null Fear', 'Counter']
['Tarukaja', 'Null Dark', 'Dekaja', 'Samsara', 'Auto-Rakukaja']
['Ice Boost', 'Auto-Rakukaja', 'Null Fear', 'Dekaja', 'Samsara']
['Ice Boost', 'Counter', 'Auto-Rakukaja', 'Recarm', 'Sukukaja']
['Null Fear', 'Growth 3', 'Null Dark', 'Ice Boost', 'Auto-Rakukaja']
['Tarukaja', 'Ice Boost', 'Null Fear', 'Growth 3', 'Samsara']
['Counter', 'Tarukaja', 'Samsara', 'Auto-Rakukaja', 'Ice Boost']
['Growth 3', 'Patra', 'Null Fear', 'Counter', 'Mind Charge']
['Samsara', 'Null Dark', 'Mind Charge', 'Mabufu', 'Counter']
['Auto-Rakukaja', 'Sukukaja', 'Null Fear', 'Samsara', 'Ziodyne']
['Growth 3', 'Ziodyne', 'Dekaja', 'Megido', 'Tarukaja']
['Auto-Rakukaja', 'Ice Boost', 'Counter', 'Samsara', 'Recarm']
['Ziodyne', 'Growth 3', 'Ice Boost', 'Samsara', 'Null Fear']
['Samsara', 'Recarm', 'Auto-Rakukaja', 'Megido', 'Ice Boost']
['Ice Boost', 'Samsara', 'Patra', 'Sukukaja', 'Ziodyne']
['Mabufu', 'Counter', 'Patra', 'Samsara', 'Null Fear']
['Sukukaja', 'Growth 3', 'Samsara', 'Null Dark', 'Ice Boost']
['Samsara', 'Ziodyne', 'Mabufu', 'Growth 3', 'Counter']
['Null Fear', 'Patra', 'Sukukaja', 'Auto-Rakukaja', 'Counter']
['Samsara', 'Auto-Rakukaja', 'Ziodyne', 'Mabufu', 'Tarukaja']
['Null Fear', 'Ice Boost', 'Null Dark', 'Auto-Rakukaja', 'Growth 3']
['Megido', 'Null Fear', 'Samsara', 'Null Dark', 'Tarukaja']
['Samsara', 'Ice Boost', 'Growth 3', 'Counter', 'Null Dark']
['Ice Boost', 'Samsara', 'Auto-Rakukaja', 'Patra', 'Counter']
['Counter', 'Recarm', 'Diarahan', 'Patra', 'Ice Boost']
['Ice Boost', 'Auto-Rakukaja', 'Tarukaja', 'Null Fear', 'Growth 3']
['Samsara', 'Auto-Rakukaja', 'Patra', 'Null Fear', 'Recarm']
['Null Dark', 'Tarukaja', 'Growth 3', 'Ice Boost', 'Counter']
['Null Fear', 'Growth 3', 'Auto-Rakukaja', 'Ice Boost', 'Mabufu']
['Null Fear', 'Samsara', 'Counter', 'Mind Charge', 'Sukukaja']
['Null Dark', 'Samsara', 'Auto-Rakukaja', 'Mabufu', 'Sukukaja']
['Counter', 'Growth 3', 'Mind Charge', 'Null Fear', 'Null Dark']
['Null Dark', 'Growth 3', 'Ice Boost', 'Patra', 'Counter']
['Ice Boost', 'Null Fear', 'Samsara', 'Sukukaja', 'Patra']
['Samsara', 'Counter', 'Growth 3', 'Ice Boost', 'Null Fear']
['Samsara', 'Growth 3', 'Patra', 'Diarahan', 'Auto-Rakukaja']
['Ice Boost', 'Samsara', 'Growth 3', 'Null Dark', 'Auto-Rakukaja']
['Samsara', 'Tarukaja', 'Null Dark', 'Patra', 'Counter']
['Growth 3', 'Samsara', 'Tarukaja', 'Auto-Rakukaja', 'Patra']
['Tarukaja', 'Salvation', 'Samsara', 'Auto-Rakukaja', 'Null Dark']
['Diarahan', 'Auto-Rakukaja', 'Counter', 'Mabufu', 'Megido']
['Null Fear', 'Auto-Rakukaja', 'Recarm', 'Salvation', 'Counter']
['Sukukaja', 'Auto-Rakukaja', 'Counter', 'Mabufu', 'Ice Boost']
['Null Fear', 'Samsara', 'Ice Boost', 'Patra', 'Sukukaja']
['Counter', 'Samsara', 'Auto-Rakukaja', 'Sukukaja', 'Patra']
['Samsara', 'Ice Boost', 'Patra', 'Null Fear', 'Dekaja']
['Counter', 'Samsara', 'Ice Boost', 'Null Dark', 'Dekaja']
['Samsara', 'Ice Boost', 'Auto-Rakukaja', 'Tarukaja', 'Null Dark']
['Auto-Rakukaja', 'Megido', 'Growth 3', 'Samsara', 'Null Dark']
['Mabufu', 'Patra', 'Ice Boost', 'Growth 3', 'Samsara']
['Auto-Rakukaja', 'Counter', 'Ice Boost', 'Growth 3', 'Null Fear']
['Ice Boost', 'Samsara', 'Null Dark', 'Auto-Rakukaja', 'Growth 3']
['Auto-Rakukaja', 'Samsara', 'Patra', 'Counter', 'Ice Boost']
['Sukukaja', 'Samsara', 'Growth 3', 'Ice Boost', 'Null Dark']
['Samsara', 'Auto-Rakukaja', 'Counter', 'Ice Boost', 'Tarukaja']
['Samsara', 'Null Fear', 'Counter', 'Ice Boost', 'Sukukaja']
['Samsara', 'Ice Boost', 'Counter', 'Auto-Rakukaja', 'Mabufu']
['Patra', 'Samsara', 'Null Dark', 'Counter', 'Ice Boost']
['Ice Boost', 'Null Dark', 'Auto-Rakukaja', 'Sukukaja', 'Samsara']
['Ice Boost', 'Patra', 'Growth 3', 'Counter', 'Mabufu']
['Counter', 'Patra', 'Null Fear', 'Growth 3', 'Tarukaja']
['Counter', 'Ice Boost', 'Mabufu', 'Samsara', 'Patra']
['Auto-Rakukaja', 'Samsara', 'Ice Boost', 'Sukukaja', 'Null Dark']
['Samsara', 'Ice Boost', 'Null Fear', 'Sukukaja', 'Auto-Rakukaja']
['Patra', 'Auto-Rakukaja', 'Growth 3', 'Samsara', 'Counter']
['Patra', 'Tarukaja', 'Sukukaja', 'Growth 3', 'Null Dark']
['Patra', 'Counter', 'Auto-Rakukaja', 'Tarukaja', 'Ice Boost']
['Patra', 'Auto-Rakukaja', 'Sukukaja', 'Mind Charge', 'Ice Boost']
['Ice Boost', 'Null Dark', 'Counter', 'Samsara', 'Growth 3']
['Tarukaja', 'Samsara', 'Diarahan', 'Mabufu', 'Null Dark']
['Patra', 'Samsara', 'Auto-Rakukaja', 'Ice Boost', 'Counter']
['Auto-Rakukaja', 'Ice Boost', 'Dekaja', 'Samsara', 'Null Fear']
['Samsara', 'Dekaja', 'Mabufu', 'Null Fear', 'Ice Boost']
['Sukukaja', 'Growth 3', 'Recarm', 'Tarukaja', 'Samsara']
['Growth 3', 'Null Dark', 'Ice Boost', 'Patra', 'Samsara']
['Samsara', 'Null Dark', 'Null Fear', 'Ice Boost', 'Auto-Rakukaja']
['Null Fear', 'Auto-Rakukaja', 'Megido', 'Ice Boost', 'Growth 3']
['Null Fear', 'Mind Charge', 'Ice Boost', 'Patra', 'Auto-Rakukaja']
['Ice Boost', 'Samsara', 'Null Dark', 'Dekaja', 'Tarukaja']
['Diarahan', 'Sukukaja', 'Samsara', 'Counter', 'Null Fear']
['Ice Boost', 'Auto-Rakukaja', 'Counter', 'Null Dark', 'Null Fear']
['Auto-Rakukaja', 'Growth 3', 'Sukukaja', 'Dekaja', 'Ice Boost']
['Ice Boost', 'Ziodyne', 'Mabufu', 'Null Dark', 'Samsara']
['Null Fear', 'Counter', 'Samsara', 'Recarm', 'Ice Boost']
['Ice Boost', 'Null Dark', 'Counter', 'Mind Charge', 'Sukukaja']
['Ice Boost', 'Auto-Rakukaja', 'Growth 3', 'Patra', 'Mind Charge']
['Null Dark', 'Counter', 'Sukukaja', 'Ice Boost', 'Null Fear']
['Ice Boost', 'Mabufu', 'Null Fear', 'Auto-Rakukaja', 'Null Dark']
['Samsara', 'Tarukaja', 'Null Fear', 'Ice Boost', 'Auto-Rakukaja']
['Ice Boost', 'Auto-Rakukaja', 'Null Fear', 'Growth 3', 'Counter']
['Ice Boost', 'Tarukaja', 'Dekaja', 'Patra', 'Auto-Rakukaja']
['Null Dark', 'Samsara', 'Counter', 'Ice Boost', 'Recarm']
['Ice Boost', 'Sukukaja', 'Samsara', 'Mabufu', 'Growth 3']
['Ice Boost', 'Growth 3', 'Mabufu', 'Samsara', 'Null Dark']
['Samsara', 'Sukukaja', 'Null Dark', 'Auto-Rakukaja', 'Salvation']
['Samsara', 'Ice Boost', 'Counter', 'Growth 3', 'Auto-Rakukaja']
['Samsara', 'Counter', 'Ice Boost', 'Patra', 'Tarukaja']
['Samsara', 'Ice Boost', 'Ziodyne', 'Auto-Rakukaja', 'Growth 3']
['Patra', 'Growth 3', 'Auto-Rakukaja', 'Samsara', 'Null Fear']
['Ice Boost', 'Mabufu', 'Mind Charge', 'Samsara', 'Null Dark']
['Null Dark', 'Sukukaja', 'Mind Charge', 'Ice Boost', 'Growth 3']
['Auto-Rakukaja', 'Null Fear', 'Growth 3', 'Ice Boost', 'Recarm']
['Ice Boost', 'Samsara', 'Patra', 'Mabufu', 'Auto-Rakukaja']
['Auto-Rakukaja', 'Megido', 'Counter', 'Ice Boost', 'Dekaja']
['Counter', 'Ice Boost', 'Ziodyne', 'Samsara', 'Patra']
['Growth 3', 'Samsara', 'Ice Boost', 'Counter', 'Patra']
['Growth 3', 'Auto-Rakukaja', 'Ice Boost', 'Null Fear', 'Counter']
['Samsara', 'Ice Boost', 'Tarukaja', 'Null Dark', 'Null Fear']
['Patra', 'Ice Boost', 'Null Fear', 'Auto-Rakukaja', 'Null Dark']
['Mabufu', 'Counter', 'Ice Boost', 'Patra', 'Recarm']
['Ice Boost', 'Counter', 'Dekaja', 'Auto-Rakukaja', 'Null Fear']
['Growth 3', 'Sukukaja', 'Ice Boost', 'Patra', 'Samsara']
['Ice Boost', 'Tarukaja', 'Mind Charge', 'Counter', 'Null Dark']
['Null Fear', 'Auto-Rakukaja', 'Samsara', 'Growth 3', 'Megido']
['Null Dark', 'Ice Boost', 'Counter', 'Samsara', 'Mind Charge']
['Counter', 'Samsara', 'Null Fear', 'Ice Boost', 'Auto-Rakukaja']
['Ziodyne', 'Samsara', 'Counter', 'Tarukaja', 'Ice Boost']
['Tarukaja', 'Auto-Rakukaja', 'Growth 3', 'Null Fear', 'Mabufu']
['Null Dark', 'Ice Boost', 'Counter', 'Auto-Rakukaja', 'Dekaja']
['Auto-Rakukaja', 'Growth 3', 'Counter', 'Tarukaja', 'Null Fear']
['Null Dark', 'Ice Boost', 'Patra', 'Auto-Rakukaja', 'Null Fear']
['Counter', 'Ice Boost', 'Patra', 'Samsara', 'Auto-Rakukaja']
['Sukukaja', 'Counter', 'Patra', 'Growth 3', 'Ice Boost']
['Tarukaja', 'Auto-Rakukaja', 'Ice Boost', 'Growth 3', 'Null Dark']
['Ice Boost', 'Counter', 'Patra', 'Null Fear', 'Null Dark']
['Null Fear', 'Auto-Rakukaja', 'Samsara', 'Ice Boost', 'Null Dark']
['Null Dark', 'Null Fear', 'Patra', 'Mabufu', 'Sukukaja']
['Salvation', 'Megido', 'Patra', 'Ice Boost', 'Growth 3']
['Samsara', 'Tarukaja', 'Auto-Rakukaja', 'Mabufu', 'Ice Boost']
['Ice Boost', 'Tarukaja', 'Auto-Rakukaja', 'Null Fear', 'Null Dark']
['Ice Boost', 'Mabufu', 'Auto-Rakukaja', 'Diarahan', 'Null Fear']
['Recarm', 'Samsara', 'Mabufu', 'Ice Boost', 'Auto-Rakukaja']
['Ice Boost', 'Samsara', 'Growth 3', 'Tarukaja', 'Mind Charge']
['Null Dark', 'Auto-Rakukaja', 'Growth 3', 'Counter', 'Mabufu']
['Ice Boost', 'Mabufu', 'Sukukaja', 'Null Dark', 'Growth 3']
['Auto-Rakukaja', 'Mabufu', 'Counter', 'Diarahan', 'Ice Boost']
['Growth 3', 'Tarukaja', 'Counter', 'Samsara', 'Mabufu']
['Counter', 'Null Dark', 'Null Fear', 'Samsara', 'Auto-Rakukaja']
['Samsara', 'Auto-Rakukaja', 'Growth 3', 'Tarukaja', 'Ice Boost']
['Counter', 'Auto-Rakukaja', 'Ice Boost', 'Null Fear', 'Growth 3']
['Ice Boost', 'Samsara', 'Counter', 'Megido', 'Growth 3']
['Megido', 'Null Dark', 'Null Fear', 'Counter', 'Auto-Rakukaja']
['Auto-Rakukaja', 'Growth 3', 'Null Dark', 'Ice Boost', 'Counter']
['Samsara', 'Null Fear', 'Growth 3', 'Counter', 'Auto-Rakukaja']
['Tarukaja', 'Null Fear', 'Counter', 'Samsara', 'Growth 3']
['Auto-Rakukaja', 'Ice Boost', 'Null Fear', 'Growth 3', 'Recarm']
['Ziodyne', 'Tarukaja', 'Null Dark', 'Counter', 'Diarahan']
['Null Dark', 'Null Fear', 'Counter', 'Patra', 'Mabufu']
['Auto-Rakukaja', 'Null Fear', 'Ice Boost', 'Counter', 'Samsara']
['Auto-Rakukaja', 'Counter', 'Null Dark', 'Ziodyne', 'Growth 3']
['Diarahan', 'Counter', 'Patra', 'Samsara', 'Sukukaja']
['Null Fear', 'Mabufu', 'Auto-Rakukaja', 'Counter', 'Null Dark']
['Ice Boost', 'Megido', 'Counter', 'Mabufu', 'Auto-Rakukaja']
['Mind Charge', 'Ice Boost', 'Auto-Rakukaja', 'Samsara', 'Counter']
['Ziodyne', 'Counter', 'Samsara', 'Ice Boost', 'Auto-Rakukaja']
['Sukukaja', 'Counter', 'Tarukaja', 'Ice Boost', 'Salvation']
['Mabufu', 'Growth 3', 'Auto-Rakukaja', 'Null Fear', 'Patra']
['Ice Boost', 'Samsara', 'Counter', 'Null Dark', 'Mabufu']
['Mabufu', 'Samsara', 'Diarahan', 'Null Dark', 'Growth 3']
['Patra', 'Samsara', 'Counter', 'Ice Boost', 'Null Dark']
['Null Dark', 'Samsara', 'Ice Boost', 'Sukukaja', 'Growth 3']
['Diarahan', 'Growth 3', 'Auto-Rakukaja', 'Mind Charge', 'Sukukaja']
['Counter', 'Auto-Rakukaja', 'Samsara', 'Ice Boost', 'Null Fear']
['Tarukaja', 'Patra', 'Counter', 'Null Fear', 'Samsara']
['Auto-Rakukaja', 'Samsara', 'Ice Boost', 'Growth 3', 'Diarahan']
['Samsara', 'Null Dark', 'Auto-Rakukaja', 'Ice Boost', 'Patra']
['Null Dark', 'Patra', 'Growth 3', 'Ziodyne', 'Ice Boost']
['Ice Boost', 'Auto-Rakukaja', 'Samsara', 'Growth 3', 'Mabufu']
['Recarm', 'Samsara', 'Sukukaja', 'Tarukaja', 'Megido']
['Growth 3', 'Auto-Rakukaja', 'Ice Boost', 'Null Dark', 'Samsara']
['Ice Boost', 'Mabufu', 'Sukukaja', 'Patra', 'Counter']
['Null Fear', 'Ice Boost', 'Samsara', 'Counter', 'Growth 3']
['Ziodyne', 'Growth 3', 'Null Dark', 'Sukukaja', 'Patra']
['Counter', 'Null Fear', 'Samsara', 'Null Dark', 'Ice Boost']
['Megido', 'Growth 3', 'Mabufu', 'Patra', 'Samsara']
['Null Fear', 'Patra', 'Auto-Rakukaja', 'Ice Boost', 'Diarahan']
['Null Fear', 'Ice Boost', 'Auto-Rakukaja', 'Samsara', 'Counter']
['Tarukaja', 'Samsara', 'Ice Boost', 'Growth 3', 'Null Dark']
['Auto-Rakukaja', 'Sukukaja', 'Ice Boost', 'Patra', 'Samsara']
['Mabufu', 'Growth 3', 'Patra', 'Samsara', 'Counter']
['Patra', 'Samsara', 'Null Fear', 'Tarukaja', 'Ziodyne']
['Auto-Rakukaja', 'Growth 3', 'Ice Boost', 'Samsara', 'Counter']
['Patra', 'Counter', 'Samsara', 'Auto-Rakukaja', 'Ice Boost']
['Counter', 'Patra', 'Samsara', 'Null Dark', 'Ice Boost']
['Samsara', 'Patra', 'Auto-Rakukaja', 'Ice Boost', 'Null Dark']
['Null Dark', 'Counter', 'Auto-Rakukaja', 'Ziodyne', 'Ice Boost']
['Counter', 'Null Dark', 'Null Fear', 'Recarm', 'Ice Boost']
['Null Dark', 'Sukukaja', 'Recarm', 'Counter', 'Auto-Rakukaja']
['Growth 3', 'Ice Boost', 'Tarukaja', 'Auto-Rakukaja', 'Null Fear']
['Samsara', 'Ice Boost', 'Null Fear', 'Patra', 'Recarm']
['Mind Charge', 'Growth 3', 'Ice Boost', 'Patra', 'Samsara']
['Null Fear', 'Auto-Rakukaja', 'Sukukaja', 'Samsara', 'Recarm']
['Ice Boost', 'Samsara', 'Mabufu', 'Auto-Rakukaja', 'Growth 3']
['Tarukaja', 'Ice Boost', 'Null Fear', 'Dekaja', 'Growth 3']
['Patra', 'Samsara', 'Ice Boost', 'Ziodyne', 'Counter']
['Counter', 'Tarukaja', 'Salvation', 'Ice Boost', 'Diarahan']
['Ice Boost', 'Megido', 'Null Fear', 'Patra', 'Counter']
['Counter', 'Ice Boost', 'Auto-Rakukaja', 'Samsara', 'Patra']
['Counter', 'Megido', 'Samsara', 'Ice Boost', 'Mabufu']
['Mabufu', 'Growth 3', 'Samsara', 'Counter', 'Null Fear']
['Ice Boost', 'Null Dark', 'Sukukaja', 'Patra', 'Growth 3']
['Ice Boost', 'Null Fear', 'Samsara', 'Diarahan', 'Tarukaja']
['Ice Boost', 'Sukukaja', 'Mabufu', 'Auto-Rakukaja', 'Patra']
['Counter', 'Megido', 'Sukukaja', 'Ice Boost', 'Growth 3']
['Auto-Rakukaja', 'Ice Boost', 'Growth 3', 'Samsara', 'Mabufu']
['Samsara', 'Patra', 'Recarm', 'Null Fear', 'Growth 3']
['Auto-Rakukaja', 'Samsara', 'Dekaja', 'Patra', 'Null Fear']
['Ice Boost', 'Growth 3', 'Null Fear', 'Samsara', 'Sukukaja']
['Samsara', 'Patra', 'Ice Boost', 'Tarukaja', 'Growth 3']
['Auto-Rakukaja', 'Tarukaja', 'Recarm', 'Counter', 'Samsara']
['Samsara', 'Tarukaja', 'Counter', 'Dekaja', 'Ice Boost']
['Ice Boost', 'Recarm', 'Null Fear', 'Counter', 'Auto-Rakukaja']
['Samsara', 'Auto-Rakukaja', 'Ice Boost', 'Growth 3', 'Sukukaja']
['Ice Boost', 'Tarukaja', 'Mabufu', 'Patra', 'Null Fear']
['Null Dark', 'Counter', 'Null Fear', 'Growth 3', 'Samsara']
['Auto-Rakukaja', 'Counter', 'Samsara', 'Growth 3', 'Patra']
['Ice Boost', 'Patra', 'Null Fear', 'Auto-Rakukaja', 'Counter']
['Auto-Rakukaja', 'Null Dark', 'Sukukaja', 'Counter', 'Growth 3']
['Samsara', 'Counter', 'Growth 3', 'Tarukaja', 'Auto-Rakukaja']
['Megido', 'Ice Boost', 'Samsara', 'Salvation', 'Counter']
['Samsara', 'Ziodyne', 'Patra', 'Growth 3', 'Auto-Rakukaja']
['Auto-Rakukaja', 'Null Dark', 'Growth 3', 'Patra', 'Samsara']
['Tarukaja', 'Patra', 'Mabufu', 'Auto-Rakukaja', 'Counter']
['Ice Boost', 'Counter', 'Mabufu', 'Auto-Rakukaja', 'Null Dark']
['Samsara', 'Counter', 'Ice Boost', 'Growth 3', 'Null Fear']
['Samsara', 'Patra', 'Counter', 'Ice Boost', 'Tarukaja']
['Patra', 'Ice Boost', 'Null Dark', 'Auto-Rakukaja', 'Counter']
['Counter', 'Ice Boost', 'Growth 3', 'Patra', 'Samsara']
['Salvation', 'Samsara', 'Counter', 'Null Dark', 'Sukukaja']
['Ice Boost', 'Salvation', 'Auto-Rakukaja', 'Mabufu', 'Counter']
['Tarukaja', 'Null Dark', 'Ice Boost', 'Patra', 'Counter']
['Samsara', 'Ice Boost', 'Growth 3', 'Sukukaja', 'Patra']
['Samsara', 'Growth 3', 'Null Dark', 'Counter', 'Auto-Rakukaja']
['Patra', 'Ziodyne', 'Counter', 'Ice Boost', 'Sukukaja']
['Null Fear', 'Auto-Rakukaja', 'Counter', 'Growth 3', 'Samsara']
['Diarahan', 'Counter', 'Patra', 'Samsara', 'Auto-Rakukaja']
['Null Fear', 'Ice Boost', 'Counter', 'Samsara', 'Tarukaja']
['Samsara', 'Ice Boost', 'Counter', 'Mind Charge', 'Mabufu']
['Counter', 'Sukukaja', 'Samsara', 'Salvation', 'Null Fear']
['Dekaja', 'Auto-Rakukaja', 'Null Fear', 'Null Dark', 'Samsara']
['Mind Charge', 'Auto-Rakukaja', 'Patra', 'Counter', 'Samsara']
['Auto-Rakukaja', 'Recarm', 'Samsara', 'Mabufu', 'Null Dark']
['Null Fear', 'Growth 3', 'Counter', 'Dekaja', 'Megido']
['Counter', 'Ice Boost', 'Growth 3', 'Samsara', 'Sukukaja']
['Counter', 'Tarukaja', 'Samsara', 'Ice Boost', 'Patra']
['Counter', 'Tarukaja', 'Recarm', 'Ice Boost', 'Auto-Rakukaja']
['Ice Boost', 'Patra', 'Diarahan', 'Samsara', 'Counter']
['Patra', 'Sukukaja', 'Null Dark', 'Samsara', 'Counter']
['Dekaja', 'Ice Boost', 'Counter', 'Growth 3', 'Auto-Rakukaja']
['Ice Boost', 'Samsara', 'Auto-Rakukaja', 'Patra', 'Null Fear']
['Null Dark', 'Auto-Rakukaja', 'Ice Boost', 'Sukukaja', 'Diarahan']
['Megido', 'Counter', 'Ice Boost', 'Samsara', 'Growth 3']
['Patra', 'Null Fear', 'Growth 3', 'Auto-Rakukaja', 'Sukukaja']
['Ice Boost', 'Patra', 'Mabufu', 'Growth 3', 'Samsara']
['Null Fear', 'Ice Boost', 'Null Dark', 'Salvation', 'Growth 3']
['Sukukaja', 'Tarukaja', 'Samsara', 'Counter', 'Patra']
['Dekaja', 'Mabufu', 'Patra', 'Growth 3', 'Ziodyne']
['Ice Boost', 'Auto-Rakukaja', 'Counter', 'Samsara', 'Null Fear']
['Patra', 'Tarukaja', 'Null Fear', 'Null Dark', 'Recarm']
['Patra', 'Dekaja', 'Null Fear', 'Auto-Rakukaja', 'Counter']
['Auto-Rakukaja', 'Salvation', 'Ice Boost', 'Samsara', 'Growth 3']
['Growth 3', 'Ice Boost', 'Ziodyne', 'Auto-Rakukaja', 'Null Fear']
['Auto-Rakukaja', 'Ice Boost', 'Tarukaja', 'Samsara', 'Ziodyne']
['Ice Boost', 'Ziodyne', 'Samsara', 'Null Dark', 'Patra']
['Patra', 'Ice Boost', 'Counter', 'Auto-Rakukaja', 'Tarukaja']
['Null Dark', 'Tarukaja', 'Null Fear', 'Samsara', 'Ice Boost']
['Samsara', 'Null Fear', 'Patra', 'Megido', 'Growth 3']
['Ice Boost', 'Ziodyne', 'Null Dark', 'Samsara', 'Counter']
['Samsara', 'Counter', 'Auto-Rakukaja', 'Ice Boost', 'Null Fear']
['Growth 3', 'Tarukaja', 'Ice Boost', 'Null Dark', 'Mabufu']
['Mabufu', 'Samsara', 'Counter', 'Null Fear', 'Salvation']
['Counter', 'Patra', 'Ice Boost', 'Auto-Rakukaja', 'Growth 3']
['Growth 3', 'Samsara', 'Null Fear', 'Recarm', 'Null Dark']
['Growth 3', 'Samsara', 'Ice Boost', 'Patra', 'Recarm']
['Counter', 'Auto-Rakukaja', 'Tarukaja', 'Samsara', 'Growth 3']
['Mind Charge', 'Counter', 'Samsara', 'Null Fear', 'Ice Boost']
['Null Fear', 'Samsara', 'Ice Boost', 'Counter', 'Tarukaja']
['Mind Charge', 'Auto-Rakukaja', 'Ziodyne', 'Counter', 'Mabufu']
['Salvation', 'Mabufu', 'Ice Boost', 'Null Fear', 'Samsara']
['Ice Boost', 'Null Fear', 'Mind Charge', 'Auto-Rakukaja', 'Null Dark']
['Samsara', 'Null Dark', 'Counter', 'Growth 3', 'Ice Boost']
['Patra', 'Samsara', 'Sukukaja', 'Diarahan', 'Auto-Rakukaja']
['Samsara', 'Auto-Rakukaja', 'Sukukaja', 'Null Fear', 'Recarm']
['Samsara', 'Ice Boost', 'Auto-Rakukaja', 'Tarukaja', 'Counter']
['Samsara', 'Patra', 'Ice Boost', 'Diarahan', 'Auto-Rakukaja']
['Counter', 'Samsara', 'Ice Boost', 'Sukukaja', 'Null Dark']
['Recarm', 'Sukukaja', 'Auto-Rakukaja', 'Null Dark', 'Dekaja']
['Counter', 'Samsara', 'Auto-Rakukaja', 'Patra', 'Ice Boost']
['Dekaja', 'Null Dark', 'Null Fear', 'Samsara', 'Ice Boost']
['Auto-Rakukaja', 'Counter', 'Growth 3', 'Samsara', 'Tarukaja']
['Counter', 'Samsara', 'Tarukaja', 'Ziodyne', 'Ice Boost']
['Ice Boost', 'Counter', 'Samsara', 'Tarukaja', 'Patra']
['Ice Boost', 'Auto-Rakukaja', 'Samsara', 'Patra', 'Null Fear']
['Ice Boost', 'Growth 3', 'Auto-Rakukaja', 'Recarm', 'Mabufu']
['Patra', 'Mabufu', 'Null Dark', 'Diarahan', 'Auto-Rakukaja']
['Growth 3', 'Ice Boost', 'Counter', 'Patra', 'Null Dark']
['Diarahan', 'Samsara', 'Mabufu', 'Counter', 'Mind Charge']
['Samsara', 'Ice Boost', 'Counter', 'Patra', 'Auto-Rakukaja']
['Ice Boost', 'Growth 3', 'Patra', 'Counter', 'Samsara']
['Counter', 'Mabufu', 'Ice Boost', 'Dekaja', 'Sukukaja']
['Dekaja', 'Patra', 'Samsara', 'Ice Boost', 'Sukukaja']
['Ice Boost', 'Auto-Rakukaja', 'Growth 3', 'Counter', 'Tarukaja']
['Growth 3', 'Patra', 'Diarahan', 'Counter', 'Tarukaja']
['Mabufu', 'Tarukaja', 'Diarahan', 'Growth 3', 'Dekaja']
['Null Dark', 'Tarukaja', 'Sukukaja', 'Growth 3', 'Patra']
['Growth 3', 'Null Fear', 'Counter', 'Mabufu', 'Null Dark']
['Salvation', 'Null Fear', 'Tarukaja', 'Null Dark', 'Growth 3']
['Growth 3', 'Ice Boost', 'Null Dark', 'Counter', 'Samsara']
['Auto-Rakukaja', 'Null Fear', 'Null Dark', 'Ice Boost', 'Mabufu']
['Counter', 'Tarukaja', 'Mabufu', 'Mind Charge', 'Auto-Rakukaja']
['Patra', 'Ice Boost', 'Growth 3', 'Auto-Rakukaja', 'Null Fear']
['Mabufu', 'Ice Boost', 'Growth 3', 'Ziodyne', 'Auto-Rakukaja']
['Dekaja', 'Growth 3', 'Ice Boost', 'Null Fear', 'Tarukaja']
['Counter', 'Samsara', 'Null Dark', 'Ice Boost', 'Ziodyne']
['Null Fear', 'Counter', 'Patra', 'Null Dark', 'Growth 3']
['Samsara', 'Null Fear', 'Null Dark', 'Growth 3', 'Counter']
['Counter', 'Auto-Rakukaja', 'Tarukaja', 'Growth 3', 'Sukukaja']
['Ice Boost', 'Mabufu', 'Patra', 'Sukukaja', 'Diarahan']
['Diarahan', 'Counter', 'Samsara', 'Sukukaja', 'Null Dark']
['Null Fear', 'Samsara', 'Ice Boost', 'Mind Charge', 'Growth 3']
['Counter', 'Null Dark', 'Patra', 'Samsara', 'Ice Boost']
['Sukukaja', 'Ice Boost', 'Samsara', 'Mabufu', 'Patra']
['Auto-Rakukaja', 'Counter', 'Null Dark', 'Null Fear', 'Growth 3']
['Growth 3', 'Tarukaja', 'Null Dark', 'Counter', 'Ice Boost']
['Ice Boost', 'Counter', 'Samsara', 'Auto-Rakukaja', 'Sukukaja']
['Dekaja', 'Auto-Rakukaja', 'Mabufu', 'Samsara', 'Growth 3']
['Recarm', 'Samsara', 'Ziodyne', 'Auto-Rakukaja', 'Null Fear']
['Samsara', 'Null Dark', 'Auto-Rakukaja', 'Patra', 'Null Fear']
['Ice Boost', 'Tarukaja', 'Counter', 'Null Dark', 'Growth 3']
['Counter', 'Patra', 'Ice Boost', 'Dekaja', 'Samsara']
['Ice Boost', 'Counter', 'Null Fear', 'Tarukaja', 'Samsara']
['Ice Boost', 'Auto-Rakukaja', 'Samsara', 'Tarukaja', 'Sukukaja']
['Null Dark', 'Ice Boost', 'Samsara', 'Auto-Rakukaja', 'Recarm']
['Auto-Rakukaja', 'Dekaja', 'Mabufu', 'Ice Boost', 'Null Dark']
['Ice Boost', 'Mabufu', 'Null Fear', 'Growth 3', 'Counter']
['Samsara', 'Growth 3', 'Recarm', 'Auto-Rakukaja', 'Ice Boost']
['Auto-Rakukaja', 'Ice Boost', 'Null Fear', 'Samsara', 'Null Dark']
['Growth 3', 'Ice Boost', 'Null Fear', 'Patra', 'Null Dark']
['Ice Boost', 'Samsara', 'Counter', 'Mabufu', 'Tarukaja']
['Growth 3', 'Samsara', 'Recarm', 'Tarukaja', 'Null Fear']
['Sukukaja', 'Auto-Rakukaja', 'Samsara', 'Patra', 'Growth 3']
['Sukukaja', 'Null Dark', 'Counter', 'Auto-Rakukaja', 'Samsara']
['Null Fear', 'Auto-Rakukaja', 'Growth 3', 'Recarm', 'Ice Boost']
['Mabufu', 'Auto-Rakukaja', 'Counter', 'Ice Boost', 'Samsara']
['Counter', 'Ice Boost', 'Growth 3', 'Mabufu', 'Samsara']
['Auto-Rakukaja', 'Growth 3', 'Ice Boost', 'Tarukaja', 'Counter']
['Ice Boost', 'Patra', 'Samsara', 'Counter', 'Null Fear']
['Auto-Rakukaja', 'Growth 3', 'Null Fear', 'Ice Boost', 'Tarukaja']
['Auto-Rakukaja', 'Counter', 'Ice Boost', 'Samsara', 'Patra']
['Auto-Rakukaja', 'Ice Boost', 'Null Fear', 'Mabufu', 'Samsara']
['Counter', 'Null Fear', 'Samsara', 'Auto-Rakukaja', 'Null Dark']
['Auto-Rakukaja', 'Growth 3', 'Samsara', 'Mabufu', 'Patra']
['Counter', 'Ice Boost', 'Samsara', 'Tarukaja', 'Null Fear']
['Sukukaja', 'Null Fear', 'Ice Boost', 'Tarukaja', 'Mabufu']
['Samsara', 'Counter', 'Auto-Rakukaja', 'Ice Boost', 'Null Fear']
['Auto-Rakukaja', 'Patra', 'Null Dark', 'Tarukaja', 'Sukukaja']
['Dekaja', 'Growth 3', 'Null Fear', 'Auto-Rakukaja', 'Tarukaja']
['Mind Charge', 'Growth 3', 'Ice Boost', 'Auto-Rakukaja', 'Patra']
['Patra', 'Ice Boost', 'Null Dark', 'Growth 3', 'Auto-Rakukaja']
['Ice Boost', 'Samsara', 'Sukukaja', 'Counter', 'Auto-Rakukaja']
['Samsara', 'Auto-Rakukaja', 'Growth 3', 'Null Dark', 'Ice Boost']
['Ice Boost', 'Null Dark', 'Growth 3', 'Mabufu', 'Ziodyne']
['Samsara', 'Patra', 'Counter', 'Null Dark', 'Tarukaja']
['Ice Boost', 'Null Dark', 'Patra', 'Samsara', 'Null Fear']
['Samsara', 'Growth 3', 'Counter', 'Ice Boost', 'Tarukaja']
['Auto-Rakukaja', 'Ice Boost', 'Samsara', 'Ziodyne', 'Patra']
['Counter', 'Null Dark', 'Null Fear', 'Auto-Rakukaja', 'Ice Boost']
['Ice Boost', 'Null Dark', 'Null Fear', 'Mabufu', 'Patra']
['Ice Boost', 'Tarukaja', 'Patra', 'Counter', 'Null Fear']
['Samsara', 'Diarahan', 'Patra', 'Sukukaja', 'Ice Boost']
['Samsara', 'Mind Charge', 'Ice Boost', 'Null Dark', 'Null Fear']
['Auto-Rakukaja', 'Samsara', 'Ice Boost', 'Null Fear', 'Tarukaja']
['Samsara', 'Ice Boost', 'Mabufu', 'Null Fear', 'Patra']
['Null Fear', 'Patra', 'Growth 3', 'Diarahan', 'Null Dark']
['Patra', 'Null Dark', 'Ice Boost', 'Samsara', 'Tarukaja']
['Patra', 'Recarm', 'Growth 3', 'Tarukaja', 'Mabufu']
['Samsara', 'Diarahan', 'Dekaja', 'Auto-Rakukaja', 'Megido']
['Ice Boost', 'Samsara', 'Mind Charge', 'Patra', 'Diarahan']
['Mabufu', 'Ice Boost', 'Sukukaja', 'Null Fear', 'Counter']
['Ice Boost', 'Counter', 'Patra', 'Null Fear', 'Dekaja']
['Patra', 'Auto-Rakukaja', 'Growth 3', 'Ice Boost', 'Samsara']
['Null Fear', 'Ice Boost', 'Auto-Rakukaja', 'Counter', 'Patra']
['Counter', 'Ice Boost', 'Growth 3', 'Samsara', 'Patra']
['Auto-Rakukaja', 'Counter', 'Ice Boost', 'Samsara', 'Patra']
['Samsara', 'Auto-Rakukaja', 'Tarukaja', 'Null Fear', 'Ice Boost']
['Ice Boost', 'Samsara', 'Diarahan', 'Patra', 'Growth 3']
['Megido', 'Salvation', 'Samsara', 'Null Dark', 'Ziodyne']
['Mabufu', 'Recarm', 'Counter', 'Patra', 'Samsara']
['Ice Boost', 'Tarukaja', 'Auto-Rakukaja', 'Recarm', 'Counter']
['Null Dark', 'Null Fear', 'Mind Charge', 'Tarukaja', 'Auto-Rakukaja']
['Growth 3', 'Dekaja', 'Ice Boost', 'Samsara', 'Patra']
['Mind Charge', 'Null Fear', 'Null Dark', 'Samsara', 'Counter']
['Auto-Rakukaja', 'Ice Boost', 'Tarukaja', 'Patra', 'Null Dark']
['Ice Boost', 'Patra', 'Null Dark', 'Samsara', 'Growth 3']
['Null Fear', 'Samsara', 'Patra', 'Growth 3', 'Auto-Rakukaja']
['Ice Boost', 'Counter', 'Patra', 'Null Fear', 'Samsara']
['Sukukaja', 'Ice Boost', 'Growth 3', 'Auto-Rakukaja', 'Mabufu']
['Samsara', 'Patra', 'Ice Boost', 'Auto-Rakukaja', 'Tarukaja']
['Ice Boost', 'Samsara', 'Recarm', 'Auto-Rakukaja', 'Growth 3']
['Counter', 'Null Dark', 'Samsara', 'Growth 3', 'Patra']
['Null Dark', 'Patra', 'Auto-Rakukaja', 'Samsara', 'Ice Boost']
['Diarahan', 'Tarukaja', 'Counter', 'Growth 3', 'Samsara']
['Sukukaja', 'Counter', 'Ice Boost', 'Auto-Rakukaja', 'Diarahan']
['Tarukaja', 'Counter', 'Growth 3', 'Null Fear', 'Patra']
['Auto-Rakukaja', 'Sukukaja', 'Samsara', 'Growth 3', 'Counter']
['Null Fear', 'Megido', 'Ice Boost', 'Diarahan', 'Patra']
['Null Fear', 'Null Dark', 'Recarm', 'Samsara', 'Growth 3']
['Patra', 'Mabufu', 'Counter', 'Mind Charge', 'Tarukaja']
['Megido', 'Ice Boost', 'Tarukaja', 'Sukukaja', 'Patra']
['Counter', 'Samsara', 'Ice Boost', 'Auto-Rakukaja', 'Null Fear']
['Auto-Rakukaja', 'Null Dark', 'Dekaja', 'Tarukaja', 'Counter']
['Samsara', 'Growth 3', 'Ice Boost', 'Counter', 'Tarukaja']
['Counter', 'Samsara', 'Sukukaja', 'Null Fear', 'Ice Boost']
['Mabufu', 'Ice Boost', 'Recarm', 'Growth 3', 'Auto-Rakukaja']
['Ice Boost', 'Samsara', 'Auto-Rakukaja', 'Growth 3', 'Patra']
['Patra', 'Samsara', 'Null Dark', 'Counter', 'Auto-Rakukaja']
['Sukukaja', 'Auto-Rakukaja', 'Counter', 'Null Dark', 'Ice Boost']
['Counter', 'Samsara', 'Auto-Rakukaja', 'Growth 3', 'Ice Boost']
['Ice Boost', 'Null Dark', 'Mind Charge', 'Sukukaja', 'Counter']
['Counter', 'Tarukaja', 'Sukukaja', 'Samsara', 'Growth 3']
['Patra', 'Ice Boost', 'Samsara', 'Counter', 'Auto-Rakukaja']
['Samsara', 'Null Dark', 'Patra', 'Dekaja', 'Mind Charge']
['Ice Boost', 'Patra', 'Counter', 'Samsara', 'Null Dark']
['Samsara', 'Growth 3', 'Ice Boost', 'Tarukaja', 'Ziodyne']
['Ice Boost', 'Counter', 'Growth 3', 'Auto-Rakukaja', 'Samsara']
['Tarukaja', 'Auto-Rakukaja', 'Samsara', 'Ice Boost', 'Counter']
['Counter', 'Growth 3', 'Ice Boost', 'Tarukaja', 'Sukukaja']
['Null Dark', 'Samsara', 'Ziodyne', 'Patra', 'Counter']
['Samsara', 'Growth 3', 'Ice Boost', 'Auto-Rakukaja', 'Null Fear']
['Samsara', 'Null Dark', 'Auto-Rakukaja', 'Counter', 'Null Fear']
['Null Dark', 'Patra', 'Growth 3', 'Counter', 'Samsara']
['Samsara', 'Tarukaja', 'Counter', 'Ice Boost', 'Growth 3']
['Growth 3', 'Ice Boost', 'Counter', 'Samsara', 'Sukukaja']
['Growth 3', 'Null Fear', 'Counter', 'Auto-Rakukaja', 'Salvation']
['Growth 3', 'Counter', 'Patra', 'Null Dark', 'Ice Boost']
['Growth 3', 'Sukukaja', 'Ice Boost', 'Counter', 'Mind Charge']
['Null Dark', 'Counter', 'Ice Boost', 'Tarukaja', 'Mabufu']
['Mabufu', 'Auto-Rakukaja', 'Counter', 'Samsara', 'Sukukaja']
['Null Fear', 'Null Dark', 'Samsara', 'Auto-Rakukaja', 'Counter']
['Sukukaja', 'Samsara', 'Ice Boost', 'Mind Charge', 'Counter']
['Null Dark', 'Samsara', 'Auto-Rakukaja', 'Ice Boost', 'Sukukaja']
['Samsara', 'Growth 3', 'Auto-Rakukaja', 'Ice Boost', 'Megido']
['Growth 3', 'Auto-Rakukaja', 'Patra', 'Samsara', 'Null Fear']
['Samsara', 'Ice Boost', 'Growth 3', 'Counter', 'Auto-Rakukaja']
['Samsara', 'Auto-Rakukaja', 'Ice Boost', 'Sukukaja', 'Null Dark']
['Growth 3', 'Null Dark', 'Patra', 'Auto-Rakukaja', 'Mabufu']
['Counter', 'Samsara', 'Patra', 'Ice Boost', 'Auto-Rakukaja']
['Null Dark', 'Samsara', 'Counter', 'Megido', 'Mind Charge']
['Samsara', 'Growth 3', 'Ziodyne', 'Auto-Rakukaja', 'Mind Charge']
['Counter', 'Auto-Rakukaja', 'Sukukaja', 'Ice Boost', 'Null Dark']
['Tarukaja', 'Null Fear', 'Auto-Rakukaja', 'Samsara', 'Ziodyne']
['Samsara', 'Counter', 'Patra', 'Ice Boost', 'Growth 3']
['Recarm', 'Growth 3', 'Auto-Rakukaja', 'Null Fear', 'Samsara']
['Null Dark', 'Ziodyne', 'Auto-Rakukaja', 'Ice Boost', 'Null Fear']
['Counter', 'Samsara', 'Ice Boost', 'Megido', 'Auto-Rakukaja']
['Auto-Rakukaja', 'Patra', 'Samsara', 'Null Fear', 'Null Dark']
['Samsara', 'Ice Boost', 'Null Dark', 'Null Fear', 'Auto-Rakukaja']
['Samsara', 'Growth 3', 'Ice Boost', 'Recarm', 'Mind Charge']
['Tarukaja', 'Counter', 'Growth 3', 'Ice Boost', 'Null Fear']
['Samsara', 'Sukukaja', 'Ice Boost', 'Auto-Rakukaja', 'Counter']
['Counter', 'Samsara', 'Mabufu', 'Ice Boost', 'Diarahan']
['Growth 3', 'Samsara', 'Ziodyne', 'Null Fear', 'Auto-Rakukaja']
['Samsara', 'Null Dark', 'Counter', 'Patra', 'Auto-Rakukaja']
['Counter', 'Sukukaja', 'Null Dark', 'Samsara', 'Ice Boost']
['Ice Boost', 'Null Fear', 'Patra', 'Counter', 'Samsara']
['Ice Boost', 'Null Fear', 'Auto-Rakukaja', 'Null Dark', 'Counter']
['Null Fear', 'Samsara', 'Growth 3', 'Patra', 'Sukukaja']
['Samsara', 'Dekaja', 'Counter', 'Auto-Rakukaja', 'Tarukaja']
['Auto-Rakukaja', 'Samsara', 'Mind Charge', 'Ice Boost', 'Counter']
['Counter', 'Auto-Rakukaja', 'Null Fear', 'Ziodyne', 'Ice Boost']
['Ice Boost', 'Auto-Rakukaja', 'Null Dark', 'Samsara', 'Patra']
['Auto-Rakukaja', 'Counter', 'Growth 3', 'Sukukaja', 'Ice Boost']
['Auto-Rakukaja', 'Samsara', 'Ice Boost', 'Growth 3', 'Mabufu']
['Samsara', 'Patra', 'Sukukaja', 'Counter', 'Null Fear']
['Mabufu', 'Auto-Rakukaja', 'Patra', 'Counter', 'Megido']
['Megido', 'Ice Boost', 'Mabufu', 'Diarahan', 'Samsara']
['Samsara', 'Counter', 'Growth 3', 'Ice Boost', 'Diarahan']
['Counter', 'Auto-Rakukaja', 'Growth 3', 'Sukukaja', 'Null Fear']
['Growth 3', 'Mabufu', 'Null Fear', 'Samsara', 'Mind Charge']
['Auto-Rakukaja', 'Samsara', 'Ice Boost', 'Counter', 'Sukukaja']
['Samsara', 'Salvation', 'Null Fear', 'Ice Boost', 'Ziodyne']
['Ziodyne', 'Counter', 'Auto-Rakukaja', 'Ice Boost', 'Mabufu']
['Counter', 'Null Fear', 'Growth 3', 'Auto-Rakukaja', 'Tarukaja']
['Dekaja', 'Ice Boost', 'Null Dark', 'Counter', 'Samsara']
['Recarm', 'Ice Boost', 'Tarukaja', 'Patra', 'Growth 3']
['Recarm', 'Counter', 'Growth 3', 'Null Dark', 'Auto-Rakukaja']
['Dekaja', 'Auto-Rakukaja', 'Recarm', 'Mind Charge', 'Samsara']
['Samsara', 'Counter', 'Null Fear', 'Tarukaja', 'Patra']
['Ice Boost', 'Patra', 'Counter', 'Sukukaja', 'Samsara']
['Ice Boost', 'Null Dark', 'Growth 3', 'Tarukaja', 'Null Fear']
['Samsara', 'Ice Boost', 'Counter', 'Salvation', 'Null Dark']
['Counter', 'Samsara', 'Ice Boost', 'Growth 3', 'Null Fear']
['Ice Boost', 'Auto-Rakukaja', 'Counter', 'Null Fear', 'Samsara']
['Ice Boost', 'Counter', 'Sukukaja', 'Growth 3', 'Null Dark']
['Auto-Rakukaja', 'Counter', 'Growth 3', 'Ice Boost', 'Samsara']
['Ice Boost', 'Ziodyne', 'Null Fear', 'Null Dark', 'Auto-Rakukaja']
['Mind Charge', 'Ice Boost', 'Recarm', 'Null Dark', 'Patra']
['Counter', 'Ice Boost', 'Tarukaja', 'Auto-Rakukaja', 'Null Fear']
['Patra', 'Samsara', 'Null Fear', 'Ice Boost', 'Counter']
['Counter', 'Ice Boost', 'Growth 3', 'Samsara', 'Auto-Rakukaja']
['Auto-Rakukaja', 'Growth 3', 'Samsara', 'Patra', 'Ziodyne']
['Ice Boost', 'Sukukaja', 'Null Dark', 'Counter', 'Samsara']
['Auto-Rakukaja', 'Patra', 'Dekaja', 'Null Dark', 'Counter']
['Samsara', 'Sukukaja', 'Mabufu', 'Auto-Rakukaja', 'Growth 3']
['Sukukaja', 'Null Dark', 'Samsara', 'Auto-Rakukaja', 'Salvation']
['Growth 3', 'Ice Boost', 'Ziodyne', 'Counter', 'Null Dark']
['Ice Boost', 'Sukukaja', 'Null Fear', 'Samsara', 'Counter']
['Patra', 'Null Dark', 'Growth 3', 'Ice Boost', 'Samsara']
['Samsara', 'Ice Boost', 'Growth 3', 'Auto-Rakukaja', 'Null Dark']
['Samsara', 'Auto-Rakukaja', 'Ice Boost', 'Counter', 'Recarm']
['Null Dark', 'Ice Boost', 'Null Fear', 'Counter', 'Recarm']
['Samsara', 'Null Fear', 'Ice Boost', 'Counter', 'Sukukaja']
['Mabufu', 'Patra', 'Auto-Rakukaja', 'Megido', 'Growth 3']
['Samsara', 'Null Fear', 'Ice Boost', 'Diarahan', 'Mabufu']
['Null Dark', 'Patra', 'Samsara', 'Mabufu', 'Ziodyne']
['Null Fear', 'Patra', 'Samsara', 'Counter', 'Mind Charge']
['Growth 3', 'Auto-Rakukaja', 'Null Dark', 'Samsara', 'Ice Boost']
['Auto-Rakukaja', 'Counter', 'Growth 3', 'Tarukaja', 'Recarm']
['Ziodyne', 'Tarukaja', 'Null Fear', 'Ice Boost', 'Patra']
['Samsara', 'Recarm', 'Null Fear', 'Mabufu', 'Auto-Rakukaja']
['Growth 3', 'Counter', 'Auto-Rakukaja', 'Samsara', 'Megido']
['Patra', 'Samsara', 'Sukukaja', 'Null Fear', 'Dekaja']
['Mind Charge', 'Ice Boost', 'Growth 3', 'Patra', 'Counter']
['Auto-Rakukaja', 'Counter', 'Tarukaja', 'Growth 3', 'Salvation']
['Ziodyne', 'Growth 3', 'Samsara', 'Counter', 'Recarm']
['Samsara', 'Patra', 'Ice Boost', 'Recarm', 'Dekaja']
['Counter', 'Auto-Rakukaja', 'Mabufu', 'Ice Boost', 'Dekaja']
['Samsara', 'Mind Charge', 'Salvation', 'Ice Boost', 'Patra']
['Growth 3', 'Auto-Rakukaja', 'Null Fear', 'Counter', 'Ice Boost']
['Samsara', 'Auto-Rakukaja', 'Ziodyne', 'Null Fear', 'Diarahan']
['Auto-Rakukaja', 'Samsara', 'Diarahan', 'Ice Boost', 'Null Dark']
['Counter', 'Sukukaja', 'Growth 3', 'Auto-Rakukaja', 'Ice Boost']
['Samsara', 'Counter', 'Mind Charge', 'Patra', 'Growth 3']
['Ziodyne', 'Growth 3', 'Sukukaja', 'Null Dark', 'Samsara']
['Ice Boost', 'Null Fear', 'Growth 3', 'Mabufu', 'Null Dark']
['Counter', 'Auto-Rakukaja', 'Samsara', 'Mabufu', 'Ice Boost']
['Samsara', 'Diarahan', 'Tarukaja', 'Auto-Rakukaja', 'Patra']
['Counter', 'Growth 3', 'Null Dark', 'Auto-Rakukaja', 'Samsara']
['Ice Boost', 'Growth 3', 'Samsara', 'Counter', 'Tarukaja']
['Ice Boost', 'Null Dark', 'Auto-Rakukaja', 'Counter', 'Samsara']
['Ice Boost', 'Counter', 'Mabufu', 'Auto-Rakukaja', 'Null Dark']
['Mind Charge', 'Patra', 'Samsara', 'Growth 3', 'Auto-Rakukaja']
['Mabufu', 'Auto-Rakukaja', 'Counter', 'Samsara', 'Patra']
['Auto-Rakukaja', 'Growth 3', 'Ice Boost', 'Samsara', 'Counter']
['Samsara', 'Null Dark', 'Growth 3', 'Null Fear', 'Ice Boost']
['Sukukaja', 'Auto-Rakukaja', 'Samsara', 'Recarm', 'Ice Boost']
['Ice Boost', 'Null Dark', 'Patra', 'Samsara', 'Mind Charge']
['Sukukaja', 'Null Dark', 'Ice Boost', 'Counter', 'Null Fear']
['Counter', 'Samsara', 'Auto-Rakukaja', 'Ice Boost', 'Ziodyne']
['Null Fear', 'Samsara', 'Ice Boost', 'Tarukaja', 'Growth 3']
['Mind Charge', 'Counter', 'Samsara', 'Null Fear', 'Tarukaja']
['Samsara', 'Counter', 'Dekaja', 'Sukukaja', 'Auto-Rakukaja']
['Counter', 'Null Fear', 'Diarahan', 'Patra', 'Auto-Rakukaja']
['Growth 3', 'Null Fear', 'Counter', 'Ice Boost', 'Tarukaja']
['Counter', 'Null Dark', 'Null Fear', 'Growth 3', 'Tarukaja']
['Null Fear', 'Null Dark', 'Ice Boost', 'Samsara', 'Patra']
['Dekaja', 'Growth 3', 'Ice Boost', 'Samsara', 'Diarahan']
['Mabufu', 'Samsara', 'Auto-Rakukaja', 'Patra', 'Sukukaja']
['Counter', 'Auto-Rakukaja', 'Tarukaja', 'Ice Boost', 'Null Dark']
['Auto-Rakukaja', 'Growth 3', 'Ice Boost', 'Null Fear', 'Null Dark']
['Counter', 'Tarukaja', 'Null Fear', 'Ziodyne', 'Ice Boost']
['Samsara', 'Counter', 'Null Fear', 'Auto-Rakukaja', 'Ice Boost']
['Null Dark', 'Auto-Rakukaja', 'Counter', 'Mind Charge', 'Ice Boost']
['Null Fear', 'Samsara', 'Ice Boost', 'Counter', 'Auto-Rakukaja']
['Ice Boost', 'Mabufu', 'Samsara', 'Tarukaja', 'Growth 3']
['Null Fear', 'Ice Boost', 'Mabufu', 'Samsara', 'Auto-Rakukaja']
['Null Dark', 'Growth 3', 'Ice Boost', 'Tarukaja', 'Sukukaja']
['Null Fear', 'Ice Boost', 'Samsara', 'Sukukaja', 'Growth 3']
['Null Fear', 'Auto-Rakukaja', 'Ice Boost', 'Counter', 'Patra']
['Patra', 'Growth 3', 'Counter', 'Samsara', 'Null Fear']
['Null Dark', 'Counter', 'Ice Boost', 'Auto-Rakukaja', 'Null Fear']
['Mabufu', 'Growth 3', 'Null Dark', 'Ice Boost', 'Patra']
['Patra', 'Growth 3', 'Auto-Rakukaja', 'Null Fear', 'Dekaja']
['Counter', 'Ice Boost', 'Samsara', 'Null Dark', 'Patra']
['Auto-Rakukaja', 'Null Fear', 'Sukukaja', 'Samsara', 'Salvation']
['Tarukaja', 'Patra', 'Auto-Rakukaja', 'Growth 3', 'Null Fear']
['Ziodyne', 'Samsara', 'Growth 3', 'Ice Boost', 'Tarukaja']
['Ice Boost', 'Mind Charge', 'Mabufu', 'Sukukaja', 'Samsara']
['Tarukaja', 'Null Dark', 'Samsara', 'Recarm', 'Counter']
['Null Dark', 'Patra', 'Ice Boost', 'Samsara', 'Auto-Rakukaja']
['Patra', 'Ice Boost', 'Salvation', 'Counter', 'Auto-Rakukaja']
['Ice Boost', 'Patra', 'Samsara', 'Counter', 'Growth 3']
['Auto-Rakukaja', 'Sukukaja', 'Mabufu', 'Null Dark', 'Samsara']
['Ice Boost', 'Mabufu', 'Auto-Rakukaja', 'Recarm', 'Growth 3']
['Ice Boost', 'Samsara', 'Growth 3', 'Null Dark', 'Counter']
['Samsara', 'Counter', 'Null Dark', 'Patra', 'Null Fear']
['Ice Boost', 'Counter', 'Auto-Rakukaja', 'Mabufu', 'Mind Charge']
['Patra', 'Null Fear', 'Counter', 'Samsara', 'Auto-Rakukaja']
['Samsara', 'Sukukaja', 'Counter', 'Auto-Rakukaja', 'Mind Charge']
['Dekaja', 'Null Fear', 'Auto-Rakukaja', 'Counter', 'Patra']
['Counter', 'Mind Charge', 'Ice Boost', 'Samsara', 'Null Dark']
['Null Dark', 'Ice Boost', 'Sukukaja', 'Patra', 'Auto-Rakukaja']
['Samsara', 'Null Dark', 'Counter', 'Ice Boost', 'Growth 3']
['Diarahan', 'Counter', 'Auto-Rakukaja', 'Tarukaja', 'Growth 3']
['Growth 3', 'Patra', 'Ice Boost', 'Samsara', 'Counter']
['Null Fear', 'Samsara', 'Diarahan', 'Ice Boost', 'Growth 3']
['Sukukaja', 'Ice Boost', 'Counter', 'Null Dark', 'Growth 3']
['Null Dark', 'Mind Charge', 'Ice Boost', 'Null Fear', 'Auto-Rakukaja']
['Null Fear', 'Mind Charge', 'Counter', 'Auto-Rakukaja', 'Growth 3']
['Null Fear', 'Ice Boost', 'Auto-Rakukaja', 'Patra', 'Null Dark']
['Patra', 'Counter', 'Null Dark', 'Samsara', 'Recarm']
['Counter', 'Auto-Rakukaja', 'Samsara', 'Ice Boost', 'Null Fear']
['Ice Boost', 'Mabufu', 'Auto-Rakukaja', 'Samsara', 'Null Fear']
['Ice Boost', 'Counter', 'Patra', 'Ziodyne', 'Growth 3']
['Sukukaja', 'Counter', 'Null Fear', 'Null Dark', 'Mabufu']
['Growth 3', 'Samsara', 'Counter', 'Auto-Rakukaja', 'Ice Boost']
['Ice Boost', 'Auto-Rakukaja', 'Mind Charge', 'Samsara', 'Null Fear']
['Samsara', 'Growth 3', 'Null Fear', 'Auto-Rakukaja', 'Mabufu']
['Samsara', 'Counter', 'Growth 3', 'Null Fear', 'Mabufu']
['Auto-Rakukaja', 'Ziodyne', 'Ice Boost', 'Sukukaja', 'Null Fear']
['Growth 3', 'Mabufu', 'Samsara', 'Auto-Rakukaja', 'Ice Boost']
['Ice Boost', 'Growth 3', 'Samsara', 'Counter', 'Patra']
['Counter', 'Diarahan', 'Patra', 'Null Fear', 'Ice Boost']
['Growth 3', 'Ice Boost', 'Recarm', 'Patra', 'Samsara']
['Null Dark', 'Samsara', 'Recarm', 'Ice Boost', 'Null Fear']
['Mabufu', 'Counter', 'Growth 3', 'Ice Boost', 'Auto-Rakukaja']
['Counter', 'Auto-Rakukaja', 'Ice Boost', 'Patra', 'Null Dark']
['Tarukaja', 'Samsara', 'Auto-Rakukaja', 'Patra', 'Ziodyne']
['Ice Boost', 'Patra', 'Null Fear', 'Tarukaja', 'Samsara']
['Null Dark', 'Null Fear', 'Megido', 'Counter', 'Ice Boost']
['Growth 3', 'Ice Boost', 'Null Dark', 'Counter', 'Patra']
['Salvation', 'Null Dark', 'Auto-Rakukaja', 'Null Fear', 'Counter']
['Samsara', 'Ice Boost', 'Mind Charge', 'Auto-Rakukaja', 'Tarukaja']
['Sukukaja', 'Auto-Rakukaja', 'Ice Boost', 'Growth 3', 'Samsara']
['Samsara', 'Sukukaja', 'Auto-Rakukaja', 'Growth 3', 'Tarukaja']
['Ice Boost', 'Samsara', 'Patra', 'Growth 3', 'Auto-Rakukaja']
['Null Dark', 'Samsara', 'Ice Boost', 'Mabufu', 'Counter']
['Patra', 'Ziodyne', 'Auto-Rakukaja', 'Null Dark', 'Null Fear']
['Samsara', 'Auto-Rakukaja', 'Patra', 'Null Dark', 'Ice Boost']
['Ice Boost', 'Mabufu', 'Null Dark', 'Samsara', 'Auto-Rakukaja']
['Ice Boost', 'Patra', 'Counter', 'Auto-Rakukaja', 'Samsara']
['Samsara', 'Ice Boost', 'Auto-Rakukaja', 'Sukukaja', 'Null Dark']
['Ice Boost', 'Auto-Rakukaja', 'Samsara', 'Growth 3', 'Patra']
['Tarukaja', 'Null Fear', 'Counter', 'Sukukaja', 'Ice Boost']
['Dekaja', 'Growth 3', 'Salvation', 'Counter', 'Patra']
['Growth 3', 'Samsara', 'Ice Boost', 'Tarukaja', 'Auto-Rakukaja']
['Samsara', 'Auto-Rakukaja', 'Null Fear', 'Counter', 'Ice Boost']
['Growth 3', 'Mind Charge', 'Patra', 'Samsara', 'Null Fear']
['Patra', 'Ice Boost', 'Samsara', 'Mind Charge', 'Auto-Rakukaja']
['Null Fear', 'Samsara', 'Growth 3', 'Null Dark', 'Ice Boost']
['Tarukaja', 'Counter', 'Growth 3', 'Null Fear', 'Samsara']
['Ice Boost', 'Sukukaja', 'Null Fear', 'Samsara', 'Megido']
['Counter', 'Growth 3', 'Ice Boost', 'Null Fear', 'Dekaja']
['Auto-Rakukaja', 'Patra', 'Megido', 'Samsara', 'Growth 3']
['Null Dark', 'Ice Boost', 'Megido', 'Dekaja', 'Samsara']
['Ice Boost', 'Mind Charge', 'Null Dark', 'Auto-Rakukaja', 'Growth 3']
['Auto-Rakukaja', 'Samsara', 'Growth 3', 'Ice Boost', 'Counter']
['Mabufu', 'Auto-Rakukaja', 'Mind Charge', 'Ice Boost', 'Null Dark']
['Mind Charge', 'Ice Boost', 'Null Fear', 'Growth 3', 'Diarahan']
['Auto-Rakukaja', 'Null Dark', 'Megido', 'Tarukaja', 'Samsara']
['Samsara', 'Null Fear', 'Counter', 'Sukukaja', 'Auto-Rakukaja']
['Ice Boost', 'Sukukaja', 'Growth 3', 'Samsara', 'Mabufu']
['Mabufu', 'Samsara', 'Ice Boost', 'Diarahan', 'Tarukaja']
['Ice Boost', 'Samsara', 'Diarahan', 'Ziodyne', 'Tarukaja']
['Samsara', 'Counter', 'Dekaja', 'Ice Boost', 'Ziodyne']
['Null Fear', 'Dekaja', 'Samsara', 'Sukukaja', 'Null Dark']
['Ice Boost', 'Counter', 'Samsara', 'Tarukaja', 'Null Fear']
['Samsara', 'Ice Boost', 'Mabufu', 'Counter', 'Auto-Rakukaja']
['Ice Boost', 'Growth 3', 'Null Fear', 'Samsara', 'Auto-Rakukaja']
['Auto-Rakukaja', 'Counter', 'Growth 3', 'Samsara', 'Sukukaja']
['Sukukaja', 'Samsara', 'Patra', 'Null Fear', 'Mind Charge']
['Diarahan', 'Null Fear', 'Samsara', 'Ice Boost', 'Counter']
['Counter', 'Patra', 'Ice Boost', 'Null Fear', 'Auto-Rakukaja']
['Recarm', 'Auto-Rakukaja', 'Samsara', 'Tarukaja', 'Ice Boost']
['Diarahan', 'Ice Boost', 'Samsara', 'Growth 3', 'Auto-Rakukaja']
