['Fire Boost', 'Mamudo', 'Mudo', 'Counter', 'Apt Pupil']
['Fire Boost', 'Mamudo', 'Bufula', 'Dekunda', 'Sukunda']
['Fire Boost', 'Mamudo', 'Mudo', 'Auto-Rakukaja', 'Counter']
['Mamudo', 'Mudo', 'Raging Tiger', 'Apt Pupil', 'Dekunda']
['Resist Strike', 'Mudo', 'Agilao', 'Raging Tiger', 'Apt Pupil']
['Mudo', 'Apt Pupil', 'Raging Tiger', 'Garudyne', 'Maragion']
['Auto-Rakukaja', 'Raging Tiger', 'Mudo', 'Counter', 'Diarahan']
['Mamudo', 'Apt Pupil', 'Auto-Rakukaja', 'Raging Tiger', 'Wind Amp']
['Mamudo', 'Raging Tiger', 'Sukunda', 'Fire Boost', 'Auto-Rakukaja']
['Raging Tiger', 'Mudo', 'Sukunda', 'Auto-Rakukaja', 'Mamudo']
['Auto-Rakukaja', 'Mudo', 'Counter', 'Resist Strike', 'Raging Tiger']
['Mudo', 'Mamudo', 'Matarukaja', 'Raging Tiger', 'Agidyne']
['Raging Tiger', 'Mamudo', 'Auto-Rakukaja', 'Counter', 'Fire Boost']
['Mamudo', 'Resist Strike', 'Raging Tiger', 'Mudo', 'Counter']
['Mudo', 'Mamudo', 'Counter', 'Raging Tiger', 'Wind Amp']
['Raging Tiger', 'Mamudo', 'Counter', 'Mudo', 'Fire Boost']
['Magarudyne', 'Fire Boost', 'Mudo', 'Apt Pupil', 'Mamudo']
['Mudo', 'Mamudo', 'Raging Tiger', 'Apt Pupil', 'Counter']
['Mamudo', 'Mudo', 'Auto-Rakukaja', 'Apt Pupil', 'Wind Amp']
['Agidyne', 'Mudo', 'Counter', 'Bufula', 'Auto-Rakukaja']
['Mamudo', 'Mudo', 'Raging Tiger', 'Wind Amp', 'Fire Boost']
['Mamudo', 'Apt Pupil', 'Mudo', 'Raging Tiger', 'Fire Boost']
['Fire Boost', 'Wind Amp', 'Mudo', 'Resist Strike', 'Raging Tiger']
['Mudo', 'Raging Tiger', 'Auto-Rakukaja', 'Mamudo', 'Apt Pupil']
['Mamudo', 'Mudo', 'Raging Tiger', 'Garudyne', 'Auto-Rakukaja']
['Mamudo', 'Mudo', 'Counter', 'Resist Strike', 'Auto-Rakukaja']
['Resist Strike', 'Mudo', 'Raging Tiger', 'Fire Boost', 'Mamudo']
['Auto-Rakukaja', 'Mamudo', 'Resist Strike', 'Mudo', 'Wind Amp']
['Wind Amp', 'Mudo', 'Mamudo', 'Auto-Rakukaja', 'Raging Tiger']
['Raging Tiger', 'Fire Boost', 'Mamudo', 'Auto-Rakukaja', 'Resist Strike']
['Diarahan', 'Mudo', 'Apt Pupil', 'Raging Tiger', 'Fire Boost']
['Counter', 'Mediarama', 'Matarukaja', 'Mamudo', 'Fire Boost']
['Mamudo', 'Wind Amp', 'Apt Pupil', 'Mudo', 'Fire Boost']
['Fire Boost', 'Mudo', 'Raging Tiger', 'Mamudo', 'Resist Strike']
['Mudo', 'Mamudo', 'Wind Amp', 'Resist Strike', 'Maragion']
['Mudo', 'Auto-Rakukaja', 'Fire Boost', 'Apt Pupil', 'Mamudo']
['Resist Strike', 'Mamudo', 'Raging Tiger', 'Mudo', 'Apt Pupil']
['Mudo', 'Mamudo', 'Raging Tiger', 'Fire Boost', 'Me Patra']
['Mudo', 'Raging Tiger', 'Mamudo', 'Resist Strike', 'Fire Boost']
['Mamudo', 'Fire Boost', 'Mudo', 'Wind Amp', 'Me Patra']
['Apt Pupil', 'Fire Boost', 'Mamudo', 'Raging Tiger', 'Agilao']
['Counter', 'Raging Tiger', 'Dekunda', 'Mudo', 'Fire Boost']
['Sukunda', 'Mudo', 'Mamudo', 'Raging Tiger', 'Fire Boost']
['Mamudo', 'Mudo', 'Raging Tiger', 'Agidyne', 'Wind Amp']
['Mudo', 'Dekunda', 'Mamudo', 'Raging Tiger', 'Counter']
['Mudo', 'Mamudo', 'Fire Boost', 'Raging Tiger', 'Counter']
['Mudo', 'Mamudo', 'Raging Tiger', 'Wind Amp', 'Fire Boost']
['Mudo', 'Sukunda', 'Mamudo', 'Raging Tiger', 'Fire Boost']
['Sukunda', 'Mudo', 'Bufula', 'Mamudo', 'Fire Boost']
['Fire Boost', 'Mamudo', 'Mudo', 'Raging Tiger', 'Mediarama']
['Mudo', 'Raging Tiger', 'Mamudo', 'Resist Strike', 'Fire Boost']
['Mamudo', 'Diarahan', 'Sukunda', 'Fire Boost', 'Mudo']
['Wind Amp', 'Mudo', 'Raging Tiger', 'Mamudo', 'Auto-Rakukaja']
['Mamudo', 'Mudo', 'Fire Boost', 'Raging Tiger', 'Bufula']
['Resist Strike', 'Fire Boost', 'Sukunda', 'Mudo', 'Counter']
['Mudo', 'Raging Tiger', 'Mamudo', 'Me Patra', 'Fire Boost']
['Mamudo', 'Fire Boost', 'Wind Amp', 'Raging Tiger', 'Mudo']
['Resist Strike', 'Raging Tiger', 'Apt Pupil', 'Mamudo', 'Wind Amp']
['Wind Amp', 'Mudo', 'Raging Tiger', 'Maragion', 'Resist Strike']
['Mamudo', 'Raging Tiger', 'Mudo', 'Garudyne', 'Fire Boost']
['Counter', 'Fire Boost', 'Mudo', 'Mamudo', 'Resist Strike']
['Mamudo', 'Mudo', 'Wind Amp', 'Me Patra', 'Counter']
['Resist Strike', 'Mudo', 'Mamudo', 'Fire Boost', 'Apt Pupil']
['Raging Tiger', 'Apt Pupil', 'Fire Boost', 'Mudo', 'Magarudyne']
['Fire Boost', 'Raging Tiger', 'Mudo', 'Auto-Rakukaja', 'Garudyne']
['Fire Boost', 'Garudyne', 'Resist Strike', 'Mamudo', 'Mudo']
['Mudo', 'Maragion', 'Fire Boost', 'Resist Strike', 'Raging Tiger']
['Mamudo', 'Mudo', 'Magarudyne', 'Fire Boost', 'Mediarama']
['Apt Pupil', 'Mamudo', 'Mudo', 'Resist Strike', 'Auto-Rakukaja']
['Mamudo', 'Raging Tiger', 'Sukunda', 'Counter', 'Mudo']
['Mamudo', 'Raging Tiger', 'Mudo', 'Auto-Rakukaja', 'Fire Boost']
['Raging Tiger', 'Counter', 'Mudo', 'Apt Pupil', 'Auto-Rakukaja']
['Mamudo', 'Raging Tiger', 'Dekunda', 'Mudo', 'Garudyne']
['Mudo', 'Counter', 'Raging Tiger', 'Mamudo', 'Garudyne']
['Dekunda', 'Resist Strike', 'Mamudo', 'Raging Tiger', 'Maragion']
['Counter', 'Wind Amp', 'Garudyne', 'Raging Tiger', 'Mamudo']
['Raging Tiger', 'Mudo', 'Wind Amp', 'Mamudo', 'Maragion']
['Mediarama', 'Mamudo', 'Raging Tiger', 'Mudo', 'Fire Boost']
['Raging Tiger', 'Fire Boost', 'Mudo', 'Mamudo', 'Resist Strike']
['Counter', 'Sukunda', 'Mudo', 'Fire Boost', 'Bufula']
['Mudo', 'Counter', 'Agidyne', 'Mamudo', 'Fire Boost']
['Magarudyne', 'Mudo', 'Mamudo', 'Raging Tiger', 'Counter']
['Mamudo', 'Mudo', 'Wind Amp', 'Maragion', 'Counter']
['Fire Boost', 'Mamudo', 'Mudo', 'Counter', 'Sukunda']
['Mamudo', 'Raging Tiger', 'Apt Pupil', 'Me Patra', 'Mudo']
['Me Patra', 'Diarahan', 'Garudyne', 'Apt Pupil', 'Mudo']
['Counter', 'Mudo', 'Raging Tiger', 'Mabufudyne', 'Garudyne']
['Wind Amp', 'Me Patra', 'Mamudo', 'Mudo', 'Raging Tiger']
['Dekunda', 'Agidyne', 'Apt Pupil', 'Me Patra', 'Auto-Rakukaja']
['Raging Tiger', 'Fire Boost', 'Auto-Rakukaja', 'Mudo', 'Wind Amp']
['Mamudo', 'Raging Tiger', 'Fire Boost', 'Resist Strike', 'Mudo']
['Mamudo', 'Mudo', 'Wind Amp', 'Raging Tiger', 'Resist Strike']
['Mudo', 'Fire Boost', 'Raging Tiger', 'Resist Strike', 'Mamudo']
['Bufula', 'Wind Amp', 'Mudo', 'Counter', 'Agilao']
['Mamudo', 'Auto-Rakukaja', 'Raging Tiger', 'Sukunda', 'Mudo']
['Dekunda', 'Resist Strike', 'Bufula', 'Mudo', 'Auto-Rakukaja']
['Agilao', 'Auto-Rakukaja', 'Fire Boost', 'Mudo', 'Me Patra']
['Mudo', 'Wind Amp', 'Fire Boost', 'Raging Tiger', 'Mamudo']
['Mamudo', 'Raging Tiger', 'Mediarama', 'Resist Strike', 'Apt Pupil']
['Raging Tiger', 'Wind Amp', 'Mudo', 'Auto-Rakukaja', 'Bufula']
['Mudo', 'Raging Tiger', 'Counter', 'Mamudo', 'Fire Boost']
['Mamudo', 'Agidyne', 'Mudo', 'Fire Boost', 'Wind Amp']
['Auto-Rakukaja', 'Mudo', 'Raging Tiger', 'Wind Amp', 'Matarukaja']
['Mamudo', 'Fire Boost', 'Mudo', 'Raging Tiger', 'Apt Pupil']
['Mudo', 'Fire Boost', 'Raging Tiger', 'Dekunda', 'Mamudo']
['Mamudo', 'Apt Pupil', 'Raging Tiger', 'Fire Boost', 'Resist Strike']
['Mamudo', 'Mudo', 'Diarahan', 'Wind Amp', 'Auto-Rakukaja']
['Mamudo', 'Mudo', 'Me Patra', 'Fire Boost', 'Counter']
['Mamudo', 'Raging Tiger', 'Fire Boost', 'Mudo', 'Wind Amp']
['Mamudo', 'Raging Tiger', 'Mudo', 'Maragion', 'Wind Amp']
['Raging Tiger', 'Mamudo', 'Maragion', 'Fire Boost', 'Counter']
['Resist Strike', 'Mamudo', 'Fire Boost', 'Raging Tiger', 'Mudo']
['Raging Tiger', 'Sukunda', 'Mudo', 'Mediarama', 'Fire Boost']
['Mamudo', 'Mabufudyne', 'Raging Tiger', 'Wind Amp', 'Mudo']
['Mamudo', 'Resist Strike', 'Mudo', 'Mediarama', 'Counter']
['Mudo', 'Raging Tiger', 'Apt Pupil', 'Fire Boost', 'Diarahan']
['Raging Tiger', 'Mamudo', 'Auto-Rakukaja', 'Wind Amp', 'Fire Boost']
['Wind Amp', 'Raging Tiger', 'Mudo', 'Mamudo', 'Fire Boost']
['Agilao', 'Mudo', 'Mamudo', 'Garudyne', 'Raging Tiger']
['Mamudo', 'Mudo', 'Fire Boost', 'Apt Pupil', 'Wind Amp']
['Mudo', 'Mamudo', 'Agilao', 'Bufula', 'Me Patra']
['Auto-Rakukaja', 'Mudo', 'Raging Tiger', 'Wind Amp', 'Maragion']
['Fire Boost', 'Mudo', 'Raging Tiger', 'Wind Amp', 'Me Patra']
['Mudo', 'Mamudo', 'Fire Boost', 'Counter', 'Maragion']
['Raging Tiger', 'Mamudo', 'Agilao', 'Mudo', 'Resist Strike']
['Fire Boost', 'Wind Amp', 'Mudo', 'Apt Pupil', 'Counter']
['Mudo', 'Mamudo', 'Fire Boost', 'Apt Pupil', 'Raging Tiger']
['Mamudo', 'Fire Boost', 'Mudo', 'Sukunda', 'Counter']
['Mamudo', 'Fire Boost', 'Mudo', 'Raging Tiger', 'Counter']
['Mudo', 'Raging Tiger', 'Counter', 'Bufula', 'Matarukaja']
['Counter', 'Mabufudyne', 'Mudo', 'Wind Amp', 'Fire Boost']
['Mudo', 'Mamudo', 'Apt Pupil', 'Wind Amp', 'Raging Tiger']
['Raging Tiger', 'Mudo', 'Mamudo', 'Auto-Rakukaja', 'Fire Boost']
['Mamudo', 'Wind Amp', 'Auto-Rakukaja', 'Bufula', 'Fire Boost']
['Mudo', 'Fire Boost', 'Auto-Rakukaja', 'Maragion', 'Resist Strike']
['Raging Tiger', 'Bufula', 'Counter', 'Maragion', 'Mudo']
['Fire Boost', 'Matarukaja', 'Mamudo', 'Resist Strike', 'Mudo']
['Mamudo', 'Agidyne', 'Agilao', 'Sukunda', 'Raging Tiger']
['Mudo', 'Mamudo', 'Apt Pupil', 'Fire Boost', 'Raging Tiger']
['Apt Pupil', 'Raging Tiger', 'Wind Amp', 'Mamudo', 'Mudo']
['Resist Strike', 'Mudo', 'Maragion', 'Raging Tiger', 'Mamudo']
['Apt Pupil', 'Mudo', 'Raging Tiger', 'Mamudo', 'Counter']
['Raging Tiger', 'Sukunda', 'Mudo', 'Fire Boost', 'Counter']
['Raging Tiger', 'Wind Amp', 'Dekunda', 'Mamudo', 'Mudo']
['Mudo', 'Apt Pupil', 'Raging Tiger', 'Bufula', 'Wind Amp']
['Resist Strike', 'Mudo', 'Auto-Rakukaja', 'Mamudo', 'Raging Tiger']
['Counter', 'Me Patra', 'Mudo', 'Raging Tiger', 'Auto-Rakukaja']
['Mudo', 'Counter', 'Mamudo', 'Bufula', 'Fire Boost']
['Mudo', 'Dekunda', 'Resist Strike', 'Mamudo', 'Auto-Rakukaja']
['Mudo', 'Raging Tiger', 'Fire Boost', 'Agilao', 'Mamudo']
['Auto-Rakukaja', 'Mudo', 'Counter', 'Raging Tiger', 'Apt Pupil']
['Bufula', 'Mudo', 'Mamudo', 'Counter', 'Raging Tiger']
['Wind Amp', 'Fire Boost', 'Auto-Rakukaja', 'Raging Tiger', 'Mamudo']
['Mudo', 'Agilao', 'Raging Tiger', 'Garudyne', 'Auto-Rakukaja']
['Mudo', 'Mamudo', 'Me Patra', 'Maragion', 'Auto-Rakukaja']
['Mudo', 'Auto-Rakukaja', 'Wind Amp', 'Fire Boost', 'Mamudo']
['Bufula', 'Mamudo', 'Raging Tiger', 'Fire Boost', 'Agidyne']
['Mamudo', 'Fire Boost', 'Mudo', 'Maragion', 'Raging Tiger']
['Mudo', 'Fire Boost', 'Mamudo', 'Raging Tiger', 'Agilao']
['Counter', 'Mudo', 'Auto-Rakukaja', 'Raging Tiger', 'Sukunda']
['Mudo', 'Mamudo', 'Agidyne', 'Maragion', 'Raging Tiger']
['Raging Tiger', 'Mamudo', 'Fire Boost', 'Mudo', 'Resist Strike']
['Mamudo', 'Wind Amp', 'Raging Tiger', 'Bufula', 'Counter']
['Counter', 'Raging Tiger', 'Fire Boost', 'Mudo', 'Resist Strike']
['Mamudo', 'Resist Strike', 'Mudo', 'Apt Pupil', 'Bufula']
['Raging Tiger', 'Mamudo', 'Apt Pupil', 'Auto-Rakukaja', 'Mudo']
['Raging Tiger', 'Mudo', 'Agilao', 'Mamudo', 'Wind Amp']
['Sukunda', 'Raging Tiger', 'Fire Boost', 'Counter', 'Mamudo']
['Raging Tiger', 'Apt Pupil', 'Mamudo', 'Dekunda', 'Mudo']
['Wind Amp', 'Raging Tiger', 'Dekunda', 'Mamudo', 'Mudo']
['Mamudo', 'Raging Tiger', 'Mudo', 'Auto-Rakukaja', 'Wind Amp']
['Mamudo', 'Counter', 'Raging Tiger', 'Apt Pupil', 'Mudo']
['Fire Boost', 'Mudo', 'Mamudo', 'Wind Amp', 'Raging Tiger']
['Mamudo', 'Mudo', 'Fire Boost', 'Apt Pupil', 'Bufula']
['Mamudo', 'Mudo', 'Raging Tiger', 'Bufula', 'Apt Pupil']
['Mamudo', 'Raging Tiger', 'Mudo', 'Apt Pupil', 'Fire Boost']
['Raging Tiger', 'Matarukaja', 'Mudo', 'Mamudo', 'Apt Pupil']
['Auto-Rakukaja', 'Mudo', 'Raging Tiger', 'Sukunda', 'Magarudyne']
['Fire Boost', 'Mudo', 'Wind Amp', 'Raging Tiger', 'Bufula']
['Mamudo', 'Sukunda', 'Mudo', 'Garudyne', 'Fire Boost']
['Counter', 'Raging Tiger', 'Mudo', 'Sukunda', 'Fire Boost']
['Fire Boost', 'Dekunda', 'Mudo', 'Agilao', 'Raging Tiger']
['Mudo', 'Apt Pupil', 'Mamudo', 'Me Patra', 'Sukunda']
['Mamudo', 'Garudyne', 'Wind Amp', 'Mudo', 'Counter']
['Fire Boost', 'Mamudo', 'Mudo', 'Agilao', 'Agidyne']
['Mudo', 'Mamudo', 'Fire Boost', 'Sukunda', 'Raging Tiger']
['Raging Tiger', 'Mamudo', 'Fire Boost', 'Mudo', 'Garudyne']
['Mudo', 'Mamudo', 'Resist Strike', 'Auto-Rakukaja', 'Raging Tiger']
['Mudo', 'Raging Tiger', 'Mamudo', 'Agilao', 'Fire Boost']
['Mamudo', 'Auto-Rakukaja', 'Mudo', 'Raging Tiger', 'Apt Pupil']
['Counter', 'Raging Tiger', 'Fire Boost', 'Agilao', 'Mudo']
['Mudo', 'Raging Tiger', 'Counter', 'Mamudo', 'Auto-Rakukaja']
['Mabufudyne', 'Raging Tiger', 'Mamudo', 'Mudo', 'Auto-Rakukaja']
['Mudo', 'Auto-Rakukaja', 'Raging Tiger', 'Mamudo', 'Counter']
['Raging Tiger', 'Mudo', 'Mamudo', 'Counter', 'Fire Boost']
['Mudo', 'Sukunda', 'Wind Amp', 'Auto-Rakukaja', 'Raging Tiger']
['Mamudo', 'Resist Strike', 'Sukunda', 'Auto-Rakukaja', 'Mudo']
['Resist Strike', 'Diarahan', 'Mudo', 'Mamudo', 'Counter']
['Mudo', 'Mamudo', 'Auto-Rakukaja', 'Me Patra', 'Fire Boost']
['Counter', 'Mamudo', 'Raging Tiger', 'Mudo', 'Agilao']
['Resist Strike', 'Apt Pupil', 'Mamudo', 'Raging Tiger', 'Counter']
['Mudo', 'Mamudo', 'Agilao', 'Apt Pupil', 'Auto-Rakukaja']
['Mamudo', 'Mudo', 'Apt Pupil', 'Bufula', 'Auto-Rakukaja']
['Mudo', 'Auto-Rakukaja', 'Mamudo', 'Apt Pupil', 'Raging Tiger']
['Matarukaja', 'Mamudo', 'Fire Boost', 'Raging Tiger', 'Diarahan']
['Mudo', 'Mamudo', 'Resist Strike', 'Wind Amp', 'Agidyne']
['Mudo', 'Mamudo', 'Apt Pupil', 'Counter', 'Raging Tiger']
['Counter', 'Bufula', 'Mamudo', 'Apt Pupil', 'Wind Amp']
['Sukunda', 'Mudo', 'Fire Boost', 'Wind Amp', 'Mamudo']
['Auto-Rakukaja', 'Fire Boost', 'Mamudo', 'Mediarama', 'Mudo']
['Mamudo', 'Resist Strike', 'Fire Boost', 'Mudo', 'Wind Amp']
['Matarukaja', 'Mudo', 'Mamudo', 'Raging Tiger', 'Fire Boost']
['Mudo', 'Counter', 'Mamudo', 'Apt Pupil', 'Agilao']
['Mudo', 'Counter', 'Raging Tiger', 'Agidyne', 'Mamudo']
['Auto-Rakukaja', 'Mudo', 'Counter', 'Mamudo', 'Raging Tiger']
['Raging Tiger', 'Fire Boost', 'Dekunda', 'Mamudo', 'Mudo']
['Resist Strike', 'Maragion', 'Mamudo', 'Fire Boost', 'Auto-Rakukaja']
['Apt Pupil', 'Mudo', 'Mamudo', 'Wind Amp', 'Raging Tiger']
['Mudo', 'Raging Tiger', 'Mabufudyne', 'Auto-Rakukaja', 'Diarahan']
['Raging Tiger', 'Mamudo', 'Mudo', 'Fire Boost', 'Counter']
['Fire Boost', 'Resist Strike', 'Mamudo', 'Mudo', 'Auto-Rakukaja']
['Sukunda', 'Mudo', 'Matarukaja', 'Mamudo', 'Auto-Rakukaja']
['Fire Boost', 'Raging Tiger', 'Mamudo', 'Apt Pupil', 'Mudo']
['Mamudo', 'Counter', 'Raging Tiger', 'Sukunda', 'Wind Amp']
['Raging Tiger', 'Apt Pupil', 'Mamudo', 'Mudo', 'Bufula']
['Agidyne', 'Wind Amp', 'Mudo', 'Mamudo', 'Counter']
['Mediarama', 'Mudo', 'Resist Strike', 'Apt Pupil', 'Raging Tiger']
['Mamudo', 'Auto-Rakukaja', 'Raging Tiger', 'Mudo', 'Bufula']
['Mamudo', 'Dekunda', 'Mudo', 'Raging Tiger', 'Apt Pupil']
['Mudo', 'Mamudo', 'Garudyne', 'Resist Strike', 'Me Patra']
['Mudo', 'Mamudo', 'Me Patra', 'Raging Tiger', 'Wind Amp']
['Counter', 'Mamudo', 'Auto-Rakukaja', 'Agidyne', 'Raging Tiger']
['Garudyne', 'Bufula', 'Mudo', 'Auto-Rakukaja', 'Agilao']
['Mamudo', 'Apt Pupil', 'Matarukaja', 'Fire Boost', 'Sukunda']
['Mamudo', 'Mudo', 'Apt Pupil', 'Fire Boost', 'Me Patra']
['Apt Pupil', 'Raging Tiger', 'Wind Amp', 'Mamudo', 'Auto-Rakukaja']
['Counter', 'Wind Amp', 'Mediarama', 'Raging Tiger', 'Mamudo']
['Raging Tiger', 'Apt Pupil', 'Fire Boost', 'Mudo', 'Resist Strike']
['Fire Boost', 'Auto-Rakukaja', 'Mudo', 'Raging Tiger', 'Apt Pupil']
['Resist Strike', 'Raging Tiger', 'Mudo', 'Counter', 'Auto-Rakukaja']
['Mudo', 'Me Patra', 'Counter', 'Mamudo', 'Raging Tiger']
['Counter', 'Mudo', 'Bufula', 'Raging Tiger', 'Fire Boost']
['Agilao', 'Auto-Rakukaja', 'Mamudo', 'Fire Boost', 'Mudo']
['Counter', 'Auto-Rakukaja', 'Mudo', 'Resist Strike', 'Raging Tiger']
['Apt Pupil', 'Mamudo', 'Raging Tiger', 'Resist Strike', 'Wind Amp']
['Raging Tiger', 'Agidyne', 'Wind Amp', 'Mudo', 'Mamudo']
['Mamudo', 'Mudo', 'Apt Pupil', 'Fire Boost', 'Dekunda']
['Mudo', 'Agilao', 'Raging Tiger', 'Wind Amp', 'Mamudo']
['Apt Pupil', 'Agilao', 'Resist Strike', 'Raging Tiger', 'Fire Boost']
['Mamudo', 'Mudo', 'Counter', 'Raging Tiger', 'Fire Boost']
['Mudo', 'Mamudo', 'Apt Pupil', 'Auto-Rakukaja', 'Counter']
['Counter', 'Mudo', 'Me Patra', 'Apt Pupil', 'Resist Strike']
['Mudo', 'Mamudo', 'Raging Tiger', 'Diarahan', 'Auto-Rakukaja']
['Mudo', 'Mamudo', 'Raging Tiger', 'Counter', 'Apt Pupil']
['Wind Amp', 'Mudo', 'Fire Boost', 'Mamudo', 'Raging Tiger']
['Raging Tiger', 'Mamudo', 'Mudo', 'Apt Pupil', 'Agilao']
['Mudo', 'Fire Boost', 'Wind Amp', 'Resist Strike', 'Raging Tiger']
['Mamudo', 'Counter', 'Agilao', 'Mudo', 'Auto-Rakukaja']
['Mamudo', 'Fire Boost', 'Maragion', 'Me Patra', 'Counter']
['Mamudo', 'Mudo', 'Raging Tiger', 'Fire Boost', 'Auto-Rakukaja']
['Mamudo', 'Mudo', 'Resist Strike', 'Apt Pupil', 'Raging Tiger']
['Mamudo', 'Resist Strike', 'Magarudyne', 'Mediarama', 'Dekunda']
['Mamudo', 'Auto-Rakukaja', 'Wind Amp', 'Dekunda', 'Raging Tiger']
['Mamudo', 'Fire Boost', 'Mudo', 'Matarukaja', 'Raging Tiger']
['Mamudo', 'Raging Tiger', 'Mudo', 'Me Patra', 'Wind Amp']
['Fire Boost', 'Mamudo', 'Sukunda', 'Mudo', 'Auto-Rakukaja']
['Mudo', 'Raging Tiger', 'Mamudo', 'Fire Boost', 'Auto-Rakukaja']
['Mudo', 'Mamudo', 'Fire Boost', 'Raging Tiger', 'Apt Pupil']
['Raging Tiger', 'Resist Strike', 'Mudo', 'Counter', 'Mamudo']
['Mudo', 'Raging Tiger', 'Garudyne', 'Fire Boost', 'Mamudo']
['Mamudo', 'Raging Tiger', 'Garudyne', 'Sukunda', 'Auto-Rakukaja']
['Mudo', 'Mamudo', 'Auto-Rakukaja', 'Wind Amp', 'Counter']
['Mamudo', 'Raging Tiger', 'Wind Amp', 'Mudo', 'Fire Boost']
['Fire Boost', 'Auto-Rakukaja', 'Mamudo', 'Raging Tiger', 'Mudo']
['Mudo', 'Raging Tiger', 'Counter', 'Mamudo', 'Wind Amp']
['Mudo', 'Raging Tiger', 'Fire Boost', 'Mamudo', 'Sukunda']
['Mudo', 'Mamudo', 'Raging Tiger', 'Me Patra', 'Fire Boost']
['Mamudo', 'Me Patra', 'Mudo', 'Fire Boost', 'Auto-Rakukaja']
['Raging Tiger', 'Mudo', 'Mamudo', 'Apt Pupil', 'Counter']
['Raging Tiger', 'Mudo', 'Counter', 'Fire Boost', 'Auto-Rakukaja']
['Auto-Rakukaja', 'Wind Amp', 'Mudo', 'Mamudo', 'Resist Strike']
['Magarudyne', 'Raging Tiger', 'Resist Strike', 'Counter', 'Apt Pupil']
['Sukunda', 'Agilao', 'Mudo', 'Mamudo', 'Raging Tiger']
['Fire Boost', 'Mudo', 'Raging Tiger', 'Resist Strike', 'Apt Pupil']
['Mudo', 'Wind Amp', 'Raging Tiger', 'Mamudo', 'Magarudyne']
['Apt Pupil', 'Resist Strike', 'Auto-Rakukaja', 'Garudyne', 'Mudo']
['Mudo', 'Mamudo', 'Fire Boost', 'Me Patra', 'Wind Amp']
['Mudo', 'Counter', 'Fire Boost', 'Wind Amp', 'Mamudo']
['Mamudo', 'Mudo', 'Raging Tiger', 'Counter', 'Auto-Rakukaja']
['Fire Boost', 'Matarukaja', 'Mudo', 'Raging Tiger', 'Mamudo']
['Counter', 'Mamudo', 'Wind Amp', 'Auto-Rakukaja', 'Mudo']
['Mamudo', 'Mudo', 'Raging Tiger', 'Auto-Rakukaja', 'Dekunda']
['Matarukaja', 'Mamudo', 'Auto-Rakukaja', 'Mudo', 'Counter']
['Wind Amp', 'Sukunda', 'Mudo', 'Mabufudyne', 'Apt Pupil']
['Mamudo', 'Counter', 'Mudo', 'Wind Amp', 'Raging Tiger']
['Garudyne', 'Mudo', 'Dekunda', 'Counter', 'Apt Pupil']
['Resist Strike', 'Mamudo', 'Fire Boost', 'Agilao', 'Mudo']
['Mamudo', 'Mudo', 'Raging Tiger', 'Mediarama', 'Fire Boost']
['Raging Tiger', 'Mudo', 'Wind Amp', 'Apt Pupil', 'Mamudo']
['Mamudo', 'Mudo', 'Wind Amp', 'Raging Tiger', 'Auto-Rakukaja']
['Fire Boost', 'Mudo', 'Mamudo', 'Resist Strike', 'Counter']
['Mamudo', 'Mudo', 'Raging Tiger', 'Diarahan', 'Auto-Rakukaja']
['Counter', 'Me Patra', 'Apt Pupil', 'Mudo', 'Mamudo']
['Raging Tiger', 'Mudo', 'Wind Amp', 'Apt Pupil', 'Counter']
['Counter', 'Mamudo', 'Mudo', 'Raging Tiger', 'Mediarama']
['Mudo', 'Raging Tiger', 'Mamudo', 'Mediarama', 'Auto-Rakukaja']
['Mamudo', 'Raging Tiger', 'Wind Amp', 'Fire Boost', 'Mudo']
['Mamudo', 'Raging Tiger', 'Fire Boost', 'Mudo', 'Bufula']
['Mudo', 'Fire Boost', 'Mamudo', 'Raging Tiger', 'Auto-Rakukaja']
['Mudo', 'Fire Boost', 'Auto-Rakukaja', 'Apt Pupil', 'Raging Tiger']
['Mudo', 'Auto-Rakukaja', 'Mamudo', 'Raging Tiger', 'Wind Amp']
['Raging Tiger', 'Wind Amp', 'Mamudo', 'Counter', 'Mediarama']
['Mudo', 'Raging Tiger', 'Maragion', 'Sukunda', 'Auto-Rakukaja']
['Mamudo', 'Mudo', 'Auto-Rakukaja', 'Counter', 'Resist Strike']
['Fire Boost', 'Counter', 'Mudo', 'Raging Tiger', 'Mamudo']
['Maragion', 'Sukunda', 'Mamudo', 'Apt Pupil', 'Resist Strike']
['Apt Pupil', 'Mamudo', 'Mudo', 'Mabufudyne', 'Counter']
['Mudo', 'Maragion', 'Auto-Rakukaja', 'Mamudo', 'Raging Tiger']
['Mamudo', 'Mudo', 'Raging Tiger', 'Fire Boost', 'Wind Amp']
['Resist Strike', 'Apt Pupil', 'Auto-Rakukaja', 'Fire Boost', 'Counter']
['Mamudo', 'Mudo', 'Raging Tiger', 'Auto-Rakukaja', 'Counter']
['Mudo', 'Wind Amp', 'Auto-Rakukaja', 'Mamudo', 'Raging Tiger']
['Mudo', 'Fire Boost', 'Garudyne', 'Raging Tiger', 'Mamudo']
['Mudo', 'Sukunda', 'Apt Pupil', 'Raging Tiger', 'Wind Amp']
['Raging Tiger', 'Mudo', 'Mamudo', 'Fire Boost', 'Apt Pupil']
['Fire Boost', 'Mamudo', 'Mudo', 'Wind Amp', 'Dekunda']
['Matarukaja', 'Diarahan', 'Mamudo', 'Mudo', 'Garudyne']
['Mudo', 'Mamudo', 'Raging Tiger', 'Resist Strike', 'Counter']
['Mamudo', 'Dekunda', 'Mudo', 'Wind Amp', 'Counter']
['Mudo', 'Auto-Rakukaja', 'Mamudo', 'Raging Tiger', 'Resist Strike']
['Mudo', 'Mamudo', 'Raging Tiger', 'Auto-Rakukaja', 'Apt Pupil']
['Mudo', 'Raging Tiger', 'Mamudo', 'Resist Strike', 'Auto-Rakukaja']
['Mudo', 'Mamudo', 'Dekunda', 'Fire Boost', 'Raging Tiger']
['Mamudo', 'Raging Tiger', 'Auto-Rakukaja', 'Diarahan', 'Apt Pupil']
['Mudo', 'Counter', 'Fire Boost', 'Raging Tiger', 'Diarahan']
['Mudo', 'Mamudo', 'Bufula', 'Raging Tiger', 'Counter']
['Fire Boost', 'Apt Pupil', 'Wind Amp', 'Maragion', 'Mamudo']
['Mudo', 'Mamudo', 'Apt Pupil', 'Wind Amp', 'Sukunda']
['Fire Boost', 'Auto-Rakukaja', 'Mamudo', 'Raging Tiger', 'Mudo']
['Counter', 'Mudo', 'Resist Strike', 'Auto-Rakukaja', 'Raging Tiger']
['Fire Boost', 'Counter', 'Raging Tiger', 'Apt Pupil', 'Auto-Rakukaja']
['Sukunda', 'Raging Tiger', 'Fire Boost', 'Counter', 'Mudo']
['Fire Boost', 'Auto-Rakukaja', 'Agilao', 'Mamudo', 'Mudo']
['Auto-Rakukaja', 'Mamudo', 'Raging Tiger', 'Mudo', 'Counter']
['Raging Tiger', 'Sukunda', 'Matarukaja', 'Mamudo', 'Counter']
['Mamudo', 'Mudo', 'Sukunda', 'Auto-Rakukaja', 'Mabufudyne']
['Mamudo', 'Mudo', 'Raging Tiger', 'Fire Boost', 'Apt Pupil']
['Agidyne', 'Mudo', 'Mamudo', 'Raging Tiger', 'Counter']
['Fire Boost', 'Auto-Rakukaja', 'Counter', 'Mamudo', 'Mudo']
['Mabufudyne', 'Bufula', 'Mamudo', 'Wind Amp', 'Raging Tiger']
['Mudo', 'Fire Boost', 'Auto-Rakukaja', 'Mamudo', 'Me Patra']
['Raging Tiger', 'Sukunda', 'Mudo', 'Resist Strike', 'Mamudo']
['Mamudo', 'Matarukaja', 'Auto-Rakukaja', 'Apt Pupil', 'Mudo']
['Mudo', 'Wind Amp', 'Mamudo', 'Auto-Rakukaja', 'Raging Tiger']
['Mudo', 'Diarahan', 'Raging Tiger', 'Apt Pupil', 'Fire Boost']
['Mudo', 'Mamudo', 'Raging Tiger', 'Counter', 'Auto-Rakukaja']
['Mamudo', 'Mudo', 'Raging Tiger', 'Counter', 'Wind Amp']
['Mudo', 'Raging Tiger', 'Apt Pupil', 'Mamudo', 'Garudyne']
['Raging Tiger', 'Fire Boost', 'Mamudo', 'Mudo', 'Sukunda']
['Mudo', 'Raging Tiger', 'Counter', 'Agidyne', 'Resist Strike']
['Raging Tiger', 'Fire Boost', 'Mudo', 'Wind Amp', 'Mamudo']
['Mudo', 'Auto-Rakukaja', 'Dekunda', 'Counter', 'Mamudo']
['Fire Boost', 'Magarudyne', 'Auto-Rakukaja', 'Raging Tiger', 'Garudyne']
['Auto-Rakukaja', 'Resist Strike', 'Mudo', 'Raging Tiger', 'Mamudo']
['Mudo', 'Apt Pupil', 'Diarahan', 'Maragion', 'Mamudo']
['Raging Tiger', 'Mamudo', 'Mudo', 'Me Patra', 'Wind Amp']
['Mudo', 'Raging Tiger', 'Wind Amp', 'Mamudo', 'Auto-Rakukaja']
['Auto-Rakukaja', 'Mamudo', 'Raging Tiger', 'Mudo', 'Fire Boost']
['Mamudo', 'Mudo', 'Apt Pupil', 'Maragion', 'Raging Tiger']
['Counter', 'Raging Tiger', 'Mamudo', 'Mudo', 'Auto-Rakukaja']
['Fire Boost', 'Raging Tiger', 'Mudo', 'Sukunda', 'Agidyne']
['Apt Pupil', 'Mudo', 'Mamudo', 'Sukunda', 'Bufula']
['Counter', 'Mamudo', 'Wind Amp', 'Raging Tiger', 'Mudo']
['Auto-Rakukaja', 'Mamudo', 'Mudo', 'Raging Tiger', 'Resist Strike']
['Mudo', 'Raging Tiger', 'Mamudo', 'Counter', 'Fire Boost']
['Bufula', 'Fire Boost', 'Mamudo', 'Raging Tiger', 'Mudo']
['Auto-Rakukaja', 'Fire Boost', 'Mudo', 'Mabufudyne', 'Mamudo']
['Mamudo', 'Agilao', 'Mudo', 'Wind Amp', 'Raging Tiger']
['Mudo', 'Raging Tiger', 'Wind Amp', 'Mamudo', 'Counter']
['Dekunda', 'Mudo', 'Apt Pupil', 'Mamudo', 'Sukunda']
['Raging Tiger', 'Mabufudyne', 'Auto-Rakukaja', 'Fire Boost', 'Mamudo']
['Mudo', 'Magarudyne', 'Mamudo', 'Fire Boost', 'Wind Amp']
['Mamudo', 'Mudo', 'Magarudyne', 'Counter', 'Bufula']
['Resist Strike', 'Mamudo', 'Auto-Rakukaja', 'Mudo', 'Fire Boost']
['Fire Boost', 'Sukunda', 'Raging Tiger', 'Garudyne', 'Mamudo']
['Mudo', 'Raging Tiger', 'Mamudo', 'Wind Amp', 'Diarahan']
['Mamudo', 'Mudo', 'Auto-Rakukaja', 'Raging Tiger', 'Me Patra']
['Raging Tiger', 'Mamudo', 'Mudo', 'Fire Boost', 'Wind Amp']
['Mamudo', 'Wind Amp', 'Me Patra', 'Resist Strike', 'Agidyne']
['Mamudo', 'Resist Strike', 'Mediarama', 'Mudo', 'Raging Tiger']
['Auto-Rakukaja', 'Apt Pupil', 'Mamudo', 'Raging Tiger', 'Mudo']
['Mudo', 'Maragion', 'Auto-Rakukaja', 'Resist Strike', 'Mamudo']
['Mudo', 'Raging Tiger', 'Fire Boost', 'Mamudo', 'Resist Strike']
['Mamudo', 'Auto-Rakukaja', 'Mudo', 'Resist Strike', 'Raging Tiger']
['Mudo', 'Mamudo', 'Fire Boost', 'Counter', 'Sukunda']
['Raging Tiger', 'Resist Strike', 'Mudo', 'Agidyne', 'Fire Boost']
['Mamudo', 'Mediarama', 'Mudo', 'Garudyne', 'Auto-Rakukaja']
['Raging Tiger', 'Mamudo', 'Sukunda', 'Resist Strike', 'Mudo']
['Fire Boost', 'Mamudo', 'Apt Pupil', 'Agilao', 'Mudo']
['Raging Tiger', 'Mudo', 'Auto-Rakukaja', 'Mamudo', 'Counter']
['Counter', 'Agidyne', 'Bufula', 'Fire Boost', 'Auto-Rakukaja']
['Mudo', 'Mamudo', 'Raging Tiger', 'Fire Boost', 'Counter']
['Wind Amp', 'Sukunda', 'Mudo', 'Diarahan', 'Mamudo']
['Mudo', 'Wind Amp', 'Bufula', 'Mamudo', 'Raging Tiger']
['Wind Amp', 'Mudo', 'Auto-Rakukaja', 'Fire Boost', 'Mamudo']
['Mudo', 'Auto-Rakukaja', 'Mamudo', 'Apt Pupil', 'Raging Tiger']
['Raging Tiger', 'Counter', 'Auto-Rakukaja', 'Mudo', 'Mamudo']
['Mamudo', 'Mudo', 'Apt Pupil', 'Wind Amp', 'Raging Tiger']
['Mudo', 'Counter', 'Sukunda', 'Resist Strike', 'Raging Tiger']
['Mamudo', 'Mediarama', 'Fire Boost', 'Mudo', 'Wind Amp']
['Counter', 'Mudo', 'Mamudo', 'Apt Pupil', 'Raging Tiger']
['Auto-Rakukaja', 'Mamudo', 'Fire Boost', 'Resist Strike', 'Wind Amp']
['Mudo', 'Mamudo', 'Fire Boost', 'Apt Pupil', 'Wind Amp']
['Mudo', 'Maragion', 'Mamudo', 'Auto-Rakukaja', 'Me Patra']
['Auto-Rakukaja', 'Mudo', 'Raging Tiger', 'Fire Boost', 'Agilao']
['Mudo', 'Sukunda', 'Auto-Rakukaja', 'Apt Pupil', 'Counter']
['Auto-Rakukaja', 'Raging Tiger', 'Mudo', 'Mamudo', 'Counter']
['Mudo', 'Garudyne', 'Auto-Rakukaja', 'Agilao', 'Mamudo']
['Mamudo', 'Fire Boost', 'Apt Pupil', 'Magarudyne', 'Counter']
['Mudo', 'Mamudo', 'Raging Tiger', 'Auto-Rakukaja', 'Fire Boost']
['Raging Tiger', 'Mamudo', 'Mudo', 'Fire Boost', 'Wind Amp']
['Mudo', 'Sukunda', 'Mamudo', 'Auto-Rakukaja', 'Resist Strike']
['Mudo', 'Maragion', 'Raging Tiger', 'Fire Boost', 'Auto-Rakukaja']
['Diarahan', 'Dekunda', 'Raging Tiger', 'Fire Boost', 'Mudo']
['Apt Pupil', 'Garudyne', 'Mudo', 'Raging Tiger', 'Mamudo']
['Mudo', 'Resist Strike', 'Raging Tiger', 'Fire Boost', 'Me Patra']
['Mudo', 'Raging Tiger', 'Counter', 'Mamudo', 'Matarukaja']
['Mudo', 'Raging Tiger', 'Wind Amp', 'Mamudo', 'Dekunda']
['Counter', 'Bufula', 'Mamudo', 'Mudo', 'Apt Pupil']
['Mudo', 'Mamudo', 'Fire Boost', 'Raging Tiger', 'Wind Amp']
['Wind Amp', 'Sukunda', 'Mudo', 'Auto-Rakukaja', 'Raging Tiger']
['Raging Tiger', 'Maragion', 'Mamudo', 'Counter', 'Fire Boost']
['Mudo', 'Apt Pupil', 'Mamudo', 'Counter', 'Raging Tiger']
['Auto-Rakukaja', 'Mudo', 'Mamudo', 'Wind Amp', 'Fire Boost']
['Mamudo', 'Auto-Rakukaja', 'Wind Amp', 'Fire Boost', 'Mudo']
['Mudo', 'Resist Strike', 'Raging Tiger', 'Auto-Rakukaja', 'Matarukaja']
['Raging Tiger', 'Auto-Rakukaja', 'Me Patra', 'Mudo', 'Counter']
['Mudo', 'Bufula', 'Wind Amp', 'Mamudo', 'Counter']
['Raging Tiger', 'Mamudo', 'Sukunda', 'Counter', 'Mudo']
['Fire Boost', 'Raging Tiger', 'Counter', 'Wind Amp', 'Dekunda']
['Mamudo', 'Mudo', 'Wind Amp', 'Resist Strike', 'Raging Tiger']
['Mudo', 'Raging Tiger', 'Auto-Rakukaja', 'Mamudo', 'Counter']
['Apt Pupil', 'Raging Tiger', 'Mudo', 'Mamudo', 'Agilao']
['Mudo', 'Maragion', 'Counter', 'Fire Boost', 'Auto-Rakukaja']
['Apt Pupil', 'Mamudo', 'Magarudyne', 'Mudo', 'Raging Tiger']
['Mamudo', 'Resist Strike', 'Apt Pupil', 'Raging Tiger', 'Mudo']
['Bufula', 'Raging Tiger', 'Counter', 'Apt Pupil', 'Me Patra']
['Fire Boost', 'Raging Tiger', 'Mudo', 'Magarudyne', 'Mamudo']
['Mudo', 'Resist Strike', 'Apt Pupil', 'Auto-Rakukaja', 'Wind Amp']
['Mudo', 'Raging Tiger', 'Auto-Rakukaja', 'Resist Strike', 'Fire Boost']
['Raging Tiger', 'Bufula', 'Mudo', 'Auto-Rakukaja', 'Counter']
['Mamudo', 'Mudo', 'Dekunda', 'Raging Tiger', 'Resist Strike']
['Mamudo', 'Mudo', 'Raging Tiger', 'Fire Boost', 'Counter']
['Mudo', 'Raging Tiger', 'Mamudo', 'Wind Amp', 'Agidyne']
['Raging Tiger', 'Diarahan', 'Counter', 'Fire Boost', 'Mamudo']
['Mudo', 'Raging Tiger', 'Mamudo', 'Agilao', 'Counter']
['Counter', 'Mudo', 'Raging Tiger', 'Maragion', 'Fire Boost']
['Mamudo', 'Sukunda', 'Resist Strike', 'Raging Tiger', 'Auto-Rakukaja']
['Mudo', 'Bufula', 'Agilao', 'Resist Strike', 'Mamudo']
['Mamudo', 'Mudo', 'Auto-Rakukaja', 'Resist Strike', 'Raging Tiger']
['Matarukaja', 'Mudo', 'Counter', 'Mamudo', 'Raging Tiger']
['Mudo', 'Mamudo', 'Raging Tiger', 'Fire Boost', 'Counter']
['Raging Tiger', 'Fire Boost', 'Counter', 'Mudo', 'Sukunda']
['Mudo', 'Mamudo', 'Fire Boost', 'Maragion', 'Counter']
['Raging Tiger', 'Mamudo', 'Mudo', 'Apt Pupil', 'Dekunda']
['Sukunda', 'Mamudo', 'Mudo', 'Wind Amp', 'Counter']
['Fire Boost', 'Maragion', 'Sukunda', 'Mamudo', 'Resist Strike']
['Mudo', 'Wind Amp', 'Fire Boost', 'Raging Tiger', 'Bufula']
['Mamudo', 'Raging Tiger', 'Mudo', 'Fire Boost', 'Dekunda']
['Mudo', 'Mamudo', 'Auto-Rakukaja', 'Me Patra', 'Agilao']
['Mudo', 'Raging Tiger', 'Fire Boost', 'Mamudo', 'Apt Pupil']
['Auto-Rakukaja', 'Mabufudyne', 'Matarukaja', 'Mudo', 'Dekunda']
['Mudo', 'Fire Boost', 'Mamudo', 'Auto-Rakukaja', 'Maragion']
['Mudo', 'Mamudo', 'Raging Tiger', 'Counter', 'Dekunda']
['Mamudo', 'Raging Tiger', 'Mudo', 'Diarahan', 'Wind Amp']
['Mamudo', 'Mudo', 'Resist Strike', 'Raging Tiger', 'Sukunda']
['Raging Tiger', 'Mudo', 'Magarudyne', 'Fire Boost', 'Auto-Rakukaja']
['Mamudo', 'Mudo', 'Counter', 'Apt Pupil', 'Resist Strike']
['Mudo', 'Sukunda', 'Maragion', 'Wind Amp', 'Fire Boost']
['Agilao', 'Mamudo', 'Raging Tiger', 'Mudo', 'Fire Boost']
['Bufula', 'Raging Tiger', 'Wind Amp', 'Mamudo', 'Mudo']
['Raging Tiger', 'Mudo', 'Mamudo', 'Fire Boost', 'Auto-Rakukaja']
['Mudo', 'Dekunda', 'Apt Pupil', 'Raging Tiger', 'Mamudo']
['Raging Tiger', 'Mamudo', 'Mudo', 'Fire Boost', 'Resist Strike']
['Auto-Rakukaja', 'Fire Boost', 'Mamudo', 'Me Patra', 'Garudyne']
['Mudo', 'Wind Amp', 'Auto-Rakukaja', 'Sukunda', 'Raging Tiger']
['Mudo', 'Apt Pupil', 'Counter', 'Auto-Rakukaja', 'Mamudo']
['Auto-Rakukaja', 'Apt Pupil', 'Mudo', 'Resist Strike', 'Counter']
['Mudo', 'Resist Strike', 'Fire Boost', 'Auto-Rakukaja', 'Mabufudyne']
['Dekunda', 'Raging Tiger', 'Mudo', 'Mamudo', 'Diarahan']
['Wind Amp', 'Mudo', 'Fire Boost', 'Raging Tiger', 'Agidyne']
['Mudo', 'Raging Tiger', 'Fire Boost', 'Sukunda', 'Resist Strike']
['Mudo', 'Mamudo', 'Raging Tiger', 'Apt Pupil', 'Counter']
['Mudo', 'Auto-Rakukaja', 'Fire Boost', 'Raging Tiger', 'Sukunda']
['Wind Amp', 'Mamudo', 'Mabufudyne', 'Counter', 'Raging Tiger']
['Apt Pupil', 'Mudo', 'Fire Boost', 'Raging Tiger', 'Mamudo']
['Raging Tiger', 'Counter', 'Fire Boost', 'Mudo', 'Mamudo']
['Mamudo', 'Dekunda', 'Fire Boost', 'Raging Tiger', 'Mudo']
['Mamudo', 'Mudo', 'Auto-Rakukaja', 'Maragion', 'Apt Pupil']
['Mudo', 'Mamudo', 'Raging Tiger', 'Apt Pupil', 'Fire Boost']
['Mamudo', 'Mudo', 'Fire Boost', 'Raging Tiger', 'Counter']
['Auto-Rakukaja', 'Bufula', 'Mabufudyne', 'Mudo', 'Counter']
['Auto-Rakukaja', 'Mudo', 'Bufula', 'Mamudo', 'Wind Amp']
['Counter', 'Mudo', 'Raging Tiger', 'Magarudyne', 'Mamudo']
['Fire Boost', 'Mudo', 'Raging Tiger', 'Mamudo', 'Sukunda']
['Mudo', 'Sukunda', 'Raging Tiger', 'Mamudo', 'Mediarama']
['Mamudo', 'Mudo', 'Raging Tiger', 'Mediarama', 'Auto-Rakukaja']
['Matarukaja', 'Mamudo', 'Mudo', 'Auto-Rakukaja', 'Agidyne']
['Apt Pupil', 'Mudo', 'Bufula', 'Raging Tiger', 'Resist Strike']
['Mamudo', 'Fire Boost', 'Mudo', 'Agidyne', 'Mediarama']
['Matarukaja', 'Mudo', 'Raging Tiger', 'Mamudo', 'Counter']
['Counter', 'Mudo', 'Sukunda', 'Raging Tiger', 'Mamudo']
['Raging Tiger', 'Auto-Rakukaja', 'Bufula', 'Agidyne', 'Mamudo']
['Mudo', 'Counter', 'Wind Amp', 'Mamudo', 'Raging Tiger']
['Fire Boost', 'Raging Tiger', 'Mamudo', 'Maragion', 'Sukunda']
['Apt Pupil', 'Fire Boost', 'Mamudo', 'Raging Tiger', 'Resist Strike']
['Mamudo', 'Mudo', 'Raging Tiger', 'Fire Boost', 'Bufula']
['Mudo', 'Auto-Rakukaja', 'Raging Tiger', 'Fire Boost', 'Diarahan']
['Mudo', 'Raging Tiger', 'Fire Boost', 'Auto-Rakukaja', 'Me Patra']
['Resist Strike', 'Mudo', 'Maragion', 'Fire Boost', 'Raging Tiger']
['Mamudo', 'Mudo', 'Raging Tiger', 'Resist Strike', 'Apt Pupil']
['Mudo', 'Mamudo', 'Raging Tiger', 'Resist Strike', 'Bufula']
['Apt Pupil', 'Mudo', 'Mamudo', 'Raging Tiger', 'Wind Amp']
['Agilao', 'Mamudo', 'Raging Tiger', 'Fire Boost', 'Mudo']
['Mamudo', 'Mudo', 'Auto-Rakukaja', 'Sukunda', 'Resist Strike']
['Fire Boost', 'Garudyne', 'Mamudo', 'Mudo', 'Raging Tiger']
['Raging Tiger', 'Apt Pupil', 'Agidyne', 'Mamudo', 'Dekunda']
['Raging Tiger', 'Counter', 'Wind Amp', 'Mudo', 'Mamudo']
['Raging Tiger', 'Mudo', 'Dekunda', 'Mamudo', 'Sukunda']
['Counter', 'Fire Boost', 'Mudo', 'Mamudo', 'Raging Tiger']
['Mudo', 'Fire Boost', 'Mamudo', 'Maragion', 'Resist Strike']
['Mamudo', 'Mudo', 'Matarukaja', 'Auto-Rakukaja', 'Fire Boost']
['Raging Tiger', 'Fire Boost', 'Mabufudyne', 'Mamudo', 'Agilao']
['Auto-Rakukaja', 'Mamudo', 'Counter', 'Mudo', 'Fire Boost']
['Mamudo', 'Wind Amp', 'Mudo', 'Sukunda', 'Fire Boost']
['Mudo', 'Raging Tiger', 'Resist Strike', 'Counter', 'Mamudo']
['Counter', 'Garudyne', 'Mudo', 'Me Patra', 'Raging Tiger']
['Raging Tiger', 'Fire Boost', 'Wind Amp', 'Mudo', 'Apt Pupil']
['Mamudo', 'Mudo', 'Fire Boost', 'Resist Strike', 'Counter']
['Fire Boost', 'Mamudo', 'Mudo', 'Auto-Rakukaja', 'Resist Strike']
['Magarudyne', 'Raging Tiger', 'Mamudo', 'Mabufudyne', 'Fire Boost']
['Mediarama', 'Mamudo', 'Auto-Rakukaja', 'Apt Pupil', 'Dekunda']
['Fire Boost', 'Mudo', 'Wind Amp', 'Raging Tiger', 'Magarudyne']
['Mudo', 'Raging Tiger', 'Mamudo', 'Bufula', 'Apt Pupil']
['Raging Tiger', 'Mudo', 'Apt Pupil', 'Fire Boost', 'Mamudo']
['Raging Tiger', 'Mudo', 'Fire Boost', 'Mamudo', 'Wind Amp']
['Mudo', 'Raging Tiger', 'Dekunda', 'Mamudo', 'Fire Boost']
['Apt Pupil', 'Mamudo', 'Raging Tiger', 'Mudo', 'Fire Boost']
['Resist Strike', 'Counter', 'Mamudo', 'Magarudyne', 'Mudo']
['Auto-Rakukaja', 'Mudo', 'Mamudo', 'Apt Pupil', 'Mabufudyne']
['Maragion', 'Sukunda', 'Mudo', 'Mamudo', 'Auto-Rakukaja']
['Mamudo', 'Wind Amp', 'Raging Tiger', 'Fire Boost', 'Sukunda']
['Dekunda', 'Raging Tiger', 'Apt Pupil', 'Fire Boost', 'Diarahan']
['Resist Strike', 'Raging Tiger', 'Mudo', 'Wind Amp', 'Bufula']
['Raging Tiger', 'Mamudo', 'Garudyne', 'Mudo', 'Counter']
['Auto-Rakukaja', 'Mudo', 'Raging Tiger', 'Counter', 'Wind Amp']
['Auto-Rakukaja', 'Mudo', 'Mamudo', 'Resist Strike', 'Wind Amp']
['Mamudo', 'Mudo', 'Wind Amp', 'Raging Tiger', 'Me Patra']
['Diarahan', 'Fire Boost', 'Mamudo', 'Resist Strike', 'Raging Tiger']
['Mamudo', 'Fire Boost', 'Raging Tiger', 'Mudo', 'Resist Strike']
['Raging Tiger', 'Fire Boost', 'Auto-Rakukaja', 'Apt Pupil', 'Resist Strike']
['Mudo', 'Mamudo', 'Raging Tiger', 'Auto-Rakukaja', 'Apt Pupil']
['Matarukaja', 'Mudo', 'Counter', 'Fire Boost', 'Auto-Rakukaja']
['Fire Boost', 'Mudo', 'Bufula', 'Resist Strike', 'Mamudo']
['Fire Boost', 'Raging Tiger', 'Auto-Rakukaja', 'Wind Amp', 'Mamudo']
['Wind Amp', 'Resist Strike', 'Mudo', 'Auto-Rakukaja', 'Counter']
['Resist Strike', 'Mamudo', 'Raging Tiger', 'Wind Amp', 'Auto-Rakukaja']
['Apt Pupil', 'Mabufudyne', 'Mudo', 'Mamudo', 'Counter']
['Mudo', 'Fire Boost', 'Agilao', 'Raging Tiger', 'Magarudyne']
['Raging Tiger', 'Fire Boost', 'Mudo', 'Auto-Rakukaja', 'Mamudo']
['Mamudo', 'Mudo', 'Wind Amp', 'Raging Tiger', 'Auto-Rakukaja']
['Apt Pupil', 'Mamudo', 'Raging Tiger', 'Counter', 'Fire Boost']
['Bufula', 'Agidyne', 'Diarahan', 'Mediarama', 'Counter']
['Resist Strike', 'Counter', 'Mamudo', 'Apt Pupil', 'Fire Boost']
['Magarudyne', 'Mudo', 'Mamudo', 'Wind Amp', 'Auto-Rakukaja']
['Mudo', 'Mamudo', 'Raging Tiger', 'Sukunda', 'Garudyne']
['Raging Tiger', 'Fire Boost', 'Mudo', 'Mamudo', 'Wind Amp']
['Me Patra', 'Raging Tiger', 'Wind Amp', 'Mamudo', 'Mudo']
['Counter', 'Mudo', 'Wind Amp', 'Mamudo', 'Auto-Rakukaja']
['Mudo', 'Mamudo', 'Resist Strike', 'Raging Tiger', 'Mabufudyne']
['Mamudo', 'Mudo', 'Raging Tiger', 'Counter', 'Fire Boost']
['Sukunda', 'Raging Tiger', 'Mamudo', 'Fire Boost', 'Mudo']
['Raging Tiger', 'Auto-Rakukaja', 'Mediarama', 'Mudo', 'Fire Boost']
['Mudo', 'Mabufudyne', 'Fire Boost', 'Raging Tiger', 'Auto-Rakukaja']
['Mudo', 'Mamudo', 'Raging Tiger', 'Counter', 'Bufula']
['Mudo', 'Resist Strike', 'Dekunda', 'Raging Tiger', 'Auto-Rakukaja']
['Raging Tiger', 'Resist Strike', 'Wind Amp', 'Dekunda', 'Apt Pupil']
['Mudo', 'Auto-Rakukaja', 'Magarudyne', 'Raging Tiger', 'Mamudo']
['Raging Tiger', 'Mamudo', 'Maragion', 'Mudo', 'Fire Boost']
['Mudo', 'Raging Tiger', 'Auto-Rakukaja', 'Resist Strike', 'Counter']
['Auto-Rakukaja', 'Mudo', 'Counter', 'Raging Tiger', 'Mamudo']
['Raging Tiger', 'Mudo', 'Mamudo', 'Auto-Rakukaja', 'Fire Boost']
['Mamudo', 'Mudo', 'Matarukaja', 'Raging Tiger', 'Wind Amp']
['Raging Tiger', 'Mamudo', 'Mudo', 'Fire Boost', 'Wind Amp']
['Mamudo', 'Resist Strike', 'Counter', 'Mudo', 'Sukunda']
['Mudo', 'Mamudo', 'Raging Tiger', 'Mediarama', 'Fire Boost']
['Fire Boost', 'Mamudo', 'Raging Tiger', 'Mudo', 'Auto-Rakukaja']
['Mudo', 'Fire Boost', 'Apt Pupil', 'Mamudo', 'Raging Tiger']
['Mamudo', 'Counter', 'Fire Boost', 'Mudo', 'Auto-Rakukaja']
['Agilao', 'Auto-Rakukaja', 'Mudo', 'Mamudo', 'Agidyne']
['Mamudo', 'Mabufudyne', 'Bufula', 'Counter', 'Sukunda']
['Resist Strike', 'Raging Tiger', 'Mudo', 'Apt Pupil', 'Counter']
['Raging Tiger', 'Fire Boost', 'Mamudo', 'Mudo', 'Bufula']
['Mudo', 'Fire Boost', 'Agilao', 'Auto-Rakukaja', 'Mamudo']
['Mudo', 'Mamudo', 'Auto-Rakukaja', 'Bufula', 'Raging Tiger']
['Wind Amp', 'Fire Boost', 'Agilao', 'Mamudo', 'Mudo']
['Mamudo', 'Mudo', 'Diarahan', 'Garudyne', 'Wind Amp']
['Raging Tiger', 'Mudo', 'Mamudo', 'Me Patra', 'Fire Boost']
['Mudo', 'Raging Tiger', 'Mamudo', 'Counter', 'Dekunda']
['Mamudo', 'Auto-Rakukaja', 'Mudo', 'Apt Pupil', 'Dekunda']
['Resist Strike', 'Mudo', 'Raging Tiger', 'Mamudo', 'Counter']
['Mudo', 'Mamudo', 'Raging Tiger', 'Resist Strike', 'Fire Boost']
['Auto-Rakukaja', 'Mudo', 'Agilao', 'Agidyne', 'Sukunda']
['Mudo', 'Fire Boost', 'Agilao', 'Auto-Rakukaja', 'Resist Strike']
['Matarukaja', 'Mudo', 'Bufula', 'Counter', 'Mediarama']
['Agilao', 'Raging Tiger', 'Mamudo', 'Counter', 'Mudo']
['Mamudo', 'Magarudyne', 'Me Patra', 'Diarahan', 'Wind Amp']
['Mudo', 'Raging Tiger', 'Resist Strike', 'Mamudo', 'Sukunda']
['Mudo', 'Agidyne', 'Auto-Rakukaja', 'Wind Amp', 'Dekunda']
['Resist Strike', 'Auto-Rakukaja', 'Counter', 'Mamudo', 'Raging Tiger']
['Mudo', 'Mamudo', 'Counter', 'Raging Tiger', 'Bufula']
['Mabufudyne', 'Counter', 'Mamudo', 'Mudo', 'Fire Boost']
['Garudyne', 'Fire Boost', 'Wind Amp', 'Mudo', 'Mamudo']
['Mamudo', 'Auto-Rakukaja', 'Mudo', 'Raging Tiger', 'Fire Boost']
['Counter', 'Mamudo', 'Raging Tiger', 'Mudo', 'Wind Amp']
['Auto-Rakukaja', 'Raging Tiger', 'Mudo', 'Mamudo', 'Fire Boost']
['Mamudo', 'Raging Tiger', 'Mudo', 'Auto-Rakukaja', 'Apt Pupil']
['Mudo', 'Wind Amp', 'Apt Pupil', 'Mamudo', 'Garudyne']
['Resist Strike', 'Mudo', 'Auto-Rakukaja', 'Mamudo', 'Fire Boost']
['Diarahan', 'Counter', 'Fire Boost', 'Mudo', 'Mamudo']
['Raging Tiger', 'Fire Boost', 'Mamudo', 'Mudo', 'Auto-Rakukaja']
['Mamudo', 'Raging Tiger', 'Resist Strike', 'Mudo', 'Counter']
['Counter', 'Mudo', 'Mamudo', 'Fire Boost', 'Wind Amp']
['Mudo', 'Raging Tiger', 'Mamudo', 'Auto-Rakukaja', 'Apt Pupil']
['Mudo', 'Mamudo', 'Apt Pupil', 'Counter', 'Auto-Rakukaja']
['Counter', 'Fire Boost', 'Auto-Rakukaja', 'Mudo', 'Raging Tiger']
['Mudo', 'Apt Pupil', 'Mamudo', 'Fire Boost', 'Auto-Rakukaja']
['Mudo', 'Auto-Rakukaja', 'Wind Amp', 'Fire Boost', 'Apt Pupil']
['Raging Tiger', 'Apt Pupil', 'Magarudyne', 'Mudo', 'Resist Strike']
['Mamudo', 'Mudo', 'Apt Pupil', 'Raging Tiger', 'Fire Boost']
['Counter', 'Mudo', 'Apt Pupil', 'Dekunda', 'Mamudo']
['Agidyne', 'Mudo', 'Mamudo', 'Raging Tiger', 'Auto-Rakukaja']
['Fire Boost', 'Mudo', 'Magarudyne', 'Counter', 'Raging Tiger']
['Raging Tiger', 'Fire Boost', 'Mamudo', 'Resist Strike', 'Auto-Rakukaja']
['Apt Pupil', 'Auto-Rakukaja', 'Counter', 'Mamudo', 'Mudo']
['Mamudo', 'Mudo', 'Wind Amp', 'Matarukaja', 'Raging Tiger']
['Fire Boost', 'Raging Tiger', 'Mediarama', 'Mudo', 'Mamudo']
['Auto-Rakukaja', 'Raging Tiger', 'Mudo', 'Resist Strike', 'Counter']
['Agilao', 'Mamudo', 'Raging Tiger', 'Mudo', 'Wind Amp']
['Mudo', 'Fire Boost', 'Raging Tiger', 'Mamudo', 'Wind Amp']
['Fire Boost', 'Mediarama', 'Mamudo', 'Mudo', 'Resist Strike']
['Wind Amp', 'Raging Tiger', 'Fire Boost', 'Mudo', 'Auto-Rakukaja']
['Mudo', 'Raging Tiger', 'Mamudo', 'Fire Boost', 'Apt Pupil']
['Auto-Rakukaja', 'Mudo', 'Maragion', 'Raging Tiger', 'Mamudo']
['Raging Tiger', 'Mudo', 'Bufula', 'Mabufudyne', 'Counter']
['Counter', 'Mudo', 'Raging Tiger', 'Me Patra', 'Apt Pupil']
['Resist Strike', 'Mudo', 'Raging Tiger', 'Mamudo', 'Counter']
['Fire Boost', 'Mamudo', 'Mudo', 'Raging Tiger', 'Me Patra']
['Counter', 'Mamudo', 'Mudo', 'Raging Tiger', 'Resist Strike']
['Mamudo', 'Fire Boost', 'Wind Amp', 'Raging Tiger', 'Counter']
['Fire Boost', 'Raging Tiger', 'Counter', 'Mamudo', 'Mudo']
['Raging Tiger', 'Mudo', 'Mamudo', 'Counter', 'Auto-Rakukaja']
['Wind Amp', 'Apt Pupil', 'Mamudo', 'Mudo', 'Auto-Rakukaja']
['Mudo', 'Mamudo', 'Counter', 'Apt Pupil', 'Raging Tiger']
['Diarahan', 'Raging Tiger', 'Maragion', 'Agilao', 'Auto-Rakukaja']
['Mudo', 'Agidyne', 'Diarahan', 'Counter', 'Mamudo']
['Mamudo', 'Raging Tiger', 'Mudo', 'Sukunda', 'Mediarama']
['Apt Pupil', 'Mudo', 'Auto-Rakukaja', 'Matarukaja', 'Mamudo']
['Auto-Rakukaja', 'Raging Tiger', 'Mudo', 'Mamudo', 'Fire Boost']
['Wind Amp', 'Auto-Rakukaja', 'Mudo', 'Fire Boost', 'Raging Tiger']
['Raging Tiger', 'Fire Boost', 'Mudo', 'Apt Pupil', 'Wind Amp']
['Mamudo', 'Fire Boost', 'Mudo', 'Auto-Rakukaja', 'Raging Tiger']
['Mamudo', 'Maragion', 'Bufula', 'Mudo', 'Matarukaja']
['Mudo', 'Mamudo', 'Apt Pupil', 'Fire Boost', 'Sukunda']
['Auto-Rakukaja', 'Mudo', 'Sukunda', 'Fire Boost', 'Raging Tiger']
['Mamudo', 'Auto-Rakukaja', 'Wind Amp', 'Raging Tiger', 'Mudo']
['Raging Tiger', 'Bufula', 'Dekunda', 'Mamudo', 'Mudo']
['Mamudo', 'Resist Strike', 'Raging Tiger', 'Mudo', 'Maragion']
['Raging Tiger', 'Fire Boost', 'Mudo', 'Mamudo', 'Mabufudyne']
['Mudo', 'Raging Tiger', 'Mamudo', 'Apt Pupil', 'Counter']
['Mudo', 'Mamudo', 'Resist Strike', 'Fire Boost', 'Agidyne']
['Wind Amp', 'Dekunda', 'Fire Boost', 'Mudo', 'Mediarama']
['Sukunda', 'Raging Tiger', 'Dekunda', 'Mudo', 'Mamudo']
['Magarudyne', 'Mamudo', 'Resist Strike', 'Mudo', 'Raging Tiger']
['Resist Strike', 'Wind Amp', 'Mudo', 'Mamudo', 'Raging Tiger']
['Mamudo', 'Counter', 'Raging Tiger', 'Mudo', 'Auto-Rakukaja']
['Mamudo', 'Raging Tiger', 'Dekunda', 'Mudo', 'Agilao']
['Fire Boost', 'Raging Tiger', 'Mamudo', 'Auto-Rakukaja', 'Mudo']
['Mabufudyne', 'Mamudo', 'Mudo', 'Agilao', 'Raging Tiger']
['Auto-Rakukaja', 'Counter', 'Mudo', 'Mamudo', 'Apt Pupil']
['Mamudo', 'Fire Boost', 'Mudo', 'Wind Amp', 'Auto-Rakukaja']
['Mamudo', 'Me Patra', 'Mudo', 'Counter', 'Auto-Rakukaja']
['Magarudyne', 'Resist Strike', 'Raging Tiger', 'Mamudo', 'Mudo']
['Fire Boost', 'Auto-Rakukaja', 'Mudo', 'Bufula', 'Sukunda']
['Apt Pupil', 'Fire Boost', 'Resist Strike', 'Auto-Rakukaja', 'Mamudo']
['Raging Tiger', 'Mamudo', 'Mudo', 'Diarahan', 'Me Patra']
['Raging Tiger', 'Auto-Rakukaja', 'Counter', 'Mamudo', 'Mudo']
['Me Patra', 'Mudo', 'Wind Amp', 'Mabufudyne', 'Mamudo']
['Mamudo', 'Raging Tiger', 'Fire Boost', 'Mudo', 'Auto-Rakukaja']
['Mudo', 'Fire Boost', 'Auto-Rakukaja', 'Raging Tiger', 'Mamudo']
['Counter', 'Fire Boost', 'Auto-Rakukaja', 'Mamudo', 'Raging Tiger']
['Mamudo', 'Agilao', 'Apt Pupil', 'Fire Boost', 'Mudo']
['Mamudo', 'Apt Pupil', 'Mudo', 'Resist Strike', 'Auto-Rakukaja']
['Mamudo', 'Mudo', 'Apt Pupil', 'Dekunda', 'Raging Tiger']
['Raging Tiger', 'Mamudo', 'Mudo', 'Fire Boost', 'Apt Pupil']
['Mudo', 'Matarukaja', 'Counter', 'Sukunda', 'Raging Tiger']
['Mudo', 'Raging Tiger', 'Fire Boost', 'Wind Amp', 'Mamudo']
['Raging Tiger', 'Sukunda', 'Mamudo', 'Fire Boost', 'Mudo']
['Mudo', 'Mamudo', 'Auto-Rakukaja', 'Apt Pupil', 'Raging Tiger']
['Fire Boost', 'Mudo', 'Mamudo', 'Raging Tiger', 'Garudyne']
['Mudo', 'Wind Amp', 'Mamudo', 'Dekunda', 'Fire Boost']
['Mudo', 'Auto-Rakukaja', 'Mamudo', 'Apt Pupil', 'Counter']
['Mamudo', 'Raging Tiger', 'Auto-Rakukaja', 'Mudo', 'Garudyne']
['Dekunda', 'Mamudo', 'Apt Pupil', 'Wind Amp', 'Raging Tiger']
['Mudo', 'Fire Boost', 'Wind Amp', 'Mamudo', 'Dekunda']
['Diarahan', 'Mamudo', 'Mudo', 'Auto-Rakukaja', 'Counter']
['Raging Tiger', 'Me Patra', 'Diarahan', 'Mamudo', 'Agilao']
['Counter', 'Apt Pupil', 'Mudo', 'Sukunda', 'Mamudo']
['Mudo', 'Counter', 'Garudyne', 'Apt Pupil', 'Raging Tiger']
['Raging Tiger', 'Auto-Rakukaja', 'Mudo', 'Mamudo', 'Resist Strike']
['Mudo', 'Magarudyne', 'Fire Boost', 'Raging Tiger', 'Resist Strike']
['Mamudo', 'Auto-Rakukaja', 'Wind Amp', 'Mudo', 'Raging Tiger']
['Mudo', 'Raging Tiger', 'Mamudo', 'Fire Boost', 'Auto-Rakukaja']
['Auto-Rakukaja', 'Raging Tiger', 'Mudo', 'Mamudo', 'Mabufudyne']
['Mudo', 'Agidyne', 'Maragion', 'Raging Tiger', 'Mamudo']
['Auto-Rakukaja', 'Counter', 'Agilao', 'Mamudo', 'Mudo']
['Auto-Rakukaja', 'Raging Tiger', 'Fire Boost', 'Mamudo', 'Sukunda']
['Mamudo', 'Mediarama', 'Mudo', 'Fire Boost', 'Raging Tiger']
['Mamudo', 'Matarukaja', 'Maragion', 'Mudo', 'Raging Tiger']
['Raging Tiger', 'Mudo', 'Sukunda', 'Diarahan', 'Mamudo']
['Raging Tiger', 'Mudo', 'Sukunda', 'Apt Pupil', 'Garudyne']
['Mamudo', 'Fire Boost', 'Auto-Rakukaja', 'Counter', 'Mudo']
['Mudo', 'Fire Boost', 'Auto-Rakukaja', 'Raging Tiger', 'Apt Pupil']
['Mudo', 'Raging Tiger', 'Mamudo', 'Counter', 'Sukunda']
['Mamudo', 'Mudo', 'Counter', 'Raging Tiger', 'Resist Strike']
['Mudo', 'Resist Strike', 'Auto-Rakukaja', 'Raging Tiger', 'Mamudo']
['Raging Tiger', 'Wind Amp', 'Counter', 'Diarahan', 'Sukunda']
['Mamudo', 'Mudo', 'Raging Tiger', 'Garudyne', 'Resist Strike']
['Mudo', 'Counter', 'Raging Tiger', 'Sukunda', 'Fire Boost']
['Fire Boost', 'Sukunda', 'Raging Tiger', 'Apt Pupil', 'Counter']
['Mudo', 'Wind Amp', 'Mamudo', 'Raging Tiger', 'Resist Strike']
['Mudo', 'Raging Tiger', 'Mamudo', 'Bufula', 'Fire Boost']
['Mamudo', 'Wind Amp', 'Raging Tiger', 'Mudo', 'Resist Strike']
['Fire Boost', 'Mudo', 'Mamudo', 'Counter', 'Me Patra']
['Mudo', 'Mamudo', 'Fire Boost', 'Raging Tiger', 'Resist Strike']
['Resist Strike', 'Mamudo', 'Magarudyne', 'Raging Tiger', 'Fire Boost']
['Mamudo', 'Raging Tiger', 'Mudo', 'Fire Boost', 'Maragion']
['Mamudo', 'Fire Boost', 'Mudo', 'Raging Tiger', 'Wind Amp']
['Mudo', 'Fire Boost', 'Counter', 'Sukunda', 'Apt Pupil']
['Mamudo', 'Dekunda', 'Agilao', 'Raging Tiger', 'Mudo']
['Fire Boost', 'Counter', 'Magarudyne', 'Auto-Rakukaja', 'Mudo']
['Mamudo', 'Mudo', 'Dekunda', 'Raging Tiger', 'Bufula']
['Mamudo', 'Matarukaja', 'Dekunda', 'Mudo', 'Raging Tiger']
['Wind Amp', 'Counter', 'Mamudo', 'Raging Tiger', 'Apt Pupil']
['Dekunda', 'Agidyne', 'Mudo', 'Auto-Rakukaja', 'Diarahan']
['Mudo', 'Raging Tiger', 'Apt Pupil', 'Mamudo', 'Counter']
['Counter', 'Fire Boost', 'Mamudo', 'Raging Tiger', 'Me Patra']
['Apt Pupil', 'Wind Amp', 'Raging Tiger', 'Me Patra', 'Mamudo']
['Raging Tiger', 'Fire Boost', 'Mamudo', 'Maragion', 'Mudo']
['Mamudo', 'Mudo', 'Raging Tiger', 'Agidyne', 'Me Patra']
['Sukunda', 'Resist Strike', 'Raging Tiger', 'Fire Boost', 'Dekunda']
['Mamudo', 'Resist Strike', 'Mudo', 'Magarudyne', 'Raging Tiger']
['Counter', 'Mamudo', 'Wind Amp', 'Raging Tiger', 'Mudo']
['Mudo', 'Fire Boost', 'Raging Tiger', 'Mamudo', 'Dekunda']
['Mudo', 'Raging Tiger', 'Fire Boost', 'Me Patra', 'Wind Amp']
['Raging Tiger', 'Auto-Rakukaja', 'Fire Boost', 'Mudo', 'Resist Strike']
['Raging Tiger', 'Dekunda', 'Me Patra', 'Mudo', 'Fire Boost']
['Mudo', 'Wind Amp', 'Mamudo', 'Fire Boost', 'Counter']
['Counter', 'Auto-Rakukaja', 'Mudo', 'Sukunda', 'Fire Boost']
['Mudo', 'Raging Tiger', 'Mamudo', 'Wind Amp', 'Counter']
['Bufula', 'Sukunda', 'Mamudo', 'Fire Boost', 'Mudo']
['Mamudo', 'Apt Pupil', 'Mudo', 'Auto-Rakukaja', 'Fire Boost']
['Resist Strike', 'Raging Tiger', 'Fire Boost', 'Mediarama', 'Dekunda']
['Mudo', 'Garudyne', 'Agilao', 'Mamudo', 'Raging Tiger']
['Mudo', 'Dekunda', 'Wind Amp', 'Mamudo', 'Matarukaja']
['Mamudo', 'Raging Tiger', 'Apt Pupil', 'Mudo', 'Wind Amp']
['Mamudo', 'Mudo', 'Raging Tiger', 'Me Patra', 'Fire Boost']
['Wind Amp', 'Counter', 'Mudo', 'Fire Boost', 'Raging Tiger']
['Mamudo', 'Resist Strike', 'Raging Tiger', 'Mudo', 'Diarahan']
['Mudo', 'Bufula', 'Mamudo', 'Fire Boost', 'Raging Tiger']
['Me Patra', 'Counter', 'Mamudo', 'Mudo', 'Resist Strike']
['Mediarama', 'Mudo', 'Mamudo', 'Apt Pupil', 'Wind Amp']
['Raging Tiger', 'Bufula', 'Mamudo', 'Mudo', 'Auto-Rakukaja']
['Raging Tiger', 'Mudo', 'Wind Amp', 'Fire Boost', 'Mamudo']
['Raging Tiger', 'Auto-Rakukaja', 'Mudo', 'Resist Strike', 'Mamudo']
['Raging Tiger', 'Bufula', 'Wind Amp', 'Mudo', 'Mamudo']
['Mudo', 'Resist Strike', 'Auto-Rakukaja', 'Mamudo', 'Raging Tiger']
['Auto-Rakukaja', 'Raging Tiger', 'Apt Pupil', 'Resist Strike', 'Mamudo']
['Me Patra', 'Fire Boost', 'Raging Tiger', 'Mudo', 'Mamudo']
['Sukunda', 'Mamudo', 'Mudo', 'Raging Tiger', 'Fire Boost']
['Raging Tiger', 'Fire Boost', 'Mamudo', 'Mudo', 'Wind Amp']
['Mamudo', 'Fire Boost', 'Agilao', 'Mudo', 'Resist Strike']
['Fire Boost', 'Resist Strike', 'Mudo', 'Maragion', 'Counter']
['Resist Strike', 'Mudo', 'Fire Boost', 'Apt Pupil', 'Counter']
['Agidyne', 'Wind Amp', 'Fire Boost', 'Apt Pupil', 'Mamudo']
['Mamudo', 'Mudo', 'Fire Boost', 'Sukunda', 'Raging Tiger']
['Auto-Rakukaja', 'Wind Amp', 'Mudo', 'Counter', 'Raging Tiger']
['Raging Tiger', 'Agidyne', 'Mudo', 'Wind Amp', 'Mamudo']
['Mamudo', 'Raging Tiger', 'Sukunda', 'Resist Strike', 'Mudo']
['Mudo', 'Counter', 'Wind Amp', 'Raging Tiger', 'Mamudo']
['Bufula', 'Counter', 'Auto-Rakukaja', 'Fire Boost', 'Mamudo']
['Resist Strike', 'Mudo', 'Mamudo', 'Wind Amp', 'Sukunda']
['Counter', 'Mudo', 'Agidyne', 'Maragion', 'Fire Boost']
['Mamudo', 'Fire Boost', 'Apt Pupil', 'Auto-Rakukaja', 'Mudo']
['Raging Tiger', 'Auto-Rakukaja', 'Mamudo', 'Mudo', 'Apt Pupil']
['Mamudo', 'Counter', 'Mudo', 'Resist Strike', 'Raging Tiger']
['Raging Tiger', 'Resist Strike', 'Auto-Rakukaja', 'Mudo', 'Counter']
['Raging Tiger', 'Mudo', 'Fire Boost', 'Mamudo', 'Dekunda']
['Resist Strike', 'Auto-Rakukaja', 'Mudo', 'Mamudo', 'Raging Tiger']
['Mudo', 'Raging Tiger', 'Mamudo', 'Counter', 'Apt Pupil']
['Mudo', 'Auto-Rakukaja', 'Counter', 'Raging Tiger', 'Mamudo']
['Mamudo', 'Fire Boost', 'Raging Tiger', 'Wind Amp', 'Mudo']
['Mudo', 'Matarukaja', 'Raging Tiger', 'Mamudo', 'Counter']
['Raging Tiger', 'Wind Amp', 'Mudo', 'Mamudo', 'Resist Strike']
['Mamudo', 'Mudo', 'Counter', 'Mediarama', 'Apt Pupil']
['Matarukaja', 'Resist Strike', 'Raging Tiger', 'Mamudo', 'Mudo']
['Maragion', 'Mamudo', 'Mudo', 'Counter', 'Raging Tiger']
['Resist Strike', 'Raging Tiger', 'Fire Boost', 'Garudyne', 'Mudo']
['Mamudo', 'Raging Tiger', 'Mudo', 'Apt Pupil', 'Counter']
['Mamudo', 'Mabufudyne', 'Mudo', 'Raging Tiger', 'Wind Amp']
['Mudo', 'Fire Boost', 'Raging Tiger', 'Mamudo', 'Magarudyne']
['Counter', 'Mamudo', 'Dekunda', 'Mudo', 'Fire Boost']
['Mamudo', 'Me Patra', 'Dekunda', 'Mudo', 'Raging Tiger']
['Raging Tiger', 'Mamudo', 'Auto-Rakukaja', 'Mudo', 'Dekunda']
['Mamudo', 'Mudo', 'Fire Boost', 'Counter', 'Sukunda']
['Mudo', 'Counter', 'Mamudo', 'Matarukaja', 'Bufula']
['Mamudo', 'Mudo', 'Raging Tiger', 'Wind Amp', 'Resist Strike']
['Raging Tiger', 'Mamudo', 'Resist Strike', 'Mudo', 'Counter']
['Raging Tiger', 'Wind Amp', 'Mamudo', 'Fire Boost', 'Mudo']
['Mudo', 'Raging Tiger', 'Mamudo', 'Maragion', 'Fire Boost']
['Mudo', 'Garudyne', 'Wind Amp', 'Raging Tiger', 'Bufula']
['Wind Amp', 'Mudo', 'Mamudo', 'Counter', 'Dekunda']
['Mudo', 'Resist Strike', 'Raging Tiger', 'Mamudo', 'Counter']
['Me Patra', 'Mudo', 'Wind Amp', 'Raging Tiger', 'Fire Boost']
['Mamudo', 'Fire Boost', 'Sukunda', 'Bufula', 'Raging Tiger']
['Raging Tiger', 'Mamudo', 'Mudo', 'Fire Boost', 'Apt Pupil']
['Mediarama', 'Mudo', 'Garudyne', 'Mamudo', 'Fire Boost']
['Apt Pupil', 'Mudo', 'Raging Tiger', 'Auto-Rakukaja', 'Wind Amp']
['Mudo', 'Auto-Rakukaja', 'Mamudo', 'Fire Boost', 'Matarukaja']
['Raging Tiger', 'Mudo', 'Sukunda', 'Mamudo', 'Dekunda']
['Mamudo', 'Apt Pupil', 'Raging Tiger', 'Mudo', 'Auto-Rakukaja']
['Raging Tiger', 'Fire Boost', 'Mudo', 'Maragion', 'Mamudo']
['Mudo', 'Mamudo', 'Maragion', 'Wind Amp', 'Apt Pupil']
['Fire Boost', 'Mudo', 'Wind Amp', 'Raging Tiger', 'Counter']
['Raging Tiger', 'Fire Boost', 'Mudo', 'Wind Amp', 'Mamudo']
['Agilao', 'Dekunda', 'Counter', 'Raging Tiger', 'Mudo']
['Mudo', 'Raging Tiger', 'Mamudo', 'Counter', 'Auto-Rakukaja']
['Mudo', 'Mamudo', 'Raging Tiger', 'Counter', 'Auto-Rakukaja']
['Mudo', 'Diarahan', 'Mamudo', 'Raging Tiger', 'Fire Boost']
['Mamudo', 'Mudo', 'Agilao', 'Apt Pupil', 'Agidyne']
['Mudo', 'Raging Tiger', 'Apt Pupil', 'Mamudo', 'Maragion']
['Raging Tiger', 'Mudo', 'Fire Boost', 'Matarukaja', 'Apt Pupil']
['Diarahan', 'Raging Tiger', 'Fire Boost', 'Mudo', 'Mamudo']
['Mudo', 'Garudyne', 'Raging Tiger', 'Apt Pupil', 'Mamudo']
['Mudo', 'Wind Amp', 'Resist Strike', 'Mamudo', 'Fire Boost']
['Mudo', 'Counter', 'Fire Boost', 'Mamudo', 'Auto-Rakukaja']
['Mamudo', 'Raging Tiger', 'Counter', 'Wind Amp', 'Mabufudyne']
['Raging Tiger', 'Mudo', 'Mamudo', 'Auto-Rakukaja', 'Fire Boost']
['Mudo', 'Dekunda', 'Counter', 'Mamudo', 'Raging Tiger']
['Mamudo', 'Resist Strike', 'Raging Tiger', 'Auto-Rakukaja', 'Fire Boost']
['Mudo', 'Raging Tiger', 'Mamudo', 'Counter', 'Apt Pupil']
['Mudo', 'Counter', 'Mamudo', 'Fire Boost', 'Raging Tiger']
['Raging Tiger', 'Counter', 'Resist Strike', 'Mudo', 'Dekunda']
['Auto-Rakukaja', 'Mamudo', 'Mudo', 'Apt Pupil', 'Bufula']
['Apt Pupil', 'Mudo', 'Raging Tiger', 'Mamudo', 'Auto-Rakukaja']
['Mudo', 'Raging Tiger', 'Mamudo', 'Auto-Rakukaja', 'Diarahan']
['Raging Tiger', 'Mudo', 'Auto-Rakukaja', 'Mamudo', 'Fire Boost']
['Raging Tiger', 'Mudo', 'Auto-Rakukaja', 'Fire Boost', 'Agilao']
['Mudo', 'Mamudo', 'Wind Amp', 'Diarahan', 'Apt Pupil']
['Mudo', 'Mamudo', 'Apt Pupil', 'Wind Amp', 'Fire Boost']
['Apt Pupil', 'Counter', 'Mamudo', 'Mudo', 'Wind Amp']
['Mamudo', 'Mudo', 'Agilao', 'Wind Amp', 'Fire Boost']
['Mudo', 'Raging Tiger', 'Mamudo', 'Auto-Rakukaja', 'Resist Strike']
['Mamudo', 'Counter', 'Raging Tiger', 'Mudo', 'Bufula']
['Mudo', 'Mamudo', 'Raging Tiger', 'Resist Strike', 'Mediarama']
['Apt Pupil', 'Raging Tiger', 'Mamudo', 'Mudo', 'Resist Strike']
['Raging Tiger', 'Mudo', 'Auto-Rakukaja', 'Mamudo', 'Agilao']
['Mamudo', 'Apt Pupil', 'Mudo', 'Raging Tiger', 'Fire Boost']
['Mudo', 'Counter', 'Mediarama', 'Wind Amp', 'Raging Tiger']
['Wind Amp', 'Fire Boost', 'Raging Tiger', 'Magarudyne', 'Mamudo']
['Mudo', 'Raging Tiger', 'Counter', 'Fire Boost', 'Mamudo']
['Raging Tiger', 'Mudo', 'Mamudo', 'Fire Boost', 'Mabufudyne']
['Mudo', 'Wind Amp', 'Raging Tiger', 'Apt Pupil', 'Mamudo']
['Mudo', 'Raging Tiger', 'Apt Pupil', 'Auto-Rakukaja', 'Dekunda']
['Mudo', 'Fire Boost', 'Raging Tiger', 'Mamudo', 'Counter']
['Mudo', 'Raging Tiger', 'Fire Boost', 'Counter', 'Wind Amp']
['Raging Tiger', 'Fire Boost', 'Mudo', 'Wind Amp', 'Auto-Rakukaja']
['Fire Boost', 'Mamudo', 'Apt Pupil', 'Counter', 'Raging Tiger']
['Mamudo', 'Wind Amp', 'Me Patra', 'Mudo', 'Counter']
['Mudo', 'Apt Pupil', 'Mamudo', 'Auto-Rakukaja', 'Fire Boost']
['Mudo', 'Raging Tiger', 'Mamudo', 'Resist Strike', 'Fire Boost']
['Raging Tiger', 'Wind Amp', 'Auto-Rakukaja', 'Mudo', 'Fire Boost']
['Mudo', 'Counter', 'Magarudyne', 'Agidyne', 'Raging Tiger']
['Mudo', 'Mamudo', 'Bufula', 'Agilao', 'Raging Tiger']
['Mudo', 'Fire Boost', 'Mamudo', 'Resist Strike', 'Maragion']
['Mamudo', 'Apt Pupil', 'Counter', 'Raging Tiger', 'Resist Strike']
['Mamudo', 'Mudo', 'Raging Tiger', 'Counter', 'Resist Strike']
['Mamudo', 'Raging Tiger', 'Counter', 'Mudo', 'Resist Strike']
['Mudo', 'Mamudo', 'Wind Amp', 'Counter', 'Raging Tiger']
['Counter', 'Auto-Rakukaja', 'Fire Boost', 'Mudo', 'Agilao']
['Raging Tiger', 'Mudo', 'Counter', 'Mamudo', 'Auto-Rakukaja']
['Counter', 'Raging Tiger', 'Mamudo', 'Resist Strike', 'Me Patra']
['Raging Tiger', 'Mamudo', 'Mudo', 'Magarudyne', 'Counter']
['Raging Tiger', 'Me Patra', 'Auto-Rakukaja', 'Diarahan', 'Mamudo']
['Raging Tiger', 'Mudo', 'Wind Amp', 'Auto-Rakukaja', 'Mamudo']
['Mudo', 'Counter', 'Raging Tiger', 'Fire Boost', 'Mamudo']
['Mamudo', 'Auto-Rakukaja', 'Sukunda', 'Raging Tiger', 'Mudo']
['Mudo', 'Mamudo', 'Sukunda', 'Wind Amp', 'Raging Tiger']
['Raging Tiger', 'Agilao', 'Counter', 'Mudo', 'Mamudo']
['Mudo', 'Dekunda', 'Counter', 'Raging Tiger', 'Fire Boost']
['Wind Amp', 'Auto-Rakukaja', 'Raging Tiger', 'Mudo', 'Mamudo']
['Mudo', 'Fire Boost', 'Mamudo', 'Raging Tiger', 'Auto-Rakukaja']
['Raging Tiger', 'Fire Boost', 'Mudo', 'Wind Amp', 'Resist Strike']
['Mudo', 'Dekunda', 'Resist Strike', 'Mamudo', 'Raging Tiger']
['Mudo', 'Wind Amp', 'Apt Pupil', 'Fire Boost', 'Auto-Rakukaja']
['Mudo', 'Fire Boost', 'Sukunda', 'Raging Tiger', 'Mamudo']
['Counter', 'Mamudo', 'Mudo', 'Raging Tiger', 'Me Patra']
['Mudo', 'Wind Amp', 'Raging Tiger', 'Mamudo', 'Counter']
['Mudo', 'Mamudo', 'Counter', 'Raging Tiger', 'Auto-Rakukaja']
['Mudo', 'Apt Pupil', 'Counter', 'Raging Tiger', 'Maragion']
['Apt Pupil', 'Raging Tiger', 'Fire Boost', 'Mudo', 'Auto-Rakukaja']
['Mudo', 'Counter', 'Wind Amp', 'Apt Pupil', 'Mamudo']
['Raging Tiger', 'Mudo', 'Mamudo', 'Fire Boost', 'Sukunda']
['Mamudo', 'Mudo', 'Fire Boost', 'Resist Strike', 'Counter']
['Mamudo', 'Fire Boost', 'Mudo', 'Raging Tiger', 'Mediarama']
['Auto-Rakukaja', 'Mudo', 'Mamudo', 'Sukunda', 'Raging Tiger']
['Garudyne', 'Mudo', 'Mamudo', 'Fire Boost', 'Apt Pupil']
['Fire Boost', 'Mamudo', 'Diarahan', 'Mudo', 'Resist Strike']
['Raging Tiger', 'Mudo', 'Agilao', 'Auto-Rakukaja', 'Resist Strike']
['Fire Boost', 'Mudo', 'Raging Tiger', 'Wind Amp', 'Mamudo']
['Mudo', 'Auto-Rakukaja', 'Counter', 'Mamudo', 'Raging Tiger']
['Mudo', 'Fire Boost', 'Mamudo', 'Auto-Rakukaja', 'Diarahan']
['Raging Tiger', 'Dekunda', 'Mamudo', 'Diarahan', 'Mudo']
['Mudo', 'Wind Amp', 'Diarahan', 'Counter', 'Mamudo']
['Apt Pupil', 'Mudo', 'Mamudo', 'Fire Boost', 'Raging Tiger']
['Mudo', 'Raging Tiger', 'Auto-Rakukaja', 'Counter', 'Wind Amp']
['Raging Tiger', 'Wind Amp', 'Auto-Rakukaja', 'Counter', 'Mudo']
['Mudo', 'Raging Tiger', 'Resist Strike', 'Mamudo', 'Bufula']
['Auto-Rakukaja', 'Counter', 'Mamudo', 'Wind Amp', 'Mudo']
['Mudo', 'Dekunda', 'Sukunda', 'Raging Tiger', 'Mamudo']
['Mamudo', 'Matarukaja', 'Mudo', 'Auto-Rakukaja', 'Wind Amp']
['Dekunda', 'Mudo', 'Maragion', 'Mamudo', 'Counter']
['Mamudo', 'Mudo', 'Apt Pupil', 'Resist Strike', 'Auto-Rakukaja']
['Mudo', 'Mamudo', 'Sukunda', 'Raging Tiger', 'Fire Boost']
['Mamudo', 'Raging Tiger', 'Fire Boost', 'Mudo', 'Apt Pupil']
['Raging Tiger', 'Apt Pupil', 'Garudyne', 'Fire Boost', 'Mamudo']
['Mudo', 'Fire Boost', 'Auto-Rakukaja', 'Counter', 'Sukunda']
['Mudo', 'Fire Boost', 'Auto-Rakukaja', 'Raging Tiger', 'Mamudo']
['Mamudo', 'Mudo', 'Fire Boost', 'Resist Strike', 'Raging Tiger']
['Resist Strike', 'Wind Amp', 'Mamudo', 'Raging Tiger', 'Agidyne']
['Mudo', 'Counter', 'Fire Boost', 'Mamudo', 'Raging Tiger']
['Mudo', 'Mamudo', 'Raging Tiger', 'Wind Amp', 'Apt Pupil']
['Maragion', 'Garudyne', 'Resist Strike', 'Mamudo', 'Wind Amp']
['Mudo', 'Mamudo', 'Agidyne', 'Fire Boost', 'Raging Tiger']
['Mudo', 'Fire Boost', 'Bufula', 'Raging Tiger', 'Mamudo']
['Mabufudyne', 'Fire Boost', 'Sukunda', 'Mudo', 'Mamudo']
['Counter', 'Raging Tiger', 'Mamudo', 'Mudo', 'Mediarama']
['Mamudo', 'Mudo', 'Raging Tiger', 'Me Patra', 'Counter']
['Raging Tiger', 'Mudo', 'Mamudo', 'Counter', 'Auto-Rakukaja']
['Raging Tiger', 'Matarukaja', 'Mamudo', 'Agilao', 'Mudo']
['Mudo', 'Raging Tiger', 'Sukunda', 'Mamudo', 'Resist Strike']
['Fire Boost', 'Mudo', 'Mamudo', 'Raging Tiger', 'Sukunda']
['Mudo', 'Raging Tiger', 'Me Patra', 'Maragion', 'Fire Boost']
['Mamudo', 'Mudo', 'Raging Tiger', 'Maragion', 'Fire Boost']
['Mamudo', 'Mudo', 'Resist Strike', 'Raging Tiger', 'Apt Pupil']
['Mudo', 'Raging Tiger', 'Fire Boost', 'Agidyne', 'Me Patra']
['Apt Pupil', 'Raging Tiger', 'Mudo', 'Agidyne', 'Mamudo']
['Resist Strike', 'Mamudo', 'Wind Amp', 'Auto-Rakukaja', 'Raging Tiger']
['Mamudo', 'Mudo', 'Raging Tiger', 'Fire Boost', 'Wind Amp']
['Mudo', 'Mamudo', 'Wind Amp', 'Fire Boost', 'Resist Strike']
['Agilao', 'Raging Tiger', 'Bufula', 'Maragion', 'Mudo']
['Wind Amp', 'Raging Tiger', 'Mudo', 'Resist Strike', 'Mamudo']
['Apt Pupil', 'Mudo', 'Mamudo', 'Matarukaja', 'Raging Tiger']
['Mudo', 'Mamudo', 'Wind Amp', 'Counter', 'Fire Boost']
['Auto-Rakukaja', 'Fire Boost', 'Mudo', 'Raging Tiger', 'Counter']
['Resist Strike', 'Mudo', 'Raging Tiger', 'Wind Amp', 'Fire Boost']
['Mudo', 'Apt Pupil', 'Auto-Rakukaja', 'Raging Tiger', 'Mabufudyne']
['Dekunda', 'Apt Pupil', 'Mudo', 'Raging Tiger', 'Mamudo']
['Mudo', 'Me Patra', 'Raging Tiger', 'Wind Amp', 'Resist Strike']
['Mamudo', 'Mudo', 'Wind Amp', 'Apt Pupil', 'Raging Tiger']
['Auto-Rakukaja', 'Wind Amp', 'Raging Tiger', 'Fire Boost', 'Mamudo']
['Auto-Rakukaja', 'Mamudo', 'Mudo', 'Raging Tiger', 'Sukunda']
['Mudo', 'Fire Boost', 'Mamudo', 'Raging Tiger', 'Resist Strike']
['Agilao', 'Garudyne', 'Sukunda', 'Mamudo', 'Counter']
['Auto-Rakukaja', 'Mamudo', 'Mudo', 'Raging Tiger', 'Bufula']
['Raging Tiger', 'Mamudo', 'Wind Amp', 'Mudo', 'Auto-Rakukaja']
['Fire Boost', 'Raging Tiger', 'Mudo', 'Mamudo', 'Counter']
['Mamudo', 'Apt Pupil', 'Raging Tiger', 'Mudo', 'Dekunda']
['Counter', 'Mamudo', 'Raging Tiger', 'Mudo', 'Wind Amp']
['Raging Tiger', 'Agilao', 'Mediarama', 'Mamudo', 'Sukunda']
['Mamudo', 'Counter', 'Garudyne', 'Raging Tiger', 'Mudo']
['Matarukaja', 'Mamudo', 'Mediarama', 'Wind Amp', 'Fire Boost']
['Mudo', 'Raging Tiger', 'Fire Boost', 'Mamudo', 'Bufula']
['Raging Tiger', 'Mamudo', 'Fire Boost', 'Wind Amp', 'Apt Pupil']
['Raging Tiger', 'Apt Pupil', 'Auto-Rakukaja', 'Wind Amp', 'Fire Boost']
['Counter', 'Auto-Rakukaja', 'Raging Tiger', 'Mamudo', 'Fire Boost']
['Agilao', 'Fire Boost', 'Raging Tiger', 'Auto-Rakukaja', 'Mudo']
['Dekunda', 'Counter', 'Mudo', 'Mamudo', 'Raging Tiger']
['Auto-Rakukaja', 'Fire Boost', 'Mamudo', 'Raging Tiger', 'Counter']
['Mudo', 'Mamudo', 'Auto-Rakukaja', 'Raging Tiger', 'Counter']
