['Stagnant Air', 'Null Dark', 'Resist Fire', 'Bufudyne']
['Apt Pupil', 'Wind Boost', 'Mahamaon', 'Wind Amp']
['Mamudoon', 'Wind Boost', 'Resist Fire', 'Null Dark']
['Mahamaon', 'Mamudoon', 'Resist Fire', 'Stagnant Air']
['Stagnant Air', 'Mamudoon', 'Wind Boost', 'Mahamaon']
['Wind Boost', 'Mahamaon', 'Mamudoon', 'Null Dark']
['Apt Pupil', 'Mamudoon', 'Mabufula', 'Mahamaon']
['Mamudoon', 'Wind Amp', 'Mahamaon', 'Auto-Mataru']
['Mahamaon', 'Wind Boost', 'Auto-Mataru', 'Null Dark']
['Mamudoon', 'Wind Boost', 'Mahamaon', 'Null Dark']
['Mahamaon', 'Mamudoon', 'Apt Pupil', 'Null Dark']
['Virus Breath', 'Null Dark', 'Mahamaon', 'Wind Amp']
['Auto-Mataru', 'Apt Pupil', 'Stagnant Air', 'Mamudoon']
['Mahamaon', 'Auto-Mataru', 'Mamudoon', 'Wind Amp']
['Mahamaon', 'Wind Amp', 'Mamudoon', 'Resist Fire']
['Auto-Mataru', 'Mahamaon', 'Resist Fire', 'Wind Boost']
['Wind Boost', 'Mahamaon', 'Mamudoon', 'Apt Pupil']
['Wind Boost', 'Apt Pupil', 'Mamudoon', 'Resist Fire']
['Apt Pupil', 'Mahamaon', 'Null Dark', 'Wind Boost']
['Mahamaon', 'Auto-Mataru', 'Resist Fire', 'Stagnant Air']
['Auto-Mataru', 'Mamudoon', 'Apt Pupil', 'Ice Break']
['Wind Boost', 'Mahamaon', 'Amrita', 'Mamudoon']
['Wind Boost', 'Mahamaon', 'Wind Amp', 'Mamudoon']
['Resist Fire', 'Mahamaon', 'Apt Pupil', 'Mamudoon']
['Bufudyne', 'Mahamaon', 'Wind Boost', 'Resist Fire']
['Mahamaon', 'Mamudoon', 'Wind Boost', 'Apt Pupil']
['Apt Pupil', 'Mahamaon', 'Mamudoon', 'Mabufula']
['Mamudoon', 'Wind Boost', 'Mahamaon', 'Resist Fire']
['Mamudoon', 'Mahamaon', 'Wind Boost', 'Bufudyne']
['Wind Boost', 'Mamudoon', 'Mahamaon', 'Wind Amp']
['Mamudoon', 'Wind Boost', 'Auto-Mataru', 'Mahamaon']
['Mamudoon', 'Null Dark', 'Wind Amp', 'Mahamaon']
['Mamudoon', 'Amrita', 'Apt Pupil', 'Megidolaon']
['Resist Fire', 'Mamudoon', 'Wind Boost', 'Apt Pupil']
['Wind Boost', 'Apt Pupil', 'Null Dark', 'Mamudoon']
['Wind Amp', 'Mamudoon', 'Resist Fire', 'Mahamaon']
['Mamudoon', 'Wind Amp', 'Auto-Mataru', 'Null Dark']
['Bufudyne', 'Auto-Mataru', 'Mahamaon', 'Apt Pupil']
['Wind Amp', 'Mahamaon', 'Mamudoon', 'Ice Break']
['Mamudoon', 'Wind Boost', 'Null Dark', 'Mahamaon']
['Mahamaon', 'Mamudoon', 'Wind Amp', 'Wind Boost']
['Mahamaon', 'Mamudoon', 'Wind Boost', 'Stagnant Air']
['Apt Pupil', 'Mahamaon', 'Wind Boost', 'Mamudoon']
['Null Dark', 'Wind Amp', 'Apt Pupil', 'Mamudoon']
['Apt Pupil', 'Mamudoon', 'Mahamaon', 'Wind Amp']
['Wind Boost', 'Null Dark', 'Auto-Mataru', 'Wind Amp']
['Wind Boost', 'Mahamaon', 'Auto-Mataru', 'Null Dark']
['Mahamaon', 'Resist Fire', 'Wind Boost', 'Null Dark']
['Mahamaon', 'Wind Boost', 'Resist Fire', 'Mamudoon']
['Mamudoon', 'Null Dark', 'Resist Fire', 'Mahamaon']
['Null Dark', 'Mamudoon', 'Wind Boost', 'Stagnant Air']
['Auto-Mataru', 'Wind Amp', 'Wind Boost', 'Apt Pupil']
['Mahamaon', 'Mamudoon', 'Wind Amp', 'Ice Break']
['Mamudoon', 'Wind Amp', 'Wind Boost', 'Bufudyne']
['Stagnant Air', 'Wind Amp', 'Null Dark', 'Ice Break']
['Wind Amp', 'Resist Fire', 'Mamudoon', 'Mahamaon']
['Mamudoon', 'Wind Boost', 'Mahamaon', 'Resist Fire']
['Mahamaon', 'Null Dark', 'Mamudoon', 'Stagnant Air']
['Mamudoon', 'Wind Boost', 'Mahamaon', 'Null Dark']
['Mahamaon', 'Null Dark', 'Apt Pupil', 'Mamudoon']
['Null Dark', 'Mamudoon', 'Mahamaon', 'Apt Pupil']
['Mahamaon', 'Wind Boost', 'Amrita', 'Mamudoon']
['Null Dark', 'Mamudoon', 'Wind Amp', 'Mahamaon']
['Mahamaon', 'Mamudoon', 'Resist Fire', 'Null Dark']
['Stagnant Air', 'Wind Boost', 'Mabufula', 'Mahamaon']
['Bufudyne', 'Resist Fire', 'Mahamaon', 'Apt Pupil']
['Wind Amp', 'Mamudoon', 'Mahamaon', 'Wind Boost']
['Wind Boost', 'Bufudyne', 'Stagnant Air', 'Mamudoon']
['Mahamaon', 'Mamudoon', 'Wind Amp', 'Null Dark']
['Mahamaon', 'Wind Boost', 'Mamudoon', 'Apt Pupil']
['Auto-Mataru', 'Mahamaon', 'Wind Boost', 'Mamudoon']
['Mamudoon', 'Stagnant Air', 'Auto-Mataru', 'Wind Amp']
['Wind Boost', 'Mamudoon', 'Resist Fire', 'Mahamaon']
['Mahamaon', 'Resist Fire', 'Mamudoon', 'Wind Boost']
['Wind Boost', 'Mahamaon', 'Auto-Mataru', 'Apt Pupil']
['Wind Boost', 'Mamudoon', 'Apt Pupil', 'Resist Fire']
['Auto-Mataru', 'Mamudoon', 'Mahamaon', 'Wind Boost']
['Apt Pupil', 'Mahamaon', 'Virus Breath', 'Wind Boost']
['Mahamaon', 'Null Dark', 'Mamudoon', 'Wind Boost']
['Auto-Mataru', 'Mamudoon', 'Wind Boost', 'Megidolaon']
['Mamudoon', 'Null Dark', 'Mahamaon', 'Megidolaon']
['Wind Boost', 'Mamudoon', 'Mahamaon', 'Apt Pupil']
['Mahamaon', 'Apt Pupil', 'Auto-Mataru', 'Mamudoon']
['Mahamaon', 'Bufudyne', 'Mamudoon', 'Null Dark']
['Null Dark', 'Mahamaon', 'Wind Boost', 'Mamudoon']
['Apt Pupil', 'Wind Amp', 'Resist Fire', 'Mahamaon']
['Null Dark', 'Resist Fire', 'Mabufula', 'Mamudoon']
['Mahamaon', 'Mamudoon', 'Wind Amp', 'Wind Boost']
['Mamudoon', 'Mahamaon', 'Resist Fire', 'Ice Break']
['Null Dark', 'Apt Pupil', 'Mamudoon', 'Auto-Mataru']
['Mahamaon', 'Mamudoon', 'Stagnant Air', 'Megidolaon']
['Mamudoon', 'Resist Fire', 'Mahamaon', 'Wind Amp']
['Mamudoon', 'Mahamaon', 'Resist Fire', 'Ice Break']
['Apt Pupil', 'Wind Amp', 'Wind Boost', 'Null Dark']
['Mahamaon', 'Apt Pupil', 'Mamudoon', 'Wind Boost']
['Mahamaon', 'Wind Boost', 'Mamudoon', 'Apt Pupil']
['Resist Fire', 'Mahamaon', 'Virus Breath', 'Wind Amp']
['Mamudoon', 'Mahamaon', 'Wind Boost', 'Wind Amp']
['Mamudoon', 'Resist Fire', 'Null Dark', 'Wind Boost']
['Null Dark', 'Apt Pupil', 'Ice Break', 'Mamudoon']
['Mamudoon', 'Apt Pupil', 'Stagnant Air', 'Mahamaon']
['Mahamaon', 'Mamudoon', 'Null Dark', 'Ice Break']
['Mahamaon', 'Mamudoon', 'Apt Pupil', 'Ice Break']
['Mahamaon', 'Resist Fire', 'Wind Boost', 'Auto-Mataru']
['Auto-Mataru', 'Wind Boost', 'Resist Fire', 'Wind Amp']
['Mahamaon', 'Resist Fire', 'Wind Boost', 'Mamudoon']
['Mamudoon', 'Mahamaon', 'Apt Pupil', 'Auto-Mataru']
['Mamudoon', 'Null Dark', 'Mahamaon', 'Wind Amp']
['Null Dark', 'Mamudoon', 'Mahamaon', 'Stagnant Air']
['Mahamaon', 'Null Dark', 'Wind Boost', 'Mamudoon']
['Apt Pupil', 'Mamudoon', 'Wind Boost', 'Bufudyne']
['Resist Fire', 'Ice Break', 'Wind Boost', 'Stagnant Air']
['Wind Boost', 'Mahamaon', 'Mamudoon', 'Stagnant Air']
['Mahamaon', 'Resist Fire', 'Mamudoon', 'Wind Amp']
['Mamudoon', 'Ice Break', 'Null Dark', 'Mahamaon']
['Wind Boost', 'Auto-Mataru', 'Resist Fire', 'Wind Amp']
['Null Dark', 'Mahamaon', 'Mamudoon', 'Wind Boost']
['Mamudoon', 'Amrita', 'Wind Amp', 'Wind Boost']
['Apt Pupil', 'Auto-Mataru', 'Mahamaon', 'Null Dark']
['Auto-Mataru', 'Wind Amp', 'Wind Boost', 'Mahamaon']
['Wind Boost', 'Wind Amp', 'Resist Fire', 'Mahamaon']
['Mamudoon', 'Wind Boost', 'Null Dark', 'Mahamaon']
['Wind Amp', 'Wind Boost', 'Mamudoon', 'Resist Fire']
['Resist Fire', 'Mahamaon', 'Wind Boost', 'Auto-Mataru']
['Mahamaon', 'Apt Pupil', 'Mamudoon', 'Resist Fire']
['Mahamaon', 'Wind Boost', 'Resist Fire', 'Mamudoon']
['Wind Boost', 'Mamudoon', 'Mahamaon', 'Stagnant Air']
['Auto-Mataru', 'Null Dark', 'Mamudoon', 'Resist Fire']
['Wind Amp', 'Wind Boost', 'Mahamaon', 'Null Dark']
['Stagnant Air', 'Resist Fire', 'Mahamaon', 'Apt Pupil']
['Resist Fire', 'Mahamaon', 'Ice Break', 'Null Dark']
['Null Dark', 'Mahamaon', 'Wind Boost', 'Apt Pupil']
['Wind Boost', 'Mahamaon', 'Auto-Mataru', 'Wind Amp']
['Stagnant Air', 'Wind Amp', 'Resist Fire', 'Mamudoon']
['Mamudoon', 'Resist Fire', 'Apt Pupil', 'Mahamaon']
['Mahamaon', 'Wind Boost', 'Null Dark', 'Apt Pupil']
['Apt Pupil', 'Mamudoon', 'Mahamaon', 'Wind Amp']
['Mamudoon', 'Amrita', 'Null Dark', 'Mahamaon']
['Mamudoon', 'Mahamaon', 'Stagnant Air', 'Virus Breath']
['Resist Fire', 'Auto-Mataru', 'Mahamaon', 'Mamudoon']
['Wind Boost', 'Mahamaon', 'Wind Amp', 'Null Dark']
['Auto-Mataru', 'Wind Amp', 'Mamudoon', 'Mahamaon']
['Mamudoon', 'Megidolaon', 'Bufudyne', 'Apt Pupil']
['Wind Amp', 'Wind Boost', 'Stagnant Air', 'Apt Pupil']
['Wind Amp', 'Auto-Mataru', 'Mahamaon', 'Virus Breath']
['Mahamaon', 'Resist Fire', 'Wind Boost', 'Null Dark']
['Mamudoon', 'Stagnant Air', 'Null Dark', 'Wind Boost']
['Ice Break', 'Mamudoon', 'Wind Amp', 'Auto-Mataru']
['Apt Pupil', 'Wind Boost', 'Mahamaon', 'Amrita']
['Mamudoon', 'Stagnant Air', 'Mahamaon', 'Wind Amp']
['Mahamaon', 'Apt Pupil', 'Mamudoon', 'Wind Boost']
['Wind Amp', 'Mamudoon', 'Null Dark', 'Auto-Mataru']
['Mamudoon', 'Auto-Mataru', 'Wind Boost', 'Resist Fire']
['Wind Amp', 'Null Dark', 'Mahamaon', 'Mamudoon']
['Mahamaon', 'Bufudyne', 'Mamudoon', 'Apt Pupil']
['Resist Fire', 'Null Dark', 'Wind Boost', 'Mahamaon']
['Resist Fire', 'Ice Break', 'Mamudoon', 'Wind Boost']
['Mamudoon', 'Mahamaon', 'Null Dark', 'Mabufula']
['Mamudoon', 'Null Dark', 'Mahamaon', 'Mabufula']
['Mahamaon', 'Mamudoon', 'Wind Boost', 'Apt Pupil']
['Mahamaon', 'Mamudoon', 'Wind Boost', 'Auto-Mataru']
['Wind Boost', 'Mahamaon', 'Resist Fire', 'Mamudoon']
['Resist Fire', 'Mahamaon', 'Amrita', 'Mamudoon']
['Mamudoon', 'Virus Breath', 'Resist Fire', 'Mahamaon']
['Mamudoon', 'Bufudyne', 'Apt Pupil', 'Mahamaon']
['Wind Amp', 'Mahamaon', 'Wind Boost', 'Auto-Mataru']
['Null Dark', 'Mahamaon', 'Apt Pupil', 'Resist Fire']
['Mamudoon', 'Mahamaon', 'Wind Boost', 'Resist Fire']
['Auto-Mataru', 'Mamudoon', 'Mahamaon', 'Wind Boost']
['Mahamaon', 'Mamudoon', 'Wind Amp', 'Auto-Mataru']
['Mamudoon', 'Amrita', 'Resist Fire', 'Wind Amp']
['Mabufula', 'Wind Boost', 'Null Dark', 'Resist Fire']
['Mamudoon', 'Stagnant Air', 'Wind Boost', 'Null Dark']
['Mamudoon', 'Ice Break', 'Wind Amp', 'Mahamaon']
['Wind Boost', 'Mahamaon', 'Null Dark', 'Mamudoon']
['Mamudoon', 'Mahamaon', 'Wind Boost', 'Resist Fire']
['Wind Amp', 'Mahamaon', 'Resist Fire', 'Virus Breath']
['Mamudoon', 'Mahamaon', 'Resist Fire', 'Wind Amp']
['Wind Amp', 'Mahamaon', 'Mamudoon', 'Auto-Mataru']
['Mahamaon', 'Wind Boost', 'Apt Pupil', 'Resist Fire']
['Mahamaon', 'Wind Amp', 'Mamudoon', 'Bufudyne']
['Mamudoon', 'Resist Fire', 'Mahamaon', 'Null Dark']
['Mamudoon', 'Wind Boost', 'Mahamaon', 'Resist Fire']
['Wind Boost', 'Wind Amp', 'Mamudoon', 'Bufudyne']
['Apt Pupil', 'Null Dark', 'Mahamaon', 'Resist Fire']
['Mahamaon', 'Wind Boost', 'Mamudoon', 'Wind Amp']
['Mahamaon', 'Auto-Mataru', 'Resist Fire', 'Wind Amp']
['Wind Amp', 'Mamudoon', 'Bufudyne', 'Mahamaon']
['Mamudoon', 'Mahamaon', 'Wind Boost', 'Null Dark']
['Null Dark', 'Wind Boost', 'Mamudoon', 'Wind Amp']
['Wind Boost', 'Mamudoon', 'Null Dark', 'Mahamaon']
['Wind Amp', 'Resist Fire', 'Wind Boost', 'Mahamaon']
['Mamudoon', 'Wind Boost', 'Null Dark', 'Resist Fire']
['Mahamaon', 'Auto-Mataru', 'Mamudoon', 'Wind Boost']
['Wind Boost', 'Resist Fire', 'Wind Amp', 'Mahamaon']
['Null Dark', 'Mahamaon', 'Mamudoon', 'Wind Amp']
['Mamudoon', 'Wind Amp', 'Mabufula', 'Apt Pupil']
['Mamudoon', 'Mahamaon', 'Mabufula', 'Wind Amp']
['Mamudoon', 'Wind Amp', 'Mahamaon', 'Apt Pupil']
['Mamudoon', 'Apt Pupil', 'Null Dark', 'Amrita']
['Mamudoon', 'Wind Amp', 'Apt Pupil', 'Mabufula']
['Apt Pupil', 'Wind Boost', 'Resist Fire', 'Mamudoon']
['Mahamaon', 'Resist Fire', 'Mamudoon', 'Bufudyne']
['Auto-Mataru', 'Mamudoon', 'Mahamaon', 'Wind Boost']
['Apt Pupil', 'Resist Fire', 'Mahamaon', 'Wind Amp']
['Auto-Mataru', 'Wind Boost', 'Resist Fire', 'Mamudoon']
['Resist Fire', 'Mahamaon', 'Mamudoon', 'Wind Boost']
['Mahamaon', 'Mamudoon', 'Wind Amp', 'Auto-Mataru']
['Mahamaon', 'Amrita', 'Null Dark', 'Resist Fire']
['Mahamaon', 'Apt Pupil', 'Mamudoon', 'Wind Boost']
['Mahamaon', 'Amrita', 'Wind Amp', 'Mamudoon']
['Mamudoon', 'Bufudyne', 'Wind Amp', 'Mahamaon']
['Wind Amp', 'Mamudoon', 'Resist Fire', 'Mahamaon']
['Mahamaon', 'Mamudoon', 'Apt Pupil', 'Wind Boost']
['Mahamaon', 'Mamudoon', 'Wind Amp', 'Wind Boost']
['Null Dark', 'Amrita', 'Auto-Mataru', 'Wind Boost']
['Mamudoon', 'Mahamaon', 'Wind Boost', 'Null Dark']
['Mamudoon', 'Bufudyne', 'Wind Boost', 'Wind Amp']
['Virus Breath', 'Bufudyne', 'Mamudoon', 'Mahamaon']
['Wind Boost', 'Apt Pupil', 'Mamudoon', 'Resist Fire']
['Mamudoon', 'Mahamaon', 'Wind Boost', 'Stagnant Air']
['Mahamaon', 'Wind Amp', 'Wind Boost', 'Resist Fire']
['Mamudoon', 'Mabufula', 'Mahamaon', 'Resist Fire']
['Wind Amp', 'Ice Break', 'Wind Boost', 'Mahamaon']
['Mamudoon', 'Mahamaon', 'Null Dark', 'Wind Boost']
['Mahamaon', 'Wind Boost', 'Mamudoon', 'Virus Breath']
['Stagnant Air', 'Null Dark', 'Apt Pupil', 'Mahamaon']
['Wind Boost', 'Mamudoon', 'Wind Amp', 'Resist Fire']
['Apt Pupil', 'Mamudoon', 'Resist Fire', 'Mahamaon']
['Wind Boost', 'Mahamaon', 'Amrita', 'Auto-Mataru']
['Mamudoon', 'Auto-Mataru', 'Mahamaon', 'Wind Boost']
['Virus Breath', 'Mahamaon', 'Mamudoon', 'Wind Boost']
['Mahamaon', 'Mamudoon', 'Null Dark', 'Mabufula']
['Wind Boost', 'Mamudoon', 'Wind Amp', 'Null Dark']
['Auto-Mataru', 'Mahamaon', 'Mamudoon', 'Mabufula']
['Wind Boost', 'Wind Amp', 'Mamudoon', 'Auto-Mataru']
['Mahamaon', 'Mamudoon', 'Auto-Mataru', 'Wind Amp']
['Wind Boost', 'Mahamaon', 'Mabufula', 'Mamudoon']
['Mahamaon', 'Mamudoon', 'Wind Amp', 'Stagnant Air']
['Null Dark', 'Mamudoon', 'Mahamaon', 'Wind Boost']
['Mamudoon', 'Mahamaon', 'Wind Boost', 'Apt Pupil']
['Apt Pupil', 'Stagnant Air', 'Virus Breath', 'Resist Fire']
['Wind Boost', 'Mahamaon', 'Mamudoon', 'Resist Fire']
['Null Dark', 'Mabufula', 'Auto-Mataru', 'Resist Fire']
['Auto-Mataru', 'Mahamaon', 'Apt Pupil', 'Mamudoon']
['Mahamaon', 'Stagnant Air', 'Mamudoon', 'Null Dark']
['Wind Amp', 'Mabufula', 'Apt Pupil', 'Mahamaon']
['Mahamaon', 'Mamudoon', 'Wind Boost', 'Wind Amp']
['Mabufula', 'Mamudoon', 'Mahamaon', 'Wind Amp']
['Wind Boost', 'Mahamaon', 'Null Dark', 'Mamudoon']
['Apt Pupil', 'Wind Amp', 'Mamudoon', 'Mahamaon']
['Mabufula', 'Mamudoon', 'Wind Boost', 'Null Dark']
['Wind Boost', 'Auto-Mataru', 'Mamudoon', 'Mabufula']
['Wind Boost', 'Resist Fire', 'Wind Amp', 'Apt Pupil']
['Wind Boost', 'Mamudoon', 'Mahamaon', 'Apt Pupil']
['Mamudoon', 'Mahamaon', 'Apt Pupil', 'Wind Boost']
['Wind Boost', 'Null Dark', 'Apt Pupil', 'Wind Amp']
['Wind Boost', 'Mahamaon', 'Mamudoon', 'Wind Amp']
['Wind Amp', 'Mamudoon', 'Mahamaon', 'Wind Boost']
['Wind Boost', 'Auto-Mataru', 'Apt Pupil', 'Mahamaon']
['Resist Fire', 'Null Dark', 'Bufudyne', 'Mahamaon']
['Mahamaon', 'Auto-Mataru', 'Resist Fire', 'Apt Pupil']
['Resist Fire', 'Mamudoon', 'Wind Amp', 'Virus Breath']
['Mamudoon', 'Null Dark', 'Mahamaon', 'Apt Pupil']
['Auto-Mataru', 'Stagnant Air', 'Mahamaon', 'Ice Break']
['Wind Amp', 'Apt Pupil', 'Mahamaon', 'Mamudoon']
['Mamudoon', 'Mahamaon', 'Wind Boost', 'Wind Amp']
['Null Dark', 'Wind Boost', 'Mabufula', 'Mahamaon']
['Wind Amp', 'Mamudoon', 'Resist Fire', 'Mahamaon']
['Wind Boost', 'Apt Pupil', 'Mahamaon', 'Mamudoon']
['Wind Boost', 'Ice Break', 'Mamudoon', 'Apt Pupil']
['Mamudoon', 'Stagnant Air', 'Wind Boost', 'Mahamaon']
['Wind Boost', 'Stagnant Air', 'Mamudoon', 'Ice Break']
['Auto-Mataru', 'Resist Fire', 'Wind Amp', 'Mahamaon']
['Apt Pupil', 'Mahamaon', 'Wind Boost', 'Null Dark']
['Mahamaon', 'Apt Pupil', 'Mamudoon', 'Wind Boost']
['Mamudoon', 'Null Dark', 'Apt Pupil', 'Mahamaon']
['Null Dark', 'Wind Boost', 'Auto-Mataru', 'Mamudoon']
['Wind Amp', 'Mamudoon', 'Mahamaon', 'Apt Pupil']
['Mahamaon', 'Wind Amp', 'Mamudoon', 'Resist Fire']
['Amrita', 'Wind Boost', 'Mamudoon', 'Mahamaon']
['Mahamaon', 'Wind Boost', 'Mamudoon', 'Auto-Mataru']
['Apt Pupil', 'Auto-Mataru', 'Wind Amp', 'Mahamaon']
['Mamudoon', 'Virus Breath', 'Auto-Mataru', 'Resist Fire']
['Resist Fire', 'Auto-Mataru', 'Mahamaon', 'Null Dark']
['Wind Boost', 'Mahamaon', 'Auto-Mataru', 'Null Dark']
['Null Dark', 'Mahamaon', 'Auto-Mataru', 'Apt Pupil']
['Wind Boost', 'Mamudoon', 'Auto-Mataru', 'Mahamaon']
['Resist Fire', 'Mamudoon', 'Mahamaon', 'Wind Amp']
['Mamudoon', 'Mahamaon', 'Wind Amp', 'Wind Boost']
['Resist Fire', 'Null Dark', 'Wind Boost', 'Mahamaon']
['Mamudoon', 'Mahamaon', 'Bufudyne', 'Resist Fire']
['Megidolaon', 'Wind Boost', 'Auto-Mataru', 'Mamudoon']
['Wind Amp', 'Mamudoon', 'Mahamaon', 'Wind Boost']
['Mahamaon', 'Resist Fire', 'Auto-Mataru', 'Mamudoon']
['Mamudoon', 'Bufudyne', 'Wind Boost', 'Null Dark']
['Mahamaon', 'Apt Pupil', 'Wind Amp', 'Null Dark']
['Mahamaon', 'Wind Boost', 'Stagnant Air', 'Mamudoon']
['Null Dark', 'Mamudoon', 'Resist Fire', 'Mahamaon']
['Mahamaon', 'Wind Boost', 'Mamudoon', 'Null Dark']
['Apt Pupil', 'Auto-Mataru', 'Mahamaon', 'Wind Boost']
['Mamudoon', 'Mahamaon', 'Null Dark', 'Auto-Mataru']
['Mamudoon', 'Wind Boost', 'Wind Amp', 'Auto-Mataru']
['Mamudoon', 'Stagnant Air', 'Wind Boost', 'Wind Amp']
['Mahamaon', 'Wind Boost', 'Resist Fire', 'Wind Amp']
['Bufudyne', 'Null Dark', 'Mamudoon', 'Auto-Mataru']
['Mamudoon', 'Mahamaon', 'Wind Boost', 'Resist Fire']
['Mamudoon', 'Mabufula', 'Resist Fire', 'Mahamaon']
['Mabufula', 'Ice Break', 'Mamudoon', 'Wind Boost']
['Wind Amp', 'Mahamaon', 'Mamudoon', 'Null Dark']
['Mamudoon', 'Resist Fire', 'Apt Pupil', 'Virus Breath']
['Mahamaon', 'Wind Amp', 'Resist Fire', 'Wind Boost']
['Amrita', 'Mamudoon', 'Mahamaon', 'Wind Boost']
['Mahamaon', 'Apt Pupil', 'Mabufula', 'Mamudoon']
['Wind Boost', 'Mamudoon', 'Mahamaon', 'Apt Pupil']
['Resist Fire', 'Megidolaon', 'Mamudoon', 'Wind Amp']
['Wind Amp', 'Mahamaon', 'Resist Fire', 'Apt Pupil']
['Mamudoon', 'Wind Boost', 'Auto-Mataru', 'Wind Amp']
['Mamudoon', 'Wind Amp', 'Mahamaon', 'Mabufula']
['Null Dark', 'Mamudoon', 'Apt Pupil', 'Mahamaon']
['Mahamaon', 'Mamudoon', 'Apt Pupil', 'Wind Boost']
['Resist Fire', 'Mahamaon', 'Null Dark', 'Ice Break']
['Apt Pupil', 'Mamudoon', 'Wind Boost', 'Mahamaon']
['Mahamaon', 'Resist Fire', 'Wind Amp', 'Apt Pupil']
['Null Dark', 'Wind Boost', 'Mamudoon', 'Apt Pupil']
['Wind Boost', 'Mamudoon', 'Resist Fire', 'Mahamaon']
['Mamudoon', 'Wind Boost', 'Resist Fire', 'Mahamaon']
['Wind Boost', 'Mabufula', 'Auto-Mataru', 'Ice Break']
['Mamudoon', 'Mahamaon', 'Wind Amp', 'Resist Fire']
['Wind Boost', 'Mahamaon', 'Wind Amp', 'Mamudoon']
['Apt Pupil', 'Null Dark', 'Auto-Mataru', 'Mamudoon']
['Mahamaon', 'Null Dark', 'Apt Pupil', 'Wind Boost']
['Resist Fire', 'Mamudoon', 'Auto-Mataru', 'Wind Boost']
['Mamudoon', 'Apt Pupil', 'Resist Fire', 'Virus Breath']
['Null Dark', 'Mahamaon', 'Apt Pupil', 'Resist Fire']
['Mahamaon', 'Resist Fire', 'Wind Boost', 'Mamudoon']
['Mahamaon', 'Null Dark', 'Resist Fire', 'Wind Boost']
['Apt Pupil', 'Mamudoon', 'Bufudyne', 'Mahamaon']
['Mahamaon', 'Wind Amp', 'Resist Fire', 'Auto-Mataru']
['Mahamaon', 'Resist Fire', 'Wind Boost', 'Mamudoon']
['Wind Boost', 'Mahamaon', 'Stagnant Air', 'Null Dark']
['Mahamaon', 'Resist Fire', 'Wind Amp', 'Mamudoon']
['Mahamaon', 'Wind Boost', 'Stagnant Air', 'Ice Break']
['Mamudoon', 'Wind Boost', 'Mahamaon', 'Ice Break']
['Mamudoon', 'Wind Boost', 'Stagnant Air', 'Resist Fire']
['Mabufula', 'Bufudyne', 'Mamudoon', 'Wind Amp']
['Mahamaon', 'Wind Boost', 'Null Dark', 'Wind Amp']
['Mahamaon', 'Apt Pupil', 'Wind Boost', 'Mamudoon']
['Resist Fire', 'Mamudoon', 'Wind Boost', 'Wind Amp']
['Mamudoon', 'Stagnant Air', 'Wind Boost', 'Mahamaon']
['Stagnant Air', 'Mahamaon', 'Mamudoon', 'Wind Boost']
['Wind Boost', 'Ice Break', 'Mamudoon', 'Mahamaon']
['Null Dark', 'Auto-Mataru', 'Wind Boost', 'Mamudoon']
['Mamudoon', 'Mahamaon', 'Wind Boost', 'Ice Break']
['Resist Fire', 'Mamudoon', 'Wind Boost', 'Mahamaon']
['Auto-Mataru', 'Null Dark', 'Stagnant Air', 'Mahamaon']
['Auto-Mataru', 'Amrita', 'Mabufula', 'Wind Amp']
['Mamudoon', 'Wind Boost', 'Mahamaon', 'Apt Pupil']
['Wind Amp', 'Apt Pupil', 'Null Dark', 'Mamudoon']
['Null Dark', 'Wind Amp', 'Mamudoon', 'Mahamaon']
['Mahamaon', 'Mamudoon', 'Null Dark', 'Apt Pupil']
['Mamudoon', 'Apt Pupil', 'Wind Boost', 'Mahamaon']
['Stagnant Air', 'Mamudoon', 'Wind Boost', 'Mabufula']
['Wind Amp', 'Mahamaon', 'Amrita', 'Null Dark']
['Wind Boost', 'Mahamaon', 'Resist Fire', 'Wind Amp']
['Mamudoon', 'Mahamaon', 'Resist Fire', 'Apt Pupil']
['Wind Boost', 'Mahamaon', 'Mamudoon', 'Null Dark']
['Wind Boost', 'Mamudoon', 'Null Dark', 'Wind Amp']
['Wind Boost', 'Mahamaon', 'Apt Pupil', 'Resist Fire']
['Resist Fire', 'Mamudoon', 'Null Dark', 'Wind Boost']
['Wind Amp', 'Auto-Mataru', 'Mabufula', 'Mamudoon']
['Wind Boost', 'Mamudoon', 'Wind Amp', 'Null Dark']
['Mahamaon', 'Mamudoon', 'Null Dark', 'Wind Boost']
['Mahamaon', 'Megidolaon', 'Mamudoon', 'Auto-Mataru']
['Mahamaon', 'Null Dark', 'Wind Boost', 'Apt Pupil']
['Mahamaon', 'Resist Fire', 'Stagnant Air', 'Wind Amp']
['Mahamaon', 'Resist Fire', 'Mabufula', 'Mamudoon']
['Stagnant Air', 'Mamudoon', 'Apt Pupil', 'Wind Amp']
['Mamudoon', 'Resist Fire', 'Mahamaon', 'Wind Amp']
['Wind Boost', 'Mamudoon', 'Wind Amp', 'Mahamaon']
['Mamudoon', 'Apt Pupil', 'Megidolaon', 'Mahamaon']
['Mabufula', 'Null Dark', 'Mahamaon', 'Wind Boost']
['Mahamaon', 'Auto-Mataru', 'Resist Fire', 'Wind Boost']
['Mamudoon', 'Null Dark', 'Apt Pupil', 'Mahamaon']
['Mamudoon', 'Auto-Mataru', 'Mabufula', 'Wind Amp']
['Mahamaon', 'Apt Pupil', 'Wind Boost', 'Mamudoon']
['Mahamaon', 'Stagnant Air', 'Null Dark', 'Resist Fire']
['Wind Boost', 'Wind Amp', 'Resist Fire', 'Mahamaon']
['Mamudoon', 'Virus Breath', 'Wind Boost', 'Null Dark']
['Ice Break', 'Wind Boost', 'Stagnant Air', 'Null Dark']
['Mahamaon', 'Mamudoon', 'Apt Pupil', 'Auto-Mataru']
['Wind Boost', 'Resist Fire', 'Virus Breath', 'Mahamaon']
['Mamudoon', 'Mahamaon', 'Wind Boost', 'Wind Amp']
['Auto-Mataru', 'Null Dark', 'Mamudoon', 'Mahamaon']
['Mahamaon', 'Resist Fire', 'Wind Boost', 'Wind Amp']
['Null Dark', 'Mabufula', 'Wind Boost', 'Apt Pupil']
['Mahamaon', 'Wind Boost', 'Resist Fire', 'Wind Amp']
['Mamudoon', 'Mahamaon', 'Wind Amp', 'Wind Boost']
['Mamudoon', 'Wind Amp', 'Mahamaon', 'Auto-Mataru']
['Wind Boost', 'Mamudoon', 'Resist Fire', 'Apt Pupil']
['Ice Break', 'Resist Fire', 'Auto-Mataru', 'Wind Boost']
['Resist Fire', 'Mamudoon', 'Apt Pupil', 'Wind Amp']
['Mamudoon', 'Wind Amp', 'Resist Fire', 'Auto-Mataru']
['Mamudoon', 'Wind Boost', 'Mahamaon', 'Wind Amp']
['Auto-Mataru', 'Mamudoon', 'Wind Boost', 'Null Dark']
['Mamudoon', 'Wind Amp', 'Apt Pupil', 'Auto-Mataru']
['Mahamaon', 'Mabufula', 'Wind Amp', 'Wind Boost']
['Mamudoon', 'Mahamaon', 'Wind Amp', 'Stagnant Air']
['Wind Boost', 'Wind Amp', 'Apt Pupil', 'Mamudoon']
['Mamudoon', 'Wind Boost', 'Resist Fire', 'Apt Pupil']
['Wind Boost', 'Mamudoon', 'Mahamaon', 'Auto-Mataru']
['Mamudoon', 'Mahamaon', 'Amrita', 'Resist Fire']
['Wind Amp', 'Mamudoon', 'Null Dark', 'Auto-Mataru']
['Mahamaon', 'Mamudoon', 'Wind Boost', 'Null Dark']
['Resist Fire', 'Auto-Mataru', 'Wind Boost', 'Mamudoon']
['Mamudoon', 'Wind Boost', 'Stagnant Air', 'Mahamaon']
['Virus Breath', 'Wind Boost', 'Mahamaon', 'Mamudoon']
['Auto-Mataru', 'Mamudoon', 'Stagnant Air', 'Mahamaon']
['Resist Fire', 'Mamudoon', 'Wind Boost', 'Mahamaon']
['Mahamaon', 'Wind Amp', 'Wind Boost', 'Bufudyne']
['Amrita', 'Mamudoon', 'Auto-Mataru', 'Mahamaon']
['Wind Boost', 'Apt Pupil', 'Auto-Mataru', 'Virus Breath']
['Mahamaon', 'Mamudoon', 'Virus Breath', 'Apt Pupil']
['Mahamaon', 'Mamudoon', 'Apt Pupil', 'Auto-Mataru']
['Mamudoon', 'Auto-Mataru', 'Wind Boost', 'Mahamaon']
['Apt Pupil', 'Wind Boost', 'Mahamaon', 'Mamudoon']
['Mamudoon', 'Resist Fire', 'Wind Boost', 'Mahamaon']
['Mamudoon', 'Apt Pupil', 'Megidolaon', 'Mahamaon']
['Mahamaon', 'Wind Boost', 'Mamudoon', 'Null Dark']
['Mahamaon', 'Auto-Mataru', 'Wind Amp', 'Megidolaon']
['Wind Boost', 'Ice Break', 'Mahamaon', 'Resist Fire']
['Wind Amp', 'Mamudoon', 'Virus Breath', 'Mahamaon']
['Mahamaon', 'Wind Amp', 'Mamudoon', 'Apt Pupil']
['Apt Pupil', 'Null Dark', 'Resist Fire', 'Mahamaon']
['Wind Boost', 'Stagnant Air', 'Resist Fire', 'Mahamaon']
['Mahamaon', 'Mamudoon', 'Wind Boost', 'Auto-Mataru']
['Null Dark', 'Wind Boost', 'Mahamaon', 'Mamudoon']
['Mamudoon', 'Mahamaon', 'Wind Amp', 'Wind Boost']
['Mahamaon', 'Mamudoon', 'Resist Fire', 'Wind Boost']
['Amrita', 'Mahamaon', 'Auto-Mataru', 'Wind Amp']
['Wind Amp', 'Auto-Mataru', 'Mamudoon', 'Mahamaon']
['Mahamaon', 'Wind Boost', 'Wind Amp', 'Mamudoon']
['Mamudoon', 'Mahamaon', 'Wind Boost', 'Auto-Mataru']
['Wind Amp', 'Wind Boost', 'Resist Fire', 'Mahamaon']
['Mahamaon', 'Wind Amp', 'Mamudoon', 'Amrita']
['Mahamaon', 'Mamudoon', 'Ice Break', 'Stagnant Air']
['Wind Amp', 'Auto-Mataru', 'Mamudoon', 'Mahamaon']
['Resist Fire', 'Mabufula', 'Bufudyne', 'Mamudoon']
['Mahamaon', 'Apt Pupil', 'Mabufula', 'Mamudoon']
['Null Dark', 'Virus Breath', 'Mahamaon', 'Apt Pupil']
['Wind Boost', 'Wind Amp', 'Mamudoon', 'Mahamaon']
['Wind Boost', 'Null Dark', 'Mahamaon', 'Mamudoon']
['Mahamaon', 'Apt Pupil', 'Resist Fire', 'Mabufula']
['Mamudoon', 'Mahamaon', 'Null Dark', 'Megidolaon']
['Wind Boost', 'Resist Fire', 'Mamudoon', 'Mahamaon']
['Null Dark', 'Mamudoon', 'Wind Amp', 'Auto-Mataru']
['Apt Pupil', 'Mamudoon', 'Stagnant Air', 'Wind Boost']
['Null Dark', 'Wind Boost', 'Auto-Mataru', 'Ice Break']
['Auto-Mataru', 'Wind Amp', 'Null Dark', 'Mahamaon']
['Mamudoon', 'Wind Boost', 'Null Dark', 'Mahamaon']
['Wind Amp', 'Mamudoon', 'Mahamaon', 'Apt Pupil']
['Mahamaon', 'Wind Boost', 'Auto-Mataru', 'Mamudoon']
['Wind Amp', 'Apt Pupil', 'Auto-Mataru', 'Mahamaon']
['Wind Amp', 'Null Dark', 'Mahamaon', 'Mamudoon']
['Mahamaon', 'Mamudoon', 'Resist Fire', 'Mabufula']
['Wind Boost', 'Stagnant Air', 'Apt Pupil', 'Mahamaon']
['Mahamaon', 'Mamudoon', 'Wind Boost', 'Apt Pupil']
['Wind Boost', 'Mamudoon', 'Auto-Mataru', 'Mahamaon']
['Wind Amp', 'Resist Fire', 'Wind Boost', 'Mahamaon']
['Mamudoon', 'Mahamaon', 'Apt Pupil', 'Wind Boost']
['Wind Boost', 'Mahamaon', 'Mamudoon', 'Apt Pupil']
['Mamudoon', 'Amrita', 'Mabufula', 'Null Dark']
['Mamudoon', 'Mabufula', 'Wind Boost', 'Mahamaon']
['Mahamaon', 'Auto-Mataru', 'Null Dark', 'Wind Boost']
['Mamudoon', 'Wind Boost', 'Auto-Mataru', 'Ice Break']
['Mahamaon', 'Resist Fire', 'Wind Amp', 'Wind Boost']
['Null Dark', 'Mahamaon', 'Stagnant Air', 'Mamudoon']
['Wind Boost', 'Mahamaon', 'Auto-Mataru', 'Null Dark']
['Mahamaon', 'Wind Boost', 'Stagnant Air', 'Apt Pupil']
['Mamudoon', 'Resist Fire', 'Wind Amp', 'Mahamaon']
['Apt Pupil', 'Mamudoon', 'Null Dark', 'Mahamaon']
['Mamudoon', 'Wind Boost', 'Auto-Mataru', 'Mahamaon']
['Null Dark', 'Ice Break', 'Auto-Mataru', 'Apt Pupil']
['Mamudoon', 'Wind Boost', 'Auto-Mataru', 'Virus Breath']
['Wind Amp', 'Null Dark', 'Mahamaon', 'Virus Breath']
['Mahamaon', 'Auto-Mataru', 'Mamudoon', 'Wind Amp']
['Mahamaon', 'Auto-Mataru', 'Mamudoon', 'Null Dark']
['Wind Boost', 'Mamudoon', 'Mahamaon', 'Wind Amp']
['Mamudoon', 'Mahamaon', 'Wind Amp', 'Mabufula']
['Wind Amp', 'Mahamaon', 'Wind Boost', 'Mamudoon']
['Stagnant Air', 'Resist Fire', 'Wind Boost', 'Auto-Mataru']
['Mamudoon', 'Apt Pupil', 'Mahamaon', 'Auto-Mataru']
['Mamudoon', 'Resist Fire', 'Auto-Mataru', 'Wind Boost']
['Mahamaon', 'Wind Boost', 'Auto-Mataru', 'Virus Breath']
['Mamudoon', 'Auto-Mataru', 'Wind Boost', 'Wind Amp']
['Mahamaon', 'Apt Pupil', 'Auto-Mataru', 'Wind Amp']
['Wind Boost', 'Apt Pupil', 'Mabufula', 'Mahamaon']
['Mahamaon', 'Bufudyne', 'Mamudoon', 'Megidolaon']
['Resist Fire', 'Megidolaon', 'Wind Boost', 'Mahamaon']
['Mahamaon', 'Wind Boost', 'Auto-Mataru', 'Mamudoon']
['Auto-Mataru', 'Wind Amp', 'Wind Boost', 'Null Dark']
['Resist Fire', 'Wind Amp', 'Null Dark', 'Mahamaon']
['Mahamaon', 'Null Dark', 'Resist Fire', 'Wind Boost']
['Resist Fire', 'Wind Boost', 'Virus Breath', 'Mahamaon']
['Wind Boost', 'Mahamaon', 'Mamudoon', 'Null Dark']
['Wind Amp', 'Mamudoon', 'Mahamaon', 'Apt Pupil']
['Mamudoon', 'Auto-Mataru', 'Wind Amp', 'Wind Boost']
['Mamudoon', 'Amrita', 'Resist Fire', 'Wind Boost']
['Wind Boost', 'Resist Fire', 'Apt Pupil', 'Mamudoon']
['Mamudoon', 'Wind Amp', 'Null Dark', 'Wind Boost']
['Mahamaon', 'Wind Amp', 'Auto-Mataru', 'Amrita']
['Null Dark', 'Mahamaon', 'Mamudoon', 'Wind Amp']
['Null Dark', 'Wind Amp', 'Mahamaon', 'Wind Boost']
['Mahamaon', 'Auto-Mataru', 'Mamudoon', 'Wind Boost']
['Amrita', 'Wind Boost', 'Auto-Mataru', 'Virus Breath']
['Bufudyne', 'Mahamaon', 'Wind Amp', 'Auto-Mataru']
['Resist Fire', 'Mamudoon', 'Mahamaon', 'Wind Boost']
['Mamudoon', 'Wind Boost', 'Resist Fire', 'Megidolaon']
['Wind Boost', 'Null Dark', 'Wind Amp', 'Mahamaon']
['Mahamaon', 'Wind Amp', 'Wind Boost', 'Ice Break']
['Wind Amp', 'Resist Fire', 'Mamudoon', 'Mahamaon']
['Mahamaon', 'Mamudoon', 'Auto-Mataru', 'Wind Boost']
['Wind Boost', 'Mamudoon', 'Apt Pupil', 'Mabufula']
['Mahamaon', 'Auto-Mataru', 'Wind Boost', 'Stagnant Air']
['Mamudoon', 'Wind Amp', 'Auto-Mataru', 'Wind Boost']
['Wind Amp', 'Mahamaon', 'Mamudoon', 'Auto-Mataru']
['Resist Fire', 'Wind Boost', 'Mamudoon', 'Wind Amp']
['Ice Break', 'Wind Boost', 'Wind Amp', 'Resist Fire']
['Mahamaon', 'Wind Amp', 'Mamudoon', 'Resist Fire']
['Wind Boost', 'Null Dark', 'Mahamaon', 'Resist Fire']
['Mahamaon', 'Mamudoon', 'Wind Boost', 'Mabufula']
['Mahamaon', 'Resist Fire', 'Wind Boost', 'Apt Pupil']
['Wind Boost', 'Apt Pupil', 'Mahamaon', 'Mabufula']
['Wind Boost', 'Megidolaon', 'Mahamaon', 'Null Dark']
['Resist Fire', 'Mahamaon', 'Mamudoon', 'Mabufula']
['Resist Fire', 'Mamudoon', 'Wind Amp', 'Mahamaon']
['Mahamaon', 'Resist Fire', 'Wind Boost', 'Null Dark']
['Apt Pupil', 'Mahamaon', 'Mamudoon', 'Resist Fire']
['Auto-Mataru', 'Mahamaon', 'Apt Pupil', 'Wind Amp']
['Mamudoon', 'Null Dark', 'Resist Fire', 'Wind Boost']
['Wind Boost', 'Mahamaon', 'Apt Pupil', 'Bufudyne']
['Mahamaon', 'Wind Boost', 'Wind Amp', 'Mamudoon']
['Auto-Mataru', 'Wind Boost', 'Mahamaon', 'Mamudoon']
['Amrita', 'Mamudoon', 'Resist Fire', 'Null Dark']
['Mamudoon', 'Mabufula', 'Mahamaon', 'Apt Pupil']
['Apt Pupil', 'Mamudoon', 'Mahamaon', 'Resist Fire']
['Mamudoon', 'Mahamaon', 'Resist Fire', 'Apt Pupil']
['Bufudyne', 'Null Dark', 'Auto-Mataru', 'Mahamaon']
['Wind Boost', 'Resist Fire', 'Mahamaon', 'Null Dark']
['Mahamaon', 'Wind Boost', 'Wind Amp', 'Bufudyne']
['Mahamaon', 'Auto-Mataru', 'Null Dark', 'Resist Fire']
['Wind Boost', 'Null Dark', 'Resist Fire', 'Mamudoon']
['Mamudoon', 'Mahamaon', 'Apt Pupil', 'Null Dark']
['Mahamaon', 'Mamudoon', 'Resist Fire', 'Ice Break']
['Mamudoon', 'Null Dark', 'Wind Amp', 'Virus Breath']
['Mahamaon', 'Apt Pupil', 'Wind Boost', 'Wind Amp']
['Wind Boost', 'Mamudoon', 'Apt Pupil', 'Null Dark']
['Auto-Mataru', 'Mahamaon', 'Ice Break', 'Null Dark']
['Mamudoon', 'Apt Pupil', 'Wind Amp', 'Resist Fire']
['Wind Boost', 'Mahamaon', 'Virus Breath', 'Mamudoon']
['Null Dark', 'Wind Boost', 'Mamudoon', 'Mahamaon']
['Null Dark', 'Mamudoon', 'Resist Fire', 'Apt Pupil']
['Mahamaon', 'Megidolaon', 'Mamudoon', 'Apt Pupil']
['Apt Pupil', 'Mamudoon', 'Amrita', 'Virus Breath']
['Mahamaon', 'Wind Boost', 'Auto-Mataru', 'Wind Amp']
['Mamudoon', 'Wind Boost', 'Apt Pupil', 'Resist Fire']
['Mamudoon', 'Apt Pupil', 'Wind Boost', 'Wind Amp']
['Mabufula', 'Mahamaon', 'Apt Pupil', 'Mamudoon']
['Mamudoon', 'Auto-Mataru', 'Resist Fire', 'Null Dark']
['Mahamaon', 'Mamudoon', 'Wind Amp', 'Wind Boost']
['Mahamaon', 'Resist Fire', 'Wind Boost', 'Mamudoon']
['Mahamaon', 'Mamudoon', 'Wind Amp', 'Wind Boost']
['Null Dark', 'Mahamaon', 'Mamudoon', 'Wind Boost']
['Mahamaon', 'Ice Break', 'Mamudoon', 'Null Dark']
['Mahamaon', 'Resist Fire', 'Wind Boost', 'Mamudoon']
['Mahamaon', 'Auto-Mataru', 'Wind Boost', 'Resist Fire']
['Wind Boost', 'Mahamaon', 'Mamudoon', 'Apt Pupil']
['Wind Boost', 'Mamudoon', 'Mahamaon', 'Wind Amp']
['Apt Pupil', 'Ice Break', 'Wind Boost', 'Mamudoon']
['Mahamaon', 'Resist Fire', 'Mamudoon', 'Null Dark']
['Wind Amp', 'Mahamaon', 'Wind Boost', 'Mamudoon']
['Wind Boost', 'Bufudyne', 'Mamudoon', 'Mahamaon']
['Mamudoon', 'Mahamaon', 'Null Dark', 'Resist Fire']
['Wind Boost', 'Mahamaon', 'Bufudyne', 'Stagnant Air']
['Wind Boost', 'Mamudoon', 'Wind Amp', 'Resist Fire']
['Ice Break', 'Resist Fire', 'Auto-Mataru', 'Wind Amp']
['Mahamaon', 'Virus Breath', 'Wind Boost', 'Resist Fire']
['Auto-Mataru', 'Apt Pupil', 'Mamudoon', 'Wind Boost']
['Null Dark', 'Wind Amp', 'Mahamaon', 'Mamudoon']
['Wind Boost', 'Resist Fire', 'Wind Amp', 'Mamudoon']
['Mahamaon', 'Wind Boost', 'Resist Fire', 'Mamudoon']
['Apt Pupil', 'Resist Fire', 'Amrita', 'Mahamaon']
['Mahamaon', 'Mamudoon', 'Wind Boost', 'Null Dark']
['Wind Boost', 'Mamudoon', 'Stagnant Air', 'Mahamaon']
['Mahamaon', 'Mamudoon', 'Wind Boost', 'Null Dark']
['Resist Fire', 'Null Dark', 'Wind Boost', 'Virus Breath']
['Mahamaon', 'Wind Boost', 'Mamudoon', 'Auto-Mataru']
['Wind Amp', 'Auto-Mataru', 'Wind Boost', 'Null Dark']
['Mahamaon', 'Mamudoon', 'Ice Break', 'Wind Boost']
['Mamudoon', 'Mahamaon', 'Wind Amp', 'Auto-Mataru']
['Mahamaon', 'Auto-Mataru', 'Apt Pupil', 'Megidolaon']
['Apt Pupil', 'Wind Amp', 'Mabufula', 'Wind Boost']
['Resist Fire', 'Apt Pupil', 'Mamudoon', 'Mahamaon']
['Wind Amp', 'Mamudoon', 'Amrita', 'Wind Boost']
['Wind Amp', 'Auto-Mataru', 'Null Dark', 'Mahamaon']
['Mahamaon', 'Stagnant Air', 'Mamudoon', 'Null Dark']
['Mahamaon', 'Auto-Mataru', 'Mamudoon', 'Null Dark']
['Wind Boost', 'Apt Pupil', 'Mahamaon', 'Bufudyne']
['Mahamaon', 'Wind Boost', 'Resist Fire', 'Wind Amp']
['Wind Amp', 'Apt Pupil', 'Mahamaon', 'Wind Boost']
['Mahamaon', 'Mamudoon', 'Mabufula', 'Resist Fire']
['Wind Boost', 'Resist Fire', 'Mamudoon', 'Mahamaon']
['Mamudoon', 'Apt Pupil', 'Mahamaon', 'Wind Boost']
['Mahamaon', 'Mamudoon', 'Wind Boost', 'Null Dark']
['Apt Pupil', 'Stagnant Air', 'Mamudoon', 'Mahamaon']
['Mamudoon', 'Auto-Mataru', 'Wind Boost', 'Mahamaon']
['Null Dark', 'Bufudyne', 'Mamudoon', 'Wind Boost']
['Mahamaon', 'Mamudoon', 'Null Dark', 'Virus Breath']
['Auto-Mataru', 'Resist Fire', 'Mamudoon', 'Null Dark']
['Wind Boost', 'Mamudoon', 'Null Dark', 'Mahamaon']
['Auto-Mataru', 'Mamudoon', 'Mahamaon', 'Wind Amp']
['Resist Fire', 'Mahamaon', 'Null Dark', 'Wind Boost']
['Apt Pupil', 'Mamudoon', 'Resist Fire', 'Mahamaon']
['Wind Boost', 'Mamudoon', 'Mahamaon', 'Wind Amp']
['Wind Boost', 'Mahamaon', 'Mamudoon', 'Resist Fire']
['Ice Break', 'Mamudoon', 'Resist Fire', 'Wind Amp']
['Wind Boost', 'Apt Pupil', 'Mamudoon', 'Mahamaon']
['Stagnant Air', 'Mamudoon', 'Apt Pupil', 'Wind Amp']
['Wind Boost', 'Apt Pupil', 'Resist Fire', 'Mahamaon']
['Apt Pupil', 'Mahamaon', 'Wind Boost', 'Mamudoon']
['Bufudyne', 'Wind Amp', 'Mamudoon', 'Wind Boost']
['Wind Boost', 'Auto-Mataru', 'Resist Fire', 'Mamudoon']
['Apt Pupil', 'Mahamaon', 'Null Dark', 'Mamudoon']
['Wind Boost', 'Mahamaon', 'Auto-Mataru', 'Mamudoon']
['Mahamaon', 'Mamudoon', 'Wind Amp', 'Auto-Mataru']
['Wind Boost', 'Virus Breath', 'Resist Fire', 'Mamudoon']
['Mahamaon', 'Mamudoon', 'Wind Amp', 'Auto-Mataru']
['Wind Boost', 'Wind Amp', 'Apt Pupil', 'Mamudoon']
['Mahamaon', 'Wind Boost', 'Wind Amp', 'Bufudyne']
['Stagnant Air', 'Mamudoon', 'Mahamaon', 'Null Dark']
['Mahamaon', 'Auto-Mataru', 'Mamudoon', 'Resist Fire']
['Mabufula', 'Resist Fire', 'Apt Pupil', 'Mamudoon']
['Stagnant Air', 'Mahamaon', 'Apt Pupil', 'Mabufula']
['Wind Boost', 'Null Dark', 'Resist Fire', 'Mahamaon']
['Mahamaon', 'Auto-Mataru', 'Mamudoon', 'Mabufula']
['Ice Break', 'Wind Boost', 'Mahamaon', 'Stagnant Air']
['Wind Boost', 'Mamudoon', 'Resist Fire', 'Mahamaon']
['Mahamaon', 'Apt Pupil', 'Mamudoon', 'Stagnant Air']
['Wind Amp', 'Mamudoon', 'Resist Fire', 'Wind Boost']
['Mamudoon', 'Wind Amp', 'Apt Pupil', 'Mahamaon']
['Wind Amp', 'Resist Fire', 'Wind Boost', 'Mahamaon']
['Null Dark', 'Wind Amp', 'Wind Boost', 'Mahamaon']
['Resist Fire', 'Auto-Mataru', 'Wind Amp', 'Mamudoon']
['Resist Fire', 'Wind Amp', 'Mahamaon', 'Wind Boost']
['Wind Boost', 'Resist Fire', 'Mahamaon', 'Mamudoon']
['Apt Pupil', 'Mamudoon', 'Virus Breath', 'Mahamaon']
['Wind Boost', 'Mamudoon', 'Wind Amp', 'Mahamaon']
['Amrita', 'Mahamaon', 'Mamudoon', 'Null Dark']
['Mamudoon', 'Wind Amp', 'Ice Break', 'Resist Fire']
['Mabufula', 'Mamudoon', 'Wind Amp', 'Auto-Mataru']
['Mamudoon', 'Wind Amp', 'Apt Pupil', 'Auto-Mataru']
['Mamudoon', 'Wind Boost', 'Mahamaon', 'Null Dark']
['Null Dark', 'Mamudoon', 'Resist Fire', 'Wind Boost']
['Wind Amp', 'Mahamaon', 'Apt Pupil', 'Mamudoon']
['Mamudoon', 'Mahamaon', 'Stagnant Air', 'Wind Amp']
['Wind Amp', 'Wind Boost', 'Mahamaon', 'Null Dark']
['Mahamaon', 'Mamudoon', 'Wind Boost', 'Resist Fire']
['Mamudoon', 'Wind Boost', 'Auto-Mataru', 'Mahamaon']
['Mamudoon', 'Amrita', 'Bufudyne', 'Wind Boost']
['Wind Boost', 'Auto-Mataru', 'Mabufula', 'Wind Amp']
['Mamudoon', 'Auto-Mataru', 'Resist Fire', 'Mabufula']
['Auto-Mataru', 'Wind Boost', 'Resist Fire', 'Mahamaon']
['Mamudoon', 'Apt Pupil', 'Mahamaon', 'Resist Fire']
['Wind Boost', 'Stagnant Air', 'Auto-Mataru', 'Null Dark']
['Apt Pupil', 'Mamudoon', 'Wind Amp', 'Null Dark']
['Apt Pupil', 'Mamudoon', 'Null Dark', 'Virus Breath']
['Wind Boost', 'Mahamaon', 'Mamudoon', 'Wind Amp']
['Auto-Mataru', 'Virus Breath', 'Apt Pupil', 'Mamudoon']
['Mamudoon', 'Wind Boost', 'Null Dark', 'Bufudyne']
['Wind Amp', 'Mamudoon', 'Mahamaon', 'Resist Fire']
['Null Dark', 'Mamudoon', 'Mahamaon', 'Resist Fire']
['Mamudoon', 'Resist Fire', 'Mahamaon', 'Wind Amp']
['Mahamaon', 'Auto-Mataru', 'Mamudoon', 'Mabufula']
['Mahamaon', 'Stagnant Air', 'Mamudoon', 'Wind Amp']
['Mamudoon', 'Mahamaon', 'Wind Amp', 'Mabufula']
['Mahamaon', 'Wind Boost', 'Mamudoon', 'Resist Fire']
['Mamudoon', 'Stagnant Air', 'Apt Pupil', 'Wind Amp']
['Wind Boost', 'Mahamaon', 'Wind Amp', 'Mamudoon']
['Resist Fire', 'Mahamaon', 'Mamudoon', 'Auto-Mataru']
['Mamudoon', 'Mahamaon', 'Wind Boost', 'Resist Fire']
['Mamudoon', 'Amrita', 'Apt Pupil', 'Auto-Mataru']
['Wind Amp', 'Mamudoon', 'Wind Boost', 'Null Dark']
['Wind Amp', 'Auto-Mataru', 'Mamudoon', 'Mahamaon']
['Null Dark', 'Mamudoon', 'Auto-Mataru', 'Mahamaon']
['Mamudoon', 'Mahamaon', 'Auto-Mataru', 'Wind Boost']
['Mamudoon', 'Mahamaon', 'Wind Amp', 'Wind Boost']
['Mahamaon', 'Mamudoon', 'Ice Break', 'Wind Boost']
['Wind Boost', 'Mamudoon', 'Mahamaon', 'Null Dark']
['Wind Boost', 'Ice Break', 'Resist Fire', 'Mamudoon']
['Mahamaon', 'Mamudoon', 'Wind Boost', 'Amrita']
['Mahamaon', 'Mamudoon', 'Apt Pupil', 'Wind Amp']
['Wind Boost', 'Wind Amp', 'Auto-Mataru', 'Mahamaon']
['Mahamaon', 'Wind Amp', 'Virus Breath', 'Wind Boost']
['Mamudoon', 'Mahamaon', 'Apt Pupil', 'Wind Amp']
['Wind Amp', 'Mamudoon', 'Mahamaon', 'Bufudyne']
['Mahamaon', 'Auto-Mataru', 'Wind Boost', 'Mamudoon']
['Wind Amp', 'Mamudoon', 'Wind Boost', 'Mabufula']
['Mamudoon', 'Wind Amp', 'Apt Pupil', 'Stagnant Air']
['Mahamaon', 'Null Dark', 'Wind Amp', 'Auto-Mataru']
['Mamudoon', 'Auto-Mataru', 'Mahamaon', 'Mabufula']
['Stagnant Air', 'Mahamaon', 'Apt Pupil', 'Wind Boost']
['Wind Boost', 'Mamudoon', 'Stagnant Air', 'Bufudyne']
['Mahamaon', 'Stagnant Air', 'Apt Pupil', 'Wind Boost']
['Wind Boost', 'Apt Pupil', 'Auto-Mataru', 'Mamudoon']
['Wind Boost', 'Stagnant Air', 'Mamudoon', 'Wind Amp']
['Mamudoon', 'Wind Boost', 'Mahamaon', 'Amrita']
['Wind Boost', 'Amrita', 'Mamudoon', 'Mahamaon']
['Wind Amp', 'Wind Boost', 'Mamudoon', 'Mahamaon']
['Amrita', 'Mamudoon', 'Auto-Mataru', 'Wind Amp']
['Mahamaon', 'Wind Boost', 'Wind Amp', 'Null Dark']
['Mahamaon', 'Wind Boost', 'Mamudoon', 'Wind Amp']
['Mamudoon', 'Wind Boost', 'Wind Amp', 'Mahamaon']
['Virus Breath', 'Resist Fire', 'Mamudoon', 'Mahamaon']
['Wind Amp', 'Mahamaon', 'Resist Fire', 'Mamudoon']
['Apt Pupil', 'Wind Amp', 'Mamudoon', 'Mahamaon']
['Mahamaon', 'Null Dark', 'Wind Amp', 'Wind Boost']
['Apt Pupil', 'Mahamaon', 'Wind Amp', 'Null Dark']
['Mamudoon', 'Mahamaon', 'Wind Amp', 'Apt Pupil']
['Wind Boost', 'Null Dark', 'Mamudoon', 'Mahamaon']
['Wind Boost', 'Wind Amp', 'Mamudoon', 'Mahamaon']
['Mamudoon', 'Mahamaon', 'Wind Boost', 'Null Dark']
['Mahamaon', 'Amrita', 'Auto-Mataru', 'Mabufula']
['Wind Boost', 'Null Dark', 'Mamudoon', 'Mahamaon']
['Wind Boost', 'Null Dark', 'Resist Fire', 'Auto-Mataru']
['Mahamaon', 'Wind Boost', 'Wind Amp', 'Null Dark']
['Mamudoon', 'Mahamaon', 'Wind Amp', 'Mabufula']
['Stagnant Air', 'Apt Pupil', 'Wind Amp', 'Mamudoon']
['Mahamaon', 'Mamudoon', 'Wind Boost', 'Resist Fire']
['Ice Break', 'Mamudoon', 'Wind Boost', 'Mahamaon']
['Wind Boost', 'Mamudoon', 'Apt Pupil', 'Mahamaon']
['Mahamaon', 'Wind Boost', 'Apt Pupil', 'Megidolaon']
['Mamudoon', 'Apt Pupil', 'Auto-Mataru', 'Mahamaon']
['Mahamaon', 'Wind Boost', 'Mamudoon', 'Null Dark']
['Wind Amp', 'Null Dark', 'Stagnant Air', 'Auto-Mataru']
['Bufudyne', 'Mamudoon', 'Apt Pupil', 'Wind Amp']
['Null Dark', 'Mamudoon', 'Resist Fire', 'Megidolaon']
['Mahamaon', 'Resist Fire', 'Null Dark', 'Apt Pupil']
['Wind Amp', 'Mahamaon', 'Mamudoon', 'Stagnant Air']
['Mamudoon', 'Mahamaon', 'Wind Amp', 'Resist Fire']
['Mamudoon', 'Mahamaon', 'Wind Amp', 'Stagnant Air']
['Apt Pupil', 'Wind Boost', 'Null Dark', 'Mahamaon']
['Apt Pupil', 'Virus Breath', 'Mamudoon', 'Resist Fire']
['Mamudoon', 'Resist Fire', 'Wind Boost', 'Mahamaon']
['Mahamaon', 'Wind Amp', 'Wind Boost', 'Apt Pupil']
['Wind Boost', 'Apt Pupil', 'Mamudoon', 'Mabufula']
['Wind Boost', 'Ice Break', 'Mamudoon', 'Apt Pupil']
['Mabufula', 'Wind Boost', 'Mahamaon', 'Apt Pupil']
['Mahamaon', 'Wind Amp', 'Mamudoon', 'Auto-Mataru']
['Mamudoon', 'Wind Amp', 'Null Dark', 'Wind Boost']
['Mahamaon', 'Mamudoon', 'Wind Boost', 'Null Dark']
['Wind Boost', 'Bufudyne', 'Virus Breath', 'Wind Amp']
['Mahamaon', 'Amrita', 'Mamudoon', 'Virus Breath']
['Bufudyne', 'Mamudoon', 'Wind Boost', 'Auto-Mataru']
['Amrita', 'Resist Fire', 'Apt Pupil', 'Mamudoon']
['Virus Breath', 'Mamudoon', 'Stagnant Air', 'Apt Pupil']
['Mamudoon', 'Apt Pupil', 'Bufudyne', 'Amrita']
['Wind Boost', 'Apt Pupil', 'Ice Break', 'Mamudoon']
['Auto-Mataru', 'Wind Amp', 'Ice Break', 'Wind Boost']
['Resist Fire', 'Mamudoon', 'Wind Boost', 'Null Dark']
['Mahamaon', 'Mamudoon', 'Wind Boost', 'Null Dark']
['Mahamaon', 'Wind Boost', 'Mamudoon', 'Amrita']
['Mamudoon', 'Mahamaon', 'Amrita', 'Wind Boost']
['Stagnant Air', 'Apt Pupil', 'Mahamaon', 'Null Dark']
['Mamudoon', 'Bufudyne', 'Ice Break', 'Mahamaon']
['Mahamaon', 'Wind Boost', 'Apt Pupil', 'Mamudoon']
['Mahamaon', 'Mamudoon', 'Apt Pupil', 'Wind Boost']
['Mamudoon', 'Apt Pupil', 'Null Dark', 'Mabufula']
['Null Dark', 'Mamudoon', 'Mahamaon', 'Auto-Mataru']
['Amrita', 'Wind Amp', 'Null Dark', 'Virus Breath']
['Mamudoon', 'Bufudyne', 'Mahamaon', 'Ice Break']
['Mamudoon', 'Wind Boost', 'Mahamaon', 'Null Dark']
['Virus Breath', 'Null Dark', 'Mamudoon', 'Wind Boost']
['Mahamaon', 'Mamudoon', 'Auto-Mataru', 'Stagnant Air']
['Mamudoon', 'Mahamaon', 'Auto-Mataru', 'Wind Boost']
['Mahamaon', 'Mamudoon', 'Null Dark', 'Stagnant Air']
['Wind Boost', 'Mamudoon', 'Mahamaon', 'Resist Fire']
['Wind Boost', 'Mahamaon', 'Resist Fire', 'Mabufula']
['Wind Boost', 'Mahamaon', 'Amrita', 'Wind Amp']
['Mahamaon', 'Mamudoon', 'Auto-Mataru', 'Apt Pupil']
['Mahamaon', 'Wind Boost', 'Apt Pupil', 'Null Dark']
['Mahamaon', 'Resist Fire', 'Apt Pupil', 'Ice Break']
['Mamudoon', 'Wind Amp', 'Mahamaon', 'Wind Boost']
['Wind Boost', 'Mamudoon', 'Resist Fire', 'Null Dark']
['Mahamaon', 'Virus Breath', 'Null Dark', 'Resist Fire']
['Mahamaon', 'Apt Pupil', 'Resist Fire', 'Wind Boost']
['Null Dark', 'Wind Boost', 'Apt Pupil', 'Mamudoon']
['Mahamaon', 'Mamudoon', 'Null Dark', 'Megidolaon']
['Wind Boost', 'Mamudoon', 'Mahamaon', 'Null Dark']
['Mamudoon', 'Bufudyne', 'Null Dark', 'Megidolaon']
['Wind Amp', 'Null Dark', 'Mahamaon', 'Wind Boost']
['Mahamaon', 'Mamudoon', 'Resist Fire', 'Wind Amp']
['Null Dark', 'Mahamaon', 'Mamudoon', 'Ice Break']
['Mamudoon', 'Mahamaon', 'Virus Breath', 'Wind Amp']
['Mabufula', 'Wind Boost', 'Resist Fire', 'Wind Amp']
['Apt Pupil', 'Wind Boost', 'Mamudoon', 'Mahamaon']
['Mamudoon', 'Mahamaon', 'Ice Break', 'Wind Amp']
['Mamudoon', 'Mahamaon', 'Wind Boost', 'Apt Pupil']
['Mamudoon', 'Wind Amp', 'Wind Boost', 'Mahamaon']
['Mahamaon', 'Wind Boost', 'Auto-Mataru', 'Mamudoon']
['Wind Boost', 'Mamudoon', 'Bufudyne', 'Mahamaon']
['Wind Boost', 'Mahamaon', 'Mamudoon', 'Virus Breath']
['Wind Amp', 'Wind Boost', 'Mahamaon', 'Resist Fire']
['Apt Pupil', 'Resist Fire', 'Mahamaon', 'Wind Amp']
['Wind Boost', 'Null Dark', 'Mamudoon', 'Auto-Mataru']
['Mahamaon', 'Mamudoon', 'Stagnant Air', 'Null Dark']
['Mahamaon', 'Bufudyne', 'Resist Fire', 'Mamudoon']
['Wind Amp', 'Virus Breath', 'Amrita', 'Mahamaon']
['Wind Boost', 'Null Dark', 'Mamudoon', 'Mahamaon']
['Wind Boost', 'Mabufula', 'Mahamaon', 'Mamudoon']
['Null Dark', 'Mahamaon', 'Ice Break', 'Virus Breath']
['Mamudoon', 'Wind Amp', 'Mahamaon', 'Wind Boost']
['Mabufula', 'Null Dark', 'Mamudoon', 'Wind Amp']
['Resist Fire', 'Wind Amp', 'Mamudoon', 'Mahamaon']
['Wind Amp', 'Auto-Mataru', 'Mahamaon', 'Mamudoon']
['Wind Boost', 'Auto-Mataru', 'Virus Breath', 'Mamudoon']
['Mahamaon', 'Wind Boost', 'Null Dark', 'Mamudoon']
['Mamudoon', 'Null Dark', 'Mahamaon', 'Apt Pupil']
['Mamudoon', 'Stagnant Air', 'Mahamaon', 'Wind Amp']
['Apt Pupil', 'Mahamaon', 'Wind Boost', 'Resist Fire']
['Mahamaon', 'Mamudoon', 'Wind Boost', 'Wind Amp']
['Mamudoon', 'Wind Boost', 'Null Dark', 'Resist Fire']
['Apt Pupil', 'Mahamaon', 'Amrita', 'Wind Boost']
['Mahamaon', 'Virus Breath', 'Mamudoon', 'Resist Fire']
['Mahamaon', 'Wind Amp', 'Mamudoon', 'Null Dark']
['Wind Boost', 'Stagnant Air', 'Auto-Mataru', 'Wind Amp']
['Resist Fire', 'Amrita', 'Mamudoon', 'Auto-Mataru']
['Null Dark', 'Mahamaon', 'Auto-Mataru', 'Mamudoon']
['Mahamaon', 'Mamudoon', 'Wind Boost', 'Wind Amp']
['Wind Amp', 'Resist Fire', 'Mamudoon', 'Wind Boost']
['Mamudoon', 'Mahamaon', 'Wind Boost', 'Auto-Mataru']
['Resist Fire', 'Mamudoon', 'Mahamaon', 'Apt Pupil']
['Mamudoon', 'Wind Boost', 'Mahamaon', 'Stagnant Air']
['Mahamaon', 'Resist Fire', 'Stagnant Air', 'Mamudoon']
['Auto-Mataru', 'Resist Fire', 'Mahamaon', 'Wind Amp']
['Mamudoon', 'Auto-Mataru', 'Wind Amp', 'Virus Breath']
['Resist Fire', 'Ice Break', 'Wind Boost', 'Mamudoon']
['Null Dark', 'Mahamaon', 'Mamudoon', 'Wind Amp']
['Mabufula', 'Mamudoon', 'Wind Boost', 'Mahamaon']
['Wind Boost', 'Null Dark', 'Mahamaon', 'Apt Pupil']
['Resist Fire', 'Null Dark', 'Mamudoon', 'Mahamaon']
['Mahamaon', 'Mamudoon', 'Wind Boost', 'Wind Amp']
['Mahamaon', 'Null Dark', 'Resist Fire', 'Wind Amp']
['Ice Break', 'Auto-Mataru', 'Mamudoon', 'Wind Boost']
['Mahamaon', 'Wind Amp', 'Resist Fire', 'Auto-Mataru']
['Wind Boost', 'Apt Pupil', 'Resist Fire', 'Mamudoon']
['Wind Boost', 'Apt Pupil', 'Mahamaon', 'Virus Breath']
['Wind Boost', 'Mahamaon', 'Null Dark', 'Apt Pupil']
['Resist Fire', 'Wind Boost', 'Null Dark', 'Apt Pupil']
['Mahamaon', 'Ice Break', 'Null Dark', 'Apt Pupil']
['Mahamaon', 'Wind Amp', 'Mamudoon', 'Apt Pupil']
['Auto-Mataru', 'Resist Fire', 'Apt Pupil', 'Mamudoon']
['Apt Pupil', 'Wind Amp', 'Mamudoon', 'Wind Boost']
['Resist Fire', 'Mamudoon', 'Wind Boost', 'Mahamaon']
['Resist Fire', 'Wind Boost', 'Mahamaon', 'Apt Pupil']
['Mamudoon', 'Mahamaon', 'Null Dark', 'Wind Amp']
['Wind Boost', 'Wind Amp', 'Mamudoon', 'Auto-Mataru']
['Bufudyne', 'Null Dark', 'Mamudoon', 'Wind Amp']
['Mahamaon', 'Mamudoon', 'Wind Boost', 'Null Dark']
['Apt Pupil', 'Mahamaon', 'Null Dark', 'Mamudoon']
['Mamudoon', 'Mahamaon', 'Wind Amp', 'Wind Boost']
['Null Dark', 'Apt Pupil', 'Mamudoon', 'Wind Boost']
['Mamudoon', 'Ice Break', 'Mahamaon', 'Null Dark']
['Null Dark', 'Mahamaon', 'Ice Break', 'Auto-Mataru']
['Mahamaon', 'Mamudoon', 'Wind Boost', 'Null Dark']
['Mamudoon', 'Apt Pupil', 'Resist Fire', 'Mahamaon']
['Mahamaon', 'Wind Boost', 'Null Dark', 'Bufudyne']
['Wind Boost', 'Bufudyne', 'Wind Amp', 'Ice Break']
['Wind Amp', 'Mahamaon', 'Auto-Mataru', 'Apt Pupil']
['Wind Amp', 'Stagnant Air', 'Mabufula', 'Null Dark']
['Wind Boost', 'Mamudoon', 'Mahamaon', 'Resist Fire']
['Wind Boost', 'Wind Amp', 'Mamudoon', 'Mahamaon']
['Wind Amp', 'Wind Boost', 'Mamudoon', 'Mahamaon']
['Mamudoon', 'Apt Pupil', 'Wind Amp', 'Resist Fire']
['Mahamaon', 'Wind Boost', 'Resist Fire', 'Wind Amp']
['Apt Pupil', 'Mahamaon', 'Mamudoon', 'Auto-Mataru']
['Mahamaon', 'Wind Amp', 'Wind Boost', 'Null Dark']
['Mahamaon', 'Mamudoon', 'Resist Fire', 'Ice Break']
['Mamudoon', 'Stagnant Air', 'Mahamaon', 'Wind Boost']
['Wind Boost', 'Mahamaon', 'Mamudoon', 'Apt Pupil']
['Auto-Mataru', 'Wind Boost', 'Wind Amp', 'Mabufula']
['Wind Boost', 'Mahamaon', 'Null Dark', 'Apt Pupil']
['Mamudoon', 'Mahamaon', 'Auto-Mataru', 'Bufudyne']
['Wind Boost', 'Mahamaon', 'Resist Fire', 'Wind Amp']
['Wind Boost', 'Mamudoon', 'Auto-Mataru', 'Mabufula']
['Mamudoon', 'Wind Amp', 'Mahamaon', 'Wind Boost']
['Mabufula', 'Auto-Mataru', 'Resist Fire', 'Mahamaon']
['Stagnant Air', 'Resist Fire', 'Virus Breath', 'Wind Amp']
['Mahamaon', 'Mamudoon', 'Resist Fire', 'Apt Pupil']
['Resist Fire', 'Mahamaon', 'Mamudoon', 'Auto-Mataru']
['Wind Boost', 'Null Dark', 'Mahamaon', 'Mamudoon']
['Wind Boost', 'Mamudoon', 'Ice Break', 'Megidolaon']
['Mahamaon', 'Wind Boost', 'Megidolaon', 'Virus Breath']
['Mahamaon', 'Wind Boost', 'Mamudoon', 'Null Dark']
['Mahamaon', 'Auto-Mataru', 'Mamudoon', 'Null Dark']
['Apt Pupil', 'Resist Fire', 'Mahamaon', 'Bufudyne']
['Wind Boost', 'Mahamaon', 'Ice Break', 'Mamudoon']
['Wind Boost', 'Mahamaon', 'Mamudoon', 'Null Dark']
['Wind Amp', 'Mamudoon', 'Null Dark', 'Mahamaon']
['Null Dark', 'Mahamaon', 'Resist Fire', 'Wind Amp']
['Mahamaon', 'Mamudoon', 'Mabufula', 'Wind Boost']
['Mamudoon', 'Mahamaon', 'Wind Boost', 'Bufudyne']
['Mahamaon', 'Mamudoon', 'Wind Boost', 'Mabufula']
['Wind Amp', 'Wind Boost', 'Mahamaon', 'Null Dark']
['Resist Fire', 'Ice Break', 'Mabufula', 'Wind Amp']
['Mamudoon', 'Mahamaon', 'Null Dark', 'Apt Pupil']
['Auto-Mataru', 'Amrita', 'Wind Boost', 'Wind Amp']
['Auto-Mataru', 'Mamudoon', 'Mahamaon', 'Wind Boost']
['Wind Boost', 'Bufudyne', 'Null Dark', 'Stagnant Air']
['Wind Boost', 'Resist Fire', 'Mahamaon', 'Amrita']
['Mamudoon', 'Wind Boost', 'Apt Pupil', 'Resist Fire']
['Mamudoon', 'Null Dark', 'Mahamaon', 'Wind Boost']
['Null Dark', 'Mahamaon', 'Auto-Mataru', 'Mamudoon']
['Mahamaon', 'Mamudoon', 'Apt Pupil', 'Wind Boost']
['Mamudoon', 'Mahamaon', 'Wind Boost', 'Auto-Mataru']
['Mahamaon', 'Wind Boost', 'Null Dark', 'Mamudoon']
['Resist Fire', 'Mamudoon', 'Wind Boost', 'Auto-Mataru']
['Apt Pupil', 'Wind Amp', 'Mahamaon', 'Mamudoon']
['Stagnant Air', 'Mamudoon', 'Mahamaon', 'Auto-Mataru']
['Mahamaon', 'Apt Pupil', 'Mamudoon', 'Wind Amp']
['Mahamaon', 'Wind Amp', 'Mamudoon', 'Stagnant Air']
['Mamudoon', 'Wind Boost', 'Apt Pupil', 'Mahamaon']
['Wind Boost', 'Mahamaon', 'Apt Pupil', 'Mabufula']
['Auto-Mataru', 'Resist Fire', 'Bufudyne', 'Mamudoon']
['Mahamaon', 'Wind Boost', 'Resist Fire', 'Mabufula']
['Apt Pupil', 'Mahamaon', 'Wind Boost', 'Mamudoon']
['Wind Boost', 'Virus Breath', 'Wind Amp', 'Bufudyne']
['Mamudoon', 'Wind Boost', 'Apt Pupil', 'Auto-Mataru']
['Auto-Mataru', 'Mamudoon', 'Mahamaon', 'Wind Amp']
['Auto-Mataru', 'Mabufula', 'Mahamaon', 'Null Dark']
['Megidolaon', 'Mahamaon', 'Wind Boost', 'Mamudoon']
['Wind Boost', 'Resist Fire', 'Wind Amp', 'Mahamaon']
['Mahamaon', 'Resist Fire', 'Auto-Mataru', 'Wind Boost']
['Mamudoon', 'Resist Fire', 'Mahamaon', 'Null Dark']
['Mamudoon', 'Mahamaon', 'Auto-Mataru', 'Virus Breath']
['Mahamaon', 'Mamudoon', 'Wind Boost', 'Wind Amp']
['Mamudoon', 'Mahamaon', 'Null Dark', 'Virus Breath']
['Resist Fire', 'Apt Pupil', 'Wind Boost', 'Mamudoon']
['Mamudoon', 'Auto-Mataru', 'Wind Boost', 'Mahamaon']
['Apt Pupil', 'Null Dark', 'Auto-Mataru', 'Amrita']
['Virus Breath', 'Mamudoon', 'Stagnant Air', 'Wind Boost']
['Mamudoon', 'Mahamaon', 'Wind Boost', 'Resist Fire']
['Resist Fire', 'Auto-Mataru', 'Mahamaon', 'Null Dark']
['Null Dark', 'Wind Boost', 'Mamudoon', 'Resist Fire']
['Wind Amp', 'Mabufula', 'Mamudoon', 'Auto-Mataru']
['Mahamaon', 'Wind Amp', 'Auto-Mataru', 'Null Dark']
['Mamudoon', 'Null Dark', 'Wind Boost', 'Wind Amp']
['Mamudoon', 'Mahamaon', 'Wind Boost', 'Megidolaon']
['Bufudyne', 'Null Dark', 'Resist Fire', 'Mahamaon']
['Mamudoon', 'Auto-Mataru', 'Wind Amp', 'Mabufula']
['Mamudoon', 'Mahamaon', 'Ice Break', 'Virus Breath']
['Wind Boost', 'Mahamaon', 'Auto-Mataru', 'Mamudoon']
['Apt Pupil', 'Auto-Mataru', 'Mamudoon', 'Mahamaon']
['Mamudoon', 'Resist Fire', 'Null Dark', 'Apt Pupil']
['Wind Boost', 'Mahamaon', 'Ice Break', 'Wind Amp']
['Mamudoon', 'Wind Amp', 'Mahamaon', 'Bufudyne']
['Stagnant Air', 'Mahamaon', 'Mamudoon', 'Mabufula']
['Wind Boost', 'Mamudoon', 'Mahamaon', 'Stagnant Air']
['Mamudoon', 'Mabufula', 'Wind Boost', 'Resist Fire']
['Mahamaon', 'Mamudoon', 'Stagnant Air', 'Apt Pupil']
['Bufudyne', 'Mamudoon', 'Wind Boost', 'Mahamaon']
['Wind Amp', 'Wind Boost', 'Mahamaon', 'Auto-Mataru']
['Ice Break', 'Megidolaon', 'Mamudoon', 'Amrita']
['Wind Boost', 'Mamudoon', 'Auto-Mataru', 'Mahamaon']
['Mamudoon', 'Null Dark', 'Ice Break', 'Wind Amp']
['Auto-Mataru', 'Mahamaon', 'Mamudoon', 'Wind Boost']
['Resist Fire', 'Mamudoon', 'Auto-Mataru', 'Null Dark']
['Null Dark', 'Mahamaon', 'Wind Amp', 'Ice Break']
['Mamudoon', 'Auto-Mataru', 'Wind Amp', 'Mahamaon']
['Mahamaon', 'Mamudoon', 'Wind Boost', 'Resist Fire']
['Ice Break', 'Mamudoon', 'Apt Pupil', 'Auto-Mataru']
['Null Dark', 'Mahamaon', 'Mamudoon', 'Resist Fire']
['Mamudoon', 'Resist Fire', 'Null Dark', 'Auto-Mataru']
['Mahamaon', 'Mamudoon', 'Apt Pupil', 'Wind Amp']
['Mamudoon', 'Mahamaon', 'Auto-Mataru', 'Resist Fire']
['Mahamaon', 'Virus Breath', 'Mamudoon', 'Wind Boost']
['Mahamaon', 'Wind Boost', 'Mamudoon', 'Auto-Mataru']
['Mahamaon', 'Mamudoon', 'Auto-Mataru', 'Resist Fire']
['Mahamaon', 'Wind Amp', 'Mamudoon', 'Apt Pupil']
['Mabufula', 'Mahamaon', 'Wind Boost', 'Ice Break']
['Mahamaon', 'Mamudoon', 'Null Dark', 'Resist Fire']
['Mamudoon', 'Wind Amp', 'Resist Fire', 'Null Dark']
['Wind Boost', 'Mamudoon', 'Mahamaon', 'Resist Fire']
['Mamudoon', 'Mahamaon', 'Null Dark', 'Virus Breath']
['Null Dark', 'Megidolaon', 'Wind Boost', 'Mahamaon']
['Mahamaon', 'Wind Amp', 'Auto-Mataru', 'Wind Boost']
['Mamudoon', 'Wind Amp', 'Null Dark', 'Ice Break']
['Mahamaon', 'Resist Fire', 'Wind Boost', 'Mamudoon']
['Resist Fire', 'Mamudoon', 'Mahamaon', 'Stagnant Air']
['Mahamaon', 'Null Dark', 'Mamudoon', 'Resist Fire']
['Wind Boost', 'Amrita', 'Mahamaon', 'Mamudoon']
