INFO:root:['Wind Amp', 'High Counter', 'Power Slash', 'Mind Charge', 'Dodge Ice']
INFO:root:['Mudoon', 'Rakukaja', 'Survive Light', 'Counter', 'Dodge Slash']
INFO:root:['Mighty Swing', 'Wind Amp', 'Mind Charge', 'Dodge Ice', 'Counter']
INFO:root:['Dodge Slash', 'Mudoon', 'Wind Amp', 'Morning Star', 'Absorb Slash']
INFO:root:['Primal Force', 'Mind Charge', 'Survive Light', 'Dodge Ice', 'Rakukaja']
INFO:root:['Wind Amp', 'Dodge Slash', 'Mudoon', 'Salvation', 'Victory Cry']
INFO:root:['Power Slash', 'Mudoon', 'Getsu-ei', 'Absorb Slash', 'Dodge Slash']
INFO:root:['Getsu-ei', 'Counter', 'High Counter', 'Mudoon', 'Survive Light']
INFO:root:['Counter', 'Salvation', 'Dodge Ice', 'Absorb Slash', 'Zan-ei']
INFO:root:['Rakukaja', 'High Counter', 'Dodge Ice', 'Dodge Slash', 'Mudoon']
INFO:root:['Salvation', 'Victory Cry', 'Primal Force', 'Survive Light', 'Wind Amp']
INFO:root:['Getsu-ei', 'Counter', 'Dodge Ice', 'Survive Light', 'High Counter']
INFO:root:['Dodge Ice', 'Counter', 'Wind Amp', 'High Counter', 'Mind Charge']
INFO:root:['Mudoon', 'Counter', 'Rakukaja', 'Zan-ei', 'Mind Charge']
INFO:root:['Dodge Ice', 'Rakukaja', 'Absorb Slash', 'Victory Cry', 'Morning Star']
INFO:root:['Counter', 'High Counter', 'Victory Cry', 'Wind Amp', 'Rakukaja']
INFO:root:['Salvation', 'Rakukaja', 'Victory Cry', 'Survive Light', 'Wind Amp']
INFO:root:['Rakukaja', 'Counter', 'Survive Light', 'Power Slash', 'Mudoon']
INFO:root:['Mudoon', 'Mind Charge', 'Victory Cry', 'Mighty Swing', 'Dodge Ice']
INFO:root:['Zan-ei', 'Salvation', 'Dodge Slash', 'Wind Amp', 'Absorb Slash']
INFO:root:['Survive Light', 'Rakukaja', 'Mudoon', 'Counter', 'Victory Cry']
INFO:root:['High Counter', 'Mind Charge', 'Counter', 'Rakukaja', 'Victory Cry']
INFO:root:['Power Slash', 'Mudoon', 'Dodge Ice', 'High Counter', 'Spell Master']
INFO:root:['Survive Light', 'Dodge Slash', 'Mudoon', 'Rakukaja', 'Victory Cry']
INFO:root:['High Counter', 'Counter', 'Rakukaja', 'Dodge Slash', 'Mudoon']
INFO:root:['High Counter', 'Rakukaja', 'Wind Amp', 'Survive Light', 'Dodge Ice']
INFO:root:['Dodge Slash', 'Wind Amp', 'Mind Charge', 'Counter', 'Spell Master']
INFO:root:['Counter', 'Wind Amp', 'Mighty Swing', 'Absorb Slash', 'Salvation']
INFO:root:['Life Drain', 'Dodge Slash', 'Mudoon', 'Victory Cry', 'Survive Light']
INFO:root:['Wind Amp', 'Survive Light', 'Dodge Slash', 'Life Drain', 'Absorb Slash']
INFO:root:['Rakukaja', 'Dodge Slash', 'Counter', 'Dodge Ice', 'Power Slash']
INFO:root:['Dodge Ice', 'Absorb Slash', 'High Counter', 'Wind Amp', 'Salvation']
INFO:root:['Absorb Slash', 'Dodge Slash', 'Rakukaja', 'Wind Amp', 'Salvation']
INFO:root:['Dodge Ice', 'Rakukaja', 'Wind Amp', 'Mudoon', 'Survive Light']
INFO:root:['Mudoon', 'Dodge Ice', 'Mind Charge', 'Counter', 'Rakukaja']
INFO:root:['Life Drain', 'Dodge Ice', 'Rakukaja', 'Wind Amp', 'Survive Light']
INFO:root:['Survive Light', 'Rakukaja', 'High Counter', 'Wind Amp', 'Dodge Ice']
INFO:root:['Rakukaja', 'Victory Cry', 'Survive Light', 'Mind Charge', 'Mudoon']
INFO:root:['Wind Amp', 'Survive Light', 'Getsu-ei', 'Counter', 'Rakukaja']
INFO:root:['Dodge Slash', 'Victory Cry', 'Rakukaja', 'Mudoon', 'High Counter']
INFO:root:['Counter', 'High Counter', 'Survive Light', 'Life Drain', 'Mudoon']
INFO:root:['Dodge Ice', 'Life Drain', 'Survive Light', 'Rakukaja', 'Dodge Slash']
INFO:root:['High Counter', 'Absorb Slash', 'Victory Cry', 'Dodge Ice', 'Power Slash']
INFO:root:['Spell Master', 'Absorb Slash', 'Mind Charge', 'Zan-ei', 'Rakukaja']
INFO:root:['High Counter', 'Mudoon', 'Getsu-ei', 'Counter', 'Dodge Ice']
INFO:root:['Absorb Slash', 'Dodge Slash', 'High Counter', 'Survive Light', 'Primal Force']
INFO:root:['Getsu-ei', 'Counter', 'Mind Charge', 'Spell Master', 'Dodge Ice']
INFO:root:['Dodge Ice', 'Rakukaja', 'Dodge Slash', 'Spell Master', 'Mighty Swing']
INFO:root:['Mudoon', 'Victory Cry', 'Dodge Ice', 'Power Slash', 'Absorb Slash']
INFO:root:['Absorb Slash', 'Mudoon', 'Dodge Ice', 'Mind Charge', 'Rakukaja']
INFO:root:['Dodge Slash', 'Rakukaja', 'Primal Force', 'Victory Cry', 'High Counter']
INFO:root:['Survive Light', 'High Counter', 'Counter', 'Getsu-ei', 'Mudoon']
INFO:root:['Dodge Slash', 'Life Drain', 'Mudoon', 'High Counter', 'Rakukaja']
INFO:root:['Wind Amp', 'Rakukaja', 'Counter', 'Dodge Slash', 'Power Slash']
INFO:root:['Survive Light', 'Dodge Slash', 'Mind Charge', 'Zan-ei', 'Power Slash']
INFO:root:['Dodge Ice', 'Rakukaja', 'Spell Master', 'Victory Cry', 'Salvation']
INFO:root:['High Counter', 'Spell Master', 'Wind Amp', 'Survive Light', 'Counter']
INFO:root:['Counter', 'Mudoon', 'Zan-ei', 'Survive Light', 'Dodge Slash']
INFO:root:['Getsu-ei', 'Absorb Slash', 'Dodge Ice', 'Morning Star', 'Mind Charge']
INFO:root:['Salvation', 'Dodge Ice', 'Counter', 'Mudoon', 'Power Slash']
INFO:root:['Dodge Ice', 'Rakukaja', 'Counter', 'Life Drain', 'Salvation']
INFO:root:['Mudoon', 'Rakukaja', 'High Counter', 'Dodge Slash', 'Salvation']
INFO:root:['Power Slash', 'Dodge Slash', 'High Counter', 'Spell Master', 'Rakukaja']
INFO:root:['Power Slash', 'Dodge Slash', 'Rakukaja', 'Survive Light', 'Victory Cry']
INFO:root:['Spell Master', 'Mudoon', 'Rakukaja', 'Morning Star', 'Life Drain']
INFO:root:['Dodge Ice', 'Mind Charge', 'Rakukaja', 'Mudoon', 'Getsu-ei']
INFO:root:['Counter', 'Salvation', 'Wind Amp', 'Survive Light', 'Life Drain']
INFO:root:['Counter', 'High Counter', 'Dodge Slash', 'Dodge Ice', 'Spell Master']
INFO:root:['High Counter', 'Rakukaja', 'Life Drain', 'Survive Light', 'Power Slash']
INFO:root:['Spell Master', 'Wind Amp', 'Rakukaja', 'Power Slash', 'Survive Light']
INFO:root:['Wind Amp', 'Dodge Ice', 'Dodge Slash', 'Rakukaja', 'High Counter']
INFO:root:['High Counter', 'Zan-ei', 'Wind Amp', 'Morning Star', 'Survive Light']
INFO:root:['Mudoon', 'Absorb Slash', 'Victory Cry', 'Dodge Ice', 'Rakukaja']
INFO:root:['Counter', 'Wind Amp', 'Rakukaja', 'Zan-ei', 'High Counter']
INFO:root:['Survive Light', 'Rakukaja', 'Dodge Ice', 'Salvation', 'Wind Amp']
INFO:root:['Dodge Slash', 'Dodge Ice', 'Mind Charge', 'Wind Amp', 'Counter']
INFO:root:['Dodge Slash', 'High Counter', 'Wind Amp', 'Mudoon', 'Power Slash']
INFO:root:['Rakukaja', 'Dodge Ice', 'Dodge Slash', 'Spell Master', 'Mudoon']
INFO:root:['Spell Master', 'Rakukaja', 'Victory Cry', 'Dodge Ice', 'Mighty Swing']
INFO:root:['Rakukaja', 'Salvation', 'Dodge Ice', 'Dodge Slash', 'Survive Light']
INFO:root:['Mudoon', 'Wind Amp', 'Rakukaja', 'Dodge Slash', 'Getsu-ei']
INFO:root:['Dodge Ice', 'Wind Amp', 'Rakukaja', 'Dodge Slash', 'Mind Charge']
INFO:root:['Wind Amp', 'Dodge Ice', 'Mind Charge', 'Mighty Swing', 'Survive Light']
INFO:root:['Dodge Ice', 'Dodge Slash', 'Mudoon', 'Rakukaja', 'Absorb Slash']
INFO:root:['Survive Light', 'Salvation', 'Victory Cry', 'High Counter', 'Mudoon']
INFO:root:['Dodge Ice', 'Rakukaja', 'Survive Light', 'Victory Cry', 'Dodge Slash']
INFO:root:['Power Slash', 'Rakukaja', 'Spell Master', 'Getsu-ei', 'High Counter']
INFO:root:['Mind Charge', 'Survive Light', 'Spell Master', 'Dodge Ice', 'Dodge Slash']
INFO:root:['Rakukaja', 'Wind Amp', 'Counter', 'Dodge Ice', 'Dodge Slash']
INFO:root:['Survive Light', 'Power Slash', 'Dodge Ice', 'High Counter', 'Rakukaja']
INFO:root:['Dodge Slash', 'Dodge Ice', 'Mudoon', 'Counter', 'Survive Light']
INFO:root:['Dodge Slash', 'Rakukaja', 'Counter', 'Getsu-ei', 'Victory Cry']
INFO:root:['Wind Amp', 'Counter', 'Dodge Slash', 'Rakukaja', 'Survive Light']
INFO:root:['Rakukaja', 'Mind Charge', 'Mudoon', 'Counter', 'Wind Amp']
INFO:root:['Counter', 'Dodge Slash', 'Spell Master', 'Rakukaja', 'Dodge Ice']
INFO:root:['Morning Star', 'Rakukaja', 'Dodge Slash', 'Counter', 'Zan-ei']
INFO:root:['Mind Charge', 'Rakukaja', 'Dodge Slash', 'Absorb Slash', 'Mighty Swing']
INFO:root:['Counter', 'Survive Light', 'High Counter', 'Power Slash', 'Rakukaja']
INFO:root:['Mudoon', 'Survive Light', 'Zan-ei', 'Rakukaja', 'Victory Cry']
INFO:root:['Dodge Slash', 'Rakukaja', 'Spell Master', 'Getsu-ei', 'Absorb Slash']
INFO:root:['Rakukaja', 'Survive Light', 'Counter', 'Getsu-ei', 'Dodge Ice']
INFO:root:['Mudoon', 'Primal Force', 'Dodge Slash', 'Mind Charge', 'Wind Amp']
INFO:root:['Power Slash', 'Rakukaja', 'Counter', 'Mind Charge', 'Spell Master']
INFO:root:['Mind Charge', 'Power Slash', 'Dodge Ice', 'Counter', 'High Counter']
INFO:root:['Counter', 'Rakukaja', 'Salvation', 'High Counter', 'Dodge Ice']
INFO:root:['Mighty Swing', 'Rakukaja', 'Counter', 'Dodge Slash', 'Power Slash']
INFO:root:['Dodge Slash', 'Counter', 'Absorb Slash', 'Mudoon', 'Dodge Ice']
INFO:root:['Wind Amp', 'Victory Cry', 'Rakukaja', 'Dodge Slash', 'Spell Master']
INFO:root:['Dodge Ice', 'Mudoon', 'Mighty Swing', 'Getsu-ei', 'Rakukaja']
INFO:root:['Mind Charge', 'Counter', 'Salvation', 'Mudoon', 'Rakukaja']
INFO:root:['Victory Cry', 'Rakukaja', 'Life Drain', 'Power Slash', 'Mind Charge']
INFO:root:['Dodge Ice', 'Counter', 'Wind Amp', 'Dodge Slash', 'High Counter']
INFO:root:['Salvation', 'Wind Amp', 'Survive Light', 'Rakukaja', 'Counter']
INFO:root:['Mudoon', 'Counter', 'Mind Charge', 'Victory Cry', 'Zan-ei']
INFO:root:['Primal Force', 'Rakukaja', 'Dodge Ice', 'Survive Light', 'Zan-ei']
INFO:root:['High Counter', 'Dodge Ice', 'Salvation', 'Rakukaja', 'Zan-ei']
INFO:root:['Spell Master', 'Absorb Slash', 'High Counter', 'Dodge Ice', 'Counter']
INFO:root:['Mind Charge', 'Dodge Slash', 'Getsu-ei', 'Rakukaja', 'Primal Force']
INFO:root:['Absorb Slash', 'Dodge Slash', 'Zan-ei', 'High Counter', 'Dodge Ice']
INFO:root:['Getsu-ei', 'Power Slash', 'Counter', 'Dodge Slash', 'Zan-ei']
INFO:root:['Rakukaja', 'Dodge Slash', 'High Counter', 'Counter', 'Mudoon']
INFO:root:['Mind Charge', 'Power Slash', 'High Counter', 'Life Drain', 'Dodge Ice']
INFO:root:['Dodge Slash', 'Survive Light', 'Mind Charge', 'Counter', 'High Counter']
INFO:root:['Rakukaja', 'Counter', 'Dodge Slash', 'Power Slash', 'Mudoon']
INFO:root:['Spell Master', 'Rakukaja', 'Counter', 'Dodge Slash', 'High Counter']
INFO:root:['Dodge Slash', 'Wind Amp', 'Mind Charge', 'Rakukaja', 'Survive Light']
INFO:root:['Victory Cry', 'Rakukaja', 'Dodge Ice', 'Wind Amp', 'Absorb Slash']
INFO:root:['Dodge Ice', 'Absorb Slash', 'Rakukaja', 'Wind Amp', 'Dodge Slash']
INFO:root:['Survive Light', 'Counter', 'Dodge Slash', 'Wind Amp', 'Rakukaja']
INFO:root:['Rakukaja', 'Victory Cry', 'Mudoon', 'Survive Light', 'Dodge Slash']
INFO:root:['Rakukaja', 'Counter', 'Getsu-ei', 'Mudoon', 'Spell Master']
INFO:root:['High Counter', 'Wind Amp', 'Dodge Slash', 'Salvation', 'Mudoon']
INFO:root:['Dodge Ice', 'Wind Amp', 'Mudoon', 'Mighty Swing', 'Victory Cry']
INFO:root:['Zan-ei', 'Wind Amp', 'Dodge Ice', 'High Counter', 'Survive Light']
INFO:root:['Survive Light', 'Victory Cry', 'Spell Master', 'High Counter', 'Dodge Slash']
INFO:root:['Zan-ei', 'Salvation', 'Mind Charge', 'Survive Light', 'Mudoon']
INFO:root:['Rakukaja', 'Dodge Slash', 'Victory Cry', 'Counter', 'Mighty Swing']
INFO:root:['Power Slash', 'Mudoon', 'Absorb Slash', 'Dodge Slash', 'Dodge Ice']
INFO:root:['Absorb Slash', 'Survive Light', 'Wind Amp', 'Salvation', 'Mudoon']
INFO:root:['Getsu-ei', 'Mind Charge', 'Wind Amp', 'Rakukaja', 'Victory Cry']
INFO:root:['Dodge Slash', 'Spell Master', 'High Counter', 'Counter', 'Mind Charge']
INFO:root:['Mind Charge', 'Dodge Slash', 'Power Slash', 'Dodge Ice', 'Mighty Swing']
INFO:root:['Rakukaja', 'Mudoon', 'Victory Cry', 'Dodge Slash', 'Counter']
INFO:root:['Rakukaja', 'Dodge Slash', 'Mudoon', 'Absorb Slash', 'Dodge Ice']
INFO:root:['Survive Light', 'Life Drain', 'Counter', 'Dodge Ice', 'Dodge Slash']
INFO:root:['Zan-ei', 'Mudoon', 'Dodge Ice', 'Dodge Slash', 'Mind Charge']
INFO:root:['Survive Light', 'Wind Amp', 'Rakukaja', 'High Counter', 'Spell Master']
INFO:root:['Wind Amp', 'Salvation', 'Counter', 'Dodge Slash', 'Power Slash']
INFO:root:['Rakukaja', 'Survive Light', 'Dodge Ice', 'Life Drain', 'Victory Cry']
INFO:root:['Dodge Ice', 'Counter', 'Rakukaja', 'Dodge Slash', 'Mudoon']
INFO:root:['Survive Light', 'Mind Charge', 'Victory Cry', 'High Counter', 'Mudoon']
INFO:root:['Wind Amp', 'Victory Cry', 'Salvation', 'Rakukaja', 'Counter']
INFO:root:['Dodge Ice', 'Wind Amp', 'High Counter', 'Dodge Slash', 'Rakukaja']
INFO:root:['Rakukaja', 'Counter', 'Mind Charge', 'Salvation', 'High Counter']
INFO:root:['Victory Cry', 'Salvation', 'Counter', 'Mudoon', 'Dodge Slash']
INFO:root:['Rakukaja', 'Dodge Slash', 'Victory Cry', 'Mudoon', 'Counter']
INFO:root:['Mighty Swing', 'Getsu-ei', 'Dodge Slash', 'Dodge Ice', 'Rakukaja']
INFO:root:['Mudoon', 'Survive Light', 'Zan-ei', 'Dodge Ice', 'Mighty Swing']
INFO:root:['Mind Charge', 'Dodge Slash', 'Dodge Ice', 'Spell Master', 'Rakukaja']
INFO:root:['Mind Charge', 'Counter', 'Dodge Slash', 'Rakukaja', 'Mudoon']
INFO:root:['Mind Charge', 'Morning Star', 'Rakukaja', 'Dodge Slash', 'Counter']
INFO:root:['Mudoon', 'Mind Charge', 'Counter', 'High Counter', 'Dodge Ice']
INFO:root:['Dodge Slash', 'Mighty Swing', 'Dodge Ice', 'Victory Cry', 'Survive Light']
INFO:root:['Wind Amp', 'Mudoon', 'Dodge Slash', 'Counter', 'Victory Cry']
INFO:root:['Getsu-ei', 'Rakukaja', 'Victory Cry', 'Power Slash', 'High Counter']
INFO:root:['Counter', 'Dodge Slash', 'Rakukaja', 'High Counter', 'Mind Charge']
INFO:root:['Counter', 'Getsu-ei', 'Rakukaja', 'Dodge Ice', 'Zan-ei']
INFO:root:['Survive Light', 'High Counter', 'Rakukaja', 'Dodge Slash', 'Dodge Ice']
INFO:root:['Rakukaja', 'Mudoon', 'Mind Charge', 'High Counter', 'Counter']
INFO:root:['Survive Light', 'Rakukaja', 'High Counter', 'Life Drain', 'Dodge Slash']
INFO:root:['Counter', 'Mind Charge', 'Rakukaja', 'Dodge Ice', 'Getsu-ei']
INFO:root:['Life Drain', 'Dodge Ice', 'Mind Charge', 'Dodge Slash', 'Rakukaja']
INFO:root:['Mind Charge', 'Survive Light', 'Rakukaja', 'High Counter', 'Power Slash']
INFO:root:['Rakukaja', 'Spell Master', 'Dodge Slash', 'Counter', 'Wind Amp']
INFO:root:['Dodge Ice', 'Rakukaja', 'Salvation', 'Wind Amp', 'Counter']
INFO:root:['Getsu-ei', 'Mudoon', 'Primal Force', 'Mind Charge', 'Dodge Ice']
INFO:root:['Life Drain', 'Power Slash', 'Zan-ei', 'Rakukaja', 'Dodge Ice']
INFO:root:['Mind Charge', 'Counter', 'Life Drain', 'Dodge Slash', 'Getsu-ei']
INFO:root:['Dodge Ice', 'Wind Amp', 'Absorb Slash', 'Spell Master', 'Survive Light']
INFO:root:['Dodge Slash', 'Rakukaja', 'Counter', 'Salvation', 'Wind Amp']
INFO:root:['Power Slash', 'Wind Amp', 'Getsu-ei', 'Mind Charge', 'Survive Light']
INFO:root:['Survive Light', 'Dodge Slash', 'Dodge Ice', 'Spell Master', 'Rakukaja']
INFO:root:['Victory Cry', 'Counter', 'Mighty Swing', 'Mudoon', 'Power Slash']
INFO:root:['Zan-ei', 'High Counter', 'Rakukaja', 'Wind Amp', 'Dodge Slash']
INFO:root:['Dodge Slash', 'Life Drain', 'High Counter', 'Counter', 'Mind Charge']
INFO:root:['Counter', 'Spell Master', 'Dodge Ice', 'Mudoon', 'Wind Amp']
INFO:root:['Counter', 'Dodge Ice', 'Zan-ei', 'Rakukaja', 'Victory Cry']
INFO:root:['Dodge Ice', 'Mind Charge', 'Mudoon', 'Victory Cry', 'Absorb Slash']
INFO:root:['Dodge Slash', 'Mudoon', 'Getsu-ei', 'High Counter', 'Life Drain']
INFO:root:['Survive Light', 'Rakukaja', 'Counter', 'Absorb Slash', 'Dodge Ice']
INFO:root:['Power Slash', 'Rakukaja', 'Wind Amp', 'Survive Light', 'Dodge Slash']
INFO:root:['Victory Cry', 'Mind Charge', 'Rakukaja', 'Wind Amp', 'Power Slash']
INFO:root:['High Counter', 'Salvation', 'Wind Amp', 'Mudoon', 'Dodge Slash']
INFO:root:['Mind Charge', 'Power Slash', 'Survive Light', 'Counter', 'Mudoon']
INFO:root:['Mind Charge', 'High Counter', 'Rakukaja', 'Dodge Slash', 'Zan-ei']
INFO:root:['Dodge Ice', 'Victory Cry', 'Wind Amp', 'High Counter', 'Primal Force']
INFO:root:['High Counter', 'Mudoon', 'Rakukaja', 'Victory Cry', 'Counter']
INFO:root:['Dodge Slash', 'Counter', 'Wind Amp', 'Salvation', 'Mudoon']
INFO:root:['Getsu-ei', 'Mind Charge', 'Rakukaja', 'High Counter', 'Mudoon']
INFO:root:['Wind Amp', 'Mudoon', 'Mind Charge', 'Dodge Slash', 'Rakukaja']
INFO:root:['Survive Light', 'Life Drain', 'Dodge Slash', 'Dodge Ice', 'Absorb Slash']
INFO:root:['Dodge Ice', 'Mind Charge', 'Wind Amp', 'Counter', 'Salvation']
INFO:root:['Rakukaja', 'Mind Charge', 'Counter', 'Life Drain', 'Dodge Ice']
INFO:root:['Life Drain', 'Counter', 'Mudoon', 'Rakukaja', 'Victory Cry']
INFO:root:['Survive Light', 'Absorb Slash', 'Wind Amp', 'Getsu-ei', 'Dodge Ice']
INFO:root:['Mudoon', 'Victory Cry', 'Dodge Slash', 'High Counter', 'Mighty Swing']
INFO:root:['Wind Amp', 'Survive Light', 'Rakukaja', 'Dodge Slash', 'High Counter']
INFO:root:['Getsu-ei', 'Mind Charge', 'Mudoon', 'Dodge Ice', 'Rakukaja']
INFO:root:['Absorb Slash', 'Wind Amp', 'High Counter', 'Counter', 'Survive Light']
INFO:root:['Victory Cry', 'Survive Light', 'Dodge Slash', 'Dodge Ice', 'Counter']
INFO:root:['Survive Light', 'Rakukaja', 'Salvation', 'Dodge Ice', 'High Counter']
INFO:root:['Life Drain', 'Salvation', 'Mudoon', 'High Counter', 'Zan-ei']
INFO:root:['Rakukaja', 'Wind Amp', 'Dodge Ice', 'Absorb Slash', 'Survive Light']
INFO:root:['Mudoon', 'Survive Light', 'Victory Cry', 'Dodge Slash', 'Wind Amp']
INFO:root:['Getsu-ei', 'Counter', 'Mudoon', 'Mind Charge', 'Survive Light']
INFO:root:['Dodge Slash', 'Dodge Ice', 'Counter', 'Spell Master', 'High Counter']
INFO:root:['Zan-ei', 'Dodge Slash', 'Salvation', 'Victory Cry', 'Mudoon']
INFO:root:['Dodge Slash', 'Mind Charge', 'High Counter', 'Rakukaja', 'Survive Light']
INFO:root:['Mighty Swing', 'Counter', 'Victory Cry', 'High Counter', 'Rakukaja']
INFO:root:['Absorb Slash', 'Mudoon', 'Rakukaja', 'Mind Charge', 'Salvation']
INFO:root:['High Counter', 'Counter', 'Dodge Slash', 'Rakukaja', 'Spell Master']
INFO:root:['Counter', 'Survive Light', 'High Counter', 'Dodge Slash', 'Dodge Ice']
INFO:root:['Zan-ei', 'Dodge Ice', 'Counter', 'Rakukaja', 'Absorb Slash']
INFO:root:['Wind Amp', 'Counter', 'Dodge Ice', 'Salvation', 'Survive Light']
INFO:root:['Dodge Slash', 'Rakukaja', 'Wind Amp', 'Survive Light', 'Getsu-ei']
INFO:root:['Absorb Slash', 'Survive Light', 'Mudoon', 'High Counter', 'Mind Charge']
INFO:root:['Survive Light', 'Zan-ei', 'Counter', 'Victory Cry', 'Mudoon']
INFO:root:['Absorb Slash', 'Rakukaja', 'Dodge Ice', 'Salvation', 'Getsu-ei']
INFO:root:['Wind Amp', 'Zan-ei', 'Dodge Slash', 'Rakukaja', 'Spell Master']
INFO:root:['Wind Amp', 'Absorb Slash', 'Rakukaja', 'Dodge Slash', 'Survive Light']
INFO:root:['Survive Light', 'Dodge Ice', 'Primal Force', 'Mighty Swing', 'High Counter']
INFO:root:['Rakukaja', 'Mind Charge', 'Zan-ei', 'Dodge Slash', 'Absorb Slash']
INFO:root:['Counter', 'Mudoon', 'Rakukaja', 'High Counter', 'Victory Cry']
INFO:root:['Power Slash', 'Rakukaja', 'Counter', 'Dodge Ice', 'Mudoon']
INFO:root:['Absorb Slash', 'Survive Light', 'Dodge Ice', 'Spell Master', 'High Counter']
INFO:root:['Mind Charge', 'Absorb Slash', 'High Counter', 'Life Drain', 'Salvation']
INFO:root:['Mind Charge', 'Rakukaja', 'Mudoon', 'Dodge Slash', 'High Counter']
INFO:root:['Absorb Slash', 'Rakukaja', 'Getsu-ei', 'Survive Light', 'Mudoon']
INFO:root:['Dodge Slash', 'Rakukaja', 'Wind Amp', 'Counter', 'Absorb Slash']
INFO:root:['Absorb Slash', 'Mudoon', 'Wind Amp', 'Rakukaja', 'Getsu-ei']
INFO:root:['Counter', 'Survive Light', 'Rakukaja', 'Mind Charge', 'Absorb Slash']
INFO:root:['Mind Charge', 'Dodge Ice', 'Life Drain', 'Zan-ei', 'Rakukaja']
INFO:root:['Rakukaja', 'Mind Charge', 'Life Drain', 'Spell Master', 'Survive Light']
INFO:root:['Survive Light', 'Dodge Ice', 'Mudoon', 'Mind Charge', 'Rakukaja']
INFO:root:['High Counter', 'Mind Charge', 'Mudoon', 'Getsu-ei', 'Rakukaja']
INFO:root:['Dodge Slash', 'Mind Charge', 'Counter', 'Power Slash', 'Mighty Swing']
INFO:root:['Wind Amp', 'Dodge Slash', 'Salvation', 'Dodge Ice', 'Survive Light']
INFO:root:['Survive Light', 'Rakukaja', 'Absorb Slash', 'Mudoon', 'Wind Amp']
INFO:root:['High Counter', 'Dodge Ice', 'Survive Light', 'Life Drain', 'Mind Charge']
INFO:root:['Zan-ei', 'Rakukaja', 'Counter', 'Mudoon', 'Mind Charge']
INFO:root:['Spell Master', 'Counter', 'Rakukaja', 'Survive Light', 'Primal Force']
INFO:root:['High Counter', 'Wind Amp', 'Counter', 'Mudoon', 'Spell Master']
INFO:root:['Counter', 'Rakukaja', 'Dodge Slash', 'Mighty Swing', 'Wind Amp']
INFO:root:['Victory Cry', 'Mudoon', 'Survive Light', 'Wind Amp', 'High Counter']
INFO:root:['Rakukaja', 'Spell Master', 'Wind Amp', 'Counter', 'Dodge Slash']
INFO:root:['Dodge Slash', 'Rakukaja', 'Zan-ei', 'Wind Amp', 'Victory Cry']
INFO:root:['Mudoon', 'Survive Light', 'Mind Charge', 'Rakukaja', 'Dodge Slash']
INFO:root:['High Counter', 'Rakukaja', 'Dodge Ice', 'Mudoon', 'Salvation']
INFO:root:['Salvation', 'Survive Light', 'Dodge Ice', 'Counter', 'Zan-ei']
INFO:root:['Dodge Slash', 'Mudoon', 'Rakukaja', 'Counter', 'Victory Cry']
INFO:root:['Spell Master', 'High Counter', 'Rakukaja', 'Counter', 'Getsu-ei']
INFO:root:['Mind Charge', 'Absorb Slash', 'Getsu-ei', 'Dodge Slash', 'Dodge Ice']
INFO:root:['Survive Light', 'Rakukaja', 'Dodge Ice', 'Salvation', 'Mind Charge']
INFO:root:['Dodge Slash', 'Rakukaja', 'Dodge Ice', 'Survive Light', 'Counter']
INFO:root:['Wind Amp', 'Victory Cry', 'High Counter', 'Absorb Slash', 'Counter']
INFO:root:['Getsu-ei', 'Mind Charge', 'High Counter', 'Mighty Swing', 'Rakukaja']
INFO:root:['Survive Light', 'Salvation', 'Dodge Slash', 'Counter', 'Dodge Ice']
INFO:root:['Survive Light', 'Dodge Ice', 'Rakukaja', 'Salvation', 'Victory Cry']
INFO:root:['Getsu-ei', 'Rakukaja', 'Dodge Slash', 'Absorb Slash', 'Dodge Ice']
INFO:root:['Dodge Slash', 'Dodge Ice', 'Survive Light', 'Salvation', 'Victory Cry']
INFO:root:['Counter', 'Rakukaja', 'Zan-ei', 'Mudoon', 'Victory Cry']
INFO:root:['Mind Charge', 'Mighty Swing', 'Counter', 'Survive Light', 'Dodge Ice']
INFO:root:['Wind Amp', 'Survive Light', 'Spell Master', 'Dodge Ice', 'Rakukaja']
INFO:root:['Mudoon', 'Rakukaja', 'Dodge Ice', 'Dodge Slash', 'Salvation']
INFO:root:['Victory Cry', 'Salvation', 'High Counter', 'Survive Light', 'Mind Charge']
INFO:root:['Mudoon', 'Spell Master', 'Zan-ei', 'Mighty Swing', 'Dodge Ice']
INFO:root:['Life Drain', 'Getsu-ei', 'Counter', 'Rakukaja', 'Mind Charge']
INFO:root:['Rakukaja', 'Mudoon', 'Mind Charge', 'Dodge Ice', 'Survive Light']
INFO:root:['Mighty Swing', 'Victory Cry', 'Counter', 'Power Slash', 'Wind Amp']
INFO:root:['Rakukaja', 'Mudoon', 'Power Slash', 'Mighty Swing', 'Wind Amp']
INFO:root:['Mind Charge', 'Dodge Ice', 'Counter', 'Rakukaja', 'Salvation']
INFO:root:['High Counter', 'Survive Light', 'Counter', 'Wind Amp', 'Mind Charge']
INFO:root:['Rakukaja', 'Spell Master', 'High Counter', 'Mighty Swing', 'Life Drain']
INFO:root:['Mudoon', 'High Counter', 'Dodge Ice', 'Survive Light', 'Absorb Slash']
INFO:root:['Dodge Ice', 'Counter', 'Rakukaja', 'Morning Star', 'Wind Amp']
INFO:root:['Salvation', 'Wind Amp', 'Mudoon', 'Mind Charge', 'Power Slash']
INFO:root:['High Counter', 'Dodge Slash', 'Survive Light', 'Salvation', 'Wind Amp']
INFO:root:['Salvation', 'Dodge Slash', 'Dodge Ice', 'Rakukaja', 'Absorb Slash']
INFO:root:['Victory Cry', 'Rakukaja', 'Mind Charge', 'Dodge Slash', 'Life Drain']
INFO:root:['Mind Charge', 'Counter', 'Rakukaja', 'Spell Master', 'Wind Amp']
INFO:root:['Dodge Ice', 'Rakukaja', 'Survive Light', 'Counter', 'Absorb Slash']
INFO:root:['Mudoon', 'Dodge Slash', 'Rakukaja', 'Absorb Slash', 'Wind Amp']
INFO:root:['Mind Charge', 'Wind Amp', 'Victory Cry', 'Rakukaja', 'Power Slash']
INFO:root:['Dodge Slash', 'Mind Charge', 'Spell Master', 'Survive Light', 'Wind Amp']
INFO:root:['Rakukaja', 'Wind Amp', 'Victory Cry', 'Survive Light', 'Dodge Slash']
INFO:root:['Survive Light', 'Wind Amp', 'Mighty Swing', 'Mind Charge', 'Spell Master']
INFO:root:['Absorb Slash', 'Dodge Ice', 'Power Slash', 'Wind Amp', 'Mind Charge']
INFO:root:['Counter', 'Salvation', 'Power Slash', 'Mind Charge', 'Wind Amp']
INFO:root:['Power Slash', 'Wind Amp', 'Morning Star', 'Mind Charge', 'Getsu-ei']
INFO:root:['Dodge Ice', 'Counter', 'High Counter', 'Life Drain', 'Mudoon']
INFO:root:['Rakukaja', 'Getsu-ei', 'Dodge Ice', 'Wind Amp', 'Survive Light']
INFO:root:['Counter', 'High Counter', 'Rakukaja', 'Dodge Slash', 'Survive Light']
INFO:root:['Counter', 'Wind Amp', 'Mind Charge', 'Mudoon', 'Dodge Slash']
INFO:root:['Victory Cry', 'Salvation', 'Dodge Slash', 'Dodge Ice', 'Rakukaja']
INFO:root:['Mind Charge', 'Rakukaja', 'Victory Cry', 'Absorb Slash', 'Dodge Slash']
INFO:root:['Dodge Slash', 'Counter', 'Zan-ei', 'Mind Charge', 'Getsu-ei']
INFO:root:['Rakukaja', 'Survive Light', 'Getsu-ei', 'Counter', 'Mudoon']
INFO:root:['Counter', 'Mind Charge', 'Power Slash', 'Dodge Slash', 'Rakukaja']
INFO:root:['Rakukaja', 'Dodge Ice', 'Power Slash', 'Wind Amp', 'Survive Light']
INFO:root:['High Counter', 'Spell Master', 'Absorb Slash', 'Dodge Ice', 'Wind Amp']
INFO:root:['Wind Amp', 'Victory Cry', 'Rakukaja', 'Salvation', 'Power Slash']
INFO:root:['Survive Light', 'Zan-ei', 'Counter', 'Dodge Ice', 'Power Slash']
INFO:root:['Counter', 'Salvation', 'Dodge Slash', 'Mudoon', 'Survive Light']
INFO:root:['Mudoon', 'High Counter', 'Absorb Slash', 'Dodge Slash', 'Victory Cry']
INFO:root:['Wind Amp', 'Counter', 'High Counter', 'Salvation', 'Mind Charge']
INFO:root:['Dodge Ice', 'Mighty Swing', 'Mind Charge', 'Absorb Slash', 'Rakukaja']
INFO:root:['High Counter', 'Wind Amp', 'Getsu-ei', 'Mudoon', 'Dodge Slash']
INFO:root:['Life Drain', 'Power Slash', 'Dodge Slash', 'Rakukaja', 'Mudoon']
INFO:root:['Dodge Slash', 'Rakukaja', 'Spell Master', 'Survive Light', 'Wind Amp']
INFO:root:['Mind Charge', 'Dodge Ice', 'Wind Amp', 'Absorb Slash', 'Power Slash']
INFO:root:['Salvation', 'Dodge Ice', 'Dodge Slash', 'Rakukaja', 'Spell Master']
INFO:root:['Getsu-ei', 'Life Drain', 'Absorb Slash', 'Rakukaja', 'High Counter']
INFO:root:['Life Drain', 'Mudoon', 'Counter', 'Victory Cry', 'Dodge Ice']
INFO:root:['Dodge Slash', 'Dodge Ice', 'High Counter', 'Rakukaja', 'Salvation']
INFO:root:['Survive Light', 'Power Slash', 'Salvation', 'Counter', 'High Counter']
INFO:root:['Rakukaja', 'Victory Cry', 'Mudoon', 'Wind Amp', 'Counter']
INFO:root:['Dodge Slash', 'Rakukaja', 'Counter', 'Wind Amp', 'Getsu-ei']
INFO:root:['Dodge Ice', 'Mudoon', 'Wind Amp', 'Survive Light', 'Counter']
INFO:root:['Rakukaja', 'Survive Light', 'Victory Cry', 'Salvation', 'Wind Amp']
INFO:root:['Mind Charge', 'Counter', 'Rakukaja', 'Dodge Slash', 'Life Drain']
INFO:root:['Dodge Ice', 'Mudoon', 'Power Slash', 'Morning Star', 'Wind Amp']
INFO:root:['Spell Master', 'Dodge Ice', 'Absorb Slash', 'Survive Light', 'Rakukaja']
INFO:root:['Spell Master', 'Mind Charge', 'Dodge Slash', 'Survive Light', 'Mudoon']
INFO:root:['Spell Master', 'Rakukaja', 'Victory Cry', 'Dodge Ice', 'Survive Light']
INFO:root:['Victory Cry', 'Dodge Ice', 'Spell Master', 'Mudoon', 'Counter']
INFO:root:['Dodge Slash', 'Dodge Ice', 'Mudoon', 'Rakukaja', 'Survive Light']
INFO:root:['Spell Master', 'Mind Charge', 'Life Drain', 'Dodge Ice', 'Victory Cry']
INFO:root:['Survive Light', 'Rakukaja', 'Dodge Ice', 'Dodge Slash', 'Counter']
INFO:root:['Life Drain', 'Rakukaja', 'Absorb Slash', 'Dodge Ice', 'Salvation']
INFO:root:['Dodge Ice', 'Victory Cry', 'Dodge Slash', 'Survive Light', 'Mudoon']
INFO:root:['Wind Amp', 'Rakukaja', 'Counter', 'Spell Master', 'Dodge Ice']
INFO:root:['High Counter', 'Dodge Ice', 'Counter', 'Rakukaja', 'Mighty Swing']
INFO:root:['Counter', 'Survive Light', 'Wind Amp', 'Zan-ei', 'Rakukaja']
INFO:root:['Zan-ei', 'Rakukaja', 'Mudoon', 'Counter', 'Salvation']
INFO:root:['Rakukaja', 'Dodge Slash', 'Mudoon', 'Mighty Swing', 'Absorb Slash']
INFO:root:['Dodge Ice', 'Rakukaja', 'Mind Charge', 'Victory Cry', 'High Counter']
INFO:root:['Counter', 'Survive Light', 'Rakukaja', 'Mind Charge', 'Victory Cry']
INFO:root:['Salvation', 'Rakukaja', 'Dodge Slash', 'Mind Charge', 'High Counter']
INFO:root:['Mudoon', 'Rakukaja', 'Life Drain', 'Dodge Slash', 'Wind Amp']
INFO:root:['Dodge Slash', 'Rakukaja', 'Mudoon', 'Dodge Ice', 'Wind Amp']
INFO:root:['Spell Master', 'Power Slash', 'Wind Amp', 'Dodge Ice', 'Dodge Slash']
INFO:root:['Absorb Slash', 'Wind Amp', 'High Counter', 'Counter', 'Dodge Ice']
INFO:root:['Wind Amp', 'Dodge Ice', 'Survive Light', 'Mind Charge', 'Rakukaja']
INFO:root:['Morning Star', 'Counter', 'Mudoon', 'Salvation', 'Survive Light']
INFO:root:['Wind Amp', 'Salvation', 'Counter', 'Mind Charge', 'Dodge Ice']
INFO:root:['Mind Charge', 'Dodge Ice', 'Getsu-ei', 'Life Drain', 'High Counter']
INFO:root:['Dodge Ice', 'Getsu-ei', 'Dodge Slash', 'Zan-ei', 'Counter']
INFO:root:['Rakukaja', 'High Counter', 'Survive Light', 'Mudoon', 'Mind Charge']
INFO:root:['Counter', 'Rakukaja', 'High Counter', 'Mudoon', 'Wind Amp']
INFO:root:['Counter', 'Dodge Slash', 'Rakukaja', 'Dodge Ice', 'Wind Amp']
INFO:root:['Wind Amp', 'Mudoon', 'Dodge Ice', 'Dodge Slash', 'Rakukaja']
INFO:root:['Morning Star', 'Mighty Swing', 'Wind Amp', 'Dodge Ice', 'Salvation']
INFO:root:['Rakukaja', 'Dodge Ice', 'Wind Amp', 'Dodge Slash', 'Mudoon']
INFO:root:['Mudoon', 'Dodge Slash', 'High Counter', 'Spell Master', 'Counter']
INFO:root:['Dodge Ice', 'Rakukaja', 'Mind Charge', 'High Counter', 'Counter']
INFO:root:['Absorb Slash', 'Dodge Slash', 'Dodge Ice', 'Mudoon', 'Rakukaja']
INFO:root:['Mudoon', 'Dodge Slash', 'Counter', 'Rakukaja', 'Absorb Slash']
INFO:root:['Mind Charge', 'Survive Light', 'Counter', 'Dodge Ice', 'Spell Master']
INFO:root:['Dodge Ice', 'Absorb Slash', 'High Counter', 'Rakukaja', 'Wind Amp']
INFO:root:['Rakukaja', 'Counter', 'Survive Light', 'Dodge Ice', 'Mudoon']
INFO:root:['Mudoon', 'Zan-ei', 'High Counter', 'Survive Light', 'Dodge Slash']
INFO:root:['Dodge Ice', 'Getsu-ei', 'Zan-ei', 'Life Drain', 'High Counter']
INFO:root:['Survive Light', 'Salvation', 'Rakukaja', 'Counter', 'Mind Charge']
INFO:root:['Counter', 'Survive Light', 'Getsu-ei', 'Victory Cry', 'Mind Charge']
INFO:root:['Survive Light', 'Rakukaja', 'Dodge Slash', 'Dodge Ice', 'Getsu-ei']
INFO:root:['Power Slash', 'Dodge Ice', 'Mighty Swing', 'Absorb Slash', 'Victory Cry']
INFO:root:['Rakukaja', 'Zan-ei', 'Mudoon', 'Dodge Slash', 'High Counter']
INFO:root:['Survive Light', 'Absorb Slash', 'Counter', 'Life Drain', 'Dodge Ice']
INFO:root:['High Counter', 'Mind Charge', 'Counter', 'Dodge Ice', 'Dodge Slash']
INFO:root:['Dodge Ice', 'Mudoon', 'Spell Master', 'Rakukaja', 'Dodge Slash']
INFO:root:['Mind Charge', 'Mudoon', 'Getsu-ei', 'Victory Cry', 'Spell Master']
INFO:root:['Mind Charge', 'Rakukaja', 'Wind Amp', 'Dodge Slash', 'High Counter']
INFO:root:['Dodge Ice', 'Salvation', 'Wind Amp', 'Spell Master', 'High Counter']
INFO:root:['Dodge Ice', 'Rakukaja', 'Spell Master', 'High Counter', 'Power Slash']
INFO:root:['Wind Amp', 'Dodge Slash', 'Dodge Ice', 'Getsu-ei', 'Primal Force']
INFO:root:['Counter', 'Rakukaja', 'Dodge Slash', 'Wind Amp', 'Survive Light']
INFO:root:['Mind Charge', 'Dodge Ice', 'Rakukaja', 'Wind Amp', 'High Counter']
INFO:root:['Dodge Slash', 'Salvation', 'Wind Amp', 'Primal Force', 'Counter']
INFO:root:['Mind Charge', 'Rakukaja', 'Dodge Ice', 'Counter', 'Primal Force']
INFO:root:['Mudoon', 'Life Drain', 'Spell Master', 'Rakukaja', 'Dodge Slash']
INFO:root:['Absorb Slash', 'Mudoon', 'Salvation', 'Dodge Ice', 'Life Drain']
INFO:root:['Rakukaja', 'Mudoon', 'Counter', 'Zan-ei', 'Survive Light']
INFO:root:['Power Slash', 'Mudoon', 'Dodge Ice', 'Counter', 'Rakukaja']
INFO:root:['Rakukaja', 'Dodge Ice', 'Wind Amp', 'Mind Charge', 'Salvation']
INFO:root:['Life Drain', 'Dodge Ice', 'Mind Charge', 'Mudoon', 'Dodge Slash']
INFO:root:['Wind Amp', 'Life Drain', 'High Counter', 'Dodge Ice', 'Mudoon']
INFO:root:['Mudoon', 'Rakukaja', 'Mighty Swing', 'Dodge Ice', 'Wind Amp']
INFO:root:['Survive Light', 'Wind Amp', 'Rakukaja', 'Dodge Slash', 'Salvation']
INFO:root:['Rakukaja', 'Survive Light', 'Dodge Ice', 'Mind Charge', 'Dodge Slash']
INFO:root:['Mind Charge', 'Wind Amp', 'Rakukaja', 'Dodge Ice', 'Survive Light']
INFO:root:['Dodge Slash', 'Survive Light', 'Counter', 'Absorb Slash', 'Salvation']
INFO:root:['Mighty Swing', 'Mind Charge', 'Wind Amp', 'Rakukaja', 'Survive Light']
INFO:root:['Rakukaja', 'Wind Amp', 'Morning Star', 'Mind Charge', 'Victory Cry']
INFO:root:['Counter', 'Power Slash', 'Survive Light', 'Dodge Slash', 'Wind Amp']
INFO:root:['Power Slash', 'Getsu-ei', 'Rakukaja', 'Wind Amp', 'Dodge Slash']
INFO:root:['Counter', 'Salvation', 'Rakukaja', 'Dodge Slash', 'Power Slash']
INFO:root:['Mudoon', 'High Counter', 'Salvation', 'Dodge Slash', 'Rakukaja']
INFO:root:['Dodge Slash', 'Mind Charge', 'Spell Master', 'Survive Light', 'Absorb Slash']
INFO:root:['Power Slash', 'Wind Amp', 'Mudoon', 'Mighty Swing', 'Getsu-ei']
INFO:root:['Dodge Ice', 'Rakukaja', 'Dodge Slash', 'Survive Light', 'Wind Amp']
INFO:root:['Dodge Ice', 'Rakukaja', 'Survive Light', 'Victory Cry', 'Wind Amp']
INFO:root:['Counter', 'Mudoon', 'Survive Light', 'Spell Master', 'High Counter']
INFO:root:['Survive Light', 'Dodge Slash', 'Mind Charge', 'Mudoon', 'Counter']
INFO:root:['Dodge Slash', 'Wind Amp', 'Absorb Slash', 'Victory Cry', 'Rakukaja']
INFO:root:['Rakukaja', 'Victory Cry', 'Wind Amp', 'Mudoon', 'Dodge Slash']
INFO:root:['Wind Amp', 'Rakukaja', 'High Counter', 'Dodge Ice', 'Survive Light']
INFO:root:['Dodge Ice', 'Rakukaja', 'Survive Light', 'Counter', 'High Counter']
INFO:root:['Absorb Slash', 'Rakukaja', 'Mudoon', 'Dodge Ice', 'Survive Light']
INFO:root:['Mudoon', 'Wind Amp', 'Rakukaja', 'Counter', 'Survive Light']
INFO:root:['Counter', 'Absorb Slash', 'Mudoon', 'Dodge Slash', 'Salvation']
INFO:root:['Dodge Ice', 'Dodge Slash', 'Mind Charge', 'High Counter', 'Mighty Swing']
INFO:root:['Mighty Swing', 'Mind Charge', 'High Counter', 'Victory Cry', 'Mudoon']
INFO:root:['Mind Charge', 'High Counter', 'Counter', 'Dodge Slash', 'Dodge Ice']
INFO:root:['Counter', 'Dodge Ice', 'Survive Light', 'Mind Charge', 'Dodge Slash']
INFO:root:['Rakukaja', 'Counter', 'High Counter', 'Dodge Slash', 'Absorb Slash']
INFO:root:['Dodge Ice', 'Rakukaja', 'Counter', 'Life Drain', 'Power Slash']
INFO:root:['Dodge Ice', 'Wind Amp', 'Mudoon', 'Absorb Slash', 'Dodge Slash']
INFO:root:['Salvation', 'Dodge Ice', 'Mighty Swing', 'Survive Light', 'Rakukaja']
INFO:root:['Mind Charge', 'Wind Amp', 'High Counter', 'Dodge Slash', 'Survive Light']
INFO:root:['Counter', 'Dodge Ice', 'Spell Master', 'Power Slash', 'Rakukaja']
INFO:root:['Dodge Slash', 'Survive Light', 'Mudoon', 'Mind Charge', 'Dodge Ice']
INFO:root:['Salvation', 'Dodge Slash', 'Survive Light', 'High Counter', 'Wind Amp']
INFO:root:['Wind Amp', 'Salvation', 'Zan-ei', 'Spell Master', 'Survive Light']
INFO:root:['Survive Light', 'Mudoon', 'Dodge Slash', 'Victory Cry', 'Dodge Ice']
INFO:root:['Mighty Swing', 'Wind Amp', 'Survive Light', 'Spell Master', 'Dodge Slash']
INFO:root:['Dodge Slash', 'Dodge Ice', 'Mudoon', 'Rakukaja', 'Mind Charge']
INFO:root:['Dodge Ice', 'Survive Light', 'Morning Star', 'Mudoon', 'Spell Master']
INFO:root:['Dodge Ice', 'Rakukaja', 'Dodge Slash', 'Wind Amp', 'Mudoon']
INFO:root:['Dodge Slash', 'Survive Light', 'Dodge Ice', 'High Counter', 'Mind Charge']
INFO:root:['High Counter', 'Survive Light', 'Rakukaja', 'Dodge Slash', 'Mind Charge']
INFO:root:['Dodge Slash', 'Dodge Ice', 'Rakukaja', 'Mudoon', 'Counter']
INFO:root:['Mind Charge', 'High Counter', 'Rakukaja', 'Wind Amp', 'Mudoon']
INFO:root:['Counter', 'Wind Amp', 'Mind Charge', 'Dodge Ice', 'Survive Light']
INFO:root:['Zan-ei', 'Dodge Ice', 'Mudoon', 'Salvation', 'Counter']
INFO:root:['Rakukaja', 'Getsu-ei', 'Mind Charge', 'High Counter', 'Dodge Slash']
INFO:root:['Wind Amp', 'Absorb Slash', 'Survive Light', 'Dodge Slash', 'Mighty Swing']
INFO:root:['Getsu-ei', 'Survive Light', 'Salvation', 'Dodge Ice', 'Zan-ei']
INFO:root:['Mudoon', 'Dodge Slash', 'Survive Light', 'Zan-ei', 'Mind Charge']
INFO:root:['Zan-ei', 'Counter', 'Wind Amp', 'Dodge Ice', 'Dodge Slash']
INFO:root:['Counter', 'Mudoon', 'Spell Master', 'Mind Charge', 'Dodge Ice']
INFO:root:['Dodge Ice', 'Wind Amp', 'Rakukaja', 'Mind Charge', 'Salvation']
INFO:root:['Life Drain', 'Primal Force', 'Victory Cry', 'Mind Charge', 'Absorb Slash']
INFO:root:['High Counter', 'Rakukaja', 'Mudoon', 'Mind Charge', 'Wind Amp']
INFO:root:['Counter', 'Wind Amp', 'Rakukaja', 'Dodge Slash', 'Survive Light']
INFO:root:['Survive Light', 'Salvation', 'Rakukaja', 'Dodge Slash', 'Absorb Slash']
