['Zio', 'Evil Touch', 'Repel Dark', 'Tarukaja', 'Auto-Mataru']
['Ziodyne', 'Zio', 'Salvation', 'Rakukaja', 'Power Charge']
['Zio', 'Mind Charge', 'Power Charge', 'Ziodyne', 'Die for Me!']
['Zio', 'Mind Charge', 'Power Charge', 'Ziodyne', 'Die for Me!']
['Zio', 'Rakukaja', 'Power Charge', 'Counter', 'Ziodyne']
['Ziodyne', 'Zio', 'Power Charge', 'Tempest Slash', 'Counter']
['Rakukaja', 'Evil Touch', 'Salvation', 'Zio', 'Ziodyne']
['Rakukaja', 'Zio', 'Marin Karin', 'Marakunda', 'Repel Dark']
['Zio', 'Ziodyne', 'Auto-Mataru', 'Marin Karin', 'High Counter']
['Mind Charge', 'Zio', 'Ziodyne', 'Megido', 'Auto-Masuku']
['Megido', 'Marin Karin', 'Zio', 'Mind Charge', 'Rakukaja']
['Zio', 'Marin Karin', 'Ziodyne', 'Tarukaja', 'Mind Charge']
['Tarukaja', 'Zio', 'High Counter', 'Ziodyne', 'Die for Me!']
['Power Charge', 'Zio', 'Tarukaja', 'Ziodyne', 'Marin Karin']
['Ziodyne', 'Zio', 'Tarukaja', 'Auto-Mataru', 'Counter']
['Auto-Mataru', 'Tarukaja', 'Zio', 'Counter', 'Rakukaja']
['Ziodyne', 'Zio', 'Rakukaja', 'Auto-Masuku', 'Power Charge']
['Zio', 'Ziodyne', 'High Counter', 'Auto-Mataru', 'Evil Touch']
['Zio', 'Megido', 'Ziodyne', 'Evil Touch', 'Repel Dark']
['Evil Touch', 'Auto-Mataru', 'Rakukaja', 'Zio', 'Spirit Drain']
['Zio', 'Rakukaja', 'Ziodyne', 'Marakunda', 'Tarukaja']
['Zio', 'Ziodyne', 'Auto-Masuku', 'Power Charge', 'Marakunda']
['Zio', 'Auto-Mataru', 'Ziodyne', 'Evil Touch', 'Marakunda']
['Rakukaja', 'Ziodyne', 'Zio', 'Evil Touch', 'Marakunda']
['Zio', 'Tarukaja', 'Auto-Mataru', 'Rakukaja', 'Ziodyne']
['Repel Dark', 'Zio', 'Ziodyne', 'High Counter', 'Megido']
['Zio', 'Ziodyne', 'High Counter', 'Counter', 'Repel Dark']
['Counter', 'Zio', 'Marin Karin', 'Ziodyne', 'Auto-Masuku']
['Zio', 'Rakukaja', 'Tarukaja', 'Ziodyne', 'Marin Karin']
['Zio', 'Evil Touch', 'Rakukaja', 'Akasha Arts', 'Marin Karin']
['Tarukaja', 'Zio', 'Ziodyne', 'Mind Charge', 'Counter']
['Evil Touch', 'Zio', 'Marakunda', 'Rakukaja', 'Counter']
['Zio', 'Mind Charge', 'Tarukaja', 'Marakunda', 'Auto-Masuku']
['Zio', 'Tempest Slash', 'Evil Touch', 'Marin Karin', 'High Counter']
['Zio', 'Counter', 'Marin Karin', 'Tarukaja', 'Ziodyne']
['Zio', 'Ziodyne', 'Tempest Slash', 'Die for Me!', 'Tarukaja']
['Zio', 'Mind Charge', 'Marin Karin', 'Evil Touch', 'High Counter']
['Zio', 'Tarukaja', 'Ziodyne', 'Rakukaja', 'Evil Touch']
['Die for Me!', 'Zio', 'Ziodyne', 'Repel Dark', 'Marin Karin']
['Zio', 'Rakukaja', 'Tarukaja', 'Marin Karin', 'High Counter']
['Zio', 'Ziodyne', 'Marin Karin', 'Marakunda', 'Counter']
['Zio', 'Mind Charge', 'Rakukaja', 'Marin Karin', 'Ziodyne']
['Zio', 'Ziodyne', 'Rakukaja', 'Evil Touch', 'Auto-Masuku']
['Zio', 'Ziodyne', 'Salvation', 'Evil Touch', 'Power Charge']
['Salvation', 'Zio', 'Auto-Mataru', 'Ziodyne', 'Rakukaja']
['Zio', 'Mind Charge', 'Ziodyne', 'Auto-Mataru', 'Rakukaja']
['Evil Touch', 'Rakukaja', 'Zio', 'Ziodyne', 'Counter']
['Zio', 'Rakukaja', 'High Counter', 'Ziodyne', 'Marin Karin']
['Zio', 'Evil Touch', 'Auto-Masuku', 'Rakukaja', 'High Counter']
['Zio', 'Rakukaja', 'Ziodyne', 'Evil Touch', 'Power Charge']
['Ziodyne', 'Zio', 'Marin Karin', 'Marakunda', 'Evil Touch']
['Marakunda', 'Zio', 'Rakukaja', 'Ziodyne', 'Marin Karin']
['Zio', 'Tarukaja', 'Ziodyne', 'Auto-Mataru', 'Akasha Arts']
['Zio', 'Ziodyne', 'Repel Dark', 'Auto-Mataru', 'Counter']
['Zio', 'Ziodyne', 'Rakukaja', 'Evil Touch', 'Power Charge']
['Zio', 'Ziodyne', 'High Counter', 'Mind Charge', 'Power Charge']
['Zio', 'Ziodyne', 'Power Charge', 'Tarukaja', 'Evil Touch']
['Ziodyne', 'Zio', 'Evil Touch', 'Rakukaja', 'High Counter']
['Zio', 'Rakukaja', 'Salvation', 'Auto-Mataru', 'High Counter']
['Vicious Strike', 'Zio', 'Rakukaja', 'Tarukaja', 'Power Charge']
['Rakukaja', 'Zio', 'Ziodyne', 'Tarukaja', 'Mind Charge']
['Ziodyne', 'Zio', 'Repel Dark', 'Evil Touch', 'Counter']
['Marakunda', 'Zio', 'Ziodyne', 'High Counter', 'Power Charge']
['Counter', 'Ziodyne', 'High Counter', 'Zio', 'Power Charge']
['Auto-Masuku', 'Auto-Mataru', 'Marin Karin', 'Rakukaja', 'Marakunda']
['Tarukaja', 'High Counter', 'Zio', 'Evil Touch', 'Ziodyne']
['Zio', 'Marakunda', 'High Counter', 'Marin Karin', 'Repel Dark']
['Tarukaja', 'Zio', 'Ziodyne', 'Auto-Mataru', 'High Counter']
['Zio', 'Ziodyne', 'Mind Charge', 'Marin Karin', 'Evil Touch']
['Marakunda', 'Zio', 'Ziodyne', 'Counter', 'Repel Dark']
['Tarukaja', 'Zio', 'Mind Charge', 'Ziodyne', 'Tempest Slash']
['Ziodyne', 'Tarukaja', 'Zio', 'Auto-Masuku', 'Mind Charge']
['Marin Karin', 'Zio', 'Evil Touch', 'Counter', 'Auto-Mataru']
['Zio', 'Marin Karin', 'Ziodyne', 'Rakukaja', 'Repel Dark']
['Zio', 'Auto-Mataru', 'Marin Karin', 'Repel Dark', 'Ziodyne']
['Zio', 'Rakukaja', 'Ziodyne', 'Evil Touch', 'Power Charge']
['Zio', 'Counter', 'Ziodyne', 'Tarukaja', 'Power Charge']
['Marakunda', 'Zio', 'Tarukaja', 'Auto-Masuku', 'Power Charge']
['Zio', 'Auto-Mataru', 'Mind Charge', 'Repel Dark', 'Counter']
['Zio', 'Auto-Mataru', 'Tarukaja', 'Rakukaja', 'Spirit Drain']
['Zio', 'Repel Dark', 'Tarukaja', 'Ziodyne', 'Die for Me!']
['Zio', 'Power Charge', 'Auto-Masuku', 'Ziodyne', 'Marakunda']
['Zio', 'Ziodyne', 'Counter', 'Mind Charge', 'Marin Karin']
['Tarukaja', 'Salvation', 'Rakukaja', 'High Counter', 'Zio']
['Zio', 'Tarukaja', 'Ziodyne', 'Die for Me!', 'High Counter']
['Ziodyne', 'Marin Karin', 'Spirit Drain', 'Counter', 'Zio']
['Zio', 'Ziodyne', 'Rakukaja', 'Counter', 'Salvation']
['Mind Charge', 'Tarukaja', 'Counter', 'Zio', 'Marin Karin']
['Rakukaja', 'Zio', 'Counter', 'Ziodyne', 'Mind Charge']
['Ziodyne', 'Marin Karin', 'Power Charge', 'Zio', 'Salvation']
['High Counter', 'Tarukaja', 'Zio', 'Salvation', 'Counter']
['Ziodyne', 'Zio', 'Power Charge', 'Rakukaja', 'Auto-Mataru']
['Marakunda', 'Zio', 'Auto-Masuku', 'Ziodyne', 'Marin Karin']
['Ziodyne', 'Marin Karin', 'Mind Charge', 'Zio', 'Power Charge']
['Zio', 'Ziodyne', 'Repel Dark', 'Evil Touch', 'Auto-Mataru']
['Marin Karin', 'Zio', 'Rakukaja', 'Ziodyne', 'Tarukaja']
['Zio', 'High Counter', 'Ziodyne', 'Counter', 'Marakunda']
['Zio', 'Marin Karin', 'Vicious Strike', 'Ziodyne', 'Marakunda']
['Marin Karin', 'Counter', 'Zio', 'Evil Touch', 'Rakukaja']
['Zio', 'Rakukaja', 'High Counter', 'Marin Karin', 'Tarukaja']
['Zio', 'Tarukaja', 'Ziodyne', 'Auto-Mataru', 'Marakunda']
['Zio', 'Marakunda', 'Counter', 'Marin Karin', 'Ziodyne']
['Zio', 'Ziodyne', 'Tarukaja', 'Evil Touch', 'Marakunda']
['Ziodyne', 'Zio', 'Power Charge', 'Counter', 'Repel Dark']
['Zio', 'Power Charge', 'Rakukaja', 'Ziodyne', 'Auto-Masuku']
['Zio', 'Auto-Masuku', 'Tarukaja', 'Ziodyne', 'Mind Charge']
['Zio', 'Auto-Masuku', 'Marin Karin', 'Rakukaja', 'Ziodyne']
['Zio', 'Marin Karin', 'Tarukaja', 'Ziodyne', 'Rakukaja']
['Zio', 'Tarukaja', 'Rakukaja', 'Salvation', 'Ziodyne']
['Rakukaja', 'Tarukaja', 'Marin Karin', 'Zio', 'Ziodyne']
['Zio', 'High Counter', 'Tarukaja', 'Salvation', 'Ziodyne']
['Zio', 'Tempest Slash', 'Rakukaja', 'Ziodyne', 'Repel Dark']
['Zio', 'Spirit Drain', 'Counter', 'Auto-Masuku', 'Die for Me!']
['Ziodyne', 'Zio', 'Marin Karin', 'Marakunda', 'Tarukaja']
['Zio', 'Die for Me!', 'Evil Touch', 'Auto-Masuku', 'Tarukaja']
['Auto-Mataru', 'Zio', 'Ziodyne', 'Marin Karin', 'Marakunda']
['Ziodyne', 'Zio', 'Spirit Drain', 'Evil Touch', 'Marin Karin']
['Zio', 'Ziodyne', 'Power Charge', 'Marin Karin', 'Mind Charge']
['Zio', 'Auto-Mataru', 'Ziodyne', 'Vicious Strike', 'Repel Dark']
['Zio', 'Salvation', 'Ziodyne', 'Counter', 'Tarukaja']
['Marakunda', 'Zio', 'Counter', 'Ziodyne', 'Marin Karin']
['Evil Touch', 'Zio', 'Marin Karin', 'Mind Charge', 'Auto-Masuku']
['Auto-Masuku', 'Zio', 'Tarukaja', 'Ziodyne', 'Power Charge']
['Zio', 'Marakunda', 'Power Charge', 'Rakukaja', 'Ziodyne']
['Power Charge', 'Zio', 'Ziodyne', 'Die for Me!', 'Tarukaja']
['Zio', 'Power Charge', 'Ziodyne', 'Evil Touch', 'Marin Karin']
['Auto-Masuku', 'Marin Karin', 'Zio', "God's Hand", 'Rakukaja']
['Zio', 'Spirit Drain', 'Rakukaja', 'Repel Dark', 'Ziodyne']
['Zio', 'Auto-Masuku', 'Salvation', 'Repel Dark', 'Tarukaja']
['Evil Touch', 'Ziodyne', 'Zio', 'Tarukaja', 'Marin Karin']
['Ziodyne', 'Power Charge', 'Rakukaja', 'Zio', 'High Counter']
['Zio', 'High Counter', 'Counter', 'Marin Karin', 'Tarukaja']
['Marin Karin', 'Marakunda', 'Zio', 'Counter', 'Evil Touch']
['Evil Touch', 'Zio', 'Ziodyne', 'Mind Charge', 'Marin Karin']
['Ziodyne', 'Zio', 'Evil Touch', 'Auto-Mataru', 'Rakukaja']
['Marin Karin', 'Zio', 'Ziodyne', 'Tarukaja', 'Salvation']
['Rakukaja', 'Zio', 'Ziodyne', 'Auto-Mataru', 'Evil Touch']
['Rakukaja', 'Zio', 'Ziodyne', 'Marin Karin', 'Counter']
['Tarukaja', 'Zio', 'Marin Karin', 'Auto-Mataru', 'Ziodyne']
['Zio', 'Auto-Mataru', 'Tarukaja', 'Marakunda', 'Ziodyne']
['Rakukaja', 'Ziodyne', 'Salvation', 'Repel Dark', 'Zio']
['Counter', 'Zio', 'Ziodyne', 'Rakukaja', 'Salvation']
['Counter', 'Zio', 'Tarukaja', 'Rakukaja', 'Ziodyne']
['Power Charge', 'Zio', 'Salvation', 'Ziodyne', 'Repel Dark']
['Zio', 'Counter', 'Ziodyne', 'Auto-Mataru', 'Evil Touch']
['Repel Dark', 'Zio', 'Auto-Masuku', 'Counter', 'Evil Touch']
['Auto-Masuku', 'Zio', 'Counter', 'Ziodyne', 'Evil Touch']
['Zio', 'Ziodyne', 'High Counter', 'Mind Charge', 'Auto-Mataru']
['Zio', 'Power Charge', 'Ziodyne', 'Mind Charge', 'Rakukaja']
['Marin Karin', 'Zio', 'Ziodyne', 'Salvation', 'Rakukaja']
['Zio', 'Tarukaja', 'Ziodyne', 'Rakukaja', 'Evil Touch']
['Zio', 'Ziodyne', 'Evil Touch', 'Marin Karin', 'High Counter']
['Zio', 'Ziodyne', 'Die for Me!', 'Spirit Drain', 'Evil Touch']
['Ziodyne', 'Zio', 'Auto-Mataru', 'Power Charge', 'Marin Karin']
['Zio', 'Tarukaja', 'Ziodyne', 'Counter', 'Power Charge']
['Zio', 'Ziodyne', 'Tarukaja', 'Counter', 'Marin Karin']
['Zio', 'Power Charge', 'Marakunda', 'Ziodyne', 'Tarukaja']
['Zio', 'Salvation', 'Marin Karin', 'Mind Charge', 'Die for Me!']
['Power Charge', 'Zio', 'Ziodyne', 'Repel Dark', 'Auto-Masuku']
['Zio', 'Ziodyne', 'Marin Karin', 'Power Charge', 'Evil Touch']
['Zio', 'Auto-Mataru', 'Repel Dark', 'Evil Touch', 'Ziodyne']
['Zio', 'Ziodyne', 'Counter', 'Evil Touch', 'Rakukaja']
['Zio', 'Ziodyne', 'Auto-Masuku', 'Salvation', 'Counter']
['Zio', 'Evil Touch', 'Rakukaja', 'Marin Karin', 'Auto-Mataru']
['Zio', 'Marakunda', 'Rakukaja', 'Power Charge', 'Tarukaja']
['Zio', 'Repel Dark', 'Counter', "God's Hand", 'Evil Touch']
['Ziodyne', 'Counter', 'Zio', 'Rakukaja', 'Repel Dark']
['Zio', 'Ziodyne', 'Megido', 'Tarukaja', 'High Counter']
['Counter', 'Marin Karin', 'Zio', 'Ziodyne', 'Repel Dark']
['Zio', 'Auto-Mataru', 'Marin Karin', 'Salvation', 'Mind Charge']
['Auto-Masuku', 'Zio', 'Repel Dark', 'Mind Charge', 'Marin Karin']
['Zio', 'Evil Touch', 'Counter', 'Power Charge', 'Ziodyne']
['Zio', 'Repel Dark', 'Tarukaja', 'Marin Karin', 'Die for Me!']
['Zio', 'Die for Me!', 'Mind Charge', 'Marin Karin', 'Tarukaja']
['Repel Dark', 'Zio', 'Megido', 'Rakukaja', 'Tarukaja']
['Zio', 'Salvation', 'Tarukaja', 'Ziodyne', 'Marakunda']
["God's Hand", 'Zio', 'Rakukaja', 'Power Charge', 'Evil Touch']
['Zio', 'Evil Touch', 'Rakukaja', 'Salvation', 'Ziodyne']
['Zio', 'Ziodyne', 'Tarukaja', 'High Counter', 'Marin Karin']
['Zio', 'Auto-Mataru', 'Ziodyne', 'Tempest Slash', 'Tarukaja']
['Zio', 'Marin Karin', 'Repel Dark', 'High Counter', 'Evil Touch']
['Zio', 'Megido', 'Ziodyne', 'Rakukaja', 'Evil Touch']
['Ziodyne', 'Zio', 'Repel Dark', 'Tempest Slash', 'Marakunda']
['Zio', 'Rakukaja', 'Repel Dark', 'Tarukaja', 'Tempest Slash']
['Ziodyne', 'Zio', 'Counter', 'High Counter', 'Tarukaja']
['Zio', 'Mind Charge', 'Tarukaja', 'Counter', 'Auto-Mataru']
['Ziodyne', 'Marakunda', 'Auto-Mataru', 'Zio', 'Rakukaja']
['Ziodyne', 'Zio', 'Power Charge', 'Counter', 'Marin Karin']
['Zio', 'Ziodyne', 'Marin Karin', 'Auto-Masuku', 'Mind Charge']
['Auto-Mataru', 'Zio', 'Marin Karin', 'High Counter', 'Ziodyne']
['Die for Me!', 'Zio', 'Power Charge', 'Marakunda', 'Counter']
['Zio', 'Marin Karin', 'High Counter', 'Marakunda', 'Ziodyne']
['Rakukaja', 'Ziodyne', 'Zio', 'Die for Me!', 'Marakunda']
['Zio', 'Counter', 'Repel Dark', 'Rakukaja', 'Auto-Masuku']
['Repel Dark', 'Ziodyne', 'Zio', 'Marakunda', 'Auto-Mataru']
['Zio', 'Akasha Arts', 'Ziodyne', 'Marakunda', 'Rakukaja']
['Ziodyne', 'Zio', 'Auto-Masuku', 'Counter', 'Tarukaja']
['Zio', 'Marin Karin', 'Power Charge', 'Rakukaja', 'Ziodyne']
['Zio', 'Ziodyne', 'Marin Karin', 'Tempest Slash', 'Repel Dark']
['Counter', 'Zio', 'Marin Karin', 'Evil Touch', 'Tarukaja']
['Rakukaja', 'Zio', 'Vicious Strike', 'Marin Karin', 'Ziodyne']
['Zio', 'Ziodyne', 'Auto-Mataru', 'Counter', 'Tarukaja']
['Zio', 'Ziodyne', 'Marin Karin', 'Tarukaja', 'Marakunda']
['Zio', 'Tarukaja', 'Ziodyne', 'High Counter', 'Power Charge']
['Zio', 'Vicious Strike', 'Rakukaja', 'Mind Charge', 'High Counter']
['Evil Touch', 'Zio', 'High Counter', 'Marin Karin', 'Ziodyne']
['Ziodyne', 'Zio', 'Tarukaja', 'Repel Dark', 'Mind Charge']
['Zio', 'Ziodyne', 'Marakunda', 'Auto-Masuku', 'Repel Dark']
['Zio', 'Marin Karin', 'Mind Charge', 'Rakukaja', 'Evil Touch']
['Rakukaja', 'Evil Touch', 'Auto-Mataru', 'Salvation', 'Zio']
['Die for Me!', 'Ziodyne', 'Zio', 'Rakukaja', 'Marin Karin']
['Ziodyne', 'Zio', 'Die for Me!', 'Power Charge', 'Evil Touch']
['Rakukaja', 'Zio', 'Evil Touch', 'Marin Karin', 'Auto-Mataru']
['Zio', 'Die for Me!', 'Evil Touch', 'Ziodyne', 'Counter']
['Zio', 'Ziodyne', 'Marin Karin', 'Marakunda', 'Power Charge']
['Tarukaja', 'Zio', 'Ziodyne', 'Marakunda', 'High Counter']
['Counter', 'Zio', 'Ziodyne', 'Auto-Mataru', 'Rakukaja']
['Zio', 'Ziodyne', 'Rakukaja', 'Marin Karin', 'Tarukaja']
['Zio', 'Evil Touch', 'Ziodyne', 'Counter', 'Rakukaja']
['Zio', 'Ziodyne', 'Spirit Drain', 'Marin Karin', 'Tarukaja']
['Zio', 'Spirit Drain', 'Ziodyne', 'Evil Touch', 'Marakunda']
['Zio', 'Marakunda', 'Ziodyne', 'Power Charge', 'Tarukaja']
['Zio', 'Power Charge', 'Marin Karin', 'Ziodyne', 'Tarukaja']
['Auto-Masuku', 'Zio', 'Ziodyne', 'Auto-Mataru', 'Evil Touch']
['Marakunda', 'Zio', 'Ziodyne', 'Vicious Strike', 'Power Charge']
['Zio', 'Ziodyne', 'Tarukaja', 'Counter', 'High Counter']
['Marakunda', 'Zio', 'Counter', 'Power Charge', 'Ziodyne']
['Zio', 'Counter', 'Marakunda', 'Tarukaja', 'Evil Touch']
['Zio', 'Auto-Mataru', 'Ziodyne', 'Tarukaja', 'Counter']
['Zio', 'Ziodyne', 'Tarukaja', 'Marakunda', 'Evil Touch']
['Zio', 'Tarukaja', 'Ziodyne', 'Marin Karin', 'Die for Me!']
['Zio', 'Ziodyne', 'High Counter', 'Power Charge', 'Mind Charge']
['Evil Touch', 'Ziodyne', 'Zio', 'Salvation', 'High Counter']
['Zio', 'Repel Dark', 'Marin Karin', 'Salvation', 'Auto-Masuku']
['Ziodyne', 'Zio', 'Tarukaja', 'Spirit Drain', 'Die for Me!']
['Zio', 'Mind Charge', 'High Counter', 'Ziodyne', 'Tarukaja']
['Zio', 'Salvation', 'Rakukaja', 'Evil Touch', 'Tarukaja']
['Marakunda', 'Zio', 'Ziodyne', 'Power Charge', 'Die for Me!']
['Zio', 'Die for Me!', 'Marin Karin', 'Ziodyne', 'Rakukaja']
['Zio', 'Marakunda', 'Tarukaja', 'Ziodyne', 'Rakukaja']
['Zio', 'Ziodyne', 'Counter', 'Tarukaja', 'High Counter']
['Zio', 'Ziodyne', 'Mind Charge', 'Auto-Mataru', 'Rakukaja']
['Zio', 'Auto-Mataru', 'Vicious Strike', 'Evil Touch', 'Power Charge']
['Zio', 'Marakunda', 'Ziodyne', 'Tarukaja', 'Rakukaja']
['Zio', 'Marakunda', 'Ziodyne', 'Counter', 'Power Charge']
['Zio', 'Salvation', 'Counter', 'Ziodyne', 'Auto-Masuku']
['Zio', 'Ziodyne', 'Power Charge', 'Rakukaja', 'Repel Dark']
['Zio', 'Auto-Masuku', 'Ziodyne', 'Repel Dark', 'Marakunda']
['Zio', 'Ziodyne', 'Counter', 'Auto-Mataru', 'Power Charge']
['Zio', 'Tarukaja', 'Ziodyne', 'Marakunda', 'Auto-Masuku']
['Ziodyne', 'Zio', 'Evil Touch', 'Marakunda', 'Tarukaja']
['Zio', 'Marin Karin', 'Salvation', 'Megido', 'Tarukaja']
['Zio', 'Ziodyne', 'Mind Charge', 'Tarukaja', 'Marin Karin']
['Power Charge', 'Zio', 'Ziodyne', 'Evil Touch', 'Marin Karin']
['Ziodyne', 'Zio', 'Evil Touch', 'Rakukaja', 'Salvation']
['Rakukaja', 'Zio', 'Auto-Masuku', 'Tarukaja', 'Counter']
['Zio', 'Ziodyne', 'High Counter', 'Marin Karin', 'Tarukaja']
['Zio', 'Counter', 'Ziodyne', 'Marin Karin', 'Marakunda']
['Zio', 'Tarukaja', 'Rakukaja', 'Power Charge', 'Tempest Slash']
['Zio', 'Marin Karin', 'Tarukaja', 'Evil Touch', 'Rakukaja']
['Ziodyne', 'Power Charge', 'Zio', 'Marakunda', 'Mind Charge']
['Zio', 'Ziodyne', 'Die for Me!', 'Evil Touch', 'Marakunda']
['Ziodyne', 'Zio', 'Evil Touch', 'High Counter', 'Tarukaja']
['Zio', 'Ziodyne', 'Rakukaja', 'Spirit Drain', 'Evil Touch']
['Repel Dark', 'Tarukaja', 'Evil Touch', 'Zio', 'Ziodyne']
['Zio', 'Auto-Masuku', 'Auto-Mataru', 'Repel Dark', 'Marakunda']
['Zio', 'Marin Karin', 'Auto-Masuku', 'Ziodyne', 'Evil Touch']
['Tarukaja', 'Zio', 'Counter', 'Vicious Strike', 'Ziodyne']
['Zio', 'Ziodyne', 'Marin Karin', 'Die for Me!', 'Counter']
['Zio', 'Auto-Mataru', 'Rakukaja', 'Evil Touch', 'Vicious Strike']
['Ziodyne', 'Zio', 'Salvation', 'Repel Dark', 'Mind Charge']
['Zio', 'Evil Touch', 'Mind Charge', 'Salvation', 'High Counter']
['Zio', 'Evil Touch', 'Ziodyne', 'Marin Karin', 'High Counter']
['Zio', 'Counter', 'Ziodyne', 'Tarukaja', 'Rakukaja']
['Zio', 'Tarukaja', 'Rakukaja', 'Ziodyne', 'Counter']
['Zio', 'Akasha Arts', 'Tempest Slash', 'Rakukaja', 'Ziodyne']
['Ziodyne', 'Zio', 'Rakukaja', 'Counter', 'Power Charge']
['Zio', 'Ziodyne', 'Power Charge', 'Rakukaja', 'Tarukaja']
['Marin Karin', 'High Counter', 'Zio', 'Ziodyne', 'Tarukaja']
['Zio', 'Ziodyne', 'Auto-Mataru', 'Rakukaja', 'Power Charge']
['Ziodyne', 'Zio', 'Power Charge', 'Salvation', 'Marin Karin']
['Ziodyne', 'Zio', 'High Counter', 'Tarukaja', 'Power Charge']
['Zio', 'Tempest Slash', 'Rakukaja', 'Evil Touch', 'Ziodyne']
['Marin Karin', 'Zio', 'Vicious Strike', 'Ziodyne', 'Counter']
['Zio', 'Tempest Slash', 'Spirit Drain', 'Rakukaja', 'Salvation']
['Tarukaja', 'Zio', 'Ziodyne', 'Rakukaja', 'Counter']
['Zio', 'Tarukaja', 'Mind Charge', 'Power Charge', 'Marin Karin']
['Zio', 'Auto-Mataru', 'Ziodyne', 'Evil Touch', 'Akasha Arts']
['Zio', 'Ziodyne', 'Counter', 'Auto-Masuku', 'Marin Karin']
['Marakunda', 'Zio', 'Tarukaja', 'Rakukaja', 'Marin Karin']
['Salvation', 'Zio', 'Evil Touch', 'Tarukaja', 'Mind Charge']
['Zio', 'Tarukaja', 'Evil Touch', 'Ziodyne', 'Rakukaja']
['Die for Me!', 'Zio', 'Repel Dark', 'Rakukaja', 'Evil Touch']
['Zio', 'Ziodyne', 'Marakunda', 'Auto-Masuku', 'Rakukaja']
['Zio', 'Counter', 'Rakukaja', 'Marin Karin', 'High Counter']
['Zio', 'Rakukaja', 'Die for Me!', 'Marin Karin', 'Repel Dark']
['Zio', 'Counter', 'Marakunda', 'Ziodyne', 'Tempest Slash']
['Marakunda', 'Rakukaja', 'Zio', 'Power Charge', 'Evil Touch']
['Zio', 'Auto-Mataru', 'Ziodyne', 'Tarukaja', 'Marakunda']
['Zio', 'High Counter', 'Mind Charge', 'Power Charge', 'Tarukaja']
['Zio', 'Repel Dark', 'Auto-Masuku', 'Marin Karin', 'Ziodyne']
['Ziodyne', 'Zio', 'Counter', 'Marakunda', 'Salvation']
['Zio', 'Counter', 'Ziodyne', 'Rakukaja', 'Repel Dark']
['Marin Karin', 'Zio', 'Ziodyne', 'Rakukaja', 'Auto-Masuku']
['Zio', 'Mind Charge', 'Power Charge', 'Tempest Slash', 'Akasha Arts']
['Zio', 'Marakunda', 'Rakukaja', 'Ziodyne', 'Mind Charge']
['Ziodyne', 'Zio', 'Counter', 'Marin Karin', 'Auto-Mataru']
['Zio', 'Ziodyne', 'Tarukaja', 'Rakukaja', "God's Hand"]
['Zio', 'Ziodyne', 'Marin Karin', 'Marakunda', 'Evil Touch']
['Zio', 'Repel Dark', 'Marin Karin', 'Tarukaja', 'Mind Charge']
['Zio', 'Vicious Strike', 'Marin Karin', 'Ziodyne', 'Spirit Drain']
['Zio', 'Ziodyne', 'Evil Touch', 'High Counter', 'Tarukaja']
['Zio', 'Ziodyne', 'Tarukaja', 'High Counter', 'Mind Charge']
['Marin Karin', 'Rakukaja', 'Zio', 'Ziodyne', 'Counter']
['Marin Karin', 'Zio', 'Rakukaja', 'Ziodyne', 'Marakunda']
['Zio', 'Ziodyne', 'Rakukaja', 'Evil Touch', 'High Counter']
['Ziodyne', 'Zio', 'Rakukaja', 'Mind Charge', 'Tarukaja']
['Counter', 'Auto-Mataru', 'Zio', 'Ziodyne', 'Tempest Slash']
['Counter', 'Zio', 'Repel Dark', 'Evil Touch', 'Tarukaja']
['Rakukaja', 'Mind Charge', 'Marakunda', 'Zio', 'Tarukaja']
['Tarukaja', 'Ziodyne', 'Zio', 'Salvation', 'Repel Dark']
['Ziodyne', 'Zio', 'Evil Touch', 'Repel Dark', 'Counter']
['Zio', 'Power Charge', 'Die for Me!', 'Marin Karin', 'Marakunda']
['High Counter', 'Zio', 'Auto-Masuku', 'Counter', 'Tarukaja']
['Salvation', 'Counter', 'Marin Karin', 'Zio', 'Ziodyne']
['Ziodyne', 'Zio', 'Marin Karin', 'Power Charge', 'High Counter']
['Counter', 'Tarukaja', 'Zio', 'Ziodyne', 'Marin Karin']
['Ziodyne', 'Zio', 'Repel Dark', 'Auto-Mataru', 'Marakunda']
['Megido', 'High Counter', 'Zio', 'Ziodyne', 'Rakukaja']
['Zio', 'Ziodyne', 'Marin Karin', 'Mind Charge', 'Akasha Arts']
['Zio', 'Auto-Masuku', 'Evil Touch', 'Tarukaja', 'Ziodyne']
['Zio', 'Rakukaja', 'Tarukaja', 'Ziodyne', 'Repel Dark']
['Zio', 'Ziodyne', 'Tarukaja', 'Megido', 'Rakukaja']
['Zio', 'Salvation', 'Marin Karin', 'Mind Charge', 'Ziodyne']
['Ziodyne', 'Zio', 'Tempest Slash', 'Mind Charge', 'Repel Dark']
['Ziodyne', 'Zio', 'Marakunda', 'Counter', 'High Counter']
['Vicious Strike', 'Zio', 'Tarukaja', 'Auto-Mataru', 'Ziodyne']
['Zio', 'Evil Touch', 'Ziodyne', 'Auto-Masuku', 'Marin Karin']
['Ziodyne', 'Zio', 'Marakunda', 'Mind Charge', 'Auto-Masuku']
['Megido', 'Die for Me!', 'Zio', 'Rakukaja', 'Counter']
['Rakukaja', 'Zio', 'Tarukaja', 'Marakunda', 'Auto-Masuku']
['Zio', 'Auto-Mataru', 'Ziodyne', 'Tarukaja', 'Evil Touch']
['Zio', 'Mind Charge', 'Rakukaja', 'Tarukaja', 'Ziodyne']
['Zio', 'Ziodyne', 'Marakunda', 'Die for Me!', 'Marin Karin']
['Ziodyne', 'Zio', 'Counter', 'Tarukaja', 'Mind Charge']
['Zio', 'Ziodyne', 'Tarukaja', 'Auto-Mataru', 'Evil Touch']
['Megido', 'Zio', 'Evil Touch', 'Marin Karin', 'Mind Charge']
['Mind Charge', 'Spirit Drain', 'Zio', 'Vicious Strike', 'Auto-Mataru']
['Marin Karin', 'Zio', 'Evil Touch', 'High Counter', 'Tarukaja']
['Zio', 'Marin Karin', 'Rakukaja', 'Tarukaja', 'Ziodyne']
['Marin Karin', 'Auto-Masuku', 'Counter', 'Zio', 'Ziodyne']
['Zio', 'Die for Me!', 'Marin Karin', 'Mind Charge', 'Ziodyne']
['Zio', 'Power Charge', 'Ziodyne', 'Marakunda', 'Tarukaja']
['Zio', 'Marakunda', 'Marin Karin', 'Tarukaja', 'Akasha Arts']
['Rakukaja', 'Ziodyne', 'Zio', "God's Hand", 'Auto-Masuku']
['Zio', 'Vicious Strike', 'Counter', 'High Counter', 'Tarukaja']
['Zio', 'Power Charge', "God's Hand", 'Tarukaja', 'Marin Karin']
['Zio', 'Ziodyne', 'Auto-Mataru', 'Repel Dark', 'Evil Touch']
['Power Charge', 'Marin Karin', 'Zio', 'Salvation', 'Ziodyne']
['Zio', 'Ziodyne', 'Auto-Mataru', 'Mind Charge', 'Marin Karin']
['Tarukaja', 'Auto-Mataru', 'Counter', 'Zio', 'Power Charge']
['Ziodyne', 'Zio', 'High Counter', 'Salvation', 'Rakukaja']
['Zio', 'Auto-Mataru', 'Tarukaja', 'High Counter', 'Evil Touch']
['Ziodyne', 'Zio', "God's Hand", 'Tarukaja', 'Counter']
['Zio', 'Rakukaja', 'Marin Karin', 'Ziodyne', 'Die for Me!']
['Auto-Mataru', 'Zio', 'Marakunda', 'Repel Dark', 'Evil Touch']
['Tarukaja', 'Power Charge', 'Zio', 'Ziodyne', 'Auto-Masuku']
['Zio', 'Counter', 'Ziodyne', 'Die for Me!', 'Marakunda']
['Rakukaja', 'Zio', 'Power Charge', 'Marin Karin', 'Mind Charge']
['Vicious Strike', 'Evil Touch', 'Zio', 'Rakukaja', 'Auto-Mataru']
['Zio', 'Mind Charge', 'Counter', 'Marakunda', 'Marin Karin']
['Zio', 'Rakukaja', 'Ziodyne', 'High Counter', 'Auto-Masuku']
['Marin Karin', 'Counter', 'Zio', 'Ziodyne', 'Evil Touch']
['Zio', 'Marin Karin', 'Marakunda', 'Evil Touch', 'Ziodyne']
['Zio', 'High Counter', 'Ziodyne', 'Tarukaja', 'Evil Touch']
['Ziodyne', 'Zio', 'Counter', 'Spirit Drain', 'Mind Charge']
['Ziodyne', 'Tarukaja', 'Megido', 'Zio', 'Evil Touch']
['Marin Karin', 'Zio', 'Ziodyne', 'Auto-Mataru', 'Marakunda']
['Ziodyne', 'Zio', 'Auto-Mataru', 'Rakukaja', 'Marin Karin']
['Ziodyne', 'Zio', 'Auto-Mataru', 'Evil Touch', 'Power Charge']
['Zio', 'Repel Dark', 'Die for Me!', 'Rakukaja', 'Auto-Mataru']
['Zio', 'Vicious Strike', 'Die for Me!', 'Auto-Mataru', 'Counter']
['Power Charge', 'Zio', 'Tarukaja', 'Marin Karin', 'Rakukaja']
['Zio', 'Marin Karin', 'Ziodyne', 'Auto-Mataru', 'High Counter']
['Marin Karin', 'Ziodyne', 'Zio', 'Die for Me!', 'Marakunda']
['Auto-Masuku', 'Zio', 'Ziodyne', 'Rakukaja', 'Marakunda']
['Zio', 'Marin Karin', 'Tarukaja', 'Ziodyne', 'High Counter']
['Zio', 'Power Charge', 'Marakunda', 'Ziodyne', 'Salvation']
['Zio', 'Salvation', 'Marin Karin', 'Auto-Masuku', 'Counter']
['Zio', 'Tempest Slash', 'Ziodyne', 'Akasha Arts', 'Salvation']
['Zio', 'Ziodyne', 'Tarukaja', 'Power Charge', 'Counter']
['Zio', 'Marin Karin', 'Salvation', 'Repel Dark', 'Power Charge']
['Auto-Mataru', 'Rakukaja', 'Ziodyne', 'Zio', 'Auto-Masuku']
['Counter', 'Tarukaja', 'Zio', 'Repel Dark', 'Ziodyne']
['Zio', 'Counter', 'Repel Dark', 'Ziodyne', 'Marakunda']
['Ziodyne', 'Marin Karin', 'Zio', 'Counter', 'Auto-Mataru']
['Ziodyne', 'Zio', 'Repel Dark', 'Marin Karin', 'Rakukaja']
['Zio', 'Marin Karin', 'Ziodyne', 'Megido', 'Tarukaja']
['Zio', 'Marin Karin', 'Ziodyne', 'Repel Dark', 'Counter']
['Zio', 'Ziodyne', 'Auto-Mataru', 'Marin Karin', 'Power Charge']
['Ziodyne', 'Salvation', 'Zio', 'Megido', 'Marakunda']
['Zio', 'Ziodyne', 'Marin Karin', 'Counter', 'Auto-Masuku']
['Evil Touch', 'Ziodyne', 'Rakukaja', 'Zio', 'Repel Dark']
['Zio', 'Ziodyne', 'Salvation', 'Rakukaja', 'Power Charge']
['Zio', 'Ziodyne', 'Counter', 'Mind Charge', 'Tarukaja']
['Auto-Mataru', 'Zio', 'Ziodyne', 'Counter', 'Akasha Arts']
['Zio', 'Auto-Mataru', 'Ziodyne', 'Vicious Strike', 'Evil Touch']
['Salvation', 'Marin Karin', 'Zio', 'Ziodyne', 'Tarukaja']
['High Counter', 'Zio', 'Ziodyne', 'Marin Karin', 'Counter']
['Zio', 'Evil Touch', 'Ziodyne', 'Auto-Masuku', 'Power Charge']
['Zio', 'Ziodyne', 'Counter', 'Tarukaja', 'Repel Dark']
['Marin Karin', 'Zio', 'Tarukaja', 'Rakukaja', 'Evil Touch']
['Zio', 'Ziodyne', 'Marakunda', 'Marin Karin', 'Rakukaja']
['Marin Karin', 'Zio', 'Power Charge', 'High Counter', 'Ziodyne']
['Marakunda', 'Zio', 'Rakukaja', 'Ziodyne', 'Evil Touch']
['Zio', 'Ziodyne', 'Repel Dark', 'Auto-Masuku', 'Tarukaja']
['Tarukaja', 'Zio', 'Ziodyne', 'Marin Karin', 'Rakukaja']
['Rakukaja', 'Zio', 'Ziodyne', 'Counter', 'Auto-Mataru']
['Counter', 'Zio', 'Ziodyne', 'High Counter', 'Power Charge']
['Mind Charge', 'Ziodyne', 'Zio', 'Rakukaja', 'Evil Touch']
['Marin Karin', 'Zio', 'Ziodyne', 'Evil Touch', 'Salvation']
['Zio', 'Evil Touch', 'Rakukaja', 'Tarukaja', 'High Counter']
['Zio', 'Marin Karin', 'Rakukaja', 'Counter', 'Vicious Strike']
['Counter', 'Zio', 'Marin Karin', 'Ziodyne', 'Auto-Mataru']
['Ziodyne', 'Zio', 'High Counter', 'Counter', 'Evil Touch']
['Ziodyne', 'Evil Touch', 'Counter', 'Zio', 'Rakukaja']
['Ziodyne', 'Rakukaja', 'High Counter', 'Zio', 'Auto-Mataru']
['Zio', 'Auto-Mataru', 'Ziodyne', 'Marakunda', "God's Hand"]
['Zio', 'Mind Charge', 'Ziodyne', 'Rakukaja', 'Marin Karin']
['Auto-Mataru', 'Zio', 'Ziodyne', 'Evil Touch', 'Rakukaja']
['Rakukaja', 'Marakunda', 'Ziodyne', 'Zio', 'Repel Dark']
['Ziodyne', 'Zio', 'Marin Karin', 'Evil Touch', 'Counter']
['Ziodyne', 'Zio', 'Rakukaja', 'Auto-Mataru', 'Power Charge']
['Zio', 'Marakunda', 'Power Charge', 'Repel Dark', 'Counter']
['Zio', 'Akasha Arts', 'High Counter', 'Tarukaja', 'Marakunda']
['Counter', 'Zio', 'Ziodyne', 'Rakukaja', 'Marin Karin']
['Zio', 'Rakukaja', 'Marin Karin', 'Ziodyne', 'Spirit Drain']
['Zio', 'Ziodyne', 'Rakukaja', 'Marakunda', 'Counter']
['Zio', 'Counter', 'Tarukaja', 'Ziodyne', 'Mind Charge']
['Rakukaja', 'Tarukaja', 'Zio', 'Mind Charge', 'Power Charge']
['Zio', 'Rakukaja', 'Counter', 'Ziodyne', 'Repel Dark']
['Zio', 'Counter', 'Marakunda', 'Tempest Slash', 'Ziodyne']
['Evil Touch', 'Zio', 'Power Charge', 'Repel Dark', 'Rakukaja']
['Ziodyne', 'Zio', 'Marakunda', 'Marin Karin', 'Auto-Mataru']
['Zio', 'Power Charge', 'Repel Dark', 'Tarukaja', 'Ziodyne']
['Tempest Slash', 'Tarukaja', 'Auto-Mataru', 'Ziodyne', 'Zio']
['Zio', 'Marin Karin', 'Die for Me!', 'Ziodyne', 'Marakunda']
['Zio', 'Mind Charge', 'Ziodyne', 'Marin Karin', 'Marakunda']
['Salvation', 'Rakukaja', 'Zio', 'Counter', 'Ziodyne']
['Ziodyne', 'Evil Touch', 'Zio', 'Mind Charge', 'Marin Karin']
['Zio', 'Salvation', 'Marin Karin', 'Repel Dark', 'Ziodyne']
['Zio', 'Tarukaja', 'Marakunda', 'Ziodyne', 'Rakukaja']
['Zio', 'Repel Dark', 'Ziodyne', 'Marin Karin', 'Rakukaja']
['Zio', 'Marin Karin', 'Power Charge', 'Tarukaja', 'Mind Charge']
['Marin Karin', 'Zio', 'Counter', 'Rakukaja', 'Evil Touch']
['Zio', 'Rakukaja', 'Marakunda', 'High Counter', 'Repel Dark']
['Zio', 'Marin Karin', 'Auto-Masuku', 'Auto-Mataru', 'Rakukaja']
['Repel Dark', 'Tarukaja', 'Zio', 'Marakunda', 'Ziodyne']
['Zio', 'Repel Dark', 'Megido', 'Marin Karin', 'Ziodyne']
['Power Charge', 'Repel Dark', 'Zio', 'Tarukaja', 'Spirit Drain']
['Zio', 'Auto-Masuku', 'Power Charge', 'Marakunda', 'Ziodyne']
['Akasha Arts', 'Zio', 'Evil Touch', 'Marin Karin', 'Ziodyne']
['Zio', 'Auto-Masuku', 'Ziodyne', 'Salvation', 'Marin Karin']
['Repel Dark', 'Ziodyne', 'Power Charge', 'Zio', 'Marin Karin']
['Zio', 'Ziodyne', 'Evil Touch', 'Repel Dark', 'Tarukaja']
['Zio', 'Ziodyne', 'High Counter', 'Counter', 'Evil Touch']
['Ziodyne', 'Zio', 'Counter', 'Tarukaja', 'Megido']
['Marin Karin', 'Zio', 'Rakukaja', 'Ziodyne', 'Mind Charge']
['Zio', 'Ziodyne', 'Rakukaja', 'Auto-Masuku', 'Repel Dark']
['Ziodyne', 'Auto-Masuku', 'Zio', 'Tarukaja', 'Marin Karin']
['Zio', 'Marakunda', 'Evil Touch', 'Marin Karin', 'Ziodyne']
['Zio', 'Tarukaja', 'High Counter', 'Ziodyne', 'Auto-Mataru']
['Mind Charge', 'Zio', 'Counter', 'Ziodyne', 'Tarukaja']
['Ziodyne', 'Zio', 'Rakukaja', 'Auto-Mataru', 'Evil Touch']
['Zio', 'Ziodyne', 'Repel Dark', 'Mind Charge', 'Marakunda']
['Evil Touch', 'Zio', 'Tarukaja', 'Ziodyne', 'Marakunda']
['Zio', 'Rakukaja', 'Auto-Mataru', 'Marin Karin', 'Counter']
['Repel Dark', 'Akasha Arts', 'Marin Karin', 'Ziodyne', 'Zio']
['Power Charge', 'Zio', 'Auto-Masuku', 'Ziodyne', 'Evil Touch']
['Zio', 'Ziodyne', 'Salvation', 'Tarukaja', 'Evil Touch']
['Zio', 'Ziodyne', 'Counter', 'Tarukaja', 'Auto-Masuku']
['Ziodyne', 'Counter', 'Zio', 'Rakukaja', 'Evil Touch']
['Zio', 'Counter', 'Evil Touch', 'Power Charge', 'Marin Karin']
['Ziodyne', 'Marin Karin', 'Zio', 'Counter', 'Mind Charge']
['Zio', 'Ziodyne', 'Tarukaja', 'Evil Touch', 'Die for Me!']
['Power Charge', 'Zio', 'Ziodyne', 'Rakukaja', 'Marin Karin']
['Zio', 'Ziodyne', 'Marin Karin', 'Salvation', 'Marakunda']
['Ziodyne', 'Zio', 'Marin Karin', 'Akasha Arts', 'Counter']
['Counter', 'Zio', 'Marakunda', 'Ziodyne', 'Rakukaja']
['Zio', 'Ziodyne', 'Mind Charge', 'Marin Karin', 'Tarukaja']
['Ziodyne', 'Zio', 'Counter', 'Tarukaja', 'Spirit Drain']
['Zio', 'Repel Dark', 'Evil Touch', 'Rakukaja', 'Ziodyne']
['Zio', 'Counter', 'Ziodyne', 'Auto-Masuku', 'High Counter']
['Zio', 'Ziodyne', 'Rakukaja', 'Marin Karin', 'Spirit Drain']
['Zio', 'Tarukaja', 'Ziodyne', 'Evil Touch', 'Repel Dark']
['Zio', 'Ziodyne', 'Marin Karin', 'Auto-Mataru', 'Rakukaja']
['Zio', 'Marakunda', 'Marin Karin', 'Ziodyne', 'Auto-Mataru']
['Evil Touch', 'Marakunda', 'Ziodyne', 'Zio', 'Tarukaja']
['Zio', 'Vicious Strike', 'Die for Me!', 'Ziodyne', 'Counter']
['Marakunda', 'Marin Karin', 'Ziodyne', 'Auto-Mataru', 'Zio']
['Zio', 'Marakunda', 'Ziodyne', 'Salvation', 'Repel Dark']
['Zio', 'Auto-Masuku', 'High Counter', 'Tarukaja', 'Ziodyne']
['Zio', 'Evil Touch', 'Marin Karin', 'Tarukaja', "God's Hand"]
['Mind Charge', 'Zio', 'Ziodyne', 'Rakukaja', 'Marin Karin']
['Ziodyne', 'Zio', 'Rakukaja', 'Evil Touch', 'High Counter']
['Zio', 'Auto-Masuku', 'Mind Charge', 'Tarukaja', 'Repel Dark']
['Power Charge', 'Mind Charge', 'Zio', 'High Counter', 'Die for Me!']
['Rakukaja', 'Zio', 'Ziodyne', 'Power Charge', 'High Counter']
['Zio', 'Auto-Mataru', 'Auto-Masuku', 'Rakukaja', 'Ziodyne']
['Zio', 'Marin Karin', 'Ziodyne', 'Counter', 'Tarukaja']
['Counter', 'Zio', 'Ziodyne', 'Spirit Drain', 'Salvation']
['Zio', 'Tarukaja', 'Power Charge', 'Marakunda', 'Mind Charge']
['Zio', 'Evil Touch', 'Mind Charge', 'Rakukaja', 'Ziodyne']
['Evil Touch', 'Zio', 'Marin Karin', 'Ziodyne', 'Mind Charge']
['Zio', 'Ziodyne', 'Akasha Arts', 'Counter', 'Mind Charge']
['Zio', 'Rakukaja', 'High Counter', 'Marakunda', 'Ziodyne']
['Zio', 'Repel Dark', 'High Counter', 'Ziodyne', 'Marin Karin']
['Ziodyne', 'Zio', 'Counter', 'Mind Charge', 'Auto-Mataru']
['Ziodyne', 'Rakukaja', 'Counter', 'Zio', 'Marakunda']
['Evil Touch', 'Ziodyne', 'Zio', 'Marakunda', 'Rakukaja']
['Power Charge', 'Zio', 'Counter', 'Mind Charge', 'Marin Karin']
['Zio', 'Evil Touch', 'Tarukaja', 'Counter', 'High Counter']
['Evil Touch', 'Ziodyne', 'Zio', 'High Counter', 'Rakukaja']
['Zio', 'Tarukaja', 'Repel Dark', 'Counter', 'Evil Touch']
['Zio', 'Rakukaja', 'Ziodyne', 'Auto-Mataru', 'Tarukaja']
['Zio', 'Ziodyne', 'Rakukaja', 'Marin Karin', 'Power Charge']
['Marakunda', 'Zio', 'Die for Me!', 'Tarukaja', 'Ziodyne']
['Zio', 'Ziodyne', 'Repel Dark', 'Tarukaja', 'Marin Karin']
['Ziodyne', 'Zio', 'Mind Charge', 'Rakukaja', 'Tarukaja']
['Zio', 'Rakukaja', 'Evil Touch', 'Counter', 'Ziodyne']
['Zio', 'Ziodyne', 'High Counter', 'Mind Charge', 'Marakunda']
['Power Charge', 'Rakukaja', 'Marakunda', 'High Counter', 'Zio']
['Zio', 'Marin Karin', 'Marakunda', 'Salvation', 'Ziodyne']
['Ziodyne', 'High Counter', 'Zio', 'Marin Karin', 'Power Charge']
['Auto-Masuku', 'Zio', 'Evil Touch', 'Rakukaja', 'Ziodyne']
['Zio', 'Tarukaja', 'Marin Karin', 'Ziodyne', 'Power Charge']
['Counter', 'Zio', 'Ziodyne', 'Tarukaja', 'Megido']
['Ziodyne', 'Mind Charge', 'Zio', 'Marakunda', 'Evil Touch']
['Zio', 'Rakukaja', 'Marin Karin', 'Tarukaja', 'Spirit Drain']
['Repel Dark', 'Zio', 'Ziodyne', 'Marakunda', 'Auto-Mataru']
['Marakunda', 'Auto-Masuku', 'Zio', 'Tarukaja', 'Rakukaja']
['Zio', 'Tarukaja', 'Repel Dark', 'Power Charge', 'Ziodyne']
['Zio', 'Power Charge', 'Evil Touch', 'Rakukaja', 'Tarukaja']
['Power Charge', 'Salvation', 'Ziodyne', 'Zio', 'Counter']
['Zio', 'Evil Touch', 'Ziodyne', 'Salvation', 'Power Charge']
['Zio', 'Ziodyne', 'Marakunda', 'Mind Charge', 'Tarukaja']
['Ziodyne', 'Zio', 'Counter', 'Marin Karin', 'Rakukaja']
['Auto-Masuku', 'Ziodyne', 'Zio', 'High Counter', 'Counter']
['Ziodyne', 'Zio', 'Marin Karin', 'Marakunda', 'High Counter']
['Zio', 'Auto-Masuku', 'Rakukaja', 'Mind Charge', 'Power Charge']
['Zio', 'Evil Touch', 'Akasha Arts', 'Ziodyne', 'Auto-Masuku']
['Zio', 'Rakukaja', 'High Counter', 'Evil Touch', 'Auto-Mataru']
['Zio', 'Ziodyne', 'Marin Karin', 'Power Charge', 'Repel Dark']
["God's Hand", 'Evil Touch', 'Zio', 'Counter', 'Repel Dark']
['Zio', 'Evil Touch', 'Marakunda', 'Auto-Masuku', 'Ziodyne']
['Zio', 'Marakunda', 'Ziodyne', 'Evil Touch', 'High Counter']
['High Counter', 'Tarukaja', 'Zio', 'Marin Karin', 'Auto-Mataru']
['Ziodyne', 'High Counter', 'Rakukaja', 'Zio', 'Counter']
['Zio', 'Ziodyne', 'Rakukaja', 'Power Charge', 'Evil Touch']
['Ziodyne', 'Zio', 'Rakukaja', 'Evil Touch', 'Tarukaja']
['Counter', 'Zio', 'Die for Me!', 'Rakukaja', 'Ziodyne']
['Ziodyne', 'Zio', 'Marakunda', 'Counter', 'High Counter']
['Zio', 'Counter', 'Ziodyne', 'Tarukaja', 'Auto-Mataru']
['Zio', 'Marin Karin', 'Marakunda', 'High Counter', 'Power Charge']
['Zio', 'Ziodyne', 'Rakukaja', 'Marin Karin', 'Marakunda']
['Marakunda', 'Zio', 'Mind Charge', 'Auto-Masuku', 'Marin Karin']
['Tarukaja', 'Evil Touch', 'Ziodyne', 'Zio', 'Repel Dark']
['Ziodyne', 'Zio', 'Tarukaja', 'Marin Karin', 'Marakunda']
['Ziodyne', 'Zio', 'Rakukaja', 'Auto-Masuku', 'Auto-Mataru']
['Zio', 'Marin Karin', 'Repel Dark', 'High Counter', 'Counter']
['Zio', 'Power Charge', 'Akasha Arts', 'Auto-Masuku', 'High Counter']
['Marin Karin', 'Zio', 'Ziodyne', 'Tarukaja', 'Rakukaja']
['Zio', 'Marin Karin', 'Ziodyne', 'Power Charge', 'Vicious Strike']
['Marin Karin', 'Zio', 'Rakukaja', 'Ziodyne', 'Tarukaja']
['Auto-Masuku', 'Spirit Drain', 'Zio', 'Marin Karin', 'Evil Touch']
['Zio', 'Ziodyne', 'Spirit Drain', 'Evil Touch', 'Tarukaja']
['Zio', 'Mind Charge', 'Ziodyne', 'Tarukaja', 'Counter']
['Mind Charge', 'Zio', 'Rakukaja', 'Ziodyne', 'Auto-Masuku']
['Zio', 'Repel Dark', 'Salvation', 'Auto-Mataru', 'Rakukaja']
['Zio', 'Ziodyne', 'Counter', 'Auto-Mataru', 'Mind Charge']
['Salvation', 'Zio', 'Ziodyne', 'Rakukaja', 'Marakunda']
['Evil Touch', 'Tarukaja', 'Ziodyne', 'Zio', 'Auto-Mataru']
['Counter', 'Zio', 'High Counter', 'Rakukaja', 'Marin Karin']
['Zio', 'Rakukaja', 'Power Charge', 'Ziodyne', 'Marakunda']
['Evil Touch', 'Marin Karin', 'Zio', 'Ziodyne', 'Power Charge']
['Mind Charge', 'Auto-Masuku', 'Ziodyne', 'Tarukaja', 'Vicious Strike']
['Zio', 'Ziodyne', 'Marakunda', 'Counter', 'Auto-Masuku']
['Marin Karin', 'Evil Touch', 'Zio', 'Mind Charge', 'Auto-Masuku']
['Zio', 'Rakukaja', 'Vicious Strike', 'Power Charge', 'Ziodyne']
['Tarukaja', 'Zio', 'Rakukaja', 'High Counter', 'Mind Charge']
['Salvation', 'Counter', 'Ziodyne', 'Zio', 'Marin Karin']
['Zio', 'Power Charge', 'Ziodyne', 'Rakukaja', 'Marakunda']
['Zio', 'Marin Karin', 'Auto-Masuku', 'Tarukaja', 'Auto-Mataru']
['Tarukaja', 'Zio', 'Salvation', 'Rakukaja', 'Die for Me!']
['Zio', 'Ziodyne', 'Counter', 'Rakukaja', 'Salvation']
['Zio', 'Marin Karin', 'Marakunda', 'Spirit Drain', 'Mind Charge']
['Tarukaja', 'Zio', 'High Counter', 'Marakunda', 'Ziodyne']
['Zio', 'Ziodyne', 'Marin Karin', 'Power Charge', 'Megido']
['Tarukaja', 'Marin Karin', 'Zio', 'Ziodyne', 'Auto-Masuku']
['Zio', 'Ziodyne', 'Marin Karin', 'Repel Dark', 'Vicious Strike']
['Zio', 'Ziodyne', 'Die for Me!', 'Rakukaja', 'Akasha Arts']
['Ziodyne', 'Auto-Masuku', 'Zio', 'Repel Dark', 'Rakukaja']
['Zio', 'Tarukaja', 'Ziodyne', 'Power Charge', 'Rakukaja']
['Zio', 'Salvation', 'Spirit Drain', 'Ziodyne', 'Rakukaja']
['Tarukaja', 'Evil Touch', 'Zio', 'Repel Dark', 'Ziodyne']
['Marakunda', 'Tarukaja', 'Zio', 'Ziodyne', 'Spirit Drain']
['Zio', 'Auto-Mataru', 'Evil Touch', 'Ziodyne', 'Tarukaja']
['Zio', 'Tarukaja', 'Auto-Masuku', 'Ziodyne', 'Rakukaja']
['Marin Karin', 'Zio', 'Power Charge', 'Auto-Masuku', 'Rakukaja']
['Marakunda', 'Ziodyne', 'Zio', 'Evil Touch', 'Spirit Drain']
['Zio', 'Marin Karin', 'Power Charge', 'Evil Touch', 'Ziodyne']
['Zio', 'Tarukaja', 'Ziodyne', 'Auto-Masuku', 'Counter']
['Zio', 'Tarukaja', 'Power Charge', 'Ziodyne', 'Salvation']
['Zio', 'Tarukaja', 'Counter', 'Auto-Masuku', 'Marin Karin']
['Ziodyne', 'Salvation', 'Zio', 'Rakukaja', 'Mind Charge']
['Ziodyne', 'Zio', 'Marin Karin', 'High Counter', 'Counter']
['Rakukaja', 'Marin Karin', 'Zio', 'Ziodyne', 'Auto-Mataru']
['Zio', 'Auto-Masuku', 'Ziodyne', 'Vicious Strike', 'Evil Touch']
['Zio', 'Ziodyne', 'Rakukaja', 'Repel Dark', 'Tarukaja']
['Zio', 'Ziodyne', 'Rakukaja', 'Evil Touch', 'Mind Charge']
['Zio', 'Evil Touch', 'Die for Me!', 'Tarukaja', 'Marin Karin']
['Ziodyne', 'Zio', 'Rakukaja', 'Repel Dark', 'Marin Karin']
['Zio', 'Power Charge', 'Ziodyne', 'Die for Me!', 'Marin Karin']
['Power Charge', 'Zio', 'Tarukaja', 'Marin Karin', 'High Counter']
['Repel Dark', 'Zio', 'Power Charge', 'Tarukaja', 'Evil Touch']
['Evil Touch', 'Zio', 'Ziodyne', 'Megido', 'Marakunda']
['Zio', 'Ziodyne', 'Tarukaja', 'Rakukaja', 'Power Charge']
['Zio', 'Rakukaja', 'Ziodyne', 'Marin Karin', 'Die for Me!']
['Zio', 'Evil Touch', 'Ziodyne', 'Tarukaja', 'Rakukaja']
['Ziodyne', 'Tarukaja', 'Zio', 'Counter', 'Marakunda']
['Zio', 'Ziodyne', 'Repel Dark', 'Marin Karin', 'Power Charge']
['Zio', 'Ziodyne', 'Tarukaja', 'Counter', 'Marakunda']
['Evil Touch', 'Ziodyne', 'Zio', 'Marakunda', 'Auto-Masuku']
['Evil Touch', 'Auto-Mataru', 'Zio', "God's Hand", 'Power Charge']
['Zio', 'Ziodyne', 'Power Charge', 'Tarukaja', 'Rakukaja']
['Ziodyne', 'Zio', 'Tarukaja', 'Evil Touch', 'Power Charge']
['Auto-Masuku', 'Zio', 'Counter', 'Ziodyne', 'Marin Karin']
['Zio', 'Ziodyne', 'Rakukaja', 'Tarukaja', 'Auto-Masuku']
['Zio', 'Marakunda', 'Tarukaja', "God's Hand", 'High Counter']
['Zio', "God's Hand", 'Marakunda', 'Auto-Masuku', 'Spirit Drain']
['Zio', 'Auto-Mataru', 'Counter', 'Rakukaja', 'Mind Charge']
['Zio', 'Rakukaja', 'Counter', 'Marin Karin', 'Auto-Mataru']
['Ziodyne', 'Zio', 'Marakunda', 'Evil Touch', 'Tempest Slash']
['Ziodyne', 'Zio', 'Mind Charge', 'Repel Dark', 'Power Charge']
['Ziodyne', 'Tarukaja', 'Zio', 'Marakunda', 'Auto-Masuku']
['Zio', 'Ziodyne', 'Rakukaja', 'Tarukaja', 'High Counter']
['Zio', 'Ziodyne', 'Marin Karin', 'Akasha Arts', 'High Counter']
['Zio', 'Rakukaja', 'Counter', 'Evil Touch', 'Ziodyne']
['Zio', 'Ziodyne', 'Counter', 'Die for Me!', 'Auto-Mataru']
['Zio', 'Rakukaja', 'Auto-Masuku', 'Ziodyne', 'Tempest Slash']
['Zio', 'Evil Touch', 'Rakukaja', 'Tarukaja', 'Auto-Masuku']
['Zio', 'Tarukaja', 'Ziodyne', 'Auto-Mataru', 'Evil Touch']
['Marakunda', 'Tarukaja', 'Evil Touch', 'Zio', 'Power Charge']
['Ziodyne', 'Tarukaja', 'Zio', 'Marin Karin', 'Marakunda']
['Zio', 'Ziodyne', 'Evil Touch', 'High Counter', 'Rakukaja']
['Zio', 'Tarukaja', 'Counter', 'Marin Karin', 'Rakukaja']
['Ziodyne', 'Marin Karin', 'Zio', 'Evil Touch', 'Counter']
['High Counter', 'Zio', 'Counter', 'Ziodyne', 'Mind Charge']
['Zio', 'Marin Karin', 'Rakukaja', 'Ziodyne', 'Tarukaja']
['Zio', 'Counter', 'Tarukaja', 'Ziodyne', 'Salvation']
['Zio', 'Marin Karin', 'Counter', 'Ziodyne', 'Marakunda']
['Zio', 'Auto-Mataru', 'Die for Me!', 'Counter', 'Ziodyne']
['Zio', 'High Counter', 'Ziodyne', 'Rakukaja', 'Power Charge']
['Ziodyne', 'Zio', 'Rakukaja', 'Counter', 'Mind Charge']
['Zio', 'Evil Touch', 'Power Charge', 'Ziodyne', 'Auto-Mataru']
['Zio', 'Salvation', 'Die for Me!', 'Ziodyne', 'Marin Karin']
['Zio', 'Ziodyne', 'Evil Touch', "God's Hand", 'Marin Karin']
['Zio', 'Counter', 'Rakukaja', 'Evil Touch', 'Ziodyne']
['Zio', 'Die for Me!', 'Ziodyne', 'Evil Touch', 'High Counter']
['Repel Dark', 'Zio', 'Ziodyne', 'Marakunda', 'Counter']
['Power Charge', 'Ziodyne', 'Zio', 'Evil Touch', 'Counter']
['Tarukaja', 'Zio', 'Ziodyne', 'Evil Touch', 'Rakukaja']
['Zio', 'Akasha Arts', 'Spirit Drain', 'Power Charge', 'Marakunda']
['Tarukaja', 'Mind Charge', 'Zio', 'Ziodyne', 'Counter']
['Zio', 'Ziodyne', 'Counter', 'Auto-Mataru', 'Tarukaja']
['Evil Touch', 'Zio', 'Marin Karin', 'Ziodyne', 'Counter']
['Ziodyne', 'Zio', 'Power Charge', 'High Counter', 'Rakukaja']
['Tarukaja', 'Zio', 'Power Charge', 'Salvation', 'Megido']
['Zio', 'Ziodyne', 'Counter', 'Auto-Mataru', 'High Counter']
['Auto-Mataru', 'Zio', 'Power Charge', 'Ziodyne', 'Rakukaja']
['Zio', 'Evil Touch', 'Ziodyne', 'Marin Karin', 'Rakukaja']
['Zio', 'Ziodyne', 'Tarukaja', 'Rakukaja', 'Evil Touch']
['Tarukaja', 'Ziodyne', 'Zio', 'Evil Touch', 'Power Charge']
['Ziodyne', 'Zio', 'Tarukaja', 'Auto-Mataru', 'Marin Karin']
['Zio', 'Evil Touch', 'Counter', 'Tarukaja', 'Rakukaja']
['Zio', 'Tarukaja', 'Rakukaja', 'Salvation', 'Counter']
['Evil Touch', 'Zio', 'Power Charge', 'Auto-Mataru', 'Ziodyne']
['Zio', 'Ziodyne', 'Tarukaja', 'Rakukaja', 'Marin Karin']
['Zio', 'Auto-Masuku', 'Ziodyne', 'Counter', 'Tarukaja']
['Salvation', 'Zio', 'Tarukaja', 'Evil Touch', 'Marin Karin']
['Power Charge', 'Zio', 'Marakunda', 'Evil Touch', 'Ziodyne']
['Power Charge', 'Zio', 'Tarukaja', 'Ziodyne', 'Salvation']
['Zio', 'Rakukaja', 'Salvation', 'Auto-Mataru', 'Tarukaja']
['Ziodyne', 'Zio', 'Auto-Masuku', 'Marin Karin', 'Marakunda']
['Zio', 'Repel Dark', 'Marakunda', 'Mind Charge', 'Counter']
['Rakukaja', 'Marin Karin', 'Marakunda', 'Vicious Strike', 'Zio']
['Zio', 'Mind Charge', 'Counter', 'Auto-Masuku', 'Rakukaja']
['Ziodyne', 'Zio', 'Marin Karin', 'Megido', 'Power Charge']
['Zio', 'Ziodyne', 'Marakunda', 'Evil Touch', 'Marin Karin']
['Ziodyne', 'Evil Touch', 'Power Charge', 'Zio', 'Mind Charge']
['Zio', 'Counter', 'Repel Dark', 'Power Charge', 'Ziodyne']
['Zio', 'Ziodyne', 'Counter', 'Tarukaja', 'Power Charge']
['Zio', 'Tarukaja', 'Marin Karin', 'Rakukaja', 'Ziodyne']
['Marin Karin', 'Repel Dark', 'Zio', 'Die for Me!', 'Marakunda']
['Repel Dark', 'Ziodyne', 'Zio', 'Power Charge', 'Mind Charge']
['Zio', 'Ziodyne', 'Marin Karin', 'Rakukaja', 'Auto-Mataru']
['Zio', 'Megido', 'Marin Karin', 'Tarukaja', 'Ziodyne']
['High Counter', 'Zio', 'Counter', 'Salvation', 'Ziodyne']
['Zio', 'Evil Touch', 'Mind Charge', 'Auto-Masuku', 'Ziodyne']
['Zio', 'Ziodyne', 'Counter', 'Tarukaja', 'Auto-Masuku']
['Vicious Strike', 'Tarukaja', 'Auto-Mataru', 'Zio', 'Salvation']
['Zio', 'Marin Karin', 'Die for Me!', 'Counter', 'Evil Touch']
['Zio', 'Ziodyne', 'Evil Touch', 'Mind Charge', 'Marin Karin']
['Counter', 'Zio', 'Tarukaja', 'Marin Karin', 'Ziodyne']
['Zio', 'Ziodyne', 'Tarukaja', 'Rakukaja', 'Repel Dark']
['Counter', 'Zio', 'Mind Charge', 'Auto-Masuku', 'Marakunda']
['Spirit Drain', 'Ziodyne', 'Zio', 'Rakukaja', 'Marin Karin']
['Zio', 'Auto-Mataru', 'Ziodyne', 'Marakunda', 'Power Charge']
['Marin Karin', 'Zio', 'Ziodyne', 'Tarukaja', 'Salvation']
['Ziodyne', 'Zio', 'Evil Touch', 'Counter', 'Mind Charge']
['Zio', 'Ziodyne', 'Rakukaja', 'Power Charge', 'Marin Karin']
['Rakukaja', 'Zio', 'Ziodyne', 'Tarukaja', 'Auto-Mataru']
['Zio', 'Auto-Mataru', 'Power Charge', 'Marakunda', 'Ziodyne']
['Marin Karin', 'High Counter', 'Zio', 'Mind Charge', 'Ziodyne']
['Zio', 'Counter', 'Repel Dark', 'Power Charge', 'Ziodyne']
['Zio', 'Marin Karin', 'Counter', 'Repel Dark', 'Rakukaja']
['Zio', 'Ziodyne', 'Evil Touch', 'Vicious Strike', 'Rakukaja']
['Zio', 'Repel Dark', 'Tarukaja', 'Counter', 'Ziodyne']
['Zio', 'Marin Karin', 'Ziodyne', 'Evil Touch', 'Rakukaja']
['Tarukaja', 'Zio', 'Auto-Mataru', 'Repel Dark', 'Marin Karin']
['Zio', 'Auto-Masuku', 'Counter', 'Ziodyne', 'Evil Touch']
['Zio', 'Ziodyne', 'Counter', 'Tarukaja', 'Auto-Masuku']
['Ziodyne', 'Rakukaja', 'High Counter', 'Zio', 'Megido']
['Zio', 'Ziodyne', 'Tarukaja', 'Evil Touch', 'Auto-Mataru']
['Spirit Drain', 'Tarukaja', 'Zio', 'Ziodyne', 'Auto-Mataru']
['Zio', 'Ziodyne', 'Marin Karin', 'Counter', 'Rakukaja']
['Zio', 'Auto-Mataru', 'High Counter', 'Akasha Arts', 'Rakukaja']
['Zio', 'Ziodyne', 'Repel Dark', 'Power Charge', 'Rakukaja']
['Zio', 'Repel Dark', 'Ziodyne', 'Marin Karin', 'Power Charge']
['Rakukaja', 'Zio', 'High Counter', 'Ziodyne', 'Counter']
['Zio', 'Marakunda', 'Ziodyne', 'Marin Karin', 'Rakukaja']
['Zio', 'Mind Charge', 'Tarukaja', 'Marakunda', 'Rakukaja']
['Ziodyne', 'Zio', 'Counter', 'Rakukaja', 'Auto-Mataru']
['Zio', 'Ziodyne', 'Power Charge', 'Marakunda', 'Marin Karin']
['Zio', 'Marin Karin', 'Auto-Mataru', 'Tarukaja', 'Rakukaja']
['Zio', 'Counter', 'Ziodyne', 'Tarukaja', 'High Counter']
['Ziodyne', 'Marin Karin', 'Zio', 'High Counter', 'Auto-Masuku']
['Zio', 'Tarukaja', 'Evil Touch', 'Ziodyne', 'Marin Karin']
['Zio', 'Repel Dark', 'Evil Touch', 'Tarukaja', 'Ziodyne']
['Marakunda', 'Tarukaja', 'Zio', 'Ziodyne', 'Rakukaja']
['Ziodyne', 'Tarukaja', 'Zio', 'Counter', 'Mind Charge']
['Counter', 'Zio', 'Rakukaja', 'Ziodyne', 'High Counter']
['Marin Karin', 'Counter', 'Zio', 'Auto-Mataru', 'Repel Dark']
['Zio', 'Ziodyne', 'Evil Touch', 'Counter', 'Rakukaja']
['Zio', 'Ziodyne', 'Repel Dark', 'Die for Me!', 'Marakunda']
['Zio', 'Megido', 'Evil Touch', 'Ziodyne', 'Rakukaja']
['Zio', 'Ziodyne', 'Tarukaja', 'High Counter', 'Rakukaja']
['Rakukaja', 'Zio', 'Ziodyne', 'Tarukaja', 'Evil Touch']
['Zio', 'Repel Dark', 'Marakunda', 'Akasha Arts', 'Ziodyne']
['Zio', 'Tarukaja', 'Ziodyne', 'Power Charge', 'Rakukaja']
['Zio', 'Ziodyne', 'Evil Touch', 'Tarukaja', 'Auto-Mataru']
['Ziodyne', 'Tarukaja', 'Zio', 'Rakukaja', 'Evil Touch']
['Zio', 'Tarukaja', 'High Counter', 'Auto-Mataru', 'Rakukaja']
['Zio', 'High Counter', 'Ziodyne', 'Mind Charge', 'Power Charge']
['Zio', 'Repel Dark', 'Ziodyne', 'Marin Karin', 'Rakukaja']
['Rakukaja', 'Zio', 'Ziodyne', 'Tarukaja', 'High Counter']
['Ziodyne', 'Zio', 'Spirit Drain', 'Marin Karin', 'Marakunda']
['Zio', 'Ziodyne', 'Rakukaja', 'Counter', 'Marin Karin']
['Zio', 'Rakukaja', 'Counter', 'Auto-Masuku', 'Tarukaja']
['Zio', 'Ziodyne', 'Rakukaja', 'Marin Karin', 'Tarukaja']
['Zio', 'Marin Karin', 'Auto-Mataru', 'Marakunda', 'Tarukaja']
['Zio', 'Marakunda', 'Marin Karin', 'Ziodyne', 'Counter']
['Zio', 'Rakukaja', 'Evil Touch', 'High Counter', 'Ziodyne']
['Zio', 'Auto-Mataru', 'Tarukaja', 'Rakukaja', 'Ziodyne']
['Zio', 'Ziodyne', 'High Counter', 'Marakunda', 'Counter']
['Zio', 'Ziodyne', 'Counter', 'Marin Karin', 'Rakukaja']
['Zio', 'Evil Touch', 'Marakunda', 'Ziodyne', 'Counter']
['Zio', 'Ziodyne', 'Marin Karin', 'Repel Dark', 'Marakunda']
['Zio', 'Auto-Mataru', 'Ziodyne', 'Repel Dark', 'Marin Karin']
['Zio', 'Rakukaja', 'Marin Karin', 'Ziodyne', 'Evil Touch']
['Ziodyne', 'Auto-Mataru', 'Zio', 'High Counter', 'Tarukaja']
['Zio', 'Tarukaja', 'Rakukaja', 'Ziodyne', 'High Counter']
['Zio', 'Counter', 'Tarukaja', 'Vicious Strike', 'Ziodyne']
['Zio', 'Tarukaja', 'Die for Me!', 'Ziodyne', 'Power Charge']
['Zio', 'Rakukaja', 'Marin Karin', 'Megido', 'Ziodyne']
['Rakukaja', 'Zio', 'Tarukaja', 'Ziodyne', 'Evil Touch']
['Evil Touch', 'Marin Karin', 'Tarukaja', 'High Counter', 'Zio']
['Zio', 'Ziodyne', 'Tarukaja', 'Rakukaja', 'High Counter']
['Marin Karin', 'Zio', 'Mind Charge', 'Counter', 'Evil Touch']
['Zio', 'Counter', 'Evil Touch', 'Rakukaja', 'Tarukaja']
['Zio', 'Mind Charge', 'Tarukaja', 'Ziodyne', 'Power Charge']
['Zio', 'Ziodyne', 'Auto-Masuku', 'Marakunda', 'Repel Dark']
['High Counter', 'Ziodyne', 'Rakukaja', 'Zio', 'Tarukaja']
['Zio', 'Marakunda', 'Ziodyne', 'Auto-Masuku', 'Spirit Drain']
['Marin Karin', 'Zio', 'Rakukaja', 'Ziodyne', 'Auto-Mataru']
['Zio', 'Mind Charge', 'Ziodyne', 'Counter', 'Tarukaja']
['Zio', 'Repel Dark', 'Evil Touch', 'Ziodyne', 'Rakukaja']
['Zio', 'Ziodyne', 'Tarukaja', 'Counter', 'Rakukaja']
['Zio', 'High Counter', 'Auto-Masuku', 'Tarukaja', 'Marakunda']
['Evil Touch', 'Marakunda', 'Tarukaja', 'Ziodyne', 'Zio']
['Power Charge', 'Zio', 'Ziodyne', 'Tarukaja', 'Mind Charge']
['Zio', 'Marin Karin', 'Ziodyne', 'Evil Touch', 'Marakunda']
['Zio', 'Tarukaja', 'High Counter', 'Auto-Masuku', 'Ziodyne']
['Zio', 'Tarukaja', 'Ziodyne', 'High Counter', 'Evil Touch']
['Zio', 'Marin Karin', 'Die for Me!', 'Marakunda', 'Ziodyne']
['Zio', 'Ziodyne', 'Marakunda', 'Tarukaja', 'Power Charge']
['Zio', 'Ziodyne', 'Marin Karin', 'Repel Dark', 'Tarukaja']
['Zio', 'Rakukaja', 'Ziodyne', 'Mind Charge', 'Repel Dark']
['Rakukaja', 'Die for Me!', 'Zio', 'Counter', 'Ziodyne']
['Mind Charge', 'Zio', 'Rakukaja', 'Ziodyne', 'Auto-Masuku']
['Ziodyne', 'Zio', 'Auto-Masuku', 'Tarukaja', 'Rakukaja']
['Tarukaja', 'Zio', 'High Counter', 'Auto-Mataru', 'Die for Me!']
['Zio', 'Mind Charge', 'Auto-Masuku', 'Power Charge', 'Counter']
['Vicious Strike', 'Zio', 'Ziodyne', 'Repel Dark', 'Rakukaja']
['Zio', 'Ziodyne', 'Power Charge', 'Tarukaja', 'Rakukaja']
['Zio', 'High Counter', 'Counter', 'Mind Charge', 'Ziodyne']
['Evil Touch', 'Rakukaja', 'Zio', 'Power Charge', 'Marin Karin']
['Zio', 'Ziodyne', 'Rakukaja', 'Evil Touch', 'Tarukaja']
['Zio', 'Ziodyne', 'Rakukaja', 'Marin Karin', 'Auto-Masuku']
['Zio', 'Ziodyne', 'Power Charge', 'Marakunda', 'Rakukaja']
['Ziodyne', 'Zio', 'Auto-Mataru', 'Rakukaja', 'Die for Me!']
['Zio', 'Counter', 'Ziodyne', 'Repel Dark', 'Mind Charge']
['Zio', 'Ziodyne', 'Spirit Drain', 'Die for Me!', 'Marakunda']
['Zio', 'Ziodyne', 'Tarukaja', 'Marakunda', 'Marin Karin']
['Zio', 'Die for Me!', 'Tarukaja', 'Ziodyne', 'Rakukaja']
['Marin Karin', 'Zio', 'Evil Touch', 'Power Charge', 'Rakukaja']
['Zio', 'Ziodyne', 'Counter', 'Mind Charge', 'Marakunda']
['Ziodyne', 'Zio', 'Marin Karin', 'Power Charge', 'Evil Touch']
['Zio', 'Ziodyne', 'Repel Dark', 'Auto-Mataru', 'Marakunda']
['Zio', 'Ziodyne', 'Counter', 'Marakunda', 'High Counter']
['Zio', 'Tarukaja', 'High Counter', 'Rakukaja', 'Tempest Slash']
['Zio', 'Ziodyne', 'Marin Karin', 'Counter', 'Power Charge']
['Zio', 'Marin Karin', 'Ziodyne', 'Counter', 'Auto-Mataru']
['Counter', 'Zio', 'Marakunda', 'Ziodyne', 'Rakukaja']
['Zio', 'Evil Touch', 'High Counter', 'Mind Charge', 'Repel Dark']
['Zio', 'Auto-Masuku', 'Mind Charge', 'Ziodyne', 'Marin Karin']
['Zio', 'Die for Me!', 'Rakukaja', 'Ziodyne', 'Tarukaja']
['Tarukaja', 'Auto-Masuku', 'Zio', 'Rakukaja', 'Die for Me!']
['Zio', 'Auto-Mataru', 'Marin Karin', 'Tarukaja', 'Ziodyne']
['Tarukaja', 'Marin Karin', 'Evil Touch', 'Repel Dark', 'Ziodyne']
['Zio', 'Ziodyne', 'Marakunda', 'Salvation', 'Tarukaja']
['Zio', 'Ziodyne', 'High Counter', 'Counter', 'Rakukaja']
['Zio', 'Rakukaja', 'Evil Touch', 'Marin Karin', 'Die for Me!']
['Zio', 'Tarukaja', 'Rakukaja', 'Ziodyne', 'Salvation']
['Zio', 'Ziodyne', 'Auto-Mataru', 'Counter', 'Power Charge']
['Zio', 'Megido', 'Ziodyne', 'Tarukaja', 'Mind Charge']
['Zio', 'Ziodyne', 'Spirit Drain', 'Evil Touch', 'Counter']
['Zio', 'Marakunda', 'Repel Dark', 'Marin Karin', 'Ziodyne']
['Zio', 'Power Charge', 'Marin Karin', 'Ziodyne', 'Tarukaja']
['Zio', 'Marin Karin', 'Ziodyne', 'Mind Charge', 'Spirit Drain']
['Zio', 'Vicious Strike', 'Rakukaja', 'Akasha Arts', 'Ziodyne']
['Marin Karin', 'Zio', 'Die for Me!', 'High Counter', "God's Hand"]
['Marakunda', 'Zio', 'Marin Karin', 'Auto-Mataru', 'Repel Dark']
['Marin Karin', 'Power Charge', 'Zio', 'Ziodyne', 'Mind Charge']
['Zio', 'Ziodyne', 'Tarukaja', 'Marin Karin', 'High Counter']
['Zio', 'Mind Charge', 'Ziodyne', 'Rakukaja', 'Marakunda']
['Zio', 'Vicious Strike', 'Ziodyne', 'Marin Karin', 'Counter']
['Ziodyne', 'Zio', 'Marin Karin', 'Power Charge', 'Counter']
['Counter', 'Tarukaja', 'Zio', 'Power Charge', 'Marin Karin']
['Zio', 'Power Charge', 'Ziodyne', 'Evil Touch', 'Marin Karin']
['Counter', 'Zio', 'Evil Touch', 'Marakunda', 'Mind Charge']
['Zio', 'Rakukaja', 'Ziodyne', 'Marin Karin', 'Power Charge']
['Ziodyne', 'Zio', 'Rakukaja', 'Auto-Masuku', 'High Counter']
['Zio', 'Ziodyne', 'Tarukaja', 'Auto-Mataru', 'Evil Touch']
['Zio', 'Counter', 'Marakunda', 'High Counter', 'Power Charge']
['Mind Charge', 'Zio', 'Marakunda', 'Ziodyne', 'Marin Karin']
['Zio', 'High Counter', 'Power Charge', 'Ziodyne', 'Marin Karin']
['Zio', 'Ziodyne', 'Counter', 'Tarukaja', 'Auto-Mataru']
['Spirit Drain', 'Counter', 'Zio', 'Marin Karin', 'Ziodyne']
['Zio', 'Marin Karin', 'Spirit Drain', 'Tarukaja', 'High Counter']
['Zio', 'Evil Touch', 'Marin Karin', 'High Counter', 'Ziodyne']
['Zio', 'Marin Karin', 'Counter', 'Tarukaja', 'Mind Charge']
['Zio', 'Counter', 'Ziodyne', 'Rakukaja', 'Megido']
['Zio', 'Tarukaja', 'Marin Karin', 'Ziodyne', 'Evil Touch']
['Zio', 'Ziodyne', 'Marin Karin', 'Marakunda', 'Evil Touch']
['Die for Me!', 'Ziodyne', 'Tarukaja', 'Zio', 'Auto-Masuku']
['Power Charge', 'Ziodyne', 'Tarukaja', 'Zio', 'Marin Karin']
['Zio', 'Mind Charge', 'Ziodyne', 'Tarukaja', 'Counter']
['Zio', 'Marin Karin', 'Tarukaja', 'Rakukaja', 'Ziodyne']
['Zio', 'Rakukaja', 'Ziodyne', 'Tarukaja', 'Power Charge']
['Ziodyne', 'Zio', 'Marin Karin', 'Counter', 'Evil Touch']
['Ziodyne', 'Rakukaja', 'Marin Karin', 'Zio', 'Die for Me!']
['Evil Touch', 'Zio', 'High Counter', 'Auto-Masuku', 'Ziodyne']
['Zio', 'Tarukaja', 'Marin Karin', 'Ziodyne', 'Salvation']
['Zio', 'Tarukaja', 'Marin Karin', 'Counter', 'Mind Charge']
['Counter', 'Zio', 'Rakukaja', 'Tarukaja', 'Ziodyne']
['Ziodyne', 'Rakukaja', 'Zio', 'Auto-Mataru', 'Tarukaja']
['Marin Karin', 'Zio', 'Ziodyne', 'Tarukaja', 'Counter']
['Zio', 'Evil Touch', 'Mind Charge', 'High Counter', 'Ziodyne']
['Power Charge', 'Zio', 'Ziodyne', 'Auto-Masuku', 'Tarukaja']
['Zio', 'Ziodyne', 'Rakukaja', 'Power Charge', 'Counter']
['Zio', 'Ziodyne', 'Repel Dark', 'Tarukaja', 'Rakukaja']
['Ziodyne', 'Zio', 'Marakunda', 'Repel Dark', 'Rakukaja']
['Tarukaja', 'Zio', 'High Counter', 'Ziodyne', 'Tempest Slash']
['Counter', 'Zio', 'Ziodyne', 'Mind Charge', 'Marin Karin']
['Zio', 'Counter', 'Rakukaja', 'Ziodyne', 'Auto-Mataru']
['Zio', 'Power Charge', 'Salvation', 'Ziodyne', 'Rakukaja']
['Zio', 'Repel Dark', 'Ziodyne', 'Marakunda', 'High Counter']
['Zio', 'Ziodyne', 'Marin Karin', 'Rakukaja', 'Counter']
['Marin Karin', 'Zio', 'Ziodyne', 'Evil Touch', 'Marakunda']
['Zio', 'Megido', 'Marin Karin', 'Ziodyne', 'High Counter']
['Zio', 'Ziodyne', 'Counter', 'Mind Charge', 'Auto-Masuku']
['Evil Touch', 'Counter', 'Zio', 'Rakukaja', 'Tarukaja']
['Zio', 'Auto-Masuku', 'Rakukaja', 'Marin Karin', 'Tarukaja']
['Ziodyne', 'Zio', 'Rakukaja', 'Salvation', 'Tarukaja']
['Zio', 'Ziodyne', 'Marin Karin', 'Rakukaja', 'Evil Touch']
['Zio', 'Evil Touch', 'Ziodyne', 'Power Charge', 'Rakukaja']
['Marin Karin', 'Power Charge', 'Spirit Drain', 'Rakukaja', 'Zio']
['Tarukaja', 'Zio', 'Salvation', 'Counter', 'Marin Karin']
['Zio', 'Ziodyne', 'High Counter', 'Power Charge', 'Rakukaja']
['Power Charge', 'Ziodyne', 'Zio', 'Tarukaja', 'Die for Me!']
['Zio', 'Evil Touch', 'Marin Karin', 'High Counter', 'Ziodyne']
['Zio', 'Tarukaja', 'Mind Charge', 'Ziodyne', 'Power Charge']
['Zio', 'Marin Karin', 'Power Charge', 'High Counter', 'Ziodyne']
['Zio', 'Marin Karin', 'Evil Touch', 'Tarukaja', 'Auto-Masuku']
['Zio', 'Vicious Strike', 'Counter', 'Marakunda', 'Rakukaja']
['Power Charge', 'Ziodyne', 'Zio', 'Auto-Mataru', 'Evil Touch']
['Zio', 'Counter', 'Marakunda', 'Marin Karin', 'Salvation']
['Auto-Mataru', 'Zio', 'Rakukaja', 'Ziodyne', 'Auto-Masuku']
['Zio', 'Ziodyne', 'Marin Karin', 'Auto-Mataru', 'Repel Dark']
['Zio', 'Mind Charge', 'Rakukaja', 'Ziodyne', 'Evil Touch']
['Ziodyne', 'Counter', 'Zio', 'Marakunda', 'Die for Me!']
['Zio', 'Auto-Masuku', 'High Counter', 'Rakukaja', 'Ziodyne']
['Zio', 'Evil Touch', 'Ziodyne', 'Tarukaja', 'Rakukaja']
['Counter', 'Evil Touch', 'Zio', 'Ziodyne', 'Rakukaja']
['Tarukaja', 'Counter', 'Zio', 'Ziodyne', 'Rakukaja']
['Ziodyne', 'Rakukaja', 'Zio', 'High Counter', 'Marin Karin']
['Zio', 'Salvation', 'Tarukaja', 'Marakunda', 'Rakukaja']
['Power Charge', 'Zio', 'Auto-Masuku', 'Mind Charge', 'Ziodyne']
['Zio', "God's Hand", 'Ziodyne', 'Counter', 'Power Charge']
['Zio', 'Marin Karin', 'Evil Touch', 'Ziodyne', 'Rakukaja']
['Zio', 'Ziodyne', 'Evil Touch', 'Mind Charge', 'Auto-Masuku']
['Ziodyne', 'Zio', 'Tarukaja', 'Counter', 'Marin Karin']
['Auto-Mataru', 'Zio', 'Ziodyne', 'Rakukaja', 'Power Charge']
['Tarukaja', 'Zio', 'Ziodyne', 'Marakunda', 'Power Charge']
['Zio', 'Ziodyne', 'Marakunda', 'High Counter', 'Rakukaja']
['Zio', 'Mind Charge', 'Ziodyne', 'Rakukaja', 'Power Charge']
['Zio', 'Repel Dark', 'Tarukaja', 'Ziodyne', 'High Counter']
['Zio', 'Ziodyne', 'Tarukaja', 'Rakukaja', 'Evil Touch']
['Zio', 'Marin Karin', 'Ziodyne', 'Counter', 'Repel Dark']
['Ziodyne', 'Zio', 'Marin Karin', 'Tarukaja', 'Salvation']
['Marin Karin', 'Ziodyne', 'Zio', 'Evil Touch', 'Die for Me!']
['Rakukaja', 'Zio', 'Counter', 'Ziodyne', 'Marin Karin']
['Zio', 'Marin Karin', 'Ziodyne', 'Auto-Mataru', 'Tarukaja']
['Megido', 'Ziodyne', 'Zio', 'Marin Karin', 'Marakunda']
['Zio', 'Evil Touch', 'Ziodyne', 'Salvation', 'Mind Charge']
['Auto-Mataru', 'Zio', 'Power Charge', 'Marin Karin', 'Counter']
['Tarukaja', 'Ziodyne', 'Zio', 'Power Charge', 'Auto-Mataru']
['Zio', 'Ziodyne', 'Power Charge', 'Evil Touch', 'Marin Karin']
['Zio', 'Evil Touch', 'Counter', 'Tarukaja', 'Ziodyne']
['Power Charge', 'Zio', 'Auto-Mataru', 'Ziodyne', 'High Counter']
['Zio', 'Evil Touch', 'Marin Karin', 'Power Charge', 'Ziodyne']
['Zio', 'Ziodyne', 'Marin Karin', 'Mind Charge', 'Auto-Mataru']
['Marin Karin', 'Zio', 'Tarukaja', 'Counter', 'Ziodyne']
['Zio', 'Die for Me!', 'Marakunda', 'Repel Dark', 'Ziodyne']
['Counter', 'Zio', 'Ziodyne', 'Mind Charge', 'Tempest Slash']
['Repel Dark', 'Zio', 'Ziodyne', 'Marin Karin', 'Counter']
['Zio', 'Counter', 'Ziodyne', 'High Counter', 'Power Charge']
['Zio', 'Rakukaja', 'Tarukaja', 'Evil Touch', 'Auto-Masuku']
['Ziodyne', 'Zio', 'Spirit Drain', 'Power Charge', 'Counter']
['Ziodyne', 'Zio', 'Rakukaja', 'Evil Touch', 'Mind Charge']
['Zio', 'High Counter', 'Ziodyne', 'Rakukaja', 'Marin Karin']
['Zio', 'Ziodyne', 'Counter', 'Mind Charge', 'Evil Touch']
['Zio', 'High Counter', 'Auto-Masuku', 'Tarukaja', 'Rakukaja']
['Zio', 'Ziodyne', 'Tarukaja', 'Marin Karin', 'Rakukaja']
['Zio', 'Ziodyne', 'Mind Charge', 'Tarukaja', 'Evil Touch']
['Zio', 'Salvation', 'Power Charge', 'Ziodyne', 'Rakukaja']
['Zio', 'Tarukaja', 'Evil Touch', 'Salvation', 'Counter']
['Zio', "God's Hand", 'Marakunda', 'Ziodyne', 'Rakukaja']
['Zio', 'Evil Touch', 'Rakukaja', 'Auto-Masuku', 'Auto-Mataru']
['Megido', 'Zio', 'Ziodyne', 'Marakunda', 'Rakukaja']
['Zio', 'Tarukaja', 'Ziodyne', 'Counter', 'Evil Touch']
['High Counter', 'Zio', 'Ziodyne', 'Rakukaja', 'Counter']
['Zio', 'Mind Charge', 'Ziodyne', 'Megido', 'Auto-Mataru']
['Mind Charge', 'Zio', 'Evil Touch', 'Repel Dark', 'Ziodyne']
['Zio', 'Ziodyne', 'Rakukaja', 'Power Charge', 'Mind Charge']
['Rakukaja', 'Zio', 'Ziodyne', 'Counter', 'Tarukaja']
['Marakunda', 'Zio', 'Counter', 'Power Charge', 'Tarukaja']
['Zio', 'Ziodyne', 'Marakunda', 'High Counter', 'Rakukaja']
['Ziodyne', 'Tarukaja', 'Zio', 'Auto-Masuku', 'Rakukaja']
['Ziodyne', 'Zio', 'Rakukaja', 'Salvation', 'Tarukaja']
['Marin Karin', 'Zio', 'Power Charge', 'Tarukaja', 'Evil Touch']
['Zio', 'Ziodyne', 'Salvation', 'Rakukaja', 'Counter']
['Zio', 'Tarukaja', 'Marin Karin', 'Rakukaja', 'Ziodyne']
['Zio', 'Ziodyne', 'Rakukaja', 'Counter', 'Tarukaja']
['Zio', 'Evil Touch', 'Power Charge', 'Ziodyne', 'Tarukaja']
['Zio', 'Marakunda', 'Tarukaja', 'Evil Touch', 'Ziodyne']
['Zio', 'Repel Dark', 'Marin Karin', 'Marakunda', 'Rakukaja']
['Ziodyne', 'Zio', 'Repel Dark', 'Marin Karin', 'Tarukaja']
['Power Charge', 'Zio', 'Tarukaja', 'Marakunda', 'Ziodyne']
['Ziodyne', 'Zio', 'Mind Charge', 'Die for Me!', 'Counter']
['Zio', 'Salvation', 'Repel Dark', 'Marin Karin', 'Auto-Masuku']
['Zio', 'Salvation', 'Ziodyne', 'Tempest Slash', 'Auto-Masuku']
['Zio', "God's Hand", 'Marin Karin', 'Counter', 'Mind Charge']
['Zio', 'High Counter', 'Rakukaja', 'Tarukaja', 'Repel Dark']
['Zio', 'Die for Me!', 'Ziodyne', 'Tarukaja', 'Marakunda']
['Zio', 'Evil Touch', 'Ziodyne', 'Tarukaja', 'Power Charge']
['Marin Karin', 'Zio', 'Evil Touch', 'Power Charge', 'Ziodyne']
['Zio', 'High Counter', 'Repel Dark', 'Ziodyne', 'Auto-Mataru']
['Zio', 'Akasha Arts', 'Marin Karin', 'Tarukaja', 'Megido']
['Ziodyne', 'Zio', 'Vicious Strike', 'Marakunda', 'Power Charge']
['Ziodyne', 'Auto-Masuku', 'Zio', 'Repel Dark', 'High Counter']
['Zio', 'Rakukaja', 'Tarukaja', 'Ziodyne', 'Akasha Arts']
