['Zio', 'Dodge Ice', 'Hama', 'Mamudoon', 'High Counter']
['Media', 'Zio', 'Mahama', 'Mamudoon', 'Me Patra']
['Zio', 'Hama', 'Mamudoon', 'Sukukaja', 'Revolution']
['Zio', 'Hama', 'Mamudoon', 'Sukukaja', 'Revolution']
['Zio', 'Sukukaja', 'Twin Shot', 'Media', 'Brave Blade']
['Zio', 'Mamudoon', 'Power Slash', 'Sukukaja', 'Hama']
['Zio', 'Media', 'Zan-ei', 'Sukukaja', 'High Counter']
['Zio', 'Spell Master', 'Sukukaja', 'Media', 'Me Patra']
['Zio', 'Me Patra', 'Revolution', 'Media', 'Victory Cry']
['Zio', 'Makarakarn', 'Dodge Ice', 'Media', 'Sukukaja']
['Zio', 'Cleave', 'Me Patra', 'Mahama', 'Hama']
['Zio', 'Hama', 'High Counter', 'Media', 'Dodge Ice']
['Zio', 'Me Patra', 'Media', 'Victory Cry', 'Hama']
['Zio', 'Me Patra', 'Twin Shot', 'High Counter', 'Revolution']
['Zio', 'Mamudoon', 'Me Patra', 'Revolution', 'Power Slash']
['Twin Shot', 'Dodge Ice', 'Zio', 'Mahama', 'Me Patra']
['Zio', 'Sukukaja', 'Makarakarn', 'High Counter', 'Power Slash']
['Zio', 'Sukukaja', 'Media', 'Spell Master', 'Dodge Ice']
['Zio', 'High Counter', 'Revolution', 'Hama', 'Dodge Ice']
['Mahama', 'Zio', 'Media', 'Hama', 'Mamudoon']
['Zio', 'Mahama', 'Media', 'Hama', 'Me Patra']
['Zio', 'Hama', 'High Counter', 'Me Patra', 'Cleave']
['Zio', 'Mahama', 'Me Patra', 'Hama', 'Sukukaja']
['Dodge Ice', 'Zio', 'Victory Cry', 'Cleave', 'Revolution']
['Zio', 'Media', 'Sukukaja', 'Mahama', 'Mamudoon']
['Zio', 'Media', 'Sukukaja', 'High Counter', 'Revolution']
['Zio', 'Hama', 'Cruel Attack', 'Dodge Ice', 'High Counter']
['Media', 'Zio', 'Zan-ei', 'Twin Shot', 'Me Patra']
['Mahama', 'Zio', 'Mamudoon', 'Me Patra', 'Cleave']
['Zio', 'Cleave', 'Mamudoon', 'Sukukaja', 'Dodge Ice']
['Zio', 'Hama', 'Media', 'Zan-ei', 'Revolution']
['Mahama', 'Zio', 'Sukukaja', 'Me Patra', 'Media']
['Zio', 'Mahama', 'Cleave', 'Hama', 'Dodge Ice']
['Zio', 'Revolution', 'Mahama', 'Victory Cry', 'Sukukaja']
['Media', 'Zio', 'Mamudoon', 'Dodge Ice', 'Mahama']
['Revolution', 'Zio', 'Me Patra', 'Hama', 'Sukukaja']
['Zio', 'Mamudoon', 'Me Patra', 'Victory Cry', 'Hama']
['Hama', 'Zio', 'Revolution', 'Media', 'Sukukaja']
['Zio', 'Hama', 'Sukukaja', 'Makarakarn', 'Dodge Ice']
['Zio', 'Sukukaja', 'Me Patra', 'Mahama', 'Hama']
['Zio', 'Twin Shot', 'Revolution', 'Hama', 'Mamudoon']
['Zio', 'Revolution', 'High Counter', 'Power Slash', 'Makarakarn']
['Zio', 'Spell Master', 'Sukukaja', 'Mamudoon', 'Me Patra']
['Zio', 'Hama', 'Makarakarn', 'Victory Cry', 'Sukukaja']
['Sukukaja', 'Mahama', 'Zio', 'Media', 'Dodge Ice']
['Zio', 'Victory Cry', 'Sukukaja', 'Media', 'Cleave']
['Zio', 'Sukukaja', 'Revolution', 'Mamudoon', 'Mahama']
['Zio', 'Me Patra', 'Cruel Attack', 'Cleave', 'Sukukaja']
['Media', 'Zio', 'Sukukaja', 'Mahama', 'Revolution']
['Zio', 'Revolution', 'Power Slash', 'Sukukaja', 'Hama']
['Zio', 'Revolution', 'Dodge Ice', 'Hama', 'Media']
['Zio', 'Cleave', 'Hama', 'Media', 'Sukukaja']
['Mahama', 'Zio', 'Dodge Ice', 'Power Slash', 'Makarakarn']
['Zio', 'Revolution', 'Mamudoon', 'Media', 'Twin Shot']
['Zio', 'Media', 'Mamudoon', 'Revolution', 'Mahama']
['Sukukaja', 'Revolution', 'Zio', 'Spell Master', 'Mamudoon']
['Revolution', 'Cruel Attack', 'Zio', 'Mamudoon', 'Media']
['Dodge Ice', 'Media', 'Zio', 'Cleave', 'Revolution']
['Revolution', 'Zio', 'Media', 'Sukukaja', 'Dodge Ice']
['Zio', 'Media', 'Spell Master', 'Dodge Ice', 'Sukukaja']
['Zio', 'Media', 'Cleave', 'High Counter', 'Mahama']
['Zio', 'Revolution', 'Media', 'Hama', 'Spell Master']
['Zio', 'Sukukaja', 'Cleave', 'Me Patra', 'Hama']
['Revolution', 'Zio', 'Me Patra', 'Makarakarn', 'Mamudoon']
['Zio', 'Power Slash', 'Hama', 'Spell Master', 'Cruel Attack']
['Dodge Ice', 'Zio', 'High Counter', 'Sukukaja', 'Revolution']
['Zio', 'High Counter', 'Dodge Ice', 'Sukukaja', 'Me Patra']
['Makarakarn', 'Cruel Attack', 'Zio', 'Zan-ei', 'Dodge Ice']
['Zio', 'Hama', 'Zan-ei', 'Me Patra', 'Media']
['Media', 'High Counter', 'Zio', 'Cleave', 'Revolution']
['Zio', 'Spell Master', 'Revolution', 'Zan-ei', 'Dodge Ice']
['Zio', 'Power Slash', 'Mamudoon', 'Mahama', 'Twin Shot']
['Zio', 'Me Patra', 'Mahama', 'High Counter', 'Hama']
['Hama', 'Zio', 'Mamudoon', 'Me Patra', 'Sukukaja']
['Zio', 'High Counter', 'Me Patra', 'Victory Cry', 'Zan-ei']
['Mahama', 'Hama', 'Zio', 'Sukukaja', 'Spell Master']
['Zio', 'Mahama', 'Sukukaja', 'Media', 'Mamudoon']
['Zio', 'Media', 'Hama', 'Mahama', 'Spell Master']
['Zio', 'Mamudoon', 'Makarakarn', 'Dodge Ice', 'Hama']
['Zio', 'Me Patra', 'Hama', 'Mahama', 'Cleave']
['Makarakarn', 'Zio', 'High Counter', 'Mahama', 'Sukukaja']
['Zio', 'Hama', 'Dodge Ice', 'Me Patra', 'Mahama']
['Zio', 'Revolution', 'Cleave', 'Spell Master', 'Me Patra']
['Zio', 'Revolution', 'Hama', 'High Counter', 'Me Patra']
['Zio', 'Media', 'Cruel Attack', 'Mahama', 'Sukukaja']
['Hama', 'Zio', 'Media', 'Revolution', 'Me Patra']
['Zio', 'Me Patra', 'Sukukaja', 'Dodge Ice', 'Spell Master']
['Sukukaja', 'Zio', 'High Counter', 'Dodge Ice', 'Spell Master']
['Hama', 'Zio', 'Sukukaja', 'Me Patra', 'Zan-ei']
['Zio', 'Revolution', 'Media', 'Hama', 'Zan-ei']
['Mahama', 'Zio', 'High Counter', 'Sukukaja', 'Power Slash']
['Zio', 'Cleave', 'Hama', 'Dodge Ice', 'Revolution']
['Zio', 'Me Patra', 'Media', 'Revolution', 'High Counter']
['Zio', 'Revolution', 'Me Patra', 'Media', 'Cleave']
['Media', 'Zio', 'Hama', 'Me Patra', 'Spell Master']
['Mahama', 'Zio', 'Me Patra', 'Cleave', 'Media']
['Zio', 'Megidolaon', 'Dodge Ice', 'Makarakarn', 'Me Patra']
['Me Patra', 'Zio', 'Cleave', 'Hama', 'High Counter']
['Zio', 'Mahama', 'Makarakarn', 'Media', 'Victory Cry']
['Mahama', 'Zio', 'Hama', 'Dodge Ice', 'High Counter']
['Media', 'Zio', 'Sukukaja', 'Hama', 'Dodge Ice']
['Sukukaja', 'Zio', 'Mahama', 'Spell Master', 'Victory Cry']
['Zio', 'Makarakarn', 'Mamudoon', 'Me Patra', 'Hama']
['Zio', 'Hama', 'Sukukaja', 'Cleave', 'Twin Shot']
['High Counter', 'Mahama', 'Zio', 'Victory Cry', 'Zan-ei']
['Zio', 'Media', 'Twin Shot', 'Cleave', 'Sukukaja']
['Zio', 'Spell Master', 'Mamudoon', 'Sukukaja', 'Dodge Ice']
['Mahama', 'Me Patra', 'Media', 'Dodge Ice', 'Zio']
['Zio', 'Dodge Ice', 'Media', 'Me Patra', 'Hama']
['Sukukaja', 'Zio', 'Dodge Ice', 'Mamudoon', 'High Counter']
['Twin Shot', 'Victory Cry', 'Zio', 'Hama', 'Mamudoon']
['Zio', 'Hama', 'Mahama', 'Sukukaja', 'Me Patra']
['Me Patra', 'Hama', 'Mahama', 'Makarakarn', 'Zio']
['Zio', 'Revolution', 'Me Patra', 'High Counter', 'Dodge Ice']
['Zio', 'Revolution', 'Media', 'Sukukaja', 'Cruel Attack']
['Zio', 'High Counter', 'Mahama', 'Me Patra', 'Media']
['Zio', 'Mamudoon', 'Media', 'Hama', 'High Counter']
['Zio', 'Sukukaja', 'Makarakarn', 'Revolution', 'Dodge Ice']
['Mamudoon', 'Zio', 'Mahama', 'Hama', 'Media']
['Me Patra', 'Zio', 'Media', 'Victory Cry', 'Sukukaja']
['Zio', 'Sukukaja', 'Cleave', 'Mamudoon', 'Hama']
['Zio', 'Sukukaja', 'Dodge Ice', 'Cleave', 'Makarakarn']
['Zio', 'Twin Shot', 'Revolution', 'Mahama', 'Me Patra']
['Sukukaja', 'Zio', 'Hama', 'Dodge Ice', 'Media']
['Mahama', 'Zio', 'Dodge Ice', 'Zan-ei', 'High Counter']
['Zio', 'Hama', 'Revolution', 'Dodge Ice', 'Mamudoon']
['Zio', 'Sukukaja', 'Mahama', 'Dodge Ice', 'Cleave']
['Me Patra', 'Zio', 'Hama', 'Sukukaja', 'Mahama']
['Zio', 'Me Patra', 'Sukukaja', 'Makarakarn', 'Victory Cry']
['Zio', 'Spell Master', 'Dodge Ice', 'Sukukaja', 'Hama']
['Zio', 'Hama', 'Sukukaja', 'Mahama', 'Cleave']
['Zio', 'Sukukaja', 'Makarakarn', 'Cleave', 'Hama']
['Sukukaja', 'Media', 'Cleave', 'Zio', 'Mamudoon']
['Zio', 'Mahama', 'Dodge Ice', 'Brave Blade', 'Power Slash']
['Zio', 'Hama', 'High Counter', 'Mahama', 'Sukukaja']
['Sukukaja', 'Zio', 'High Counter', 'Dodge Ice', 'Mamudoon']
['Zio', 'Media', 'Sukukaja', 'Me Patra', 'High Counter']
['Zio', 'Sukukaja', 'Revolution', 'Hama', 'Media']
['Revolution', 'Zio', 'Mahama', 'Cleave', 'Media']
['Zio', 'Sukukaja', 'Power Slash', 'Victory Cry', 'Hama']
['Spell Master', 'Zio', 'Sukukaja', 'Victory Cry', 'Dodge Ice']
['Zio', 'Victory Cry', 'Media', 'Sukukaja', 'Me Patra']
['Cleave', 'Revolution', 'Zio', 'Mamudoon', 'Dodge Ice']
['Cleave', 'Zio', 'Sukukaja', 'Hama', 'Me Patra']
['Zio', 'Media', 'Mamudoon', 'Hama', 'Cleave']
['Zio', 'Media', 'Dodge Ice', 'Mahama', 'Cleave']
['Hama', 'Zio', 'Zan-ei', 'Me Patra', 'Twin Shot']
['Revolution', 'Zio', 'Mamudoon', 'Hama', 'Dodge Ice']
['Zio', 'Hama', 'Mahama', 'High Counter', 'Media']
['Sukukaja', 'Zio', 'Cleave', 'Makarakarn', 'Hama']
['Mamudoon', 'Zio', 'Mahama', 'Hama', 'High Counter']
['Zio', 'Megidolaon', 'Makarakarn', 'Media', 'Sukukaja']
['Cruel Attack', 'Zio', 'Zan-ei', 'Hama', 'High Counter']
['Zio', 'Hama', 'High Counter', 'Me Patra', 'Dodge Ice']
['Zio', 'Mamudoon', 'Mahama', 'Media', 'Revolution']
['Me Patra', 'Zio', 'Hama', 'Victory Cry', 'Mahama']
['Zio', 'Media', 'Spell Master', 'Mamudoon', 'High Counter']
['Me Patra', 'Zio', 'Dodge Ice', 'Mahama', 'Zan-ei']
['Zio', 'Twin Shot', 'Hama', 'Revolution', 'Cleave']
['Zio', 'Hama', 'Media', 'Makarakarn', 'Dodge Ice']
['Dodge Ice', 'Zio', 'Power Slash', 'Me Patra', 'Twin Shot']
['Zio', 'Sukukaja', 'Power Slash', 'Cruel Attack', 'Spell Master']
['Zio', 'Makarakarn', 'Sukukaja', 'Power Slash', 'Mamudoon']
['Zio', 'Dodge Ice', 'Sukukaja', 'Media', 'Revolution']
['Zio', 'Dodge Ice', 'Mamudoon', 'Revolution', 'Hama']
['Zio', 'Hama', 'Mamudoon', 'Me Patra', 'Cleave']
['Zio', 'Hama', 'Sukukaja', 'Zan-ei', 'Victory Cry']
['Zio', 'Victory Cry', 'Dodge Ice', 'Revolution', 'Hama']
['Zio', 'Dodge Ice', 'Revolution', 'Sukukaja', 'Media']
['Zio', 'Spell Master', 'Hama', 'Cleave', 'Sukukaja']
['Zio', 'Revolution', 'Dodge Ice', 'Cleave', 'Cruel Attack']
['Zio', 'Sukukaja', 'Revolution', 'Dodge Ice', 'Mamudoon']
['Zio', 'Hama', 'Cleave', 'Media', 'Sukukaja']
['Zio', 'Hama', 'Revolution', 'Sukukaja', 'Me Patra']
['Zio', 'Dodge Ice', 'Mamudoon', 'Hama', 'Sukukaja']
['Media', 'Zio', 'Mamudoon', 'Me Patra', 'Cruel Attack']
['Hama', 'Zio', 'Dodge Ice', 'Mahama', 'High Counter']
['Zio', 'Media', 'Mamudoon', 'Sukukaja', 'High Counter']
['Zio', 'Me Patra', 'Mahama', 'Makarakarn', 'High Counter']
['Zio', 'Hama', 'Dodge Ice', 'Revolution', 'Spell Master']
['Zio', 'Sukukaja', 'Revolution', 'Hama', 'Makarakarn']
['Revolution', 'Sukukaja', 'Twin Shot', 'Mahama', 'Zio']
['Sukukaja', 'Zio', 'Me Patra', 'Revolution', 'Mamudoon']
['Zio', 'Spell Master', 'Mahama', 'High Counter', 'Dodge Ice']
['Zio', 'Me Patra', 'Mamudoon', 'Media', 'Cleave']
['Zan-ei', 'Zio', 'Me Patra', 'Revolution', 'Mahama']
['Zio', 'Dodge Ice', 'Mamudoon', 'Power Slash', 'Mahama']
['Zio', 'Victory Cry', 'Media', 'Me Patra', 'Sukukaja']
['Zio', 'Sukukaja', 'Victory Cry', 'Revolution', 'Hama']
['Zio', 'Media', 'Dodge Ice', 'Makarakarn', 'Me Patra']
['Zio', 'High Counter', 'Power Slash', 'Revolution', 'Hama']
['Zio', 'Hama', 'Me Patra', 'Sukukaja', 'Mahama']
['Me Patra', 'Zio', 'Dodge Ice', 'Mahama', 'Mamudoon']
['Mamudoon', 'Zio', 'Sukukaja', 'Dodge Ice', 'Media']
['Makarakarn', 'Zio', 'Mamudoon', 'Hama', 'Media']
['Zio', 'Me Patra', 'Cleave', 'Hama', 'High Counter']
['Zio', 'Hama', 'Mahama', 'Zan-ei', 'Victory Cry']
['Zio', 'Zan-ei', 'Sukukaja', 'Mahama', 'Hama']
['Zio', 'Hama', 'Mamudoon', 'Spell Master', 'Revolution']
['Zio', 'Me Patra', 'Mahama', 'Media', 'Revolution']
['Zio', 'Megidolaon', 'Revolution', 'Sukukaja', 'Mahama']
['Zio', 'Me Patra', 'Revolution', 'Sukukaja', 'Hama']
['Zan-ei', 'Zio', 'Sukukaja', 'Mamudoon', 'High Counter']
['Mamudoon', 'Zio', 'Brave Blade', 'Cleave', 'High Counter']
['Sukukaja', 'Zio', 'Me Patra', 'Mamudoon', 'Dodge Ice']
['Mahama', 'Zio', 'Dodge Ice', 'Cleave', 'Hama']
['Zio', 'Cleave', 'Victory Cry', 'Revolution', 'Mamudoon']
['Zio', 'Hama', 'Me Patra', 'High Counter', 'Media']
['Zio', 'Twin Shot', 'Media', 'Dodge Ice', 'Me Patra']
['Zio', 'Hama', 'High Counter', 'Me Patra', 'Spell Master']
['Victory Cry', 'Zio', 'Twin Shot', 'High Counter', 'Power Slash']
['Power Slash', 'Zio', 'Hama', 'Spell Master', 'Cleave']
['Mahama', 'Zio', 'Mamudoon', 'Cruel Attack', 'Dodge Ice']
['Revolution', 'Media', 'Zio', 'Mahama', 'Makarakarn']
['Cruel Attack', 'Hama', 'Zio', 'Makarakarn', 'Me Patra']
['Dodge Ice', 'Zio', 'Power Slash', 'Cruel Attack', 'High Counter']
['Zio', 'Cleave', 'Revolution', 'Makarakarn', 'Sukukaja']
['Zio', 'Spell Master', 'Me Patra', 'Dodge Ice', 'Media']
['Zio', 'Media', 'Sukukaja', 'Revolution', 'Spell Master']
['Twin Shot', 'Sukukaja', 'Zio', 'Cleave', 'Makarakarn']
['Zio', 'Me Patra', 'Revolution', 'Victory Cry', 'Hama']
['Zio', 'Mamudoon', 'High Counter', 'Media', 'Dodge Ice']
['Zio', 'Media', 'Hama', 'Mahama', 'Twin Shot']
['Zio', 'Revolution', 'Hama', 'Sukukaja', 'Victory Cry']
['Zio', 'Zan-ei', 'Me Patra', 'Hama', 'Revolution']
['Zio', 'Dodge Ice', 'Mahama', 'Media', 'High Counter']
['Zio', 'Hama', 'Victory Cry', 'Cleave', 'Me Patra']
['Zio', 'Hama', 'Makarakarn', 'Revolution', 'Brave Blade']
['Hama', 'Zio', 'Power Slash', 'Revolution', 'Me Patra']
['Zio', 'Cleave', 'Media', 'High Counter', 'Power Slash']
['Zio', 'Media', 'Victory Cry', 'High Counter', 'Twin Shot']
['Zio', 'Victory Cry', 'Sukukaja', 'Dodge Ice', 'Power Slash']
['Zio', 'Cleave', 'Me Patra', 'Hama', 'Media']
['Me Patra', 'Zio', 'Victory Cry', 'Sukukaja', 'Mahama']
['Sukukaja', 'Revolution', 'Media', 'Zio', 'Makarakarn']
['Zio', 'Hama', 'Sukukaja', 'Dodge Ice', 'Me Patra']
['Dodge Ice', 'Zio', 'Revolution', 'Mahama', 'High Counter']
['Zio', 'Cleave', 'Victory Cry', 'Media', 'Mahama']
['Zio', 'Mahama', 'High Counter', 'Hama', 'Sukukaja']
['Zio', 'Mahama', 'High Counter', 'Dodge Ice', 'Me Patra']
['Zio', 'Dodge Ice', 'Mamudoon', 'Sukukaja', 'Revolution']
['High Counter', 'Zio', 'Mahama', 'Media', 'Makarakarn']
['Zio', 'Sukukaja', 'Me Patra', 'Revolution', 'Dodge Ice']
['Victory Cry', 'Me Patra', 'Zio', 'Mamudoon', 'Makarakarn']
['Media', 'Zio', 'Power Slash', 'High Counter', 'Hama']
['Dodge Ice', 'Zio', 'Me Patra', 'High Counter', 'Twin Shot']
['Hama', 'Zio', 'Dodge Ice', 'Media', 'Sukukaja']
['Sukukaja', 'Hama', 'Makarakarn', 'Victory Cry', 'Zio']
['Zio', 'Sukukaja', 'Cleave', 'Dodge Ice', 'Media']
['Zio', 'Hama', 'Mahama', 'Cleave', 'Sukukaja']
['Sukukaja', 'Zio', 'Me Patra', 'Mahama', 'Dodge Ice']
['Zio', 'Dodge Ice', 'Me Patra', 'Makarakarn', 'Revolution']
['Hama', 'Zio', 'Sukukaja', 'Cleave', 'Victory Cry']
['Zio', 'Hama', 'Dodge Ice', 'Revolution', 'Me Patra']
['Hama', 'Zio', 'Spell Master', 'Victory Cry', 'Sukukaja']
['Zio', 'Makarakarn', 'Mahama', 'Hama', 'High Counter']
['Zio', 'High Counter', 'Sukukaja', 'Revolution', 'Makarakarn']
['Cleave', 'Zio', 'Mamudoon', 'Revolution', 'Hama']
['Zio', 'Hama', 'Dodge Ice', 'High Counter', 'Sukukaja']
['Hama', 'Megidolaon', 'Zio', 'Media', 'Dodge Ice']
['Hama', 'Zio', 'Mahama', 'Sukukaja', 'Dodge Ice']
['Dodge Ice', 'Zio', 'High Counter', 'Victory Cry', 'Cleave']
['Zio', 'Revolution', 'Sukukaja', 'Dodge Ice', 'Spell Master']
['Zio', 'Hama', 'Mahama', 'High Counter', 'Dodge Ice']
['Sukukaja', 'Zio', 'Media', 'Twin Shot', 'Cleave']
['Zan-ei', 'Zio', 'Hama', 'Sukukaja', 'Revolution']
['Zio', 'Mahama', 'Dodge Ice', 'Media', 'Sukukaja']
['Zio', 'Dodge Ice', 'Sukukaja', 'High Counter', 'Me Patra']
['Cruel Attack', 'Zio', 'Spell Master', 'Media', 'Twin Shot']
['Zio', 'Revolution', 'Hama', 'Power Slash', 'Twin Shot']
['Zio', 'Sukukaja', 'Victory Cry', 'Media', 'Makarakarn']
['Zio', 'Media', 'Me Patra', 'Mahama', 'Power Slash']
['Zio', 'Victory Cry', 'Mahama', 'Sukukaja', 'Twin Shot']
['Zio', 'Victory Cry', 'Sukukaja', 'Mahama', 'Mamudoon']
['Zio', 'Dodge Ice', 'Mahama', 'Hama', 'Cleave']
['Zio', 'Power Slash', 'Dodge Ice', 'Me Patra', 'Twin Shot']
['Sukukaja', 'Zio', 'Dodge Ice', 'Me Patra', 'Zan-ei']
['Hama', 'Zio', 'Revolution', 'Sukukaja', 'Me Patra']
['Zio', 'Cleave', 'Mamudoon', 'Mahama', 'Dodge Ice']
['Zio', 'Revolution', 'Sukukaja', 'Makarakarn', 'Mamudoon']
['Zio', 'Victory Cry', 'Media', 'Sukukaja', 'Dodge Ice']
['Zio', 'Mahama', 'Hama', 'Makarakarn', 'Revolution']
['Me Patra', 'Zio', 'Dodge Ice', 'Sukukaja', 'Mahama']
['Zio', 'Twin Shot', 'Revolution', 'Sukukaja', 'Media']
['Zio', 'Power Slash', 'Me Patra', 'Cleave', 'Dodge Ice']
['Zio', 'Power Slash', 'Victory Cry', 'Mahama', 'Spell Master']
['Zio', 'Revolution', 'Cleave', 'Sukukaja', 'Hama']
['Victory Cry', 'Zio', 'Mahama', 'Hama', 'Dodge Ice']
['Zio', 'Victory Cry', 'Media', 'Revolution', 'Sukukaja']
['Media', 'Zio', 'Me Patra', 'Mahama', 'Hama']
['Zio', 'Sukukaja', 'Media', 'Dodge Ice', 'Mahama']
['Zio', 'Mamudoon', 'Media', 'Hama', 'Cleave']
['Mamudoon', 'Zio', 'Cleave', 'Victory Cry', 'Hama']
['Makarakarn', 'Zio', 'Zan-ei', 'Hama', 'Media']
['Zio', 'Spell Master', 'Media', 'Mamudoon', 'Hama']
['Zio', 'Media', 'Sukukaja', 'Hama', 'Mamudoon']
['Zio', 'Mahama', 'Me Patra', 'Dodge Ice', 'Revolution']
['Mahama', 'Sukukaja', 'Zio', 'Makarakarn', 'Hama']
['Brave Blade', 'Zio', 'Sukukaja', 'Twin Shot', 'Power Slash']
['Zio', 'Victory Cry', 'Hama', 'Me Patra', 'Revolution']
['Zio', 'High Counter', 'Hama', 'Revolution', 'Makarakarn']
['Media', 'Dodge Ice', 'Zio', 'Sukukaja', 'Revolution']
['Hama', 'Zio', 'Sukukaja', 'Spell Master', 'Cleave']
['Zio', 'Me Patra', 'Mahama', 'Revolution', 'Sukukaja']
['Zio', 'Sukukaja', 'Media', 'Mahama', 'Cleave']
['Zio', 'Me Patra', 'Mahama', 'Hama', 'Twin Shot']
['Makarakarn', 'Zio', 'Cleave', 'Hama', 'Sukukaja']
['Power Slash', 'Dodge Ice', 'Revolution', 'Cruel Attack', 'Zio']
['Zio', 'Hama', 'Makarakarn', 'Sukukaja', 'Revolution']
['Mahama', 'Zio', 'Revolution', 'Victory Cry', 'Media']
['Zio', 'Cleave', 'Me Patra', 'Mamudoon', 'Sukukaja']
['Dodge Ice', 'Zio', 'Mamudoon', 'Revolution', 'Zan-ei']
['Zio', 'Dodge Ice', 'Media', 'Hama', 'High Counter']
['Mahama', 'Zio', 'Me Patra', 'High Counter', 'Revolution']
['Zio', 'Media', 'Me Patra', 'Revolution', 'Mahama']
['High Counter', 'Hama', 'Zio', 'Mamudoon', 'Media']
['Zio', 'Sukukaja', 'Media', 'Mamudoon', 'Victory Cry']
['Mahama', 'Zio', 'Dodge Ice', 'Revolution', 'Victory Cry']
['Zio', 'Mamudoon', 'Twin Shot', 'Zan-ei', 'Dodge Ice']
['Me Patra', 'Zio', 'Media', 'Sukukaja', 'Revolution']
['Zio', 'Hama', 'Me Patra', 'Victory Cry', 'Dodge Ice']
['Revolution', 'Zio', 'Cleave', 'Sukukaja', 'Media']
['Zio', 'Sukukaja', 'Mamudoon', 'Dodge Ice', 'Revolution']
['Zio', 'Hama', 'Sukukaja', 'Cleave', 'Dodge Ice']
['Mahama', 'Zio', 'Twin Shot', 'Sukukaja', 'Media']
['Dodge Ice', 'Zio', 'Revolution', 'Media', 'Hama']
['Victory Cry', 'Zio', 'Me Patra', 'Mahama', 'Sukukaja']
['Zio', 'Sukukaja', 'Makarakarn', 'Hama', 'Revolution']
['Me Patra', 'Hama', 'Zio', 'Mahama', 'Dodge Ice']
['Zio', 'Media', 'Victory Cry', 'Spell Master', 'High Counter']
['Zio', 'Victory Cry', 'Dodge Ice', 'Mamudoon', 'Me Patra']
['Zio', 'Cleave', 'Sukukaja', 'Revolution', 'Hama']
['Mahama', 'Dodge Ice', 'Hama', 'Zio', 'High Counter']
['Zio', 'Dodge Ice', 'Cleave', 'Sukukaja', 'Me Patra']
['Zio', 'Hama', 'Megidolaon', 'Sukukaja', 'Cleave']
['Zio', 'Dodge Ice', 'Twin Shot', 'Power Slash', 'Hama']
['Zio', 'Dodge Ice', 'Me Patra', 'Mahama', 'Hama']
['Zio', 'Twin Shot', 'Me Patra', 'Hama', 'Makarakarn']
['High Counter', 'Zio', 'Spell Master', 'Dodge Ice', 'Hama']
['Zio', 'High Counter', 'Mahama', 'Media', 'Dodge Ice']
['Zio', 'Cleave', 'Hama', 'Dodge Ice', 'Sukukaja']
['Zio', 'Twin Shot', 'Revolution', 'Victory Cry', 'Spell Master']
['Zio', 'Sukukaja', 'Mahama', 'Media', 'Revolution']
['Zio', 'Mahama', 'Dodge Ice', 'Media', 'Sukukaja']
['Zio', 'Cruel Attack', 'Mahama', 'Mamudoon', 'Hama']
['Zio', 'Sukukaja', 'High Counter', 'Me Patra', 'Power Slash']
['Me Patra', 'Zio', 'Sukukaja', 'Mahama', 'Zan-ei']
['Victory Cry', 'Zio', 'Makarakarn', 'Revolution', 'Me Patra']
['Zio', 'Mamudoon', 'Zan-ei', 'Mahama', 'Media']
['Zio', 'Cleave', 'Revolution', 'Zan-ei', 'Media']
['Zio', 'Revolution', 'Mahama', 'Media', 'Mamudoon']
['Zio', 'Revolution', 'Cleave', 'Hama', 'Mahama']
['Zio', 'Spell Master', 'Cleave', 'Mahama', 'Sukukaja']
['Zio', 'Victory Cry', 'Mahama', 'Spell Master', 'Revolution']
['Zio', 'Sukukaja', 'Hama', 'Spell Master', 'Power Slash']
['Dodge Ice', 'Zio', 'High Counter', 'Media', 'Hama']
['Zio', 'Hama', 'Revolution', 'Mahama', 'Mamudoon']
['Zio', 'Cruel Attack', 'Sukukaja', 'Mamudoon', 'Cleave']
['Zio', 'Sukukaja', 'Media', 'Mahama', 'Zan-ei']
['Zio', 'Spell Master', 'Mahama', 'Makarakarn', 'Media']
['Power Slash', 'Zio', 'Spell Master', 'Revolution', 'Hama']
['Zio', 'Mamudoon', 'Sukukaja', 'Me Patra', 'Dodge Ice']
['Sukukaja', 'Zio', 'Mamudoon', 'Hama', 'Power Slash']
['Zio', 'High Counter', 'Media', 'Revolution', 'Mahama']
['Zio', 'Sukukaja', 'Media', 'Cleave', 'Mahama']
['Zio', 'Zan-ei', 'Hama', 'Power Slash', 'Cleave']
['High Counter', 'Media', 'Zio', 'Me Patra', 'Hama']
['Zio', 'Spell Master', 'Me Patra', 'Megidolaon', 'Cleave']
['Zio', 'Revolution', 'Sukukaja', 'Mamudoon', 'Dodge Ice']
['Zio', 'Mamudoon', 'Spell Master', 'Revolution', 'Victory Cry']
['Zio', 'Media', 'Me Patra', 'Power Slash', 'Sukukaja']
['Zio', 'Hama', 'Mahama', 'Sukukaja', 'Dodge Ice']
['Zio', 'Twin Shot', 'Spell Master', 'Hama', 'Makarakarn']
['Zio', 'Revolution', 'Dodge Ice', 'Me Patra', 'Megidolaon']
['Zio', 'Sukukaja', 'Media', 'Revolution', 'Victory Cry']
['Zio', 'High Counter', 'Sukukaja', 'Media', 'Hama']
['Zio', 'Media', 'Power Slash', 'Hama', 'High Counter']
['Zio', 'Revolution', 'Sukukaja', 'Power Slash', 'Twin Shot']
['Zio', 'Victory Cry', 'Cleave', 'Media', 'Revolution']
['Zio', 'Victory Cry', 'Twin Shot', 'Me Patra', 'Cruel Attack']
['Zio', 'Me Patra', 'High Counter', 'Mahama', 'Sukukaja']
['Mahama', 'Zio', 'Dodge Ice', 'Hama', 'Brave Blade']
['Zio', 'Revolution', 'Media', 'Cleave', 'Makarakarn']
['Zio', 'Hama', 'Sukukaja', 'Spell Master', 'Media']
['Zio', 'Revolution', 'Twin Shot', 'Sukukaja', 'Media']
['Zio', 'Spell Master', 'Hama', 'Mamudoon', 'Media']
['Sukukaja', 'Victory Cry', 'Zio', 'Revolution', 'Mahama']
['Zio', 'Dodge Ice', 'Sukukaja', 'Hama', 'Me Patra']
['Zio', 'Sukukaja', 'Revolution', 'Dodge Ice', 'Me Patra']
['Zio', 'Revolution', 'Cleave', 'Sukukaja', 'Twin Shot']
['Sukukaja', 'Zio', 'Media', 'Makarakarn', 'Power Slash']
['Zio', 'Cleave', 'Mamudoon', 'Media', 'Hama']
['Zio', 'Sukukaja', 'Me Patra', 'Spell Master', 'Mahama']
['Zio', 'Zan-ei', 'Mahama', 'High Counter', 'Hama']
['Power Slash', 'Mamudoon', 'Zio', 'Dodge Ice', 'Hama']
['Zio', 'Sukukaja', 'Cleave', 'Power Slash', 'Hama']
['Zio', 'Hama', 'Sukukaja', 'Revolution', 'Media']
['Makarakarn', 'Cleave', 'Zio', 'Hama', 'Mahama']
['Dodge Ice', 'Zio', 'Victory Cry', 'Sukukaja', 'Mahama']
['Hama', 'Zio', 'Media', 'Mamudoon', 'Cleave']
['Zio', 'Me Patra', 'High Counter', 'Hama', 'Zan-ei']
['Zio', 'Dodge Ice', 'Power Slash', 'Sukukaja', 'Mamudoon']
['Zio', 'Victory Cry', 'Twin Shot', 'Hama', 'Cleave']
['Zio', 'Hama', 'High Counter', 'Sukukaja', 'Victory Cry']
['Cleave', 'Zio', 'Sukukaja', 'Mahama', 'Me Patra']
['Zio', 'Spell Master', 'Mamudoon', 'Hama', 'Dodge Ice']
['Zio', 'Power Slash', 'Sukukaja', 'Victory Cry', 'Media']
['Zio', 'Spell Master', 'Dodge Ice', 'Mahama', 'Victory Cry']
['Zio', 'Power Slash', 'Hama', 'Media', 'Revolution']
['Zio', 'Mahama', 'Hama', 'Revolution', 'Zan-ei']
['Zio', 'Revolution', 'Cleave', 'Media', 'Sukukaja']
['Me Patra', 'Zio', 'Dodge Ice', 'Revolution', 'Sukukaja']
['Zio', 'Sukukaja', 'Hama', 'Dodge Ice', 'Media']
['Media', 'Zio', 'Mamudoon', 'Sukukaja', 'Cleave']
['Zio', 'Revolution', 'Media', 'Sukukaja', 'Mahama']
['Mamudoon', 'Sukukaja', 'Zio', 'Spell Master', 'Me Patra']
['Zio', 'Revolution', 'Mahama', 'Media', 'Me Patra']
['Zio', 'Hama', 'Sukukaja', 'Mahama', 'Dodge Ice']
['Zio', 'Revolution', 'Mahama', 'Hama', 'Dodge Ice']
['Sukukaja', 'Zio', 'Dodge Ice', 'Media', 'Makarakarn']
['Cruel Attack', 'Zio', 'Hama', 'Revolution', 'Sukukaja']
['Sukukaja', 'Zio', 'Dodge Ice', 'Hama', 'Revolution']
['Dodge Ice', 'Zio', 'Mahama', 'Me Patra', 'Hama']
['Zio', 'Revolution', 'Mahama', 'Makarakarn', 'Hama']
['Zio', 'Me Patra', 'Dodge Ice', 'Sukukaja', 'Revolution']
['Me Patra', 'Spell Master', 'Zio', 'Revolution', 'Mahama']
['Media', 'Zio', 'Twin Shot', 'Victory Cry', 'Hama']
['Zio', 'Hama', 'Makarakarn', 'Media', 'Victory Cry']
['Media', 'Makarakarn', 'Zio', 'Hama', 'Mamudoon']
['Zio', 'Power Slash', 'Media', 'Mamudoon', 'Sukukaja']
['Media', 'Zio', 'Me Patra', 'Hama', 'Mahama']
['Zio', 'Hama', 'Makarakarn', 'Sukukaja', 'High Counter']
['Hama', 'Zio', 'Me Patra', 'Mamudoon', 'Media']
['Me Patra', 'Zio', 'Revolution', 'Sukukaja', 'Media']
['Zio', 'Cruel Attack', 'Hama', 'Mahama', 'Media']
['Zio', 'Sukukaja', 'Dodge Ice', 'Me Patra', 'Makarakarn']
['Zio', 'Hama', 'Dodge Ice', 'Sukukaja', 'Victory Cry']
['Zio', 'Revolution', 'High Counter', 'Hama', 'Dodge Ice']
['Zio', 'Dodge Ice', 'Cleave', 'Sukukaja', 'Hama']
['Hama', 'Zio', 'Revolution', 'Brave Blade', 'High Counter']
['Zio', 'Mahama', 'Sukukaja', 'Cruel Attack', 'Hama']
['Revolution', 'Zio', 'Mahama', 'Mamudoon', 'Brave Blade']
['Zio', 'Sukukaja', 'Spell Master', 'Hama', 'Cleave']
['Makarakarn', 'Zio', 'Dodge Ice', 'Cleave', 'High Counter']
['Media', 'Zio', 'Dodge Ice', 'Hama', 'Mahama']
['Zio', 'Power Slash', 'Revolution', 'Dodge Ice', 'Mahama']
['Zio', 'Spell Master', 'Cleave', 'Power Slash', 'Makarakarn']
['Zio', 'Hama', 'Media', 'Dodge Ice', 'Sukukaja']
['Zio', 'Hama', 'Victory Cry', 'Brave Blade', 'Mahama']
['Zio', 'Spell Master', 'Cleave', 'Hama', 'Sukukaja']
['Zio', 'Twin Shot', 'Media', 'Mamudoon', 'Cleave']
['Zio', 'Media', 'Mahama', 'Dodge Ice', 'Makarakarn']
['Zio', 'Revolution', 'Cleave', 'Zan-ei', 'Hama']
['Me Patra', 'Mahama', 'Media', 'Dodge Ice', 'Zio']
['Zio', 'Hama', 'Media', 'Power Slash', 'Dodge Ice']
['Zio', 'Hama', 'Power Slash', 'Cleave', 'Makarakarn']
['Zio', 'Hama', 'Mamudoon', 'Revolution', 'Power Slash']
['Zio', 'Mahama', 'Media', 'Revolution', 'Power Slash']
['Zio', 'Me Patra', 'Mamudoon', 'Zan-ei', 'Revolution']
['Zio', 'Revolution', 'Media', 'Hama', 'Spell Master']
['Dodge Ice', 'Zio', 'Sukukaja', 'Media', 'Victory Cry']
['Zio', 'Revolution', 'Mahama', 'Dodge Ice', 'Sukukaja']
['Zio', 'Dodge Ice', 'Hama', 'Mahama', 'Revolution']
['Zio', 'Mahama', 'Sukukaja', 'Power Slash', 'Media']
['Sukukaja', 'Zio', 'Mamudoon', 'Spell Master', 'Victory Cry']
['Zio', 'Revolution', 'Hama', 'Mahama', 'Media']
['Zio', 'Cruel Attack', 'Victory Cry', 'High Counter', 'Makarakarn']
['Zio', 'Hama', 'Dodge Ice', 'Spell Master', 'Revolution']
['Zan-ei', 'Zio', 'Mahama', 'Sukukaja', 'Revolution']
['Zio', 'Revolution', 'Spell Master', 'Hama', 'Cleave']
['Zio', 'Spell Master', 'Sukukaja', 'Media', 'Hama']
['Hama', 'Media', 'Sukukaja', 'Zio', 'Revolution']
['Zio', 'High Counter', 'Mamudoon', 'Revolution', 'Media']
['Sukukaja', 'Zio', 'Brave Blade', 'Cruel Attack', 'Revolution']
['Zio', 'Mahama', 'Power Slash', 'Makarakarn', 'Victory Cry']
['Media', 'Zio', 'Me Patra', 'Dodge Ice', 'Makarakarn']
['Zio', 'Mahama', 'Mamudoon', 'High Counter', 'Cruel Attack']
['Zio', 'Me Patra', 'Mahama', 'Dodge Ice', 'Makarakarn']
['Zio', 'Me Patra', 'Mahama', 'Revolution', 'Makarakarn']
['Zio', 'Sukukaja', 'Revolution', 'Dodge Ice', 'Media']
['Zio', 'Revolution', 'Me Patra', 'Dodge Ice', 'Sukukaja']
['Zio', 'Mahama', 'Sukukaja', 'Media', 'Makarakarn']
['Zio', 'Sukukaja', 'Hama', 'Mahama', 'Media']
['Zio', 'Revolution', 'Cleave', 'Me Patra', 'Mahama']
['Sukukaja', 'Zio', 'Mamudoon', 'Media', 'Revolution']
['Mahama', 'Zio', 'Mamudoon', 'Dodge Ice', 'Me Patra']
['Zio', 'Cruel Attack', 'Dodge Ice', 'Mahama', 'Cleave']
['Zio', 'Sukukaja', 'Me Patra', 'Cleave', 'Hama']
['Zio', 'Zan-ei', 'Hama', 'Cleave', 'Mahama']
['Dodge Ice', 'Zio', 'Spell Master', 'Mamudoon', 'High Counter']
['Power Slash', 'Zio', 'Hama', 'Mahama', 'Dodge Ice']
['High Counter', 'Zio', 'Sukukaja', 'Hama', 'Cleave']
['Media', 'Zio', 'Sukukaja', 'Mahama', 'Spell Master']
['Zio', 'Dodge Ice', 'Spell Master', 'Hama', 'Me Patra']
['Zio', 'Spell Master', 'Cleave', 'Twin Shot', 'Dodge Ice']
['Zio', 'Sukukaja', 'Power Slash', 'Me Patra', 'Mamudoon']
['Sukukaja', 'Zio', 'Makarakarn', 'Me Patra', 'Revolution']
['Zan-ei', 'Zio', 'Media', 'Dodge Ice', 'Mahama']
['Zio', 'Hama', 'Me Patra', 'Megidolaon', 'Spell Master']
['Zio', 'Revolution', 'Hama', 'Sukukaja', 'Victory Cry']
['Hama', 'Zan-ei', 'Zio', 'Cleave', 'Mamudoon']
['Dodge Ice', 'Zio', 'Cruel Attack', 'Hama', 'Sukukaja']
['Zio', 'Media', 'Hama', 'Cleave', 'Sukukaja']
['Hama', 'Media', 'Zio', 'High Counter', 'Revolution']
['Mahama', 'Zio', 'Hama', 'Mamudoon', 'High Counter']
['Zio', 'Cleave', 'Hama', 'Revolution', 'Media']
['Zio', 'Sukukaja', 'Revolution', 'High Counter', 'Hama']
['Zio', 'Dodge Ice', 'Revolution', 'Sukukaja', 'Hama']
['Zio', 'Hama', 'Mahama', 'Revolution', 'Media']
['Zio', 'Media', 'Hama', 'Twin Shot', 'Sukukaja']
['Zio', 'Spell Master', 'Dodge Ice', 'Me Patra', 'Revolution']
['Me Patra', 'Zio', 'Dodge Ice', 'Spell Master', 'Sukukaja']
['Zio', 'Zan-ei', 'Me Patra', 'Dodge Ice', 'Cleave']
['Zio', 'Dodge Ice', 'Mahama', 'Twin Shot', 'Mamudoon']
['Zio', 'Revolution', 'Victory Cry', 'Hama', 'Makarakarn']
['Zio', 'Revolution', 'Power Slash', 'Mamudoon', 'Sukukaja']
['Zio', 'High Counter', 'Dodge Ice', 'Power Slash', 'Mahama']
['Revolution', 'Zio', 'Sukukaja', 'Mahama', 'Dodge Ice']
['Dodge Ice', 'Zio', 'Mahama', 'Me Patra', 'Revolution']
['Zio', 'Revolution', 'Hama', 'Makarakarn', 'High Counter']
['Hama', 'Zio', 'Victory Cry', 'Sukukaja', 'Zan-ei']
['Zio', 'Makarakarn', 'Mamudoon', 'Revolution', 'Mahama']
['Zio', 'Media', 'Mahama', 'Mamudoon', 'Megidolaon']
['Mahama', 'Zio', 'Media', 'Zan-ei', 'Dodge Ice']
['Zio', 'Me Patra', 'Mahama', 'Makarakarn', 'Zan-ei']
['Zio', 'Megidolaon', 'Hama', 'Makarakarn', 'Me Patra']
['Megidolaon', 'Zio', 'Dodge Ice', 'Cleave', 'Power Slash']
['Zio', 'Twin Shot', 'Dodge Ice', 'Mahama', 'Media']
['Zio', 'Dodge Ice', 'Media', 'Twin Shot', 'Hama']
['Zio', 'Sukukaja', 'High Counter', 'Dodge Ice', 'Mahama']
['Zio', 'Me Patra', 'Twin Shot', 'Sukukaja', 'Hama']
['Zio', 'Cruel Attack', 'Hama', 'Mahama', 'Zan-ei']
['Zio', 'Spell Master', 'Hama', 'Dodge Ice', 'Media']
['Zio', 'Mamudoon', 'Cleave', 'Media', 'Spell Master']
['Zio', 'High Counter', 'Sukukaja', 'Media', 'Makarakarn']
['Revolution', 'Zio', 'Media', 'Sukukaja', 'Me Patra']
['Zio', 'Dodge Ice', 'Media', 'Hama', 'Zan-ei']
['Zio', 'Revolution', 'Cleave', 'Brave Blade', 'Makarakarn']
['Zio', 'Sukukaja', 'Me Patra', 'Revolution', 'Mahama']
['Media', 'Revolution', 'Zio', 'Me Patra', 'Mahama']
['Me Patra', 'Zio', 'Mahama', 'Zan-ei', 'Victory Cry']
['Zio', 'Hama', 'Media', 'Mahama', 'Megidolaon']
['Zio', 'Spell Master', 'Hama', 'Twin Shot', 'Me Patra']
['Zio', 'Dodge Ice', 'High Counter', 'Media', 'Revolution']
['Zio', 'High Counter', 'Megidolaon', 'Hama', 'Sukukaja']
['Zio', 'Revolution', 'High Counter', 'Spell Master', 'Sukukaja']
['Zio', 'Revolution', 'Hama', 'Cleave', 'Media']
['Zio', 'Zan-ei', 'High Counter', 'Revolution', 'Megidolaon']
['Zio', 'Me Patra', 'Power Slash', 'Sukukaja', 'Media']
['Mamudoon', 'Zio', 'Mahama', 'Hama', 'Makarakarn']
['Zio', 'Me Patra', 'Mahama', 'High Counter', 'Hama']
['Zio', 'Mamudoon', 'Dodge Ice', 'Power Slash', 'Makarakarn']
['Sukukaja', 'Spell Master', 'Twin Shot', 'Zio', 'Makarakarn']
['Zio', 'High Counter', 'Sukukaja', 'Zan-ei', 'Hama']
['Zio', 'Mahama', 'Media', 'Makarakarn', 'Twin Shot']
['Zio', 'Mamudoon', 'High Counter', 'Hama', 'Zan-ei']
['Zio', 'Hama', 'Twin Shot', 'Power Slash', 'Me Patra']
['Revolution', 'Zio', 'Mahama', 'Mamudoon', 'Dodge Ice']
['Zio', 'Media', 'Cleave', 'Me Patra', 'Hama']
['Zio', 'Cleave', 'Sukukaja', 'Revolution', 'Victory Cry']
['Zio', 'Mahama', 'Sukukaja', 'Mamudoon', 'Dodge Ice']
['Zio', 'Sukukaja', 'Media', 'Cleave', 'Me Patra']
['Zio', 'Me Patra', 'Hama', 'Spell Master', 'Sukukaja']
['Zio', 'Mahama', 'Sukukaja', 'Cleave', 'Hama']
['Zio', 'Mamudoon', 'Hama', 'Mahama', 'Cleave']
['Zio', 'Sukukaja', 'Victory Cry', 'Me Patra', 'Power Slash']
['Zio', 'Mamudoon', 'High Counter', 'Cruel Attack', 'Hama']
['Zio', 'High Counter', 'Mamudoon', 'Hama', 'Revolution']
['Zio', 'Sukukaja', 'Brave Blade', 'Hama', 'Cleave']
['Zio', 'Dodge Ice', 'Twin Shot', 'Spell Master', 'Media']
['Zio', 'Mahama', 'Mamudoon', 'Hama', 'Revolution']
['Zio', 'Me Patra', 'Hama', 'Brave Blade', 'Revolution']
['Zio', 'Revolution', 'Media', 'Dodge Ice', 'Hama']
['Zio', 'Sukukaja', 'Twin Shot', 'Power Slash', 'Media']
['Zio', 'Me Patra', 'Media', 'Mahama', 'Revolution']
['Me Patra', 'Cleave', 'Zio', 'Media', 'Sukukaja']
['Makarakarn', 'Zio', 'Dodge Ice', 'Power Slash', 'Revolution']
['Zio', 'High Counter', 'Dodge Ice', 'Zan-ei', 'Revolution']
['Zio', 'Dodge Ice', 'Sukukaja', 'Hama', 'Mahama']
['Zio', 'Hama', 'Makarakarn', 'Cleave', 'Revolution']
['Me Patra', 'Zio', 'Mahama', 'Victory Cry', 'Makarakarn']
['Dodge Ice', 'Victory Cry', 'Zio', 'Revolution', 'Media']
['Revolution', 'Cleave', 'Mamudoon', 'Media', 'Zio']
['Zio', 'Sukukaja', 'Mahama', 'Revolution', 'Me Patra']
['Zio', 'Revolution', 'Mahama', 'Mamudoon', 'Cruel Attack']
['Zio', 'Hama', 'Sukukaja', 'Revolution', 'Makarakarn']
['Zio', 'Me Patra', 'Mamudoon', 'Sukukaja', 'Revolution']
['Zio', 'Dodge Ice', 'Media', 'Zan-ei', 'Me Patra']
['Me Patra', 'Zio', 'Mamudoon', 'Sukukaja', 'Media']
['Zio', 'Me Patra', 'Cleave', 'High Counter', 'Victory Cry']
['Cruel Attack', 'Revolution', 'Zio', 'Mamudoon', 'Sukukaja']
['Zio', 'Sukukaja', 'Media', 'Victory Cry', 'Cleave']
['Zio', 'Sukukaja', 'High Counter', 'Revolution', 'Hama']
['Zio', 'Sukukaja', 'Hama', 'Revolution', 'Dodge Ice']
['Zio', 'Sukukaja', 'Hama', 'Dodge Ice', 'Cleave']
['Power Slash', 'Mamudoon', 'Zio', 'Me Patra', 'Hama']
['Media', 'Zio', 'Revolution', 'Hama', 'Me Patra']
['Zio', 'Hama', 'Me Patra', 'Sukukaja', 'Twin Shot']
['Media', 'Zio', 'Cleave', 'Me Patra', 'Sukukaja']
['Sukukaja', 'Zio', 'Victory Cry', 'High Counter', 'Zan-ei']
['Zio', 'Sukukaja', 'Mamudoon', 'Revolution', 'Dodge Ice']
['Zio', 'Sukukaja', 'Dodge Ice', 'Revolution', 'Hama']
['Zio', 'Mamudoon', 'Sukukaja', 'Me Patra', 'Hama']
['Zio', 'Twin Shot', 'Dodge Ice', 'Mamudoon', 'Spell Master']
['Sukukaja', 'Zio', 'Makarakarn', 'Hama', 'Zan-ei']
['Hama', 'Power Slash', 'Mamudoon', 'Zio', 'Me Patra']
['Zio', 'Hama', 'Cleave', 'Twin Shot', 'Mahama']
['Zio', 'Media', 'Makarakarn', 'Revolution', 'Sukukaja']
['Zio', 'Mamudoon', 'Sukukaja', 'Victory Cry', 'Hama']
['Media', 'Revolution', 'Zio', 'Spell Master', 'Dodge Ice']
['Zio', 'Sukukaja', 'Dodge Ice', 'Revolution', 'Twin Shot']
['Zio', 'Hama', 'Sukukaja', 'Mamudoon', 'Mahama']
['Hama', 'Makarakarn', 'Zio', 'Sukukaja', 'Me Patra']
['Zio', 'Spell Master', 'Media', 'Revolution', 'Cruel Attack']
['Zio', 'Dodge Ice', 'Revolution', 'Cruel Attack', 'High Counter']
['Zio', 'Mahama', 'High Counter', 'Hama', 'Power Slash']
['Mamudoon', 'Zio', 'Dodge Ice', 'Me Patra', 'Makarakarn']
['Zio', 'Dodge Ice', 'Spell Master', 'Cruel Attack', 'Hama']
['Zio', 'Mahama', 'Sukukaja', 'Power Slash', 'Hama']
['Me Patra', 'Sukukaja', 'High Counter', 'Zio', 'Mahama']
['Zio', 'High Counter', 'Revolution', 'Me Patra', 'Media']
['Zio', 'Power Slash', 'Hama', 'Me Patra', 'Sukukaja']
['Zio', 'Media', 'Me Patra', 'Revolution', 'Dodge Ice']
['Zio', 'Hama', 'Media', 'High Counter', 'Me Patra']
['Zio', 'Spell Master', 'Zan-ei', 'Mahama', 'Hama']
['Zio', 'Revolution', 'Media', 'Mamudoon', 'Me Patra']
['Zio', 'Me Patra', 'Dodge Ice', 'Revolution', 'Mamudoon']
['Zio', 'Mamudoon', 'Hama', 'Media', 'Mahama']
['Zio', 'Sukukaja', 'Media', 'Hama', 'Power Slash']
['Mamudoon', 'Zio', 'Sukukaja', 'Revolution', 'Media']
['Zio', 'High Counter', 'Revolution', 'Media', 'Cleave']
['Zio', 'Makarakarn', 'Cleave', 'Sukukaja', 'Revolution']
['Zio', 'Dodge Ice', 'Revolution', 'Power Slash', 'Spell Master']
['Zio', 'High Counter', 'Sukukaja', 'Hama', 'Me Patra']
['Mahama', 'Zio', 'Hama', 'High Counter', 'Media']
['Me Patra', 'Zio', 'Revolution', 'Mahama', 'Makarakarn']
['Zio', 'High Counter', 'Dodge Ice', 'Media', 'Megidolaon']
['Zio', 'Dodge Ice', 'Hama', 'Mahama', 'Cleave']
['Me Patra', 'Zio', 'Mamudoon', 'Media', 'Revolution']
['Zio', 'Sukukaja', 'Victory Cry', 'Revolution', 'High Counter']
['Zio', 'Sukukaja', 'Dodge Ice', 'Media', 'Hama']
['Zio', 'Cleave', 'Sukukaja', 'Twin Shot', 'Victory Cry']
['Zio', 'Hama', 'Mahama', 'Media', 'Me Patra']
['Revolution', 'Zio', 'Dodge Ice', 'Brave Blade', 'Megidolaon']
['Zio', 'Sukukaja', 'Me Patra', 'Hama', 'Media']
['Victory Cry', 'Zio', 'Me Patra', 'Media', 'Hama']
['Zio', 'Hama', 'Twin Shot', 'Media', 'Cleave']
['Zio', 'Hama', 'Sukukaja', 'Me Patra', 'Dodge Ice']
['Sukukaja', 'Zio', 'Dodge Ice', 'Me Patra', 'Cruel Attack']
['Mamudoon', 'Zio', 'High Counter', 'Sukukaja', 'Me Patra']
['Sukukaja', 'Twin Shot', 'Dodge Ice', 'Zio', 'Me Patra']
['Zio', 'High Counter', 'Cleave', 'Victory Cry', 'Revolution']
['Sukukaja', 'Media', 'Me Patra', 'Mahama', 'Twin Shot']
['Zio', 'Me Patra', 'Sukukaja', 'Media', 'Hama']
['Mahama', 'Sukukaja', 'Zio', 'Revolution', 'Dodge Ice']
['Zio', 'Sukukaja', 'High Counter', 'Revolution', 'Hama']
['Zio', 'Media', 'Mahama', 'High Counter', 'Revolution']
['Zio', 'Revolution', 'High Counter', 'Media', 'Mahama']
['Zio', 'Twin Shot', 'Sukukaja', 'Makarakarn', 'Hama']
['Zio', 'Sukukaja', 'Dodge Ice', 'Hama', 'Power Slash']
['Revolution', 'Makarakarn', 'Zio', 'Hama', 'High Counter']
['Zio', 'Sukukaja', 'Power Slash', 'Media', 'Revolution']
['Zio', 'Sukukaja', 'Revolution', 'Megidolaon', 'Hama']
['Victory Cry', 'Zio', 'Me Patra', 'Revolution', 'Cruel Attack']
['Zio', 'Spell Master', 'Hama', 'Mahama', 'Cruel Attack']
['Zio', 'Hama', 'Media', 'Makarakarn', 'Dodge Ice']
['Zio', 'Revolution', 'Hama', 'Me Patra', 'Dodge Ice']
['Zio', 'Me Patra', 'Victory Cry', 'Dodge Ice', 'Sukukaja']
['Me Patra', 'Zio', 'Dodge Ice', 'Twin Shot', 'Mahama']
['Zio', 'Sukukaja', 'Cruel Attack', 'Revolution', 'Media']
['Zio', 'Media', 'Me Patra', 'Hama', 'Revolution']
['High Counter', 'Zio', 'Dodge Ice', 'Hama', 'Sukukaja']
['Hama', 'Zio', 'Megidolaon', 'Me Patra', 'Revolution']
['Zio', 'Dodge Ice', 'Cleave', 'Makarakarn', 'Mamudoon']
['Zio', 'Me Patra', 'Sukukaja', 'Media', 'Mahama']
['Zio', 'Sukukaja', 'Mahama', 'Cleave', 'Hama']
['Sukukaja', 'Zio', 'Hama', 'Mamudoon', 'Cleave']
['Zio', 'Sukukaja', 'Media', 'Victory Cry', 'Revolution']
['Zan-ei', 'Zio', 'Hama', 'Dodge Ice', 'Me Patra']
['Zio', 'Zan-ei', 'Hama', 'Revolution', 'High Counter']
['Zio', 'Revolution', 'Cleave', 'Media', 'Sukukaja']
['Zio', 'Sukukaja', 'Mamudoon', 'Hama', 'Me Patra']
['Zio', 'Hama', 'Zan-ei', 'Me Patra', 'Media']
['Zio', 'Makarakarn', 'Dodge Ice', 'Hama', 'Mahama']
['Zio', 'Cruel Attack', 'High Counter', 'Me Patra', 'Hama']
['Zio', 'Twin Shot', 'Hama', 'Sukukaja', 'Cleave']
['Zio', 'High Counter', 'Sukukaja', 'Zan-ei', 'Hama']
['Zio', 'Spell Master', 'Dodge Ice', 'Zan-ei', 'Victory Cry']
['Mahama', 'Zio', 'Sukukaja', 'Media', 'Mamudoon']
['Zio', 'Media', 'Revolution', 'Dodge Ice', 'Sukukaja']
['Zio', 'Makarakarn', 'Media', 'Sukukaja', 'Hama']
['Me Patra', 'Revolution', 'Zio', 'Cleave', 'Twin Shot']
['Zio', 'Me Patra', 'Victory Cry', 'Spell Master', 'Revolution']
['Zio', 'Dodge Ice', 'Hama', 'Power Slash', 'Twin Shot']
['Zio', 'Sukukaja', 'Media', 'Power Slash', 'Revolution']
['Hama', 'Zio', 'Media', 'Cleave', 'Power Slash']
['Zio', 'Sukukaja', 'Revolution', 'Me Patra', 'Cruel Attack']
['Zio', 'Cleave', 'Me Patra', 'Sukukaja', 'Revolution']
['Zio', 'High Counter', 'Dodge Ice', 'Me Patra', 'Media']
['Zio', 'Media', 'Zan-ei', 'Cruel Attack', 'Sukukaja']
['Zio', 'Hama', 'Sukukaja', 'Mamudoon', 'Victory Cry']
['Mahama', 'Zio', 'Sukukaja', 'Hama', 'Mamudoon']
['Sukukaja', 'Dodge Ice', 'Zio', 'Victory Cry', 'Mamudoon']
['Zio', 'Sukukaja', 'Cleave', 'Spell Master', 'Mahama']
['Mahama', 'Sukukaja', 'Zio', 'Dodge Ice', 'Hama']
['Zio', 'Me Patra', 'Revolution', 'Sukukaja', 'Media']
['Zio', 'Mahama', 'Makarakarn', 'Sukukaja', 'Me Patra']
['Zio', 'Cleave', 'Revolution', 'Mahama', 'Victory Cry']
['Zio', 'Sukukaja', 'Media', 'Dodge Ice', 'Mahama']
['Media', 'Zio', 'Cleave', 'Hama', 'Mahama']
['Zio', 'Hama', 'Mamudoon', 'High Counter', 'Sukukaja']
['Sukukaja', 'Zio', 'Mamudoon', 'Me Patra', 'Mahama']
['Zio', 'Zan-ei', 'Revolution', 'Hama', 'Cleave']
['Hama', 'Zio', 'Makarakarn', 'Cruel Attack', 'Media']
['Zio', 'Victory Cry', 'Sukukaja', 'Power Slash', 'Mahama']
['Zio', 'Me Patra', 'Dodge Ice', 'Hama', 'Makarakarn']
['Cleave', 'Zio', 'Victory Cry', 'Dodge Ice', 'Sukukaja']
['Zio', 'Me Patra', 'Hama', 'High Counter', 'Sukukaja']
['Zio', 'Makarakarn', 'Revolution', 'Dodge Ice', 'Megidolaon']
['Zio', 'Hama', 'Me Patra', 'Revolution', 'Zan-ei']
['Mahama', 'Mamudoon', 'Zio', 'Hama', 'Dodge Ice']
['Revolution', 'Zio', 'Sukukaja', 'Me Patra', 'Power Slash']
['Zio', 'Hama', 'Media', 'Mahama', 'Mamudoon']
['Me Patra', 'Mamudoon', 'Zio', 'Twin Shot', 'Victory Cry']
['Zio', 'Me Patra', 'Dodge Ice', 'Zan-ei', 'Mahama']
['Zio', 'Power Slash', 'Me Patra', 'Sukukaja', 'Twin Shot']
['Zio', 'Makarakarn', 'Sukukaja', 'Mahama', 'Hama']
['Cruel Attack', 'Media', 'Zio', 'Hama', 'Sukukaja']
['Zio', 'Me Patra', 'High Counter', 'Zan-ei', 'Sukukaja']
['Zio', 'Dodge Ice', 'Me Patra', 'Sukukaja', 'High Counter']
['Zio', 'Media', 'Cleave', 'High Counter', 'Mahama']
['Hama', 'Zio', 'Mahama', 'Mamudoon', 'Revolution']
['Zio', 'Revolution', 'Me Patra', 'Hama', 'Sukukaja']
['Hama', 'Zio', 'Dodge Ice', 'Sukukaja', 'Media']
['Zio', 'Megidolaon', 'Sukukaja', 'Mahama', 'Media']
['Zio', 'Hama', 'Media', 'Sukukaja', 'Makarakarn']
['Zio', 'High Counter', 'Sukukaja', 'Hama', 'Spell Master']
['Sukukaja', 'Zio', 'Power Slash', 'Revolution', 'Dodge Ice']
['Zio', 'Hama', 'Mahama', 'Revolution', 'Cleave']
['Zio', 'Revolution', 'Sukukaja', 'Dodge Ice', 'Zan-ei']
['Zio', 'Me Patra', 'Twin Shot', 'Revolution', 'Media']
['Cleave', 'Zio', 'Victory Cry', 'Sukukaja', 'Makarakarn']
['Zio', 'Mahama', 'Hama', 'Mamudoon', 'Zan-ei']
['Dodge Ice', 'Zio', 'Sukukaja', 'Hama', 'Mahama']
['Zio', 'Zan-ei', 'Hama', 'High Counter', 'Brave Blade']
['Zio', 'Media', 'Mahama', 'Dodge Ice', 'Revolution']
['Cleave', 'Zio', 'Victory Cry', 'Cruel Attack', 'Dodge Ice']
['Sukukaja', 'Zio', 'Cleave', 'Me Patra', 'Hama']
['Revolution', 'Zio', 'Sukukaja', 'Dodge Ice', 'Hama']
['Media', 'Zio', 'Revolution', 'Hama', 'Sukukaja']
['Mahama', 'Zio', 'Dodge Ice', 'Sukukaja', 'Zan-ei']
['Revolution', 'Zio', 'Power Slash', 'Media', 'Mahama']
['Sukukaja', 'Zio', 'Dodge Ice', 'Revolution', 'Victory Cry']
['Me Patra', 'Zio', 'Revolution', 'Mahama', 'Victory Cry']
['Me Patra', 'Zio', 'Victory Cry', 'Cleave', 'Mahama']
['Sukukaja', 'Mahama', 'Zio', 'High Counter', 'Revolution']
['Zio', 'Hama', 'Dodge Ice', 'Revolution', 'Zan-ei']
['Zio', 'Revolution', 'Dodge Ice', 'Media', 'High Counter']
['Zio', 'Mahama', 'Hama', 'Dodge Ice', 'Victory Cry']
['Zio', 'Revolution', 'Mamudoon', 'Cleave', 'Mahama']
['Zio', 'Hama', 'Sukukaja', 'Media', 'Spell Master']
['Zio', 'Media', 'Hama', 'Cleave', 'Sukukaja']
['Zio', 'Mamudoon', 'Media', 'Cleave', 'Hama']
['Dodge Ice', 'Cleave', 'Zio', 'Hama', 'Sukukaja']
['Media', 'Zio', 'Me Patra', 'Twin Shot', 'Hama']
['Makarakarn', 'Zan-ei', 'Zio', 'High Counter', 'Hama']
['Zio', 'Hama', 'Dodge Ice', 'Cleave', 'Media']
['Sukukaja', 'Twin Shot', 'Revolution', 'Zio', 'Hama']
['Mamudoon', 'Zio', 'Twin Shot', 'Dodge Ice', 'High Counter']
['Zio', 'Sukukaja', 'Media', 'Twin Shot', 'Mamudoon']
['Zio', 'Hama', 'Revolution', 'Spell Master', 'Media']
['Zio', 'High Counter', 'Mamudoon', 'Sukukaja', 'Power Slash']
['Zio', 'Me Patra', 'Media', 'Hama', 'Revolution']
['Sukukaja', 'Hama', 'Zio', 'High Counter', 'Cruel Attack']
['Zio', 'Revolution', 'Sukukaja', 'Mamudoon', 'High Counter']
['Zio', 'Cleave', 'Sukukaja', 'Mahama', 'Hama']
['Zio', 'Sukukaja', 'Victory Cry', 'Media', 'Me Patra']
['Cruel Attack', 'Zio', 'Mahama', 'High Counter', 'Hama']
['Cruel Attack', 'Zio', 'Me Patra', 'Hama', 'Twin Shot']
['Me Patra', 'Sukukaja', 'Zio', 'Twin Shot', 'Mamudoon']
['Zio', 'Hama', 'Media', 'Makarakarn', 'Mamudoon']
['Zio', 'Sukukaja', 'Makarakarn', 'Mamudoon', 'Twin Shot']
['Zio', 'Dodge Ice', 'Revolution', 'Spell Master', 'Mahama']
['Zio', 'Sukukaja', 'Hama', 'Dodge Ice', 'Mamudoon']
['Zio', 'High Counter', 'Hama', 'Me Patra', 'Sukukaja']
['Dodge Ice', 'Zio', 'Makarakarn', 'Sukukaja', 'Revolution']
['Sukukaja', 'Zio', 'Cruel Attack', 'Me Patra', 'Revolution']
['Zio', 'Mahama', 'Revolution', 'Me Patra', 'Dodge Ice']
['Zio', 'Hama', 'Media', 'Mamudoon', 'Revolution']
['Zio', 'Dodge Ice', 'Media', 'High Counter', 'Mahama']
['Zio', 'Media', 'Sukukaja', 'Power Slash', 'Hama']
['Hama', 'Zio', 'Revolution', 'Me Patra', 'Sukukaja']
['Zio', 'Hama', 'Sukukaja', 'Spell Master', 'Media']
['Zio', 'Sukukaja', 'Media', 'Mahama', 'Hama']
['Zio', 'High Counter', 'Makarakarn', 'Hama', 'Mamudoon']
['Zio', 'Makarakarn', 'Dodge Ice', 'Hama', 'Twin Shot']
['Zio', 'Sukukaja', 'High Counter', 'Mamudoon', 'Revolution']
['Zio', 'High Counter', 'Sukukaja', 'Revolution', 'Mamudoon']
['Zio', 'Revolution', 'Mahama', 'Power Slash', 'Cleave']
['Zio', 'Media', 'Mahama', 'Sukukaja', 'Hama']
['Zio', 'Sukukaja', 'Cruel Attack', 'Me Patra', 'Hama']
['Zio', 'Sukukaja', 'Me Patra', 'Dodge Ice', 'Twin Shot']
['Media', 'Zio', 'Power Slash', 'Mahama', 'Sukukaja']
['Makarakarn', 'Zio', 'Me Patra', 'Zan-ei', 'Hama']
['Zio', 'Sukukaja', 'Brave Blade', 'Twin Shot', 'Mamudoon']
['Zio', 'Mamudoon', 'Sukukaja', 'Hama', 'Dodge Ice']
['Zio', 'Sukukaja', 'Hama', 'Dodge Ice', 'Mahama']
['Zio', 'Sukukaja', 'Dodge Ice', 'Me Patra', 'Media']
['Zio', 'Sukukaja', 'Media', 'Me Patra', 'Revolution']
['Zio', 'Revolution', 'High Counter', 'Me Patra', 'Media']
['Hama', 'Zio', 'Brave Blade', 'Sukukaja', 'High Counter']
['Zio', 'Mahama', 'Sukukaja', 'High Counter', 'Hama']
['Makarakarn', 'Power Slash', 'Sukukaja', 'Zio', 'Mahama']
['Dodge Ice', 'Zan-ei', 'Sukukaja', 'Zio', 'Revolution']
['Zio', 'Hama', 'High Counter', 'Sukukaja', 'Me Patra']
['Zio', 'Me Patra', 'Sukukaja', 'Cruel Attack', 'Twin Shot']
['Revolution', 'High Counter', 'Dodge Ice', 'Makarakarn', 'Zio']
['Zio', 'Mahama', 'Revolution', 'Hama', 'Sukukaja']
['Zio', 'Mahama', 'Hama', 'Mamudoon', 'High Counter']
['Zio', 'Hama', 'Cleave', 'Mahama', 'Spell Master']
['Zio', 'Mahama', 'Me Patra', 'Makarakarn', 'Hama']
['Zio', 'Twin Shot', 'Power Slash', 'Sukukaja', 'Revolution']
['Zio', 'Sukukaja', 'Mahama', 'Victory Cry', 'Me Patra']
['Zio', 'Cleave', 'Mamudoon', 'Dodge Ice', 'Media']
['Zio', 'Media', 'Power Slash', 'Hama', 'Mahama']
['Me Patra', 'Zio', 'Cleave', 'Hama', 'Sukukaja']
['Zio', 'Cruel Attack', 'Revolution', 'Dodge Ice', 'Hama']
['Zio', 'Revolution', 'Dodge Ice', 'High Counter', 'Media']
['Zio', 'Cleave', 'Media', 'Mahama', 'Mamudoon']
['Zio', 'Cruel Attack', 'Revolution', 'Mahama', 'Sukukaja']
['Me Patra', 'Zio', 'Mahama', 'Power Slash', 'Dodge Ice']
['Sukukaja', 'Zio', 'Hama', 'Cleave', 'Me Patra']
['Media', 'Zio', 'Sukukaja', 'Dodge Ice', 'Mahama']
['Mahama', 'Me Patra', 'Zio', 'High Counter', 'Mamudoon']
['Zio', 'High Counter', 'Dodge Ice', 'Sukukaja', 'Power Slash']
['Zio', 'Mamudoon', 'Sukukaja', 'High Counter', 'Brave Blade']
['Makarakarn', 'Zio', 'Media', 'High Counter', 'Sukukaja']
['Zio', 'Hama', 'Sukukaja', 'Mamudoon', 'Power Slash']
['Zio', 'Sukukaja', 'Makarakarn', 'Twin Shot', 'Mamudoon']
['Zio', 'Revolution', 'Hama', 'Me Patra', 'Mahama']
['Power Slash', 'Dodge Ice', 'Zio', 'Mamudoon', 'Mahama']
['Zio', 'Cleave', 'Revolution', 'Sukukaja', 'Me Patra']
['Media', 'Zio', 'Dodge Ice', 'Mahama', 'Sukukaja']
['Zio', 'High Counter', 'Dodge Ice', 'Me Patra', 'Cleave']
['Zio', 'Me Patra', 'Mamudoon', 'High Counter', 'Revolution']
['Me Patra', 'Zio', 'Media', 'Spell Master', 'Cleave']
['Spell Master', 'Power Slash', 'Zio', 'Media', 'Revolution']
['Spell Master', 'Zio', 'High Counter', 'Me Patra', 'Mahama']
['Zio', 'Megidolaon', 'Hama', 'Dodge Ice', 'Cruel Attack']
['Zio', 'Mahama', 'Makarakarn', 'Hama', 'Media']
['Zio', 'Me Patra', 'Cruel Attack', 'Mahama', 'Media']
['Zio', 'Hama', 'High Counter', 'Cruel Attack', 'Media']
['Power Slash', 'Dodge Ice', 'Zio', 'Revolution', 'Mahama']
['Victory Cry', 'Zio', 'Sukukaja', 'Makarakarn', 'Cleave']
['Cleave', 'Zio', 'High Counter', 'Makarakarn', 'Sukukaja']
['Zio', 'Media', 'Revolution', 'Sukukaja', 'Dodge Ice']
['Me Patra', 'Hama', 'Revolution', 'Zio', 'Mamudoon']
['Zio', 'Dodge Ice', 'Mamudoon', 'Makarakarn', 'Revolution']
['Zio', 'Dodge Ice', 'Mahama', 'Media', 'Makarakarn']
['Media', 'Zio', 'Sukukaja', 'Hama', 'Revolution']
['Zio', 'Dodge Ice', 'Me Patra', 'Power Slash', 'Cleave']
['Zio', 'Cleave', 'Me Patra', 'Brave Blade', 'Spell Master']
['Zio', 'Mahama', 'Cleave', 'High Counter', 'Me Patra']
['Zio', 'Zan-ei', 'Hama', 'Media', 'Me Patra']
['Zio', 'Sukukaja', 'Twin Shot', 'Revolution', 'Mahama']
['Sukukaja', 'Zio', 'Media', 'Hama', 'Dodge Ice']
['High Counter', 'Zio', 'Me Patra', 'Makarakarn', 'Sukukaja']
['Zio', 'Power Slash', 'Sukukaja', 'Mamudoon', 'Makarakarn']
['Zio', 'Dodge Ice', 'Hama', 'Me Patra', 'Sukukaja']
['Zio', 'Me Patra', 'Mahama', 'Sukukaja', 'Twin Shot']
['Zio', 'Brave Blade', 'Mahama', 'Cleave', 'Hama']
['Zio', 'Hama', 'Mahama', 'Sukukaja', 'Media']
['Zio', 'Hama', 'Dodge Ice', 'Makarakarn', 'Me Patra']
['Zio', 'Mamudoon', 'Sukukaja', 'Mahama', 'Dodge Ice']
['Zio', 'Media', 'Mahama', 'Sukukaja', 'Hama']
['Zio', 'Hama', 'Mahama', 'Dodge Ice', 'Sukukaja']
['Zio', 'Twin Shot', 'Dodge Ice', 'Mahama', 'Mamudoon']
['Zio', 'Sukukaja', 'Revolution', 'Mahama', 'Media']
['Hama', 'Zio', 'High Counter', 'Mahama', 'Makarakarn']
['Spell Master', 'Sukukaja', 'Zio', 'Revolution', 'Makarakarn']
['Zio', 'Victory Cry', 'Media', 'Me Patra', 'Sukukaja']
['Zio', 'Hama', 'Revolution', 'Twin Shot', 'Mahama']
['Me Patra', 'Zio', 'Revolution', 'Cruel Attack', 'Spell Master']
['Zio', 'Sukukaja', 'Makarakarn', 'Mamudoon', 'Hama']
['Zio', 'Sukukaja', 'Dodge Ice', 'Hama', 'Mahama']
['Zio', 'Zan-ei', 'Mahama', 'Dodge Ice', 'Mamudoon']
['Mamudoon', 'Zio', 'Mahama', 'Dodge Ice', 'Sukukaja']
['Zio', 'Sukukaja', 'Hama', 'Me Patra', 'Mahama']
['Zio', 'Hama', 'Me Patra', 'Revolution', 'Cleave']
['Zio', 'Cleave', 'Me Patra', 'Spell Master', 'Revolution']
['Zio', 'Sukukaja', 'Cleave', 'Hama', 'Spell Master']
['Zio', 'Dodge Ice', 'Sukukaja', 'Hama', 'Power Slash']
['Zio', 'Spell Master', 'Makarakarn', 'Sukukaja', 'Mahama']
['Mamudoon', 'Cruel Attack', 'Zio', 'Sukukaja', 'Revolution']
['Zio', 'Dodge Ice', 'Makarakarn', 'Hama', 'Sukukaja']
['Zio', 'Mamudoon', 'Makarakarn', 'Sukukaja', 'Cleave']
['Sukukaja', 'Zio', 'Hama', 'Power Slash', 'Media']
['Zio', 'Sukukaja', 'Media', 'Revolution', 'Spell Master']
['Zio', 'Dodge Ice', 'Power Slash', 'Hama', 'Me Patra']
['Mamudoon', 'Zio', 'Hama', 'Spell Master', 'Victory Cry']
['Sukukaja', 'Zio', 'Revolution', 'High Counter', 'Brave Blade']
['Zio', 'Mahama', 'Dodge Ice', 'Revolution', 'Spell Master']
['Zio', 'Hama', 'Cleave', 'Media', 'Me Patra']
['Zio', 'Revolution', 'High Counter', 'Sukukaja', 'Mahama']
['Zio', 'Dodge Ice', 'High Counter', 'Power Slash', 'Me Patra']
['Zio', 'Dodge Ice', 'Sukukaja', 'Mamudoon', 'Spell Master']
['Sukukaja', 'Zio', 'Media', 'Revolution', 'Dodge Ice']
['Zio', 'Sukukaja', 'Media', 'Mahama', 'Hama']
['Media', 'Zio', 'Mamudoon', 'Power Slash', 'Sukukaja']
['Sukukaja', 'Cleave', 'Zio', 'Hama', 'Me Patra']
['Zio', 'Sukukaja', 'Hama', 'Cleave', 'Cruel Attack']
['Zio', 'Revolution', 'Hama', 'Makarakarn', 'Dodge Ice']
['Hama', 'Sukukaja', 'Zio', 'Dodge Ice', 'Me Patra']
['Zio', 'Twin Shot', 'Power Slash', 'Hama', 'Sukukaja']
['Revolution', 'Zio', 'Dodge Ice', 'Media', 'High Counter']
['Zio', 'Sukukaja', 'Revolution', 'Me Patra', 'Makarakarn']
['Spell Master', 'Zio', 'Makarakarn', 'Media', 'Hama']
['Hama', 'Zio', 'Mahama', 'Cleave', 'Media']
['Zio', 'Mahama', 'Cleave', 'Media', 'Dodge Ice']
['Zio', 'Media', 'Mamudoon', 'Sukukaja', 'Revolution']
['Media', 'Zio', 'High Counter', 'Me Patra', 'Victory Cry']
['Zio', 'Revolution', 'Dodge Ice', 'Spell Master', 'Sukukaja']
['Mahama', 'Zio', 'Dodge Ice', 'Hama', 'Revolution']
['Zio', 'Zan-ei', 'Sukukaja', 'Media', 'Mahama']
['Zio', 'Sukukaja', 'Revolution', 'Media', 'Makarakarn']
['Zio', 'Sukukaja', 'Mahama', 'Hama', 'Dodge Ice']
['Zio', 'Sukukaja', 'Mamudoon', 'Revolution', 'Mahama']
['Zio', 'Revolution', 'Mamudoon', 'Hama', 'High Counter']
['Victory Cry', 'Me Patra', 'Zio', 'Sukukaja', 'Spell Master']
['Sukukaja', 'Zio', 'Hama', 'Mahama', 'Power Slash']
['Sukukaja', 'Zio', 'High Counter', 'Revolution', 'Makarakarn']
['Zio', 'Sukukaja', 'Media', 'Me Patra', 'High Counter']
['Zio', 'Hama', 'Twin Shot', 'Makarakarn', 'Mahama']
['Zio', 'Cleave', 'Dodge Ice', 'High Counter', 'Me Patra']
['Zio', 'Cleave', 'Sukukaja', 'Me Patra', 'Media']
['Zio', 'Makarakarn', 'Hama', 'Spell Master', 'High Counter']
['Zio', 'Mamudoon', 'Victory Cry', 'High Counter', 'Media']
['Zio', 'Mamudoon', 'Sukukaja', 'Revolution', 'Dodge Ice']
['Zio', 'Dodge Ice', 'Twin Shot', 'Revolution', 'Hama']
['Zio', 'Power Slash', 'Me Patra', 'High Counter', 'Victory Cry']
['Cruel Attack', 'Zio', 'Sukukaja', 'Media', 'Victory Cry']
['Zan-ei', 'Zio', 'Hama', 'Sukukaja', 'Spell Master']
['Mamudoon', 'Sukukaja', 'Zio', 'Mahama', 'Dodge Ice']
['Revolution', 'Zio', 'Spell Master', 'Zan-ei', 'Makarakarn']
['Zio', 'High Counter', 'Sukukaja', 'Media', 'Revolution']
['Zio', 'Cleave', 'Me Patra', 'Dodge Ice', 'Sukukaja']
['Zio', 'Hama', 'Mahama', 'Me Patra', 'Twin Shot']
['Zio', 'Dodge Ice', 'High Counter', 'Sukukaja', 'Me Patra']
['Media', 'Zio', 'Spell Master', 'Sukukaja', 'Twin Shot']
['Cleave', 'Zio', 'Victory Cry', 'Sukukaja', 'Revolution']
['Cruel Attack', 'Zio', 'Revolution', 'Dodge Ice', 'Cleave']
['Zio', 'Makarakarn', 'Brave Blade', 'Spell Master', 'Me Patra']
['Zio', 'Revolution', 'Mamudoon', 'Media', 'Hama']
['Dodge Ice', 'Power Slash', 'Zio', 'Me Patra', 'Revolution']
['Zio', 'Mahama', 'Dodge Ice', 'Sukukaja', 'Hama']
['Zio', 'Mahama', 'Hama', 'Sukukaja', 'Victory Cry']
['Zio', 'Mamudoon', 'Media', 'Sukukaja', 'Revolution']
['Hama', 'Zio', 'Dodge Ice', 'Mamudoon', 'Me Patra']
['Hama', 'Zio', 'Dodge Ice', 'Cleave', 'Zan-ei']
['Zio', 'Hama', 'Dodge Ice', 'Makarakarn', 'High Counter']
['Sukukaja', 'Mahama', 'Hama', 'Me Patra', 'Zio']
['Zio', 'Mahama', 'Brave Blade', 'Cruel Attack', 'Mamudoon']
['Zio', 'Revolution', 'Me Patra', 'Hama', 'Sukukaja']
['Zio', 'Media', 'Hama', 'Mamudoon', 'Sukukaja']
['Revolution', 'Zio', 'Power Slash', 'Sukukaja', 'Media']
['Zio', 'Revolution', 'Hama', 'Victory Cry', 'Media']
['Zio', 'Twin Shot', 'Revolution', 'Sukukaja', 'Makarakarn']
['Me Patra', 'Media', 'Zio', 'Cruel Attack', 'Sukukaja']
['Zio', 'Spell Master', 'High Counter', 'Mahama', 'Dodge Ice']
['Zio', 'Hama', 'Mahama', 'Sukukaja', 'Cleave']
['Zio', 'Dodge Ice', 'Sukukaja', 'High Counter', 'Mahama']
['Hama', 'Revolution', 'Zio', 'Power Slash', 'Sukukaja']
['Zio', 'Hama', 'Cleave', 'High Counter', 'Sukukaja']
['Zio', 'Mahama', 'Hama', 'Sukukaja', 'Twin Shot']
['Cleave', 'Zio', 'Sukukaja', 'Media', 'Hama']
['Zio', 'Hama', 'Media', 'Me Patra', 'Mahama']
['Sukukaja', 'Zio', 'Power Slash', 'Me Patra', 'Revolution']
['Zio', 'Media', 'Cleave', 'Zan-ei', 'Mahama']
['Cleave', 'Zio', 'Sukukaja', 'Me Patra', 'Zan-ei']
['Zio', 'Revolution', 'Dodge Ice', 'Media', 'Mahama']
['Zio', 'Sukukaja', 'Mamudoon', 'Media', 'Me Patra']
['Zio', 'Zan-ei', 'Me Patra', 'Dodge Ice', 'Hama']
['Zio', 'Revolution', 'Makarakarn', 'Sukukaja', 'Hama']
['Zio', 'Victory Cry', 'Mahama', 'Media', 'Dodge Ice']
['Zio', 'High Counter', 'Victory Cry', 'Hama', 'Revolution']
['Media', 'Zio', 'Cleave', 'Mamudoon', 'Makarakarn']
['Zio', 'Me Patra', 'Power Slash', 'Mamudoon', 'Hama']
['Zan-ei', 'Zio', 'Mahama', 'Hama', 'Media']
['Zio', 'Dodge Ice', 'Mahama', 'Spell Master', 'Revolution']
['Zio', 'Mahama', 'Media', 'Sukukaja', 'Revolution']
['Zio', 'Dodge Ice', 'Mahama', 'Media', 'Me Patra']
['Zio', 'Cleave', 'Revolution', 'Sukukaja', 'Hama']
['Zio', 'Dodge Ice', 'High Counter', 'Media', 'Me Patra']
['Zio', 'Dodge Ice', 'Cleave', 'Zan-ei', 'Sukukaja']
['Me Patra', 'Zio', 'Cleave', 'Media', 'Makarakarn']
['Zio', 'Me Patra', 'Media', 'Sukukaja', 'High Counter']
['Zio', 'Sukukaja', 'Media', 'Me Patra', 'High Counter']
['Revolution', 'Zio', 'Hama', 'Dodge Ice', 'Sukukaja']
['Zio', 'Makarakarn', 'Mamudoon', 'High Counter', 'Victory Cry']
