['Trafuri', 'Mazionga', 'Sharp Student', 'Wind Boost']
['Tarukaja', 'Me Patra', 'Mazionga', 'Trafuri']
['Torrent Shot', 'Mazionga', 'Sharp Student', 'Wind Amp']
['Sharp Student', 'Tarukaja', 'Mazionga', 'Null Distress']
['Wind Boost', 'Matarukaja', 'Tarukaja', 'Rakukaja']
['Tarukaja', 'Mazionga', 'Matarukaja', 'Auto-Tarukaja']
['Trafuri', 'Power Charge', 'Mazionga', 'Wind Break']
['Mazionga', 'Sharp Student', 'Rakukaja', 'Me Patra']
['Mazionga', 'Wind Break', 'Wind Boost', 'Power Charge']
['Mazionga', 'Rakukaja', 'Auto-Tarukaja', 'Wind Boost']
['Mazionga', 'Tarukaja', 'Wind Amp', 'Auto-Tarukaja']
['Me Patra', 'Mazionga', 'Matarukaja', 'Tarukaja']
['Mazionga', 'Me Patra', 'Rakukaja', 'Torrent Shot']
['Wind Amp', 'Mazionga', 'Wind Break', 'Recarmdra']
['Recarmdra', 'Mazionga', 'Me Patra', 'Wind Boost']
['Sharp Student', 'Mazionga', 'Tarukaja', 'Wind Boost']
['Mazionga', 'Auto-Tarukaja', 'Power Charge', 'Rakukaja']
['Wind Boost', 'Sharp Student', 'Mazionga', 'Wind Break']
['Matarukaja', 'Herculean Strike', 'Rakukaja', 'Torrent Shot']
['Mazionga', 'Rakukaja', 'Recarmdra', 'Sharp Student']
['Auto-Tarukaja', 'Wind Break', 'Rakukaja', 'Mazionga']
['Mazionga', 'Wind Break', 'Sharp Student', 'Auto-Tarukaja']
['Mazionga', 'Sharp Student', 'Rakukaja', 'Herculean Strike']
['Null Distress', 'Mazionga', 'Rakukaja', 'Trafuri']
['Power Charge', 'Null Distress', 'Mazionga', 'Sharp Student']
['Rakukaja', 'Mazionga', 'Wind Break', 'Null Distress']
['Wind Break', 'Matarukaja', 'Sharp Student', 'Tarukaja']
['Mazionga', 'Auto-Tarukaja', 'Wind Amp', 'Torrent Shot']
['Rakukaja', 'Auto-Tarukaja', 'Mazionga', 'Tarukaja']
['Mazionga', 'Wind Break', 'Power Charge', 'Me Patra']
['Mazionga', 'Me Patra', 'Recarmdra', 'Wind Boost']
['Rakukaja', 'Auto-Tarukaja', 'Torrent Shot', 'Mazionga']
['Mazionga', 'Null Distress', 'Tarukaja', 'Power Charge']
['Herculean Strike', 'Mazionga', 'Tarukaja', 'Recarmdra']
['Null Distress', 'Mazionga', 'Tarukaja', 'Auto-Tarukaja']
['Me Patra', 'Rakukaja', 'Wind Boost', 'Sharp Student']
['Wind Boost', 'Auto-Tarukaja', 'Tarukaja', 'Mazionga']
['Wind Break', 'Mazionga', 'Rakukaja', 'Tarukaja']
['Me Patra', 'Sharp Student', 'Tarukaja', 'Wind Boost']
['Mazionga', 'Wind Amp', 'Tarukaja', 'Wind Break']
['Null Distress', 'Mazionga', 'Sharp Student', 'Tarukaja']
['Wind Amp', 'Auto-Tarukaja', 'Wind Break', 'Null Distress']
['Mazionga', 'Torrent Shot', 'Wind Break', 'Sharp Student']
['Mazionga', 'Sharp Student', 'Wind Amp', 'Tarukaja']
['Mazionga', 'Sharp Student', 'Power Charge', 'Tarukaja']
['Matarukaja', 'Mazionga', 'Herculean Strike', 'Rakukaja']
['Wind Boost', 'Mazionga', 'Me Patra', 'Auto-Tarukaja']
['Sharp Student', 'Tarukaja', 'Mazionga', 'Wind Break']
['Mazionga', 'Wind Boost', 'Me Patra', 'Wind Amp']
['Wind Amp', 'Auto-Tarukaja', 'Rakukaja', 'Torrent Shot']
['Me Patra', 'Null Distress', 'Rakukaja', 'Power Charge']
['Rakukaja', 'Tarukaja', 'Wind Break', 'Mazionga']
['Auto-Tarukaja', 'Mazionga', 'Rakukaja', 'Matarukaja']
['Tarukaja', 'Wind Amp', 'Mazionga', 'Me Patra']
['Mazionga', 'Sharp Student', 'Recarmdra', 'Auto-Tarukaja']
['Wind Boost', 'Power Charge', 'Me Patra', 'Tarukaja']
['Tarukaja', 'Rakukaja', 'Me Patra', 'Auto-Tarukaja']
['Wind Amp', 'Mazionga', 'Wind Boost', 'Rakukaja']
['Auto-Tarukaja', 'Mazionga', 'Wind Amp', 'Tarukaja']
['Mazionga', 'Matarukaja', 'Wind Boost', 'Power Charge']
['Mazionga', 'Matarukaja', 'Tarukaja', 'Sharp Student']
['Wind Break', 'Wind Boost', 'Mazionga', 'Rakukaja']
['Sharp Student', 'Auto-Tarukaja', 'Tarukaja', 'Mazionga']
['Rakukaja', 'Mazionga', 'Trafuri', 'Sharp Student']
['Mazionga', 'Sharp Student', 'Auto-Tarukaja', 'Me Patra']
['Mazionga', 'Wind Boost', 'Wind Amp', 'Rakukaja']
['Mazionga', 'Trafuri', 'Sharp Student', 'Wind Boost']
['Wind Amp', 'Mazionga', 'Rakukaja', 'Trafuri']
['Rakukaja', 'Auto-Tarukaja', 'Mazionga', 'Power Charge']
['Mazionga', 'Rakukaja', 'Me Patra', 'Wind Amp']
['Wind Amp', 'Matarukaja', 'Tarukaja', 'Me Patra']
['Me Patra', 'Mazionga', 'Wind Boost', 'Wind Amp']
['Mazionga', 'Wind Break', 'Zan-ei', 'Null Distress']
['Sharp Student', 'Matarukaja', 'Wind Boost', 'Mazionga']
['Sharp Student', 'Mazionga', 'Trafuri', 'Rakukaja']
['Rakukaja', 'Power Charge', 'Sharp Student', 'Tarukaja']
['Wind Boost', 'Me Patra', 'Mazionga', 'Wind Amp']
['Rakukaja', 'Mazionga', 'Torrent Shot', 'Wind Break']
['Rakukaja', 'Null Distress', 'Wind Break', 'Mazionga']
['Mazionga', 'Wind Boost', 'Torrent Shot', 'Auto-Tarukaja']
['Mazionga', 'Matarukaja', 'Sharp Student', 'Power Charge']
['Sharp Student', 'Mazionga', 'Me Patra', 'Power Charge']
['Mazionga', 'Auto-Tarukaja', 'Tarukaja', 'Matarukaja']
['Wind Boost', 'Wind Break', 'Mazionga', 'Me Patra']
['Null Distress', 'Mazionga', 'Me Patra', 'Auto-Tarukaja']
['Wind Amp', 'Tarukaja', 'Mazionga', 'Wind Boost']
['Zan-ei', 'Rakukaja', 'Power Charge', 'Me Patra']
['Me Patra', 'Rakukaja', 'Wind Boost', 'Tarukaja']
['Tarukaja', 'Power Charge', 'Wind Boost', 'Mazionga']
['Herculean Strike', 'Wind Break', 'Null Distress', 'Mazionga']
['Wind Amp', 'Mazionga', 'Rakukaja', 'Wind Boost']
['Wind Break', 'Rakukaja', 'Wind Boost', 'Sharp Student']
['Wind Break', 'Rakukaja', 'Mazionga', 'Wind Amp']
['Me Patra', 'Sharp Student', 'Wind Break', 'Null Distress']
['Auto-Tarukaja', 'Wind Boost', 'Mazionga', 'Power Charge']
['Mazionga', 'Wind Boost', 'Matarukaja', 'Wind Amp']
['Mazionga', 'Power Charge', 'Wind Amp', 'Auto-Tarukaja']
['Rakukaja', 'Mazionga', 'Auto-Tarukaja', 'Tarukaja']
['Mazionga', 'Me Patra', 'Rakukaja', 'Herculean Strike']
['Mazionga', 'Tarukaja', 'Matarukaja', 'Null Distress']
['Mazionga', 'Recarmdra', 'Tarukaja', 'Wind Boost']
['Wind Break', 'Sharp Student', 'Mazionga', 'Tarukaja']
['Wind Amp', 'Auto-Tarukaja', 'Power Charge', 'Mazionga']
['Wind Amp', 'Sharp Student', 'Rakukaja', 'Mazionga']
['Tarukaja', 'Sharp Student', 'Wind Amp', 'Mazionga']
['Wind Amp', 'Mazionga', 'Rakukaja', 'Null Distress']
['Mazionga', 'Sharp Student', 'Me Patra', 'Rakukaja']
['Mazionga', 'Tarukaja', 'Sharp Student', 'Matarukaja']
['Me Patra', 'Mazionga', 'Matarukaja', 'Null Distress']
['Tarukaja', 'Zan-ei', 'Mazionga', 'Wind Boost']
['Null Distress', 'Mazionga', 'Recarmdra', 'Me Patra']
['Rakukaja', 'Mazionga', 'Wind Amp', 'Recarmdra']
['Trafuri', 'Mazionga', 'Rakukaja', 'Wind Amp']
['Auto-Tarukaja', 'Rakukaja', 'Matarukaja', 'Mazionga']
['Mazionga', 'Sharp Student', 'Tarukaja', 'Matarukaja']
['Mazionga', 'Null Distress', 'Matarukaja', 'Auto-Tarukaja']
['Matarukaja', 'Sharp Student', 'Mazionga', 'Rakukaja']
['Null Distress', 'Wind Amp', 'Me Patra', 'Mazionga']
['Mazionga', 'Me Patra', 'Wind Boost', 'Tarukaja']
['Mazionga', 'Auto-Tarukaja', 'Wind Amp', 'Trafuri']
['Tarukaja', 'Null Distress', 'Me Patra', 'Rakukaja']
['Recarmdra', 'Tarukaja', 'Mazionga', 'Sharp Student']
['Tarukaja', 'Mazionga', 'Rakukaja', 'Null Distress']
['Wind Break', 'Tarukaja', 'Trafuri', 'Wind Boost']
['Mazionga', 'Tarukaja', 'Wind Boost', 'Power Charge']
['Me Patra', 'Recarmdra', 'Mazionga', 'Null Distress']
['Tarukaja', 'Mazionga', 'Me Patra', 'Zan-ei']
['Mazionga', 'Sharp Student', 'Wind Amp', 'Null Distress']
['Wind Boost', 'Power Charge', 'Null Distress', 'Tarukaja']
['Mazionga', 'Wind Boost', 'Wind Break', 'Rakukaja']
['Tarukaja', 'Me Patra', 'Mazionga', 'Sharp Student']
['Rakukaja', 'Mazionga', 'Matarukaja', 'Null Distress']
['Mazionga', 'Me Patra', 'Wind Boost', 'Sharp Student']
['Mazionga', 'Rakukaja', 'Null Distress', 'Wind Amp']
['Power Charge', 'Auto-Tarukaja', 'Trafuri', 'Mazionga']
['Matarukaja', 'Mazionga', 'Wind Break', 'Sharp Student']
['Mazionga', 'Trafuri', 'Wind Boost', 'Auto-Tarukaja']
['Mazionga', 'Sharp Student', 'Wind Boost', 'Wind Break']
['Null Distress', 'Power Charge', 'Mazionga', 'Wind Amp']
['Wind Boost', 'Mazionga', 'Rakukaja', 'Auto-Tarukaja']
['Sharp Student', 'Null Distress', 'Wind Amp', 'Tarukaja']
['Auto-Tarukaja', 'Mazionga', 'Tarukaja', 'Sharp Student']
['Mazionga', 'Wind Boost', 'Tarukaja', 'Rakukaja']
['Mazionga', 'Auto-Tarukaja', 'Rakukaja', 'Null Distress']
['Sharp Student', 'Wind Boost', 'Auto-Tarukaja', 'Tarukaja']
['Sharp Student', 'Auto-Tarukaja', 'Mazionga', 'Matarukaja']
['Mazionga', 'Sharp Student', 'Trafuri', 'Recarmdra']
['Null Distress', 'Sharp Student', 'Me Patra', 'Herculean Strike']
['Wind Boost', 'Mazionga', 'Rakukaja', 'Null Distress']
['Sharp Student', 'Mazionga', 'Wind Boost', 'Rakukaja']
['Sharp Student', 'Tarukaja', 'Mazionga', 'Recarmdra']
['Wind Boost', 'Auto-Tarukaja', 'Recarmdra', 'Mazionga']
['Wind Break', 'Mazionga', 'Matarukaja', 'Rakukaja']
['Mazionga', 'Rakukaja', 'Wind Break', 'Me Patra']
['Matarukaja', 'Mazionga', 'Tarukaja', 'Rakukaja']
['Rakukaja', 'Wind Amp', 'Me Patra', 'Mazionga']
['Wind Boost', 'Auto-Tarukaja', 'Rakukaja', 'Mazionga']
['Sharp Student', 'Wind Boost', 'Mazionga', 'Auto-Tarukaja']
['Auto-Tarukaja', 'Wind Break', 'Wind Boost', 'Null Distress']
['Auto-Tarukaja', 'Sharp Student', 'Rakukaja', 'Null Distress']
['Wind Amp', 'Wind Break', 'Power Charge', 'Mazionga']
['Zan-ei', 'Null Distress', 'Trafuri', 'Wind Break']
['Wind Amp', 'Rakukaja', 'Mazionga', 'Wind Boost']
['Wind Boost', 'Tarukaja', 'Mazionga', 'Matarukaja']
['Me Patra', 'Sharp Student', 'Tarukaja', 'Mazionga']
['Mazionga', 'Wind Amp', 'Wind Boost', 'Power Charge']
['Trafuri', 'Tarukaja', 'Matarukaja', 'Mazionga']
['Mazionga', 'Matarukaja', 'Wind Break', 'Trafuri']
['Mazionga', 'Me Patra', 'Tarukaja', 'Wind Amp']
['Mazionga', 'Me Patra', 'Wind Boost', 'Tarukaja']
['Me Patra', 'Wind Boost', 'Mazionga', 'Trafuri']
['Null Distress', 'Mazionga', 'Recarmdra', 'Wind Break']
['Mazionga', 'Rakukaja', 'Sharp Student', 'Null Distress']
['Rakukaja', 'Tarukaja', 'Power Charge', 'Auto-Tarukaja']
['Rakukaja', 'Auto-Tarukaja', 'Wind Boost', 'Mazionga']
['Mazionga', 'Sharp Student', 'Rakukaja', 'Herculean Strike']
['Recarmdra', 'Mazionga', 'Tarukaja', 'Me Patra']
['Mazionga', 'Matarukaja', 'Wind Boost', 'Tarukaja']
['Rakukaja', 'Me Patra', 'Mazionga', 'Power Charge']
['Mazionga', 'Tarukaja', 'Rakukaja', 'Matarukaja']
['Wind Boost', 'Mazionga', 'Torrent Shot', 'Power Charge']
['Rakukaja', 'Wind Amp', 'Mazionga', 'Wind Break']
['Rakukaja', 'Tarukaja', 'Wind Amp', 'Power Charge']
['Rakukaja', 'Mazionga', 'Sharp Student', 'Me Patra']
['Matarukaja', 'Tarukaja', 'Mazionga', 'Null Distress']
['Wind Boost', 'Auto-Tarukaja', 'Me Patra', 'Wind Break']
['Mazionga', 'Matarukaja', 'Recarmdra', 'Power Charge']
['Wind Break', 'Tarukaja', 'Mazionga', 'Me Patra']
['Mazionga', 'Sharp Student', 'Tarukaja', 'Rakukaja']
['Matarukaja', 'Mazionga', 'Tarukaja', 'Herculean Strike']
['Auto-Tarukaja', 'Wind Boost', 'Me Patra', 'Rakukaja']
['Mazionga', 'Wind Boost', 'Recarmdra', 'Auto-Tarukaja']
['Power Charge', 'Rakukaja', 'Wind Boost', 'Mazionga']
['Zan-ei', 'Tarukaja', 'Power Charge', 'Rakukaja']
['Power Charge', 'Mazionga', 'Rakukaja', 'Auto-Tarukaja']
['Me Patra', 'Auto-Tarukaja', 'Wind Boost', 'Sharp Student']
['Rakukaja', 'Me Patra', 'Mazionga', 'Trafuri']
['Power Charge', 'Mazionga', 'Rakukaja', 'Auto-Tarukaja']
['Me Patra', 'Wind Boost', 'Mazionga', 'Auto-Tarukaja']
['Me Patra', 'Sharp Student', 'Rakukaja', 'Wind Boost']
['Auto-Tarukaja', 'Tarukaja', 'Null Distress', 'Mazionga']
['Recarmdra', 'Auto-Tarukaja', 'Tarukaja', 'Mazionga']
['Rakukaja', 'Torrent Shot', 'Mazionga', 'Null Distress']
['Mazionga', 'Matarukaja', 'Me Patra', 'Wind Amp']
['Wind Boost', 'Mazionga', 'Power Charge', 'Wind Break']
['Rakukaja', 'Mazionga', 'Wind Amp', 'Wind Break']
['Wind Boost', 'Auto-Tarukaja', 'Tarukaja', 'Mazionga']
['Sharp Student', 'Mazionga', 'Torrent Shot', 'Wind Break']
['Rakukaja', 'Auto-Tarukaja', 'Mazionga', 'Tarukaja']
['Wind Boost', 'Matarukaja', 'Me Patra', 'Null Distress']
['Power Charge', 'Rakukaja', 'Mazionga', 'Wind Boost']
['Mazionga', 'Wind Break', 'Matarukaja', 'Me Patra']
['Tarukaja', 'Wind Amp', 'Recarmdra', 'Sharp Student']
['Wind Break', 'Mazionga', 'Torrent Shot', 'Wind Boost']
['Mazionga', 'Null Distress', 'Auto-Tarukaja', 'Wind Break']
['Auto-Tarukaja', 'Recarmdra', 'Mazionga', 'Wind Amp']
['Tarukaja', 'Mazionga', 'Wind Break', 'Sharp Student']
['Wind Break', 'Wind Amp', 'Me Patra', 'Matarukaja']
['Mazionga', 'Me Patra', 'Tarukaja', 'Zan-ei']
['Mazionga', 'Wind Boost', 'Wind Break', 'Matarukaja']
['Auto-Tarukaja', 'Wind Boost', 'Tarukaja', 'Rakukaja']
['Mazionga', 'Sharp Student', 'Matarukaja', 'Trafuri']
['Mazionga', 'Power Charge', 'Wind Boost', 'Sharp Student']
['Trafuri', 'Mazionga', 'Wind Break', 'Recarmdra']
['Auto-Tarukaja', 'Mazionga', 'Zan-ei', 'Rakukaja']
['Trafuri', 'Recarmdra', 'Wind Break', 'Mazionga']
['Me Patra', 'Wind Boost', 'Tarukaja', 'Mazionga']
['Wind Boost', 'Mazionga', 'Recarmdra', 'Me Patra']
['Tarukaja', 'Wind Boost', 'Recarmdra', 'Rakukaja']
['Tarukaja', 'Recarmdra', 'Mazionga', 'Torrent Shot']
['Mazionga', 'Sharp Student', 'Rakukaja', 'Zan-ei']
['Mazionga', 'Sharp Student', 'Me Patra', 'Recarmdra']
['Mazionga', 'Tarukaja', 'Me Patra', 'Auto-Tarukaja']
['Auto-Tarukaja', 'Rakukaja', 'Null Distress', 'Mazionga']
['Mazionga', 'Null Distress', 'Matarukaja', 'Sharp Student']
['Null Distress', 'Mazionga', 'Recarmdra', 'Rakukaja']
['Recarmdra', 'Trafuri', 'Sharp Student', 'Torrent Shot']
['Auto-Tarukaja', 'Me Patra', 'Mazionga', 'Tarukaja']
['Null Distress', 'Wind Amp', 'Mazionga', 'Me Patra']
['Recarmdra', 'Mazionga', 'Zan-ei', 'Wind Break']
['Tarukaja', 'Sharp Student', 'Rakukaja', 'Null Distress']
['Wind Boost', 'Mazionga', 'Tarukaja', 'Trafuri']
['Mazionga', 'Recarmdra', 'Power Charge', 'Auto-Tarukaja']
['Me Patra', 'Mazionga', 'Tarukaja', 'Rakukaja']
['Trafuri', 'Wind Boost', 'Rakukaja', 'Sharp Student']
['Mazionga', 'Me Patra', 'Wind Boost', 'Rakukaja']
['Torrent Shot', 'Tarukaja', 'Auto-Tarukaja', 'Sharp Student']
['Mazionga', 'Tarukaja', 'Torrent Shot', 'Me Patra']
['Wind Break', 'Wind Boost', 'Matarukaja', 'Rakukaja']
['Mazionga', 'Wind Amp', 'Null Distress', 'Tarukaja']
['Recarmdra', 'Null Distress', 'Matarukaja', 'Mazionga']
['Wind Break', 'Mazionga', 'Sharp Student', 'Recarmdra']
['Wind Boost', 'Mazionga', 'Tarukaja', 'Recarmdra']
['Wind Boost', 'Power Charge', 'Mazionga', 'Wind Amp']
['Mazionga', 'Wind Boost', 'Sharp Student', 'Zan-ei']
['Trafuri', 'Mazionga', 'Matarukaja', 'Tarukaja']
['Mazionga', 'Sharp Student', 'Trafuri', 'Wind Boost']
['Sharp Student', 'Wind Boost', 'Tarukaja', 'Rakukaja']
['Null Distress', 'Mazionga', 'Wind Boost', 'Rakukaja']
['Wind Amp', 'Matarukaja', 'Mazionga', 'Recarmdra']
['Rakukaja', 'Wind Boost', 'Auto-Tarukaja', 'Mazionga']
['Mazionga', 'Wind Amp', 'Rakukaja', 'Null Distress']
['Mazionga', 'Wind Boost', 'Power Charge', 'Rakukaja']
['Tarukaja', 'Wind Boost', 'Zan-ei', 'Power Charge']
['Mazionga', 'Wind Boost', 'Rakukaja', 'Trafuri']
['Rakukaja', 'Mazionga', 'Me Patra', 'Wind Boost']
['Mazionga', 'Sharp Student', 'Tarukaja', 'Auto-Tarukaja']
['Wind Boost', 'Mazionga', 'Me Patra', 'Tarukaja']
['Sharp Student', 'Mazionga', 'Me Patra', 'Auto-Tarukaja']
['Matarukaja', 'Sharp Student', 'Mazionga', 'Auto-Tarukaja']
['Trafuri', 'Mazionga', 'Auto-Tarukaja', 'Me Patra']
['Matarukaja', 'Rakukaja', 'Wind Amp', 'Auto-Tarukaja']
['Torrent Shot', 'Rakukaja', 'Wind Boost', 'Wind Break']
['Tarukaja', 'Me Patra', 'Wind Boost', 'Mazionga']
['Me Patra', 'Mazionga', 'Matarukaja', 'Torrent Shot']
['Mazionga', 'Wind Amp', 'Herculean Strike', 'Tarukaja']
['Mazionga', 'Null Distress', 'Recarmdra', 'Sharp Student']
['Mazionga', 'Wind Boost', 'Me Patra', 'Wind Break']
['Tarukaja', 'Mazionga', 'Rakukaja', 'Wind Break']
['Wind Amp', 'Trafuri', 'Null Distress', 'Mazionga']
['Matarukaja', 'Tarukaja', 'Power Charge', 'Trafuri']
['Mazionga', 'Rakukaja', 'Wind Amp', 'Trafuri']
['Mazionga', 'Tarukaja', 'Me Patra', 'Sharp Student']
['Mazionga', 'Wind Boost', 'Rakukaja', 'Tarukaja']
['Recarmdra', 'Wind Boost', 'Trafuri', 'Wind Break']
['Mazionga', 'Null Distress', 'Matarukaja', 'Tarukaja']
['Recarmdra', 'Mazionga', 'Matarukaja', 'Wind Amp']
['Sharp Student', 'Mazionga', 'Wind Boost', 'Matarukaja']
['Wind Boost', 'Mazionga', 'Zan-ei', 'Auto-Tarukaja']
['Me Patra', 'Power Charge', 'Wind Break', 'Mazionga']
['Wind Boost', 'Mazionga', 'Wind Break', 'Sharp Student']
['Mazionga', 'Me Patra', 'Wind Break', 'Rakukaja']
['Wind Boost', 'Power Charge', 'Tarukaja', 'Sharp Student']
['Auto-Tarukaja', 'Mazionga', 'Wind Amp', 'Sharp Student']
['Mazionga', 'Rakukaja', 'Power Charge', 'Me Patra']
['Tarukaja', 'Mazionga', 'Wind Boost', 'Matarukaja']
['Auto-Tarukaja', 'Rakukaja', 'Torrent Shot', 'Recarmdra']
['Mazionga', 'Wind Boost', 'Tarukaja', 'Trafuri']
['Mazionga', 'Tarukaja', 'Zan-ei', 'Power Charge']
['Rakukaja', 'Herculean Strike', 'Power Charge', 'Wind Break']
['Wind Amp', 'Mazionga', 'Sharp Student', 'Recarmdra']
['Me Patra', 'Mazionga', 'Wind Boost', 'Tarukaja']
['Power Charge', 'Mazionga', 'Wind Boost', 'Torrent Shot']
['Rakukaja', 'Wind Boost', 'Mazionga', 'Power Charge']
['Wind Boost', 'Mazionga', 'Tarukaja', 'Sharp Student']
['Mazionga', 'Wind Boost', 'Matarukaja', 'Power Charge']
['Mazionga', 'Auto-Tarukaja', 'Rakukaja', 'Wind Boost']
['Sharp Student', 'Mazionga', 'Auto-Tarukaja', 'Matarukaja']
['Wind Amp', 'Power Charge', 'Mazionga', 'Sharp Student']
['Rakukaja', 'Me Patra', 'Tarukaja', 'Mazionga']
['Zan-ei', 'Recarmdra', 'Torrent Shot', 'Mazionga']
['Rakukaja', 'Zan-ei', 'Mazionga', 'Power Charge']
['Mazionga', 'Wind Boost', 'Wind Amp', 'Tarukaja']
['Me Patra', 'Mazionga', 'Tarukaja', 'Recarmdra']
['Tarukaja', 'Wind Amp', 'Null Distress', 'Herculean Strike']
['Mazionga', 'Sharp Student', 'Rakukaja', 'Auto-Tarukaja']
['Tarukaja', 'Wind Amp', 'Mazionga', 'Rakukaja']
['Sharp Student', 'Mazionga', 'Recarmdra', 'Matarukaja']
['Mazionga', 'Wind Amp', 'Wind Boost', 'Recarmdra']
['Wind Boost', 'Auto-Tarukaja', 'Mazionga', 'Sharp Student']
['Mazionga', 'Tarukaja', 'Wind Break', 'Rakukaja']
['Power Charge', 'Mazionga', 'Wind Break', 'Wind Boost']
['Mazionga', 'Tarukaja', 'Rakukaja', 'Power Charge']
['Auto-Tarukaja', 'Recarmdra', 'Power Charge', 'Mazionga']
['Sharp Student', 'Wind Amp', 'Null Distress', 'Power Charge']
['Torrent Shot', 'Wind Boost', 'Trafuri', 'Tarukaja']
['Wind Boost', 'Mazionga', 'Rakukaja', 'Power Charge']
['Herculean Strike', 'Null Distress', 'Mazionga', 'Tarukaja']
['Mazionga', 'Sharp Student', 'Power Charge', 'Auto-Tarukaja']
['Wind Break', 'Auto-Tarukaja', 'Recarmdra', 'Mazionga']
['Trafuri', 'Mazionga', 'Tarukaja', 'Me Patra']
['Tarukaja', 'Mazionga', 'Trafuri', 'Wind Boost']
['Power Charge', 'Mazionga', 'Herculean Strike', 'Rakukaja']
['Sharp Student', 'Zan-ei', 'Rakukaja', 'Mazionga']
['Wind Break', 'Mazionga', 'Power Charge', 'Auto-Tarukaja']
['Tarukaja', 'Mazionga', 'Matarukaja', 'Wind Boost']
['Mazionga', 'Trafuri', 'Me Patra', 'Matarukaja']
['Rakukaja', 'Tarukaja', 'Mazionga', 'Me Patra']
['Mazionga', 'Auto-Tarukaja', 'Null Distress', 'Sharp Student']
['Tarukaja', 'Sharp Student', 'Wind Amp', 'Trafuri']
['Mazionga', 'Sharp Student', 'Wind Amp', 'Wind Boost']
['Wind Break', 'Mazionga', 'Torrent Shot', 'Tarukaja']
['Rakukaja', 'Mazionga', 'Wind Boost', 'Trafuri']
['Mazionga', 'Wind Break', 'Wind Boost', 'Null Distress']
['Tarukaja', 'Me Patra', 'Auto-Tarukaja', 'Mazionga']
['Me Patra', 'Null Distress', 'Sharp Student', 'Wind Boost']
['Tarukaja', 'Wind Break', 'Mazionga', 'Rakukaja']
['Me Patra', 'Mazionga', 'Wind Amp', 'Sharp Student']
['Mazionga', 'Auto-Tarukaja', 'Wind Boost', 'Zan-ei']
['Rakukaja', 'Mazionga', 'Sharp Student', 'Matarukaja']
['Wind Boost', 'Me Patra', 'Null Distress', 'Tarukaja']
['Wind Amp', 'Matarukaja', 'Auto-Tarukaja', 'Torrent Shot']
['Matarukaja', 'Wind Boost', 'Mazionga', 'Rakukaja']
['Mazionga', 'Null Distress', 'Tarukaja', 'Wind Boost']
['Mazionga', 'Power Charge', 'Sharp Student', 'Trafuri']
['Recarmdra', 'Rakukaja', 'Sharp Student', 'Tarukaja']
['Power Charge', 'Mazionga', 'Auto-Tarukaja', 'Tarukaja']
['Me Patra', 'Trafuri', 'Mazionga', 'Wind Break']
['Mazionga', 'Rakukaja', 'Wind Boost', 'Sharp Student']
['Mazionga', 'Rakukaja', 'Me Patra', 'Wind Amp']
['Sharp Student', 'Auto-Tarukaja', 'Mazionga', 'Wind Boost']
['Null Distress', 'Wind Amp', 'Me Patra', 'Rakukaja']
['Sharp Student', 'Mazionga', 'Tarukaja', 'Wind Boost']
['Mazionga', 'Null Distress', 'Trafuri', 'Matarukaja']
['Trafuri', 'Mazionga', 'Wind Boost', 'Null Distress']
['Tarukaja', 'Mazionga', 'Rakukaja', 'Me Patra']
['Torrent Shot', 'Matarukaja', 'Power Charge', 'Mazionga']
['Matarukaja', 'Mazionga', 'Wind Boost', 'Sharp Student']
['Tarukaja', 'Mazionga', 'Matarukaja', 'Wind Break']
['Mazionga', 'Sharp Student', 'Wind Amp', 'Tarukaja']
['Null Distress', 'Rakukaja', 'Mazionga', 'Me Patra']
['Me Patra', 'Rakukaja', 'Recarmdra', 'Auto-Tarukaja']
['Wind Amp', 'Wind Break', 'Tarukaja', 'Mazionga']
['Zan-ei', 'Wind Amp', 'Mazionga', 'Tarukaja']
['Wind Boost', 'Mazionga', 'Me Patra', 'Power Charge']
['Mazionga', 'Herculean Strike', 'Auto-Tarukaja', 'Sharp Student']
['Matarukaja', 'Mazionga', 'Rakukaja', 'Wind Boost']
['Torrent Shot', 'Wind Break', 'Mazionga', 'Wind Amp']
['Wind Break', 'Zan-ei', 'Tarukaja', 'Mazionga']
['Mazionga', 'Wind Boost', 'Rakukaja', 'Zan-ei']
['Matarukaja', 'Mazionga', 'Tarukaja', 'Sharp Student']
['Null Distress', 'Mazionga', 'Recarmdra', 'Matarukaja']
['Mazionga', 'Tarukaja', 'Wind Boost', 'Wind Break']
['Mazionga', 'Wind Boost', 'Recarmdra', 'Rakukaja']
['Tarukaja', 'Mazionga', 'Rakukaja', 'Matarukaja']
['Mazionga', 'Auto-Tarukaja', 'Me Patra', 'Zan-ei']
['Tarukaja', 'Wind Amp', 'Recarmdra', 'Mazionga']
['Sharp Student', 'Null Distress', 'Wind Amp', 'Matarukaja']
['Me Patra', 'Mazionga', 'Matarukaja', 'Tarukaja']
['Mazionga', 'Me Patra', 'Wind Boost', 'Matarukaja']
['Zan-ei', 'Wind Boost', 'Matarukaja', 'Mazionga']
['Tarukaja', 'Wind Boost', 'Rakukaja', 'Mazionga']
['Mazionga', 'Wind Break', 'Wind Boost', 'Trafuri']
['Rakukaja', 'Trafuri', 'Wind Boost', 'Mazionga']
['Null Distress', 'Wind Boost', 'Tarukaja', 'Mazionga']
['Mazionga', 'Sharp Student', 'Tarukaja', 'Matarukaja']
['Wind Break', 'Me Patra', 'Mazionga', 'Wind Amp']
['Matarukaja', 'Auto-Tarukaja', 'Mazionga', 'Torrent Shot']
['Sharp Student', 'Recarmdra', 'Mazionga', 'Wind Break']
['Wind Boost', 'Mazionga', 'Rakukaja', 'Trafuri']
['Me Patra', 'Rakukaja', 'Trafuri', 'Mazionga']
['Torrent Shot', 'Mazionga', 'Wind Boost', 'Zan-ei']
['Mazionga', 'Tarukaja', 'Trafuri', 'Wind Amp']
['Mazionga', 'Sharp Student', 'Power Charge', 'Rakukaja']
['Wind Boost', 'Auto-Tarukaja', 'Rakukaja', 'Sharp Student']
['Rakukaja', 'Sharp Student', 'Mazionga', 'Auto-Tarukaja']
['Mazionga', 'Rakukaja', 'Me Patra', 'Wind Boost']
['Mazionga', 'Recarmdra', 'Auto-Tarukaja', 'Zan-ei']
['Null Distress', 'Power Charge', 'Mazionga', 'Matarukaja']
['Trafuri', 'Mazionga', 'Sharp Student', 'Matarukaja']
['Mazionga', 'Auto-Tarukaja', 'Tarukaja', 'Null Distress']
['Matarukaja', 'Me Patra', 'Mazionga', 'Power Charge']
['Wind Amp', 'Mazionga', 'Wind Boost', 'Tarukaja']
['Matarukaja', 'Mazionga', 'Power Charge', 'Null Distress']
['Tarukaja', 'Sharp Student', 'Trafuri', 'Wind Boost']
['Power Charge', 'Me Patra', 'Matarukaja', 'Null Distress']
['Wind Boost', 'Rakukaja', 'Matarukaja', 'Herculean Strike']
['Mazionga', 'Sharp Student', 'Rakukaja', 'Wind Break']
['Tarukaja', 'Wind Break', 'Rakukaja', 'Sharp Student']
['Rakukaja', 'Matarukaja', 'Tarukaja', 'Wind Break']
['Me Patra', 'Tarukaja', 'Mazionga', 'Auto-Tarukaja']
['Wind Boost', 'Wind Amp', 'Auto-Tarukaja', 'Sharp Student']
['Mazionga', 'Wind Boost', 'Tarukaja', 'Wind Amp']
['Wind Break', 'Mazionga', 'Rakukaja', 'Tarukaja']
['Mazionga', 'Sharp Student', 'Wind Boost', 'Auto-Tarukaja']
['Wind Break', 'Power Charge', 'Wind Boost', 'Mazionga']
['Mazionga', 'Power Charge', 'Sharp Student', 'Null Distress']
['Rakukaja', 'Tarukaja', 'Mazionga', 'Wind Boost']
['Wind Boost', 'Mazionga', 'Me Patra', 'Trafuri']
['Wind Boost', 'Mazionga', 'Power Charge', 'Rakukaja']
['Rakukaja', 'Power Charge', 'Sharp Student', 'Wind Amp']
['Wind Boost', 'Tarukaja', 'Auto-Tarukaja', 'Trafuri']
['Rakukaja', 'Mazionga', 'Power Charge', 'Null Distress']
['Mazionga', 'Sharp Student', 'Null Distress', 'Wind Amp']
['Auto-Tarukaja', 'Matarukaja', 'Rakukaja', 'Wind Break']
['Rakukaja', 'Mazionga', 'Null Distress', 'Matarukaja']
['Mazionga', 'Wind Break', 'Wind Boost', 'Matarukaja']
['Sharp Student', 'Wind Amp', 'Mazionga', 'Wind Break']
['Tarukaja', 'Power Charge', 'Wind Break', 'Trafuri']
['Me Patra', 'Wind Break', 'Tarukaja', 'Mazionga']
['Null Distress', 'Power Charge', 'Mazionga', 'Trafuri']
['Mazionga', 'Auto-Tarukaja', 'Sharp Student', 'Trafuri']
['Rakukaja', 'Wind Boost', 'Tarukaja', 'Mazionga']
['Mazionga', 'Sharp Student', 'Wind Boost', 'Recarmdra']
['Wind Break', 'Tarukaja', 'Rakukaja', 'Sharp Student']
['Torrent Shot', 'Mazionga', 'Sharp Student', 'Me Patra']
['Mazionga', 'Wind Amp', 'Recarmdra', 'Trafuri']
['Mazionga', 'Wind Boost', 'Power Charge', 'Zan-ei']
['Auto-Tarukaja', 'Sharp Student', 'Tarukaja', 'Null Distress']
['Rakukaja', 'Matarukaja', 'Recarmdra', 'Tarukaja']
['Tarukaja', 'Recarmdra', 'Mazionga', 'Rakukaja']
['Recarmdra', 'Mazionga', 'Wind Break', 'Null Distress']
['Mazionga', 'Torrent Shot', 'Wind Break', 'Power Charge']
['Matarukaja', 'Power Charge', 'Me Patra', 'Mazionga']
['Recarmdra', 'Power Charge', 'Wind Boost', 'Tarukaja']
['Mazionga', 'Me Patra', 'Sharp Student', 'Tarukaja']
['Matarukaja', 'Mazionga', 'Zan-ei', 'Recarmdra']
['Mazionga', 'Tarukaja', 'Rakukaja', 'Matarukaja']
['Wind Boost', 'Mazionga', 'Tarukaja', 'Power Charge']
['Wind Break', 'Matarukaja', 'Mazionga', 'Me Patra']
['Mazionga', 'Wind Boost', 'Null Distress', 'Wind Amp']
['Sharp Student', 'Mazionga', 'Me Patra', 'Null Distress']
['Null Distress', 'Tarukaja', 'Mazionga', 'Rakukaja']
['Me Patra', 'Wind Break', 'Wind Amp', 'Tarukaja']
['Me Patra', 'Trafuri', 'Mazionga', 'Matarukaja']
['Mazionga', 'Sharp Student', 'Auto-Tarukaja', 'Wind Break']
['Mazionga', 'Me Patra', 'Wind Amp', 'Sharp Student']
['Me Patra', 'Wind Boost', 'Mazionga', 'Power Charge']
['Mazionga', 'Auto-Tarukaja', 'Trafuri', 'Zan-ei']
['Sharp Student', 'Null Distress', 'Auto-Tarukaja', 'Matarukaja']
['Tarukaja', 'Wind Boost', 'Mazionga', 'Sharp Student']
['Mazionga', 'Wind Boost', 'Rakukaja', 'Wind Amp']
['Mazionga', 'Sharp Student', 'Me Patra', 'Power Charge']
['Sharp Student', 'Wind Amp', 'Tarukaja', 'Mazionga']
['Mazionga', 'Rakukaja', 'Recarmdra', 'Auto-Tarukaja']
['Wind Amp', 'Sharp Student', 'Mazionga', 'Wind Boost']
['Wind Boost', 'Auto-Tarukaja', 'Me Patra', 'Sharp Student']
['Matarukaja', 'Wind Boost', 'Wind Break', 'Rakukaja']
['Wind Amp', 'Wind Boost', 'Sharp Student', 'Null Distress']
['Wind Boost', 'Sharp Student', 'Mazionga', 'Null Distress']
['Mazionga', 'Auto-Tarukaja', 'Null Distress', 'Wind Amp']
['Power Charge', 'Wind Boost', 'Tarukaja', 'Mazionga']
['Mazionga', 'Me Patra', 'Power Charge', 'Matarukaja']
['Mazionga', 'Recarmdra', 'Rakukaja', 'Power Charge']
['Mazionga', 'Null Distress', 'Rakukaja', 'Me Patra']
['Rakukaja', 'Mazionga', 'Wind Boost', 'Tarukaja']
['Power Charge', 'Wind Boost', 'Mazionga', 'Auto-Tarukaja']
['Auto-Tarukaja', 'Wind Break', 'Tarukaja', 'Sharp Student']
['Rakukaja', 'Mazionga', 'Auto-Tarukaja', 'Trafuri']
['Wind Amp', 'Mazionga', 'Tarukaja', 'Recarmdra']
['Wind Boost', 'Mazionga', 'Power Charge', 'Null Distress']
['Wind Boost', 'Mazionga', 'Trafuri', 'Wind Break']
['Wind Break', 'Rakukaja', 'Tarukaja', 'Power Charge']
['Auto-Tarukaja', 'Sharp Student', 'Mazionga', 'Rakukaja']
['Tarukaja', 'Rakukaja', 'Torrent Shot', 'Mazionga']
['Tarukaja', 'Recarmdra', 'Trafuri', 'Rakukaja']
['Power Charge', 'Wind Break', 'Mazionga', 'Zan-ei']
['Tarukaja', 'Mazionga', 'Auto-Tarukaja', 'Rakukaja']
['Tarukaja', 'Mazionga', 'Wind Boost', 'Torrent Shot']
['Rakukaja', 'Tarukaja', 'Wind Boost', 'Sharp Student']
['Tarukaja', 'Matarukaja', 'Wind Break', 'Null Distress']
['Mazionga', 'Wind Boost', 'Me Patra', 'Tarukaja']
['Auto-Tarukaja', 'Wind Boost', 'Wind Break', 'Mazionga']
['Me Patra', 'Mazionga', 'Auto-Tarukaja', 'Rakukaja']
['Rakukaja', 'Power Charge', 'Mazionga', 'Trafuri']
['Rakukaja', 'Mazionga', 'Auto-Tarukaja', 'Null Distress']
['Matarukaja', 'Mazionga', 'Sharp Student', 'Wind Boost']
['Mazionga', 'Rakukaja', 'Auto-Tarukaja', 'Wind Break']
['Tarukaja', 'Mazionga', 'Rakukaja', 'Auto-Tarukaja']
['Wind Amp', 'Mazionga', 'Auto-Tarukaja', 'Null Distress']
['Wind Boost', 'Rakukaja', 'Mazionga', 'Me Patra']
['Matarukaja', 'Wind Break', 'Torrent Shot', 'Sharp Student']
['Tarukaja', 'Sharp Student', 'Me Patra', 'Wind Boost']
['Tarukaja', 'Me Patra', 'Null Distress', 'Recarmdra']
['Mazionga', 'Power Charge', 'Wind Boost', 'Me Patra']
['Mazionga', 'Rakukaja', 'Matarukaja', 'Power Charge']
['Wind Boost', 'Mazionga', 'Rakukaja', 'Recarmdra']
['Rakukaja', 'Matarukaja', 'Wind Boost', 'Mazionga']
['Power Charge', 'Matarukaja', 'Wind Boost', 'Me Patra']
['Wind Break', 'Mazionga', 'Me Patra', 'Trafuri']
['Mazionga', 'Rakukaja', 'Wind Break', 'Sharp Student']
['Tarukaja', 'Rakukaja', 'Matarukaja', 'Recarmdra']
['Matarukaja', 'Mazionga', 'Recarmdra', 'Me Patra']
['Power Charge', 'Mazionga', 'Auto-Tarukaja', 'Matarukaja']
['Power Charge', 'Me Patra', 'Mazionga', 'Wind Amp']
['Rakukaja', 'Tarukaja', 'Wind Break', 'Auto-Tarukaja']
['Trafuri', 'Tarukaja', 'Mazionga', 'Rakukaja']
['Trafuri', 'Wind Break', 'Auto-Tarukaja', 'Power Charge']
['Null Distress', 'Auto-Tarukaja', 'Wind Amp', 'Mazionga']
['Mazionga', 'Null Distress', 'Sharp Student', 'Power Charge']
['Rakukaja', 'Mazionga', 'Zan-ei', 'Wind Boost']
['Mazionga', 'Sharp Student', 'Zan-ei', 'Rakukaja']
['Mazionga', 'Auto-Tarukaja', 'Recarmdra', 'Rakukaja']
['Mazionga', 'Wind Boost', 'Recarmdra', 'Tarukaja']
['Auto-Tarukaja', 'Tarukaja', 'Sharp Student', 'Wind Amp']
['Sharp Student', 'Matarukaja', 'Mazionga', 'Power Charge']
['Wind Break', 'Power Charge', 'Mazionga', 'Wind Amp']
['Sharp Student', 'Mazionga', 'Matarukaja', 'Null Distress']
['Herculean Strike', 'Wind Boost', 'Null Distress', 'Matarukaja']
['Tarukaja', 'Wind Boost', 'Rakukaja', 'Null Distress']
['Rakukaja', 'Me Patra', 'Mazionga', 'Wind Boost']
['Tarukaja', 'Mazionga', 'Auto-Tarukaja', 'Rakukaja']
['Mazionga', 'Rakukaja', 'Wind Boost', 'Wind Amp']
['Tarukaja', 'Mazionga', 'Wind Boost', 'Sharp Student']
['Zan-ei', 'Mazionga', 'Rakukaja', 'Sharp Student']
['Mazionga', 'Sharp Student', 'Wind Boost', 'Tarukaja']
['Null Distress', 'Wind Break', 'Power Charge', 'Wind Amp']
['Sharp Student', 'Mazionga', 'Power Charge', 'Wind Boost']
['Mazionga', 'Tarukaja', 'Rakukaja', 'Auto-Tarukaja']
['Trafuri', 'Wind Boost', 'Mazionga', 'Me Patra']
['Tarukaja', 'Rakukaja', 'Wind Boost', 'Matarukaja']
['Mazionga', 'Sharp Student', 'Matarukaja', 'Wind Boost']
['Power Charge', 'Mazionga', 'Tarukaja', 'Null Distress']
['Mazionga', 'Wind Amp', 'Tarukaja', 'Rakukaja']
['Torrent Shot', 'Rakukaja', 'Wind Boost', 'Mazionga']
['Mazionga', 'Rakukaja', 'Wind Boost', 'Wind Break']
['Mazionga', 'Power Charge', 'Torrent Shot', 'Sharp Student']
['Mazionga', 'Wind Boost', 'Auto-Tarukaja', 'Rakukaja']
['Mazionga', 'Tarukaja', 'Rakukaja', 'Wind Amp']
['Me Patra', 'Mazionga', 'Wind Break', 'Wind Boost']
['Wind Break', 'Matarukaja', 'Sharp Student', 'Mazionga']
['Null Distress', 'Mazionga', 'Trafuri', 'Recarmdra']
['Rakukaja', 'Auto-Tarukaja', 'Tarukaja', 'Mazionga']
['Sharp Student', 'Mazionga', 'Rakukaja', 'Wind Boost']
['Me Patra', 'Matarukaja', 'Wind Boost', 'Mazionga']
['Auto-Tarukaja', 'Null Distress', 'Mazionga', 'Me Patra']
['Matarukaja', 'Mazionga', 'Sharp Student', 'Me Patra']
['Wind Break', 'Me Patra', 'Mazionga', 'Trafuri']
['Tarukaja', 'Rakukaja', 'Power Charge', 'Me Patra']
['Null Distress', 'Mazionga', 'Wind Boost', 'Rakukaja']
['Mazionga', 'Wind Boost', 'Tarukaja', 'Sharp Student']
['Mazionga', 'Torrent Shot', 'Wind Break', 'Wind Boost']
['Mazionga', 'Rakukaja', 'Recarmdra', 'Auto-Tarukaja']
['Me Patra', 'Matarukaja', 'Power Charge', 'Sharp Student']
['Power Charge', 'Recarmdra', 'Mazionga', 'Sharp Student']
['Null Distress', 'Rakukaja', 'Power Charge', 'Sharp Student']
['Rakukaja', 'Matarukaja', 'Zan-ei', 'Wind Boost']
['Mazionga', 'Sharp Student', 'Auto-Tarukaja', 'Wind Amp']
['Tarukaja', 'Mazionga', 'Sharp Student', 'Auto-Tarukaja']
['Mazionga', 'Me Patra', 'Null Distress', 'Rakukaja']
['Mazionga', 'Tarukaja', 'Wind Boost', 'Sharp Student']
['Power Charge', 'Rakukaja', 'Mazionga', 'Wind Boost']
['Mazionga', 'Auto-Tarukaja', 'Recarmdra', 'Tarukaja']
['Recarmdra', 'Sharp Student', 'Mazionga', 'Wind Boost']
['Mazionga', 'Rakukaja', 'Null Distress', 'Me Patra']
['Mazionga', 'Tarukaja', 'Auto-Tarukaja', 'Wind Boost']
['Mazionga', 'Matarukaja', 'Wind Amp', 'Null Distress']
['Torrent Shot', 'Recarmdra', 'Mazionga', 'Rakukaja']
['Mazionga', 'Wind Amp', 'Zan-ei', 'Wind Boost']
['Mazionga', 'Me Patra', 'Rakukaja', 'Auto-Tarukaja']
['Sharp Student', 'Me Patra', 'Mazionga', 'Rakukaja']
['Mazionga', 'Wind Boost', 'Auto-Tarukaja', 'Sharp Student']
['Tarukaja', 'Mazionga', 'Rakukaja', 'Wind Break']
['Mazionga', 'Sharp Student', 'Me Patra', 'Tarukaja']
['Tarukaja', 'Matarukaja', 'Wind Break', 'Auto-Tarukaja']
['Mazionga', 'Matarukaja', 'Recarmdra', 'Rakukaja']
['Rakukaja', 'Mazionga', 'Tarukaja', 'Wind Amp']
['Me Patra', 'Mazionga', 'Auto-Tarukaja', 'Wind Boost']
['Mazionga', 'Wind Boost', 'Trafuri', 'Wind Amp']
['Wind Boost', 'Zan-ei', 'Mazionga', 'Rakukaja']
['Wind Boost', 'Tarukaja', 'Mazionga', 'Recarmdra']
['Sharp Student', 'Mazionga', 'Wind Boost', 'Wind Amp']
['Mazionga', 'Auto-Tarukaja', 'Trafuri', 'Tarukaja']
['Sharp Student', 'Mazionga', 'Trafuri', 'Null Distress']
['Wind Break', 'Mazionga', 'Null Distress', 'Matarukaja']
['Mazionga', 'Wind Break', 'Wind Boost', 'Rakukaja']
['Null Distress', 'Mazionga', 'Rakukaja', 'Auto-Tarukaja']
['Mazionga', 'Zan-ei', 'Power Charge', 'Wind Boost']
['Mazionga', 'Wind Break', 'Trafuri', 'Matarukaja']
['Trafuri', 'Tarukaja', 'Mazionga', 'Me Patra']
['Mazionga', 'Wind Boost', 'Wind Break', 'Torrent Shot']
['Mazionga', 'Tarukaja', 'Me Patra', 'Null Distress']
['Wind Boost', 'Null Distress', 'Rakukaja', 'Mazionga']
['Auto-Tarukaja', 'Recarmdra', 'Rakukaja', 'Wind Break']
['Rakukaja', 'Recarmdra', 'Sharp Student', 'Mazionga']
['Auto-Tarukaja', 'Recarmdra', 'Wind Boost', 'Null Distress']
['Mazionga', 'Me Patra', 'Trafuri', 'Auto-Tarukaja']
['Auto-Tarukaja', 'Me Patra', 'Wind Break', 'Mazionga']
['Mazionga', 'Wind Boost', 'Rakukaja', 'Auto-Tarukaja']
['Mazionga', 'Wind Boost', 'Power Charge', 'Auto-Tarukaja']
['Mazionga', 'Power Charge', 'Rakukaja', 'Tarukaja']
['Wind Boost', 'Rakukaja', 'Sharp Student', 'Mazionga']
['Trafuri', 'Sharp Student', 'Mazionga', 'Tarukaja']
['Tarukaja', 'Null Distress', 'Rakukaja', 'Mazionga']
['Mazionga', 'Wind Break', 'Auto-Tarukaja', 'Wind Boost']
['Rakukaja', 'Mazionga', 'Wind Boost', 'Me Patra']
['Wind Break', 'Mazionga', 'Sharp Student', 'Zan-ei']
['Mazionga', 'Power Charge', 'Rakukaja', 'Wind Amp']
['Matarukaja', 'Mazionga', 'Auto-Tarukaja', 'Sharp Student']
['Wind Amp', 'Mazionga', 'Trafuri', 'Tarukaja']
['Tarukaja', 'Rakukaja', 'Mazionga', 'Me Patra']
['Mazionga', 'Wind Amp', 'Trafuri', 'Auto-Tarukaja']
['Mazionga', 'Wind Boost', 'Tarukaja', 'Trafuri']
['Mazionga', 'Tarukaja', 'Wind Amp', 'Wind Boost']
['Power Charge', 'Mazionga', 'Tarukaja', 'Rakukaja']
['Mazionga', 'Me Patra', 'Auto-Tarukaja', 'Wind Boost']
['Mazionga', 'Tarukaja', 'Power Charge', 'Recarmdra']
['Rakukaja', 'Mazionga', 'Wind Boost', 'Tarukaja']
['Wind Boost', 'Matarukaja', 'Mazionga', 'Wind Break']
['Wind Amp', 'Power Charge', 'Sharp Student', 'Trafuri']
['Mazionga', 'Tarukaja', 'Zan-ei', 'Sharp Student']
['Null Distress', 'Mazionga', 'Tarukaja', 'Auto-Tarukaja']
['Mazionga', 'Rakukaja', 'Wind Boost', 'Null Distress']
['Torrent Shot', 'Mazionga', 'Tarukaja', 'Wind Boost']
['Wind Boost', 'Mazionga', 'Trafuri', 'Me Patra']
['Mazionga', 'Rakukaja', 'Power Charge', 'Me Patra']
['Rakukaja', 'Null Distress', 'Sharp Student', 'Mazionga']
['Wind Boost', 'Null Distress', 'Trafuri', 'Mazionga']
['Mazionga', 'Tarukaja', 'Wind Break', 'Wind Boost']
['Mazionga', 'Tarukaja', 'Power Charge', 'Wind Boost']
['Rakukaja', 'Me Patra', 'Mazionga', 'Zan-ei']
['Tarukaja', 'Mazionga', 'Rakukaja', 'Sharp Student']
['Mazionga', 'Wind Boost', 'Null Distress', 'Wind Amp']
['Wind Boost', 'Power Charge', 'Matarukaja', 'Me Patra']
['Tarukaja', 'Recarmdra', 'Mazionga', 'Wind Break']
['Matarukaja', 'Me Patra', 'Mazionga', 'Wind Boost']
['Tarukaja', 'Auto-Tarukaja', 'Null Distress', 'Mazionga']
['Mazionga', 'Trafuri', 'Rakukaja', 'Wind Amp']
['Me Patra', 'Rakukaja', 'Wind Boost', 'Mazionga']
['Sharp Student', 'Mazionga', 'Trafuri', 'Wind Amp']
['Mazionga', 'Sharp Student', 'Matarukaja', 'Rakukaja']
['Wind Break', 'Mazionga', 'Rakukaja', 'Wind Boost']
['Me Patra', 'Mazionga', 'Power Charge', 'Wind Boost']
['Tarukaja', 'Mazionga', 'Rakukaja', 'Me Patra']
['Mazionga', 'Wind Boost', 'Wind Break', 'Matarukaja']
['Rakukaja', 'Mazionga', 'Auto-Tarukaja', 'Tarukaja']
['Me Patra', 'Wind Boost', 'Rakukaja', 'Wind Break']
['Rakukaja', 'Mazionga', 'Tarukaja', 'Sharp Student']
['Sharp Student', 'Rakukaja', 'Wind Amp', 'Mazionga']
['Me Patra', 'Mazionga', 'Wind Amp', 'Sharp Student']
['Mazionga', 'Wind Amp', 'Me Patra', 'Matarukaja']
['Wind Amp', 'Trafuri', 'Matarukaja', 'Mazionga']
['Wind Boost', 'Sharp Student', 'Wind Amp', 'Tarukaja']
['Rakukaja', 'Mazionga', 'Auto-Tarukaja', 'Zan-ei']
['Tarukaja', 'Wind Boost', 'Sharp Student', 'Rakukaja']
['Mazionga', 'Me Patra', 'Power Charge', 'Null Distress']
['Power Charge', 'Mazionga', 'Torrent Shot', 'Matarukaja']
['Mazionga', 'Rakukaja', 'Tarukaja', 'Auto-Tarukaja']
['Mazionga', 'Tarukaja', 'Power Charge', 'Wind Amp']
['Wind Amp', 'Mazionga', 'Tarukaja', 'Wind Boost']
['Mazionga', 'Rakukaja', 'Sharp Student', 'Auto-Tarukaja']
['Null Distress', 'Tarukaja', 'Power Charge', 'Mazionga']
['Rakukaja', 'Wind Boost', 'Null Distress', 'Zan-ei']
['Power Charge', 'Matarukaja', 'Tarukaja', 'Mazionga']
['Power Charge', 'Wind Amp', 'Rakukaja', 'Wind Boost']
['Wind Amp', 'Mazionga', 'Zan-ei', 'Me Patra']
['Tarukaja', 'Mazionga', 'Me Patra', 'Wind Break']
['Matarukaja', 'Rakukaja', 'Me Patra', 'Tarukaja']
['Rakukaja', 'Sharp Student', 'Tarukaja', 'Mazionga']
['Wind Boost', 'Mazionga', 'Power Charge', 'Sharp Student']
['Null Distress', 'Tarukaja', 'Mazionga', 'Recarmdra']
['Rakukaja', 'Mazionga', 'Tarukaja', 'Wind Break']
['Mazionga', 'Wind Break', 'Wind Boost', 'Power Charge']
['Auto-Tarukaja', 'Mazionga', 'Rakukaja', 'Wind Break']
['Me Patra', 'Wind Break', 'Tarukaja', 'Mazionga']
['Recarmdra', 'Mazionga', 'Sharp Student', 'Matarukaja']
['Mazionga', 'Power Charge', 'Zan-ei', 'Rakukaja']
['Trafuri', 'Me Patra', 'Mazionga', 'Tarukaja']
['Power Charge', 'Mazionga', 'Wind Break', 'Matarukaja']
['Matarukaja', 'Mazionga', 'Wind Amp', 'Null Distress']
['Auto-Tarukaja', 'Mazionga', 'Trafuri', 'Matarukaja']
['Mazionga', 'Power Charge', 'Rakukaja', 'Tarukaja']
['Me Patra', 'Mazionga', 'Tarukaja', 'Wind Boost']
['Sharp Student', 'Wind Amp', 'Mazionga', 'Wind Boost']
['Mazionga', 'Rakukaja', 'Null Distress', 'Me Patra']
['Me Patra', 'Zan-ei', 'Wind Amp', 'Torrent Shot']
['Matarukaja', 'Mazionga', 'Me Patra', 'Wind Boost']
['Sharp Student', 'Mazionga', 'Auto-Tarukaja', 'Wind Boost']
['Wind Break', 'Mazionga', 'Sharp Student', 'Matarukaja']
['Sharp Student', 'Auto-Tarukaja', 'Me Patra', 'Wind Boost']
['Wind Break', 'Mazionga', 'Recarmdra', 'Wind Boost']
['Rakukaja', 'Mazionga', 'Sharp Student', 'Wind Boost']
['Sharp Student', 'Wind Boost', 'Mazionga', 'Tarukaja']
['Auto-Tarukaja', 'Tarukaja', 'Mazionga', 'Power Charge']
['Recarmdra', 'Mazionga', 'Wind Amp', 'Rakukaja']
['Power Charge', 'Rakukaja', 'Auto-Tarukaja', 'Zan-ei']
['Wind Boost', 'Sharp Student', 'Mazionga', 'Power Charge']
['Wind Amp', 'Mazionga', 'Tarukaja', 'Recarmdra']
['Tarukaja', 'Wind Boost', 'Matarukaja', 'Wind Break']
['Power Charge', 'Mazionga', 'Auto-Tarukaja', 'Rakukaja']
['Rakukaja', 'Mazionga', 'Wind Break', 'Power Charge']
['Rakukaja', 'Herculean Strike', 'Mazionga', 'Sharp Student']
['Mazionga', 'Me Patra', 'Tarukaja', 'Auto-Tarukaja']
['Mazionga', 'Matarukaja', 'Auto-Tarukaja', 'Tarukaja']
['Matarukaja', 'Me Patra', 'Auto-Tarukaja', 'Mazionga']
['Wind Boost', 'Zan-ei', 'Herculean Strike', 'Mazionga']
['Mazionga', 'Trafuri', 'Wind Boost', 'Sharp Student']
['Wind Amp', 'Mazionga', 'Me Patra', 'Wind Boost']
['Null Distress', 'Wind Break', 'Mazionga', 'Tarukaja']
['Tarukaja', 'Null Distress', 'Mazionga', 'Wind Break']
['Mazionga', 'Wind Break', 'Tarukaja', 'Wind Amp']
['Mazionga', 'Auto-Tarukaja', 'Tarukaja', 'Wind Break']
['Mazionga', 'Null Distress', 'Sharp Student', 'Tarukaja']
['Me Patra', 'Sharp Student', 'Wind Break', 'Trafuri']
['Wind Break', 'Sharp Student', 'Me Patra', 'Null Distress']
['Tarukaja', 'Power Charge', 'Mazionga', 'Zan-ei']
['Auto-Tarukaja', 'Recarmdra', 'Power Charge', 'Rakukaja']
['Sharp Student', 'Mazionga', 'Auto-Tarukaja', 'Wind Amp']
['Wind Boost', 'Me Patra', 'Mazionga', 'Sharp Student']
['Sharp Student', 'Tarukaja', 'Mazionga', 'Auto-Tarukaja']
['Herculean Strike', 'Mazionga', 'Wind Boost', 'Auto-Tarukaja']
['Mazionga', 'Trafuri', 'Rakukaja', 'Power Charge']
['Tarukaja', 'Mazionga', 'Power Charge', 'Trafuri']
['Mazionga', 'Trafuri', 'Tarukaja', 'Rakukaja']
['Mazionga', 'Wind Boost', 'Me Patra', 'Power Charge']
['Tarukaja', 'Matarukaja', 'Wind Boost', 'Mazionga']
['Mazionga', 'Rakukaja', 'Sharp Student', 'Wind Amp']
['Mazionga', 'Me Patra', 'Wind Boost', 'Sharp Student']
['Mazionga', 'Rakukaja', 'Matarukaja', 'Wind Break']
['Me Patra', 'Tarukaja', 'Mazionga', 'Herculean Strike']
['Tarukaja', 'Rakukaja', 'Wind Break', 'Mazionga']
['Wind Break', 'Me Patra', 'Mazionga', 'Tarukaja']
['Rakukaja', 'Mazionga', 'Null Distress', 'Tarukaja']
['Mazionga', 'Wind Break', 'Me Patra', 'Wind Amp']
['Zan-ei', 'Sharp Student', 'Trafuri', 'Wind Boost']
['Rakukaja', 'Mazionga', 'Me Patra', 'Tarukaja']
['Wind Boost', 'Rakukaja', 'Wind Amp', 'Mazionga']
['Tarukaja', 'Mazionga', 'Auto-Tarukaja', 'Me Patra']
['Tarukaja', 'Null Distress', 'Trafuri', 'Mazionga']
['Mazionga', 'Me Patra', 'Wind Break', 'Matarukaja']
['Power Charge', 'Herculean Strike', 'Torrent Shot', 'Mazionga']
['Mazionga', 'Wind Boost', 'Herculean Strike', 'Wind Amp']
['Mazionga', 'Auto-Tarukaja', 'Wind Amp', 'Sharp Student']
['Auto-Tarukaja', 'Matarukaja', 'Tarukaja', 'Power Charge']
['Mazionga', 'Wind Boost', 'Wind Amp', 'Null Distress']
['Mazionga', 'Null Distress', 'Tarukaja', 'Sharp Student']
['Tarukaja', 'Sharp Student', 'Matarukaja', 'Mazionga']
['Mazionga', 'Wind Amp', 'Wind Boost', 'Power Charge']
['Null Distress', 'Mazionga', 'Wind Boost', 'Sharp Student']
['Wind Amp', 'Wind Break', 'Auto-Tarukaja', 'Tarukaja']
['Mazionga', 'Matarukaja', 'Wind Break', 'Wind Amp']
['Mazionga', 'Recarmdra', 'Rakukaja', 'Wind Boost']
['Mazionga', 'Sharp Student', 'Power Charge', 'Wind Break']
['Sharp Student', 'Auto-Tarukaja', 'Mazionga', 'Power Charge']
['Auto-Tarukaja', 'Zan-ei', 'Tarukaja', 'Wind Break']
['Wind Boost', 'Auto-Tarukaja', 'Sharp Student', 'Recarmdra']
['Tarukaja', 'Rakukaja', 'Mazionga', 'Wind Boost']
['Mazionga', 'Rakukaja', 'Wind Break', 'Power Charge']
['Power Charge', 'Mazionga', 'Rakukaja', 'Trafuri']
['Mazionga', 'Power Charge', 'Trafuri', 'Zan-ei']
['Herculean Strike', 'Trafuri', 'Matarukaja', 'Power Charge']
['Wind Boost', 'Rakukaja', 'Mazionga', 'Auto-Tarukaja']
['Trafuri', 'Auto-Tarukaja', 'Herculean Strike', 'Sharp Student']
['Wind Break', 'Mazionga', 'Sharp Student', 'Null Distress']
['Mazionga', 'Zan-ei', 'Null Distress', 'Wind Break']
['Mazionga', 'Tarukaja', 'Wind Break', 'Matarukaja']
['Wind Amp', 'Rakukaja', 'Null Distress', 'Wind Boost']
['Me Patra', 'Wind Amp', 'Mazionga', 'Sharp Student']
['Tarukaja', 'Mazionga', 'Wind Amp', 'Power Charge']
['Tarukaja', 'Rakukaja', 'Mazionga', 'Trafuri']
['Rakukaja', 'Mazionga', 'Wind Boost', 'Recarmdra']
['Power Charge', 'Wind Boost', 'Me Patra', 'Rakukaja']
['Recarmdra', 'Trafuri', 'Matarukaja', 'Mazionga']
['Wind Break', 'Mazionga', 'Wind Boost', 'Rakukaja']
['Wind Boost', 'Mazionga', 'Rakukaja', 'Wind Break']
['Wind Break', 'Sharp Student', 'Mazionga', 'Zan-ei']
['Recarmdra', 'Rakukaja', 'Auto-Tarukaja', 'Wind Boost']
['Tarukaja', 'Null Distress', 'Mazionga', 'Rakukaja']
['Trafuri', 'Tarukaja', 'Mazionga', 'Me Patra']
['Wind Boost', 'Mazionga', 'Auto-Tarukaja', 'Rakukaja']
['Auto-Tarukaja', 'Mazionga', 'Wind Boost', 'Tarukaja']
['Mazionga', 'Auto-Tarukaja', 'Wind Boost', 'Me Patra']
['Sharp Student', 'Rakukaja', 'Mazionga', 'Wind Break']
['Mazionga', 'Wind Amp', 'Tarukaja', 'Auto-Tarukaja']
['Recarmdra', 'Mazionga', 'Torrent Shot', 'Wind Amp']
['Auto-Tarukaja', 'Wind Break', 'Rakukaja', 'Power Charge']
['Zan-ei', 'Wind Amp', 'Wind Boost', 'Me Patra']
['Mazionga', 'Auto-Tarukaja', 'Tarukaja', 'Sharp Student']
['Mazionga', 'Recarmdra', 'Rakukaja', 'Auto-Tarukaja']
['Mazionga', 'Tarukaja', 'Null Distress', 'Sharp Student']
['Rakukaja', 'Me Patra', 'Trafuri', 'Mazionga']
['Me Patra', 'Tarukaja', 'Wind Boost', 'Mazionga']
['Mazionga', 'Zan-ei', 'Wind Boost', 'Rakukaja']
['Wind Boost', 'Matarukaja', 'Mazionga', 'Auto-Tarukaja']
['Mazionga', 'Zan-ei', 'Wind Break', 'Matarukaja']
['Me Patra', 'Tarukaja', 'Wind Break', 'Mazionga']
['Mazionga', 'Power Charge', 'Sharp Student', 'Wind Boost']
['Matarukaja', 'Tarukaja', 'Auto-Tarukaja', 'Power Charge']
['Mazionga', 'Matarukaja', 'Tarukaja', 'Auto-Tarukaja']
['Mazionga', 'Tarukaja', 'Wind Boost', 'Rakukaja']
['Mazionga', 'Wind Amp', 'Tarukaja', 'Power Charge']
['Wind Amp', 'Mazionga', 'Rakukaja', 'Power Charge']
['Mazionga', 'Wind Boost', 'Wind Break', 'Recarmdra']
['Mazionga', 'Sharp Student', 'Trafuri', 'Power Charge']
['Mazionga', 'Me Patra', 'Wind Break', 'Null Distress']
['Mazionga', 'Wind Boost', 'Tarukaja', 'Wind Amp']
['Tarukaja', 'Sharp Student', 'Wind Amp', 'Mazionga']
['Me Patra', 'Wind Boost', 'Matarukaja', 'Mazionga']
['Wind Amp', 'Mazionga', 'Wind Break', 'Tarukaja']
['Rakukaja', 'Wind Amp', 'Null Distress', 'Matarukaja']
['Zan-ei', 'Tarukaja', 'Sharp Student', 'Auto-Tarukaja']
['Mazionga', 'Auto-Tarukaja', 'Sharp Student', 'Wind Amp']
['Matarukaja', 'Tarukaja', 'Rakukaja', 'Sharp Student']
['Sharp Student', 'Tarukaja', 'Auto-Tarukaja', 'Mazionga']
['Wind Break', 'Sharp Student', 'Mazionga', 'Me Patra']
['Recarmdra', 'Wind Boost', 'Tarukaja', 'Power Charge']
['Me Patra', 'Mazionga', 'Wind Break', 'Wind Boost']
['Mazionga', 'Auto-Tarukaja', 'Wind Boost', 'Tarukaja']
['Sharp Student', 'Tarukaja', 'Mazionga', 'Rakukaja']
['Mazionga', 'Auto-Tarukaja', 'Wind Break', 'Wind Boost']
['Auto-Tarukaja', 'Wind Amp', 'Mazionga', 'Tarukaja']
['Mazionga', 'Auto-Tarukaja', 'Tarukaja', 'Wind Break']
['Mazionga', 'Wind Boost', 'Auto-Tarukaja', 'Power Charge']
['Wind Boost', 'Mazionga', 'Wind Amp', 'Zan-ei']
['Mazionga', 'Power Charge', 'Null Distress', 'Wind Boost']
['Mazionga', 'Null Distress', 'Recarmdra', 'Wind Amp']
['Null Distress', 'Recarmdra', 'Matarukaja', 'Auto-Tarukaja']
['Wind Amp', 'Tarukaja', 'Rakukaja', 'Matarukaja']
['Mazionga', 'Matarukaja', 'Tarukaja', 'Wind Break']
['Mazionga', 'Zan-ei', 'Wind Amp', 'Wind Boost']
['Tarukaja', 'Mazionga', 'Wind Amp', 'Power Charge']
['Tarukaja', 'Sharp Student', 'Auto-Tarukaja', 'Mazionga']
['Wind Boost', 'Mazionga', 'Rakukaja', 'Zan-ei']
['Auto-Tarukaja', 'Wind Amp', 'Wind Boost', 'Trafuri']
['Mazionga', 'Wind Amp', 'Tarukaja', 'Null Distress']
['Mazionga', 'Herculean Strike', 'Null Distress', 'Wind Break']
['Auto-Tarukaja', 'Mazionga', 'Rakukaja', 'Wind Boost']
['Sharp Student', 'Me Patra', 'Mazionga', 'Wind Boost']
['Torrent Shot', 'Mazionga', 'Tarukaja', 'Auto-Tarukaja']
['Mazionga', 'Wind Amp', 'Sharp Student', 'Me Patra']
['Power Charge', 'Mazionga', 'Torrent Shot', 'Trafuri']
['Wind Boost', 'Sharp Student', 'Rakukaja', 'Trafuri']
['Sharp Student', 'Wind Boost', 'Auto-Tarukaja', 'Mazionga']
['Wind Break', 'Null Distress', 'Sharp Student', 'Wind Amp']
['Wind Break', 'Matarukaja', 'Me Patra', 'Auto-Tarukaja']
['Mazionga', 'Trafuri', 'Wind Break', 'Me Patra']
['Mazionga', 'Wind Boost', 'Tarukaja', 'Sharp Student']
['Wind Boost', 'Mazionga', 'Null Distress', 'Matarukaja']
['Mazionga', 'Sharp Student', 'Me Patra', 'Null Distress']
['Wind Boost', 'Tarukaja', 'Sharp Student', 'Mazionga']
['Auto-Tarukaja', 'Null Distress', 'Tarukaja', 'Mazionga']
['Wind Boost', 'Wind Amp', 'Rakukaja', 'Matarukaja']
['Sharp Student', 'Mazionga', 'Auto-Tarukaja', 'Wind Amp']
['Mazionga', 'Me Patra', 'Rakukaja', 'Wind Boost']
['Mazionga', 'Me Patra', 'Power Charge', 'Tarukaja']
['Rakukaja', 'Mazionga', 'Matarukaja', 'Tarukaja']
['Recarmdra', 'Rakukaja', 'Mazionga', 'Tarukaja']
['Wind Boost', 'Herculean Strike', 'Tarukaja', 'Mazionga']
['Wind Boost', 'Mazionga', 'Wind Amp', 'Null Distress']
['Mazionga', 'Tarukaja', 'Rakukaja', 'Power Charge']
['Rakukaja', 'Mazionga', 'Null Distress', 'Trafuri']
['Wind Boost', 'Rakukaja', 'Mazionga', 'Tarukaja']
['Wind Amp', 'Mazionga', 'Sharp Student', 'Wind Break']
['Mazionga', 'Me Patra', 'Rakukaja', 'Sharp Student']
['Zan-ei', 'Recarmdra', 'Wind Amp', 'Mazionga']
['Mazionga', 'Rakukaja', 'Wind Break', 'Sharp Student']
['Matarukaja', 'Rakukaja', 'Mazionga', 'Power Charge']
['Tarukaja', 'Null Distress', 'Mazionga', 'Torrent Shot']
['Tarukaja', 'Mazionga', 'Sharp Student', 'Wind Amp']
['Tarukaja', 'Wind Break', 'Sharp Student', 'Recarmdra']
['Auto-Tarukaja', 'Sharp Student', 'Mazionga', 'Tarukaja']
['Wind Break', 'Trafuri', 'Mazionga', 'Auto-Tarukaja']
['Rakukaja', 'Wind Boost', 'Wind Break', 'Sharp Student']
['Power Charge', 'Mazionga', 'Tarukaja', 'Auto-Tarukaja']
['Trafuri', 'Wind Boost', 'Mazionga', 'Sharp Student']
['Mazionga', 'Wind Break', 'Me Patra', 'Matarukaja']
['Wind Break', 'Tarukaja', 'Auto-Tarukaja', 'Mazionga']
['Mazionga', 'Wind Boost', 'Recarmdra', 'Rakukaja']
['Rakukaja', 'Null Distress', 'Mazionga', 'Wind Boost']
['Mazionga', 'Torrent Shot', 'Auto-Tarukaja', 'Me Patra']
['Mazionga', 'Recarmdra', 'Null Distress', 'Herculean Strike']
['Zan-ei', 'Mazionga', 'Power Charge', 'Wind Break']
['Null Distress', 'Wind Break', 'Rakukaja', 'Mazionga']
['Null Distress', 'Power Charge', 'Mazionga', 'Rakukaja']
['Mazionga', 'Wind Amp', 'Rakukaja', 'Tarukaja']
['Mazionga', 'Me Patra', 'Auto-Tarukaja', 'Tarukaja']
['Sharp Student', 'Tarukaja', 'Mazionga', 'Power Charge']
['Mazionga', 'Wind Break', 'Rakukaja', 'Auto-Tarukaja']
['Mazionga', 'Trafuri', 'Me Patra', 'Tarukaja']
['Null Distress', 'Matarukaja', 'Mazionga', 'Tarukaja']
['Mazionga', 'Trafuri', 'Auto-Tarukaja', 'Power Charge']
['Tarukaja', 'Rakukaja', 'Wind Boost', 'Herculean Strike']
['Mazionga', 'Power Charge', 'Herculean Strike', 'Rakukaja']
['Mazionga', 'Auto-Tarukaja', 'Power Charge', 'Torrent Shot']
['Mazionga', 'Me Patra', 'Wind Boost', 'Matarukaja']
['Mazionga', 'Tarukaja', 'Auto-Tarukaja', 'Wind Amp']
['Matarukaja', 'Mazionga', 'Tarukaja', 'Wind Break']
['Mazionga', 'Wind Boost', 'Rakukaja', 'Recarmdra']
['Mazionga', 'Recarmdra', 'Wind Boost', 'Rakukaja']
['Mazionga', 'Wind Boost', 'Me Patra', 'Rakukaja']
['Recarmdra', 'Power Charge', 'Mazionga', 'Rakukaja']
['Tarukaja', 'Mazionga', 'Sharp Student', 'Auto-Tarukaja']
['Tarukaja', 'Mazionga', 'Null Distress', 'Me Patra']
['Trafuri', 'Me Patra', 'Wind Boost', 'Mazionga']
['Wind Boost', 'Auto-Tarukaja', 'Mazionga', 'Rakukaja']
['Wind Amp', 'Me Patra', 'Tarukaja', 'Torrent Shot']
['Mazionga', 'Auto-Tarukaja', 'Me Patra', 'Tarukaja']
['Matarukaja', 'Mazionga', 'Wind Amp', 'Null Distress']
['Wind Break', 'Wind Boost', 'Mazionga', 'Trafuri']
['Auto-Tarukaja', 'Sharp Student', 'Wind Boost', 'Mazionga']
['Mazionga', 'Rakukaja', 'Wind Boost', 'Matarukaja']
['Mazionga', 'Wind Boost', 'Rakukaja', 'Sharp Student']
['Rakukaja', 'Wind Break', 'Tarukaja', 'Mazionga']
['Auto-Tarukaja', 'Mazionga', 'Wind Boost', 'Tarukaja']
['Auto-Tarukaja', 'Sharp Student', 'Mazionga', 'Wind Amp']
['Mazionga', 'Sharp Student', 'Rakukaja', 'Wind Boost']
['Tarukaja', 'Mazionga', 'Auto-Tarukaja', 'Recarmdra']
['Tarukaja', 'Wind Amp', 'Mazionga', 'Rakukaja']
['Torrent Shot', 'Wind Break', 'Power Charge', 'Wind Boost']
['Auto-Tarukaja', 'Power Charge', 'Rakukaja', 'Me Patra']
['Wind Amp', 'Tarukaja', 'Matarukaja', 'Sharp Student']
['Sharp Student', 'Wind Boost', 'Mazionga', 'Auto-Tarukaja']
['Mazionga', 'Wind Boost', 'Power Charge', 'Rakukaja']
['Auto-Tarukaja', 'Herculean Strike', 'Me Patra', 'Tarukaja']
['Tarukaja', 'Mazionga', 'Wind Break', 'Recarmdra']
['Null Distress', 'Auto-Tarukaja', 'Me Patra', 'Rakukaja']
['Wind Boost', 'Wind Break', 'Sharp Student', 'Rakukaja']
['Mazionga', 'Matarukaja', 'Wind Amp', 'Tarukaja']
['Power Charge', 'Trafuri', 'Me Patra', 'Tarukaja']
['Tarukaja', 'Wind Boost', 'Sharp Student', 'Wind Amp']
['Rakukaja', 'Wind Boost', 'Mazionga', 'Herculean Strike']
['Trafuri', 'Recarmdra', 'Sharp Student', 'Me Patra']
['Sharp Student', 'Tarukaja', 'Matarukaja', 'Rakukaja']
['Mazionga', 'Tarukaja', 'Wind Break', 'Wind Boost']
['Recarmdra', 'Power Charge', 'Mazionga', 'Wind Boost']
['Rakukaja', 'Matarukaja', 'Mazionga', 'Wind Break']
['Wind Break', 'Mazionga', 'Auto-Tarukaja', 'Tarukaja']
['Mazionga', 'Wind Amp', 'Wind Break', 'Sharp Student']
['Matarukaja', 'Rakukaja', 'Zan-ei', 'Mazionga']
['Auto-Tarukaja', 'Wind Boost', 'Mazionga', 'Rakukaja']
['Matarukaja', 'Tarukaja', 'Auto-Tarukaja', 'Mazionga']
['Mazionga', 'Auto-Tarukaja', 'Rakukaja', 'Power Charge']
['Rakukaja', 'Mazionga', 'Matarukaja', 'Tarukaja']
['Mazionga', 'Auto-Tarukaja', 'Wind Boost', 'Sharp Student']
['Tarukaja', 'Zan-ei', 'Wind Break', 'Mazionga']
['Me Patra', 'Rakukaja', 'Recarmdra', 'Mazionga']
['Mazionga', 'Tarukaja', 'Zan-ei', 'Sharp Student']
['Mazionga', 'Me Patra', 'Rakukaja', 'Matarukaja']
['Wind Boost', 'Matarukaja', 'Recarmdra', 'Rakukaja']
['Mazionga', 'Auto-Tarukaja', 'Tarukaja', 'Wind Boost']
['Mazionga', 'Zan-ei', 'Me Patra', 'Wind Break']
['Zan-ei', 'Wind Boost', 'Herculean Strike', 'Recarmdra']
['Matarukaja', 'Wind Break', 'Tarukaja', 'Mazionga']
['Wind Boost', 'Mazionga', 'Power Charge', 'Recarmdra']
['Tarukaja', 'Me Patra', 'Wind Boost', 'Mazionga']
['Mazionga', 'Tarukaja', 'Auto-Tarukaja', 'Wind Boost']
['Mazionga', 'Wind Break', 'Me Patra', 'Matarukaja']
['Wind Boost', 'Me Patra', 'Tarukaja', 'Rakukaja']
['Rakukaja', 'Auto-Tarukaja', 'Mazionga', 'Me Patra']
['Mazionga', 'Wind Boost', 'Rakukaja', 'Tarukaja']
['Me Patra', 'Auto-Tarukaja', 'Rakukaja', 'Mazionga']
['Sharp Student', 'Mazionga', 'Rakukaja', 'Wind Break']
['Matarukaja', 'Mazionga', 'Power Charge', 'Sharp Student']
['Mazionga', 'Tarukaja', 'Auto-Tarukaja', 'Wind Break']
['Tarukaja', 'Sharp Student', 'Rakukaja', 'Mazionga']
['Tarukaja', 'Rakukaja', 'Mazionga', 'Auto-Tarukaja']
['Trafuri', 'Wind Amp', 'Power Charge', 'Herculean Strike']
['Recarmdra', 'Rakukaja', 'Mazionga', 'Sharp Student']
['Tarukaja', 'Mazionga', 'Matarukaja', 'Sharp Student']
['Auto-Tarukaja', 'Rakukaja', 'Tarukaja', 'Mazionga']
['Auto-Tarukaja', 'Wind Amp', 'Rakukaja', 'Mazionga']
['Zan-ei', 'Null Distress', 'Tarukaja', 'Power Charge']
['Me Patra', 'Wind Boost', 'Mazionga', 'Power Charge']
['Mazionga', 'Sharp Student', 'Zan-ei', 'Wind Boost']
['Mazionga', 'Rakukaja', 'Me Patra', 'Recarmdra']
['Mazionga', 'Wind Boost', 'Null Distress', 'Tarukaja']
['Wind Boost', 'Recarmdra', 'Rakukaja', 'Mazionga']
['Tarukaja', 'Auto-Tarukaja', 'Wind Break', 'Recarmdra']
['Mazionga', 'Power Charge', 'Rakukaja', 'Me Patra']
['Zan-ei', 'Herculean Strike', 'Rakukaja', 'Me Patra']
['Wind Boost', 'Recarmdra', 'Me Patra', 'Mazionga']
['Auto-Tarukaja', 'Mazionga', 'Rakukaja', 'Null Distress']
