['Garudyne', 'Mamudoon', 'Victory Cry', 'Power Charge']
['Makarakarn', 'Power Charge', 'Virus Breath', 'Garudyne']
['Tarukaja', 'Power Charge', 'High Counter', 'Garudyne']
['Tarukaja', 'Garudyne', 'Sexy Dance', 'Matarunda']
['High Counter', 'Megidolaon', 'Matarunda', 'Makarakarn']
['Garudyne', 'Matarunda', 'Tarukaja', 'Victory Cry']
['Garudyne', 'High Counter', 'Sexy Dance', 'Tarukaja']
['Garudyne', 'Tarukaja', 'Victory Cry', 'Power Charge']
['Sexy Dance', 'Garudyne', 'Power Charge', 'Makarakarn']
['Virus Breath', 'Garudyne', 'Fatal End', 'Power Charge']
['Garudyne', 'Arrow Rain', 'Sexy Dance', 'Matarunda']
['Virus Breath', 'Garudyne', 'High Counter', 'Sexy Dance']
['Garudyne', 'Sexy Dance', 'Tarukaja', 'Megidolaon']
['Makarakarn', 'High Counter', 'Tarukaja', 'Garudyne']
['Garudyne', 'Matarunda', 'Tarukaja', 'Power Charge']
['Power Charge', 'Tarukaja', 'Garudyne', 'Poison Arrow']
['Spell Master', 'Garudyne', 'Matarunda', 'Mamudoon']
['Sexy Dance', 'Victory Cry', 'Garudyne', 'Mamudoon']
['Sexy Dance', 'Garudyne', 'High Counter', 'Virus Breath']
['Garudyne', 'Poison Arrow', 'Matarunda', 'High Counter']
['Garudyne', 'High Counter', 'Sexy Dance', 'Tarukaja']
['Tarukaja', 'Garudyne', 'Fatal End', 'High Counter']
['Makarakarn', 'Tarukaja', 'Garudyne', 'Spell Master']
['Virus Breath', 'Tarukaja', 'Garudyne', 'Poison Arrow']
['Garudyne', 'Matarunda', 'Tarukaja', 'Mamudoon']
['Tarukaja', 'Matarunda', 'Arrow Rain', 'Garudyne']
['Garudyne', 'Power Charge', 'Tarukaja', 'Mamudoon']
['Garudyne', 'Tarukaja', 'Makarakarn', 'High Counter']
['Garudyne', 'Power Charge', 'Matarunda', 'Victory Cry']
['Garudyne', 'Power Charge', 'Virus Breath', 'Spell Master']
['Garudyne', 'Matarunda', 'Power Charge', 'Mamudoon']
['Tarukaja', 'Sexy Dance', 'Mamudoon', 'Matarunda']
['Power Charge', 'Tarukaja', 'Spell Master', 'Garudyne']
['Spell Master', 'Tarukaja', 'Garudyne', 'Power Charge']
['Spell Master', 'Garudyne', 'Tarukaja', 'Brave Blade']
['Garudyne', 'Spell Master', 'Matarunda', 'Tarukaja']
['Garudyne', 'Matarunda', 'Tarukaja', 'Power Charge']
['Garudyne', 'Sexy Dance', 'Tarukaja', 'Mamudoon']
['Mamudoon', 'Garudyne', 'Tarukaja', 'High Counter']
['Sexy Dance', 'Power Charge', 'Matarunda', 'Spell Master']
['Tarukaja', 'Garudyne', 'Power Charge', 'Sexy Dance']
['Tarukaja', 'High Counter', 'Garudyne', 'Sexy Dance']
['High Counter', 'Garudyne', 'Sexy Dance', 'Power Charge']
['Garudyne', 'Tarukaja', 'Power Charge', 'Fatal End']
['Garudyne', 'Power Charge', 'Sexy Dance', 'Mamudoon']
['Garudyne', 'Virus Breath', 'Tarukaja', 'Fatal End']
['Mamudoon', 'Garudyne', 'Sexy Dance', 'Matarunda']
['Garudyne', 'Virus Breath', 'Victory Cry', 'Tarukaja']
['Victory Cry', 'Garudyne', 'Tarukaja', 'Power Charge']
['Matarunda', 'Power Charge', 'Virus Breath', 'Tarukaja']
['Tarukaja', 'Garudyne', 'Virus Breath', 'Poison Arrow']
['Sexy Dance', 'Power Charge', 'Garudyne', 'Mamudoon']
['Matarunda', 'Garudyne', 'Victory Cry', 'Power Charge']
['Garudyne', 'Arrow Rain', 'Victory Cry', 'Makarakarn']
['Tarukaja', 'Garudyne', 'Power Charge', 'Sexy Dance']
['Power Charge', 'Garudyne', 'Spell Master', 'Tarukaja']
['Power Charge', 'Garudyne', 'Mamudoon', 'Sexy Dance']
['Makarakarn', 'Tarukaja', 'Power Charge', 'Megidolaon']
['Garudyne', 'Victory Cry', 'Makarakarn', 'Fatal End']
['Matarunda', 'Sexy Dance', 'Garudyne', 'Makarakarn']
['Matarunda', 'Power Charge', 'Garudyne', 'High Counter']
['Garudyne', 'Tarukaja', 'Makarakarn', 'Mamudoon']
['Power Charge', 'Matarunda', 'Garudyne', 'Spell Master']
['Garudyne', 'Tarukaja', 'Power Charge', 'High Counter']
['Tarukaja', 'Garudyne', 'Matarunda', 'Sexy Dance']
['Arrow Rain', 'Tarukaja', 'Matarunda', 'Garudyne']
['Victory Cry', 'High Counter', 'Mamudoon', 'Power Charge']
['Garudyne', 'Tarukaja', 'Brave Blade', 'High Counter']
['Mamudoon', 'Garudyne', 'Tarukaja', 'Matarunda']
['Tarukaja', 'Garudyne', 'Sexy Dance', 'Power Charge']
['Victory Cry', 'Sexy Dance', 'Power Charge', 'Tarukaja']
['High Counter', 'Garudyne', 'Sexy Dance', 'Tarukaja']
['Makarakarn', 'Power Charge', 'High Counter', 'Mamudoon']
['Tarukaja', 'Garudyne', 'Power Charge', 'Matarunda']
['Garudyne', 'Spell Master', 'Virus Breath', 'Sexy Dance']
['Matarunda', 'Garudyne', 'Tarukaja', 'Spell Master']
['Sexy Dance', 'Tarukaja', 'Garudyne', 'Arrow Rain']
['Sexy Dance', 'Garudyne', 'Victory Cry', 'Tarukaja']
['Mamudoon', 'Sexy Dance', 'High Counter', 'Garudyne']
['Matarunda', 'Power Charge', 'Tarukaja', 'Garudyne']
['Matarunda', 'Sexy Dance', 'Garudyne', 'Tarukaja']
['Sexy Dance', 'Garudyne', 'Tarukaja', 'High Counter']
['Sexy Dance', 'Garudyne', 'Tarukaja', 'Power Charge']
['Garudyne', 'Spell Master', 'Sexy Dance', 'High Counter']
['High Counter', 'Tarukaja', 'Matarunda', 'Spell Master']
['Garudyne', 'Tarukaja', 'Virus Breath', 'Matarunda']
['Fatal End', 'Sexy Dance', 'Tarukaja', 'Garudyne']
['Tarukaja', 'Garudyne', 'Spell Master', 'Matarunda']
['Power Charge', 'Garudyne', 'Matarunda', 'Sexy Dance']
['High Counter', 'Victory Cry', 'Tarukaja', 'Garudyne']
['Garudyne', 'Mamudoon', 'Tarukaja', 'Sexy Dance']
['Tarukaja', 'Victory Cry', 'Garudyne', 'Sexy Dance']
['Makarakarn', 'Victory Cry', 'Mamudoon', 'Tarukaja']
['Garudyne', 'High Counter', 'Tarukaja', 'Matarunda']
['Mamudoon', 'Garudyne', 'Matarunda', 'Sexy Dance']
['Makarakarn', 'Garudyne', 'Sexy Dance', 'Power Charge']
['Matarunda', 'Sexy Dance', 'Garudyne', 'Virus Breath']
['High Counter', 'Virus Breath', 'Sexy Dance', 'Garudyne']
['Garudyne', 'Power Charge', 'Tarukaja', 'Arrow Rain']
['Power Charge', 'Garudyne', 'Victory Cry', 'Sexy Dance']
['Garudyne', 'Victory Cry', 'Power Charge', 'Sexy Dance']
['Garudyne', 'Virus Breath', 'Tarukaja', 'Matarunda']
['Power Charge', 'Mamudoon', 'Garudyne', 'High Counter']
['Garudyne', 'Tarukaja', 'Power Charge', 'Mamudoon']
['Victory Cry', 'Sexy Dance', 'Fatal End', 'Matarunda']
['Garudyne', 'Sexy Dance', 'High Counter', 'Tarukaja']
['Virus Breath', 'Garudyne', 'Power Charge', 'Tarukaja']
['Virus Breath', 'Matarunda', 'Tarukaja', 'Mamudoon']
['Garudyne', 'Sexy Dance', 'Tarukaja', 'Megidolaon']
['Garudyne', 'Power Charge', 'High Counter', 'Sexy Dance']
['Power Charge', 'Sexy Dance', 'Spell Master', 'Garudyne']
['Makarakarn', 'Sexy Dance', 'Garudyne', 'Power Charge']
['High Counter', 'Tarukaja', 'Garudyne', 'Makarakarn']
['Garudyne', 'Sexy Dance', 'Makarakarn', 'Victory Cry']
['Garudyne', 'Mamudoon', 'Matarunda', 'Tarukaja']
['Matarunda', 'Garudyne', 'Sexy Dance', 'High Counter']
['Matarunda', 'Garudyne', 'Tarukaja', 'High Counter']
['High Counter', 'Tarukaja', 'Garudyne', 'Sexy Dance']
['Garudyne', 'High Counter', 'Sexy Dance', 'Spell Master']
['Sexy Dance', 'Garudyne', 'Matarunda', 'High Counter']
['Garudyne', 'Fatal End', 'Poison Arrow', 'Matarunda']
['Garudyne', 'High Counter', 'Tarukaja', 'Mamudoon']
['Garudyne', 'Brave Blade', 'Spell Master', 'Makarakarn']
['Poison Arrow', 'Virus Breath', 'Garudyne', 'Tarukaja']
['Spell Master', 'Matarunda', 'Virus Breath', 'Sexy Dance']
['Arrow Rain', 'Matarunda', 'Virus Breath', 'Tarukaja']
['Garudyne', 'Matarunda', 'High Counter', 'Power Charge']
['Garudyne', 'Power Charge', 'Tarukaja', 'Sexy Dance']
['Garudyne', 'Spell Master', 'Tarukaja', 'Makarakarn']
['Sexy Dance', 'Garudyne', 'High Counter', 'Tarukaja']
['Tarukaja', 'Virus Breath', 'Garudyne', 'Mamudoon']
['Garudyne', 'Mamudoon', 'High Counter', 'Spell Master']
['Power Charge', 'Garudyne', 'Virus Breath', 'Sexy Dance']
['Spell Master', 'Garudyne', 'High Counter', 'Sexy Dance']
['High Counter', 'Garudyne', 'Tarukaja', 'Sexy Dance']
['Spell Master', 'Garudyne', 'Matarunda', 'Arrow Rain']
['Matarunda', 'Victory Cry', 'Garudyne', 'High Counter']
['Tarukaja', 'Garudyne', 'High Counter', 'Mamudoon']
['Mamudoon', 'Tarukaja', 'Garudyne', 'Sexy Dance']
['Garudyne', 'Fatal End', 'Tarukaja', 'High Counter']
['Garudyne', 'Power Charge', 'Tarukaja', 'High Counter']
['Garudyne', 'Matarunda', 'Power Charge', 'Arrow Rain']
['Sexy Dance', 'Power Charge', 'Garudyne', 'Matarunda']
['Tarukaja', 'Sexy Dance', 'Garudyne', 'Makarakarn']
['Brave Blade', 'Matarunda', 'Garudyne', 'Victory Cry']
['Garudyne', 'Victory Cry', 'Sexy Dance', 'Tarukaja']
['Power Charge', 'Virus Breath', 'Sexy Dance', 'Garudyne']
['Garudyne', 'Matarunda', 'Power Charge', 'High Counter']
['Garudyne', 'Tarukaja', 'Power Charge', 'Virus Breath']
['Power Charge', 'Garudyne', 'Tarukaja', 'Virus Breath']
['Garudyne', 'Tarukaja', 'Makarakarn', 'Power Charge']
['Garudyne', 'Spell Master', 'Arrow Rain', 'Virus Breath']
['Matarunda', 'Garudyne', 'Power Charge', 'Brave Blade']
['Garudyne', 'High Counter', 'Victory Cry', 'Virus Breath']
['Tarukaja', 'Matarunda', 'Power Charge', 'Garudyne']
['Garudyne', 'High Counter', 'Sexy Dance', 'Victory Cry']
['Garudyne', 'Matarunda', 'Mamudoon', 'Victory Cry']
['Tarukaja', 'Mamudoon', 'Garudyne', 'Matarunda']
['Garudyne', 'Matarunda', 'Tarukaja', 'High Counter']
['Garudyne', 'Power Charge', 'Tarukaja', 'Makarakarn']
['Matarunda', 'Victory Cry', 'Tarukaja', 'Virus Breath']
['Power Charge', 'Mamudoon', 'Garudyne', 'High Counter']
['Garudyne', 'Power Charge', 'Brave Blade', 'Spell Master']
['Tarukaja', 'Matarunda', 'Megidolaon', 'High Counter']
['Victory Cry', 'Fatal End', 'Matarunda', 'Garudyne']
['Tarukaja', 'Virus Breath', 'Garudyne', 'Power Charge']
['Garudyne', 'High Counter', 'Virus Breath', 'Victory Cry']
['Matarunda', 'Megidolaon', 'Sexy Dance', 'Virus Breath']
['Fatal End', 'Matarunda', 'Garudyne', 'Sexy Dance']
['Tarukaja', 'Garudyne', 'Sexy Dance', 'Mamudoon']
['Sexy Dance', 'Power Charge', 'Garudyne', 'Tarukaja']
['Tarukaja', 'Garudyne', 'Mamudoon', 'Victory Cry']
['Arrow Rain', 'Mamudoon', 'Power Charge', 'Tarukaja']
['Garudyne', 'Sexy Dance', 'Mamudoon', 'Victory Cry']
['Mamudoon', 'Matarunda', 'Garudyne', 'Power Charge']
['Makarakarn', 'Power Charge', 'Garudyne', 'Tarukaja']
['Matarunda', 'Tarukaja', 'Garudyne', 'Mamudoon']
['Garudyne', 'Makarakarn', 'Tarukaja', 'Mamudoon']
['Garudyne', 'Virus Breath', 'Tarukaja', 'Matarunda']
['Megidolaon', 'Garudyne', 'Sexy Dance', 'Tarukaja']
['Garudyne', 'Power Charge', 'Matarunda', 'Makarakarn']
['Mamudoon', 'Garudyne', 'Tarukaja', 'Virus Breath']
['Victory Cry', 'Garudyne', 'Virus Breath', 'Tarukaja']
['Power Charge', 'Tarukaja', 'Garudyne', 'Spell Master']
['Matarunda', 'Fatal End', 'Mamudoon', 'High Counter']
['Garudyne', 'Tarukaja', 'Mamudoon', 'Sexy Dance']
['Tarukaja', 'Virus Breath', 'Power Charge', 'Sexy Dance']
['Matarunda', 'Sexy Dance', 'Makarakarn', 'Garudyne']
['Sexy Dance', 'Garudyne', 'Tarukaja', 'Makarakarn']
['Tarukaja', 'Virus Breath', 'Garudyne', 'Power Charge']
['Garudyne', 'Sexy Dance', 'Mamudoon', 'Matarunda']
['Power Charge', 'Garudyne', 'Tarukaja', 'Spell Master']
['Garudyne', 'Tarukaja', 'High Counter', 'Fatal End']
['Garudyne', 'Spell Master', 'Virus Breath', 'Matarunda']
['Sexy Dance', 'Matarunda', 'Garudyne', 'Fatal End']
['Garudyne', 'Virus Breath', 'Power Charge', 'Matarunda']
['Garudyne', 'Power Charge', 'Sexy Dance', 'Virus Breath']
['Spell Master', 'Matarunda', 'Virus Breath', 'Garudyne']
['Sexy Dance', 'Tarukaja', 'Matarunda', 'Garudyne']
['Tarukaja', 'Garudyne', 'Power Charge', 'Sexy Dance']
['Garudyne', 'Tarukaja', 'Virus Breath', 'High Counter']
['Garudyne', 'Matarunda', 'Tarukaja', 'Virus Breath']
['Fatal End', 'Garudyne', 'Megidolaon', 'Matarunda']
['Garudyne', 'Tarukaja', 'Victory Cry', 'High Counter']
['Power Charge', 'Garudyne', 'Virus Breath', 'Megidolaon']
['Garudyne', 'Victory Cry', 'Tarukaja', 'Spell Master']
['Spell Master', 'Virus Breath', 'Tarukaja', 'Victory Cry']
['Makarakarn', 'Tarukaja', 'Garudyne', 'Power Charge']
['Garudyne', 'Sexy Dance', 'Tarukaja', 'Matarunda']
['Garudyne', 'Sexy Dance', 'Power Charge', 'Virus Breath']
['High Counter', 'Garudyne', 'Sexy Dance', 'Matarunda']
['Garudyne', 'Makarakarn', 'Tarukaja', 'Matarunda']
['Tarukaja', 'Mamudoon', 'Garudyne', 'Sexy Dance']
['Victory Cry', 'Garudyne', 'Power Charge', 'Matarunda']
['High Counter', 'Matarunda', 'Power Charge', 'Garudyne']
['Garudyne', 'Spell Master', 'Power Charge', 'Tarukaja']
['Power Charge', 'Tarukaja', 'Virus Breath', 'Garudyne']
['Spell Master', 'Garudyne', 'Makarakarn', 'Tarukaja']
['Power Charge', 'Garudyne', 'Spell Master', 'Tarukaja']
['Garudyne', 'Tarukaja', 'Virus Breath', 'High Counter']
['Garudyne', 'Makarakarn', 'Tarukaja', 'Matarunda']
['Matarunda', 'Spell Master', 'Tarukaja', 'Garudyne']
['High Counter', 'Sexy Dance', 'Garudyne', 'Matarunda']
['Power Charge', 'Garudyne', 'Matarunda', 'High Counter']
['Tarukaja', 'Garudyne', 'High Counter', 'Sexy Dance']
['Power Charge', 'High Counter', 'Virus Breath', 'Garudyne']
['Garudyne', 'Tarukaja', 'Spell Master', 'Virus Breath']
['Garudyne', 'Sexy Dance', 'Tarukaja', 'Virus Breath']
['Matarunda', 'Garudyne', 'Makarakarn', 'Tarukaja']
['Garudyne', 'Tarukaja', 'Power Charge', 'Makarakarn']
['Tarukaja', 'Victory Cry', 'Garudyne', 'Spell Master']
['Virus Breath', 'Power Charge', 'Sexy Dance', 'Matarunda']
['Garudyne', 'Makarakarn', 'Sexy Dance', 'Power Charge']
['Tarukaja', 'Garudyne', 'Spell Master', 'Power Charge']
['High Counter', 'Matarunda', 'Garudyne', 'Sexy Dance']
['Garudyne', 'Fatal End', 'Tarukaja', 'Spell Master']
['Brave Blade', 'Power Charge', 'Tarukaja', 'Garudyne']
['Garudyne', 'Mamudoon', 'High Counter', 'Virus Breath']
['Garudyne', 'Mamudoon', 'Matarunda', 'Tarukaja']
['Tarukaja', 'Garudyne', 'Mamudoon', 'Power Charge']
['Sexy Dance', 'High Counter', 'Makarakarn', 'Garudyne']
['Sexy Dance', 'Garudyne', 'Victory Cry', 'Tarukaja']
['Garudyne', 'Sexy Dance', 'Victory Cry', 'Power Charge']
['Victory Cry', 'Garudyne', 'High Counter', 'Virus Breath']
['Matarunda', 'Spell Master', 'High Counter', 'Power Charge']
['Garudyne', 'Spell Master', 'Fatal End', 'Matarunda']
['Garudyne', 'Virus Breath', 'High Counter', 'Matarunda']
['Tarukaja', 'Garudyne', 'Mamudoon', 'Poison Arrow']
['Sexy Dance', 'Garudyne', 'Matarunda', 'Arrow Rain']
['Tarukaja', 'Garudyne', 'Sexy Dance', 'Mamudoon']
['Garudyne', 'Power Charge', 'Matarunda', 'Makarakarn']
['Garudyne', 'Tarukaja', 'Matarunda', 'Makarakarn']
['Matarunda', 'Garudyne', 'Spell Master', 'Power Charge']
['Poison Arrow', 'High Counter', 'Tarukaja', 'Power Charge']
['Sexy Dance', 'Garudyne', 'Fatal End', 'Tarukaja']
['Megidolaon', 'Sexy Dance', 'Tarukaja', 'Makarakarn']
['Tarukaja', 'Power Charge', 'Garudyne', 'Victory Cry']
['Garudyne', 'Power Charge', 'Tarukaja', 'Makarakarn']
['Tarukaja', 'Garudyne', 'Matarunda', 'High Counter']
['Victory Cry', 'Matarunda', 'Tarukaja', 'Spell Master']
['Tarukaja', 'Power Charge', 'Garudyne', 'Virus Breath']
['Sexy Dance', 'Tarukaja', 'Garudyne', 'Virus Breath']
['Mamudoon', 'Spell Master', 'Garudyne', 'Tarukaja']
['Tarukaja', 'Garudyne', 'Makarakarn', 'Sexy Dance']
['Sexy Dance', 'Garudyne', 'Tarukaja', 'Power Charge']
['Mamudoon', 'Garudyne', 'Sexy Dance', 'Tarukaja']
['Garudyne', 'Spell Master', 'Matarunda', 'Tarukaja']
['Power Charge', 'Sexy Dance', 'Spell Master', 'Tarukaja']
['Fatal End', 'High Counter', 'Tarukaja', 'Power Charge']
['Garudyne', 'Sexy Dance', 'Matarunda', 'Victory Cry']
['Arrow Rain', 'Virus Breath', 'Garudyne', 'High Counter']
['Garudyne', 'Tarukaja', 'Victory Cry', 'High Counter']
['Spell Master', 'Sexy Dance', 'Garudyne', 'Power Charge']
['Victory Cry', 'Tarukaja', 'Spell Master', 'Garudyne']
['Power Charge', 'Virus Breath', 'Matarunda', 'Garudyne']
['Sexy Dance', 'Garudyne', 'Matarunda', 'Poison Arrow']
['Makarakarn', 'Power Charge', 'Sexy Dance', 'Garudyne']
['Sexy Dance', 'Tarukaja', 'Garudyne', 'Power Charge']
['Garudyne', 'Sexy Dance', 'Virus Breath', 'Megidolaon']
['Makarakarn', 'Garudyne', 'Virus Breath', 'Poison Arrow']
['Garudyne', 'Power Charge', 'Sexy Dance', 'Spell Master']
['Tarukaja', 'Garudyne', 'Fatal End', 'Power Charge']
['Tarukaja', 'Spell Master', 'Sexy Dance', 'Garudyne']
['Matarunda', 'Garudyne', 'Mamudoon', 'Fatal End']
['Garudyne', 'Mamudoon', 'Power Charge', 'Tarukaja']
['Mamudoon', 'Garudyne', 'Sexy Dance', 'Matarunda']
['Mamudoon', 'Garudyne', 'Tarukaja', 'Spell Master']
['Sexy Dance', 'Garudyne', 'Virus Breath', 'Tarukaja']
['Garudyne', 'Tarukaja', 'Poison Arrow', 'Matarunda']
['Garudyne', 'Sexy Dance', 'Matarunda', 'Brave Blade']
['Mamudoon', 'Garudyne', 'Virus Breath', 'Tarukaja']
['Garudyne', 'Sexy Dance', 'Tarukaja', 'Virus Breath']
['Garudyne', 'Fatal End', 'Sexy Dance', 'Tarukaja']
['Garudyne', 'High Counter', 'Power Charge', 'Sexy Dance']
['Spell Master', 'Tarukaja', 'Makarakarn', 'Mamudoon']
['Tarukaja', 'Mamudoon', 'Garudyne', 'Power Charge']
['Tarukaja', 'Garudyne', 'Matarunda', 'Mamudoon']
['Sexy Dance', 'Power Charge', 'Tarukaja', 'Matarunda']
['Spell Master', 'Mamudoon', 'Garudyne', 'Victory Cry']
['Garudyne', 'Sexy Dance', 'Power Charge', 'Virus Breath']
['Tarukaja', 'Matarunda', 'Garudyne', 'Megidolaon']
['Garudyne', 'Sexy Dance', 'Power Charge', 'Mamudoon']
['Garudyne', 'Tarukaja', 'Power Charge', 'Matarunda']
['Garudyne', 'Megidolaon', 'Sexy Dance', 'High Counter']
['Garudyne', 'Tarukaja', 'Power Charge', 'Poison Arrow']
['Garudyne', 'Tarukaja', 'Matarunda', 'Sexy Dance']
['Power Charge', 'Garudyne', 'Tarukaja', 'Sexy Dance']
['Mamudoon', 'Power Charge', 'Tarukaja', 'Garudyne']
['High Counter', 'Matarunda', 'Victory Cry', 'Garudyne']
['Garudyne', 'Sexy Dance', 'Spell Master', 'Mamudoon']
['Matarunda', 'Garudyne', 'Sexy Dance', 'Tarukaja']
['Garudyne', 'Spell Master', 'Tarukaja', 'Matarunda']
['Matarunda', 'Garudyne', 'Mamudoon', 'Spell Master']
['Garudyne', 'Mamudoon', 'Matarunda', 'Power Charge']
['Garudyne', 'High Counter', 'Arrow Rain', 'Virus Breath']
['Garudyne', 'Virus Breath', 'Tarukaja', 'Makarakarn']
['Garudyne', 'Sexy Dance', 'Tarukaja', 'Matarunda']
['Garudyne', 'Tarukaja', 'Power Charge', 'Virus Breath']
['Garudyne', 'Brave Blade', 'Matarunda', 'Tarukaja']
['Garudyne', 'Mamudoon', 'Tarukaja', 'Makarakarn']
['Matarunda', 'Garudyne', 'Poison Arrow', 'Sexy Dance']
['Matarunda', 'Garudyne', 'Tarukaja', 'Power Charge']
['Garudyne', 'Mamudoon', 'Makarakarn', 'Tarukaja']
['Garudyne', 'Spell Master', 'Tarukaja', 'Mamudoon']
['Garudyne', 'Tarukaja', 'Mamudoon', 'High Counter']
['Garudyne', 'Power Charge', 'Tarukaja', 'Makarakarn']
['Garudyne', 'Tarukaja', 'Mamudoon', 'Makarakarn']
['Matarunda', 'Garudyne', 'Power Charge', 'Mamudoon']
['Mamudoon', 'Garudyne', 'Tarukaja', 'Sexy Dance']
['High Counter', 'Poison Arrow', 'Garudyne', 'Mamudoon']
['Garudyne', 'Tarukaja', 'Matarunda', 'Power Charge']
['Mamudoon', 'Garudyne', 'Sexy Dance', 'Power Charge']
['Tarukaja', 'Garudyne', 'Makarakarn', 'Power Charge']
['Tarukaja', 'Garudyne', 'Virus Breath', 'Sexy Dance']
['Power Charge', 'Garudyne', 'Sexy Dance', 'Tarukaja']
['Victory Cry', 'Garudyne', 'Power Charge', 'Sexy Dance']
['Tarukaja', 'Matarunda', 'Virus Breath', 'Garudyne']
['Tarukaja', 'Virus Breath', 'Sexy Dance', 'Matarunda']
['Garudyne', 'Tarukaja', 'Matarunda', 'Virus Breath']
['Matarunda', 'Garudyne', 'Spell Master', 'Virus Breath']
['Tarukaja', 'Victory Cry', 'Garudyne', 'Sexy Dance']
['Garudyne', 'Sexy Dance', 'Power Charge', 'Matarunda']
['Garudyne', 'Brave Blade', 'Tarukaja', 'Matarunda']
['Garudyne', 'Victory Cry', 'Tarukaja', 'Makarakarn']
['Garudyne', 'Power Charge', 'High Counter', 'Sexy Dance']
['Garudyne', 'Mamudoon', 'Matarunda', 'Power Charge']
['High Counter', 'Makarakarn', 'Power Charge', 'Garudyne']
['Garudyne', 'Power Charge', 'Victory Cry', 'Mamudoon']
['High Counter', 'Garudyne', 'Tarukaja', 'Megidolaon']
['Garudyne', 'Tarukaja', 'Power Charge', 'Sexy Dance']
['Sexy Dance', 'Garudyne', 'Makarakarn', 'Tarukaja']
['Garudyne', 'Virus Breath', 'Spell Master', 'Tarukaja']
['Sexy Dance', 'Garudyne', 'Poison Arrow', 'Tarukaja']
['Mamudoon', 'Sexy Dance', 'High Counter', 'Spell Master']
['Makarakarn', 'High Counter', 'Garudyne', 'Fatal End']
['Garudyne', 'Tarukaja', 'Mamudoon', 'Victory Cry']
['Power Charge', 'Tarukaja', 'Garudyne', 'Virus Breath']
['Arrow Rain', 'Virus Breath', 'Garudyne', 'Sexy Dance']
['Sexy Dance', 'Garudyne', 'Power Charge', 'Tarukaja']
['Virus Breath', 'Tarukaja', 'Garudyne', 'Spell Master']
['Tarukaja', 'Garudyne', 'Megidolaon', 'Makarakarn']
['Tarukaja', 'Sexy Dance', 'Mamudoon', 'High Counter']
['Sexy Dance', 'Power Charge', 'Garudyne', 'Spell Master']
['Tarukaja', 'High Counter', 'Makarakarn', 'Virus Breath']
['High Counter', 'Sexy Dance', 'Garudyne', 'Tarukaja']
['Mamudoon', 'Garudyne', 'Sexy Dance', 'Spell Master']
['Garudyne', 'Power Charge', 'Sexy Dance', 'High Counter']
['Virus Breath', 'Garudyne', 'Power Charge', 'High Counter']
['Virus Breath', 'Spell Master', 'Garudyne', 'Makarakarn']
['Tarukaja', 'Garudyne', 'Power Charge', 'Matarunda']
['Mamudoon', 'Garudyne', 'Sexy Dance', 'Tarukaja']
['Megidolaon', 'Garudyne', 'Tarukaja', 'Virus Breath']
['Arrow Rain', 'Mamudoon', 'Garudyne', 'Power Charge']
['Sexy Dance', 'Mamudoon', 'Garudyne', 'Matarunda']
['Garudyne', 'Tarukaja', 'Sexy Dance', 'Virus Breath']
['Garudyne', 'Victory Cry', 'Makarakarn', 'Tarukaja']
['Tarukaja', 'Garudyne', 'Matarunda', 'Mamudoon']
['Garudyne', 'High Counter', 'Tarukaja', 'Matarunda']
['Garudyne', 'High Counter', 'Tarukaja', 'Virus Breath']
['Garudyne', 'Sexy Dance', 'Makarakarn', 'High Counter']
['Garudyne', 'Tarukaja', 'Sexy Dance', 'Matarunda']
['Tarukaja', 'Garudyne', 'High Counter', 'Sexy Dance']
['Power Charge', 'Matarunda', 'Virus Breath', 'Garudyne']
['Power Charge', 'Garudyne', 'Virus Breath', 'Mamudoon']
['Matarunda', 'Garudyne', 'Makarakarn', 'Sexy Dance']
['Garudyne', 'Tarukaja', 'Matarunda', 'Sexy Dance']
['Power Charge', 'Mamudoon', 'Garudyne', 'Tarukaja']
['Garudyne', 'Victory Cry', 'Makarakarn', 'Mamudoon']
['Megidolaon', 'Virus Breath', 'Garudyne', 'Victory Cry']
['Garudyne', 'Tarukaja', 'Power Charge', 'Virus Breath']
['Fatal End', 'Garudyne', 'Power Charge', 'Virus Breath']
['Garudyne', 'Matarunda', 'Power Charge', 'Spell Master']
['Mamudoon', 'Makarakarn', 'Garudyne', 'Fatal End']
['Garudyne', 'Makarakarn', 'Tarukaja', 'Power Charge']
['Garudyne', 'Victory Cry', 'High Counter', 'Power Charge']
['Tarukaja', 'Spell Master', 'Mamudoon', 'Garudyne']
['Garudyne', 'High Counter', 'Virus Breath', 'Tarukaja']
['Sexy Dance', 'Power Charge', 'Matarunda', 'Tarukaja']
['Garudyne', 'Matarunda', 'Sexy Dance', 'Virus Breath']
['Garudyne', 'High Counter', 'Matarunda', 'Megidolaon']
['Sexy Dance', 'Power Charge', 'Tarukaja', 'High Counter']
['Matarunda', 'Garudyne', 'High Counter', 'Spell Master']
['Garudyne', 'Power Charge', 'Fatal End', 'High Counter']
['High Counter', 'Victory Cry', 'Sexy Dance', 'Tarukaja']
['Sexy Dance', 'Garudyne', 'Tarukaja', 'High Counter']
['Power Charge', 'Tarukaja', 'Victory Cry', 'Garudyne']
['Garudyne', 'Sexy Dance', 'Tarukaja', 'High Counter']
['Matarunda', 'Tarukaja', 'Garudyne', 'Mamudoon']
['Garudyne', 'Power Charge', 'Virus Breath', 'Fatal End']
['Garudyne', 'Spell Master', 'Tarukaja', 'Sexy Dance']
['Virus Breath', 'Matarunda', 'Garudyne', 'Power Charge']
['Victory Cry', 'Garudyne', 'High Counter', 'Power Charge']
['Garudyne', 'Mamudoon', 'Virus Breath', 'Power Charge']
['Garudyne', 'Makarakarn', 'Tarukaja', 'Sexy Dance']
['Garudyne', 'Mamudoon', 'Makarakarn', 'Sexy Dance']
['Garudyne', 'Power Charge', 'Tarukaja', 'Mamudoon']
['Makarakarn', 'Garudyne', 'Spell Master', 'Fatal End']
['Mamudoon', 'Garudyne', 'Makarakarn', 'Sexy Dance']
['Garudyne', 'Power Charge', 'Matarunda', 'Mamudoon']
['Sexy Dance', 'Mamudoon', 'Garudyne', 'Tarukaja']
['Garudyne', 'Sexy Dance', 'Tarukaja', 'Arrow Rain']
['Garudyne', 'Power Charge', 'Mamudoon', 'Sexy Dance']
['Tarukaja', 'Garudyne', 'Power Charge', 'Virus Breath']
['Mamudoon', 'Matarunda', 'Tarukaja', 'Garudyne']
['Sexy Dance', 'Tarukaja', 'High Counter', 'Garudyne']
['Tarukaja', 'Victory Cry', 'Fatal End', 'Garudyne']
['Tarukaja', 'Garudyne', 'Sexy Dance', 'Mamudoon']
['Arrow Rain', 'Sexy Dance', 'Virus Breath', 'Garudyne']
['Spell Master', 'Fatal End', 'Tarukaja', 'Sexy Dance']
['Spell Master', 'Tarukaja', 'Garudyne', 'Matarunda']
['Matarunda', 'Power Charge', 'Virus Breath', 'Tarukaja']
['Spell Master', 'Garudyne', 'Sexy Dance', 'Tarukaja']
['Garudyne', 'Makarakarn', 'High Counter', 'Matarunda']
['Garudyne', 'Spell Master', 'Arrow Rain', 'Tarukaja']
['Garudyne', 'Matarunda', 'High Counter', 'Spell Master']
['Victory Cry', 'Garudyne', 'Megidolaon', 'Matarunda']
['Garudyne', 'Matarunda', 'Poison Arrow', 'Tarukaja']
['Sexy Dance', 'Poison Arrow', 'High Counter', 'Matarunda']
['Power Charge', 'High Counter', 'Victory Cry', 'Sexy Dance']
['Garudyne', 'Brave Blade', 'Makarakarn', 'Matarunda']
['Tarukaja', 'Garudyne', 'High Counter', 'Megidolaon']
['Fatal End', 'Tarukaja', 'Sexy Dance', 'Garudyne']
['Garudyne', 'Sexy Dance', 'Mamudoon', 'Power Charge']
['Garudyne', 'Power Charge', 'Tarukaja', 'Matarunda']
['Garudyne', 'Power Charge', 'Tarukaja', 'Victory Cry']
['Garudyne', 'Tarukaja', 'Matarunda', 'Power Charge']
['Garudyne', 'Virus Breath', 'Sexy Dance', 'Power Charge']
['Garudyne', 'Matarunda', 'Virus Breath', 'Tarukaja']
['Virus Breath', 'Garudyne', 'Spell Master', 'Tarukaja']
['Garudyne', 'Sexy Dance', 'High Counter', 'Matarunda']
['Garudyne', 'Tarukaja', 'Makarakarn', 'Spell Master']
['Garudyne', 'Sexy Dance', 'Matarunda', 'Megidolaon']
['Garudyne', 'Mamudoon', 'Fatal End', 'Tarukaja']
['High Counter', 'Virus Breath', 'Garudyne', 'Power Charge']
['Garudyne', 'Victory Cry', 'Power Charge', 'Matarunda']
['Victory Cry', 'Virus Breath', 'Tarukaja', 'Garudyne']
['Garudyne', 'Matarunda', 'Megidolaon', 'Makarakarn']
['Garudyne', 'Sexy Dance', 'Tarukaja', 'Matarunda']
['Tarukaja', 'Makarakarn', 'Garudyne', 'Mamudoon']
['Garudyne', 'Sexy Dance', 'Matarunda', 'Mamudoon']
['Garudyne', 'High Counter', 'Sexy Dance', 'Victory Cry']
['Makarakarn', 'Garudyne', 'Matarunda', 'Brave Blade']
['Arrow Rain', 'Garudyne', 'Mamudoon', 'Tarukaja']
['High Counter', 'Mamudoon', 'Garudyne', 'Power Charge']
['Tarukaja', 'Matarunda', 'Victory Cry', 'Garudyne']
['Garudyne', 'Power Charge', 'Spell Master', 'Matarunda']
['Power Charge', 'Tarukaja', 'High Counter', 'Victory Cry']
['Garudyne', 'Makarakarn', 'Virus Breath', 'Tarukaja']
['Matarunda', 'Virus Breath', 'High Counter', 'Fatal End']
['Fatal End', 'Garudyne', 'Virus Breath', 'Sexy Dance']
['Garudyne', 'Matarunda', 'Tarukaja', 'Sexy Dance']
['Sexy Dance', 'Garudyne', 'Tarukaja', 'Matarunda']
['Spell Master', 'Garudyne', 'Brave Blade', 'Sexy Dance']
['High Counter', 'Garudyne', 'Tarukaja', 'Makarakarn']
['Tarukaja', 'Mamudoon', 'Garudyne', 'Power Charge']
['Garudyne', 'Poison Arrow', 'Virus Breath', 'Power Charge']
['Garudyne', 'Matarunda', 'Mamudoon', 'Sexy Dance']
['Tarukaja', 'Garudyne', 'Makarakarn', 'Virus Breath']
['Spell Master', 'Tarukaja', 'Matarunda', 'Garudyne']
['Sexy Dance', 'High Counter', 'Garudyne', 'Tarukaja']
['Garudyne', 'Tarukaja', 'Virus Breath', 'Sexy Dance']
['Makarakarn', 'Power Charge', 'Garudyne', 'High Counter']
['Garudyne', 'Matarunda', 'Tarukaja', 'High Counter']
['Garudyne', 'Mamudoon', 'Tarukaja', 'Power Charge']
['Garudyne', 'Matarunda', 'Tarukaja', 'Sexy Dance']
['Garudyne', 'Victory Cry', 'Sexy Dance', 'Tarukaja']
['Tarukaja', 'Power Charge', 'Victory Cry', 'Sexy Dance']
['Garudyne', 'Tarukaja', 'Power Charge', 'Mamudoon']
['High Counter', 'Power Charge', 'Victory Cry', 'Makarakarn']
['High Counter', 'Victory Cry', 'Garudyne', 'Mamudoon']
['High Counter', 'Virus Breath', 'Garudyne', 'Victory Cry']
['Tarukaja', 'Power Charge', 'Virus Breath', 'Garudyne']
['High Counter', 'Garudyne', 'Sexy Dance', 'Tarukaja']
['Sexy Dance', 'Fatal End', 'Power Charge', 'Tarukaja']
['Garudyne', 'Makarakarn', 'Sexy Dance', 'Mamudoon']
['Garudyne', 'Matarunda', 'High Counter', 'Mamudoon']
['Victory Cry', 'Power Charge', 'Matarunda', 'High Counter']
['Garudyne', 'Mamudoon', 'Tarukaja', 'High Counter']
['Matarunda', 'Garudyne', 'Fatal End', 'Tarukaja']
['Garudyne', 'Sexy Dance', 'Tarukaja', 'Virus Breath']
['High Counter', 'Victory Cry', 'Garudyne', 'Virus Breath']
['Makarakarn', 'Virus Breath', 'Poison Arrow', 'Mamudoon']
['Power Charge', 'Mamudoon', 'Makarakarn', 'Virus Breath']
['High Counter', 'Garudyne', 'Sexy Dance', 'Tarukaja']
['Garudyne', 'Matarunda', 'Virus Breath', 'Power Charge']
['Tarukaja', 'Makarakarn', 'Matarunda', 'Sexy Dance']
['Power Charge', 'Virus Breath', 'Garudyne', 'Fatal End']
['Makarakarn', 'Virus Breath', 'Victory Cry', 'Garudyne']
['Tarukaja', 'Victory Cry', 'Arrow Rain', 'Matarunda']
['High Counter', 'Mamudoon', 'Garudyne', 'Matarunda']
['Garudyne', 'High Counter', 'Sexy Dance', 'Tarukaja']
['Sexy Dance', 'Garudyne', 'Victory Cry', 'Tarukaja']
['Sexy Dance', 'Garudyne', 'Mamudoon', 'Tarukaja']
['Power Charge', 'High Counter', 'Garudyne', 'Victory Cry']
['Garudyne', 'Makarakarn', 'Spell Master', 'High Counter']
['Brave Blade', 'Matarunda', 'Garudyne', 'Makarakarn']
['Power Charge', 'Garudyne', 'Makarakarn', 'Tarukaja']
['Garudyne', 'Spell Master', 'Matarunda', 'Sexy Dance']
['Garudyne', 'Virus Breath', 'Tarukaja', 'High Counter']
['Matarunda', 'Tarukaja', 'Garudyne', 'High Counter']
['High Counter', 'Sexy Dance', 'Mamudoon', 'Garudyne']
['Virus Breath', 'Garudyne', 'Tarukaja', 'Victory Cry']
['Virus Breath', 'Matarunda', 'Garudyne', 'Arrow Rain']
['Poison Arrow', 'Garudyne', 'Mamudoon', 'Tarukaja']
['Power Charge', 'Garudyne', 'High Counter', 'Tarukaja']
['Tarukaja', 'Virus Breath', 'Sexy Dance', 'Power Charge']
['Garudyne', 'Power Charge', 'Mamudoon', 'Poison Arrow']
['Garudyne', 'Makarakarn', 'Virus Breath', 'Tarukaja']
['Garudyne', 'Tarukaja', 'Mamudoon', 'Victory Cry']
['Power Charge', 'Arrow Rain', 'Mamudoon', 'High Counter']
['Garudyne', 'Sexy Dance', 'Arrow Rain', 'Tarukaja']
['Garudyne', 'High Counter', 'Tarukaja', 'Sexy Dance']
['Garudyne', 'Mamudoon', 'Sexy Dance', 'Virus Breath']
['Tarukaja', 'Garudyne', 'Mamudoon', 'Power Charge']
['High Counter', 'Tarukaja', 'Garudyne', 'Sexy Dance']
['Spell Master', 'Garudyne', 'Arrow Rain', 'Power Charge']
['Virus Breath', 'Sexy Dance', 'Victory Cry', 'Garudyne']
['Mamudoon', 'Garudyne', 'Virus Breath', 'Power Charge']
['Sexy Dance', 'Makarakarn', 'Mamudoon', 'Garudyne']
['Victory Cry', 'Garudyne', 'Sexy Dance', 'Virus Breath']
['Garudyne', 'Power Charge', 'Tarukaja', 'Victory Cry']
['Garudyne', 'Sexy Dance', 'Tarukaja', 'High Counter']
['Tarukaja', 'Garudyne', 'Matarunda', 'Victory Cry']
['Garudyne', 'Virus Breath', 'Mamudoon', 'Makarakarn']
['Garudyne', 'Tarukaja', 'Sexy Dance', 'High Counter']
['Virus Breath', 'Sexy Dance', 'Garudyne', 'High Counter']
['Power Charge', 'Garudyne', 'Virus Breath', 'Sexy Dance']
['Matarunda', 'Garudyne', 'Sexy Dance', 'Victory Cry']
['Garudyne', 'Matarunda', 'High Counter', 'Tarukaja']
['Garudyne', 'Victory Cry', 'Arrow Rain', 'Matarunda']
['Matarunda', 'Sexy Dance', 'Garudyne', 'Power Charge']
['Garudyne', 'Matarunda', 'High Counter', 'Sexy Dance']
['Victory Cry', 'Sexy Dance', 'Garudyne', 'Virus Breath']
['Garudyne', 'Mamudoon', 'Tarukaja', 'Power Charge']
['Garudyne', 'Mamudoon', 'Power Charge', 'Tarukaja']
['Matarunda', 'Garudyne', 'High Counter', 'Power Charge']
['Garudyne', 'Sexy Dance', 'High Counter', 'Tarukaja']
['Tarukaja', 'Virus Breath', 'Garudyne', 'Victory Cry']
['Garudyne', 'Tarukaja', 'High Counter', 'Victory Cry']
['Garudyne', 'Victory Cry', 'High Counter', 'Power Charge']
['Victory Cry', 'Power Charge', 'Garudyne', 'Mamudoon']
['Tarukaja', 'High Counter', 'Garudyne', 'Fatal End']
['Garudyne', 'Tarukaja', 'Spell Master', 'Victory Cry']
['Garudyne', 'Power Charge', 'Virus Breath', 'Tarukaja']
['Garudyne', 'Tarukaja', 'Sexy Dance', 'Spell Master']
['Garudyne', 'Sexy Dance', 'Spell Master', 'Power Charge']
['Garudyne', 'Tarukaja', 'Power Charge', 'Makarakarn']
['Garudyne', 'Power Charge', 'Matarunda', 'Sexy Dance']
['Tarukaja', 'Garudyne', 'Power Charge', 'Sexy Dance']
['Sexy Dance', 'Poison Arrow', 'Tarukaja', 'Garudyne']
['Power Charge', 'Garudyne', 'Mamudoon', 'Virus Breath']
['Garudyne', 'Mamudoon', 'Tarukaja', 'Power Charge']
['Virus Breath', 'Makarakarn', 'Garudyne', 'Tarukaja']
['Garudyne', 'Makarakarn', 'Sexy Dance', 'Spell Master']
['Sexy Dance', 'Virus Breath', 'Garudyne', 'Makarakarn']
['Garudyne', 'Matarunda', 'Virus Breath', 'Mamudoon']
['Garudyne', 'Sexy Dance', 'High Counter', 'Poison Arrow']
['Victory Cry', 'Garudyne', 'Matarunda', 'Tarukaja']
['Power Charge', 'Garudyne', 'Mamudoon', 'Virus Breath']
['Garudyne', 'Tarukaja', 'Power Charge', 'Virus Breath']
['Victory Cry', 'Sexy Dance', 'Arrow Rain', 'Megidolaon']
['Garudyne', 'Tarukaja', 'Makarakarn', 'Matarunda']
['Tarukaja', 'Garudyne', 'Makarakarn', 'Power Charge']
['Tarukaja', 'Matarunda', 'Mamudoon', 'Sexy Dance']
['Garudyne', 'Virus Breath', 'Arrow Rain', 'Tarukaja']
['Matarunda', 'Sexy Dance', 'Power Charge', 'Tarukaja']
['Garudyne', 'High Counter', 'Tarukaja', 'Matarunda']
['Garudyne', 'Mamudoon', 'Sexy Dance', 'High Counter']
['Garudyne', 'Sexy Dance', 'Matarunda', 'Power Charge']
['Power Charge', 'Garudyne', 'Brave Blade', 'Tarukaja']
['Mamudoon', 'Garudyne', 'High Counter', 'Poison Arrow']
['Garudyne', 'Tarukaja', 'Makarakarn', 'Matarunda']
['Garudyne', 'Matarunda', 'Victory Cry', 'Power Charge']
['High Counter', 'Garudyne', 'Tarukaja', 'Mamudoon']
['High Counter', 'Sexy Dance', 'Tarukaja', 'Matarunda']
['Tarukaja', 'Matarunda', 'Garudyne', 'Mamudoon']
['Makarakarn', 'Tarukaja', 'Garudyne', 'Virus Breath']
['Matarunda', 'Garudyne', 'Poison Arrow', 'Tarukaja']
['Garudyne', 'Tarukaja', 'Virus Breath', 'Poison Arrow']
['Garudyne', 'Makarakarn', 'Fatal End', 'Megidolaon']
['Garudyne', 'Sexy Dance', 'Power Charge', 'Virus Breath']
['Garudyne', 'Mamudoon', 'Spell Master', 'Victory Cry']
['Garudyne', 'Matarunda', 'Tarukaja', 'Virus Breath']
['Power Charge', 'Garudyne', 'Mamudoon', 'Sexy Dance']
['Fatal End', 'Sexy Dance', 'High Counter', 'Garudyne']
['Garudyne', 'Matarunda', 'Tarukaja', 'Mamudoon']
['Garudyne', 'Virus Breath', 'Sexy Dance', 'Poison Arrow']
['Garudyne', 'Sexy Dance', 'Power Charge', 'Tarukaja']
['Garudyne', 'Tarukaja', 'Mamudoon', 'Sexy Dance']
['Garudyne', 'Makarakarn', 'Tarukaja', 'Mamudoon']
['Sexy Dance', 'Victory Cry', 'Garudyne', 'High Counter']
['Garudyne', 'Matarunda', 'Virus Breath', 'Mamudoon']
['Virus Breath', 'Garudyne', 'Tarukaja', 'Matarunda']
['Garudyne', 'Virus Breath', 'High Counter', 'Matarunda']
['Garudyne', 'Matarunda', 'Sexy Dance', 'High Counter']
['Virus Breath', 'Garudyne', 'Fatal End', 'Sexy Dance']
['Victory Cry', 'Tarukaja', 'Garudyne', 'Makarakarn']
['Spell Master', 'Victory Cry', 'Power Charge', 'Garudyne']
['Garudyne', 'Tarukaja', 'Matarunda', 'Virus Breath']
['Power Charge', 'Fatal End', 'Arrow Rain', 'Matarunda']
['Garudyne', 'Tarukaja', 'Megidolaon', 'Spell Master']
['Garudyne', 'Sexy Dance', 'Matarunda', 'Tarukaja']
['Virus Breath', 'Matarunda', 'Garudyne', 'Mamudoon']
['Garudyne', 'Virus Breath', 'Sexy Dance', 'Tarukaja']
['Mamudoon', 'Garudyne', 'High Counter', 'Tarukaja']
['Garudyne', 'Tarukaja', 'Mamudoon', 'Power Charge']
['Matarunda', 'High Counter', 'Garudyne', 'Poison Arrow']
['Mamudoon', 'Garudyne', 'Sexy Dance', 'Spell Master']
['Garudyne', 'Tarukaja', 'Matarunda', 'Brave Blade']
['Brave Blade', 'Garudyne', 'Tarukaja', 'Sexy Dance']
['Power Charge', 'Garudyne', 'Mamudoon', 'Tarukaja']
['Makarakarn', 'Tarukaja', 'Garudyne', 'Virus Breath']
['Virus Breath', 'Garudyne', 'High Counter', 'Matarunda']
['Tarukaja', 'Garudyne', 'Victory Cry', 'Sexy Dance']
['Garudyne', 'Spell Master', 'High Counter', 'Sexy Dance']
['Victory Cry', 'Poison Arrow', 'Tarukaja', 'Garudyne']
['Tarukaja', 'High Counter', 'Garudyne', 'Virus Breath']
['Victory Cry', 'Garudyne', 'Matarunda', 'Tarukaja']
['Garudyne', 'Sexy Dance', 'Virus Breath', 'Matarunda']
['Tarukaja', 'Garudyne', 'Victory Cry', 'Mamudoon']
['Tarukaja', 'Garudyne', 'Matarunda', 'Makarakarn']
['Garudyne', 'Mamudoon', 'Makarakarn', 'High Counter']
['Garudyne', 'Virus Breath', 'Tarukaja', 'Victory Cry']
['Spell Master', 'Garudyne', 'Tarukaja', 'Makarakarn']
['Garudyne', 'Makarakarn', 'Sexy Dance', 'Tarukaja']
['Garudyne', 'Tarukaja', 'Virus Breath', 'Sexy Dance']
['Makarakarn', 'Garudyne', 'Power Charge', 'Tarukaja']
['Tarukaja', 'Garudyne', 'Matarunda', 'Arrow Rain']
['Tarukaja', 'Garudyne', 'Matarunda', 'Victory Cry']
['Sexy Dance', 'Garudyne', 'Matarunda', 'Virus Breath']
['Matarunda', 'Garudyne', 'Virus Breath', 'Makarakarn']
['Sexy Dance', 'Garudyne', 'Tarukaja', 'Power Charge']
['Virus Breath', 'Sexy Dance', 'Makarakarn', 'Tarukaja']
['Garudyne', 'Sexy Dance', 'Tarukaja', 'Victory Cry']
['Garudyne', 'Tarukaja', 'Victory Cry', 'Power Charge']
['Sexy Dance', 'High Counter', 'Garudyne', 'Mamudoon']
['Garudyne', 'High Counter', 'Sexy Dance', 'Mamudoon']
['Power Charge', 'Garudyne', 'Tarukaja', 'Megidolaon']
['Victory Cry', 'Sexy Dance', 'Garudyne', 'Tarukaja']
['Arrow Rain', 'Sexy Dance', 'Garudyne', 'Mamudoon']
['Power Charge', 'Garudyne', 'High Counter', 'Fatal End']
['Garudyne', 'High Counter', 'Tarukaja', 'Virus Breath']
['Virus Breath', 'Sexy Dance', 'Garudyne', 'Mamudoon']
['Sexy Dance', 'Garudyne', 'Victory Cry', 'Tarukaja']
['Garudyne', 'Brave Blade', 'Sexy Dance', 'High Counter']
['Tarukaja', 'Victory Cry', 'Garudyne', 'Mamudoon']
['Garudyne', 'Victory Cry', 'Tarukaja', 'Spell Master']
['High Counter', 'Garudyne', 'Virus Breath', 'Mamudoon']
['Garudyne', 'Tarukaja', 'Sexy Dance', 'High Counter']
['Garudyne', 'Tarukaja', 'Megidolaon', 'Matarunda']
['Garudyne', 'Tarukaja', 'High Counter', 'Virus Breath']
['Power Charge', 'Matarunda', 'Tarukaja', 'Garudyne']
['Garudyne', 'Tarukaja', 'Makarakarn', 'Sexy Dance']
['Power Charge', 'Garudyne', 'Tarukaja', 'Matarunda']
['Power Charge', 'Garudyne', 'Makarakarn', 'Fatal End']
['Megidolaon', 'Mamudoon', 'Spell Master', 'Virus Breath']
['Garudyne', 'High Counter', 'Tarukaja', 'Sexy Dance']
['Tarukaja', 'Power Charge', 'Virus Breath', 'Garudyne']
['Tarukaja', 'Garudyne', 'Power Charge', 'Matarunda']
['Garudyne', 'Virus Breath', 'Makarakarn', 'Matarunda']
['Garudyne', 'Matarunda', 'Mamudoon', 'Tarukaja']
['Power Charge', 'Garudyne', 'Mamudoon', 'Matarunda']
['Garudyne', 'Victory Cry', 'Sexy Dance', 'Tarukaja']
['Matarunda', 'High Counter', 'Tarukaja', 'Garudyne']
['Spell Master', 'Garudyne', 'Matarunda', 'Arrow Rain']
['Power Charge', 'Victory Cry', 'Sexy Dance', 'Matarunda']
['Garudyne', 'Virus Breath', 'Mamudoon', 'Tarukaja']
['Garudyne', 'Power Charge', 'Sexy Dance', 'Matarunda']
['Power Charge', 'Garudyne', 'Poison Arrow', 'Sexy Dance']
['Garudyne', 'High Counter', 'Poison Arrow', 'Power Charge']
['Tarukaja', 'Garudyne', 'Mamudoon', 'Sexy Dance']
['Garudyne', 'Mamudoon', 'Power Charge', 'Tarukaja']
['Makarakarn', 'Garudyne', 'High Counter', 'Power Charge']
['Sexy Dance', 'Garudyne', 'Matarunda', 'High Counter']
['Garudyne', 'Virus Breath', 'Matarunda', 'Power Charge']
['High Counter', 'Garudyne', 'Tarukaja', 'Makarakarn']
['Garudyne', 'Mamudoon', 'Power Charge', 'Sexy Dance']
['Garudyne', 'Sexy Dance', 'Matarunda', 'Power Charge']
['Power Charge', 'Mamudoon', 'Tarukaja', 'Victory Cry']
['Garudyne', 'High Counter', 'Virus Breath', 'Tarukaja']
['Garudyne', 'Power Charge', 'Makarakarn', 'High Counter']
['Mamudoon', 'Tarukaja', 'Virus Breath', 'Garudyne']
['Garudyne', 'Sexy Dance', 'Spell Master', 'High Counter']
['Brave Blade', 'Garudyne', 'Virus Breath', 'Victory Cry']
['Garudyne', 'Tarukaja', 'Makarakarn', 'Power Charge']
['Garudyne', 'Spell Master', 'Power Charge', 'Virus Breath']
['High Counter', 'Sexy Dance', 'Mamudoon', 'Tarukaja']
['Garudyne', 'Sexy Dance', 'Virus Breath', 'Tarukaja']
['Sexy Dance', 'Garudyne', 'Power Charge', 'Tarukaja']
['Power Charge', 'Mamudoon', 'Garudyne', 'Tarukaja']
['Spell Master', 'Tarukaja', 'Matarunda', 'Garudyne']
['Virus Breath', 'Garudyne', 'Brave Blade', 'Sexy Dance']
['Virus Breath', 'Sexy Dance', 'Garudyne', 'Matarunda']
['Fatal End', 'Power Charge', 'Garudyne', 'High Counter']
['Garudyne', 'Power Charge', 'Tarukaja', 'Mamudoon']
['Tarukaja', 'Garudyne', 'Mamudoon', 'Matarunda']
['Garudyne', 'Tarukaja', 'High Counter', 'Sexy Dance']
['Power Charge', 'Matarunda', 'Garudyne', 'Sexy Dance']
['High Counter', 'Spell Master', 'Sexy Dance', 'Garudyne']
['Arrow Rain', 'High Counter', 'Mamudoon', 'Garudyne']
['High Counter', 'Tarukaja', 'Virus Breath', 'Mamudoon']
['Garudyne', 'Sexy Dance', 'Matarunda', 'Tarukaja']
['Tarukaja', 'Garudyne', 'Power Charge', 'Sexy Dance']
['Tarukaja', 'Sexy Dance', 'Arrow Rain', 'High Counter']
['Garudyne', 'Mamudoon', 'Tarukaja', 'High Counter']
['Poison Arrow', 'Garudyne', 'Tarukaja', 'Brave Blade']
['Garudyne', 'Makarakarn', 'Tarukaja', 'Sexy Dance']
['Garudyne', 'Matarunda', 'Tarukaja', 'Mamudoon']
['Garudyne', 'Tarukaja', 'High Counter', 'Matarunda']
['Mamudoon', 'Makarakarn', 'Garudyne', 'Power Charge']
['Garudyne', 'High Counter', 'Virus Breath', 'Tarukaja']
['Garudyne', 'Sexy Dance', 'High Counter', 'Spell Master']
['Garudyne', 'Sexy Dance', 'Power Charge', 'Victory Cry']
['High Counter', 'Tarukaja', 'Garudyne', 'Mamudoon']
['Garudyne', 'Spell Master', 'Tarukaja', 'Mamudoon']
['Garudyne', 'High Counter', 'Power Charge', 'Makarakarn']
['Tarukaja', 'Victory Cry', 'Virus Breath', 'Garudyne']
['Garudyne', 'Mamudoon', 'Power Charge', 'Virus Breath']
['Tarukaja', 'Matarunda', 'High Counter', 'Mamudoon']
['Tarukaja', 'High Counter', 'Power Charge', 'Makarakarn']
['Makarakarn', 'Power Charge', 'Victory Cry', 'Sexy Dance']
['Garudyne', 'High Counter', 'Tarukaja', 'Fatal End']
['Garudyne', 'Tarukaja', 'Matarunda', 'Makarakarn']
['Mamudoon', 'Garudyne', 'Power Charge', 'Spell Master']
['Sexy Dance', 'Matarunda', 'Fatal End', 'Garudyne']
['Tarukaja', 'Sexy Dance', 'Garudyne', 'Virus Breath']
['Makarakarn', 'Mamudoon', 'Sexy Dance', 'Garudyne']
['Garudyne', 'Mamudoon', 'Makarakarn', 'Sexy Dance']
['Sexy Dance', 'Tarukaja', 'Matarunda', 'Mamudoon']
['Sexy Dance', 'Power Charge', 'Garudyne', 'Makarakarn']
['Tarukaja', 'Spell Master', 'Matarunda', 'Garudyne']
['Garudyne', 'Tarukaja', 'Spell Master', 'Sexy Dance']
['Tarukaja', 'Poison Arrow', 'Virus Breath', 'Spell Master']
['High Counter', 'Virus Breath', 'Power Charge', 'Sexy Dance']
['Garudyne', 'Virus Breath', 'Makarakarn', 'Sexy Dance']
['Victory Cry', 'Garudyne', 'Virus Breath', 'Sexy Dance']
['Power Charge', 'Tarukaja', 'Garudyne', 'Mamudoon']
['Power Charge', 'Tarukaja', 'Spell Master', 'Garudyne']
['Garudyne', 'Spell Master', 'High Counter', 'Matarunda']
['Tarukaja', 'Power Charge', 'Spell Master', 'Sexy Dance']
['Tarukaja', 'Garudyne', 'Mamudoon', 'Power Charge']
['Mamudoon', 'Tarukaja', 'Sexy Dance', 'Garudyne']
['Tarukaja', 'Virus Breath', 'Garudyne', 'Power Charge']
['Power Charge', 'Victory Cry', 'Matarunda', 'Tarukaja']
['Sexy Dance', 'Virus Breath', 'Garudyne', 'Tarukaja']
['Sexy Dance', 'Garudyne', 'Makarakarn', 'Tarukaja']
['Victory Cry', 'Matarunda', 'Garudyne', 'Sexy Dance']
['Garudyne', 'Virus Breath', 'Tarukaja', 'Power Charge']
['High Counter', 'Tarukaja', 'Power Charge', 'Garudyne']
['Garudyne', 'High Counter', 'Matarunda', 'Power Charge']
['Mamudoon', 'Matarunda', 'Garudyne', 'Spell Master']
['Garudyne', 'Victory Cry', 'Mamudoon', 'Sexy Dance']
['Tarukaja', 'Garudyne', 'High Counter', 'Makarakarn']
['Garudyne', 'Spell Master', 'Victory Cry', 'Arrow Rain']
['Garudyne', 'Sexy Dance', 'Power Charge', 'Makarakarn']
['Garudyne', 'Makarakarn', 'Power Charge', 'Spell Master']
['Power Charge', 'Garudyne', 'Spell Master', 'Sexy Dance']
['Garudyne', 'Power Charge', 'Sexy Dance', 'High Counter']
['Sexy Dance', 'Spell Master', 'Garudyne', 'Virus Breath']
['Tarukaja', 'Virus Breath', 'Matarunda', 'Spell Master']
['Garudyne', 'Power Charge', 'Tarukaja', 'Sexy Dance']
['Garudyne', 'Fatal End', 'Matarunda', 'Victory Cry']
['Tarukaja', 'Garudyne', 'Fatal End', 'Power Charge']
['Mamudoon', 'Garudyne', 'Makarakarn', 'Power Charge']
['Tarukaja', 'Matarunda', 'Poison Arrow', 'Garudyne']
['Garudyne', 'Spell Master', 'Power Charge', 'Matarunda']
['Garudyne', 'Mamudoon', 'Sexy Dance', 'Makarakarn']
['Garudyne', 'Virus Breath', 'Matarunda', 'Poison Arrow']
['Matarunda', 'Mamudoon', 'Garudyne', 'High Counter']
['Sexy Dance', 'Garudyne', 'Makarakarn', 'Matarunda']
['Garudyne', 'Virus Breath', 'Poison Arrow', 'High Counter']
['High Counter', 'Garudyne', 'Makarakarn', 'Matarunda']
['Sexy Dance', 'Garudyne', 'Brave Blade', 'Tarukaja']
['Garudyne', 'Mamudoon', 'Virus Breath', 'Tarukaja']
['Garudyne', 'Tarukaja', 'High Counter', 'Power Charge']
['Power Charge', 'Garudyne', 'Tarukaja', 'High Counter']
['Makarakarn', 'Virus Breath', 'Power Charge', 'Tarukaja']
['Tarukaja', 'Garudyne', 'Virus Breath', 'Fatal End']
['Garudyne', 'Matarunda', 'Arrow Rain', 'Makarakarn']
['High Counter', 'Garudyne', 'Makarakarn', 'Mamudoon']
['Garudyne', 'Tarukaja', 'Matarunda', 'Mamudoon']
['Spell Master', 'Sexy Dance', 'Power Charge', 'Victory Cry']
['Arrow Rain', 'Sexy Dance', 'High Counter', 'Mamudoon']
['Tarukaja', 'Spell Master', 'Matarunda', 'Garudyne']
['Tarukaja', 'Victory Cry', 'Garudyne', 'Sexy Dance']
['Garudyne', 'High Counter', 'Power Charge', 'Matarunda']
['Garudyne', 'Virus Breath', 'Megidolaon', 'Tarukaja']
['Mamudoon', 'Garudyne', 'High Counter', 'Tarukaja']
['Tarukaja', 'Garudyne', 'Power Charge', 'Matarunda']
['Matarunda', 'Tarukaja', 'Makarakarn', 'Mamudoon']
['Power Charge', 'Tarukaja', 'Sexy Dance', 'Spell Master']
['Tarukaja', 'Sexy Dance', 'Garudyne', 'High Counter']
['Garudyne', 'Power Charge', 'Poison Arrow', 'Matarunda']
['Garudyne', 'Tarukaja', 'Makarakarn', 'Sexy Dance']
['Spell Master', 'Garudyne', 'High Counter', 'Matarunda']
['Garudyne', 'Tarukaja', 'Poison Arrow', 'Power Charge']
['Garudyne', 'Virus Breath', 'Sexy Dance', 'High Counter']
['Tarukaja', 'Matarunda', 'Garudyne', 'Mamudoon']
['Mamudoon', 'Spell Master', 'Garudyne', 'Arrow Rain']
['Garudyne', 'Tarukaja', 'Matarunda', 'Power Charge']
['Garudyne', 'Matarunda', 'Makarakarn', 'Virus Breath']
['Virus Breath', 'Garudyne', 'Spell Master', 'High Counter']
['Victory Cry', 'Tarukaja', 'Power Charge', 'Garudyne']
['Garudyne', 'Mamudoon', 'Matarunda', 'Tarukaja']
['Sexy Dance', 'Garudyne', 'Mamudoon', 'High Counter']
['Garudyne', 'Tarukaja', 'Makarakarn', 'Virus Breath']
['Matarunda', 'Poison Arrow', 'Garudyne', 'Power Charge']
['Power Charge', 'High Counter', 'Tarukaja', 'Matarunda']
['Spell Master', 'Matarunda', 'Power Charge', 'Garudyne']
['Garudyne', 'Megidolaon', 'Power Charge', 'Tarukaja']
['Garudyne', 'Tarukaja', 'Sexy Dance', 'Power Charge']
['Spell Master', 'Garudyne', 'Matarunda', 'Tarukaja']
['Sexy Dance', 'Arrow Rain', 'Spell Master', 'Garudyne']
['Garudyne', 'Power Charge', 'Tarukaja', 'High Counter']
['Garudyne', 'Sexy Dance', 'Tarukaja', 'Virus Breath']
['Tarukaja', 'Garudyne', 'Matarunda', 'Victory Cry']
['Matarunda', 'Tarukaja', 'Garudyne', 'Spell Master']
['Sexy Dance', 'Matarunda', 'Tarukaja', 'Garudyne']
['Mamudoon', 'Brave Blade', 'Tarukaja', 'High Counter']
['Tarukaja', 'Virus Breath', 'Garudyne', 'Matarunda']
['Virus Breath', 'Garudyne', 'Tarukaja', 'Matarunda']
['Garudyne', 'Makarakarn', 'Matarunda', 'Sexy Dance']
['Garudyne', 'Spell Master', 'Sexy Dance', 'Matarunda']
['Tarukaja', 'Garudyne', 'Power Charge', 'Makarakarn']
['Tarukaja', 'Matarunda', 'Garudyne', 'High Counter']
['High Counter', 'Garudyne', 'Sexy Dance', 'Makarakarn']
['Makarakarn', 'Victory Cry', 'Matarunda', 'High Counter']
['Fatal End', 'Garudyne', 'Makarakarn', 'High Counter']
['Spell Master', 'Garudyne', 'High Counter', 'Makarakarn']
['Makarakarn', 'Garudyne', 'Spell Master', 'Power Charge']
['Tarukaja', 'Victory Cry', 'Garudyne', 'Virus Breath']
['High Counter', 'Garudyne', 'Tarukaja', 'Virus Breath']
['Virus Breath', 'Garudyne', 'Power Charge', 'Megidolaon']
['Garudyne', 'Tarukaja', 'Makarakarn', 'Matarunda']
['Makarakarn', 'Sexy Dance', 'Matarunda', 'Garudyne']
['Garudyne', 'Mamudoon', 'Tarukaja', 'Power Charge']
['Tarukaja', 'Sexy Dance', 'Virus Breath', 'Mamudoon']
['Poison Arrow', 'Garudyne', 'Victory Cry', 'Matarunda']
['High Counter', 'Arrow Rain', 'Poison Arrow', 'Garudyne']
['Victory Cry', 'Tarukaja', 'Garudyne', 'Power Charge']
['Garudyne', 'Virus Breath', 'Mamudoon', 'Tarukaja']
['Victory Cry', 'Matarunda', 'Garudyne', 'Sexy Dance']
['High Counter', 'Garudyne', 'Sexy Dance', 'Victory Cry']
['Garudyne', 'High Counter', 'Poison Arrow', 'Arrow Rain']
['Tarukaja', 'Garudyne', 'Virus Breath', 'Power Charge']
['High Counter', 'Tarukaja', 'Matarunda', 'Garudyne']
['Fatal End', 'Garudyne', 'Virus Breath', 'Mamudoon']
['Garudyne', 'Spell Master', 'Power Charge', 'High Counter']
['Garudyne', 'Virus Breath', 'Mamudoon', 'Tarukaja']
['Sexy Dance', 'Garudyne', 'Virus Breath', 'Victory Cry']
['Garudyne', 'Tarukaja', 'High Counter', 'Matarunda']
['Garudyne', 'Matarunda', 'Sexy Dance', 'Makarakarn']
['Tarukaja', 'Garudyne', 'Virus Breath', 'Matarunda']
['Virus Breath', 'Garudyne', 'Power Charge', 'Brave Blade']
['Garudyne', 'Matarunda', 'Mamudoon', 'Spell Master']
['Garudyne', 'Virus Breath', 'Matarunda', 'Victory Cry']
['Tarukaja', 'Victory Cry', 'Garudyne', 'Mamudoon']
['Matarunda', 'Spell Master', 'Garudyne', 'Mamudoon']
['High Counter', 'Garudyne', 'Tarukaja', 'Power Charge']
['Matarunda', 'High Counter', 'Mamudoon', 'Virus Breath']
['Garudyne', 'Power Charge', 'Poison Arrow', 'Tarukaja']
['Garudyne', 'Mamudoon', 'Sexy Dance', 'Tarukaja']
['Garudyne', 'Tarukaja', 'Makarakarn', 'Megidolaon']
['Matarunda', 'Garudyne', 'High Counter', 'Makarakarn']
['Garudyne', 'Victory Cry', 'Arrow Rain', 'Sexy Dance']
['High Counter', 'Makarakarn', 'Sexy Dance', 'Virus Breath']
['Power Charge', 'Tarukaja', 'Makarakarn', 'Garudyne']
['Garudyne', 'Victory Cry', 'Power Charge', 'Tarukaja']
['High Counter', 'Mamudoon', 'Megidolaon', 'Garudyne']
['Garudyne', 'Matarunda', 'Fatal End', 'Sexy Dance']
['Makarakarn', 'Garudyne', 'Power Charge', 'Virus Breath']
['Sexy Dance', 'Garudyne', 'Power Charge', 'Mamudoon']
['Power Charge', 'Megidolaon', 'Garudyne', 'Sexy Dance']
['Tarukaja', 'Garudyne', 'Fatal End', 'Power Charge']
['Garudyne', 'Sexy Dance', 'Virus Breath', 'Tarukaja']
['Matarunda', 'Garudyne', 'Makarakarn', 'Sexy Dance']
['Tarukaja', 'Virus Breath', 'Garudyne', 'Sexy Dance']
['Megidolaon', 'Garudyne', 'Matarunda', 'Tarukaja']
['Power Charge', 'Garudyne', 'Matarunda', 'Tarukaja']
['Garudyne', 'Spell Master', 'Matarunda', 'Tarukaja']
['Mamudoon', 'Garudyne', 'Megidolaon', 'Tarukaja']
['Garudyne', 'Arrow Rain', 'Matarunda', 'Sexy Dance']
['High Counter', 'Sexy Dance', 'Victory Cry', 'Spell Master']
['Garudyne', 'High Counter', 'Tarukaja', 'Sexy Dance']
['Garudyne', 'Tarukaja', 'Sexy Dance', 'Spell Master']
['Garudyne', 'Makarakarn', 'Victory Cry', 'Power Charge']
['Sexy Dance', 'Matarunda', 'Garudyne', 'Mamudoon']
['Mamudoon', 'High Counter', 'Makarakarn', 'Garudyne']
['Garudyne', 'Power Charge', 'Sexy Dance', 'Victory Cry']
['Garudyne', 'High Counter', 'Power Charge', 'Tarukaja']
['Mamudoon', 'Garudyne', 'Power Charge', 'High Counter']
['Sexy Dance', 'Garudyne', 'Tarukaja', 'Poison Arrow']
['Power Charge', 'Garudyne', 'Matarunda', 'High Counter']
['Brave Blade', 'Power Charge', 'Makarakarn', 'Sexy Dance']
['Virus Breath', 'Tarukaja', 'Arrow Rain', 'Garudyne']
['Matarunda', 'Tarukaja', 'Garudyne', 'Fatal End']
['Fatal End', 'Tarukaja', 'Sexy Dance', 'Mamudoon']
['Sexy Dance', 'Garudyne', 'Virus Breath', 'Tarukaja']
['Sexy Dance', 'Tarukaja', 'Virus Breath', 'Garudyne']
['Mamudoon', 'Garudyne', 'Makarakarn', 'Tarukaja']
['Garudyne', 'Spell Master', 'Makarakarn', 'Tarukaja']
['Garudyne', 'Tarukaja', 'Sexy Dance', 'Power Charge']
['Spell Master', 'Tarukaja', 'Garudyne', 'Virus Breath']
['Garudyne', 'Mamudoon', 'Power Charge', 'Virus Breath']
['Mamudoon', 'Garudyne', 'Arrow Rain', 'Tarukaja']
['Garudyne', 'Tarukaja', 'Matarunda', 'Virus Breath']
['Spell Master', 'Megidolaon', 'High Counter', 'Garudyne']
['Garudyne', 'Sexy Dance', 'Makarakarn', 'Power Charge']
['Matarunda', 'Tarukaja', 'Garudyne', 'Virus Breath']
['Victory Cry', 'Power Charge', 'Garudyne', 'Sexy Dance']
['Mamudoon', 'Garudyne', 'Sexy Dance', 'Tarukaja']
['Matarunda', 'Garudyne', 'Sexy Dance', 'High Counter']
['Power Charge', 'Garudyne', 'Matarunda', 'High Counter']
['Victory Cry', 'Matarunda', 'Tarukaja', 'Garudyne']
['Mamudoon', 'Garudyne', 'Sexy Dance', 'Tarukaja']
['Garudyne', 'Virus Breath', 'Power Charge', 'Tarukaja']
['Garudyne', 'Victory Cry', 'Power Charge', 'Virus Breath']
['Virus Breath', 'Power Charge', 'Mamudoon', 'Makarakarn']
['Poison Arrow', 'Power Charge', 'Tarukaja', 'Victory Cry']
['Garudyne', 'Power Charge', 'Virus Breath', 'Sexy Dance']
['Tarukaja', 'High Counter', 'Garudyne', 'Power Charge']
['Garudyne', 'Makarakarn', 'Tarukaja', 'Sexy Dance']
['Mamudoon', 'Fatal End', 'Garudyne', 'Virus Breath']
['Garudyne', 'Tarukaja', 'Poison Arrow', 'Sexy Dance']
['Garudyne', 'Makarakarn', 'Sexy Dance', 'Matarunda']
['Garudyne', 'Tarukaja', 'Spell Master', 'Victory Cry']
['Tarukaja', 'Garudyne', 'Victory Cry', 'Virus Breath']
['High Counter', 'Garudyne', 'Tarukaja', 'Virus Breath']
['Tarukaja', 'Sexy Dance', 'Power Charge', 'Poison Arrow']
['High Counter', 'Power Charge', 'Garudyne', 'Poison Arrow']
['Sexy Dance', 'Garudyne', 'Tarukaja', 'High Counter']
['Matarunda', 'Tarukaja', 'Garudyne', 'Virus Breath']
['Virus Breath', 'Spell Master', 'Victory Cry', 'Makarakarn']
['Victory Cry', 'Matarunda', 'Garudyne', 'Power Charge']
['High Counter', 'Matarunda', 'Fatal End', 'Garudyne']
['Power Charge', 'Garudyne', 'Tarukaja', 'Makarakarn']
['Garudyne', 'High Counter', 'Makarakarn', 'Tarukaja']
['Power Charge', 'Tarukaja', 'Matarunda', 'Garudyne']
['Garudyne', 'Sexy Dance', 'Makarakarn', 'High Counter']
['Sexy Dance', 'Matarunda', 'Tarukaja', 'Victory Cry']
['Garudyne', 'Power Charge', 'Arrow Rain', 'High Counter']
['Matarunda', 'Power Charge', 'Arrow Rain', 'Garudyne']
['Garudyne', 'Sexy Dance', 'Mamudoon', 'Victory Cry']
['High Counter', 'Garudyne', 'Tarukaja', 'Mamudoon']
['Mamudoon', 'Garudyne', 'Power Charge', 'Sexy Dance']
['Tarukaja', 'Mamudoon', 'Garudyne', 'Sexy Dance']
['Sexy Dance', 'Garudyne', 'Spell Master', 'Power Charge']
['Tarukaja', 'Matarunda', 'Power Charge', 'High Counter']
['Virus Breath', 'Garudyne', 'Power Charge', 'Sexy Dance']
['Garudyne', 'Fatal End', 'Sexy Dance', 'Tarukaja']
['Tarukaja', 'Garudyne', 'Victory Cry', 'Mamudoon']
['Tarukaja', 'Mamudoon', 'High Counter', 'Garudyne']
['Sexy Dance', 'Mamudoon', 'Power Charge', 'Tarukaja']
['Power Charge', 'Garudyne', 'High Counter', 'Spell Master']
['Garudyne', 'Power Charge', 'Arrow Rain', 'High Counter']
['Garudyne', 'Victory Cry', 'Fatal End', 'Virus Breath']
['Virus Breath', 'Arrow Rain', 'Power Charge', 'Garudyne']
['Sexy Dance', 'Poison Arrow', 'High Counter', 'Power Charge']
['Garudyne', 'Spell Master', 'Sexy Dance', 'Tarukaja']
['Matarunda', 'Tarukaja', 'Garudyne', 'Fatal End']
['Garudyne', 'Victory Cry', 'Virus Breath', 'Tarukaja']
['Garudyne', 'Sexy Dance', 'Makarakarn', 'Mamudoon']
['Matarunda', 'Makarakarn', 'Victory Cry', 'Power Charge']
['Sexy Dance', 'High Counter', 'Victory Cry', 'Garudyne']
['Tarukaja', 'Garudyne', 'High Counter', 'Power Charge']
['Makarakarn', 'Fatal End', 'Garudyne', 'Mamudoon']
['Spell Master', 'Tarukaja', 'Garudyne', 'Matarunda']
['Mamudoon', 'Matarunda', 'Garudyne', 'Tarukaja']
['Garudyne', 'Makarakarn', 'Mamudoon', 'Tarukaja']
['Garudyne', 'High Counter', 'Power Charge', 'Mamudoon']
['Garudyne', 'Tarukaja', 'Sexy Dance', 'Matarunda']
['Power Charge', 'High Counter', 'Tarukaja', 'Sexy Dance']
['Garudyne', 'Virus Breath', 'Power Charge', 'Matarunda']
['Victory Cry', 'Brave Blade', 'Tarukaja', 'Virus Breath']
['Garudyne', 'Power Charge', 'High Counter', 'Matarunda']
['High Counter', 'Power Charge', 'Sexy Dance', 'Garudyne']
['Victory Cry', 'Makarakarn', 'Garudyne', 'High Counter']
['Garudyne', 'Matarunda', 'Victory Cry', 'Tarukaja']
['Tarukaja', 'Garudyne', 'High Counter', 'Sexy Dance']
['Fatal End', 'Garudyne', 'Sexy Dance', 'Virus Breath']
