['Rebellion', 'Tentarafoo', 'Poisma', 'Evil Touch']
['Rebellion', 'Marakunda', 'Poisma', 'Single Shot']
['Poisma', 'Repel Dark', 'Provoke', 'Tentarafoo']
['Poisma', 'Tentarafoo', 'Provoke', 'Rebellion']
['Marakunda', 'Dekaja', 'Rebellion', 'Provoke']
['Single Shot', 'Rebellion', 'Evil Touch', 'Provoke']
['Die for Me!', 'Provoke', 'Single Shot', 'Poisma']
['Poisma', 'Rebellion', 'Repel Dark', 'Provoke']
['Poisma', 'Die for Me!', 'Tentarafoo', 'Evil Touch']
['Repel Dark', 'Provoke', 'Die for Me!', 'Rebellion']
['Foul Breath', 'Dekaja', 'Rebellion', 'Poisma']
['Poisma', 'Evil Touch', 'Marakunda', 'Rebellion']
['Provoke', 'Poisma', 'Repel Dark', 'Marakunda']
['Dekaja', 'Provoke', 'Tentarafoo', 'Evil Touch']
['Provoke', 'Dekaja', 'Rebellion', 'Evil Touch']
['Dekaja', 'Provoke', 'Rebellion', 'Tentarafoo']
['Marakunda', 'Poisma', 'Single Shot', 'Dekaja']
['Single Shot', 'Foul Breath', 'Poisma', 'Dekaja']
['Evil Touch', 'Repel Dark', 'Marakunda', 'Spirit Drain']
['Poisma', 'Marakunda', 'Evil Touch', 'Tentarafoo']
['Evil Touch', 'Tentarafoo', 'Dekaja', 'Rebellion']
['Marakunda', 'Tentarafoo', 'Poisma', 'Die for Me!']
['Dekaja', 'Poisma', 'Provoke', 'Single Shot']
['Evil Touch', 'Poisma', 'Provoke', 'Marakunda']
['Evil Touch', 'Tentarafoo', 'Marakunda', 'Single Shot']
['Poisma', 'Provoke', 'Marakunda', 'Rebellion']
['Dekaja', 'Provoke', 'Poisma', 'Repel Dark']
['Tentarafoo', 'Repel Dark', 'Dekaja', 'Poisma']
['Rebellion', 'Tentarafoo', 'Dekaja', 'Poisma']
['Evil Touch', 'Rebellion', 'Single Shot', 'Die for Me!']
['Provoke', 'Single Shot', 'Megido', 'Poisma']
['Poisma', 'Dekaja', 'Provoke', 'Rebellion']
['Single Shot', 'Poisma', 'Marakunda', 'Foul Breath']
['Rebellion', 'Single Shot', 'Tentarafoo', 'Poisma']
['Megido', 'Die for Me!', 'Rebellion', 'Poisma']
['Poisma', 'Tentarafoo', 'Dekaja', 'Single Shot']
['Provoke', 'Tentarafoo', 'Single Shot', 'Foul Breath']
['Rebellion', 'Marakunda', 'Evil Touch', 'Provoke']
['Evil Touch', 'Poisma', 'Rebellion', 'Single Shot']
['Poisma', 'Tentarafoo', 'Provoke', 'Evil Touch']
['Evil Touch', 'Provoke', 'Single Shot', 'Die for Me!']
['Marakunda', 'Poisma', 'Evil Touch', 'Spirit Drain']
['Spirit Drain', 'Kill Rush', 'Provoke', 'Evil Touch']
['Single Shot', 'Evil Touch', 'Marakunda', 'Die for Me!']
['Repel Dark', 'Poisma', 'Provoke', 'Evil Touch']
['Single Shot', 'Spirit Drain', 'Repel Dark', 'Rebellion']
['Repel Dark', 'Marakunda', 'Provoke', 'Foul Breath']
['Poisma', 'Dekaja', 'Rebellion', 'Die for Me!']
['Dekaja', 'Spirit Drain', 'Repel Dark', 'Tentarafoo']
['Provoke', 'Kill Rush', 'Poisma', 'Marakunda']
['Rebellion', 'Marakunda', 'Poisma', 'Provoke']
['Poisma', 'Provoke', 'Rebellion', 'Dekaja']
['Provoke', 'Poisma', 'Tentarafoo', 'Kill Rush']
['Poisma', 'Provoke', 'Dekaja', 'Tentarafoo']
['Single Shot', 'Tentarafoo', 'Poisma', 'Provoke']
['Evil Touch', 'Repel Dark', 'Marakunda', 'Poisma']
['Rebellion', 'Poisma', 'Marakunda', 'Single Shot']
['Evil Touch', 'Dekaja', 'Provoke', 'Kill Rush']
['Rebellion', 'Poisma', 'Evil Touch', 'Provoke']
['Evil Touch', 'Poisma', 'Provoke', 'Single Shot']
['Rebellion', 'Marakunda', 'Provoke', 'Dekaja']
['Poisma', 'Repel Dark', 'Rebellion', 'Single Shot']
['Die for Me!', 'Provoke', 'Poisma', 'Repel Dark']
['Provoke', 'Rebellion', 'Poisma', 'Marakunda']
['Poisma', 'Evil Touch', 'Rebellion', 'Tentarafoo']
['Poisma', 'Tentarafoo', 'Dekaja', 'Evil Touch']
['Poisma', 'Provoke', 'Marakunda', 'Rebellion']
['Poisma', 'Provoke', 'Kill Rush', 'Tentarafoo']
['Poisma', 'Marakunda', 'Provoke', 'Tentarafoo']
['Rebellion', 'Kill Rush', 'Poisma', 'Marakunda']
['Poisma', 'Rebellion', 'Dekaja', 'Provoke']
['Provoke', 'Marakunda', 'Single Shot', 'Rebellion']
['Rebellion', 'Tentarafoo', 'Poisma', 'Provoke']
['Marakunda', 'Poisma', 'Provoke', 'Tentarafoo']
['Rebellion', 'Marakunda', 'Provoke', 'Evil Touch']
['Poisma', 'Evil Touch', 'Rebellion', 'Tentarafoo']
['Rebellion', 'Dekaja', 'Poisma', 'Provoke']
['Poisma', 'Provoke', 'Dekaja', 'Marakunda']
['Poisma', 'Tentarafoo', 'Evil Touch', 'Kill Rush']
['Dekaja', 'Evil Touch', 'Single Shot', 'Rebellion']
['Single Shot', 'Rebellion', 'Marakunda', 'Poisma']
['Rebellion', 'Marakunda', 'Poisma', 'Provoke']
['Provoke', 'Marakunda', 'Rebellion', 'Poisma']
['Kill Rush', 'Foul Breath', 'Poisma', 'Provoke']
['Provoke', 'Rebellion', 'Repel Dark', 'Single Shot']
['Rebellion', 'Provoke', 'Evil Touch', 'Marakunda']
['Evil Touch', 'Poisma', 'Kill Rush', 'Rebellion']
['Poisma', 'Rebellion', 'Provoke', 'Repel Dark']
['Poisma', 'Marakunda', 'Die for Me!', 'Provoke']
['Rebellion', 'Repel Dark', 'Poisma', 'Dekaja']
['Poisma', 'Evil Touch', 'Repel Dark', 'Tentarafoo']
['Poisma', 'Provoke', 'Die for Me!', 'Tentarafoo']
['Single Shot', 'Provoke', 'Rebellion', 'Die for Me!']
['Tentarafoo', 'Poisma', 'Rebellion', 'Marakunda']
['Rebellion', 'Poisma', 'Tentarafoo', 'Kill Rush']
['Evil Touch', 'Provoke', 'Dekaja', 'Repel Dark']
['Tentarafoo', 'Foul Breath', 'Provoke', 'Spirit Drain']
['Provoke', 'Poisma', 'Dekaja', 'Rebellion']
['Megido', 'Die for Me!', 'Rebellion', 'Poisma']
['Repel Dark', 'Poisma', 'Dekaja', 'Tentarafoo']
['Poisma', 'Evil Touch', 'Foul Breath', 'Rebellion']
['Poisma', 'Rebellion', 'Marakunda', 'Provoke']
['Rebellion', 'Poisma', 'Repel Dark', 'Provoke']
['Poisma', 'Tentarafoo', 'Evil Touch', 'Die for Me!']
['Repel Dark', 'Marakunda', 'Provoke', 'Evil Touch']
['Rebellion', 'Poisma', 'Evil Touch', 'Single Shot']
['Single Shot', 'Rebellion', 'Repel Dark', 'Spirit Drain']
['Megido', 'Poisma', 'Rebellion', 'Provoke']
['Evil Touch', 'Rebellion', 'Provoke', 'Poisma']
['Evil Touch', 'Poisma', 'Tentarafoo', 'Provoke']
['Dekaja', 'Repel Dark', 'Poisma', 'Die for Me!']
['Provoke', 'Die for Me!', 'Poisma', 'Marakunda']
['Single Shot', 'Provoke', 'Rebellion', 'Repel Dark']
['Die for Me!', 'Provoke', 'Rebellion', 'Poisma']
['Poisma', 'Marakunda', 'Provoke', 'Single Shot']
['Rebellion', 'Evil Touch', 'Tentarafoo', 'Poisma']
['Tentarafoo', 'Rebellion', 'Marakunda', 'Foul Breath']
['Marakunda', 'Repel Dark', 'Evil Touch', 'Foul Breath']
['Tentarafoo', 'Marakunda', 'Poisma', 'Evil Touch']
['Poisma', 'Evil Touch', 'Single Shot', 'Provoke']
['Evil Touch', 'Poisma', 'Tentarafoo', 'Single Shot']
['Dekaja', 'Single Shot', 'Marakunda', 'Provoke']
['Evil Touch', 'Rebellion', 'Foul Breath', 'Poisma']
['Poisma', 'Provoke', 'Tentarafoo', 'Dekaja']
['Single Shot', 'Rebellion', 'Dekaja', 'Poisma']
['Evil Touch', 'Poisma', 'Repel Dark', 'Single Shot']
['Rebellion', 'Provoke', 'Repel Dark', 'Evil Touch']
['Evil Touch', 'Provoke', 'Poisma', 'Rebellion']
['Foul Breath', 'Die for Me!', 'Repel Dark', 'Marakunda']
['Poisma', 'Marakunda', 'Provoke', 'Foul Breath']
['Poisma', 'Kill Rush', 'Provoke', 'Single Shot']
['Poisma', 'Provoke', 'Rebellion', 'Tentarafoo']
['Single Shot', 'Poisma', 'Marakunda', 'Provoke']
['Rebellion', 'Tentarafoo', 'Poisma', 'Evil Touch']
['Poisma', 'Repel Dark', 'Evil Touch', 'Provoke']
['Single Shot', 'Rebellion', 'Poisma', 'Evil Touch']
['Marakunda', 'Tentarafoo', 'Dekaja', 'Poisma']
['Marakunda', 'Foul Breath', 'Rebellion', 'Kill Rush']
['Provoke', 'Poisma', 'Rebellion', 'Single Shot']
['Evil Touch', 'Repel Dark', 'Provoke', 'Rebellion']
['Poisma', 'Dekaja', 'Provoke', 'Tentarafoo']
['Tentarafoo', 'Evil Touch', 'Rebellion', 'Poisma']
['Tentarafoo', 'Provoke', 'Poisma', 'Die for Me!']
['Poisma', 'Rebellion', 'Foul Breath', 'Marakunda']
['Kill Rush', 'Die for Me!', 'Poisma', 'Dekaja']
['Dekaja', 'Rebellion', 'Poisma', 'Die for Me!']
['Single Shot', 'Poisma', 'Evil Touch', 'Provoke']
['Rebellion', 'Evil Touch', 'Marakunda', 'Poisma']
['Rebellion', 'Provoke', 'Foul Breath', 'Poisma']
['Marakunda', 'Provoke', 'Tentarafoo', 'Poisma']
['Poisma', 'Marakunda', 'Rebellion', 'Single Shot']
['Poisma', 'Tentarafoo', 'Evil Touch', 'Marakunda']
['Single Shot', 'Rebellion', 'Poisma', 'Dekaja']
['Rebellion', 'Evil Touch', 'Marakunda', 'Repel Dark']
['Poisma', 'Die for Me!', 'Repel Dark', 'Single Shot']
['Poisma', 'Single Shot', 'Dekaja', 'Marakunda']
['Single Shot', 'Marakunda', 'Tentarafoo', 'Poisma']
['Poisma', 'Megido', 'Rebellion', 'Evil Touch']
['Provoke', 'Foul Breath', 'Poisma', 'Rebellion']
['Dekaja', 'Provoke', 'Poisma', 'Marakunda']
['Poisma', 'Tentarafoo', 'Marakunda', 'Dekaja']
['Tentarafoo', 'Provoke', 'Kill Rush', 'Poisma']
['Poisma', 'Foul Breath', 'Rebellion', 'Provoke']
['Poisma', 'Evil Touch', 'Provoke', 'Single Shot']
['Evil Touch', 'Poisma', 'Rebellion', 'Provoke']
['Provoke', 'Foul Breath', 'Repel Dark', 'Marakunda']
['Poisma', 'Provoke', 'Evil Touch', 'Tentarafoo']
['Poisma', 'Evil Touch', 'Die for Me!', 'Marakunda']
['Dekaja', 'Provoke', 'Tentarafoo', 'Poisma']
['Repel Dark', 'Dekaja', 'Poisma', 'Tentarafoo']
['Provoke', 'Dekaja', 'Rebellion', 'Die for Me!']
['Poisma', 'Die for Me!', 'Rebellion', 'Kill Rush']
['Kill Rush', 'Megido', 'Rebellion', 'Poisma']
['Evil Touch', 'Poisma', 'Provoke', 'Rebellion']
['Spirit Drain', 'Provoke', 'Rebellion', 'Evil Touch']
['Foul Breath', 'Spirit Drain', 'Poisma', 'Evil Touch']
['Tentarafoo', 'Rebellion', 'Poisma', 'Single Shot']
['Single Shot', 'Provoke', 'Rebellion', 'Dekaja']
['Tentarafoo', 'Evil Touch', 'Poisma', 'Kill Rush']
['Poisma', 'Provoke', 'Die for Me!', 'Foul Breath']
['Poisma', 'Rebellion', 'Evil Touch', 'Dekaja']
['Poisma', 'Rebellion', 'Dekaja', 'Repel Dark']
['Provoke', 'Dekaja', 'Kill Rush', 'Repel Dark']
['Poisma', 'Rebellion', 'Kill Rush', 'Tentarafoo']
['Tentarafoo', 'Evil Touch', 'Single Shot', 'Megido']
['Single Shot', 'Dekaja', 'Rebellion', 'Provoke']
['Repel Dark', 'Poisma', 'Kill Rush', 'Dekaja']
['Poisma', 'Tentarafoo', 'Repel Dark', 'Provoke']
['Single Shot', 'Dekaja', 'Repel Dark', 'Rebellion']
['Provoke', 'Foul Breath', 'Poisma', 'Evil Touch']
['Poisma', 'Dekaja', 'Evil Touch', 'Rebellion']
['Provoke', 'Rebellion', 'Poisma', 'Marakunda']
['Tentarafoo', 'Die for Me!', 'Poisma', 'Evil Touch']
['Poisma', 'Provoke', 'Marakunda', 'Single Shot']
['Evil Touch', 'Rebellion', 'Provoke', 'Poisma']
['Provoke', 'Single Shot', 'Marakunda', 'Tentarafoo']
['Poisma', 'Die for Me!', 'Single Shot', 'Evil Touch']
['Spirit Drain', 'Provoke', 'Repel Dark', 'Poisma']
['Die for Me!', 'Dekaja', 'Repel Dark', 'Provoke']
['Poisma', 'Evil Touch', 'Rebellion', 'Provoke']
['Poisma', 'Provoke', 'Rebellion', 'Marakunda']
['Spirit Drain', 'Dekaja', 'Rebellion', 'Single Shot']
['Provoke', 'Dekaja', 'Kill Rush', 'Rebellion']
['Repel Dark', 'Poisma', 'Evil Touch', 'Rebellion']
['Foul Breath', 'Poisma', 'Evil Touch', 'Rebellion']
['Evil Touch', 'Provoke', 'Rebellion', 'Kill Rush']
['Tentarafoo', 'Poisma', 'Kill Rush', 'Rebellion']
['Single Shot', 'Provoke', 'Megido', 'Poisma']
['Poisma', 'Rebellion', 'Single Shot', 'Provoke']
['Poisma', 'Foul Breath', 'Provoke', 'Rebellion']
['Evil Touch', 'Poisma', 'Die for Me!', 'Dekaja']
['Dekaja', 'Tentarafoo', 'Megido', 'Die for Me!']
['Single Shot', 'Marakunda', 'Poisma', 'Provoke']
['Repel Dark', 'Provoke', 'Poisma', 'Evil Touch']
['Poisma', 'Marakunda', 'Rebellion', 'Provoke']
['Provoke', 'Tentarafoo', 'Poisma', 'Rebellion']
['Marakunda', 'Megido', 'Poisma', 'Rebellion']
['Marakunda', 'Rebellion', 'Single Shot', 'Repel Dark']
['Evil Touch', 'Provoke', 'Poisma', 'Dekaja']
['Single Shot', 'Tentarafoo', 'Rebellion', 'Poisma']
['Foul Breath', 'Provoke', 'Poisma', 'Marakunda']
['Tentarafoo', 'Poisma', 'Evil Touch', 'Single Shot']
['Rebellion', 'Repel Dark', 'Poisma', 'Single Shot']
['Marakunda', 'Poisma', 'Tentarafoo', 'Die for Me!']
['Provoke', 'Repel Dark', 'Tentarafoo', 'Marakunda']
['Poisma', 'Single Shot', 'Provoke', 'Dekaja']
['Provoke', 'Die for Me!', 'Dekaja', 'Foul Breath']
['Single Shot', 'Provoke', 'Rebellion', 'Poisma']
['Evil Touch', 'Die for Me!', 'Poisma', 'Marakunda']
['Poisma', 'Provoke', 'Kill Rush', 'Dekaja']
['Poisma', 'Rebellion', 'Single Shot', 'Dekaja']
['Repel Dark', 'Poisma', 'Provoke', 'Single Shot']
['Poisma', 'Provoke', 'Tentarafoo', 'Evil Touch']
['Provoke', 'Foul Breath', 'Rebellion', 'Tentarafoo']
['Single Shot', 'Poisma', 'Repel Dark', 'Megido']
['Tentarafoo', 'Dekaja', 'Poisma', 'Provoke']
['Provoke', 'Poisma', 'Evil Touch', 'Single Shot']
['Rebellion', 'Poisma', 'Marakunda', 'Single Shot']
['Evil Touch', 'Provoke', 'Repel Dark', 'Poisma']
['Provoke', 'Evil Touch', 'Foul Breath', 'Dekaja']
['Poisma', 'Provoke', 'Evil Touch', 'Rebellion']
['Single Shot', 'Marakunda', 'Megido', 'Tentarafoo']
['Repel Dark', 'Provoke', 'Dekaja', 'Single Shot']
['Poisma', 'Rebellion', 'Provoke', 'Evil Touch']
['Marakunda', 'Rebellion', 'Dekaja', 'Die for Me!']
['Poisma', 'Evil Touch', 'Provoke', 'Rebellion']
['Dekaja', 'Poisma', 'Rebellion', 'Provoke']
['Rebellion', 'Poisma', 'Foul Breath', 'Provoke']
['Dekaja', 'Tentarafoo', 'Provoke', 'Die for Me!']
['Rebellion', 'Poisma', 'Repel Dark', 'Evil Touch']
['Marakunda', 'Poisma', 'Tentarafoo', 'Foul Breath']
['Provoke', 'Rebellion', 'Marakunda', 'Poisma']
['Marakunda', 'Single Shot', 'Rebellion', 'Poisma']
['Rebellion', 'Provoke', 'Poisma', 'Tentarafoo']
['Marakunda', 'Rebellion', 'Provoke', 'Evil Touch']
['Provoke', 'Single Shot', 'Dekaja', 'Evil Touch']
['Dekaja', 'Rebellion', 'Provoke', 'Poisma']
['Rebellion', 'Tentarafoo', 'Poisma', 'Evil Touch']
['Rebellion', 'Tentarafoo', 'Dekaja', 'Evil Touch']
['Poisma', 'Rebellion', 'Dekaja', 'Foul Breath']
['Evil Touch', 'Poisma', 'Single Shot', 'Provoke']
['Evil Touch', 'Provoke', 'Repel Dark', 'Single Shot']
['Marakunda', 'Evil Touch', 'Provoke', 'Rebellion']
['Poisma', 'Single Shot', 'Marakunda', 'Rebellion']
['Provoke', 'Poisma', 'Foul Breath', 'Dekaja']
['Repel Dark', 'Rebellion', 'Dekaja', 'Marakunda']
['Poisma', 'Tentarafoo', 'Evil Touch', 'Single Shot']
['Evil Touch', 'Poisma', 'Rebellion', 'Marakunda']
['Provoke', 'Repel Dark', 'Evil Touch', 'Marakunda']
['Poisma', 'Provoke', 'Rebellion', 'Repel Dark']
['Marakunda', 'Tentarafoo', 'Poisma', 'Provoke']
['Provoke', 'Evil Touch', 'Tentarafoo', 'Rebellion']
['Evil Touch', 'Poisma', 'Single Shot', 'Dekaja']
['Kill Rush', 'Poisma', 'Provoke', 'Rebellion']
['Poisma', 'Dekaja', 'Die for Me!', 'Rebellion']
['Die for Me!', 'Rebellion', 'Evil Touch', 'Poisma']
['Spirit Drain', 'Poisma', 'Provoke', 'Rebellion']
['Repel Dark', 'Provoke', 'Rebellion', 'Marakunda']
['Provoke', 'Marakunda', 'Poisma', 'Die for Me!']
['Marakunda', 'Dekaja', 'Poisma', 'Evil Touch']
['Provoke', 'Kill Rush', 'Poisma', 'Repel Dark']
['Rebellion', 'Poisma', 'Tentarafoo', 'Dekaja']
['Poisma', 'Repel Dark', 'Foul Breath', 'Provoke']
['Poisma', 'Kill Rush', 'Marakunda', 'Repel Dark']
['Rebellion', 'Poisma', 'Tentarafoo', 'Single Shot']
['Provoke', 'Evil Touch', 'Repel Dark', 'Rebellion']
['Rebellion', 'Poisma', 'Provoke', 'Dekaja']
['Provoke', 'Dekaja', 'Poisma', 'Tentarafoo']
['Poisma', 'Single Shot', 'Evil Touch', 'Marakunda']
['Die for Me!', 'Kill Rush', 'Rebellion', 'Poisma']
['Provoke', 'Rebellion', 'Die for Me!', 'Repel Dark']
['Evil Touch', 'Poisma', 'Rebellion', 'Marakunda']
['Foul Breath', 'Single Shot', 'Tentarafoo', 'Poisma']
['Evil Touch', 'Poisma', 'Tentarafoo', 'Dekaja']
['Marakunda', 'Provoke', 'Rebellion', 'Evil Touch']
['Provoke', 'Tentarafoo', 'Poisma', 'Dekaja']
['Poisma', 'Dekaja', 'Tentarafoo', 'Rebellion']
['Provoke', 'Dekaja', 'Poisma', 'Megido']
['Rebellion', 'Tentarafoo', 'Provoke', 'Poisma']
['Poisma', 'Dekaja', 'Tentarafoo', 'Kill Rush']
['Evil Touch', 'Rebellion', 'Single Shot', 'Tentarafoo']
['Kill Rush', 'Rebellion', 'Provoke', 'Poisma']
['Poisma', 'Marakunda', 'Tentarafoo', 'Provoke']
['Poisma', 'Single Shot', 'Repel Dark', 'Tentarafoo']
['Poisma', 'Rebellion', 'Foul Breath', 'Dekaja']
['Poisma', 'Die for Me!', 'Provoke', 'Tentarafoo']
['Evil Touch', 'Rebellion', 'Dekaja', 'Poisma']
['Provoke', 'Dekaja', 'Poisma', 'Rebellion']
['Repel Dark', 'Tentarafoo', 'Dekaja', 'Rebellion']
['Rebellion', 'Marakunda', 'Provoke', 'Poisma']
['Poisma', 'Rebellion', 'Marakunda', 'Provoke']
['Marakunda', 'Provoke', 'Poisma', 'Repel Dark']
['Tentarafoo', 'Rebellion', 'Poisma', 'Single Shot']
['Evil Touch', 'Single Shot', 'Foul Breath', 'Rebellion']
['Provoke', 'Marakunda', 'Single Shot', 'Evil Touch']
['Tentarafoo', 'Poisma', 'Spirit Drain', 'Marakunda']
['Tentarafoo', 'Rebellion', 'Poisma', 'Marakunda']
['Poisma', 'Provoke', 'Tentarafoo', 'Marakunda']
['Spirit Drain', 'Provoke', 'Rebellion', 'Foul Breath']
['Rebellion', 'Poisma', 'Marakunda', 'Provoke']
['Provoke', 'Dekaja', 'Spirit Drain', 'Poisma']
['Poisma', 'Repel Dark', 'Provoke', 'Single Shot']
['Poisma', 'Provoke', 'Tentarafoo', 'Rebellion']
['Dekaja', 'Repel Dark', 'Poisma', 'Evil Touch']
['Rebellion', 'Poisma', 'Provoke', 'Dekaja']
['Tentarafoo', 'Poisma', 'Evil Touch', 'Rebellion']
['Rebellion', 'Foul Breath', 'Poisma', 'Dekaja']
['Provoke', 'Evil Touch', 'Poisma', 'Spirit Drain']
['Poisma', 'Rebellion', 'Die for Me!', 'Foul Breath']
['Single Shot', 'Poisma', 'Rebellion', 'Tentarafoo']
['Single Shot', 'Tentarafoo', 'Evil Touch', 'Foul Breath']
['Spirit Drain', 'Evil Touch', 'Rebellion', 'Poisma']
['Provoke', 'Poisma', 'Evil Touch', 'Marakunda']
['Poisma', 'Dekaja', 'Marakunda', 'Die for Me!']
['Evil Touch', 'Provoke', 'Poisma', 'Single Shot']
['Dekaja', 'Marakunda', 'Evil Touch', 'Poisma']
['Kill Rush', 'Poisma', 'Repel Dark', 'Provoke']
['Provoke', 'Poisma', 'Dekaja', 'Rebellion']
['Dekaja', 'Poisma', 'Provoke', 'Single Shot']
['Poisma', 'Repel Dark', 'Rebellion', 'Provoke']
['Rebellion', 'Evil Touch', 'Provoke', 'Single Shot']
['Provoke', 'Rebellion', 'Repel Dark', 'Marakunda']
['Evil Touch', 'Poisma', 'Provoke', 'Rebellion']
['Poisma', 'Provoke', 'Evil Touch', 'Rebellion']
['Provoke', 'Evil Touch', 'Poisma', 'Single Shot']
['Tentarafoo', 'Poisma', 'Evil Touch', 'Rebellion']
['Spirit Drain', 'Marakunda', 'Rebellion', 'Evil Touch']
['Tentarafoo', 'Poisma', 'Single Shot', 'Rebellion']
['Provoke', 'Rebellion', 'Poisma', 'Evil Touch']
['Marakunda', 'Tentarafoo', 'Dekaja', 'Kill Rush']
['Foul Breath', 'Provoke', 'Poisma', 'Single Shot']
['Dekaja', 'Evil Touch', 'Poisma', 'Marakunda']
['Rebellion', 'Marakunda', 'Poisma', 'Evil Touch']
['Repel Dark', 'Marakunda', 'Provoke', 'Poisma']
['Poisma', 'Rebellion', 'Single Shot', 'Evil Touch']
['Evil Touch', 'Foul Breath', 'Rebellion', 'Provoke']
['Repel Dark', 'Provoke', 'Poisma', 'Kill Rush']
['Poisma', 'Dekaja', 'Single Shot', 'Provoke']
['Single Shot', 'Provoke', 'Repel Dark', 'Poisma']
['Poisma', 'Dekaja', 'Single Shot', 'Marakunda']
['Poisma', 'Marakunda', 'Evil Touch', 'Dekaja']
['Foul Breath', 'Provoke', 'Rebellion', 'Repel Dark']
['Poisma', 'Die for Me!', 'Evil Touch', 'Provoke']
['Single Shot', 'Tentarafoo', 'Poisma', 'Rebellion']
['Evil Touch', 'Poisma', 'Kill Rush', 'Provoke']
['Marakunda', 'Dekaja', 'Poisma', 'Evil Touch']
['Poisma', 'Single Shot', 'Dekaja', 'Marakunda']
['Single Shot', 'Rebellion', 'Provoke', 'Poisma']
['Poisma', 'Rebellion', 'Provoke', 'Evil Touch']
['Rebellion', 'Poisma', 'Marakunda', 'Provoke']
['Poisma', 'Marakunda', 'Tentarafoo', 'Die for Me!']
['Dekaja', 'Kill Rush', 'Poisma', 'Tentarafoo']
['Marakunda', 'Provoke', 'Poisma', 'Rebellion']
['Kill Rush', 'Provoke', 'Repel Dark', 'Evil Touch']
['Foul Breath', 'Provoke', 'Megido', 'Repel Dark']
['Single Shot', 'Poisma', 'Rebellion', 'Provoke']
['Tentarafoo', 'Die for Me!', 'Marakunda', 'Evil Touch']
['Provoke', 'Poisma', 'Rebellion', 'Dekaja']
['Marakunda', 'Rebellion', 'Dekaja', 'Poisma']
['Tentarafoo', 'Rebellion', 'Dekaja', 'Poisma']
['Rebellion', 'Marakunda', 'Poisma', 'Tentarafoo']
['Rebellion', 'Single Shot', 'Poisma', 'Tentarafoo']
['Evil Touch', 'Provoke', 'Poisma', 'Dekaja']
['Poisma', 'Provoke', 'Evil Touch', 'Dekaja']
['Rebellion', 'Poisma', 'Die for Me!', 'Dekaja']
['Rebellion', 'Poisma', 'Repel Dark', 'Single Shot']
['Evil Touch', 'Rebellion', 'Poisma', 'Single Shot']
['Rebellion', 'Poisma', 'Provoke', 'Dekaja']
['Kill Rush', 'Marakunda', 'Rebellion', 'Poisma']
['Single Shot', 'Poisma', 'Provoke', 'Tentarafoo']
['Kill Rush', 'Marakunda', 'Single Shot', 'Dekaja']
['Provoke', 'Megido', 'Marakunda', 'Poisma']
['Poisma', 'Single Shot', 'Evil Touch', 'Provoke']
['Poisma', 'Rebellion', 'Evil Touch', 'Die for Me!']
['Single Shot', 'Poisma', 'Evil Touch', 'Tentarafoo']
['Rebellion', 'Provoke', 'Single Shot', 'Dekaja']
['Rebellion', 'Evil Touch', 'Poisma', 'Provoke']
['Provoke', 'Tentarafoo', 'Dekaja', 'Rebellion']
['Rebellion', 'Provoke', 'Poisma', 'Dekaja']
['Megido', 'Die for Me!', 'Dekaja', 'Tentarafoo']
['Repel Dark', 'Single Shot', 'Rebellion', 'Dekaja']
['Poisma', 'Spirit Drain', 'Evil Touch', 'Rebellion']
['Provoke', 'Single Shot', 'Poisma', 'Tentarafoo']
['Repel Dark', 'Die for Me!', 'Poisma', 'Kill Rush']
['Repel Dark', 'Poisma', 'Single Shot', 'Tentarafoo']
['Dekaja', 'Megido', 'Single Shot', 'Rebellion']
['Provoke', 'Rebellion', 'Poisma', 'Tentarafoo']
['Poisma', 'Repel Dark', 'Evil Touch', 'Foul Breath']
['Poisma', 'Die for Me!', 'Tentarafoo', 'Single Shot']
['Rebellion', 'Poisma', 'Dekaja', 'Provoke']
['Poisma', 'Tentarafoo', 'Dekaja', 'Evil Touch']
['Rebellion', 'Evil Touch', 'Poisma', 'Tentarafoo']
['Rebellion', 'Marakunda', 'Tentarafoo', 'Provoke']
['Dekaja', 'Poisma', 'Single Shot', 'Tentarafoo']
['Provoke', 'Repel Dark', 'Tentarafoo', 'Dekaja']
['Provoke', 'Poisma', 'Kill Rush', 'Repel Dark']
['Provoke', 'Rebellion', 'Tentarafoo', 'Repel Dark']
['Poisma', 'Provoke', 'Single Shot', 'Evil Touch']
['Poisma', 'Die for Me!', 'Rebellion', 'Tentarafoo']
['Foul Breath', 'Poisma', 'Evil Touch', 'Kill Rush']
['Foul Breath', 'Spirit Drain', 'Provoke', 'Repel Dark']
['Rebellion', 'Foul Breath', 'Evil Touch', 'Poisma']
['Marakunda', 'Poisma', 'Dekaja', 'Provoke']
['Poisma', 'Kill Rush', 'Die for Me!', 'Provoke']
['Single Shot', 'Provoke', 'Evil Touch', 'Poisma']
['Rebellion', 'Foul Breath', 'Die for Me!', 'Provoke']
['Poisma', 'Rebellion', 'Provoke', 'Evil Touch']
['Poisma', 'Tentarafoo', 'Rebellion', 'Dekaja']
['Poisma', 'Die for Me!', 'Dekaja', 'Rebellion']
['Marakunda', 'Poisma', 'Provoke', 'Rebellion']
['Repel Dark', 'Rebellion', 'Dekaja', 'Provoke']
['Rebellion', 'Tentarafoo', 'Dekaja', 'Provoke']
['Marakunda', 'Poisma', 'Rebellion', 'Repel Dark']
['Poisma', 'Provoke', 'Marakunda', 'Rebellion']
['Single Shot', 'Marakunda', 'Poisma', 'Dekaja']
['Poisma', 'Dekaja', 'Rebellion', 'Repel Dark']
['Rebellion', 'Provoke', 'Single Shot', 'Spirit Drain']
['Provoke', 'Poisma', 'Tentarafoo', 'Marakunda']
['Rebellion', 'Poisma', 'Provoke', 'Dekaja']
['Provoke', 'Evil Touch', 'Spirit Drain', 'Poisma']
['Evil Touch', 'Marakunda', 'Poisma', 'Provoke']
['Poisma', 'Megido', 'Provoke', 'Tentarafoo']
['Spirit Drain', 'Single Shot', 'Dekaja', 'Die for Me!']
['Rebellion', 'Marakunda', 'Poisma', 'Single Shot']
['Poisma', 'Provoke', 'Rebellion', 'Tentarafoo']
['Poisma', 'Rebellion', 'Kill Rush', 'Single Shot']
['Poisma', 'Rebellion', 'Repel Dark', 'Provoke']
['Repel Dark', 'Evil Touch', 'Dekaja', 'Provoke']
['Tentarafoo', 'Poisma', 'Rebellion', 'Die for Me!']
['Poisma', 'Provoke', 'Tentarafoo', 'Marakunda']
['Rebellion', 'Single Shot', 'Poisma', 'Tentarafoo']
['Poisma', 'Dekaja', 'Tentarafoo', 'Rebellion']
['Rebellion', 'Evil Touch', 'Tentarafoo', 'Repel Dark']
['Poisma', 'Tentarafoo', 'Marakunda', 'Rebellion']
['Evil Touch', 'Die for Me!', 'Poisma', 'Marakunda']
['Dekaja', 'Provoke', 'Tentarafoo', 'Poisma']
['Dekaja', 'Poisma', 'Die for Me!', 'Rebellion']
['Evil Touch', 'Foul Breath', 'Rebellion', 'Dekaja']
['Rebellion', 'Poisma', 'Foul Breath', 'Spirit Drain']
['Tentarafoo', 'Evil Touch', 'Provoke', 'Poisma']
['Poisma', 'Repel Dark', 'Foul Breath', 'Provoke']
['Provoke', 'Rebellion', 'Poisma', 'Kill Rush']
['Rebellion', 'Poisma', 'Repel Dark', 'Provoke']
['Poisma', 'Marakunda', 'Dekaja', 'Repel Dark']
['Poisma', 'Repel Dark', 'Rebellion', 'Dekaja']
['Marakunda', 'Rebellion', 'Poisma', 'Evil Touch']
['Dekaja', 'Provoke', 'Rebellion', 'Marakunda']
['Rebellion', 'Evil Touch', 'Poisma', 'Marakunda']
['Provoke', 'Die for Me!', 'Evil Touch', 'Poisma']
['Poisma', 'Rebellion', 'Die for Me!', 'Single Shot']
['Kill Rush', 'Marakunda', 'Foul Breath', 'Poisma']
['Dekaja', 'Poisma', 'Rebellion', 'Die for Me!']
['Marakunda', 'Provoke', 'Kill Rush', 'Die for Me!']
['Marakunda', 'Provoke', 'Poisma', 'Rebellion']
['Dekaja', 'Poisma', 'Rebellion', 'Provoke']
['Provoke', 'Marakunda', 'Evil Touch', 'Rebellion']
['Rebellion', 'Single Shot', 'Poisma', 'Evil Touch']
['Poisma', 'Dekaja', 'Rebellion', 'Provoke']
['Evil Touch', 'Repel Dark', 'Marakunda', 'Poisma']
['Poisma', 'Rebellion', 'Tentarafoo', 'Evil Touch']
['Poisma', 'Provoke', 'Kill Rush', 'Repel Dark']
['Poisma', 'Evil Touch', 'Tentarafoo', 'Foul Breath']
['Provoke', 'Rebellion', 'Poisma', 'Die for Me!']
['Poisma', 'Dekaja', 'Single Shot', 'Marakunda']
['Rebellion', 'Evil Touch', 'Poisma', 'Dekaja']
['Evil Touch', 'Repel Dark', 'Dekaja', 'Provoke']
['Provoke', 'Poisma', 'Marakunda', 'Megido']
['Poisma', 'Evil Touch', 'Provoke', 'Repel Dark']
['Marakunda', 'Single Shot', 'Evil Touch', 'Provoke']
['Rebellion', 'Evil Touch', 'Kill Rush', 'Poisma']
['Poisma', 'Rebellion', 'Provoke', 'Tentarafoo']
['Provoke', 'Spirit Drain', 'Poisma', 'Die for Me!']
['Tentarafoo', 'Single Shot', 'Rebellion', 'Provoke']
['Poisma', 'Repel Dark', 'Marakunda', 'Rebellion']
['Poisma', 'Provoke', 'Dekaja', 'Repel Dark']
['Provoke', 'Marakunda', 'Poisma', 'Tentarafoo']
['Poisma', 'Provoke', 'Tentarafoo', 'Spirit Drain']
['Poisma', 'Kill Rush', 'Dekaja', 'Rebellion']
['Provoke', 'Rebellion', 'Poisma', 'Marakunda']
['Tentarafoo', 'Poisma', 'Rebellion', 'Dekaja']
['Poisma', 'Repel Dark', 'Rebellion', 'Marakunda']
['Poisma', 'Marakunda', 'Rebellion', 'Dekaja']
['Poisma', 'Marakunda', 'Provoke', 'Rebellion']
['Provoke', 'Evil Touch', 'Poisma', 'Rebellion']
['Die for Me!', 'Provoke', 'Dekaja', 'Rebellion']
['Marakunda', 'Poisma', 'Dekaja', 'Repel Dark']
['Dekaja', 'Poisma', 'Single Shot', 'Rebellion']
['Poisma', 'Single Shot', 'Kill Rush', 'Rebellion']
['Poisma', 'Rebellion', 'Tentarafoo', 'Marakunda']
['Tentarafoo', 'Poisma', 'Provoke', 'Rebellion']
['Die for Me!', 'Kill Rush', 'Poisma', 'Provoke']
['Provoke', 'Marakunda', 'Evil Touch', 'Rebellion']
['Die for Me!', 'Tentarafoo', 'Marakunda', 'Provoke']
['Poisma', 'Marakunda', 'Provoke', 'Dekaja']
['Provoke', 'Single Shot', 'Repel Dark', 'Evil Touch']
['Megido', 'Spirit Drain', 'Kill Rush', 'Evil Touch']
['Single Shot', 'Provoke', 'Poisma', 'Rebellion']
['Evil Touch', 'Rebellion', 'Provoke', 'Dekaja']
['Provoke', 'Poisma', 'Single Shot', 'Tentarafoo']
['Poisma', 'Provoke', 'Tentarafoo', 'Marakunda']
['Foul Breath', 'Rebellion', 'Repel Dark', 'Evil Touch']
['Rebellion', 'Poisma', 'Provoke', 'Dekaja']
['Poisma', 'Repel Dark', 'Dekaja', 'Provoke']
['Poisma', 'Provoke', 'Single Shot', 'Tentarafoo']
['Die for Me!', 'Evil Touch', 'Poisma', 'Provoke']
['Repel Dark', 'Spirit Drain', 'Poisma', 'Dekaja']
['Die for Me!', 'Rebellion', 'Tentarafoo', 'Evil Touch']
['Foul Breath', 'Kill Rush', 'Provoke', 'Evil Touch']
['Poisma', 'Megido', 'Marakunda', 'Evil Touch']
['Poisma', 'Rebellion', 'Tentarafoo', 'Die for Me!']
['Die for Me!', 'Foul Breath', 'Dekaja', 'Kill Rush']
['Rebellion', 'Tentarafoo', 'Single Shot', 'Evil Touch']
['Poisma', 'Tentarafoo', 'Rebellion', 'Provoke']
['Marakunda', 'Poisma', 'Kill Rush', 'Rebellion']
['Evil Touch', 'Provoke', 'Poisma', 'Repel Dark']
['Poisma', 'Tentarafoo', 'Dekaja', 'Rebellion']
['Rebellion', 'Poisma', 'Dekaja', 'Evil Touch']
['Marakunda', 'Rebellion', 'Poisma', 'Provoke']
['Kill Rush', 'Rebellion', 'Poisma', 'Dekaja']
['Evil Touch', 'Poisma', 'Provoke', 'Rebellion']
['Provoke', 'Foul Breath', 'Evil Touch', 'Poisma']
['Marakunda', 'Repel Dark', 'Dekaja', 'Provoke']
['Evil Touch', 'Poisma', 'Rebellion', 'Tentarafoo']
['Tentarafoo', 'Poisma', 'Marakunda', 'Rebellion']
['Dekaja', 'Repel Dark', 'Single Shot', 'Provoke']
['Evil Touch', 'Poisma', 'Provoke', 'Tentarafoo']
['Tentarafoo', 'Provoke', 'Single Shot', 'Rebellion']
['Provoke', 'Evil Touch', 'Repel Dark', 'Poisma']
['Provoke', 'Evil Touch', 'Tentarafoo', 'Repel Dark']
['Single Shot', 'Provoke', 'Tentarafoo', 'Kill Rush']
['Rebellion', 'Kill Rush', 'Poisma', 'Single Shot']
['Poisma', 'Provoke', 'Single Shot', 'Evil Touch']
['Rebellion', 'Dekaja', 'Provoke', 'Foul Breath']
['Single Shot', 'Rebellion', 'Foul Breath', 'Poisma']
['Rebellion', 'Repel Dark', 'Kill Rush', 'Dekaja']
['Evil Touch', 'Poisma', 'Die for Me!', 'Rebellion']
['Provoke', 'Die for Me!', 'Evil Touch', 'Marakunda']
['Tentarafoo', 'Single Shot', 'Evil Touch', 'Provoke']
['Repel Dark', 'Marakunda', 'Rebellion', 'Megido']
['Marakunda', 'Poisma', 'Provoke', 'Tentarafoo']
['Poisma', 'Evil Touch', 'Rebellion', 'Provoke']
['Marakunda', 'Rebellion', 'Die for Me!', 'Poisma']
['Dekaja', 'Poisma', 'Tentarafoo', 'Rebellion']
['Rebellion', 'Die for Me!', 'Single Shot', 'Provoke']
['Poisma', 'Kill Rush', 'Foul Breath', 'Rebellion']
['Provoke', 'Poisma', 'Tentarafoo', 'Rebellion']
['Rebellion', 'Dekaja', 'Kill Rush', 'Poisma']
['Poisma', 'Tentarafoo', 'Provoke', 'Dekaja']
['Provoke', 'Rebellion', 'Repel Dark', 'Poisma']
['Rebellion', 'Evil Touch', 'Marakunda', 'Provoke']
['Poisma', 'Rebellion', 'Marakunda', 'Provoke']
['Evil Touch', 'Poisma', 'Marakunda', 'Tentarafoo']
['Poisma', 'Tentarafoo', 'Rebellion', 'Evil Touch']
['Marakunda', 'Poisma', 'Single Shot', 'Provoke']
['Marakunda', 'Single Shot', 'Provoke', 'Foul Breath']
['Rebellion', 'Provoke', 'Poisma', 'Evil Touch']
['Single Shot', 'Dekaja', 'Rebellion', 'Foul Breath']
['Foul Breath', 'Rebellion', 'Megido', 'Provoke']
['Megido', 'Single Shot', 'Poisma', 'Die for Me!']
['Rebellion', 'Tentarafoo', 'Marakunda', 'Poisma']
['Single Shot', 'Poisma', 'Rebellion', 'Provoke']
['Provoke', 'Foul Breath', 'Tentarafoo', 'Evil Touch']
['Dekaja', 'Provoke', 'Marakunda', 'Evil Touch']
['Poisma', 'Die for Me!', 'Rebellion', 'Foul Breath']
['Die for Me!', 'Provoke', 'Evil Touch', 'Poisma']
['Repel Dark', 'Rebellion', 'Evil Touch', 'Poisma']
['Evil Touch', 'Dekaja', 'Marakunda', 'Kill Rush']
['Poisma', 'Marakunda', 'Tentarafoo', 'Repel Dark']
['Evil Touch', 'Poisma', 'Marakunda', 'Rebellion']
['Poisma', 'Kill Rush', 'Marakunda', 'Repel Dark']
['Provoke', 'Tentarafoo', 'Foul Breath', 'Poisma']
['Poisma', 'Provoke', 'Evil Touch', 'Die for Me!']
['Marakunda', 'Poisma', 'Single Shot', 'Foul Breath']
['Dekaja', 'Poisma', 'Provoke', 'Spirit Drain']
['Poisma', 'Spirit Drain', 'Marakunda', 'Rebellion']
['Poisma', 'Repel Dark', 'Tentarafoo', 'Marakunda']
['Provoke', 'Marakunda', 'Foul Breath', 'Kill Rush']
['Evil Touch', 'Poisma', 'Rebellion', 'Single Shot']
['Tentarafoo', 'Provoke', 'Marakunda', 'Poisma']
['Evil Touch', 'Repel Dark', 'Rebellion', 'Dekaja']
['Poisma', 'Dekaja', 'Provoke', 'Tentarafoo']
['Dekaja', 'Poisma', 'Evil Touch', 'Provoke']
['Provoke', 'Poisma', 'Repel Dark', 'Evil Touch']
['Dekaja', 'Poisma', 'Rebellion', 'Tentarafoo']
['Poisma', 'Provoke', 'Single Shot', 'Dekaja']
['Die for Me!', 'Evil Touch', 'Poisma', 'Repel Dark']
['Poisma', 'Marakunda', 'Provoke', 'Kill Rush']
['Kill Rush', 'Evil Touch', 'Provoke', 'Repel Dark']
['Marakunda', 'Spirit Drain', 'Evil Touch', 'Rebellion']
['Die for Me!', 'Rebellion', 'Tentarafoo', 'Poisma']
['Rebellion', 'Single Shot', 'Poisma', 'Evil Touch']
['Poisma', 'Rebellion', 'Repel Dark', 'Foul Breath']
['Rebellion', 'Evil Touch', 'Single Shot', 'Foul Breath']
['Provoke', 'Kill Rush', 'Die for Me!', 'Spirit Drain']
['Poisma', 'Marakunda', 'Tentarafoo', 'Rebellion']
['Poisma', 'Marakunda', 'Provoke', 'Tentarafoo']
['Poisma', 'Tentarafoo', 'Single Shot', 'Rebellion']
['Poisma', 'Provoke', 'Marakunda', 'Rebellion']
['Poisma', 'Rebellion', 'Marakunda', 'Foul Breath']
['Tentarafoo', 'Evil Touch', 'Poisma', 'Marakunda']
['Evil Touch', 'Marakunda', 'Rebellion', 'Poisma']
['Tentarafoo', 'Repel Dark', 'Dekaja', 'Poisma']
['Provoke', 'Spirit Drain', 'Die for Me!', 'Evil Touch']
['Dekaja', 'Evil Touch', 'Marakunda', 'Poisma']
['Poisma', 'Provoke', 'Rebellion', 'Kill Rush']
['Tentarafoo', 'Dekaja', 'Poisma', 'Single Shot']
['Provoke', 'Poisma', 'Evil Touch', 'Foul Breath']
['Poisma', 'Tentarafoo', 'Marakunda', 'Kill Rush']
['Tentarafoo', 'Marakunda', 'Poisma', 'Repel Dark']
['Single Shot', 'Rebellion', 'Provoke', 'Spirit Drain']
['Repel Dark', 'Evil Touch', 'Provoke', 'Poisma']
['Poisma', 'Provoke', 'Repel Dark', 'Evil Touch']
['Provoke', 'Dekaja', 'Poisma', 'Tentarafoo']
['Poisma', 'Repel Dark', 'Rebellion', 'Marakunda']
['Marakunda', 'Repel Dark', 'Poisma', 'Tentarafoo']
['Provoke', 'Tentarafoo', 'Poisma', 'Repel Dark']
['Foul Breath', 'Tentarafoo', 'Poisma', 'Provoke']
['Evil Touch', 'Tentarafoo', 'Rebellion', 'Poisma']
['Dekaja', 'Poisma', 'Rebellion', 'Marakunda']
['Evil Touch', 'Provoke', 'Poisma', 'Kill Rush']
['Marakunda', 'Poisma', 'Single Shot', 'Rebellion']
['Rebellion', 'Provoke', 'Spirit Drain', 'Foul Breath']
['Poisma', 'Kill Rush', 'Dekaja', 'Provoke']
['Evil Touch', 'Poisma', 'Rebellion', 'Tentarafoo']
['Tentarafoo', 'Rebellion', 'Provoke', 'Die for Me!']
['Poisma', 'Rebellion', 'Provoke', 'Marakunda']
['Evil Touch', 'Poisma', 'Foul Breath', 'Repel Dark']
['Rebellion', 'Poisma', 'Marakunda', 'Single Shot']
['Foul Breath', 'Poisma', 'Repel Dark', 'Provoke']
['Rebellion', 'Dekaja', 'Repel Dark', 'Tentarafoo']
['Poisma', 'Evil Touch', 'Dekaja', 'Provoke']
['Marakunda', 'Poisma', 'Evil Touch', 'Foul Breath']
['Rebellion', 'Single Shot', 'Evil Touch', 'Die for Me!']
['Evil Touch', 'Provoke', 'Marakunda', 'Poisma']
['Marakunda', 'Repel Dark', 'Tentarafoo', 'Provoke']
['Rebellion', 'Poisma', 'Repel Dark', 'Tentarafoo']
['Poisma', 'Provoke', 'Die for Me!', 'Tentarafoo']
['Die for Me!', 'Poisma', 'Single Shot', 'Marakunda']
['Repel Dark', 'Poisma', 'Evil Touch', 'Provoke']
['Provoke', 'Rebellion', 'Repel Dark', 'Poisma']
['Evil Touch', 'Tentarafoo', 'Provoke', 'Poisma']
['Die for Me!', 'Rebellion', 'Kill Rush', 'Poisma']
['Rebellion', 'Kill Rush', 'Tentarafoo', 'Single Shot']
['Poisma', 'Evil Touch', 'Provoke', 'Tentarafoo']
['Poisma', 'Tentarafoo', 'Provoke', 'Marakunda']
['Poisma', 'Dekaja', 'Repel Dark', 'Die for Me!']
['Evil Touch', 'Rebellion', 'Repel Dark', 'Marakunda']
['Die for Me!', 'Poisma', 'Provoke', 'Dekaja']
['Poisma', 'Rebellion', 'Repel Dark', 'Evil Touch']
['Single Shot', 'Tentarafoo', 'Kill Rush', 'Provoke']
['Rebellion', 'Evil Touch', 'Poisma', 'Provoke']
['Tentarafoo', 'Rebellion', 'Marakunda', 'Single Shot']
['Evil Touch', 'Rebellion', 'Dekaja', 'Provoke']
['Rebellion', 'Marakunda', 'Provoke', 'Die for Me!']
['Rebellion', 'Marakunda', 'Poisma', 'Foul Breath']
['Repel Dark', 'Rebellion', 'Evil Touch', 'Provoke']
['Poisma', 'Evil Touch', 'Repel Dark', 'Provoke']
['Poisma', 'Repel Dark', 'Marakunda', 'Dekaja']
['Die for Me!', 'Provoke', 'Tentarafoo', 'Marakunda']
['Poisma', 'Rebellion', 'Tentarafoo', 'Die for Me!']
['Marakunda', 'Poisma', 'Rebellion', 'Die for Me!']
['Marakunda', 'Poisma', 'Provoke', 'Spirit Drain']
['Poisma', 'Rebellion', 'Provoke', 'Die for Me!']
['Poisma', 'Single Shot', 'Provoke', 'Marakunda']
['Tentarafoo', 'Provoke', 'Foul Breath', 'Kill Rush']
['Poisma', 'Provoke', 'Evil Touch', 'Repel Dark']
['Poisma', 'Rebellion', 'Provoke', 'Kill Rush']
['Tentarafoo', 'Evil Touch', 'Single Shot', 'Poisma']
['Spirit Drain', 'Poisma', 'Rebellion', 'Provoke']
['Poisma', 'Foul Breath', 'Tentarafoo', 'Provoke']
['Marakunda', 'Poisma', 'Rebellion', 'Die for Me!']
['Provoke', 'Poisma', 'Tentarafoo', 'Kill Rush']
['Rebellion', 'Evil Touch', 'Provoke', 'Single Shot']
['Marakunda', 'Poisma', 'Rebellion', 'Provoke']
['Tentarafoo', 'Dekaja', 'Poisma', 'Provoke']
['Evil Touch', 'Rebellion', 'Die for Me!', 'Provoke']
['Provoke', 'Poisma', 'Rebellion', 'Evil Touch']
['Poisma', 'Provoke', 'Single Shot', 'Dekaja']
['Kill Rush', 'Poisma', 'Die for Me!', 'Tentarafoo']
['Spirit Drain', 'Evil Touch', 'Rebellion', 'Poisma']
['Poisma', 'Provoke', 'Marakunda', 'Rebellion']
['Rebellion', 'Dekaja', 'Poisma', 'Foul Breath']
['Die for Me!', 'Poisma', 'Evil Touch', 'Single Shot']
['Poisma', 'Marakunda', 'Single Shot', 'Rebellion']
['Die for Me!', 'Poisma', 'Rebellion', 'Repel Dark']
['Dekaja', 'Rebellion', 'Poisma', 'Marakunda']
['Poisma', 'Repel Dark', 'Rebellion', 'Evil Touch']
['Dekaja', 'Tentarafoo', 'Evil Touch', 'Poisma']
['Rebellion', 'Provoke', 'Repel Dark', 'Marakunda']
['Single Shot', 'Poisma', 'Rebellion', 'Marakunda']
['Rebellion', 'Megido', 'Poisma', 'Tentarafoo']
['Evil Touch', 'Provoke', 'Rebellion', 'Tentarafoo']
['Marakunda', 'Poisma', 'Tentarafoo', 'Provoke']
['Dekaja', 'Poisma', 'Provoke', 'Die for Me!']
['Marakunda', 'Rebellion', 'Evil Touch', 'Poisma']
['Evil Touch', 'Spirit Drain', 'Poisma', 'Dekaja']
['Provoke', 'Evil Touch', 'Repel Dark', 'Marakunda']
['Die for Me!', 'Repel Dark', 'Rebellion', 'Evil Touch']
['Marakunda', 'Evil Touch', 'Tentarafoo', 'Poisma']
['Marakunda', 'Rebellion', 'Poisma', 'Die for Me!']
['Rebellion', 'Die for Me!', 'Provoke', 'Poisma']
['Poisma', 'Repel Dark', 'Tentarafoo', 'Evil Touch']
['Foul Breath', 'Poisma', 'Provoke', 'Kill Rush']
['Die for Me!', 'Dekaja', 'Poisma', 'Provoke']
['Rebellion', 'Foul Breath', 'Die for Me!', 'Tentarafoo']
['Tentarafoo', 'Poisma', 'Dekaja', 'Provoke']
['Rebellion', 'Marakunda', 'Provoke', 'Poisma']
['Poisma', 'Evil Touch', 'Rebellion', 'Marakunda']
['Poisma', 'Provoke', 'Single Shot', 'Rebellion']
['Evil Touch', 'Rebellion', 'Poisma', 'Tentarafoo']
['Provoke', 'Rebellion', 'Tentarafoo', 'Poisma']
['Tentarafoo', 'Provoke', 'Repel Dark', 'Marakunda']
['Provoke', 'Rebellion', 'Single Shot', 'Die for Me!']
['Evil Touch', 'Poisma', 'Provoke', 'Single Shot']
['Rebellion', 'Kill Rush', 'Single Shot', 'Poisma']
['Provoke', 'Dekaja', 'Single Shot', 'Rebellion']
['Rebellion', 'Provoke', 'Marakunda', 'Tentarafoo']
['Die for Me!', 'Tentarafoo', 'Poisma', 'Evil Touch']
['Poisma', 'Single Shot', 'Marakunda', 'Provoke']
['Poisma', 'Repel Dark', 'Spirit Drain', 'Evil Touch']
['Repel Dark', 'Tentarafoo', 'Evil Touch', 'Provoke']
['Rebellion', 'Foul Breath', 'Evil Touch', 'Poisma']
['Poisma', 'Foul Breath', 'Single Shot', 'Rebellion']
['Poisma', 'Die for Me!', 'Provoke', 'Single Shot']
['Rebellion', 'Kill Rush', 'Provoke', 'Tentarafoo']
['Provoke', 'Poisma', 'Dekaja', 'Repel Dark']
['Evil Touch', 'Provoke', 'Poisma', 'Tentarafoo']
['Rebellion', 'Marakunda', 'Single Shot', 'Megido']
['Evil Touch', 'Provoke', 'Repel Dark', 'Tentarafoo']
['Evil Touch', 'Poisma', 'Rebellion', 'Provoke']
['Poisma', 'Evil Touch', 'Marakunda', 'Rebellion']
['Rebellion', 'Tentarafoo', 'Provoke', 'Poisma']
['Die for Me!', 'Poisma', 'Evil Touch', 'Dekaja']
['Provoke', 'Foul Breath', 'Poisma', 'Rebellion']
['Poisma', 'Kill Rush', 'Rebellion', 'Provoke']
['Dekaja', 'Poisma', 'Kill Rush', 'Provoke']
['Poisma', 'Tentarafoo', 'Kill Rush', 'Evil Touch']
['Repel Dark', 'Poisma', 'Tentarafoo', 'Rebellion']
['Dekaja', 'Poisma', 'Tentarafoo', 'Provoke']
['Repel Dark', 'Rebellion', 'Poisma', 'Marakunda']
['Provoke', 'Poisma', 'Marakunda', 'Megido']
['Die for Me!', 'Dekaja', 'Rebellion', 'Poisma']
['Rebellion', 'Single Shot', 'Provoke', 'Evil Touch']
['Rebellion', 'Single Shot', 'Die for Me!', 'Poisma']
['Die for Me!', 'Rebellion', 'Provoke', 'Single Shot']
['Dekaja', 'Rebellion', 'Poisma', 'Foul Breath']
['Tentarafoo', 'Provoke', 'Poisma', 'Dekaja']
['Single Shot', 'Poisma', 'Marakunda', 'Provoke']
['Rebellion', 'Poisma', 'Provoke', 'Single Shot']
['Marakunda', 'Provoke', 'Repel Dark', 'Poisma']
['Dekaja', 'Poisma', 'Rebellion', 'Repel Dark']
['Poisma', 'Evil Touch', 'Marakunda', 'Dekaja']
['Dekaja', 'Provoke', 'Rebellion', 'Marakunda']
['Marakunda', 'Poisma', 'Rebellion', 'Tentarafoo']
['Evil Touch', 'Marakunda', 'Poisma', 'Rebellion']
['Provoke', 'Marakunda', 'Evil Touch', 'Poisma']
['Foul Breath', 'Provoke', 'Evil Touch', 'Rebellion']
['Evil Touch', 'Poisma', 'Provoke', 'Rebellion']
['Single Shot', 'Poisma', 'Repel Dark', 'Dekaja']
['Tentarafoo', 'Poisma', 'Marakunda', 'Provoke']
['Poisma', 'Single Shot', 'Provoke', 'Repel Dark']
['Rebellion', 'Tentarafoo', 'Dekaja', 'Single Shot']
['Poisma', 'Evil Touch', 'Provoke', 'Tentarafoo']
['Die for Me!', 'Poisma', 'Provoke', 'Rebellion']
['Poisma', 'Provoke', 'Rebellion', 'Kill Rush']
['Rebellion', 'Die for Me!', 'Spirit Drain', 'Provoke']
['Tentarafoo', 'Poisma', 'Single Shot', 'Rebellion']
['Poisma', 'Tentarafoo', 'Repel Dark', 'Single Shot']
['Poisma', 'Provoke', 'Marakunda', 'Repel Dark']
['Poisma', 'Rebellion', 'Foul Breath', 'Tentarafoo']
['Provoke', 'Poisma', 'Repel Dark', 'Evil Touch']
['Poisma', 'Rebellion', 'Dekaja', 'Single Shot']
['Poisma', 'Provoke', 'Rebellion', 'Dekaja']
['Dekaja', 'Kill Rush', 'Evil Touch', 'Foul Breath']
['Provoke', 'Poisma', 'Dekaja', 'Tentarafoo']
['Evil Touch', 'Poisma', 'Rebellion', 'Marakunda']
['Provoke', 'Evil Touch', 'Rebellion', 'Poisma']
['Marakunda', 'Repel Dark', 'Poisma', 'Rebellion']
['Spirit Drain', 'Rebellion', 'Poisma', 'Provoke']
['Provoke', 'Single Shot', 'Tentarafoo', 'Rebellion']
['Rebellion', 'Kill Rush', 'Repel Dark', 'Provoke']
['Poisma', 'Rebellion', 'Foul Breath', 'Provoke']
['Kill Rush', 'Foul Breath', 'Poisma', 'Rebellion']
['Rebellion', 'Provoke', 'Evil Touch', 'Foul Breath']
['Poisma', 'Marakunda', 'Provoke', 'Single Shot']
['Provoke', 'Poisma', 'Evil Touch', 'Dekaja']
['Rebellion', 'Evil Touch', 'Poisma', 'Foul Breath']
['Poisma', 'Die for Me!', 'Single Shot', 'Marakunda']
['Spirit Drain', 'Poisma', 'Repel Dark', 'Kill Rush']
['Poisma', 'Marakunda', 'Single Shot', 'Provoke']
['Evil Touch', 'Provoke', 'Poisma', 'Rebellion']
['Poisma', 'Provoke', 'Marakunda', 'Evil Touch']
['Tentarafoo', 'Single Shot', 'Poisma', 'Repel Dark']
['Provoke', 'Poisma', 'Repel Dark', 'Marakunda']
['Poisma', 'Provoke', 'Evil Touch', 'Single Shot']
['Marakunda', 'Tentarafoo', 'Single Shot', 'Foul Breath']
['Evil Touch', 'Provoke', 'Marakunda', 'Rebellion']
['Poisma', 'Rebellion', 'Dekaja', 'Kill Rush']
['Rebellion', 'Die for Me!', 'Provoke', 'Tentarafoo']
['Kill Rush', 'Rebellion', 'Poisma', 'Provoke']
['Dekaja', 'Poisma', 'Evil Touch', 'Provoke']
['Single Shot', 'Poisma', 'Tentarafoo', 'Marakunda']
['Poisma', 'Evil Touch', 'Marakunda', 'Rebellion']
['Poisma', 'Rebellion', 'Tentarafoo', 'Marakunda']
['Poisma', 'Dekaja', 'Provoke', 'Foul Breath']
['Tentarafoo', 'Evil Touch', 'Poisma', 'Marakunda']
['Repel Dark', 'Dekaja', 'Rebellion', 'Provoke']
['Rebellion', 'Poisma', 'Single Shot', 'Spirit Drain']
['Rebellion', 'Provoke', 'Poisma', 'Single Shot']
['Poisma', 'Provoke', 'Marakunda', 'Tentarafoo']
['Poisma', 'Tentarafoo', 'Dekaja', 'Evil Touch']
['Spirit Drain', 'Single Shot', 'Evil Touch', 'Poisma']
['Provoke', 'Repel Dark', 'Marakunda', 'Rebellion']
['Rebellion', 'Provoke', 'Dekaja', 'Spirit Drain']
['Rebellion', 'Poisma', 'Provoke', 'Single Shot']
['Provoke', 'Single Shot', 'Evil Touch', 'Tentarafoo']
['Poisma', 'Provoke', 'Rebellion', 'Kill Rush']
['Tentarafoo', 'Spirit Drain', 'Provoke', 'Poisma']
['Foul Breath', 'Rebellion', 'Dekaja', 'Single Shot']
['Spirit Drain', 'Rebellion', 'Poisma', 'Single Shot']
['Provoke', 'Rebellion', 'Evil Touch', 'Poisma']
['Evil Touch', 'Die for Me!', 'Foul Breath', 'Poisma']
['Poisma', 'Single Shot', 'Marakunda', 'Rebellion']
['Evil Touch', 'Kill Rush', 'Rebellion', 'Poisma']
['Single Shot', 'Provoke', 'Evil Touch', 'Poisma']
['Poisma', 'Tentarafoo', 'Rebellion', 'Marakunda']
['Evil Touch', 'Poisma', 'Rebellion', 'Spirit Drain']
['Evil Touch', 'Dekaja', 'Marakunda', 'Poisma']
['Rebellion', 'Provoke', 'Evil Touch', 'Kill Rush']
['Poisma', 'Evil Touch', 'Rebellion', 'Marakunda']
['Tentarafoo', 'Poisma', 'Rebellion', 'Marakunda']
['Evil Touch', 'Poisma', 'Repel Dark', 'Die for Me!']
['Die for Me!', 'Tentarafoo', 'Poisma', 'Marakunda']
['Poisma', 'Marakunda', 'Evil Touch', 'Provoke']
['Poisma', 'Provoke', 'Die for Me!', 'Rebellion']
['Tentarafoo', 'Poisma', 'Rebellion', 'Evil Touch']
['Die for Me!', 'Rebellion', 'Single Shot', 'Marakunda']
['Poisma', 'Provoke', 'Kill Rush', 'Repel Dark']
['Evil Touch', 'Poisma', 'Repel Dark', 'Dekaja']
['Spirit Drain', 'Poisma', 'Rebellion', 'Foul Breath']
['Provoke', 'Poisma', 'Repel Dark', 'Evil Touch']
['Rebellion', 'Poisma', 'Marakunda', 'Evil Touch']
['Marakunda', 'Evil Touch', 'Provoke', 'Rebellion']
['Dekaja', 'Rebellion', 'Poisma', 'Provoke']
['Dekaja', 'Tentarafoo', 'Foul Breath', 'Provoke']
['Poisma', 'Provoke', 'Tentarafoo', 'Evil Touch']
['Marakunda', 'Rebellion', 'Provoke', 'Tentarafoo']
['Rebellion', 'Poisma', 'Provoke', 'Dekaja']
['Die for Me!', 'Tentarafoo', 'Poisma', 'Provoke']
['Poisma', 'Single Shot', 'Tentarafoo', 'Evil Touch']
['Dekaja', 'Foul Breath', 'Poisma', 'Rebellion']
['Rebellion', 'Tentarafoo', 'Single Shot', 'Dekaja']
['Die for Me!', 'Rebellion', 'Single Shot', 'Tentarafoo']
['Poisma', 'Evil Touch', 'Provoke', 'Repel Dark']
['Provoke', 'Single Shot', 'Rebellion', 'Poisma']
['Rebellion', 'Marakunda', 'Evil Touch', 'Poisma']
['Tentarafoo', 'Poisma', 'Dekaja', 'Rebellion']
['Dekaja', 'Marakunda', 'Provoke', 'Tentarafoo']
['Poisma', 'Spirit Drain', 'Rebellion', 'Repel Dark']
['Poisma', 'Rebellion', 'Dekaja', 'Marakunda']
['Poisma', 'Foul Breath', 'Evil Touch', 'Rebellion']
['Provoke', 'Poisma', 'Marakunda', 'Dekaja']
['Poisma', 'Provoke', 'Kill Rush', 'Rebellion']
['Marakunda', 'Evil Touch', 'Rebellion', 'Single Shot']
['Evil Touch', 'Megido', 'Rebellion', 'Poisma']
['Evil Touch', 'Rebellion', 'Spirit Drain', 'Die for Me!']
['Single Shot', 'Evil Touch', 'Rebellion', 'Poisma']
['Single Shot', 'Provoke', 'Evil Touch', 'Marakunda']
['Poisma', 'Provoke', 'Repel Dark', 'Rebellion']
['Foul Breath', 'Dekaja', 'Poisma', 'Tentarafoo']
['Provoke', 'Evil Touch', 'Dekaja', 'Poisma']
['Repel Dark', 'Single Shot', 'Poisma', 'Evil Touch']
['Provoke', 'Tentarafoo', 'Rebellion', 'Poisma']
['Poisma', 'Provoke', 'Die for Me!', 'Dekaja']
['Tentarafoo', 'Poisma', 'Kill Rush', 'Provoke']
['Marakunda', 'Tentarafoo', 'Evil Touch', 'Single Shot']
['Poisma', 'Rebellion', 'Single Shot', 'Tentarafoo']
['Poisma', 'Tentarafoo', 'Evil Touch', 'Provoke']
['Tentarafoo', 'Poisma', 'Rebellion', 'Repel Dark']
['Foul Breath', 'Poisma', 'Evil Touch', 'Single Shot']
['Rebellion', 'Poisma', 'Provoke', 'Foul Breath']
['Poisma', 'Tentarafoo', 'Rebellion', 'Provoke']
['Provoke', 'Single Shot', 'Tentarafoo', 'Rebellion']
['Poisma', 'Rebellion', 'Provoke', 'Dekaja']
['Poisma', 'Dekaja', 'Single Shot', 'Provoke']
['Repel Dark', 'Provoke', 'Marakunda', 'Foul Breath']
['Tentarafoo', 'Die for Me!', 'Marakunda', 'Single Shot']
['Provoke', 'Poisma', 'Evil Touch', 'Tentarafoo']
['Poisma', 'Tentarafoo', 'Provoke', 'Marakunda']
['Tentarafoo', 'Evil Touch', 'Poisma', 'Repel Dark']
['Rebellion', 'Marakunda', 'Repel Dark', 'Die for Me!']
['Rebellion', 'Provoke', 'Repel Dark', 'Tentarafoo']
['Provoke', 'Rebellion', 'Poisma', 'Dekaja']
['Tentarafoo', 'Single Shot', 'Repel Dark', 'Poisma']
['Poisma', 'Rebellion', 'Evil Touch', 'Megido']
['Kill Rush', 'Evil Touch', 'Poisma', 'Die for Me!']
['Megido', 'Die for Me!', 'Provoke', 'Poisma']
['Provoke', 'Tentarafoo', 'Poisma', 'Marakunda']
['Rebellion', 'Marakunda', 'Die for Me!', 'Poisma']
['Dekaja', 'Provoke', 'Die for Me!', 'Poisma']
['Dekaja', 'Rebellion', 'Kill Rush', 'Repel Dark']
['Marakunda', 'Poisma', 'Rebellion', 'Kill Rush']
['Poisma', 'Rebellion', 'Provoke', 'Evil Touch']
['Poisma', 'Provoke', 'Dekaja', 'Tentarafoo']
['Evil Touch', 'Dekaja', 'Poisma', 'Rebellion']
['Rebellion', 'Poisma', 'Dekaja', 'Kill Rush']
['Single Shot', 'Spirit Drain', 'Rebellion', 'Repel Dark']
['Kill Rush', 'Repel Dark', 'Poisma', 'Evil Touch']
['Die for Me!', 'Poisma', 'Provoke', 'Marakunda']
['Repel Dark', 'Poisma', 'Evil Touch', 'Tentarafoo']
['Poisma', 'Rebellion', 'Foul Breath', 'Single Shot']
['Evil Touch', 'Provoke', 'Foul Breath', 'Kill Rush']
['Evil Touch', 'Rebellion', 'Provoke', 'Poisma']
['Marakunda', 'Poisma', 'Evil Touch', 'Provoke']
['Tentarafoo', 'Poisma', 'Provoke', 'Marakunda']
['Dekaja', 'Poisma', 'Megido', 'Rebellion']
['Marakunda', 'Provoke', 'Evil Touch', 'Die for Me!']
['Rebellion', 'Poisma', 'Kill Rush', 'Evil Touch']
['Provoke', 'Poisma', 'Dekaja', 'Marakunda']
['Evil Touch', 'Dekaja', 'Kill Rush', 'Megido']
['Poisma', 'Provoke', 'Foul Breath', 'Repel Dark']
['Provoke', 'Dekaja', 'Marakunda', 'Single Shot']
['Poisma', 'Single Shot', 'Foul Breath', 'Evil Touch']
['Poisma', 'Rebellion', 'Tentarafoo', 'Provoke']
['Repel Dark', 'Poisma', 'Die for Me!', 'Rebellion']
['Marakunda', 'Dekaja', 'Foul Breath', 'Kill Rush']
['Tentarafoo', 'Evil Touch', 'Poisma', 'Dekaja']
['Poisma', 'Evil Touch', 'Die for Me!', 'Marakunda']
['Provoke', 'Dekaja', 'Marakunda', 'Die for Me!']
['Poisma', 'Evil Touch', 'Rebellion', 'Provoke']
['Provoke', 'Tentarafoo', 'Rebellion', 'Poisma']
['Foul Breath', 'Provoke', 'Marakunda', 'Single Shot']
['Rebellion', 'Foul Breath', 'Tentarafoo', 'Repel Dark']
['Marakunda', 'Provoke', 'Kill Rush', 'Poisma']
['Provoke', 'Poisma', 'Evil Touch', 'Rebellion']
['Poisma', 'Evil Touch', 'Provoke', 'Rebellion']
['Provoke', 'Single Shot', 'Poisma', 'Marakunda']
['Evil Touch', 'Rebellion', 'Poisma', 'Single Shot']
['Marakunda', 'Provoke', 'Dekaja', 'Poisma']
['Evil Touch', 'Poisma', 'Repel Dark', 'Dekaja']
['Poisma', 'Evil Touch', 'Dekaja', 'Rebellion']
['Poisma', 'Evil Touch', 'Tentarafoo', 'Provoke']
['Die for Me!', 'Poisma', 'Dekaja', 'Rebellion']
['Rebellion', 'Single Shot', 'Provoke', 'Kill Rush']
['Dekaja', 'Poisma', 'Single Shot', 'Tentarafoo']
['Dekaja', 'Marakunda', 'Rebellion', 'Poisma']
['Poisma', 'Tentarafoo', 'Rebellion', 'Kill Rush']
['Foul Breath', 'Tentarafoo', 'Single Shot', 'Poisma']
['Evil Touch', 'Poisma', 'Provoke', 'Rebellion']
['Poisma', 'Evil Touch', 'Tentarafoo', 'Provoke']
['Single Shot', 'Repel Dark', 'Evil Touch', 'Dekaja']
['Provoke', 'Poisma', 'Evil Touch', 'Kill Rush']
['Marakunda', 'Evil Touch', 'Poisma', 'Rebellion']
['Rebellion', 'Poisma', 'Single Shot', 'Evil Touch']
['Tentarafoo', 'Rebellion', 'Dekaja', 'Provoke']
['Marakunda', 'Provoke', 'Rebellion', 'Poisma']
['Evil Touch', 'Marakunda', 'Kill Rush', 'Poisma']
['Provoke', 'Evil Touch', 'Poisma', 'Rebellion']
['Rebellion', 'Tentarafoo', 'Poisma', 'Single Shot']
['Single Shot', 'Evil Touch', 'Poisma', 'Provoke']
['Single Shot', 'Evil Touch', 'Poisma', 'Marakunda']
['Poisma', 'Marakunda', 'Tentarafoo', 'Die for Me!']
['Kill Rush', 'Die for Me!', 'Poisma', 'Marakunda']
['Poisma', 'Provoke', 'Evil Touch', 'Dekaja']
['Rebellion', 'Poisma', 'Evil Touch', 'Repel Dark']
['Evil Touch', 'Provoke', 'Repel Dark', 'Poisma']
['Rebellion', 'Dekaja', 'Marakunda', 'Poisma']
['Provoke', 'Evil Touch', 'Repel Dark', 'Kill Rush']
['Poisma', 'Rebellion', 'Dekaja', 'Evil Touch']
['Poisma', 'Tentarafoo', 'Rebellion', 'Marakunda']
['Poisma', 'Evil Touch', 'Die for Me!', 'Marakunda']
['Poisma', 'Single Shot', 'Dekaja', 'Marakunda']
['Foul Breath', 'Provoke', 'Die for Me!', 'Poisma']
['Rebellion', 'Single Shot', 'Poisma', 'Die for Me!']
['Spirit Drain', 'Evil Touch', 'Rebellion', 'Kill Rush']
['Single Shot', 'Poisma', 'Dekaja', 'Provoke']
['Poisma', 'Provoke', 'Evil Touch', 'Marakunda']
['Poisma', 'Marakunda', 'Provoke', 'Rebellion']
['Rebellion', 'Poisma', 'Spirit Drain', 'Megido']
['Provoke', 'Rebellion', 'Poisma', 'Repel Dark']
