['Dodge Slash', 'Bash', 'Wind Boost', 'Rakunda']
['Rakunda', 'Dodge Slash', 'Absorb Strike', 'Wind Boost']
['Invigorate 3', 'Sukukaja', 'Diarama', 'Bash']
['Wind Boost', 'Rakunda', 'Sukukaja', 'Wind Amp']
['Invigorate 3', 'Rakunda', 'Bash', 'Poison Arrow']
['Diarama', 'Wind Boost', 'Invigorate 3', 'Wind Amp']
['Bash', 'Dodge Slash', 'Rakunda', 'Diarama']
['Wind Amp', 'Diarama', 'Dodge Slash', 'Rakunda']
['Wind Amp', 'Diarama', 'Sukukaja', 'Wind Boost']
['Absorb Strike', 'Wind Amp', 'Sukukaja', 'Primal Force']
['Wind Boost', 'Sukukaja', 'Rakunda', 'Dodge Slash']
['Bash', 'Rakunda', 'Wind Boost', 'Absorb Strike']
['Bash', 'Invigorate 3', 'Wind Boost', 'Rakunda']
['Wind Boost', 'Rakunda', 'Bash', 'Dodge Slash']
['Sukukaja', 'Rakunda', 'Wind Boost', 'Wind Amp']
['Sukukaja', 'Wind Boost', 'Poison Arrow', 'Wind Amp']
['Sukukaja', 'Rakunda', 'Bash', 'Diarama']
['Dodge Slash', 'Wind Boost', 'Rakunda', 'Diarama']
['Wind Boost', 'Rakunda', 'Sukukaja', 'Myriad Arrows']
['Diarama', 'Dodge Slash', 'Wind Amp', 'Rakunda']
['Dodge Slash', 'Sukukaja', 'Wind Boost', 'Invigorate 3']
['Rakunda', 'Dodge Slash', 'Wind Boost', 'Wind Amp']
['Wind Amp', 'Rakunda', 'Primal Force', 'Dodge Slash']
['Diarama', 'Rakunda', 'Sukukaja', 'Wind Amp']
['Dodge Slash', 'Absorb Strike', 'Bash', 'Wind Boost']
['Wind Amp', 'Sukukaja', 'Myriad Arrows', 'Diarama']
['Diarama', 'Wind Boost', 'Wind Amp', 'Sukukaja']
['Wind Boost', 'Absorb Strike', 'Wind Amp', 'Sukukaja']
['Absorb Strike', 'Diarama', 'Wind Boost', 'Sukukaja']
['Sukukaja', 'Rakunda', 'Invigorate 3', 'Diarama']
['Sukukaja', 'Rakunda', 'Diarama', 'Bash']
['Rakunda', 'Wind Boost', 'Invigorate 3', 'Sukukaja']
['Sukukaja', 'Invigorate 3', 'Wind Amp', 'Wind Boost']
['Wind Boost', 'Bash', 'Diarama', 'Rakunda']
['Bash', 'Sukukaja', 'Wind Boost', 'Rakunda']
['Rakunda', 'Sukukaja', 'Invigorate 3', 'Dodge Slash']
['Sukukaja', 'Rakunda', 'Absorb Strike', 'Wind Boost']
['Bash', 'Dodge Slash', 'Sukukaja', 'Wind Boost']
['Dodge Slash', 'Sukukaja', 'Wind Amp', 'Poison Arrow']
['Wind Boost', 'Dodge Slash', 'Absorb Strike', 'Bash']
['Rakunda', 'Invigorate 3', 'Wind Boost', 'Diarama']
['Diarama', 'Poison Arrow', 'Sukukaja', 'Absorb Strike']
['Diarama', 'Wind Boost', 'Invigorate 3', 'Rakunda']
['Bash', 'Rakunda', 'Wind Boost', 'Sukukaja']
['Invigorate 3', 'Wind Boost', 'Dodge Slash', 'Sukukaja']
['Wind Amp', 'Sukukaja', 'Bash', 'Absorb Strike']
['Diarama', 'Rakunda', 'Sukukaja', 'Bash']
['Dodge Slash', 'Diarama', 'Poison Arrow', 'Wind Boost']
['Rakunda', 'Dodge Slash', 'Absorb Strike', 'Bash']
['Wind Boost', 'Bash', 'Diarama', 'Invigorate 3']
['Wind Boost', 'Wind Amp', 'Dodge Slash', 'Rakunda']
['Wind Boost', 'Wind Amp', 'Rakunda', 'Primal Force']
['Rakunda', 'Absorb Strike', 'Wind Boost', 'Sukukaja']
['Diarama', 'Rakunda', 'Wind Boost', 'Invigorate 3']
['Diarama', 'Rakunda', 'Sukukaja', 'Wind Boost']
['Sukukaja', 'Dodge Slash', 'Rakunda', 'Bash']
['Bash', 'Wind Boost', 'Dodge Slash', 'Rakunda']
['Bash', 'Rakunda', 'Diarama', 'Wind Boost']
['Rakunda', 'Bash', 'Sukukaja', 'Dodge Slash']
['Dodge Slash', 'Bash', 'Sukukaja', 'Wind Boost']
['Bash', 'Rakunda', 'Sukukaja', 'Wind Boost']
['Wind Amp', 'Dodge Slash', 'Rakunda', 'Diarama']
['Dodge Slash', 'Wind Boost', 'Rakunda', 'Diarama']
['Wind Boost', 'Absorb Strike', 'Rakunda', 'Dodge Slash']
['Diarama', 'Wind Amp', 'Rakunda', 'Invigorate 3']
['Wind Boost', 'Myriad Arrows', 'Sukukaja', 'Rakunda']
['Sukukaja', 'Rakunda', 'Dodge Slash', 'Bash']
['Invigorate 3', 'Dodge Slash', 'Rakunda', 'Sukukaja']
['Rakunda', 'Sukukaja', 'Bash', 'Diarama']
['Sukukaja', 'Diarama', 'Wind Boost', 'Bash']
['Diarama', 'Dodge Slash', 'Sukukaja', 'Rakunda']
['Wind Boost', 'Absorb Strike', 'Wind Amp', 'Diarama']
['Sukukaja', 'Rakunda', 'Wind Amp', 'Diarama']
['Dodge Slash', 'Rakunda', 'Diarama', 'Wind Boost']
['Myriad Arrows', 'Bash', 'Wind Amp', 'Wind Boost']
['Wind Boost', 'Wind Amp', 'Bash', 'Sukukaja']
['Sukukaja', 'Diarama', 'Poison Arrow', 'Rakunda']
['Rakunda', 'Poison Arrow', 'Wind Boost', 'Wind Amp']
['Wind Boost', 'Sukukaja', 'Diarama', 'Rakunda']
['Bash', 'Rakunda', 'Dodge Slash', 'Wind Amp']
['Sukukaja', 'Dodge Slash', 'Rakunda', 'Wind Boost']
['Sukukaja', 'Diarama', 'Wind Boost', 'Primal Force']
['Sukukaja', 'Dodge Slash', 'Wind Boost', 'Wind Amp']
['Sukukaja', 'Diarama', 'Wind Boost', 'Rakunda']
['Primal Force', 'Wind Boost', 'Sukukaja', 'Dodge Slash']
['Diarama', 'Sukukaja', 'Dodge Slash', 'Wind Boost']
['Wind Boost', 'Diarama', 'Dodge Slash', 'Sukukaja']
['Absorb Strike', 'Wind Boost', 'Diarama', 'Dodge Slash']
['Absorb Strike', 'Rakunda', 'Wind Boost', 'Sukukaja']
['Sukukaja', 'Invigorate 3', 'Rakunda', 'Wind Amp']
['Dodge Slash', 'Diarama', 'Sukukaja', 'Rakunda']
['Rakunda', 'Wind Amp', 'Sukukaja', 'Poison Arrow']
['Wind Boost', 'Invigorate 3', 'Dodge Slash', 'Bash']
['Bash', 'Diarama', 'Wind Boost', 'Wind Amp']
['Diarama', 'Dodge Slash', 'Bash', 'Wind Amp']
['Bash', 'Rakunda', 'Sukukaja', 'Diarama']
['Myriad Arrows', 'Wind Boost', 'Rakunda', 'Dodge Slash']
['Bash', 'Rakunda', 'Dodge Slash', 'Wind Boost']
['Wind Amp', 'Sukukaja', 'Invigorate 3', 'Absorb Strike']
['Diarama', 'Rakunda', 'Wind Boost', 'Sukukaja']
['Dodge Slash', 'Diarama', 'Wind Amp', 'Sukukaja']
['Sukukaja', 'Wind Boost', 'Diarama', 'Rakunda']
['Rakunda', 'Wind Boost', 'Dodge Slash', 'Wind Amp']
['Sukukaja', 'Invigorate 3', 'Wind Boost', 'Bash']
['Wind Amp', 'Sukukaja', 'Dodge Slash', 'Absorb Strike']
['Dodge Slash', 'Sukukaja', 'Invigorate 3', 'Wind Boost']
['Sukukaja', 'Bash', 'Wind Boost', 'Rakunda']
['Wind Boost', 'Absorb Strike', 'Myriad Arrows', 'Sukukaja']
['Sukukaja', 'Invigorate 3', 'Rakunda', 'Dodge Slash']
['Sukukaja', 'Dodge Slash', 'Rakunda', 'Invigorate 3']
['Rakunda', 'Sukukaja', 'Wind Boost', 'Absorb Strike']
['Dodge Slash', 'Rakunda', 'Wind Boost', 'Bash']
['Bash', 'Diarama', 'Wind Boost', 'Sukukaja']
['Dodge Slash', 'Myriad Arrows', 'Diarama', 'Sukukaja']
['Wind Boost', 'Sukukaja', 'Diarama', 'Dodge Slash']
['Wind Boost', 'Bash', 'Invigorate 3', 'Diarama']
['Wind Amp', 'Diarama', 'Sukukaja', 'Wind Boost']
['Diarama', 'Wind Boost', 'Rakunda', 'Invigorate 3']
['Diarama', 'Sukukaja', 'Bash', 'Rakunda']
['Diarama', 'Dodge Slash', 'Bash', 'Rakunda']
['Rakunda', 'Diarama', 'Sukukaja', 'Dodge Slash']
['Sukukaja', 'Wind Boost', 'Wind Amp', 'Dodge Slash']
['Bash', 'Diarama', 'Sukukaja', 'Dodge Slash']
['Sukukaja', 'Dodge Slash', 'Diarama', 'Invigorate 3']
['Rakunda', 'Dodge Slash', 'Wind Boost', 'Sukukaja']
['Rakunda', 'Wind Boost', 'Dodge Slash', 'Diarama']
['Bash', 'Diarama', 'Primal Force', 'Rakunda']
['Invigorate 3', 'Wind Boost', 'Dodge Slash', 'Sukukaja']
['Wind Boost', 'Wind Amp', 'Dodge Slash', 'Invigorate 3']
['Absorb Strike', 'Bash', 'Rakunda', 'Diarama']
['Wind Amp', 'Wind Boost', 'Diarama', 'Bash']
['Absorb Strike', 'Dodge Slash', 'Wind Boost', 'Wind Amp']
['Diarama', 'Wind Amp', 'Dodge Slash', 'Wind Boost']
['Dodge Slash', 'Rakunda', 'Wind Boost', 'Diarama']
['Bash', 'Wind Amp', 'Absorb Strike', 'Diarama']
['Diarama', 'Rakunda', 'Sukukaja', 'Dodge Slash']
['Sukukaja', 'Wind Amp', 'Invigorate 3', 'Rakunda']
['Sukukaja', 'Rakunda', 'Absorb Strike', 'Diarama']
['Wind Amp', 'Diarama', 'Bash', 'Dodge Slash']
['Bash', 'Wind Boost', 'Sukukaja', 'Diarama']
['Rakunda', 'Absorb Strike', 'Wind Amp', 'Sukukaja']
['Sukukaja', 'Wind Amp', 'Wind Boost', 'Dodge Slash']
['Wind Amp', 'Sukukaja', 'Rakunda', 'Bash']
['Invigorate 3', 'Rakunda', 'Dodge Slash', 'Diarama']
['Wind Boost', 'Dodge Slash', 'Sukukaja', 'Diarama']
['Wind Boost', 'Rakunda', 'Sukukaja', 'Dodge Slash']
['Absorb Strike', 'Dodge Slash', 'Wind Boost', 'Bash']
['Rakunda', 'Dodge Slash', 'Diarama', 'Wind Boost']
['Wind Amp', 'Bash', 'Dodge Slash', 'Rakunda']
['Bash', 'Dodge Slash', 'Sukukaja', 'Absorb Strike']
['Dodge Slash', 'Invigorate 3', 'Poison Arrow', 'Rakunda']
['Sukukaja', 'Wind Boost', 'Absorb Strike', 'Rakunda']
['Diarama', 'Wind Boost', 'Invigorate 3', 'Absorb Strike']
['Diarama', 'Rakunda', 'Bash', 'Invigorate 3']
['Rakunda', 'Dodge Slash', 'Invigorate 3', 'Sukukaja']
['Diarama', 'Rakunda', 'Dodge Slash', 'Sukukaja']
['Bash', 'Rakunda', 'Diarama', 'Dodge Slash']
['Invigorate 3', 'Wind Amp', 'Rakunda', 'Wind Boost']
['Sukukaja', 'Diarama', 'Poison Arrow', 'Myriad Arrows']
['Dodge Slash', 'Sukukaja', 'Invigorate 3', 'Rakunda']
['Primal Force', 'Wind Boost', 'Wind Amp', 'Sukukaja']
['Bash', 'Sukukaja', 'Diarama', 'Dodge Slash']
['Rakunda', 'Dodge Slash', 'Sukukaja', 'Bash']
['Wind Boost', 'Wind Amp', 'Invigorate 3', 'Absorb Strike']
['Wind Boost', 'Rakunda', 'Diarama', 'Dodge Slash']
['Wind Amp', 'Sukukaja', 'Rakunda', 'Poison Arrow']
['Bash', 'Rakunda', 'Sukukaja', 'Diarama']
['Rakunda', 'Dodge Slash', 'Sukukaja', 'Diarama']
['Dodge Slash', 'Diarama', 'Wind Amp', 'Sukukaja']
['Rakunda', 'Bash', 'Wind Amp', 'Absorb Strike']
['Wind Boost', 'Rakunda', 'Myriad Arrows', 'Wind Amp']
['Dodge Slash', 'Diarama', 'Wind Boost', 'Rakunda']
['Wind Boost', 'Sukukaja', 'Rakunda', 'Diarama']
['Sukukaja', 'Rakunda', 'Diarama', 'Dodge Slash']
['Wind Boost', 'Rakunda', 'Bash', 'Diarama']
['Sukukaja', 'Rakunda', 'Diarama', 'Bash']
['Rakunda', 'Wind Boost', 'Myriad Arrows', 'Sukukaja']
['Wind Boost', 'Rakunda', 'Diarama', 'Dodge Slash']
['Sukukaja', 'Rakunda', 'Wind Boost', 'Dodge Slash']
['Wind Boost', 'Sukukaja', 'Diarama', 'Wind Amp']
['Rakunda', 'Invigorate 3', 'Dodge Slash', 'Wind Boost']
['Wind Amp', 'Sukukaja', 'Dodge Slash', 'Wind Boost']
['Diarama', 'Rakunda', 'Wind Boost', 'Absorb Strike']
['Wind Boost', 'Diarama', 'Bash', 'Rakunda']
['Dodge Slash', 'Rakunda', 'Sukukaja', 'Absorb Strike']
['Rakunda', 'Diarama', 'Sukukaja', 'Dodge Slash']
['Rakunda', 'Wind Amp', 'Wind Boost', 'Sukukaja']
['Sukukaja', 'Diarama', 'Wind Boost', 'Dodge Slash']
['Diarama', 'Invigorate 3', 'Sukukaja', 'Wind Amp']
['Rakunda', 'Sukukaja', 'Wind Boost', 'Wind Amp']
['Dodge Slash', 'Bash', 'Wind Amp', 'Rakunda']
['Wind Amp', 'Sukukaja', 'Dodge Slash', 'Rakunda']
['Absorb Strike', 'Diarama', 'Dodge Slash', 'Sukukaja']
['Diarama', 'Wind Boost', 'Dodge Slash', 'Rakunda']
['Bash', 'Rakunda', 'Wind Amp', 'Dodge Slash']
['Wind Boost', 'Sukukaja', 'Rakunda', 'Diarama']
['Wind Amp', 'Sukukaja', 'Diarama', 'Wind Boost']
['Wind Amp', 'Bash', 'Dodge Slash', 'Rakunda']
['Rakunda', 'Sukukaja', 'Diarama', 'Absorb Strike']
['Bash', 'Invigorate 3', 'Rakunda', 'Wind Boost']
['Poison Arrow', 'Rakunda', 'Wind Amp', 'Dodge Slash']
['Diarama', 'Invigorate 3', 'Dodge Slash', 'Rakunda']
['Rakunda', 'Sukukaja', 'Bash', 'Wind Boost']
['Diarama', 'Wind Boost', 'Sukukaja', 'Absorb Strike']
['Dodge Slash', 'Rakunda', 'Diarama', 'Absorb Strike']
['Diarama', 'Wind Boost', 'Sukukaja', 'Rakunda']
['Rakunda', 'Absorb Strike', 'Diarama', 'Bash']
['Bash', 'Diarama', 'Absorb Strike', 'Dodge Slash']
['Rakunda', 'Sukukaja', 'Wind Boost', 'Wind Amp']
['Wind Boost', 'Rakunda', 'Wind Amp', 'Dodge Slash']
['Sukukaja', 'Rakunda', 'Absorb Strike', 'Wind Boost']
['Wind Boost', 'Sukukaja', 'Bash', 'Dodge Slash']
['Absorb Strike', 'Invigorate 3', 'Wind Boost', 'Sukukaja']
['Rakunda', 'Sukukaja', 'Invigorate 3', 'Bash']
['Rakunda', 'Diarama', 'Absorb Strike', 'Wind Boost']
['Sukukaja', 'Invigorate 3', 'Wind Boost', 'Absorb Strike']
['Bash', 'Diarama', 'Rakunda', 'Wind Amp']
['Wind Boost', 'Dodge Slash', 'Invigorate 3', 'Wind Amp']
['Rakunda', 'Dodge Slash', 'Absorb Strike', 'Wind Amp']
['Poison Arrow', 'Sukukaja', 'Diarama', 'Wind Boost']
['Wind Boost', 'Sukukaja', 'Rakunda', 'Bash']
['Invigorate 3', 'Bash', 'Rakunda', 'Wind Boost']
['Diarama', 'Invigorate 3', 'Rakunda', 'Wind Boost']
['Wind Boost', 'Rakunda', 'Dodge Slash', 'Sukukaja']
['Diarama', 'Sukukaja', 'Wind Boost', 'Wind Amp']
['Wind Boost', 'Sukukaja', 'Primal Force', 'Bash']
['Diarama', 'Dodge Slash', 'Sukukaja', 'Absorb Strike']
['Wind Boost', 'Diarama', 'Wind Amp', 'Rakunda']
['Sukukaja', 'Wind Boost', 'Rakunda', 'Dodge Slash']
['Sukukaja', 'Wind Amp', 'Wind Boost', 'Rakunda']
['Rakunda', 'Wind Boost', 'Dodge Slash', 'Diarama']
['Rakunda', 'Absorb Strike', 'Wind Amp', 'Diarama']
['Diarama', 'Dodge Slash', 'Wind Boost', 'Rakunda']
['Rakunda', 'Sukukaja', 'Invigorate 3', 'Wind Amp']
['Dodge Slash', 'Rakunda', 'Sukukaja', 'Absorb Strike']
['Rakunda', 'Sukukaja', 'Diarama', 'Absorb Strike']
['Absorb Strike', 'Rakunda', 'Wind Amp', 'Wind Boost']
['Invigorate 3', 'Wind Boost', 'Wind Amp', 'Dodge Slash']
['Bash', 'Sukukaja', 'Diarama', 'Dodge Slash']
['Diarama', 'Myriad Arrows', 'Wind Boost', 'Sukukaja']
['Diarama', 'Dodge Slash', 'Rakunda', 'Invigorate 3']
['Bash', 'Wind Amp', 'Rakunda', 'Dodge Slash']
['Wind Boost', 'Dodge Slash', 'Wind Amp', 'Invigorate 3']
['Wind Boost', 'Wind Amp', 'Rakunda', 'Diarama']
['Invigorate 3', 'Sukukaja', 'Wind Boost', 'Wind Amp']
['Bash', 'Rakunda', 'Wind Boost', 'Wind Amp']
['Wind Boost', 'Sukukaja', 'Diarama', 'Dodge Slash']
['Dodge Slash', 'Wind Boost', 'Wind Amp', 'Rakunda']
['Wind Amp', 'Invigorate 3', 'Sukukaja', 'Wind Boost']
['Rakunda', 'Invigorate 3', 'Wind Boost', 'Sukukaja']
['Bash', 'Diarama', 'Dodge Slash', 'Wind Boost']
['Wind Boost', 'Diarama', 'Rakunda', 'Sukukaja']
['Dodge Slash', 'Invigorate 3', 'Rakunda', 'Sukukaja']
['Invigorate 3', 'Bash', 'Wind Boost', 'Sukukaja']
['Rakunda', 'Diarama', 'Absorb Strike', 'Sukukaja']
['Sukukaja', 'Wind Boost', 'Diarama', 'Rakunda']
['Wind Boost', 'Diarama', 'Sukukaja', 'Rakunda']
['Wind Boost', 'Rakunda', 'Diarama', 'Sukukaja']
['Diarama', 'Bash', 'Invigorate 3', 'Rakunda']
['Rakunda', 'Dodge Slash', 'Sukukaja', 'Wind Amp']
['Rakunda', 'Sukukaja', 'Wind Boost', 'Primal Force']
['Rakunda', 'Diarama', 'Sukukaja', 'Wind Boost']
['Sukukaja', 'Rakunda', 'Bash', 'Wind Amp']
['Wind Amp', 'Dodge Slash', 'Invigorate 3', 'Sukukaja']
['Sukukaja', 'Diarama', 'Myriad Arrows', 'Bash']
['Wind Boost', 'Rakunda', 'Dodge Slash', 'Absorb Strike']
['Primal Force', 'Invigorate 3', 'Rakunda', 'Wind Amp']
['Wind Boost', 'Absorb Strike', 'Sukukaja', 'Wind Amp']
['Wind Boost', 'Invigorate 3', 'Absorb Strike', 'Sukukaja']
['Dodge Slash', 'Sukukaja', 'Bash', 'Diarama']
['Wind Boost', 'Dodge Slash', 'Rakunda', 'Myriad Arrows']
['Invigorate 3', 'Sukukaja', 'Rakunda', 'Diarama']
['Dodge Slash', 'Wind Boost', 'Diarama', 'Bash']
['Diarama', 'Sukukaja', 'Bash', 'Rakunda']
['Sukukaja', 'Absorb Strike', 'Diarama', 'Rakunda']
['Wind Boost', 'Wind Amp', 'Diarama', 'Sukukaja']
['Dodge Slash', 'Sukukaja', 'Rakunda', 'Wind Boost']
['Sukukaja', 'Wind Boost', 'Diarama', 'Wind Amp']
['Invigorate 3', 'Diarama', 'Rakunda', 'Wind Boost']
['Invigorate 3', 'Sukukaja', 'Wind Boost', 'Rakunda']
['Wind Boost', 'Invigorate 3', 'Sukukaja', 'Wind Amp']
['Sukukaja', 'Wind Boost', 'Myriad Arrows', 'Wind Amp']
['Dodge Slash', 'Invigorate 3', 'Absorb Strike', 'Rakunda']
['Rakunda', 'Invigorate 3', 'Dodge Slash', 'Wind Amp']
['Invigorate 3', 'Bash', 'Wind Amp', 'Diarama']
['Sukukaja', 'Wind Amp', 'Wind Boost', 'Bash']
['Diarama', 'Bash', 'Rakunda', 'Absorb Strike']
['Bash', 'Absorb Strike', 'Sukukaja', 'Invigorate 3']
['Invigorate 3', 'Bash', 'Dodge Slash', 'Rakunda']
['Diarama', 'Rakunda', 'Wind Boost', 'Myriad Arrows']
['Sukukaja', 'Rakunda', 'Dodge Slash', 'Wind Boost']
['Dodge Slash', 'Sukukaja', 'Wind Boost', 'Diarama']
['Sukukaja', 'Bash', 'Absorb Strike', 'Dodge Slash']
['Invigorate 3', 'Sukukaja', 'Dodge Slash', 'Wind Boost']
['Wind Amp', 'Poison Arrow', 'Wind Boost', 'Bash']
['Rakunda', 'Primal Force', 'Invigorate 3', 'Wind Boost']
['Absorb Strike', 'Wind Amp', 'Rakunda', 'Dodge Slash']
['Wind Amp', 'Diarama', 'Wind Boost', 'Rakunda']
['Diarama', 'Sukukaja', 'Rakunda', 'Wind Boost']
['Sukukaja', 'Rakunda', 'Dodge Slash', 'Wind Boost']
['Invigorate 3', 'Dodge Slash', 'Wind Amp', 'Sukukaja']
['Dodge Slash', 'Rakunda', 'Sukukaja', 'Absorb Strike']
['Absorb Strike', 'Rakunda', 'Sukukaja', 'Bash']
['Dodge Slash', 'Wind Amp', 'Diarama', 'Sukukaja']
['Invigorate 3', 'Wind Boost', 'Bash', 'Rakunda']
['Rakunda', 'Bash', 'Wind Boost', 'Dodge Slash']
['Invigorate 3', 'Wind Boost', 'Wind Amp', 'Dodge Slash']
['Wind Boost', 'Sukukaja', 'Rakunda', 'Poison Arrow']
['Diarama', 'Wind Boost', 'Dodge Slash', 'Bash']
['Rakunda', 'Wind Amp', 'Diarama', 'Dodge Slash']
['Wind Amp', 'Rakunda', 'Dodge Slash', 'Invigorate 3']
['Poison Arrow', 'Sukukaja', 'Wind Boost', 'Rakunda']
['Bash', 'Diarama', 'Wind Boost', 'Invigorate 3']
['Wind Boost', 'Absorb Strike', 'Diarama', 'Rakunda']
['Wind Amp', 'Diarama', 'Dodge Slash', 'Rakunda']
['Absorb Strike', 'Wind Amp', 'Invigorate 3', 'Dodge Slash']
['Rakunda', 'Wind Amp', 'Bash', 'Wind Boost']
['Rakunda', 'Sukukaja', 'Wind Amp', 'Diarama']
['Rakunda', 'Sukukaja', 'Dodge Slash', 'Primal Force']
['Wind Boost', 'Diarama', 'Rakunda', 'Sukukaja']
['Dodge Slash', 'Diarama', 'Wind Boost', 'Absorb Strike']
['Myriad Arrows', 'Sukukaja', 'Rakunda', 'Wind Amp']
['Diarama', 'Bash', 'Dodge Slash', 'Rakunda']
['Diarama', 'Sukukaja', 'Rakunda', 'Wind Boost']
['Invigorate 3', 'Dodge Slash', 'Wind Boost', 'Sukukaja']
['Wind Amp', 'Bash', 'Rakunda', 'Wind Boost']
['Dodge Slash', 'Rakunda', 'Sukukaja', 'Wind Boost']
['Sukukaja', 'Rakunda', 'Wind Boost', 'Bash']
['Absorb Strike', 'Wind Boost', 'Dodge Slash', 'Rakunda']
['Dodge Slash', 'Rakunda', 'Wind Boost', 'Diarama']
['Wind Boost', 'Rakunda', 'Bash', 'Wind Amp']
['Diarama', 'Sukukaja', 'Wind Boost', 'Invigorate 3']
['Invigorate 3', 'Diarama', 'Primal Force', 'Wind Boost']
['Wind Amp', 'Absorb Strike', 'Sukukaja', 'Dodge Slash']
['Dodge Slash', 'Myriad Arrows', 'Rakunda', 'Sukukaja']
['Bash', 'Dodge Slash', 'Wind Boost', 'Rakunda']
['Diarama', 'Rakunda', 'Sukukaja', 'Invigorate 3']
['Sukukaja', 'Primal Force', 'Rakunda', 'Dodge Slash']
['Bash', 'Wind Boost', 'Wind Amp', 'Sukukaja']
['Wind Amp', 'Sukukaja', 'Diarama', 'Rakunda']
['Bash', 'Wind Boost', 'Dodge Slash', 'Sukukaja']
['Diarama', 'Bash', 'Wind Boost', 'Rakunda']
['Wind Amp', 'Sukukaja', 'Invigorate 3', 'Bash']
['Rakunda', 'Absorb Strike', 'Wind Boost', 'Dodge Slash']
['Bash', 'Sukukaja', 'Rakunda', 'Wind Boost']
['Sukukaja', 'Diarama', 'Rakunda', 'Wind Boost']
['Diarama', 'Rakunda', 'Bash', 'Sukukaja']
['Dodge Slash', 'Wind Boost', 'Diarama', 'Rakunda']
['Dodge Slash', 'Bash', 'Diarama', 'Sukukaja']
['Sukukaja', 'Rakunda', 'Diarama', 'Dodge Slash']
['Bash', 'Dodge Slash', 'Rakunda', 'Sukukaja']
['Sukukaja', 'Primal Force', 'Wind Boost', 'Diarama']
['Rakunda', 'Bash', 'Dodge Slash', 'Wind Amp']
['Wind Boost', 'Sukukaja', 'Absorb Strike', 'Wind Amp']
['Invigorate 3', 'Bash', 'Rakunda', 'Sukukaja']
['Wind Boost', 'Dodge Slash', 'Sukukaja', 'Absorb Strike']
['Absorb Strike', 'Wind Boost', 'Dodge Slash', 'Rakunda']
['Sukukaja', 'Diarama', 'Rakunda', 'Dodge Slash']
['Invigorate 3', 'Dodge Slash', 'Sukukaja', 'Rakunda']
['Wind Amp', 'Diarama', 'Rakunda', 'Sukukaja']
['Sukukaja', 'Diarama', 'Wind Boost', 'Rakunda']
['Wind Amp', 'Diarama', 'Wind Boost', 'Invigorate 3']
['Wind Amp', 'Rakunda', 'Sukukaja', 'Diarama']
['Dodge Slash', 'Diarama', 'Wind Amp', 'Absorb Strike']
['Diarama', 'Dodge Slash', 'Wind Amp', 'Sukukaja']
['Sukukaja', 'Rakunda', 'Dodge Slash', 'Myriad Arrows']
['Wind Boost', 'Rakunda', 'Sukukaja', 'Bash']
['Sukukaja', 'Absorb Strike', 'Wind Boost', 'Dodge Slash']
['Rakunda', 'Absorb Strike', 'Wind Amp', 'Wind Boost']
['Bash', 'Sukukaja', 'Absorb Strike', 'Dodge Slash']
['Wind Boost', 'Sukukaja', 'Dodge Slash', 'Invigorate 3']
['Dodge Slash', 'Diarama', 'Bash', 'Sukukaja']
['Invigorate 3', 'Dodge Slash', 'Wind Boost', 'Diarama']
['Invigorate 3', 'Sukukaja', 'Wind Boost', 'Wind Amp']
['Wind Boost', 'Dodge Slash', 'Rakunda', 'Absorb Strike']
['Wind Boost', 'Rakunda', 'Wind Amp', 'Sukukaja']
['Wind Boost', 'Dodge Slash', 'Sukukaja', 'Wind Amp']
['Absorb Strike', 'Wind Amp', 'Diarama', 'Sukukaja']
['Invigorate 3', 'Wind Boost', 'Dodge Slash', 'Bash']
['Dodge Slash', 'Wind Amp', 'Rakunda', 'Invigorate 3']
['Wind Boost', 'Invigorate 3', 'Rakunda', 'Bash']
['Sukukaja', 'Diarama', 'Primal Force', 'Rakunda']
['Dodge Slash', 'Rakunda', 'Diarama', 'Sukukaja']
['Wind Boost', 'Dodge Slash', 'Sukukaja', 'Invigorate 3']
['Diarama', 'Bash', 'Sukukaja', 'Rakunda']
['Rakunda', 'Bash', 'Diarama', 'Absorb Strike']
['Bash', 'Wind Boost', 'Rakunda', 'Sukukaja']
['Diarama', 'Rakunda', 'Sukukaja', 'Invigorate 3']
['Wind Boost', 'Myriad Arrows', 'Dodge Slash', 'Sukukaja']
['Invigorate 3', 'Wind Boost', 'Diarama', 'Dodge Slash']
['Diarama', 'Wind Boost', 'Sukukaja', 'Invigorate 3']
['Rakunda', 'Diarama', 'Wind Boost', 'Sukukaja']
['Wind Boost', 'Rakunda', 'Wind Amp', 'Invigorate 3']
['Wind Boost', 'Rakunda', 'Sukukaja', 'Dodge Slash']
['Wind Amp', 'Diarama', 'Bash', 'Rakunda']
['Absorb Strike', 'Dodge Slash', 'Rakunda', 'Diarama']
['Absorb Strike', 'Wind Amp', 'Sukukaja', 'Diarama']
['Sukukaja', 'Bash', 'Wind Boost', 'Dodge Slash']
['Diarama', 'Invigorate 3', 'Wind Amp', 'Rakunda']
['Bash', 'Dodge Slash', 'Sukukaja', 'Diarama']
['Rakunda', 'Sukukaja', 'Bash', 'Dodge Slash']
['Wind Amp', 'Sukukaja', 'Wind Boost', 'Rakunda']
['Dodge Slash', 'Diarama', 'Bash', 'Invigorate 3']
['Wind Amp', 'Bash', 'Sukukaja', 'Dodge Slash']
['Rakunda', 'Sukukaja', 'Diarama', 'Invigorate 3']
['Rakunda', 'Dodge Slash', 'Absorb Strike', 'Wind Boost']
['Diarama', 'Dodge Slash', 'Wind Boost', 'Bash']
['Sukukaja', 'Bash', 'Wind Boost', 'Dodge Slash']
['Wind Boost', 'Sukukaja', 'Diarama', 'Poison Arrow']
['Absorb Strike', 'Diarama', 'Dodge Slash', 'Sukukaja']
['Wind Amp', 'Dodge Slash', 'Wind Boost', 'Sukukaja']
['Absorb Strike', 'Wind Boost', 'Rakunda', 'Dodge Slash']
['Rakunda', 'Wind Boost', 'Wind Amp', 'Dodge Slash']
['Sukukaja', 'Wind Boost', 'Rakunda', 'Diarama']
['Sukukaja', 'Rakunda', 'Dodge Slash', 'Wind Amp']
['Poison Arrow', 'Rakunda', 'Wind Amp', 'Diarama']
['Wind Boost', 'Sukukaja', 'Rakunda', 'Absorb Strike']
['Wind Boost', 'Sukukaja', 'Rakunda', 'Absorb Strike']
['Dodge Slash', 'Rakunda', 'Sukukaja', 'Diarama']
['Poison Arrow', 'Sukukaja', 'Invigorate 3', 'Bash']
['Sukukaja', 'Bash', 'Wind Boost', 'Diarama']
['Bash', 'Absorb Strike', 'Diarama', 'Rakunda']
['Wind Amp', 'Diarama', 'Wind Boost', 'Dodge Slash']
['Sukukaja', 'Bash', 'Dodge Slash', 'Rakunda']
['Sukukaja', 'Invigorate 3', 'Dodge Slash', 'Wind Boost']
['Sukukaja', 'Rakunda', 'Dodge Slash', 'Wind Boost']
['Dodge Slash', 'Diarama', 'Invigorate 3', 'Bash']
['Rakunda', 'Wind Boost', 'Diarama', 'Absorb Strike']
['Sukukaja', 'Rakunda', 'Wind Boost', 'Invigorate 3']
['Invigorate 3', 'Sukukaja', 'Rakunda', 'Bash']
['Dodge Slash', 'Diarama', 'Rakunda', 'Wind Boost']
['Sukukaja', 'Wind Boost', 'Bash', 'Rakunda']
['Sukukaja', 'Wind Boost', 'Wind Amp', 'Primal Force']
['Bash', 'Invigorate 3', 'Wind Boost', 'Rakunda']
['Bash', 'Diarama', 'Rakunda', 'Wind Boost']
['Sukukaja', 'Wind Boost', 'Diarama', 'Wind Amp']
['Bash', 'Diarama', 'Wind Amp', 'Sukukaja']
['Sukukaja', 'Wind Boost', 'Rakunda', 'Diarama']
['Wind Boost', 'Sukukaja', 'Dodge Slash', 'Wind Amp']
['Sukukaja', 'Wind Boost', 'Dodge Slash', 'Rakunda']
['Absorb Strike', 'Sukukaja', 'Wind Amp', 'Rakunda']
['Diarama', 'Sukukaja', 'Wind Boost', 'Rakunda']
['Primal Force', 'Diarama', 'Dodge Slash', 'Wind Amp']
['Sukukaja', 'Diarama', 'Poison Arrow', 'Dodge Slash']
['Absorb Strike', 'Wind Boost', 'Rakunda', 'Wind Amp']
['Sukukaja', 'Absorb Strike', 'Wind Boost', 'Diarama']
['Rakunda', 'Wind Amp', 'Bash', 'Sukukaja']
['Dodge Slash', 'Diarama', 'Wind Boost', 'Wind Amp']
['Invigorate 3', 'Absorb Strike', 'Rakunda', 'Diarama']
['Bash', 'Dodge Slash', 'Wind Amp', 'Primal Force']
['Rakunda', 'Wind Boost', 'Diarama', 'Sukukaja']
['Wind Boost', 'Invigorate 3', 'Rakunda', 'Bash']
['Sukukaja', 'Bash', 'Invigorate 3', 'Wind Boost']
['Wind Amp', 'Wind Boost', 'Diarama', 'Sukukaja']
['Rakunda', 'Bash', 'Sukukaja', 'Dodge Slash']
['Absorb Strike', 'Wind Amp', 'Rakunda', 'Wind Boost']
['Diarama', 'Bash', 'Rakunda', 'Dodge Slash']
['Invigorate 3', 'Wind Boost', 'Dodge Slash', 'Rakunda']
['Dodge Slash', 'Diarama', 'Bash', 'Rakunda']
['Wind Amp', 'Sukukaja', 'Wind Boost', 'Rakunda']
['Rakunda', 'Wind Boost', 'Bash', 'Invigorate 3']
['Bash', 'Sukukaja', 'Rakunda', 'Invigorate 3']
['Sukukaja', 'Wind Boost', 'Bash', 'Rakunda']
['Sukukaja', 'Wind Amp', 'Absorb Strike', 'Dodge Slash']
['Bash', 'Sukukaja', 'Dodge Slash', 'Wind Boost']
['Absorb Strike', 'Invigorate 3', 'Bash', 'Sukukaja']
['Dodge Slash', 'Wind Boost', 'Wind Amp', 'Bash']
['Dodge Slash', 'Poison Arrow', 'Wind Amp', 'Rakunda']
['Wind Boost', 'Rakunda', 'Wind Amp', 'Sukukaja']
['Rakunda', 'Dodge Slash', 'Wind Boost', 'Wind Amp']
['Dodge Slash', 'Sukukaja', 'Diarama', 'Wind Boost']
['Wind Boost', 'Rakunda', 'Dodge Slash', 'Sukukaja']
['Diarama', 'Bash', 'Invigorate 3', 'Rakunda']
['Sukukaja', 'Dodge Slash', 'Diarama', 'Wind Boost']
['Dodge Slash', 'Diarama', 'Rakunda', 'Sukukaja']
['Wind Boost', 'Poison Arrow', 'Bash', 'Rakunda']
['Rakunda', 'Sukukaja', 'Diarama', 'Wind Boost']
['Dodge Slash', 'Invigorate 3', 'Absorb Strike', 'Rakunda']
['Rakunda', 'Wind Amp', 'Sukukaja', 'Dodge Slash']
['Diarama', 'Dodge Slash', 'Wind Amp', 'Sukukaja']
['Dodge Slash', 'Bash', 'Wind Boost', 'Sukukaja']
['Invigorate 3', 'Rakunda', 'Wind Amp', 'Wind Boost']
['Diarama', 'Sukukaja', 'Dodge Slash', 'Wind Amp']
['Rakunda', 'Absorb Strike', 'Wind Amp', 'Poison Arrow']
['Dodge Slash', 'Wind Boost', 'Rakunda', 'Sukukaja']
['Wind Amp', 'Sukukaja', 'Invigorate 3', 'Rakunda']
['Bash', 'Diarama', 'Sukukaja', 'Rakunda']
['Wind Amp', 'Diarama', 'Wind Boost', 'Sukukaja']
['Diarama', 'Sukukaja', 'Absorb Strike', 'Rakunda']
['Rakunda', 'Wind Amp', 'Wind Boost', 'Dodge Slash']
['Sukukaja', 'Wind Boost', 'Rakunda', 'Wind Amp']
['Bash', 'Sukukaja', 'Rakunda', 'Dodge Slash']
['Sukukaja', 'Bash', 'Dodge Slash', 'Wind Boost']
['Sukukaja', 'Wind Amp', 'Diarama', 'Wind Boost']
['Absorb Strike', 'Myriad Arrows', 'Wind Boost', 'Dodge Slash']
['Sukukaja', 'Rakunda', 'Invigorate 3', 'Wind Boost']
['Sukukaja', 'Rakunda', 'Bash', 'Diarama']
['Sukukaja', 'Rakunda', 'Invigorate 3', 'Bash']
['Wind Boost', 'Diarama', 'Sukukaja', 'Wind Amp']
['Rakunda', 'Sukukaja', 'Absorb Strike', 'Myriad Arrows']
['Rakunda', 'Wind Amp', 'Wind Boost', 'Dodge Slash']
['Bash', 'Absorb Strike', 'Rakunda', 'Wind Boost']
['Sukukaja', 'Poison Arrow', 'Diarama', 'Wind Amp']
['Wind Amp', 'Dodge Slash', 'Wind Boost', 'Diarama']
['Diarama', 'Poison Arrow', 'Wind Boost', 'Rakunda']
['Wind Boost', 'Diarama', 'Rakunda', 'Sukukaja']
['Sukukaja', 'Wind Boost', 'Invigorate 3', 'Wind Amp']
['Sukukaja', 'Wind Boost', 'Absorb Strike', 'Rakunda']
['Wind Boost', 'Sukukaja', 'Invigorate 3', 'Dodge Slash']
['Wind Boost', 'Diarama', 'Wind Amp', 'Dodge Slash']
['Sukukaja', 'Diarama', 'Invigorate 3', 'Rakunda']
['Rakunda', 'Sukukaja', 'Diarama', 'Wind Boost']
['Bash', 'Rakunda', 'Wind Boost', 'Dodge Slash']
['Diarama', 'Wind Amp', 'Bash', 'Dodge Slash']
['Rakunda', 'Sukukaja', 'Invigorate 3', 'Diarama']
['Wind Amp', 'Rakunda', 'Dodge Slash', 'Sukukaja']
['Rakunda', 'Bash', 'Sukukaja', 'Wind Boost']
['Rakunda', 'Diarama', 'Sukukaja', 'Wind Boost']
['Sukukaja', 'Bash', 'Dodge Slash', 'Diarama']
['Invigorate 3', 'Rakunda', 'Sukukaja', 'Wind Boost']
['Wind Boost', 'Diarama', 'Sukukaja', 'Bash']
['Rakunda', 'Sukukaja', 'Wind Boost', 'Absorb Strike']
['Bash', 'Sukukaja', 'Dodge Slash', 'Diarama']
['Wind Amp', 'Rakunda', 'Invigorate 3', 'Sukukaja']
['Invigorate 3', 'Myriad Arrows', 'Wind Boost', 'Rakunda']
['Dodge Slash', 'Bash', 'Wind Boost', 'Invigorate 3']
['Wind Amp', 'Wind Boost', 'Diarama', 'Sukukaja']
['Sukukaja', 'Wind Boost', 'Dodge Slash', 'Invigorate 3']
['Invigorate 3', 'Dodge Slash', 'Myriad Arrows', 'Wind Boost']
['Sukukaja', 'Diarama', 'Invigorate 3', 'Wind Amp']
['Bash', 'Rakunda', 'Diarama', 'Dodge Slash']
['Bash', 'Rakunda', 'Sukukaja', 'Invigorate 3']
['Sukukaja', 'Dodge Slash', 'Rakunda', 'Bash']
['Sukukaja', 'Diarama', 'Rakunda', 'Wind Boost']
['Diarama', 'Dodge Slash', 'Rakunda', 'Invigorate 3']
['Wind Boost', 'Diarama', 'Wind Amp', 'Sukukaja']
['Dodge Slash', 'Wind Boost', 'Myriad Arrows', 'Bash']
['Rakunda', 'Wind Boost', 'Bash', 'Invigorate 3']
['Sukukaja', 'Wind Boost', 'Bash', 'Wind Amp']
['Wind Amp', 'Dodge Slash', 'Myriad Arrows', 'Sukukaja']
['Bash', 'Diarama', 'Wind Boost', 'Myriad Arrows']
['Rakunda', 'Wind Boost', 'Bash', 'Invigorate 3']
['Invigorate 3', 'Sukukaja', 'Wind Amp', 'Rakunda']
['Dodge Slash', 'Diarama', 'Sukukaja', 'Rakunda']
['Bash', 'Wind Amp', 'Diarama', 'Invigorate 3']
['Absorb Strike', 'Dodge Slash', 'Invigorate 3', 'Bash']
['Diarama', 'Sukukaja', 'Wind Boost', 'Wind Amp']
['Sukukaja', 'Wind Amp', 'Wind Boost', 'Rakunda']
['Wind Amp', 'Sukukaja', 'Wind Boost', 'Absorb Strike']
['Invigorate 3', 'Wind Boost', 'Sukukaja', 'Diarama']
['Wind Boost', 'Absorb Strike', 'Wind Amp', 'Diarama']
['Dodge Slash', 'Bash', 'Rakunda', 'Invigorate 3']
['Wind Boost', 'Rakunda', 'Wind Amp', 'Sukukaja']
['Wind Amp', 'Sukukaja', 'Diarama', 'Wind Boost']
['Sukukaja', 'Rakunda', 'Wind Boost', 'Invigorate 3']
['Rakunda', 'Bash', 'Dodge Slash', 'Sukukaja']
['Absorb Strike', 'Wind Boost', 'Diarama', 'Sukukaja']
['Wind Boost', 'Rakunda', 'Sukukaja', 'Wind Amp']
['Rakunda', 'Sukukaja', 'Absorb Strike', 'Wind Boost']
['Wind Boost', 'Bash', 'Dodge Slash', 'Wind Amp']
['Wind Boost', 'Invigorate 3', 'Dodge Slash', 'Diarama']
['Rakunda', 'Sukukaja', 'Dodge Slash', 'Wind Boost']
['Wind Boost', 'Poison Arrow', 'Dodge Slash', 'Diarama']
['Sukukaja', 'Wind Amp', 'Absorb Strike', 'Diarama']
['Diarama', 'Bash', 'Invigorate 3', 'Absorb Strike']
['Poison Arrow', 'Wind Boost', 'Wind Amp', 'Invigorate 3']
['Diarama', 'Rakunda', 'Wind Boost', 'Dodge Slash']
['Dodge Slash', 'Wind Boost', 'Sukukaja', 'Wind Amp']
['Dodge Slash', 'Sukukaja', 'Wind Boost', 'Bash']
['Rakunda', 'Sukukaja', 'Wind Amp', 'Bash']
['Wind Boost', 'Rakunda', 'Wind Amp', 'Sukukaja']
['Wind Boost', 'Rakunda', 'Diarama', 'Invigorate 3']
['Diarama', 'Rakunda', 'Invigorate 3', 'Sukukaja']
['Rakunda', 'Diarama', 'Wind Amp', 'Bash']
['Diarama', 'Sukukaja', 'Wind Boost', 'Wind Amp']
['Dodge Slash', 'Rakunda', 'Poison Arrow', 'Sukukaja']
['Wind Boost', 'Wind Amp', 'Absorb Strike', 'Rakunda']
['Sukukaja', 'Diarama', 'Dodge Slash', 'Wind Boost']
['Invigorate 3', 'Diarama', 'Dodge Slash', 'Primal Force']
['Wind Boost', 'Poison Arrow', 'Wind Amp', 'Dodge Slash']
['Wind Boost', 'Dodge Slash', 'Rakunda', 'Primal Force']
['Wind Amp', 'Dodge Slash', 'Rakunda', 'Absorb Strike']
['Rakunda', 'Wind Amp', 'Sukukaja', 'Diarama']
['Dodge Slash', 'Rakunda', 'Wind Amp', 'Diarama']
['Sukukaja', 'Dodge Slash', 'Bash', 'Wind Boost']
['Diarama', 'Absorb Strike', 'Dodge Slash', 'Sukukaja']
['Wind Amp', 'Rakunda', 'Invigorate 3', 'Sukukaja']
['Dodge Slash', 'Rakunda', 'Invigorate 3', 'Wind Boost']
['Sukukaja', 'Diarama', 'Absorb Strike', 'Dodge Slash']
['Absorb Strike', 'Dodge Slash', 'Sukukaja', 'Wind Amp']
['Dodge Slash', 'Sukukaja', 'Diarama', 'Invigorate 3']
['Diarama', 'Wind Amp', 'Rakunda', 'Dodge Slash']
['Wind Boost', 'Sukukaja', 'Bash', 'Dodge Slash']
['Wind Boost', 'Rakunda', 'Invigorate 3', 'Absorb Strike']
['Diarama', 'Rakunda', 'Wind Boost', 'Bash']
['Rakunda', 'Poison Arrow', 'Dodge Slash', 'Diarama']
['Bash', 'Absorb Strike', 'Rakunda', 'Sukukaja']
['Rakunda', 'Absorb Strike', 'Wind Boost', 'Diarama']
['Diarama', 'Invigorate 3', 'Dodge Slash', 'Wind Boost']
['Sukukaja', 'Dodge Slash', 'Rakunda', 'Wind Boost']
['Wind Boost', 'Diarama', 'Sukukaja', 'Bash']
['Wind Boost', 'Invigorate 3', 'Dodge Slash', 'Wind Amp']
['Wind Boost', 'Rakunda', 'Wind Amp', 'Sukukaja']
['Wind Amp', 'Sukukaja', 'Invigorate 3', 'Rakunda']
['Diarama', 'Sukukaja', 'Invigorate 3', 'Absorb Strike']
['Sukukaja', 'Absorb Strike', 'Diarama', 'Rakunda']
['Poison Arrow', 'Diarama', 'Wind Boost', 'Sukukaja']
['Rakunda', 'Myriad Arrows', 'Wind Boost', 'Dodge Slash']
['Bash', 'Absorb Strike', 'Wind Boost', 'Sukukaja']
['Rakunda', 'Bash', 'Wind Boost', 'Diarama']
['Sukukaja', 'Myriad Arrows', 'Wind Amp', 'Rakunda']
['Bash', 'Wind Amp', 'Sukukaja', 'Rakunda']
['Wind Boost', 'Rakunda', 'Diarama', 'Bash']
['Wind Amp', 'Wind Boost', 'Rakunda', 'Sukukaja']
['Diarama', 'Absorb Strike', 'Wind Boost', 'Wind Amp']
['Invigorate 3', 'Wind Boost', 'Rakunda', 'Diarama']
['Wind Boost', 'Invigorate 3', 'Rakunda', 'Absorb Strike']
['Rakunda', 'Primal Force', 'Dodge Slash', 'Invigorate 3']
['Diarama', 'Dodge Slash', 'Wind Amp', 'Invigorate 3']
['Sukukaja', 'Dodge Slash', 'Invigorate 3', 'Bash']
['Wind Amp', 'Dodge Slash', 'Diarama', 'Rakunda']
['Sukukaja', 'Wind Boost', 'Dodge Slash', 'Bash']
['Sukukaja', 'Wind Boost', 'Rakunda', 'Absorb Strike']
['Dodge Slash', 'Wind Boost', 'Diarama', 'Sukukaja']
['Primal Force', 'Wind Boost', 'Invigorate 3', 'Rakunda']
['Dodge Slash', 'Sukukaja', 'Wind Boost', 'Rakunda']
['Rakunda', 'Bash', 'Diarama', 'Wind Boost']
['Invigorate 3', 'Rakunda', 'Wind Boost', 'Diarama']
['Bash', 'Wind Boost', 'Diarama', 'Dodge Slash']
['Diarama', 'Wind Boost', 'Dodge Slash', 'Wind Amp']
['Wind Boost', 'Dodge Slash', 'Wind Amp', 'Sukukaja']
['Absorb Strike', 'Rakunda', 'Bash', 'Wind Boost']
['Sukukaja', 'Absorb Strike', 'Wind Boost', 'Dodge Slash']
['Sukukaja', 'Dodge Slash', 'Invigorate 3', 'Bash']
['Wind Boost', 'Wind Amp', 'Sukukaja', 'Invigorate 3']
['Wind Amp', 'Sukukaja', 'Wind Boost', 'Poison Arrow']
['Wind Amp', 'Diarama', 'Wind Boost', 'Rakunda']
['Rakunda', 'Diarama', 'Sukukaja', 'Bash']
['Dodge Slash', 'Sukukaja', 'Wind Amp', 'Rakunda']
['Sukukaja', 'Bash', 'Wind Boost', 'Rakunda']
['Dodge Slash', 'Wind Amp', 'Rakunda', 'Sukukaja']
['Rakunda', 'Wind Boost', 'Absorb Strike', 'Bash']
['Wind Boost', 'Invigorate 3', 'Rakunda', 'Wind Amp']
['Poison Arrow', 'Wind Amp', 'Wind Boost', 'Rakunda']
['Wind Boost', 'Absorb Strike', 'Rakunda', 'Dodge Slash']
['Poison Arrow', 'Absorb Strike', 'Diarama', 'Dodge Slash']
['Myriad Arrows', 'Sukukaja', 'Wind Boost', 'Rakunda']
['Sukukaja', 'Rakunda', 'Invigorate 3', 'Wind Amp']
['Myriad Arrows', 'Sukukaja', 'Absorb Strike', 'Dodge Slash']
['Rakunda', 'Sukukaja', 'Wind Amp', 'Absorb Strike']
['Sukukaja', 'Diarama', 'Wind Amp', 'Wind Boost']
['Rakunda', 'Wind Boost', 'Invigorate 3', 'Wind Amp']
['Dodge Slash', 'Diarama', 'Wind Boost', 'Sukukaja']
['Bash', 'Rakunda', 'Wind Boost', 'Diarama']
['Bash', 'Wind Boost', 'Rakunda', 'Sukukaja']
['Sukukaja', 'Wind Boost', 'Wind Amp', 'Rakunda']
['Wind Boost', 'Wind Amp', 'Sukukaja', 'Absorb Strike']
['Dodge Slash', 'Diarama', 'Sukukaja', 'Absorb Strike']
['Absorb Strike', 'Rakunda', 'Diarama', 'Wind Boost']
['Wind Boost', 'Dodge Slash', 'Wind Amp', 'Rakunda']
['Sukukaja', 'Diarama', 'Rakunda', 'Bash']
['Dodge Slash', 'Wind Boost', 'Sukukaja', 'Rakunda']
['Invigorate 3', 'Wind Amp', 'Bash', 'Sukukaja']
['Diarama', 'Poison Arrow', 'Wind Boost', 'Rakunda']
['Wind Boost', 'Sukukaja', 'Wind Amp', 'Rakunda']
['Wind Boost', 'Dodge Slash', 'Diarama', 'Rakunda']
['Dodge Slash', 'Wind Boost', 'Diarama', 'Sukukaja']
['Wind Amp', 'Absorb Strike', 'Sukukaja', 'Rakunda']
['Diarama', 'Dodge Slash', 'Invigorate 3', 'Sukukaja']
['Poison Arrow', 'Wind Boost', 'Sukukaja', 'Primal Force']
['Dodge Slash', 'Invigorate 3', 'Rakunda', 'Wind Boost']
['Rakunda', 'Sukukaja', 'Wind Amp', 'Wind Boost']
['Dodge Slash', 'Sukukaja', 'Wind Boost', 'Rakunda']
['Rakunda', 'Myriad Arrows', 'Wind Boost', 'Dodge Slash']
['Rakunda', 'Wind Amp', 'Bash', 'Invigorate 3']
['Sukukaja', 'Rakunda', 'Diarama', 'Bash']
['Absorb Strike', 'Wind Boost', 'Sukukaja', 'Dodge Slash']
['Rakunda', 'Wind Boost', 'Dodge Slash', 'Sukukaja']
['Wind Boost', 'Wind Amp', 'Rakunda', 'Dodge Slash']
['Dodge Slash', 'Wind Amp', 'Sukukaja', 'Rakunda']
['Rakunda', 'Sukukaja', 'Wind Boost', 'Diarama']
['Sukukaja', 'Absorb Strike', 'Rakunda', 'Invigorate 3']
['Diarama', 'Wind Boost', 'Rakunda', 'Wind Amp']
['Rakunda', 'Wind Amp', 'Dodge Slash', 'Diarama']
['Wind Amp', 'Rakunda', 'Diarama', 'Absorb Strike']
['Wind Boost', 'Sukukaja', 'Wind Amp', 'Myriad Arrows']
['Primal Force', 'Invigorate 3', 'Sukukaja', 'Absorb Strike']
['Sukukaja', 'Dodge Slash', 'Rakunda', 'Diarama']
['Dodge Slash', 'Wind Amp', 'Wind Boost', 'Bash']
['Diarama', 'Bash', 'Wind Amp', 'Rakunda']
['Sukukaja', 'Dodge Slash', 'Invigorate 3', 'Wind Boost']
['Wind Boost', 'Bash', 'Dodge Slash', 'Diarama']
['Wind Boost', 'Rakunda', 'Poison Arrow', 'Sukukaja']
['Rakunda', 'Sukukaja', 'Diarama', 'Absorb Strike']
['Sukukaja', 'Invigorate 3', 'Rakunda', 'Wind Amp']
['Absorb Strike', 'Wind Amp', 'Wind Boost', 'Dodge Slash']
['Dodge Slash', 'Myriad Arrows', 'Wind Amp', 'Bash']
['Invigorate 3', 'Diarama', 'Rakunda', 'Wind Amp']
['Wind Amp', 'Sukukaja', 'Absorb Strike', 'Bash']
['Rakunda', 'Bash', 'Wind Amp', 'Poison Arrow']
['Wind Boost', 'Diarama', 'Wind Amp', 'Sukukaja']
['Sukukaja', 'Dodge Slash', 'Wind Boost', 'Diarama']
['Bash', 'Invigorate 3', 'Absorb Strike', 'Wind Boost']
['Diarama', 'Dodge Slash', 'Rakunda', 'Sukukaja']
['Wind Amp', 'Rakunda', 'Dodge Slash', 'Wind Boost']
['Wind Boost', 'Diarama', 'Dodge Slash', 'Rakunda']
['Rakunda', 'Invigorate 3', 'Wind Boost', 'Wind Amp']
['Wind Amp', 'Sukukaja', 'Absorb Strike', 'Wind Boost']
['Diarama', 'Sukukaja', 'Wind Boost', 'Bash']
['Wind Boost', 'Rakunda', 'Dodge Slash', 'Diarama']
['Sukukaja', 'Absorb Strike', 'Wind Boost', 'Primal Force']
['Absorb Strike', 'Myriad Arrows', 'Dodge Slash', 'Sukukaja']
['Dodge Slash', 'Wind Boost', 'Diarama', 'Wind Amp']
['Wind Boost', 'Diarama', 'Sukukaja', 'Dodge Slash']
['Diarama', 'Rakunda', 'Wind Amp', 'Sukukaja']
['Wind Boost', 'Sukukaja', 'Primal Force', 'Bash']
['Sukukaja', 'Wind Boost', 'Rakunda', 'Diarama']
['Wind Amp', 'Sukukaja', 'Wind Boost', 'Diarama']
['Absorb Strike', 'Sukukaja', 'Rakunda', 'Diarama']
['Wind Amp', 'Dodge Slash', 'Diarama', 'Sukukaja']
['Wind Amp', 'Rakunda', 'Wind Boost', 'Diarama']
['Dodge Slash', 'Rakunda', 'Primal Force', 'Sukukaja']
['Rakunda', 'Dodge Slash', 'Wind Boost', 'Diarama']
['Dodge Slash', 'Diarama', 'Absorb Strike', 'Sukukaja']
['Dodge Slash', 'Rakunda', 'Sukukaja', 'Diarama']
['Wind Amp', 'Rakunda', 'Wind Boost', 'Invigorate 3']
['Wind Amp', 'Wind Boost', 'Absorb Strike', 'Sukukaja']
['Wind Boost', 'Rakunda', 'Dodge Slash', 'Myriad Arrows']
['Sukukaja', 'Absorb Strike', 'Diarama', 'Rakunda']
['Sukukaja', 'Wind Boost', 'Dodge Slash', 'Wind Amp']
['Poison Arrow', 'Dodge Slash', 'Wind Amp', 'Myriad Arrows']
['Invigorate 3', 'Diarama', 'Sukukaja', 'Wind Boost']
['Invigorate 3', 'Wind Boost', 'Rakunda', 'Absorb Strike']
['Dodge Slash', 'Rakunda', 'Sukukaja', 'Wind Boost']
['Rakunda', 'Bash', 'Wind Amp', 'Dodge Slash']
['Rakunda', 'Bash', 'Sukukaja', 'Poison Arrow']
['Diarama', 'Rakunda', 'Sukukaja', 'Wind Boost']
['Absorb Strike', 'Dodge Slash', 'Sukukaja', 'Diarama']
['Rakunda', 'Invigorate 3', 'Diarama', 'Absorb Strike']
['Rakunda', 'Sukukaja', 'Absorb Strike', 'Wind Amp']
['Sukukaja', 'Rakunda', 'Wind Amp', 'Diarama']
['Wind Boost', 'Wind Amp', 'Dodge Slash', 'Invigorate 3']
['Wind Boost', 'Wind Amp', 'Sukukaja', 'Rakunda']
['Wind Amp', 'Diarama', 'Sukukaja', 'Wind Boost']
['Diarama', 'Wind Boost', 'Rakunda', 'Bash']
['Dodge Slash', 'Rakunda', 'Sukukaja', 'Bash']
['Wind Boost', 'Bash', 'Diarama', 'Wind Amp']
['Diarama', 'Invigorate 3', 'Wind Boost', 'Sukukaja']
['Diarama', 'Wind Amp', 'Dodge Slash', 'Wind Boost']
['Diarama', 'Dodge Slash', 'Bash', 'Wind Amp']
['Diarama', 'Wind Amp', 'Wind Boost', 'Rakunda']
['Wind Amp', 'Invigorate 3', 'Diarama', 'Sukukaja']
['Wind Amp', 'Wind Boost', 'Diarama', 'Sukukaja']
['Dodge Slash', 'Sukukaja', 'Diarama', 'Wind Boost']
['Absorb Strike', 'Diarama', 'Bash', 'Wind Amp']
['Absorb Strike', 'Wind Amp', 'Dodge Slash', 'Rakunda']
['Diarama', 'Sukukaja', 'Wind Boost', 'Poison Arrow']
['Dodge Slash', 'Wind Boost', 'Rakunda', 'Poison Arrow']
['Wind Boost', 'Sukukaja', 'Wind Amp', 'Dodge Slash']
['Dodge Slash', 'Diarama', 'Sukukaja', 'Wind Boost']
['Rakunda', 'Sukukaja', 'Poison Arrow', 'Dodge Slash']
['Diarama', 'Sukukaja', 'Dodge Slash', 'Bash']
['Dodge Slash', 'Sukukaja', 'Diarama', 'Bash']
['Bash', 'Rakunda', 'Wind Amp', 'Sukukaja']
['Sukukaja', 'Absorb Strike', 'Dodge Slash', 'Rakunda']
['Invigorate 3', 'Sukukaja', 'Bash', 'Wind Boost']
['Sukukaja', 'Diarama', 'Rakunda', 'Wind Boost']
['Wind Boost', 'Sukukaja', 'Invigorate 3', 'Rakunda']
['Rakunda', 'Wind Amp', 'Bash', 'Dodge Slash']
['Diarama', 'Sukukaja', 'Poison Arrow', 'Wind Boost']
['Dodge Slash', 'Diarama', 'Rakunda', 'Invigorate 3']
['Sukukaja', 'Rakunda', 'Wind Boost', 'Bash']
['Sukukaja', 'Bash', 'Wind Boost', 'Absorb Strike']
['Diarama', 'Wind Boost', 'Sukukaja', 'Invigorate 3']
['Sukukaja', 'Dodge Slash', 'Absorb Strike', 'Wind Boost']
['Primal Force', 'Rakunda', 'Wind Boost', 'Sukukaja']
['Sukukaja', 'Diarama', 'Wind Boost', 'Poison Arrow']
['Wind Boost', 'Bash', 'Sukukaja', 'Rakunda']
['Dodge Slash', 'Wind Boost', 'Diarama', 'Wind Amp']
['Rakunda', 'Sukukaja', 'Wind Boost', 'Wind Amp']
['Dodge Slash', 'Invigorate 3', 'Absorb Strike', 'Diarama']
['Rakunda', 'Myriad Arrows', 'Wind Boost', 'Absorb Strike']
['Wind Boost', 'Rakunda', 'Wind Amp', 'Dodge Slash']
['Sukukaja', 'Bash', 'Rakunda', 'Wind Amp']
['Rakunda', 'Dodge Slash', 'Sukukaja', 'Wind Amp']
['Wind Boost', 'Invigorate 3', 'Bash', 'Dodge Slash']
['Wind Amp', 'Wind Boost', 'Rakunda', 'Sukukaja']
['Wind Amp', 'Bash', 'Diarama', 'Sukukaja']
['Dodge Slash', 'Invigorate 3', 'Absorb Strike', 'Wind Amp']
['Sukukaja', 'Invigorate 3', 'Primal Force', 'Myriad Arrows']
['Invigorate 3', 'Wind Boost', 'Absorb Strike', 'Diarama']
['Rakunda', 'Wind Boost', 'Diarama', 'Invigorate 3']
['Dodge Slash', 'Sukukaja', 'Wind Boost', 'Rakunda']
['Bash', 'Rakunda', 'Wind Boost', 'Dodge Slash']
['Wind Boost', 'Dodge Slash', 'Diarama', 'Rakunda']
['Dodge Slash', 'Sukukaja', 'Invigorate 3', 'Poison Arrow']
['Dodge Slash', 'Absorb Strike', 'Invigorate 3', 'Wind Boost']
['Bash', 'Wind Amp', 'Wind Boost', 'Sukukaja']
['Sukukaja', 'Dodge Slash', 'Wind Boost', 'Bash']
['Rakunda', 'Sukukaja', 'Dodge Slash', 'Myriad Arrows']
['Wind Boost', 'Rakunda', 'Dodge Slash', 'Bash']
['Sukukaja', 'Dodge Slash', 'Wind Boost', 'Diarama']
['Wind Boost', 'Absorb Strike', 'Diarama', 'Invigorate 3']
['Rakunda', 'Diarama', 'Dodge Slash', 'Wind Amp']
['Dodge Slash', 'Diarama', 'Poison Arrow', 'Rakunda']
['Invigorate 3', 'Sukukaja', 'Wind Boost', 'Diarama']
['Wind Boost', 'Sukukaja', 'Rakunda', 'Dodge Slash']
['Rakunda', 'Wind Boost', 'Dodge Slash', 'Diarama']
['Sukukaja', 'Rakunda', 'Dodge Slash', 'Wind Boost']
['Bash', 'Wind Amp', 'Rakunda', 'Dodge Slash']
['Sukukaja', 'Wind Boost', 'Primal Force', 'Bash']
['Diarama', 'Wind Boost', 'Absorb Strike', 'Wind Amp']
['Wind Amp', 'Dodge Slash', 'Rakunda', 'Wind Boost']
['Invigorate 3', 'Wind Boost', 'Bash', 'Wind Amp']
['Diarama', 'Bash', 'Absorb Strike', 'Invigorate 3']
['Absorb Strike', 'Rakunda', 'Wind Boost', 'Sukukaja']
['Wind Boost', 'Poison Arrow', 'Dodge Slash', 'Wind Amp']
['Wind Boost', 'Dodge Slash', 'Sukukaja', 'Rakunda']
['Sukukaja', 'Bash', 'Wind Boost', 'Wind Amp']
['Sukukaja', 'Diarama', 'Dodge Slash', 'Wind Amp']
['Bash', 'Rakunda', 'Sukukaja', 'Wind Boost']
['Wind Amp', 'Wind Boost', 'Sukukaja', 'Absorb Strike']
['Dodge Slash', 'Rakunda', 'Wind Amp', 'Diarama']
['Wind Amp', 'Rakunda', 'Invigorate 3', 'Dodge Slash']
['Bash', 'Sukukaja', 'Wind Amp', 'Wind Boost']
['Diarama', 'Rakunda', 'Sukukaja', 'Myriad Arrows']
['Wind Boost', 'Rakunda', 'Diarama', 'Absorb Strike']
['Myriad Arrows', 'Rakunda', 'Bash', 'Absorb Strike']
['Dodge Slash', 'Wind Boost', 'Absorb Strike', 'Invigorate 3']
['Rakunda', 'Wind Amp', 'Bash', 'Invigorate 3']
['Bash', 'Sukukaja', 'Invigorate 3', 'Dodge Slash']
['Sukukaja', 'Diarama', 'Myriad Arrows', 'Rakunda']
['Invigorate 3', 'Wind Boost', 'Dodge Slash', 'Rakunda']
['Sukukaja', 'Invigorate 3', 'Wind Boost', 'Wind Amp']
['Poison Arrow', 'Wind Amp', 'Wind Boost', 'Primal Force']
['Invigorate 3', 'Wind Boost', 'Sukukaja', 'Rakunda']
['Rakunda', 'Wind Amp', 'Diarama', 'Sukukaja']
['Wind Boost', 'Bash', 'Invigorate 3', 'Sukukaja']
['Rakunda', 'Wind Boost', 'Sukukaja', 'Diarama']
['Rakunda', 'Bash', 'Absorb Strike', 'Wind Boost']
['Wind Boost', 'Bash', 'Absorb Strike', 'Sukukaja']
['Sukukaja', 'Absorb Strike', 'Wind Boost', 'Rakunda']
['Wind Boost', 'Rakunda', 'Sukukaja', 'Diarama']
['Sukukaja', 'Bash', 'Rakunda', 'Dodge Slash']
['Dodge Slash', 'Invigorate 3', 'Absorb Strike', 'Bash']
['Sukukaja', 'Absorb Strike', 'Wind Boost', 'Dodge Slash']
['Sukukaja', 'Invigorate 3', 'Wind Amp', 'Wind Boost']
['Dodge Slash', 'Sukukaja', 'Wind Amp', 'Invigorate 3']
['Dodge Slash', 'Sukukaja', 'Diarama', 'Wind Boost']
['Wind Amp', 'Rakunda', 'Bash', 'Myriad Arrows']
['Rakunda', 'Wind Amp', 'Absorb Strike', 'Dodge Slash']
['Wind Boost', 'Dodge Slash', 'Absorb Strike', 'Rakunda']
['Diarama', 'Bash', 'Sukukaja', 'Absorb Strike']
['Rakunda', 'Wind Amp', 'Wind Boost', 'Sukukaja']
['Diarama', 'Rakunda', 'Wind Amp', 'Sukukaja']
['Diarama', 'Wind Amp', 'Rakunda', 'Sukukaja']
['Rakunda', 'Invigorate 3', 'Diarama', 'Dodge Slash']
['Sukukaja', 'Bash', 'Dodge Slash', 'Wind Amp']
['Sukukaja', 'Rakunda', 'Diarama', 'Dodge Slash']
['Dodge Slash', 'Rakunda', 'Sukukaja', 'Diarama']
['Sukukaja', 'Diarama', 'Wind Amp', 'Dodge Slash']
['Sukukaja', 'Wind Boost', 'Rakunda', 'Wind Amp']
['Rakunda', 'Sukukaja', 'Wind Amp', 'Diarama']
['Wind Boost', 'Poison Arrow', 'Rakunda', 'Invigorate 3']
['Rakunda', 'Wind Amp', 'Myriad Arrows', 'Diarama']
['Rakunda', 'Diarama', 'Sukukaja', 'Wind Amp']
['Dodge Slash', 'Wind Boost', 'Sukukaja', 'Bash']
['Wind Amp', 'Sukukaja', 'Dodge Slash', 'Invigorate 3']
['Dodge Slash', 'Rakunda', 'Sukukaja', 'Wind Amp']
['Sukukaja', 'Diarama', 'Wind Boost', 'Bash']
['Wind Boost', 'Wind Amp', 'Dodge Slash', 'Rakunda']
['Sukukaja', 'Primal Force', 'Invigorate 3', 'Wind Amp']
['Dodge Slash', 'Sukukaja', 'Wind Boost', 'Bash']
['Bash', 'Rakunda', 'Sukukaja', 'Invigorate 3']
['Diarama', 'Wind Amp', 'Invigorate 3', 'Sukukaja']
['Absorb Strike', 'Bash', 'Dodge Slash', 'Wind Boost']
['Invigorate 3', 'Wind Amp', 'Wind Boost', 'Sukukaja']
['Wind Boost', 'Absorb Strike', 'Diarama', 'Sukukaja']
['Sukukaja', 'Diarama', 'Bash', 'Rakunda']
['Wind Amp', 'Dodge Slash', 'Rakunda', 'Wind Boost']
['Sukukaja', 'Wind Boost', 'Wind Amp', 'Diarama']
['Sukukaja', 'Diarama', 'Dodge Slash', 'Wind Boost']
['Invigorate 3', 'Bash', 'Absorb Strike', 'Diarama']
['Wind Boost', 'Sukukaja', 'Diarama', 'Absorb Strike']
['Wind Boost', 'Rakunda', 'Absorb Strike', 'Bash']
['Dodge Slash', 'Diarama', 'Wind Boost', 'Wind Amp']
['Rakunda', 'Absorb Strike', 'Wind Amp', 'Wind Boost']
['Diarama', 'Wind Boost', 'Sukukaja', 'Bash']
['Diarama', 'Sukukaja', 'Wind Boost', 'Dodge Slash']
['Dodge Slash', 'Rakunda', 'Wind Boost', 'Sukukaja']
['Sukukaja', 'Rakunda', 'Wind Boost', 'Wind Amp']
['Invigorate 3', 'Diarama', 'Sukukaja', 'Dodge Slash']
['Rakunda', 'Sukukaja', 'Wind Boost', 'Dodge Slash']
['Rakunda', 'Diarama', 'Bash', 'Primal Force']
['Wind Amp', 'Wind Boost', 'Bash', 'Absorb Strike']
['Rakunda', 'Wind Boost', 'Sukukaja', 'Poison Arrow']
['Dodge Slash', 'Rakunda', 'Wind Boost', 'Bash']
['Absorb Strike', 'Rakunda', 'Bash', 'Sukukaja']
['Primal Force', 'Diarama', 'Rakunda', 'Bash']
['Absorb Strike', 'Bash', 'Rakunda', 'Dodge Slash']
['Rakunda', 'Sukukaja', 'Diarama', 'Wind Boost']
['Wind Amp', 'Sukukaja', 'Bash', 'Rakunda']
['Diarama', 'Rakunda', 'Wind Boost', 'Poison Arrow']
['Sukukaja', 'Rakunda', 'Bash', 'Wind Boost']
['Poison Arrow', 'Sukukaja', 'Rakunda', 'Diarama']
['Invigorate 3', 'Wind Boost', 'Rakunda', 'Sukukaja']
['Rakunda', 'Dodge Slash', 'Sukukaja', 'Diarama']
['Rakunda', 'Poison Arrow', 'Diarama', 'Wind Boost']
['Wind Boost', 'Dodge Slash', 'Sukukaja', 'Wind Amp']
['Dodge Slash', 'Diarama', 'Wind Amp', 'Rakunda']
['Bash', 'Invigorate 3', 'Dodge Slash', 'Rakunda']
['Invigorate 3', 'Rakunda', 'Dodge Slash', 'Diarama']
['Wind Boost', 'Diarama', 'Dodge Slash', 'Sukukaja']
['Diarama', 'Sukukaja', 'Dodge Slash', 'Rakunda']
['Invigorate 3', 'Rakunda', 'Diarama', 'Dodge Slash']
['Sukukaja', 'Wind Boost', 'Poison Arrow', 'Rakunda']
['Sukukaja', 'Myriad Arrows', 'Dodge Slash', 'Wind Boost']
['Sukukaja', 'Rakunda', 'Dodge Slash', 'Diarama']
['Diarama', 'Wind Boost', 'Rakunda', 'Invigorate 3']
['Rakunda', 'Sukukaja', 'Wind Boost', 'Dodge Slash']
['Rakunda', 'Wind Boost', 'Poison Arrow', 'Dodge Slash']
['Diarama', 'Rakunda', 'Dodge Slash', 'Wind Boost']
['Bash', 'Wind Boost', 'Rakunda', 'Diarama']
['Wind Amp', 'Wind Boost', 'Rakunda', 'Diarama']
['Invigorate 3', 'Diarama', 'Absorb Strike', 'Myriad Arrows']
['Bash', 'Rakunda', 'Absorb Strike', 'Wind Amp']
['Dodge Slash', 'Wind Boost', 'Primal Force', 'Sukukaja']
['Sukukaja', 'Rakunda', 'Wind Boost', 'Wind Amp']
['Sukukaja', 'Absorb Strike', 'Rakunda', 'Wind Boost']
['Rakunda', 'Wind Amp', 'Sukukaja', 'Wind Boost']
['Wind Amp', 'Rakunda', 'Invigorate 3', 'Sukukaja']
['Sukukaja', 'Rakunda', 'Wind Boost', 'Wind Amp']
['Wind Boost', 'Sukukaja', 'Rakunda', 'Wind Amp']
['Invigorate 3', 'Diarama', 'Sukukaja', 'Rakunda']
['Poison Arrow', 'Dodge Slash', 'Rakunda', 'Wind Boost']
['Diarama', 'Bash', 'Wind Boost', 'Dodge Slash']
['Rakunda', 'Sukukaja', 'Diarama', 'Wind Boost']
['Rakunda', 'Diarama', 'Sukukaja', 'Wind Boost']
['Wind Boost', 'Rakunda', 'Absorb Strike', 'Dodge Slash']
['Wind Boost', 'Absorb Strike', 'Rakunda', 'Diarama']
['Diarama', 'Dodge Slash', 'Rakunda', 'Myriad Arrows']
['Diarama', 'Wind Boost', 'Invigorate 3', 'Bash']
['Diarama', 'Invigorate 3', 'Poison Arrow', 'Sukukaja']
['Sukukaja', 'Diarama', 'Wind Boost', 'Rakunda']
['Sukukaja', 'Wind Boost', 'Wind Amp', 'Absorb Strike']
['Diarama', 'Dodge Slash', 'Rakunda', 'Wind Boost']
['Bash', 'Dodge Slash', 'Wind Boost', 'Sukukaja']
['Dodge Slash', 'Wind Boost', 'Wind Amp', 'Rakunda']
['Rakunda', 'Bash', 'Wind Amp', 'Diarama']
['Diarama', 'Sukukaja', 'Wind Amp', 'Bash']
['Bash', 'Sukukaja', 'Rakunda', 'Wind Amp']
['Diarama', 'Absorb Strike', 'Wind Amp', 'Dodge Slash']
['Diarama', 'Wind Amp', 'Rakunda', 'Invigorate 3']
['Sukukaja', 'Dodge Slash', 'Absorb Strike', 'Rakunda']
['Absorb Strike', 'Wind Boost', 'Rakunda', 'Sukukaja']
['Dodge Slash', 'Rakunda', 'Absorb Strike', 'Sukukaja']
['Wind Boost', 'Wind Amp', 'Diarama', 'Sukukaja']
['Poison Arrow', 'Rakunda', 'Diarama', 'Sukukaja']
['Bash', 'Wind Amp', 'Wind Boost', 'Sukukaja']
['Rakunda', 'Poison Arrow', 'Dodge Slash', 'Wind Boost']
['Bash', 'Diarama', 'Invigorate 3', 'Absorb Strike']
['Wind Boost', 'Sukukaja', 'Diarama', 'Dodge Slash']
['Bash', 'Diarama', 'Wind Boost', 'Rakunda']
['Sukukaja', 'Wind Boost', 'Rakunda', 'Diarama']
['Dodge Slash', 'Absorb Strike', 'Sukukaja', 'Wind Boost']
['Rakunda', 'Wind Boost', 'Sukukaja', 'Absorb Strike']
['Sukukaja', 'Diarama', 'Rakunda', 'Wind Amp']
['Sukukaja', 'Diarama', 'Wind Boost', 'Rakunda']
['Dodge Slash', 'Wind Boost', 'Diarama', 'Rakunda']
['Diarama', 'Sukukaja', 'Wind Boost', 'Rakunda']
['Wind Boost', 'Rakunda', 'Sukukaja', 'Myriad Arrows']
['Sukukaja', 'Rakunda', 'Wind Amp', 'Diarama']
['Invigorate 3', 'Rakunda', 'Dodge Slash', 'Wind Amp']
['Bash', 'Sukukaja', 'Wind Amp', 'Wind Boost']
['Absorb Strike', 'Wind Amp', 'Diarama', 'Rakunda']
['Wind Amp', 'Wind Boost', 'Dodge Slash', 'Sukukaja']
['Dodge Slash', 'Wind Boost', 'Sukukaja', 'Rakunda']
['Poison Arrow', 'Dodge Slash', 'Sukukaja', 'Absorb Strike']
['Diarama', 'Wind Amp', 'Rakunda', 'Dodge Slash']
['Invigorate 3', 'Diarama', 'Rakunda', 'Bash']
['Wind Amp', 'Wind Boost', 'Absorb Strike', 'Sukukaja']
['Diarama', 'Rakunda', 'Sukukaja', 'Invigorate 3']
['Wind Boost', 'Rakunda', 'Sukukaja', 'Wind Amp']
['Wind Boost', 'Sukukaja', 'Dodge Slash', 'Rakunda']
['Wind Boost', 'Dodge Slash', 'Rakunda', 'Sukukaja']
['Wind Boost', 'Wind Amp', 'Absorb Strike', 'Sukukaja']
['Dodge Slash', 'Absorb Strike', 'Sukukaja', 'Wind Boost']
['Wind Boost', 'Wind Amp', 'Dodge Slash', 'Rakunda']
['Sukukaja', 'Wind Amp', 'Dodge Slash', 'Rakunda']
['Wind Amp', 'Rakunda', 'Absorb Strike', 'Dodge Slash']
['Rakunda', 'Absorb Strike', 'Wind Amp', 'Invigorate 3']
['Rakunda', 'Dodge Slash', 'Wind Boost', 'Wind Amp']
['Sukukaja', 'Bash', 'Rakunda', 'Wind Boost']
['Sukukaja', 'Wind Boost', 'Primal Force', 'Poison Arrow']
['Absorb Strike', 'Dodge Slash', 'Sukukaja', 'Invigorate 3']
['Wind Amp', 'Wind Boost', 'Sukukaja', 'Diarama']
['Invigorate 3', 'Wind Boost', 'Rakunda', 'Dodge Slash']
['Wind Amp', 'Rakunda', 'Invigorate 3', 'Wind Boost']
['Bash', 'Sukukaja', 'Diarama', 'Dodge Slash']
['Sukukaja', 'Wind Boost', 'Absorb Strike', 'Dodge Slash']
