['Panta Rhei', 'Patra', 'Wind Boost', 'Sharp Student', 'Samsara']
['Garula', 'Counter', 'Panta Rhei', 'Wind Break', 'Sharp Student']
["God's Hand", 'Sharp Student', 'Garula', 'Panta Rhei', 'Tarukaja']
['Garula', 'Panta Rhei', 'Recarm', 'Rakukaja', 'Counter']
['Rakukaja', 'Wind Boost', 'Sharp Student', 'Garula', 'Patra']
['Sukukaja', 'Sharp Student', 'Growth 3', 'Garula', 'Wind Amp']
['Garula', 'Recarm', 'Wind Break', 'Patra', 'Tarukaja']
['Garula', 'Sukukaja', 'Mind Charge', 'Wind Break', 'Patra']
['Garula', 'Panta Rhei', 'Wind Boost', 'Patra', 'Recarm']
['Wind Boost', 'Sukukaja', 'Garula', 'Tarukaja', 'Panta Rhei']
['Tarukaja', 'Garula', 'Patra', 'Null Dark', 'Samsara']
['Panta Rhei', 'Garula', 'Sharp Student', 'Tarukaja', 'Patra']
['Samsara', 'Null Dark', 'Tarukaja', 'Garula', 'Rakukaja']
['Sukukaja', 'Garula', 'Patra', 'Wind Boost', 'Tarukaja']
['Garula', 'Null Dark', 'Wind Amp', 'Samsara', 'Patra']
['Patra', 'Garula', 'Salvation', 'Panta Rhei', 'Tarukaja']
['Patra', 'Garula', 'Sukukaja', 'Null Dark', 'Wind Break']
['Recarm', 'Wind Break', 'Garula', 'Counter', 'Wind Boost']
['Counter', 'Sukukaja', 'Panta Rhei', 'Garula', 'Wind Boost']
['Null Dark', 'Sharp Student', 'Patra', 'Mind Charge', 'Garula']
['Sharp Student', 'Sukukaja', 'Rakukaja', 'Panta Rhei', 'Growth 3']
['Megido', 'Trafuri', 'Patra', 'Garula', 'Wind Boost']
['Patra', 'Panta Rhei', 'Wind Boost', 'Wind Break', 'Garula']
['Sharp Student', 'Garula', 'Null Dark', 'Patra', 'Rakukaja']
['Patra', 'Panta Rhei', 'Tarukaja', 'Sukukaja', 'Wind Amp']
['Sukukaja', 'Garula', 'Rakukaja', 'Panta Rhei', 'Sharp Student']
['Wind Break', 'Panta Rhei', 'Wind Boost', 'Sharp Student', 'Wind Amp']
['Wind Boost', 'Sukukaja', 'Tarukaja', 'Rakukaja', 'Wind Amp']
['Garula', 'Counter', 'Mind Charge', 'Patra', 'Tarukaja']
['Garula', 'Counter', 'Sukukaja', 'Wind Amp', 'Diarahan']
['Panta Rhei', 'Tarukaja', 'Rakukaja', 'Patra', 'Garula']
['Growth 3', 'Sukukaja', 'Panta Rhei', 'Megido', 'Garula']
['Sharp Student', 'Panta Rhei', 'Garula', 'Patra', 'Diarahan']
['Panta Rhei', 'Garula', 'Tarukaja', 'Sharp Student', 'Wind Amp']
['Rakukaja', 'Patra', 'Wind Amp', 'Diarahan', 'Wind Break']
['Patra', 'Garula', 'Sukukaja', 'Recarm', 'Panta Rhei']
['Sukukaja', 'Growth 3', 'Counter', 'Garula', 'Recarm']
['Wind Boost', 'Garula', 'Sukukaja', 'Wind Break', 'Counter']
['Garula', 'Null Dark', 'Mind Charge', 'Panta Rhei', 'Wind Boost']
['Growth 3', 'Sukukaja', 'Garula', 'Patra', 'Mind Charge']
['Garula', 'Sharp Student', 'Patra', 'Tarukaja', 'Panta Rhei']
['Garula', 'Patra', 'Wind Amp', 'Wind Break', 'Salvation']
['Counter', 'Tarukaja', 'Garula', 'Sukukaja', 'Patra']
['Wind Boost', 'Garula', 'Rakukaja', 'Wind Break', 'Panta Rhei']
['Patra', 'Rakukaja', 'Garula', 'Wind Boost', 'Wind Break']
['Counter', 'Patra', 'Salvation', 'Recarm', 'Panta Rhei']
['Wind Break', 'Diarahan', 'Garula', 'Counter', 'Panta Rhei']
['Garula', 'Wind Amp', 'Salvation', 'Sukukaja', 'Recarm']
['Diarahan', 'Counter', 'Patra', 'Trafuri', 'Sharp Student']
['Wind Amp', 'Tarukaja', 'Garula', 'Panta Rhei', 'Samsara']
['Sharp Student', 'Samsara', 'Patra', 'Growth 3', 'Garula']
['Diarahan', 'Patra', 'Garula', 'Panta Rhei', 'Wind Break']
['Garula', 'Wind Amp', 'Rakukaja', 'Null Dark', 'Patra']
['Patra', 'Sharp Student', 'Garula', 'Null Dark', 'Rakukaja']
['Akasha Arts', 'Garula', 'Sukukaja', 'Patra', 'Sharp Student']
['Wind Boost', 'Garula', 'Tarukaja', 'Wind Amp', 'Null Dark']
['Null Dark', 'Garula', 'Panta Rhei', 'Patra', 'Rakukaja']
['Garula', 'Patra', 'Null Dark', 'Tarukaja', 'Wind Boost']
['Tarukaja', 'Wind Break', 'Panta Rhei', 'Null Dark', 'Wind Amp']
['Wind Boost', 'Rakukaja', 'Garula', 'Counter', 'Sharp Student']
['Sukukaja', 'Panta Rhei', 'Rakukaja', 'Garula', 'Mind Charge']
['Garula', 'Null Dark', 'Akasha Arts', 'Sharp Student', 'Wind Boost']
['Panta Rhei', 'Sukukaja', 'Garula', 'Patra', 'Sharp Student']
['Panta Rhei', 'Rakukaja', 'Garula', 'Sukukaja', 'Wind Boost']
['Patra', 'Sharp Student', 'Samsara', 'Wind Break', 'Garula']
['Patra', 'Garula', 'Panta Rhei', 'Wind Boost', 'Megido']
['Wind Boost', 'Panta Rhei', 'Garula', 'Growth 3', 'Mind Charge']
['Counter', 'Patra', 'Sukukaja', 'Diarahan', 'Null Dark']
['Patra', 'Tarukaja', 'Recarm', 'Sukukaja', 'Garula']
['Patra', 'Garula', 'Tarukaja', 'Panta Rhei', 'Sukukaja']
['Akasha Arts', 'Null Dark', 'Wind Boost', 'Counter', 'Samsara']
['Panta Rhei', 'Patra', 'Counter', 'Sharp Student', 'Garula']
['Wind Amp', 'Garula', 'Patra', 'Mind Charge', 'Sukukaja']
['Wind Boost', 'Rakukaja', 'Counter', 'Garula', 'Tarukaja']
['Garula', 'Rakukaja', 'Recarm', 'Panta Rhei', 'Growth 3']
['Garula', 'Recarm', 'Wind Break', 'Panta Rhei', 'Patra']
['Sukukaja', 'Wind Boost', 'Garula', 'Rakukaja', 'Panta Rhei']
['Wind Boost', 'Garula', 'Diarahan', 'Sukukaja', 'Wind Break']
['Garula', 'Rakukaja', 'Wind Boost', 'Akasha Arts', 'Panta Rhei']
['Patra', 'Garula', 'Rakukaja', 'Mind Charge', 'Wind Break']
['Diarahan', 'Panta Rhei', 'Rakukaja', 'Mind Charge', 'Tarukaja']
['Sukukaja', 'Tarukaja', 'Panta Rhei', 'Samsara', 'Rakukaja']
['Garula', 'Samsara', 'Wind Amp', 'Patra', 'Counter']
['Trafuri', 'Garula', 'Tarukaja', 'Null Dark', 'Wind Boost']
['Recarm', 'Garula', 'Patra', 'Diarahan', 'Null Dark']
['Garula', 'Tarukaja', 'Patra', 'Sukukaja', 'Null Dark']
['Garula', 'Recarm', 'Panta Rhei', 'Salvation', 'Tarukaja']
['Counter', 'Recarm', 'Garula', 'Patra', 'Growth 3']
['Tarukaja', 'Sukukaja', 'Panta Rhei', 'Garula', 'Patra']
['Garula', 'Counter', 'Patra', 'Wind Break', 'Wind Boost']
['Garula', 'Panta Rhei', 'Sukukaja', 'Wind Boost', 'Rakukaja']
['Patra', 'Garula', 'Rakukaja', 'Mind Charge', 'Wind Boost']
['Samsara', 'Null Dark', 'Garula', 'Salvation', 'Panta Rhei']
['Counter', 'Patra', 'Null Dark', 'Garula', 'Rakukaja']
['Patra', 'Sharp Student', 'Tarukaja', "God's Hand", 'Panta Rhei']
['Null Dark', 'Patra', 'Trafuri', 'Garula', 'Mind Charge']
['Samsara', 'Garula', 'Null Dark', 'Patra', 'Wind Break']
['Garula', 'Counter', 'Panta Rhei', 'Megido', 'Sukukaja']
['Patra', 'Diarahan', 'Rakukaja', 'Wind Boost', 'Panta Rhei']
['Patra', 'Null Dark', 'Wind Amp', 'Tarukaja', 'Wind Boost']
['Garula', 'Rakukaja', 'Patra', 'Tarukaja', 'Mind Charge']
['Garula', 'Rakukaja', 'Panta Rhei', 'Null Dark', 'Wind Break']
['Panta Rhei', 'Patra', 'Wind Boost', 'Garula', 'Tarukaja']
['Null Dark', 'Garula', 'Patra', 'Wind Boost', 'Panta Rhei']
['Recarm', 'Garula', 'Patra', 'Sukukaja', 'Tarukaja']
['Patra', 'Recarm', 'Panta Rhei', 'Garula', 'Tarukaja']
['Recarm', 'Tarukaja', 'Patra', 'Panta Rhei', 'Garula']
['Garula', 'Recarm', 'Sharp Student', 'Null Dark', 'Patra']
['Tarukaja', 'Garula', 'Null Dark', 'Panta Rhei', 'Mind Charge']
['Patra', 'Garula', 'Panta Rhei', 'Recarm', 'Trafuri']
['Garula', 'Growth 3', 'Rakukaja', 'Sukukaja', 'Panta Rhei']
['Trafuri', 'Garula', 'Patra', 'Sukukaja', 'Diarahan']
['Rakukaja', 'Mind Charge', 'Garula', 'Patra', 'Null Dark']
['Garula', 'Tarukaja', 'Wind Break', 'Null Dark', 'Sharp Student']
['Sukukaja', 'Tarukaja', 'Rakukaja', 'Wind Break', 'Panta Rhei']
['Garula', 'Wind Break', 'Wind Boost', 'Panta Rhei', 'Sukukaja']
['Rakukaja', 'Mind Charge', 'Garula', 'Samsara', 'Sharp Student']
['Growth 3', 'Garula', 'Tarukaja', 'Rakukaja', 'Patra']
['Recarm', 'Counter', 'Wind Break', 'Wind Amp', 'Sukukaja']
['Trafuri', 'Growth 3', 'Garula', 'Panta Rhei', 'Wind Boost']
['Panta Rhei', 'Growth 3', 'Salvation', 'Wind Amp', 'Mind Charge']
['Garula', 'Tarukaja', 'Growth 3', 'Wind Amp', 'Patra']
['Panta Rhei', 'Wind Amp', 'Garula', 'Salvation', 'Wind Boost']
['Patra', 'Salvation', 'Wind Amp', 'Megido', 'Sharp Student']
['Panta Rhei', 'Patra', 'Tarukaja', 'Diarahan', 'Counter']
['Garula', 'Rakukaja', 'Patra', 'Sukukaja', 'Tarukaja']
['Garula', 'Wind Boost', 'Mind Charge', 'Wind Break', 'Wind Amp']
['Wind Boost', 'Sukukaja', 'Growth 3', 'Counter', 'Garula']
['Garula', 'Panta Rhei', 'Tarukaja', 'Rakukaja', 'Patra']
['Garula', 'Diarahan', 'Patra', 'Counter', 'Trafuri']
['Null Dark', 'Garula', 'Sharp Student', 'Growth 3', 'Panta Rhei']
['Patra', 'Garula', 'Wind Boost', 'Panta Rhei', 'Megido']
['Panta Rhei', 'Garula', 'Patra', 'Rakukaja', 'Diarahan']
['Wind Boost', 'Garula', 'Growth 3', 'Wind Break', 'Patra']
['Patra', 'Sukukaja', 'Tarukaja', 'Garula', 'Counter']
['Recarm', 'Garula', 'Diarahan', 'Patra', 'Panta Rhei']
['Garula', 'Wind Amp', 'Salvation', 'Counter', 'Tarukaja']
['Patra', 'Panta Rhei', 'Rakukaja', 'Garula', 'Recarm']
['Wind Boost', 'Panta Rhei', 'Garula', 'Tarukaja', 'Counter']
['Patra', 'Sukukaja', 'Recarm', 'Rakukaja', 'Garula']
['Patra', 'Garula', 'Wind Break', 'Null Dark', 'Recarm']
['Sharp Student', 'Counter', 'Patra', 'Garula', 'Sukukaja']
['Mind Charge', 'Garula', 'Panta Rhei', 'Tarukaja', 'Diarahan']
['Panta Rhei', 'Tarukaja', 'Garula', 'Patra', 'Growth 3']
['Patra', 'Wind Boost', 'Garula', 'Sukukaja', 'Rakukaja']
['Garula', 'Panta Rhei', 'Growth 3', 'Patra', 'Sukukaja']
['Garula', 'Rakukaja', 'Patra', 'Growth 3', 'Wind Amp']
['Panta Rhei', 'Sukukaja', 'Wind Break', 'Wind Amp', 'Mind Charge']
['Counter', 'Patra', 'Sharp Student', 'Diarahan', 'Rakukaja']
['Patra', 'Tarukaja', 'Wind Boost', 'Garula', 'Mind Charge']
['Garula', 'Rakukaja', 'Wind Amp', 'Wind Break', 'Patra']
['Garula', 'Counter', 'Mind Charge', 'Patra', 'Tarukaja']
['Null Dark', 'Patra', 'Garula', 'Sharp Student', 'Rakukaja']
['Rakukaja', 'Garula', 'Panta Rhei', 'Trafuri', 'Wind Boost']
['Wind Boost', 'Tarukaja', 'Trafuri', 'Samsara', 'Counter']
['Sukukaja', 'Garula', 'Wind Break', 'Panta Rhei', 'Wind Amp']
['Patra', 'Garula', 'Recarm', 'Wind Boost', 'Rakukaja']
['Garula', 'Tarukaja', 'Sukukaja', 'Wind Amp', 'Panta Rhei']
['Garula', 'Patra', 'Counter', 'Trafuri', 'Tarukaja']
['Null Dark', 'Mind Charge', 'Patra', 'Growth 3', 'Garula']
['Growth 3', 'Garula', 'Tarukaja', 'Sharp Student', 'Sukukaja']
['Garula', 'Growth 3', 'Wind Amp', 'Sukukaja', 'Null Dark']
['Garula', 'Patra', 'Salvation', 'Tarukaja', 'Sharp Student']
['Null Dark', 'Trafuri', 'Wind Boost', 'Panta Rhei', 'Tarukaja']
['Patra', 'Counter', 'Rakukaja', 'Sukukaja', 'Null Dark']
['Patra', 'Mind Charge', 'Garula', 'Panta Rhei', 'Sharp Student']
['Wind Break', 'Wind Boost', 'Trafuri', 'Tarukaja', 'Sukukaja']
['Rakukaja', 'Counter', 'Patra', 'Panta Rhei', 'Garula']
['Garula', 'Panta Rhei', 'Sukukaja', 'Growth 3', 'Tarukaja']
['Rakukaja', 'Recarm', 'Diarahan', 'Garula', 'Tarukaja']
["God's Hand", 'Garula', 'Mind Charge', 'Patra', 'Sharp Student']
['Diarahan', 'Wind Boost', 'Garula', 'Sukukaja', 'Patra']
['Patra', 'Garula', 'Wind Break', 'Panta Rhei', 'Counter']
['Wind Boost', 'Rakukaja', 'Garula', 'Wind Break', 'Diarahan']
['Garula', 'Tarukaja', 'Wind Amp', 'Samsara', 'Panta Rhei']
['Rakukaja', 'Panta Rhei', 'Counter', 'Tarukaja', 'Garula']
['Wind Boost', 'Patra', 'Sukukaja', 'Tarukaja', 'Wind Amp']
['Garula', 'Recarm', 'Sukukaja', 'Wind Amp', 'Counter']
['Trafuri', 'Sharp Student', 'Garula', 'Sukukaja', 'Patra']
['Garula', 'Diarahan', 'Rakukaja', 'Counter', 'Panta Rhei']
['Garula', 'Panta Rhei', 'Counter', 'Growth 3', 'Salvation']
['Trafuri', 'Sharp Student', 'Panta Rhei', 'Mind Charge', 'Garula']
['Garula', 'Akasha Arts', 'Mind Charge', 'Sharp Student', 'Panta Rhei']
['Tarukaja', 'Counter', 'Sukukaja', 'Trafuri', 'Garula']
['Panta Rhei', 'Counter', 'Patra', 'Wind Break', 'Null Dark']
['Recarm', 'Garula', "God's Hand", 'Patra', 'Sharp Student']
['Rakukaja', 'Wind Amp', 'Mind Charge', 'Null Dark', 'Garula']
['Patra', 'Panta Rhei', 'Garula', 'Sharp Student', 'Wind Boost']
['Garula', 'Wind Amp', 'Patra', 'Wind Boost', 'Tarukaja']
['Growth 3', 'Tarukaja', 'Garula', 'Sharp Student', 'Counter']
['Recarm', 'Garula', 'Wind Boost', 'Samsara', 'Counter']
['Samsara', 'Wind Boost', 'Tarukaja', 'Garula', 'Rakukaja']
['Garula', 'Growth 3', 'Sukukaja', 'Rakukaja', 'Wind Amp']
['Rakukaja', 'Panta Rhei', 'Growth 3', "God's Hand", 'Garula']
['Garula', 'Panta Rhei', 'Sukukaja', 'Diarahan', 'Sharp Student']
['Patra', 'Growth 3', 'Panta Rhei', 'Samsara', 'Tarukaja']
['Garula', 'Wind Amp', 'Panta Rhei', 'Sukukaja', 'Patra']
['Panta Rhei', 'Null Dark', 'Rakukaja', 'Garula', 'Sukukaja']
['Garula', 'Tarukaja', 'Wind Break', 'Counter', 'Patra']
['Wind Amp', 'Panta Rhei', 'Garula', 'Sukukaja', 'Patra']
['Garula', 'Sukukaja', 'Tarukaja', 'Megido', 'Wind Boost']
['Garula', 'Patra', 'Null Dark', 'Counter', 'Sharp Student']
['Rakukaja', 'Garula', 'Tarukaja', 'Diarahan', 'Panta Rhei']
['Patra', 'Wind Amp', 'Sharp Student', 'Samsara', 'Panta Rhei']
['Counter', 'Mind Charge', 'Recarm', 'Null Dark', 'Garula']
['Tarukaja', 'Sukukaja', 'Panta Rhei', 'Garula', 'Wind Boost']
['Garula', 'Trafuri', 'Mind Charge', 'Wind Amp', 'Panta Rhei']
['Panta Rhei', 'Garula', 'Recarm', 'Patra', 'Trafuri']
['Recarm', 'Garula', 'Panta Rhei', 'Sukukaja', 'Patra']
['Recarm', 'Patra', 'Growth 3', 'Tarukaja', 'Null Dark']
['Panta Rhei', 'Patra', 'Salvation', 'Rakukaja', 'Garula']
['Garula', 'Wind Boost', 'Patra', 'Wind Amp', 'Counter']
['Samsara', 'Patra', 'Garula', 'Panta Rhei', 'Growth 3']
['Patra', 'Sukukaja', 'Counter', 'Panta Rhei', 'Garula']
['Patra', 'Garula', 'Sharp Student', 'Rakukaja', 'Null Dark']
['Null Dark', 'Garula', 'Sukukaja', 'Wind Boost', 'Wind Amp']
['Wind Amp', 'Patra', 'Sharp Student', 'Tarukaja', 'Trafuri']
['Panta Rhei', 'Counter', 'Garula', 'Salvation', 'Patra']
['Counter', 'Garula', 'Diarahan', 'Panta Rhei', 'Sukukaja']
['Panta Rhei', 'Garula', 'Wind Boost', 'Recarm', 'Diarahan']
['Patra', 'Panta Rhei', 'Sukukaja', 'Garula', 'Salvation']
['Trafuri', 'Garula', 'Patra', 'Panta Rhei', 'Sukukaja']
['Garula', 'Tarukaja', 'Mind Charge', 'Wind Break', 'Patra']
['Garula', 'Counter', 'Sukukaja', 'Wind Boost', 'Growth 3']
['Patra', 'Garula', 'Tarukaja', 'Sharp Student', 'Counter']
['Garula', 'Tarukaja', 'Panta Rhei', 'Growth 3', 'Recarm']
['Patra', 'Garula', 'Sukukaja', 'Tarukaja', 'Panta Rhei']
['Panta Rhei', 'Patra', 'Garula', 'Wind Boost', 'Sukukaja']
['Garula', 'Tarukaja', 'Sukukaja', 'Patra', 'Wind Break']
['Mind Charge', 'Garula', 'Wind Boost', 'Sukukaja', 'Patra']
['Garula', 'Tarukaja', 'Patra', 'Panta Rhei', 'Counter']
['Tarukaja', 'Trafuri', 'Panta Rhei', 'Rakukaja', 'Counter']
['Garula', 'Panta Rhei', 'Sukukaja', 'Growth 3', 'Recarm']
['Garula', 'Samsara', 'Panta Rhei', 'Patra', 'Mind Charge']
['Patra', 'Tarukaja', 'Garula', 'Wind Boost', 'Rakukaja']
['Garula', 'Sukukaja', 'Counter', 'Patra', 'Wind Break']
['Mind Charge', 'Growth 3', 'Patra', 'Sharp Student', 'Garula']
['Null Dark', 'Tarukaja', 'Wind Break', 'Wind Boost', 'Rakukaja']
['Wind Boost', 'Wind Amp', 'Recarm', 'Garula', 'Panta Rhei']
['Garula', 'Panta Rhei', 'Rakukaja', 'Wind Break', 'Mind Charge']
['Diarahan', 'Garula', 'Wind Boost', 'Mind Charge', 'Rakukaja']
['Wind Boost', 'Null Dark', 'Patra', 'Garula', 'Rakukaja']
['Sukukaja', 'Panta Rhei', 'Tarukaja', 'Counter', 'Patra']
['Garula', 'Sukukaja', 'Null Dark', 'Rakukaja', 'Growth 3']
['Sukukaja', 'Garula', 'Samsara', 'Diarahan', 'Panta Rhei']
['Patra', 'Null Dark', 'Panta Rhei', 'Sharp Student', 'Recarm']
['Garula', 'Sukukaja', 'Tarukaja', 'Patra', 'Diarahan']
['Sharp Student', 'Tarukaja', 'Panta Rhei', 'Wind Boost', 'Garula']
['Mind Charge', 'Patra', 'Rakukaja', 'Salvation', 'Wind Amp']
['Garula', 'Patra', 'Counter', 'Panta Rhei', 'Rakukaja']
['Panta Rhei', 'Wind Amp', 'Wind Boost', 'Garula', 'Sharp Student']
['Counter', 'Recarm', 'Patra', 'Mind Charge', 'Sukukaja']
['Rakukaja', 'Wind Break', 'Garula', 'Sharp Student', 'Growth 3']
['Tarukaja', 'Garula', 'Wind Boost', 'Rakukaja', 'Patra']
['Wind Break', 'Rakukaja', 'Recarm', 'Garula', 'Growth 3']
['Sharp Student', 'Rakukaja', 'Patra', 'Wind Boost', 'Akasha Arts']
['Patra', 'Garula', 'Tarukaja', 'Recarm', 'Diarahan']
['Garula', 'Megido', 'Rakukaja', 'Panta Rhei', 'Wind Boost']
['Rakukaja', 'Patra', 'Garula', "God's Hand", 'Panta Rhei']
['Garula', 'Wind Amp', 'Sharp Student', 'Rakukaja', 'Recarm']
['Wind Boost', 'Panta Rhei', 'Recarm', 'Garula', 'Growth 3']
['Wind Boost', 'Garula', 'Patra', 'Recarm', 'Counter']
['Tarukaja', 'Wind Boost', 'Panta Rhei', 'Salvation', 'Counter']
['Tarukaja', 'Panta Rhei', 'Garula', 'Wind Boost', 'Salvation']
['Wind Boost', 'Recarm', 'Garula', 'Patra', 'Tarukaja']
['Wind Amp', 'Garula', 'Diarahan', 'Rakukaja', 'Patra']
['Garula', 'Patra', 'Null Dark', 'Tarukaja', 'Wind Break']
['Patra', 'Wind Boost', 'Sharp Student', 'Wind Break', 'Tarukaja']
['Garula', 'Panta Rhei', 'Counter', 'Rakukaja', 'Wind Break']
['Garula', 'Sukukaja', 'Wind Amp', 'Mind Charge', 'Null Dark']
['Garula', "God's Hand", 'Tarukaja', 'Patra', 'Rakukaja']
['Mind Charge', 'Samsara', 'Garula', 'Tarukaja', 'Wind Boost']
['Rakukaja', 'Patra', 'Growth 3', 'Null Dark', 'Garula']
['Sharp Student', 'Diarahan', 'Tarukaja', 'Counter', 'Patra']
['Patra', 'Garula', 'Diarahan', 'Growth 3', 'Sukukaja']
['Mind Charge', 'Garula', 'Panta Rhei', 'Wind Break', 'Patra']
['Rakukaja', 'Garula', 'Null Dark', 'Patra', 'Mind Charge']
['Rakukaja', 'Garula', 'Counter', 'Growth 3', 'Patra']
['Garula', 'Diarahan', 'Trafuri', 'Panta Rhei', 'Sharp Student']
['Patra', 'Sukukaja', 'Garula', 'Tarukaja', 'Rakukaja']
['Garula', 'Tarukaja', 'Patra', 'Wind Boost', 'Wind Break']
['Sukukaja', 'Garula', 'Wind Amp', 'Growth 3', 'Patra']
['Garula', 'Sukukaja', 'Wind Break', 'Wind Boost', 'Counter']
['Garula', 'Panta Rhei', 'Wind Amp', 'Counter', 'Recarm']
['Mind Charge', 'Sharp Student', 'Garula', 'Patra', 'Rakukaja']
['Mind Charge', 'Rakukaja', 'Wind Boost', 'Garula', 'Trafuri']
['Diarahan', 'Garula', 'Panta Rhei', 'Tarukaja', 'Patra']
['Sukukaja', 'Panta Rhei', 'Trafuri', 'Megido', 'Patra']
['Panta Rhei', 'Patra', 'Rakukaja', 'Garula', 'Null Dark']
['Null Dark', 'Salvation', 'Samsara', 'Sukukaja', 'Panta Rhei']
['Panta Rhei', 'Garula', 'Counter', 'Rakukaja', 'Diarahan']
['Panta Rhei', 'Wind Amp', 'Wind Break', 'Wind Boost', 'Patra']
['Patra', 'Sharp Student', 'Panta Rhei', 'Garula', 'Rakukaja']
['Patra', 'Panta Rhei', 'Garula', 'Counter', 'Wind Break']
['Salvation', 'Sukukaja', 'Tarukaja', 'Garula', 'Wind Amp']
['Panta Rhei', 'Patra', 'Garula', 'Rakukaja', 'Trafuri']
['Wind Break', 'Patra', 'Recarm', 'Sukukaja', 'Garula']
['Diarahan', 'Sukukaja', 'Garula', 'Wind Boost', 'Null Dark']
['Counter', 'Panta Rhei', 'Null Dark', 'Diarahan', 'Wind Boost']
['Panta Rhei', 'Rakukaja', 'Null Dark', 'Garula', 'Sharp Student']
['Garula', 'Diarahan', 'Patra', 'Tarukaja', 'Samsara']
['Wind Boost', 'Garula', 'Panta Rhei', 'Tarukaja', 'Rakukaja']
['Garula', 'Panta Rhei', 'Salvation', 'Recarm', 'Rakukaja']
['Garula', 'Panta Rhei', 'Diarahan', 'Wind Boost', 'Sharp Student']
['Patra', 'Panta Rhei', 'Garula', 'Growth 3', 'Samsara']
['Tarukaja', 'Garula', 'Sharp Student', 'Counter', 'Patra']
['Wind Amp', 'Patra', 'Panta Rhei', 'Sukukaja', 'Tarukaja']
['Trafuri', 'Sharp Student', 'Garula', 'Tarukaja', 'Panta Rhei']
['Diarahan', 'Garula', 'Wind Break', 'Trafuri', 'Recarm']
['Diarahan', 'Patra', 'Rakukaja', 'Counter', 'Tarukaja']
['Mind Charge', 'Garula', 'Wind Amp', 'Patra', 'Sukukaja']
['Counter', 'Patra', 'Panta Rhei', 'Garula', 'Sukukaja']
['Trafuri', 'Rakukaja', 'Garula', 'Salvation', 'Growth 3']
['Panta Rhei', 'Null Dark', 'Recarm', 'Tarukaja', 'Garula']
['Garula', 'Growth 3', 'Sharp Student', 'Panta Rhei', 'Patra']
['Panta Rhei', 'Sharp Student', 'Counter', 'Garula', 'Diarahan']
['Panta Rhei', 'Tarukaja', 'Null Dark', 'Wind Amp', 'Garula']
['Rakukaja', 'Salvation', 'Garula', 'Growth 3', 'Patra']
['Garula', 'Panta Rhei', 'Mind Charge', 'Wind Boost', 'Patra']
['Garula', 'Wind Amp', 'Patra', 'Rakukaja', 'Panta Rhei']
['Growth 3', 'Diarahan', 'Sharp Student', 'Panta Rhei', 'Garula']
['Panta Rhei', 'Patra', 'Growth 3', 'Garula', 'Counter']
['Trafuri', 'Samsara', 'Sharp Student', 'Garula', 'Rakukaja']
['Garula', 'Tarukaja', 'Rakukaja', 'Counter', 'Null Dark']
['Garula', 'Tarukaja', 'Wind Amp', 'Patra', 'Panta Rhei']
['Panta Rhei', 'Garula', 'Sharp Student', 'Patra', 'Diarahan']
['Panta Rhei', 'Salvation', 'Garula', 'Recarm', 'Patra']
['Garula', 'Patra', 'Tarukaja', 'Panta Rhei', 'Rakukaja']
['Counter', 'Trafuri', 'Panta Rhei', 'Patra', 'Sukukaja']
['Wind Boost', 'Null Dark', 'Garula', 'Tarukaja', 'Panta Rhei']
['Null Dark', 'Patra', 'Tarukaja', 'Sharp Student', 'Growth 3']
['Salvation', 'Wind Break', 'Mind Charge', 'Rakukaja', 'Patra']
['Patra', 'Garula', 'Rakukaja', 'Tarukaja', 'Mind Charge']
['Sharp Student', 'Garula', 'Diarahan', 'Null Dark', 'Patra']
['Wind Boost', 'Sharp Student', 'Recarm', 'Sukukaja', 'Patra']
['Garula', 'Patra', 'Diarahan', 'Tarukaja', 'Panta Rhei']
['Sharp Student', 'Panta Rhei', 'Patra', 'Diarahan', 'Growth 3']
['Garula', 'Rakukaja', 'Patra', 'Wind Boost', 'Counter']
['Sharp Student', 'Garula', 'Mind Charge', 'Tarukaja', 'Sukukaja']
['Garula', 'Recarm', 'Rakukaja', 'Salvation', 'Sukukaja']
['Mind Charge', 'Sukukaja', 'Growth 3', 'Wind Break', 'Panta Rhei']
['Garula', 'Tarukaja', 'Patra', 'Sharp Student', 'Null Dark']
['Garula', 'Wind Boost', 'Patra', 'Counter', 'Null Dark']
['Salvation', 'Counter', 'Rakukaja', 'Panta Rhei', 'Null Dark']
['Recarm', 'Wind Boost', 'Counter', 'Wind Amp', 'Patra']
['Salvation', 'Garula', 'Panta Rhei', 'Akasha Arts', 'Patra']
['Garula', 'Patra', "God's Hand", 'Diarahan', 'Null Dark']
['Sukukaja', 'Counter', 'Garula', 'Wind Boost', 'Null Dark']
['Tarukaja', 'Garula', 'Patra', 'Samsara', 'Null Dark']
['Patra', 'Garula', 'Sukukaja', 'Samsara', 'Rakukaja']
['Counter', 'Mind Charge', 'Garula', 'Wind Break', 'Panta Rhei']
['Garula', 'Patra', 'Rakukaja', 'Sukukaja', 'Recarm']
['Garula', 'Tarukaja', 'Wind Boost', 'Recarm', 'Panta Rhei']
['Sharp Student', 'Garula', 'Sukukaja', 'Rakukaja', 'Patra']
['Garula', 'Patra', 'Panta Rhei', 'Rakukaja', 'Sharp Student']
['Samsara', 'Garula', 'Panta Rhei', 'Sukukaja', 'Wind Boost']
['Patra', 'Tarukaja', 'Megido', 'Garula', 'Panta Rhei']
['Panta Rhei', 'Counter', 'Samsara', 'Garula', 'Rakukaja']
['Patra', 'Garula', 'Tarukaja', 'Sukukaja', 'Wind Boost']
['Tarukaja', 'Panta Rhei', 'Sharp Student', 'Sukukaja', 'Patra']
['Tarukaja', 'Wind Boost', 'Growth 3', 'Garula', 'Panta Rhei']
['Patra', 'Null Dark', 'Panta Rhei', 'Garula', 'Mind Charge']
['Recarm', 'Wind Boost', 'Garula', 'Patra', 'Sukukaja']
['Growth 3', 'Rakukaja', 'Panta Rhei', 'Patra', 'Tarukaja']
['Panta Rhei', 'Garula', 'Counter', 'Sharp Student', 'Sukukaja']
['Panta Rhei', 'Sukukaja', 'Garula', 'Patra', 'Tarukaja']
['Tarukaja', 'Sharp Student', 'Panta Rhei', 'Sukukaja', 'Trafuri']
['Tarukaja', 'Panta Rhei', 'Counter', 'Garula', 'Wind Amp']
['Garula', 'Wind Amp', 'Wind Break', 'Null Dark', 'Tarukaja']
['Patra', 'Rakukaja', 'Panta Rhei', 'Sukukaja', 'Samsara']
['Rakukaja', 'Sukukaja', 'Panta Rhei', 'Garula', 'Trafuri']
['Garula', 'Sharp Student', 'Diarahan', 'Patra', 'Mind Charge']
['Rakukaja', 'Patra', 'Salvation', 'Samsara', 'Garula']
['Sukukaja', 'Patra', 'Garula', 'Panta Rhei', 'Salvation']
['Tarukaja', 'Sukukaja', 'Growth 3', 'Panta Rhei', 'Garula']
['Sukukaja', 'Garula', 'Panta Rhei', 'Recarm', 'Patra']
['Growth 3', 'Mind Charge', 'Garula', 'Sharp Student', 'Panta Rhei']
['Wind Boost', 'Panta Rhei', 'Garula', 'Diarahan', 'Growth 3']
['Garula', 'Sukukaja', 'Recarm', 'Tarukaja', 'Wind Break']
['Wind Break', 'Patra', 'Counter', 'Wind Boost', 'Mind Charge']
['Panta Rhei', 'Counter', 'Samsara', 'Rakukaja', 'Garula']
['Sukukaja', 'Panta Rhei', 'Mind Charge', 'Garula', 'Samsara']
['Sharp Student', 'Wind Boost', 'Mind Charge', 'Salvation', 'Sukukaja']
['Recarm', 'Garula', 'Wind Amp', 'Diarahan', 'Patra']
['Sharp Student', 'Garula', 'Panta Rhei', 'Rakukaja', 'Recarm']
['Garula', 'Growth 3', 'Patra', 'Rakukaja', 'Null Dark']
['Growth 3', 'Patra', 'Garula', 'Panta Rhei', 'Diarahan']
["God's Hand", 'Garula', 'Patra', 'Counter', 'Sukukaja']
['Garula', 'Panta Rhei', 'Patra', 'Rakukaja', 'Tarukaja']
['Garula', 'Tarukaja', 'Wind Amp', 'Growth 3', 'Rakukaja']
['Sukukaja', 'Garula', 'Wind Boost', 'Panta Rhei', 'Rakukaja']
['Garula', 'Panta Rhei', 'Patra', 'Wind Amp', 'Mind Charge']
['Garula', 'Panta Rhei', 'Diarahan', 'Rakukaja', 'Megido']
['Mind Charge', 'Panta Rhei', 'Rakukaja', 'Patra', 'Tarukaja']
['Rakukaja', 'Patra', 'Mind Charge', 'Garula', 'Diarahan']
['Garula', 'Panta Rhei', 'Null Dark', 'Counter', 'Growth 3']
['Growth 3', 'Null Dark', 'Garula', 'Patra', 'Rakukaja']
['Rakukaja', 'Garula', 'Wind Amp', 'Panta Rhei', 'Wind Boost']
['Panta Rhei', 'Mind Charge', 'Wind Boost', 'Growth 3', 'Sukukaja']
['Wind Amp', 'Sharp Student', 'Recarm', 'Patra', 'Rakukaja']
['Sharp Student', 'Tarukaja', 'Recarm', 'Garula', 'Counter']
['Samsara', 'Counter', 'Sharp Student', 'Patra', 'Garula']
['Garula', 'Diarahan', 'Sharp Student', 'Wind Amp', 'Panta Rhei']
['Sharp Student', "God's Hand", 'Garula', 'Wind Boost', 'Recarm']
['Sukukaja', 'Panta Rhei', 'Garula', 'Rakukaja', 'Tarukaja']
['Garula', 'Wind Boost', 'Patra', 'Recarm', 'Panta Rhei']
['Wind Boost', 'Wind Break', 'Garula', 'Patra', 'Wind Amp']
['Panta Rhei', 'Recarm', 'Tarukaja', 'Sukukaja', 'Megido']
['Garula', 'Patra', 'Growth 3', 'Tarukaja', 'Panta Rhei']
['Diarahan', 'Garula', 'Sukukaja', 'Tarukaja', 'Rakukaja']
['Sukukaja', 'Garula', 'Counter', 'Panta Rhei', 'Sharp Student']
['Garula', 'Panta Rhei', 'Wind Boost', 'Sharp Student', 'Counter']
['Patra', 'Garula', 'Sukukaja', 'Panta Rhei', 'Wind Boost']
['Rakukaja', 'Garula', 'Patra', 'Sukukaja', 'Panta Rhei']
['Garula', 'Patra', 'Samsara', 'Sukukaja', 'Tarukaja']
['Wind Boost', 'Garula', 'Samsara', 'Tarukaja', 'Rakukaja']
['Garula', 'Samsara', 'Sukukaja', 'Patra', 'Panta Rhei']
['Garula', 'Wind Boost', 'Panta Rhei', 'Tarukaja', 'Growth 3']
['Wind Boost', 'Garula', 'Patra', 'Counter', 'Sharp Student']
['Garula', 'Recarm', 'Rakukaja', 'Sharp Student', 'Counter']
['Panta Rhei', 'Sukukaja', 'Samsara', 'Patra', 'Garula']
['Growth 3', 'Garula', 'Rakukaja', 'Akasha Arts', 'Recarm']
['Counter', 'Tarukaja', 'Garula', 'Sukukaja', 'Panta Rhei']
['Garula', 'Counter', 'Tarukaja', 'Trafuri', 'Growth 3']
['Garula', 'Panta Rhei', 'Diarahan', 'Patra', 'Salvation']
['Garula', 'Rakukaja', 'Patra', 'Panta Rhei', 'Wind Amp']
['Garula', 'Rakukaja', 'Recarm', 'Growth 3', 'Panta Rhei']
['Patra', 'Wind Boost', 'Garula', 'Growth 3', 'Rakukaja']
['Rakukaja', 'Patra', 'Wind Break', 'Trafuri', 'Panta Rhei']
['Counter', 'Garula', 'Recarm', 'Panta Rhei', 'Rakukaja']
['Rakukaja', 'Garula', 'Diarahan', 'Wind Boost', 'Patra']
['Panta Rhei', 'Wind Amp', 'Wind Break', 'Wind Boost', 'Garula']
['Sukukaja', 'Garula', 'Akasha Arts', 'Tarukaja', 'Patra']
['Salvation', 'Panta Rhei', 'Trafuri', 'Rakukaja', 'Garula']
['Garula', 'Samsara', 'Panta Rhei', 'Rakukaja', 'Tarukaja']
['Mind Charge', 'Wind Break', 'Null Dark', 'Panta Rhei', 'Garula']
['Wind Break', 'Rakukaja', 'Garula', 'Sharp Student', 'Sukukaja']
['Tarukaja', 'Diarahan', 'Garula', 'Patra', 'Salvation']
['Panta Rhei', 'Wind Boost', 'Counter', 'Garula', 'Sharp Student']
['Panta Rhei', 'Patra', 'Garula', 'Salvation', 'Sharp Student']
['Rakukaja', 'Sharp Student', 'Wind Break', 'Patra', 'Growth 3']
['Garula', 'Diarahan', 'Sukukaja', 'Panta Rhei', 'Trafuri']
['Sukukaja', 'Panta Rhei', 'Tarukaja', 'Garula', 'Patra']
['Garula', 'Recarm', 'Wind Boost', 'Panta Rhei', 'Patra']
['Garula', 'Wind Break', 'Patra', 'Wind Boost', 'Growth 3']
['Mind Charge', 'Garula', 'Sharp Student', 'Panta Rhei', 'Recarm']
['Garula', 'Sukukaja', 'Recarm', 'Panta Rhei', 'Growth 3']
['Mind Charge', 'Garula', 'Panta Rhei', 'Rakukaja', 'Salvation']
['Sharp Student', 'Panta Rhei', 'Garula', 'Patra', 'Tarukaja']
['Tarukaja', 'Sharp Student', 'Panta Rhei', 'Garula', 'Mind Charge']
['Trafuri', 'Sharp Student', 'Wind Boost', 'Panta Rhei', 'Null Dark']
['Panta Rhei', 'Garula', 'Salvation', 'Sukukaja', 'Rakukaja']
['Counter', 'Sharp Student', 'Patra', 'Garula', 'Panta Rhei']
['Wind Break', 'Garula', 'Rakukaja', 'Diarahan', 'Tarukaja']
['Patra', 'Garula', 'Mind Charge', 'Wind Boost', 'Wind Amp']
['Garula', 'Patra', 'Null Dark', 'Wind Boost', 'Panta Rhei']
['Counter', 'Panta Rhei', 'Garula', 'Rakukaja', 'Mind Charge']
['Patra', 'Garula', 'Trafuri', 'Sukukaja', 'Sharp Student']
['Tarukaja', 'Wind Boost', 'Counter', 'Patra', 'Panta Rhei']
['Sukukaja', 'Rakukaja', 'Patra', 'Garula', 'Recarm']
['Patra', 'Rakukaja', 'Diarahan', 'Garula', 'Tarukaja']
['Panta Rhei', 'Sharp Student', 'Wind Boost', 'Counter', 'Akasha Arts']
['Sharp Student', 'Null Dark', 'Patra', 'Panta Rhei', 'Rakukaja']
['Garula', 'Panta Rhei', 'Rakukaja', 'Salvation', 'Recarm']
['Panta Rhei', 'Garula', 'Patra', 'Wind Boost', 'Wind Break']
['Tarukaja', 'Garula', 'Wind Break', 'Counter', 'Sukukaja']
['Garula', 'Wind Amp', 'Counter', 'Patra', 'Rakukaja']
['Sukukaja', 'Garula', 'Patra', 'Growth 3', 'Salvation']
['Panta Rhei', 'Rakukaja', 'Garula', 'Mind Charge', 'Recarm']
['Wind Boost', 'Garula', 'Tarukaja', 'Salvation', 'Sukukaja']
['Rakukaja', 'Patra', 'Growth 3', 'Garula', 'Panta Rhei']
['Growth 3', 'Garula', 'Recarm', 'Counter', 'Sharp Student']
['Panta Rhei', 'Diarahan', 'Wind Amp', 'Garula', 'Null Dark']
['Patra', 'Garula', 'Panta Rhei', 'Tarukaja', 'Wind Boost']
['Garula', 'Null Dark', 'Panta Rhei', 'Sukukaja', 'Rakukaja']
['Garula', 'Mind Charge', "God's Hand", 'Panta Rhei', 'Sukukaja']
['Tarukaja', 'Garula', 'Counter', 'Panta Rhei', 'Patra']
['Garula', 'Diarahan', 'Panta Rhei', 'Trafuri', 'Patra']
['Patra', 'Wind Boost', 'Wind Break', 'Mind Charge', 'Rakukaja']
['Patra', 'Garula', 'Recarm', 'Mind Charge', 'Wind Break']
['Trafuri', 'Wind Boost', 'Garula', 'Mind Charge', 'Patra']
['Garula', 'Tarukaja', 'Panta Rhei', 'Diarahan', 'Wind Boost']
['Garula', 'Null Dark', 'Sukukaja', 'Growth 3', 'Patra']
['Garula', 'Panta Rhei', 'Salvation', 'Diarahan', 'Patra']
['Sukukaja', 'Garula', 'Null Dark', 'Counter', 'Patra']
['Sharp Student', 'Garula', 'Samsara', 'Sukukaja', 'Growth 3']
['Tarukaja', 'Garula', 'Rakukaja', 'Sharp Student', 'Patra']
['Wind Boost', 'Tarukaja', 'Diarahan', 'Sukukaja', 'Growth 3']
['Garula', 'Panta Rhei', 'Null Dark', 'Sukukaja', 'Wind Boost']
['Garula', 'Rakukaja', 'Sharp Student', 'Recarm', 'Sukukaja']
['Garula', 'Panta Rhei', 'Sukukaja', 'Patra', 'Sharp Student']
['Tarukaja', 'Patra', 'Sukukaja', 'Garula', 'Panta Rhei']
['Sukukaja', 'Tarukaja', 'Panta Rhei', 'Patra', 'Sharp Student']
['Tarukaja', 'Garula', 'Growth 3', 'Sharp Student', 'Trafuri']
['Sukukaja', 'Patra', 'Garula', 'Wind Boost', 'Recarm']
['Patra', 'Panta Rhei', 'Garula', 'Sukukaja', 'Growth 3']
['Panta Rhei', 'Garula', 'Sukukaja', 'Rakukaja', 'Wind Amp']
['Sukukaja', 'Garula', 'Tarukaja', 'Panta Rhei', 'Counter']
['Garula', 'Sharp Student', 'Panta Rhei', 'Growth 3', 'Wind Boost']
['Counter', 'Wind Boost', 'Wind Amp', 'Garula', 'Tarukaja']
['Patra', 'Wind Amp', 'Garula', 'Samsara', 'Growth 3']
['Wind Amp', 'Panta Rhei', 'Sukukaja', 'Wind Break', 'Recarm']
['Garula', 'Panta Rhei', 'Wind Boost', 'Recarm', 'Tarukaja']
['Garula', 'Panta Rhei', 'Wind Boost', 'Wind Amp', 'Patra']
['Diarahan', 'Panta Rhei', 'Recarm', 'Garula', 'Sukukaja']
['Mind Charge', 'Sukukaja', 'Null Dark', 'Wind Amp', 'Rakukaja']
['Wind Break', 'Sharp Student', 'Wind Amp', 'Sukukaja', 'Tarukaja']
['Patra', 'Rakukaja', 'Wind Amp', 'Panta Rhei', 'Diarahan']
['Garula', 'Sharp Student', 'Panta Rhei', 'Rakukaja', 'Tarukaja']
['Patra', 'Garula', 'Panta Rhei', 'Counter', 'Mind Charge']
['Patra', 'Garula', 'Diarahan', 'Null Dark', 'Mind Charge']
['Garula', 'Patra', 'Wind Boost', 'Wind Amp', 'Tarukaja']
['Garula', 'Sukukaja', 'Wind Boost', 'Panta Rhei', 'Growth 3']
['Null Dark', 'Tarukaja', 'Rakukaja', 'Garula', 'Wind Break']
['Sukukaja', 'Wind Break', 'Wind Boost', 'Garula', 'Diarahan']
['Garula', 'Recarm', 'Patra', 'Tarukaja', 'Rakukaja']
['Patra', 'Tarukaja', 'Sharp Student', 'Rakukaja', 'Wind Boost']
['Garula', 'Panta Rhei', 'Diarahan', 'Tarukaja', 'Growth 3']
['Panta Rhei', 'Wind Boost', 'Tarukaja', 'Patra', 'Diarahan']
['Recarm', 'Garula', 'Panta Rhei', 'Patra', 'Sukukaja']
['Sukukaja', 'Patra', 'Panta Rhei', 'Diarahan', 'Recarm']
['Garula', 'Tarukaja', 'Sharp Student', 'Null Dark', 'Counter']
['Growth 3', 'Tarukaja', 'Counter', 'Patra', 'Garula']
['Garula', 'Patra', 'Sharp Student', 'Null Dark', 'Diarahan']
['Panta Rhei', 'Garula', 'Sharp Student', 'Recarm', 'Wind Boost']
['Rakukaja', 'Sukukaja', 'Garula', 'Null Dark', 'Wind Boost']
['Garula', 'Sukukaja', 'Patra', 'Panta Rhei', 'Null Dark']
['Garula', 'Diarahan', 'Patra', 'Panta Rhei', 'Sharp Student']
['Panta Rhei', 'Wind Break', 'Tarukaja', 'Garula', 'Patra']
['Sharp Student', 'Garula', 'Sukukaja', 'Patra', 'Trafuri']
['Tarukaja', 'Patra', 'Wind Break', 'Sukukaja', 'Garula']
['Garula', 'Panta Rhei', 'Counter', 'Wind Break', 'Diarahan']
['Wind Boost', 'Rakukaja', 'Sharp Student', 'Panta Rhei', 'Garula']
['Sukukaja', 'Wind Boost', 'Trafuri', 'Panta Rhei', 'Garula']
['Wind Boost', 'Garula', 'Wind Break', 'Tarukaja', 'Mind Charge']
['Salvation', 'Garula', 'Patra', 'Wind Boost', 'Sharp Student']
['Sukukaja', 'Garula', 'Counter', 'Wind Break', 'Wind Boost']
['Wind Boost', 'Garula', 'Salvation', 'Patra', 'Rakukaja']
['Garula', 'Null Dark', 'Patra', 'Counter', 'Rakukaja']
['Panta Rhei', 'Garula', 'Sharp Student', 'Counter', 'Diarahan']
['Panta Rhei', 'Samsara', 'Growth 3', 'Trafuri', 'Garula']
['Rakukaja', 'Garula', 'Wind Break', 'Counter', 'Growth 3']
['Garula', 'Wind Boost', 'Tarukaja', 'Mind Charge', 'Growth 3']
['Patra', 'Garula', 'Sukukaja', 'Null Dark', 'Panta Rhei']
['Wind Boost', 'Wind Break', 'Panta Rhei', 'Sukukaja', 'Patra']
['Rakukaja', 'Sharp Student', 'Sukukaja', 'Wind Amp', 'Panta Rhei']
['Wind Amp', 'Panta Rhei', 'Diarahan', 'Trafuri', 'Garula']
['Recarm', 'Garula', 'Samsara', 'Wind Break', 'Trafuri']
['Garula', 'Rakukaja', 'Sukukaja', 'Wind Amp', 'Tarukaja']
['Recarm', 'Sharp Student', 'Patra', 'Garula', 'Panta Rhei']
['Diarahan', 'Garula', 'Counter', 'Rakukaja', 'Patra']
['Patra', 'Garula', 'Recarm', 'Panta Rhei', 'Wind Amp']
['Sukukaja', 'Garula', 'Wind Boost', 'Panta Rhei', 'Wind Amp']
['Patra', 'Garula', 'Mind Charge', 'Tarukaja', 'Rakukaja']
['Garula', 'Patra', 'Rakukaja', 'Counter', 'Tarukaja']
['Null Dark', 'Patra', 'Recarm', 'Tarukaja', 'Mind Charge']
['Rakukaja', 'Tarukaja', 'Wind Boost', 'Patra', 'Wind Amp']
['Rakukaja', 'Diarahan', 'Panta Rhei', 'Tarukaja', 'Wind Break']
['Garula', 'Panta Rhei', 'Tarukaja', 'Null Dark', 'Growth 3']
['Garula', 'Growth 3', 'Wind Boost', 'Panta Rhei', 'Diarahan']
['Growth 3', 'Sharp Student', 'Wind Boost', 'Wind Break', 'Panta Rhei']
['Wind Break', 'Rakukaja', 'Mind Charge', 'Sukukaja', 'Garula']
['Wind Amp', 'Tarukaja', 'Sharp Student', 'Sukukaja', 'Garula']
['Garula', 'Counter', 'Wind Amp', 'Panta Rhei', 'Patra']
['Wind Amp', 'Sukukaja', 'Panta Rhei', 'Samsara', 'Mind Charge']
['Panta Rhei', 'Wind Amp', 'Growth 3', 'Garula', 'Patra']
['Megido', 'Panta Rhei', 'Tarukaja', 'Trafuri', 'Patra']
['Samsara', 'Panta Rhei', 'Patra', 'Tarukaja', 'Wind Amp']
['Panta Rhei', 'Tarukaja', 'Garula', 'Sharp Student', 'Patra']
['Sukukaja', 'Wind Break', 'Garula', 'Counter', 'Sharp Student']
['Garula', 'Panta Rhei', 'Trafuri', 'Mind Charge', 'Patra']
['Patra', 'Growth 3', 'Sukukaja', 'Garula', 'Wind Boost']
['Garula', 'Patra', 'Wind Break', 'Wind Amp', 'Panta Rhei']
['Garula', 'Patra', 'Panta Rhei', 'Diarahan', 'Wind Break']
['Sharp Student', 'Patra', 'Wind Boost', 'Garula', 'Wind Break']
['Salvation', 'Recarm', 'Patra', 'Diarahan', 'Rakukaja']
['Tarukaja', 'Rakukaja', 'Garula', 'Patra', 'Wind Amp']
['Patra', 'Wind Break', 'Wind Boost', 'Garula', 'Trafuri']
['Panta Rhei', 'Patra', 'Tarukaja', 'Rakukaja', 'Garula']
['Mind Charge', 'Garula', 'Wind Amp', 'Wind Break', 'Patra']
['Garula', 'Patra', 'Growth 3', 'Panta Rhei', 'Diarahan']
['Sukukaja', 'Panta Rhei', 'Diarahan', 'Rakukaja', 'Mind Charge']
['Counter', 'Garula', 'Panta Rhei', 'Sukukaja', 'Salvation']
['Garula', 'Patra', 'Growth 3', 'Wind Amp', 'Wind Boost']
['Null Dark', 'Sharp Student', 'Garula', 'Samsara', 'Panta Rhei']
['Salvation', 'Garula', 'Sukukaja', 'Mind Charge', 'Panta Rhei']
['Wind Boost', 'Patra', 'Sharp Student', 'Wind Break', 'Panta Rhei']
['Garula', 'Tarukaja', 'Recarm', 'Patra', 'Sukukaja']
['Mind Charge', 'Growth 3', 'Tarukaja', 'Patra', 'Panta Rhei']
['Garula', 'Patra', 'Wind Boost', 'Recarm', 'Panta Rhei']
['Trafuri', 'Wind Amp', 'Tarukaja', 'Garula', 'Diarahan']
['Patra', 'Counter', 'Wind Boost', 'Mind Charge', 'Panta Rhei']
['Wind Amp', 'Garula', 'Trafuri', 'Counter', 'Wind Break']
['Patra', 'Garula', 'Counter', 'Wind Boost', 'Samsara']
['Garula', 'Counter', 'Mind Charge', 'Wind Break', 'Wind Boost']
['Rakukaja', 'Patra', 'Panta Rhei', 'Recarm', 'Garula']
['Patra', 'Null Dark', 'Counter', 'Garula', 'Panta Rhei']
['Garula', 'Wind Break', 'Sharp Student', 'Sukukaja', 'Panta Rhei']
['Trafuri', 'Garula', 'Rakukaja', 'Growth 3', 'Wind Break']
['Panta Rhei', 'Rakukaja', 'Garula', 'Patra', 'Tarukaja']
['Null Dark', 'Rakukaja', 'Garula', 'Panta Rhei', 'Wind Boost']
['Wind Amp', 'Sharp Student', 'Panta Rhei', 'Counter', 'Wind Boost']
['Garula', 'Patra', 'Sharp Student', 'Wind Break', 'Tarukaja']
['Null Dark', 'Recarm', 'Salvation', 'Garula', 'Rakukaja']
['Recarm', 'Trafuri', 'Wind Boost', 'Tarukaja', 'Counter']
['Null Dark', 'Panta Rhei', 'Garula', 'Tarukaja', 'Wind Boost']
['Wind Amp', 'Wind Boost', 'Garula', 'Growth 3', 'Patra']
['Garula', 'Null Dark', 'Sukukaja', 'Panta Rhei', "God's Hand"]
['Patra', 'Panta Rhei', 'Rakukaja', 'Sukukaja', 'Garula']
['Garula', 'Wind Boost', 'Mind Charge', 'Sukukaja', 'Tarukaja']
['Garula', 'Patra', 'Mind Charge', 'Panta Rhei', 'Null Dark']
['Diarahan', 'Garula', 'Sharp Student', 'Sukukaja', 'Counter']
['Garula', 'Patra', 'Diarahan', 'Panta Rhei', 'Tarukaja']
['Garula', 'Diarahan', 'Patra', 'Wind Boost', 'Growth 3']
['Panta Rhei', 'Garula', 'Recarm', 'Wind Boost', 'Salvation']
['Sukukaja', 'Garula', 'Mind Charge', 'Sharp Student', 'Wind Break']
['Panta Rhei', 'Patra', 'Null Dark', 'Samsara', 'Garula']
['Patra', 'Panta Rhei', 'Mind Charge', 'Garula', 'Wind Boost']
['Wind Boost', 'Null Dark', 'Panta Rhei', 'Rakukaja', 'Garula']
['Garula', 'Wind Boost', 'Wind Break', 'Patra', 'Rakukaja']
['Patra', 'Garula', 'Rakukaja', 'Tarukaja', 'Recarm']
['Wind Break', 'Counter', 'Wind Boost', 'Mind Charge', 'Sharp Student']
['Wind Boost', 'Diarahan', 'Sukukaja', 'Recarm', 'Garula']
['Garula', 'Patra', 'Sharp Student', 'Tarukaja', 'Trafuri']
['Samsara', 'Garula', 'Wind Amp', 'Sharp Student', 'Wind Boost']
['Garula', 'Growth 3', 'Trafuri', 'Rakukaja', 'Sukukaja']
['Garula', 'Panta Rhei', 'Rakukaja', 'Tarukaja', 'Patra']
['Garula', 'Diarahan', 'Patra', 'Recarm', 'Panta Rhei']
['Panta Rhei', 'Patra', 'Garula', 'Counter', 'Tarukaja']
['Rakukaja', 'Garula', 'Wind Amp', 'Patra', 'Sharp Student']
['Sukukaja', 'Wind Boost', 'Patra', 'Wind Break', 'Tarukaja']
['Sukukaja', 'Garula', 'Patra', 'Counter', 'Wind Boost']
['Patra', 'Sukukaja', 'Garula', 'Salvation', 'Counter']
['Diarahan', 'Patra', 'Tarukaja', 'Garula', 'Panta Rhei']
['Tarukaja', 'Garula', 'Growth 3', 'Null Dark', 'Recarm']
['Recarm', 'Garula', 'Sharp Student', 'Tarukaja', 'Patra']
['Garula', 'Panta Rhei', 'Patra', 'Wind Boost', 'Tarukaja']
['Garula', 'Counter', 'Tarukaja', 'Patra', 'Growth 3']
['Garula', 'Sukukaja', 'Tarukaja', 'Counter', 'Panta Rhei']
['Counter', 'Growth 3', 'Samsara', 'Akasha Arts', 'Patra']
['Wind Break', 'Mind Charge', 'Garula', 'Panta Rhei', 'Patra']
['Megido', 'Garula', 'Sukukaja', 'Tarukaja', 'Patra']
['Garula', 'Growth 3', 'Sukukaja', 'Panta Rhei', 'Megido']
['Garula', 'Rakukaja', 'Patra', 'Sukukaja', 'Tarukaja']
['Wind Break', 'Akasha Arts', 'Mind Charge', 'Garula', 'Recarm']
['Garula', 'Patra', 'Wind Break', 'Panta Rhei', 'Wind Amp']
['Sharp Student', 'Patra', 'Wind Boost', 'Rakukaja', 'Panta Rhei']
['Wind Boost', 'Garula', 'Growth 3', 'Sharp Student', 'Panta Rhei']
['Garula', 'Wind Boost', 'Wind Break', 'Sukukaja', 'Growth 3']
['Samsara', 'Sharp Student', 'Wind Boost', 'Garula', 'Growth 3']
['Garula', 'Salvation', 'Mind Charge', 'Wind Break', 'Sukukaja']
['Akasha Arts', 'Null Dark', 'Patra', 'Panta Rhei', 'Rakukaja']
['Sukukaja', 'Patra', 'Tarukaja', 'Garula', 'Panta Rhei']
['Panta Rhei', 'Wind Amp', 'Patra', 'Wind Boost', 'Garula']
['Garula', 'Panta Rhei', 'Tarukaja', 'Wind Break', 'Sukukaja']
['Rakukaja', 'Sharp Student', 'Diarahan', 'Recarm', 'Tarukaja']
['Wind Boost', 'Sukukaja', 'Garula', 'Diarahan', 'Counter']
['Wind Boost', 'Tarukaja', 'Null Dark', 'Rakukaja', 'Garula']
['Patra', 'Counter', 'Growth 3', 'Tarukaja', 'Garula']
['Patra', 'Garula', 'Rakukaja', 'Salvation', 'Sukukaja']
['Sukukaja', 'Mind Charge', 'Patra', 'Panta Rhei', 'Garula']
['Garula', 'Sharp Student', 'Panta Rhei', 'Wind Boost', 'Growth 3']
['Garula', 'Tarukaja', 'Trafuri', 'Sharp Student', 'Rakukaja']
['Garula', 'Panta Rhei', 'Wind Boost', 'Sukukaja', 'Tarukaja']
['Patra', 'Garula', 'Panta Rhei', 'Sharp Student', 'Tarukaja']
['Rakukaja', 'Wind Break', 'Garula', 'Sukukaja', 'Null Dark']
['Wind Amp', 'Diarahan', 'Wind Break', 'Null Dark', 'Mind Charge']
['Growth 3', 'Tarukaja', 'Garula', 'Wind Break', 'Patra']
['Sukukaja', 'Panta Rhei', 'Recarm', 'Sharp Student', 'Patra']
['Panta Rhei', 'Trafuri', 'Sukukaja', 'Recarm', 'Rakukaja']
['Wind Break', 'Null Dark', 'Samsara', 'Patra', 'Garula']
['Panta Rhei', 'Tarukaja', 'Sukukaja', 'Recarm', 'Counter']
['Wind Boost', 'Sharp Student', 'Diarahan', 'Garula', 'Growth 3']
['Garula', 'Growth 3', 'Panta Rhei', 'Recarm', 'Wind Break']
['Garula', 'Panta Rhei', 'Counter', 'Wind Amp', 'Tarukaja']
['Garula', 'Patra', 'Rakukaja', 'Wind Amp', 'Counter']
['Panta Rhei', 'Garula', 'Patra', 'Growth 3', 'Trafuri']
['Tarukaja', 'Diarahan', 'Garula', 'Wind Boost', 'Growth 3']
['Tarukaja', 'Garula', 'Null Dark', 'Counter', 'Wind Boost']
['Wind Amp', 'Null Dark', 'Garula', 'Rakukaja', 'Panta Rhei']
['Rakukaja', 'Recarm', 'Salvation', 'Growth 3', 'Panta Rhei']
['Wind Break', 'Garula', 'Patra', 'Panta Rhei', 'Rakukaja']
['Patra', 'Diarahan', 'Panta Rhei', 'Rakukaja', 'Wind Boost']
['Sukukaja', 'Garula', 'Null Dark', 'Panta Rhei', 'Patra']
['Wind Boost', 'Null Dark', 'Garula', 'Patra', 'Counter']
['Sharp Student', 'Tarukaja', 'Garula', 'Rakukaja', 'Patra']
['Recarm', 'Rakukaja', 'Garula', 'Wind Amp', 'Tarukaja']
['Patra', 'Wind Boost', 'Rakukaja', "God's Hand", 'Recarm']
['Garula', 'Wind Boost', 'Panta Rhei', 'Counter', 'Patra']
['Trafuri', 'Panta Rhei', 'Sharp Student', 'Rakukaja', 'Samsara']
['Salvation', 'Sukukaja', 'Wind Break', 'Garula', 'Patra']
['Garula', 'Sukukaja', 'Counter', 'Salvation', 'Rakukaja']
['Sharp Student', 'Growth 3', 'Garula', 'Wind Break', 'Patra']
['Tarukaja', 'Rakukaja', 'Samsara', 'Salvation', 'Sukukaja']
['Wind Break', 'Garula', 'Growth 3', 'Tarukaja', 'Panta Rhei']
['Garula', 'Panta Rhei', 'Counter', 'Recarm', 'Wind Amp']
['Mind Charge', 'Wind Boost', 'Garula', 'Counter', 'Panta Rhei']
['Garula', 'Sharp Student', 'Panta Rhei', 'Rakukaja', 'Mind Charge']
['Wind Break', 'Wind Amp', 'Wind Boost', 'Garula', 'Panta Rhei']
['Sharp Student', 'Garula', 'Patra', 'Counter', 'Recarm']
['Garula', 'Wind Boost', 'Panta Rhei', 'Salvation', 'Counter']
['Patra', 'Wind Break', 'Wind Boost', 'Recarm', 'Samsara']
['Patra', 'Growth 3', 'Sukukaja', 'Panta Rhei', 'Salvation']
['Tarukaja', 'Patra', 'Wind Boost', 'Wind Amp', 'Garula']
['Garula', 'Patra', 'Samsara', 'Sukukaja', 'Sharp Student']
['Sukukaja', 'Sharp Student', 'Garula', 'Panta Rhei', 'Recarm']
['Rakukaja', 'Mind Charge', 'Garula', 'Wind Break', 'Patra']
['Sharp Student', 'Counter', 'Tarukaja', 'Patra', 'Garula']
['Wind Boost', 'Garula', 'Null Dark', 'Tarukaja', 'Sharp Student']
['Garula', 'Trafuri', 'Sharp Student', 'Patra', 'Panta Rhei']
['Garula', 'Patra', 'Sukukaja', 'Diarahan', 'Recarm']
['Patra', 'Garula', 'Wind Boost', 'Sharp Student', 'Panta Rhei']
['Wind Amp', 'Garula', 'Diarahan', 'Counter', 'Tarukaja']
['Wind Boost', 'Null Dark', 'Panta Rhei', 'Mind Charge', 'Garula']
['Diarahan', 'Recarm', 'Garula', 'Sukukaja', 'Growth 3']
['Wind Boost', 'Sharp Student', 'Akasha Arts', 'Diarahan', 'Wind Amp']
['Rakukaja', 'Wind Boost', 'Counter', 'Sharp Student', 'Garula']
['Wind Boost', 'Garula', 'Patra', 'Recarm', 'Wind Break']
['Tarukaja', 'Garula', 'Counter', 'Patra', 'Trafuri']
['Garula', 'Growth 3', 'Rakukaja', 'Sharp Student', 'Counter']
['Sukukaja', 'Garula', 'Patra', 'Growth 3', 'Sharp Student']
['Panta Rhei', 'Tarukaja', 'Garula', 'Rakukaja', 'Mind Charge']
['Patra', 'Garula', 'Tarukaja', 'Salvation', 'Rakukaja']
['Tarukaja', 'Salvation', 'Rakukaja', 'Wind Boost', 'Patra']
['Diarahan', 'Wind Amp', 'Garula', 'Wind Boost', 'Patra']
['Patra', 'Counter', 'Rakukaja', 'Salvation', 'Null Dark']
['Diarahan', 'Growth 3', 'Garula', 'Patra', 'Panta Rhei']
['Panta Rhei', 'Garula', 'Wind Boost', 'Patra', 'Rakukaja']
['Wind Boost', 'Sukukaja', 'Diarahan', 'Garula', 'Patra']
['Tarukaja', 'Counter', 'Rakukaja', 'Patra', 'Wind Boost']
['Garula', 'Patra', 'Mind Charge', 'Counter', 'Sukukaja']
['Trafuri', 'Garula', 'Panta Rhei', 'Wind Amp', 'Sukukaja']
['Garula', 'Wind Break', 'Mind Charge', 'Patra', 'Growth 3']
['Garula', 'Growth 3', 'Sukukaja', 'Mind Charge', 'Diarahan']
['Sharp Student', 'Tarukaja', 'Garula', 'Panta Rhei', 'Mind Charge']
['Wind Break', 'Garula', 'Wind Amp', 'Mind Charge', 'Panta Rhei']
['Panta Rhei', 'Patra', 'Sharp Student', 'Diarahan', 'Counter']
['Garula', 'Recarm', 'Panta Rhei', 'Counter', 'Sharp Student']
['Panta Rhei', 'Garula', 'Sharp Student', 'Patra', 'Trafuri']
['Patra', 'Wind Boost', 'Megido', 'Recarm', 'Garula']
['Wind Boost', 'Patra', 'Rakukaja', 'Recarm', 'Null Dark']
['Tarukaja', 'Panta Rhei', 'Garula', 'Growth 3', 'Patra']
['Garula', 'Null Dark', 'Akasha Arts', 'Patra', 'Wind Break']
['Garula', 'Sharp Student', 'Wind Boost', 'Panta Rhei', 'Trafuri']
['Sukukaja', 'Rakukaja', 'Sharp Student', 'Panta Rhei', 'Garula']
['Garula', 'Counter', 'Diarahan', 'Patra', 'Wind Boost']
['Growth 3', 'Sukukaja', 'Garula', 'Null Dark', 'Panta Rhei']
['Sharp Student', 'Rakukaja', 'Null Dark', 'Recarm', "God's Hand"]
['Sharp Student', 'Samsara', 'Garula', 'Tarukaja', 'Rakukaja']
['Wind Amp', 'Garula', 'Rakukaja', 'Wind Break', 'Growth 3']
['Garula', 'Patra', 'Rakukaja', 'Wind Boost', 'Sukukaja']
['Wind Amp', 'Sharp Student', 'Patra', 'Sukukaja', 'Panta Rhei']
['Wind Boost', 'Garula', 'Sharp Student', 'Rakukaja', 'Panta Rhei']
['Garula', 'Sukukaja', 'Panta Rhei', 'Wind Amp', 'Tarukaja']
['Patra', 'Garula', 'Sukukaja', 'Diarahan', 'Panta Rhei']
['Garula', 'Rakukaja', 'Wind Boost', 'Sharp Student', 'Trafuri']
['Growth 3', 'Garula', 'Patra', 'Sukukaja', 'Panta Rhei']
['Tarukaja', 'Rakukaja', 'Garula', 'Sharp Student', 'Sukukaja']
['Garula', 'Panta Rhei', 'Wind Boost', 'Patra', 'Sharp Student']
['Garula', 'Sharp Student', 'Diarahan', 'Recarm', 'Panta Rhei']
['Rakukaja', 'Wind Amp', 'Garula', 'Tarukaja', 'Growth 3']
['Garula', 'Sukukaja', 'Growth 3', 'Null Dark', 'Panta Rhei']
['Panta Rhei', 'Garula', 'Growth 3', 'Patra', 'Counter']
['Mind Charge', 'Garula', 'Wind Boost', 'Sukukaja', 'Patra']
['Garula', 'Wind Boost', 'Mind Charge', 'Patra', 'Tarukaja']
['Patra', 'Garula', 'Wind Break', 'Samsara', 'Panta Rhei']
['Garula', 'Panta Rhei', 'Patra', 'Wind Boost', 'Wind Break']
['Patra', 'Megido', 'Sharp Student', 'Garula', 'Recarm']
['Tarukaja', 'Null Dark', 'Wind Boost', 'Garula', 'Patra']
['Patra', 'Rakukaja', 'Sukukaja', 'Diarahan', 'Wind Break']
['Mind Charge', 'Samsara', 'Patra', 'Akasha Arts', 'Garula']
['Sukukaja', 'Growth 3', 'Rakukaja', 'Wind Amp', 'Panta Rhei']
['Garula', 'Rakukaja', 'Wind Boost', 'Patra', 'Megido']
['Recarm', 'Garula', 'Sukukaja', 'Counter', 'Panta Rhei']
['Sukukaja', 'Garula', 'Tarukaja', 'Sharp Student', 'Wind Break']
['Recarm', 'Patra', 'Counter', 'Garula', "God's Hand"]
['Wind Boost', 'Garula', 'Growth 3', 'Sharp Student', 'Panta Rhei']
['Tarukaja', 'Wind Boost', 'Garula', 'Patra', 'Counter']
['Tarukaja', 'Rakukaja', 'Sukukaja', 'Patra', 'Garula']
['Patra', 'Garula', 'Samsara', 'Sukukaja', 'Salvation']
['Panta Rhei', 'Garula', 'Counter', 'Sharp Student', 'Rakukaja']
['Rakukaja', 'Garula', 'Panta Rhei', 'Wind Amp', 'Patra']
['Garula', 'Patra', 'Null Dark', 'Tarukaja', 'Panta Rhei']
['Panta Rhei', 'Garula', 'Wind Amp', 'Samsara', 'Diarahan']
['Panta Rhei', 'Sharp Student', 'Patra', 'Diarahan', 'Counter']
['Garula', 'Patra', 'Panta Rhei', 'Recarm', 'Growth 3']
['Counter', 'Panta Rhei', 'Tarukaja', 'Recarm', 'Wind Boost']
['Garula', 'Wind Boost', 'Recarm', 'Diarahan', 'Panta Rhei']
['Wind Break', 'Garula', 'Rakukaja', 'Patra', 'Megido']
['Salvation', 'Growth 3', 'Patra', 'Garula', 'Wind Amp']
['Wind Boost', 'Wind Break', 'Recarm', 'Patra', 'Sukukaja']
['Growth 3', 'Garula', 'Sharp Student', 'Sukukaja', 'Null Dark']
['Panta Rhei', 'Mind Charge', 'Tarukaja', 'Wind Amp', 'Garula']
['Trafuri', 'Garula', 'Rakukaja', 'Sukukaja', 'Sharp Student']
['Patra', 'Panta Rhei', 'Diarahan', 'Wind Boost', 'Garula']
['Rakukaja', 'Recarm', 'Garula', 'Sukukaja', 'Sharp Student']
['Patra', 'Garula', 'Sukukaja', 'Wind Amp', 'Sharp Student']
['Garula', 'Wind Boost', 'Samsara', 'Mind Charge', 'Tarukaja']
['Garula', 'Mind Charge', 'Rakukaja', 'Tarukaja', 'Null Dark']
['Counter', 'Samsara', 'Garula', 'Megido', 'Null Dark']
['Recarm', 'Wind Boost', 'Garula', 'Null Dark', 'Sukukaja']
['Garula', 'Patra', 'Panta Rhei', 'Sukukaja', 'Rakukaja']
['Patra', 'Tarukaja', 'Rakukaja', 'Sharp Student', 'Garula']
['Wind Boost', 'Wind Break', 'Patra', 'Garula', 'Growth 3']
['Patra', 'Diarahan', 'Garula', 'Salvation', 'Panta Rhei']
['Garula', 'Mind Charge', 'Patra', 'Counter', 'Panta Rhei']
['Null Dark', 'Patra', 'Garula', 'Panta Rhei', 'Wind Break']
['Wind Break', 'Garula', 'Patra', 'Sukukaja', 'Counter']
['Growth 3', 'Garula', 'Patra', 'Rakukaja', 'Wind Boost']
['Garula', 'Patra', 'Counter', 'Wind Amp', 'Wind Boost']
['Garula', 'Sukukaja', 'Wind Amp', 'Trafuri', 'Tarukaja']
['Panta Rhei', 'Garula', 'Rakukaja', 'Recarm', 'Salvation']
['Sharp Student', 'Rakukaja', 'Garula', 'Patra', 'Panta Rhei']
['Counter', 'Garula', 'Wind Boost', 'Growth 3', 'Sharp Student']
['Panta Rhei', 'Patra', 'Recarm', 'Wind Amp', 'Sharp Student']
['Diarahan', 'Null Dark', 'Garula', 'Wind Boost', 'Samsara']
['Garula', 'Growth 3', 'Panta Rhei', 'Wind Boost', 'Sharp Student']
['Patra', 'Null Dark', 'Counter', 'Sukukaja', 'Mind Charge']
['Garula', 'Trafuri', 'Counter', 'Wind Boost', 'Sharp Student']
['Panta Rhei', 'Patra', 'Garula', 'Null Dark', 'Sukukaja']
['Wind Boost', 'Mind Charge', 'Garula', 'Rakukaja', 'Patra']
['Counter', 'Patra', 'Samsara', 'Trafuri', 'Garula']
['Garula', 'Sharp Student', 'Diarahan', 'Panta Rhei', 'Counter']
['Tarukaja', 'Garula', 'Panta Rhei', 'Patra', 'Mind Charge']
['Garula', 'Patra', 'Counter', 'Panta Rhei', 'Wind Boost']
['Garula', 'Patra', 'Rakukaja', 'Recarm', 'Wind Boost']
['Null Dark', 'Counter', 'Growth 3', 'Garula', 'Patra']
['Tarukaja', 'Counter', 'Rakukaja', 'Panta Rhei', 'Patra']
['Panta Rhei', 'Mind Charge', 'Rakukaja', 'Recarm', 'Wind Boost']
['Tarukaja', 'Rakukaja', 'Wind Amp', 'Samsara', 'Panta Rhei']
['Sukukaja', 'Garula', 'Sharp Student', 'Samsara', 'Wind Boost']
['Panta Rhei', 'Tarukaja', 'Sharp Student', 'Wind Boost', 'Garula']
['Garula', 'Sukukaja', 'Wind Amp', 'Rakukaja', 'Panta Rhei']
['Tarukaja', 'Samsara', 'Wind Boost', 'Null Dark', 'Panta Rhei']
['Salvation', 'Garula', 'Wind Boost', 'Recarm', 'Mind Charge']
['Wind Boost', 'Megido', 'Sukukaja', 'Mind Charge', 'Wind Break']
['Panta Rhei', 'Garula', 'Patra', 'Mind Charge', 'Sharp Student']
['Tarukaja', 'Garula', 'Sukukaja', 'Rakukaja', 'Samsara']
['Counter', 'Rakukaja', 'Patra', 'Panta Rhei', 'Garula']
['Tarukaja', 'Wind Boost', 'Wind Break', 'Diarahan', 'Panta Rhei']
['Garula', 'Wind Boost', 'Sharp Student', 'Wind Amp', 'Panta Rhei']
['Garula', 'Recarm', 'Wind Boost', 'Wind Amp', 'Tarukaja']
['Wind Break', 'Diarahan', 'Wind Amp', 'Sukukaja', 'Tarukaja']
['Garula', 'Patra', 'Recarm', 'Panta Rhei', 'Mind Charge']
['Patra', 'Rakukaja', 'Salvation', 'Tarukaja', 'Panta Rhei']
['Sharp Student', 'Tarukaja', 'Mind Charge', 'Trafuri', 'Garula']
['Recarm', 'Garula', 'Wind Amp', 'Patra', 'Mind Charge']
['Sukukaja', 'Panta Rhei', 'Patra', 'Diarahan', 'Wind Boost']
['Null Dark', 'Patra', 'Garula', 'Wind Boost', 'Sukukaja']
['Tarukaja', 'Counter', 'Patra', 'Sharp Student', 'Panta Rhei']
['Tarukaja', 'Growth 3', 'Recarm', 'Garula', 'Wind Boost']
['Patra', 'Garula', 'Panta Rhei', 'Wind Boost', 'Counter']
['Sharp Student', 'Patra', 'Null Dark', 'Panta Rhei', 'Garula']
['Garula', 'Sukukaja', 'Panta Rhei', 'Counter', 'Rakukaja']
['Tarukaja', 'Recarm', 'Panta Rhei', 'Sharp Student', 'Garula']
['Garula', 'Panta Rhei', 'Patra', 'Sukukaja', 'Wind Amp']
['Patra', 'Sukukaja', 'Wind Break', 'Counter', 'Garula']
['Garula', 'Patra', 'Sukukaja', 'Diarahan', 'Growth 3']
['Garula', 'Growth 3', 'Sukukaja', 'Counter', 'Rakukaja']
['Wind Break', 'Garula', 'Patra', 'Wind Boost', 'Rakukaja']
['Rakukaja', 'Tarukaja', 'Panta Rhei', 'Patra', 'Sukukaja']
['Sukukaja', 'Wind Boost', 'Wind Amp', 'Garula', 'Sharp Student']
['Garula', 'Panta Rhei', 'Salvation', 'Counter', 'Patra']
['Garula', 'Panta Rhei', 'Patra', 'Null Dark', 'Sharp Student']
['Garula', 'Wind Boost', 'Panta Rhei', 'Counter', 'Rakukaja']
['Growth 3', 'Panta Rhei', 'Garula', 'Tarukaja', 'Patra']
['Garula', 'Null Dark', 'Diarahan', 'Wind Boost', 'Patra']
['Rakukaja', 'Akasha Arts', 'Null Dark', 'Wind Boost', 'Wind Break']
['Garula', 'Panta Rhei', 'Sukukaja', 'Mind Charge', 'Tarukaja']
['Diarahan', 'Rakukaja', 'Counter', 'Panta Rhei', 'Null Dark']
['Rakukaja', 'Garula', 'Samsara', 'Akasha Arts', 'Panta Rhei']
['Panta Rhei', 'Sukukaja', 'Garula', 'Patra', 'Counter']
['Patra', 'Panta Rhei', 'Wind Boost', 'Garula', 'Diarahan']
['Garula', 'Patra', 'Recarm', 'Rakukaja', 'Panta Rhei']
['Sharp Student', 'Trafuri', 'Patra', 'Garula', 'Panta Rhei']
['Garula', 'Wind Break', 'Growth 3', 'Patra', 'Rakukaja']
['Wind Boost', 'Wind Break', 'Garula', 'Tarukaja', 'Mind Charge']
['Garula', 'Sharp Student', 'Sukukaja', 'Trafuri', 'Panta Rhei']
['Patra', 'Garula', 'Wind Break', 'Mind Charge', 'Rakukaja']
['Samsara', 'Growth 3', 'Garula', 'Counter', 'Recarm']
['Tarukaja', 'Garula', 'Wind Break', 'Sukukaja', 'Counter']
['Sharp Student', 'Wind Boost', 'Patra', 'Sukukaja', 'Panta Rhei']
['Wind Boost', 'Rakukaja', 'Tarukaja', 'Sharp Student', 'Garula']
['Sukukaja', 'Panta Rhei', 'Garula', 'Patra', 'Recarm']
['Wind Break', 'Rakukaja', 'Tarukaja', 'Garula', 'Wind Boost']
['Wind Boost', 'Tarukaja', 'Panta Rhei', 'Null Dark', 'Wind Break']
['Growth 3', 'Mind Charge', 'Salvation', 'Sukukaja', 'Garula']
['Sharp Student', 'Growth 3', 'Garula', 'Patra', 'Null Dark']
['Tarukaja', 'Sharp Student', 'Garula', 'Panta Rhei', 'Rakukaja']
['Garula', 'Patra', 'Rakukaja', 'Wind Break', 'Wind Amp']
['Sharp Student', 'Recarm', 'Tarukaja', 'Patra', 'Rakukaja']
['Sukukaja', 'Patra', 'Garula', 'Panta Rhei', 'Salvation']
['Panta Rhei', 'Rakukaja', 'Garula', 'Sukukaja', 'Patra']
['Counter', 'Garula', 'Patra', 'Salvation', 'Wind Boost']
['Tarukaja', 'Diarahan', 'Sukukaja', 'Panta Rhei', 'Patra']
['Patra', 'Garula', 'Wind Boost', 'Rakukaja', 'Null Dark']
['Patra', 'Wind Break', 'Garula', 'Counter', 'Panta Rhei']
['Megido', 'Wind Break', 'Wind Amp', 'Diarahan', 'Garula']
['Garula', 'Patra', 'Recarm', 'Wind Amp', 'Diarahan']
['Tarukaja', 'Panta Rhei', 'Garula', 'Sukukaja', 'Counter']
['Patra', 'Garula', 'Wind Amp', 'Growth 3', 'Panta Rhei']
['Salvation', 'Diarahan', 'Sukukaja', 'Patra', 'Garula']
['Recarm', 'Trafuri', 'Garula', 'Tarukaja', 'Sukukaja']
['Panta Rhei', 'Patra', 'Tarukaja', 'Diarahan', 'Garula']
['Garula', 'Patra', 'Wind Boost', 'Mind Charge', 'Tarukaja']
['Garula', 'Wind Amp', 'Diarahan', 'Wind Break', 'Sharp Student']
['Patra', 'Wind Break', 'Sharp Student', 'Garula', 'Sukukaja']
['Panta Rhei', 'Patra', 'Rakukaja', 'Garula', 'Growth 3']
['Garula', 'Diarahan', 'Tarukaja', 'Null Dark', 'Wind Boost']
['Garula', 'Tarukaja', 'Wind Boost', 'Sukukaja', 'Null Dark']
['Wind Break', 'Garula', 'Panta Rhei', 'Patra', 'Rakukaja']
['Counter', 'Tarukaja', 'Growth 3', 'Garula', 'Rakukaja']
['Patra', 'Null Dark', 'Garula', 'Growth 3', 'Samsara']
['Garula', 'Wind Amp', 'Panta Rhei', 'Tarukaja', 'Rakukaja']
['Wind Boost', 'Panta Rhei', 'Garula', 'Patra', 'Sharp Student']
['Trafuri', 'Garula', 'Patra', 'Wind Boost', 'Sharp Student']
['Garula', 'Sharp Student', 'Wind Boost', 'Patra', 'Rakukaja']
['Growth 3', 'Null Dark', 'Sukukaja', 'Garula', 'Patra']
['Rakukaja', 'Growth 3', 'Wind Break', 'Wind Amp', 'Patra']
['Garula', 'Growth 3', 'Rakukaja', 'Tarukaja', 'Patra']
['Garula', 'Rakukaja', 'Recarm', 'Sharp Student', 'Mind Charge']
['Panta Rhei', 'Patra', 'Null Dark', 'Sharp Student', 'Garula']
['Patra', 'Garula', 'Sukukaja', 'Null Dark', 'Panta Rhei']
['Garula', 'Panta Rhei', 'Rakukaja', 'Recarm', 'Sharp Student']
['Patra', 'Panta Rhei', 'Garula', 'Mind Charge', 'Sharp Student']
['Panta Rhei', 'Mind Charge', 'Wind Amp', 'Garula', 'Growth 3']
['Garula', 'Patra', 'Wind Break', 'Wind Amp', 'Growth 3']
['Garula', 'Tarukaja', 'Panta Rhei', 'Counter', 'Wind Amp']
['Wind Break', 'Garula', 'Sharp Student', 'Diarahan', 'Growth 3']
['Panta Rhei', 'Rakukaja', 'Wind Boost', 'Wind Amp', 'Recarm']
['Patra', 'Wind Amp', 'Diarahan', 'Counter', 'Garula']
['Patra', 'Garula', 'Trafuri', 'Sharp Student', 'Diarahan']
['Growth 3', 'Sukukaja', 'Sharp Student', 'Garula', 'Rakukaja']
['Panta Rhei', 'Garula', 'Wind Boost', 'Patra', 'Tarukaja']
['Recarm', 'Patra', 'Rakukaja', 'Garula', 'Counter']
['Recarm', 'Garula', 'Counter', 'Panta Rhei', 'Growth 3']
['Garula', 'Tarukaja', 'Panta Rhei', 'Patra', 'Diarahan']
['Patra', 'Rakukaja', 'Counter', 'Sukukaja', 'Growth 3']
['Panta Rhei', 'Garula', 'Wind Boost', 'Sukukaja', 'Patra']
['Samsara', 'Counter', 'Wind Amp', 'Wind Boost', 'Patra']
['Sukukaja', 'Tarukaja', 'Garula', 'Panta Rhei', 'Trafuri']
['Panta Rhei', 'Recarm', 'Rakukaja', 'Garula', 'Sukukaja']
['Garula', 'Wind Boost', 'Sharp Student', 'Patra', 'Panta Rhei']
['Counter', 'Patra', 'Sukukaja', 'Diarahan', 'Garula']
['Wind Boost', 'Garula', 'Sharp Student', 'Panta Rhei', 'Wind Break']
['Recarm', 'Patra', 'Garula', 'Panta Rhei', 'Trafuri']
['Garula', 'Patra', 'Sharp Student', 'Null Dark', 'Rakukaja']
['Wind Boost', 'Growth 3', 'Wind Amp', 'Patra', 'Wind Break']
['Panta Rhei', 'Mind Charge', 'Wind Break', 'Garula', 'Diarahan']
['Sharp Student', 'Rakukaja', 'Garula', 'Samsara', 'Panta Rhei']
['Salvation', 'Diarahan', 'Garula', 'Sharp Student', 'Rakukaja']
['Rakukaja', 'Garula', 'Tarukaja', 'Wind Amp', 'Wind Break']
['Rakukaja', 'Sharp Student', 'Garula', 'Wind Break', 'Wind Amp']
['Garula', 'Wind Break', 'Salvation', 'Diarahan', 'Tarukaja']
['Garula', 'Wind Break', 'Diarahan', 'Rakukaja', 'Tarukaja']
['Garula', 'Sharp Student', 'Panta Rhei', 'Patra', 'Sukukaja']
['Wind Break', 'Garula', 'Patra', 'Tarukaja', 'Wind Boost']
['Sharp Student', 'Mind Charge', 'Salvation', 'Sukukaja', 'Patra']
['Recarm', 'Garula', 'Tarukaja', 'Samsara', 'Growth 3']
['Sukukaja', 'Panta Rhei', 'Garula', 'Null Dark', 'Counter']
['Wind Boost', 'Garula', 'Sukukaja', 'Salvation', 'Counter']
['Garula', 'Samsara', 'Wind Amp', 'Sukukaja', 'Patra']
['Garula', 'Wind Break', 'Rakukaja', 'Growth 3', 'Recarm']
['Garula', 'Rakukaja', 'Wind Boost', 'Null Dark', 'Tarukaja']
["God's Hand", 'Panta Rhei', 'Wind Break', 'Garula', 'Wind Boost']
['Garula', 'Counter', 'Mind Charge', 'Recarm', 'Samsara']
['Counter', 'Patra', 'Garula', 'Salvation', 'Wind Break']
['Tarukaja', 'Growth 3', 'Garula', 'Null Dark', 'Patra']
['Rakukaja', 'Counter', 'Salvation', 'Recarm', 'Panta Rhei']
['Patra', 'Wind Boost', 'Wind Amp', 'Panta Rhei', 'Garula']
['Garula', 'Patra', 'Panta Rhei', 'Wind Amp', 'Null Dark']
['Garula', 'Tarukaja', 'Panta Rhei', 'Patra', 'Mind Charge']
['Garula', 'Wind Boost', 'Wind Amp', 'Samsara', 'Patra']
['Diarahan', 'Panta Rhei', 'Wind Boost', 'Garula', 'Tarukaja']
['Wind Boost', 'Patra', 'Rakukaja', 'Sharp Student', 'Trafuri']
['Recarm', 'Garula', 'Patra', 'Rakukaja', 'Tarukaja']
['Garula', 'Panta Rhei', 'Tarukaja', 'Patra', 'Recarm']
['Garula', 'Patra', 'Sukukaja', 'Samsara', 'Sharp Student']
['Garula', 'Sharp Student', 'Panta Rhei', 'Patra', 'Counter']
['Wind Amp', 'Garula', 'Sukukaja', 'Rakukaja', 'Tarukaja']
['Sharp Student', 'Garula', 'Panta Rhei', 'Trafuri', 'Patra']
['Garula', 'Wind Break', 'Sukukaja', 'Wind Boost', 'Panta Rhei']
['Diarahan', 'Garula', 'Recarm', 'Tarukaja', 'Patra']
['Wind Boost', 'Wind Break', 'Mind Charge', 'Sukukaja', 'Diarahan']
['Patra', 'Samsara', 'Sukukaja', 'Diarahan', 'Garula']
['Counter', 'Panta Rhei', 'Wind Amp', 'Wind Boost', 'Recarm']
['Patra', 'Garula', 'Growth 3', 'Wind Amp', 'Wind Boost']
['Tarukaja', 'Wind Boost', 'Mind Charge', 'Counter', 'Garula']
['Rakukaja', 'Garula', 'Null Dark', 'Wind Boost', 'Sukukaja']
['Null Dark', 'Tarukaja', 'Growth 3', 'Garula', 'Panta Rhei']
['Patra', 'Garula', 'Mind Charge', 'Wind Boost', 'Tarukaja']
['Tarukaja', 'Wind Boost', 'Sukukaja', 'Sharp Student', 'Counter']
['Wind Boost', 'Wind Amp', 'Mind Charge', 'Patra', 'Garula']
['Garula', 'Panta Rhei', 'Samsara', 'Diarahan', 'Patra']
['Panta Rhei', 'Wind Break', 'Sharp Student', 'Samsara', 'Garula']
['Garula', 'Sukukaja', 'Patra', 'Growth 3', 'Wind Boost']
['Wind Boost', 'Rakukaja', 'Garula', 'Growth 3', 'Panta Rhei']
['Wind Boost', 'Garula', 'Patra', 'Counter', 'Tarukaja']
['Counter', 'Wind Boost', 'Wind Break', 'Patra', 'Rakukaja']
['Null Dark', 'Panta Rhei', 'Wind Boost', 'Growth 3', 'Rakukaja']
