['Power Charge', 'Bash', 'Enradi', 'High Counter']
['Null Fire', 'Power Charge', 'Auto-Masuku', 'Rakukaja']
['Recarmdra', 'Auto-Mataru', 'Rakukaja', 'Power Charge']
['Auto-Mataru', 'Power Charge', 'Rakukaja', 'Enradi']
['Rakukaja', 'High Counter', 'Null Fire', 'Recarmdra']
['Recarmdra', 'Enradi', 'Bash', 'Rakukaja']
['Recarmdra', 'Bash', 'Power Charge', 'Auto-Mataru']
['Rakukaja', 'Power Charge', 'Null Distress', 'Enradi']
['Auto-Mataru', 'Rakukaja', 'Bash', 'Enradi']
['Enradi', 'Null Distress', 'High Counter', 'Power Charge']
['Null Fire', 'Enradi', 'Auto-Masuku', 'Apt Pupil']
['Apt Pupil', 'Rakukaja', 'Power Charge', 'Herculean Strike']
['Auto-Masuku', 'Apt Pupil', 'Power Charge', 'Enradi']
['Enradi', 'Stagnant Air', 'Bash', 'Rakukaja']
['Power Charge', 'Rakukaja', 'Auto-Masuku', 'Stagnant Air']
['Power Charge', 'Null Distress', 'Recarmdra', 'Bash']
['Rakukaja', 'Enradi', 'Auto-Mataru', 'Apt Pupil']
['Auto-Mataru', 'Null Distress', 'Bash', 'Null Fire']
['Enradi', 'Rakukaja', 'Null Fire', 'High Counter']
['Recarmdra', 'Megidola', 'Stagnant Air', 'Auto-Mataru']
['Power Charge', 'High Counter', 'Enradi', 'Apt Pupil']
['Rakukaja', 'Enradi', 'Tempest Slash', 'Recarmdra']
['Rakukaja', 'High Counter', 'Bash', 'Null Distress']
['Enradi', 'Bash', 'Null Fire', 'Power Charge']
['Enradi', 'High Counter', 'Vicious Strike', 'Bash']
['Null Fire', 'Recarmdra', 'Rakukaja', 'Apt Pupil']
['Rakukaja', 'Recarmdra', 'Enradi', 'High Counter']
['Enradi', 'Null Fire', 'Tempest Slash', 'Rakukaja']
['Bash', 'Auto-Masuku', 'Null Fire', 'Rakukaja']
['Recarmdra', 'Power Charge', 'Enradi', 'High Counter']
['Null Distress', 'Enradi', 'Null Fire', 'Bash']
['Recarmdra', 'Bash', 'Rakukaja', 'Null Distress']
['Enradi', 'Rakukaja', 'Auto-Masuku', 'Apt Pupil']
['Power Charge', 'Enradi', 'Rakukaja', 'Bash']
['Rakukaja', 'Enradi', 'Auto-Masuku', 'Power Charge']
['Bash', 'Apt Pupil', 'Rakukaja', 'Enradi']
['Recarmdra', 'Enradi', 'Rakukaja', 'Auto-Masuku']
['Rakukaja', 'Auto-Masuku', 'Enradi', 'Apt Pupil']
['Enradi', 'Rakukaja', 'Auto-Mataru', 'Auto-Masuku']
['Rakukaja', 'Null Fire', 'Power Charge', 'Enradi']
['Rakukaja', 'Null Distress', 'Recarmdra', 'High Counter']
['Recarmdra', 'Auto-Mataru', 'Null Fire', 'Bash']
['Rakukaja', 'Enradi', 'High Counter', 'Power Charge']
['Auto-Masuku', 'Rakukaja', 'Null Fire', 'Apt Pupil']
['Auto-Masuku', 'Rakukaja', 'Enradi', 'Recarmdra']
['Null Distress', 'Enradi', 'Auto-Masuku', 'Apt Pupil']
['Power Charge', 'Enradi', 'Null Distress', 'Stagnant Air']
['Auto-Mataru', 'Power Charge', 'Enradi', 'Apt Pupil']
['Power Charge', 'Null Fire', 'Rakukaja', 'Bash']
['Rakukaja', 'Enradi', 'Power Charge', 'Auto-Mataru']
['Herculean Strike', 'Recarmdra', 'Enradi', 'Bash']
['Null Distress', 'Auto-Masuku', 'Rakukaja', 'Enradi']
['Recarmdra', 'Power Charge', 'Stagnant Air', 'Null Distress']
['Power Charge', 'Recarmdra', 'Enradi', 'Null Distress']
['Herculean Strike', 'Bash', 'Null Fire', 'Auto-Mataru']
['Rakukaja', 'Null Fire', 'Apt Pupil', 'High Counter']
['Herculean Strike', 'Null Distress', 'Stagnant Air', 'Null Fire']
['Enradi', 'Rakukaja', 'Apt Pupil', 'High Counter']
['Rakukaja', 'Power Charge', 'Auto-Masuku', 'Null Fire']
['Rakukaja', 'High Counter', 'Auto-Mataru', 'Null Fire']
['Power Charge', 'Herculean Strike', 'High Counter', 'Null Distress']
['Rakukaja', 'Null Distress', 'Apt Pupil', 'Bash']
['Null Fire', 'High Counter', 'Null Distress', 'Bash']
['Recarmdra', 'Auto-Masuku', 'Auto-Mataru', 'Megidola']
['Power Charge', 'Bash', 'High Counter', 'Apt Pupil']
['Power Charge', 'Rakukaja', 'Null Distress', 'Megidola']
['High Counter', 'Null Fire', 'Null Distress', 'Rakukaja']
['Enradi', 'Stagnant Air', 'Null Distress', 'High Counter']
['High Counter', 'Auto-Masuku', 'Recarmdra', 'Apt Pupil']
['Enradi', 'High Counter', 'Recarmdra', 'Auto-Masuku']
['Enradi', 'Recarmdra', 'High Counter', 'Auto-Masuku']
['Power Charge', 'Rakukaja', 'Bash', 'Enradi']
['Apt Pupil', 'Null Fire', 'Auto-Mataru', 'Bash']
['Auto-Masuku', 'Bash', 'Null Fire', 'Enradi']
['Power Charge', 'Auto-Mataru', 'Rakukaja', 'Bash']
['Rakukaja', 'Power Charge', 'Enradi', 'Apt Pupil']
['Enradi', 'Apt Pupil', 'Power Charge', 'Auto-Mataru']
['Enradi', 'Rakukaja', 'Auto-Masuku', 'Apt Pupil']
['Enradi', 'Auto-Masuku', 'Rakukaja', 'Power Charge']
['Apt Pupil', 'Enradi', 'Power Charge', 'Rakukaja']
['Enradi', 'Rakukaja', 'Power Charge', 'Bash']
['Null Distress', 'Apt Pupil', 'High Counter', 'Null Fire']
['Auto-Mataru', 'Herculean Strike', 'Bash', 'Auto-Masuku']
['Bash', 'Null Fire', 'Enradi', 'Rakukaja']
['Enradi', 'Power Charge', 'Rakukaja', 'Bash']
['Null Fire', 'Rakukaja', 'High Counter', 'Power Charge']
['Megidola', 'Power Charge', 'Rakukaja', 'High Counter']
['Auto-Mataru', 'Enradi', 'Rakukaja', 'Auto-Masuku']
['Auto-Masuku', 'Rakukaja', 'Enradi', 'Null Distress']
['Auto-Masuku', 'High Counter', 'Enradi', 'Rakukaja']
['Rakukaja', 'Enradi', 'Null Fire', 'Auto-Masuku']
['Rakukaja', 'Stagnant Air', 'Apt Pupil', 'Enradi']
['Rakukaja', 'Enradi', 'Power Charge', 'Null Fire']
['Apt Pupil', 'Rakukaja', 'Bash', 'Enradi']
['Rakukaja', 'Power Charge', 'Auto-Masuku', 'Auto-Mataru']
['Vicious Strike', 'Null Fire', 'Bash', 'High Counter']
['Auto-Mataru', 'Auto-Masuku', 'Herculean Strike', 'Bash']
['Rakukaja', 'Null Distress', 'Enradi', 'Recarmdra']
['Rakukaja', 'Stagnant Air', 'Null Fire', 'Auto-Masuku']
['Apt Pupil', 'Bash', 'Auto-Masuku', 'Enradi']
['Power Charge', 'Rakukaja', 'Apt Pupil', 'Null Distress']
['Tempest Slash', 'Enradi', 'Null Distress', 'High Counter']
['Enradi', 'Recarmdra', 'Rakukaja', 'Bash']
['Null Fire', 'Power Charge', 'Rakukaja', 'Apt Pupil']
['Rakukaja', 'Apt Pupil', 'Herculean Strike', 'Null Fire']
['Enradi', 'Megidola', 'Power Charge', 'Recarmdra']
['Rakukaja', 'Null Distress', 'Null Fire', 'Enradi']
['Null Fire', 'Null Distress', 'Power Charge', 'Recarmdra']
['Rakukaja', 'Null Distress', 'Megidola', 'Bash']
['Enradi', 'Herculean Strike', 'Rakukaja', 'Auto-Masuku']
['Herculean Strike', 'Power Charge', 'Enradi', 'Rakukaja']
['Rakukaja', 'Enradi', 'Stagnant Air', 'Herculean Strike']
['Rakukaja', 'Recarmdra', 'Bash', 'Apt Pupil']
['High Counter', 'Enradi', 'Auto-Mataru', 'Recarmdra']
['Rakukaja', 'Null Distress', 'High Counter', 'Power Charge']
['Bash', 'Auto-Mataru', 'Power Charge', 'Rakukaja']
['Rakukaja', 'Enradi', 'Herculean Strike', 'Bash']
['Enradi', 'Vicious Strike', 'Rakukaja', 'Power Charge']
['Enradi', 'Null Distress', 'Null Fire', 'Rakukaja']
['Auto-Mataru', 'Apt Pupil', 'Bash', 'Null Distress']
['Null Distress', 'Rakukaja', 'Enradi', 'Auto-Mataru']
['Apt Pupil', 'Rakukaja', 'Null Fire', 'Stagnant Air']
['Herculean Strike', 'Auto-Mataru', 'Rakukaja', 'Power Charge']
['Megidola', 'Rakukaja', 'Bash', 'Enradi']
['Power Charge', 'Bash', 'Enradi', 'Auto-Masuku']
['Null Fire', 'Enradi', 'Apt Pupil', 'Megidola']
['Enradi', 'Apt Pupil', 'Rakukaja', 'Auto-Masuku']
['Enradi', 'Auto-Masuku', 'High Counter', 'Power Charge']
['Apt Pupil', 'Enradi', 'Rakukaja', 'Bash']
['Power Charge', 'Enradi', 'Auto-Masuku', 'Null Distress']
['Auto-Mataru', 'Tempest Slash', 'Rakukaja', 'Apt Pupil']
['Enradi', 'Rakukaja', 'Recarmdra', 'Auto-Mataru']
['High Counter', 'Rakukaja', 'Enradi', 'Null Distress']
['Bash', 'Apt Pupil', 'Power Charge', 'Herculean Strike']
['Auto-Mataru', 'Recarmdra', 'Null Fire', 'Auto-Masuku']
['Enradi', 'Bash', 'Recarmdra', 'Auto-Masuku']
['Null Distress', 'Enradi', 'Rakukaja', 'Recarmdra']
['Bash', 'Rakukaja', 'Null Fire', 'Auto-Mataru']
['Null Distress', 'Rakukaja', 'Enradi', 'Bash']
['Rakukaja', 'Apt Pupil', 'Enradi', 'Null Fire']
['Null Distress', 'Auto-Mataru', 'Enradi', 'Power Charge']
['Enradi', 'High Counter', 'Null Fire', 'Auto-Mataru']
['Apt Pupil', 'Auto-Masuku', 'Rakukaja', 'Power Charge']
['Rakukaja', 'Auto-Masuku', 'Power Charge', 'Bash']
['Enradi', 'High Counter', 'Bash', 'Null Fire']
['Rakukaja', 'Enradi', 'Power Charge', 'Recarmdra']
['Bash', 'Apt Pupil', 'Power Charge', 'Recarmdra']
['Rakukaja', 'Apt Pupil', 'Recarmdra', 'Vicious Strike']
['Power Charge', 'High Counter', 'Enradi', 'Null Fire']
['Apt Pupil', 'Power Charge', 'Herculean Strike', 'Rakukaja']
['Apt Pupil', 'Enradi', 'Vicious Strike', 'Recarmdra']
['Rakukaja', 'Bash', 'Stagnant Air', 'Enradi']
['Auto-Mataru', 'Recarmdra', 'Null Distress', 'Enradi']
['High Counter', 'Auto-Masuku', 'Rakukaja', 'Enradi']
['Enradi', 'Rakukaja', 'Null Fire', 'Tempest Slash']
['Null Distress', 'Enradi', 'Rakukaja', 'Bash']
['Power Charge', 'High Counter', 'Rakukaja', 'Enradi']
['Rakukaja', 'Null Distress', 'Enradi', 'Null Fire']
['Rakukaja', 'Bash', 'Null Distress', 'Megidola']
['Rakukaja', 'Auto-Masuku', 'High Counter', 'Tempest Slash']
['Herculean Strike', 'Null Fire', 'Auto-Mataru', 'Rakukaja']
['Null Distress', 'Enradi', 'High Counter', 'Auto-Masuku']
['Rakukaja', 'Null Fire', 'Power Charge', 'Null Distress']
['Bash', 'Null Distress', 'Rakukaja', 'Power Charge']
['Auto-Mataru', 'Stagnant Air', 'Rakukaja', 'High Counter']
['Auto-Masuku', 'Null Fire', 'Apt Pupil', 'Enradi']
['Enradi', 'High Counter', 'Rakukaja', 'Auto-Mataru']
['Rakukaja', 'Auto-Masuku', 'Null Fire', 'Recarmdra']
['Megidola', 'Auto-Masuku', 'Auto-Mataru', 'High Counter']
['Enradi', 'Rakukaja', 'Stagnant Air', 'Power Charge']
['Rakukaja', 'Apt Pupil', 'Recarmdra', 'Power Charge']
['Rakukaja', 'Apt Pupil', 'High Counter', 'Recarmdra']
['Auto-Masuku', 'High Counter', 'Rakukaja', 'Enradi']
['Recarmdra', 'Null Distress', 'Enradi', 'High Counter']
['High Counter', 'Enradi', 'Null Distress', 'Recarmdra']
['Recarmdra', 'Rakukaja', 'Null Distress', 'Stagnant Air']
['Power Charge', 'High Counter', 'Rakukaja', 'Null Distress']
['Enradi', 'Recarmdra', 'Null Distress', 'Apt Pupil']
['Null Fire', 'Auto-Mataru', 'Enradi', 'Rakukaja']
['Enradi', 'Herculean Strike', 'Rakukaja', 'Null Distress']
['Auto-Masuku', 'Apt Pupil', 'Power Charge', 'Bash']
['Null Fire', 'Enradi', 'Bash', 'High Counter']
['Rakukaja', 'Power Charge', 'Recarmdra', 'Null Distress']
['Null Fire', 'Power Charge', 'Vicious Strike', 'Rakukaja']
['Bash', 'Rakukaja', 'Auto-Masuku', 'Enradi']
['Enradi', 'Bash', 'Power Charge', 'Apt Pupil']
['Enradi', 'Rakukaja', 'Bash', 'Null Distress']
['Auto-Masuku', 'Herculean Strike', 'Rakukaja', 'Null Distress']
['Enradi', 'Recarmdra', 'Auto-Mataru', 'Power Charge']
['Enradi', 'Auto-Masuku', 'Rakukaja', 'Null Fire']
['Rakukaja', 'Auto-Masuku', 'Power Charge', 'Recarmdra']
['Enradi', 'Null Distress', 'Bash', 'Power Charge']
['Bash', 'Megidola', 'Apt Pupil', 'Auto-Mataru']
['Auto-Masuku', 'Rakukaja', 'Herculean Strike', 'Power Charge']
['Null Distress', 'Power Charge', 'Bash', 'Rakukaja']
['Rakukaja', 'Recarmdra', 'Enradi', 'Null Fire']
['Tempest Slash', 'Rakukaja', 'Bash', 'Auto-Masuku']
['Recarmdra', 'Megidola', 'Auto-Mataru', 'Bash']
['Stagnant Air', 'Rakukaja', 'High Counter', 'Power Charge']
['Power Charge', 'Auto-Mataru', 'Rakukaja', 'Bash']
['Enradi', 'Power Charge', 'Herculean Strike', 'Rakukaja']
['Rakukaja', 'Enradi', 'High Counter', 'Null Fire']
['Auto-Masuku', 'Herculean Strike', 'Null Distress', 'Power Charge']
['Null Distress', 'Power Charge', 'High Counter', 'Rakukaja']
['Auto-Masuku', 'Enradi', 'Rakukaja', 'Power Charge']
['Auto-Mataru', 'Herculean Strike', 'Enradi', 'Rakukaja']
['Vicious Strike', 'Recarmdra', 'Null Fire', 'Rakukaja']
['Null Distress', 'Enradi', 'Power Charge', 'Auto-Masuku']
['Auto-Masuku', 'Rakukaja', 'High Counter', 'Apt Pupil']
['Power Charge', 'Null Distress', 'Tempest Slash', 'Auto-Masuku']
['High Counter', 'Enradi', 'Stagnant Air', 'Rakukaja']
['High Counter', 'Rakukaja', 'Auto-Mataru', 'Enradi']
['Auto-Masuku', 'Bash', 'Rakukaja', 'Power Charge']
['Enradi', 'Auto-Masuku', 'Rakukaja', 'Auto-Mataru']
['Enradi', 'Recarmdra', 'Rakukaja', 'High Counter']
['High Counter', 'Bash', 'Null Distress', 'Rakukaja']
['Enradi', 'Rakukaja', 'Stagnant Air', 'Power Charge']
['Enradi', 'Herculean Strike', 'Power Charge', 'Null Distress']
['Auto-Masuku', 'Null Fire', 'Bash', 'Power Charge']
['Rakukaja', 'Auto-Masuku', 'Stagnant Air', 'Recarmdra']
['Rakukaja', 'Enradi', 'Apt Pupil', 'Null Fire']
['Power Charge', 'Auto-Masuku', 'Rakukaja', 'Null Distress']
['Auto-Mataru', 'High Counter', 'Enradi', 'Bash']
['Power Charge', 'Rakukaja', 'Enradi', 'Apt Pupil']
['Apt Pupil', 'Power Charge', 'Auto-Mataru', 'Enradi']
['Null Fire', 'Auto-Masuku', 'Power Charge', 'Recarmdra']
['Enradi', 'Auto-Masuku', 'Apt Pupil', 'Null Fire']
['Enradi', 'Null Distress', 'Rakukaja', 'Recarmdra']
['Power Charge', 'High Counter', 'Enradi', 'Auto-Mataru']
['Rakukaja', 'Null Fire', 'Enradi', 'Apt Pupil']
['Auto-Masuku', 'Bash', 'Stagnant Air', 'Null Fire']
['Enradi', 'Power Charge', 'High Counter', 'Herculean Strike']
['Enradi', 'Auto-Masuku', 'Power Charge', 'Recarmdra']
['Auto-Masuku', 'Enradi', 'Recarmdra', 'Rakukaja']
['Herculean Strike', 'Rakukaja', 'Bash', 'Auto-Mataru']
['Power Charge', 'Rakukaja', 'Stagnant Air', 'Megidola']
['Rakukaja', 'Null Distress', 'Enradi', 'Apt Pupil']
['Recarmdra', 'Megidola', 'Auto-Masuku', 'Null Distress']
['Enradi', 'Null Fire', 'Bash', 'Null Distress']
['Auto-Mataru', 'Apt Pupil', 'Enradi', 'Rakukaja']
['Rakukaja', 'Enradi', 'Auto-Mataru', 'High Counter']
['Recarmdra', 'Apt Pupil', 'Power Charge', 'Rakukaja']
['Enradi', 'Rakukaja', 'Auto-Masuku', 'Apt Pupil']
['Recarmdra', 'Null Distress', 'Bash', 'Enradi']
['Power Charge', 'High Counter', 'Bash', 'Null Distress']
['Enradi', 'Auto-Masuku', 'Null Fire', 'Stagnant Air']
['Bash', 'High Counter', 'Rakukaja', 'Null Distress']
['Rakukaja', 'Auto-Masuku', 'Null Fire', 'High Counter']
['High Counter', 'Rakukaja', 'Null Fire', 'Null Distress']
['Rakukaja', 'Auto-Masuku', 'Recarmdra', 'Null Fire']
['Null Fire', 'Enradi', 'Power Charge', 'Null Distress']
['Auto-Mataru', 'Auto-Masuku', 'Rakukaja', 'High Counter']
['Enradi', 'Auto-Masuku', 'Null Distress', 'Auto-Mataru']
['Null Fire', 'Apt Pupil', 'Recarmdra', 'Power Charge']
['Enradi', 'Null Distress', 'Recarmdra', 'Tempest Slash']
['Auto-Mataru', 'Vicious Strike', 'Enradi', 'Bash']
['Null Fire', 'Recarmdra', 'Enradi', 'Rakukaja']
['Bash', 'Recarmdra', 'Rakukaja', 'Auto-Masuku']
['Megidola', 'Power Charge', 'High Counter', 'Apt Pupil']
['Enradi', 'Power Charge', 'Apt Pupil', 'Null Fire']
['Enradi', 'Apt Pupil', 'Bash', 'Null Fire']
['Rakukaja', 'Enradi', 'Recarmdra', 'Power Charge']
['Enradi', 'Power Charge', 'Null Fire', 'High Counter']
['Apt Pupil', 'Bash', 'Enradi', 'Auto-Mataru']
['Null Fire', 'Enradi', 'Power Charge', 'Auto-Mataru']
['Null Fire', 'Auto-Masuku', 'Stagnant Air', 'Rakukaja']
['Enradi', 'Megidola', 'Apt Pupil', 'Vicious Strike']
['Null Distress', 'Power Charge', 'Auto-Masuku', 'Recarmdra']
['Enradi', 'Rakukaja', 'High Counter', 'Recarmdra']
['Apt Pupil', 'Recarmdra', 'Null Fire', 'Power Charge']
['Null Distress', 'Enradi', 'Rakukaja', 'Auto-Mataru']
['Enradi', 'Power Charge', 'Rakukaja', 'Null Distress']
['Megidola', 'Enradi', 'Null Fire', 'High Counter']
['Recarmdra', 'Apt Pupil', 'Null Fire', 'Enradi']
['Rakukaja', 'Bash', 'Herculean Strike', 'Enradi']
['Power Charge', 'Stagnant Air', 'Enradi', 'Apt Pupil']
['Enradi', 'High Counter', 'Rakukaja', 'Power Charge']
['Enradi', 'Apt Pupil', 'Auto-Mataru', 'Herculean Strike']
['Apt Pupil', 'Power Charge', 'Null Distress', 'Recarmdra']
['Rakukaja', 'Enradi', 'Vicious Strike', 'Power Charge']
['Null Fire', 'Auto-Masuku', 'Apt Pupil', 'Enradi']
['Enradi', 'Herculean Strike', 'Null Fire', 'Rakukaja']
['Stagnant Air', 'Power Charge', 'Rakukaja', 'Auto-Mataru']
['Power Charge', 'Null Distress', 'Recarmdra', 'Rakukaja']
['Rakukaja', 'Power Charge', 'Auto-Mataru', 'Enradi']
['Enradi', 'Null Distress', 'Auto-Mataru', 'Rakukaja']
['Herculean Strike', 'Apt Pupil', 'High Counter', 'Tempest Slash']
['Rakukaja', 'Enradi', 'Null Fire', 'Power Charge']
['Rakukaja', 'High Counter', 'Bash', 'Enradi']
['Null Fire', 'Rakukaja', 'Enradi', 'Null Distress']
['Power Charge', 'Tempest Slash', 'Rakukaja', 'Apt Pupil']
['Enradi', 'Null Distress', 'Auto-Masuku', 'Null Fire']
['Tempest Slash', 'Bash', 'Power Charge', 'High Counter']
['Tempest Slash', 'Bash', 'Rakukaja', 'Enradi']
['Enradi', 'Rakukaja', 'Apt Pupil', 'Recarmdra']
['Bash', 'Null Fire', 'Megidola', 'Enradi']
['Auto-Mataru', 'Apt Pupil', 'Null Fire', 'Power Charge']
['Enradi', 'Auto-Masuku', 'Power Charge', 'Auto-Mataru']
['Null Fire', 'Enradi', 'Stagnant Air', 'Rakukaja']
['Bash', 'Null Fire', 'Rakukaja', 'Enradi']
['Rakukaja', 'Enradi', 'Null Fire', 'Auto-Masuku']
['Null Fire', 'Enradi', 'High Counter', 'Bash']
['High Counter', 'Power Charge', 'Rakukaja', 'Auto-Masuku']
['Stagnant Air', 'Recarmdra', 'High Counter', 'Apt Pupil']
['Recarmdra', 'Bash', 'Rakukaja', 'Null Distress']
['Null Distress', 'Null Fire', 'Auto-Mataru', 'Recarmdra']
['Enradi', 'Auto-Mataru', 'Null Fire', 'Rakukaja']
['Apt Pupil', 'Recarmdra', 'Herculean Strike', 'Null Fire']
['Enradi', 'Auto-Masuku', 'Null Distress', 'Recarmdra']
['Enradi', 'Power Charge', 'Bash', 'Rakukaja']
['High Counter', 'Enradi', 'Null Distress', 'Stagnant Air']
['Auto-Masuku', 'Power Charge', 'High Counter', 'Apt Pupil']
['Rakukaja', 'Bash', 'Enradi', 'Apt Pupil']
['Auto-Mataru', 'Rakukaja', 'Enradi', 'Recarmdra']
['Recarmdra', 'Stagnant Air', 'Null Distress', 'Auto-Mataru']
['Power Charge', 'Recarmdra', 'Auto-Masuku', 'Rakukaja']
['Rakukaja', 'Power Charge', 'Recarmdra', 'Enradi']
['Power Charge', 'Stagnant Air', 'Null Distress', 'Rakukaja']
['Enradi', 'Rakukaja', 'Auto-Mataru', 'Auto-Masuku']
['High Counter', 'Recarmdra', 'Rakukaja', 'Enradi']
['Enradi', 'Auto-Mataru', 'Rakukaja', 'Power Charge']
['Null Fire', 'Enradi', 'High Counter', 'Apt Pupil']
['Enradi', 'Herculean Strike', 'Rakukaja', 'Auto-Masuku']
['Null Distress', 'Bash', 'Power Charge', 'Apt Pupil']
['High Counter', 'Bash', 'Enradi', 'Rakukaja']
['High Counter', 'Rakukaja', 'Null Distress', 'Enradi']
['Recarmdra', 'Rakukaja', 'Stagnant Air', 'Auto-Masuku']
['Bash', 'Rakukaja', 'High Counter', 'Apt Pupil']
['Rakukaja', 'Bash', 'Auto-Masuku', 'Recarmdra']
['Enradi', 'Auto-Mataru', 'Null Fire', 'Bash']
['Vicious Strike', 'Auto-Mataru', 'Null Fire', 'Enradi']
['Auto-Mataru', 'Rakukaja', 'Null Fire', 'Bash']
['Enradi', 'Null Fire', 'Apt Pupil', 'Power Charge']
['Enradi', 'Rakukaja', 'Herculean Strike', 'Tempest Slash']
['Apt Pupil', 'Rakukaja', 'Recarmdra', 'Enradi']
['Recarmdra', 'Apt Pupil', 'High Counter', 'Auto-Masuku']
['Auto-Masuku', 'Recarmdra', 'Stagnant Air', 'High Counter']
['High Counter', 'Null Distress', 'Apt Pupil', 'Rakukaja']
['Power Charge', 'Enradi', 'Apt Pupil', 'High Counter']
['Bash', 'Apt Pupil', 'Herculean Strike', 'Stagnant Air']
['Auto-Masuku', 'Recarmdra', 'Power Charge', 'Enradi']
['Rakukaja', 'Null Distress', 'Vicious Strike', 'Null Fire']
['Rakukaja', 'High Counter', 'Enradi', 'Auto-Mataru']
['Rakukaja', 'Apt Pupil', 'Vicious Strike', 'Power Charge']
['Null Distress', 'Rakukaja', 'Auto-Mataru', 'Apt Pupil']
['Auto-Mataru', 'Null Fire', 'Apt Pupil', 'Enradi']
['Null Fire', 'Rakukaja', 'Null Distress', 'Enradi']
['Power Charge', 'Auto-Masuku', 'Null Distress', 'Enradi']
['Power Charge', 'Rakukaja', 'Herculean Strike', 'Auto-Mataru']
['Power Charge', 'Rakukaja', 'Megidola', 'Auto-Mataru']
['Null Distress', 'Apt Pupil', 'Auto-Mataru', 'Rakukaja']
['Null Fire', 'Enradi', 'Null Distress', 'Megidola']
['Bash', 'Rakukaja', 'Enradi', 'Herculean Strike']
['Enradi', 'Recarmdra', 'Null Distress', 'Rakukaja']
['Enradi', 'Megidola', 'Power Charge', 'Rakukaja']
['Auto-Masuku', 'Enradi', 'Recarmdra', 'Stagnant Air']
['Null Distress', 'Power Charge', 'Recarmdra', 'Auto-Mataru']
['Auto-Mataru', 'Enradi', 'High Counter', 'Apt Pupil']
['Rakukaja', 'Enradi', 'Tempest Slash', 'High Counter']
['Enradi', 'Rakukaja', 'Auto-Masuku', 'Null Distress']
['Power Charge', 'Null Distress', 'Enradi', 'Tempest Slash']
['Bash', 'High Counter', 'Recarmdra', 'Power Charge']
['Power Charge', 'Apt Pupil', 'High Counter', 'Rakukaja']
['Auto-Mataru', 'Power Charge', 'Enradi', 'Null Distress']
['Null Distress', 'Rakukaja', 'Recarmdra', 'High Counter']
['Enradi', 'Recarmdra', 'Apt Pupil', 'Rakukaja']
['Null Distress', 'Bash', 'Enradi', 'Megidola']
['Power Charge', 'Enradi', 'Rakukaja', 'High Counter']
['Herculean Strike', 'Rakukaja', 'Null Fire', 'Auto-Masuku']
['Null Distress', 'Enradi', 'Vicious Strike', 'Power Charge']
['Power Charge', 'Enradi', 'Auto-Mataru', 'Vicious Strike']
['Apt Pupil', 'Null Distress', 'Null Fire', 'Herculean Strike']
['Auto-Masuku', 'Null Distress', 'High Counter', 'Rakukaja']
['Rakukaja', 'Recarmdra', 'Apt Pupil', 'Power Charge']
['Enradi', 'Auto-Mataru', 'Recarmdra', 'Rakukaja']
['Bash', 'Null Fire', 'High Counter', 'Apt Pupil']
['Stagnant Air', 'Enradi', 'Rakukaja', 'Tempest Slash']
['Rakukaja', 'Herculean Strike', 'Recarmdra', 'Null Distress']
['Enradi', 'Bash', 'Herculean Strike', 'Null Distress']
['Rakukaja', 'Enradi', 'Power Charge', 'Apt Pupil']
['Apt Pupil', 'Recarmdra', 'Auto-Masuku', 'Enradi']
['Apt Pupil', 'Bash', 'Auto-Mataru', 'Null Fire']
['High Counter', 'Rakukaja', 'Power Charge', 'Bash']
['Rakukaja', 'Apt Pupil', 'Enradi', 'Auto-Mataru']
['High Counter', 'Enradi', 'Auto-Masuku', 'Power Charge']
['Megidola', 'Power Charge', 'Stagnant Air', 'Rakukaja']
['Null Distress', 'Bash', 'Enradi', 'Auto-Mataru']
['Auto-Masuku', 'Enradi', 'Null Fire', 'Apt Pupil']
['Enradi', 'Recarmdra', 'Auto-Mataru', 'Null Fire']
['Recarmdra', 'High Counter', 'Auto-Masuku', 'Rakukaja']
['High Counter', 'Power Charge', 'Rakukaja', 'Recarmdra']
['Auto-Mataru', 'Enradi', 'Auto-Masuku', 'Apt Pupil']
['Bash', 'Apt Pupil', 'High Counter', 'Power Charge']
['Bash', 'Enradi', 'High Counter', 'Auto-Mataru']
['Auto-Mataru', 'Apt Pupil', 'Null Fire', 'Stagnant Air']
['Recarmdra', 'Enradi', 'Power Charge', 'Null Fire']
['Null Fire', 'High Counter', 'Enradi', 'Stagnant Air']
['Power Charge', 'High Counter', 'Enradi', 'Rakukaja']
['Enradi', 'Null Fire', 'High Counter', 'Rakukaja']
['Vicious Strike', 'Rakukaja', 'High Counter', 'Null Fire']
['Bash', 'Enradi', 'High Counter', 'Power Charge']
['Bash', 'Auto-Mataru', 'Rakukaja', 'Enradi']
['Auto-Mataru', 'High Counter', 'Enradi', 'Power Charge']
['Power Charge', 'Rakukaja', 'Apt Pupil', 'Recarmdra']
['Bash', 'Auto-Masuku', 'Null Distress', 'Enradi']
['Auto-Masuku', 'Enradi', 'Rakukaja', 'Power Charge']
['High Counter', 'Enradi', 'Power Charge', 'Auto-Mataru']
['Null Fire', 'Apt Pupil', 'Auto-Mataru', 'Bash']
['Apt Pupil', 'Null Fire', 'Stagnant Air', 'Enradi']
['Power Charge', 'Herculean Strike', 'Auto-Masuku', 'Enradi']
['Auto-Masuku', 'Rakukaja', 'Null Distress', 'Enradi']
['High Counter', 'Rakukaja', 'Power Charge', 'Enradi']
['Power Charge', 'Auto-Mataru', 'Enradi', 'High Counter']
['Recarmdra', 'Auto-Masuku', 'Herculean Strike', 'Enradi']
['Apt Pupil', 'Rakukaja', 'Null Distress', 'Recarmdra']
['Auto-Mataru', 'Rakukaja', 'Enradi', 'High Counter']
['Power Charge', 'Auto-Mataru', 'High Counter', 'Null Fire']
['Rakukaja', 'Enradi', 'Stagnant Air', 'Power Charge']
['Power Charge', 'Bash', 'Enradi', 'Null Fire']
['Null Fire', 'High Counter', 'Herculean Strike', 'Power Charge']
['High Counter', 'Apt Pupil', 'Null Distress', 'Rakukaja']
['Rakukaja', 'Enradi', 'Auto-Mataru', 'Apt Pupil']
['Rakukaja', 'Power Charge', 'Enradi', 'Stagnant Air']
['Apt Pupil', 'Rakukaja', 'High Counter', 'Enradi']
['Rakukaja', 'Enradi', 'Auto-Masuku', 'Stagnant Air']
['High Counter', 'Rakukaja', 'Auto-Mataru', 'Bash']
['Auto-Masuku', 'Megidola', 'Null Fire', 'Enradi']
['Bash', 'Enradi', 'Megidola', 'Rakukaja']
['Enradi', 'Rakukaja', 'Tempest Slash', 'High Counter']
['High Counter', 'Auto-Mataru', 'Power Charge', 'Rakukaja']
['Auto-Masuku', 'Rakukaja', 'Bash', 'Enradi']
['Enradi', 'Apt Pupil', 'Power Charge', 'High Counter']
['Null Fire', 'Recarmdra', 'Enradi', 'Vicious Strike']
['Rakukaja', 'Apt Pupil', 'High Counter', 'Power Charge']
['Rakukaja', 'Enradi', 'Null Fire', 'Auto-Masuku']
['Enradi', 'Auto-Mataru', 'Recarmdra', 'Auto-Masuku']
['Rakukaja', 'Null Fire', 'Auto-Masuku', 'Power Charge']
['High Counter', 'Enradi', 'Auto-Mataru', 'Apt Pupil']
['Null Distress', 'Rakukaja', 'Megidola', 'Auto-Mataru']
['Null Fire', 'Enradi', 'Power Charge', 'Rakukaja']
['Bash', 'High Counter', 'Auto-Mataru', 'Enradi']
['Bash', 'Null Distress', 'Rakukaja', 'Enradi']
['Null Fire', 'Auto-Masuku', 'Apt Pupil', 'Null Distress']
['Rakukaja', 'Power Charge', 'High Counter', 'Null Fire']
['Rakukaja', 'Auto-Masuku', 'Null Fire', 'Enradi']
['Recarmdra', 'Bash', 'Stagnant Air', 'Auto-Mataru']
['Rakukaja', 'Enradi', 'Bash', 'Stagnant Air']
['Herculean Strike', 'Rakukaja', 'Null Fire', 'Null Distress']
['Auto-Masuku', 'Null Fire', 'Recarmdra', 'Rakukaja']
['Bash', 'Null Distress', 'Enradi', 'Recarmdra']
['Null Distress', 'Rakukaja', 'Power Charge', 'High Counter']
['High Counter', 'Enradi', 'Recarmdra', 'Rakukaja']
['Enradi', 'Auto-Masuku', 'Rakukaja', 'Bash']
['Null Distress', 'Null Fire', 'Auto-Masuku', 'Stagnant Air']
['Null Distress', 'Bash', 'Power Charge', 'Enradi']
['Rakukaja', 'Bash', 'Auto-Masuku', 'Recarmdra']
['Enradi', 'Null Distress', 'Auto-Masuku', 'Recarmdra']
['Rakukaja', 'Recarmdra', 'Stagnant Air', 'Auto-Masuku']
['Rakukaja', 'Bash', 'High Counter', 'Power Charge']
['Apt Pupil', 'Rakukaja', 'Power Charge', 'Enradi']
['Enradi', 'Auto-Masuku', 'Null Fire', 'Auto-Mataru']
['Apt Pupil', 'Bash', 'Rakukaja', 'Power Charge']
['Enradi', 'Rakukaja', 'Auto-Mataru', 'High Counter']
['Recarmdra', 'Stagnant Air', 'Apt Pupil', 'Power Charge']
['Auto-Masuku', 'Enradi', 'Stagnant Air', 'Auto-Mataru']
['Rakukaja', 'Enradi', 'Bash', 'High Counter']
['Auto-Masuku', 'Auto-Mataru', 'Apt Pupil', 'Rakukaja']
['Enradi', 'Rakukaja', 'Power Charge', 'Megidola']
['Enradi', 'Bash', 'Null Fire', 'Null Distress']
['Bash', 'Null Fire', 'Apt Pupil', 'Enradi']
['Rakukaja', 'Recarmdra', 'Megidola', 'Enradi']
['Null Fire', 'Enradi', 'High Counter', 'Power Charge']
['Auto-Mataru', 'Recarmdra', 'Rakukaja', 'Enradi']
['Power Charge', 'Rakukaja', 'High Counter', 'Recarmdra']
['Null Distress', 'Auto-Masuku', 'Enradi', 'Null Fire']
['Stagnant Air', 'Rakukaja', 'Null Fire', 'Power Charge']
['High Counter', 'Auto-Masuku', 'Recarmdra', 'Null Fire']
['Herculean Strike', 'Power Charge', 'Apt Pupil', 'High Counter']
['Power Charge', 'Rakukaja', 'Null Distress', 'Null Fire']
['Rakukaja', 'Auto-Masuku', 'Bash', 'Enradi']
['Null Fire', 'Enradi', 'High Counter', 'Stagnant Air']
['Auto-Mataru', 'Enradi', 'Megidola', 'Bash']
['Enradi', 'Rakukaja', 'Null Distress', 'Bash']
['Stagnant Air', 'Enradi', 'Auto-Mataru', 'Power Charge']
['Null Distress', 'Auto-Mataru', 'Power Charge', 'Enradi']
['High Counter', 'Enradi', 'Auto-Masuku', 'Rakukaja']
['Bash', 'Null Distress', 'Auto-Mataru', 'Rakukaja']
['Null Distress', 'Null Fire', 'Rakukaja', 'Auto-Mataru']
['Auto-Masuku', 'Auto-Mataru', 'Power Charge', 'Bash']
['Bash', 'Apt Pupil', 'Enradi', 'Rakukaja']
['Power Charge', 'Enradi', 'Auto-Mataru', 'Recarmdra']
['Enradi', 'High Counter', 'Null Distress', 'Auto-Masuku']
['Null Distress', 'Enradi', 'Rakukaja', 'Auto-Mataru']
['Null Fire', 'Auto-Mataru', 'Bash', 'High Counter']
['Null Distress', 'Apt Pupil', 'Bash', 'Recarmdra']
['Auto-Mataru', 'Rakukaja', 'Apt Pupil', 'Enradi']
['Auto-Masuku', 'Herculean Strike', 'High Counter', 'Bash']
['Enradi', 'Bash', 'Rakukaja', 'Recarmdra']
['Apt Pupil', 'Null Fire', 'Recarmdra', 'Enradi']
['Bash', 'Auto-Masuku', 'Null Fire', 'Enradi']
['Enradi', 'Power Charge', 'Rakukaja', 'Null Distress']
['Auto-Masuku', 'Rakukaja', 'Auto-Mataru', 'Enradi']
['Rakukaja', 'Stagnant Air', 'Enradi', 'Power Charge']
['Rakukaja', 'Megidola', 'High Counter', 'Enradi']
['Auto-Masuku', 'Enradi', 'Apt Pupil', 'Null Distress']
['Null Distress', 'Apt Pupil', 'Null Fire', 'Enradi']
['Null Fire', 'Enradi', 'Auto-Mataru', 'Rakukaja']
['Tempest Slash', 'Power Charge', 'Recarmdra', 'Enradi']
['Null Distress', 'Recarmdra', 'High Counter', 'Enradi']
['Enradi', 'Recarmdra', 'Null Distress', 'Herculean Strike']
['Power Charge', 'Auto-Mataru', 'Enradi', 'Bash']
['Auto-Mataru', 'Vicious Strike', 'Enradi', 'Rakukaja']
['Recarmdra', 'Auto-Mataru', 'Bash', 'Power Charge']
['Enradi', 'Recarmdra', 'Null Distress', 'Auto-Mataru']
['Rakukaja', 'High Counter', 'Power Charge', 'Null Distress']
['Bash', 'Enradi', 'Null Fire', 'Stagnant Air']
['Power Charge', 'Null Fire', 'Stagnant Air', 'Auto-Mataru']
['Apt Pupil', 'Null Fire', 'Enradi', 'Power Charge']
['Apt Pupil', 'Power Charge', 'Null Fire', 'Enradi']
['Null Distress', 'Auto-Masuku', 'Bash', 'Apt Pupil']
['Enradi', 'Null Distress', 'Apt Pupil', 'Rakukaja']
['Rakukaja', 'Apt Pupil', 'Null Fire', 'Power Charge']
['Rakukaja', 'Auto-Masuku', 'High Counter', 'Megidola']
['High Counter', 'Rakukaja', 'Apt Pupil', 'Bash']
['Power Charge', 'Enradi', 'Rakukaja', 'Null Distress']
['Enradi', 'Null Distress', 'Rakukaja', 'Power Charge']
['Power Charge', 'Enradi', 'Auto-Mataru', 'Bash']
['Null Distress', 'Auto-Masuku', 'Enradi', 'Bash']
['Enradi', 'Power Charge', 'Rakukaja', 'Auto-Mataru']
['Auto-Masuku', 'High Counter', 'Rakukaja', 'Apt Pupil']
['Enradi', 'Null Distress', 'Rakukaja', 'Bash']
['High Counter', 'Rakukaja', 'Auto-Mataru', 'Enradi']
['Power Charge', 'Auto-Masuku', 'High Counter', 'Rakukaja']
['Auto-Mataru', 'Enradi', 'Stagnant Air', 'Rakukaja']
['Enradi', 'Auto-Masuku', 'Null Distress', 'Recarmdra']
['High Counter', 'Bash', 'Vicious Strike', 'Rakukaja']
['Enradi', 'Power Charge', 'Null Fire', 'Bash']
['Recarmdra', 'Rakukaja', 'High Counter', 'Auto-Masuku']
['Enradi', 'Rakukaja', 'Bash', 'Apt Pupil']
['Rakukaja', 'Enradi', 'High Counter', 'Bash']
['Vicious Strike', 'Power Charge', 'Enradi', 'Rakukaja']
['Rakukaja', 'Null Distress', 'Bash', 'Power Charge']
['Recarmdra', 'Enradi', 'Power Charge', 'Bash']
['Null Fire', 'Recarmdra', 'High Counter', 'Power Charge']
['Rakukaja', 'Recarmdra', 'Power Charge', 'Auto-Mataru']
['Null Distress', 'Bash', 'Vicious Strike', 'Enradi']
['Apt Pupil', 'Bash', 'Recarmdra', 'Null Fire']
['Apt Pupil', 'Rakukaja', 'Enradi', 'Recarmdra']
['Bash', 'High Counter', 'Enradi', 'Auto-Masuku']
['Power Charge', 'Enradi', 'Bash', 'Stagnant Air']
['Stagnant Air', 'Rakukaja', 'Enradi', 'Auto-Mataru']
['Enradi', 'Rakukaja', 'Null Distress', 'Bash']
['Rakukaja', 'Power Charge', 'Bash', 'Apt Pupil']
['Auto-Mataru', 'Enradi', 'Power Charge', 'Vicious Strike']
['Enradi', 'Apt Pupil', 'Recarmdra', 'Null Fire']
['High Counter', 'Stagnant Air', 'Enradi', 'Rakukaja']
['Rakukaja', 'Auto-Masuku', 'Recarmdra', 'Apt Pupil']
['Bash', 'Auto-Masuku', 'Rakukaja', 'Enradi']
['Auto-Mataru', 'High Counter', 'Null Distress', 'Bash']
['Enradi', 'Null Distress', 'Auto-Masuku', 'Apt Pupil']
['Auto-Mataru', 'Enradi', 'Rakukaja', 'Bash']
['Enradi', 'Null Fire', 'Rakukaja', 'High Counter']
['High Counter', 'Rakukaja', 'Auto-Mataru', 'Null Distress']
['Null Distress', 'High Counter', 'Power Charge', 'Enradi']
['Rakukaja', 'Stagnant Air', 'High Counter', 'Bash']
['Rakukaja', 'High Counter', 'Power Charge', 'Recarmdra']
['Apt Pupil', 'Enradi', 'High Counter', 'Auto-Mataru']
['Auto-Masuku', 'High Counter', 'Enradi', 'Bash']
['Auto-Mataru', 'Rakukaja', 'Null Fire', 'High Counter']
['Recarmdra', 'Enradi', 'Auto-Mataru', 'Bash']
['Auto-Masuku', 'Rakukaja', 'High Counter', 'Stagnant Air']
['Rakukaja', 'Apt Pupil', 'Auto-Mataru', 'Enradi']
['Auto-Mataru', 'Power Charge', 'Enradi', 'Auto-Masuku']
['Auto-Masuku', 'Rakukaja', 'Auto-Mataru', 'Recarmdra']
['Stagnant Air', 'Bash', 'Tempest Slash', 'Enradi']
['Power Charge', 'Null Distress', 'Apt Pupil', 'Vicious Strike']
['Rakukaja', 'Power Charge', 'Null Fire', 'Enradi']
['Enradi', 'Rakukaja', 'Bash', 'Apt Pupil']
['High Counter', 'Rakukaja', 'Enradi', 'Auto-Masuku']
['Rakukaja', 'Recarmdra', 'Bash', 'Enradi']
['Enradi', 'Null Distress', 'Null Fire', 'Rakukaja']
['Recarmdra', 'Enradi', 'Apt Pupil', 'Rakukaja']
['Apt Pupil', 'Null Fire', 'Rakukaja', 'High Counter']
['Bash', 'Rakukaja', 'Power Charge', 'Null Distress']
['Power Charge', 'Enradi', 'Recarmdra', 'Bash']
['Rakukaja', 'Null Fire', 'Herculean Strike', 'Enradi']
['Auto-Masuku', 'High Counter', 'Null Fire', 'Bash']
['Megidola', 'Rakukaja', 'Null Distress', 'Enradi']
['Power Charge', 'Bash', 'Herculean Strike', 'Auto-Masuku']
['High Counter', 'Rakukaja', 'Power Charge', 'Apt Pupil']
['Rakukaja', 'Bash', 'Power Charge', 'High Counter']
['Null Fire', 'Enradi', 'Vicious Strike', 'Power Charge']
['Null Distress', 'Auto-Masuku', 'Bash', 'Enradi']
['Null Fire', 'Vicious Strike', 'Bash', 'Stagnant Air']
['Rakukaja', 'Recarmdra', 'Apt Pupil', 'Bash']
['High Counter', 'Rakukaja', 'Power Charge', 'Null Fire']
['Enradi', 'Apt Pupil', 'Null Distress', 'Power Charge']
['Rakukaja', 'Power Charge', 'Auto-Mataru', 'Apt Pupil']
['Tempest Slash', 'Rakukaja', 'Enradi', 'Auto-Mataru']
['Auto-Mataru', 'Null Fire', 'Stagnant Air', 'Rakukaja']
['Rakukaja', 'Recarmdra', 'Auto-Mataru', 'Enradi']
['Auto-Masuku', 'Enradi', 'Rakukaja', 'Stagnant Air']
['Enradi', 'Recarmdra', 'Rakukaja', 'Null Distress']
['Vicious Strike', 'Auto-Mataru', 'Enradi', 'Bash']
['Rakukaja', 'Null Fire', 'Herculean Strike', 'Enradi']
['Null Fire', 'Rakukaja', 'Power Charge', 'High Counter']
['Rakukaja', 'Null Fire', 'Enradi', 'Apt Pupil']
['Auto-Masuku', 'Tempest Slash', 'Enradi', 'Power Charge']
['Rakukaja', 'Auto-Masuku', 'Auto-Mataru', 'Power Charge']
['Null Distress', 'Apt Pupil', 'High Counter', 'Rakukaja']
['Auto-Mataru', 'Power Charge', 'Recarmdra', 'Null Fire']
['Null Distress', 'Rakukaja', 'Recarmdra', 'Bash']
['Enradi', 'Null Distress', 'Auto-Mataru', 'Rakukaja']
['Auto-Masuku', 'Rakukaja', 'Null Distress', 'Bash']
['Auto-Masuku', 'Stagnant Air', 'Null Distress', 'Enradi']
['Bash', 'High Counter', 'Rakukaja', 'Apt Pupil']
['Enradi', 'Rakukaja', 'Apt Pupil', 'Null Fire']
['Auto-Mataru', 'Enradi', 'High Counter', 'Auto-Masuku']
['High Counter', 'Recarmdra', 'Enradi', 'Null Distress']
['Rakukaja', 'Auto-Mataru', 'Vicious Strike', 'Enradi']
['High Counter', 'Bash', 'Enradi', 'Herculean Strike']
['Rakukaja', 'Recarmdra', 'Null Fire', 'Null Distress']
['Null Distress', 'Bash', 'Recarmdra', 'Vicious Strike']
['Rakukaja', 'Auto-Mataru', 'Bash', 'Megidola']
['Null Distress', 'Null Fire', 'Enradi', 'Apt Pupil']
['Herculean Strike', 'Rakukaja', 'Tempest Slash', 'High Counter']
['Rakukaja', 'Recarmdra', 'Enradi', 'Bash']
['Power Charge', 'Enradi', 'Apt Pupil', 'Auto-Mataru']
['Null Fire', 'Recarmdra', 'Auto-Mataru', 'Rakukaja']
['Apt Pupil', 'Enradi', 'Null Distress', 'Recarmdra']
['Megidola', 'Auto-Mataru', 'Vicious Strike', 'Enradi']
['Enradi', 'Null Distress', 'Auto-Masuku', 'Rakukaja']
['Recarmdra', 'Power Charge', 'Enradi', 'Auto-Mataru']
['Recarmdra', 'Rakukaja', 'Enradi', 'Megidola']
['Rakukaja', 'Null Fire', 'Stagnant Air', 'Apt Pupil']
['Enradi', 'Herculean Strike', 'Auto-Mataru', 'Rakukaja']
['Auto-Masuku', 'Bash', 'Stagnant Air', 'High Counter']
['High Counter', 'Rakukaja', 'Null Distress', 'Recarmdra']
['Bash', 'Power Charge', 'High Counter', 'Null Fire']
['Auto-Mataru', 'Rakukaja', 'Null Fire', 'Null Distress']
['Enradi', 'Apt Pupil', 'High Counter', 'Recarmdra']
['Stagnant Air', 'Enradi', 'Apt Pupil', 'Null Fire']
['Power Charge', 'Apt Pupil', 'Bash', 'Enradi']
['Enradi', 'Bash', 'Rakukaja', 'Auto-Masuku']
['Auto-Masuku', 'Rakukaja', 'Herculean Strike', 'Enradi']
['Power Charge', 'Megidola', 'Recarmdra', 'Apt Pupil']
['Auto-Masuku', 'Enradi', 'Bash', 'Apt Pupil']
['Enradi', 'Rakukaja', 'Power Charge', 'High Counter']
['Rakukaja', 'High Counter', 'Bash', 'Null Distress']
['Apt Pupil', 'Megidola', 'Rakukaja', 'Enradi']
['Rakukaja', 'Null Fire', 'Enradi', 'Stagnant Air']
['Enradi', 'Power Charge', 'Null Distress', 'High Counter']
['Enradi', 'Null Fire', 'Apt Pupil', 'High Counter']
['Null Fire', 'Rakukaja', 'Power Charge', 'Enradi']
['Rakukaja', 'Enradi', 'Null Fire', 'Auto-Mataru']
['Power Charge', 'Auto-Masuku', 'Null Fire', 'Rakukaja']
['Apt Pupil', 'Power Charge', 'Null Distress', 'Bash']
['Null Distress', 'Null Fire', 'Rakukaja', 'Recarmdra']
['Enradi', 'High Counter', 'Power Charge', 'Auto-Mataru']
['Auto-Masuku', 'High Counter', 'Rakukaja', 'Null Fire']
['Rakukaja', 'Apt Pupil', 'Herculean Strike', 'Power Charge']
['Bash', 'Enradi', 'Rakukaja', 'Auto-Masuku']
['Enradi', 'Null Fire', 'Null Distress', 'Megidola']
['High Counter', 'Recarmdra', 'Bash', 'Rakukaja']
['Rakukaja', 'Auto-Masuku', 'Bash', 'Null Distress']
['Null Fire', 'Enradi', 'Auto-Masuku', 'Null Distress']
['Power Charge', 'High Counter', 'Enradi', 'Null Fire']
['Power Charge', 'Rakukaja', 'Apt Pupil', 'Auto-Masuku']
['Rakukaja', 'Auto-Mataru', 'Recarmdra', 'Bash']
['Null Distress', 'Bash', 'Null Fire', 'Power Charge']
['High Counter', 'Null Fire', 'Auto-Masuku', 'Auto-Mataru']
['Power Charge', 'Enradi', 'Megidola', 'Rakukaja']
['High Counter', 'Rakukaja', 'Auto-Mataru', 'Auto-Masuku']
['Enradi', 'High Counter', 'Rakukaja', 'Tempest Slash']
['High Counter', 'Apt Pupil', 'Enradi', 'Null Fire']
['Enradi', 'High Counter', 'Auto-Mataru', 'Null Fire']
['Rakukaja', 'High Counter', 'Recarmdra', 'Null Distress']
['Tempest Slash', 'Power Charge', 'Null Fire', 'Recarmdra']
['Power Charge', 'Enradi', 'Auto-Mataru', 'Null Fire']
['Apt Pupil', 'Enradi', 'Recarmdra', 'Null Distress']
['Null Fire', 'Null Distress', 'Auto-Masuku', 'Bash']
['Null Distress', 'Auto-Masuku', 'Bash', 'Enradi']
['Enradi', 'Herculean Strike', 'Null Fire', 'Auto-Mataru']
['Rakukaja', 'Auto-Masuku', 'Enradi', 'Null Distress']
['Power Charge', 'Auto-Mataru', 'Enradi', 'High Counter']
['Enradi', 'Power Charge', 'Apt Pupil', 'Recarmdra']
['Enradi', 'Power Charge', 'Recarmdra', 'Apt Pupil']
['Bash', 'Null Distress', 'Apt Pupil', 'Auto-Mataru']
['High Counter', 'Recarmdra', 'Stagnant Air', 'Null Distress']
['Auto-Mataru', 'Bash', 'Tempest Slash', 'High Counter']
['Apt Pupil', 'Auto-Masuku', 'Auto-Mataru', 'Power Charge']
['Auto-Masuku', 'Rakukaja', 'Stagnant Air', 'Apt Pupil']
['Power Charge', 'Auto-Mataru', 'Rakukaja', 'Null Fire']
['Enradi', 'Power Charge', 'Bash', 'Auto-Mataru']
['Bash', 'Auto-Masuku', 'High Counter', 'Rakukaja']
['Auto-Mataru', 'Auto-Masuku', 'Null Fire', 'Null Distress']
['Null Fire', 'Rakukaja', 'Auto-Mataru', 'Enradi']
['Auto-Masuku', 'Vicious Strike', 'Rakukaja', 'Enradi']
['Power Charge', 'Enradi', 'Rakukaja', 'Bash']
['Null Distress', 'Null Fire', 'Enradi', 'Power Charge']
['Enradi', 'Auto-Masuku', 'Power Charge', 'Rakukaja']
['Bash', 'Rakukaja', 'Auto-Mataru', 'Apt Pupil']
['Rakukaja', 'Recarmdra', 'Enradi', 'Bash']
['Apt Pupil', 'Rakukaja', 'Power Charge', 'Bash']
['Null Distress', 'Enradi', 'Recarmdra', 'Apt Pupil']
['Apt Pupil', 'Power Charge', 'Bash', 'High Counter']
['Enradi', 'Bash', 'Null Fire', 'Power Charge']
['Enradi', 'Apt Pupil', 'Null Distress', 'High Counter']
['Power Charge', 'Auto-Masuku', 'High Counter', 'Null Distress']
['Auto-Mataru', 'Enradi', 'Null Fire', 'Rakukaja']
['Bash', 'Rakukaja', 'Enradi', 'Auto-Masuku']
['Enradi', 'Apt Pupil', 'Rakukaja', 'Null Distress']
['Enradi', 'Rakukaja', 'Null Fire', 'Vicious Strike']
['Auto-Masuku', 'Null Distress', 'Bash', 'Apt Pupil']
['Null Distress', 'High Counter', 'Power Charge', 'Auto-Masuku']
['Enradi', 'Auto-Mataru', 'Power Charge', 'Rakukaja']
['Power Charge', 'Null Fire', 'Bash', 'Auto-Mataru']
['Herculean Strike', 'Enradi', 'Bash', 'Null Fire']
['Apt Pupil', 'Rakukaja', 'Bash', 'Vicious Strike']
['Apt Pupil', 'Auto-Mataru', 'Rakukaja', 'High Counter']
['Enradi', 'High Counter', 'Null Distress', 'Power Charge']
['Rakukaja', 'Enradi', 'Bash', 'Null Fire']
['Auto-Masuku', 'Enradi', 'Rakukaja', 'High Counter']
['Enradi', 'Auto-Mataru', 'Apt Pupil', 'Auto-Masuku']
['Power Charge', 'Apt Pupil', 'Auto-Masuku', 'Enradi']
['Enradi', 'Bash', 'High Counter', 'Auto-Mataru']
['Bash', 'Enradi', 'Stagnant Air', 'High Counter']
['Auto-Masuku', 'Enradi', 'Rakukaja', 'Apt Pupil']
['Enradi', 'Rakukaja', 'Auto-Masuku', 'Auto-Mataru']
['Herculean Strike', 'Null Distress', 'Auto-Mataru', 'Bash']
['Bash', 'Tempest Slash', 'Stagnant Air', 'Null Distress']
['Null Fire', 'Auto-Masuku', 'High Counter', 'Enradi']
['Null Distress', 'Power Charge', 'Null Fire', 'Recarmdra']
['Rakukaja', 'Enradi', 'Power Charge', 'Null Fire']
['Rakukaja', 'High Counter', 'Bash', 'Enradi']
['Null Distress', 'Tempest Slash', 'Enradi', 'Auto-Masuku']
['Bash', 'Power Charge', 'Null Fire', 'Enradi']
['Apt Pupil', 'Enradi', 'Auto-Masuku', 'Rakukaja']
['Power Charge', 'High Counter', 'Null Fire', 'Enradi']
['Enradi', 'Apt Pupil', 'Rakukaja', 'Power Charge']
['High Counter', 'Apt Pupil', 'Auto-Mataru', 'Bash']
['Auto-Masuku', 'Enradi', 'Rakukaja', 'Power Charge']
['High Counter', 'Enradi', 'Rakukaja', 'Null Distress']
['Rakukaja', 'High Counter', 'Auto-Masuku', 'Recarmdra']
['Enradi', 'Herculean Strike', 'High Counter', 'Tempest Slash']
['Bash', 'Rakukaja', 'High Counter', 'Null Distress']
['Power Charge', 'Vicious Strike', 'Rakukaja', 'Auto-Masuku']
['Power Charge', 'Bash', 'Null Distress', 'Rakukaja']
['Null Fire', 'Apt Pupil', 'Recarmdra', 'Power Charge']
['Auto-Masuku', 'Null Distress', 'Enradi', 'Rakukaja']
['Enradi', 'High Counter', 'Bash', 'Power Charge']
['Enradi', 'Apt Pupil', 'Auto-Masuku', 'High Counter']
['Bash', 'Enradi', 'Rakukaja', 'Auto-Masuku']
['Null Distress', 'Rakukaja', 'Apt Pupil', 'High Counter']
['Auto-Mataru', 'Null Distress', 'Rakukaja', 'Apt Pupil']
['Enradi', 'High Counter', 'Rakukaja', 'Null Distress']
['Bash', 'Tempest Slash', 'Rakukaja', 'Power Charge']
['Recarmdra', 'Rakukaja', 'Apt Pupil', 'Auto-Masuku']
['Herculean Strike', 'Rakukaja', 'Auto-Masuku', 'Power Charge']
['Null Fire', 'Power Charge', 'Enradi', 'Auto-Masuku']
['Recarmdra', 'Stagnant Air', 'High Counter', 'Bash']
['Tempest Slash', 'Auto-Mataru', 'Auto-Masuku', 'Enradi']
['Null Fire', 'Power Charge', 'Null Distress', 'Enradi']
['Tempest Slash', 'Power Charge', 'Apt Pupil', 'Enradi']
['Power Charge', 'Null Fire', 'Enradi', 'Null Distress']
['Auto-Masuku', 'Power Charge', 'Stagnant Air', 'High Counter']
['Rakukaja', 'Null Distress', 'Apt Pupil', 'High Counter']
['Megidola', 'High Counter', 'Null Fire', 'Enradi']
['Auto-Masuku', 'Stagnant Air', 'Power Charge', 'Null Fire']
['Enradi', 'Null Fire', 'Stagnant Air', 'Rakukaja']
['Enradi', 'Recarmdra', 'Bash', 'Auto-Mataru']
['High Counter', 'Enradi', 'Null Distress', 'Auto-Masuku']
['Power Charge', 'Enradi', 'Rakukaja', 'Tempest Slash']
['Auto-Masuku', 'Apt Pupil', 'Stagnant Air', 'Null Distress']
['Rakukaja', 'Enradi', 'Auto-Mataru', 'Null Fire']
['Rakukaja', 'Null Fire', 'Enradi', 'Bash']
['Enradi', 'Rakukaja', 'Bash', 'Auto-Mataru']
['Enradi', 'Apt Pupil', 'Vicious Strike', 'Rakukaja']
['Enradi', 'High Counter', 'Rakukaja', 'Power Charge']
['Rakukaja', 'Auto-Mataru', 'Enradi', 'Bash']
['High Counter', 'Power Charge', 'Recarmdra', 'Enradi']
['Apt Pupil', 'Power Charge', 'Bash', 'Rakukaja']
['Rakukaja', 'Enradi', 'Auto-Masuku', 'High Counter']
['Rakukaja', 'Bash', 'Apt Pupil', 'Enradi']
['Rakukaja', 'Apt Pupil', 'Null Fire', 'Bash']
['Power Charge', 'Recarmdra', 'Auto-Masuku', 'Rakukaja']
['Rakukaja', 'Enradi', 'Null Fire', 'Auto-Masuku']
['Rakukaja', 'High Counter', 'Recarmdra', 'Null Distress']
['High Counter', 'Enradi', 'Rakukaja', 'Apt Pupil']
['Rakukaja', 'Auto-Mataru', 'Apt Pupil', 'Enradi']
['Stagnant Air', 'Auto-Mataru', 'Null Distress', 'Enradi']
['Rakukaja', 'Power Charge', 'Tempest Slash', 'Enradi']
['Bash', 'Enradi', 'Power Charge', 'Rakukaja']
['Auto-Mataru', 'Null Fire', 'Power Charge', 'Rakukaja']
['Null Distress', 'Bash', 'Power Charge', 'Rakukaja']
['Null Distress', 'Power Charge', 'Enradi', 'High Counter']
['Rakukaja', 'High Counter', 'Apt Pupil', 'Bash']
['Bash', 'Enradi', 'Auto-Mataru', 'Power Charge']
['Rakukaja', 'Apt Pupil', 'Enradi', 'Power Charge']
['Power Charge', 'High Counter', 'Rakukaja', 'Null Distress']
['Power Charge', 'Enradi', 'Recarmdra', 'Apt Pupil']
['Enradi', 'Stagnant Air', 'Rakukaja', 'Recarmdra']
['Null Fire', 'Rakukaja', 'Tempest Slash', 'Enradi']
['Auto-Masuku', 'Rakukaja', 'Null Distress', 'Apt Pupil']
['Bash', 'Herculean Strike', 'Null Fire', 'High Counter']
['Rakukaja', 'Recarmdra', 'Enradi', 'Null Distress']
['Power Charge', 'High Counter', 'Apt Pupil', 'Null Fire']
['Apt Pupil', 'Power Charge', 'Rakukaja', 'Enradi']
['Null Distress', 'Auto-Masuku', 'Recarmdra', 'Auto-Mataru']
['Recarmdra', 'Apt Pupil', 'Enradi', 'High Counter']
['Apt Pupil', 'Power Charge', 'High Counter', 'Null Distress']
['High Counter', 'Tempest Slash', 'Enradi', 'Null Fire']
['Auto-Mataru', 'Apt Pupil', 'Rakukaja', 'Stagnant Air']
['Rakukaja', 'Recarmdra', 'Null Distress', 'Auto-Masuku']
['Null Distress', 'Enradi', 'Tempest Slash', 'Apt Pupil']
['Apt Pupil', 'High Counter', 'Stagnant Air', 'Auto-Mataru']
['Rakukaja', 'Bash', 'Null Fire', 'High Counter']
['High Counter', 'Null Fire', 'Rakukaja', 'Enradi']
['Apt Pupil', 'Power Charge', 'Null Distress', 'Enradi']
['Power Charge', 'Enradi', 'Null Distress', 'Auto-Masuku']
['Power Charge', 'Auto-Masuku', 'Apt Pupil', 'Null Fire']
['Null Distress', 'Enradi', 'Rakukaja', 'High Counter']
['Apt Pupil', 'Recarmdra', 'Rakukaja', 'High Counter']
['Rakukaja', 'Recarmdra', 'Enradi', 'Null Distress']
['Apt Pupil', 'High Counter', 'Power Charge', 'Tempest Slash']
['Rakukaja', 'Bash', 'Null Fire', 'High Counter']
['Enradi', 'Power Charge', 'Vicious Strike', 'Null Fire']
['Power Charge', 'Enradi', 'Apt Pupil', 'Auto-Mataru']
['Null Fire', 'Rakukaja', 'Null Distress', 'Enradi']
['High Counter', 'Rakukaja', 'Enradi', 'Null Fire']
['Bash', 'Null Distress', 'Rakukaja', 'Apt Pupil']
['Rakukaja', 'Auto-Mataru', 'Null Fire', 'Bash']
['Enradi', 'Apt Pupil', 'Power Charge', 'Tempest Slash']
['Null Fire', 'Megidola', 'Rakukaja', 'Null Distress']
['High Counter', 'Null Distress', 'Bash', 'Enradi']
['Enradi', 'Null Distress', 'High Counter', 'Bash']
['Null Fire', 'Power Charge', 'Rakukaja', 'Apt Pupil']
['Recarmdra', 'Rakukaja', 'Auto-Masuku', 'Null Distress']
['Power Charge', 'Rakukaja', 'Auto-Masuku', 'Megidola']
['Vicious Strike', 'Null Fire', 'Recarmdra', 'Rakukaja']
['Rakukaja', 'Auto-Mataru', 'Bash', 'Enradi']
['Bash', 'Rakukaja', 'Enradi', 'Null Fire']
['Enradi', 'Apt Pupil', 'Null Distress', 'High Counter']
['Rakukaja', 'Enradi', 'Null Distress', 'Null Fire']
['Enradi', 'Bash', 'Null Distress', 'Rakukaja']
['Null Fire', 'Auto-Mataru', 'Enradi', 'Apt Pupil']
['Rakukaja', 'Power Charge', 'Bash', 'Auto-Mataru']
['Null Distress', 'Recarmdra', 'Power Charge', 'Rakukaja']
['Null Fire', 'Bash', 'High Counter', 'Enradi']
['Null Fire', 'Apt Pupil', 'Enradi', 'High Counter']
['Apt Pupil', 'Stagnant Air', 'Enradi', 'Bash']
['High Counter', 'Enradi', 'Rakukaja', 'Null Fire']
['Vicious Strike', 'Power Charge', 'Enradi', 'Auto-Mataru']
['Rakukaja', 'Enradi', 'Herculean Strike', 'Recarmdra']
['Power Charge', 'Enradi', 'Auto-Mataru', 'Stagnant Air']
['Null Distress', 'Rakukaja', 'Recarmdra', 'Auto-Mataru']
['Power Charge', 'Enradi', 'Null Fire', 'Auto-Masuku']
['Rakukaja', 'Enradi', 'High Counter', 'Null Distress']
['Rakukaja', 'Apt Pupil', 'Megidola', 'Enradi']
['Enradi', 'High Counter', 'Rakukaja', 'Bash']
['Null Distress', 'Enradi', 'High Counter', 'Bash']
['Bash', 'Auto-Masuku', 'Auto-Mataru', 'Enradi']
['Rakukaja', 'Enradi', 'Apt Pupil', 'Auto-Mataru']
['Null Distress', 'Power Charge', 'High Counter', 'Bash']
['Enradi', 'Null Distress', 'Power Charge', 'Auto-Mataru']
['Enradi', 'Auto-Masuku', 'Apt Pupil', 'Recarmdra']
['Null Fire', 'Enradi', 'High Counter', 'Stagnant Air']
['Auto-Masuku', 'Null Distress', 'Herculean Strike', 'Recarmdra']
['Enradi', 'Apt Pupil', 'Null Fire', 'Recarmdra']
['Auto-Mataru', 'Apt Pupil', 'Enradi', 'Rakukaja']
['Recarmdra', 'High Counter', 'Null Fire', 'Rakukaja']
['Auto-Mataru', 'Stagnant Air', 'Rakukaja', 'Null Distress']
['Auto-Masuku', 'Recarmdra', 'Herculean Strike', 'Null Fire']
['Null Fire', 'Apt Pupil', 'Auto-Mataru', 'Power Charge']
['High Counter', 'Bash', 'Rakukaja', 'Enradi']
['Null Fire', 'Rakukaja', 'Recarmdra', 'Auto-Mataru']
['Apt Pupil', 'Rakukaja', 'Recarmdra', 'Auto-Mataru']
['High Counter', 'Megidola', 'Apt Pupil', 'Auto-Mataru']
['Auto-Masuku', 'Rakukaja', 'Null Distress', 'Recarmdra']
['Null Distress', 'Rakukaja', 'Enradi', 'Bash']
['Power Charge', 'Enradi', 'High Counter', 'Rakukaja']
['Null Distress', 'Null Fire', 'Auto-Masuku', 'High Counter']
['Enradi', 'Rakukaja', 'Null Fire', 'Apt Pupil']
['Rakukaja', 'Enradi', 'Vicious Strike', 'Null Fire']
['Null Fire', 'Rakukaja', 'High Counter', 'Bash']
['Stagnant Air', 'Enradi', 'Apt Pupil', 'Null Distress']
['Enradi', 'Rakukaja', 'Null Fire', 'High Counter']
['Enradi', 'High Counter', 'Auto-Masuku', 'Null Fire']
['Null Distress', 'Enradi', 'Null Fire', 'Rakukaja']
['Stagnant Air', 'Bash', 'Rakukaja', 'Recarmdra']
['Null Fire', 'Enradi', 'Rakukaja', 'Auto-Masuku']
['Enradi', 'Tempest Slash', 'Power Charge', 'Megidola']
['Null Distress', 'Null Fire', 'Rakukaja', 'Stagnant Air']
['Rakukaja', 'Auto-Masuku', 'Enradi', 'Stagnant Air']
['Null Fire', 'Enradi', 'Power Charge', 'Rakukaja']
['Rakukaja', 'Null Fire', 'Bash', 'Null Distress']
['Power Charge', 'Null Distress', 'High Counter', 'Rakukaja']
['Recarmdra', 'Enradi', 'Power Charge', 'Rakukaja']
['Auto-Mataru', 'Apt Pupil', 'Enradi', 'Power Charge']
['Apt Pupil', 'Recarmdra', 'Enradi', 'Null Fire']
['Null Fire', 'Enradi', 'Rakukaja', 'Apt Pupil']
['Apt Pupil', 'Enradi', 'Recarmdra', 'Power Charge']
['Rakukaja', 'Recarmdra', 'Auto-Mataru', 'Auto-Masuku']
['Enradi', 'Tempest Slash', 'Null Distress', 'Rakukaja']
['Auto-Masuku', 'Null Distress', 'Enradi', 'Recarmdra']
['Enradi', 'Power Charge', 'Rakukaja', 'Bash']
['Bash', 'Null Distress', 'Apt Pupil', 'Power Charge']
['Auto-Mataru', 'Null Distress', 'Null Fire', 'Rakukaja']
['Auto-Mataru', 'Enradi', 'Power Charge', 'Bash']
['Bash', 'Apt Pupil', 'Null Distress', 'Rakukaja']
['Enradi', 'Null Distress', 'High Counter', 'Rakukaja']
['Bash', 'Null Distress', 'Enradi', 'Rakukaja']
['Recarmdra', 'Herculean Strike', 'Power Charge', 'Enradi']
['Auto-Mataru', 'Enradi', 'Null Fire', 'Rakukaja']
['Null Distress', 'Recarmdra', 'Power Charge', 'Apt Pupil']
['Bash', 'Stagnant Air', 'Null Fire', 'Rakukaja']
['Auto-Mataru', 'Bash', 'Auto-Masuku', 'Null Fire']
['Recarmdra', 'Megidola', 'Bash', 'Rakukaja']
['Apt Pupil', 'Null Fire', 'Auto-Mataru', 'Rakukaja']
['Enradi', 'High Counter', 'Auto-Mataru', 'Apt Pupil']
['Rakukaja', 'High Counter', 'Enradi', 'Recarmdra']
['Null Fire', 'Apt Pupil', 'Enradi', 'Tempest Slash']
['Power Charge', 'Auto-Masuku', 'Null Distress', 'Recarmdra']
['Null Fire', 'Recarmdra', 'High Counter', 'Power Charge']
['Recarmdra', 'Apt Pupil', 'Null Distress', 'Enradi']
['High Counter', 'Null Fire', 'Auto-Masuku', 'Recarmdra']
['High Counter', 'Null Distress', 'Enradi', 'Rakukaja']
['Auto-Mataru', 'Enradi', 'Rakukaja', 'Recarmdra']
['Power Charge', 'Vicious Strike', 'Enradi', 'Auto-Masuku']
['Power Charge', 'High Counter', 'Auto-Mataru', 'Apt Pupil']
['Bash', 'Null Fire', 'Power Charge', 'Auto-Masuku']
['Stagnant Air', 'Apt Pupil', 'Auto-Masuku', 'Power Charge']
['Power Charge', 'Recarmdra', 'High Counter', 'Enradi']
['Bash', 'Recarmdra', 'Null Fire', 'Apt Pupil']
['Rakukaja', 'Null Distress', 'Bash', 'Enradi']
['Rakukaja', 'Power Charge', 'Enradi', 'Null Fire']
['Enradi', 'High Counter', 'Stagnant Air', 'Power Charge']
['Power Charge', 'Rakukaja', 'Null Distress', 'Null Fire']
['Auto-Mataru', 'Rakukaja', 'Power Charge', 'Enradi']
['Enradi', 'Null Fire', 'Null Distress', 'Power Charge']
['Enradi', 'Apt Pupil', 'Rakukaja', 'High Counter']
['Rakukaja', 'Recarmdra', 'High Counter', 'Enradi']
['Rakukaja', 'Power Charge', 'Bash', 'Enradi']
['Auto-Masuku', 'Null Fire', 'Null Distress', 'High Counter']
['Null Fire', 'Apt Pupil', 'Rakukaja', 'Auto-Masuku']
['Enradi', 'Tempest Slash', 'Apt Pupil', 'Rakukaja']
['Tempest Slash', 'Enradi', 'Auto-Mataru', 'Power Charge']
['Bash', 'Enradi', 'Auto-Mataru', 'Rakukaja']
['Enradi', 'Rakukaja', 'Power Charge', 'Null Fire']
['Apt Pupil', 'Enradi', 'Power Charge', 'High Counter']
['Power Charge', 'Auto-Mataru', 'Null Distress', 'Bash']
['Bash', 'Rakukaja', 'Auto-Mataru', 'Auto-Masuku']
['High Counter', 'Null Fire', 'Enradi', 'Auto-Masuku']
['Bash', 'Enradi', 'Power Charge', 'Rakukaja']
['Null Distress', 'Rakukaja', 'Enradi', 'Power Charge']
['Enradi', 'Null Fire', 'Bash', 'Apt Pupil']
['High Counter', 'Null Distress', 'Bash', 'Power Charge']
['Rakukaja', 'Auto-Masuku', 'Bash', 'Enradi']
['Tempest Slash', 'Null Distress', 'Auto-Masuku', 'Bash']
['Enradi', 'Null Distress', 'Apt Pupil', 'Power Charge']
['Rakukaja', 'Recarmdra', 'Apt Pupil', 'Power Charge']
['Enradi', 'Recarmdra', 'Rakukaja', 'Power Charge']
['Power Charge', 'Null Distress', 'Bash', 'Null Fire']
['Null Fire', 'Auto-Masuku', 'Rakukaja', 'Bash']
['Rakukaja', 'Bash', 'Auto-Mataru', 'Enradi']
['Null Fire', 'Rakukaja', 'Null Distress', 'Auto-Mataru']
['Enradi', 'Stagnant Air', 'Rakukaja', 'Vicious Strike']
['Bash', 'Enradi', 'Tempest Slash', 'Rakukaja']
['Rakukaja', 'Enradi', 'Apt Pupil', 'Bash']
['Bash', 'Enradi', 'Rakukaja', 'Recarmdra']
['Rakukaja', 'Bash', 'Enradi', 'Auto-Mataru']
['High Counter', 'Rakukaja', 'Apt Pupil', 'Null Distress']
['Null Distress', 'Null Fire', 'Megidola', 'Enradi']
['Enradi', 'Herculean Strike', 'Apt Pupil', 'Rakukaja']
['Bash', 'Enradi', 'High Counter', 'Recarmdra']
['Rakukaja', 'Enradi', 'Bash', 'Apt Pupil']
['Herculean Strike', 'Null Distress', 'High Counter', 'Enradi']
['Rakukaja', 'Apt Pupil', 'Null Fire', 'Null Distress']
['High Counter', 'Null Distress', 'Bash', 'Rakukaja']
['Stagnant Air', 'Null Fire', 'Rakukaja', 'Herculean Strike']
['High Counter', 'Rakukaja', 'Apt Pupil', 'Enradi']
['High Counter', 'Enradi', 'Rakukaja', 'Apt Pupil']
['Null Distress', 'Rakukaja', 'Enradi', 'Recarmdra']
['Auto-Masuku', 'Recarmdra', 'Rakukaja', 'Enradi']
['Recarmdra', 'Auto-Masuku', 'Bash', 'Rakukaja']
['Recarmdra', 'High Counter', 'Auto-Masuku', 'Auto-Mataru']
['Null Fire', 'Power Charge', 'Enradi', 'High Counter']
['Bash', 'Power Charge', 'Rakukaja', 'Vicious Strike']
['Enradi', 'Null Distress', 'Bash', 'Recarmdra']
['Apt Pupil', 'Power Charge', 'Bash', 'Tempest Slash']
['Auto-Masuku', 'Power Charge', 'High Counter', 'Null Distress']
['Stagnant Air', 'Rakukaja', 'Recarmdra', 'Enradi']
['High Counter', 'Auto-Mataru', 'Rakukaja', 'Bash']
['Power Charge', 'Rakukaja', 'Null Fire', 'Bash']
['Apt Pupil', 'High Counter', 'Power Charge', 'Null Distress']
['Auto-Mataru', 'Enradi', 'Bash', 'Stagnant Air']
['Enradi', 'High Counter', 'Null Fire', 'Rakukaja']
['Enradi', 'Power Charge', 'Auto-Masuku', 'Recarmdra']
['Rakukaja', 'Recarmdra', 'High Counter', 'Auto-Masuku']
['Apt Pupil', 'Enradi', 'Null Distress', 'Rakukaja']
