['Poison Mist', 'Marakunda', 'Raging Tiger', 'Revolution']
['Ice Boost', 'Marakunda', 'Diarama', 'Apt Pupil']
['Revolution', 'Raging Tiger', 'Auto-Tarukaja', 'Diarama']
['Auto-Tarukaja', 'Raging Tiger', 'Ice Boost', 'Diarama']
['Twin Shot', 'Power Slash', 'Raging Tiger', 'Null Distress']
['Raging Tiger', 'Poison Mist', 'Dodge Ice', 'Apt Pupil']
['Raging Tiger', 'Marakunda', 'Diarama', 'Auto-Tarukaja']
['Ice Boost', 'Poison Mist', 'Marakunda', 'Cleave']
['Ice Boost', 'Dodge Strike', 'Auto-Tarukaja', 'Raging Tiger']
['Deathbound', 'Dodge Strike', 'Dodge Ice', 'Sukukaja']
['Raging Tiger', 'Ice Boost', 'Marakunda', 'Sukukaja']
['Raging Tiger', 'Cleave', 'Null Distress', 'Poison Mist']
['Null Distress', 'Auto-Tarukaja', 'Dodge Strike', 'Marakunda']
['Marakunda', 'Ice Boost', 'Poison Mist', 'Dodge Ice']
['Ice Boost', 'Revolution', 'Dodge Ice', 'Auto-Tarukaja']
['Apt Pupil', 'Raging Tiger', 'Cleave', 'Revolution']
['Cleave', 'Null Distress', 'Poison Mist', 'Sukukaja']
['Raging Tiger', 'Power Slash', 'Sonic Punch', 'Apt Pupil']
['Ice Boost', 'Raging Tiger', 'Marakunda', 'Sukukaja']
['Apt Pupil', 'Raging Tiger', 'Marakunda', 'Sukukaja']
['Poison Mist', 'Sukukaja', 'Auto-Tarukaja', 'Diarama']
['Ice Boost', 'Auto-Tarukaja', 'Power Slash', 'Raging Tiger']
['Raging Tiger', 'Dodge Ice', 'Poison Mist', 'Sukukaja']
['Diarama', 'Ice Boost', 'Raging Tiger', 'Auto-Tarukaja']
['Raging Tiger', 'Dodge Strike', 'Apt Pupil', 'Cruel Attack']
['Dodge Strike', 'Raging Tiger', 'Twin Shot', 'Ice Boost']
['Sukukaja', 'Raging Tiger', 'Revolution', 'Poison Mist']
['Auto-Tarukaja', 'Raging Tiger', 'Revolution', 'Sukukaja']
['Poison Mist', 'Sukukaja', 'Diarama', 'Cruel Attack']
['Revolution', 'Dodge Strike', 'Poison Mist', 'Marakunda']
['Auto-Tarukaja', 'Power Slash', 'Raging Tiger', 'Cleave']
['Auto-Tarukaja', 'Poison Mist', 'Raging Tiger', 'Revolution']
['Raging Tiger', 'Sukukaja', 'Null Distress', 'Poison Mist']
['Null Distress', 'Revolution', 'Blade of Fury', 'Diarama']
['Dodge Ice', 'Revolution', 'Marakunda', 'Ice Boost']
['Cleave', 'Revolution', 'Diarama', 'Auto-Tarukaja']
['Ice Boost', 'Dodge Ice', 'Raging Tiger', 'Revolution']
['Raging Tiger', 'Dodge Strike', 'Sukukaja', 'Poison Mist']
['Ice Boost', 'Dodge Ice', 'Raging Tiger', 'Diarama']
['Dodge Ice', 'Raging Tiger', 'Dodge Strike', 'Auto-Tarukaja']
['Raging Tiger', 'Ice Boost', 'Sukukaja', 'Dodge Strike']
['Dodge Ice', 'Poison Mist', 'Sukukaja', 'Revolution']
['Raging Tiger', 'Dodge Ice', 'Sukukaja', 'Auto-Tarukaja']
['Twin Shot', 'Poison Mist', 'Diarama', 'Null Distress']
['Marakunda', 'Raging Tiger', 'Ice Boost', 'Revolution']
['Poison Mist', 'Sukukaja', 'Diarama', 'Cleave']
['Ice Boost', 'Sukukaja', 'Raging Tiger', 'Revolution']
['Ice Boost', 'Dodge Strike', 'Raging Tiger', 'Power Slash']
['Twin Shot', 'Marakunda', 'Power Slash', 'Apt Pupil']
['Sukukaja', 'Revolution', 'Dodge Ice', 'Ice Boost']
['Null Distress', 'Auto-Tarukaja', 'Revolution', 'Diarama']
['Ice Boost', 'Dodge Strike', 'Revolution', 'Auto-Tarukaja']
['Revolution', 'Ice Boost', 'Null Distress', 'Diarama']
['Ice Boost', 'Marakunda', 'Sukukaja', 'Poison Mist']
['Dodge Strike', 'Raging Tiger', 'Ice Boost', 'Poison Mist']
['Raging Tiger', 'Marakunda', 'Diarama', 'Ice Boost']
['Dodge Ice', 'Dodge Strike', 'Apt Pupil', 'Auto-Tarukaja']
['Power Slash', 'Ice Boost', 'Dodge Ice', 'Dodge Strike']
['Apt Pupil', 'Dodge Ice', 'Sukukaja', 'Null Distress']
['Raging Tiger', 'Auto-Tarukaja', 'Revolution', 'Dodge Ice']
['Sukukaja', 'Marakunda', 'Dodge Strike', 'Raging Tiger']
['Dodge Strike', 'Ice Boost', 'Sonic Punch', 'Auto-Tarukaja']
['Revolution', 'Cleave', 'Dodge Ice', 'Auto-Tarukaja']
['Sukukaja', 'Dodge Ice', 'Raging Tiger', 'Ice Boost']
['Ice Boost', 'Null Distress', 'Power Slash', 'Raging Tiger']
['Revolution', 'Dodge Ice', 'Ice Boost', 'Diarama']
['Dodge Strike', 'Revolution', 'Auto-Tarukaja', 'Raging Tiger']
['Poison Mist', 'Null Distress', 'Sukukaja', 'Auto-Tarukaja']
['Dodge Ice', 'Apt Pupil', 'Raging Tiger', 'Ice Boost']
['Sukukaja', 'Dodge Ice', 'Auto-Tarukaja', 'Revolution']
['Raging Tiger', 'Ice Boost', 'Cleave', 'Sukukaja']
['Revolution', 'Raging Tiger', 'Diarama', 'Dodge Ice']
['Marakunda', 'Dodge Strike', 'Apt Pupil', 'Sukukaja']
['Marakunda', 'Sukukaja', 'Dodge Strike', 'Dodge Ice']
['Ice Boost', 'Dodge Ice', 'Apt Pupil', 'Null Distress']
['Poison Mist', 'Sukukaja', 'Revolution', 'Diarama']
['Dodge Strike', 'Dodge Ice', 'Raging Tiger', 'Diarama']
['Ice Boost', 'Power Slash', 'Null Distress', 'Dodge Ice']
['Raging Tiger', 'Poison Mist', 'Cleave', 'Diarama']
['Dodge Ice', 'Raging Tiger', 'Dodge Strike', 'Sonic Punch']
['Poison Mist', 'Ice Boost', 'Diarama', 'Dodge Strike']
['Null Distress', 'Raging Tiger', 'Auto-Tarukaja', 'Revolution']
['Cleave', 'Poison Mist', 'Diarama', 'Dodge Ice']
['Apt Pupil', 'Revolution', 'Marakunda', 'Dodge Strike']
['Revolution', 'Sukukaja', 'Raging Tiger', 'Marakunda']
['Sukukaja', 'Ice Boost', 'Dodge Strike', 'Marakunda']
['Sukukaja', 'Marakunda', 'Diarama', 'Raging Tiger']
['Cleave', 'Ice Boost', 'Dodge Ice', 'Diarama']
['Poison Mist', 'Auto-Tarukaja', 'Diarama', 'Revolution']
['Raging Tiger', 'Poison Mist', 'Null Distress', 'Auto-Tarukaja']
['Raging Tiger', 'Cleave', 'Sukukaja', 'Dodge Ice']
['Power Slash', 'Ice Boost', 'Twin Shot', 'Cleave']
['Null Distress', 'Ice Boost', 'Sukukaja', 'Diarama']
['Cleave', 'Revolution', 'Raging Tiger', 'Ice Boost']
['Raging Tiger', 'Ice Boost', 'Apt Pupil', 'Revolution']
['Dodge Ice', 'Raging Tiger', 'Sonic Punch', 'Diarama']
['Poison Mist', 'Revolution', 'Dodge Ice', 'Diarama']
['Apt Pupil', 'Raging Tiger', 'Ice Boost', 'Sukukaja']
['Sukukaja', 'Twin Shot', 'Marakunda', 'Revolution']
['Poison Mist', 'Ice Boost', 'Diarama', 'Sukukaja']
['Diarama', 'Auto-Tarukaja', 'Ice Boost', 'Poison Mist']
['Ice Boost', 'Marakunda', 'Sukukaja', 'Dodge Strike']
['Apt Pupil', 'Raging Tiger', 'Dodge Ice', 'Diarama']
['Raging Tiger', 'Dodge Strike', 'Auto-Tarukaja', 'Ice Boost']
['Marakunda', 'Power Slash', 'Sonic Punch', 'Dodge Strike']
['Auto-Tarukaja', 'Twin Shot', 'Dodge Strike', 'Dodge Ice']
['Dodge Strike', 'Null Distress', 'Raging Tiger', 'Power Slash']
['Poison Mist', 'Cleave', 'Dodge Strike', 'Raging Tiger']
['Power Slash', 'Null Distress', 'Revolution', 'Cleave']
['Null Distress', 'Raging Tiger', 'Dodge Ice', 'Cleave']
['Raging Tiger', 'Twin Shot', 'Ice Boost', 'Diarama']
['Raging Tiger', 'Poison Mist', 'Sukukaja', 'Revolution']
['Ice Boost', 'Revolution', 'Auto-Tarukaja', 'Raging Tiger']
['Raging Tiger', 'Apt Pupil', 'Poison Mist', 'Diarama']
['Raging Tiger', 'Marakunda', 'Cleave', 'Diarama']
['Diarama', 'Revolution', 'Raging Tiger', 'Twin Shot']
['Raging Tiger', 'Dodge Ice', 'Cleave', 'Ice Boost']
['Marakunda', 'Auto-Tarukaja', 'Raging Tiger', 'Ice Boost']
['Sukukaja', 'Apt Pupil', 'Dodge Strike', 'Marakunda']
['Ice Boost', 'Power Slash', 'Revolution', 'Dodge Strike']
['Raging Tiger', 'Diarama', 'Marakunda', 'Cleave']
['Ice Boost', 'Auto-Tarukaja', 'Dodge Ice', 'Blade of Fury']
['Power Slash', 'Sukukaja', 'Ice Boost', 'Raging Tiger']
['Dodge Strike', 'Raging Tiger', 'Sukukaja', 'Ice Boost']
['Sukukaja', 'Cruel Attack', 'Raging Tiger', 'Dodge Ice']
['Ice Boost', 'Auto-Tarukaja', 'Dodge Strike', 'Sonic Punch']
['Apt Pupil', 'Auto-Tarukaja', 'Ice Boost', 'Cruel Attack']
['Cleave', 'Auto-Tarukaja', 'Dodge Strike', 'Diarama']
['Ice Boost', 'Marakunda', 'Revolution', 'Null Distress']
['Apt Pupil', 'Raging Tiger', 'Revolution', 'Diarama']
['Auto-Tarukaja', 'Ice Boost', 'Sukukaja', 'Diarama']
['Revolution', 'Ice Boost', 'Marakunda', 'Twin Shot']
['Sukukaja', 'Raging Tiger', 'Dodge Strike', 'Ice Boost']
['Poison Mist', 'Ice Boost', 'Diarama', 'Twin Shot']
['Marakunda', 'Revolution', 'Sukukaja', 'Dodge Strike']
['Apt Pupil', 'Raging Tiger', 'Revolution', 'Null Distress']
['Ice Boost', 'Power Slash', 'Auto-Tarukaja', 'Sukukaja']
['Raging Tiger', 'Cleave', 'Apt Pupil', 'Dodge Ice']
['Raging Tiger', 'Revolution', 'Marakunda', 'Sukukaja']
['Raging Tiger', 'Revolution', 'Ice Boost', 'Sukukaja']
['Twin Shot', 'Raging Tiger', 'Apt Pupil', 'Revolution']
['Raging Tiger', 'Dodge Ice', 'Ice Boost', 'Sukukaja']
['Ice Boost', 'Auto-Tarukaja', 'Sukukaja', 'Cleave']
['Raging Tiger', 'Ice Boost', 'Poison Mist', 'Sukukaja']
['Revolution', 'Poison Mist', 'Raging Tiger', 'Null Distress']
['Raging Tiger', 'Dodge Strike', 'Sukukaja', 'Power Slash']
['Dodge Strike', 'Diarama', 'Revolution', 'Sukukaja']
['Poison Mist', 'Sonic Punch', 'Raging Tiger', 'Auto-Tarukaja']
['Cleave', 'Dodge Ice', 'Sukukaja', 'Ice Boost']
['Dodge Ice', 'Apt Pupil', 'Marakunda', 'Revolution']
['Revolution', 'Raging Tiger', 'Marakunda', 'Sukukaja']
['Poison Mist', 'Revolution', 'Marakunda', 'Cleave']
['Null Distress', 'Blade of Fury', 'Dodge Strike', 'Revolution']
['Ice Boost', 'Raging Tiger', 'Revolution', 'Null Distress']
['Auto-Tarukaja', 'Sonic Punch', 'Twin Shot', 'Apt Pupil']
['Poison Mist', 'Raging Tiger', 'Ice Boost', 'Marakunda']
['Ice Boost', 'Poison Mist', 'Sukukaja', 'Revolution']
['Raging Tiger', 'Ice Boost', 'Poison Mist', 'Apt Pupil']
['Revolution', 'Raging Tiger', 'Diarama', 'Dodge Ice']
['Sukukaja', 'Diarama', 'Auto-Tarukaja', 'Ice Boost']
['Ice Boost', 'Poison Mist', 'Dodge Strike', 'Sukukaja']
['Raging Tiger', 'Revolution', 'Diarama', 'Sukukaja']
['Dodge Strike', 'Ice Boost', 'Poison Mist', 'Twin Shot']
['Null Distress', 'Auto-Tarukaja', 'Dodge Strike', 'Power Slash']
['Ice Boost', 'Raging Tiger', 'Blade of Fury', 'Marakunda']
['Poison Mist', 'Diarama', 'Ice Boost', 'Dodge Strike']
['Poison Mist', 'Revolution', 'Diarama', 'Dodge Ice']
['Power Slash', 'Auto-Tarukaja', 'Diarama', 'Blade of Fury']
['Diarama', 'Deathbound', 'Raging Tiger', 'Power Slash']
['Revolution', 'Raging Tiger', 'Diarama', 'Dodge Strike']
['Dodge Ice', 'Raging Tiger', 'Dodge Strike', 'Cleave']
['Ice Boost', 'Revolution', 'Blade of Fury', 'Sukukaja']
['Ice Boost', 'Raging Tiger', 'Diarama', 'Sukukaja']
['Cruel Attack', 'Ice Boost', 'Dodge Strike', 'Raging Tiger']
['Ice Boost', 'Dodge Strike', 'Raging Tiger', 'Marakunda']
['Sonic Punch', 'Raging Tiger', 'Diarama', 'Marakunda']
['Diarama', 'Revolution', 'Sukukaja', 'Null Distress']
['Dodge Ice', 'Revolution', 'Twin Shot', 'Dodge Strike']
['Raging Tiger', 'Marakunda', 'Dodge Strike', 'Ice Boost']
['Sukukaja', 'Auto-Tarukaja', 'Diarama', 'Poison Mist']
['Sukukaja', 'Apt Pupil', 'Auto-Tarukaja', 'Revolution']
['Sukukaja', 'Ice Boost', 'Poison Mist', 'Apt Pupil']
['Raging Tiger', 'Null Distress', 'Blade of Fury', 'Poison Mist']
['Sukukaja', 'Poison Mist', 'Raging Tiger', 'Diarama']
['Auto-Tarukaja', 'Dodge Strike', 'Poison Mist', 'Diarama']
['Poison Mist', 'Auto-Tarukaja', 'Sukukaja', 'Sonic Punch']
['Null Distress', 'Raging Tiger', 'Marakunda', 'Ice Boost']
['Poison Mist', 'Null Distress', 'Sukukaja', 'Apt Pupil']
['Raging Tiger', 'Marakunda', 'Dodge Ice', 'Diarama']
['Power Slash', 'Ice Boost', 'Diarama', 'Raging Tiger']
['Revolution', 'Raging Tiger', 'Null Distress', 'Ice Boost']
['Auto-Tarukaja', 'Marakunda', 'Apt Pupil', 'Sukukaja']
['Raging Tiger', 'Marakunda', 'Dodge Ice', 'Poison Mist']
['Ice Boost', 'Marakunda', 'Sukukaja', 'Raging Tiger']
['Poison Mist', 'Dodge Strike', 'Null Distress', 'Diarama']
['Sonic Punch', 'Ice Boost', 'Diarama', 'Raging Tiger']
['Ice Boost', 'Raging Tiger', 'Sukukaja', 'Dodge Ice']
['Raging Tiger', 'Revolution', 'Ice Boost', 'Dodge Ice']
['Poison Mist', 'Auto-Tarukaja', 'Dodge Ice', 'Raging Tiger']
['Dodge Strike', 'Poison Mist', 'Ice Boost', 'Null Distress']
['Raging Tiger', 'Blade of Fury', 'Diarama', 'Dodge Strike']
['Raging Tiger', 'Auto-Tarukaja', 'Marakunda', 'Null Distress']
['Sukukaja', 'Raging Tiger', 'Null Distress', 'Twin Shot']
['Deathbound', 'Marakunda', 'Raging Tiger', 'Dodge Strike']
['Diarama', 'Apt Pupil', 'Raging Tiger', 'Marakunda']
['Raging Tiger', 'Auto-Tarukaja', 'Dodge Ice', 'Dodge Strike']
['Ice Boost', 'Marakunda', 'Raging Tiger', 'Null Distress']
['Dodge Ice', 'Ice Boost', 'Raging Tiger', 'Auto-Tarukaja']
['Twin Shot', 'Raging Tiger', 'Ice Boost', 'Diarama']
['Raging Tiger', 'Auto-Tarukaja', 'Blade of Fury', 'Ice Boost']
['Auto-Tarukaja', 'Diarama', 'Revolution', 'Apt Pupil']
['Revolution', 'Dodge Strike', 'Dodge Ice', 'Raging Tiger']
['Dodge Ice', 'Diarama', 'Null Distress', 'Twin Shot']
['Dodge Strike', 'Revolution', 'Sonic Punch', 'Ice Boost']
['Poison Mist', 'Dodge Strike', 'Ice Boost', 'Dodge Ice']
['Marakunda', 'Dodge Strike', 'Raging Tiger', 'Ice Boost']
['Cruel Attack', 'Revolution', 'Diarama', 'Null Distress']
['Apt Pupil', 'Diarama', 'Raging Tiger', 'Twin Shot']
['Cleave', 'Dodge Ice', 'Power Slash', 'Ice Boost']
['Diarama', 'Auto-Tarukaja', 'Dodge Ice', 'Poison Mist']
['Sukukaja', 'Poison Mist', 'Marakunda', 'Raging Tiger']
['Power Slash', 'Diarama', 'Ice Boost', 'Auto-Tarukaja']
['Ice Boost', 'Sukukaja', 'Raging Tiger', 'Power Slash']
['Ice Boost', 'Poison Mist', 'Dodge Ice', 'Null Distress']
['Poison Mist', 'Apt Pupil', 'Cleave', 'Raging Tiger']
['Raging Tiger', 'Auto-Tarukaja', 'Null Distress', 'Sukukaja']
['Dodge Ice', 'Apt Pupil', 'Sukukaja', 'Raging Tiger']
['Dodge Strike', 'Raging Tiger', 'Dodge Ice', 'Revolution']
['Ice Boost', 'Auto-Tarukaja', 'Sukukaja', 'Raging Tiger']
['Raging Tiger', 'Sonic Punch', 'Apt Pupil', 'Ice Boost']
['Power Slash', 'Raging Tiger', 'Diarama', 'Sukukaja']
['Diarama', 'Auto-Tarukaja', 'Sukukaja', 'Dodge Ice']
['Raging Tiger', 'Auto-Tarukaja', 'Poison Mist', 'Ice Boost']
['Sukukaja', 'Auto-Tarukaja', 'Null Distress', 'Poison Mist']
['Ice Boost', 'Dodge Strike', 'Cleave', 'Marakunda']
['Raging Tiger', 'Marakunda', 'Poison Mist', 'Ice Boost']
['Dodge Strike', 'Auto-Tarukaja', 'Sukukaja', 'Dodge Ice']
['Auto-Tarukaja', 'Sukukaja', 'Twin Shot', 'Raging Tiger']
['Ice Boost', 'Raging Tiger', 'Sukukaja', 'Dodge Ice']
['Sonic Punch', 'Dodge Ice', 'Raging Tiger', 'Null Distress']
['Apt Pupil', 'Deathbound', 'Twin Shot', 'Sukukaja']
['Revolution', 'Sonic Punch', 'Raging Tiger', 'Sukukaja']
['Poison Mist', 'Cruel Attack', 'Revolution', 'Cleave']
['Sukukaja', 'Ice Boost', 'Marakunda', 'Raging Tiger']
['Sonic Punch', 'Sukukaja', 'Raging Tiger', 'Null Distress']
['Sukukaja', 'Ice Boost', 'Sonic Punch', 'Raging Tiger']
['Ice Boost', 'Raging Tiger', 'Poison Mist', 'Apt Pupil']
['Raging Tiger', 'Twin Shot', 'Poison Mist', 'Diarama']
['Deathbound', 'Revolution', 'Raging Tiger', 'Sukukaja']
['Ice Boost', 'Poison Mist', 'Cleave', 'Dodge Ice']
['Raging Tiger', 'Auto-Tarukaja', 'Deathbound', 'Dodge Ice']
['Sukukaja', 'Sonic Punch', 'Ice Boost', 'Dodge Ice']
['Revolution', 'Ice Boost', 'Auto-Tarukaja', 'Raging Tiger']
['Auto-Tarukaja', 'Sonic Punch', 'Raging Tiger', 'Deathbound']
['Dodge Strike', 'Sukukaja', 'Cleave', 'Poison Mist']
['Cruel Attack', 'Ice Boost', 'Sukukaja', 'Raging Tiger']
['Revolution', 'Sukukaja', 'Blade of Fury', 'Raging Tiger']
['Diarama', 'Sukukaja', 'Poison Mist', 'Apt Pupil']
['Ice Boost', 'Dodge Strike', 'Power Slash', 'Auto-Tarukaja']
['Raging Tiger', 'Revolution', 'Poison Mist', 'Auto-Tarukaja']
['Marakunda', 'Raging Tiger', 'Dodge Ice', 'Sukukaja']
['Dodge Strike', 'Ice Boost', 'Diarama', 'Sukukaja']
['Sukukaja', 'Cruel Attack', 'Ice Boost', 'Dodge Ice']
['Sukukaja', 'Dodge Strike', 'Raging Tiger', 'Poison Mist']
['Ice Boost', 'Raging Tiger', 'Revolution', 'Diarama']
['Dodge Ice', 'Ice Boost', 'Dodge Strike', 'Raging Tiger']
['Auto-Tarukaja', 'Marakunda', 'Ice Boost', 'Raging Tiger']
['Auto-Tarukaja', 'Raging Tiger', 'Sukukaja', 'Marakunda']
['Raging Tiger', 'Dodge Strike', 'Dodge Ice', 'Poison Mist']
['Marakunda', 'Cleave', 'Ice Boost', 'Raging Tiger']
['Poison Mist', 'Dodge Strike', 'Sukukaja', 'Auto-Tarukaja']
['Apt Pupil', 'Sukukaja', 'Power Slash', 'Raging Tiger']
['Dodge Strike', 'Auto-Tarukaja', 'Dodge Ice', 'Sonic Punch']
['Ice Boost', 'Sukukaja', 'Marakunda', 'Auto-Tarukaja']
['Ice Boost', 'Diarama', 'Twin Shot', 'Marakunda']
['Diarama', 'Revolution', 'Raging Tiger', 'Sukukaja']
['Marakunda', 'Ice Boost', 'Raging Tiger', 'Apt Pupil']
['Revolution', 'Raging Tiger', 'Ice Boost', 'Diarama']
['Marakunda', 'Revolution', 'Auto-Tarukaja', 'Sonic Punch']
['Null Distress', 'Ice Boost', 'Cruel Attack', 'Diarama']
['Null Distress', 'Raging Tiger', 'Revolution', 'Auto-Tarukaja']
['Sukukaja', 'Raging Tiger', 'Apt Pupil', 'Poison Mist']
['Sukukaja', 'Dodge Ice', 'Auto-Tarukaja', 'Ice Boost']
['Sukukaja', 'Diarama', 'Revolution', 'Null Distress']
['Raging Tiger', 'Diarama', 'Poison Mist', 'Sukukaja']
['Power Slash', 'Diarama', 'Sukukaja', 'Auto-Tarukaja']
['Diarama', 'Raging Tiger', 'Revolution', 'Poison Mist']
['Dodge Strike', 'Raging Tiger', 'Sukukaja', 'Auto-Tarukaja']
['Revolution', 'Diarama', 'Ice Boost', 'Raging Tiger']
['Apt Pupil', 'Revolution', 'Auto-Tarukaja', 'Marakunda']
['Poison Mist', 'Diarama', 'Cruel Attack', 'Raging Tiger']
['Marakunda', 'Auto-Tarukaja', 'Sukukaja', 'Diarama']
['Ice Boost', 'Apt Pupil', 'Null Distress', 'Cleave']
['Diarama', 'Dodge Strike', 'Ice Boost', 'Poison Mist']
['Raging Tiger', 'Dodge Strike', 'Poison Mist', 'Apt Pupil']
['Raging Tiger', 'Dodge Ice', 'Diarama', 'Apt Pupil']
['Null Distress', 'Ice Boost', 'Twin Shot', 'Apt Pupil']
['Diarama', 'Revolution', 'Null Distress', 'Dodge Ice']
['Raging Tiger', 'Cleave', 'Diarama', 'Ice Boost']
['Diarama', 'Raging Tiger', 'Ice Boost', 'Dodge Strike']
['Cleave', 'Ice Boost', 'Raging Tiger', 'Sukukaja']
['Dodge Strike', 'Diarama', 'Ice Boost', 'Auto-Tarukaja']
['Ice Boost', 'Raging Tiger', 'Apt Pupil', 'Marakunda']
['Ice Boost', 'Sukukaja', 'Raging Tiger', 'Dodge Strike']
['Marakunda', 'Raging Tiger', 'Poison Mist', 'Ice Boost']
['Cleave', 'Sukukaja', 'Raging Tiger', 'Auto-Tarukaja']
['Raging Tiger', 'Revolution', 'Null Distress', 'Cleave']
['Apt Pupil', 'Ice Boost', 'Sonic Punch', 'Sukukaja']
['Poison Mist', 'Null Distress', 'Sukukaja', 'Raging Tiger']
['Null Distress', 'Auto-Tarukaja', 'Ice Boost', 'Sukukaja']
['Ice Boost', 'Auto-Tarukaja', 'Apt Pupil', 'Diarama']
['Dodge Strike', 'Sukukaja', 'Ice Boost', 'Raging Tiger']
['Sukukaja', 'Ice Boost', 'Poison Mist', 'Revolution']
['Dodge Ice', 'Poison Mist', 'Raging Tiger', 'Dodge Strike']
['Raging Tiger', 'Power Slash', 'Sukukaja', 'Poison Mist']
['Auto-Tarukaja', 'Raging Tiger', 'Null Distress', 'Marakunda']
['Auto-Tarukaja', 'Raging Tiger', 'Sukukaja', 'Apt Pupil']
['Twin Shot', 'Sukukaja', 'Dodge Strike', 'Diarama']
['Auto-Tarukaja', 'Diarama', 'Dodge Strike', 'Dodge Ice']
['Auto-Tarukaja', 'Sukukaja', 'Raging Tiger', 'Dodge Ice']
['Revolution', 'Ice Boost', 'Sukukaja', 'Raging Tiger']
['Raging Tiger', 'Diarama', 'Poison Mist', 'Marakunda']
['Power Slash', 'Dodge Strike', 'Raging Tiger', 'Sukukaja']
['Revolution', 'Ice Boost', 'Raging Tiger', 'Dodge Ice']
['Raging Tiger', 'Sukukaja', 'Ice Boost', 'Cleave']
['Null Distress', 'Dodge Strike', 'Marakunda', 'Raging Tiger']
['Raging Tiger', 'Twin Shot', 'Poison Mist', 'Dodge Ice']
['Null Distress', 'Poison Mist', 'Sukukaja', 'Dodge Ice']
['Raging Tiger', 'Null Distress', 'Dodge Strike', 'Sukukaja']
['Revolution', 'Diarama', 'Poison Mist', 'Null Distress']
['Auto-Tarukaja', 'Raging Tiger', 'Dodge Ice', 'Apt Pupil']
['Dodge Ice', 'Diarama', 'Raging Tiger', 'Ice Boost']
['Ice Boost', 'Revolution', 'Sukukaja', 'Raging Tiger']
['Diarama', 'Revolution', 'Cleave', 'Raging Tiger']
['Raging Tiger', 'Sukukaja', 'Auto-Tarukaja', 'Marakunda']
['Null Distress', 'Diarama', 'Dodge Strike', 'Raging Tiger']
['Raging Tiger', 'Diarama', 'Poison Mist', 'Sukukaja']
['Ice Boost', 'Diarama', 'Raging Tiger', 'Revolution']
['Poison Mist', 'Raging Tiger', 'Marakunda', 'Ice Boost']
['Diarama', 'Revolution', 'Dodge Ice', 'Raging Tiger']
['Null Distress', 'Ice Boost', 'Sonic Punch', 'Apt Pupil']
['Raging Tiger', 'Diarama', 'Cleave', 'Null Distress']
['Dodge Ice', 'Ice Boost', 'Raging Tiger', 'Poison Mist']
['Ice Boost', 'Poison Mist', 'Auto-Tarukaja', 'Twin Shot']
['Sukukaja', 'Raging Tiger', 'Dodge Strike', 'Diarama']
['Power Slash', 'Marakunda', 'Dodge Strike', 'Sukukaja']
['Poison Mist', 'Raging Tiger', 'Auto-Tarukaja', 'Cleave']
['Raging Tiger', 'Ice Boost', 'Twin Shot', 'Diarama']
['Null Distress', 'Ice Boost', 'Diarama', 'Auto-Tarukaja']
['Raging Tiger', 'Diarama', 'Sukukaja', 'Marakunda']
['Ice Boost', 'Sukukaja', 'Dodge Ice', 'Twin Shot']
['Ice Boost', 'Dodge Strike', 'Revolution', 'Marakunda']
['Raging Tiger', 'Marakunda', 'Deathbound', 'Dodge Ice']
['Raging Tiger', 'Deathbound', 'Null Distress', 'Ice Boost']
['Revolution', 'Dodge Strike', 'Poison Mist', 'Auto-Tarukaja']
['Raging Tiger', 'Sukukaja', 'Marakunda', 'Poison Mist']
['Raging Tiger', 'Dodge Ice', 'Sukukaja', 'Blade of Fury']
['Diarama', 'Dodge Ice', 'Sonic Punch', 'Dodge Strike']
['Raging Tiger', 'Poison Mist', 'Revolution', 'Auto-Tarukaja']
['Raging Tiger', 'Apt Pupil', 'Ice Boost', 'Marakunda']
['Raging Tiger', 'Apt Pupil', 'Revolution', 'Sukukaja']
['Dodge Ice', 'Revolution', 'Raging Tiger', 'Diarama']
['Ice Boost', 'Null Distress', 'Revolution', 'Raging Tiger']
['Marakunda', 'Ice Boost', 'Dodge Strike', 'Diarama']
['Poison Mist', 'Apt Pupil', 'Sukukaja', 'Marakunda']
['Dodge Strike', 'Dodge Ice', 'Power Slash', 'Raging Tiger']
['Revolution', 'Sonic Punch', 'Ice Boost', 'Sukukaja']
['Sukukaja', 'Power Slash', 'Diarama', 'Ice Boost']
['Marakunda', 'Raging Tiger', 'Dodge Strike', 'Cleave']
['Null Distress', 'Ice Boost', 'Dodge Ice', 'Sukukaja']
['Apt Pupil', 'Dodge Strike', 'Diarama', 'Raging Tiger']
['Dodge Strike', 'Apt Pupil', 'Auto-Tarukaja', 'Sukukaja']
['Null Distress', 'Dodge Strike', 'Raging Tiger', 'Marakunda']
['Ice Boost', 'Marakunda', 'Auto-Tarukaja', 'Raging Tiger']
['Apt Pupil', 'Revolution', 'Blade of Fury', 'Dodge Ice']
['Marakunda', 'Poison Mist', 'Raging Tiger', 'Sukukaja']
['Ice Boost', 'Dodge Ice', 'Auto-Tarukaja', 'Raging Tiger']
['Sukukaja', 'Diarama', 'Revolution', 'Auto-Tarukaja']
['Dodge Ice', 'Ice Boost', 'Sukukaja', 'Poison Mist']
['Marakunda', 'Ice Boost', 'Dodge Strike', 'Raging Tiger']
['Poison Mist', 'Dodge Ice', 'Dodge Strike', 'Auto-Tarukaja']
['Raging Tiger', 'Sukukaja', 'Auto-Tarukaja', 'Dodge Strike']
['Dodge Strike', 'Raging Tiger', 'Ice Boost', 'Sukukaja']
['Revolution', 'Auto-Tarukaja', 'Ice Boost', 'Marakunda']
['Apt Pupil', 'Ice Boost', 'Null Distress', 'Poison Mist']
['Dodge Strike', 'Sonic Punch', 'Raging Tiger', 'Cleave']
['Marakunda', 'Auto-Tarukaja', 'Dodge Strike', 'Revolution']
['Ice Boost', 'Revolution', 'Dodge Ice', 'Raging Tiger']
['Sukukaja', 'Auto-Tarukaja', 'Raging Tiger', 'Twin Shot']
['Poison Mist', 'Ice Boost', 'Cleave', 'Sukukaja']
['Revolution', 'Raging Tiger', 'Null Distress', 'Poison Mist']
['Ice Boost', 'Sukukaja', 'Revolution', 'Raging Tiger']
['Ice Boost', 'Sukukaja', 'Poison Mist', 'Revolution']
['Ice Boost', 'Raging Tiger', 'Sonic Punch', 'Apt Pupil']
['Sukukaja', 'Raging Tiger', 'Auto-Tarukaja', 'Dodge Ice']
['Raging Tiger', 'Cleave', 'Revolution', 'Dodge Ice']
['Raging Tiger', 'Dodge Ice', 'Dodge Strike', 'Cleave']
['Diarama', 'Null Distress', 'Cleave', 'Auto-Tarukaja']
['Sukukaja', 'Power Slash', 'Dodge Strike', 'Dodge Ice']
['Auto-Tarukaja', 'Marakunda', 'Poison Mist', 'Raging Tiger']
['Revolution', 'Sukukaja', 'Raging Tiger', 'Dodge Strike']
['Ice Boost', 'Raging Tiger', 'Auto-Tarukaja', 'Revolution']
['Ice Boost', 'Raging Tiger', 'Auto-Tarukaja', 'Cleave']
['Ice Boost', 'Auto-Tarukaja', 'Raging Tiger', 'Apt Pupil']
['Sukukaja', 'Ice Boost', 'Dodge Ice', 'Raging Tiger']
['Power Slash', 'Raging Tiger', 'Poison Mist', 'Dodge Ice']
['Twin Shot', 'Auto-Tarukaja', 'Raging Tiger', 'Ice Boost']
['Marakunda', 'Diarama', 'Raging Tiger', 'Revolution']
['Marakunda', 'Poison Mist', 'Dodge Ice', 'Cruel Attack']
['Null Distress', 'Diarama', 'Twin Shot', 'Auto-Tarukaja']
['Ice Boost', 'Raging Tiger', 'Auto-Tarukaja', 'Sukukaja']
['Dodge Strike', 'Power Slash', 'Auto-Tarukaja', 'Revolution']
['Raging Tiger', 'Sonic Punch', 'Null Distress', 'Dodge Strike']
['Diarama', 'Sukukaja', 'Revolution', 'Twin Shot']
['Dodge Strike', 'Revolution', 'Poison Mist', 'Raging Tiger']
['Marakunda', 'Poison Mist', 'Raging Tiger', 'Twin Shot']
['Dodge Ice', 'Marakunda', 'Cleave', 'Revolution']
['Raging Tiger', 'Ice Boost', 'Poison Mist', 'Revolution']
['Revolution', 'Auto-Tarukaja', 'Dodge Strike', 'Ice Boost']
['Poison Mist', 'Dodge Strike', 'Ice Boost', 'Twin Shot']
['Null Distress', 'Raging Tiger', 'Dodge Ice', 'Poison Mist']
['Cruel Attack', 'Marakunda', 'Twin Shot', 'Ice Boost']
['Cleave', 'Power Slash', 'Dodge Ice', 'Sukukaja']
['Dodge Ice', 'Poison Mist', 'Auto-Tarukaja', 'Ice Boost']
['Dodge Ice', 'Dodge Strike', 'Ice Boost', 'Revolution']
['Revolution', 'Dodge Strike', 'Twin Shot', 'Cleave']
['Raging Tiger', 'Blade of Fury', 'Dodge Strike', 'Diarama']
['Sonic Punch', 'Sukukaja', 'Dodge Strike', 'Diarama']
['Cleave', 'Ice Boost', 'Apt Pupil', 'Dodge Strike']
['Raging Tiger', 'Auto-Tarukaja', 'Marakunda', 'Revolution']
['Dodge Ice', 'Raging Tiger', 'Ice Boost', 'Poison Mist']
['Dodge Strike', 'Revolution', 'Marakunda', 'Apt Pupil']
['Auto-Tarukaja', 'Raging Tiger', 'Cleave', 'Dodge Ice']
['Ice Boost', 'Raging Tiger', 'Null Distress', 'Power Slash']
['Sukukaja', 'Poison Mist', 'Ice Boost', 'Auto-Tarukaja']
['Revolution', 'Auto-Tarukaja', 'Raging Tiger', 'Apt Pupil']
['Null Distress', 'Blade of Fury', 'Raging Tiger', 'Power Slash']
['Ice Boost', 'Dodge Strike', 'Poison Mist', 'Marakunda']
['Ice Boost', 'Raging Tiger', 'Diarama', 'Auto-Tarukaja']
['Auto-Tarukaja', 'Apt Pupil', 'Dodge Strike', 'Dodge Ice']
['Dodge Ice', 'Raging Tiger', 'Auto-Tarukaja', 'Marakunda']
['Marakunda', 'Poison Mist', 'Raging Tiger', 'Sukukaja']
['Ice Boost', 'Dodge Ice', 'Raging Tiger', 'Diarama']
['Null Distress', 'Raging Tiger', 'Diarama', 'Auto-Tarukaja']
['Raging Tiger', 'Marakunda', 'Null Distress', 'Diarama']
['Dodge Ice', 'Cleave', 'Marakunda', 'Blade of Fury']
['Auto-Tarukaja', 'Poison Mist', 'Deathbound', 'Ice Boost']
['Null Distress', 'Dodge Strike', 'Ice Boost', 'Raging Tiger']
['Null Distress', 'Diarama', 'Dodge Ice', 'Sukukaja']
['Diarama', 'Auto-Tarukaja', 'Dodge Strike', 'Sukukaja']
['Cruel Attack', 'Dodge Strike', 'Cleave', 'Sukukaja']
['Raging Tiger', 'Cleave', 'Twin Shot', 'Auto-Tarukaja']
['Dodge Strike', 'Ice Boost', 'Cleave', 'Null Distress']
['Sukukaja', 'Dodge Strike', 'Ice Boost', 'Apt Pupil']
['Sukukaja', 'Raging Tiger', 'Ice Boost', 'Revolution']
['Sukukaja', 'Power Slash', 'Ice Boost', 'Raging Tiger']
['Raging Tiger', 'Dodge Ice', 'Sukukaja', 'Cruel Attack']
['Dodge Ice', 'Raging Tiger', 'Dodge Strike', 'Diarama']
['Dodge Strike', 'Apt Pupil', 'Diarama', 'Raging Tiger']
['Ice Boost', 'Raging Tiger', 'Dodge Strike', 'Apt Pupil']
['Cleave', 'Deathbound', 'Raging Tiger', 'Ice Boost']
['Diarama', 'Ice Boost', 'Twin Shot', 'Blade of Fury']
['Raging Tiger', 'Diarama', 'Sukukaja', 'Auto-Tarukaja']
['Raging Tiger', 'Sukukaja', 'Diarama', 'Null Distress']
['Sonic Punch', 'Diarama', 'Revolution', 'Apt Pupil']
['Raging Tiger', 'Twin Shot', 'Ice Boost', 'Null Distress']
['Dodge Strike', 'Raging Tiger', 'Sukukaja', 'Cleave']
['Sukukaja', 'Raging Tiger', 'Revolution', 'Poison Mist']
['Poison Mist', 'Apt Pupil', 'Auto-Tarukaja', 'Revolution']
['Poison Mist', 'Deathbound', 'Raging Tiger', 'Ice Boost']
['Revolution', 'Dodge Strike', 'Sukukaja', 'Diarama']
['Auto-Tarukaja', 'Apt Pupil', 'Twin Shot', 'Dodge Strike']
['Marakunda', 'Sukukaja', 'Dodge Strike', 'Dodge Ice']
['Ice Boost', 'Diarama', 'Apt Pupil', 'Sukukaja']
['Auto-Tarukaja', 'Sukukaja', 'Twin Shot', 'Apt Pupil']
['Null Distress', 'Sukukaja', 'Raging Tiger', 'Ice Boost']
['Null Distress', 'Raging Tiger', 'Apt Pupil', 'Cruel Attack']
['Raging Tiger', 'Twin Shot', 'Dodge Strike', 'Auto-Tarukaja']
['Raging Tiger', 'Apt Pupil', 'Revolution', 'Sukukaja']
['Marakunda', 'Sukukaja', 'Cleave', 'Dodge Ice']
['Poison Mist', 'Null Distress', 'Raging Tiger', 'Dodge Strike']
['Sukukaja', 'Poison Mist', 'Power Slash', 'Null Distress']
['Apt Pupil', 'Dodge Ice', 'Cleave', 'Auto-Tarukaja']
['Ice Boost', 'Revolution', 'Dodge Strike', 'Raging Tiger']
['Dodge Strike', 'Cruel Attack', 'Dodge Ice', 'Auto-Tarukaja']
['Dodge Strike', 'Raging Tiger', 'Sukukaja', 'Diarama']
['Raging Tiger', 'Sukukaja', 'Dodge Strike', 'Diarama']
['Poison Mist', 'Diarama', 'Raging Tiger', 'Dodge Ice']
['Marakunda', 'Dodge Strike', 'Revolution', 'Dodge Ice']
['Poison Mist', 'Dodge Ice', 'Cruel Attack', 'Diarama']
['Sonic Punch', 'Poison Mist', 'Raging Tiger', 'Revolution']
['Revolution', 'Marakunda', 'Ice Boost', 'Sukukaja']
['Dodge Ice', 'Auto-Tarukaja', 'Raging Tiger', 'Diarama']
['Cleave', 'Diarama', 'Raging Tiger', 'Dodge Ice']
['Raging Tiger', 'Auto-Tarukaja', 'Revolution', 'Ice Boost']
['Raging Tiger', 'Poison Mist', 'Cleave', 'Diarama']
['Ice Boost', 'Raging Tiger', 'Dodge Strike', 'Poison Mist']
['Ice Boost', 'Marakunda', 'Auto-Tarukaja', 'Raging Tiger']
['Sukukaja', 'Revolution', 'Raging Tiger', 'Auto-Tarukaja']
['Dodge Ice', 'Poison Mist', 'Auto-Tarukaja', 'Sukukaja']
['Auto-Tarukaja', 'Poison Mist', 'Raging Tiger', 'Ice Boost']
['Ice Boost', 'Raging Tiger', 'Cleave', 'Dodge Ice']
['Poison Mist', 'Dodge Ice', 'Cleave', 'Revolution']
['Apt Pupil', 'Ice Boost', 'Diarama', 'Raging Tiger']
['Null Distress', 'Sukukaja', 'Dodge Ice', 'Diarama']
['Raging Tiger', 'Apt Pupil', 'Diarama', 'Dodge Strike']
['Apt Pupil', 'Raging Tiger', 'Dodge Ice', 'Dodge Strike']
['Sonic Punch', 'Poison Mist', 'Sukukaja', 'Auto-Tarukaja']
['Poison Mist', 'Marakunda', 'Dodge Ice', 'Diarama']
['Null Distress', 'Poison Mist', 'Revolution', 'Dodge Strike']
['Revolution', 'Dodge Strike', 'Power Slash', 'Sonic Punch']
['Poison Mist', 'Sukukaja', 'Revolution', 'Power Slash']
['Raging Tiger', 'Dodge Ice', 'Revolution', 'Cruel Attack']
['Raging Tiger', 'Apt Pupil', 'Null Distress', 'Sukukaja']
['Null Distress', 'Cleave', 'Dodge Strike', 'Cruel Attack']
['Dodge Ice', 'Dodge Strike', 'Raging Tiger', 'Sonic Punch']
['Dodge Ice', 'Twin Shot', 'Cleave', 'Apt Pupil']
['Dodge Strike', 'Sukukaja', 'Cleave', 'Auto-Tarukaja']
['Poison Mist', 'Ice Boost', 'Power Slash', 'Raging Tiger']
['Ice Boost', 'Revolution', 'Raging Tiger', 'Sukukaja']
['Null Distress', 'Dodge Strike', 'Cleave', 'Ice Boost']
['Marakunda', 'Sukukaja', 'Apt Pupil', 'Raging Tiger']
['Null Distress', 'Dodge Ice', 'Raging Tiger', 'Cleave']
['Dodge Strike', 'Apt Pupil', 'Sukukaja', 'Dodge Ice']
['Ice Boost', 'Raging Tiger', 'Poison Mist', 'Twin Shot']
['Sukukaja', 'Diarama', 'Auto-Tarukaja', 'Raging Tiger']
['Null Distress', 'Sukukaja', 'Cleave', 'Poison Mist']
['Cleave', 'Dodge Strike', 'Power Slash', 'Null Distress']
['Sukukaja', 'Raging Tiger', 'Auto-Tarukaja', 'Ice Boost']
['Marakunda', 'Ice Boost', 'Revolution', 'Null Distress']
['Revolution', 'Sonic Punch', 'Sukukaja', 'Raging Tiger']
['Null Distress', 'Ice Boost', 'Marakunda', 'Sukukaja']
['Dodge Strike', 'Raging Tiger', 'Poison Mist', 'Auto-Tarukaja']
['Dodge Ice', 'Auto-Tarukaja', 'Dodge Strike', 'Null Distress']
['Sukukaja', 'Raging Tiger', 'Auto-Tarukaja', 'Marakunda']
['Cleave', 'Twin Shot', 'Auto-Tarukaja', 'Raging Tiger']
['Sonic Punch', 'Diarama', 'Sukukaja', 'Raging Tiger']
['Dodge Strike', 'Auto-Tarukaja', 'Ice Boost', 'Raging Tiger']
['Ice Boost', 'Raging Tiger', 'Cleave', 'Poison Mist']
['Apt Pupil', 'Raging Tiger', 'Dodge Strike', 'Ice Boost']
['Diarama', 'Apt Pupil', 'Null Distress', 'Cleave']
['Ice Boost', 'Raging Tiger', 'Dodge Ice', 'Blade of Fury']
['Ice Boost', 'Raging Tiger', 'Apt Pupil', 'Diarama']
['Raging Tiger', 'Ice Boost', 'Sukukaja', 'Diarama']
['Marakunda', 'Raging Tiger', 'Poison Mist', 'Null Distress']
['Sonic Punch', 'Diarama', 'Raging Tiger', 'Poison Mist']
['Revolution', 'Poison Mist', 'Diarama', 'Cleave']
['Cruel Attack', 'Apt Pupil', 'Null Distress', 'Sukukaja']
['Auto-Tarukaja', 'Ice Boost', 'Marakunda', 'Raging Tiger']
['Dodge Strike', 'Poison Mist', 'Diarama', 'Raging Tiger']
['Raging Tiger', 'Diarama', 'Dodge Ice', 'Ice Boost']
['Poison Mist', 'Cleave', 'Null Distress', 'Dodge Strike']
['Dodge Strike', 'Blade of Fury', 'Ice Boost', 'Diarama']
['Auto-Tarukaja', 'Diarama', 'Sukukaja', 'Dodge Strike']
['Apt Pupil', 'Diarama', 'Sukukaja', 'Power Slash']
['Sukukaja', 'Revolution', 'Cleave', 'Dodge Ice']
['Revolution', 'Sukukaja', 'Auto-Tarukaja', 'Raging Tiger']
['Sukukaja', 'Poison Mist', 'Power Slash', 'Diarama']
['Null Distress', 'Ice Boost', 'Auto-Tarukaja', 'Raging Tiger']
['Cleave', 'Poison Mist', 'Apt Pupil', 'Diarama']
['Cleave', 'Auto-Tarukaja', 'Ice Boost', 'Revolution']
['Marakunda', 'Auto-Tarukaja', 'Cleave', 'Revolution']
['Diarama', 'Null Distress', 'Marakunda', 'Ice Boost']
['Marakunda', 'Dodge Strike', 'Dodge Ice', 'Auto-Tarukaja']
['Revolution', 'Raging Tiger', 'Twin Shot', 'Cleave']
['Dodge Strike', 'Sukukaja', 'Poison Mist', 'Apt Pupil']
['Diarama', 'Sukukaja', 'Dodge Strike', 'Raging Tiger']
['Power Slash', 'Sukukaja', 'Raging Tiger', 'Ice Boost']
['Apt Pupil', 'Diarama', 'Poison Mist', 'Sukukaja']
['Sonic Punch', 'Power Slash', 'Marakunda', 'Dodge Ice']
['Marakunda', 'Raging Tiger', 'Poison Mist', 'Sukukaja']
['Apt Pupil', 'Ice Boost', 'Power Slash', 'Auto-Tarukaja']
['Sukukaja', 'Marakunda', 'Dodge Ice', 'Null Distress']
['Sonic Punch', 'Raging Tiger', 'Dodge Strike', 'Twin Shot']
['Raging Tiger', 'Diarama', 'Poison Mist', 'Cleave']
['Dodge Strike', 'Diarama', 'Sukukaja', 'Marakunda']
['Diarama', 'Poison Mist', 'Raging Tiger', 'Ice Boost']
['Ice Boost', 'Sukukaja', 'Diarama', 'Raging Tiger']
['Dodge Ice', 'Deathbound', 'Diarama', 'Null Distress']
['Ice Boost', 'Dodge Ice', 'Twin Shot', 'Poison Mist']
['Raging Tiger', 'Ice Boost', 'Dodge Ice', 'Auto-Tarukaja']
['Deathbound', 'Null Distress', 'Dodge Ice', 'Raging Tiger']
['Poison Mist', 'Revolution', 'Auto-Tarukaja', 'Raging Tiger']
['Auto-Tarukaja', 'Dodge Strike', 'Marakunda', 'Diarama']
['Raging Tiger', 'Auto-Tarukaja', 'Dodge Ice', 'Revolution']
['Power Slash', 'Sonic Punch', 'Raging Tiger', 'Marakunda']
['Power Slash', 'Poison Mist', 'Raging Tiger', 'Revolution']
['Cleave', 'Raging Tiger', 'Sonic Punch', 'Auto-Tarukaja']
['Dodge Ice', 'Auto-Tarukaja', 'Poison Mist', 'Null Distress']
['Poison Mist', 'Power Slash', 'Sukukaja', 'Ice Boost']
['Dodge Ice', 'Sukukaja', 'Raging Tiger', 'Diarama']
['Ice Boost', 'Null Distress', 'Auto-Tarukaja', 'Raging Tiger']
['Raging Tiger', 'Ice Boost', 'Dodge Strike', 'Poison Mist']
['Raging Tiger', 'Cleave', 'Null Distress', 'Ice Boost']
['Cleave', 'Ice Boost', 'Cruel Attack', 'Poison Mist']
['Sukukaja', 'Marakunda', 'Raging Tiger', 'Apt Pupil']
['Diarama', 'Cleave', 'Dodge Strike', 'Ice Boost']
['Power Slash', 'Dodge Strike', 'Raging Tiger', 'Ice Boost']
['Cleave', 'Raging Tiger', 'Apt Pupil', 'Null Distress']
['Marakunda', 'Dodge Strike', 'Auto-Tarukaja', 'Sukukaja']
['Raging Tiger', 'Sukukaja', 'Poison Mist', 'Apt Pupil']
['Sukukaja', 'Revolution', 'Ice Boost', 'Null Distress']
['Ice Boost', 'Sukukaja', 'Raging Tiger', 'Auto-Tarukaja']
['Auto-Tarukaja', 'Revolution', 'Diarama', 'Twin Shot']
['Ice Boost', 'Revolution', 'Twin Shot', 'Blade of Fury']
['Revolution', 'Raging Tiger', 'Twin Shot', 'Sukukaja']
['Raging Tiger', 'Poison Mist', 'Auto-Tarukaja', 'Dodge Strike']
['Raging Tiger', 'Auto-Tarukaja', 'Diarama', 'Dodge Strike']
['Raging Tiger', 'Sonic Punch', 'Marakunda', 'Dodge Ice']
['Ice Boost', 'Sukukaja', 'Raging Tiger', 'Sonic Punch']
['Ice Boost', 'Power Slash', 'Cleave', 'Dodge Ice']
['Ice Boost', 'Raging Tiger', 'Dodge Ice', 'Sukukaja']
['Poison Mist', 'Cleave', 'Revolution', 'Raging Tiger']
['Raging Tiger', 'Diarama', 'Auto-Tarukaja', 'Sonic Punch']
['Dodge Ice', 'Raging Tiger', 'Dodge Strike', 'Diarama']
['Marakunda', 'Diarama', 'Sonic Punch', 'Sukukaja']
['Poison Mist', 'Cleave', 'Auto-Tarukaja', 'Ice Boost']
['Apt Pupil', 'Power Slash', 'Marakunda', 'Raging Tiger']
['Revolution', 'Power Slash', 'Poison Mist', 'Ice Boost']
['Dodge Ice', 'Poison Mist', 'Apt Pupil', 'Raging Tiger']
['Power Slash', 'Ice Boost', 'Raging Tiger', 'Revolution']
['Marakunda', 'Dodge Strike', 'Sukukaja', 'Raging Tiger']
['Auto-Tarukaja', 'Sukukaja', 'Raging Tiger', 'Ice Boost']
['Apt Pupil', 'Sukukaja', 'Auto-Tarukaja', 'Raging Tiger']
['Revolution', 'Raging Tiger', 'Deathbound', 'Dodge Strike']
['Poison Mist', 'Ice Boost', 'Raging Tiger', 'Marakunda']
['Revolution', 'Diarama', 'Raging Tiger', 'Ice Boost']
['Sonic Punch', 'Marakunda', 'Cleave', 'Dodge Ice']
['Raging Tiger', 'Dodge Ice', 'Poison Mist', 'Dodge Strike']
['Raging Tiger', 'Twin Shot', 'Revolution', 'Sukukaja']
['Dodge Ice', 'Dodge Strike', 'Sonic Punch', 'Cleave']
['Poison Mist', 'Auto-Tarukaja', 'Revolution', 'Raging Tiger']
['Null Distress', 'Diarama', 'Cleave', 'Dodge Ice']
['Sukukaja', 'Revolution', 'Ice Boost', 'Diarama']
['Revolution', 'Poison Mist', 'Dodge Ice', 'Marakunda']
['Dodge Strike', 'Raging Tiger', 'Ice Boost', 'Marakunda']
['Revolution', 'Raging Tiger', 'Ice Boost', 'Power Slash']
['Raging Tiger', 'Sukukaja', 'Power Slash', 'Auto-Tarukaja']
['Apt Pupil', 'Dodge Strike', 'Ice Boost', 'Diarama']
['Raging Tiger', 'Ice Boost', 'Power Slash', 'Poison Mist']
['Sukukaja', 'Dodge Strike', 'Ice Boost', 'Raging Tiger']
['Sukukaja', 'Auto-Tarukaja', 'Cleave', 'Ice Boost']
['Revolution', 'Raging Tiger', 'Marakunda', 'Dodge Ice']
['Diarama', 'Raging Tiger', 'Poison Mist', 'Marakunda']
['Raging Tiger', 'Dodge Ice', 'Revolution', 'Null Distress']
['Marakunda', 'Apt Pupil', 'Dodge Strike', 'Dodge Ice']
['Raging Tiger', 'Null Distress', 'Diarama', 'Cleave']
['Marakunda', 'Raging Tiger', 'Ice Boost', 'Revolution']
['Sukukaja', 'Raging Tiger', 'Auto-Tarukaja', 'Dodge Ice']
['Power Slash', 'Raging Tiger', 'Revolution', 'Apt Pupil']
['Poison Mist', 'Sukukaja', 'Apt Pupil', 'Power Slash']
['Diarama', 'Cleave', 'Raging Tiger', 'Sukukaja']
['Raging Tiger', 'Dodge Ice', 'Sukukaja', 'Blade of Fury']
['Cleave', 'Diarama', 'Ice Boost', 'Poison Mist']
['Raging Tiger', 'Dodge Strike', 'Ice Boost', 'Diarama']
['Sukukaja', 'Poison Mist', 'Raging Tiger', 'Auto-Tarukaja']
['Auto-Tarukaja', 'Sukukaja', 'Raging Tiger', 'Dodge Ice']
['Cleave', 'Marakunda', 'Raging Tiger', 'Dodge Strike']
['Dodge Strike', 'Raging Tiger', 'Dodge Ice', 'Ice Boost']
['Ice Boost', 'Raging Tiger', 'Poison Mist', 'Dodge Strike']
['Dodge Strike', 'Ice Boost', 'Raging Tiger', 'Poison Mist']
['Twin Shot', 'Dodge Ice', 'Sukukaja', 'Raging Tiger']
['Poison Mist', 'Diarama', 'Twin Shot', 'Marakunda']
['Marakunda', 'Dodge Ice', 'Raging Tiger', 'Apt Pupil']
['Revolution', 'Ice Boost', 'Raging Tiger', 'Null Distress']
['Dodge Ice', 'Poison Mist', 'Raging Tiger', 'Auto-Tarukaja']
['Raging Tiger', 'Dodge Ice', 'Ice Boost', 'Revolution']
['Dodge Ice', 'Blade of Fury', 'Raging Tiger', 'Dodge Strike']
['Raging Tiger', 'Ice Boost', 'Poison Mist', 'Blade of Fury']
['Raging Tiger', 'Apt Pupil', 'Cleave', 'Poison Mist']
['Null Distress', 'Diarama', 'Revolution', 'Raging Tiger']
['Raging Tiger', 'Ice Boost', 'Power Slash', 'Blade of Fury']
['Dodge Strike', 'Null Distress', 'Sukukaja', 'Auto-Tarukaja']
['Dodge Strike', 'Dodge Ice', 'Sonic Punch', 'Null Distress']
['Sukukaja', 'Dodge Ice', 'Raging Tiger', 'Revolution']
['Raging Tiger', 'Sukukaja', 'Poison Mist', 'Dodge Ice']
['Cleave', 'Raging Tiger', 'Diarama', 'Ice Boost']
['Marakunda', 'Diarama', 'Sukukaja', 'Raging Tiger']
['Sukukaja', 'Auto-Tarukaja', 'Apt Pupil', 'Poison Mist']
['Apt Pupil', 'Raging Tiger', 'Revolution', 'Sukukaja']
['Dodge Strike', 'Raging Tiger', 'Auto-Tarukaja', 'Revolution']
['Dodge Strike', 'Poison Mist', 'Raging Tiger', 'Sukukaja']
['Power Slash', 'Blade of Fury', 'Apt Pupil', 'Sukukaja']
['Marakunda', 'Apt Pupil', 'Auto-Tarukaja', 'Dodge Strike']
['Poison Mist', 'Diarama', 'Marakunda', 'Sukukaja']
['Dodge Ice', 'Marakunda', 'Revolution', 'Raging Tiger']
['Sukukaja', 'Revolution', 'Ice Boost', 'Diarama']
['Poison Mist', 'Sukukaja', 'Dodge Strike', 'Apt Pupil']
['Null Distress', 'Dodge Strike', 'Sonic Punch', 'Apt Pupil']
['Diarama', 'Null Distress', 'Sukukaja', 'Raging Tiger']
['Revolution', 'Raging Tiger', 'Ice Boost', 'Sukukaja']
['Dodge Strike', 'Raging Tiger', 'Apt Pupil', 'Dodge Ice']
['Auto-Tarukaja', 'Poison Mist', 'Revolution', 'Raging Tiger']
['Dodge Strike', 'Sukukaja', 'Marakunda', 'Raging Tiger']
['Raging Tiger', 'Ice Boost', 'Revolution', 'Deathbound']
['Cleave', 'Sukukaja', 'Ice Boost', 'Power Slash']
['Dodge Strike', 'Dodge Ice', 'Ice Boost', 'Marakunda']
['Dodge Strike', 'Null Distress', 'Poison Mist', 'Apt Pupil']
['Marakunda', 'Raging Tiger', 'Diarama', 'Dodge Strike']
['Revolution', 'Raging Tiger', 'Apt Pupil', 'Dodge Ice']
['Diarama', 'Apt Pupil', 'Poison Mist', 'Raging Tiger']
['Raging Tiger', 'Poison Mist', 'Dodge Strike', 'Twin Shot']
['Ice Boost', 'Poison Mist', 'Auto-Tarukaja', 'Cleave']
['Marakunda', 'Sukukaja', 'Dodge Strike', 'Raging Tiger']
['Raging Tiger', 'Diarama', 'Revolution', 'Apt Pupil']
['Poison Mist', 'Raging Tiger', 'Dodge Strike', 'Null Distress']
['Power Slash', 'Poison Mist', 'Raging Tiger', 'Null Distress']
['Revolution', 'Ice Boost', 'Poison Mist', 'Diarama']
['Revolution', 'Poison Mist', 'Diarama', 'Marakunda']
['Diarama', 'Cleave', 'Sukukaja', 'Auto-Tarukaja']
['Revolution', 'Deathbound', 'Cruel Attack', 'Ice Boost']
['Poison Mist', 'Dodge Ice', 'Diarama', 'Ice Boost']
['Diarama', 'Marakunda', 'Apt Pupil', 'Raging Tiger']
['Dodge Ice', 'Dodge Strike', 'Ice Boost', 'Auto-Tarukaja']
['Raging Tiger', 'Sukukaja', 'Diarama', 'Marakunda']
['Ice Boost', 'Null Distress', 'Revolution', 'Poison Mist']
['Revolution', 'Raging Tiger', 'Poison Mist', 'Apt Pupil']
['Revolution', 'Power Slash', 'Ice Boost', 'Dodge Ice']
['Dodge Ice', 'Revolution', 'Cruel Attack', 'Null Distress']
['Diarama', 'Raging Tiger', 'Dodge Ice', 'Cleave']
['Auto-Tarukaja', 'Raging Tiger', 'Diarama', 'Dodge Strike']
['Revolution', 'Raging Tiger', 'Ice Boost', 'Cruel Attack']
['Auto-Tarukaja', 'Diarama', 'Poison Mist', 'Revolution']
['Auto-Tarukaja', 'Sonic Punch', 'Dodge Ice', 'Revolution']
['Auto-Tarukaja', 'Diarama', 'Dodge Ice', 'Null Distress']
['Raging Tiger', 'Dodge Strike', 'Ice Boost', 'Sukukaja']
['Raging Tiger', 'Diarama', 'Poison Mist', 'Ice Boost']
['Sukukaja', 'Dodge Strike', 'Blade of Fury', 'Raging Tiger']
['Dodge Ice', 'Raging Tiger', 'Deathbound', 'Apt Pupil']
['Dodge Strike', 'Poison Mist', 'Raging Tiger', 'Dodge Ice']
['Blade of Fury', 'Raging Tiger', 'Dodge Ice', 'Auto-Tarukaja']
['Revolution', 'Poison Mist', 'Auto-Tarukaja', 'Cleave']
['Auto-Tarukaja', 'Dodge Ice', 'Sonic Punch', 'Apt Pupil']
['Diarama', 'Raging Tiger', 'Ice Boost', 'Poison Mist']
['Auto-Tarukaja', 'Raging Tiger', 'Dodge Strike', 'Poison Mist']
['Dodge Strike', 'Revolution', 'Poison Mist', 'Raging Tiger']
['Diarama', 'Dodge Strike', 'Marakunda', 'Auto-Tarukaja']
['Raging Tiger', 'Cleave', 'Sukukaja', 'Diarama']
['Dodge Strike', 'Raging Tiger', 'Marakunda', 'Sukukaja']
['Raging Tiger', 'Auto-Tarukaja', 'Blade of Fury', 'Null Distress']
['Revolution', 'Auto-Tarukaja', 'Raging Tiger', 'Ice Boost']
['Null Distress', 'Sukukaja', 'Diarama', 'Raging Tiger']
['Sukukaja', 'Diarama', 'Ice Boost', 'Poison Mist']
['Ice Boost', 'Revolution', 'Sukukaja', 'Diarama']
['Auto-Tarukaja', 'Dodge Ice', 'Cleave', 'Raging Tiger']
['Raging Tiger', 'Revolution', 'Ice Boost', 'Null Distress']
['Dodge Ice', 'Dodge Strike', 'Sukukaja', 'Auto-Tarukaja']
['Raging Tiger', 'Ice Boost', 'Sukukaja', 'Dodge Ice']
['Raging Tiger', 'Marakunda', 'Poison Mist', 'Dodge Strike']
['Dodge Strike', 'Raging Tiger', 'Dodge Ice', 'Auto-Tarukaja']
['Marakunda', 'Diarama', 'Ice Boost', 'Apt Pupil']
['Null Distress', 'Sukukaja', 'Raging Tiger', 'Auto-Tarukaja']
['Null Distress', 'Revolution', 'Poison Mist', 'Diarama']
['Dodge Strike', 'Raging Tiger', 'Diarama', 'Revolution']
['Apt Pupil', 'Deathbound', 'Auto-Tarukaja', 'Dodge Ice']
['Raging Tiger', 'Cleave', 'Ice Boost', 'Revolution']
['Dodge Strike', 'Null Distress', 'Apt Pupil', 'Revolution']
['Cleave', 'Raging Tiger', 'Auto-Tarukaja', 'Ice Boost']
['Ice Boost', 'Dodge Strike', 'Cleave', 'Blade of Fury']
['Raging Tiger', 'Poison Mist', 'Dodge Ice', 'Diarama']
['Ice Boost', 'Poison Mist', 'Raging Tiger', 'Revolution']
['Ice Boost', 'Raging Tiger', 'Apt Pupil', 'Auto-Tarukaja']
['Auto-Tarukaja', 'Sukukaja', 'Raging Tiger', 'Dodge Strike']
['Poison Mist', 'Ice Boost', 'Deathbound', 'Marakunda']
['Cleave', 'Raging Tiger', 'Dodge Strike', 'Dodge Ice']
['Sonic Punch', 'Auto-Tarukaja', 'Ice Boost', 'Raging Tiger']
['Marakunda', 'Dodge Ice', 'Raging Tiger', 'Power Slash']
['Dodge Ice', 'Ice Boost', 'Poison Mist', 'Dodge Strike']
['Revolution', 'Ice Boost', 'Raging Tiger', 'Poison Mist']
['Ice Boost', 'Dodge Strike', 'Marakunda', 'Revolution']
['Poison Mist', 'Raging Tiger', 'Ice Boost', 'Diarama']
['Auto-Tarukaja', 'Diarama', 'Sukukaja', 'Ice Boost']
['Apt Pupil', 'Ice Boost', 'Revolution', 'Poison Mist']
['Raging Tiger', 'Auto-Tarukaja', 'Dodge Strike', 'Ice Boost']
['Diarama', 'Marakunda', 'Cleave', 'Null Distress']
['Diarama', 'Raging Tiger', 'Cleave', 'Revolution']
['Auto-Tarukaja', 'Raging Tiger', 'Apt Pupil', 'Dodge Ice']
['Marakunda', 'Revolution', 'Poison Mist', 'Auto-Tarukaja']
['Null Distress', 'Cleave', 'Sukukaja', 'Raging Tiger']
['Auto-Tarukaja', 'Revolution', 'Raging Tiger', 'Cleave']
['Ice Boost', 'Raging Tiger', 'Poison Mist', 'Sukukaja']
['Marakunda', 'Raging Tiger', 'Diarama', 'Dodge Ice']
['Null Distress', 'Poison Mist', 'Raging Tiger', 'Sonic Punch']
['Cleave', 'Diarama', 'Marakunda', 'Ice Boost']
['Raging Tiger', 'Revolution', 'Diarama', 'Marakunda']
['Dodge Strike', 'Dodge Ice', 'Raging Tiger', 'Marakunda']
['Raging Tiger', 'Marakunda', 'Auto-Tarukaja', 'Cleave']
['Raging Tiger', 'Cleave', 'Dodge Strike', 'Dodge Ice']
['Raging Tiger', 'Auto-Tarukaja', 'Ice Boost', 'Revolution']
['Marakunda', 'Revolution', 'Raging Tiger', 'Sukukaja']
['Dodge Ice', 'Power Slash', 'Raging Tiger', 'Sukukaja']
['Raging Tiger', 'Auto-Tarukaja', 'Twin Shot', 'Poison Mist']
['Dodge Ice', 'Raging Tiger', 'Sukukaja', 'Poison Mist']
['Power Slash', 'Apt Pupil', 'Null Distress', 'Auto-Tarukaja']
['Ice Boost', 'Auto-Tarukaja', 'Raging Tiger', 'Dodge Ice']
['Null Distress', 'Diarama', 'Raging Tiger', 'Revolution']
['Diarama', 'Ice Boost', 'Sukukaja', 'Raging Tiger']
['Cleave', 'Sukukaja', 'Apt Pupil', 'Power Slash']
['Auto-Tarukaja', 'Ice Boost', 'Cleave', 'Dodge Strike']
['Dodge Strike', 'Null Distress', 'Dodge Ice', 'Revolution']
['Sukukaja', 'Power Slash', 'Revolution', 'Cleave']
['Marakunda', 'Diarama', 'Raging Tiger', 'Power Slash']
['Cleave', 'Apt Pupil', 'Marakunda', 'Ice Boost']
['Null Distress', 'Ice Boost', 'Sukukaja', 'Twin Shot']
['Ice Boost', 'Apt Pupil', 'Dodge Ice', 'Sukukaja']
['Revolution', 'Diarama', 'Sukukaja', 'Ice Boost']
['Ice Boost', 'Raging Tiger', 'Dodge Strike', 'Poison Mist']
['Twin Shot', 'Raging Tiger', 'Poison Mist', 'Sukukaja']
['Sukukaja', 'Marakunda', 'Ice Boost', 'Power Slash']
['Ice Boost', 'Raging Tiger', 'Apt Pupil', 'Auto-Tarukaja']
['Auto-Tarukaja', 'Poison Mist', 'Dodge Ice', 'Raging Tiger']
['Auto-Tarukaja', 'Revolution', 'Cleave', 'Ice Boost']
['Ice Boost', 'Sukukaja', 'Cleave', 'Twin Shot']
['Raging Tiger', 'Null Distress', 'Dodge Ice', 'Cleave']
['Sukukaja', 'Diarama', 'Dodge Ice', 'Deathbound']
['Poison Mist', 'Apt Pupil', 'Raging Tiger', 'Twin Shot']
['Raging Tiger', 'Diarama', 'Apt Pupil', 'Poison Mist']
['Marakunda', 'Dodge Strike', 'Dodge Ice', 'Sonic Punch']
['Diarama', 'Raging Tiger', 'Dodge Strike', 'Cleave']
['Raging Tiger', 'Sukukaja', 'Null Distress', 'Apt Pupil']
['Ice Boost', 'Revolution', 'Sukukaja', 'Raging Tiger']
['Power Slash', 'Twin Shot', 'Marakunda', 'Ice Boost']
['Dodge Strike', 'Dodge Ice', 'Raging Tiger', 'Poison Mist']
['Revolution', 'Raging Tiger', 'Apt Pupil', 'Sukukaja']
['Ice Boost', 'Poison Mist', 'Revolution', 'Auto-Tarukaja']
['Diarama', 'Dodge Strike', 'Revolution', 'Raging Tiger']
['Auto-Tarukaja', 'Sukukaja', 'Ice Boost', 'Raging Tiger']
['Diarama', 'Raging Tiger', 'Marakunda', 'Dodge Ice']
['Ice Boost', 'Raging Tiger', 'Dodge Ice', 'Marakunda']
['Diarama', 'Raging Tiger', 'Deathbound', 'Power Slash']
['Raging Tiger', 'Sukukaja', 'Marakunda', 'Deathbound']
['Raging Tiger', 'Dodge Strike', 'Null Distress', 'Sukukaja']
['Dodge Ice', 'Raging Tiger', 'Diarama', 'Revolution']
['Dodge Ice', 'Auto-Tarukaja', 'Twin Shot', 'Diarama']
['Revolution', 'Auto-Tarukaja', 'Raging Tiger', 'Dodge Strike']
['Raging Tiger', 'Ice Boost', 'Null Distress', 'Dodge Ice']
['Dodge Strike', 'Poison Mist', 'Marakunda', 'Sonic Punch']
['Raging Tiger', 'Diarama', 'Dodge Strike', 'Dodge Ice']
['Dodge Strike', 'Poison Mist', 'Marakunda', 'Raging Tiger']
['Poison Mist', 'Dodge Strike', 'Apt Pupil', 'Auto-Tarukaja']
['Marakunda', 'Raging Tiger', 'Ice Boost', 'Poison Mist']
['Dodge Strike', 'Auto-Tarukaja', 'Sukukaja', 'Revolution']
['Raging Tiger', 'Dodge Strike', 'Ice Boost', 'Diarama']
['Poison Mist', 'Ice Boost', 'Raging Tiger', 'Revolution']
['Deathbound', 'Null Distress', 'Ice Boost', 'Raging Tiger']
['Ice Boost', 'Auto-Tarukaja', 'Raging Tiger', 'Diarama']
['Sukukaja', 'Dodge Ice', 'Dodge Strike', 'Auto-Tarukaja']
['Raging Tiger', 'Apt Pupil', 'Diarama', 'Revolution']
['Sonic Punch', 'Marakunda', 'Dodge Strike', 'Raging Tiger']
['Marakunda', 'Raging Tiger', 'Dodge Ice', 'Dodge Strike']
['Sukukaja', 'Cleave', 'Poison Mist', 'Dodge Strike']
['Cleave', 'Marakunda', 'Dodge Strike', 'Auto-Tarukaja']
['Revolution', 'Raging Tiger', 'Marakunda', 'Diarama']
['Poison Mist', 'Auto-Tarukaja', 'Sukukaja', 'Dodge Ice']
['Deathbound', 'Diarama', 'Null Distress', 'Sukukaja']
['Raging Tiger', 'Ice Boost', 'Diarama', 'Sukukaja']
['Marakunda', 'Ice Boost', 'Cleave', 'Diarama']
['Diarama', 'Marakunda', 'Raging Tiger', 'Apt Pupil']
['Sukukaja', 'Dodge Strike', 'Raging Tiger', 'Diarama']
['Revolution', 'Apt Pupil', 'Marakunda', 'Power Slash']
['Sukukaja', 'Dodge Strike', 'Poison Mist', 'Raging Tiger']
['Diarama', 'Sukukaja', 'Raging Tiger', 'Dodge Ice']
['Auto-Tarukaja', 'Raging Tiger', 'Diarama', 'Cruel Attack']
['Diarama', 'Cleave', 'Dodge Strike', 'Deathbound']
['Cleave', 'Raging Tiger', 'Null Distress', 'Dodge Strike']
['Raging Tiger', 'Poison Mist', 'Twin Shot', 'Dodge Strike']
['Ice Boost', 'Dodge Strike', 'Revolution', 'Auto-Tarukaja']
['Raging Tiger', 'Revolution', 'Apt Pupil', 'Cleave']
['Sukukaja', 'Marakunda', 'Raging Tiger', 'Revolution']
['Marakunda', 'Auto-Tarukaja', 'Raging Tiger', 'Cleave']
['Raging Tiger', 'Revolution', 'Dodge Strike', 'Twin Shot']
['Null Distress', 'Poison Mist', 'Auto-Tarukaja', 'Marakunda']
['Auto-Tarukaja', 'Dodge Strike', 'Ice Boost', 'Null Distress']
['Twin Shot', 'Raging Tiger', 'Ice Boost', 'Cruel Attack']
['Dodge Strike', 'Apt Pupil', 'Raging Tiger', 'Marakunda']
['Dodge Strike', 'Diarama', 'Raging Tiger', 'Dodge Ice']
['Raging Tiger', 'Ice Boost', 'Diarama', 'Twin Shot']
['Marakunda', 'Raging Tiger', 'Revolution', 'Ice Boost']
['Raging Tiger', 'Poison Mist', 'Apt Pupil', 'Null Distress']
['Auto-Tarukaja', 'Power Slash', 'Cleave', 'Poison Mist']
['Dodge Strike', 'Marakunda', 'Raging Tiger', 'Power Slash']
['Cruel Attack', 'Cleave', 'Ice Boost', 'Dodge Ice']
['Dodge Strike', 'Raging Tiger', 'Sukukaja', 'Ice Boost']
['Revolution', 'Raging Tiger', 'Poison Mist', 'Dodge Strike']
['Dodge Ice', 'Ice Boost', 'Revolution', 'Raging Tiger']
['Apt Pupil', 'Raging Tiger', 'Poison Mist', 'Revolution']
['Marakunda', 'Auto-Tarukaja', 'Ice Boost', 'Raging Tiger']
['Raging Tiger', 'Sonic Punch', 'Dodge Strike', 'Revolution']
['Sukukaja', 'Cleave', 'Marakunda', 'Dodge Strike']
['Marakunda', 'Raging Tiger', 'Sukukaja', 'Ice Boost']
['Ice Boost', 'Raging Tiger', 'Sukukaja', 'Diarama']
['Raging Tiger', 'Ice Boost', 'Apt Pupil', 'Sukukaja']
['Sukukaja', 'Revolution', 'Raging Tiger', 'Cleave']
['Dodge Strike', 'Poison Mist', 'Raging Tiger', 'Ice Boost']
['Raging Tiger', 'Poison Mist', 'Dodge Strike', 'Sukukaja']
['Marakunda', 'Sukukaja', 'Power Slash', 'Ice Boost']
['Sukukaja', 'Diarama', 'Auto-Tarukaja', 'Poison Mist']
['Revolution', 'Dodge Ice', 'Raging Tiger', 'Poison Mist']
['Ice Boost', 'Sukukaja', 'Dodge Ice', 'Auto-Tarukaja']
['Raging Tiger', 'Ice Boost', 'Apt Pupil', 'Diarama']
['Marakunda', 'Null Distress', 'Apt Pupil', 'Raging Tiger']
['Sonic Punch', 'Poison Mist', 'Diarama', 'Sukukaja']
['Revolution', 'Poison Mist', 'Sukukaja', 'Cleave']
['Dodge Strike', 'Revolution', 'Power Slash', 'Diarama']
['Cleave', 'Sukukaja', 'Raging Tiger', 'Poison Mist']
['Dodge Strike', 'Cleave', 'Ice Boost', 'Apt Pupil']
['Raging Tiger', 'Sukukaja', 'Dodge Ice', 'Apt Pupil']
['Ice Boost', 'Poison Mist', 'Raging Tiger', 'Apt Pupil']
['Sukukaja', 'Apt Pupil', 'Revolution', 'Blade of Fury']
['Dodge Ice', 'Revolution', 'Ice Boost', 'Sonic Punch']
['Ice Boost', 'Raging Tiger', 'Cleave', 'Sukukaja']
['Sukukaja', 'Diarama', 'Null Distress', 'Ice Boost']
['Diarama', 'Poison Mist', 'Raging Tiger', 'Ice Boost']
['Revolution', 'Poison Mist', 'Dodge Strike', 'Raging Tiger']
['Raging Tiger', 'Cleave', 'Sukukaja', 'Power Slash']
['Poison Mist', 'Raging Tiger', 'Marakunda', 'Revolution']
['Auto-Tarukaja', 'Raging Tiger', 'Diarama', 'Cruel Attack']
['Cruel Attack', 'Ice Boost', 'Revolution', 'Raging Tiger']
['Null Distress', 'Ice Boost', 'Raging Tiger', 'Revolution']
['Null Distress', 'Diarama', 'Raging Tiger', 'Auto-Tarukaja']
['Auto-Tarukaja', 'Marakunda', 'Deathbound', 'Raging Tiger']
['Auto-Tarukaja', 'Cleave', 'Ice Boost', 'Raging Tiger']
['Ice Boost', 'Revolution', 'Dodge Ice', 'Power Slash']
['Dodge Ice', 'Ice Boost', 'Sukukaja', 'Power Slash']
['Poison Mist', 'Marakunda', 'Sonic Punch', 'Auto-Tarukaja']
['Diarama', 'Poison Mist', 'Dodge Ice', 'Blade of Fury']
['Revolution', 'Ice Boost', 'Dodge Ice', 'Raging Tiger']
['Raging Tiger', 'Poison Mist', 'Ice Boost', 'Auto-Tarukaja']
['Raging Tiger', 'Null Distress', 'Blade of Fury', 'Sukukaja']
['Dodge Ice', 'Revolution', 'Sukukaja', 'Raging Tiger']
['Raging Tiger', 'Dodge Strike', 'Marakunda', 'Ice Boost']
['Dodge Strike', 'Dodge Ice', 'Sukukaja', 'Raging Tiger']
['Apt Pupil', 'Dodge Ice', 'Poison Mist', 'Sukukaja']
['Auto-Tarukaja', 'Marakunda', 'Dodge Ice', 'Poison Mist']
['Ice Boost', 'Raging Tiger', 'Apt Pupil', 'Sonic Punch']
['Poison Mist', 'Dodge Ice', 'Revolution', 'Raging Tiger']
['Dodge Ice', 'Apt Pupil', 'Ice Boost', 'Marakunda']
['Sukukaja', 'Raging Tiger', 'Revolution', 'Poison Mist']
['Apt Pupil', 'Raging Tiger', 'Sukukaja', 'Marakunda']
['Diarama', 'Sukukaja', 'Raging Tiger', 'Power Slash']
['Raging Tiger', 'Revolution', 'Diarama', 'Cleave']
['Ice Boost', 'Sukukaja', 'Raging Tiger', 'Poison Mist']
['Sukukaja', 'Diarama', 'Ice Boost', 'Raging Tiger']
['Marakunda', 'Sukukaja', 'Apt Pupil', 'Raging Tiger']
['Ice Boost', 'Diarama', 'Revolution', 'Sukukaja']
['Auto-Tarukaja', 'Sonic Punch', 'Marakunda', 'Poison Mist']
['Auto-Tarukaja', 'Revolution', 'Dodge Ice', 'Sukukaja']
['Null Distress', 'Marakunda', 'Sonic Punch', 'Dodge Strike']
['Marakunda', 'Ice Boost', 'Dodge Strike', 'Raging Tiger']
['Cleave', 'Ice Boost', 'Null Distress', 'Twin Shot']
['Marakunda', 'Null Distress', 'Raging Tiger', 'Ice Boost']
['Auto-Tarukaja', 'Dodge Ice', 'Poison Mist', 'Raging Tiger']
['Auto-Tarukaja', 'Raging Tiger', 'Diarama', 'Revolution']
['Sukukaja', 'Poison Mist', 'Raging Tiger', 'Auto-Tarukaja']
['Auto-Tarukaja', 'Dodge Ice', 'Raging Tiger', 'Poison Mist']
['Sukukaja', 'Revolution', 'Raging Tiger', 'Dodge Ice']
['Ice Boost', 'Sukukaja', 'Raging Tiger', 'Dodge Strike']
['Null Distress', 'Poison Mist', 'Raging Tiger', 'Twin Shot']
['Revolution', 'Power Slash', 'Apt Pupil', 'Marakunda']
['Apt Pupil', 'Dodge Ice', 'Dodge Strike', 'Null Distress']
['Cleave', 'Twin Shot', 'Revolution', 'Sonic Punch']
['Raging Tiger', 'Auto-Tarukaja', 'Marakunda', 'Revolution']
['Sonic Punch', 'Cleave', 'Auto-Tarukaja', 'Revolution']
['Raging Tiger', 'Diarama', 'Cleave', 'Poison Mist']
['Apt Pupil', 'Ice Boost', 'Auto-Tarukaja', 'Dodge Ice']
['Dodge Strike', 'Cleave', 'Dodge Ice', 'Null Distress']
['Cleave', 'Diarama', 'Marakunda', 'Ice Boost']
['Raging Tiger', 'Dodge Strike', 'Power Slash', 'Apt Pupil']
['Poison Mist', 'Dodge Ice', 'Auto-Tarukaja', 'Dodge Strike']
['Ice Boost', 'Auto-Tarukaja', 'Dodge Ice', 'Raging Tiger']
['Null Distress', 'Ice Boost', 'Poison Mist', 'Dodge Strike']
['Dodge Ice', 'Raging Tiger', 'Blade of Fury', 'Poison Mist']
['Sukukaja', 'Poison Mist', 'Raging Tiger', 'Marakunda']
['Raging Tiger', 'Apt Pupil', 'Dodge Ice', 'Deathbound']
['Raging Tiger', 'Dodge Ice', 'Poison Mist', 'Power Slash']
['Dodge Strike', 'Dodge Ice', 'Sukukaja', 'Raging Tiger']
['Dodge Ice', 'Sukukaja', 'Diarama', 'Auto-Tarukaja']
['Ice Boost', 'Revolution', 'Dodge Strike', 'Raging Tiger']
['Auto-Tarukaja', 'Ice Boost', 'Poison Mist', 'Sukukaja']
['Auto-Tarukaja', 'Raging Tiger', 'Ice Boost', 'Apt Pupil']
['Revolution', 'Cleave', 'Dodge Ice', 'Raging Tiger']
['Revolution', 'Cruel Attack', 'Raging Tiger', 'Diarama']
['Marakunda', 'Poison Mist', 'Apt Pupil', 'Cleave']
['Poison Mist', 'Cleave', 'Dodge Ice', 'Sukukaja']
['Apt Pupil', 'Poison Mist', 'Dodge Strike', 'Power Slash']
['Sukukaja', 'Diarama', 'Marakunda', 'Dodge Strike']
['Raging Tiger', 'Cleave', 'Twin Shot', 'Marakunda']
['Apt Pupil', 'Cleave', 'Dodge Strike', 'Raging Tiger']
['Cruel Attack', 'Null Distress', 'Sukukaja', 'Raging Tiger']
['Dodge Strike', 'Diarama', 'Revolution', 'Ice Boost']
['Ice Boost', 'Revolution', 'Sukukaja', 'Raging Tiger']
['Null Distress', 'Diarama', 'Marakunda', 'Dodge Strike']
['Raging Tiger', 'Null Distress', 'Auto-Tarukaja', 'Sukukaja']
['Raging Tiger', 'Ice Boost', 'Revolution', 'Poison Mist']
['Marakunda', 'Auto-Tarukaja', 'Power Slash', 'Sukukaja']
['Dodge Ice', 'Cleave', 'Blade of Fury', 'Raging Tiger']
['Revolution', 'Marakunda', 'Null Distress', 'Raging Tiger']
['Dodge Strike', 'Diarama', 'Marakunda', 'Cleave']
['Raging Tiger', 'Poison Mist', 'Cleave', 'Dodge Strike']
['Revolution', 'Cleave', 'Raging Tiger', 'Dodge Strike']
