['Tarukaja', 'Hama', 'Magaru', 'Patra', 'Garu']
['Magaru', 'Garu', 'Hama', 'Garudyne', 'Patra']
['Patra', 'Garu', 'Magaru', 'Magarudyne', 'Mediarama']
['Magaru', 'Garu', 'Mediarama', 'Hama', 'Me Patra']
['Magaru', 'Magarudyne', 'Garu', 'Posumudi', 'Tarukaja']
['Magaru', 'Garu', 'Patra', 'Garudyne', 'Magarudyne']
['Re Patra', 'Garudyne', 'Posumudi', 'Garu', 'Me Patra']
['Magaru', 'Revolution', 'Garudyne', 'Posumudi', 'Garu']
['Garu', 'Garudyne', 'Magarudyne', 'Magaru', 'Re Patra']
['Garu', 'Patra', 'Magaru', 'Re Patra', 'Cool Breeze']
['Magarudyne', 'Garu', 'Patra', 'Growth 3', 'Cool Breeze']
['Magarudyne', 'Magaru', 'Garu', 'Hama', 'Garudyne']
['Magaru', 'Garu', 'Cool Breeze', 'Garudyne', 'Amrita']
['Garudyne', 'Magaru', 'Garu', 'Growth 3', 'Amrita']
['Garu', 'Magarudyne', 'Magaru', 'Amrita', 'Me Patra']
['Magaru', 'Garu', 'Re Patra', 'Patra', 'Magarudyne']
['Garu', 'Mahama', 'Revolution', 'Amrita', 'Magaru']
['Garu', 'Garudyne', 'Magarudyne', 'Re Patra', 'Me Patra']
['Magaru', 'Magarudyne', 'Revolution', 'Garu', 'Amrita']
['Garu', 'Null Panic', 'Magaru', 'Magarudyne', 'Amrita']
['Garu', 'Me Patra', 'Magaru', 'Re Patra', 'Garudyne']
['Garu', 'Magaru', 'Garudyne', 'Mediarama', 'Patra']
['Mahama', 'Garu', 'Magarudyne', 'Magaru', 'Posumudi']
['Garudyne', 'Garu', 'Patra', 'Posumudi', 'Me Patra']
['Magaru', 'Cool Breeze', 'Garu', 'Garudyne', 'Mediarama']
['Magaru', 'Revolution', 'Tarukaja', 'Garu', 'Me Patra']
['Growth 3', 'Garudyne', 'Garu', 'Magaru', 'Re Patra']
['Null Panic', 'Garu', 'Magaru', 'Posumudi', 'Me Patra']
['Garu', 'Magaru', 'Garudyne', 'Mediarama', 'Patra']
['Garu', 'Magarudyne', 'Mediarama', 'Magaru', 'Garudyne']
['Garu', 'Magarudyne', 'Mahama', 'Media', 'Patra']
['Garu', 'Magarudyne', 'Garudyne', 'Magaru', 'Re Patra']
['Magaru', 'Mediarama', 'Garu', 'Revolution', 'Magarudyne']
['Mahama', 'Garu', 'Magaru', 'Patra', 'Magarudyne']
['Garu', 'Magaru', 'Patra', 'Magarudyne', 'Mahama']
['Magarudyne', 'Mahama', 'Garu', 'Magaru', 'Tarukaja']
['Garudyne', 'Garu', 'Magarudyne', 'Magaru', 'Re Patra']
['Garu', 'Magaru', 'Re Patra', 'Patra', 'Garudyne']
['Magaru', 'Garu', 'Me Patra', 'Hama', 'Garudyne']
['Garu', 'Patra', 'Magaru', 'Posumudi', 'Garudyne']
['Media', 'Garu', 'Tarukaja', 'Magarudyne', 'Magaru']
['Media', 'Tarukaja', 'Me Patra', 'Magaru', 'Revolution']
['Garu', 'Mediarama', 'Posumudi', 'Magaru', 'Null Panic']
['Garu', 'Posumudi', 'Magarudyne', 'Garudyne', 'Magaru']
['Garu', 'Garudyne', 'Zan-ei', 'Growth 3', 'Tarukaja']
['Garu', 'Garudyne', 'Cool Breeze', 'Magaru', 'Tarukaja']
['Patra', 'Garudyne', 'Hama', 'Garu', 'Magaru']
['Garu', 'Magaru', 'Null Panic', 'Magarudyne', 'Garudyne']
['Magaru', 'Posumudi', 'Garu', 'Tarukaja', 'Mediarama']
['Garu', 'Garudyne', 'Magaru', 'Counter', 'Magarudyne']
['Revolution', 'Magaru', 'Garu', 'Garudyne', 'Counter']
['Garu', 'Cool Breeze', 'Magaru', 'Null Elec', 'Mahama']
['Magaru', 'Patra', 'Garu', 'Cool Breeze', 'Posumudi']
['Garu', 'Magaru', 'Magarudyne', 'Counter', 'Growth 3']
['Garu', 'Hama', 'Magaru', 'Garudyne', 'Magarudyne']
['Magaru', 'Counter', 'Garudyne', 'Revolution', 'Garu']
['Garu', 'Magaru', 'Garudyne', 'Counter', 'Patra']
['Magaru', 'Posumudi', 'Counter', 'Garu', 'Revolution']
['Patra', 'Garu', 'Magaru', 'Garudyne', 'Null Elec']
['Garu', 'Null Panic', 'Magaru', 'Garudyne', 'Null Elec']
['Patra', 'Garu', 'Garudyne', 'Magaru', 'Magarudyne']
['Magaru', 'Magarudyne', 'Garu', 'Re Patra', 'Revolution']
['Garu', 'Magaru', 'Cool Breeze', 'Growth 3', 'Magarudyne']
['Magaru', 'Garu', 'Garudyne', 'Patra', 'Magarudyne']
['Mahama', 'Garu', 'Garudyne', 'Magaru', 'Amrita']
['Garudyne', 'Magaru', 'Garu', 'Posumudi', 'Growth 3']
['Magarudyne', 'Garu', 'Re Patra', 'Garudyne', 'Magaru']
['Garu', 'Garudyne', 'Magaru', 'Magarudyne', 'Tarukaja']
['Re Patra', 'Magarudyne', 'Garu', 'Counter', 'Garudyne']
['Magaru', 'Garu', 'Null Elec', 'Posumudi', 'Magarudyne']
['Garu', 'Garudyne', 'Patra', 'Amrita', 'Revolution']
['Hama', 'Re Patra', 'Garu', 'Magaru', 'Garudyne']
['Garu', 'Magaru', 'Garudyne', 'Magarudyne', 'Null Elec']
['Mahama', 'Mediarama', 'Posumudi', 'Re Patra', 'Garu']
['Magaru', 'Garu', 'Media', 'Re Patra', 'Tarukaja']
['Tarukaja', 'Magaru', 'Revolution', 'Hama', 'Garudyne']
['Counter', 'Garu', 'Patra', 'Hama', 'Magaru']
['Garu', 'Hama', 'Mediarama', 'Amrita', 'Magaru']
['Garu', 'Null Panic', 'Patra', 'Hama', 'Magaru']
['Garu', 'Garudyne', 'Re Patra', 'Magaru', 'Counter']
['Magaru', 'Me Patra', 'Garu', 'Amrita', 'Garudyne']
['Garu', 'Me Patra', 'Magaru', 'Posumudi', 'Magarudyne']
['Garu', 'Revolution', 'Posumudi', 'Patra', 'Garudyne']
['Garu', 'Magaru', 'Garudyne', 'Magarudyne', 'Growth 3']
['Magaru', 'Garu', 'Magarudyne', 'Hama', 'Re Patra']
['Magaru', 'Tarukaja', 'Garu', 'Null Panic', 'Media']
['Magaru', 'Garu', 'Mediarama', 'Magarudyne', 'Garudyne']
['Garu', 'Patra', 'Magaru', 'Magarudyne', 'Hama']
['Garu', 'Tarukaja', 'Counter', 'Magaru', 'Amrita']
['Revolution', 'Garu', 'Hama', 'Patra', 'Magaru']
['Garu', 'Magaru', 'Garudyne', 'Patra', 'Counter']
['Growth 3', 'Me Patra', 'Garu', 'Magaru', 'Re Patra']
['Counter', 'Garu', 'Magarudyne', 'Magaru', 'Media']
['Garu', 'Magarudyne', 'Posumudi', 'Garudyne', 'Magaru']
['Garu', 'Mahama', 'Media', 'Magaru', 'Magarudyne']
['Mahama', 'Garu', 'Hama', 'Magarudyne', 'Patra']
['Garu', 'Magarudyne', 'Magaru', 'Media', 'Cool Breeze']
['Garu', 'Magaru', 'Magarudyne', 'Posumudi', 'Growth 3']
['Magarudyne', 'Garu', 'Tarukaja', 'Counter', 'Magaru']
['Magaru', 'Garu', 'Hama', 'Magarudyne', 'Tarukaja']
['Garu', 'Mahama', 'Garudyne', 'Magaru', 'Re Patra']
['Me Patra', 'Garu', 'Magaru', 'Hama', 'Magarudyne']
['Garu', 'Garudyne', 'Revolution', 'Magaru', 'Me Patra']
['Magaru', 'Garu', 'Me Patra', 'Hama', 'Null Elec']
['Growth 3', 'Cool Breeze', 'Magaru', 'Re Patra', 'Garu']
['Garu', 'Magaru', 'Me Patra', 'Magarudyne', 'Garudyne']
['Garu', 'Magarudyne', 'Posumudi', 'Garudyne', 'Magaru']
['Garu', 'Posumudi', 'Magaru', 'Counter', 'Magarudyne']
['Posumudi', 'Garu', 'Counter', 'Magarudyne', 'Magaru']
['Garu', 'Tarukaja', 'Mahama', 'Magarudyne', 'Garudyne']
['Garu', 'Magaru', 'Me Patra', 'Tarukaja', 'Hama']
['Garu', 'Cool Breeze', 'Magaru', 'Garudyne', 'Revolution']
['Magaru', 'Mediarama', 'Re Patra', 'Garu', 'Growth 3']
['Garu', 'Garudyne', 'Revolution', 'Magaru', 'Null Elec']
['Garu', 'Me Patra', 'Garudyne', 'Magaru', 'Null Panic']
['Garu', 'Magaru', 'Posumudi', 'Garudyne', 'Mahama']
['Garudyne', 'Posumudi', 'Tarukaja', 'Garu', 'Amrita']
['Null Panic', 'Garu', 'Garudyne', 'Magaru', 'Tarukaja']
['Me Patra', 'Mediarama', 'Magarudyne', 'Garu', 'Garudyne']
['Garu', 'Magarudyne', 'Tarukaja', 'Garudyne', 'Posumudi']
['Magaru', 'Garudyne', 'Garu', 'Revolution', 'Mediarama']
['Garu', 'Garudyne', 'Magaru', 'Mahama', 'Posumudi']
['Re Patra', 'Garu', 'Magaru', 'Mediarama', 'Tarukaja']
['Magaru', 'Garu', 'Patra', 'Magarudyne', 'Garudyne']
['Magarudyne', 'Garudyne', 'Garu', 'Media', 'Magaru']
['Magaru', 'Me Patra', 'Magarudyne', 'Null Elec', 'Garu']
['Garu', 'Hama', 'Garudyne', 'Mahama', 'Re Patra']
['Revolution', 'Magaru', 'Tarukaja', 'Counter', 'Garudyne']
['Hama', 'Garu', 'Magaru', 'Growth 3', 'Garudyne']
['Garu', 'Magarudyne', 'Magaru', 'Media', 'Counter']
['Patra', 'Garu', 'Revolution', 'Posumudi', 'Mediarama']
['Garu', 'Magaru', 'Magarudyne', 'Mediarama', 'Media']
['Null Elec', 'Garu', 'Garudyne', 'Magaru', 'Revolution']
['Magaru', 'Garu', 'Growth 3', 'Garudyne', 'Revolution']
['Garu', 'Magaru', 'Me Patra', 'Mahama', 'Patra']
['Magaru', 'Posumudi', 'Garudyne', 'Magarudyne', 'Re Patra']
['Null Elec', 'Cool Breeze', 'Garu', 'Magaru', 'Tarukaja']
['Garu', 'Magaru', 'Revolution', 'Garudyne', 'Counter']
['Magarudyne', 'Cool Breeze', 'Garu', 'Garudyne', 'Re Patra']
['Garu', 'Garudyne', 'Magaru', 'Tarukaja', 'Magarudyne']
['Garu', 'Magaru', 'Mediarama', 'Posumudi', 'Hama']
['Garu', 'Garudyne', 'Mahama', 'Magaru', 'Media']
['Magaru', 'Garu', 'Garudyne', 'Revolution', 'Amrita']
['Patra', 'Garu', 'Growth 3', 'Tarukaja', 'Magaru']
['Garudyne', 'Garu', 'Me Patra', 'Mahama', 'Cool Breeze']
['Tarukaja', 'Magaru', 'Garu', 'Mahama', 'Re Patra']
['Garu', 'Magaru', 'Garudyne', 'Patra', 'Re Patra']
['Mediarama', 'Garu', 'Magaru', 'Mahama', 'Magarudyne']
['Magaru', 'Null Elec', 'Garu', 'Tarukaja', 'Media']
['Garudyne', 'Magaru', 'Hama', 'Media', 'Garu']
['Garu', 'Magarudyne', 'Null Panic', 'Magaru', 'Mahama']
['Garu', 'Posumudi', 'Amrita', 'Magaru', 'Garudyne']
['Garu', 'Magaru', 'Hama', 'Magarudyne', 'Growth 3']
['Magaru', 'Garu', 'Magarudyne', 'Mahama', 'Re Patra']
['Amrita', 'Garu', 'Counter', 'Garudyne', 'Magaru']
['Garu', 'Patra', 'Magarudyne', 'Magaru', 'Tarukaja']
['Tarukaja', 'Garudyne', 'Garu', 'Posumudi', 'Magaru']
['Garu', 'Magaru', 'Cool Breeze', 'Hama', 'Growth 3']
['Magaru', 'Patra', 'Garu', 'Posumudi', 'Garudyne']
['Magaru', 'Garudyne', 'Garu', 'Posumudi', 'Amrita']
['Garu', 'Magarudyne', 'Patra', 'Magaru', 'Me Patra']
['Garu', 'Garudyne', 'Magarudyne', 'Magaru', 'Amrita']
['Garudyne', 'Garu', 'Growth 3', 'Magarudyne', 'Magaru']
['Posumudi', 'Me Patra', 'Magaru', 'Garu', 'Counter']
['Garu', 'Garudyne', 'Amrita', 'Magaru', 'Mediarama']
['Garu', 'Hama', 'Counter', 'Magaru', 'Garudyne']
['Garu', 'Magarudyne', 'Garudyne', 'Null Panic', 'Counter']
['Magaru', 'Garudyne', 'Tarukaja', 'Magarudyne', 'Garu']
['Garudyne', 'Media', 'Mahama', 'Tarukaja', 'Garu']
['Garu', 'Null Elec', 'Magaru', 'Magarudyne', 'Counter']
['Garu', 'Magaru', 'Patra', 'Magarudyne', 'Tarukaja']
['Patra', 'Magaru', 'Media', 'Garudyne', 'Garu']
['Garu', 'Magaru', 'Magarudyne', 'Counter', 'Hama']
['Patra', 'Garudyne', 'Re Patra', 'Magaru', 'Garu']
['Garu', 'Magaru', 'Me Patra', 'Null Panic', 'Posumudi']
['Magaru', 'Garu', 'Garudyne', 'Media', 'Hama']
['Garu', 'Garudyne', 'Magarudyne', 'Patra', 'Magaru']
['Garu', 'Null Elec', 'Null Panic', 'Re Patra', 'Garudyne']
['Garu', 'Magaru', 'Garudyne', 'Tarukaja', 'Growth 3']
['Magaru', 'Garudyne', 'Magarudyne', 'Garu', 'Counter']
['Magaru', 'Garu', 'Amrita', 'Null Panic', 'Posumudi']
['Garudyne', 'Magaru', 'Media', 'Garu', 'Mahama']
['Garu', 'Counter', 'Me Patra', 'Posumudi', 'Hama']
['Garu', 'Re Patra', 'Magaru', 'Media', 'Magarudyne']
['Garu', 'Magaru', 'Null Elec', 'Hama', 'Garudyne']
['Amrita', 'Garu', 'Garudyne', 'Magarudyne', 'Mediarama']
['Garu', 'Null Panic', 'Me Patra', 'Garudyne', 'Magaru']
['Cool Breeze', 'Tarukaja', 'Growth 3', 'Patra', 'Garu']
['Garudyne', 'Garu', 'Magarudyne', 'Amrita', 'Magaru']
['Hama', 'Garu', 'Growth 3', 'Magaru', 'Media']
['Magaru', 'Hama', 'Garu', 'Garudyne', 'Null Panic']
['Garu', 'Magaru', 'Tarukaja', 'Magarudyne', 'Garudyne']
['Garu', 'Garudyne', 'Magaru', 'Null Elec', 'Growth 3']
['Garu', 'Magarudyne', 'Magaru', 'Patra', 'Garudyne']
['Patra', 'Media', 'Magaru', 'Hama', 'Cool Breeze']
['Hama', 'Magaru', 'Garu', 'Mahama', 'Re Patra']
['Garu', 'Counter', 'Patra', 'Magaru', 'Posumudi']
['Magaru', 'Magarudyne', 'Patra', 'Garu', 'Re Patra']
['Garudyne', 'Null Elec', 'Garu', 'Counter', 'Magaru']
['Cool Breeze', 'Garu', 'Magarudyne', 'Garudyne', 'Magaru']
['Garu', 'Garudyne', 'Magaru', 'Amrita', 'Re Patra']
['Garu', 'Garudyne', 'Patra', 'Magaru', 'Counter']
['Magaru', 'Magarudyne', 'Garudyne', 'Garu', 'Patra']
['Magarudyne', 'Zan-ei', 'Garu', 'Garudyne', 'Revolution']
['Magarudyne', 'Garu', 'Magaru', 'Tarukaja', 'Null Elec']
['Garu', 'Hama', 'Amrita', 'Magaru', 'Magarudyne']
['Garu', 'Magaru', 'Posumudi', 'Re Patra', 'Me Patra']
['Posumudi', 'Garudyne', 'Magarudyne', 'Magaru', 'Hama']
['Magarudyne', 'Garu', 'Mahama', 'Magaru', 'Hama']
['Null Elec', 'Garu', 'Tarukaja', 'Counter', 'Magaru']
['Garu', 'Hama', 'Null Elec', 'Patra', 'Me Patra']
['Counter', 'Garu', 'Magaru', 'Revolution', 'Mediarama']
['Counter', 'Garudyne', 'Null Panic', 'Garu', 'Tarukaja']
['Garu', 'Magaru', 'Garudyne', 'Growth 3', 'Patra']
['Garu', 'Posumudi', 'Patra', 'Magaru', 'Re Patra']
['Garu', 'Magaru', 'Me Patra', 'Garudyne', 'Re Patra']
['Garu', 'Garudyne', 'Magaru', 'Patra', 'Revolution']
['Garu', 'Garudyne', 'Magaru', 'Media', 'Posumudi']
['Garudyne', 'Mahama', 'Re Patra', 'Magaru', 'Patra']
['Magaru', 'Garudyne', 'Garu', 'Posumudi', 'Mediarama']
['Counter', 'Garu', 'Magarudyne', 'Patra', 'Posumudi']
['Mahama', 'Magaru', 'Garu', 'Re Patra', 'Counter']
['Patra', 'Mahama', 'Magaru', 'Magarudyne', 'Garudyne']
['Cool Breeze', 'Patra', 'Garu', 'Tarukaja', 'Magarudyne']
['Garu', 'Re Patra', 'Cool Breeze', 'Posumudi', 'Magaru']
['Magarudyne', 'Me Patra', 'Garu', 'Garudyne', 'Posumudi']
['Garudyne', 'Media', 'Amrita', 'Magaru', 'Counter']
['Garu', 'Magaru', 'Hama', 'Magarudyne', 'Garudyne']
['Garu', 'Patra', 'Magaru', 'Garudyne', 'Magarudyne']
['Garu', 'Magaru', 'Revolution', 'Patra', 'Magarudyne']
['Garu', 'Posumudi', 'Magaru', 'Garudyne', 'Growth 3']
['Me Patra', 'Magaru', 'Garu', 'Garudyne', 'Tarukaja']
['Garudyne', 'Zan-ei', 'Magarudyne', 'Magaru', 'Garu']
['Re Patra', 'Garu', 'Magarudyne', 'Counter', 'Media']
['Magaru', 'Media', 'Garu', 'Amrita', 'Cool Breeze']
['Garudyne', 'Patra', 'Magaru', 'Me Patra', 'Media']
['Magarudyne', 'Garu', 'Me Patra', 'Re Patra', 'Garudyne']
['Garu', 'Magaru', 'Magarudyne', 'Patra', 'Null Panic']
['Growth 3', 'Revolution', 'Garu', 'Magaru', 'Patra']
['Revolution', 'Garu', 'Counter', 'Re Patra', 'Patra']
['Garu', 'Magaru', 'Re Patra', 'Revolution', 'Garudyne']
['Magaru', 'Me Patra', 'Garu', 'Null Panic', 'Garudyne']
['Garudyne', 'Tarukaja', 'Magarudyne', 'Magaru', 'Patra']
['Garu', 'Magaru', 'Tarukaja', 'Magarudyne', 'Patra']
['Magaru', 'Garu', 'Posumudi', 'Garudyne', 'Re Patra']
['Garu', 'Tarukaja', 'Hama', 'Magaru', 'Null Panic']
['Garu', 'Posumudi', 'Hama', 'Magaru', 'Tarukaja']
['Garu', 'Me Patra', 'Magaru', 'Mahama', 'Tarukaja']
['Mediarama', 'Tarukaja', 'Garu', 'Media', 'Magarudyne']
['Garu', 'Cool Breeze', 'Magaru', 'Mediarama', 'Tarukaja']
['Garu', 'Counter', 'Magaru', 'Magarudyne', 'Revolution']
['Magarudyne', 'Media', 'Revolution', 'Garu', 'Tarukaja']
['Garudyne', 'Garu', 'Hama', 'Counter', 'Tarukaja']
['Magaru', 'Tarukaja', 'Magarudyne', 'Garu', 'Garudyne']
['Garu', 'Patra', 'Magaru', 'Hama', 'Me Patra']
['Revolution', 'Garu', 'Magaru', 'Magarudyne', 'Garudyne']
['Magarudyne', 'Garu', 'Patra', 'Null Elec', 'Garudyne']
['Garu', 'Growth 3', 'Magaru', 'Counter', 'Magarudyne']
['Magaru', 'Garu', 'Tarukaja', 'Garudyne', 'Null Panic']
['Magaru', 'Me Patra', 'Garu', 'Garudyne', 'Magarudyne']
['Garu', 'Re Patra', 'Revolution', 'Garudyne', 'Magarudyne']
['Counter', 'Magaru', 'Garu', 'Magarudyne', 'Garudyne']
['Garu', 'Magaru', 'Magarudyne', 'Media', 'Growth 3']
['Magaru', 'Garu', 'Amrita', 'Zan-ei', 'Garudyne']
['Garu', 'Magaru', 'Posumudi', 'Revolution', 'Magarudyne']
['Garu', 'Me Patra', 'Magaru', 'Garudyne', 'Magarudyne']
['Null Panic', 'Garudyne', 'Magarudyne', 'Mahama', 'Magaru']
['Re Patra', 'Media', 'Magaru', 'Garu', 'Magarudyne']
['Magaru', 'Re Patra', 'Garu', 'Mahama', 'Magarudyne']
['Patra', 'Magaru', 'Posumudi', 'Garu', 'Me Patra']
['Patra', 'Garudyne', 'Garu', 'Magaru', 'Amrita']
['Hama', 'Garu', 'Magarudyne', 'Patra', 'Cool Breeze']
['Revolution', 'Garu', 'Hama', 'Magarudyne', 'Patra']
['Magarudyne', 'Garu', 'Magaru', 'Tarukaja', 'Garudyne']
['Magaru', 'Garu', 'Media', 'Re Patra', 'Revolution']
['Garudyne', 'Garu', 'Magaru', 'Re Patra', 'Null Elec']
['Hama', 'Amrita', 'Magaru', 'Patra', 'Garu']
['Hama', 'Tarukaja', 'Garu', 'Magaru', 'Garudyne']
['Garu', 'Posumudi', 'Mahama', 'Magaru', 'Garudyne']
['Garu', 'Magaru', 'Patra', 'Mahama', 'Garudyne']
['Garu', 'Magarudyne', 'Null Panic', 'Magaru', 'Tarukaja']
['Hama', 'Posumudi', 'Magaru', 'Garu', 'Growth 3']
['Magaru', 'Garu', 'Me Patra', 'Re Patra', 'Hama']
['Patra', 'Zan-ei', 'Posumudi', 'Magaru', 'Garudyne']
['Magaru', 'Garudyne', 'Posumudi', 'Garu', 'Counter']
['Cool Breeze', 'Garu', 'Magaru', 'Patra', 'Growth 3']
['Garu', 'Magaru', 'Re Patra', 'Patra', 'Revolution']
['Garudyne', 'Patra', 'Magaru', 'Garu', 'Me Patra']
['Growth 3', 'Garu', 'Cool Breeze', 'Magaru', 'Posumudi']
['Patra', 'Garu', 'Hama', 'Cool Breeze', 'Me Patra']
['Magaru', 'Hama', 'Magarudyne', 'Garu', 'Garudyne']
['Magaru', 'Counter', 'Re Patra', 'Magarudyne', 'Revolution']
['Magaru', 'Garu', 'Garudyne', 'Magarudyne', 'Me Patra']
['Tarukaja', 'Re Patra', 'Garudyne', 'Magaru', 'Garu']
['Magarudyne', 'Me Patra', 'Garu', 'Magaru', 'Patra']
['Mediarama', 'Magaru', 'Garu', 'Patra', 'Garudyne']
['Garu', 'Revolution', 'Re Patra', 'Patra', 'Null Panic']
['Patra', 'Garu', 'Tarukaja', 'Growth 3', 'Garudyne']
['Garu', 'Magaru', 'Garudyne', 'Mahama', 'Me Patra']
['Magaru', 'Garu', 'Patra', 'Tarukaja', 'Me Patra']
['Garu', 'Hama', 'Mahama', 'Garudyne', 'Growth 3']
['Garu', 'Media', 'Re Patra', 'Patra', 'Magaru']
['Garu', 'Tarukaja', 'Revolution', 'Magarudyne', 'Counter']
['Garu', 'Re Patra', 'Magaru', 'Garudyne', 'Tarukaja']
['Mahama', 'Magaru', 'Hama', 'Garu', 'Counter']
['Garu', 'Magaru', 'Tarukaja', 'Mahama', 'Null Elec']
['Posumudi', 'Garu', 'Magaru', 'Media', 'Garudyne']
['Mediarama', 'Garu', 'Tarukaja', 'Amrita', 'Counter']
['Garudyne', 'Magaru', 'Patra', 'Garu', 'Me Patra']
['Garudyne', 'Magaru', 'Magarudyne', 'Posumudi', 'Garu']
['Garu', 'Posumudi', 'Counter', 'Magaru', 'Media']
['Magaru', 'Magarudyne', 'Tarukaja', 'Garudyne', 'Garu']
['Garu', 'Growth 3', 'Magaru', 'Garudyne', 'Revolution']
['Posumudi', 'Re Patra', 'Garu', 'Magaru', 'Revolution']
['Counter', 'Hama', 'Garu', 'Tarukaja', 'Magarudyne']
['Garu', 'Revolution', 'Mahama', 'Magaru', 'Media']
['Garu', 'Magarudyne', 'Re Patra', 'Null Elec', 'Posumudi']
['Magaru', 'Garudyne', 'Garu', 'Posumudi', 'Re Patra']
['Garu', 'Magaru', 'Magarudyne', 'Re Patra', 'Tarukaja']
['Magaru', 'Garu', 'Patra', 'Garudyne', 'Revolution']
['Magaru', 'Garu', 'Hama', 'Magarudyne', 'Garudyne']
['Garudyne', 'Garu', 'Patra', 'Magaru', 'Mediarama']
['Garu', 'Me Patra', 'Counter', 'Mediarama', 'Null Elec']
['Tarukaja', 'Patra', 'Garu', 'Hama', 'Magaru']
['Garudyne', 'Garu', 'Magaru', 'Media', 'Re Patra']
['Magaru', 'Garu', 'Me Patra', 'Mahama', 'Garudyne']
['Magaru', 'Garu', 'Patra', 'Garudyne', 'Revolution']
['Magaru', 'Mahama', 'Garu', 'Posumudi', 'Patra']
['Garudyne', 'Garu', 'Re Patra', 'Magarudyne', 'Null Panic']
['Patra', 'Magarudyne', 'Magaru', 'Me Patra', 'Garudyne']
['Patra', 'Garu', 'Counter', 'Posumudi', 'Magaru']
['Magaru', 'Magarudyne', 'Garu', 'Null Elec', 'Patra']
['Tarukaja', 'Magaru', 'Garu', 'Me Patra', 'Patra']
['Me Patra', 'Magaru', 'Growth 3', 'Garudyne', 'Magarudyne']
['Garu', 'Hama', 'Magarudyne', 'Garudyne', 'Counter']
['Null Panic', 'Garu', 'Magarudyne', 'Cool Breeze', 'Null Elec']
['Garudyne', 'Magarudyne', 'Garu', 'Posumudi', 'Magaru']
['Garu', 'Counter', 'Magaru', 'Patra', 'Cool Breeze']
['Magaru', 'Garu', 'Counter', 'Posumudi', 'Patra']
['Counter', 'Garudyne', 'Garu', 'Magaru', 'Zan-ei']
['Magaru', 'Patra', 'Garudyne', 'Media', 'Garu']
['Garu', 'Garudyne', 'Tarukaja', 'Mahama', 'Magaru']
['Hama', 'Garudyne', 'Magaru', 'Garu', 'Patra']
['Garu', 'Magaru', 'Garudyne', 'Patra', 'Tarukaja']
['Magaru', 'Garu', 'Growth 3', 'Patra', 'Garudyne']
['Magarudyne', 'Garu', 'Null Elec', 'Revolution', 'Garudyne']
['Garu', 'Magaru', 'Magarudyne', 'Tarukaja', 'Null Panic']
['Null Panic', 'Garu', 'Magaru', 'Growth 3', 'Garudyne']
['Magaru', 'Garu', 'Tarukaja', 'Mediarama', 'Patra']
['Garu', 'Me Patra', 'Magaru', 'Mahama', 'Hama']
['Hama', 'Patra', 'Garu', 'Posumudi', 'Magaru']
['Garu', 'Garudyne', 'Counter', 'Magaru', 'Mahama']
['Garu', 'Magaru', 'Garudyne', 'Amrita', 'Magarudyne']
['Posumudi', 'Magarudyne', 'Garu', 'Tarukaja', 'Magaru']
['Garu', 'Patra', 'Magaru', 'Posumudi', 'Growth 3']
['Mediarama', 'Magaru', 'Garu', 'Patra', 'Revolution']
['Garu', 'Magaru', 'Magarudyne', 'Counter', 'Patra']
['Me Patra', 'Garu', 'Magaru', 'Patra', 'Tarukaja']
['Garudyne', 'Magaru', 'Media', 'Magarudyne', 'Garu']
['Counter', 'Hama', 'Patra', 'Magaru', 'Garu']
['Magaru', 'Garu', 'Posumudi', 'Re Patra', 'Garudyne']
['Tarukaja', 'Me Patra', 'Patra', 'Garu', 'Magaru']
['Garu', 'Magaru', 'Patra', 'Media', 'Mahama']
['Re Patra', 'Magaru', 'Garu', 'Garudyne', 'Posumudi']
['Magaru', 'Patra', 'Garudyne', 'Growth 3', 'Tarukaja']
['Cool Breeze', 'Revolution', 'Garudyne', 'Garu', 'Hama']
['Me Patra', 'Garu', 'Magaru', 'Magarudyne', 'Amrita']
['Posumudi', 'Garu', 'Magarudyne', 'Re Patra', 'Magaru']
['Garu', 'Growth 3', 'Magarudyne', 'Hama', 'Garudyne']
['Garu', 'Amrita', 'Patra', 'Magaru', 'Garudyne']
['Garu', 'Media', 'Magaru', 'Patra', 'Me Patra']
['Hama', 'Me Patra', 'Media', 'Magaru', 'Garu']
['Magarudyne', 'Garu', 'Cool Breeze', 'Patra', 'Magaru']
['Amrita', 'Magarudyne', 'Garu', 'Tarukaja', 'Magaru']
['Garu', 'Re Patra', 'Magaru', 'Cool Breeze', 'Tarukaja']
['Hama', 'Magaru', 'Garu', 'Mediarama', 'Magarudyne']
['Magaru', 'Garu', 'Hama', 'Patra', 'Re Patra']
['Garu', 'Magaru', 'Cool Breeze', 'Tarukaja', 'Patra']
['Garu', 'Re Patra', 'Patra', 'Counter', 'Magarudyne']
['Magaru', 'Garudyne', 'Revolution', 'Null Elec', 'Patra']
['Garu', 'Magaru', 'Garudyne', 'Revolution', 'Tarukaja']
['Magaru', 'Garu', 'Me Patra', 'Media', 'Garudyne']
['Patra', 'Magarudyne', 'Null Panic', 'Magaru', 'Garu']
['Tarukaja', 'Magarudyne', 'Patra', 'Garu', 'Magaru']
['Magaru', 'Patra', 'Garudyne', 'Magarudyne', 'Garu']
['Garu', 'Magaru', 'Patra', 'Garudyne', 'Posumudi']
['Posumudi', 'Garu', 'Counter', 'Garudyne', 'Zan-ei']
['Garu', 'Magaru', 'Counter', 'Garudyne', 'Growth 3']
['Garu', 'Magaru', 'Cool Breeze', 'Re Patra', 'Growth 3']
['Garu', 'Garudyne', 'Counter', 'Magaru', 'Amrita']
['Mediarama', 'Patra', 'Garu', 'Cool Breeze', 'Revolution']
['Null Panic', 'Garu', 'Re Patra', 'Magaru', 'Magarudyne']
['Tarukaja', 'Garu', 'Revolution', 'Magaru', 'Posumudi']
['Garu', 'Patra', 'Revolution', 'Media', 'Mahama']
['Counter', 'Garu', 'Tarukaja', 'Magaru', 'Revolution']
['Magaru', 'Garu', 'Tarukaja', 'Magarudyne', 'Me Patra']
['Counter', 'Magaru', 'Garu', 'Magarudyne', 'Mediarama']
['Magaru', 'Garu', 'Hama', 'Re Patra', 'Patra']
['Mahama', 'Re Patra', 'Garudyne', 'Posumudi', 'Garu']
['Garu', 'Magaru', 'Garudyne', 'Re Patra', 'Magarudyne']
['Patra', 'Zan-ei', 'Garu', 'Media', 'Garudyne']
['Magaru', 'Garu', 'Garudyne', 'Patra', 'Posumudi']
['Posumudi', 'Media', 'Re Patra', 'Tarukaja', 'Hama']
['Magaru', 'Media', 'Garu', 'Garudyne', 'Null Panic']
['Hama', 'Garu', 'Magaru', 'Garudyne', 'Growth 3']
['Magaru', 'Posumudi', 'Tarukaja', 'Garudyne', 'Garu']
['Mediarama', 'Garu', 'Hama', 'Garudyne', 'Tarukaja']
['Garu', 'Re Patra', 'Patra', 'Hama', 'Magarudyne']
['Garu', 'Magaru', 'Garudyne', 'Counter', 'Growth 3']
['Magaru', 'Garu', 'Garudyne', 'Counter', 'Patra']
['Garudyne', 'Patra', 'Magaru', 'Posumudi', 'Garu']
['Magaru', 'Garu', 'Revolution', 'Mahama', 'Magarudyne']
['Magarudyne', 'Garu', 'Garudyne', 'Re Patra', 'Cool Breeze']
['Magaru', 'Cool Breeze', 'Garudyne', 'Zan-ei', 'Garu']
['Garu', 'Me Patra', 'Media', 'Magaru', 'Growth 3']
['Garu', 'Amrita', 'Magaru', 'Growth 3', 'Media']
['Magaru', 'Hama', 'Garudyne', 'Garu', 'Patra']
['Garu', 'Patra', 'Hama', 'Magaru', 'Mediarama']
['Garu', 'Magaru', 'Posumudi', 'Mahama', 'Tarukaja']
['Garudyne', 'Null Panic', 'Magarudyne', 'Garu', 'Posumudi']
['Cool Breeze', 'Magarudyne', 'Garudyne', 'Hama', 'Garu']
['Posumudi', 'Garu', 'Null Panic', 'Tarukaja', 'Magarudyne']
['Growth 3', 'Re Patra', 'Magarudyne', 'Garudyne', 'Cool Breeze']
['Magarudyne', 'Garu', 'Garudyne', 'Hama', 'Magaru']
['Garu', 'Magaru', 'Revolution', 'Garudyne', 'Growth 3']
['Garu', 'Patra', 'Garudyne', 'Hama', 'Posumudi']
['Magaru', 'Garu', 'Garudyne', 'Posumudi', 'Tarukaja']
['Patra', 'Magaru', 'Garudyne', 'Garu', 'Revolution']
['Patra', 'Garu', 'Null Elec', 'Magaru', 'Magarudyne']
['Magaru', 'Garudyne', 'Garu', 'Re Patra', 'Magarudyne']
['Magaru', 'Garu', 'Null Elec', 'Amrita', 'Patra']
['Garu', 'Mahama', 'Revolution', 'Mediarama', 'Re Patra']
['Garu', 'Re Patra', 'Posumudi', 'Magaru', 'Patra']
['Re Patra', 'Posumudi', 'Garu', 'Magaru', 'Hama']
['Garu', 'Tarukaja', 'Magarudyne', 'Patra', 'Magaru']
['Me Patra', 'Garu', 'Cool Breeze', 'Magarudyne', 'Patra']
['Magaru', 'Garu', 'Patra', 'Garudyne', 'Hama']
['Garudyne', 'Magaru', 'Garu', 'Tarukaja', 'Mahama']
['Garu', 'Patra', 'Counter', 'Magaru', 'Magarudyne']
['Magaru', 'Garu', 'Re Patra', 'Tarukaja', 'Patra']
['Posumudi', 'Garu', 'Garudyne', 'Magaru', 'Re Patra']
['Magaru', 'Media', 'Null Elec', 'Revolution', 'Counter']
['Garu', 'Me Patra', 'Magaru', 'Mahama', 'Garudyne']
['Patra', 'Magaru', 'Null Elec', 'Counter', 'Me Patra']
['Magaru', 'Patra', 'Garu', 'Garudyne', 'Posumudi']
['Magaru', 'Garu', 'Tarukaja', 'Posumudi', 'Me Patra']
['Garu', 'Magaru', 'Patra', 'Re Patra', 'Garudyne']
['Posumudi', 'Magarudyne', 'Patra', 'Garudyne', 'Garu']
['Garudyne', 'Tarukaja', 'Garu', 'Magarudyne', 'Patra']
['Garu', 'Garudyne', 'Revolution', 'Tarukaja', 'Re Patra']
['Magaru', 'Garudyne', 'Garu', 'Cool Breeze', 'Null Panic']
['Hama', 'Null Panic', 'Garu', 'Posumudi', 'Magaru']
['Media', 'Garu', 'Magaru', 'Tarukaja', 'Garudyne']
['Garu', 'Magarudyne', 'Hama', 'Tarukaja', 'Magaru']
['Garu', 'Cool Breeze', 'Posumudi', 'Magarudyne', 'Garudyne']
['Magaru', 'Patra', 'Garu', 'Me Patra', 'Posumudi']
['Garu', 'Magaru', 'Re Patra', 'Tarukaja', 'Media']
['Counter', 'Garu', 'Garudyne', 'Patra', 'Magaru']
['Null Panic', 'Garu', 'Garudyne', 'Patra', 'Me Patra']
['Garudyne', 'Garu', 'Posumudi', 'Magarudyne', 'Magaru']
['Garu', 'Magaru', 'Garudyne', 'Revolution', 'Magarudyne']
['Garu', 'Garudyne', 'Magaru', 'Growth 3', 'Patra']
['Magarudyne', 'Tarukaja', 'Magaru', 'Patra', 'Garu']
['Magarudyne', 'Mahama', 'Garudyne', 'Amrita', 'Garu']
['Magaru', 'Posumudi', 'Garu', 'Revolution', 'Garudyne']
['Patra', 'Tarukaja', 'Garu', 'Hama', 'Re Patra']
['Magaru', 'Garu', 'Cool Breeze', 'Hama', 'Garudyne']
['Garu', 'Cool Breeze', 'Magaru', 'Hama', 'Growth 3']
['Patra', 'Me Patra', 'Garu', 'Magarudyne', 'Magaru']
['Re Patra', 'Magarudyne', 'Garu', 'Garudyne', 'Counter']
['Garu', 'Revolution', 'Tarukaja', 'Patra', 'Magarudyne']
['Garudyne', 'Garu', 'Hama', 'Cool Breeze', 'Growth 3']
['Magarudyne', 'Magaru', 'Re Patra', 'Garu', 'Posumudi']
['Garu', 'Magaru', 'Magarudyne', 'Growth 3', 'Hama']
['Amrita', 'Garu', 'Media', 'Magaru', 'Tarukaja']
['Counter', 'Magaru', 'Garu', 'Tarukaja', 'Revolution']
['Garu', 'Patra', 'Garudyne', 'Magaru', 'Mahama']
['Magarudyne', 'Magaru', 'Patra', 'Garu', 'Null Panic']
['Garudyne', 'Magaru', 'Magarudyne', 'Growth 3', 'Garu']
['Garu', 'Magarudyne', 'Garudyne', 'Amrita', 'Magaru']
['Garu', 'Me Patra', 'Magaru', 'Counter', 'Magarudyne']
['Counter', 'Revolution', 'Re Patra', 'Garu', 'Mediarama']
['Magaru', 'Garu', 'Mediarama', 'Magarudyne', 'Hama']
['Garudyne', 'Patra', 'Magaru', 'Garu', 'Media']
['Garu', 'Revolution', 'Re Patra', 'Counter', 'Media']
['Me Patra', 'Magaru', 'Amrita', 'Garu', 'Hama']
['Garu', 'Mahama', 'Magaru', 'Garudyne', 'Magarudyne']
['Garu', 'Mahama', 'Magaru', 'Tarukaja', 'Re Patra']
['Garudyne', 'Garu', 'Patra', 'Tarukaja', 'Posumudi']
['Counter', 'Magarudyne', 'Garu', 'Magaru', 'Tarukaja']
['Magarudyne', 'Garu', 'Magaru', 'Posumudi', 'Counter']
['Garu', 'Magaru', 'Tarukaja', 'Garudyne', 'Hama']
['Garu', 'Tarukaja', 'Magaru', 'Media', 'Counter']
['Garu', 'Magaru', 'Counter', 'Patra', 'Mediarama']
['Magaru', 'Garudyne', 'Hama', 'Magarudyne', 'Garu']
['Garu', 'Magaru', 'Patra', 'Magarudyne', 'Hama']
['Counter', 'Magaru', 'Garu', 'Mahama', 'Growth 3']
['Mahama', 'Magaru', 'Patra', 'Garu', 'Cool Breeze']
['Hama', 'Garu', 'Growth 3', 'Magaru', 'Patra']
['Magarudyne', 'Magaru', 'Garu', 'Re Patra', 'Patra']
['Magaru', 'Garu', 'Zan-ei', 'Amrita', 'Hama']
['Garu', 'Magaru', 'Growth 3', 'Null Panic', 'Garudyne']
['Garu', 'Garudyne', 'Counter', 'Null Panic', 'Magaru']
['Patra', 'Garu', 'Revolution', 'Magaru', 'Tarukaja']
['Hama', 'Re Patra', 'Mediarama', 'Magarudyne', 'Media']
['Garu', 'Magaru', 'Me Patra', 'Garudyne', 'Magarudyne']
['Magaru', 'Garu', 'Me Patra', 'Garudyne', 'Mahama']
['Garu', 'Revolution', 'Magaru', 'Garudyne', 'Re Patra']
['Magaru', 'Magarudyne', 'Mediarama', 'Garu', 'Null Panic']
['Garudyne', 'Magaru', 'Garu', 'Growth 3', 'Magarudyne']
['Garu', 'Magaru', 'Tarukaja', 'Garudyne', 'Amrita']
['Garu', 'Magaru', 'Magarudyne', 'Counter', 'Mahama']
['Magarudyne', 'Garu', 'Growth 3', 'Magaru', 'Garudyne']
['Media', 'Zan-ei', 'Garudyne', 'Garu', 'Magarudyne']
['Cool Breeze', 'Magaru', 'Garu', 'Re Patra', 'Null Elec']
['Garu', 'Magaru', 'Magarudyne', 'Patra', 'Me Patra']
['Garudyne', 'Garu', 'Magaru', 'Null Panic', 'Magarudyne']
['Garu', 'Magaru', 'Magarudyne', 'Garudyne', 'Patra']
['Me Patra', 'Garu', 'Growth 3', 'Magaru', 'Garudyne']
['Tarukaja', 'Garu', 'Revolution', 'Garudyne', 'Re Patra']
['Cool Breeze', 'Tarukaja', 'Magarudyne', 'Magaru', 'Growth 3']
['Garudyne', 'Cool Breeze', 'Garu', 'Mahama', 'Magarudyne']
['Garu', 'Re Patra', 'Magaru', 'Posumudi', 'Revolution']
['Magaru', 'Magarudyne', 'Null Elec', 'Garu', 'Hama']
['Magaru', 'Garudyne', 'Posumudi', 'Null Elec', 'Patra']
['Magaru', 'Garu', 'Magarudyne', 'Counter', 'Revolution']
['Mahama', 'Me Patra', 'Garu', 'Null Panic', 'Magaru']
['Garu', 'Magaru', 'Magarudyne', 'Media', 'Cool Breeze']
['Garu', 'Magaru', 'Tarukaja', 'Patra', 'Garudyne']
['Garu', 'Media', 'Counter', 'Patra', 'Magarudyne']
['Garu', 'Magaru', 'Garudyne', 'Mahama', 'Magarudyne']
['Re Patra', 'Garu', 'Magaru', 'Hama', 'Me Patra']
['Mahama', 'Mediarama', 'Magaru', 'Garu', 'Counter']
['Patra', 'Tarukaja', 'Magarudyne', 'Magaru', 'Growth 3']
['Garu', 'Re Patra', 'Magaru', 'Garudyne', 'Patra']
['Garu', 'Garudyne', 'Magaru', 'Magarudyne', 'Null Elec']
['Garu', 'Magarudyne', 'Garudyne', 'Cool Breeze', 'Growth 3']
['Garu', 'Patra', 'Magaru', 'Magarudyne', 'Garudyne']
['Magaru', 'Magarudyne', 'Garu', 'Counter', 'Re Patra']
['Garu', 'Counter', 'Magaru', 'Media', 'Null Elec']
['Garudyne', 'Garu', 'Magaru', 'Patra', 'Tarukaja']
['Magaru', 'Amrita', 'Magarudyne', 'Media', 'Garu']
['Mediarama', 'Hama', 'Garu', 'Null Elec', 'Magaru']
['Garu', 'Garudyne', 'Magaru', 'Hama', 'Mediarama']
['Magaru', 'Growth 3', 'Garu', 'Magarudyne', 'Garudyne']
['Tarukaja', 'Garu', 'Revolution', 'Magaru', 'Counter']
['Tarukaja', 'Magaru', 'Garudyne', 'Garu', 'Counter']
['Garu', 'Magaru', 'Mediarama', 'Null Elec', 'Posumudi']
['Garudyne', 'Garu', 'Tarukaja', 'Magaru', 'Hama']
['Magaru', 'Tarukaja', 'Revolution', 'Media', 'Garu']
['Garu', 'Magaru', 'Re Patra', 'Magarudyne', 'Garudyne']
['Garu', 'Re Patra', 'Magaru', 'Counter', 'Media']
['Garudyne', 'Garu', 'Magaru', 'Magarudyne', 'Tarukaja']
['Garu', 'Magaru', 'Hama', 'Counter', 'Magarudyne']
['Garudyne', 'Growth 3', 'Garu', 'Magaru', 'Patra']
['Patra', 'Magaru', 'Garudyne', 'Mahama', 'Hama']
['Magarudyne', 'Magaru', 'Garu', 'Hama', 'Garudyne']
['Magarudyne', 'Garu', 'Magaru', 'Hama', 'Garudyne']
['Garu', 'Garudyne', 'Counter', 'Magaru', 'Revolution']
['Media', 'Garu', 'Re Patra', 'Magarudyne', 'Patra']
['Garu', 'Null Elec', 'Counter', 'Posumudi', 'Re Patra']
['Magarudyne', 'Garu', 'Tarukaja', 'Cool Breeze', 'Magaru']
['Me Patra', 'Magaru', 'Garu', 'Media', 'Hama']
['Mahama', 'Patra', 'Magarudyne', 'Null Panic', 'Garu']
['Garu', 'Magaru', 'Mediarama', 'Garudyne', 'Magarudyne']
['Garu', 'Patra', 'Magaru', 'Magarudyne', 'Revolution']
['Garu', 'Growth 3', 'Patra', 'Hama', 'Counter']
['Magaru', 'Patra', 'Mahama', 'Posumudi', 'Garu']
['Revolution', 'Hama', 'Magaru', 'Garu', 'Patra']
['Garu', 'Re Patra', 'Tarukaja', 'Magaru', 'Counter']
['Garu', 'Patra', 'Magaru', 'Counter', 'Tarukaja']
['Patra', 'Garu', 'Tarukaja', 'Magaru', 'Posumudi']
['Garu', 'Magaru', 'Hama', 'Counter', 'Patra']
['Garudyne', 'Garu', 'Re Patra', 'Patra', 'Magaru']
['Amrita', 'Patra', 'Garu', 'Magaru', 'Counter']
['Patra', 'Cool Breeze', 'Tarukaja', 'Garu', 'Mahama']
['Garu', 'Magaru', 'Patra', 'Me Patra', 'Media']
['Magaru', 'Amrita', 'Garu', 'Hama', 'Tarukaja']
['Garu', 'Magaru', 'Magarudyne', 'Re Patra', 'Tarukaja']
['Posumudi', 'Patra', 'Magaru', 'Garu', 'Mahama']
['Garu', 'Me Patra', 'Magarudyne', 'Magaru', 'Garudyne']
['Magaru', 'Garudyne', 'Garu', 'Patra', 'Revolution']
['Garu', 'Patra', 'Cool Breeze', 'Garudyne', 'Magarudyne']
['Mediarama', 'Garu', 'Magaru', 'Re Patra', 'Garudyne']
['Garu', 'Magarudyne', 'Hama', 'Patra', 'Growth 3']
['Garu', 'Magaru', 'Re Patra', 'Amrita', 'Magarudyne']
['Magaru', 'Garu', 'Re Patra', 'Null Panic', 'Posumudi']
['Tarukaja', 'Re Patra', 'Mediarama', 'Mahama', 'Magarudyne']
['Magaru', 'Garu', 'Garudyne', 'Tarukaja', 'Revolution']
['Garu', 'Magarudyne', 'Garudyne', 'Me Patra', 'Patra']
['Magaru', 'Garu', 'Hama', 'Re Patra', 'Magarudyne']
['Garudyne', 'Garu', 'Magaru', 'Re Patra', 'Magarudyne']
['Garu', 'Magaru', 'Magarudyne', 'Patra', 'Revolution']
['Patra', 'Garu', 'Me Patra', 'Magaru', 'Posumudi']
['Garu', 'Garudyne', 'Magaru', 'Tarukaja', 'Magarudyne']
['Magaru', 'Garu', 'Patra', 'Mahama', 'Garudyne']
['Tarukaja', 'Patra', 'Garudyne', 'Re Patra', 'Garu']
['Garudyne', 'Me Patra', 'Media', 'Magaru', 'Garu']
['Magarudyne', 'Garu', 'Cool Breeze', 'Hama', 'Magaru']
['Garu', 'Magaru', 'Posumudi', 'Garudyne', 'Revolution']
['Garu', 'Magaru', 'Magarudyne', 'Counter', 'Posumudi']
['Garu', 'Garudyne', 'Patra', 'Mediarama', 'Magaru']
['Garu', 'Magarudyne', 'Magaru', 'Null Panic', 'Revolution']
['Garudyne', 'Garu', 'Null Elec', 'Cool Breeze', 'Me Patra']
['Garu', 'Mediarama', 'Garudyne', 'Magaru', 'Mahama']
['Counter', 'Garu', 'Cool Breeze', 'Tarukaja', 'Magaru']
['Magaru', 'Counter', 'Mediarama', 'Posumudi', 'Garu']
['Posumudi', 'Garu', 'Garudyne', 'Magaru', 'Hama']
['Media', 'Magarudyne', 'Magaru', 'Revolution', 'Garu']
['Null Elec', 'Garu', 'Magaru', 'Mediarama', 'Magarudyne']
['Garu', 'Patra', 'Hama', 'Magarudyne', 'Magaru']
['Media', 'Garudyne', 'Magaru', 'Garu', 'Re Patra']
['Garu', 'Magaru', 'Garudyne', 'Growth 3', 'Tarukaja']
['Media', 'Garu', 'Hama', 'Magaru', 'Garudyne']
['Tarukaja', 'Me Patra', 'Re Patra', 'Garu', 'Patra']
['Re Patra', 'Magarudyne', 'Patra', 'Garu', 'Me Patra']
['Re Patra', 'Magarudyne', 'Garudyne', 'Tarukaja', 'Garu']
['Garu', 'Re Patra', 'Magaru', 'Patra', 'Media']
['Garudyne', 'Magaru', 'Patra', 'Garu', 'Cool Breeze']
['Magaru', 'Garu', 'Re Patra', 'Magarudyne', 'Garudyne']
['Garu', 'Magarudyne', 'Magaru', 'Counter', 'Garudyne']
['Garu', 'Null Panic', 'Magaru', 'Mahama', 'Re Patra']
['Garu', 'Magaru', 'Garudyne', 'Cool Breeze', 'Hama']
['Garu', 'Magaru', 'Hama', 'Revolution', 'Media']
['Cool Breeze', 'Garu', 'Growth 3', 'Counter', 'Tarukaja']
['Garu', 'Tarukaja', 'Magaru', 'Null Panic', 'Garudyne']
['Magaru', 'Garu', 'Growth 3', 'Posumudi', 'Re Patra']
['Garudyne', 'Garu', 'Hama', 'Magaru', 'Magarudyne']
['Garudyne', 'Magarudyne', 'Me Patra', 'Garu', 'Patra']
['Garu', 'Posumudi', 'Magaru', 'Null Panic', 'Magarudyne']
['Garudyne', 'Me Patra', 'Revolution', 'Magaru', 'Hama']
['Patra', 'Garu', 'Magaru', 'Counter', 'Null Panic']
['Garu', 'Garudyne', 'Magarudyne', 'Amrita', 'Growth 3']
['Magaru', 'Garu', 'Patra', 'Cool Breeze', 'Revolution']
['Magaru', 'Garu', 'Magarudyne', 'Garudyne', 'Patra']
['Garu', 'Hama', 'Magaru', 'Magarudyne', 'Tarukaja']
['Garudyne', 'Garu', 'Revolution', 'Magaru', 'Posumudi']
['Garu', 'Growth 3', 'Magaru', 'Media', 'Posumudi']
['Hama', 'Magarudyne', 'Patra', 'Garu', 'Magaru']
['Garu', 'Magaru', 'Null Elec', 'Posumudi', 'Garudyne']
['Magarudyne', 'Garudyne', 'Garu', 'Patra', 'Magaru']
['Garu', 'Magaru', 'Me Patra', 'Mediarama', 'Media']
['Magaru', 'Hama', 'Garu', 'Garudyne', 'Null Panic']
['Magaru', 'Null Elec', 'Magarudyne', 'Garu', 'Mahama']
['Null Elec', 'Magaru', 'Re Patra', 'Tarukaja', 'Garu']
['Garu', 'Cool Breeze', 'Posumudi', 'Magarudyne', 'Garudyne']
['Hama', 'Me Patra', 'Magarudyne', 'Magaru', 'Growth 3']
['Magaru', 'Me Patra', 'Garudyne', 'Re Patra', 'Garu']
['Garu', 'Magaru', 'Garudyne', 'Patra', 'Me Patra']
['Patra', 'Magaru', 'Garu', 'Me Patra', 'Null Elec']
['Mediarama', 'Magarudyne', 'Patra', 'Magaru', 'Garu']
['Magaru', 'Garu', 'Mahama', 'Posumudi', 'Tarukaja']
['Magaru', 'Amrita', 'Media', 'Tarukaja', 'Garu']
['Mahama', 'Magaru', 'Media', 'Hama', 'Magarudyne']
['Garudyne', 'Magaru', 'Magarudyne', 'Garu', 'Mediarama']
['Garu', 'Garudyne', 'Posumudi', 'Magaru', 'Tarukaja']
['Magaru', 'Revolution', 'Garu', 'Mahama', 'Media']
['Patra', 'Magaru', 'Garu', 'Garudyne', 'Posumudi']
['Garu', 'Garudyne', 'Media', 'Revolution', 'Magaru']
['Magaru', 'Garu', 'Garudyne', 'Hama', 'Patra']
['Mahama', 'Magaru', 'Garu', 'Magarudyne', 'Patra']
['Counter', 'Magaru', 'Magarudyne', 'Garu', 'Hama']
['Garudyne', 'Hama', 'Magaru', 'Garu', 'Me Patra']
['Me Patra', 'Counter', 'Garu', 'Mediarama', 'Amrita']
['Garu', 'Magaru', 'Re Patra', 'Patra', 'Posumudi']
['Me Patra', 'Magarudyne', 'Magaru', 'Garu', 'Cool Breeze']
['Garu', 'Tarukaja', 'Magaru', 'Media', 'Growth 3']
['Magaru', 'Garudyne', 'Garu', 'Magarudyne', 'Tarukaja']
['Garu', 'Hama', 'Magarudyne', 'Magaru', 'Mediarama']
['Garu', 'Posumudi', 'Garudyne', 'Magaru', 'Magarudyne']
['Garu', 'Patra', 'Magarudyne', 'Garudyne', 'Magaru']
['Garu', 'Garudyne', 'Zan-ei', 'Patra', 'Magaru']
['Posumudi', 'Garu', 'Mediarama', 'Tarukaja', 'Magaru']
['Garudyne', 'Garu', 'Magaru', 'Re Patra', 'Mediarama']
['Media', 'Magaru', 'Garudyne', 'Garu', 'Magarudyne']
['Garu', 'Magarudyne', 'Magaru', 'Media', 'Mahama']
['Magarudyne', 'Magaru', 'Null Panic', 'Cool Breeze', 'Mediarama']
['Garu', 'Hama', 'Magaru', 'Garudyne', 'Media']
['Re Patra', 'Garudyne', 'Magaru', 'Patra', 'Garu']
['Garu', 'Patra', 'Magaru', 'Posumudi', 'Cool Breeze']
['Garudyne', 'Garu', 'Magaru', 'Magarudyne', 'Me Patra']
['Garu', 'Posumudi', 'Revolution', 'Garudyne', 'Hama']
['Tarukaja', 'Re Patra', 'Magaru', 'Garu', 'Null Elec']
['Garu', 'Me Patra', 'Magarudyne', 'Patra', 'Amrita']
['Garu', 'Magarudyne', 'Magaru', 'Garudyne', 'Patra']
['Magaru', 'Garu', 'Garudyne', 'Posumudi', 'Magarudyne']
['Garudyne', 'Mahama', 'Magaru', 'Tarukaja', 'Garu']
['Media', 'Tarukaja', 'Garudyne', 'Garu', 'Magaru']
['Magaru', 'Garudyne', 'Magarudyne', 'Garu', 'Patra']
['Magarudyne', 'Mahama', 'Garu', 'Patra', 'Magaru']
['Magaru', 'Magarudyne', 'Garu', 'Null Panic', 'Patra']
['Garu', 'Garudyne', 'Me Patra', 'Media', 'Mahama']
['Garu', 'Cool Breeze', 'Magaru', 'Garudyne', 'Tarukaja']
['Magaru', 'Amrita', 'Garu', 'Garudyne', 'Hama']
['Mediarama', 'Patra', 'Magaru', 'Garu', 'Hama']
['Garu', 'Mahama', 'Re Patra', 'Posumudi', 'Growth 3']
['Tarukaja', 'Null Panic', 'Garu', 'Magaru', 'Garudyne']
['Garu', 'Garudyne', 'Mediarama', 'Magarudyne', 'Magaru']
['Magaru', 'Garu', 'Magarudyne', 'Amrita', 'Hama']
['Re Patra', 'Garudyne', 'Magaru', 'Garu', 'Growth 3']
['Magaru', 'Garu', 'Revolution', 'Growth 3', 'Garudyne']
['Garu', 'Magaru', 'Mediarama', 'Posumudi', 'Magarudyne']
['Patra', 'Tarukaja', 'Garu', 'Magaru', 'Garudyne']
['Garu', 'Magaru', 'Patra', 'Tarukaja', 'Null Elec']
['Garudyne', 'Media', 'Magaru', 'Garu', 'Hama']
['Garudyne', 'Garu', 'Magarudyne', 'Mediarama', 'Revolution']
['Posumudi', 'Garudyne', 'Magaru', 'Media', 'Garu']
['Media', 'Garu', 'Magaru', 'Amrita', 'Null Panic']
['Magaru', 'Me Patra', 'Patra', 'Media', 'Magarudyne']
['Growth 3', 'Re Patra', 'Magaru', 'Patra', 'Garu']
['Magarudyne', 'Garu', 'Null Panic', 'Hama', 'Magaru']
['Re Patra', 'Tarukaja', 'Garu', 'Patra', 'Magaru']
['Garudyne', 'Magaru', 'Garu', 'Counter', 'Mahama']
['Counter', 'Magaru', 'Garu', 'Null Elec', 'Re Patra']
['Magaru', 'Amrita', 'Garu', 'Hama', 'Magarudyne']
['Magaru', 'Null Panic', 'Garu', 'Media', 'Hama']
['Garu', 'Magarudyne', 'Tarukaja', 'Garudyne', 'Hama']
['Media', 'Garudyne', 'Magaru', 'Garu', 'Re Patra']
['Null Elec', 'Magaru', 'Garu', 'Mahama', 'Patra']
['Magaru', 'Garu', 'Hama', 'Posumudi', 'Garudyne']
['Magarudyne', 'Garu', 'Magaru', 'Growth 3', 'Mediarama']
['Magarudyne', 'Magaru', 'Garu', 'Garudyne', 'Counter']
['Magarudyne', 'Garu', 'Null Elec', 'Posumudi', 'Media']
['Garu', 'Garudyne', 'Re Patra', 'Posumudi', 'Magarudyne']
['Patra', 'Magaru', 'Garu', 'Me Patra', 'Posumudi']
['Garu', 'Re Patra', 'Magaru', 'Patra', 'Growth 3']
['Magaru', 'Garu', 'Patra', 'Tarukaja', 'Magarudyne']
['Magaru', 'Garu', 'Garudyne', 'Counter', 'Tarukaja']
['Garudyne', 'Magaru', 'Revolution', 'Null Elec', 'Cool Breeze']
['Tarukaja', 'Mahama', 'Magarudyne', 'Garudyne', 'Garu']
['Revolution', 'Cool Breeze', 'Magaru', 'Garu', 'Null Panic']
['Magarudyne', 'Garu', 'Media', 'Null Elec', 'Posumudi']
['Garu', 'Garudyne', 'Magaru', 'Posumudi', 'Revolution']
['Garu', 'Garudyne', 'Magaru', 'Growth 3', 'Me Patra']
['Magaru', 'Re Patra', 'Mediarama', 'Patra', 'Me Patra']
['Garu', 'Re Patra', 'Revolution', 'Magarudyne', 'Garudyne']
['Tarukaja', 'Garu', 'Me Patra', 'Magarudyne', 'Cool Breeze']
['Garu', 'Me Patra', 'Posumudi', 'Patra', 'Magaru']
['Garu', 'Magaru', 'Patra', 'Media', 'Mediarama']
['Magaru', 'Revolution', 'Garu', 'Posumudi', 'Tarukaja']
['Magaru', 'Garu', 'Mediarama', 'Tarukaja', 'Magarudyne']
['Magaru', 'Garudyne', 'Tarukaja', 'Garu', 'Magarudyne']
['Re Patra', 'Cool Breeze', 'Posumudi', 'Garudyne', 'Garu']
['Garu', 'Magaru', 'Revolution', 'Garudyne', 'Tarukaja']
['Garu', 'Counter', 'Garudyne', 'Magarudyne', 'Mediarama']
['Re Patra', 'Magaru', 'Garudyne', 'Garu', 'Magarudyne']
['Garu', 'Patra', 'Magarudyne', 'Growth 3', 'Garudyne']
['Garu', 'Hama', 'Patra', 'Counter', 'Magaru']
['Magaru', 'Hama', 'Mahama', 'Garu', 'Magarudyne']
['Magarudyne', 'Re Patra', 'Mediarama', 'Garudyne', 'Garu']
['Garu', 'Me Patra', 'Null Elec', 'Magaru', 'Garudyne']
['Magaru', 'Garu', 'Patra', 'Mediarama', 'Amrita']
['Magaru', 'Garu', 'Garudyne', 'Magarudyne', 'Mahama']
['Garu', 'Null Panic', 'Hama', 'Mahama', 'Patra']
['Garu', 'Magarudyne', 'Magaru', 'Hama', 'Mahama']
['Garudyne', 'Garu', 'Magaru', 'Re Patra', 'Media']
['Garu', 'Magaru', 'Patra', 'Cool Breeze', 'Counter']
['Re Patra', 'Garu', 'Magaru', 'Patra', 'Media']
['Magaru', 'Garu', 'Mahama', 'Null Elec', 'Me Patra']
['Magarudyne', 'Garu', 'Mahama', 'Garudyne', 'Growth 3']
['Magaru', 'Patra', 'Garu', 'Tarukaja', 'Hama']
['Cool Breeze', 'Garu', 'Magarudyne', 'Magaru', 'Zan-ei']
['Media', 'Garu', 'Magaru', 'Posumudi', 'Mediarama']
['Garu', 'Patra', 'Garudyne', 'Amrita', 'Media']
['Garu', 'Magaru', 'Media', 'Magarudyne', 'Garudyne']
['Garudyne', 'Magarudyne', 'Garu', 'Hama', 'Magaru']
['Garu', 'Magarudyne', 'Garudyne', 'Magaru', 'Revolution']
['Garu', 'Patra', 'Tarukaja', 'Mahama', 'Posumudi']
['Media', 'Revolution', 'Garudyne', 'Patra', 'Magaru']
['Cool Breeze', 'Garu', 'Garudyne', 'Magaru', 'Magarudyne']
['Garu', 'Magarudyne', 'Posumudi', 'Magaru', 'Hama']
['Cool Breeze', 'Magaru', 'Magarudyne', 'Garu', 'Null Elec']
['Garu', 'Garudyne', 'Magaru', 'Re Patra', 'Magarudyne']
['Magaru', 'Garu', 'Hama', 'Magarudyne', 'Counter']
['Magarudyne', 'Hama', 'Counter', 'Patra', 'Mahama']
['Garu', 'Cool Breeze', 'Media', 'Garudyne', 'Mahama']
['Magaru', 'Garu', 'Null Elec', 'Patra', 'Hama']
['Garu', 'Revolution', 'Magaru', 'Hama', 'Counter']
['Hama', 'Magaru', 'Media', 'Garu', 'Magarudyne']
['Garudyne', 'Magaru', 'Cool Breeze', 'Garu', 'Patra']
['Magaru', 'Magarudyne', 'Tarukaja', 'Garu', 'Garudyne']
['Magaru', 'Me Patra', 'Amrita', 'Revolution', 'Garu']
['Garu', 'Counter', 'Amrita', 'Magaru', 'Posumudi']
['Magaru', 'Patra', 'Garu', 'Tarukaja', 'Garudyne']
['Garudyne', 'Garu', 'Re Patra', 'Magaru', 'Amrita']
['Garu', 'Magarudyne', 'Garudyne', 'Magaru', 'Tarukaja']
['Magaru', 'Re Patra', 'Garu', 'Magarudyne', 'Mediarama']
['Garu', 'Garudyne', 'Me Patra', 'Magaru', 'Media']
['Magaru', 'Me Patra', 'Posumudi', 'Garu', 'Mahama']
['Garu', 'Magaru', 'Magarudyne', 'Re Patra', 'Tarukaja']
['Garu', 'Re Patra', 'Magaru', 'Null Panic', 'Garudyne']
['Garudyne', 'Garu', 'Patra', 'Magaru', 'Me Patra']
['Garu', 'Counter', 'Magaru', 'Revolution', 'Growth 3']
['Garudyne', 'Garu', 'Revolution', 'Posumudi', 'Counter']
['Garu', 'Null Panic', 'Patra', 'Null Elec', 'Growth 3']
['Garudyne', 'Garu', 'Magaru', 'Patra', 'Null Elec']
['Tarukaja', 'Null Panic', 'Garu', 'Magarudyne', 'Garudyne']
['Garu', 'Garudyne', 'Magaru', 'Magarudyne', 'Tarukaja']
['Mahama', 'Garu', 'Garudyne', 'Null Panic', 'Magaru']
['Magaru', 'Garu', 'Magarudyne', 'Mediarama', 'Amrita']
['Magaru', 'Garudyne', 'Garu', 'Patra', 'Amrita']
['Mediarama', 'Patra', 'Garu', 'Magaru', 'Media']
['Garu', 'Magaru', 'Magarudyne', 'Growth 3', 'Patra']
['Garu', 'Magaru', 'Tarukaja', 'Patra', 'Hama']
['Garu', 'Garudyne', 'Magaru', 'Posumudi', 'Revolution']
['Null Elec', 'Garu', 'Counter', 'Growth 3', 'Garudyne']
['Media', 'Patra', 'Magaru', 'Garudyne', 'Re Patra']
['Counter', 'Garu', 'Magaru', 'Hama', 'Mahama']
['Magaru', 'Magarudyne', 'Garu', 'Patra', 'Null Elec']
['Cool Breeze', 'Garudyne', 'Growth 3', 'Null Elec', 'Magarudyne']
['Tarukaja', 'Garu', 'Magaru', 'Magarudyne', 'Re Patra']
['Garudyne', 'Magaru', 'Mahama', 'Garu', 'Tarukaja']
['Garu', 'Mahama', 'Magaru', 'Media', 'Tarukaja']
['Magaru', 'Patra', 'Garu', 'Magarudyne', 'Garudyne']
['Garu', 'Amrita', 'Magaru', 'Garudyne', 'Counter']
['Garu', 'Garudyne', 'Hama', 'Magarudyne', 'Magaru']
['Patra', 'Garu', 'Cool Breeze', 'Magarudyne', 'Magaru']
['Magarudyne', 'Tarukaja', 'Garu', 'Magaru', 'Garudyne']
['Magaru', 'Mahama', 'Patra', 'Counter', 'Me Patra']
['Garu', 'Posumudi', 'Magaru', 'Garudyne', 'Magarudyne']
['Tarukaja', 'Hama', 'Counter', 'Garu', 'Magaru']
['Zan-ei', 'Cool Breeze', 'Garu', 'Hama', 'Garudyne']
['Garu', 'Magaru', 'Magarudyne', 'Revolution', 'Re Patra']
['Revolution', 'Magaru', 'Garu', 'Patra', 'Counter']
['Magaru', 'Media', 'Garu', 'Magarudyne', 'Null Panic']
['Garu', 'Magaru', 'Amrita', 'Re Patra', 'Magarudyne']
['Magaru', 'Garu', 'Garudyne', 'Magarudyne', 'Patra']
['Magarudyne', 'Patra', 'Posumudi', 'Growth 3', 'Garu']
['Magaru', 'Re Patra', 'Garu', 'Patra', 'Revolution']
['Magarudyne', 'Magaru', 'Garu', 'Hama', 'Garudyne']
['Magaru', 'Garu', 'Media', 'Garudyne', 'Counter']
['Magaru', 'Garu', 'Magarudyne', 'Garudyne', 'Zan-ei']
['Garu', 'Cool Breeze', 'Mahama', 'Magarudyne', 'Garudyne']
['Garu', 'Magaru', 'Cool Breeze', 'Magarudyne', 'Null Panic']
['Garu', 'Magaru', 'Re Patra', 'Posumudi', 'Null Panic']
['Garudyne', 'Cool Breeze', 'Garu', 'Magaru', 'Re Patra']
['Magarudyne', 'Magaru', 'Garu', 'Patra', 'Garudyne']
['Me Patra', 'Magaru', 'Mediarama', 'Garudyne', 'Counter']
['Garu', 'Tarukaja', 'Me Patra', 'Mediarama', 'Hama']
['Magaru', 'Garu', 'Tarukaja', 'Posumudi', 'Counter']
['Garu', 'Posumudi', 'Magaru', 'Re Patra', 'Magarudyne']
['Garu', 'Magaru', 'Mahama', 'Magarudyne', 'Garudyne']
['Magaru', 'Garu', 'Growth 3', 'Patra', 'Magarudyne']
['Garu', 'Re Patra', 'Counter', 'Media', 'Hama']
['Garu', 'Patra', 'Counter', 'Magarudyne', 'Magaru']
['Garu', 'Posumudi', 'Hama', 'Garudyne', 'Magaru']
['Garu', 'Magarudyne', 'Revolution', 'Patra', 'Magaru']
['Garu', 'Patra', 'Cool Breeze', 'Magaru', 'Re Patra']
['Garu', 'Magarudyne', 'Patra', 'Magaru', 'Tarukaja']
['Magarudyne', 'Garu', 'Tarukaja', 'Garudyne', 'Magaru']
['Mahama', 'Hama', 'Garudyne', 'Patra', 'Magaru']
['Hama', 'Tarukaja', 'Magaru', 'Patra', 'Magarudyne']
['Patra', 'Magarudyne', 'Garu', 'Magaru', 'Null Elec']
['Garu', 'Magaru', 'Patra', 'Garudyne', 'Me Patra']
['Garu', 'Magaru', 'Patra', 'Counter', 'Mahama']
['Mahama', 'Re Patra', 'Magaru', 'Garu', 'Garudyne']
['Magaru', 'Patra', 'Garu', 'Counter', 'Magarudyne']
['Magaru', 'Garu', 'Tarukaja', 'Garudyne', 'Me Patra']
['Garu', 'Null Elec', 'Mahama', 'Counter', 'Garudyne']
['Counter', 'Amrita', 'Garu', 'Magaru', 'Tarukaja']
['Posumudi', 'Magaru', 'Garu', 'Magarudyne', 'Garudyne']
['Magaru', 'Counter', 'Patra', 'Garu', 'Revolution']
['Magarudyne', 'Tarukaja', 'Magaru', 'Garu', 'Mahama']
['Garu', 'Garudyne', 'Revolution', 'Posumudi', 'Magaru']
['Re Patra', 'Garu', 'Tarukaja', 'Garudyne', 'Magaru']
['Magarudyne', 'Hama', 'Garu', 'Magaru', 'Amrita']
['Garu', 'Revolution', 'Me Patra', 'Garudyne', 'Counter']
['Garu', 'Mahama', 'Growth 3', 'Magarudyne', 'Patra']
['Garu', 'Magarudyne', 'Patra', 'Magaru', 'Growth 3']
['Magaru', 'Garu', 'Media', 'Posumudi', 'Re Patra']
['Garu', 'Magaru', 'Magarudyne', 'Tarukaja', 'Me Patra']
['Magarudyne', 'Garu', 'Me Patra', 'Re Patra', 'Magaru']
['Patra', 'Posumudi', 'Tarukaja', 'Null Elec', 'Magarudyne']
['Magaru', 'Garu', 'Mahama', 'Garudyne', 'Patra']
['Garu', 'Garudyne', 'Magaru', 'Patra', 'Me Patra']
['Garudyne', 'Media', 'Garu', 'Hama', 'Counter']
['Magaru', 'Garudyne', 'Magarudyne', 'Null Panic', 'Garu']
['Garudyne', 'Magarudyne', 'Garu', 'Mahama', 'Tarukaja']
['Magaru', 'Patra', 'Posumudi', 'Garu', 'Me Patra']
['Re Patra', 'Garudyne', 'Magaru', 'Magarudyne', 'Posumudi']
['Garu', 'Media', 'Mediarama', 'Null Panic', 'Magaru']
['Me Patra', 'Magaru', 'Garudyne', 'Mediarama', 'Garu']
['Revolution', 'Magaru', 'Garu', 'Garudyne', 'Posumudi']
['Magaru', 'Patra', 'Cool Breeze', 'Garu', 'Magarudyne']
['Zan-ei', 'Garu', 'Magarudyne', 'Magaru', 'Media']
['Magaru', 'Garu', 'Garudyne', 'Tarukaja', 'Patra']
['Garu', 'Patra', 'Magaru', 'Garudyne', 'Mediarama']
['Me Patra', 'Garudyne', 'Garu', 'Magarudyne', 'Magaru']
['Garu', 'Magaru', 'Garudyne', 'Magarudyne', 'Media']
['Magarudyne', 'Garudyne', 'Growth 3', 'Revolution', 'Garu']
['Tarukaja', 'Garu', 'Null Panic', 'Magaru', 'Me Patra']
['Patra', 'Magarudyne', 'Revolution', 'Posumudi', 'Garu']
['Magarudyne', 'Magaru', 'Garu', 'Tarukaja', 'Patra']
['Tarukaja', 'Magaru', 'Posumudi', 'Garudyne', 'Garu']
['Garu', 'Media', 'Cool Breeze', 'Posumudi', 'Garudyne']
['Garu', 'Tarukaja', 'Magaru', 'Garudyne', 'Patra']
['Magaru', 'Null Panic', 'Magarudyne', 'Garu', 'Growth 3']
['Magaru', 'Tarukaja', 'Media', 'Hama', 'Posumudi']
['Magarudyne', 'Media', 'Garudyne', 'Garu', 'Mahama']
['Garu', 'Magaru', 'Null Elec', 'Patra', 'Counter']
['Magaru', 'Garu', 'Patra', 'Counter', 'Magarudyne']
['Growth 3', 'Patra', 'Mahama', 'Magaru', 'Counter']
['Garudyne', 'Magaru', 'Garu', 'Media', 'Re Patra']
['Cool Breeze', 'Magarudyne', 'Garu', 'Magaru', 'Mediarama']
['Magaru', 'Garu', 'Magarudyne', 'Mahama', 'Hama']
['Garu', 'Media', 'Magarudyne', 'Garudyne', 'Tarukaja']
['Cool Breeze', 'Patra', 'Garu', 'Magaru', 'Posumudi']
['Magarudyne', 'Mahama', 'Magaru', 'Tarukaja', 'Garu']
['Hama', 'Magaru', 'Garu', 'Magarudyne', 'Re Patra']
['Patra', 'Hama', 'Magarudyne', 'Garu', 'Amrita']
['Magaru', 'Magarudyne', 'Garu', 'Garudyne', 'Re Patra']
['Magaru', 'Garu', 'Patra', 'Garudyne', 'Magarudyne']
['Me Patra', 'Garudyne', 'Garu', 'Magaru', 'Counter']
['Null Panic', 'Garu', 'Magarudyne', 'Magaru', 'Posumudi']
['Garu', 'Revolution', 'Hama', 'Cool Breeze', 'Garudyne']
['Magaru', 'Garu', 'Mediarama', 'Mahama', 'Cool Breeze']
['Magaru', 'Media', 'Garu', 'Garudyne', 'Me Patra']
['Garu', 'Magaru', 'Tarukaja', 'Patra', 'Garudyne']
['Garu', 'Mediarama', 'Magaru', 'Null Elec', 'Garudyne']
['Garu', 'Patra', 'Magaru', 'Garudyne', 'Counter']
['Me Patra', 'Magaru', 'Garu', 'Patra', 'Magarudyne']
['Garudyne', 'Counter', 'Garu', 'Magaru', 'Amrita']
['Garu', 'Mediarama', 'Magaru', 'Garudyne', 'Null Elec']
['Garu', 'Magaru', 'Growth 3', 'Re Patra', 'Garudyne']
['Garu', 'Media', 'Magaru', 'Null Panic', 'Hama']
['Garu', 'Magaru', 'Media', 'Patra', 'Re Patra']
['Magaru', 'Garu', 'Revolution', 'Magarudyne', 'Patra']
['Magarudyne', 'Garu', 'Magaru', 'Tarukaja', 'Patra']
['Garu', 'Garudyne', 'Magaru', 'Re Patra', 'Mediarama']
['Mahama', 'Magaru', 'Counter', 'Garu', 'Media']
['Magaru', 'Garu', 'Media', 'Magarudyne', 'Null Panic']
['Garu', 'Magarudyne', 'Magaru', 'Garudyne', 'Tarukaja']
['Tarukaja', 'Me Patra', 'Garu', 'Null Elec', 'Garudyne']
['Garudyne', 'Hama', 'Magaru', 'Garu', 'Posumudi']
['Posumudi', 'Garu', 'Magarudyne', 'Re Patra', 'Magaru']
['Amrita', 'Posumudi', 'Patra', 'Re Patra', 'Garu']
['Garudyne', 'Garu', 'Posumudi', 'Revolution', 'Magaru']
['Magaru', 'Hama', 'Null Panic', 'Posumudi', 'Tarukaja']
['Garu', 'Magaru', 'Revolution', 'Growth 3', 'Media']
['Garu', 'Garudyne', 'Magaru', 'Hama', 'Tarukaja']
['Garu', 'Magaru', 'Hama', 'Patra', 'Counter']
['Re Patra', 'Garu', 'Garudyne', 'Media', 'Counter']
['Garu', 'Magaru', 'Posumudi', 'Tarukaja', 'Hama']
['Growth 3', 'Garu', 'Null Panic', 'Magaru', 'Cool Breeze']
['Tarukaja', 'Garu', 'Re Patra', 'Magaru', 'Growth 3']
['Magaru', 'Garudyne', 'Counter', 'Patra', 'Media']
['Garu', 'Magaru', 'Magarudyne', 'Re Patra', 'Garudyne']
['Garu', 'Media', 'Amrita', 'Tarukaja', 'Magaru']
['Mediarama', 'Magaru', 'Media', 'Growth 3', 'Garu']
['Magarudyne', 'Patra', 'Magaru', 'Re Patra', 'Garu']
['Garudyne', 'Magaru', 'Garu', 'Revolution', 'Posumudi']
['Garu', 'Hama', 'Magaru', 'Patra', 'Me Patra']
['Media', 'Garu', 'Garudyne', 'Magaru', 'Patra']
['Patra', 'Garu', 'Re Patra', 'Posumudi', 'Magaru']
['Garu', 'Re Patra', 'Magarudyne', 'Magaru', 'Me Patra']
['Growth 3', 'Magaru', 'Garu', 'Garudyne', 'Magarudyne']
['Magarudyne', 'Magaru', 'Garu', 'Counter', 'Posumudi']
['Amrita', 'Garu', 'Tarukaja', 'Magaru', 'Cool Breeze']
['Garu', 'Magaru', 'Posumudi', 'Amrita', 'Counter']
['Garu', 'Tarukaja', 'Magaru', 'Re Patra', 'Garudyne']
['Media', 'Magaru', 'Revolution', 'Amrita', 'Garu']
['Garu', 'Magaru', 'Mahama', 'Patra', 'Garudyne']
['Counter', 'Garudyne', 'Garu', 'Patra', 'Magarudyne']
['Magaru', 'Garudyne', 'Garu', 'Hama', 'Growth 3']
['Garu', 'Re Patra', 'Magaru', 'Mediarama', 'Garudyne']
['Counter', 'Magaru', 'Garu', 'Patra', 'Posumudi']
['Garu', 'Garudyne', 'Patra', 'Tarukaja', 'Magaru']
['Garu', 'Mediarama', 'Null Elec', 'Magarudyne', 'Magaru']
['Magarudyne', 'Posumudi', 'Null Elec', 'Magaru', 'Cool Breeze']
['Media', 'Garudyne', 'Magaru', 'Tarukaja', 'Garu']
['Garu', 'Hama', 'Magaru', 'Garudyne', 'Patra']
['Garudyne', 'Garu', 'Patra', 'Mediarama', 'Magaru']
['Magarudyne', 'Mahama', 'Magaru', 'Garu', 'Patra']
['Magaru', 'Garu', 'Tarukaja', 'Magarudyne', 'Patra']
['Garu', 'Mahama', 'Patra', 'Magaru', 'Growth 3']
['Magarudyne', 'Garu', 'Growth 3', 'Re Patra', 'Null Elec']
['Garu', 'Magaru', 'Growth 3', 'Hama', 'Me Patra']
['Magarudyne', 'Magaru', 'Garu', 'Posumudi', 'Patra']
['Magaru', 'Tarukaja', 'Amrita', 'Magarudyne', 'Counter']
['Garu', 'Magaru', 'Garudyne', 'Patra', 'Posumudi']
['Garu', 'Hama', 'Posumudi', 'Re Patra', 'Magaru']
['Mediarama', 'Garu', 'Revolution', 'Growth 3', 'Magaru']
['Magarudyne', 'Re Patra', 'Tarukaja', 'Garu', 'Media']
['Magaru', 'Garu', 'Patra', 'Null Elec', 'Tarukaja']
['Magaru', 'Patra', 'Garu', 'Cool Breeze', 'Growth 3']
['Magaru', 'Garu', 'Revolution', 'Growth 3', 'Me Patra']
['Garu', 'Hama', 'Tarukaja', 'Counter', 'Me Patra']
['Amrita', 'Magaru', 'Posumudi', 'Tarukaja', 'Revolution']
['Garu', 'Patra', 'Magaru', 'Garudyne', 'Magarudyne']
['Garudyne', 'Magaru', 'Counter', 'Mahama', 'Garu']
['Garu', 'Revolution', 'Null Panic', 'Garudyne', 'Patra']
['Me Patra', 'Mediarama', 'Magaru', 'Null Elec', 'Garu']
['Garudyne', 'Magarudyne', 'Garu', 'Magaru', 'Tarukaja']
['Garu', 'Magarudyne', 'Magaru', 'Amrita', 'Garudyne']
['Magaru', 'Posumudi', 'Garu', 'Tarukaja', 'Garudyne']
['Counter', 'Magaru', 'Garu', 'Tarukaja', 'Amrita']
['Garudyne', 'Magaru', 'Garu', 'Magarudyne', 'Growth 3']
['Re Patra', 'Garudyne', 'Magarudyne', 'Garu', 'Tarukaja']
['Magaru', 'Tarukaja', 'Patra', 'Media', 'Garu']
