INFO:root:['Stagnant Air' 'Auto-Tarukaja' 'Growth 2' 'Wind Amp' '1hSwd Master'
 'Auto-Tarukaja' 'Growth 2' 'Unshaken Will']
INFO:root:['Growth 3' 'Akasha Arts' 'Akasha Arts' '1hSwd Master' 'Auto-Tarukaja'
 'Enduring Soul' 'Victory Cry' 'Stagnant Air']
INFO:root:['Growth 3' 'Unshaken Will' 'Tempest Slash' 'Auto-Tarukaja' 'Auto-Mataru'
 'Enduring Soul' 'Enduring Soul' 'Wind Amp']
INFO:root:['Unshaken Will' 'Growth 3' 'Growth 2' 'Growth 2' 'Auto-Tarukaja'
 'Enduring Soul' 'Primal Force' 'Wind Boost']
INFO:root:['Stagnant Air' 'Primal Force' 'Growth 2' 'Primal Force' 'Auto-Tarukaja'
 'Garula' 'Unshaken Will' 'Wind Boost']
INFO:root:['Growth 3' 'Growth 2' 'Wind Amp' 'Wind Amp' 'Victory Cry' 'Auto-Tarukaja'
 'Enduring Soul' 'Enduring Soul']
INFO:root:['Growth 3' 'Akasha Arts' '1hSwd Master' 'Wind Amp' 'Growth 2'
 '1hSwd Master' 'Panta Rhei' 'Stagnant Air']
INFO:root:['Akasha Arts' 'Growth 2' 'Growth 2' 'Tempest Slash' 'Auto-Sukukaja'
 'Poison Arrow' 'Wind Amp' 'Mind Charge']
INFO:root:['Akasha Arts' 'Growth 2' 'Apt Pupil' 'Tempest Slash' 'Megidola' 'Garula'
 'Growth 2' 'Poison Arrow']
INFO:root:['Apt Pupil' '1hSwd Master' 'Victory Cry' 'Growth 2' 'Primal Force'
 '1hSwd Master' 'Growth 2' 'Wind Boost']
INFO:root:['Growth 2' 'Growth 2' 'Growth 2' 'Auto-Tarukaja' 'Victory Cry'
 'Enduring Soul' 'Garula' 'Megidolaon']
INFO:root:['Megidolaon' 'Apt Pupil' 'Unshaken Will' 'Wind Amp' 'Apt Pupil'
 'Wind Amp' 'Poison Arrow' 'Wind Boost']
INFO:root:['Akasha Arts' 'Regenerate 3' 'Auto-Tarukaja' 'Tetrakarn' 'Victory Cry'
 'Auto-Sukukaja' 'Growth 3' 'Growth 2']
INFO:root:['Growth 2' 'Auto-Tarukaja' 'Wind Amp' 'Apt Pupil' 'Unshaken Will'
 'Victory Cry' 'Stagnant Air' 'Akasha Arts']
INFO:root:['Growth 2' 'Growth 2' 'Auto-Tarukaja' 'Wind Amp' 'Growth 2' 'Growth 2'
 'Unshaken Will' 'Growth 2']
INFO:root:['Akasha Arts' 'Unshaken Will' 'Akasha Arts' 'Growth 3' 'Growth 2'
 'Auto-Tarukaja' 'Wind Amp' 'Salvation']
INFO:root:['Auto-Sukukaja' 'Megidola' 'Stagnant Air' 'Growth 3' 'Growth 2'
 'Poison Arrow' 'Enduring Soul' 'Stagnant Air']
INFO:root:['Unshaken Will' 'Unshaken Will' 'Wind Amp' 'Wind Boost' 'Ghastly Wail'
 'Primal Force' 'Enduring Soul' 'Victory Cry']
INFO:root:['Apt Pupil' 'Victory Cry' 'Evade Wind' 'Growth 3' 'Wind Amp' 'Growth 2'
 'Stagnant Air' 'Auto-Tarukaja']
INFO:root:['Growth 2' 'Unshaken Will' '1hSwd Master' 'Apt Pupil' 'Ghastly Wail'
 'Primal Force' '1hSwd Master' "God's Hand"]
INFO:root:['Akasha Arts' 'Unshaken Will' '1hSwd Master' 'Unshaken Will' 'Growth 2'
 'Enduring Soul' 'Primal Force' 'Akasha Arts']
INFO:root:['Unshaken Will' 'Megidolaon' 'Akasha Arts' 'Wind Amp' '1hSwd Master'
 'Garula' 'Wind Boost' 'Stagnant Air']
INFO:root:['Growth 2' 'Megidola' 'Growth 2' 'Growth 3' 'Wind Amp' 'Akasha Arts'
 'Primal Force' 'Enduring Soul']
INFO:root:['Poison Arrow' 'Unshaken Will' 'Stagnant Air' 'Wind Amp' 'Ghastly Wail'
 'Poison Arrow' 'Stagnant Air' 'Wind Boost']
INFO:root:['Stagnant Air' 'Akasha Arts' 'Wind Amp' 'Auto-Tarukaja' 'Growth 2'
 'Auto-Sukukaja' 'Growth 2' 'Regenerate 3']
INFO:root:['Megidola' '1hSwd Master' 'Unshaken Will' 'Victory Cry' 'Unshaken Will'
 'Stagnant Air' 'Auto-Tarukaja' 'Stagnant Air']
INFO:root:['Stagnant Air' '1hSwd Master' 'Wind Amp' 'Victory Cry' 'Auto-Mataru'
 'Wind Amp' 'Garula' 'Akasha Arts']
INFO:root:['Akasha Arts' 'Stagnant Air' 'Growth 2' 'Poison Arrow' 'Salvation'
 'Enduring Soul' 'Wind Amp' 'Stagnant Air']
INFO:root:['Akasha Arts' 'Growth 3' 'Primal Force' 'Wind Amp' 'Ghastly Wail'
 'Victory Cry' 'Growth 2' 'Wind Amp']
INFO:root:['Growth 2' 'Auto-Tarukaja' 'Apt Pupil' 'Wind Amp' 'Poison Arrow'
 'Panta Rhei' 'Primal Force' 'Auto-Tarukaja']
INFO:root:['Growth 3' 'Auto-Tarukaja' 'Growth 2' 'Wind Amp' 'Ghastly Wail'
 'Auto-Sukukaja' 'Growth 3' 'Salvation']
INFO:root:['Stagnant Air' 'Auto-Tarukaja' 'Growth 2' 'Wind Amp' 'Auto-Tarukaja'
 'Akasha Arts' 'Growth 2' 'Stagnant Air']
INFO:root:['Akasha Arts' 'Regenerate 3' 'Unshaken Will' 'Tempest Slash'
 'Primal Force' 'Stagnant Air' 'Auto-Sukukaja' 'Regenerate 3']
INFO:root:['Wind Boost' 'Growth 2' 'Evade Wind' 'Poison Arrow' 'Auto-Tarukaja'
 'Victory Cry' 'Apt Pupil' 'Enduring Soul']
INFO:root:['Megidolaon' 'Unshaken Will' 'Unshaken Will' 'Tetrakarn' 'Unshaken Will'
 'Garula' 'Apt Pupil' 'Mind Charge']
INFO:root:['Stagnant Air' 'Unshaken Will' 'Growth 3' 'Regenerate 3' 'Auto-Tarukaja'
 'Megidola' 'Enduring Soul' 'Apt Pupil']
INFO:root:['Akasha Arts' 'Growth 2' 'Growth 2' 'Growth 3' 'Wind Amp' 'Unshaken Will'
 'Auto-Tarukaja' 'Unshaken Will']
INFO:root:['1hSwd Master' 'Akasha Arts' 'Growth 2' 'Wind Amp' 'Unshaken Will'
 'Victory Cry' 'Primal Force' 'Unshaken Will']
INFO:root:['Akasha Arts' 'Stagnant Air' 'Apt Pupil' 'Tempest Slash' 'Auto-Tarukaja'
 'Enduring Soul' 'Growth 3' 'Auto-Tarukaja']
INFO:root:['Apt Pupil' 'Spell Master' 'Growth 2' 'Stagnant Air' 'Enduring Soul'
 'Auto-Tarukaja' 'Growth 2' 'Poison Arrow']
INFO:root:['Poison Arrow' 'Auto-Tarukaja' 'Akasha Arts' 'Akasha Arts'
 'Unshaken Will' 'Victory Cry' 'Growth 2' 'Wind Boost']
INFO:root:['Unshaken Will' 'Auto-Tarukaja' 'Wind Amp' 'Apt Pupil' 'Poison Arrow'
 'Enduring Soul' 'Growth 2' 'Regenerate 3']
INFO:root:['Apt Pupil' 'Unshaken Will' 'Akasha Arts' 'Growth 3' 'Growth 3'
 'Stagnant Air' 'Growth 2' 'Growth 2']
INFO:root:['Auto-Tarukaja', 'Wind Boost', 'Megidola', 'Mind Charge', 'Akasha Arts', 'Wind Amp', 'Tetrakarn', 'Mahamaon']
INFO:root:3 desired skills found
INFO:root:['Zionga', 'Zionga', 'Zionga', 'Zionga', 'Zionga', 'Zionga', 'Zionga', 'Zionga']
INFO:root:['Auto-Mataru', 'Auto-Tarukaja', 'Salvation', 'Spell Master', 'Wind Boost', 'Growth 2', 'Absorb Pierce', '2hSwd Master']
INFO:root:3 desired skills found
INFO:root:['Growth 2', 'Ghastly Wail', 'Invigorate 3', 'Mahamaon', 'Absorb Slash', 'Victory Cry', 'Primal Force', 'Megidolaon']
INFO:root:['Tetrakarn', 'Mind Charge', 'Wind Boost', 'Absorb Strike', 'Wind Amp', 'Stagnant Air', 'Growth 3', 'Panta Rhei']
INFO:root:4 desired skills found
INFO:root:['Salvation', 'Regenerate 3', 'Wind Amp', 'Morning Star', 'Evade Wind', 'Auto-Sukukaja', 'Primal Force', 'Garula']
INFO:root:2 desired skills found
INFO:root:['Panta Rhei', 'Growth 2', 'Morning Star', 'Auto-Tarukaja', 'Stagnant Air', 'Unshaken Will', 'Auto-Sukukaja', 'Apt Pupil']
INFO:root:2 desired skills found
INFO:root:['Victory Cry', 'High Counter', 'Absorb Pierce', 'Garula', 'Auto-Tarukaja', 'Tetrakarn', 'Akasha Arts', 'Poison Arrow']
INFO:root:1 desired skills found
INFO:root:['Auto-Tarukaja', '2hSwd Master', 'Regenerate 3', 'Mahamaon', 'Growth 3', 'Ghastly Wail', 'Tempest Slash', 'Apt Pupil']
INFO:root:['Enduring Soul', 'Absorb Pierce', 'Growth 3', 'Primal Force', 'Garula', 'Mind Charge', 'Stagnant Air', 'Unshaken Will']
INFO:root:2 desired skills found
INFO:root:['Growth 3', 'Wind Boost', 'Garula', 'Regenerate 3', 'Auto-Tarukaja', 'Auto-Sukukaja', 'Stagnant Air', 'Megidolaon']
INFO:root:1 desired skills found
INFO:root:['Growth 3', 'Wind Boost', 'Garula', 'Regenerate 3', 'Auto-Tarukaja', 'Auto-Sukukaja', 'Stagnant Air', 'Megidolaon']
INFO:root:1 desired skills found
INFO:root:['Wind Boost', 'Megidola', 'Auto-Sukukaja', 'Garula', 'Stagnant Air', 'Regenerate 3', 'Absorb Slash', 'Mahamaon']
INFO:root:1 desired skills found
INFO:root:['Auto-Tarukaja', 'Wind Boost', 'Auto-Sukukaja', 'Ghastly Wail', 'Tempest Slash', 'Growth 2', 'Garula', 'High Counter']
INFO:root:2 desired skills found
INFO:root:['Evade Wind', 'Growth 3', 'Mind Charge', 'Absorb Slash', "God's Hand", 'Tetrakarn', 'Absorb Strike', 'Garula']
INFO:root:1 desired skills found
INFO:root:['Auto-Tarukaja', 'Ghastly Wail', 'Growth 2', 'Poison Arrow', 'Absorb Slash', '2hSwd Master', 'Invigorate 3', 'Tempest Slash']
INFO:root:['Akasha Arts', 'Wind Amp', 'Growth 2', 'Evade Wind', 'Mind Charge', 'Poison Arrow', 'Tetrakarn', '2hSwd Master']
INFO:root:2 desired skills found
INFO:root:['Poison Arrow', 'Wind Boost', 'Mind Charge', 'Growth 2', 'Stagnant Air', 'Auto-Tarukaja', 'Unshaken Will', 'Auto-Sukukaja']
INFO:root:3 desired skills found
INFO:root:['Wind Amp', 'Growth 3', 'Auto-Sukukaja', 'Tempest Slash', 'Absorb Slash', 'Growth 2', 'Stagnant Air', 'Primal Force']
INFO:root:1 desired skills found
INFO:root:['Absorb Strike', 'Stagnant Air', 'Tetrakarn', 'Mahamaon', 'Wind Boost', 'Growth 3', 'Auto-Mataru', 'Apt Pupil']
INFO:root:1 desired skills found
INFO:root:['Auto-Mataru', 'Wind Boost', 'Primal Force', 'High Counter', 'Akasha Arts', 'Growth 2', 'Morning Star', 'Garula']
INFO:root:2 desired skills found
INFO:root:['Mind Charge', 'Poison Arrow', 'Stagnant Air', '2hSwd Master', 'Auto-Tarukaja', 'Garula', 'Apt Pupil', 'Tempest Slash']
INFO:root:1 desired skills found
INFO:root:['Evade Wind', 'Tetrakarn', 'Garula', 'Wind Boost', 'Panta Rhei', 'Mahamaon', 'Victory Cry', 'Ghastly Wail']
INFO:root:2 desired skills found
INFO:root:['Invigorate 3', 'Growth 2', 'Auto-Tarukaja', 'Auto-Sukukaja', 'Poison Arrow', 'Mind Charge', 'Apt Pupil', 'Wind Boost']
INFO:root:2 desired skills found
INFO:root:['1hSwd Master', 'Regenerate 3', 'Auto-Tarukaja', 'Poison Arrow', 'Morning Star', 'Growth 2', 'Tetrakarn', 'Tempest Slash']
INFO:root:['Wind Amp', 'Absorb Slash', 'Mind Charge', 'Wind Boost', 'Poison Arrow', 'Garula', 'Mahamaon', 'Tempest Slash']
INFO:root:3 desired skills found
INFO:root:['High Counter', 'Primal Force', 'Tetrakarn', 'Stagnant Air', 'Auto-Sukukaja', 'Growth 3', 'Wind Boost', 'Megidolaon']
INFO:root:2 desired skills found
INFO:root:['Wind Boost', 'Tempest Slash', 'Auto-Tarukaja', 'Garula', 'Absorb Slash', 'Growth 3', 'Unshaken Will', 'Stagnant Air']
INFO:root:2 desired skills found
INFO:root:['Garula', 'Wind Boost', 'Auto-Sukukaja', 'Auto-Tarukaja', 'Growth 2', 'Megidolaon', 'Apt Pupil', 'High Counter']
INFO:root:2 desired skills found
INFO:root:['Auto-Tarukaja', 'Garula', 'Salvation', 'Primal Force', 'Absorb Slash', 'Stagnant Air', 'Victory Cry', 'Panta Rhei']
INFO:root:2 desired skills found
INFO:root:['Garula', '2hSwd Master', 'Evade Wind', 'Auto-Sukukaja', 'Wind Boost', 'Victory Cry', 'Stagnant Air', 'Absorb Slash']
INFO:root:1 desired skills found
INFO:root:['Invigorate 3', 'Auto-Sukukaja', 'Megidola', 'Stagnant Air', 'Garula', 'Auto-Tarukaja', 'Absorb Strike', 'Growth 3']
INFO:root:['Growth 3', 'Primal Force', 'Tetrakarn', 'Absorb Strike', 'Evade Wind', 'Tempest Slash', 'Akasha Arts', 'Wind Boost']
INFO:root:1 desired skills found
INFO:root:['1hSwd Master', 'Apt Pupil', 'High Counter', 'Wind Amp', 'Victory Cry', 'Garula', 'Growth 2', 'Tempest Slash']
INFO:root:2 desired skills found
INFO:root:['Mahamaon', 'Auto-Tarukaja', 'Auto-Sukukaja', 'Megidolaon', 'Wind Boost', 'Stagnant Air', 'Poison Arrow', 'Enduring Soul']
INFO:root:1 desired skills found
INFO:root:['Regenerate 3', 'Tempest Slash', 'Tetrakarn', 'Growth 2', 'Megidolaon', 'Growth 3', '2hSwd Master', 'Unshaken Will']
INFO:root:1 desired skills found
INFO:root:['Growth 3', 'Apt Pupil', 'Panta Rhei', 'High Counter', 'Auto-Tarukaja', 'Akasha Arts', 'Unshaken Will', 'Wind Amp']
INFO:root:4 desired skills found
INFO:root:['Auto-Sukukaja', 'Tempest Slash', 'Auto-Tarukaja', 'Wind Boost', 'Regenerate 3', 'Growth 2', 'Stagnant Air', 'Apt Pupil']
INFO:root:1 desired skills found
INFO:root:['Evade Wind', 'Apt Pupil', 'Growth 3', 'Growth 2', 'Morning Star', 'Akasha Arts', 'Invigorate 3', 'Regenerate 3']
INFO:root:['Wind Boost', 'Garula', 'Auto-Sukukaja', 'Absorb Slash', 'Akasha Arts', 'Growth 2', 'Enduring Soul', 'Evade Wind']
INFO:root:1 desired skills found
INFO:root:['Stagnant Air', 'Auto-Sukukaja', 'Evade Wind', 'Panta Rhei', 'Megidola', 'Absorb Pierce', 'Spell Master', 'Growth 2']
INFO:root:2 desired skills found
INFO:root:['Ghastly Wail', 'Spell Master', 'Wind Amp', 'Megidolaon', 'Megidola', 'Mahamaon', 'Mind Charge', 'Morning Star']
INFO:root:3 desired skills found
INFO:root:['Mahamaon', 'Ghastly Wail', 'Auto-Tarukaja', 'Stagnant Air', 'Auto-Mataru', 'Garula', 'High Counter', 'Wind Boost']
INFO:root:2 desired skills found
INFO:root:['Absorb Pierce', 'Evade Wind', 'Spell Master', 'Poison Arrow', 'Megidolaon', 'Wind Boost', 'Salvation', 'Auto-Mataru']
INFO:root:3 desired skills found
INFO:root:['High Counter', 'Poison Arrow', 'Wind Boost', 'Auto-Tarukaja', 'Growth 2', 'Auto-Sukukaja', 'Morning Star', 'Absorb Strike']
INFO:root:2 desired skills found
INFO:root:['Megidola', 'Stagnant Air', 'Unshaken Will', '2hSwd Master', 'Growth 3', 'Wind Amp', 'Primal Force', 'Poison Arrow']
INFO:root:2 desired skills found
INFO:root:['Morning Star', 'Stagnant Air', 'Mahamaon', 'Primal Force', 'Absorb Pierce', '2hSwd Master', 'High Counter', 'Panta Rhei']
INFO:root:2 desired skills found
INFO:root:['Growth 3', 'Tempest Slash', 'Absorb Slash', 'Megidola', 'Unshaken Will', 'Mahamaon', 'Growth 2', 'Evade Wind']
INFO:root:1 desired skills found
INFO:root:['Regenerate 3', 'Invigorate 3', 'Absorb Pierce', '2hSwd Master', 'Auto-Tarukaja', 'Apt Pupil', 'Ghastly Wail', 'Spell Master']
INFO:root:1 desired skills found
INFO:root:['Auto-Tarukaja', 'Tetrakarn', 'Poison Arrow', 'Mahamaon', 'Regenerate 3', 'Wind Boost', 'Apt Pupil', 'Garula']
INFO:root:1 desired skills found
INFO:root:['Garula', 'Absorb Slash', 'High Counter', 'Evade Wind', 'Victory Cry', 'Wind Boost', '2hSwd Master', 'Auto-Tarukaja']
INFO:root:2 desired skills found
INFO:root:['Apt Pupil', 'Auto-Sukukaja', 'Mind Charge', 'Stagnant Air', 'Garula', 'Wind Amp', 'Victory Cry', '2hSwd Master']
INFO:root:2 desired skills found
INFO:root:['Megidolaon', 'Wind Boost', 'Tempest Slash', 'Wind Amp', 'Tetrakarn', 'Garula', 'High Counter', 'Absorb Slash']
INFO:root:3 desired skills found
INFO:root:['Regenerate 3', 'Akasha Arts', 'Unshaken Will', 'Growth 2', "God's Hand", 'Auto-Tarukaja', 'Wind Boost', '2hSwd Master']
INFO:root:2 desired skills found
INFO:root:['High Counter', 'Salvation', 'Auto-Tarukaja', 'Auto-Sukukaja', 'Evade Wind', 'Spell Master', 'Mind Charge', 'Garula']
INFO:root:4 desired skills found
INFO:root:['Garula', 'Regenerate 3', 'Victory Cry', 'Ghastly Wail', 'Auto-Sukukaja', 'Wind Boost', 'Evade Wind', 'Auto-Mataru']
INFO:root:1 desired skills found
INFO:root:['1hSwd Master', 'Mahamaon', 'Tempest Slash', 'Evade Wind', 'Auto-Mataru', 'Enduring Soul', 'Wind Boost', 'Invigorate 3']
INFO:root:1 desired skills found
INFO:root:['1hSwd Master', 'Growth 2', 'High Counter', 'Auto-Tarukaja', 'Evade Wind', 'Poison Arrow', 'Wind Boost', 'Salvation']
INFO:root:3 desired skills found
INFO:root:['Megidolaon', 'Absorb Pierce', 'Wind Amp', '2hSwd Master', 'Tempest Slash', 'Salvation', 'Absorb Slash', 'Primal Force']
INFO:root:2 desired skills found
INFO:root:['Invigorate 3', 'Victory Cry', 'Regenerate 3', 'Auto-Tarukaja', 'Growth 3', 'Garula', 'Evade Wind', 'Absorb Slash']
INFO:root:["God's Hand", 'Invigorate 3', 'Growth 3', 'Auto-Tarukaja', 'Panta Rhei', 'Growth 2', 'Wind Boost', 'Unshaken Will']
INFO:root:3 desired skills found
INFO:root:['Regenerate 3', 'Wind Amp', 'Morning Star', 'Growth 3', 'Evade Wind', 'Auto-Sukukaja', 'Ghastly Wail', 'Stagnant Air']
INFO:root:1 desired skills found
INFO:root:['Tetrakarn', 'Auto-Sukukaja', 'Wind Boost', 'Apt Pupil', 'Auto-Tarukaja', 'Salvation', 'Regenerate 3', 'Enduring Soul']
INFO:root:2 desired skills found
INFO:root:['Akasha Arts', 'High Counter', 'Evade Wind', 'Stagnant Air', 'Absorb Strike', 'Primal Force', 'Tetrakarn', 'Wind Boost']
INFO:root:2 desired skills found
INFO:root:['Growth 2', 'Tempest Slash', 'Absorb Pierce', 'Evade Wind', 'Wind Boost', 'Growth 3', 'Victory Cry', 'Megidolaon']
INFO:root:1 desired skills found
INFO:root:['Spell Master', 'High Counter', 'Absorb Slash', 'Wind Amp', "God's Hand", 'Stagnant Air', 'Evade Wind', 'Auto-Tarukaja']
INFO:root:3 desired skills found
INFO:root:['Wind Boost', 'Wind Amp', "God's Hand", 'Garula', 'Megidola', 'Primal Force', 'Auto-Sukukaja', 'Victory Cry']
INFO:root:2 desired skills found
INFO:root:['Tempest Slash', 'Regenerate 3', 'Garula', 'Auto-Sukukaja', 'Ghastly Wail', 'Growth 2', 'Mind Charge', 'Panta Rhei']
INFO:root:2 desired skills found
INFO:root:['Absorb Strike', 'Wind Amp', 'Mahamaon', 'Akasha Arts', 'Poison Arrow', '2hSwd Master', 'High Counter', 'Garula']
INFO:root:2 desired skills found
INFO:root:['Auto-Sukukaja', 'Absorb Pierce', 'Wind Boost', 'Evade Wind', 'Akasha Arts', 'Stagnant Air', 'Mind Charge', 'Mahamaon']
INFO:root:2 desired skills found
INFO:root:['Megidola', 'Wind Boost', 'Auto-Tarukaja', 'Wind Amp', 'Stagnant Air', 'Mahamaon', 'Victory Cry', 'Growth 2']
INFO:root:2 desired skills found
INFO:root:['Wind Boost', 'Tetrakarn', 'Auto-Tarukaja', 'Invigorate 3', 'Garula', 'Growth 2', 'Ghastly Wail', 'Auto-Sukukaja']
INFO:root:1 desired skills found
INFO:root:['Invigorate 3', 'Evade Wind', 'Auto-Tarukaja', 'Poison Arrow', 'Spell Master', 'Growth 2', 'Absorb Pierce', 'Wind Amp']
INFO:root:2 desired skills found
INFO:root:['Enduring Soul', 'Wind Boost', 'Evade Wind', 'Garula', 'Panta Rhei', 'Mind Charge', 'Mahamaon', 'Auto-Sukukaja']
INFO:root:3 desired skills found
INFO:root:['Mahamaon', 'Growth 2', 'Absorb Strike', 'Auto-Tarukaja', 'Tetrakarn', 'Evade Wind', 'High Counter', 'Garula']
INFO:root:1 desired skills found
INFO:root:['High Counter', 'Unshaken Will', 'Megidola', 'Absorb Pierce', 'Absorb Strike', 'Growth 3', 'Poison Arrow', 'Stagnant Air']
INFO:root:2 desired skills found
INFO:root:['Poison Arrow', 'Wind Amp', 'Stagnant Air', 'Tempest Slash', 'Megidola', 'Auto-Tarukaja', 'Wind Boost', 'Mahamaon']
INFO:root:2 desired skills found
INFO:root:['Wind Amp', 'Salvation', 'Stagnant Air', 'Growth 3', 'Apt Pupil', 'Wind Boost', 'Invigorate 3', 'Ghastly Wail']
INFO:root:3 desired skills found
INFO:root:['Auto-Tarukaja', 'Unshaken Will', 'Stagnant Air', 'Megidola', 'Auto-Sukukaja', 'Invigorate 3', 'Poison Arrow', 'Apt Pupil']
INFO:root:1 desired skills found
INFO:root:['Salvation', 'Auto-Sukukaja', 'Wind Amp', 'Stagnant Air', 'Growth 3', 'Primal Force', 'Enduring Soul', 'Absorb Slash']
INFO:root:2 desired skills found
INFO:root:['Poison Arrow', 'Wind Boost', 'Primal Force', 'Spell Master', 'Evade Wind', 'Auto-Sukukaja', 'Garula', 'Salvation']
INFO:root:3 desired skills found
INFO:root:['Auto-Sukukaja', 'Salvation', 'Poison Arrow', 'Mind Charge', '2hSwd Master', 'Wind Boost', 'Regenerate 3', 'Growth 3']
INFO:root:3 desired skills found
INFO:root:['Apt Pupil', 'Mahamaon', 'Megidola', 'Auto-Sukukaja', 'Stagnant Air', 'Panta Rhei', 'Enduring Soul', 'Ghastly Wail']
INFO:root:1 desired skills found
INFO:root:['Poison Arrow', 'Primal Force', 'Salvation', 'Wind Boost', 'Garula', 'Auto-Tarukaja', 'Wind Amp', 'Evade Wind']
INFO:root:3 desired skills found
INFO:root:['Poison Arrow', 'Primal Force', 'Salvation', 'Wind Boost', 'Garula', 'Auto-Tarukaja', 'Wind Amp', 'Evade Wind']
INFO:root:['Stagnant Air', 'Wind Boost', 'Absorb Pierce', 'Megidola', 'Growth 2', 'Auto-Sukukaja', 'Morning Star', 'Invigorate 3']
INFO:root:['Wind Amp', 'Mind Charge', 'Growth 2', 'Absorb Pierce', 'Victory Cry', 'Stagnant Air', 'Auto-Mataru', 'Garula']
INFO:root:['Akasha Arts', 'Stagnant Air', 'Wind Amp', 'Salvation', 'Primal Force', 'Auto-Mataru', 'Wind Boost', 'Evade Wind']
INFO:root:['Auto-Mataru', 'Regenerate 3', 'Auto-Sukukaja', 'Wind Amp', 'Mahamaon', 'Tetrakarn', 'Growth 2', 'Salvation']
INFO:root:['Auto-Sukukaja', 'Mahamaon', 'Poison Arrow', 'Absorb Slash', 'Stagnant Air', 'Absorb Strike', 'Megidolaon', 'High Counter']
INFO:root:['Enduring Soul', 'Growth 2', 'Auto-Sukukaja', '1hSwd Master', 'Auto-Tarukaja', 'Megidola', 'Wind Amp', 'Poison Arrow']
INFO:root:['Wind Boost', 'Auto-Mataru', 'Growth 3', 'Evade Wind', 'Poison Arrow', 'Stagnant Air', 'Absorb Strike', 'Ghastly Wail']
INFO:root:['Growth 3', 'Wind Boost', 'Garula', 'Growth 2', 'Akasha Arts', 'Salvation', 'Absorb Slash', 'Wind Amp']
INFO:root:['Growth 2', 'Salvation', 'Tempest Slash', 'Primal Force', 'Absorb Strike', 'Regenerate 3', 'Wind Amp', 'Absorb Slash']
INFO:root:['Growth 2', 'Salvation', 'Tempest Slash', 'Primal Force', 'Absorb Strike', 'Regenerate 3', 'Wind Amp', 'Absorb Slash']
INFO:root:['Wind Boost', 'Mahamaon', 'Auto-Sukukaja', 'High Counter', 'Garula', 'Akasha Arts', 'Growth 2', 'Megidola']
INFO:root:['Invigorate 3', 'Mind Charge', 'Garula', 'Auto-Sukukaja', 'Megidola', 'Morning Star', 'Growth 2', 'Growth 3']
INFO:root:['Poison Arrow', 'Tetrakarn', 'Panta Rhei', 'Wind Boost', 'High Counter', "God's Hand", 'Evade Wind', 'Mind Charge']
INFO:root:['Growth 2', 'Ghastly Wail', 'Auto-Tarukaja', 'Mind Charge', 'Stagnant Air', 'Garula', '2hSwd Master', 'Primal Force']
INFO:root:['Garula', 'Auto-Sukukaja', 'Tempest Slash', 'Evade Wind', 'Regenerate 3', 'Primal Force', 'Absorb Strike', 'High Counter']
INFO:root:['Growth 3', 'Tetrakarn', 'Invigorate 3', 'Panta Rhei', 'Mahamaon', 'Poison Arrow', 'Auto-Mataru', 'Akasha Arts']
INFO:root:['Poison Arrow', 'Auto-Mataru', 'Absorb Strike', 'Auto-Sukukaja', 'Wind Boost', 'Panta Rhei', 'Absorb Pierce', 'Regenerate 3']
INFO:root:['Primal Force', 'Tetrakarn', 'Growth 2', 'Mahamaon', 'Growth 3', 'Spell Master', 'Akasha Arts', 'Regenerate 3']
INFO:root:['Wind Boost', 'Regenerate 3', 'Poison Arrow', 'Megidola', 'Panta Rhei', 'Wind Amp', 'Victory Cry', 'Evade Wind']
INFO:root:['1hSwd Master', 'Growth 3', 'Stagnant Air', 'Salvation', 'Wind Amp', 'Auto-Tarukaja', 'Wind Boost', 'Auto-Sukukaja']
INFO:root:['Panta Rhei', '2hSwd Master', 'Auto-Tarukaja', 'Absorb Slash', 'Mahamaon', 'Auto-Sukukaja', 'Mind Charge', 'Garula']
INFO:root:['Invigorate 3', 'Wind Boost', 'Wind Amp', 'Ghastly Wail', 'Mind Charge', 'Evade Wind', 'Apt Pupil', 'Tetrakarn']
INFO:root:['Auto-Tarukaja', 'Primal Force', 'Wind Amp', 'Unshaken Will', 'High Counter', 'Wind Boost', 'Regenerate 3', 'Stagnant Air']
INFO:root:['Auto-Tarukaja', 'Growth 3', 'Tetrakarn', 'Enduring Soul', 'Growth 2', 'Mahamaon', 'Wind Boost', 'Megidola']
INFO:root:['Absorb Pierce', 'Regenerate 3', 'Garula', 'Apt Pupil', 'Auto-Sukukaja', 'Growth 2', 'Wind Boost', 'Mind Charge']
INFO:root:['Wind Amp', 'Stagnant Air', 'Auto-Sukukaja', 'Garula', 'Megidola', 'Invigorate 3', 'Growth 3', 'Growth 2']
INFO:root:['Wind Boost', 'Tetrakarn', 'Mind Charge', '2hSwd Master', 'Evade Wind', 'Regenerate 3', 'Wind Amp', 'High Counter']
INFO:root:['Wind Boost', 'Wind Amp', 'Stagnant Air', 'Tempest Slash', 'Mind Charge', 'Auto-Mataru', 'Poison Arrow', '2hSwd Master']
INFO:root:['Evade Wind', 'Victory Cry', 'Stagnant Air', 'Auto-Sukukaja', 'Regenerate 3', 'Megidola', 'Mind Charge', 'Wind Boost']
INFO:root:['Absorb Slash', 'Wind Boost', 'Stagnant Air', 'Auto-Mataru', 'Wind Amp', 'Growth 2', 'Tetrakarn', 'Growth 3']
INFO:root:['Auto-Sukukaja', 'Absorb Strike', 'Megidola', 'Poison Arrow', 'Evade Wind', 'Auto-Tarukaja', 'Mind Charge', 'Garula']
INFO:root:['Salvation', 'Auto-Sukukaja', 'Evade Wind', 'Apt Pupil', 'Garula', 'Wind Boost', 'Unshaken Will', 'Invigorate 3']
INFO:root:['Wind Boost', 'Mind Charge', 'Victory Cry', 'Poison Arrow', 'Evade Wind', 'Tetrakarn', 'Mahamaon', 'Regenerate 3']
INFO:root:['Auto-Tarukaja', 'Garula', 'Victory Cry', 'Growth 2', 'Megidola', 'Unshaken Will', 'Invigorate 3', 'Salvation']
