['Double Fangs', 'Dekaja', 'Agi', 'Auto-Tarukaja']
['Agi', 'Mahamaon', 'Spirit Drain', 'Auto-Tarukaja']
['Tarukaja', 'Zio', 'Marin Karin', 'Mahamaon']
['Double Fangs', 'Tarukaja', 'Hama Boost', 'Zio']
['Maragi', 'Zio', 'Die for Me!', 'Marin Karin']
['Marin Karin', 'Zio', 'Auto-Tarukaja', 'Hamaon']
['Marin Karin', 'Agi', 'Resist Dark', 'Counterstrike']
['Counterstrike', 'Hamaon', 'Zio', 'Maragi']
['Tarukaja', 'Double Fangs', 'Maragi', 'Evil Touch']
['Spirit Drain', 'Zio', 'Tarukaja', 'Marakunda']
['Die for Me!', 'Rebellion', 'Mahamaon', 'Evil Touch']
['Resist Dark', 'Counterstrike', 'Repel Dark', 'Maragi']
['Zio', 'Tarukaja', 'Resist Dark', 'Marin Karin']
['Agi', 'Zio', 'Marin Karin', 'Hama Boost']
['Marin Karin', 'Zio', 'Double Fangs', 'Agi']
['Rebellion', 'Maragi', 'Marin Karin', 'Agi']
['Spirit Drain', 'Tarukaja', 'Counterstrike', 'Agi']
['Recarmdra', 'Double Fangs', 'Zio', 'Rebellion']
['Agi', 'Marakunda', 'Spirit Drain', 'Double Fangs']
['Marakunda', 'Auto-Tarukaja', 'Marin Karin', 'Rebellion']
['Zio', 'Spirit Drain', 'Hama Boost', 'Auto-Tarukaja']
['Rebellion', 'Agi', 'Mediarahan', 'Auto-Tarukaja']
['Auto-Tarukaja', 'Resist Dark', 'Zio', 'Marin Karin']
['Double Fangs', 'Maragi', 'Rebellion', 'Counterstrike']
['Evil Touch', 'Repel Dark', 'Tarukaja', 'Zio']
['Marakunda', 'Zio', 'Counterstrike', 'Recarmdra']
['Maragi', 'Agi', 'Die for Me!', 'Zio']
['Zio', 'Agi', 'Die for Me!', 'Marin Karin']
['Tarukaja', 'Auto-Tarukaja', 'Evil Touch', 'Rebellion']
['Maragi', 'Agi', 'Hama Boost', 'Repel Dark']
['Evil Touch', 'Marakunda', 'Tarukaja', 'Hama Boost']
['Counterstrike', 'Agi', 'Evil Touch', 'Spirit Drain']
['Mediarahan', 'Agi', 'Marin Karin', 'Dekaja']
['Marin Karin', 'Recarmdra', 'Resist Dark', 'Counterstrike']
['Evil Touch', 'Zio', 'Mediarahan', 'Agi']
['Evil Touch', 'Zio', 'Double Fangs', 'Rebellion']
['Evil Touch', 'Auto-Tarukaja', 'Agi', 'Marakunda']
['Hama Boost', 'Repel Dark', 'Counterstrike', 'Spirit Drain']
['Mediarahan', 'Double Fangs', 'Counterstrike', 'Tarukaja']
['Auto-Tarukaja', 'Zio', 'Maragi', 'Hamaon']
['Agi', 'Counterstrike', 'Marin Karin', 'Spirit Drain']
['Marakunda', 'Repel Dark', 'Double Fangs', 'Auto-Tarukaja']
['Resist Dark', 'Double Fangs', 'Rebellion', 'Agi']
['Maragi', 'Agi', 'Tarukaja', 'Marin Karin']
['Marin Karin', 'Die for Me!', 'Agi', 'Hama Boost']
['Counterstrike', 'Agi', 'Hama Boost', 'Spirit Drain']
['Zio', 'Maragi', 'Marakunda', 'Tarukaja']
['Auto-Tarukaja', 'Tarukaja', 'Counterstrike', 'Rebellion']
['Zio', 'Agi', 'Mahamaon', 'Hamaon']
['Resist Dark', 'Agi', 'Zio', 'Maragi']
['Zio', 'Auto-Tarukaja', 'Agi', 'Marin Karin']
['Spirit Drain', 'Zio', 'Dekaja', 'Maragi']
['Dekaja', 'Agi', 'Tarukaja', 'Zio']
['Double Fangs', 'Maragi', 'Hama Boost', 'Auto-Tarukaja']
['Recarmdra', 'Maragi', 'Agi', 'Resist Dark']
['Zio', 'Tarukaja', 'Hamaon', 'Dekaja']
['Maragi', 'Marin Karin', 'Evil Touch', 'Agi']
['Marakunda', 'Spirit Drain', 'Rebellion', 'Agi']
['Marakunda', 'Hamaon', 'Recarmdra', 'Tarukaja']
['Counterstrike', 'Agi', 'Tarukaja', 'Hamaon']
['Maragi', 'Double Fangs', 'Evil Touch', 'Agi']
['Double Fangs', 'Zio', 'Dekaja', 'Resist Dark']
['Recarmdra', 'Agi', 'Mahamaon', 'Tarukaja']
['Evil Touch', 'Zio', 'Hama Boost', 'Agi']
['Marakunda', 'Maragi', 'Agi', 'Zio']
['Tarukaja', 'Counterstrike', 'Zio', 'Marin Karin']
['Auto-Tarukaja', 'Double Fangs', 'Maragi', 'Zio']
['Hamaon', 'Double Fangs', 'Die for Me!', 'Zio']
['Evil Touch', 'Mediarahan', 'Rebellion', 'Auto-Tarukaja']
['Mahamaon', 'Hama Boost', 'Agi', 'Rebellion']
['Rebellion', 'Hama Boost', 'Maragi', 'Agi']
['Agi', 'Double Fangs', 'Maragi', 'Zio']
['Maragi', 'Agi', 'Auto-Tarukaja', 'Die for Me!']
['Agi', 'Zio', 'Spirit Drain', 'Rebellion']
['Agi', 'Marin Karin', 'Tarukaja', 'Zio']
['Maragi', 'Zio', 'Tarukaja', 'Agi']
['Marin Karin', 'Agi', 'Zio', 'Tarukaja']
['Tarukaja', 'Rebellion', 'Agi', 'Mahamaon']
['Rebellion', 'Counterstrike', 'Mediarahan', 'Tarukaja']
['Tarukaja', 'Die for Me!', 'Counterstrike', 'Agi']
['Counterstrike', 'Marin Karin', 'Recarmdra', 'Zio']
['Resist Dark', 'Agi', 'Spirit Drain', 'Zio']
['Maragi', 'Mahamaon', 'Marin Karin', 'Zio']
['Double Fangs', 'Resist Dark', 'Counterstrike', 'Agi']
['Marin Karin', 'Zio', 'Maragi', 'Agi']
['Tarukaja', 'Dekaja', 'Spirit Drain', 'Evil Touch']
['Marakunda', 'Tarukaja', 'Counterstrike', 'Repel Dark']
['Recarmdra', 'Mahamaon', 'Agi', 'Rebellion']
['Maragi', 'Resist Dark', 'Hama Boost', 'Double Fangs']
['Agi', 'Zio', 'Hamaon', 'Marakunda']
['Hama Boost', 'Resist Dark', 'Auto-Tarukaja', 'Tarukaja']
['Rebellion', 'Evil Touch', 'Resist Dark', 'Zio']
['Rebellion', 'Double Fangs', 'Auto-Tarukaja', 'Spirit Drain']
['Agi', 'Evil Touch', 'Spirit Drain', 'Zio']
['Agi', 'Spirit Drain', 'Marin Karin', 'Hamaon']
['Maragi', 'Repel Dark', 'Double Fangs', 'Tarukaja']
['Rebellion', 'Zio', 'Agi', 'Hama Boost']
['Marin Karin', 'Rebellion', 'Mediarahan', 'Dekaja']
['Resist Dark', 'Repel Dark', 'Dekaja', 'Hama Boost']
['Hama Boost', 'Rebellion', 'Agi', 'Marin Karin']
['Agi', 'Resist Dark', 'Hama Boost', 'Evil Touch']
['Agi', 'Spirit Drain', 'Tarukaja', 'Zio']
['Repel Dark', 'Rebellion', 'Maragi', 'Spirit Drain']
['Tarukaja', 'Maragi', 'Spirit Drain', 'Mahamaon']
['Tarukaja', 'Zio', 'Marin Karin', 'Double Fangs']
['Agi', 'Auto-Tarukaja', 'Tarukaja', 'Zio']
['Hamaon', 'Repel Dark', 'Zio', 'Agi']
['Double Fangs', 'Agi', 'Resist Dark', 'Rebellion']
['Rebellion', 'Maragi', 'Hamaon', 'Marin Karin']
['Double Fangs', 'Marakunda', 'Agi', 'Zio']
['Rebellion', 'Evil Touch', 'Tarukaja', 'Maragi']
['Marin Karin', 'Dekaja', 'Marakunda', 'Tarukaja']
['Maragi', 'Agi', 'Marin Karin', 'Hama Boost']
['Recarmdra', 'Tarukaja', 'Agi', 'Mahamaon']
['Tarukaja', 'Mediarahan', 'Marin Karin', 'Agi']
['Hama Boost', 'Agi', 'Evil Touch', 'Zio']
['Auto-Tarukaja', 'Hama Boost', 'Rebellion', 'Marakunda']
['Marin Karin', 'Repel Dark', 'Agi', 'Double Fangs']
['Rebellion', 'Double Fangs', 'Agi', 'Mahamaon']
['Agi', 'Mahamaon', 'Tarukaja', 'Counterstrike']
['Agi', 'Marin Karin', 'Auto-Tarukaja', 'Zio']
['Hamaon', 'Repel Dark', 'Double Fangs', 'Agi']
['Tarukaja', 'Maragi', 'Rebellion', 'Double Fangs']
['Dekaja', 'Zio', 'Marin Karin', 'Maragi']
['Hamaon', 'Evil Touch', 'Zio', 'Agi']
['Agi', 'Tarukaja', 'Mediarahan', 'Resist Dark']
['Die for Me!', 'Hamaon', 'Agi', 'Zio']
['Rebellion', 'Zio', 'Double Fangs', 'Tarukaja']
['Hamaon', 'Marin Karin', 'Die for Me!', 'Hama Boost']
['Marakunda', 'Double Fangs', 'Mediarahan', 'Mahamaon']
['Zio', 'Marakunda', 'Spirit Drain', 'Counterstrike']
['Maragi', 'Zio', 'Marin Karin', 'Rebellion']
['Tarukaja', 'Zio', 'Marin Karin', 'Dekaja']
['Recarmdra', 'Marin Karin', 'Tarukaja', 'Zio']
['Rebellion', 'Agi', 'Resist Dark', 'Maragi']
['Double Fangs', 'Counterstrike', 'Evil Touch', 'Auto-Tarukaja']
['Agi', 'Counterstrike', 'Tarukaja', 'Hama Boost']
['Die for Me!', 'Agi', 'Hamaon', 'Maragi']
['Counterstrike', 'Agi', 'Double Fangs', 'Tarukaja']
['Double Fangs', 'Hamaon', 'Die for Me!', 'Zio']
['Agi', 'Zio', 'Dekaja', 'Maragi']
['Zio', 'Double Fangs', 'Resist Dark', 'Rebellion']
['Tarukaja', 'Zio', 'Auto-Tarukaja', 'Double Fangs']
['Evil Touch', 'Rebellion', 'Tarukaja', 'Die for Me!']
['Marakunda', 'Zio', 'Spirit Drain', 'Hamaon']
['Maragi', 'Dekaja', 'Marin Karin', 'Agi']
['Double Fangs', 'Marin Karin', 'Agi', 'Rebellion']
['Agi', 'Marakunda', 'Double Fangs', 'Auto-Tarukaja']
['Spirit Drain', 'Dekaja', 'Maragi', 'Agi']
['Hamaon', 'Maragi', 'Tarukaja', 'Auto-Tarukaja']
['Agi', 'Repel Dark', 'Evil Touch', 'Rebellion']
['Rebellion', 'Hama Boost', 'Zio', 'Double Fangs']
['Hama Boost', 'Zio', 'Dekaja', 'Agi']
['Hamaon', 'Double Fangs', 'Tarukaja', 'Marin Karin']
['Counterstrike', 'Agi', 'Tarukaja', 'Marin Karin']
['Die for Me!', 'Rebellion', 'Mediarahan', 'Spirit Drain']
['Double Fangs', 'Counterstrike', 'Rebellion', 'Mahamaon']
['Tarukaja', 'Evil Touch', 'Spirit Drain', 'Zio']
['Tarukaja', 'Agi', 'Zio', 'Marakunda']
['Maragi', 'Zio', 'Agi', 'Spirit Drain']
['Maragi', 'Evil Touch', 'Marin Karin', 'Agi']
['Auto-Tarukaja', 'Marin Karin', 'Evil Touch', 'Rebellion']
['Zio', 'Tarukaja', 'Agi', 'Double Fangs']
['Mediarahan', 'Maragi', 'Zio', 'Tarukaja']
['Agi', 'Hamaon', 'Tarukaja', 'Maragi']
['Rebellion', 'Resist Dark', 'Zio', 'Agi']
['Marin Karin', 'Auto-Tarukaja', 'Tarukaja', 'Zio']
['Mahamaon', 'Hamaon', 'Tarukaja', 'Agi']
['Auto-Tarukaja', 'Double Fangs', 'Counterstrike', 'Marin Karin']
['Mahamaon', 'Maragi', 'Evil Touch', 'Marin Karin']
['Tarukaja', 'Dekaja', 'Hamaon', 'Agi']
['Mahamaon', 'Tarukaja', 'Double Fangs', 'Zio']
['Hamaon', 'Maragi', 'Rebellion', 'Mediarahan']
['Zio', 'Maragi', 'Mahamaon', 'Double Fangs']
['Evil Touch', 'Rebellion', 'Double Fangs', 'Counterstrike']
['Maragi', 'Agi', 'Zio', 'Marin Karin']
['Agi', 'Maragi', 'Hamaon', 'Zio']
['Zio', 'Tarukaja', 'Spirit Drain', 'Agi']
['Agi', 'Spirit Drain', 'Zio', 'Double Fangs']
['Zio', 'Zio', 'Zio', 'Zio']
['Zio', 'Zio', 'Zio', 'Zio']
['Agi', 'Spirit Drain', 'Zio', 'Double Fangs']
['Tarukaja', 'Double Fangs', 'Agi', 'Marin Karin']
['Zio', 'Repel Dark', 'Recarmdra', 'Double Fangs']
['Double Fangs', 'Zio', 'Dekaja', 'Mediarahan']
['Agi', 'Hama Boost', 'Double Fangs', 'Maragi']
['Rebellion', 'Zio', 'Maragi', 'Marin Karin']
['Counterstrike', 'Maragi', 'Marakunda', 'Repel Dark']
['Dekaja', 'Maragi', 'Double Fangs', 'Spirit Drain']
['Rebellion', 'Agi', 'Mediarahan', 'Hamaon']
['Resist Dark', 'Die for Me!', 'Zio', 'Spirit Drain']
['Marin Karin', 'Rebellion', 'Mahamaon', 'Maragi']
['Agi', 'Mediarahan', 'Maragi', 'Hama Boost']
['Marin Karin', 'Marakunda', 'Auto-Tarukaja', 'Mediarahan']
['Zio', 'Agi', 'Maragi', 'Auto-Tarukaja']
['Recarmdra', 'Spirit Drain', 'Evil Touch', 'Maragi']
['Tarukaja', 'Hama Boost', 'Counterstrike', 'Marakunda']
['Zio', 'Rebellion', 'Evil Touch', 'Maragi']
['Agi', 'Marin Karin', 'Maragi', 'Double Fangs']
['Agi', 'Rebellion', 'Maragi', 'Resist Dark']
['Dekaja', 'Rebellion', 'Maragi', 'Zio']
['Hama Boost', 'Agi', 'Double Fangs', 'Tarukaja']
['Zio', 'Mahamaon', 'Tarukaja', 'Hama Boost']
['Zio', 'Resist Dark', 'Agi', 'Double Fangs']
['Mahamaon', 'Spirit Drain', 'Agi', 'Zio']
['Hama Boost', 'Hamaon', 'Agi', 'Maragi']
['Evil Touch', 'Repel Dark', 'Rebellion', 'Hama Boost']
['Recarmdra', 'Marin Karin', 'Double Fangs', 'Maragi']
['Maragi', 'Marin Karin', 'Marakunda', 'Agi']
['Hama Boost', 'Agi', 'Hamaon', 'Repel Dark']
['Double Fangs', 'Zio', 'Agi', 'Mediarahan']
['Hama Boost', 'Dekaja', 'Agi', 'Auto-Tarukaja']
['Evil Touch', 'Recarmdra', 'Marin Karin', 'Repel Dark']
['Zio', 'Marin Karin', 'Marakunda', 'Double Fangs']
['Zio', 'Hamaon', 'Double Fangs', 'Agi']
['Die for Me!', 'Rebellion', 'Mediarahan', 'Hama Boost']
['Rebellion', 'Evil Touch', 'Zio', 'Agi']
['Agi', 'Hamaon', 'Double Fangs', 'Spirit Drain']
['Spirit Drain', 'Zio', 'Marin Karin', 'Maragi']
['Agi', 'Marakunda', 'Marin Karin', 'Dekaja']
['Marakunda', 'Rebellion', 'Agi', 'Marin Karin']
['Double Fangs', 'Dekaja', 'Maragi', 'Zio']
['Hamaon', 'Rebellion', 'Agi', 'Zio']
['Zio', 'Rebellion', 'Resist Dark', 'Marin Karin']
['Resist Dark', 'Maragi', 'Tarukaja', 'Zio']
['Double Fangs', 'Evil Touch', 'Mahamaon', 'Agi']
['Agi', 'Zio', 'Resist Dark', 'Maragi']
['Mahamaon', 'Zio', 'Marin Karin', 'Agi']
['Counterstrike', 'Auto-Tarukaja', 'Zio', 'Tarukaja']
['Resist Dark', 'Auto-Tarukaja', 'Zio', 'Hamaon']
['Repel Dark', 'Tarukaja', 'Hama Boost', 'Agi']
['Evil Touch', 'Maragi', 'Hamaon', 'Agi']
['Agi', 'Mediarahan', 'Zio', 'Marin Karin']
['Recarmdra', 'Spirit Drain', 'Zio', 'Resist Dark']
['Marakunda', 'Zio', 'Marin Karin', 'Hama Boost']
['Zio', 'Die for Me!', 'Maragi', 'Mahamaon']
['Recarmdra', 'Rebellion', 'Auto-Tarukaja', 'Resist Dark']
['Agi', 'Repel Dark', 'Tarukaja', 'Maragi']
['Zio', 'Die for Me!', 'Repel Dark', 'Hama Boost']
['Zio', 'Mahamaon', 'Resist Dark', 'Marakunda']
['Double Fangs', 'Tarukaja', 'Agi', 'Zio']
['Evil Touch', 'Tarukaja', 'Zio', 'Hamaon']
['Rebellion', 'Recarmdra', 'Double Fangs', 'Agi']
['Evil Touch', 'Zio', 'Recarmdra', 'Maragi']
['Auto-Tarukaja', 'Die for Me!', 'Repel Dark', 'Hama Boost']
['Zio', 'Marakunda', 'Maragi', 'Double Fangs']
['Zio', 'Die for Me!', 'Rebellion', 'Counterstrike']
['Agi', 'Spirit Drain', 'Resist Dark', 'Marakunda']
['Double Fangs', 'Zio', 'Maragi', 'Agi']
['Resist Dark', 'Zio', 'Recarmdra', 'Agi']
['Marin Karin', 'Tarukaja', 'Zio', 'Agi']
['Recarmdra', 'Tarukaja', 'Auto-Tarukaja', 'Counterstrike']
['Evil Touch', 'Zio', 'Maragi', 'Spirit Drain']
['Zio', 'Hamaon', 'Marin Karin', 'Rebellion']
['Hamaon', 'Marakunda', 'Agi', 'Auto-Tarukaja']
['Zio', 'Hama Boost', 'Agi', 'Tarukaja']
['Hama Boost', 'Double Fangs', 'Marakunda', 'Maragi']
['Zio', 'Repel Dark', 'Spirit Drain', 'Marin Karin']
['Agi', 'Auto-Tarukaja', 'Zio', 'Marakunda']
['Mahamaon', 'Spirit Drain', 'Zio', 'Double Fangs']
['Hamaon', 'Maragi', 'Tarukaja', 'Resist Dark']
['Spirit Drain', 'Dekaja', 'Die for Me!', 'Resist Dark']
['Tarukaja', 'Zio', 'Agi', 'Die for Me!']
['Hama Boost', 'Marin Karin', 'Zio', 'Hamaon']
['Hama Boost', 'Zio', 'Mahamaon', 'Recarmdra']
['Evil Touch', 'Agi', 'Marakunda', 'Auto-Tarukaja']
['Rebellion', 'Repel Dark', 'Tarukaja', 'Spirit Drain']
['Agi', 'Maragi', 'Auto-Tarukaja', 'Hama Boost']
['Agi', 'Zio', 'Resist Dark', 'Dekaja']
['Auto-Tarukaja', 'Agi', 'Mahamaon', 'Marin Karin']
['Agi', 'Hamaon', 'Dekaja', 'Marin Karin']
['Agi', 'Recarmdra', 'Rebellion', 'Resist Dark']
['Agi', 'Zio', 'Dekaja', 'Spirit Drain']
['Maragi', 'Repel Dark', 'Rebellion', 'Hamaon']
['Double Fangs', 'Agi', 'Dekaja', 'Spirit Drain']
['Agi', 'Spirit Drain', 'Maragi', 'Repel Dark']
['Counterstrike', 'Mahamaon', 'Zio', 'Hama Boost']
['Hamaon', 'Marin Karin', 'Die for Me!', 'Tarukaja']
['Zio', 'Mahamaon', 'Marakunda', 'Spirit Drain']
['Double Fangs', 'Agi', 'Hama Boost', 'Marin Karin']
['Hamaon', 'Marin Karin', 'Agi', 'Tarukaja']
['Counterstrike', 'Marin Karin', 'Repel Dark', 'Maragi']
['Double Fangs', 'Evil Touch', 'Agi', 'Tarukaja']
['Tarukaja', 'Agi', 'Marin Karin', 'Mediarahan']
['Tarukaja', 'Hama Boost', 'Agi', 'Double Fangs']
['Tarukaja', 'Agi', 'Zio', 'Recarmdra']
['Agi', 'Mediarahan', 'Evil Touch', 'Maragi']
['Double Fangs', 'Tarukaja', 'Zio', 'Mahamaon']
['Rebellion', 'Spirit Drain', 'Agi', 'Hama Boost']
['Repel Dark', 'Dekaja', 'Zio', 'Hamaon']
['Recarmdra', 'Rebellion', 'Maragi', 'Repel Dark']
['Zio', 'Spirit Drain', 'Dekaja', 'Tarukaja']
['Maragi', 'Resist Dark', 'Zio', 'Evil Touch']
['Agi', 'Auto-Tarukaja', 'Double Fangs', 'Mahamaon']
['Counterstrike', 'Rebellion', 'Agi', 'Zio']
['Auto-Tarukaja', 'Maragi', 'Double Fangs', 'Counterstrike']
['Maragi', 'Marakunda', 'Marin Karin', 'Tarukaja']
['Marakunda', 'Maragi', 'Evil Touch', 'Agi']
['Zio', 'Agi', 'Repel Dark', 'Die for Me!']
['Zio', 'Evil Touch', 'Tarukaja', 'Double Fangs']
['Hama Boost', 'Marakunda', 'Mahamaon', 'Zio']
['Maragi', 'Double Fangs', 'Resist Dark', 'Die for Me!']
['Mediarahan', 'Marin Karin', 'Zio', 'Hama Boost']
['Counterstrike', 'Double Fangs', 'Evil Touch', 'Zio']
['Agi', 'Repel Dark', 'Dekaja', 'Marakunda']
['Repel Dark', 'Tarukaja', 'Marakunda', 'Spirit Drain']
['Auto-Tarukaja', 'Tarukaja', 'Rebellion', 'Hamaon']
['Zio', 'Auto-Tarukaja', 'Agi', 'Tarukaja']
['Maragi', 'Resist Dark', 'Rebellion', 'Zio']
['Evil Touch', 'Marin Karin', 'Recarmdra', 'Tarukaja']
['Agi', 'Zio', 'Double Fangs', 'Marakunda']
['Double Fangs', 'Spirit Drain', 'Agi', 'Auto-Tarukaja']
['Hama Boost', 'Marin Karin', 'Spirit Drain', 'Mediarahan']
['Auto-Tarukaja', 'Counterstrike', 'Maragi', 'Double Fangs']
['Auto-Tarukaja', 'Zio', 'Agi', 'Evil Touch']
['Counterstrike', 'Hama Boost', 'Die for Me!', 'Evil Touch']
['Recarmdra', 'Marin Karin', 'Tarukaja', 'Zio']
['Double Fangs', 'Zio', 'Agi', 'Hama Boost']
['Double Fangs', 'Marakunda', 'Spirit Drain', 'Zio']
['Marakunda', 'Zio', 'Mediarahan', 'Agi']
['Marin Karin', 'Dekaja', 'Auto-Tarukaja', 'Repel Dark']
['Marin Karin', 'Double Fangs', 'Marakunda', 'Maragi']
['Zio', 'Repel Dark', 'Dekaja', 'Hamaon']
['Maragi', 'Hamaon', 'Zio', 'Spirit Drain']
['Marin Karin', 'Zio', 'Resist Dark', 'Tarukaja']
['Tarukaja', 'Spirit Drain', 'Double Fangs', 'Agi']
['Zio', 'Agi', 'Tarukaja', 'Marin Karin']
['Rebellion', 'Mahamaon', 'Maragi', 'Zio']
['Zio', 'Rebellion', 'Tarukaja', 'Marin Karin']
['Spirit Drain', 'Repel Dark', 'Double Fangs', 'Tarukaja']
['Rebellion', 'Spirit Drain', 'Agi', 'Hamaon']
['Rebellion', 'Repel Dark', 'Resist Dark', 'Maragi']
['Resist Dark', 'Evil Touch', 'Counterstrike', 'Mediarahan']
['Maragi', 'Rebellion', 'Hama Boost', 'Repel Dark']
['Repel Dark', 'Agi', 'Hamaon', 'Double Fangs']
['Marin Karin', 'Hamaon', 'Mediarahan', 'Zio']
['Spirit Drain', 'Rebellion', 'Hamaon', 'Auto-Tarukaja']
['Tarukaja', 'Spirit Drain', 'Agi', 'Hamaon']
['Counterstrike', 'Agi', 'Maragi', 'Hama Boost']
['Mediarahan', 'Agi', 'Maragi', 'Tarukaja']
['Counterstrike', 'Agi', 'Zio', 'Marakunda']
['Agi', 'Hama Boost', 'Tarukaja', 'Resist Dark']
['Maragi', 'Agi', 'Zio', 'Spirit Drain']
['Marin Karin', 'Tarukaja', 'Agi', 'Double Fangs']
['Evil Touch', 'Maragi', 'Tarukaja', 'Hamaon']
['Zio', 'Evil Touch', 'Tarukaja', 'Resist Dark']
['Agi', 'Repel Dark', 'Evil Touch', 'Maragi']
['Agi', 'Maragi', 'Evil Touch', 'Tarukaja']
['Marakunda', 'Agi', 'Die for Me!', 'Tarukaja']
['Zio', 'Mahamaon', 'Marakunda', 'Hama Boost']
['Maragi', 'Counterstrike', 'Spirit Drain', 'Agi']
['Rebellion', 'Agi', 'Mahamaon', 'Zio']
['Zio', 'Recarmdra', 'Tarukaja', 'Agi']
['Zio', 'Auto-Tarukaja', 'Marin Karin', 'Mediarahan']
['Mahamaon', 'Agi', 'Zio', 'Tarukaja']
['Rebellion', 'Marakunda', 'Evil Touch', 'Marin Karin']
['Marin Karin', 'Zio', 'Double Fangs', 'Agi']
['Rebellion', 'Agi', 'Zio', 'Maragi']
['Counterstrike', 'Die for Me!', 'Agi', 'Mediarahan']
['Auto-Tarukaja', 'Zio', 'Agi', 'Tarukaja']
['Maragi', 'Dekaja', 'Hamaon', 'Spirit Drain']
['Zio', 'Agi', 'Hama Boost', 'Counterstrike']
['Marakunda', 'Evil Touch', 'Auto-Tarukaja', 'Resist Dark']
['Rebellion', 'Zio', 'Mediarahan', 'Marin Karin']
['Die for Me!', 'Counterstrike', 'Zio', 'Rebellion']
['Agi', 'Auto-Tarukaja', 'Maragi', 'Marin Karin']
['Marin Karin', 'Maragi', 'Evil Touch', 'Agi']
['Tarukaja', 'Marin Karin', 'Evil Touch', 'Double Fangs']
['Spirit Drain', 'Auto-Tarukaja', 'Marakunda', 'Evil Touch']
['Marin Karin', 'Auto-Tarukaja', 'Resist Dark', 'Double Fangs']
['Agi', 'Tarukaja', 'Maragi', 'Dekaja']
['Die for Me!', 'Marakunda', 'Tarukaja', 'Rebellion']
['Zio', 'Evil Touch', 'Rebellion', 'Agi']
['Maragi', 'Double Fangs', 'Zio', 'Repel Dark']
['Rebellion', 'Agi', 'Zio', 'Recarmdra']
['Spirit Drain', 'Die for Me!', 'Zio', 'Maragi']
['Recarmdra', 'Evil Touch', 'Marin Karin', 'Zio']
['Auto-Tarukaja', 'Die for Me!', 'Agi', 'Zio']
['Evil Touch', 'Spirit Drain', 'Mahamaon', 'Auto-Tarukaja']
['Tarukaja', 'Double Fangs', 'Spirit Drain', 'Resist Dark']
['Maragi', 'Mediarahan', 'Zio', 'Die for Me!']
['Tarukaja', 'Recarmdra', 'Agi', 'Rebellion']
['Agi', 'Hama Boost', 'Double Fangs', 'Maragi']
['Agi', 'Maragi', 'Die for Me!', 'Marin Karin']
['Zio', 'Resist Dark', 'Rebellion', 'Tarukaja']
['Zio', 'Maragi', 'Evil Touch', 'Agi']
['Evil Touch', 'Double Fangs', 'Auto-Tarukaja', 'Tarukaja']
['Tarukaja', 'Repel Dark', 'Recarmdra', 'Zio']
['Resist Dark', 'Zio', 'Marin Karin', 'Agi']
['Dekaja', 'Resist Dark', 'Double Fangs', 'Auto-Tarukaja']
['Agi', 'Double Fangs', 'Marakunda', 'Tarukaja']
['Zio', 'Hama Boost', 'Auto-Tarukaja', 'Die for Me!']
['Tarukaja', 'Spirit Drain', 'Zio', 'Hamaon']
['Maragi', 'Resist Dark', 'Dekaja', 'Repel Dark']
['Hamaon', 'Double Fangs', 'Rebellion', 'Resist Dark']
['Zio', 'Double Fangs', 'Marakunda', 'Tarukaja']
['Maragi', 'Recarmdra', 'Rebellion', 'Zio']
['Maragi', 'Mahamaon', 'Zio', 'Agi']
['Auto-Tarukaja', 'Hamaon', 'Zio', 'Counterstrike']
['Evil Touch', 'Resist Dark', 'Zio', 'Tarukaja']
['Mediarahan', 'Agi', 'Double Fangs', 'Resist Dark']
['Zio', 'Resist Dark', 'Maragi', 'Marin Karin']
['Zio', 'Resist Dark', 'Marin Karin', 'Maragi']
['Repel Dark', 'Double Fangs', 'Counterstrike', 'Hamaon']
['Hamaon', 'Zio', 'Tarukaja', 'Auto-Tarukaja']
['Counterstrike', 'Marakunda', 'Marin Karin', 'Resist Dark']
['Evil Touch', 'Hamaon', 'Counterstrike', 'Agi']
['Evil Touch', 'Agi', 'Tarukaja', 'Double Fangs']
['Hamaon', 'Zio', 'Double Fangs', 'Marin Karin']
['Repel Dark', 'Spirit Drain', 'Rebellion', 'Agi']
['Recarmdra', 'Marin Karin', 'Auto-Tarukaja', 'Agi']
['Zio', 'Marin Karin', 'Hama Boost', 'Auto-Tarukaja']
['Tarukaja', 'Counterstrike', 'Recarmdra', 'Rebellion']
['Zio', 'Evil Touch', 'Hama Boost', 'Maragi']
['Maragi', 'Double Fangs', 'Rebellion', 'Die for Me!']
['Dekaja', 'Die for Me!', 'Zio', 'Resist Dark']
['Double Fangs', 'Repel Dark', 'Rebellion', 'Tarukaja']
['Evil Touch', 'Double Fangs', 'Mahamaon', 'Maragi']
['Double Fangs', 'Resist Dark', 'Maragi', 'Hama Boost']
['Evil Touch', 'Auto-Tarukaja', 'Double Fangs', 'Agi']
['Double Fangs', 'Rebellion', 'Agi', 'Zio']
['Double Fangs', 'Agi', 'Spirit Drain', 'Rebellion']
['Rebellion', 'Hama Boost', 'Tarukaja', 'Marin Karin']
['Double Fangs', 'Resist Dark', 'Tarukaja', 'Zio']
['Zio', 'Resist Dark', 'Rebellion', 'Evil Touch']
['Marin Karin', 'Recarmdra', 'Double Fangs', 'Mahamaon']
['Agi', 'Evil Touch', 'Hamaon', 'Dekaja']
['Tarukaja', 'Agi', 'Auto-Tarukaja', 'Hama Boost']
['Zio', 'Agi', 'Hama Boost', 'Mahamaon']
['Repel Dark', 'Zio', 'Auto-Tarukaja', 'Agi']
['Agi', 'Double Fangs', 'Marin Karin', 'Tarukaja']
['Resist Dark', 'Agi', 'Counterstrike', 'Zio']
['Zio', 'Hama Boost', 'Auto-Tarukaja', 'Rebellion']
['Hama Boost', 'Tarukaja', 'Evil Touch', 'Hamaon']
['Rebellion', 'Repel Dark', 'Zio', 'Counterstrike']
['Resist Dark', 'Agi', 'Evil Touch', 'Zio']
['Maragi', 'Agi', 'Marakunda', 'Auto-Tarukaja']
['Marin Karin', 'Maragi', 'Zio', 'Mediarahan']
['Dekaja', 'Zio', 'Auto-Tarukaja', 'Rebellion']
['Zio', 'Hama Boost', 'Dekaja', 'Double Fangs']
['Marin Karin', 'Hama Boost', 'Agi', 'Counterstrike']
['Marakunda', 'Zio', 'Agi', 'Double Fangs']
['Zio', 'Maragi', 'Mahamaon', 'Agi']
['Maragi', 'Zio', 'Repel Dark', 'Agi']
['Die for Me!', 'Double Fangs', 'Zio', 'Repel Dark']
['Zio', 'Recarmdra', 'Tarukaja', 'Mahamaon']
['Hama Boost', 'Agi', 'Spirit Drain', 'Mediarahan']
['Counterstrike', 'Marakunda', 'Maragi', 'Agi']
['Agi', 'Double Fangs', 'Repel Dark', 'Tarukaja']
['Agi', 'Dekaja', 'Maragi', 'Double Fangs']
['Marin Karin', 'Tarukaja', 'Maragi', 'Agi']
['Zio', 'Evil Touch', 'Auto-Tarukaja', 'Marin Karin']
['Mediarahan', 'Rebellion', 'Maragi', 'Hamaon']
['Auto-Tarukaja', 'Tarukaja', 'Die for Me!', 'Agi']
['Maragi', 'Rebellion', 'Repel Dark', 'Agi']
['Zio', 'Auto-Tarukaja', 'Hama Boost', 'Evil Touch']
['Double Fangs', 'Rebellion', 'Zio', 'Resist Dark']
['Double Fangs', 'Counterstrike', 'Agi', 'Rebellion']
['Maragi', 'Counterstrike', 'Resist Dark', 'Agi']
['Mediarahan', 'Recarmdra', 'Zio', 'Double Fangs']
['Recarmdra', 'Marin Karin', 'Agi', 'Rebellion']
['Spirit Drain', 'Auto-Tarukaja', 'Maragi', 'Zio']
['Mediarahan', 'Repel Dark', 'Zio', 'Marin Karin']
['Zio', 'Tarukaja', 'Double Fangs', 'Hamaon']
['Counterstrike', 'Hama Boost', 'Maragi', 'Agi']
['Agi', 'Hama Boost', 'Zio', 'Rebellion']
['Marakunda', 'Agi', 'Dekaja', 'Tarukaja']
['Marakunda', 'Marin Karin', 'Mediarahan', 'Zio']
['Tarukaja', 'Zio', 'Double Fangs', 'Rebellion']
['Resist Dark', 'Tarukaja', 'Agi', 'Hama Boost']
['Zio', 'Spirit Drain', 'Maragi', 'Agi']
['Maragi', 'Zio', 'Tarukaja', 'Repel Dark']
['Dekaja', 'Zio', 'Marakunda', 'Rebellion']
['Maragi', 'Tarukaja', 'Mahamaon', 'Zio']
['Tarukaja', 'Resist Dark', 'Zio', 'Counterstrike']
['Agi', 'Auto-Tarukaja', 'Rebellion', 'Resist Dark']
['Agi', 'Zio', 'Repel Dark', 'Maragi']
['Double Fangs', 'Counterstrike', 'Zio', 'Agi']
['Marin Karin', 'Mahamaon', 'Rebellion', 'Hamaon']
['Double Fangs', 'Rebellion', 'Dekaja', 'Marin Karin']
['Tarukaja', 'Spirit Drain', 'Counterstrike', 'Dekaja']
['Zio', 'Double Fangs', 'Marin Karin', 'Tarukaja']
['Recarmdra', 'Auto-Tarukaja', 'Double Fangs', 'Hama Boost']
['Tarukaja', 'Maragi', 'Double Fangs', 'Die for Me!']
['Evil Touch', 'Marakunda', 'Zio', 'Agi']
['Double Fangs', 'Maragi', 'Zio', 'Evil Touch']
['Agi', 'Counterstrike', 'Hamaon', 'Spirit Drain']
['Spirit Drain', 'Mahamaon', 'Maragi', 'Zio']
['Auto-Tarukaja', 'Agi', 'Double Fangs', 'Rebellion']
['Maragi', 'Marakunda', 'Marin Karin', 'Resist Dark']
['Double Fangs', 'Counterstrike', 'Hama Boost', 'Agi']
['Maragi', 'Zio', 'Agi', 'Rebellion']
['Hamaon', 'Tarukaja', 'Double Fangs', 'Counterstrike']
['Zio', 'Spirit Drain', 'Mahamaon', 'Rebellion']
['Zio', 'Agi', 'Marin Karin', 'Rebellion']
['Hama Boost', 'Maragi', 'Zio', 'Rebellion']
['Marakunda', 'Mediarahan', 'Zio', 'Agi']
['Zio', 'Agi', 'Evil Touch', 'Counterstrike']
['Marin Karin', 'Double Fangs', 'Agi', 'Maragi']
['Evil Touch', 'Counterstrike', 'Zio', 'Double Fangs']
['Agi', 'Rebellion', 'Tarukaja', 'Mediarahan']
['Hamaon', 'Maragi', 'Zio', 'Mahamaon']
['Zio', 'Repel Dark', 'Hamaon', 'Rebellion']
['Zio', 'Mediarahan', 'Mahamaon', 'Rebellion']
['Rebellion', 'Agi', 'Maragi', 'Auto-Tarukaja']
['Auto-Tarukaja', 'Marakunda', 'Rebellion', 'Zio']
['Agi', 'Mahamaon', 'Marin Karin', 'Spirit Drain']
['Double Fangs', 'Auto-Tarukaja', 'Tarukaja', 'Evil Touch']
['Marakunda', 'Hama Boost', 'Zio', 'Maragi']
['Marin Karin', 'Hama Boost', 'Double Fangs', 'Maragi']
['Marakunda', 'Double Fangs', 'Dekaja', 'Tarukaja']
['Zio', 'Spirit Drain', 'Marakunda', 'Resist Dark']
['Marin Karin', 'Agi', 'Spirit Drain', 'Rebellion']
['Zio', 'Double Fangs', 'Agi', 'Repel Dark']
['Hama Boost', 'Dekaja', 'Tarukaja', 'Zio']
['Dekaja', 'Tarukaja', 'Marin Karin', 'Hama Boost']
['Mahamaon', 'Agi', 'Zio', 'Hamaon']
['Counterstrike', 'Resist Dark', 'Rebellion', 'Dekaja']
['Auto-Tarukaja', 'Marin Karin', 'Rebellion', 'Maragi']
['Counterstrike', 'Evil Touch', 'Marakunda', 'Repel Dark']
['Rebellion', 'Double Fangs', 'Spirit Drain', 'Agi']
['Hamaon', 'Recarmdra', 'Marin Karin', 'Zio']
['Counterstrike', 'Rebellion', 'Repel Dark', 'Marakunda']
['Resist Dark', 'Repel Dark', 'Recarmdra', 'Marin Karin']
['Auto-Tarukaja', 'Hamaon', 'Evil Touch', 'Marin Karin']
['Zio', 'Hamaon', 'Agi', 'Dekaja']
['Hama Boost', 'Evil Touch', 'Marin Karin', 'Hamaon']
['Agi', 'Auto-Tarukaja', 'Repel Dark', 'Counterstrike']
['Zio', 'Spirit Drain', 'Counterstrike', 'Marin Karin']
['Marakunda', 'Agi', 'Resist Dark', 'Dekaja']
['Hamaon', 'Tarukaja', 'Rebellion', 'Agi']
['Evil Touch', 'Spirit Drain', 'Zio', 'Rebellion']
['Agi', 'Hama Boost', 'Zio', 'Mahamaon']
['Auto-Tarukaja', 'Zio', 'Hama Boost', 'Rebellion']
['Resist Dark', 'Double Fangs', 'Agi', 'Hamaon']
['Tarukaja', 'Zio', 'Counterstrike', 'Agi']
['Marin Karin', 'Mahamaon', 'Zio', 'Auto-Tarukaja']
['Agi', 'Zio', 'Tarukaja', 'Auto-Tarukaja']
['Tarukaja', 'Marakunda', 'Hamaon', 'Maragi']
['Die for Me!', 'Zio', 'Maragi', 'Double Fangs']
['Agi', 'Repel Dark', 'Counterstrike', 'Maragi']
['Auto-Tarukaja', 'Zio', 'Tarukaja', 'Repel Dark']
['Zio', 'Marin Karin', 'Counterstrike', 'Hama Boost']
['Die for Me!', 'Dekaja', 'Zio', 'Agi']
['Repel Dark', 'Counterstrike', 'Zio', 'Maragi']
['Mediarahan', 'Maragi', 'Agi', 'Marin Karin']
['Agi', 'Zio', 'Mahamaon', 'Dekaja']
['Maragi', 'Marin Karin', 'Zio', 'Hamaon']
['Agi', 'Repel Dark', 'Rebellion', 'Zio']
['Rebellion', 'Spirit Drain', 'Recarmdra', 'Maragi']
['Marakunda', 'Agi', 'Zio', 'Evil Touch']
['Spirit Drain', 'Hamaon', 'Maragi', 'Marin Karin']
['Maragi', 'Tarukaja', 'Spirit Drain', 'Zio']
['Spirit Drain', 'Zio', 'Marakunda', 'Tarukaja']
['Tarukaja', 'Double Fangs', 'Agi', 'Marin Karin']
['Tarukaja', 'Hama Boost', 'Die for Me!', 'Evil Touch']
['Counterstrike', 'Agi', 'Zio', 'Maragi']
['Hamaon', 'Rebellion', 'Zio', 'Maragi']
['Hamaon', 'Rebellion', 'Zio', 'Auto-Tarukaja']
['Hamaon', 'Maragi', 'Evil Touch', 'Double Fangs']
['Zio', 'Agi', 'Marakunda', 'Hamaon']
['Rebellion', 'Zio', 'Spirit Drain', 'Dekaja']
['Agi', 'Auto-Tarukaja', 'Zio', 'Marin Karin']
['Recarmdra', 'Agi', 'Counterstrike', 'Dekaja']
['Mediarahan', 'Marin Karin', 'Tarukaja', 'Spirit Drain']
['Evil Touch', 'Rebellion', 'Spirit Drain', 'Tarukaja']
['Hamaon', 'Dekaja', 'Tarukaja', 'Auto-Tarukaja']
['Marakunda', 'Zio', 'Counterstrike', 'Double Fangs']
['Zio', 'Maragi', 'Tarukaja', 'Repel Dark']
['Auto-Tarukaja', 'Tarukaja', 'Agi', 'Zio']
['Counterstrike', 'Tarukaja', 'Double Fangs', 'Mediarahan']
['Rebellion', 'Marin Karin', 'Zio', 'Repel Dark']
['Mediarahan', 'Double Fangs', 'Auto-Tarukaja', 'Marin Karin']
['Marakunda', 'Resist Dark', 'Maragi', 'Zio']
['Evil Touch', 'Agi', 'Rebellion', 'Zio']
['Agi', 'Recarmdra', 'Tarukaja', 'Evil Touch']
['Zio', 'Tarukaja', 'Agi', 'Auto-Tarukaja']
['Tarukaja', 'Agi', 'Maragi', 'Counterstrike']
['Spirit Drain', 'Double Fangs', 'Agi', 'Zio']
['Agi', 'Evil Touch', 'Tarukaja', 'Double Fangs']
['Resist Dark', 'Repel Dark', 'Marin Karin', 'Auto-Tarukaja']
['Zio', 'Marin Karin', 'Dekaja', 'Spirit Drain']
['Rebellion', 'Agi', 'Mahamaon', 'Recarmdra']
['Rebellion', 'Agi', 'Marakunda', 'Zio']
['Hamaon', 'Spirit Drain', 'Recarmdra', 'Tarukaja']
['Hama Boost', 'Agi', 'Zio', 'Mahamaon']
['Dekaja', 'Double Fangs', 'Auto-Tarukaja', 'Zio']
['Hamaon', 'Recarmdra', 'Double Fangs', 'Dekaja']
['Agi', 'Marin Karin', 'Spirit Drain', 'Mediarahan']
['Marin Karin', 'Zio', 'Mediarahan', 'Double Fangs']
['Agi', 'Marin Karin', 'Evil Touch', 'Marakunda']
['Maragi', 'Counterstrike', 'Auto-Tarukaja', 'Rebellion']
['Double Fangs', 'Evil Touch', 'Tarukaja', 'Agi']
['Hamaon', 'Mahamaon', 'Maragi', 'Zio']
['Agi', 'Hamaon', 'Zio', 'Maragi']
['Mahamaon', 'Maragi', 'Hama Boost', 'Resist Dark']
['Marakunda', 'Agi', 'Die for Me!', 'Counterstrike']
['Agi', 'Maragi', 'Hama Boost', 'Rebellion']
['Agi', 'Zio', 'Tarukaja', 'Counterstrike']
['Mediarahan', 'Maragi', 'Marin Karin', 'Zio']
['Repel Dark', 'Double Fangs', 'Spirit Drain', 'Rebellion']
['Maragi', 'Hama Boost', 'Zio', 'Evil Touch']
['Agi', 'Marin Karin', 'Rebellion', 'Maragi']
['Auto-Tarukaja', 'Recarmdra', 'Hama Boost', 'Rebellion']
['Hamaon', 'Rebellion', 'Resist Dark', 'Auto-Tarukaja']
['Auto-Tarukaja', 'Maragi', 'Double Fangs', 'Resist Dark']
['Zio', 'Marin Karin', 'Counterstrike', 'Auto-Tarukaja']
['Tarukaja', 'Hama Boost', 'Zio', 'Hamaon']
['Resist Dark', 'Agi', 'Auto-Tarukaja', 'Double Fangs']
['Tarukaja', 'Agi', 'Recarmdra', 'Hamaon']
['Maragi', 'Mahamaon', 'Agi', 'Zio']
['Spirit Drain', 'Agi', 'Mahamaon', 'Evil Touch']
['Spirit Drain', 'Marin Karin', 'Maragi', 'Recarmdra']
['Double Fangs', 'Marakunda', 'Zio', 'Resist Dark']
['Repel Dark', 'Hamaon', 'Marakunda', 'Agi']
['Agi', 'Zio', 'Tarukaja', 'Die for Me!']
['Rebellion', 'Hamaon', 'Agi', 'Tarukaja']
['Tarukaja', 'Rebellion', 'Hama Boost', 'Maragi']
['Double Fangs', 'Evil Touch', 'Maragi', 'Marakunda']
['Zio', 'Agi', 'Hamaon', 'Tarukaja']
['Hama Boost', 'Double Fangs', 'Die for Me!', 'Counterstrike']
['Maragi', 'Tarukaja', 'Zio', 'Hama Boost']
['Zio', 'Hama Boost', 'Double Fangs', 'Recarmdra']
['Spirit Drain', 'Marakunda', 'Rebellion', 'Mediarahan']
['Agi', 'Spirit Drain', 'Marin Karin', 'Tarukaja']
['Resist Dark', 'Rebellion', 'Double Fangs', 'Agi']
['Zio', 'Tarukaja', 'Agi', 'Maragi']
['Maragi', 'Auto-Tarukaja', 'Hamaon', 'Spirit Drain']
['Tarukaja', 'Hama Boost', 'Auto-Tarukaja', 'Rebellion']
['Rebellion', 'Spirit Drain', 'Agi', 'Tarukaja']
['Repel Dark', 'Recarmdra', 'Evil Touch', 'Mahamaon']
['Agi', 'Evil Touch', 'Auto-Tarukaja', 'Maragi']
['Rebellion', 'Spirit Drain', 'Marakunda', 'Maragi']
['Marin Karin', 'Agi', 'Counterstrike', 'Recarmdra']
['Mediarahan', 'Counterstrike', 'Zio', 'Maragi']
['Mediarahan', 'Hamaon', 'Tarukaja', 'Double Fangs']
['Tarukaja', 'Rebellion', 'Spirit Drain', 'Zio']
['Tarukaja', 'Zio', 'Evil Touch', 'Maragi']
['Zio', 'Resist Dark', 'Hamaon', 'Agi']
['Zio', 'Tarukaja', 'Marin Karin', 'Auto-Tarukaja']
['Zio', 'Hama Boost', 'Resist Dark', 'Auto-Tarukaja']
['Double Fangs', 'Marin Karin', 'Rebellion', 'Agi']
['Marin Karin', 'Zio', 'Rebellion', 'Maragi']
['Tarukaja', 'Double Fangs', 'Counterstrike', 'Marakunda']
['Marin Karin', 'Rebellion', 'Zio', 'Repel Dark']
['Tarukaja', 'Mahamaon', 'Zio', 'Marin Karin']
['Hama Boost', 'Agi', 'Resist Dark', 'Mediarahan']
['Tarukaja', 'Recarmdra', 'Resist Dark', 'Zio']
['Evil Touch', 'Double Fangs', 'Agi', 'Mahamaon']
['Dekaja', 'Zio', 'Agi', 'Rebellion']
['Zio', 'Agi', 'Auto-Tarukaja', 'Marin Karin']
['Maragi', 'Agi', 'Hamaon', 'Rebellion']
['Maragi', 'Hamaon', 'Evil Touch', 'Marin Karin']
['Mahamaon', 'Recarmdra', 'Maragi', 'Agi']
['Auto-Tarukaja', 'Rebellion', 'Marin Karin', 'Mediarahan']
['Double Fangs', 'Spirit Drain', 'Counterstrike', 'Zio']
['Agi', 'Zio', 'Maragi', 'Marin Karin']
['Rebellion', 'Spirit Drain', 'Hamaon', 'Agi']
['Maragi', 'Mahamaon', 'Tarukaja', 'Die for Me!']
['Marin Karin', 'Maragi', 'Rebellion', 'Mediarahan']
['Evil Touch', 'Maragi', 'Spirit Drain', 'Agi']
['Auto-Tarukaja', 'Mediarahan', 'Rebellion', 'Double Fangs']
['Evil Touch', 'Double Fangs', 'Maragi', 'Marin Karin']
['Die for Me!', 'Recarmdra', 'Evil Touch', 'Spirit Drain']
['Rebellion', 'Evil Touch', 'Hama Boost', 'Resist Dark']
['Marin Karin', 'Double Fangs', 'Zio', 'Tarukaja']
['Evil Touch', 'Spirit Drain', 'Rebellion', 'Zio']
['Spirit Drain', 'Hamaon', 'Counterstrike', 'Evil Touch']
['Evil Touch', 'Auto-Tarukaja', 'Agi', 'Counterstrike']
['Agi', 'Marin Karin', 'Rebellion', 'Maragi']
['Hamaon', 'Zio', 'Mediarahan', 'Agi']
['Zio', 'Agi', 'Recarmdra', 'Maragi']
['Marin Karin', 'Spirit Drain', 'Zio', 'Counterstrike']
['Auto-Tarukaja', 'Rebellion', 'Tarukaja', 'Marakunda']
['Zio', 'Double Fangs', 'Hama Boost', 'Tarukaja']
['Rebellion', 'Maragi', 'Counterstrike', 'Agi']
['Resist Dark', 'Double Fangs', 'Die for Me!', 'Spirit Drain']
['Rebellion', 'Resist Dark', 'Agi', 'Spirit Drain']
['Zio', 'Agi', 'Spirit Drain', 'Evil Touch']
['Agi', 'Marin Karin', 'Spirit Drain', 'Zio']
['Counterstrike', 'Hamaon', 'Maragi', 'Agi']
['Resist Dark', 'Maragi', 'Zio', 'Hamaon']
['Zio', 'Hamaon', 'Agi', 'Double Fangs']
['Mahamaon', 'Hama Boost', 'Tarukaja', 'Recarmdra']
['Spirit Drain', 'Marin Karin', 'Maragi', 'Dekaja']
['Rebellion', 'Double Fangs', 'Marin Karin', 'Marakunda']
['Agi', 'Tarukaja', 'Double Fangs', 'Spirit Drain']
['Marakunda', 'Hama Boost', 'Dekaja', 'Mahamaon']
['Evil Touch', 'Auto-Tarukaja', 'Rebellion', 'Agi']
['Double Fangs', 'Auto-Tarukaja', 'Tarukaja', 'Marakunda']
['Zio', 'Tarukaja', 'Mediarahan', 'Maragi']
['Hama Boost', 'Tarukaja', 'Marin Karin', 'Rebellion']
['Hamaon', 'Rebellion', 'Hama Boost', 'Zio']
['Resist Dark', 'Evil Touch', 'Zio', 'Agi']
['Double Fangs', 'Rebellion', 'Hamaon', 'Spirit Drain']
['Agi', 'Auto-Tarukaja', 'Tarukaja', 'Maragi']
['Resist Dark', 'Marakunda', 'Hamaon', 'Mediarahan']
['Hama Boost', 'Auto-Tarukaja', 'Marakunda', 'Agi']
['Repel Dark', 'Zio', 'Hama Boost', 'Marin Karin']
['Mediarahan', 'Tarukaja', 'Marin Karin', 'Auto-Tarukaja']
['Auto-Tarukaja', 'Evil Touch', 'Double Fangs', 'Maragi']
['Marakunda', 'Auto-Tarukaja', 'Hama Boost', 'Mahamaon']
['Agi', 'Resist Dark', 'Marin Karin', 'Zio']
['Agi', 'Zio', 'Auto-Tarukaja', 'Tarukaja']
['Zio', 'Double Fangs', 'Agi', 'Rebellion']
['Tarukaja', 'Marin Karin', 'Zio', 'Agi']
['Double Fangs', 'Mahamaon', 'Die for Me!', 'Tarukaja']
['Dekaja', 'Double Fangs', 'Hama Boost', 'Die for Me!']
['Auto-Tarukaja', 'Zio', 'Rebellion', 'Mahamaon']
['Marin Karin', 'Resist Dark', 'Double Fangs', 'Spirit Drain']
['Spirit Drain', 'Resist Dark', 'Hama Boost', 'Maragi']
['Agi', 'Evil Touch', 'Maragi', 'Rebellion']
['Maragi', 'Hama Boost', 'Double Fangs', 'Marin Karin']
['Dekaja', 'Evil Touch', 'Counterstrike', 'Tarukaja']
['Marakunda', 'Mahamaon', 'Double Fangs', 'Counterstrike']
['Counterstrike', 'Hamaon', 'Double Fangs', 'Resist Dark']
['Rebellion', 'Zio', 'Double Fangs', 'Marin Karin']
['Double Fangs', 'Zio', 'Maragi', 'Agi']
['Tarukaja', 'Spirit Drain', 'Agi', 'Mahamaon']
['Rebellion', 'Agi', 'Resist Dark', 'Zio']
['Resist Dark', 'Agi', 'Zio', 'Auto-Tarukaja']
['Tarukaja', 'Counterstrike', 'Agi', 'Auto-Tarukaja']
['Hamaon', 'Marin Karin', 'Agi', 'Spirit Drain']
['Zio', 'Dekaja', 'Marakunda', 'Spirit Drain']
['Agi', 'Counterstrike', 'Dekaja', 'Rebellion']
['Mediarahan', 'Maragi', 'Mahamaon', 'Double Fangs']
['Rebellion', 'Agi', 'Mediarahan', 'Double Fangs']
['Marin Karin', 'Double Fangs', 'Agi', 'Hamaon']
['Zio', 'Hama Boost', 'Marakunda', 'Double Fangs']
['Double Fangs', 'Auto-Tarukaja', 'Agi', 'Rebellion']
['Marin Karin', 'Double Fangs', 'Hamaon', 'Agi']
['Maragi', 'Marin Karin', 'Repel Dark', 'Resist Dark']
['Double Fangs', 'Evil Touch', 'Marin Karin', 'Marakunda']
['Agi', 'Maragi', 'Recarmdra', 'Marin Karin']
['Dekaja', 'Agi', 'Marin Karin', 'Spirit Drain']
['Dekaja', 'Evil Touch', 'Zio', 'Auto-Tarukaja']
['Marakunda', 'Auto-Tarukaja', 'Agi', 'Zio']
['Hamaon', 'Auto-Tarukaja', 'Evil Touch', 'Marin Karin']
['Maragi', 'Rebellion', 'Counterstrike', 'Evil Touch']
['Double Fangs', 'Hamaon', 'Agi', 'Marakunda']
['Mahamaon', 'Maragi', 'Zio', 'Agi']
['Rebellion', 'Die for Me!', 'Marin Karin', 'Spirit Drain']
['Zio', 'Marin Karin', 'Marakunda', 'Agi']
['Double Fangs', 'Hama Boost', 'Zio', 'Tarukaja']
['Auto-Tarukaja', 'Zio', 'Counterstrike', 'Tarukaja']
['Zio', 'Agi', 'Spirit Drain', 'Maragi']
['Recarmdra', 'Rebellion', 'Resist Dark', 'Repel Dark']
['Evil Touch', 'Marin Karin', 'Zio', 'Auto-Tarukaja']
['Zio', 'Recarmdra', 'Agi', 'Mediarahan']
['Double Fangs', 'Mediarahan', 'Zio', 'Agi']
['Agi', 'Zio', 'Hama Boost', 'Evil Touch']
['Tarukaja', 'Maragi', 'Agi', 'Double Fangs']
['Zio', 'Marin Karin', 'Evil Touch', 'Double Fangs']
['Evil Touch', 'Die for Me!', 'Spirit Drain', 'Zio']
['Evil Touch', 'Agi', 'Marin Karin', 'Zio']
['Spirit Drain', 'Double Fangs', 'Maragi', 'Agi']
['Counterstrike', 'Marakunda', 'Spirit Drain', 'Zio']
['Agi', 'Tarukaja', 'Mahamaon', 'Zio']
['Agi', 'Resist Dark', 'Tarukaja', 'Rebellion']
['Evil Touch', 'Marin Karin', 'Hamaon', 'Zio']
['Agi', 'Evil Touch', 'Zio', 'Tarukaja']
['Repel Dark', 'Spirit Drain', 'Counterstrike', 'Auto-Tarukaja']
['Rebellion', 'Dekaja', 'Agi', 'Counterstrike']
['Mediarahan', 'Zio', 'Rebellion', 'Hamaon']
['Auto-Tarukaja', 'Dekaja', 'Zio', 'Marin Karin']
['Marin Karin', 'Tarukaja', 'Dekaja', 'Mediarahan']
['Hama Boost', 'Zio', 'Dekaja', 'Agi']
['Tarukaja', 'Double Fangs', 'Zio', 'Maragi']
['Auto-Tarukaja', 'Hamaon', 'Rebellion', 'Hama Boost']
['Marin Karin', 'Repel Dark', 'Marakunda', 'Agi']
['Hamaon', 'Agi', 'Counterstrike', 'Rebellion']
['Marin Karin', 'Hamaon', 'Agi', 'Auto-Tarukaja']
['Dekaja', 'Evil Touch', 'Hama Boost', 'Auto-Tarukaja']
['Rebellion', 'Agi', 'Maragi', 'Resist Dark']
['Mahamaon', 'Repel Dark', 'Double Fangs', 'Maragi']
['Rebellion', 'Auto-Tarukaja', 'Mediarahan', 'Zio']
['Tarukaja', 'Counterstrike', 'Hama Boost', 'Hamaon']
['Spirit Drain', 'Evil Touch', 'Maragi', 'Repel Dark']
['Marin Karin', 'Auto-Tarukaja', 'Hama Boost', 'Double Fangs']
['Evil Touch', 'Counterstrike', 'Agi', 'Tarukaja']
['Agi', 'Zio', 'Counterstrike', 'Rebellion']
['Tarukaja', 'Zio', 'Rebellion', 'Marakunda']
['Maragi', 'Zio', 'Spirit Drain', 'Counterstrike']
['Marin Karin', 'Hamaon', 'Hama Boost', 'Zio']
['Double Fangs', 'Agi', 'Maragi', 'Evil Touch']
['Agi', 'Tarukaja', 'Maragi', 'Zio']
['Dekaja', 'Tarukaja', 'Maragi', 'Zio']
['Tarukaja', 'Hama Boost', 'Rebellion', 'Mediarahan']
['Mahamaon', 'Agi', 'Tarukaja', 'Double Fangs']
['Marin Karin', 'Maragi', 'Double Fangs', 'Tarukaja']
['Spirit Drain', 'Double Fangs', 'Hamaon', 'Zio']
['Zio', 'Double Fangs', 'Recarmdra', 'Maragi']
['Zio', 'Dekaja', 'Maragi', 'Tarukaja']
['Agi', 'Maragi', 'Tarukaja', 'Zio']
['Agi', 'Evil Touch', 'Hama Boost', 'Zio']
['Zio', 'Evil Touch', 'Tarukaja', 'Resist Dark']
['Mahamaon', 'Maragi', 'Zio', 'Dekaja']
['Zio', 'Mahamaon', 'Agi', 'Hamaon']
['Agi', 'Double Fangs', 'Marin Karin', 'Zio']
['Tarukaja', 'Counterstrike', 'Zio', 'Maragi']
['Zio', 'Marin Karin', 'Agi', 'Dekaja']
['Auto-Tarukaja', 'Repel Dark', 'Zio', 'Double Fangs']
['Marin Karin', 'Tarukaja', 'Marakunda', 'Zio']
['Agi', 'Auto-Tarukaja', 'Mahamaon', 'Dekaja']
['Rebellion', 'Agi', 'Zio', 'Double Fangs']
['Zio', 'Maragi', 'Die for Me!', 'Auto-Tarukaja']
['Tarukaja', 'Hama Boost', 'Recarmdra', 'Agi']
['Marin Karin', 'Auto-Tarukaja', 'Zio', 'Agi']
['Double Fangs', 'Zio', 'Dekaja', 'Hamaon']
['Hamaon', 'Auto-Tarukaja', 'Double Fangs', 'Agi']
['Zio', 'Double Fangs', 'Marakunda', 'Evil Touch']
['Hamaon', 'Agi', 'Double Fangs', 'Repel Dark']
['Auto-Tarukaja', 'Tarukaja', 'Hamaon', 'Counterstrike']
['Zio', 'Agi', 'Marin Karin', 'Maragi']
['Marin Karin', 'Spirit Drain', 'Agi', 'Rebellion']
['Agi', 'Evil Touch', 'Hamaon', 'Maragi']
['Rebellion', 'Mahamaon', 'Double Fangs', 'Resist Dark']
['Hama Boost', 'Marin Karin', 'Spirit Drain', 'Zio']
['Zio', 'Maragi', 'Repel Dark', 'Rebellion']
['Marakunda', 'Counterstrike', 'Agi', 'Zio']
['Auto-Tarukaja', 'Marakunda', 'Agi', 'Resist Dark']
['Zio', 'Marin Karin', 'Agi', 'Maragi']
['Zio', 'Agi', 'Auto-Tarukaja', 'Spirit Drain']
['Agi', 'Resist Dark', 'Auto-Tarukaja', 'Evil Touch']
['Hamaon', 'Evil Touch', 'Zio', 'Recarmdra']
['Tarukaja', 'Marakunda', 'Agi', 'Marin Karin']
['Tarukaja', 'Double Fangs', 'Evil Touch', 'Agi']
['Zio', 'Rebellion', 'Agi', 'Marakunda']
['Marakunda', 'Hamaon', 'Maragi', 'Tarukaja']
['Tarukaja', 'Double Fangs', 'Recarmdra', 'Spirit Drain']
['Agi', 'Zio', 'Counterstrike', 'Resist Dark']
['Zio', 'Agi', 'Marin Karin', 'Rebellion']
['Agi', 'Hamaon', 'Die for Me!', 'Maragi']
['Hamaon', 'Agi', 'Marakunda', 'Dekaja']
['Tarukaja', 'Resist Dark', 'Agi', 'Rebellion']
['Double Fangs', 'Agi', 'Zio', 'Hamaon']
['Double Fangs', 'Marakunda', 'Dekaja', 'Hama Boost']
['Double Fangs', 'Zio', 'Spirit Drain', 'Agi']
['Resist Dark', 'Agi', 'Tarukaja', 'Repel Dark']
['Double Fangs', 'Zio', 'Maragi', 'Tarukaja']
['Evil Touch', 'Agi', 'Recarmdra', 'Rebellion']
['Double Fangs', 'Agi', 'Auto-Tarukaja', 'Marakunda']
['Agi', 'Zio', 'Marakunda', 'Tarukaja']
['Maragi', 'Hamaon', 'Zio', 'Counterstrike']
['Recarmdra', 'Hamaon', 'Tarukaja', 'Agi']
['Zio', 'Evil Touch', 'Double Fangs', 'Mahamaon']
['Maragi', 'Agi', 'Mahamaon', 'Rebellion']
['Rebellion', 'Tarukaja', 'Auto-Tarukaja', 'Double Fangs']
['Maragi', 'Double Fangs', 'Agi', 'Recarmdra']
['Zio', 'Rebellion', 'Agi', 'Evil Touch']
['Spirit Drain', 'Repel Dark', 'Marin Karin', 'Agi']
['Mediarahan', 'Agi', 'Auto-Tarukaja', 'Hama Boost']
['Hamaon', 'Maragi', 'Double Fangs', 'Hama Boost']
['Double Fangs', 'Repel Dark', 'Zio', 'Marin Karin']
['Rebellion', 'Mediarahan', 'Zio', 'Double Fangs']
['Rebellion', 'Agi', 'Double Fangs', 'Zio']
['Auto-Tarukaja', 'Resist Dark', 'Marin Karin', 'Evil Touch']
['Marakunda', 'Rebellion', 'Double Fangs', 'Evil Touch']
['Agi', 'Marakunda', 'Counterstrike', 'Double Fangs']
['Hama Boost', 'Counterstrike', 'Zio', 'Rebellion']
['Double Fangs', 'Marakunda', 'Agi', 'Tarukaja']
['Spirit Drain', 'Evil Touch', 'Double Fangs', 'Marin Karin']
['Spirit Drain', 'Marin Karin', 'Marakunda', 'Dekaja']
['Auto-Tarukaja', 'Zio', 'Agi', 'Hamaon']
['Zio', 'Die for Me!', 'Resist Dark', 'Marakunda']
['Die for Me!', 'Tarukaja', 'Hamaon', 'Repel Dark']
['Mahamaon', 'Tarukaja', 'Zio', 'Rebellion']
['Zio', 'Spirit Drain', 'Tarukaja', 'Resist Dark']
['Tarukaja', 'Die for Me!', 'Double Fangs', 'Rebellion']
['Zio', 'Agi', 'Marin Karin', 'Maragi']
['Zio', 'Mediarahan', 'Agi', 'Marakunda']
['Double Fangs', 'Marin Karin', 'Marakunda', 'Rebellion']
['Zio', 'Hama Boost', 'Double Fangs', 'Marin Karin']
['Maragi', 'Auto-Tarukaja', 'Hamaon', 'Zio']
['Auto-Tarukaja', 'Hamaon', 'Spirit Drain', 'Marin Karin']
['Marin Karin', 'Mahamaon', 'Zio', 'Agi']
['Hamaon', 'Resist Dark', 'Rebellion', 'Zio']
['Mediarahan', 'Agi', 'Resist Dark', 'Tarukaja']
['Zio', 'Resist Dark', 'Rebellion', 'Dekaja']
['Zio', 'Tarukaja', 'Resist Dark', 'Double Fangs']
['Auto-Tarukaja', 'Rebellion', 'Mahamaon', 'Spirit Drain']
['Agi', 'Zio', 'Mahamaon', 'Auto-Tarukaja']
['Tarukaja', 'Double Fangs', 'Zio', 'Evil Touch']
['Auto-Tarukaja', 'Double Fangs', 'Zio', 'Resist Dark']
['Zio', 'Tarukaja', 'Dekaja', 'Auto-Tarukaja']
['Tarukaja', 'Marakunda', 'Maragi', 'Agi']
['Marin Karin', 'Counterstrike', 'Double Fangs', 'Agi']
['Double Fangs', 'Rebellion', 'Maragi', 'Zio']
['Agi', 'Spirit Drain', 'Double Fangs', 'Rebellion']
['Counterstrike', 'Tarukaja', 'Agi', 'Spirit Drain']
['Resist Dark', 'Double Fangs', 'Maragi', 'Marakunda']
['Tarukaja', 'Zio', 'Spirit Drain', 'Agi']
['Maragi', 'Auto-Tarukaja', 'Agi', 'Hama Boost']
['Auto-Tarukaja', 'Hama Boost', 'Mediarahan', 'Evil Touch']
['Zio', 'Agi', 'Marakunda', 'Resist Dark']
['Agi', 'Resist Dark', 'Double Fangs', 'Recarmdra']
['Marakunda', 'Marin Karin', 'Double Fangs', 'Agi']
['Recarmdra', 'Evil Touch', 'Agi', 'Rebellion']
['Hama Boost', 'Agi', 'Zio', 'Dekaja']
['Hamaon', 'Maragi', 'Recarmdra', 'Marin Karin']
['Resist Dark', 'Mahamaon', 'Marin Karin', 'Recarmdra']
['Resist Dark', 'Marin Karin', 'Rebellion', 'Maragi']
['Spirit Drain', 'Marin Karin', 'Maragi', 'Zio']
['Tarukaja', 'Agi', 'Mahamaon', 'Recarmdra']
['Zio', 'Tarukaja', 'Maragi', 'Hamaon']
['Dekaja', 'Zio', 'Tarukaja', 'Marin Karin']
['Hamaon', 'Rebellion', 'Tarukaja', 'Double Fangs']
['Mahamaon', 'Evil Touch', 'Rebellion', 'Agi']
['Zio', 'Tarukaja', 'Marin Karin', 'Spirit Drain']
['Zio', 'Repel Dark', 'Agi', 'Recarmdra']
['Evil Touch', 'Zio', 'Auto-Tarukaja', 'Agi']
['Spirit Drain', 'Rebellion', 'Marin Karin', 'Counterstrike']
['Agi', 'Counterstrike', 'Marin Karin', 'Double Fangs']
['Counterstrike', 'Mahamaon', 'Tarukaja', 'Marakunda']
['Zio', 'Evil Touch', 'Counterstrike', 'Agi']
['Zio', 'Rebellion', 'Maragi', 'Double Fangs']
['Rebellion', 'Auto-Tarukaja', 'Marin Karin', 'Zio']
['Double Fangs', 'Maragi', 'Counterstrike', 'Zio']
['Rebellion', 'Zio', 'Tarukaja', 'Agi']
['Agi', 'Hama Boost', 'Tarukaja', 'Counterstrike']
['Resist Dark', 'Rebellion', 'Agi', 'Mahamaon']
['Zio', 'Maragi', 'Dekaja', 'Auto-Tarukaja']
['Auto-Tarukaja', 'Dekaja', 'Zio', 'Mahamaon']
['Agi', 'Evil Touch', 'Resist Dark', 'Tarukaja']
['Agi', 'Mediarahan', 'Hamaon', 'Evil Touch']
['Rebellion', 'Agi', 'Zio', 'Resist Dark']
['Double Fangs', 'Repel Dark', 'Resist Dark', 'Auto-Tarukaja']
['Agi', 'Marin Karin', 'Hamaon', 'Hama Boost']
['Zio', 'Maragi', 'Mediarahan', 'Hama Boost']
['Mediarahan', 'Dekaja', 'Spirit Drain', 'Marin Karin']
['Marin Karin', 'Spirit Drain', 'Agi', 'Counterstrike']
['Maragi', 'Marin Karin', 'Hama Boost', 'Agi']
['Double Fangs', 'Spirit Drain', 'Zio', 'Auto-Tarukaja']
['Marakunda', 'Counterstrike', 'Tarukaja', 'Double Fangs']
['Tarukaja', 'Auto-Tarukaja', 'Marin Karin', 'Hamaon']
['Double Fangs', 'Tarukaja', 'Agi', 'Marakunda']
['Auto-Tarukaja', 'Double Fangs', 'Hama Boost', 'Evil Touch']
['Zio', 'Recarmdra', 'Hama Boost', 'Evil Touch']
['Tarukaja', 'Maragi', 'Rebellion', 'Agi']
['Double Fangs', 'Rebellion', 'Dekaja', 'Hamaon']
['Zio', 'Hamaon', 'Maragi', 'Mahamaon']
['Spirit Drain', 'Mahamaon', 'Hama Boost', 'Agi']
['Agi', 'Spirit Drain', 'Dekaja', 'Resist Dark']
['Evil Touch', 'Auto-Tarukaja', 'Tarukaja', 'Rebellion']
['Mahamaon', 'Agi', 'Die for Me!', 'Rebellion']
['Double Fangs', 'Zio', 'Tarukaja', 'Spirit Drain']
['Zio', 'Double Fangs', 'Counterstrike', 'Evil Touch']
['Rebellion', 'Agi', 'Spirit Drain', 'Tarukaja']
['Zio', 'Double Fangs', 'Marin Karin', 'Tarukaja']
['Tarukaja', 'Hama Boost', 'Marin Karin', 'Mahamaon']
['Maragi', 'Agi', 'Auto-Tarukaja', 'Tarukaja']
['Evil Touch', 'Hamaon', 'Marin Karin', 'Tarukaja']
['Zio', 'Auto-Tarukaja', 'Marin Karin', 'Maragi']
['Counterstrike', 'Zio', 'Rebellion', 'Evil Touch']
['Double Fangs', 'Maragi', 'Rebellion', 'Zio']
['Counterstrike', 'Repel Dark', 'Agi', 'Maragi']
['Mediarahan', 'Agi', 'Zio', 'Marin Karin']
['Dekaja', 'Zio', 'Rebellion', 'Maragi']
['Marin Karin', 'Hama Boost', 'Double Fangs', 'Recarmdra']
['Zio', 'Rebellion', 'Marin Karin', 'Maragi']
['Rebellion', 'Dekaja', 'Tarukaja', 'Hama Boost']
['Rebellion', 'Counterstrike', 'Tarukaja', 'Marin Karin']
['Marakunda', 'Hamaon', 'Marin Karin', 'Repel Dark']
['Zio', 'Marin Karin', 'Evil Touch', 'Double Fangs']
['Evil Touch', 'Zio', 'Tarukaja', 'Mahamaon']
['Agi', 'Dekaja', 'Zio', 'Rebellion']
['Tarukaja', 'Auto-Tarukaja', 'Evil Touch', 'Double Fangs']
['Marin Karin', 'Agi', 'Repel Dark', 'Maragi']
['Zio', 'Rebellion', 'Agi', 'Spirit Drain']
['Agi', 'Marakunda', 'Zio', 'Spirit Drain']
['Mediarahan', 'Repel Dark', 'Zio', 'Marakunda']
['Hamaon', 'Marin Karin', 'Maragi', 'Agi']
['Mahamaon', 'Auto-Tarukaja', 'Marin Karin', 'Maragi']
['Zio', 'Rebellion', 'Spirit Drain', 'Recarmdra']
['Resist Dark', 'Maragi', 'Agi', 'Counterstrike']
['Maragi', 'Tarukaja', 'Marin Karin', 'Agi']
['Tarukaja', 'Rebellion', 'Maragi', 'Zio']
['Zio', 'Resist Dark', 'Hama Boost', 'Auto-Tarukaja']
['Marin Karin', 'Agi', 'Mahamaon', 'Zio']
['Maragi', 'Counterstrike', 'Zio', 'Mediarahan']
['Evil Touch', 'Hama Boost', 'Double Fangs', 'Mahamaon']
['Agi', 'Spirit Drain', 'Hama Boost', 'Resist Dark']
['Tarukaja', 'Agi', 'Hama Boost', 'Maragi']
['Marakunda', 'Zio', 'Double Fangs', 'Rebellion']
['Maragi', 'Agi', 'Marin Karin', 'Double Fangs']
['Zio', 'Agi', 'Marin Karin', 'Double Fangs']
['Maragi', 'Resist Dark', 'Rebellion', 'Agi']
['Mahamaon', 'Hama Boost', 'Double Fangs', 'Marin Karin']
['Marin Karin', 'Tarukaja', 'Maragi', 'Mediarahan']
['Maragi', 'Hama Boost', 'Agi', 'Auto-Tarukaja']
['Hamaon', 'Maragi', 'Marin Karin', 'Spirit Drain']
['Counterstrike', 'Evil Touch', 'Repel Dark', 'Double Fangs']
['Agi', 'Zio', 'Hamaon', 'Mahamaon']
['Counterstrike', 'Double Fangs', 'Agi', 'Rebellion']
['Agi', 'Mahamaon', 'Marakunda', 'Resist Dark']
['Marin Karin', 'Mahamaon', 'Marakunda', 'Agi']
['Marin Karin', 'Agi', 'Resist Dark', 'Zio']
['Agi', 'Counterstrike', 'Rebellion', 'Double Fangs']
['Zio', 'Maragi', 'Evil Touch', 'Agi']
['Mahamaon', 'Double Fangs', 'Rebellion', 'Zio']
