['Fire Boost', 'Foul Breath', 'Mamudoon', 'Provoke', 'Zan-ei']
['Agilao', 'Mighty Swing', 'Dekaja', 'Agidyne', 'Kill Rush']
['Rebellion', 'Maragi', 'Zio', 'Agilao', 'Foul Breath']
['Brave Blade', 'Mighty Swing', 'Kill Rush', 'Fire Boost', 'Tentarafoo']
['Agilao', 'Zan-ei', 'Mighty Swing', 'Rebellion', 'Dekaja']
['Maragi', 'Matarukaja', 'High Counter', 'Rebellion', 'Victory Cry']
['Fire Boost', 'Mighty Swing', 'Maragion', 'High Counter', 'Provoke']
['Dekaja', 'Provoke', 'High Counter', 'Victory Cry', 'Spell Master']
['Provoke', 'Zan-ei', 'Maragi', 'Agidyne', 'Kill Rush']
['Maragion', 'Maragi', 'Rebellion', 'Matarukaja', 'Fire Boost']
['Spell Master', 'Magarudyne', 'Rebellion', 'Fire Boost', 'Foul Breath']
['Matarukaja', 'Maragi', 'Fire Boost', 'Mamudoon', 'Dekaja']
['Agilao', 'High Counter', 'Zio', 'Agidyne', 'Magarudyne']
['Maragion', 'Agilao', 'Provoke', 'High Counter', 'Foul Breath']
['Provoke', 'Zio', 'Agidyne', 'Mighty Swing', 'High Counter']
['Agilao', 'Zan-ei', 'Rebellion', 'Zio', 'Tentarafoo']
['Zio', 'Agilao', 'Rebellion', 'High Counter', 'Maragi']
['Foul Breath', 'Zio', 'Provoke', 'Mighty Swing', 'Agilao']
['Zio', 'Maragi', 'Magarudyne', 'Maragion', 'Fire Boost']
['Mamudoon', 'Mighty Swing', 'Makarakarn', 'Megidolaon', 'Fire Boost']
['Zio', 'Agilao', 'Brave Blade', 'Mighty Swing', 'Fire Boost']
['Zan-ei', 'Foul Breath', 'Magarudyne', 'Makarakarn', 'Matarukaja']
['Tentarafoo', 'Zan-ei', 'Mamudoon', 'Foul Breath', 'Magarudyne']
['Mamudoon', 'Maragion', 'Maragi', 'Zio', 'Agilao']
['Provoke', 'Agilao', 'Zan-ei', 'Foul Breath', 'Fire Boost']
['Makarakarn', 'Rebellion', 'Zio', 'Maragi', 'Matarukaja']
['Zio', 'Tentarafoo', 'Makarakarn', 'Rebellion', 'Dekaja']
['Agidyne', 'Zio', 'Makarakarn', 'Kill Rush', 'Magarudyne']
['Magarudyne', 'Victory Cry', 'Zan-ei', 'Maragi', 'Zio']
['Matarukaja', 'Fire Boost', 'Maragi', 'Zio', 'Zan-ei']
['Tentarafoo', 'Provoke', 'Maragion', 'Zio', 'Fire Boost']
['High Counter', 'Maragi', 'Zan-ei', 'Agilao', 'Rebellion']
['Kill Rush', 'Maragi', 'Tentarafoo', 'Magarudyne', 'Zio']
['Agilao', 'Fire Boost', 'Zio', 'Magarudyne', 'Foul Breath']
['Matarukaja', 'Zio', 'Rebellion', 'High Counter', 'Agidyne']
['Provoke', 'Fire Boost', 'Agilao', 'Dekaja', 'Zio']
['Matarukaja', 'Brave Blade', 'Maragi', 'Zio', 'Mighty Swing']
['Spell Master', 'Agilao', 'Kill Rush', 'Zio', 'Dekaja']
['Victory Cry', 'Foul Breath', 'Agidyne', 'Tentarafoo', 'Zio']
['Maragi', 'Dekaja', 'Mamudoon', 'Brave Blade', 'Rebellion']
['Provoke', 'Zio', 'Dekaja', 'Zan-ei', 'Foul Breath']
['Foul Breath', 'Agidyne', 'Zio', 'Dekaja', 'Mamudoon']
['Zio', 'Provoke', 'Megidolaon', 'Magarudyne', 'Tentarafoo']
['Rebellion', 'Matarukaja', 'Zio', 'Provoke', 'Foul Breath']
['Zio', 'Foul Breath', 'Tentarafoo', 'Matarukaja', 'Provoke']
['Dekaja', 'Agilao', 'Kill Rush', 'Victory Cry', 'Zan-ei']
['Agilao', 'Mamudoon', 'Zio', 'Dekaja', 'Mighty Swing']
['Makarakarn', 'Fire Boost', 'Zio', 'Tentarafoo', 'Mighty Swing']
['Spell Master', 'Mamudoon', 'Provoke', 'Victory Cry', 'Zio']
['Foul Breath', 'Maragi', 'Provoke', 'Rebellion', 'Zio']
['Dekaja', 'Kill Rush', 'Maragi', 'Maragion', 'Fire Boost']
['Makarakarn', 'Zan-ei', 'Zio', 'Foul Breath', 'Provoke']
['Maragi', 'Maragion', 'Zan-ei', 'Fire Boost', 'Magarudyne']
['Provoke', 'High Counter', 'Spell Master', 'Victory Cry', 'Matarukaja']
['High Counter', 'Foul Breath', 'Zan-ei', 'Mighty Swing', 'Zio']
['Kill Rush', 'Zio', 'Fire Boost', 'Rebellion', 'Agidyne']
['Kill Rush', 'Tentarafoo', 'Mamudoon', 'Maragi', 'Mighty Swing']
['Provoke', 'Mamudoon', 'Zio', 'Kill Rush', 'Dekaja']
['Maragi', 'Kill Rush', 'Mighty Swing', 'Provoke', 'Rebellion']
['High Counter', 'Zio', 'Provoke', 'Maragi', 'Fire Boost']
['Fire Boost', 'Foul Breath', 'Maragion', 'Kill Rush', 'Maragi']
['Fire Boost', 'Dekaja', 'Maragi', 'Zio', 'Zan-ei']
['Foul Breath', 'High Counter', 'Rebellion', 'Matarukaja', 'Fire Boost']
['Mighty Swing', 'Rebellion', 'Zan-ei', 'Foul Breath', 'Zio']
['Agilao', 'Foul Breath', 'Fire Boost', 'Zio', 'Maragion']
['Foul Breath', 'Kill Rush', 'Rebellion', 'Zio', 'Tentarafoo']
['Mamudoon', 'Zio', 'Maragi', 'Mighty Swing', 'Foul Breath']
['Kill Rush', 'Provoke', 'Mamudoon', 'Zio', 'Agidyne']
['Fire Boost', 'Maragi', 'Foul Breath', 'Zan-ei', 'Mamudoon']
['Makarakarn', 'Zio', 'Maragi', 'Maragion', 'Foul Breath']
['Zan-ei', 'Agilao', 'Tentarafoo', 'Mighty Swing', 'Fire Boost']
['Matarukaja', 'Zio', 'Brave Blade', 'Zan-ei', 'Foul Breath']
['Maragion', 'Zan-ei', 'Spell Master', 'Fire Boost', 'Rebellion']
['Rebellion', 'Maragion', 'Foul Breath', 'Megidolaon', 'Mighty Swing']
['Zio', 'Maragi', 'Provoke', 'Fire Boost', 'Agidyne']
['Rebellion', 'Mighty Swing', 'Dekaja', 'Foul Breath', 'Maragi']
['Tentarafoo', 'Fire Boost', 'Provoke', 'Mighty Swing', 'Rebellion']
['Spell Master', 'Maragi', 'Fire Boost', 'Agidyne', 'Rebellion']
['Foul Breath', 'Agilao', 'Zio', 'Rebellion', 'Maragion']
['Agidyne', 'Brave Blade', 'Fire Boost', 'Zio', 'Kill Rush']
['Rebellion', 'Kill Rush', 'Agilao', 'Fire Boost', 'Mighty Swing']
['Matarukaja', 'Provoke', 'Kill Rush', 'Zio', 'Rebellion']
['Provoke', 'Mighty Swing', 'Dekaja', 'Kill Rush', 'Zio']
['Foul Breath', 'Agidyne', 'Zio', 'Agilao', 'Mighty Swing']
['Zio', 'Fire Boost', 'Spell Master', 'Dekaja', 'Maragion']
['Foul Breath', 'Magarudyne', 'Zio', 'Maragi', 'High Counter']
['Maragi', 'Magarudyne', 'Agilao', 'Fire Boost', 'Zan-ei']
['Matarukaja', 'Zio', 'Tentarafoo', 'Agidyne', 'Makarakarn']
['Maragi', 'Tentarafoo', 'Provoke', 'Zio', 'Fire Boost']
['Maragi', 'Brave Blade', 'Mighty Swing', 'Fire Boost', 'Agilao']
['Maragion', 'Provoke', 'Rebellion', 'Kill Rush', 'Maragi']
['Tentarafoo', 'Dekaja', 'Spell Master', 'Rebellion', 'Maragi']
['Zio', 'Megidolaon', 'Maragi', 'Zan-ei', 'Fire Boost']
['Fire Boost', 'Zan-ei', 'High Counter', 'Maragi', 'Foul Breath']
['Spell Master', 'Fire Boost', 'Zio', 'Foul Breath', 'Tentarafoo']
['Rebellion', 'High Counter', 'Maragi', 'Zan-ei', 'Dekaja']
['Zan-ei', 'Provoke', 'Maragi', 'Brave Blade', 'Zio']
['Zan-ei', 'Victory Cry', 'Kill Rush', 'Zio', 'Provoke']
['Zio', 'Kill Rush', 'Fire Boost', 'Magarudyne', 'Maragi']
['Zio', 'Agilao', 'Victory Cry', 'Kill Rush', 'Dekaja']
['Agilao', 'Fire Boost', 'Kill Rush', 'Rebellion', 'Magarudyne']
['Zio', 'Megidolaon', 'Foul Breath', 'Provoke', 'Matarukaja']
['Agilao', 'Tentarafoo', 'Magarudyne', 'Matarukaja', 'Agidyne']
['Agidyne', 'Fire Boost', 'Zan-ei', 'Makarakarn', 'Rebellion']
['Dekaja', 'Maragi', 'Foul Breath', 'Zan-ei', 'Spell Master']
['Foul Breath', 'Fire Boost', 'Mamudoon', 'Megidolaon', 'Provoke']
['Foul Breath', 'Matarukaja', 'Fire Boost', 'Zan-ei', 'Maragion']
['Maragi', 'Maragion', 'Zio', 'Rebellion', 'Provoke']
['Tentarafoo', 'Provoke', 'Spell Master', 'Agilao', 'Magarudyne']
['Brave Blade', 'Mighty Swing', 'Zio', 'Maragi', 'Zan-ei']
['Maragion', 'Provoke', 'Fire Boost', 'Rebellion', 'Mamudoon']
['Magarudyne', 'Fire Boost', 'Provoke', 'Maragion', 'Tentarafoo']
['Megidolaon', 'Zio', 'Agilao', 'Maragion', 'Rebellion']
['Foul Breath', 'Maragi', 'Provoke', 'Zio', 'Fire Boost']
['Foul Breath', 'Zio', 'Agilao', 'Rebellion', 'Provoke']
['Maragi', 'Agidyne', 'Rebellion', 'Zan-ei', 'Zio']
['Provoke', 'Agilao', 'Fire Boost', 'Foul Breath', 'Mamudoon']
['Foul Breath', 'Rebellion', 'High Counter', 'Mighty Swing', 'Maragion']
['Agilao', 'Mamudoon', 'Magarudyne', 'Brave Blade', 'Rebellion']
['Megidolaon', 'Maragi', 'Zio', 'Rebellion', 'Brave Blade']
['Makarakarn', 'Matarukaja', 'Fire Boost', 'Zio', 'Mamudoon']
['Foul Breath', 'Spell Master', 'Rebellion', 'High Counter', 'Fire Boost']
['Agidyne', 'Foul Breath', 'Zan-ei', 'Zio', 'Mighty Swing']
['Maragion', 'Tentarafoo', 'Makarakarn', 'Provoke', 'Rebellion']
['Dekaja', 'Zio', 'Magarudyne', 'Foul Breath', 'Agidyne']
['Rebellion', 'Matarukaja', 'Provoke', 'High Counter', 'Agilao']
['Matarukaja', 'Maragion', 'Rebellion', 'Zio', 'Brave Blade']
['Zio', 'Rebellion', 'Maragion', 'Foul Breath', 'Zan-ei']
['Zio', 'Foul Breath', 'Rebellion', 'Makarakarn', 'Provoke']
['Zio', 'Maragi', 'Victory Cry', 'Fire Boost', 'Agilao']
['Zio', 'Agilao', 'Zan-ei', 'Rebellion', 'Fire Boost']
['Foul Breath', 'Agilao', 'High Counter', 'Agidyne', 'Rebellion']
['Kill Rush', 'Maragi', 'Megidolaon', 'Tentarafoo', 'Zio']
['Mighty Swing', 'Rebellion', 'Makarakarn', 'Zan-ei', 'Foul Breath']
['Rebellion', 'Zio', 'Maragion', 'Provoke', 'Maragi']
['Tentarafoo', 'Agilao', 'Fire Boost', 'Maragi', 'Rebellion']
['Tentarafoo', 'High Counter', 'Brave Blade', 'Foul Breath', 'Magarudyne']
['Zio', 'High Counter', 'Foul Breath', 'Agidyne', 'Maragi']
['Zan-ei', 'Fire Boost', 'Rebellion', 'Foul Breath', 'Provoke']
['Fire Boost', 'Makarakarn', 'Kill Rush', 'Mamudoon', 'Agilao']
['Provoke', 'Maragi', 'Megidolaon', 'Zio', 'Maragion']
['Fire Boost', 'Foul Breath', 'Provoke', 'Agilao', 'Dekaja']
['Zio', 'Provoke', 'Rebellion', 'High Counter', 'Foul Breath']
['Zio', 'Foul Breath', 'Zan-ei', 'Rebellion', 'Makarakarn']
['Zio', 'Provoke', 'Fire Boost', 'Foul Breath', 'Kill Rush']
['Provoke', 'Maragi', 'Rebellion', 'Mighty Swing', 'Matarukaja']
['Kill Rush', 'High Counter', 'Foul Breath', 'Mamudoon', 'Brave Blade']
['Brave Blade', 'Zio', 'Rebellion', 'Makarakarn', 'Matarukaja']
['Tentarafoo', 'Mighty Swing', 'Maragi', 'Fire Boost', 'Zio']
['Kill Rush', 'Rebellion', 'Magarudyne', 'Foul Breath', 'Zio']
['High Counter', 'Foul Breath', 'Maragion', 'Zan-ei', 'Rebellion']
['Zio', 'Provoke', 'Magarudyne', 'Mamudoon', 'Maragi']
['Makarakarn', 'Agilao', 'Zio', 'Maragi', 'Provoke']
['Zan-ei', 'Agilao', 'Mighty Swing', 'Fire Boost', 'Zio']
['Rebellion', 'Maragi', 'Zio', 'High Counter', 'Provoke']
['Tentarafoo', 'Provoke', 'Maragi', 'Fire Boost', 'High Counter']
['Rebellion', 'Dekaja', 'Zio', 'High Counter', 'Matarukaja']
['Zio', 'Maragi', 'Mighty Swing', 'Spell Master', 'Kill Rush']
['Brave Blade', 'Provoke', 'Victory Cry', 'Fire Boost', 'Makarakarn']
['Zio', 'Fire Boost', 'Matarukaja', 'Dekaja', 'Provoke']
['Provoke', 'Agilao', 'Tentarafoo', 'Zan-ei', 'Foul Breath']
['Fire Boost', 'Rebellion', 'Provoke', 'Zio', 'Foul Breath']
['Foul Breath', 'Zio', 'Provoke', 'Maragion', 'Tentarafoo']
['Dekaja', 'Mighty Swing', 'Zio', 'Maragi', 'Fire Boost']
['Provoke', 'Zio', 'Maragi', 'Maragion', 'Dekaja']
['Zio', 'Foul Breath', 'Provoke', 'Mighty Swing', 'Fire Boost']
['Zan-ei', 'Agilao', 'Kill Rush', 'Tentarafoo', 'Zio']
['Fire Boost', 'Tentarafoo', 'Rebellion', 'Makarakarn', 'Megidolaon']
['Zio', 'Agilao', 'Maragion', 'Kill Rush', 'Fire Boost']
['Maragi', 'High Counter', 'Kill Rush', 'Mamudoon', 'Tentarafoo']
['Maragi', 'Matarukaja', 'Provoke', 'High Counter', 'Agilao']
['Fire Boost', 'Zan-ei', 'Kill Rush', 'Makarakarn', 'Tentarafoo']
['Mighty Swing', 'Rebellion', 'Agidyne', 'Zio', 'Agilao']
['Dekaja', 'Agidyne', 'Foul Breath', 'Makarakarn', 'Spell Master']
['Maragion', 'Dekaja', 'Foul Breath', 'Agidyne', 'Maragi']
['Rebellion', 'Fire Boost', 'Kill Rush', 'Zio', 'Mighty Swing']
['Fire Boost', 'Magarudyne', 'Zan-ei', 'Foul Breath', 'Megidolaon']
['Matarukaja', 'Foul Breath', 'Makarakarn', 'Megidolaon', 'Rebellion']
['High Counter', 'Fire Boost', 'Rebellion', 'Agilao', 'Tentarafoo']
['Foul Breath', 'High Counter', 'Dekaja', 'Zio', 'Makarakarn']
['Foul Breath', 'Fire Boost', 'High Counter', 'Rebellion', 'Mamudoon']
['Zan-ei', 'Mamudoon', 'Megidolaon', 'Zio', 'High Counter']
['Rebellion', 'Megidolaon', 'Foul Breath', 'Zio', 'Kill Rush']
['Victory Cry', 'Tentarafoo', 'Maragi', 'Agilao', 'Provoke']
['Agilao', 'Rebellion', 'Provoke', 'Zio', 'Fire Boost']
['Mighty Swing', 'Dekaja', 'Maragion', 'Zio', 'Kill Rush']
['Fire Boost', 'Zan-ei', 'Matarukaja', 'Provoke', 'Foul Breath']
['Fire Boost', 'Foul Breath', 'Maragi', 'Zio', 'Victory Cry']
['Zan-ei', 'Makarakarn', 'Zio', 'Maragi', 'Rebellion']
['Zio', 'Provoke', 'Agidyne', 'Fire Boost', 'Mighty Swing']
['Maragi', 'Rebellion', 'Mighty Swing', 'Tentarafoo', 'Fire Boost']
['Maragion', 'Fire Boost', 'Zio', 'Mamudoon', 'Zan-ei']
['Mamudoon', 'Magarudyne', 'Zan-ei', 'Mighty Swing', 'Rebellion']
['Rebellion', 'Fire Boost', 'Foul Breath', 'Agidyne', 'High Counter']
['Maragi', 'Fire Boost', 'Mamudoon', 'Zan-ei', 'Zio']
['Provoke', 'Zan-ei', 'Dekaja', 'Rebellion', 'Foul Breath']
['Victory Cry', 'Dekaja', 'Foul Breath', 'Mighty Swing', 'High Counter']
['Maragion', 'Matarukaja', 'Mighty Swing', 'Zio', 'Provoke']
['Maragi', 'Kill Rush', 'Dekaja', 'Provoke', 'Megidolaon']
['Brave Blade', 'Zio', 'Fire Boost', 'Mamudoon', 'Kill Rush']
['Kill Rush', 'Foul Breath', 'Mamudoon', 'Zio', 'Agilao']
['Zio', 'Tentarafoo', 'Spell Master', 'Matarukaja', 'Kill Rush']
['Agidyne', 'Tentarafoo', 'Megidolaon', 'Agilao', 'Rebellion']
['Provoke', 'Fire Boost', 'Agilao', 'Foul Breath', 'Maragion']
['Foul Breath', 'Agilao', 'Rebellion', 'Fire Boost', 'Zio']
['Rebellion', 'Mighty Swing', 'Zio', 'Agidyne', 'Maragi']
['Dekaja', 'Megidolaon', 'Kill Rush', 'Agilao', 'Foul Breath']
['High Counter', 'Fire Boost', 'Maragion', 'Kill Rush', 'Mighty Swing']
['Victory Cry', 'Tentarafoo', 'Agilao', 'Zio', 'Maragi']
['Provoke', 'Zio', 'Maragi', 'Fire Boost', 'Foul Breath']
['Zio', 'Mamudoon', 'Matarukaja', 'Megidolaon', 'Maragi']
['Kill Rush', 'Zio', 'Foul Breath', 'Rebellion', 'Provoke']
['Zio', 'Mighty Swing', 'Foul Breath', 'Kill Rush', 'Maragion']
['Agidyne', 'Victory Cry', 'Zio', 'Maragi', 'Foul Breath']
['Kill Rush', 'Megidolaon', 'Zio', 'Provoke', 'Rebellion']
['High Counter', 'Agidyne', 'Mighty Swing', 'Dekaja', 'Fire Boost']
['Foul Breath', 'Spell Master', 'Agidyne', 'Provoke', 'Kill Rush']
['High Counter', 'Zio', 'Provoke', 'Victory Cry', 'Tentarafoo']
['Maragi', 'Dekaja', 'Fire Boost', 'Mamudoon', 'Rebellion']
['Mighty Swing', 'Fire Boost', 'Zio', 'Foul Breath', 'Mamudoon']
['Agilao', 'Kill Rush', 'High Counter', 'Tentarafoo', 'Zio']
['Kill Rush', 'Agidyne', 'Magarudyne', 'Tentarafoo', 'Dekaja']
['Maragion', 'High Counter', 'Mighty Swing', 'Provoke', 'Zio']
['Rebellion', 'Matarukaja', 'Agilao', 'Tentarafoo', 'High Counter']
['Megidolaon', 'Zio', 'Tentarafoo', 'High Counter', 'Maragion']
['Provoke', 'Megidolaon', 'Zio', 'Fire Boost', 'Makarakarn']
['Maragion', 'Agilao', 'Victory Cry', 'Megidolaon', 'Zio']
['Agilao', 'Foul Breath', 'Agidyne', 'Zan-ei', 'Mighty Swing']
['Maragi', 'Rebellion', 'Tentarafoo', 'Provoke', 'Makarakarn']
['Magarudyne', 'Megidolaon', 'Mamudoon', 'Zio', 'Makarakarn']
['Mighty Swing', 'Fire Boost', 'Dekaja', 'Maragion', 'Kill Rush']
['Rebellion', 'Tentarafoo', 'Maragion', 'Provoke', 'Zio']
['Zio', 'Dekaja', 'Rebellion', 'Maragi', 'Agilao']
['Matarukaja', 'Provoke', 'Rebellion', 'Mighty Swing', 'Maragi']
['High Counter', 'Zio', 'Provoke', 'Foul Breath', 'Zan-ei']
['Victory Cry', 'Matarukaja', 'Brave Blade', 'Provoke', 'Maragi']
['Zio', 'Zan-ei', 'Victory Cry', 'Rebellion', 'Dekaja']
['Makarakarn', 'Zio', 'Dekaja', 'Brave Blade', 'Zan-ei']
['High Counter', 'Provoke', 'Zan-ei', 'Maragi', 'Agidyne']
['Zan-ei', 'Agidyne', 'Dekaja', 'Fire Boost', 'Zio']
['Maragi', 'Agidyne', 'Rebellion', 'Zio', 'Fire Boost']
['Zio', 'Foul Breath', 'Magarudyne', 'Maragi', 'Tentarafoo']
['Rebellion', 'Agilao', 'Zio', 'Maragion', 'Foul Breath']
['Agilao', 'Maragi', 'Makarakarn', 'Zio', 'Mighty Swing']
['Zio', 'Rebellion', 'Megidolaon', 'Maragi', 'Fire Boost']
['Agidyne', 'High Counter', 'Mighty Swing', 'Zan-ei', 'Agilao']
['Dekaja', 'Provoke', 'Kill Rush', 'Matarukaja', 'Megidolaon']
['Zio', 'Magarudyne', 'Fire Boost', 'Rebellion', 'Provoke']
['Fire Boost', 'Megidolaon', 'Agilao', 'Maragi', 'Zio']
['Rebellion', 'Matarukaja', 'Agilao', 'Spell Master', 'Provoke']
['Matarukaja', 'Foul Breath', 'Zio', 'Agilao', 'Makarakarn']
['Zio', 'High Counter', 'Fire Boost', 'Megidolaon', 'Rebellion']
['Maragi', 'Rebellion', 'Mamudoon', 'Zan-ei', 'Dekaja']
['Zan-ei', 'Zio', 'Rebellion', 'High Counter', 'Kill Rush']
['Maragion', 'Fire Boost', 'Foul Breath', 'Mighty Swing', 'Mamudoon']
['Zio', 'Zan-ei', 'Provoke', 'Tentarafoo', 'Fire Boost']
['Foul Breath', 'Zio', 'Kill Rush', 'Zan-ei', 'Mighty Swing']
['Magarudyne', 'Mamudoon', 'Agidyne', 'Maragi', 'Zio']
['Kill Rush', 'Maragi', 'Maragion', 'Dekaja', 'Tentarafoo']
['Zio', 'Dekaja', 'Tentarafoo', 'Foul Breath', 'Fire Boost']
['Maragi', 'High Counter', 'Fire Boost', 'Zio', 'Mamudoon']
['Zio', 'Foul Breath', 'Fire Boost', 'Tentarafoo', 'Maragi']
['High Counter', 'Mighty Swing', 'Maragi', 'Fire Boost', 'Maragion']
['Matarukaja', 'Foul Breath', 'Agilao', 'Zio', 'Mighty Swing']
['Zio', 'Dekaja', 'High Counter', 'Rebellion', 'Mamudoon']
['Mamudoon', 'Maragion', 'Victory Cry', 'Zio', 'Zan-ei']
['Megidolaon', 'Provoke', 'Maragi', 'Zio', 'Foul Breath']
['Maragi', 'Mighty Swing', 'Rebellion', 'Fire Boost', 'Agidyne']
['Provoke', 'Makarakarn', 'Victory Cry', 'Zio', 'Maragi']
['Mamudoon', 'Fire Boost', 'Matarukaja', 'Provoke', 'Spell Master']
['Zio', 'Rebellion', 'Agilao', 'Maragi', 'Matarukaja']
['Victory Cry', 'Rebellion', 'Maragion', 'Zio', 'Mighty Swing']
['Tentarafoo', 'Agidyne', 'Fire Boost', 'Kill Rush', 'Zio']
['Foul Breath', 'Fire Boost', 'Mighty Swing', 'Provoke', 'Agidyne']
['Rebellion', 'Fire Boost', 'High Counter', 'Brave Blade', 'Mighty Swing']
['Dekaja', 'Rebellion', 'Fire Boost', 'Tentarafoo', 'Matarukaja']
['Provoke', 'Zio', 'Foul Breath', 'Maragi', 'Mamudoon']
['Maragi', 'Provoke', 'Mamudoon', 'Fire Boost', 'Agidyne']
['Fire Boost', 'Agidyne', 'Zan-ei', 'Rebellion', 'High Counter']
['Mighty Swing', 'Provoke', 'Maragi', 'Dekaja', 'Zio']
['Dekaja', 'Agilao', 'Mamudoon', 'Provoke', 'Kill Rush']
['Zio', 'Victory Cry', 'Foul Breath', 'Makarakarn', 'Tentarafoo']
['Mighty Swing', 'Victory Cry', 'Zio', 'Provoke', 'Tentarafoo']
['Maragi', 'Zio', 'Brave Blade', 'Provoke', 'Fire Boost']
['Agidyne', 'High Counter', 'Makarakarn', 'Foul Breath', 'Kill Rush']
['Provoke', 'High Counter', 'Mighty Swing', 'Agilao', 'Fire Boost']
['Fire Boost', 'Provoke', 'Mamudoon', 'Magarudyne', 'Dekaja']
['Provoke', 'Maragion', 'Tentarafoo', 'Zan-ei', 'Zio']
['Rebellion', 'Zio', 'Brave Blade', 'Mamudoon', 'Provoke']
['Foul Breath', 'Makarakarn', 'Maragi', 'Provoke', 'Zan-ei']
['Makarakarn', 'Spell Master', 'Victory Cry', 'Kill Rush', 'Fire Boost']
['Zio', 'Tentarafoo', 'Magarudyne', 'High Counter', 'Fire Boost']
['Zio', 'Fire Boost', 'Maragi', 'Dekaja', 'Mamudoon']
['Provoke', 'Maragi', 'Spell Master', 'Maragion', 'Kill Rush']
['Matarukaja', 'Mighty Swing', 'Zio', 'Megidolaon', 'Mamudoon']
['Foul Breath', 'Zio', 'Provoke', 'Zan-ei', 'Magarudyne']
['Tentarafoo', 'Brave Blade', 'Makarakarn', 'Dekaja', 'Magarudyne']
['Kill Rush', 'Dekaja', 'Tentarafoo', 'Brave Blade', 'Mamudoon']
['Dekaja', 'Agilao', 'High Counter', 'Maragi', 'Fire Boost']
['Mamudoon', 'Maragi', 'Dekaja', 'Zio', 'Rebellion']
['High Counter', 'Kill Rush', 'Megidolaon', 'Brave Blade', 'Zio']
['Foul Breath', 'Kill Rush', 'Zio', 'Matarukaja', 'Victory Cry']
['Mighty Swing', 'Zan-ei', 'Magarudyne', 'Dekaja', 'Fire Boost']
['Mamudoon', 'Magarudyne', 'Megidolaon', 'Agidyne', 'Maragion']
['Rebellion', 'Foul Breath', 'Tentarafoo', 'Mamudoon', 'Kill Rush']
['High Counter', 'Agilao', 'Kill Rush', 'Maragi', 'Dekaja']
['Rebellion', 'Zan-ei', 'Agidyne', 'Matarukaja', 'Zio']
['Provoke', 'Maragi', 'Victory Cry', 'Spell Master', 'Zio']
['Zio', 'Fire Boost', 'Matarukaja', 'Foul Breath', 'Provoke']
['Zan-ei', 'Maragion', 'Maragi', 'Kill Rush', 'Zio']
['Agidyne', 'Zan-ei', 'Rebellion', 'Spell Master', 'Foul Breath']
['Makarakarn', 'Zan-ei', 'Agidyne', 'Provoke', 'Rebellion']
['Provoke', 'Kill Rush', 'High Counter', 'Brave Blade', 'Fire Boost']
['Rebellion', 'Dekaja', 'Agilao', 'Makarakarn', 'Matarukaja']
['Foul Breath', 'Fire Boost', 'Matarukaja', 'Kill Rush', 'Mamudoon']
['Provoke', 'Dekaja', 'Magarudyne', 'Agilao', 'Fire Boost']
['Agilao', 'Fire Boost', 'Zio', 'Kill Rush', 'Zan-ei']
['Foul Breath', 'Fire Boost', 'Zio', 'Agidyne', 'Magarudyne']
['Foul Breath', 'Mighty Swing', 'Matarukaja', 'Brave Blade', 'Rebellion']
['Zio', 'Agidyne', 'Kill Rush', 'Foul Breath', 'Tentarafoo']
['Maragion', 'Dekaja', 'Brave Blade', 'Magarudyne', 'Kill Rush']
['Zio', 'Maragi', 'Fire Boost', 'Matarukaja', 'Zan-ei']
['Kill Rush', 'Agidyne', 'Maragi', 'High Counter', 'Spell Master']
['Makarakarn', 'Zio', 'Agidyne', 'Maragion', 'Dekaja']
['Matarukaja', 'Agilao', 'Zan-ei', 'Kill Rush', 'Maragion']
['Maragion', 'Dekaja', 'Rebellion', 'Zan-ei', 'Fire Boost']
['Zan-ei', 'Provoke', 'Rebellion', 'Zio', 'Foul Breath']
['Provoke', 'Zio', 'Mighty Swing', 'Agilao', 'Kill Rush']
['Agilao', 'Fire Boost', 'Kill Rush', 'Foul Breath', 'Zio']
['Makarakarn', 'Victory Cry', 'Rebellion', 'Zio', 'Provoke']
['Rebellion', 'Maragion', 'Foul Breath', 'Agilao', 'Kill Rush']
['Victory Cry', 'Maragi', 'Provoke', 'Dekaja', 'Maragion']
['High Counter', 'Magarudyne', 'Provoke', 'Zan-ei', 'Victory Cry']
['Megidolaon', 'Provoke', 'Agilao', 'Zio', 'Maragi']
['Zio', 'Agidyne', 'Makarakarn', 'Brave Blade', 'High Counter']
['Magarudyne', 'Mamudoon', 'Zio', 'Makarakarn', 'Tentarafoo']
['Matarukaja', 'Magarudyne', 'Tentarafoo', 'Maragion', 'Zan-ei']
['Rebellion', 'Foul Breath', 'Agilao', 'Matarukaja', 'Zan-ei']
['Tentarafoo', 'Zio', 'Rebellion', 'Brave Blade', 'Mamudoon']
['Magarudyne', 'High Counter', 'Foul Breath', 'Maragi', 'Agidyne']
['Maragion', 'Rebellion', 'Agilao', 'Tentarafoo', 'Brave Blade']
['Agilao', 'Rebellion', 'Maragi', 'Fire Boost', 'Foul Breath']
['Tentarafoo', 'Mighty Swing', 'Maragi', 'Foul Breath', 'Makarakarn']
['Rebellion', 'Maragi', 'Fire Boost', 'Zio', 'Kill Rush']
['Rebellion', 'Provoke', 'Foul Breath', 'Agidyne', 'High Counter']
['Provoke', 'Magarudyne', 'Spell Master', 'Kill Rush', 'Agilao']
['Megidolaon', 'Provoke', 'Fire Boost', 'Maragi', 'Zio']
['Magarudyne', 'Fire Boost', 'Agidyne', 'Tentarafoo', 'Maragi']
['Kill Rush', 'Agidyne', 'Zio', 'Maragi', 'Mighty Swing']
['Fire Boost', 'Rebellion', 'Tentarafoo', 'Zio', 'Agilao']
['Fire Boost', 'Zio', 'Zan-ei', 'Agilao', 'Megidolaon']
['Magarudyne', 'Zio', 'Mighty Swing', 'Mamudoon', 'Agilao']
['Kill Rush', 'Zio', 'Provoke', 'Agilao', 'Mighty Swing']
['Mighty Swing', 'Zan-ei', 'Fire Boost', 'Makarakarn', 'Provoke']
['Mighty Swing', 'Fire Boost', 'Dekaja', 'Brave Blade', 'Zio']
['Mighty Swing', 'Agilao', 'Foul Breath', 'Tentarafoo', 'Zio']
['Kill Rush', 'Foul Breath', 'Agidyne', 'Provoke', 'Fire Boost']
['Dekaja', 'Zio', 'Provoke', 'Maragi', 'Megidolaon']
['Fire Boost', 'Maragi', 'Agilao', 'Zio', 'Tentarafoo']
['Brave Blade', 'Matarukaja', 'Agidyne', 'Zio', 'Mighty Swing']
['Mamudoon', 'Tentarafoo', 'Kill Rush', 'Provoke', 'Rebellion']
['Dekaja', 'Foul Breath', 'Maragi', 'Victory Cry', 'Fire Boost']
['Zio', 'High Counter', 'Foul Breath', 'Zan-ei', 'Mighty Swing']
['Zio', 'Provoke', 'Zan-ei', 'Fire Boost', 'Maragi']
['Zan-ei', 'Zio', 'High Counter', 'Agilao', 'Fire Boost']
['Victory Cry', 'Agidyne', 'Tentarafoo', 'Maragi', 'Magarudyne']
['Agidyne', 'Makarakarn', 'Agilao', 'Zan-ei', 'Fire Boost']
['Rebellion', 'Kill Rush', 'Spell Master', 'Agidyne', 'Maragi']
['Zan-ei', 'Fire Boost', 'Provoke', 'Dekaja', 'Maragi']
['Rebellion', 'Agilao', 'Foul Breath', 'Fire Boost', 'Maragi']
['Provoke', 'Maragi', 'Zan-ei', 'Mamudoon', 'Zio']
['Zio', 'Agilao', 'Foul Breath', 'Maragi', 'Kill Rush']
['Zio', 'Agilao', 'Kill Rush', 'Magarudyne', 'Dekaja']
['Tentarafoo', 'Dekaja', 'Zio', 'Agidyne', 'Rebellion']
['Maragion', 'Fire Boost', 'Zan-ei', 'Provoke', 'Kill Rush']
['Megidolaon', 'Magarudyne', 'Rebellion', 'Kill Rush', 'Mamudoon']
['Brave Blade', 'Rebellion', 'Zio', 'Dekaja', 'Zan-ei']
['Mighty Swing', 'Kill Rush', 'Foul Breath', 'Spell Master', 'Agidyne']
['Megidolaon', 'Rebellion', 'Maragi', 'Fire Boost', 'Agilao']
['Maragion', 'Fire Boost', 'Rebellion', 'Foul Breath', 'High Counter']
['Zan-ei', 'Agilao', 'Magarudyne', 'Brave Blade', 'Victory Cry']
['High Counter', 'Spell Master', 'Magarudyne', 'Zio', 'Mamudoon']
['Zio', 'Kill Rush', 'Tentarafoo', 'Provoke', 'Rebellion']
['Provoke', 'Zio', 'Rebellion', 'Tentarafoo', 'Agidyne']
['Mamudoon', 'Foul Breath', 'High Counter', 'Maragi', 'Kill Rush']
['Makarakarn', 'Fire Boost', 'Tentarafoo', 'Provoke', 'High Counter']
['Spell Master', 'Rebellion', 'Foul Breath', 'High Counter', 'Zio']
['Dekaja', 'Victory Cry', 'Tentarafoo', 'Rebellion', 'Mamudoon']
['Mighty Swing', 'Maragi', 'Maragion', 'Victory Cry', 'Foul Breath']
['Provoke', 'Maragion', 'Agidyne', 'Victory Cry', 'Kill Rush']
['Maragi', 'Zio', 'Maragion', 'Rebellion', 'Agilao']
['High Counter', 'Matarukaja', 'Dekaja', 'Maragion', 'Provoke']
['Zio', 'Maragi', 'Agidyne', 'Foul Breath', 'Victory Cry']
['Provoke', 'Dekaja', 'Brave Blade', 'Fire Boost', 'Zio']
['Zio', 'Agilao', 'Zan-ei', 'Tentarafoo', 'Agidyne']
['Tentarafoo', 'Maragi', 'Maragion', 'Rebellion', 'Brave Blade']
['Makarakarn', 'Agidyne', 'Rebellion', 'Victory Cry', 'Mighty Swing']
['Zan-ei', 'Maragi', 'Megidolaon', 'Provoke', 'Maragion']
['Mighty Swing', 'Agilao', 'Maragion', 'Zio', 'Provoke']
['Maragi', 'Zio', 'Agidyne', 'Zan-ei', 'Makarakarn']
['Spell Master', 'Provoke', 'Tentarafoo', 'Mamudoon', 'Agilao']
['Fire Boost', 'High Counter', 'Kill Rush', 'Foul Breath', 'Zio']
['Maragi', 'Zio', 'Rebellion', 'Mamudoon', 'Provoke']
['Fire Boost', 'Zio', 'Agidyne', 'Makarakarn', 'Rebellion']
['Matarukaja', 'Tentarafoo', 'Fire Boost', 'Dekaja', 'Zio']
['Tentarafoo', 'Magarudyne', 'Provoke', 'Agidyne', 'Fire Boost']
['Zan-ei', 'Maragi', 'Fire Boost', 'Zio', 'Agilao']
['Maragi', 'Victory Cry', 'Provoke', 'Kill Rush', 'Zio']
['Fire Boost', 'Agilao', 'Maragion', 'Mamudoon', 'Zio']
['Rebellion', 'Magarudyne', 'Kill Rush', 'Agilao', 'Mighty Swing']
['Foul Breath', 'Mamudoon', 'Zan-ei', 'Zio', 'High Counter']
['Dekaja', 'Mighty Swing', 'Kill Rush', 'Provoke', 'Fire Boost']
['Provoke', 'Mighty Swing', 'Rebellion', 'High Counter', 'Matarukaja']
['Dekaja', 'Provoke', 'Zio', 'Rebellion', 'Foul Breath']
['Foul Breath', 'Tentarafoo', 'Mighty Swing', 'Makarakarn', 'Megidolaon']
['Agilao', 'Fire Boost', 'Zio', 'Maragi', 'Provoke']
['Rebellion', 'Provoke', 'Maragi', 'Kill Rush', 'Zio']
['Maragi', 'Kill Rush', 'Tentarafoo', 'Rebellion', 'High Counter']
['Zio', 'Fire Boost', 'Maragi', 'Brave Blade', 'Foul Breath']
['Foul Breath', 'Kill Rush', 'High Counter', 'Agidyne', 'Maragi']
['Mighty Swing', 'Dekaja', 'Maragi', 'Fire Boost', 'Zio']
['Mamudoon', 'Rebellion', 'Zio', 'Agilao', 'Maragi']
['Agilao', 'Agidyne', 'Fire Boost', 'Zan-ei', 'Foul Breath']
['Foul Breath', 'High Counter', 'Dekaja', 'Provoke', 'Rebellion']
['Zio', 'Agilao', 'Maragi', 'Dekaja', 'Mamudoon']
['Foul Breath', 'Tentarafoo', 'Rebellion', 'Agilao', 'Mighty Swing']
['Zio', 'Agidyne', 'Victory Cry', 'Rebellion', 'Provoke']
['High Counter', 'Kill Rush', 'Dekaja', 'Megidolaon', 'Mighty Swing']
['Dekaja', 'Mighty Swing', 'Makarakarn', 'Matarukaja', 'Mamudoon']
['Zio', 'Foul Breath', 'Provoke', 'Agidyne', 'Brave Blade']
['Brave Blade', 'Zio', 'Provoke', 'Agilao', 'Kill Rush']
['Maragion', 'Foul Breath', 'Mighty Swing', 'Provoke', 'Matarukaja']
['Zio', 'Fire Boost', 'Makarakarn', 'Agidyne', 'Megidolaon']
['Agidyne', 'Matarukaja', 'Mighty Swing', 'Megidolaon', 'Zio']
['Zio', 'Provoke', 'Agilao', 'Dekaja', 'Maragi']
['Megidolaon', 'Agilao', 'Zio', 'Maragi', 'Provoke']
['Maragion', 'Zio', 'Fire Boost', 'Zan-ei', 'Rebellion']
['Makarakarn', 'Tentarafoo', 'Mighty Swing', 'Fire Boost', 'Foul Breath']
['Agilao', 'Kill Rush', 'Zio', 'Rebellion', 'Foul Breath']
['Matarukaja', 'Dekaja', 'Zan-ei', 'Rebellion', 'Makarakarn']
['Agilao', 'Mighty Swing', 'Maragi', 'Victory Cry', 'Foul Breath']
['Dekaja', 'Tentarafoo', 'Zio', 'Maragion', 'Provoke']
['High Counter', 'Foul Breath', 'Matarukaja', 'Zio', 'Victory Cry']
['Rebellion', 'Zio', 'Makarakarn', 'Tentarafoo', 'High Counter']
['Provoke', 'Fire Boost', 'Zan-ei', 'Victory Cry', 'Zio']
['Zio', 'Matarukaja', 'Provoke', 'Magarudyne', 'Dekaja']
['Matarukaja', 'Zan-ei', 'Magarudyne', 'Zio', 'Maragi']
['Zio', 'Provoke', 'High Counter', 'Magarudyne', 'Agilao']
['Rebellion', 'Zio', 'Maragi', 'High Counter', 'Tentarafoo']
['Brave Blade', 'Provoke', 'Agilao', 'Zio', 'Makarakarn']
['Provoke', 'Zio', 'Megidolaon', 'Agidyne', 'Fire Boost']
['Zio', 'Provoke', 'Victory Cry', 'Zan-ei', 'Kill Rush']
['Zio', 'High Counter', 'Maragion', 'Provoke', 'Rebellion']
['Zio', 'Maragi', 'Rebellion', 'Agidyne', 'Tentarafoo']
['Zio', 'Spell Master', 'Maragi', 'Victory Cry', 'Fire Boost']
['Fire Boost', 'Foul Breath', 'Zio', 'Mamudoon', 'Tentarafoo']
['Maragion', 'Mighty Swing', 'Agidyne', 'Megidolaon', 'Rebellion']
['Foul Breath', 'Tentarafoo', 'Victory Cry', 'Maragion', 'Fire Boost']
['Agidyne', 'Provoke', 'Maragi', 'Kill Rush', 'Matarukaja']
['Maragi', 'Tentarafoo', 'Maragion', 'Rebellion', 'Zio']
['Zio', 'Agilao', 'Mamudoon', 'Megidolaon', 'Victory Cry']
['Victory Cry', 'Provoke', 'Megidolaon', 'Zio', 'Mighty Swing']
['Mighty Swing', 'Fire Boost', 'Rebellion', 'Zio', 'Provoke']
['Maragion', 'Zio', 'Maragi', 'Spell Master', 'Provoke']
['Zio', 'Maragi', 'Zan-ei', 'Mighty Swing', 'Foul Breath']
['Matarukaja', 'Kill Rush', 'Provoke', 'Zan-ei', 'Foul Breath']
['Rebellion', 'Provoke', 'Zio', 'Magarudyne', 'Foul Breath']
['Kill Rush', 'Agilao', 'Dekaja', 'Zio', 'Foul Breath']
['Zio', 'Agilao', 'Dekaja', 'Rebellion', 'Maragi']
['Zan-ei', 'Maragi', 'Mamudoon', 'Rebellion', 'Mighty Swing']
['Fire Boost', 'Kill Rush', 'Zio', 'Foul Breath', 'Maragi']
['Zio', 'Kill Rush', 'Megidolaon', 'High Counter', 'Agilao']
['Agilao', 'Zio', 'Zan-ei', 'Fire Boost', 'Maragi']
['Zio', 'Provoke', 'Maragi', 'Agidyne', 'Fire Boost']
['Brave Blade', 'Matarukaja', 'Maragi', 'Magarudyne', 'Zan-ei']
['Fire Boost', 'Kill Rush', 'Maragi', 'Rebellion', 'Zio']
['Zio', 'Agilao', 'Rebellion', 'Megidolaon', 'Fire Boost']
['Zio', 'Maragi', 'Foul Breath', 'Rebellion', 'Fire Boost']
['Rebellion', 'High Counter', 'Maragion', 'Victory Cry', 'Fire Boost']
['Zio', 'Dekaja', 'Makarakarn', 'Foul Breath', 'Rebellion']
['Foul Breath', 'Mamudoon', 'Rebellion', 'Provoke', 'Makarakarn']
['Mamudoon', 'Maragi', 'Provoke', 'Victory Cry', 'Agidyne']
['Magarudyne', 'Fire Boost', 'Maragi', 'Rebellion', 'High Counter']
['Zan-ei', 'Fire Boost', 'High Counter', 'Rebellion', 'Brave Blade']
['Provoke', 'Zio', 'Kill Rush', 'Fire Boost', 'Brave Blade']
['Mighty Swing', 'Matarukaja', 'Kill Rush', 'Fire Boost', 'Zan-ei']
['Brave Blade', 'Spell Master', 'Agilao', 'Zio', 'Matarukaja']
['Megidolaon', 'Victory Cry', 'Foul Breath', 'Fire Boost', 'Zio']
['Fire Boost', 'Maragi', 'Brave Blade', 'Kill Rush', 'Spell Master']
['Zio', 'Rebellion', 'Victory Cry', 'Tentarafoo', 'Makarakarn']
['Foul Breath', 'Zio', 'High Counter', 'Zan-ei', 'Provoke']
['Tentarafoo', 'Fire Boost', 'Provoke', 'Zio', 'Matarukaja']
['Fire Boost', 'Provoke', 'High Counter', 'Rebellion', 'Zio']
['Fire Boost', 'Zan-ei', 'Maragion', 'Agidyne', 'Matarukaja']
['Tentarafoo', 'Provoke', 'Rebellion', 'Dekaja', 'Zio']
['Zan-ei', 'Zio', 'Provoke', 'Mighty Swing', 'Brave Blade']
['Megidolaon', 'Mamudoon', 'Agilao', 'Kill Rush', 'Zio']
['Provoke', 'Kill Rush', 'Zio', 'Makarakarn', 'Rebellion']
['High Counter', 'Spell Master', 'Zio', 'Fire Boost', 'Foul Breath']
['Matarukaja', 'Foul Breath', 'Rebellion', 'Makarakarn', 'Zio']
['Brave Blade', 'Zan-ei', 'Foul Breath', 'Mighty Swing', 'Spell Master']
['Matarukaja', 'Provoke', 'High Counter', 'Zio', 'Zan-ei']
['Agilao', 'Provoke', 'Victory Cry', 'Foul Breath', 'High Counter']
['Zan-ei', 'Dekaja', 'Provoke', 'Spell Master', 'Rebellion']
['Rebellion', 'Brave Blade', 'Provoke', 'Dekaja', 'Maragion']
['Zio', 'Zan-ei', 'Maragi', 'Foul Breath', 'Maragion']
['Provoke', 'Zio', 'Maragi', 'Rebellion', 'Victory Cry']
['Zio', 'Rebellion', 'Maragion', 'Foul Breath', 'Mamudoon']
['Agilao', 'Magarudyne', 'High Counter', 'Mighty Swing', 'Mamudoon']
['Magarudyne', 'Zio', 'Maragi', 'Foul Breath', 'Maragion']
['Zan-ei', 'Rebellion', 'Provoke', 'Brave Blade', 'Foul Breath']
['Zio', 'Agilao', 'High Counter', 'Provoke', 'Matarukaja']
['Zan-ei', 'Spell Master', 'High Counter', 'Zio', 'Provoke']
['Agilao', 'Zio', 'Spell Master', 'Tentarafoo', 'Foul Breath']
['Tentarafoo', 'Zio', 'Zan-ei', 'Spell Master', 'High Counter']
['Foul Breath', 'Spell Master', 'Zio', 'Mamudoon', 'Tentarafoo']
['Zio', 'Maragi', 'Dekaja', 'Provoke', 'Rebellion']
['Agidyne', 'Foul Breath', 'Makarakarn', 'Mighty Swing', 'Rebellion']
['Agidyne', 'Provoke', 'Zan-ei', 'Makarakarn', 'Kill Rush']
['Foul Breath', 'Agidyne', 'Zio', 'Tentarafoo', 'Agilao']
['Kill Rush', 'Rebellion', 'Zan-ei', 'Maragi', 'Zio']
['Fire Boost', 'Mamudoon', 'Mighty Swing', 'Megidolaon', 'Kill Rush']
['Agilao', 'Zan-ei', 'Spell Master', 'Megidolaon', 'Agidyne']
['Zio', 'Dekaja', 'Mamudoon', 'Brave Blade', 'Maragion']
['Foul Breath', 'Rebellion', 'Zio', 'Fire Boost', 'Maragi']
['Zan-ei', 'Foul Breath', 'Zio', 'Kill Rush', 'Provoke']
['Foul Breath', 'Zio', 'Zan-ei', 'Maragi', 'Makarakarn']
['Tentarafoo', 'Zio', 'Provoke', 'Mamudoon', 'Kill Rush']
['Zan-ei', 'Agidyne', 'Kill Rush', 'Zio', 'Matarukaja']
['Agilao', 'Maragion', 'Maragi', 'Zio', 'Magarudyne']
['Provoke', 'Maragion', 'Zio', 'Foul Breath', 'Tentarafoo']
['Zan-ei', 'Mamudoon', 'Provoke', 'Maragion', 'Spell Master']
['Maragion', 'Kill Rush', 'Agilao', 'Zio', 'Mighty Swing']
['Mamudoon', 'Mighty Swing', 'High Counter', 'Dekaja', 'Zan-ei']
['Foul Breath', 'Zio', 'Zan-ei', 'Maragi', 'Agilao']
['Foul Breath', 'Rebellion', 'High Counter', 'Maragi', 'Zio']
['High Counter', 'Spell Master', 'Fire Boost', 'Mamudoon', 'Maragi']
['Maragi', 'Mighty Swing', 'Rebellion', 'High Counter', 'Maragion']
['Zan-ei', 'Kill Rush', 'Fire Boost', 'Agilao', 'Spell Master']
['Zio', 'Provoke', 'Mamudoon', 'Makarakarn', 'Fire Boost']
['Zan-ei', 'Rebellion', 'Fire Boost', 'Zio', 'Spell Master']
['Foul Breath', 'Agidyne', 'Spell Master', 'Zan-ei', 'Mamudoon']
['Foul Breath', 'Agidyne', 'Dekaja', 'Maragion', 'Zio']
['Fire Boost', 'Mamudoon', 'Brave Blade', 'Zan-ei', 'Tentarafoo']
['Maragi', 'Provoke', 'High Counter', 'Agidyne', 'Rebellion']
['Zio', 'Maragi', 'High Counter', 'Foul Breath', 'Tentarafoo']
['Zan-ei', 'Tentarafoo', 'Mighty Swing', 'Kill Rush', 'Zio']
['Fire Boost', 'Kill Rush', 'High Counter', 'Provoke', 'Zio']
['Maragi', 'Magarudyne', 'Zio', 'Maragion', 'Provoke']
['Mighty Swing', 'Kill Rush', 'Zio', 'Fire Boost', 'Maragi']
['Tentarafoo', 'Zio', 'Fire Boost', 'Foul Breath', 'High Counter']
['Zio', 'Brave Blade', 'Spell Master', 'Fire Boost', 'Mighty Swing']
['Rebellion', 'Maragi', 'Fire Boost', 'Agidyne', 'Zio']
['Provoke', 'Agidyne', 'Agilao', 'Foul Breath', 'Brave Blade']
['Tentarafoo', 'Provoke', 'Foul Breath', 'Fire Boost', 'Maragi']
['Megidolaon', 'Makarakarn', 'Foul Breath', 'Zio', 'Agidyne']
['Zio', 'Mighty Swing', 'Mamudoon', 'Brave Blade', 'Maragi']
['Zio', 'Foul Breath', 'Maragion', 'Mighty Swing', 'Victory Cry']
['Zio', 'Magarudyne', 'Provoke', 'Maragi', 'Kill Rush']
['Agilao', 'Zio', 'Maragi', 'Magarudyne', 'Kill Rush']
['High Counter', 'Agidyne', 'Provoke', 'Foul Breath', 'Fire Boost']
['Rebellion', 'Maragi', 'Zio', 'Provoke', 'Tentarafoo']
['Provoke', 'Zio', 'Magarudyne', 'Agilao', 'Matarukaja']
['Kill Rush', 'Zio', 'Foul Breath', 'High Counter', 'Provoke']
['Matarukaja', 'Foul Breath', 'Maragi', 'Agilao', 'Mighty Swing']
['Rebellion', 'Foul Breath', 'Makarakarn', 'Zio', 'Brave Blade']
['Victory Cry', 'Rebellion', 'Kill Rush', 'Megidolaon', 'Maragi']
['Zio', 'Foul Breath', 'Spell Master', 'Fire Boost', 'Tentarafoo']
['Megidolaon', 'Zio', 'Kill Rush', 'Tentarafoo', 'Matarukaja']
['Dekaja', 'Mighty Swing', 'Agidyne', 'Fire Boost', 'Agilao']
['Zio', 'Mamudoon', 'Rebellion', 'Provoke', 'Kill Rush']
['Megidolaon', 'Matarukaja', 'Agilao', 'Tentarafoo', 'Fire Boost']
['Dekaja', 'Kill Rush', 'Matarukaja', 'Mamudoon', 'Provoke']
['Makarakarn', 'Zio', 'Maragion', 'Matarukaja', 'Dekaja']
['Provoke', 'Fire Boost', 'Maragi', 'Tentarafoo', 'Mighty Swing']
['Rebellion', 'Victory Cry', 'Kill Rush', 'Zio', 'Dekaja']
['Foul Breath', 'Zio', 'Zan-ei', 'Maragi', 'Rebellion']
['Zan-ei', 'Fire Boost', 'Maragion', 'Tentarafoo', 'Provoke']
['Zio', 'Provoke', 'Makarakarn', 'Fire Boost', 'Maragi']
['Agilao', 'Maragi', 'Foul Breath', 'Agidyne', 'Tentarafoo']
['Magarudyne', 'Foul Breath', 'Kill Rush', 'Provoke', 'Brave Blade']
['Makarakarn', 'Foul Breath', 'High Counter', 'Agilao', 'Maragi']
['Zio', 'Mamudoon', 'Agilao', 'Brave Blade', 'Fire Boost']
['Agidyne', 'Fire Boost', 'Agilao', 'Maragion', 'Zio']
['Maragi', 'Rebellion', 'Agilao', 'Provoke', 'Zan-ei']
['Provoke', 'Agilao', 'Mighty Swing', 'Maragi', 'Kill Rush']
['Rebellion', 'High Counter', 'Fire Boost', 'Foul Breath', 'Maragion']
['Provoke', 'Mamudoon', 'Zio', 'Agidyne', 'Dekaja']
['Foul Breath', 'Zio', 'Zan-ei', 'Kill Rush', 'Fire Boost']
['Zio', 'Mamudoon', 'Matarukaja', 'Rebellion', 'Zan-ei']
['Agilao', 'Matarukaja', 'Fire Boost', 'Victory Cry', 'Rebellion']
['Dekaja', 'Maragi', 'Foul Breath', 'Rebellion', 'Megidolaon']
['Zan-ei', 'Foul Breath', 'Provoke', 'Zio', 'Maragion']
['Fire Boost', 'Foul Breath', 'Agilao', 'High Counter', 'Brave Blade']
['Foul Breath', 'Magarudyne', 'Zio', 'Agidyne', 'Provoke']
['Rebellion', 'Provoke', 'Fire Boost', 'Zan-ei', 'Zio']
['Magarudyne', 'Kill Rush', 'Foul Breath', 'Rebellion', 'Makarakarn']
['Brave Blade', 'Victory Cry', 'Agilao', 'Megidolaon', 'Agidyne']
['Rebellion', 'Mamudoon', 'Foul Breath', 'Agilao', 'Zio']
['Rebellion', 'Zio', 'Maragion', 'Maragi', 'Zan-ei']
['Mamudoon', 'Foul Breath', 'Rebellion', 'Zio', 'Brave Blade']
['Foul Breath', 'Zio', 'Mighty Swing', 'Kill Rush', 'Agilao']
['Matarukaja', 'Provoke', 'Rebellion', 'Zio', 'High Counter']
['Agilao', 'Fire Boost', 'Foul Breath', 'Mamudoon', 'Magarudyne']
['Zio', 'Kill Rush', 'Mamudoon', 'Spell Master', 'Rebellion']
['Provoke', 'Fire Boost', 'Maragi', 'Foul Breath', 'Tentarafoo']
['Zio', 'Foul Breath', 'Agilao', 'Mighty Swing', 'Maragion']
['Zan-ei', 'Provoke', 'Maragi', 'Brave Blade', 'Magarudyne']
['Matarukaja', 'Maragi', 'Zio', 'Provoke', 'Megidolaon']
['Tentarafoo', 'Foul Breath', 'Agilao', 'Maragi', 'Makarakarn']
['Mamudoon', 'Kill Rush', 'Zio', 'Maragi', 'Rebellion']
['Maragi', 'Fire Boost', 'Agidyne', 'Zan-ei', 'Rebellion']
['Rebellion', 'Kill Rush', 'Mamudoon', 'Brave Blade', 'High Counter']
['Rebellion', 'Fire Boost', 'Maragi', 'Makarakarn', 'Kill Rush']
['Victory Cry', 'Zio', 'Agilao', 'Provoke', 'Foul Breath']
['Maragi', 'Rebellion', 'Makarakarn', 'Matarukaja', 'Provoke']
['Provoke', 'Foul Breath', 'Megidolaon', 'Makarakarn', 'Rebellion']
['Rebellion', 'High Counter', 'Zan-ei', 'Agilao', 'Matarukaja']
['Agilao', 'Fire Boost', 'Maragi', 'Zio', 'Foul Breath']
['Zan-ei', 'Zio', 'Brave Blade', 'Maragi', 'Provoke']
['Fire Boost', 'Mighty Swing', 'Zio', 'Maragion', 'Kill Rush']
['Maragion', 'Rebellion', 'Fire Boost', 'Maragi', 'Makarakarn']
['Agilao', 'Victory Cry', 'Foul Breath', 'Provoke', 'Zio']
['Rebellion', 'Maragi', 'Fire Boost', 'Agidyne', 'Foul Breath']
['Tentarafoo', 'Magarudyne', 'Provoke', 'Foul Breath', 'Fire Boost']
['Megidolaon', 'Zio', 'Rebellion', 'Agilao', 'Victory Cry']
['Zio', 'Rebellion', 'Matarukaja', 'Tentarafoo', 'Provoke']
['Kill Rush', 'Zan-ei', 'Fire Boost', 'Megidolaon', 'Provoke']
['Provoke', 'Zio', 'Rebellion', 'Spell Master', 'Kill Rush']
['Zan-ei', 'Maragi', 'Zio', 'Magarudyne', 'Provoke']
['Rebellion', 'Provoke', 'Mighty Swing', 'Fire Boost', 'Zio']
['Zio', 'Fire Boost', 'Maragi', 'Provoke', 'Magarudyne']
['Tentarafoo', 'Provoke', 'Victory Cry', 'Magarudyne', 'Kill Rush']
['Zio', 'Brave Blade', 'Kill Rush', 'Fire Boost', 'Provoke']
['Provoke', 'Agidyne', 'Fire Boost', 'Foul Breath', 'Maragi']
['Agidyne', 'High Counter', 'Kill Rush', 'Zan-ei', 'Mighty Swing']
['Makarakarn', 'High Counter', 'Maragion', 'Fire Boost', 'Zan-ei']
['Zio', 'Zan-ei', 'Foul Breath', 'Mighty Swing', 'Kill Rush']
['Tentarafoo', 'Makarakarn', 'Kill Rush', 'Maragi', 'Agilao']
['Kill Rush', 'Agidyne', 'Foul Breath', 'Makarakarn', 'Mighty Swing']
['Maragi', 'Fire Boost', 'Zio', 'High Counter', 'Kill Rush']
['Provoke', 'Fire Boost', 'Zan-ei', 'Mighty Swing', 'Maragion']
['Provoke', 'Zio', 'Maragi', 'Maragion', 'Zan-ei']
['Kill Rush', 'Maragi', 'Zio', 'Matarukaja', 'Brave Blade']
['Zan-ei', 'Provoke', 'Magarudyne', 'Agidyne', 'Tentarafoo']
['Dekaja', 'Maragi', 'Matarukaja', 'Agilao', 'Zio']
['Zio', 'Provoke', 'Fire Boost', 'Maragion', 'Maragi']
['Dekaja', 'Rebellion', 'Agilao', 'Mighty Swing', 'Zio']
['Fire Boost', 'Provoke', 'Rebellion', 'Zio', 'Tentarafoo']
['Zio', 'Provoke', 'Maragi', 'Fire Boost', 'Dekaja']
['Mighty Swing', 'Fire Boost', 'Maragion', 'Mamudoon', 'Rebellion']
['Zio', 'Zan-ei', 'Agilao', 'Maragi', 'Rebellion']
['Rebellion', 'Magarudyne', 'Dekaja', 'Spell Master', 'Maragi']
['Zan-ei', 'Kill Rush', 'Brave Blade', 'Zio', 'Rebellion']
['Zan-ei', 'Foul Breath', 'Dekaja', 'Provoke', 'Fire Boost']
['Rebellion', 'Agilao', 'Fire Boost', 'Zio', 'Provoke']
['Kill Rush', 'Zio', 'Rebellion', 'Foul Breath', 'Fire Boost']
['Fire Boost', 'Mighty Swing', 'Makarakarn', 'Agilao', 'Rebellion']
['Zio', 'Maragi', 'Maragion', 'Foul Breath', 'Zan-ei']
['Tentarafoo', 'Kill Rush', 'Brave Blade', 'Maragi', 'Zan-ei']
['Maragi', 'Fire Boost', 'Zio', 'Matarukaja', 'High Counter']
['Mighty Swing', 'Foul Breath', 'Magarudyne', 'Fire Boost', 'Kill Rush']
['Victory Cry', 'Brave Blade', 'Zio', 'Agidyne', 'Provoke']
['Foul Breath', 'Maragi', 'Zan-ei', 'Fire Boost', 'Mamudoon']
['Fire Boost', 'Zio', 'Rebellion', 'Foul Breath', 'Tentarafoo']
['High Counter', 'Fire Boost', 'Zio', 'Provoke', 'Matarukaja']
['Zan-ei', 'Provoke', 'Agilao', 'Fire Boost', 'Brave Blade']
['Zio', 'Mighty Swing', 'Mamudoon', 'Magarudyne', 'Foul Breath']
['Zio', 'Matarukaja', 'Provoke', 'Maragion', 'Kill Rush']
['Fire Boost', 'Zio', 'Foul Breath', 'Megidolaon', 'Rebellion']
['Spell Master', 'Zio', 'Brave Blade', 'Agilao', 'Rebellion']
['Rebellion', 'Brave Blade', 'Foul Breath', 'Megidolaon', 'Zio']
['Tentarafoo', 'Zio', 'Provoke', 'Mighty Swing', 'Mamudoon']
['Kill Rush', 'Rebellion', 'Foul Breath', 'Agidyne', 'Spell Master']
['Zio', 'Foul Breath', 'Rebellion', 'Magarudyne', 'Dekaja']
['Foul Breath', 'Matarukaja', 'Tentarafoo', 'Provoke', 'Rebellion']
['Mighty Swing', 'Zan-ei', 'Agidyne', 'Kill Rush', 'Rebellion']
['Fire Boost', 'Rebellion', 'Provoke', 'Zio', 'Maragi']
['Maragi', 'Kill Rush', 'Rebellion', 'High Counter', 'Fire Boost']
['Maragi', 'Kill Rush', 'Provoke', 'Matarukaja', 'Zan-ei']
['Mighty Swing', 'Kill Rush', 'Makarakarn', 'High Counter', 'Agilao']
['Foul Breath', 'Agilao', 'Zio', 'Agidyne', 'Victory Cry']
['Zan-ei', 'Dekaja', 'Rebellion', 'Mamudoon', 'Megidolaon']
['Agidyne', 'Foul Breath', 'Tentarafoo', 'Spell Master', 'Dekaja']
['Foul Breath', 'Fire Boost', 'Maragi', 'Brave Blade', 'Agilao']
['Provoke', 'Zio', 'Zan-ei', 'Fire Boost', 'Agidyne']
['Foul Breath', 'Maragi', 'Zio', 'Agilao', 'Provoke']
['Agilao', 'Zio', 'Provoke', 'Magarudyne', 'Makarakarn']
['Zio', 'Foul Breath', 'Provoke', 'Rebellion', 'Kill Rush']
['Agilao', 'Kill Rush', 'Megidolaon', 'Zan-ei', 'Magarudyne']
['Zio', 'Maragi', 'Zan-ei', 'Brave Blade', 'Mamudoon']
['Provoke', 'Maragi', 'Zan-ei', 'Matarukaja', 'Makarakarn']
['Matarukaja', 'Kill Rush', 'Mighty Swing', 'Foul Breath', 'Zio']
['Zio', 'Agidyne', 'Provoke', 'Kill Rush', 'Mamudoon']
['Mamudoon', 'Zio', 'Zan-ei', 'Fire Boost', 'Mighty Swing']
['Agilao', 'Zio', 'Provoke', 'Tentarafoo', 'Matarukaja']
['Dekaja', 'Provoke', 'Fire Boost', 'Zio', 'Zan-ei']
['Provoke', 'Mamudoon', 'Zio', 'Agilao', 'Kill Rush']
['Zan-ei', 'Foul Breath', 'Kill Rush', 'Zio', 'Fire Boost']
['Zio', 'Foul Breath', 'Brave Blade', 'Agilao', 'Provoke']
['Mamudoon', 'Rebellion', 'High Counter', 'Matarukaja', 'Kill Rush']
['Zio', 'Tentarafoo', 'Agilao', 'Mighty Swing', 'Maragion']
['Fire Boost', 'Rebellion', 'Maragi', 'Agilao', 'High Counter']
['Zio', 'High Counter', 'Fire Boost', 'Makarakarn', 'Foul Breath']
['Maragion', 'Makarakarn', 'High Counter', 'Foul Breath', 'Zan-ei']
['Rebellion', 'Maragi', 'Mighty Swing', 'Provoke', 'Fire Boost']
['Dekaja', 'Matarukaja', 'Mamudoon', 'Maragi', 'Maragion']
['Foul Breath', 'Maragion', 'Zan-ei', 'Fire Boost', 'Maragi']
['Rebellion', 'Foul Breath', 'Spell Master', 'Zio', 'Makarakarn']
['Provoke', 'Maragi', 'Fire Boost', 'Zan-ei', 'Zio']
['Maragion', 'Mighty Swing', 'Zio', 'Maragi', 'Kill Rush']
['Zio', 'Foul Breath', 'Rebellion', 'Fire Boost', 'Zan-ei']
['Rebellion', 'Foul Breath', 'Maragi', 'High Counter', 'Kill Rush']
['Kill Rush', 'Maragi', 'Fire Boost', 'Mamudoon', 'High Counter']
['Kill Rush', 'Matarukaja', 'Maragion', 'Agilao', 'Maragi']
['Zio', 'Tentarafoo', 'Fire Boost', 'Foul Breath', 'Victory Cry']
['Mighty Swing', 'Maragion', 'Fire Boost', 'High Counter', 'Victory Cry']
['Kill Rush', 'Provoke', 'Rebellion', 'Maragion', 'Agidyne']
['Mighty Swing', 'Foul Breath', 'Agidyne', 'Maragi', 'Zan-ei']
['Agidyne', 'High Counter', 'Spell Master', 'Foul Breath', 'Dekaja']
['Zio', 'Rebellion', 'Foul Breath', 'Maragi', 'Victory Cry']
['Spell Master', 'Makarakarn', 'Mamudoon', 'Rebellion', 'Victory Cry']
['Kill Rush', 'Maragi', 'Rebellion', 'Foul Breath', 'Mamudoon']
['Zio', 'Spell Master', 'Matarukaja', 'Brave Blade', 'Foul Breath']
['Matarukaja', 'Agidyne', 'Provoke', 'Maragi', 'Victory Cry']
['Zan-ei', 'Tentarafoo', 'Maragion', 'Foul Breath', 'Magarudyne']
['Mighty Swing', 'Fire Boost', 'Matarukaja', 'Zio', 'Foul Breath']
['Mamudoon', 'Rebellion', 'Zio', 'Agilao', 'Dekaja']
['Zio', 'Megidolaon', 'Fire Boost', 'Makarakarn', 'Rebellion']
['Zio', 'Maragi', 'Foul Breath', 'Fire Boost', 'Kill Rush']
['Megidolaon', 'Mighty Swing', 'Matarukaja', 'Foul Breath', 'Zio']
['Kill Rush', 'Foul Breath', 'Rebellion', 'Tentarafoo', 'Zio']
['Zio', 'Provoke', 'Rebellion', 'Mamudoon', 'Agilao']
['Mamudoon', 'Fire Boost', 'Zio', 'Provoke', 'Kill Rush']
['Fire Boost', 'Zio', 'Zan-ei', 'Mighty Swing', 'Agilao']
['Zio', 'Maragion', 'Provoke', 'Magarudyne', 'Rebellion']
['Zan-ei', 'Victory Cry', 'Maragi', 'Makarakarn', 'Tentarafoo']
['Mamudoon', 'Maragi', 'Zan-ei', 'Fire Boost', 'Zio']
['Kill Rush', 'Fire Boost', 'Zio', 'High Counter', 'Victory Cry']
['Provoke', 'Megidolaon', 'Mighty Swing', 'Kill Rush', 'Magarudyne']
['Rebellion', 'Maragion', 'Maragi', 'Agidyne', 'Megidolaon']
['Foul Breath', 'Maragi', 'Fire Boost', 'Megidolaon', 'Provoke']
['Mamudoon', 'Foul Breath', 'Provoke', 'Rebellion', 'Zio']
['Maragi', 'Zio', 'Tentarafoo', 'Mamudoon', 'Agilao']
['Foul Breath', 'Zio', 'Fire Boost', 'Provoke', 'Rebellion']
['Agidyne', 'Tentarafoo', 'Maragi', 'Matarukaja', 'Zio']
['Provoke', 'Fire Boost', 'Agilao', 'Mighty Swing', 'Magarudyne']
['Dekaja', 'High Counter', 'Zio', 'Agidyne', 'Zan-ei']
['Provoke', 'Matarukaja', 'Maragi', 'Foul Breath', 'Zio']
['Fire Boost', 'Brave Blade', 'Agidyne', 'Tentarafoo', 'Provoke']
['Mighty Swing', 'High Counter', 'Zio', 'Maragion', 'Agilao']
['Kill Rush', 'Zio', 'Makarakarn', 'Rebellion', 'Victory Cry']
['Zio', 'Maragi', 'Provoke', 'Fire Boost', 'Zan-ei']
['Maragi', 'Tentarafoo', 'Victory Cry', 'Zio', 'Mighty Swing']
['Zio', 'Kill Rush', 'Rebellion', 'Maragi', 'Foul Breath']
['Kill Rush', 'Tentarafoo', 'Fire Boost', 'Maragion', 'Rebellion']
['Zio', 'Kill Rush', 'Zan-ei', 'Maragi', 'Brave Blade']
['Foul Breath', 'Kill Rush', 'Zan-ei', 'Zio', 'Maragi']
['Provoke', 'Tentarafoo', 'Rebellion', 'High Counter', 'Zan-ei']
['Zio', 'Matarukaja', 'Maragi', 'Provoke', 'Maragion']
['Megidolaon', 'Maragion', 'Zio', 'Fire Boost', 'Victory Cry']
['Zio', 'Provoke', 'Agilao', 'Fire Boost', 'Foul Breath']
['Foul Breath', 'Agilao', 'Kill Rush', 'Zio', 'Fire Boost']
['Matarukaja', 'Fire Boost', 'Zan-ei', 'Rebellion', 'Agilao']
['Rebellion', 'Maragi', 'Agidyne', 'Agilao', 'Zio']
['Zio', 'Rebellion', 'Kill Rush', 'Maragion', 'Victory Cry']
['Zio', 'Megidolaon', 'Makarakarn', 'Kill Rush', 'Rebellion']
['Magarudyne', 'Zio', 'Foul Breath', 'Rebellion', 'Zan-ei']
['Agilao', 'Spell Master', 'Foul Breath', 'Zan-ei', 'Zio']
['Foul Breath', 'Provoke', 'Maragi', 'Zio', 'Rebellion']
['Zio', 'Mighty Swing', 'High Counter', 'Maragion', 'Megidolaon']
['Brave Blade', 'Kill Rush', 'Provoke', 'Maragion', 'Agidyne']
['Kill Rush', 'Tentarafoo', 'Agidyne', 'Rebellion', 'Zio']
['Rebellion', 'Maragion', 'Maragi', 'Victory Cry', 'Kill Rush']
['Zan-ei', 'Dekaja', 'Kill Rush', 'Maragion', 'Fire Boost']
['Agidyne', 'Matarukaja', 'Zio', 'Maragi', 'Victory Cry']
['Mighty Swing', 'Matarukaja', 'Rebellion', 'Magarudyne', 'Provoke']
['Maragi', 'Fire Boost', 'High Counter', 'Foul Breath', 'Zan-ei']
['Zan-ei', 'Zio', 'Maragi', 'Brave Blade', 'Provoke']
['Provoke', 'Spell Master', 'Zan-ei', 'Dekaja', 'Maragion']
['Maragi', 'Zio', 'Dekaja', 'Victory Cry', 'Agilao']
['Zio', 'Zan-ei', 'Kill Rush', 'Megidolaon', 'Provoke']
['Foul Breath', 'Agilao', 'Magarudyne', 'Mighty Swing', 'Zio']
['Foul Breath', 'Maragi', 'Zan-ei', 'Mamudoon', 'Zio']
['Provoke', 'Rebellion', 'Foul Breath', 'Mamudoon', 'Dekaja']
['Zio', 'Zan-ei', 'Fire Boost', 'Agilao', 'Maragi']
['Zio', 'Maragion', 'Fire Boost', 'Provoke', 'Maragi']
['Zan-ei', 'Provoke', 'Agilao', 'Zio', 'Foul Breath']
['Maragi', 'Magarudyne', 'Fire Boost', 'Mamudoon', 'Rebellion']
['Provoke', 'Fire Boost', 'Maragi', 'Rebellion', 'Zan-ei']
['Dekaja', 'Mighty Swing', 'Fire Boost', 'Provoke', 'Foul Breath']
['Fire Boost', 'Zio', 'Rebellion', 'Victory Cry', 'Magarudyne']
['Zan-ei', 'Agidyne', 'Mamudoon', 'Agilao', 'Zio']
['Maragion', 'Kill Rush', 'Provoke', 'Rebellion', 'Maragi']
['Zio', 'Foul Breath', 'Victory Cry', 'Fire Boost', 'Agilao']
['Rebellion', 'Matarukaja', 'Agidyne', 'Zio', 'Dekaja']
['Megidolaon', 'Maragi', 'Mamudoon', 'Zio', 'Rebellion']
['Megidolaon', 'Makarakarn', 'Zio', 'Kill Rush', 'Dekaja']
['Maragion', 'Foul Breath', 'Zio', 'Makarakarn', 'Provoke']
['High Counter', 'Dekaja', 'Brave Blade', 'Zan-ei', 'Provoke']
['Provoke', 'Zan-ei', 'Maragi', 'Brave Blade', 'Zio']
['Rebellion', 'Zan-ei', 'Zio', 'Mighty Swing', 'Maragion']
['Zio', 'Matarukaja', 'Kill Rush', 'Rebellion', 'Zan-ei']
['High Counter', 'Provoke', 'Rebellion', 'Zio', 'Kill Rush']
['Agidyne', 'Matarukaja', 'Maragion', 'Zio', 'Kill Rush']
['Provoke', 'Kill Rush', 'Agidyne', 'Zan-ei', 'Foul Breath']
['Agilao', 'Maragion', 'Zan-ei', 'Zio', 'Rebellion']
['Mamudoon', 'Zio', 'Megidolaon', 'Dekaja', 'Maragion']
['Magarudyne', 'Tentarafoo', 'Foul Breath', 'Maragi', 'Maragion']
['Maragi', 'Magarudyne', 'Zan-ei', 'Agilao', 'Foul Breath']
['Foul Breath', 'High Counter', 'Matarukaja', 'Fire Boost', 'Magarudyne']
['Rebellion', 'Zio', 'Maragi', 'Megidolaon', 'Tentarafoo']
['Zio', 'Mighty Swing', 'Dekaja', 'Agilao', 'High Counter']
['Mamudoon', 'Maragion', 'Zio', 'Kill Rush', 'Zan-ei']
['Mighty Swing', 'Rebellion', 'Agidyne', 'Zan-ei', 'Maragi']
['Agilao', 'Rebellion', 'Foul Breath', 'Zio', 'Tentarafoo']
['Spell Master', 'Dekaja', 'Provoke', 'Agilao', 'Zio']
['Maragi', 'Zan-ei', 'Zio', 'High Counter', 'Brave Blade']
['Maragi', 'High Counter', 'Rebellion', 'Fire Boost', 'Kill Rush']
['Spell Master', 'Maragion', 'Makarakarn', 'Tentarafoo', 'Foul Breath']
['Agidyne', 'Zio', 'Rebellion', 'Magarudyne', 'Maragi']
['Mighty Swing', 'Megidolaon', 'High Counter', 'Maragion', 'Brave Blade']
['Zio', 'Foul Breath', 'Kill Rush', 'Mamudoon', 'Brave Blade']
['Fire Boost', 'Provoke', 'Kill Rush', 'Magarudyne', 'Zio']
['Makarakarn', 'Agilao', 'Rebellion', 'Foul Breath', 'Maragi']
['Mighty Swing', 'Matarukaja', 'Fire Boost', 'Agidyne', 'Zio']
['Magarudyne', 'Foul Breath', 'Zio', 'Brave Blade', 'Kill Rush']
['Provoke', 'Mighty Swing', 'Zan-ei', 'Maragion', 'Zio']
['Maragi', 'High Counter', 'Mighty Swing', 'Agidyne', 'Zio']
['Kill Rush', 'Maragi', 'Provoke', 'Foul Breath', 'Agilao']
['Zio', 'Maragion', 'Provoke', 'Kill Rush', 'Agidyne']
['Rebellion', 'Maragi', 'Maragion', 'Dekaja', 'Foul Breath']
['Provoke', 'Mighty Swing', 'Matarukaja', 'Kill Rush', 'Rebellion']
['Makarakarn', 'Rebellion', 'Agilao', 'Zio', 'Matarukaja']
['Zan-ei', 'Zio', 'Maragi', 'Fire Boost', 'Rebellion']
['Fire Boost', 'Maragi', 'Brave Blade', 'Zio', 'Mighty Swing']
['Agidyne', 'Kill Rush', 'Agilao', 'High Counter', 'Zio']
['Foul Breath', 'Provoke', 'Makarakarn', 'Magarudyne', 'Tentarafoo']
['Zio', 'Agilao', 'Fire Boost', 'Provoke', 'Rebellion']
['Dekaja', 'Mighty Swing', 'Rebellion', 'Zan-ei', 'Zio']
['Maragi', 'Tentarafoo', 'Fire Boost', 'Mamudoon', 'Kill Rush']
['Dekaja', 'Provoke', 'Tentarafoo', 'Maragion', 'Rebellion']
['Zio', 'High Counter', 'Kill Rush', 'Mamudoon', 'Provoke']
['Fire Boost', 'Provoke', 'Rebellion', 'Mighty Swing', 'Maragion']
['Maragi', 'Tentarafoo', 'Spell Master', 'Agidyne', 'Zan-ei']
['Provoke', 'Agilao', 'Foul Breath', 'Maragi', 'Mighty Swing']
['Victory Cry', 'Maragi', 'Kill Rush', 'Maragion', 'Mamudoon']
['Mamudoon', 'Fire Boost', 'Foul Breath', 'Agidyne', 'Zio']
['Provoke', 'Kill Rush', 'Zan-ei', 'Maragi', 'Rebellion']
['Kill Rush', 'Agilao', 'Foul Breath', 'Magarudyne', 'Victory Cry']
['Kill Rush', 'Zio', 'High Counter', 'Agilao', 'Rebellion']
['Kill Rush', 'Zio', 'Agilao', 'Provoke', 'Foul Breath']
['Rebellion', 'Foul Breath', 'Zio', 'High Counter', 'Provoke']
['Provoke', 'Zan-ei', 'Rebellion', 'High Counter', 'Dekaja']
['Maragi', 'Foul Breath', 'Provoke', 'Megidolaon', 'Zio']
['Mamudoon', 'Magarudyne', 'Zan-ei', 'Matarukaja', 'Foul Breath']
['Provoke', 'Foul Breath', 'Fire Boost', 'Mamudoon', 'Zio']
['Agilao', 'Makarakarn', 'Foul Breath', 'Matarukaja', 'Spell Master']
['Rebellion', 'Agidyne', 'Spell Master', 'Zio', 'Tentarafoo']
['Zan-ei', 'Zio', 'Magarudyne', 'Mighty Swing', 'Matarukaja']
['Mamudoon', 'Maragi', 'Provoke', 'Dekaja', 'Zio']
['Mamudoon', 'Dekaja', 'Zan-ei', 'Makarakarn', 'Spell Master']
['Tentarafoo', 'Maragion', 'Mighty Swing', 'Zio', 'Magarudyne']
['Kill Rush', 'Tentarafoo', 'Fire Boost', 'Agilao', 'Zio']
['Kill Rush', 'Zio', 'Agilao', 'Tentarafoo', 'Mamudoon']
['Mamudoon', 'Agilao', 'Kill Rush', 'Fire Boost', 'Foul Breath']
['Maragi', 'Zio', 'Rebellion', 'Agilao', 'Provoke']
['Agidyne', 'Foul Breath', 'Zio', 'Matarukaja', 'Tentarafoo']
['Rebellion', 'Zio', 'Provoke', 'Dekaja', 'Maragi']
['Tentarafoo', 'Maragi', 'Fire Boost', 'Victory Cry', 'Foul Breath']
['Zio', 'Kill Rush', 'Matarukaja', 'Magarudyne', 'Foul Breath']
['Agilao', 'Rebellion', 'Kill Rush', 'Tentarafoo', 'Zio']
['Mamudoon', 'Mighty Swing', 'Matarukaja', 'Spell Master', 'Maragi']
['Fire Boost', 'Maragi', 'Foul Breath', 'Matarukaja', 'Zio']
['Provoke', 'Rebellion', 'Maragi', 'Mighty Swing', 'Zio']
['Zio', 'Tentarafoo', 'Agilao', 'Fire Boost', 'Zan-ei']
['Agilao', 'Magarudyne', 'Provoke', 'Zio', 'Mighty Swing']
['Rebellion', 'Maragi', 'Zio', 'Dekaja', 'Provoke']
['Fire Boost', 'Maragion', 'Rebellion', 'Makarakarn', 'Maragi']
['Fire Boost', 'Zio', 'Brave Blade', 'Rebellion', 'Tentarafoo']
['Zio', 'Agilao', 'Fire Boost', 'Tentarafoo', 'Matarukaja']
['Mighty Swing', 'Zio', 'Dekaja', 'Tentarafoo', 'Fire Boost']
['Rebellion', 'Foul Breath', 'Kill Rush', 'Zan-ei', 'Makarakarn']
['Provoke', 'Zan-ei', 'Zio', 'Agidyne', 'Mamudoon']
['Makarakarn', 'Foul Breath', 'Provoke', 'Zan-ei', 'Maragi']
['Rebellion', 'Mighty Swing', 'Fire Boost', 'Agilao', 'Zio']
['Foul Breath', 'Dekaja', 'Zan-ei', 'Zio', 'Fire Boost']
['Mighty Swing', 'Zio', 'Provoke', 'Fire Boost', 'Zan-ei']
['Dekaja', 'Matarukaja', 'Foul Breath', 'Maragi', 'Maragion']
['Matarukaja', 'Rebellion', 'Provoke', 'Mighty Swing', 'Kill Rush']
['Zio', 'Maragi', 'Tentarafoo', 'Rebellion', 'Provoke']
['Agilao', 'Dekaja', 'Brave Blade', 'Tentarafoo', 'Fire Boost']
['Foul Breath', 'Zio', 'High Counter', 'Rebellion', 'Provoke']
['Zio', 'Agilao', 'Foul Breath', 'Megidolaon', 'Kill Rush']
['Mamudoon', 'Maragion', 'Magarudyne', 'Fire Boost', 'Dekaja']
['Mamudoon', 'Agidyne', 'Foul Breath', 'Zio', 'Dekaja']
['Provoke', 'Rebellion', 'Spell Master', 'Maragion', 'Megidolaon']
['Zan-ei', 'Agilao', 'Magarudyne', 'Tentarafoo', 'Rebellion']
['Dekaja', 'Zio', 'Mamudoon', 'Tentarafoo', 'Matarukaja']
['Magarudyne', 'High Counter', 'Fire Boost', 'Dekaja', 'Maragion']
['Dekaja', 'Foul Breath', 'Provoke', 'Zio', 'Mighty Swing']
['Kill Rush', 'Makarakarn', 'Agilao', 'Fire Boost', 'Magarudyne']
['Rebellion', 'Maragion', 'Megidolaon', 'Foul Breath', 'Zio']
['Rebellion', 'Foul Breath', 'Kill Rush', 'Matarukaja', 'Zio']
['Zan-ei', 'Foul Breath', 'Agilao', 'Dekaja', 'Zio']
['Victory Cry', 'Mighty Swing', 'Magarudyne', 'Zio', 'Makarakarn']
['Brave Blade', 'Fire Boost', 'Dekaja', 'Matarukaja', 'Zio']
['Rebellion', 'High Counter', 'Foul Breath', 'Fire Boost', 'Victory Cry']
['Zio', 'Tentarafoo', 'Makarakarn', 'High Counter', 'Maragi']
['Megidolaon', 'Mighty Swing', 'Zan-ei', 'Matarukaja', 'Provoke']
['Megidolaon', 'Fire Boost', 'Zio', 'Maragi', 'Provoke']
['Zio', 'Maragi', 'High Counter', 'Agidyne', 'Maragion']
['High Counter', 'Provoke', 'Tentarafoo', 'Zio', 'Matarukaja']
['Zio', 'Maragion', 'Mighty Swing', 'Provoke', 'Maragi']
['Provoke', 'Maragi', 'Mighty Swing', 'Dekaja', 'Spell Master']
['Agilao', 'Agidyne', 'Magarudyne', 'Dekaja', 'Zio']
['Mighty Swing', 'Zan-ei', 'Agilao', 'Provoke', 'Maragi']
['High Counter', 'Zan-ei', 'Fire Boost', 'Mamudoon', 'Brave Blade']
['Matarukaja', 'Provoke', 'Zio', 'Zan-ei', 'Magarudyne']
['Makarakarn', 'Tentarafoo', 'Rebellion', 'High Counter', 'Foul Breath']
['Zio', 'Fire Boost', 'Kill Rush', 'Victory Cry', 'Tentarafoo']
['Rebellion', 'Kill Rush', 'Agidyne', 'Zio', 'Agilao']
['Foul Breath', 'Rebellion', 'Agilao', 'Zio', 'Zan-ei']
['Makarakarn', 'Spell Master', 'Tentarafoo', 'Zio', 'High Counter']
['Foul Breath', 'Provoke', 'Fire Boost', 'Zio', 'Agilao']
['Tentarafoo', 'Zio', 'Mamudoon', 'Maragi', 'Agilao']
['Dekaja', 'Fire Boost', 'Zio', 'Makarakarn', 'Maragion']
['Provoke', 'Mighty Swing', 'Matarukaja', 'Fire Boost', 'Rebellion']
['Makarakarn', 'Mighty Swing', 'Zio', 'Victory Cry', 'Foul Breath']
['Foul Breath', 'Zio', 'Maragi', 'Fire Boost', 'Brave Blade']
['Foul Breath', 'Dekaja', 'Agidyne', 'Zio', 'Spell Master']
['Agilao', 'Maragi', 'Mamudoon', 'Fire Boost', 'Zan-ei']
['Dekaja', 'Mamudoon', 'Fire Boost', 'Zio', 'Kill Rush']
['Maragi', 'Makarakarn', 'Agidyne', 'Foul Breath', 'Mighty Swing']
['Maragi', 'Zio', 'Fire Boost', 'Rebellion', 'Magarudyne']
['Rebellion', 'Provoke', 'Maragion', 'Makarakarn', 'Mighty Swing']
['Magarudyne', 'Matarukaja', 'Provoke', 'Rebellion', 'Mighty Swing']
['Fire Boost', 'Agilao', 'Maragi', 'Makarakarn', 'Magarudyne']
['High Counter', 'Tentarafoo', 'Makarakarn', 'Zio', 'Fire Boost']
['Rebellion', 'High Counter', 'Maragion', 'Zio', 'Maragi']
['Maragion', 'Megidolaon', 'Fire Boost', 'Mighty Swing', 'Kill Rush']
['Zio', 'Victory Cry', 'Kill Rush', 'Fire Boost', 'Maragi']
['Zan-ei', 'Agilao', 'Maragi', 'Foul Breath', 'Zio']
['Dekaja', 'Matarukaja', 'Agilao', 'Victory Cry', 'Fire Boost']
['Zio', 'Foul Breath', 'Agilao', 'Magarudyne', 'Maragi']
['Rebellion', 'High Counter', 'Spell Master', 'Agilao', 'Matarukaja']
['Maragi', 'Fire Boost', 'Zio', 'Agilao', 'Zan-ei']
['Makarakarn', 'Foul Breath', 'Maragion', 'Agilao', 'Kill Rush']
['Tentarafoo', 'Dekaja', 'Provoke', 'Maragi', 'Zan-ei']
['Foul Breath', 'Magarudyne', 'Rebellion', 'Mamudoon', 'Maragi']
['Agidyne', 'Fire Boost', 'Provoke', 'Mighty Swing', 'Kill Rush']
['Zio', 'Provoke', 'Mamudoon', 'Rebellion', 'Kill Rush']
['Mamudoon', 'Maragion', 'Maragi', 'Agidyne', 'Zio']
['Dekaja', 'Foul Breath', 'Provoke', 'Brave Blade', 'Maragi']
['High Counter', 'Zio', 'Agilao', 'Megidolaon', 'Provoke']
['Fire Boost', 'Provoke', 'Foul Breath', 'Makarakarn', 'Tentarafoo']
['Maragi', 'Dekaja', 'Rebellion', 'Zio', 'Zan-ei']
['Provoke', 'Zan-ei', 'Zio', 'Matarukaja', 'Fire Boost']
['Agilao', 'Matarukaja', 'Zio', 'Agidyne', 'Megidolaon']
['Fire Boost', 'Maragi', 'Foul Breath', 'Agilao', 'Agidyne']
['Maragi', 'Agilao', 'Tentarafoo', 'Mighty Swing', 'Rebellion']
['High Counter', 'Zio', 'Mighty Swing', 'Foul Breath', 'Zan-ei']
['Foul Breath', 'High Counter', 'Makarakarn', 'Kill Rush', 'Zan-ei']
['Foul Breath', 'Tentarafoo', 'Rebellion', 'Maragion', 'Magarudyne']
['Zan-ei', 'Zio', 'Spell Master', 'Mighty Swing', 'High Counter']
['Provoke', 'Mighty Swing', 'Kill Rush', 'Zio', 'Foul Breath']
['High Counter', 'Dekaja', 'Zio', 'Brave Blade', 'Victory Cry']
['Makarakarn', 'Zio', 'Tentarafoo', 'Agidyne', 'Magarudyne']
['Matarukaja', 'Foul Breath', 'Zio', 'Provoke', 'Rebellion']
['Zio', 'Zan-ei', 'Mighty Swing', 'Agilao', 'Fire Boost']
['Rebellion', 'Provoke', 'Zio', 'Zan-ei', 'Makarakarn']
['Spell Master', 'Agidyne', 'Foul Breath', 'Agilao', 'Zan-ei']
['Zan-ei', 'Agidyne', 'Zio', 'Foul Breath', 'Provoke']
['Mamudoon', 'Maragi', 'Zio', 'Kill Rush', 'Foul Breath']
['Spell Master', 'Fire Boost', 'Rebellion', 'Maragi', 'Zan-ei']
['Rebellion', 'Megidolaon', 'Provoke', 'Zio', 'Tentarafoo']
['Brave Blade', 'Foul Breath', 'Megidolaon', 'Maragion', 'Mamudoon']
['Matarukaja', 'Kill Rush', 'Agilao', 'High Counter', 'Zio']
['Foul Breath', 'Rebellion', 'Fire Boost', 'Zio', 'Maragi']
['Zan-ei', 'Rebellion', 'Mighty Swing', 'Zio', 'Maragi']
['Mighty Swing', 'Foul Breath', 'Zio', 'Maragi', 'Magarudyne']
['Matarukaja', 'Agilao', 'Rebellion', 'Maragi', 'Zio']
['Spell Master', 'Tentarafoo', 'Fire Boost', 'Provoke', 'Makarakarn']
['Kill Rush', 'Zio', 'Megidolaon', 'Provoke', 'Rebellion']
['Fire Boost', 'Spell Master', 'Zio', 'Kill Rush', 'Maragi']
['Maragion', 'Maragi', 'Zan-ei', 'Agilao', 'Zio']
['Agidyne', 'Rebellion', 'Maragion', 'Mamudoon', 'High Counter']
['Provoke', 'Zan-ei', 'Magarudyne', 'Zio', 'Agidyne']
['Matarukaja', 'Foul Breath', 'Makarakarn', 'Zio', 'Zan-ei']
['Maragi', 'Fire Boost', 'Spell Master', 'Rebellion', 'Foul Breath']
['Victory Cry', 'Tentarafoo', 'Zan-ei', 'Maragion', 'Rebellion']
['Provoke', 'Kill Rush', 'Dekaja', 'Zan-ei', 'Zio']
['Agilao', 'Rebellion', 'Tentarafoo', 'Mighty Swing', 'Megidolaon']
['Foul Breath', 'Agilao', 'Zio', 'Kill Rush', 'Fire Boost']
['Foul Breath', 'Mamudoon', 'Provoke', 'Matarukaja', 'Mighty Swing']
['Provoke', 'Zio', 'Zan-ei', 'Fire Boost', 'Mamudoon']
['Fire Boost', 'Maragion', 'High Counter', 'Tentarafoo', 'Foul Breath']
['Magarudyne', 'Agidyne', 'Agilao', 'Zio', 'Foul Breath']
['Makarakarn', 'Zio', 'Mighty Swing', 'Agilao', 'Matarukaja']
['Kill Rush', 'Provoke', 'Zan-ei', 'Agilao', 'Zio']
