['Mudoon', 'Magarula', 'Ghastly Wail', 'Evil Smile']
['Double Fangs', 'Evil Smile', 'Mudoon', 'Magarula']
['Wind Amp', 'Mudoon', 'Double Fangs', 'Ghastly Wail']
['Magarula', 'Mudoon', 'Evil Smile', 'Resist Fire']
['Mudoon', 'Evil Smile', 'Ghastly Wail', 'Magarudyne']
['Mudoon', 'Evil Smile', 'Wind Amp', 'Spell Master']
['Mudoon', 'High Counter', 'Spell Master', 'Double Fangs']
['Mudoon', 'Mabufula', 'High Counter', 'Bufudyne']
['Mudoon', 'Evil Smile', 'Brave Blade', 'Wind Amp']
['Mudoon', 'Evil Smile', 'Magarula', 'Ghastly Wail']
['Bufudyne', 'Evil Smile', 'Ghastly Wail', 'Null Fear']
['Double Fangs', 'Mudoon', 'Evil Smile', 'Ghastly Wail']
['Mudoon', 'Evil Smile', 'Ghastly Wail', 'Magarudyne']
['Mudoon', 'Bufudyne', 'Wind Amp', 'Panta Rhei']
['Victory Cry', 'Mudoon', 'High Counter', 'Magarula']
['Brave Blade', 'Mudoon', 'Null Dark', 'Evil Smile']
['Mudoon', 'Resist Fire', 'Brave Blade', 'Evil Smile']
['Mudoon', 'Ghastly Wail', 'Mabufula', 'Evil Smile']
['Mudoon', 'Evil Smile', 'Null Fear', 'Ghastly Wail']
['Mudoon', 'Magarula', 'Megidolaon', 'Magarudyne']
['Mudoon', 'Magarula', 'Evil Smile', 'Resist Fire']
['Mudoon', 'Magarula', 'Bufudyne', 'Ghastly Wail']
['Double Fangs', 'Ghastly Wail', 'Mudoon', 'Evil Smile']
['Mudoon', 'Evil Smile', 'Ghastly Wail', 'Mabufula']
['Panta Rhei', 'Mudoon', 'Null Fear', 'Evil Smile']
['Mudoon', 'Evil Smile', 'Wind Amp', 'Magarula']
['Mudoon', 'Magarula', 'Ghastly Wail', 'Double Fangs']
['Mudoon', 'Double Fangs', 'Evil Smile', 'Resist Fire']
['Mudoon', 'Evil Smile', 'High Counter', 'Wind Amp']
['Mudoon', 'Evil Smile', 'Resist Fire', 'Double Fangs']
['Null Dark', 'Mudoon', 'Double Fangs', 'Evil Smile']
['Brave Blade', 'Evil Smile', 'Double Fangs', 'Mudoon']
['Mudoon', 'Null Fear', 'Mabufula', 'Evil Smile']
['Ghastly Wail', 'Mudoon', 'Null Dark', 'Evil Smile']
['Mudoon', 'Magarula', 'Wind Amp', 'Bufudyne']
['Mudoon', 'Resist Fire', 'Double Fangs', 'Ghastly Wail']
['Magarula', 'Double Fangs', 'Mudoon', 'Null Dark']
['Mudoon', 'Ghastly Wail', 'Brave Blade', 'Magarudyne']
['Mudoon', 'Evil Smile', 'Ghastly Wail', 'Mabufula']
['Mudoon', 'Wind Amp', 'Evil Smile', 'Ghastly Wail']
['High Counter', 'Double Fangs', 'Mudoon', 'Ghastly Wail']
['Null Dark', 'Evil Smile', 'Mudoon', 'Ghastly Wail']
['Double Fangs', 'Mudoon', 'Null Fear', 'High Counter']
['Mudoon', 'Null Dark', 'Ghastly Wail', 'Bufudyne']
['Mudoon', 'Resist Fire', 'Mabufula', 'Bufudyne']
['Mudoon', 'High Counter', 'Evil Smile', 'Ghastly Wail']
['Mudoon', 'Null Dark', 'Magarudyne', 'Spell Master']
['Mudoon', 'Null Fear', 'Evil Smile', 'Ghastly Wail']
['Evil Smile', 'Mudoon', 'Double Fangs', 'Magarula']
['Null Dark', 'Panta Rhei', 'Mudoon', 'Evil Smile']
['Mudoon', 'Evil Smile', 'Ghastly Wail', 'Wind Amp']
['Mudoon', 'Ghastly Wail', 'Evil Smile', 'Double Fangs']
['Null Fear', 'Mudoon', 'Evil Smile', 'Megidolaon']
['Mudoon', 'Mabufula', 'Evil Smile', 'Bufudyne']
['Mudoon', 'Null Dark', 'Evil Smile', 'High Counter']
['Mabufula', 'Mudoon', 'Ghastly Wail', 'Double Fangs']
['Mudoon', 'Evil Smile', 'Magarudyne', 'Magarula']
['Mudoon', 'Ghastly Wail', 'Double Fangs', 'Evil Smile']
['Ghastly Wail', 'Mudoon', 'Null Fear', 'Wind Amp']
['Mudoon', 'Megidolaon', 'Ghastly Wail', 'Bufudyne']
['Mudoon', 'Evil Smile', 'Bufudyne', 'Magarula']
['Mudoon', 'Ghastly Wail', 'Evil Smile', 'Magarula']
['Ghastly Wail', 'Mudoon', 'Mabufula', 'Double Fangs']
['Mudoon', 'Double Fangs', 'Wind Amp', 'Spell Master']
['Mudoon', 'Ghastly Wail', 'Bufudyne', 'Null Fear']
['Wind Amp', 'Mudoon', 'Evil Smile', 'Double Fangs']
['Mudoon', 'Resist Fire', 'Victory Cry', 'High Counter']
['Mudoon', 'Null Dark', 'Evil Smile', 'Wind Amp']
['Mudoon', 'Resist Fire', 'Bufudyne', 'Null Fear']
['Mudoon', 'Bufudyne', 'Ghastly Wail', 'Brave Blade']
['Evil Smile', 'Ghastly Wail', 'Panta Rhei', 'Victory Cry']
['Mudoon', 'Bufudyne', 'Panta Rhei', 'Evil Smile']
['Mudoon', 'Evil Smile', 'Double Fangs', 'Magarula']
['Magarula', 'Evil Smile', 'Mudoon', 'Mabufula']
['Mudoon', 'Double Fangs', 'Null Dark', 'Ghastly Wail']
['Mudoon', 'Resist Fire', 'Evil Smile', 'Brave Blade']
['Mudoon', 'Wind Amp', 'Evil Smile', 'Mabufula']
['Mudoon', 'Double Fangs', 'Resist Fire', 'Panta Rhei']
['Ghastly Wail', 'Mudoon', 'Double Fangs', 'Evil Smile']
['Mudoon', 'Double Fangs', 'Ghastly Wail', 'Evil Smile']
['Mudoon', 'High Counter', 'Evil Smile', 'Null Fear']
['Mudoon', 'Mabufula', 'Evil Smile', 'Magarudyne']
['Mudoon', 'Evil Smile', 'Double Fangs', 'Ghastly Wail']
['Double Fangs', 'Resist Fire', 'Mudoon', 'Bufudyne']
['Megidolaon', 'Mudoon', 'Bufudyne', 'Double Fangs']
['Magarula', 'Evil Smile', 'Mudoon', 'Megidolaon']
['Mudoon', 'Mabufula', 'Ghastly Wail', 'Evil Smile']
['Mudoon', 'Double Fangs', 'Evil Smile', 'Resist Fire']
['Mudoon', 'Wind Amp', 'Magarudyne', 'Evil Smile']
['Bufudyne', 'Mudoon', 'Mabufula', 'Ghastly Wail']
['Mudoon', 'High Counter', 'Null Fear', 'Evil Smile']
['Ghastly Wail', 'Mudoon', 'Magarula', 'Resist Fire']
['Null Dark', 'Mudoon', 'Ghastly Wail', 'Bufudyne']
['Mudoon', 'Resist Fire', 'Bufudyne', 'Evil Smile']
['Mudoon', 'Spell Master', 'Evil Smile', 'Ghastly Wail']
['Mudoon', 'Null Fear', 'Evil Smile', 'Panta Rhei']
['Null Dark', 'Mudoon', 'Double Fangs', 'Magarudyne']
['Mudoon', 'Ghastly Wail', 'Evil Smile', 'Resist Fire']
['Mudoon', 'Ghastly Wail', 'High Counter', 'Wind Amp']
['Mudoon', 'Mabufula', 'Evil Smile', 'Resist Fire']
['Mudoon', 'Double Fangs', 'Evil Smile', 'Ghastly Wail']
['Evil Smile', 'Megidolaon', 'Mudoon', 'Null Fear']
['Mudoon', 'Null Dark', 'Double Fangs', 'Null Fear']
['Mudoon', 'Null Dark', 'Evil Smile', 'Magarudyne']
['Mudoon', 'Evil Smile', 'Magarula', 'Panta Rhei']
['Double Fangs', 'Wind Amp', 'Mudoon', 'Evil Smile']
['Mudoon', 'Evil Smile', 'Mabufula', 'Ghastly Wail']
['Bufudyne', 'Mudoon', 'Wind Amp', 'High Counter']
['Mabufula', 'Mudoon', 'Null Dark', 'Bufudyne']
['Ghastly Wail', 'Double Fangs', 'Mudoon', 'Panta Rhei']
['Mudoon', 'Null Dark', 'Evil Smile', 'Bufudyne']
['Mudoon', 'Evil Smile', 'Brave Blade', 'Victory Cry']
['Ghastly Wail', 'Mudoon', 'Spell Master', 'Null Fear']
['Null Dark', 'Mudoon', 'Magarudyne', 'Victory Cry']
['Mudoon', 'Evil Smile', 'Wind Amp', 'Bufudyne']
['Mudoon', 'Evil Smile', 'Panta Rhei', 'High Counter']
['Evil Smile', 'Mudoon', 'Ghastly Wail', 'Magarula']
['Panta Rhei', 'Mudoon', 'Evil Smile', 'Ghastly Wail']
['Mudoon', 'Double Fangs', 'Resist Fire', 'Ghastly Wail']
['Mudoon', 'Evil Smile', 'Ghastly Wail', 'Double Fangs']
['Mudoon', 'Evil Smile', 'Panta Rhei', 'Ghastly Wail']
['Mudoon', 'Ghastly Wail', 'Spell Master', 'Resist Fire']
['Mudoon', 'Victory Cry', 'Panta Rhei', 'Evil Smile']
['Evil Smile', 'Mudoon', 'Magarula', 'Ghastly Wail']
['Mudoon', 'Null Fear', 'Evil Smile', 'Victory Cry']
['Mudoon', 'Ghastly Wail', 'Evil Smile', 'Magarudyne']
['Mudoon', 'Double Fangs', 'Mabufula', 'Magarudyne']
['Mudoon', 'Ghastly Wail', 'Evil Smile', 'Null Fear']
['Mudoon', 'Magarula', 'Null Dark', 'Evil Smile']
['Mudoon', 'Evil Smile', 'Wind Amp', 'Null Fear']
['Mudoon', 'Evil Smile', 'Panta Rhei', 'Bufudyne']
['Mudoon', 'Null Fear', 'Evil Smile', 'Double Fangs']
['Magarula', 'Mudoon', 'Evil Smile', 'High Counter']
['Mudoon', 'Ghastly Wail', 'Evil Smile', 'Resist Fire']
['Mudoon', 'Ghastly Wail', 'Evil Smile', 'Magarula']
['Evil Smile', 'Mudoon', 'Double Fangs', 'High Counter']
['Mudoon', 'Spell Master', 'Wind Amp', 'Resist Fire']
['Mudoon', 'Megidolaon', 'Resist Fire', 'Evil Smile']
['Magarula', 'Evil Smile', 'Mudoon', 'Double Fangs']
['Mudoon', 'Magarudyne', 'Resist Fire', 'Double Fangs']
['Evil Smile', 'Mudoon', 'Resist Fire', 'Null Dark']
['Mudoon', 'Evil Smile', 'Double Fangs', 'Megidolaon']
['Mudoon', 'Mabufula', 'Resist Fire', 'Megidolaon']
['Mudoon', 'Magarula', 'Evil Smile', 'Ghastly Wail']
['Mudoon', 'Evil Smile', 'Magarula', 'Resist Fire']
['Evil Smile', 'Magarula', 'Mudoon', 'Double Fangs']
['Mudoon', 'Evil Smile', 'Wind Amp', 'Mabufula']
['Mudoon', 'High Counter', 'Null Fear', 'Brave Blade']
['Null Dark', 'Evil Smile', 'Mudoon', 'Double Fangs']
['Mudoon', 'Evil Smile', 'Ghastly Wail', 'Megidolaon']
['Null Dark', 'Mudoon', 'Wind Amp', 'Resist Fire']
['Mudoon', 'Resist Fire', 'Magarula', 'Megidolaon']
['Resist Fire', 'Mudoon', 'Evil Smile', 'Bufudyne']
['Mudoon', 'Evil Smile', 'Panta Rhei', 'Double Fangs']
['Mudoon', 'Null Dark', 'Victory Cry', 'Megidolaon']
['Mudoon', 'Resist Fire', 'Magarula', 'Evil Smile']
['Mudoon', 'Magarula', 'Null Dark', 'Brave Blade']
['Magarula', 'Null Fear', 'Mudoon', 'Ghastly Wail']
['Bufudyne', 'Mudoon', 'Megidolaon', 'Mabufula']
['Ghastly Wail', 'Evil Smile', 'Mudoon', 'Double Fangs']
['Ghastly Wail', 'Mabufula', 'Bufudyne', 'Mudoon']
['Evil Smile', 'Mudoon', 'Bufudyne', 'Ghastly Wail']
['Mudoon', 'Null Dark', 'Null Fear', 'Ghastly Wail']
['Mudoon', 'Ghastly Wail', 'Victory Cry', 'Resist Fire']
['High Counter', 'Mudoon', 'Double Fangs', 'Evil Smile']
['Mudoon', 'Ghastly Wail', 'Magarula', 'Double Fangs']
['Ghastly Wail', 'Mudoon', 'Magarula', 'Evil Smile']
['Mudoon', 'Evil Smile', 'Double Fangs', 'Magarula']
['High Counter', 'Mudoon', 'Magarula', 'Null Dark']
['Mudoon', 'High Counter', 'Double Fangs', 'Null Dark']
['Mudoon', 'Magarula', 'Wind Amp', 'Mabufula']
['Mudoon', 'Ghastly Wail', 'Evil Smile', 'Mabufula']
['Mudoon', 'Double Fangs', 'Evil Smile', 'Ghastly Wail']
['Bufudyne', 'Ghastly Wail', 'Mudoon', 'Null Dark']
['Mudoon', 'High Counter', 'Null Dark', 'Null Fear']
['Mudoon', 'Ghastly Wail', 'Null Dark', 'Wind Amp']
['Mudoon', 'Bufudyne', 'Evil Smile', 'Mabufula']
['Resist Fire', 'Evil Smile', 'Mudoon', 'Magarudyne']
['Magarula', 'Double Fangs', 'Mudoon', 'Magarudyne']
['Mudoon', 'Resist Fire', 'Evil Smile', 'Ghastly Wail']
['Mudoon', 'Spell Master', 'Ghastly Wail', 'Evil Smile']
['Victory Cry', 'Mudoon', 'Evil Smile', 'Magarudyne']
['Mudoon', 'Spell Master', 'Evil Smile', 'Resist Fire']
['Mudoon', 'Ghastly Wail', 'Double Fangs', 'Evil Smile']
['Mudoon', 'Evil Smile', 'Wind Amp', 'Bufudyne']
['Wind Amp', 'Megidolaon', 'Ghastly Wail', 'Mabufula']
['Double Fangs', 'Mabufula', 'Mudoon', 'Wind Amp']
['Ghastly Wail', 'Mudoon', 'Evil Smile', 'Double Fangs']
['Mudoon', 'Mabufula', 'Double Fangs', 'Magarula']
['Evil Smile', 'Wind Amp', 'Mudoon', 'Null Fear']
['Mudoon', 'Ghastly Wail', 'Evil Smile', 'Resist Fire']
['Mudoon', 'Mabufula', 'Null Fear', 'Ghastly Wail']
['Mudoon', 'Evil Smile', 'Double Fangs', 'Magarudyne']
['Evil Smile', 'Ghastly Wail', 'Mudoon', 'Double Fangs']
['Mudoon', 'Magarula', 'Mabufula', 'Null Fear']
['Mudoon', 'Brave Blade', 'Null Dark', 'Resist Fire']
['Mudoon', 'Magarudyne', 'Ghastly Wail', 'Evil Smile']
['Mudoon', 'Evil Smile', 'Magarula', 'Wind Amp']
['Mudoon', 'Magarudyne', 'Evil Smile', 'Double Fangs']
['Panta Rhei', 'Mudoon', 'Double Fangs', 'Mabufula']
['Mudoon', 'Victory Cry', 'Megidolaon', 'Evil Smile']
['Mudoon', 'Evil Smile', 'High Counter', 'Wind Amp']
['Mabufula', 'Mudoon', 'Evil Smile', 'Wind Amp']
['Mudoon', 'Ghastly Wail', 'Evil Smile', 'Victory Cry']
['Mudoon', 'Magarula', 'Evil Smile', 'Panta Rhei']
['Evil Smile', 'Resist Fire', 'Double Fangs', 'Mudoon']
['Mudoon', 'Evil Smile', 'Null Dark', 'Magarudyne']
['Mudoon', 'Ghastly Wail', 'Null Dark', 'Evil Smile']
['Mudoon', 'Megidolaon', 'Panta Rhei', 'Evil Smile']
['Mudoon', 'Ghastly Wail', 'Evil Smile', 'Mabufula']
['Null Dark', 'Mudoon', 'Resist Fire', 'Mabufula']
['Magarudyne', 'Null Fear', 'Mudoon', 'Evil Smile']
['Double Fangs', 'Mudoon', 'High Counter', 'Evil Smile']
['Mudoon', 'Ghastly Wail', 'Double Fangs', 'Resist Fire']
['Wind Amp', 'Null Fear', 'Double Fangs', 'Mudoon']
['Null Fear', 'Mudoon', 'Wind Amp', 'Evil Smile']
['Mudoon', 'High Counter', 'Mabufula', 'Brave Blade']
['Evil Smile', 'Spell Master', 'Double Fangs', 'Mudoon']
['Mudoon', 'Evil Smile', 'Bufudyne', 'High Counter']
['Mudoon', 'Evil Smile', 'Ghastly Wail', 'Magarula']
['Ghastly Wail', 'Mudoon', 'Resist Fire', 'Null Fear']
['Mudoon', 'Wind Amp', 'Null Fear', 'Panta Rhei']
['Mudoon', 'Ghastly Wail', 'Null Fear', 'Evil Smile']
['Mudoon', 'High Counter', 'Magarula', 'Null Dark']
['Mudoon', 'Magarudyne', 'Evil Smile', 'Mabufula']
['Mudoon', 'Evil Smile', 'Resist Fire', 'Null Fear']
['Mudoon', 'Double Fangs', 'Evil Smile', 'Ghastly Wail']
['Mudoon', 'Evil Smile', 'Mabufula', 'Resist Fire']
['Mudoon', 'Double Fangs', 'Magarudyne', 'Evil Smile']
['Mudoon', 'Magarudyne', 'Evil Smile', 'Brave Blade']
['Mudoon', 'Double Fangs', 'Ghastly Wail', 'Evil Smile']
['Mudoon', 'Ghastly Wail', 'Double Fangs', 'Victory Cry']
['Evil Smile', 'Mudoon', 'Ghastly Wail', 'Panta Rhei']
['Mabufula', 'Mudoon', 'Evil Smile', 'Brave Blade']
['Mudoon', 'High Counter', 'Wind Amp', 'Evil Smile']
['Mudoon', 'Null Dark', 'Evil Smile', 'Bufudyne']
['Mudoon', 'Null Fear', 'Double Fangs', 'Mabufula']
['Mudoon', 'Double Fangs', 'Evil Smile', 'Victory Cry']
['Null Dark', 'Mudoon', 'High Counter', 'Spell Master']
['Mudoon', 'Evil Smile', 'Double Fangs', 'Bufudyne']
['Evil Smile', 'Mudoon', 'Null Dark', 'Double Fangs']
['Mudoon', 'Victory Cry', 'Panta Rhei', 'Evil Smile']
['Bufudyne', 'Mudoon', 'Evil Smile', 'Ghastly Wail']
['Megidolaon', 'Mudoon', 'High Counter', 'Ghastly Wail']
['Ghastly Wail', 'High Counter', 'Mudoon', 'Resist Fire']
['Evil Smile', 'Null Dark', 'Double Fangs', 'Mudoon']
['Mudoon', 'Ghastly Wail', 'Wind Amp', 'Double Fangs']
['Mudoon', 'Spell Master', 'High Counter', 'Magarula']
['Mudoon', 'Mabufula', 'Evil Smile', 'Brave Blade']
['Mudoon', 'Panta Rhei', 'Spell Master', 'Double Fangs']
['Mudoon', 'Evil Smile', 'Ghastly Wail', 'Magarula']
['Mudoon', 'Null Fear', 'Resist Fire', 'Double Fangs']
['Mabufula', 'Mudoon', 'Evil Smile', 'Null Dark']
['Mudoon', 'High Counter', 'Resist Fire', 'Wind Amp']
['Mudoon', 'Ghastly Wail', 'Evil Smile', 'Wind Amp']
['Mudoon', 'Victory Cry', 'Double Fangs', 'Evil Smile']
['Mudoon', 'Evil Smile', 'High Counter', 'Resist Fire']
['Megidolaon', 'Mudoon', 'Evil Smile', 'Victory Cry']
['Ghastly Wail', 'Mudoon', 'Evil Smile', 'Bufudyne']
['Evil Smile', 'Null Fear', 'Mudoon', 'Ghastly Wail']
['Resist Fire', 'Ghastly Wail', 'Brave Blade', 'Mudoon']
['Mudoon', 'Evil Smile', 'Ghastly Wail', 'Bufudyne']
['Mudoon', 'Panta Rhei', 'High Counter', 'Evil Smile']
['Mudoon', 'Evil Smile', 'Magarudyne', 'Double Fangs']
['Ghastly Wail', 'Mudoon', 'Evil Smile', 'Double Fangs']
['Mudoon', 'Double Fangs', 'Resist Fire', 'Ghastly Wail']
['Bufudyne', 'Mudoon', 'Mabufula', 'Evil Smile']
['Mudoon', 'Panta Rhei', 'Wind Amp', 'Bufudyne']
['Mudoon', 'Panta Rhei', 'Evil Smile', 'Double Fangs']
['Mudoon', 'Bufudyne', 'Evil Smile', 'Wind Amp']
['Mudoon', 'Victory Cry', 'Brave Blade', 'High Counter']
['Mudoon', 'High Counter', 'Mabufula', 'Evil Smile']
['Mudoon', 'Ghastly Wail', 'Spell Master', 'Double Fangs']
['Mudoon', 'Double Fangs', 'Evil Smile', 'High Counter']
['Double Fangs', 'Mudoon', 'Ghastly Wail', 'Spell Master']
['Mudoon', 'Evil Smile', 'Null Dark', 'Ghastly Wail']
['High Counter', 'Mudoon', 'Megidolaon', 'Evil Smile']
['Mudoon', 'Double Fangs', 'High Counter', 'Ghastly Wail']
['Mudoon', 'Megidolaon', 'Resist Fire', 'Victory Cry']
['Null Dark', 'Mudoon', 'Evil Smile', 'Ghastly Wail']
['Mudoon', 'Evil Smile', 'Null Fear', 'Mabufula']
['Mudoon', 'Wind Amp', 'Double Fangs', 'Resist Fire']
['Evil Smile', 'Mudoon', 'Victory Cry', 'Resist Fire']
['Evil Smile', 'Mudoon', 'Null Dark', 'Mabufula']
['Mabufula', 'Mudoon', 'Evil Smile', 'Double Fangs']
['Mudoon', 'Evil Smile', 'Null Dark', 'Wind Amp']
['Double Fangs', 'Mudoon', 'Bufudyne', 'Mabufula']
['Mudoon', 'Double Fangs', 'Mabufula', 'Ghastly Wail']
['Mabufula', 'Mudoon', 'Wind Amp', 'Evil Smile']
['Mudoon', 'Evil Smile', 'Wind Amp', 'Double Fangs']
['Mudoon', 'Wind Amp', 'High Counter', 'Ghastly Wail']
['Evil Smile', 'Mudoon', 'Ghastly Wail', 'High Counter']
['Mudoon', 'Ghastly Wail', 'Evil Smile', 'Wind Amp']
['Mudoon', 'Evil Smile', 'Resist Fire', 'Magarudyne']
['Mudoon', 'Ghastly Wail', 'Brave Blade', 'Evil Smile']
['Magarula', 'Mudoon', 'Bufudyne', 'Ghastly Wail']
['Mudoon', 'Evil Smile', 'Double Fangs', 'Resist Fire']
['Mudoon', 'Brave Blade', 'Ghastly Wail', 'High Counter']
['Resist Fire', 'Magarudyne', 'Mudoon', 'Ghastly Wail']
['Mudoon', 'Brave Blade', 'Null Fear', 'Ghastly Wail']
['Mudoon', 'Evil Smile', 'Double Fangs', 'Ghastly Wail']
['Mudoon', 'Panta Rhei', 'Double Fangs', 'Bufudyne']
['Mudoon', 'Evil Smile', 'Resist Fire', 'Null Dark']
['Mudoon', 'Null Fear', 'High Counter', 'Bufudyne']
['Null Dark', 'Mudoon', 'Mabufula', 'Evil Smile']
['Mudoon', 'Evil Smile', 'Null Dark', 'Resist Fire']
['Mudoon', 'Bufudyne', 'Evil Smile', 'Resist Fire']
['Mudoon', 'Ghastly Wail', 'Evil Smile', 'Magarula']
['Mudoon', 'Evil Smile', 'Bufudyne', 'Resist Fire']
['Mudoon', 'Evil Smile', 'Null Dark', 'Magarudyne']
['Mudoon', 'Double Fangs', 'Brave Blade', 'Null Dark']
['Mudoon', 'Ghastly Wail', 'Evil Smile', 'Wind Amp']
['Brave Blade', 'Mudoon', 'Magarula', 'Magarudyne']
['Mudoon', 'Evil Smile', 'Ghastly Wail', 'Mabufula']
['Mudoon', 'Resist Fire', 'Bufudyne', 'Wind Amp']
['Mudoon', 'Evil Smile', 'Null Dark', 'Double Fangs']
['Magarudyne', 'Ghastly Wail', 'Mudoon', 'Brave Blade']
['Mudoon', 'Null Fear', 'Evil Smile', 'Resist Fire']
['Mudoon', 'Evil Smile', 'Ghastly Wail', 'Mabufula']
['Mudoon', 'Victory Cry', 'Ghastly Wail', 'Double Fangs']
['Evil Smile', 'Mudoon', 'Mabufula', 'Null Dark']
['Mudoon', 'Evil Smile', 'Double Fangs', 'Magarudyne']
['Mudoon', 'Wind Amp', 'Ghastly Wail', 'Mabufula']
['Evil Smile', 'Mudoon', 'Ghastly Wail', 'Panta Rhei']
['Wind Amp', 'Mudoon', 'Null Fear', 'Spell Master']
['Mudoon', 'Evil Smile', 'Mabufula', 'Ghastly Wail']
['Bufudyne', 'Mudoon', 'Resist Fire', 'Evil Smile']
['Mudoon', 'Brave Blade', 'Bufudyne', 'Evil Smile']
['Evil Smile', 'Mudoon', 'Ghastly Wail', 'Brave Blade']
['Wind Amp', 'Mudoon', 'Spell Master', 'Ghastly Wail']
['Spell Master', 'Mudoon', 'Bufudyne', 'Ghastly Wail']
['Bufudyne', 'Mudoon', 'Mabufula', 'Wind Amp']
['Mudoon', 'Bufudyne', 'Mabufula', 'Megidolaon']
['Mudoon', 'Magarula', 'Mabufula', 'Null Fear']
['Magarudyne', 'High Counter', 'Evil Smile', 'Mudoon']
['Null Dark', 'Mudoon', 'Victory Cry', 'Double Fangs']
['Evil Smile', 'Mudoon', 'Null Dark', 'Magarudyne']
['Mudoon', 'Magarudyne', 'Evil Smile', 'Mabufula']
['Mudoon', 'Null Fear', 'Brave Blade', 'Resist Fire']
['Magarula', 'Mudoon', 'Evil Smile', 'Ghastly Wail']
['Mudoon', 'Double Fangs', 'Ghastly Wail', 'Evil Smile']
['Mudoon', 'High Counter', 'Magarula', 'Null Fear']
['Mudoon', 'Evil Smile', 'High Counter', 'Wind Amp']
['Mudoon', 'Evil Smile', 'Magarula', 'Ghastly Wail']
['Mudoon', 'Spell Master', 'Null Fear', 'Evil Smile']
['Mudoon', 'Bufudyne', 'Victory Cry', 'Null Dark']
['Wind Amp', 'Mudoon', 'Panta Rhei', 'Ghastly Wail']
['Mudoon', 'Null Dark', 'Evil Smile', 'Null Fear']
['Mudoon', 'Megidolaon', 'Resist Fire', 'Brave Blade']
['Evil Smile', 'Magarula', 'Brave Blade', 'Mabufula']
['Evil Smile', 'Mudoon', 'Ghastly Wail', 'Null Dark']
['Mudoon', 'Null Dark', 'Mabufula', 'Wind Amp']
['Mudoon', 'Resist Fire', 'Evil Smile', 'Wind Amp']
['Ghastly Wail', 'Mudoon', 'Mabufula', 'Evil Smile']
['Mudoon', 'Double Fangs', 'Evil Smile', 'Magarudyne']
['Evil Smile', 'Ghastly Wail', 'Mudoon', 'Mabufula']
['Mudoon', 'Null Fear', 'Null Dark', 'Magarula']
['Mudoon', 'Magarudyne', 'Evil Smile', 'Ghastly Wail']
['Mudoon', 'Double Fangs', 'Evil Smile', 'Magarudyne']
['Mudoon', 'Double Fangs', 'Wind Amp', 'Ghastly Wail']
['Mudoon', 'Double Fangs', 'Ghastly Wail', 'Evil Smile']
['Evil Smile', 'Mudoon', 'High Counter', 'Double Fangs']
['Mudoon', 'Ghastly Wail', 'Null Fear', 'High Counter']
['Evil Smile', 'Double Fangs', 'Mudoon', 'Wind Amp']
['Mudoon', 'Bufudyne', 'Evil Smile', 'Magarudyne']
['Mudoon', 'Wind Amp', 'Double Fangs', 'Mabufula']
['Mudoon', 'Magarudyne', 'Megidolaon', 'Mabufula']
['Mudoon', 'Bufudyne', 'Ghastly Wail', 'Evil Smile']
['Mudoon', 'Magarudyne', 'Ghastly Wail', 'Spell Master']
['Mudoon', 'Wind Amp', 'Magarudyne', 'Double Fangs']
['Magarula', 'Double Fangs', 'Mudoon', 'Evil Smile']
['Mudoon', 'Bufudyne', 'Mabufula', 'Magarula']
['Mudoon', 'Wind Amp', 'Evil Smile', 'Ghastly Wail']
['Null Dark', 'Mudoon', 'Evil Smile', 'Spell Master']
['Magarula', 'Mudoon', 'Double Fangs', 'Mabufula']
['Wind Amp', 'Mudoon', 'Ghastly Wail', 'Evil Smile']
['Null Fear', 'Mudoon', 'Magarula', 'Evil Smile']
['Mudoon', 'Ghastly Wail', 'Magarula', 'Bufudyne']
['Mudoon', 'Mabufula', 'Bufudyne', 'Evil Smile']
['Mudoon', 'Evil Smile', 'Wind Amp', 'Bufudyne']
['Double Fangs', 'Evil Smile', 'Ghastly Wail', 'Brave Blade']
['Mudoon', 'High Counter', 'Evil Smile', 'Double Fangs']
['Mudoon', 'Evil Smile', 'Victory Cry', 'Magarudyne']
['Mudoon', 'Evil Smile', 'Wind Amp', 'Magarudyne']
['Mudoon', 'Double Fangs', 'High Counter', 'Evil Smile']
['Mudoon', 'Null Fear', 'Panta Rhei', 'Evil Smile']
['Mudoon', 'Resist Fire', 'Double Fangs', 'Spell Master']
['Bufudyne', 'Null Dark', 'Mudoon', 'Evil Smile']
['Evil Smile', 'Mudoon', 'Magarudyne', 'Null Fear']
['High Counter', 'Mudoon', 'Mabufula', 'Evil Smile']
['Null Fear', 'Mudoon', 'Wind Amp', 'Mabufula']
['Mudoon', 'Ghastly Wail', 'Mabufula', 'Evil Smile']
['Mudoon', 'Bufudyne', 'Double Fangs', 'Mabufula']
['Mudoon', 'Bufudyne', 'Magarula', 'Evil Smile']
['Double Fangs', 'Mudoon', 'Evil Smile', 'Bufudyne']
['Null Dark', 'Mudoon', 'Megidolaon', 'Magarula']
['Mabufula', 'Wind Amp', 'Mudoon', 'Magarudyne']
['Mudoon', 'Resist Fire', 'Evil Smile', 'High Counter']
['Ghastly Wail', 'Mudoon', 'Panta Rhei', 'Evil Smile']
['Mudoon', 'Double Fangs', 'Null Fear', 'High Counter']
['Null Dark', 'Mudoon', 'Magarula', 'Mabufula']
['Mudoon', 'Ghastly Wail', 'Evil Smile', 'Double Fangs']
['Evil Smile', 'Mudoon', 'Bufudyne', 'Double Fangs']
['Mudoon', 'Evil Smile', 'Double Fangs', 'Ghastly Wail']
['Ghastly Wail', 'Mudoon', 'Double Fangs', 'Victory Cry']
['Null Fear', 'Mudoon', 'Panta Rhei', 'Magarudyne']
['Mudoon', 'Evil Smile', 'Ghastly Wail', 'Double Fangs']
['Mudoon', 'Evil Smile', 'Magarula', 'Spell Master']
['Bufudyne', 'Mudoon', 'Evil Smile', 'Mabufula']
['Resist Fire', 'Mudoon', 'Magarula', 'Null Dark']
['Mudoon', 'Double Fangs', 'Megidolaon', 'Victory Cry']
['Mudoon', 'Evil Smile', 'Null Dark', 'Ghastly Wail']
['Mudoon', 'Ghastly Wail', 'Magarudyne', 'Evil Smile']
['Mudoon', 'Null Dark', 'Magarula', 'Evil Smile']
['Mudoon', 'Mabufula', 'Megidolaon', 'Null Dark']
['Mudoon', 'Wind Amp', 'Magarula', 'Brave Blade']
['Double Fangs', 'Mudoon', 'Evil Smile', 'Magarudyne']
['Mudoon', 'Evil Smile', 'Mabufula', 'Ghastly Wail']
['Mudoon', 'Mabufula', 'Bufudyne', 'Double Fangs']
['Mudoon', 'Magarula', 'Ghastly Wail', 'Spell Master']
['Wind Amp', 'Evil Smile', 'Magarula', 'Mudoon']
['Mudoon', 'Ghastly Wail', 'Double Fangs', 'Magarula']
['Mudoon', 'Evil Smile', 'Ghastly Wail', 'Null Dark']
['Mudoon', 'Resist Fire', 'Double Fangs', 'Evil Smile']
['Mudoon', 'Megidolaon', 'Evil Smile', 'Mabufula']
['Mudoon', 'Evil Smile', 'Ghastly Wail', 'Double Fangs']
['Mudoon', 'Victory Cry', 'Ghastly Wail', 'Magarula']
['Evil Smile', 'Mudoon', 'Bufudyne', 'Wind Amp']
['Evil Smile', 'Mudoon', 'High Counter', 'Double Fangs']
['High Counter', 'Double Fangs', 'Mudoon', 'Magarudyne']
['Mudoon', 'Magarula', 'Ghastly Wail', 'Wind Amp']
['Mudoon', 'Double Fangs', 'Wind Amp', 'Magarula']
['Mudoon', 'Ghastly Wail', 'Evil Smile', 'Null Dark']
['Mudoon', 'Evil Smile', 'Magarula', 'Ghastly Wail']
['Mudoon', 'Ghastly Wail', 'Double Fangs', 'Panta Rhei']
['Mudoon', 'Resist Fire', 'Ghastly Wail', 'Evil Smile']
['Mudoon', 'Magarula', 'Evil Smile', 'Null Dark']
['Mudoon', 'Evil Smile', 'Magarula', 'Double Fangs']
['Evil Smile', 'Mudoon', 'Null Fear', 'Ghastly Wail']
['Mudoon', 'Evil Smile', 'Null Fear', 'Ghastly Wail']
['Mudoon', 'Evil Smile', 'Mabufula', 'Magarula']
['Mudoon', 'Evil Smile', 'Ghastly Wail', 'Null Dark']
['Mudoon', 'Resist Fire', 'Panta Rhei', 'Evil Smile']
['Mudoon', 'Evil Smile', 'Wind Amp', 'Null Fear']
['Mudoon', 'Evil Smile', 'Ghastly Wail', 'Victory Cry']
['Mudoon', 'Evil Smile', 'Magarudyne', 'Mabufula']
['Mudoon', 'Evil Smile', 'Ghastly Wail', 'Victory Cry']
['Mudoon', 'Resist Fire', 'Evil Smile', 'Ghastly Wail']
['Mudoon', 'Mabufula', 'Null Fear', 'Ghastly Wail']
['Magarula', 'Ghastly Wail', 'Mabufula', 'Mudoon']
['Evil Smile', 'Mudoon', 'Mabufula', 'Ghastly Wail']
['Mudoon', 'Double Fangs', 'Evil Smile', 'Mabufula']
['Mudoon', 'Double Fangs', 'Mabufula', 'Evil Smile']
['Mudoon', 'Brave Blade', 'Wind Amp', 'Evil Smile']
['Mudoon', 'Evil Smile', 'Ghastly Wail', 'Double Fangs']
['Mudoon', 'Null Fear', 'Double Fangs', 'Evil Smile']
['Evil Smile', 'Magarula', 'Mudoon', 'Double Fangs']
['Mudoon', 'Ghastly Wail', 'Evil Smile', 'Wind Amp']
['Magarudyne', 'Mudoon', 'Evil Smile', 'Mabufula']
['Mudoon', 'Resist Fire', 'Magarula', 'Evil Smile']
['Mudoon', 'Evil Smile', 'High Counter', 'Magarudyne']
['Mudoon', 'Double Fangs', 'Evil Smile', 'Null Fear']
['Mudoon', 'Mabufula', 'Bufudyne', 'Magarula']
['Mudoon', 'Wind Amp', 'Evil Smile', 'Mabufula']
['Bufudyne', 'Mudoon', 'Megidolaon', 'Double Fangs']
['Mudoon', 'Evil Smile', 'Double Fangs', 'Null Dark']
['Mudoon', 'Ghastly Wail', 'Evil Smile', 'Mabufula']
['Double Fangs', 'Mudoon', 'Evil Smile', 'Magarula']
['Mudoon', 'Magarula', 'Resist Fire', 'Ghastly Wail']
['Mudoon', 'Null Fear', 'Double Fangs', 'Evil Smile']
['Mudoon', 'Evil Smile', 'Ghastly Wail', 'Double Fangs']
['Magarudyne', 'Mudoon', 'Evil Smile', 'Megidolaon']
['Mudoon', 'Evil Smile', 'Ghastly Wail', 'Magarula']
['Resist Fire', 'Mudoon', 'High Counter', 'Evil Smile']
['Mudoon', 'Evil Smile', 'Resist Fire', 'Brave Blade']
['Mudoon', 'Double Fangs', 'Spell Master', 'Victory Cry']
['Mudoon', 'Evil Smile', 'Resist Fire', 'Ghastly Wail']
['Wind Amp', 'Mudoon', 'Evil Smile', 'Ghastly Wail']
['Mudoon', 'Victory Cry', 'Magarula', 'Evil Smile']
['Mabufula', 'Mudoon', 'Wind Amp', 'Evil Smile']
['Mudoon', 'Resist Fire', 'Double Fangs', 'Magarula']
['Mudoon', 'Evil Smile', 'Mabufula', 'Resist Fire']
['Evil Smile', 'Null Dark', 'Mudoon', 'Victory Cry']
['Evil Smile', 'Wind Amp', 'Magarula', 'Mudoon']
['Mabufula', 'Evil Smile', 'Mudoon', 'Resist Fire']
['Mudoon', 'Wind Amp', 'Ghastly Wail', 'Double Fangs']
['Mudoon', 'Mabufula', 'Ghastly Wail', 'Megidolaon']
['Mudoon', 'Ghastly Wail', 'Evil Smile', 'Null Dark']
['Mudoon', 'Ghastly Wail', 'Null Dark', 'Wind Amp']
['Mudoon', 'Evil Smile', 'Panta Rhei', 'Ghastly Wail']
['Evil Smile', 'Mudoon', 'Magarudyne', 'Double Fangs']
['Wind Amp', 'Mudoon', 'Bufudyne', 'Evil Smile']
['Spell Master', 'Mudoon', 'Double Fangs', 'Mabufula']
['Mudoon', 'Evil Smile', 'Double Fangs', 'Panta Rhei']
['Ghastly Wail', 'Mudoon', 'Double Fangs', 'Magarula']
['Mudoon', 'Ghastly Wail', 'Null Fear', 'Resist Fire']
['Mudoon', 'Mabufula', 'Null Fear', 'Evil Smile']
['Mabufula', 'Evil Smile', 'Brave Blade', 'Mudoon']
['Mudoon', 'Ghastly Wail', 'High Counter', 'Double Fangs']
['Evil Smile', 'Wind Amp', 'Mudoon', 'Null Dark']
['Mudoon', 'Magarula', 'Double Fangs', 'Mabufula']
['Mudoon', 'Wind Amp', 'Ghastly Wail', 'Evil Smile']
['Null Fear', 'Mudoon', 'Evil Smile', 'Megidolaon']
['Mudoon', 'Double Fangs', 'Ghastly Wail', 'Evil Smile']
['Evil Smile', 'Mudoon', 'Wind Amp', 'Resist Fire']
['Wind Amp', 'Mudoon', 'Panta Rhei', 'Magarula']
['Bufudyne', 'Mudoon', 'Ghastly Wail', 'Megidolaon']
['Mudoon', 'Resist Fire', 'Evil Smile', 'Wind Amp']
['Mudoon', 'Double Fangs', 'Ghastly Wail', 'Wind Amp']
['Mudoon', 'Evil Smile', 'Null Fear', 'Magarula']
['Mudoon', 'High Counter', 'Magarula', 'Evil Smile']
['Mudoon', 'Magarula', 'Evil Smile', 'Ghastly Wail']
['Mudoon', 'Mabufula', 'Double Fangs', 'Spell Master']
['Mudoon', 'Evil Smile', 'Null Dark', 'High Counter']
['Bufudyne', 'Mudoon', 'Resist Fire', 'Magarula']
['Magarula', 'Mudoon', 'Mabufula', 'Wind Amp']
['Evil Smile', 'Mudoon', 'Wind Amp', 'High Counter']
['Mudoon', 'Double Fangs', 'Evil Smile', 'Ghastly Wail']
['Ghastly Wail', 'Mudoon', 'Evil Smile', 'Null Fear']
['Mudoon', 'Evil Smile', 'High Counter', 'Resist Fire']
['Mudoon', 'Evil Smile', 'Wind Amp', 'Magarula']
['Magarudyne', 'Evil Smile', 'Resist Fire', 'Mudoon']
['Mudoon', 'Ghastly Wail', 'Evil Smile', 'Spell Master']
['Mudoon', 'Evil Smile', 'Panta Rhei', 'Double Fangs']
['Evil Smile', 'Mudoon', 'Null Fear', 'Resist Fire']
['Mudoon', 'Double Fangs', 'Resist Fire', 'Null Fear']
['Mabufula', 'Mudoon', 'Magarula', 'Evil Smile']
['Mudoon', 'Double Fangs', 'Evil Smile', 'Mabufula']
['Mudoon', 'Null Dark', 'High Counter', 'Evil Smile']
['Mudoon', 'Bufudyne', 'Null Dark', 'Ghastly Wail']
['Mudoon', 'Double Fangs', 'Victory Cry', 'Ghastly Wail']
['Evil Smile', 'Mudoon', 'Magarula', 'Ghastly Wail']
['Wind Amp', 'Magarula', 'Ghastly Wail', 'Brave Blade']
['Evil Smile', 'Mudoon', 'Victory Cry', 'Double Fangs']
['Double Fangs', 'Mudoon', 'Ghastly Wail', 'Mabufula']
['Null Dark', 'Magarula', 'Mudoon', 'Double Fangs']
['Mudoon', 'Ghastly Wail', 'Double Fangs', 'Magarula']
['High Counter', 'Evil Smile', 'Mudoon', 'Resist Fire']
['Mudoon', 'Evil Smile', 'High Counter', 'Panta Rhei']
['Mudoon', 'Evil Smile', 'Mabufula', 'Resist Fire']
['Mudoon', 'Ghastly Wail', 'Magarudyne', 'Evil Smile']
['Mudoon', 'Magarula', 'Bufudyne', 'Victory Cry']
['Megidolaon', 'Evil Smile', 'Mudoon', 'Null Dark']
['Mudoon', 'Null Dark', 'Resist Fire', 'Evil Smile']
['Mudoon', 'Double Fangs', 'Evil Smile', 'Ghastly Wail']
['Ghastly Wail', 'Resist Fire', 'Mudoon', 'Brave Blade']
['Mudoon', 'Null Fear', 'High Counter', 'Panta Rhei']
['Mudoon', 'Resist Fire', 'Evil Smile', 'Brave Blade']
['Ghastly Wail', 'Mudoon', 'Evil Smile', 'Wind Amp']
['Panta Rhei', 'Mudoon', 'Evil Smile', 'Ghastly Wail']
['Mudoon', 'High Counter', 'Evil Smile', 'Resist Fire']
['Evil Smile', 'Mudoon', 'Mabufula', 'Magarula']
['Null Dark', 'Mudoon', 'Evil Smile', 'Megidolaon']
['Magarula', 'Mudoon', 'Mabufula', 'Magarudyne']
['Mudoon', 'Bufudyne', 'High Counter', 'Evil Smile']
['High Counter', 'Resist Fire', 'Mudoon', 'Megidolaon']
['Null Dark', 'Mudoon', 'Evil Smile', 'Double Fangs']
['Mudoon', 'Magarudyne', 'Evil Smile', 'Brave Blade']
['Mudoon', 'Double Fangs', 'Bufudyne', 'Panta Rhei']
['Mudoon', 'Bufudyne', 'Mabufula', 'Evil Smile']
['Mudoon', 'Evil Smile', 'Magarudyne', 'High Counter']
['Mudoon', 'Evil Smile', 'Spell Master', 'Megidolaon']
['Mudoon', 'Ghastly Wail', 'Null Dark', 'Wind Amp']
['Mudoon', 'Ghastly Wail', 'Double Fangs', 'Magarula']
['Evil Smile', 'Resist Fire', 'Magarudyne', 'Mudoon']
['Evil Smile', 'Mudoon', 'Ghastly Wail', 'Bufudyne']
['Magarula', 'Mudoon', 'Ghastly Wail', 'Resist Fire']
['Evil Smile', 'Mudoon', 'Ghastly Wail', 'Wind Amp']
['Mudoon', 'Evil Smile', 'Null Fear', 'Bufudyne']
['Double Fangs', 'Evil Smile', 'Mudoon', 'Null Dark']
['Mudoon', 'Ghastly Wail', 'Double Fangs', 'Evil Smile']
['Evil Smile', 'Victory Cry', 'High Counter', 'Mudoon']
['Mudoon', 'Brave Blade', 'Evil Smile', 'Resist Fire']
['Mudoon', 'Evil Smile', 'Bufudyne', 'Victory Cry']
['Resist Fire', 'Wind Amp', 'Mudoon', 'Magarula']
['Mudoon', 'Magarudyne', 'Ghastly Wail', 'Evil Smile']
['Null Dark', 'Mudoon', 'Double Fangs', 'Null Fear']
['Mudoon', 'Double Fangs', 'Megidolaon', 'Evil Smile']
['Mudoon', 'Evil Smile', 'Null Dark', 'Double Fangs']
['Magarula', 'Mudoon', 'Double Fangs', 'Evil Smile']
['Mudoon', 'Bufudyne', 'Evil Smile', 'Ghastly Wail']
['Mudoon', 'Evil Smile', 'Wind Amp', 'Bufudyne']
['Mudoon', 'Brave Blade', 'Resist Fire', 'Ghastly Wail']
['Mudoon', 'Null Fear', 'Victory Cry', 'Brave Blade']
['High Counter', 'Evil Smile', 'Victory Cry', 'Mudoon']
['Mudoon', 'Wind Amp', 'Magarudyne', 'Evil Smile']
['Mudoon', 'Panta Rhei', 'Ghastly Wail', 'Resist Fire']
['Mudoon', 'Bufudyne', 'Wind Amp', 'Double Fangs']
['Ghastly Wail', 'Mudoon', 'Evil Smile', 'Double Fangs']
['Mudoon', 'Bufudyne', 'Double Fangs', 'Null Fear']
['Mudoon', 'Evil Smile', 'High Counter', 'Double Fangs']
['Bufudyne', 'Ghastly Wail', 'Mudoon', 'Evil Smile']
['Bufudyne', 'Evil Smile', 'Resist Fire', 'Mudoon']
['Mudoon', 'Double Fangs', 'Bufudyne', 'Resist Fire']
['Evil Smile', 'Mudoon', 'Mabufula', 'Double Fangs']
['Mudoon', 'Magarula', 'Ghastly Wail', 'Evil Smile']
['Mudoon', 'Resist Fire', 'Evil Smile', 'Null Fear']
['Mudoon', 'Null Fear', 'Null Dark', 'High Counter']
['Mudoon', 'Wind Amp', 'Evil Smile', 'Null Fear']
['Evil Smile', 'Double Fangs', 'Magarudyne', 'Mudoon']
['Mudoon', 'Evil Smile', 'Null Dark', 'Wind Amp']
['Wind Amp', 'Mudoon', 'Evil Smile', 'Megidolaon']
['Ghastly Wail', 'Mudoon', 'Bufudyne', 'Evil Smile']
['Mudoon', 'Double Fangs', 'Evil Smile', 'Panta Rhei']
['Mudoon', 'High Counter', 'Mabufula', 'Ghastly Wail']
['Mudoon', 'Victory Cry', 'Null Fear', 'High Counter']
['Ghastly Wail', 'Mudoon', 'Magarula', 'Evil Smile']
['High Counter', 'Null Dark', 'Mudoon', 'Null Fear']
['Mudoon', 'Resist Fire', 'Evil Smile', 'Wind Amp']
['Mudoon', 'Ghastly Wail', 'Evil Smile', 'Bufudyne']
['Mudoon', 'Resist Fire', 'Magarudyne', 'Null Dark']
['Mudoon', 'Megidolaon', 'Evil Smile', 'Magarula']
['Mudoon', 'Resist Fire', 'Magarula', 'Ghastly Wail']
['Mudoon', 'High Counter', 'Magarudyne', 'Evil Smile']
['Mudoon', 'Evil Smile', 'Resist Fire', 'Mabufula']
['Mudoon', 'Evil Smile', 'Double Fangs', 'Resist Fire']
['Mabufula', 'Mudoon', 'Double Fangs', 'Evil Smile']
['Mudoon', 'Ghastly Wail', 'Magarula', 'Evil Smile']
['Mudoon', 'Magarula', 'Double Fangs', 'Mabufula']
['Mudoon', 'Null Fear', 'Double Fangs', 'Ghastly Wail']
['Evil Smile', 'Mudoon', 'Null Dark', 'Magarula']
['Null Fear', 'Evil Smile', 'Mudoon', 'Bufudyne']
['Mabufula', 'Resist Fire', 'Mudoon', 'Magarula']
['Wind Amp', 'Mudoon', 'Double Fangs', 'Evil Smile']
['Resist Fire', 'Ghastly Wail', 'Mudoon', 'Double Fangs']
['Ghastly Wail', 'Evil Smile', 'Mudoon', 'High Counter']
['Mudoon', 'Ghastly Wail', 'Evil Smile', 'Double Fangs']
['Mudoon', 'Null Fear', 'High Counter', 'Evil Smile']
['Double Fangs', 'Evil Smile', 'Mudoon', 'Ghastly Wail']
['Mudoon', 'Mabufula', 'Evil Smile', 'Magarula']
['Mudoon', 'Ghastly Wail', 'Resist Fire', 'Evil Smile']
['Evil Smile', 'Mudoon', 'Panta Rhei', 'Megidolaon']
['Ghastly Wail', 'Bufudyne', 'Mudoon', 'Resist Fire']
['Ghastly Wail', 'Mudoon', 'Evil Smile', 'Bufudyne']
['Mudoon', 'Double Fangs', 'Resist Fire', 'Null Fear']
['Mudoon', 'Bufudyne', 'Mabufula', 'Ghastly Wail']
['Mudoon', 'Evil Smile', 'Ghastly Wail', 'Resist Fire']
['Mudoon', 'Double Fangs', 'Evil Smile', 'Resist Fire']
['Magarula', 'Mudoon', 'Ghastly Wail', 'High Counter']
['Ghastly Wail', 'Mudoon', 'Evil Smile', 'Panta Rhei']
['Mudoon', 'Null Dark', 'Bufudyne', 'Evil Smile']
['Megidolaon', 'Mudoon', 'High Counter', 'Mabufula']
['Mudoon', 'Evil Smile', 'Magarudyne', 'Wind Amp']
['Mudoon', 'Evil Smile', 'Magarula', 'High Counter']
['Mudoon', 'High Counter', 'Evil Smile', 'Ghastly Wail']
['Mudoon', 'Double Fangs', 'High Counter', 'Evil Smile']
['Mudoon', 'Null Dark', 'Megidolaon', 'Magarula']
['Double Fangs', 'Mudoon', 'Victory Cry', 'Evil Smile']
['Victory Cry', 'Ghastly Wail', 'Mudoon', 'Evil Smile']
['Mudoon', 'Ghastly Wail', 'Resist Fire', 'Bufudyne']
['Mudoon', 'Null Fear', 'Evil Smile', 'Ghastly Wail']
['Mudoon', 'Null Dark', 'Evil Smile', 'Resist Fire']
['Mudoon', 'Double Fangs', 'Spell Master', 'Mabufula']
['Mudoon', 'Null Fear', 'Double Fangs', 'Mabufula']
['Mudoon', 'High Counter', 'Ghastly Wail', 'Bufudyne']
['Evil Smile', 'Mudoon', 'Double Fangs', 'Ghastly Wail']
['Mudoon', 'Evil Smile', 'Resist Fire', 'Null Fear']
['Double Fangs', 'Mudoon', 'Resist Fire', 'Evil Smile']
['Mudoon', 'Spell Master', 'Panta Rhei', 'Evil Smile']
['Mudoon', 'Double Fangs', 'High Counter', 'Evil Smile']
['Mudoon', 'Evil Smile', 'Double Fangs', 'Spell Master']
['Mabufula', 'High Counter', 'Evil Smile', 'Mudoon']
['Mudoon', 'Wind Amp', 'Panta Rhei', 'Megidolaon']
['Mudoon', 'Double Fangs', 'Wind Amp', 'Evil Smile']
['Evil Smile', 'Mabufula', 'Ghastly Wail', 'Mudoon']
['High Counter', 'Ghastly Wail', 'Mudoon', 'Resist Fire']
['Mudoon', 'High Counter', 'Ghastly Wail', 'Wind Amp']
['Mudoon', 'Double Fangs', 'Evil Smile', 'Ghastly Wail']
['Mudoon', 'Evil Smile', 'Resist Fire', 'Null Fear']
['Evil Smile', 'Mudoon', 'Panta Rhei', 'Bufudyne']
['Wind Amp', 'Mudoon', 'Mabufula', 'Magarula']
['Mudoon', 'Null Fear', 'High Counter', 'Ghastly Wail']
['Mudoon', 'High Counter', 'Ghastly Wail', 'Spell Master']
['Ghastly Wail', 'Resist Fire', 'Mudoon', 'Victory Cry']
['Mudoon', 'Evil Smile', 'Ghastly Wail', 'Victory Cry']
['Mudoon', 'Resist Fire', 'Megidolaon', 'Mabufula']
['Mudoon', 'Victory Cry', 'Resist Fire', 'Evil Smile']
['Spell Master', 'Mudoon', 'Null Fear', 'Megidolaon']
['Ghastly Wail', 'Double Fangs', 'Mudoon', 'Mabufula']
['Mudoon', 'Double Fangs', 'Ghastly Wail', 'Magarula']
['Mudoon', 'Mabufula', 'Wind Amp', 'Double Fangs']
['Mudoon', 'Evil Smile', 'Mabufula', 'Double Fangs']
['Evil Smile', 'Mudoon', 'Magarula', 'Brave Blade']
['Wind Amp', 'Mudoon', 'Null Dark', 'Evil Smile']
['Mudoon', 'Double Fangs', 'Resist Fire', 'Megidolaon']
['Resist Fire', 'Mudoon', 'Victory Cry', 'Mabufula']
['Mudoon', 'Brave Blade', 'Evil Smile', 'Magarudyne']
['High Counter', 'Mudoon', 'Evil Smile', 'Magarula']
['Mudoon', 'Double Fangs', 'High Counter', 'Magarula']
['Mudoon', 'Evil Smile', 'Brave Blade', 'Ghastly Wail']
['Mudoon', 'Null Fear', 'Bufudyne', 'Mabufula']
['Mudoon', 'Null Dark', 'High Counter', 'Double Fangs']
['Mudoon', 'Magarula', 'Ghastly Wail', 'Mabufula']
['Evil Smile', 'Mudoon', 'Ghastly Wail', 'Double Fangs']
['Mudoon', 'Wind Amp', 'Brave Blade', 'High Counter']
['Resist Fire', 'Mudoon', 'Megidolaon', 'Wind Amp']
['Evil Smile', 'Bufudyne', 'Mudoon', 'Magarula']
['Mudoon', 'Mabufula', 'Ghastly Wail', 'Evil Smile']
['Mudoon', 'Magarula', 'Brave Blade', 'Ghastly Wail']
['Evil Smile', 'Spell Master', 'Mudoon', 'Double Fangs']
['Mudoon', 'Evil Smile', 'High Counter', 'Megidolaon']
['Mudoon', 'Wind Amp', 'Magarula', 'Evil Smile']
['Mudoon', 'Mabufula', 'Null Dark', 'Wind Amp']
['Mudoon', 'High Counter', 'Double Fangs', 'Ghastly Wail']
['Mudoon', 'Double Fangs', 'Mabufula', 'Victory Cry']
['Mudoon', 'Ghastly Wail', 'Evil Smile', 'Panta Rhei']
['Mudoon', 'Spell Master', 'Evil Smile', 'Ghastly Wail']
['Mudoon', 'Ghastly Wail', 'Evil Smile', 'Mabufula']
['Mudoon', 'Ghastly Wail', 'Resist Fire', 'Evil Smile']
['Ghastly Wail', 'Mudoon', 'Evil Smile', 'Bufudyne']
['Mudoon', 'Evil Smile', 'Null Fear', 'Double Fangs']
['Wind Amp', 'Mudoon', 'Resist Fire', 'Bufudyne']
['Null Dark', 'Mudoon', 'Mabufula', 'Wind Amp']
['Mudoon', 'Evil Smile', 'Magarudyne', 'Resist Fire']
['Mudoon', 'Magarula', 'Victory Cry', 'Ghastly Wail']
['Mudoon', 'Resist Fire', 'Wind Amp', 'Null Fear']
['Mabufula', 'Mudoon', 'High Counter', 'Evil Smile']
['Mudoon', 'Bufudyne', 'Null Dark', 'Magarula']
['Mudoon', 'Evil Smile', 'Ghastly Wail', 'High Counter']
['Mudoon', 'Double Fangs', 'Brave Blade', 'Bufudyne']
['Mudoon', 'Evil Smile', 'Double Fangs', 'Brave Blade']
['Mudoon', 'Evil Smile', 'Null Fear', 'Wind Amp']
['Mudoon', 'Ghastly Wail', 'Evil Smile', 'High Counter']
['Mudoon', 'Evil Smile', 'Magarula', 'Wind Amp']
['Magarula', 'Mudoon', 'Evil Smile', 'Double Fangs']
['Mudoon', 'Megidolaon', 'Evil Smile', 'Null Dark']
['Mudoon', 'Evil Smile', 'Double Fangs', 'Wind Amp']
['Mudoon', 'Evil Smile', 'Brave Blade', 'Mabufula']
['Double Fangs', 'Mudoon', 'Null Dark', 'High Counter']
['Mudoon', 'Brave Blade', 'Magarudyne', 'Ghastly Wail']
['Mudoon', 'Victory Cry', 'Evil Smile', 'Spell Master']
['Mudoon', 'Magarudyne', 'Double Fangs', 'Wind Amp']
['Mudoon', 'Brave Blade', 'Mabufula', 'Null Dark']
['Mudoon', 'Magarudyne', 'Magarula', 'Victory Cry']
['Mudoon', 'Evil Smile', 'Double Fangs', 'Magarula']
['Mudoon', 'Evil Smile', 'Ghastly Wail', 'Double Fangs']
['Mudoon', 'Double Fangs', 'Null Fear', 'Evil Smile']
['Mudoon', 'Evil Smile', 'Double Fangs', 'Ghastly Wail']
['Mudoon', 'Panta Rhei', 'Ghastly Wail', 'Magarula']
['Mudoon', 'Evil Smile', 'Double Fangs', 'Mabufula']
['Mudoon', 'Panta Rhei', 'Double Fangs', 'Ghastly Wail']
['Null Fear', 'Evil Smile', 'Mudoon', 'Ghastly Wail']
['Mudoon', 'Panta Rhei', 'Double Fangs', 'Bufudyne']
['Mudoon', 'Magarudyne', 'High Counter', 'Mabufula']
['High Counter', 'Spell Master', 'Mudoon', 'Null Dark']
['Mudoon', 'Double Fangs', 'Ghastly Wail', 'Magarula']
['Mudoon', 'Double Fangs', 'Victory Cry', 'Ghastly Wail']
['Mudoon', 'Evil Smile', 'Double Fangs', 'Mabufula']
['Ghastly Wail', 'Evil Smile', 'Mudoon', 'Null Dark']
['Mudoon', 'Mabufula', 'Double Fangs', 'Evil Smile']
['Mudoon', 'Victory Cry', 'Wind Amp', 'Ghastly Wail']
['Evil Smile', 'Mudoon', 'Double Fangs', 'Wind Amp']
['Mudoon', 'Wind Amp', 'Double Fangs', 'Null Fear']
['Wind Amp', 'Mudoon', 'Panta Rhei', 'Ghastly Wail']
['Mudoon', 'Evil Smile', 'Null Fear', 'Magarudyne']
['Mudoon', 'Double Fangs', 'Evil Smile', 'Spell Master']
['High Counter', 'Mudoon', 'Mabufula', 'Ghastly Wail']
['Evil Smile', 'Mudoon', 'Double Fangs', 'Wind Amp']
['Mudoon', 'Megidolaon', 'Magarula', 'Double Fangs']
['Null Dark', 'Mudoon', 'Panta Rhei', 'Ghastly Wail']
['Mudoon', 'Evil Smile', 'Magarula', 'Magarudyne']
['Mudoon', 'Double Fangs', 'Ghastly Wail', 'Mabufula']
['Magarula', 'Mudoon', 'Panta Rhei', 'Evil Smile']
['Mudoon', 'Ghastly Wail', 'Evil Smile', 'Wind Amp']
['Bufudyne', 'Mudoon', 'Wind Amp', 'Ghastly Wail']
['Wind Amp', 'Mudoon', 'Evil Smile', 'Null Fear']
['Mudoon', 'Evil Smile', 'Ghastly Wail', 'Null Dark']
['Mudoon', 'Magarula', 'Ghastly Wail', 'Evil Smile']
['Mudoon', 'Ghastly Wail', 'Evil Smile', 'Double Fangs']
['Mudoon', 'Spell Master', 'Mabufula', 'Evil Smile']
['Evil Smile', 'Ghastly Wail', 'Mudoon', 'Wind Amp']
['Null Dark', 'High Counter', 'Ghastly Wail', 'Mudoon']
['Mudoon', 'Bufudyne', 'Magarudyne', 'Resist Fire']
['Evil Smile', 'Mudoon', 'Megidolaon', 'Ghastly Wail']
['Mudoon', 'Evil Smile', 'Null Dark', 'Ghastly Wail']
['Mudoon', 'Wind Amp', 'Evil Smile', 'Double Fangs']
['Mudoon', 'Magarula', 'Null Fear', 'Evil Smile']
['Mudoon', 'Evil Smile', 'Magarudyne', 'Magarula']
['Mudoon', 'Double Fangs', 'Bufudyne', 'Megidolaon']
['Mudoon', 'Mabufula', 'Evil Smile', 'Magarudyne']
['Mudoon', 'Evil Smile', 'Resist Fire', 'Magarula']
['Ghastly Wail', 'Null Fear', 'Mudoon', 'Double Fangs']
['Mudoon', 'Null Dark', 'Bufudyne', 'Mabufula']
['Null Dark', 'Mudoon', 'Double Fangs', 'Evil Smile']
['Evil Smile', 'Mudoon', 'Magarula', 'Double Fangs']
['Mudoon', 'Wind Amp', 'Double Fangs', 'Magarula']
['Magarudyne', 'Mudoon', 'Ghastly Wail', 'Wind Amp']
['Resist Fire', 'Mudoon', 'Evil Smile', 'Wind Amp']
['Mudoon', 'Evil Smile', 'Panta Rhei', 'Wind Amp']
['Mudoon', 'Evil Smile', 'Ghastly Wail', 'Wind Amp']
['Mudoon', 'Megidolaon', 'Evil Smile', 'Panta Rhei']
['High Counter', 'Mudoon', 'Ghastly Wail', 'Spell Master']
['Mudoon', 'Evil Smile', 'Megidolaon', 'Null Fear']
['Null Dark', 'Mudoon', 'Resist Fire', 'Double Fangs']
['Mudoon', 'High Counter', 'Double Fangs', 'Evil Smile']
['Mudoon', 'Double Fangs', 'Magarudyne', 'High Counter']
['Mudoon', 'Magarula', 'Evil Smile', 'Null Fear']
['Mudoon', 'Magarudyne', 'Double Fangs', 'Ghastly Wail']
['Mudoon', 'Mabufula', 'Null Fear', 'Ghastly Wail']
['Mudoon', 'Brave Blade', 'Mabufula', 'Magarula']
['Mudoon', 'Ghastly Wail', 'Null Dark', 'Evil Smile']
['Mudoon', 'Ghastly Wail', 'Magarula', 'Double Fangs']
['Mudoon', 'Ghastly Wail', 'Wind Amp', 'Evil Smile']
['Mudoon', 'High Counter', 'Null Dark', 'Double Fangs']
['Mudoon', 'Ghastly Wail', 'Null Fear', 'Bufudyne']
['Mudoon', 'Mabufula', 'Ghastly Wail', 'Wind Amp']
['Mudoon', 'Evil Smile', 'High Counter', 'Ghastly Wail']
['High Counter', 'Ghastly Wail', 'Mudoon', 'Bufudyne']
['Mudoon', 'Mabufula', 'Evil Smile', 'Panta Rhei']
['Mudoon', 'Evil Smile', 'Spell Master', 'Bufudyne']
['Mudoon', 'Mabufula', 'Null Dark', 'Wind Amp']
['Double Fangs', 'Mudoon', 'Evil Smile', 'Wind Amp']
['Mabufula', 'Mudoon', 'Bufudyne', 'Wind Amp']
['Mudoon', 'Wind Amp', 'Spell Master', 'Evil Smile']
['Mudoon', 'Evil Smile', 'Bufudyne', 'Double Fangs']
['Mudoon', 'Panta Rhei', 'Evil Smile', 'Spell Master']
['Mabufula', 'Null Fear', 'Mudoon', 'Spell Master']
['Mudoon', 'Spell Master', 'Evil Smile', 'Null Fear']
['Mudoon', 'Ghastly Wail', 'Bufudyne', 'Mabufula']
['Null Dark', 'Mudoon', 'Evil Smile', 'Ghastly Wail']
['Mudoon', 'Evil Smile', 'Ghastly Wail', 'Null Fear']
['Mudoon', 'Double Fangs', 'Evil Smile', 'Mabufula']
['Mudoon', 'Spell Master', 'Null Fear', 'Ghastly Wail']
['Mudoon', 'Magarudyne', 'Panta Rhei', 'Ghastly Wail']
['Mudoon', 'Resist Fire', 'High Counter', 'Double Fangs']
['Mudoon', 'Evil Smile', 'High Counter', 'Ghastly Wail']
['Mudoon', 'Magarula', 'Mabufula', 'Null Dark']
['Mudoon', 'Ghastly Wail', 'Mabufula', 'Evil Smile']
['Mudoon', 'High Counter', 'Resist Fire', 'Ghastly Wail']
['Double Fangs', 'Mudoon', 'Brave Blade', 'Resist Fire']
['Mudoon', 'Evil Smile', 'Brave Blade', 'Wind Amp']
['Evil Smile', 'Mudoon', 'Brave Blade', 'Null Fear']
['Mudoon', 'High Counter', 'Evil Smile', 'Megidolaon']
['Mudoon', 'Evil Smile', 'Spell Master', 'Magarudyne']
['Mudoon', 'Null Fear', 'Evil Smile', 'Spell Master']
['Mudoon', 'Evil Smile', 'Bufudyne', 'Brave Blade']
['Mudoon', 'Double Fangs', 'Ghastly Wail', 'Evil Smile']
['Null Dark', 'Mudoon', 'Victory Cry', 'Resist Fire']
['Evil Smile', 'Mudoon', 'Double Fangs', 'Null Dark']
['Bufudyne', 'Resist Fire', 'Mudoon', 'Magarula']
['Mudoon', 'Mabufula', 'Double Fangs', 'Ghastly Wail']
['Evil Smile', 'Mudoon', 'Double Fangs', 'Ghastly Wail']
['Mudoon', 'High Counter', 'Resist Fire', 'Null Dark']
['Mudoon', 'High Counter', 'Evil Smile', 'Double Fangs']
['Resist Fire', 'Ghastly Wail', 'Mudoon', 'Null Fear']
['Evil Smile', 'Mabufula', 'Double Fangs', 'Mudoon']
['Mudoon', 'Evil Smile', 'Magarula', 'Double Fangs']
['Mudoon', 'Megidolaon', 'Wind Amp', 'Evil Smile']
['Mudoon', 'High Counter', 'Bufudyne', 'Double Fangs']
['Mudoon', 'Ghastly Wail', 'Megidolaon', 'Magarula']
['Mudoon', 'Double Fangs', 'Evil Smile', 'Null Fear']
['Double Fangs', 'Mudoon', 'Evil Smile', 'Magarudyne']
['Mudoon', 'Ghastly Wail', 'Evil Smile', 'Mabufula']
['High Counter', 'Bufudyne', 'Mudoon', 'Wind Amp']
['Mudoon', 'Spell Master', 'Evil Smile', 'Bufudyne']
['Evil Smile', 'Mudoon', 'Double Fangs', 'Ghastly Wail']
['Megidolaon', 'Mudoon', 'Evil Smile', 'Ghastly Wail']
['Mudoon', 'Spell Master', 'Null Fear', 'Magarula']
['Brave Blade', 'Mudoon', 'Evil Smile', 'Victory Cry']
['High Counter', 'Mudoon', 'Evil Smile', 'Magarudyne']
['Mudoon', 'Wind Amp', 'Evil Smile', 'Ghastly Wail']
['Mudoon', 'Evil Smile', 'Wind Amp', 'High Counter']
['Mudoon', 'Ghastly Wail', 'Double Fangs', 'Resist Fire']
['Mudoon', 'Evil Smile', 'Bufudyne', 'Ghastly Wail']
['Evil Smile', 'Mudoon', 'Magarula', 'Resist Fire']
['Magarudyne', 'Mudoon', 'Double Fangs', 'Null Dark']
['Double Fangs', 'Mudoon', 'Bufudyne', 'Spell Master']
['Mudoon', 'Null Dark', 'Ghastly Wail', 'Evil Smile']
['Ghastly Wail', 'Mudoon', 'Null Fear', 'Double Fangs']
['Null Dark', 'Evil Smile', 'Magarudyne', 'Mudoon']
['Mudoon', 'Bufudyne', 'Evil Smile', 'Double Fangs']
['Mudoon', 'Ghastly Wail', 'Evil Smile', 'Bufudyne']
['Mudoon', 'Null Fear', 'Panta Rhei', 'Double Fangs']
['Mudoon', 'Double Fangs', 'Bufudyne', 'High Counter']
['Mudoon', 'High Counter', 'Evil Smile', 'Double Fangs']
['Mudoon', 'Wind Amp', 'Double Fangs', 'Evil Smile']
['Mudoon', 'Evil Smile', 'Ghastly Wail', 'Resist Fire']
['Mudoon', 'Evil Smile', 'Resist Fire', 'Wind Amp']
['Mabufula', 'Mudoon', 'Wind Amp', 'Evil Smile']
['Mudoon', 'Double Fangs', 'Null Dark', 'Resist Fire']
['Evil Smile', 'Resist Fire', 'Mudoon', 'Bufudyne']
['Mudoon', 'Null Dark', 'Evil Smile', 'Ghastly Wail']
['Null Fear', 'Mudoon', 'Double Fangs', 'Spell Master']
['Mudoon', 'Wind Amp', 'Ghastly Wail', 'Resist Fire']
['Evil Smile', 'Mudoon', 'Resist Fire', 'Magarula']
['Mudoon', 'Evil Smile', 'Bufudyne', 'Victory Cry']
['Victory Cry', 'Mudoon', 'Evil Smile', 'Magarudyne']
['Mudoon', 'Victory Cry', 'Megidolaon', 'Null Fear']
['Resist Fire', 'Mudoon', 'Bufudyne', 'Ghastly Wail']
['Megidolaon', 'Mudoon', 'Null Fear', 'Evil Smile']
['Mudoon', 'Null Dark', 'Evil Smile', 'Ghastly Wail']
['Evil Smile', 'Double Fangs', 'Mudoon', 'Bufudyne']
['Mudoon', 'Megidolaon', 'Evil Smile', 'Bufudyne']
['Mudoon', 'Ghastly Wail', 'Resist Fire', 'Null Fear']
['Evil Smile', 'Mudoon', 'Mabufula', 'High Counter']
['Mudoon', 'Ghastly Wail', 'Wind Amp', 'Evil Smile']
['Double Fangs', 'Mudoon', 'Evil Smile', 'Bufudyne']
['Mudoon', 'High Counter', 'Ghastly Wail', 'Null Fear']
['Null Dark', 'Mudoon', 'Evil Smile', 'Double Fangs']
['Mudoon', 'Ghastly Wail', 'Evil Smile', 'Wind Amp']
['Null Dark', 'Double Fangs', 'Mudoon', 'Bufudyne']
['Mudoon', 'Double Fangs', 'Evil Smile', 'Null Dark']
['Mudoon', 'Bufudyne', 'Evil Smile', 'Resist Fire']
['Mudoon', 'Mabufula', 'Null Fear', 'Ghastly Wail']
['Mudoon', 'Mabufula', 'Ghastly Wail', 'Magarula']
['High Counter', 'Mudoon', 'Megidolaon', 'Bufudyne']
['Resist Fire', 'Mudoon', 'Evil Smile', 'Ghastly Wail']
['Mudoon', 'Magarula', 'Evil Smile', 'Double Fangs']
['Mudoon', 'Brave Blade', 'Evil Smile', 'High Counter']
['Mudoon', 'Evil Smile', 'Ghastly Wail', 'Megidolaon']
['Mudoon', 'Evil Smile', 'Resist Fire', 'Double Fangs']
['Mudoon', 'High Counter', 'Bufudyne', 'Ghastly Wail']
['Mudoon', 'Null Dark', 'Double Fangs', 'Evil Smile']
['Evil Smile', 'Mudoon', 'Resist Fire', 'Mabufula']
['Mudoon', 'Double Fangs', 'Magarudyne', 'Ghastly Wail']
['Ghastly Wail', 'Mudoon', 'Double Fangs', 'Evil Smile']
['Mudoon', 'Evil Smile', 'Panta Rhei', 'Bufudyne']
['Mudoon', 'Evil Smile', 'High Counter', 'Double Fangs']
['Mudoon', 'Evil Smile', 'Mabufula', 'Null Fear']
['Mudoon', 'Ghastly Wail', 'Wind Amp', 'Evil Smile']
['Mudoon', 'Ghastly Wail', 'Evil Smile', 'Null Fear']
['Null Dark', 'Mudoon', 'Null Fear', 'Wind Amp']
['Mudoon', 'Bufudyne', 'Double Fangs', 'Null Fear']
['Mudoon', 'Null Fear', 'Evil Smile', 'Wind Amp']
['Null Fear', 'Mudoon', 'Evil Smile', 'Spell Master']
['Mudoon', 'Evil Smile', 'Double Fangs', 'Panta Rhei']
['Double Fangs', 'Evil Smile', 'Mudoon', 'Ghastly Wail']
['Mudoon', 'Evil Smile', 'Double Fangs', 'Resist Fire']
['Mudoon', 'Evil Smile', 'Null Dark', 'Ghastly Wail']
['Mudoon', 'Ghastly Wail', 'Evil Smile', 'Null Dark']
['Mudoon', 'Victory Cry', 'Evil Smile', 'Bufudyne']
['Mudoon', 'Bufudyne', 'Resist Fire', 'Megidolaon']
['Double Fangs', 'Mudoon', 'Evil Smile', 'High Counter']
['Mudoon', 'Double Fangs', 'Null Fear', 'Magarudyne']
['Mudoon', 'Magarula', 'Ghastly Wail', 'Evil Smile']
['Mudoon', 'Brave Blade', 'Ghastly Wail', 'Double Fangs']
['Mudoon', 'Evil Smile', 'Megidolaon', 'Victory Cry']
['Ghastly Wail', 'Magarudyne', 'Mudoon', 'Null Fear']
['Mudoon', 'Magarudyne', 'Ghastly Wail', 'Evil Smile']
['Mudoon', 'Brave Blade', 'Double Fangs', 'Evil Smile']
['Double Fangs', 'Mudoon', 'Evil Smile', 'Mabufula']
['Evil Smile', 'Mudoon', 'Magarudyne', 'Double Fangs']
['Mudoon', 'Evil Smile', 'Mabufula', 'Magarudyne']
['Ghastly Wail', 'Mudoon', 'Evil Smile', 'Bufudyne']
['Mudoon', 'Mabufula', 'Resist Fire', 'Wind Amp']
['Ghastly Wail', 'High Counter', 'Mudoon', 'Evil Smile']
['Magarudyne', 'Double Fangs', 'Mudoon', 'Ghastly Wail']
['Mudoon', 'Evil Smile', 'Bufudyne', 'Mabufula']
['Mudoon', 'Magarula', 'Double Fangs', 'Megidolaon']
['Mudoon', 'Panta Rhei', 'Resist Fire', 'Evil Smile']
['Double Fangs', 'Mudoon', 'Panta Rhei', 'Ghastly Wail']
['Mudoon', 'Wind Amp', 'Bufudyne', 'Ghastly Wail']
['Mudoon', 'Resist Fire', 'Evil Smile', 'Ghastly Wail']
['Mudoon', 'Wind Amp', 'Magarudyne', 'Magarula']
['Mudoon', 'Evil Smile', 'Spell Master', 'Double Fangs']
['Mudoon', 'Bufudyne', 'Double Fangs', 'Resist Fire']
['Mudoon', 'Spell Master', 'Null Fear', 'Resist Fire']
['Mudoon', 'Evil Smile', 'Ghastly Wail', 'Magarula']
['Mudoon', 'Magarudyne', 'Bufudyne', 'Evil Smile']
['Panta Rhei', 'Double Fangs', 'Mudoon', 'Victory Cry']
['Mudoon', 'Wind Amp', 'Ghastly Wail', 'Evil Smile']
['Evil Smile', 'Mudoon', 'Ghastly Wail', 'Null Fear']
['Mudoon', 'Double Fangs', 'Wind Amp', 'Mabufula']
['Mudoon', 'Evil Smile', 'Null Fear', 'Ghastly Wail']
['Evil Smile', 'Mudoon', 'Null Dark', 'High Counter']
['Mudoon', 'Magarula', 'Double Fangs', 'Evil Smile']
['High Counter', 'Magarula', 'Ghastly Wail', 'Mudoon']
['Victory Cry', 'Evil Smile', 'Mudoon', 'Null Fear']
['Victory Cry', 'Mudoon', 'Bufudyne', 'Evil Smile']
['Mudoon', 'High Counter', 'Wind Amp', 'Double Fangs']
['Mudoon', 'Magarula', 'Double Fangs', 'Null Fear']
['Mudoon', 'High Counter', 'Evil Smile', 'Double Fangs']
['Mudoon', 'Null Fear', 'High Counter', 'Magarula']
['Mudoon', 'Double Fangs', 'Ghastly Wail', 'Victory Cry']
['Mudoon', 'Evil Smile', 'Spell Master', 'Double Fangs']
['Mudoon', 'Victory Cry', 'Evil Smile', 'Brave Blade']
['Ghastly Wail', 'Mudoon', 'Evil Smile', 'Null Dark']
['Mudoon', 'Evil Smile', 'Null Dark', 'Double Fangs']
['Mudoon', 'Resist Fire', 'Megidolaon', 'Victory Cry']
['Mudoon', 'Null Dark', 'Spell Master', 'Evil Smile']
['Mudoon', 'Evil Smile', 'Brave Blade', 'Ghastly Wail']
['Mudoon', 'Evil Smile', 'Mabufula', 'Ghastly Wail']
['Mudoon', 'High Counter', 'Evil Smile', 'Null Dark']
['Mudoon', 'Spell Master', 'Ghastly Wail', 'Mabufula']
['Evil Smile', 'Mudoon', 'Ghastly Wail', 'Megidolaon']
['Mudoon', 'Magarula', 'Bufudyne', 'Evil Smile']
['Null Dark', 'Wind Amp', 'Evil Smile', 'Mudoon']
['Mudoon', 'Evil Smile', 'Ghastly Wail', 'Double Fangs']
['Mudoon', 'High Counter', 'Resist Fire', 'Mabufula']
['Wind Amp', 'Mudoon', 'Resist Fire', 'Panta Rhei']
['Double Fangs', 'Mudoon', 'Evil Smile', 'Magarudyne']
['Mudoon', 'High Counter', 'Ghastly Wail', 'Wind Amp']
['Mudoon', 'Ghastly Wail', 'Evil Smile', 'Double Fangs']
['Mudoon', 'Mabufula', 'Ghastly Wail', 'Evil Smile']
['Mudoon', 'Evil Smile', 'Double Fangs', 'Megidolaon']
['Evil Smile', 'Mudoon', 'Ghastly Wail', 'Wind Amp']
['Wind Amp', 'Mudoon', 'Null Dark', 'Null Fear']
['Double Fangs', 'Mudoon', 'Bufudyne', 'Evil Smile']
['Mudoon', 'Null Dark', 'Resist Fire', 'Null Fear']
['Mabufula', 'High Counter', 'Evil Smile', 'Mudoon']
