['Auto-Sukukaja', 'Cleave', 'Mabufu', 'Torrent Shot']
['Mabufu', 'Cleave', 'Power Slash', 'Dodge Slash']
['Auto-Sukukaja', 'Cleave', 'Mabufu', 'Torrent Shot']
['Mabufu', 'Cleave', 'Power Slash', 'Dodge Slash']
['Mabufu', 'Auto-Tarukaja', 'Bash', 'Cleave']
['Mazionga', 'Bash', 'Auto-Tarukaja', 'Evade Strike']
['Bash', 'Mabufu', 'Mazionga', 'Evade Strike']
['Gigantic Fist', 'Cleave', 'Dodge Slash', 'Evade Strike']
['Mabufu', 'Bash', 'Dodge Slash', 'Cleave']
['Cleave', 'Power Slash', 'Dodge Slash', 'Bash']
['Bash', 'Power Slash', 'Cleave', 'Dodge Slash']
['Cleave', 'Mabufu', 'Power Slash', 'Bash']
['Cleave', 'Mabufu', 'Auto-Sukukaja', 'Evade Strike']
['Cleave', 'Auto-Tarukaja', 'Mabufu', 'Power Slash']
['Dodge Slash', 'Cleave', 'Evade Strike', 'Power Slash']
['Power Slash', 'Dodge Slash', 'Auto-Tarukaja', 'Bash']
['Cleave', 'Zan-ei', 'Gigantic Fist', 'Auto-Sukukaja']
['Evade Strike', 'Power Slash', 'Cleave', 'Mabufu']
['Dodge Slash', 'Cleave', 'Mabufu', 'Power Slash']
['Power Slash', 'Torrent Shot', 'Auto-Tarukaja', 'Cleave']
['Power Slash', 'Cleave', 'Mabufu', 'Zan-ei']
['Zan-ei', 'Gigantic Fist', 'Bash', 'Cleave']
['Cleave', 'Mabufu', 'Auto-Tarukaja', 'Power Slash']
['Zan-ei', 'Power Slash', 'Evade Strike', 'Torrent Shot']
['Cleave', 'Zan-ei', 'Bash', 'Mabufu']
['Cleave', 'Bash', 'Zan-ei', 'Mazionga']
['Mazionga', 'Auto-Sukukaja', 'Dodge Slash', 'Cleave']
['Mabufu', 'Cleave', 'Auto-Tarukaja', 'Power Slash']
['Bash', 'Mabufu', 'Zan-ei', 'Evade Strike']
['Gigantic Fist', 'Mazionga', 'Mabufu', 'Bash']
['Torrent Shot', 'Cleave', 'Dodge Slash', 'Zan-ei']
['Bash', 'Mazionga', 'Cleave', 'Gigantic Fist']
['Torrent Shot', 'Mabufu', 'Cleave', 'Bash']
['Auto-Tarukaja', 'Power Slash', 'Mazionga', 'Cleave']
['Auto-Sukukaja', 'Auto-Tarukaja', 'Mabufu', 'Bash']
['Cleave', 'Bash', 'Mabufu', 'Power Slash']
['Dodge Slash', 'Evade Strike', 'Auto-Tarukaja', 'Zan-ei']
['Power Slash', 'Bash', 'Mabufu', 'Auto-Tarukaja']
['Zan-ei', 'Bash', 'Evade Strike', 'Auto-Sukukaja']
['Cleave', 'Zan-ei', 'Bash', 'Dodge Slash']
['Auto-Sukukaja', 'Mazionga', 'Auto-Tarukaja', 'Mabufu']
['Gigantic Fist', 'Auto-Sukukaja', 'Power Slash', 'Bash']
['Power Slash', 'Auto-Tarukaja', 'Bash', 'Cleave']
['Power Slash', 'Bash', 'Cleave', 'Gigantic Fist']
['Cleave', 'Zan-ei', 'Mabufu', 'Bash']
['Zan-ei', 'Torrent Shot', 'Bash', 'Mazionga']
['Torrent Shot', 'Bash', 'Cleave', 'Mazionga']
['Bash', 'Dodge Slash', 'Gigantic Fist', 'Cleave']
['Auto-Tarukaja', 'Bash', 'Mazionga', 'Mabufu']
['Power Slash', 'Auto-Tarukaja', 'Mabufu', 'Cleave']
['Mabufu', 'Power Slash', 'Zan-ei', 'Cleave']
['Dodge Slash', 'Gigantic Fist', 'Mabufu', 'Evade Strike']
['Cleave', 'Auto-Sukukaja', 'Bash', 'Evade Strike']
['Mabufu', 'Power Slash', 'Dodge Slash', 'Bash']
['Bash', 'Mazionga', 'Evade Strike', 'Mabufu']
['Mabufu', 'Cleave', 'Bash', 'Torrent Shot']
['Evade Strike', 'Auto-Tarukaja', 'Dodge Slash', 'Bash']
['Bash', 'Cleave', 'Mazionga', 'Power Slash']
['Bash', 'Power Slash', 'Gigantic Fist', 'Cleave']
['Auto-Sukukaja', 'Bash', 'Cleave', 'Mabufu']
['Bash', 'Cleave', 'Mazionga', 'Gigantic Fist']
['Auto-Tarukaja', 'Bash', 'Zan-ei', 'Mazionga']
['Cleave', 'Evade Strike', 'Dodge Slash', 'Power Slash']
['Evade Strike', 'Mabufu', 'Bash', 'Cleave']
['Dodge Slash', 'Cleave', 'Bash', 'Zan-ei']
['Auto-Tarukaja', 'Zan-ei', 'Cleave', 'Bash']
['Mazionga', 'Auto-Sukukaja', 'Power Slash', 'Cleave']
['Auto-Sukukaja', 'Cleave', 'Bash', 'Power Slash']
['Mabufu', 'Dodge Slash', 'Bash', 'Cleave']
['Zan-ei', 'Auto-Tarukaja', 'Auto-Sukukaja', 'Dodge Slash']
['Torrent Shot', 'Bash', 'Cleave', 'Power Slash']
['Cleave', 'Bash', 'Mazionga', 'Power Slash']
['Cleave', 'Mabufu', 'Bash', 'Gigantic Fist']
['Power Slash', 'Zan-ei', 'Mabufu', 'Auto-Tarukaja']
['Zan-ei', 'Power Slash', 'Bash', 'Auto-Sukukaja']
['Evade Strike', 'Power Slash', 'Mabufu', 'Auto-Sukukaja']
['Gigantic Fist', 'Dodge Slash', 'Bash', 'Cleave']
['Bash', 'Power Slash', 'Cleave', 'Auto-Tarukaja']
['Dodge Slash', 'Gigantic Fist', 'Power Slash', 'Mabufu']
['Cleave', 'Mabufu', 'Bash', 'Zan-ei']
['Dodge Slash', 'Auto-Tarukaja', 'Mazionga', 'Bash']
['Power Slash', 'Zan-ei', 'Auto-Tarukaja', 'Evade Strike']
['Bash', 'Cleave', 'Mazionga', 'Power Slash']
['Cleave', 'Mazionga', 'Mabufu', 'Bash']
['Dodge Slash', 'Cleave', 'Bash', 'Mabufu']
['Gigantic Fist', 'Torrent Shot', 'Auto-Sukukaja', 'Bash']
['Bash', 'Power Slash', 'Zan-ei', 'Auto-Tarukaja']
['Cleave', 'Bash', 'Torrent Shot', 'Auto-Tarukaja']
['Mabufu', 'Evade Strike', 'Bash', 'Auto-Tarukaja']
['Power Slash', 'Gigantic Fist', 'Cleave', 'Auto-Sukukaja']
['Mabufu', 'Cleave', 'Dodge Slash', 'Zan-ei']
['Zan-ei', 'Cleave', 'Auto-Tarukaja', 'Dodge Slash']
['Auto-Sukukaja', 'Dodge Slash', 'Evade Strike', 'Bash']
['Zan-ei', 'Bash', 'Cleave', 'Mabufu']
['Cleave', 'Mabufu', 'Gigantic Fist', 'Power Slash']
['Power Slash', 'Bash', 'Zan-ei', 'Gigantic Fist']
['Gigantic Fist', 'Auto-Tarukaja', 'Cleave', 'Zan-ei']
['Bash', 'Auto-Sukukaja', 'Evade Strike', 'Power Slash']
['Auto-Sukukaja', 'Cleave', 'Bash', 'Zan-ei']
['Dodge Slash', 'Cleave', 'Power Slash', 'Bash']
['Zan-ei', 'Mabufu', 'Bash', 'Auto-Tarukaja']
['Power Slash', 'Gigantic Fist', 'Mazionga', 'Cleave']
['Power Slash', 'Torrent Shot', 'Bash', 'Cleave']
['Bash', 'Auto-Sukukaja', 'Cleave', 'Auto-Tarukaja']
['Zan-ei', 'Dodge Slash', 'Cleave', 'Torrent Shot']
['Torrent Shot', 'Bash', 'Mabufu', 'Dodge Slash']
['Zan-ei', 'Bash', 'Cleave', 'Power Slash']
['Gigantic Fist', 'Auto-Tarukaja', 'Zan-ei', 'Auto-Sukukaja']
['Zan-ei', 'Dodge Slash', 'Auto-Sukukaja', 'Torrent Shot']
['Cleave', 'Gigantic Fist', 'Bash', 'Mazionga']
['Dodge Slash', 'Power Slash', 'Bash', 'Cleave']
['Bash', 'Torrent Shot', 'Mabufu', 'Auto-Sukukaja']
['Mabufu', 'Auto-Tarukaja', 'Mazionga', 'Dodge Slash']
['Dodge Slash', 'Cleave', 'Auto-Sukukaja', 'Evade Strike']
['Bash', 'Power Slash', 'Auto-Tarukaja', 'Evade Strike']
['Power Slash', 'Auto-Tarukaja', 'Cleave', 'Auto-Sukukaja']
['Power Slash', 'Torrent Shot', 'Cleave', 'Auto-Sukukaja']
['Zan-ei', 'Cleave', 'Torrent Shot', 'Power Slash']
['Cleave', 'Auto-Tarukaja', 'Dodge Slash', 'Gigantic Fist']
['Auto-Tarukaja', 'Bash', 'Cleave', 'Power Slash']
['Evade Strike', 'Cleave', 'Mabufu', 'Bash']
['Mabufu', 'Bash', 'Power Slash', 'Cleave']
['Mabufu', 'Zan-ei', 'Bash', 'Power Slash']
['Bash', 'Torrent Shot', 'Cleave', 'Power Slash']
['Bash', 'Evade Strike', 'Mazionga', 'Mabufu']
['Zan-ei', 'Cleave', 'Auto-Tarukaja', 'Power Slash']
['Power Slash', 'Cleave', 'Evade Strike', 'Dodge Slash']
['Torrent Shot', 'Bash', 'Mabufu', 'Power Slash']
['Evade Strike', 'Power Slash', 'Auto-Sukukaja', 'Bash']
['Bash', 'Torrent Shot', 'Auto-Tarukaja', 'Cleave']
['Bash', 'Mabufu', 'Cleave', 'Zan-ei']
['Auto-Sukukaja', 'Torrent Shot', 'Mabufu', 'Bash']
['Gigantic Fist', 'Dodge Slash', 'Cleave', 'Bash']
['Dodge Slash', 'Auto-Sukukaja', 'Cleave', 'Power Slash']
['Mabufu', 'Bash', 'Mazionga', 'Cleave']
['Bash', 'Cleave', 'Torrent Shot', 'Evade Strike']
['Bash', 'Power Slash', 'Mabufu', 'Dodge Slash']
['Power Slash', 'Mabufu', 'Dodge Slash', 'Gigantic Fist']
['Mabufu', 'Gigantic Fist', 'Auto-Tarukaja', 'Torrent Shot']
['Zan-ei', 'Mabufu', 'Bash', 'Dodge Slash']
['Auto-Tarukaja', 'Auto-Sukukaja', 'Zan-ei', 'Bash']
['Cleave', 'Mabufu', 'Evade Strike', 'Auto-Sukukaja']
['Power Slash', 'Cleave', 'Torrent Shot', 'Gigantic Fist']
['Power Slash', 'Auto-Tarukaja', 'Mazionga', 'Bash']
['Power Slash', 'Bash', 'Dodge Slash', 'Auto-Tarukaja']
['Evade Strike', 'Auto-Tarukaja', 'Mabufu', 'Bash']
['Auto-Tarukaja', 'Cleave', 'Bash', 'Power Slash']
['Zan-ei', 'Cleave', 'Dodge Slash', 'Bash']
['Zan-ei', 'Dodge Slash', 'Bash', 'Power Slash']
['Auto-Sukukaja', 'Torrent Shot', 'Gigantic Fist', 'Zan-ei']
['Cleave', 'Dodge Slash', 'Mabufu', 'Mazionga']
['Mabufu', 'Auto-Sukukaja', 'Bash', 'Zan-ei']
['Cleave', 'Mabufu', 'Power Slash', 'Auto-Sukukaja']
['Bash', 'Cleave', 'Power Slash', 'Auto-Sukukaja']
['Torrent Shot', 'Cleave', 'Power Slash', 'Dodge Slash']
['Zan-ei', 'Dodge Slash', 'Power Slash', 'Cleave']
['Power Slash', 'Dodge Slash', 'Mabufu', 'Evade Strike']
['Cleave', 'Evade Strike', 'Dodge Slash', 'Mabufu']
['Auto-Tarukaja', 'Cleave', 'Zan-ei', 'Bash']
['Zan-ei', 'Power Slash', 'Bash', 'Cleave']
['Bash', 'Dodge Slash', 'Mabufu', 'Zan-ei']
['Cleave', 'Gigantic Fist', 'Bash', 'Auto-Tarukaja']
['Cleave', 'Bash', 'Mabufu', 'Torrent Shot']
['Bash', 'Zan-ei', 'Auto-Tarukaja', 'Evade Strike']
['Zan-ei', 'Auto-Sukukaja', 'Power Slash', 'Cleave']
['Dodge Slash', 'Mabufu', 'Auto-Tarukaja', 'Zan-ei']
['Auto-Sukukaja', 'Zan-ei', 'Mazionga', 'Bash']
['Power Slash', 'Cleave', 'Auto-Tarukaja', 'Dodge Slash']
['Evade Strike', 'Auto-Sukukaja', 'Bash', 'Zan-ei']
['Mazionga', 'Cleave', 'Zan-ei', 'Bash']
['Dodge Slash', 'Bash', 'Cleave', 'Auto-Tarukaja']
['Bash', 'Cleave', 'Torrent Shot', 'Dodge Slash']
['Torrent Shot', 'Bash', 'Gigantic Fist', 'Zan-ei']
['Zan-ei', 'Cleave', 'Dodge Slash', 'Mazionga']
['Bash', 'Gigantic Fist', 'Evade Strike', 'Zan-ei']
['Cleave', 'Power Slash', 'Zan-ei', 'Bash']
['Bash', 'Mabufu', 'Mazionga', 'Auto-Tarukaja']
['Cleave', 'Auto-Sukukaja', 'Gigantic Fist', 'Auto-Tarukaja']
['Bash', 'Torrent Shot', 'Dodge Slash', 'Zan-ei']
['Torrent Shot', 'Gigantic Fist', 'Power Slash', 'Cleave']
['Power Slash', 'Cleave', 'Mabufu', 'Bash']
['Mabufu', 'Bash', 'Torrent Shot', 'Auto-Sukukaja']
['Cleave', 'Dodge Slash', 'Power Slash', 'Mabufu']
['Cleave', 'Bash', 'Evade Strike', 'Power Slash']
['Power Slash', 'Auto-Sukukaja', 'Auto-Tarukaja', 'Cleave']
['Mabufu', 'Power Slash', 'Cleave', 'Evade Strike']
['Auto-Sukukaja', 'Auto-Tarukaja', 'Cleave', 'Bash']
['Bash', 'Cleave', 'Gigantic Fist', 'Auto-Sukukaja']
['Mazionga', 'Cleave', 'Auto-Tarukaja', 'Dodge Slash']
['Zan-ei', 'Mazionga', 'Cleave', 'Bash']
['Mabufu', 'Power Slash', 'Auto-Sukukaja', 'Bash']
['Power Slash', 'Cleave', 'Zan-ei', 'Evade Strike']
['Bash', 'Mabufu', 'Auto-Sukukaja', 'Cleave']
['Bash', 'Mabufu', 'Dodge Slash', 'Mazionga']
['Bash', 'Cleave', 'Torrent Shot', 'Auto-Tarukaja']
['Zan-ei', 'Cleave', 'Evade Strike', 'Power Slash']
['Auto-Sukukaja', 'Bash', 'Mazionga', 'Mabufu']
['Cleave', 'Power Slash', 'Evade Strike', 'Bash']
['Gigantic Fist', 'Cleave', 'Mabufu', 'Dodge Slash']
['Cleave', 'Mabufu', 'Mazionga', 'Bash']
['Torrent Shot', 'Bash', 'Dodge Slash', 'Cleave']
['Gigantic Fist', 'Cleave', 'Auto-Tarukaja', 'Zan-ei']
['Zan-ei', 'Power Slash', 'Auto-Sukukaja', 'Bash']
['Power Slash', 'Cleave', 'Zan-ei', 'Mabufu']
['Cleave', 'Power Slash', 'Bash', 'Evade Strike']
['Dodge Slash', 'Mabufu', 'Power Slash', 'Mazionga']
['Torrent Shot', 'Mabufu', 'Power Slash', 'Bash']
['Auto-Tarukaja', 'Torrent Shot', 'Bash', 'Cleave']
['Cleave', 'Zan-ei', 'Auto-Sukukaja', 'Torrent Shot']
['Bash', 'Mabufu', 'Auto-Tarukaja', 'Evade Strike']
['Cleave', 'Auto-Tarukaja', 'Power Slash', 'Auto-Sukukaja']
['Mabufu', 'Cleave', 'Evade Strike', 'Bash']
['Bash', 'Evade Strike', 'Dodge Slash', 'Cleave']
['Auto-Tarukaja', 'Cleave', 'Zan-ei', 'Mabufu']
['Cleave', 'Power Slash', 'Auto-Tarukaja', 'Dodge Slash']
['Dodge Slash', 'Cleave', 'Bash', 'Evade Strike']
['Bash', 'Cleave', 'Evade Strike', 'Mabufu']
['Auto-Sukukaja', 'Cleave', 'Evade Strike', 'Mazionga']
['Auto-Tarukaja', 'Gigantic Fist', 'Cleave', 'Bash']
['Power Slash', 'Mabufu', 'Bash', 'Zan-ei']
['Zan-ei', 'Cleave', 'Bash', 'Power Slash']
['Zan-ei', 'Bash', 'Cleave', 'Power Slash']
['Dodge Slash', 'Cleave', 'Auto-Sukukaja', 'Power Slash']
['Cleave', 'Bash', 'Power Slash', 'Zan-ei']
['Gigantic Fist', 'Mabufu', 'Evade Strike', 'Power Slash']
['Cleave', 'Bash', 'Torrent Shot', 'Mabufu']
['Cleave', 'Bash', 'Auto-Sukukaja', 'Gigantic Fist']
['Cleave', 'Power Slash', 'Torrent Shot', 'Bash']
['Cleave', 'Mabufu', 'Bash', 'Power Slash']
['Dodge Slash', 'Cleave', 'Gigantic Fist', 'Torrent Shot']
['Bash', 'Mazionga', 'Cleave', 'Dodge Slash']
['Bash', 'Cleave', 'Dodge Slash', 'Power Slash']
['Zan-ei', 'Torrent Shot', 'Auto-Sukukaja', 'Cleave']
['Cleave', 'Bash', 'Evade Strike', 'Auto-Sukukaja']
['Cleave', 'Mabufu', 'Bash', 'Mazionga']
['Dodge Slash', 'Mazionga', 'Cleave', 'Bash']
['Mabufu', 'Bash', 'Power Slash', 'Torrent Shot']
['Bash', 'Cleave', 'Zan-ei', 'Power Slash']
['Bash', 'Cleave', 'Mabufu', 'Evade Strike']
['Cleave', 'Bash', 'Power Slash', 'Zan-ei']
['Mabufu', 'Auto-Sukukaja', 'Auto-Tarukaja', 'Power Slash']
['Mabufu', 'Cleave', 'Dodge Slash', 'Bash']
['Bash', 'Evade Strike', 'Cleave', 'Torrent Shot']
['Dodge Slash', 'Cleave', 'Auto-Tarukaja', 'Bash']
['Auto-Sukukaja', 'Auto-Tarukaja', 'Cleave', 'Mabufu']
['Cleave', 'Mabufu', 'Power Slash', 'Auto-Sukukaja']
['Cleave', 'Bash', 'Mabufu', 'Evade Strike']
['Bash', 'Cleave', 'Zan-ei', 'Auto-Sukukaja']
['Bash', 'Cleave', 'Auto-Tarukaja', 'Torrent Shot']
['Auto-Sukukaja', 'Dodge Slash', 'Mabufu', 'Torrent Shot']
['Mabufu', 'Bash', 'Power Slash', 'Auto-Tarukaja']
['Cleave', 'Mabufu', 'Auto-Sukukaja', 'Torrent Shot']
['Auto-Sukukaja', 'Bash', 'Mabufu', 'Dodge Slash']
['Bash', 'Cleave', 'Auto-Tarukaja', 'Mabufu']
['Zan-ei', 'Mabufu', 'Power Slash', 'Auto-Tarukaja']
['Auto-Sukukaja', 'Power Slash', 'Cleave', 'Mazionga']
['Bash', 'Auto-Tarukaja', 'Power Slash', 'Mabufu']
['Mazionga', 'Bash', 'Cleave', 'Zan-ei']
['Bash', 'Power Slash', 'Auto-Sukukaja', 'Cleave']
['Cleave', 'Bash', 'Mabufu', 'Dodge Slash']
['Evade Strike', 'Cleave', 'Bash', 'Zan-ei']
['Zan-ei', 'Auto-Tarukaja', 'Dodge Slash', 'Cleave']
['Cleave', 'Power Slash', 'Dodge Slash', 'Bash']
['Dodge Slash', 'Bash', 'Auto-Sukukaja', 'Power Slash']
['Auto-Sukukaja', 'Cleave', 'Dodge Slash', 'Gigantic Fist']
['Cleave', 'Power Slash', 'Dodge Slash', 'Zan-ei']
['Auto-Tarukaja', 'Zan-ei', 'Power Slash', 'Bash']
['Bash', 'Cleave', 'Dodge Slash', 'Power Slash']
['Cleave', 'Bash', 'Mazionga', 'Dodge Slash']
['Mazionga', 'Evade Strike', 'Bash', 'Torrent Shot']
['Bash', 'Cleave', 'Auto-Sukukaja', 'Mabufu']
['Mazionga', 'Torrent Shot', 'Auto-Tarukaja', 'Evade Strike']
['Auto-Tarukaja', 'Auto-Sukukaja', 'Bash', 'Cleave']
['Mabufu', 'Torrent Shot', 'Auto-Tarukaja', 'Cleave']
['Dodge Slash', 'Cleave', 'Bash', 'Power Slash']
['Cleave', 'Evade Strike', 'Mazionga', 'Auto-Tarukaja']
['Power Slash', 'Auto-Tarukaja', 'Bash', 'Cleave']
['Power Slash', 'Mabufu', 'Cleave', 'Bash']
['Cleave', 'Auto-Sukukaja', 'Evade Strike', 'Gigantic Fist']
['Cleave', 'Mazionga', 'Gigantic Fist', 'Mabufu']
['Auto-Tarukaja', 'Bash', 'Gigantic Fist', 'Auto-Sukukaja']
['Power Slash', 'Cleave', 'Auto-Sukukaja', 'Torrent Shot']
['Auto-Tarukaja', 'Torrent Shot', 'Power Slash', 'Bash']
['Mabufu', 'Power Slash', 'Torrent Shot', 'Auto-Tarukaja']
['Power Slash', 'Bash', 'Auto-Sukukaja', 'Mazionga']
['Auto-Tarukaja', 'Gigantic Fist', 'Power Slash', 'Cleave']
['Evade Strike', 'Power Slash', 'Mabufu', 'Bash']
['Mabufu', 'Dodge Slash', 'Power Slash', 'Torrent Shot']
['Torrent Shot', 'Mazionga', 'Dodge Slash', 'Cleave']
['Bash', 'Dodge Slash', 'Cleave', 'Auto-Sukukaja']
['Bash', 'Power Slash', 'Mabufu', 'Cleave']
['Zan-ei', 'Bash', 'Cleave', 'Torrent Shot']
['Auto-Sukukaja', 'Cleave', 'Auto-Tarukaja', 'Power Slash']
['Cleave', 'Bash', 'Mabufu', 'Mazionga']
['Cleave', 'Auto-Sukukaja', 'Dodge Slash', 'Evade Strike']
['Cleave', 'Bash', 'Torrent Shot', 'Power Slash']
['Cleave', 'Dodge Slash', 'Zan-ei', 'Mabufu']
['Zan-ei', 'Bash', 'Evade Strike', 'Cleave']
['Torrent Shot', 'Gigantic Fist', 'Cleave', 'Bash']
['Power Slash', 'Cleave', 'Zan-ei', 'Evade Strike']
['Dodge Slash', 'Evade Strike', 'Cleave', 'Torrent Shot']
['Auto-Sukukaja', 'Power Slash', 'Cleave', 'Torrent Shot']
['Bash', 'Mabufu', 'Zan-ei', 'Cleave']
['Mabufu', 'Cleave', 'Bash', 'Dodge Slash']
['Mabufu', 'Dodge Slash', 'Bash', 'Cleave']
['Auto-Tarukaja', 'Mabufu', 'Cleave', 'Auto-Sukukaja']
['Bash', 'Cleave', 'Power Slash', 'Auto-Tarukaja']
['Bash', 'Power Slash', 'Auto-Tarukaja', 'Mazionga']
['Zan-ei', 'Auto-Tarukaja', 'Dodge Slash', 'Evade Strike']
['Bash', 'Cleave', 'Evade Strike', 'Mazionga']
['Cleave', 'Power Slash', 'Auto-Tarukaja', 'Dodge Slash']
['Cleave', 'Mazionga', 'Torrent Shot', 'Auto-Tarukaja']
['Zan-ei', 'Power Slash', 'Cleave', 'Auto-Tarukaja']
['Bash', 'Power Slash', 'Torrent Shot', 'Zan-ei']
['Cleave', 'Auto-Sukukaja', 'Auto-Tarukaja', 'Zan-ei']
['Power Slash', 'Bash', 'Mabufu', 'Cleave']
['Cleave', 'Zan-ei', 'Dodge Slash', 'Torrent Shot']
['Dodge Slash', 'Bash', 'Power Slash', 'Mabufu']
['Auto-Tarukaja', 'Auto-Sukukaja', 'Cleave', 'Torrent Shot']
['Power Slash', 'Mabufu', 'Bash', 'Evade Strike']
['Power Slash', 'Bash', 'Evade Strike', 'Mazionga']
['Bash', 'Evade Strike', 'Auto-Tarukaja', 'Cleave']
['Cleave', 'Mabufu', 'Power Slash', 'Bash']
['Zan-ei', 'Bash', 'Cleave', 'Mabufu']
['Cleave', 'Bash', 'Dodge Slash', 'Evade Strike']
['Cleave', 'Bash', 'Auto-Tarukaja', 'Auto-Sukukaja']
['Bash', 'Cleave', 'Power Slash', 'Auto-Sukukaja']
['Gigantic Fist', 'Bash', 'Evade Strike', 'Mabufu']
['Mabufu', 'Gigantic Fist', 'Dodge Slash', 'Power Slash']
['Bash', 'Auto-Tarukaja', 'Torrent Shot', 'Gigantic Fist']
['Mabufu', 'Auto-Sukukaja', 'Bash', 'Cleave']
['Power Slash', 'Auto-Tarukaja', 'Auto-Sukukaja', 'Torrent Shot']
['Zan-ei', 'Gigantic Fist', 'Mabufu', 'Bash']
['Zan-ei', 'Bash', 'Mabufu', 'Power Slash']
['Gigantic Fist', 'Dodge Slash', 'Mabufu', 'Cleave']
['Mabufu', 'Cleave', 'Bash', 'Torrent Shot']
['Torrent Shot', 'Cleave', 'Gigantic Fist', 'Bash']
['Bash', 'Zan-ei', 'Torrent Shot', 'Mabufu']
['Cleave', 'Power Slash', 'Mazionga', 'Dodge Slash']
['Evade Strike', 'Cleave', 'Auto-Sukukaja', 'Gigantic Fist']
['Gigantic Fist', 'Bash', 'Torrent Shot', 'Power Slash']
['Cleave', 'Torrent Shot', 'Mabufu', 'Bash']
['Mabufu', 'Power Slash', 'Mazionga', 'Gigantic Fist']
['Mabufu', 'Dodge Slash', 'Bash', 'Gigantic Fist']
['Gigantic Fist', 'Cleave', 'Dodge Slash', 'Bash']
['Auto-Tarukaja', 'Mazionga', 'Bash', 'Cleave']
['Auto-Tarukaja', 'Mazionga', 'Cleave', 'Evade Strike']
['Auto-Sukukaja', 'Power Slash', 'Mazionga', 'Cleave']
['Auto-Sukukaja', 'Auto-Tarukaja', 'Torrent Shot', 'Mabufu']
['Cleave', 'Mazionga', 'Bash', 'Mabufu']
['Mabufu', 'Bash', 'Evade Strike', 'Gigantic Fist']
['Zan-ei', 'Mabufu', 'Dodge Slash', 'Gigantic Fist']
['Bash', 'Mabufu', 'Mazionga', 'Gigantic Fist']
['Mazionga', 'Dodge Slash', 'Zan-ei', 'Mabufu']
['Power Slash', 'Bash', 'Mabufu', 'Cleave']
['Power Slash', 'Auto-Sukukaja', 'Bash', 'Dodge Slash']
['Mabufu', 'Cleave', 'Auto-Tarukaja', 'Bash']
['Cleave', 'Mazionga', 'Power Slash', 'Torrent Shot']
['Zan-ei', 'Bash', 'Auto-Tarukaja', 'Mabufu']
['Cleave', 'Dodge Slash', 'Evade Strike', 'Bash']
['Torrent Shot', 'Cleave', 'Dodge Slash', 'Auto-Sukukaja']
['Dodge Slash', 'Cleave', 'Bash', 'Mazionga']
['Power Slash', 'Gigantic Fist', 'Cleave', 'Bash']
['Bash', 'Cleave', 'Power Slash', 'Gigantic Fist']
['Zan-ei', 'Mabufu', 'Mazionga', 'Gigantic Fist']
['Bash', 'Zan-ei', 'Power Slash', 'Auto-Sukukaja']
['Bash', 'Auto-Tarukaja', 'Gigantic Fist', 'Dodge Slash']
['Dodge Slash', 'Bash', 'Power Slash', 'Auto-Sukukaja']
['Bash', 'Power Slash', 'Mazionga', 'Evade Strike']
['Bash', 'Gigantic Fist', 'Zan-ei', 'Dodge Slash']
['Power Slash', 'Mabufu', 'Gigantic Fist', 'Bash']
['Cleave', 'Bash', 'Auto-Tarukaja', 'Mabufu']
['Cleave', 'Bash', 'Auto-Tarukaja', 'Gigantic Fist']
['Power Slash', 'Mabufu', 'Cleave', 'Auto-Sukukaja']
['Zan-ei', 'Auto-Sukukaja', 'Bash', 'Power Slash']
['Mabufu', 'Auto-Tarukaja', 'Power Slash', 'Zan-ei']
['Bash', 'Power Slash', 'Mazionga', 'Auto-Tarukaja']
['Cleave', 'Zan-ei', 'Torrent Shot', 'Auto-Sukukaja']
['Bash', 'Cleave', 'Auto-Tarukaja', 'Torrent Shot']
['Bash', 'Cleave', 'Mazionga', 'Gigantic Fist']
['Gigantic Fist', 'Auto-Sukukaja', 'Dodge Slash', 'Bash']
['Cleave', 'Evade Strike', 'Mabufu', 'Gigantic Fist']
['Auto-Sukukaja', 'Auto-Tarukaja', 'Bash', 'Zan-ei']
['Gigantic Fist', 'Power Slash', 'Bash', 'Cleave']
['Mabufu', 'Power Slash', 'Cleave', 'Torrent Shot']
['Cleave', 'Power Slash', 'Bash', 'Dodge Slash']
['Auto-Tarukaja', 'Bash', 'Cleave', 'Mabufu']
['Mabufu', 'Bash', 'Power Slash', 'Gigantic Fist']
['Power Slash', 'Dodge Slash', 'Bash', 'Mazionga']
['Torrent Shot', 'Gigantic Fist', 'Zan-ei', 'Power Slash']
['Dodge Slash', 'Mabufu', 'Auto-Tarukaja', 'Cleave']
['Dodge Slash', 'Cleave', 'Mabufu', 'Bash']
['Gigantic Fist', 'Cleave', 'Evade Strike', 'Auto-Tarukaja']
['Dodge Slash', 'Zan-ei', 'Bash', 'Torrent Shot']
['Auto-Tarukaja', 'Cleave', 'Mabufu', 'Torrent Shot']
['Evade Strike', 'Mabufu', 'Zan-ei', 'Auto-Tarukaja']
['Auto-Tarukaja', 'Zan-ei', 'Bash', 'Auto-Sukukaja']
['Mabufu', 'Cleave', 'Power Slash', 'Auto-Tarukaja']
['Bash', 'Auto-Sukukaja', 'Dodge Slash', 'Auto-Tarukaja']
['Gigantic Fist', 'Cleave', 'Auto-Sukukaja', 'Dodge Slash']
['Power Slash', 'Mazionga', 'Auto-Tarukaja', 'Dodge Slash']
['Power Slash', 'Mabufu', 'Dodge Slash', 'Cleave']
['Auto-Tarukaja', 'Bash', 'Cleave', 'Mabufu']
['Bash', 'Cleave', 'Mabufu', 'Auto-Sukukaja']
['Auto-Tarukaja', 'Power Slash', 'Cleave', 'Torrent Shot']
['Cleave', 'Mabufu', 'Mazionga', 'Zan-ei']
['Dodge Slash', 'Torrent Shot', 'Bash', 'Auto-Tarukaja']
['Auto-Tarukaja', 'Zan-ei', 'Torrent Shot', 'Cleave']
['Zan-ei', 'Cleave', 'Mabufu', 'Dodge Slash']
['Mabufu', 'Gigantic Fist', 'Torrent Shot', 'Evade Strike']
['Gigantic Fist', 'Zan-ei', 'Auto-Tarukaja', 'Mazionga']
['Cleave', 'Auto-Sukukaja', 'Mabufu', 'Bash']
['Mazionga', 'Torrent Shot', 'Cleave', 'Auto-Sukukaja']
['Power Slash', 'Gigantic Fist', 'Bash', 'Dodge Slash']
['Bash', 'Power Slash', 'Dodge Slash', 'Auto-Sukukaja']
['Auto-Sukukaja', 'Cleave', 'Gigantic Fist', 'Mabufu']
['Mabufu', 'Bash', 'Cleave', 'Zan-ei']
['Bash', 'Auto-Tarukaja', 'Mabufu', 'Zan-ei']
['Cleave', 'Dodge Slash', 'Zan-ei', 'Auto-Sukukaja']
['Bash', 'Power Slash', 'Cleave', 'Mabufu']
['Cleave', 'Bash', 'Auto-Tarukaja', 'Auto-Sukukaja']
['Zan-ei', 'Cleave', 'Bash', 'Auto-Tarukaja']
['Auto-Sukukaja', 'Auto-Tarukaja', 'Power Slash', 'Zan-ei']
['Zan-ei', 'Mazionga', 'Auto-Tarukaja', 'Dodge Slash']
['Power Slash', 'Mabufu', 'Auto-Tarukaja', 'Cleave']
['Zan-ei', 'Bash', 'Dodge Slash', 'Mabufu']
['Bash', 'Power Slash', 'Mabufu', 'Mazionga']
['Torrent Shot', 'Bash', 'Auto-Tarukaja', 'Evade Strike']
['Mabufu', 'Mazionga', 'Auto-Sukukaja', 'Dodge Slash']
['Torrent Shot', 'Zan-ei', 'Auto-Tarukaja', 'Auto-Sukukaja']
['Mabufu', 'Cleave', 'Bash', 'Power Slash']
['Auto-Sukukaja', 'Mabufu', 'Zan-ei', 'Dodge Slash']
['Mazionga', 'Torrent Shot', 'Cleave', 'Dodge Slash']
['Cleave', 'Evade Strike', 'Mabufu', 'Power Slash']
['Bash', 'Zan-ei', 'Mabufu', 'Power Slash']
['Auto-Tarukaja', 'Zan-ei', 'Cleave', 'Mazionga']
['Cleave', 'Dodge Slash', 'Mabufu', 'Power Slash']
['Zan-ei', 'Cleave', 'Gigantic Fist', 'Bash']
['Cleave', 'Power Slash', 'Torrent Shot', 'Gigantic Fist']
['Dodge Slash', 'Power Slash', 'Bash', 'Mabufu']
['Bash', 'Auto-Sukukaja', 'Gigantic Fist', 'Torrent Shot']
['Cleave', 'Power Slash', 'Bash', 'Gigantic Fist']
['Bash', 'Dodge Slash', 'Auto-Sukukaja', 'Mazionga']
['Bash', 'Power Slash', 'Torrent Shot', 'Cleave']
['Bash', 'Power Slash', 'Cleave', 'Zan-ei']
['Auto-Tarukaja', 'Mabufu', 'Bash', 'Power Slash']
['Auto-Tarukaja', 'Torrent Shot', 'Bash', 'Cleave']
['Cleave', 'Zan-ei', 'Auto-Tarukaja', 'Mazionga']
['Evade Strike', 'Dodge Slash', 'Auto-Sukukaja', 'Auto-Tarukaja']
['Power Slash', 'Cleave', 'Auto-Tarukaja', 'Bash']
['Bash', 'Cleave', 'Dodge Slash', 'Gigantic Fist']
['Evade Strike', 'Cleave', 'Bash', 'Torrent Shot']
['Bash', 'Cleave', 'Auto-Tarukaja', 'Power Slash']
['Power Slash', 'Auto-Sukukaja', 'Cleave', 'Zan-ei']
['Torrent Shot', 'Mabufu', 'Bash', 'Power Slash']
['Auto-Tarukaja', 'Cleave', 'Zan-ei', 'Bash']
['Cleave', 'Gigantic Fist', 'Power Slash', 'Bash']
['Dodge Slash', 'Bash', 'Power Slash', 'Auto-Sukukaja']
['Mazionga', 'Torrent Shot', 'Zan-ei', 'Mabufu']
['Auto-Tarukaja', 'Cleave', 'Power Slash', 'Bash']
['Evade Strike', 'Cleave', 'Bash', 'Mabufu']
['Cleave', 'Dodge Slash', 'Zan-ei', 'Auto-Sukukaja']
['Bash', 'Mabufu', 'Mazionga', 'Cleave']
['Bash', 'Cleave', 'Mazionga', 'Dodge Slash']
['Mabufu', 'Evade Strike', 'Auto-Tarukaja', 'Cleave']
['Power Slash', 'Zan-ei', 'Bash', 'Mabufu']
['Cleave', 'Dodge Slash', 'Bash', 'Mazionga']
['Power Slash', 'Bash', 'Mazionga', 'Zan-ei']
['Cleave', 'Power Slash', 'Dodge Slash', 'Mazionga']
['Cleave', 'Torrent Shot', 'Zan-ei', 'Bash']
['Bash', 'Mabufu', 'Auto-Sukukaja', 'Evade Strike']
['Power Slash', 'Cleave', 'Mazionga', 'Auto-Tarukaja']
['Zan-ei', 'Gigantic Fist', 'Evade Strike', 'Power Slash']
['Bash', 'Auto-Sukukaja', 'Auto-Tarukaja', 'Cleave']
['Bash', 'Torrent Shot', 'Auto-Sukukaja', 'Cleave']
['Mazionga', 'Power Slash', 'Zan-ei', 'Cleave']
['Gigantic Fist', 'Cleave', 'Bash', 'Mazionga']
['Zan-ei', 'Evade Strike', 'Bash', 'Cleave']
['Cleave', 'Bash', 'Zan-ei', 'Power Slash']
['Mabufu', 'Cleave', 'Dodge Slash', 'Auto-Sukukaja']
['Cleave', 'Mabufu', 'Gigantic Fist', 'Dodge Slash']
['Auto-Sukukaja', 'Dodge Slash', 'Power Slash', 'Cleave']
['Bash', 'Cleave', 'Dodge Slash', 'Mabufu']
['Mabufu', 'Cleave', 'Gigantic Fist', 'Evade Strike']
['Evade Strike', 'Zan-ei', 'Bash', 'Cleave']
['Zan-ei', 'Bash', 'Mazionga', 'Torrent Shot']
['Bash', 'Power Slash', 'Zan-ei', 'Evade Strike']
['Dodge Slash', 'Cleave', 'Auto-Tarukaja', 'Bash']
['Cleave', 'Bash', 'Power Slash', 'Dodge Slash']
['Auto-Tarukaja', 'Power Slash', 'Cleave', 'Torrent Shot']
['Mabufu', 'Bash', 'Dodge Slash', 'Cleave']
['Torrent Shot', 'Power Slash', 'Mazionga', 'Zan-ei']
['Zan-ei', 'Dodge Slash', 'Gigantic Fist', 'Mabufu']
['Power Slash', 'Cleave', 'Dodge Slash', 'Torrent Shot']
['Cleave', 'Gigantic Fist', 'Bash', 'Power Slash']
['Power Slash', 'Mabufu', 'Auto-Sukukaja', 'Bash']
['Zan-ei', 'Bash', 'Auto-Tarukaja', 'Power Slash']
['Bash', 'Mabufu', 'Cleave', 'Auto-Tarukaja']
['Bash', 'Auto-Sukukaja', 'Cleave', 'Mazionga']
['Bash', 'Power Slash', 'Cleave', 'Zan-ei']
['Evade Strike', 'Auto-Tarukaja', 'Zan-ei', 'Bash']
['Dodge Slash', 'Mabufu', 'Auto-Sukukaja', 'Cleave']
['Mazionga', 'Cleave', 'Power Slash', 'Evade Strike']
['Bash', 'Auto-Sukukaja', 'Auto-Tarukaja', 'Dodge Slash']
['Cleave', 'Bash', 'Evade Strike', 'Auto-Tarukaja']
['Dodge Slash', 'Power Slash', 'Bash', 'Cleave']
['Mabufu', 'Gigantic Fist', 'Power Slash', 'Zan-ei']
['Cleave', 'Gigantic Fist', 'Dodge Slash', 'Power Slash']
['Cleave', 'Auto-Sukukaja', 'Dodge Slash', 'Gigantic Fist']
['Bash', 'Cleave', 'Torrent Shot', 'Zan-ei']
['Bash', 'Cleave', 'Auto-Tarukaja', 'Zan-ei']
['Cleave', 'Evade Strike', 'Dodge Slash', 'Torrent Shot']
['Torrent Shot', 'Mabufu', 'Mazionga', 'Dodge Slash']
['Zan-ei', 'Bash', 'Mabufu', 'Auto-Sukukaja']
['Gigantic Fist', 'Torrent Shot', 'Evade Strike', 'Mabufu']
['Mabufu', 'Zan-ei', 'Auto-Sukukaja', 'Power Slash']
['Cleave', 'Auto-Sukukaja', 'Zan-ei', 'Mabufu']
['Power Slash', 'Cleave', 'Mabufu', 'Auto-Sukukaja']
['Bash', 'Power Slash', 'Mabufu', 'Evade Strike']
['Bash', 'Dodge Slash', 'Mabufu', 'Evade Strike']
['Bash', 'Zan-ei', 'Auto-Sukukaja', 'Dodge Slash']
['Zan-ei', 'Bash', 'Gigantic Fist', 'Evade Strike']
['Bash', 'Auto-Tarukaja', 'Zan-ei', 'Torrent Shot']
['Power Slash', 'Gigantic Fist', 'Evade Strike', 'Cleave']
['Bash', 'Mazionga', 'Power Slash', 'Cleave']
['Auto-Sukukaja', 'Cleave', 'Dodge Slash', 'Bash']
['Cleave', 'Mabufu', 'Dodge Slash', 'Zan-ei']
['Mazionga', 'Power Slash', 'Bash', 'Cleave']
['Bash', 'Mabufu', 'Gigantic Fist', 'Cleave']
['Bash', 'Zan-ei', 'Mabufu', 'Torrent Shot']
['Cleave', 'Bash', 'Dodge Slash', 'Mabufu']
['Dodge Slash', 'Cleave', 'Auto-Tarukaja', 'Bash']
['Dodge Slash', 'Evade Strike', 'Zan-ei', 'Bash']
['Bash', 'Power Slash', 'Mabufu', 'Cleave']
['Power Slash', 'Cleave', 'Torrent Shot', 'Bash']
['Gigantic Fist', 'Dodge Slash', 'Mazionga', 'Bash']
['Evade Strike', 'Bash', 'Auto-Sukukaja', 'Auto-Tarukaja']
['Mabufu', 'Evade Strike', 'Torrent Shot', 'Power Slash']
['Bash', 'Cleave', 'Auto-Sukukaja', 'Gigantic Fist']
['Auto-Tarukaja', 'Dodge Slash', 'Bash', 'Auto-Sukukaja']
['Bash', 'Auto-Tarukaja', 'Power Slash', 'Evade Strike']
['Power Slash', 'Auto-Sukukaja', 'Mazionga', 'Auto-Tarukaja']
['Mazionga', 'Torrent Shot', 'Power Slash', 'Dodge Slash']
['Mabufu', 'Zan-ei', 'Bash', 'Torrent Shot']
['Cleave', 'Bash', 'Zan-ei', 'Mazionga']
['Evade Strike', 'Auto-Sukukaja', 'Auto-Tarukaja', 'Bash']
['Auto-Sukukaja', 'Torrent Shot', 'Bash', 'Zan-ei']
['Cleave', 'Dodge Slash', 'Bash', 'Torrent Shot']
['Cleave', 'Bash', 'Mabufu', 'Zan-ei']
['Auto-Sukukaja', 'Cleave', 'Power Slash', 'Mazionga']
['Power Slash', 'Auto-Tarukaja', 'Cleave', 'Mazionga']
['Bash', 'Mabufu', 'Dodge Slash', 'Torrent Shot']
['Cleave', 'Bash', 'Mabufu', 'Mazionga']
['Mazionga', 'Bash', 'Mabufu', 'Gigantic Fist']
['Power Slash', 'Torrent Shot', 'Cleave', 'Bash']
['Mazionga', 'Cleave', 'Auto-Sukukaja', 'Torrent Shot']
['Power Slash', 'Gigantic Fist', 'Mazionga', 'Bash']
['Bash', 'Zan-ei', 'Power Slash', 'Torrent Shot']
['Bash', 'Cleave', 'Evade Strike', 'Mabufu']
['Cleave', 'Auto-Sukukaja', 'Bash', 'Gigantic Fist']
['Bash', 'Dodge Slash', 'Auto-Tarukaja', 'Evade Strike']
['Auto-Tarukaja', 'Bash', 'Torrent Shot', 'Auto-Sukukaja']
['Bash', 'Auto-Sukukaja', 'Cleave', 'Power Slash']
['Cleave', 'Power Slash', 'Bash', 'Mabufu']
['Cleave', 'Bash', 'Zan-ei', 'Mabufu']
['Power Slash', 'Cleave', 'Auto-Sukukaja', 'Evade Strike']
['Zan-ei', 'Cleave', 'Evade Strike', 'Auto-Tarukaja']
['Evade Strike', 'Bash', 'Mabufu', 'Dodge Slash']
['Auto-Tarukaja', 'Bash', 'Cleave', 'Evade Strike']
['Bash', 'Power Slash', 'Cleave', 'Zan-ei']
['Bash', 'Zan-ei', 'Cleave', 'Torrent Shot']
['Dodge Slash', 'Mabufu', 'Cleave', 'Zan-ei']
['Power Slash', 'Bash', 'Cleave', 'Auto-Sukukaja']
['Zan-ei', 'Bash', 'Power Slash', 'Evade Strike']
['Zan-ei', 'Cleave', 'Torrent Shot', 'Auto-Sukukaja']
['Gigantic Fist', 'Cleave', 'Auto-Tarukaja', 'Mazionga']
['Auto-Sukukaja', 'Bash', 'Power Slash', 'Mazionga']
['Mabufu', 'Auto-Tarukaja', 'Torrent Shot', 'Bash']
['Bash', 'Cleave', 'Power Slash', 'Auto-Sukukaja']
['Cleave', 'Mabufu', 'Auto-Tarukaja', 'Auto-Sukukaja']
['Cleave', 'Bash', 'Zan-ei', 'Power Slash']
['Mabufu', 'Cleave', 'Bash', 'Dodge Slash']
['Torrent Shot', 'Bash', 'Cleave', 'Mazionga']
['Dodge Slash', 'Auto-Sukukaja', 'Bash', 'Mabufu']
['Auto-Tarukaja', 'Mabufu', 'Power Slash', 'Cleave']
['Power Slash', 'Torrent Shot', 'Mabufu', 'Auto-Sukukaja']
['Power Slash', 'Cleave', 'Bash', 'Dodge Slash']
['Auto-Sukukaja', 'Evade Strike', 'Cleave', 'Power Slash']
['Gigantic Fist', 'Bash', 'Mazionga', 'Cleave']
['Cleave', 'Mazionga', 'Gigantic Fist', 'Power Slash']
['Auto-Tarukaja', 'Mabufu', 'Mazionga', 'Cleave']
['Mabufu', 'Gigantic Fist', 'Auto-Sukukaja', 'Dodge Slash']
['Bash', 'Mabufu', 'Auto-Tarukaja', 'Power Slash']
['Mabufu', 'Cleave', 'Dodge Slash', 'Power Slash']
['Auto-Sukukaja', 'Bash', 'Mabufu', 'Zan-ei']
['Dodge Slash', 'Bash', 'Cleave', 'Evade Strike']
['Mazionga', 'Bash', 'Zan-ei', 'Mabufu']
['Auto-Tarukaja', 'Cleave', 'Torrent Shot', 'Bash']
['Auto-Sukukaja', 'Dodge Slash', 'Evade Strike', 'Zan-ei']
['Power Slash', 'Bash', 'Cleave', 'Torrent Shot']
['Auto-Tarukaja', 'Cleave', 'Zan-ei', 'Gigantic Fist']
['Mabufu', 'Evade Strike', 'Bash', 'Power Slash']
['Zan-ei', 'Power Slash', 'Mabufu', 'Bash']
['Evade Strike', 'Mazionga', 'Power Slash', 'Bash']
['Evade Strike', 'Auto-Tarukaja', 'Auto-Sukukaja', 'Zan-ei']
['Mabufu', 'Evade Strike', 'Bash', 'Power Slash']
['Torrent Shot', 'Auto-Sukukaja', 'Bash', 'Zan-ei']
['Gigantic Fist', 'Cleave', 'Mazionga', 'Auto-Sukukaja']
['Cleave', 'Power Slash', 'Auto-Tarukaja', 'Dodge Slash']
['Bash', 'Auto-Tarukaja', 'Mabufu', 'Cleave']
['Bash', 'Mabufu', 'Cleave', 'Auto-Sukukaja']
['Bash', 'Cleave', 'Auto-Tarukaja', 'Evade Strike']
['Mabufu', 'Cleave', 'Gigantic Fist', 'Bash']
['Bash', 'Mabufu', 'Dodge Slash', 'Gigantic Fist']
['Mabufu', 'Cleave', 'Torrent Shot', 'Auto-Tarukaja']
['Dodge Slash', 'Evade Strike', 'Power Slash', 'Torrent Shot']
['Zan-ei', 'Cleave', 'Bash', 'Power Slash']
['Mabufu', 'Cleave', 'Bash', 'Auto-Sukukaja']
['Power Slash', 'Mabufu', 'Cleave', 'Bash']
['Power Slash', 'Cleave', 'Evade Strike', 'Bash']
['Gigantic Fist', 'Cleave', 'Dodge Slash', 'Bash']
['Gigantic Fist', 'Bash', 'Auto-Sukukaja', 'Auto-Tarukaja']
['Auto-Sukukaja', 'Bash', 'Mabufu', 'Cleave']
['Auto-Tarukaja', 'Bash', 'Gigantic Fist', 'Dodge Slash']
['Dodge Slash', 'Bash', 'Auto-Tarukaja', 'Cleave']
['Bash', 'Mazionga', 'Mabufu', 'Dodge Slash']
['Mabufu', 'Bash', 'Cleave', 'Power Slash']
['Bash', 'Mabufu', 'Cleave', 'Power Slash']
['Mabufu', 'Auto-Tarukaja', 'Cleave', 'Bash']
['Bash', 'Mabufu', 'Evade Strike', 'Dodge Slash']
['Mazionga', 'Dodge Slash', 'Bash', 'Mabufu']
['Zan-ei', 'Power Slash', 'Bash', 'Cleave']
['Cleave', 'Auto-Tarukaja', 'Torrent Shot', 'Power Slash']
['Cleave', 'Bash', 'Dodge Slash', 'Evade Strike']
['Mazionga', 'Zan-ei', 'Cleave', 'Bash']
['Mabufu', 'Bash', 'Gigantic Fist', 'Zan-ei']
['Zan-ei', 'Mabufu', 'Dodge Slash', 'Cleave']
['Torrent Shot', 'Auto-Tarukaja', 'Cleave', 'Mazionga']
['Bash', 'Zan-ei', 'Dodge Slash', 'Evade Strike']
['Mazionga', 'Torrent Shot', 'Auto-Sukukaja', 'Cleave']
['Cleave', 'Auto-Sukukaja', 'Mabufu', 'Mazionga']
['Bash', 'Cleave', 'Dodge Slash', 'Zan-ei']
['Mabufu', 'Power Slash', 'Cleave', 'Mazionga']
['Dodge Slash', 'Cleave', 'Auto-Sukukaja', 'Auto-Tarukaja']
['Bash', 'Evade Strike', 'Power Slash', 'Auto-Tarukaja']
['Bash', 'Zan-ei', 'Cleave', 'Auto-Tarukaja']
['Cleave', 'Power Slash', 'Bash', 'Dodge Slash']
['Mazionga', 'Bash', 'Auto-Tarukaja', 'Power Slash']
['Zan-ei', 'Auto-Sukukaja', 'Mabufu', 'Bash']
['Zan-ei', 'Bash', 'Evade Strike', 'Dodge Slash']
['Cleave', 'Auto-Tarukaja', 'Bash', 'Evade Strike']
['Dodge Slash', 'Cleave', 'Power Slash', 'Gigantic Fist']
['Bash', 'Auto-Sukukaja', 'Mazionga', 'Zan-ei']
['Mabufu', 'Auto-Sukukaja', 'Dodge Slash', 'Bash']
['Auto-Tarukaja', 'Evade Strike', 'Bash', 'Mabufu']
['Bash', 'Power Slash', 'Auto-Sukukaja', 'Evade Strike']
['Auto-Tarukaja', 'Cleave', 'Gigantic Fist', 'Power Slash']
['Power Slash', 'Cleave', 'Gigantic Fist', 'Bash']
['Bash', 'Power Slash', 'Cleave', 'Zan-ei']
['Bash', 'Mazionga', 'Cleave', 'Mabufu']
['Mazionga', 'Cleave', 'Power Slash', 'Dodge Slash']
['Zan-ei', 'Auto-Sukukaja', 'Bash', 'Power Slash']
['Mazionga', 'Auto-Tarukaja', 'Auto-Sukukaja', 'Power Slash']
['Bash', 'Cleave', 'Power Slash', 'Zan-ei']
['Dodge Slash', 'Evade Strike', 'Torrent Shot', 'Auto-Tarukaja']
['Cleave', 'Mabufu', 'Bash', 'Dodge Slash']
['Power Slash', 'Auto-Tarukaja', 'Mabufu', 'Auto-Sukukaja']
['Auto-Tarukaja', 'Mazionga', 'Bash', 'Mabufu']
['Power Slash', 'Dodge Slash', 'Auto-Sukukaja', 'Auto-Tarukaja']
['Evade Strike', 'Bash', 'Dodge Slash', 'Auto-Sukukaja']
['Cleave', 'Zan-ei', 'Mazionga', 'Auto-Tarukaja']
['Cleave', 'Dodge Slash', 'Auto-Sukukaja', 'Evade Strike']
['Mabufu', 'Auto-Sukukaja', 'Bash', 'Dodge Slash']
['Cleave', 'Auto-Tarukaja', 'Auto-Sukukaja', 'Bash']
['Mabufu', 'Auto-Tarukaja', 'Power Slash', 'Cleave']
['Cleave', 'Dodge Slash', 'Evade Strike', 'Mazionga']
['Dodge Slash', 'Cleave', 'Auto-Tarukaja', 'Bash']
['Mabufu', 'Bash', 'Cleave', 'Zan-ei']
['Bash', 'Cleave', 'Auto-Tarukaja', 'Mazionga']
['Cleave', 'Auto-Tarukaja', 'Mabufu', 'Auto-Sukukaja']
['Cleave', 'Bash', 'Dodge Slash', 'Auto-Tarukaja']
['Power Slash', 'Bash', 'Evade Strike', 'Mabufu']
['Bash', 'Auto-Sukukaja', 'Gigantic Fist', 'Cleave']
['Bash', 'Torrent Shot', 'Power Slash', 'Zan-ei']
['Bash', 'Torrent Shot', 'Dodge Slash', 'Auto-Sukukaja']
['Cleave', 'Bash', 'Power Slash', 'Evade Strike']
['Power Slash', 'Bash', 'Auto-Tarukaja', 'Dodge Slash']
['Mabufu', 'Dodge Slash', 'Mazionga', 'Power Slash']
['Bash', 'Torrent Shot', 'Cleave', 'Mazionga']
['Auto-Tarukaja', 'Auto-Sukukaja', 'Mabufu', 'Mazionga']
['Mabufu', 'Cleave', 'Evade Strike', 'Auto-Sukukaja']
['Cleave', 'Bash', 'Dodge Slash', 'Mabufu']
['Mabufu', 'Cleave', 'Auto-Tarukaja', 'Bash']
['Power Slash', 'Auto-Sukukaja', 'Auto-Tarukaja', 'Bash']
['Power Slash', 'Mazionga', 'Cleave', 'Mabufu']
['Cleave', 'Mazionga', 'Power Slash', 'Auto-Tarukaja']
['Dodge Slash', 'Cleave', 'Bash', 'Mabufu']
['Zan-ei', 'Mabufu', 'Bash', 'Torrent Shot']
['Torrent Shot', 'Bash', 'Cleave', 'Auto-Sukukaja']
['Bash', 'Cleave', 'Mabufu', 'Mazionga']
['Cleave', 'Bash', 'Dodge Slash', 'Mabufu']
['Cleave', 'Bash', 'Dodge Slash', 'Auto-Tarukaja']
['Cleave', 'Mazionga', 'Bash', 'Auto-Sukukaja']
['Bash', 'Cleave', 'Dodge Slash', 'Power Slash']
['Bash', 'Evade Strike', 'Mabufu', 'Cleave']
['Mabufu', 'Auto-Tarukaja', 'Cleave', 'Torrent Shot']
['Power Slash', 'Bash', 'Mabufu', 'Zan-ei']
['Auto-Sukukaja', 'Torrent Shot', 'Bash', 'Auto-Tarukaja']
['Torrent Shot', 'Power Slash', 'Bash', 'Cleave']
['Auto-Tarukaja', 'Bash', 'Zan-ei', 'Cleave']
['Cleave', 'Power Slash', 'Dodge Slash', 'Zan-ei']
['Mazionga', 'Zan-ei', 'Auto-Tarukaja', 'Cleave']
['Power Slash', 'Cleave', 'Bash', 'Auto-Tarukaja']
['Dodge Slash', 'Cleave', 'Auto-Sukukaja', 'Auto-Tarukaja']
['Mabufu', 'Torrent Shot', 'Bash', 'Zan-ei']
['Evade Strike', 'Auto-Tarukaja', 'Cleave', 'Dodge Slash']
['Auto-Sukukaja', 'Mazionga', 'Auto-Tarukaja', 'Zan-ei']
['Auto-Sukukaja', 'Power Slash', 'Cleave', 'Mabufu']
['Auto-Sukukaja', 'Bash', 'Cleave', 'Dodge Slash']
['Power Slash', 'Bash', 'Evade Strike', 'Torrent Shot']
['Mazionga', 'Gigantic Fist', 'Evade Strike', 'Power Slash']
['Power Slash', 'Bash', 'Gigantic Fist', 'Dodge Slash']
['Mabufu', 'Auto-Sukukaja', 'Auto-Tarukaja', 'Power Slash']
['Dodge Slash', 'Zan-ei', 'Cleave', 'Bash']
['Bash', 'Auto-Tarukaja', 'Dodge Slash', 'Gigantic Fist']
['Mabufu', 'Mazionga', 'Cleave', 'Zan-ei']
['Power Slash', 'Bash', 'Cleave', 'Torrent Shot']
['Mazionga', 'Bash', 'Zan-ei', 'Cleave']
['Torrent Shot', 'Bash', 'Power Slash', 'Cleave']
['Mabufu', 'Evade Strike', 'Cleave', 'Bash']
['Mazionga', 'Auto-Tarukaja', 'Power Slash', 'Cleave']
['Bash', 'Power Slash', 'Cleave', 'Torrent Shot']
['Evade Strike', 'Bash', 'Auto-Tarukaja', 'Cleave']
['Bash', 'Dodge Slash', 'Power Slash', 'Cleave']
['Bash', 'Auto-Sukukaja', 'Cleave', 'Auto-Tarukaja']
['Mabufu', 'Bash', 'Dodge Slash', 'Auto-Sukukaja']
['Mabufu', 'Cleave', 'Bash', 'Zan-ei']
['Cleave', 'Auto-Sukukaja', 'Dodge Slash', 'Mabufu']
['Cleave', 'Mabufu', 'Auto-Sukukaja', 'Dodge Slash']
['Evade Strike', 'Dodge Slash', 'Cleave', 'Zan-ei']
['Cleave', 'Evade Strike', 'Power Slash', 'Dodge Slash']
['Cleave', 'Dodge Slash', 'Auto-Tarukaja', 'Mabufu']
['Mabufu', 'Bash', 'Torrent Shot', 'Auto-Tarukaja']
['Zan-ei', 'Bash', 'Dodge Slash', 'Cleave']
['Bash', 'Power Slash', 'Gigantic Fist', 'Mabufu']
['Gigantic Fist', 'Zan-ei', 'Torrent Shot', 'Mabufu']
['Bash', 'Cleave', 'Auto-Tarukaja', 'Mabufu']
['Mabufu', 'Cleave', 'Zan-ei', 'Power Slash']
['Evade Strike', 'Mazionga', 'Auto-Sukukaja', 'Bash']
['Cleave', 'Mabufu', 'Mazionga', 'Zan-ei']
['Zan-ei', 'Bash', 'Auto-Sukukaja', 'Mabufu']
['Bash', 'Cleave', 'Zan-ei', 'Power Slash']
['Bash', 'Mabufu', 'Zan-ei', 'Cleave']
['Power Slash', 'Mabufu', 'Bash', 'Zan-ei']
['Bash', 'Mabufu', 'Cleave', 'Auto-Tarukaja']
['Mabufu', 'Cleave', 'Bash', 'Auto-Sukukaja']
['Cleave', 'Zan-ei', 'Mabufu', 'Evade Strike']
['Torrent Shot', 'Cleave', 'Auto-Sukukaja', 'Zan-ei']
['Bash', 'Power Slash', 'Mazionga', 'Cleave']
['Auto-Tarukaja', 'Mabufu', 'Bash', 'Auto-Sukukaja']
['Bash', 'Torrent Shot', 'Evade Strike', 'Zan-ei']
['Power Slash', 'Auto-Sukukaja', 'Bash', 'Cleave']
['Power Slash', 'Cleave', 'Auto-Tarukaja', 'Zan-ei']
['Torrent Shot', 'Bash', 'Auto-Sukukaja', 'Cleave']
['Bash', 'Cleave', 'Auto-Tarukaja', 'Zan-ei']
['Cleave', 'Mazionga', 'Bash', 'Dodge Slash']
['Bash', 'Auto-Tarukaja', 'Zan-ei', 'Evade Strike']
['Auto-Sukukaja', 'Bash', 'Mabufu', 'Mazionga']
['Dodge Slash', 'Power Slash', 'Bash', 'Zan-ei']
['Mabufu', 'Bash', 'Torrent Shot', 'Auto-Tarukaja']
['Mazionga', 'Mabufu', 'Cleave', 'Zan-ei']
['Mabufu', 'Auto-Tarukaja', 'Power Slash', 'Bash']
['Dodge Slash', 'Power Slash', 'Bash', 'Auto-Tarukaja']
['Bash', 'Zan-ei', 'Cleave', 'Mabufu']
['Bash', 'Mabufu', 'Auto-Tarukaja', 'Evade Strike']
['Evade Strike', 'Torrent Shot', 'Dodge Slash', 'Mabufu']
['Cleave', 'Evade Strike', 'Power Slash', 'Auto-Sukukaja']
['Cleave', 'Torrent Shot', 'Bash', 'Auto-Tarukaja']
['Dodge Slash', 'Cleave', 'Auto-Tarukaja', 'Power Slash']
['Auto-Sukukaja', 'Dodge Slash', 'Bash', 'Mabufu']
['Cleave', 'Evade Strike', 'Bash', 'Mabufu']
['Gigantic Fist', 'Mazionga', 'Cleave', 'Bash']
['Cleave', 'Mabufu', 'Power Slash', 'Auto-Sukukaja']
['Cleave', 'Bash', 'Mazionga', 'Auto-Sukukaja']
['Bash', 'Cleave', 'Auto-Sukukaja', 'Zan-ei']
['Bash', 'Auto-Sukukaja', 'Dodge Slash', 'Gigantic Fist']
['Gigantic Fist', 'Torrent Shot', 'Zan-ei', 'Bash']
['Bash', 'Mabufu', 'Gigantic Fist', 'Dodge Slash']
['Mabufu', 'Power Slash', 'Cleave', 'Mazionga']
['Auto-Sukukaja', 'Bash', 'Mazionga', 'Cleave']
['Mabufu', 'Cleave', 'Auto-Sukukaja', 'Torrent Shot']
['Cleave', 'Bash', 'Mabufu', 'Zan-ei']
['Bash', 'Cleave', 'Dodge Slash', 'Power Slash']
['Zan-ei', 'Bash', 'Dodge Slash', 'Cleave']
['Power Slash', 'Dodge Slash', 'Cleave', 'Mazionga']
['Dodge Slash', 'Evade Strike', 'Bash', 'Torrent Shot']
['Torrent Shot', 'Auto-Tarukaja', 'Auto-Sukukaja', 'Mabufu']
['Bash', 'Auto-Tarukaja', 'Cleave', 'Mabufu']
['Auto-Sukukaja', 'Auto-Tarukaja', 'Bash', 'Mazionga']
['Bash', 'Dodge Slash', 'Power Slash', 'Auto-Sukukaja']
['Cleave', 'Auto-Sukukaja', 'Bash', 'Zan-ei']
['Gigantic Fist', 'Bash', 'Power Slash', 'Auto-Sukukaja']
['Auto-Sukukaja', 'Bash', 'Cleave', 'Evade Strike']
['Cleave', 'Bash', 'Auto-Tarukaja', 'Mabufu']
['Bash', 'Mazionga', 'Auto-Tarukaja', 'Cleave']
['Auto-Sukukaja', 'Auto-Tarukaja', 'Bash', 'Cleave']
['Torrent Shot', 'Auto-Sukukaja', 'Bash', 'Auto-Tarukaja']
['Dodge Slash', 'Cleave', 'Auto-Sukukaja', 'Bash']
['Torrent Shot', 'Power Slash', 'Cleave', 'Auto-Tarukaja']
['Dodge Slash', 'Cleave', 'Auto-Sukukaja', 'Evade Strike']
['Dodge Slash', 'Mabufu', 'Auto-Tarukaja', 'Power Slash']
['Auto-Sukukaja', 'Gigantic Fist', 'Evade Strike', 'Cleave']
['Cleave', 'Auto-Sukukaja', 'Bash', 'Dodge Slash']
['Cleave', 'Zan-ei', 'Power Slash', 'Bash']
['Auto-Tarukaja', 'Bash', 'Power Slash', 'Mazionga']
['Mabufu', 'Power Slash', 'Bash', 'Torrent Shot']
['Bash', 'Torrent Shot', 'Cleave', 'Auto-Tarukaja']
['Bash', 'Auto-Tarukaja', 'Gigantic Fist', 'Dodge Slash']
['Bash', 'Auto-Sukukaja', 'Cleave', 'Zan-ei']
['Auto-Sukukaja', 'Power Slash', 'Cleave', 'Gigantic Fist']
['Bash', 'Mazionga', 'Auto-Sukukaja', 'Cleave']
['Bash', 'Cleave', 'Auto-Sukukaja', 'Gigantic Fist']
['Mabufu', 'Dodge Slash', 'Gigantic Fist', 'Power Slash']
['Gigantic Fist', 'Cleave', 'Auto-Sukukaja', 'Dodge Slash']
['Mazionga', 'Bash', 'Auto-Sukukaja', 'Mabufu']
['Bash', 'Zan-ei', 'Auto-Tarukaja', 'Power Slash']
['Cleave', 'Auto-Sukukaja', 'Bash', 'Evade Strike']
['Bash', 'Cleave', 'Evade Strike', 'Power Slash']
['Bash', 'Cleave', 'Auto-Tarukaja', 'Dodge Slash']
['Mabufu', 'Cleave', 'Bash', 'Evade Strike']
['Cleave', 'Evade Strike', 'Bash', 'Zan-ei']
['Bash', 'Mabufu', 'Cleave', 'Zan-ei']
['Mabufu', 'Torrent Shot', 'Dodge Slash', 'Zan-ei']
['Cleave', 'Zan-ei', 'Bash', 'Evade Strike']
['Cleave', 'Zan-ei', 'Bash', 'Dodge Slash']
['Cleave', 'Dodge Slash', 'Zan-ei', 'Auto-Sukukaja']
['Bash', 'Mazionga', 'Dodge Slash', 'Auto-Sukukaja']
['Mabufu', 'Cleave', 'Auto-Sukukaja', 'Gigantic Fist']
['Zan-ei', 'Mabufu', 'Cleave', 'Evade Strike']
['Bash', 'Cleave', 'Mabufu', 'Evade Strike']
['Auto-Sukukaja', 'Bash', 'Mabufu', 'Auto-Tarukaja']
['Dodge Slash', 'Bash', 'Mazionga', 'Torrent Shot']
['Bash', 'Cleave', 'Mazionga', 'Mabufu']
['Torrent Shot', 'Bash', 'Cleave', 'Auto-Sukukaja']
['Bash', 'Auto-Sukukaja', 'Cleave', 'Torrent Shot']
['Bash', 'Mazionga', 'Zan-ei', 'Auto-Sukukaja']
['Power Slash', 'Cleave', 'Bash', 'Mabufu']
['Mazionga', 'Power Slash', 'Cleave', 'Bash']
['Dodge Slash', 'Bash', 'Evade Strike', 'Gigantic Fist']
['Cleave', 'Bash', 'Power Slash', 'Auto-Sukukaja']
['Power Slash', 'Bash', 'Cleave', 'Evade Strike']
['Power Slash', 'Gigantic Fist', 'Auto-Tarukaja', 'Bash']
['Power Slash', 'Mabufu', 'Cleave', 'Auto-Tarukaja']
['Mazionga', 'Power Slash', 'Zan-ei', 'Cleave']
['Cleave', 'Bash', 'Power Slash', 'Mabufu']
['Dodge Slash', 'Bash', 'Power Slash', 'Torrent Shot']
['Bash', 'Auto-Tarukaja', 'Cleave', 'Power Slash']
['Dodge Slash', 'Zan-ei', 'Bash', 'Power Slash']
['Cleave', 'Bash', 'Auto-Tarukaja', 'Dodge Slash']
['Cleave', 'Mazionga', 'Dodge Slash', 'Bash']
['Mabufu', 'Cleave', 'Dodge Slash', 'Auto-Tarukaja']
['Cleave', 'Mazionga', 'Power Slash', 'Bash']
['Dodge Slash', 'Zan-ei', 'Bash', 'Power Slash']
['Auto-Sukukaja', 'Bash', 'Zan-ei', 'Cleave']
['Power Slash', 'Cleave', 'Bash', 'Auto-Sukukaja']
['Bash', 'Cleave', 'Zan-ei', 'Mazionga']
['Bash', 'Mazionga', 'Power Slash', 'Cleave']
['Power Slash', 'Cleave', 'Zan-ei', 'Auto-Sukukaja']
['Mazionga', 'Cleave', 'Zan-ei', 'Power Slash']
['Bash', 'Cleave', 'Mabufu', 'Zan-ei']
['Cleave', 'Mabufu', 'Power Slash', 'Bash']
['Bash', 'Cleave', 'Zan-ei', 'Evade Strike']
['Bash', 'Auto-Tarukaja', 'Zan-ei', 'Cleave']
['Zan-ei', 'Bash', 'Power Slash', 'Auto-Sukukaja']
['Zan-ei', 'Cleave', 'Torrent Shot', 'Bash']
['Auto-Sukukaja', 'Mazionga', 'Zan-ei', 'Bash']
['Cleave', 'Auto-Tarukaja', 'Mabufu', 'Torrent Shot']
['Gigantic Fist', 'Cleave', 'Dodge Slash', 'Zan-ei']
['Mabufu', 'Torrent Shot', 'Power Slash', 'Auto-Sukukaja']
['Gigantic Fist', 'Bash', 'Mabufu', 'Power Slash']
['Torrent Shot', 'Dodge Slash', 'Bash', 'Cleave']
['Bash', 'Torrent Shot', 'Zan-ei', 'Power Slash']
['Power Slash', 'Mazionga', 'Dodge Slash', 'Cleave']
['Gigantic Fist', 'Dodge Slash', 'Evade Strike', 'Auto-Tarukaja']
['Mabufu', 'Zan-ei', 'Auto-Sukukaja', 'Dodge Slash']
['Evade Strike', 'Bash', 'Cleave', 'Zan-ei']
['Auto-Tarukaja', 'Cleave', 'Zan-ei', 'Auto-Sukukaja']
['Auto-Sukukaja', 'Bash', 'Dodge Slash', 'Cleave']
['Cleave', 'Mabufu', 'Gigantic Fist', 'Evade Strike']
['Mabufu', 'Bash', 'Auto-Sukukaja', 'Zan-ei']
['Bash', 'Zan-ei', 'Power Slash', 'Evade Strike']
['Gigantic Fist', 'Auto-Tarukaja', 'Mabufu', 'Torrent Shot']
['Power Slash', 'Bash', 'Zan-ei', 'Auto-Tarukaja']
['Power Slash', 'Bash', 'Mabufu', 'Auto-Tarukaja']
['Bash', 'Power Slash', 'Auto-Sukukaja', 'Zan-ei']
['Bash', 'Auto-Tarukaja', 'Cleave', 'Auto-Sukukaja']
['Mazionga', 'Cleave', 'Bash', 'Power Slash']
['Bash', 'Zan-ei', 'Gigantic Fist', 'Mabufu']
['Bash', 'Dodge Slash', 'Torrent Shot', 'Evade Strike']
['Bash', 'Power Slash', 'Mazionga', 'Cleave']
['Dodge Slash', 'Power Slash', 'Auto-Sukukaja', 'Torrent Shot']
['Zan-ei', 'Evade Strike', 'Auto-Sukukaja', 'Mazionga']
['Bash', 'Power Slash', 'Dodge Slash', 'Mabufu']
['Bash', 'Gigantic Fist', 'Auto-Sukukaja', 'Mabufu']
['Cleave', 'Torrent Shot', 'Bash', 'Dodge Slash']
['Dodge Slash', 'Cleave', 'Gigantic Fist', 'Zan-ei']
['Mabufu', 'Cleave', 'Bash', 'Power Slash']
['Torrent Shot', 'Power Slash', 'Bash', 'Cleave']
['Mazionga', 'Cleave', 'Mabufu', 'Dodge Slash']
['Cleave', 'Power Slash', 'Auto-Sukukaja', 'Mazionga']
['Power Slash', 'Bash', 'Dodge Slash', 'Gigantic Fist']
['Dodge Slash', 'Zan-ei', 'Power Slash', 'Cleave']
['Cleave', 'Auto-Tarukaja', 'Bash', 'Power Slash']
['Bash', 'Torrent Shot', 'Power Slash', 'Cleave']
['Auto-Tarukaja', 'Dodge Slash', 'Auto-Sukukaja', 'Cleave']
['Zan-ei', 'Bash', 'Dodge Slash', 'Auto-Sukukaja']
['Dodge Slash', 'Power Slash', 'Cleave', 'Torrent Shot']
['Dodge Slash', 'Mabufu', 'Cleave', 'Zan-ei']
['Mabufu', 'Zan-ei', 'Auto-Tarukaja', 'Cleave']
['Zan-ei', 'Auto-Tarukaja', 'Cleave', 'Power Slash']
['Bash', 'Cleave', 'Power Slash', 'Mabufu']
['Cleave', 'Bash', 'Dodge Slash', 'Auto-Tarukaja']
['Cleave', 'Torrent Shot', 'Gigantic Fist', 'Bash']
['Bash', 'Zan-ei', 'Cleave', 'Mabufu']
['Cleave', 'Dodge Slash', 'Evade Strike', 'Mabufu']
['Cleave', 'Mabufu', 'Power Slash', 'Auto-Tarukaja']
['Gigantic Fist', 'Cleave', 'Bash', 'Zan-ei']
['Cleave', 'Bash', 'Power Slash', 'Auto-Sukukaja']
['Dodge Slash', 'Auto-Tarukaja', 'Auto-Sukukaja', 'Torrent Shot']
['Gigantic Fist', 'Cleave', 'Dodge Slash', 'Auto-Sukukaja']
['Power Slash', 'Mazionga', 'Bash', 'Mabufu']
['Bash', 'Mazionga', 'Evade Strike', 'Dodge Slash']
['Bash', 'Mabufu', 'Mazionga', 'Cleave']
['Auto-Tarukaja', 'Power Slash', 'Zan-ei', 'Mazionga']
['Mabufu', 'Bash', 'Power Slash', 'Cleave']
['Cleave', 'Dodge Slash', 'Bash', 'Power Slash']
['Bash', 'Cleave', 'Evade Strike', 'Gigantic Fist']
['Bash', 'Power Slash', 'Mabufu', 'Zan-ei']
['Mabufu', 'Gigantic Fist', 'Power Slash', 'Bash']
['Mazionga', 'Dodge Slash', 'Gigantic Fist', 'Auto-Tarukaja']
['Auto-Sukukaja', 'Zan-ei', 'Mazionga', 'Evade Strike']
['Cleave', 'Evade Strike', 'Dodge Slash', 'Bash']
['Dodge Slash', 'Power Slash', 'Torrent Shot', 'Cleave']
['Torrent Shot', 'Cleave', 'Power Slash', 'Bash']
['Bash', 'Auto-Sukukaja', 'Auto-Tarukaja', 'Dodge Slash']
['Power Slash', 'Cleave', 'Auto-Sukukaja', 'Gigantic Fist']
['Cleave', 'Torrent Shot', 'Auto-Sukukaja', 'Power Slash']
['Evade Strike', 'Bash', 'Mabufu', 'Power Slash']
['Zan-ei', 'Bash', 'Dodge Slash', 'Torrent Shot']
['Cleave', 'Dodge Slash', 'Bash', 'Evade Strike']
['Bash', 'Mabufu', 'Auto-Sukukaja', 'Cleave']
['Mabufu', 'Power Slash', 'Cleave', 'Bash']
['Cleave', 'Bash', 'Gigantic Fist', 'Auto-Tarukaja']
['Power Slash', 'Cleave', 'Bash', 'Mabufu']
['Cleave', 'Auto-Sukukaja', 'Torrent Shot', 'Auto-Tarukaja']
['Gigantic Fist', 'Bash', 'Mazionga', 'Cleave']
['Bash', 'Power Slash', 'Dodge Slash', 'Auto-Tarukaja']
['Cleave', 'Mazionga', 'Auto-Sukukaja', 'Torrent Shot']
['Dodge Slash', 'Zan-ei', 'Bash', 'Cleave']
['Bash', 'Torrent Shot', 'Gigantic Fist', 'Dodge Slash']
['Bash', 'Cleave', 'Torrent Shot', 'Zan-ei']
['Mazionga', 'Dodge Slash', 'Gigantic Fist', 'Bash']
['Evade Strike', 'Auto-Sukukaja', 'Dodge Slash', 'Zan-ei']
['Auto-Tarukaja', 'Bash', 'Cleave', 'Torrent Shot']
['Zan-ei', 'Mabufu', 'Cleave', 'Mazionga']
['Auto-Tarukaja', 'Torrent Shot', 'Mazionga', 'Power Slash']
['Cleave', 'Torrent Shot', 'Zan-ei', 'Gigantic Fist']
['Cleave', 'Gigantic Fist', 'Mabufu', 'Dodge Slash']
['Mazionga', 'Dodge Slash', 'Auto-Sukukaja', 'Gigantic Fist']
['Bash', 'Torrent Shot', 'Gigantic Fist', 'Mabufu']
['Dodge Slash', 'Mabufu', 'Auto-Sukukaja', 'Zan-ei']
['Cleave', 'Zan-ei', 'Auto-Tarukaja', 'Bash']
['Cleave', 'Bash', 'Zan-ei', 'Power Slash']
['Cleave', 'Auto-Tarukaja', 'Dodge Slash', 'Bash']
['Mabufu', 'Gigantic Fist', 'Bash', 'Cleave']
['Auto-Sukukaja', 'Evade Strike', 'Auto-Tarukaja', 'Power Slash']
['Dodge Slash', 'Power Slash', 'Torrent Shot', 'Bash']
['Power Slash', 'Cleave', 'Mazionga', 'Bash']
['Power Slash', 'Cleave', 'Bash', 'Mazionga']
['Auto-Tarukaja', 'Gigantic Fist', 'Mabufu', 'Cleave']
['Torrent Shot', 'Cleave', 'Mabufu', 'Power Slash']
['Bash', 'Dodge Slash', 'Mazionga', 'Auto-Sukukaja']
['Torrent Shot', 'Zan-ei', 'Cleave', 'Bash']
['Mazionga', 'Cleave', 'Auto-Tarukaja', 'Bash']
['Cleave', 'Bash', 'Mazionga', 'Zan-ei']
['Cleave', 'Zan-ei', 'Power Slash', 'Mazionga']
['Bash', 'Mazionga', 'Auto-Tarukaja', 'Power Slash']
['Bash', 'Zan-ei', 'Cleave', 'Mabufu']
['Auto-Sukukaja', 'Auto-Tarukaja', 'Evade Strike', 'Mabufu']
['Auto-Tarukaja', 'Bash', 'Cleave', 'Torrent Shot']
['Power Slash', 'Zan-ei', 'Cleave', 'Bash']
['Bash', 'Zan-ei', 'Evade Strike', 'Auto-Sukukaja']
['Gigantic Fist', 'Power Slash', 'Mabufu', 'Auto-Sukukaja']
['Cleave', 'Evade Strike', 'Bash', 'Auto-Tarukaja']
['Cleave', 'Bash', 'Mazionga', 'Zan-ei']
['Power Slash', 'Evade Strike', 'Bash', 'Cleave']
['Bash', 'Auto-Tarukaja', 'Cleave', 'Auto-Sukukaja']
['Zan-ei', 'Power Slash', 'Mabufu', 'Bash']
['Cleave', 'Gigantic Fist', 'Dodge Slash', 'Auto-Sukukaja']
['Gigantic Fist', 'Evade Strike', 'Auto-Tarukaja', 'Power Slash']
['Cleave', 'Mazionga', 'Bash', 'Mabufu']
['Cleave', 'Mazionga', 'Torrent Shot', 'Auto-Sukukaja']
