['Bewilder', 'Cleave', 'Rakukaja', 'Sharp Student']
['Cleave', 'Bash', 'Mabufu', 'Wind Amp']
['Wind Break', 'Agi', 'Dodge Slash', 'Wind Amp']
['Sharp Student', 'Agi', 'Rakukaja', 'Bewilder']
['Cleave', 'Bash', 'Power Slash', 'Sharp Student']
['Sharp Student', 'Agi', 'Bash', 'Mabufu']
['Agi', 'Dodge Slash', 'Tarukaja', 'Wind Boost']
['Rakukaja', 'Cleave', 'Sharp Student', 'Bash']
['Garula', 'Power Slash', 'Dodge Slash', 'Sharp Student']
['Wind Break', 'Auto-Tarukaja', 'Rakukaja', 'Wind Amp']
['Panta Rhei', 'Auto-Sukukaja', 'Rakukaja', 'Agi']
['Auto-Tarukaja', 'Sharp Student', 'Auto-Sukukaja', 'Bash']
['Auto-Tarukaja', 'Rakukaja', 'Wind Boost', 'Tarukaja']
['Dodge Slash', 'Cleave', 'Agi', 'Auto-Sukukaja']
['Sharp Student', 'Cleave', 'Tarukaja', 'Wind Boost']
['Auto-Sukukaja', 'Power Slash', 'Sharp Student', 'Wind Break']
['Agi', 'Rakukaja', 'Bash', 'Wind Boost']
['Wind Boost', 'Agi', 'Power Slash', 'Bash']
['Auto-Sukukaja', 'Wind Boost', 'Bash', 'Cleave']
['Auto-Tarukaja', 'Bash', 'Garula', 'Mabufu']
['Dodge Slash', 'Agi', 'Sharp Student', 'Mabufu']
['Cleave', 'Agi', 'Wind Boost', 'Auto-Sukukaja']
['Bash', 'Agi', 'Power Slash', 'Cleave']
['Bewilder', 'Agi', 'Cleave', 'Bash']
['Power Slash', 'Bewilder', 'Tarukaja', 'Rakukaja']
['Sharp Student', 'Wind Amp', 'Bewilder', 'Rakukaja']
['Agi', 'Bewilder', 'Wind Amp', 'Garula']
['Garula', 'Power Slash', 'Bash', 'Mabufu']
['Cleave', 'Rakukaja', 'Mabufu', 'Auto-Tarukaja']
['Cleave', 'Bewilder', 'Garula', 'Bash']
['Bash', 'Rakukaja', 'Cleave', 'Wind Boost']
['Auto-Sukukaja', 'Mabufu', 'Power Slash', 'Garula']
['Bewilder', 'Bash', 'Cleave', 'Garula']
['Auto-Sukukaja', 'Cleave', 'Agi', 'Auto-Tarukaja']
['Wind Boost', 'Auto-Tarukaja', 'Agi', 'Power Slash']
['Agi', 'Auto-Tarukaja', 'Rakukaja', 'Wind Boost']
['Power Slash', 'Wind Boost', 'Cleave', 'Bash']
['Agi', 'Wind Break', 'Rakukaja', 'Cleave']
['Trafuri', 'Auto-Tarukaja', 'Auto-Sukukaja', 'Bewilder']
['Tarukaja', 'Power Slash', 'Bash', 'Auto-Sukukaja']
['Cleave', 'Agi', 'Power Slash', 'Mabufu']
['Auto-Sukukaja', 'Cleave', 'Rakukaja', 'Garula']
['Cleave', 'Tarukaja', 'Bash', 'Garula']
['Rakukaja', 'Auto-Sukukaja', 'Bewilder', 'Bash']
['Trafuri', 'Tarukaja', 'Wind Boost', 'Wind Amp']
['Mabufu', 'Wind Amp', 'Rakukaja', 'Sharp Student']
['Cleave', 'Bash', 'Bewilder', 'Tarukaja']
['Cleave', 'Auto-Sukukaja', 'Bewilder', 'Rakukaja']
['Wind Break', 'Bewilder', 'Bash', 'Rakukaja']
['Tarukaja', 'Cleave', 'Rakukaja', 'Agi']
['Dodge Slash', 'Power Slash', 'Cleave', 'Auto-Tarukaja']
['Wind Break', 'Rakukaja', 'Power Slash', 'Wind Boost']
['Bash', 'Cleave', 'Wind Amp', 'Power Slash']
['Dodge Slash', 'Bewilder', 'Tarukaja', 'Power Slash']
['Bash', 'Tarukaja', 'Wind Break', 'Agi']
['Cleave', 'Power Slash', 'Bash', 'Dodge Slash']
['Bewilder', 'Auto-Sukukaja', 'Bash', 'Tarukaja']
['Auto-Sukukaja', 'Bewilder', 'Bash', 'Cleave']
['Cleave', 'Bewilder', 'Tarukaja', 'Auto-Tarukaja']
['Auto-Sukukaja', 'Mabufu', 'Bash', 'Wind Amp']
['Bewilder', 'Wind Amp', 'Auto-Tarukaja', 'Bash']
['Wind Break', 'Mabufu', 'Rakukaja', 'Agi']
['Bash', 'Bewilder', 'Sharp Student', 'Power Slash']
['Wind Break', 'Bash', 'Mabufu', 'Cleave']
['Bash', 'Rakukaja', 'Auto-Tarukaja', 'Agi']
['Auto-Tarukaja', 'Power Slash', 'Wind Boost', 'Dodge Slash']
['Sharp Student', 'Mabufu', 'Cleave', 'Dodge Slash']
['Power Slash', 'Bash', 'Mabufu', 'Wind Boost']
['Wind Boost', 'Cleave', 'Power Slash', 'Agi']
['Agi', 'Wind Boost', 'Cleave', 'Bewilder']
['Wind Break', 'Tarukaja', 'Agi', 'Auto-Tarukaja']
['Bewilder', 'Agi', 'Wind Boost', 'Dodge Slash']
['Panta Rhei', 'Wind Boost', 'Rakukaja', 'Agi']
['Agi', 'Auto-Sukukaja', 'Wind Amp', 'Cleave']
['Garula', 'Cleave', 'Bash', 'Power Slash']
['Wind Break', 'Cleave', 'Wind Boost', 'Auto-Tarukaja']
['Cleave', 'Auto-Sukukaja', 'Auto-Tarukaja', 'Dodge Slash']
['Rakukaja', 'Garula', 'Sharp Student', 'Power Slash']
['Wind Boost', 'Mabufu', 'Bewilder', 'Tarukaja']
['Sharp Student', 'Cleave', 'Bewilder', 'Mabufu']
['Mabufu', 'Bash', 'Rakukaja', 'Cleave']
['Agi', 'Auto-Sukukaja', 'Dodge Slash', 'Bewilder']
['Bewilder', 'Auto-Sukukaja', 'Sharp Student', 'Cleave']
['Auto-Tarukaja', 'Wind Amp', 'Cleave', 'Tarukaja']
['Sharp Student', 'Wind Break', 'Bewilder', 'Auto-Sukukaja']
['Wind Boost', 'Wind Break', 'Agi', 'Garula']
['Panta Rhei', 'Wind Boost', 'Sharp Student', 'Bash']
['Wind Boost', 'Wind Break', 'Cleave', 'Agi']
['Cleave', 'Sharp Student', 'Wind Boost', 'Tarukaja']
['Wind Amp', 'Bash', 'Wind Boost', 'Agi']
['Agi', 'Cleave', 'Garula', 'Bewilder']
['Power Slash', 'Cleave', 'Wind Amp', 'Tarukaja']
['Panta Rhei', 'Rakukaja', 'Auto-Tarukaja', 'Dodge Slash']
['Bewilder', 'Bash', 'Agi', 'Tarukaja']
['Bewilder', 'Cleave', 'Sharp Student', 'Tarukaja']
['Auto-Sukukaja', 'Agi', 'Cleave', 'Bewilder']
['Agi', 'Power Slash', 'Auto-Tarukaja', 'Tarukaja']
['Mabufu', 'Power Slash', 'Bewilder', 'Agi']
['Tarukaja', 'Rakukaja', 'Bash', 'Cleave']
['Auto-Tarukaja', 'Wind Break', 'Dodge Slash', 'Agi']
['Bash', 'Bewilder', 'Rakukaja', 'Tarukaja']
['Power Slash', 'Agi', 'Bash', 'Mabufu']
['Dodge Slash', 'Bash', 'Cleave', 'Mabufu']
['Bewilder', 'Panta Rhei', 'Bash', 'Agi']
['Rakukaja', 'Bash', 'Dodge Slash', 'Agi']
['Mabufu', 'Bash', 'Wind Boost', 'Tarukaja']
['Bash', 'Dodge Slash', 'Agi', 'Garula']
['Bash', 'Panta Rhei', 'Wind Break', 'Power Slash']
['Wind Break', 'Wind Boost', 'Bash', 'Auto-Sukukaja']
['Cleave', 'Bewilder', 'Wind Break', 'Tarukaja']
['Cleave', 'Bash', 'Agi', 'Wind Break']
['Bewilder', 'Power Slash', 'Wind Amp', 'Dodge Slash']
['Bewilder', 'Wind Boost', 'Trafuri', 'Bash']
['Auto-Sukukaja', 'Agi', 'Auto-Tarukaja', 'Power Slash']
['Garula', 'Bash', 'Sharp Student', 'Agi']
['Auto-Sukukaja', 'Wind Break', 'Mabufu', 'Rakukaja']
['Garula', 'Wind Amp', 'Agi', 'Bash']
['Cleave', 'Wind Break', 'Rakukaja', 'Dodge Slash']
['Agi', 'Tarukaja', 'Cleave', 'Bewilder']
['Wind Break', 'Rakukaja', 'Dodge Slash', 'Tarukaja']
['Wind Boost', 'Agi', 'Garula', 'Bewilder']
['Agi', 'Trafuri', 'Rakukaja', 'Mabufu']
['Auto-Sukukaja', 'Power Slash', 'Bash', 'Agi']
['Cleave', 'Bash', 'Dodge Slash', 'Wind Boost']
['Bash', 'Auto-Tarukaja', 'Bewilder', 'Wind Break']
['Auto-Sukukaja', 'Bash', 'Bewilder', 'Auto-Tarukaja']
['Wind Break', 'Wind Boost', 'Auto-Sukukaja', 'Dodge Slash']
['Tarukaja', 'Garula', 'Cleave', 'Bewilder']
['Bewilder', 'Wind Boost', 'Cleave', 'Wind Amp']
['Rakukaja', 'Bash', 'Power Slash', 'Wind Amp']
['Mabufu', 'Agi', 'Wind Amp', 'Tarukaja']
['Mabufu', 'Cleave', 'Bewilder', 'Wind Boost']
['Garula', 'Tarukaja', 'Mabufu', 'Bewilder']
['Mabufu', 'Bash', 'Tarukaja', 'Auto-Sukukaja']
['Bash', 'Wind Break', 'Bewilder', 'Sharp Student']
['Rakukaja', 'Auto-Tarukaja', 'Bash', 'Cleave']
['Bewilder', 'Bash', 'Trafuri', 'Agi']
['Agi', 'Cleave', 'Trafuri', 'Dodge Slash']
['Bewilder', 'Auto-Tarukaja', 'Dodge Slash', 'Rakukaja']
['Bewilder', 'Agi', 'Auto-Tarukaja', 'Tarukaja']
['Wind Boost', 'Tarukaja', 'Dodge Slash', 'Agi']
['Dodge Slash', 'Agi', 'Garula', 'Wind Boost']
['Garula', 'Wind Boost', 'Agi', 'Bewilder']
['Agi', 'Bash', 'Bewilder', 'Garula']
['Bash', 'Wind Boost', 'Mabufu', 'Auto-Tarukaja']
['Wind Break', 'Mabufu', 'Cleave', 'Agi']
['Garula', 'Bewilder', 'Dodge Slash', 'Mabufu']
['Auto-Tarukaja', 'Bash', 'Auto-Sukukaja', 'Cleave']
['Bash', 'Cleave', 'Wind Break', 'Panta Rhei']
['Wind Amp', 'Garula', 'Bash', 'Power Slash']
['Auto-Sukukaja', 'Cleave', 'Bewilder', 'Bash']
['Bash', 'Bewilder', 'Rakukaja', 'Auto-Sukukaja']
['Cleave', 'Tarukaja', 'Bewilder', 'Auto-Tarukaja']
['Agi', 'Bewilder', 'Cleave', 'Wind Boost']
['Mabufu', 'Cleave', 'Wind Break', 'Bewilder']
['Agi', 'Dodge Slash', 'Mabufu', 'Power Slash']
['Power Slash', 'Bash', 'Wind Break', 'Garula']
['Wind Break', 'Auto-Tarukaja', 'Tarukaja', 'Bewilder']
['Wind Break', 'Bash', 'Rakukaja', 'Power Slash']
['Tarukaja', 'Mabufu', 'Agi', 'Auto-Sukukaja']
['Bewilder', 'Cleave', 'Auto-Sukukaja', 'Power Slash']
['Auto-Tarukaja', 'Bewilder', 'Power Slash', 'Cleave']
['Bewilder', 'Wind Boost', 'Tarukaja', 'Wind Break']
['Bewilder', 'Cleave', 'Power Slash', 'Wind Break']
['Tarukaja', 'Dodge Slash', 'Rakukaja', 'Bewilder']
['Bewilder', 'Agi', 'Bash', 'Auto-Tarukaja']
['Cleave', 'Agi', 'Wind Break', 'Auto-Tarukaja']
['Bewilder', 'Power Slash', 'Garula', 'Agi']
['Auto-Tarukaja', 'Tarukaja', 'Power Slash', 'Bewilder']
['Bewilder', 'Auto-Tarukaja', 'Rakukaja', 'Cleave']
['Bash', 'Auto-Sukukaja', 'Wind Boost', 'Tarukaja']
['Rakukaja', 'Cleave', 'Dodge Slash', 'Wind Boost']
['Mabufu', 'Agi', 'Bash', 'Panta Rhei']
['Sharp Student', 'Agi', 'Auto-Sukukaja', 'Mabufu']
['Wind Boost', 'Bewilder', 'Mabufu', 'Sharp Student']
['Bewilder', 'Tarukaja', 'Mabufu', 'Cleave']
['Agi', 'Bash', 'Rakukaja', 'Wind Amp']
['Wind Boost', 'Agi', 'Tarukaja', 'Mabufu']
['Wind Boost', 'Bash', 'Dodge Slash', 'Agi']
['Mabufu', 'Cleave', 'Bewilder', 'Power Slash']
['Agi', 'Garula', 'Bewilder', 'Wind Boost']
['Wind Boost', 'Cleave', 'Agi', 'Bewilder']
['Tarukaja', 'Bash', 'Bewilder', 'Mabufu']
['Agi', 'Wind Boost', 'Bewilder', 'Rakukaja']
['Bash', 'Cleave', 'Panta Rhei', 'Agi']
['Agi', 'Bewilder', 'Sharp Student', 'Cleave']
['Bash', 'Agi', 'Rakukaja', 'Bewilder']
['Garula', 'Agi', 'Bash', 'Wind Break']
['Auto-Tarukaja', 'Bewilder', 'Bash', 'Cleave']
['Rakukaja', 'Wind Boost', 'Bash', 'Tarukaja']
['Bewilder', 'Mabufu', 'Trafuri', 'Auto-Tarukaja']
['Rakukaja', 'Tarukaja', 'Power Slash', 'Sharp Student']
['Bash', 'Bewilder', 'Agi', 'Wind Break']
['Rakukaja', 'Wind Break', 'Bash', 'Cleave']
['Auto-Sukukaja', 'Cleave', 'Dodge Slash', 'Rakukaja']
['Trafuri', 'Tarukaja', 'Wind Amp', 'Cleave']
['Dodge Slash', 'Bash', 'Mabufu', 'Auto-Sukukaja']
['Rakukaja', 'Garula', 'Auto-Tarukaja', 'Cleave']
['Power Slash', 'Agi', 'Auto-Sukukaja', 'Bewilder']
['Mabufu', 'Cleave', 'Bash', 'Wind Amp']
['Power Slash', 'Rakukaja', 'Garula', 'Agi']
['Rakukaja', 'Power Slash', 'Auto-Sukukaja', 'Cleave']
['Wind Boost', 'Agi', 'Bewilder', 'Garula']
['Bewilder', 'Cleave', 'Bash', 'Mabufu']
['Rakukaja', 'Bash', 'Wind Boost', 'Bewilder']
['Rakukaja', 'Power Slash', 'Agi', 'Tarukaja']
['Tarukaja', 'Wind Boost', 'Dodge Slash', 'Agi']
['Auto-Tarukaja', 'Power Slash', 'Sharp Student', 'Mabufu']
['Bewilder', 'Wind Amp', 'Sharp Student', 'Garula']
['Bewilder', 'Bash', 'Agi', 'Cleave']
['Wind Amp', 'Agi', 'Garula', 'Tarukaja']
['Wind Boost', 'Agi', 'Bewilder', 'Bash']
['Agi', 'Sharp Student', 'Bash', 'Bewilder']
['Power Slash', 'Bash', 'Tarukaja', 'Sharp Student']
['Bewilder', 'Rakukaja', 'Mabufu', 'Agi']
['Sharp Student', 'Agi', 'Cleave', 'Bewilder']
['Tarukaja', 'Garula', 'Agi', 'Rakukaja']
['Bewilder', 'Power Slash', 'Bash', 'Auto-Sukukaja']
['Power Slash', 'Bewilder', 'Panta Rhei', 'Wind Amp']
['Cleave', 'Power Slash', 'Wind Amp', 'Garula']
['Dodge Slash', 'Agi', 'Bash', 'Cleave']
['Bash', 'Bewilder', 'Cleave', 'Rakukaja']
['Cleave', 'Garula', 'Wind Boost', 'Rakukaja']
['Mabufu', 'Agi', 'Bash', 'Dodge Slash']
['Cleave', 'Sharp Student', 'Garula', 'Auto-Sukukaja']
['Sharp Student', 'Mabufu', 'Bash', 'Power Slash']
['Bash', 'Wind Amp', 'Mabufu', 'Auto-Tarukaja']
['Mabufu', 'Agi', 'Bash', 'Power Slash']
['Bewilder', 'Bash', 'Mabufu', 'Cleave']
['Garula', 'Rakukaja', 'Sharp Student', 'Agi']
['Dodge Slash', 'Rakukaja', 'Agi', 'Auto-Sukukaja']
['Tarukaja', 'Cleave', 'Agi', 'Auto-Tarukaja']
['Wind Amp', 'Tarukaja', 'Bash', 'Cleave']
['Wind Boost', 'Cleave', 'Mabufu', 'Power Slash']
['Auto-Tarukaja', 'Bewilder', 'Bash', 'Power Slash']
['Agi', 'Mabufu', 'Rakukaja', 'Bash']
['Wind Boost', 'Cleave', 'Bash', 'Auto-Tarukaja']
['Auto-Sukukaja', 'Mabufu', 'Sharp Student', 'Wind Boost']
['Agi', 'Cleave', 'Wind Amp', 'Garula']
['Sharp Student', 'Agi', 'Cleave', 'Bash']
['Power Slash', 'Sharp Student', 'Wind Boost', 'Mabufu']
['Cleave', 'Bash', 'Dodge Slash', 'Rakukaja']
['Sharp Student', 'Agi', 'Cleave', 'Rakukaja']
['Rakukaja', 'Bewilder', 'Cleave', 'Auto-Sukukaja']
['Wind Boost', 'Bash', 'Trafuri', 'Wind Amp']
['Trafuri', 'Auto-Sukukaja', 'Agi', 'Bewilder']
['Tarukaja', 'Rakukaja', 'Agi', 'Bash']
['Panta Rhei', 'Bewilder', 'Tarukaja', 'Wind Boost']
['Cleave', 'Agi', 'Tarukaja', 'Dodge Slash']
['Cleave', 'Bash', 'Bewilder', 'Wind Break']
['Wind Boost', 'Cleave', 'Mabufu', 'Panta Rhei']
['Bash', 'Bewilder', 'Auto-Tarukaja', 'Wind Amp']
['Bewilder', 'Cleave', 'Dodge Slash', 'Agi']
['Sharp Student', 'Wind Amp', 'Bewilder', 'Agi']
['Wind Amp', 'Cleave', 'Bash', 'Wind Break']
['Bash', 'Agi', 'Bewilder', 'Auto-Sukukaja']
['Sharp Student', 'Agi', 'Bewilder', 'Mabufu']
['Bash', 'Agi', 'Auto-Tarukaja', 'Wind Amp']
['Agi', 'Cleave', 'Rakukaja', 'Bash']
['Auto-Tarukaja', 'Mabufu', 'Agi', 'Wind Break']
['Garula', 'Power Slash', 'Wind Boost', 'Rakukaja']
['Cleave', 'Power Slash', 'Sharp Student', 'Dodge Slash']
['Garula', 'Bewilder', 'Wind Amp', 'Wind Break']
['Bash', 'Power Slash', 'Wind Amp', 'Agi']
['Sharp Student', 'Power Slash', 'Bewilder', 'Agi']
['Cleave', 'Power Slash', 'Tarukaja', 'Rakukaja']
['Cleave', 'Mabufu', 'Sharp Student', 'Bewilder']
['Cleave', 'Rakukaja', 'Bash', 'Garula']
['Mabufu', 'Bewilder', 'Tarukaja', 'Power Slash']
['Sharp Student', 'Bash', 'Cleave', 'Trafuri']
['Power Slash', 'Dodge Slash', 'Bash', 'Wind Boost']
['Dodge Slash', 'Auto-Sukukaja', 'Agi', 'Bash']
['Wind Boost', 'Sharp Student', 'Power Slash', 'Agi']
['Bewilder', 'Dodge Slash', 'Agi', 'Cleave']
['Power Slash', 'Cleave', 'Bewilder', 'Tarukaja']
['Dodge Slash', 'Sharp Student', 'Bash', 'Auto-Tarukaja']
['Agi', 'Garula', 'Wind Boost', 'Sharp Student']
['Bash', 'Dodge Slash', 'Power Slash', 'Cleave']
['Auto-Sukukaja', 'Bewilder', 'Rakukaja', 'Garula']
['Bash', 'Wind Break', 'Dodge Slash', 'Wind Amp']
['Mabufu', 'Agi', 'Sharp Student', 'Cleave']
['Power Slash', 'Rakukaja', 'Bewilder', 'Auto-Tarukaja']
['Wind Boost', 'Auto-Sukukaja', 'Sharp Student', 'Bash']
['Bewilder', 'Mabufu', 'Agi', 'Cleave']
['Cleave', 'Agi', 'Wind Break', 'Dodge Slash']
['Power Slash', 'Bash', 'Agi', 'Auto-Tarukaja']
['Bash', 'Tarukaja', 'Rakukaja', 'Agi']
['Wind Amp', 'Bewilder', 'Cleave', 'Bash']
['Tarukaja', 'Sharp Student', 'Dodge Slash', 'Agi']
['Mabufu', 'Bash', 'Agi', 'Rakukaja']
['Power Slash', 'Rakukaja', 'Bash', 'Cleave']
['Auto-Tarukaja', 'Wind Boost', 'Cleave', 'Rakukaja']
['Wind Boost', 'Bash', 'Bewilder', 'Tarukaja']
['Tarukaja', 'Sharp Student', 'Cleave', 'Mabufu']
['Bash', 'Auto-Sukukaja', 'Power Slash', 'Cleave']
['Wind Break', 'Bash', 'Tarukaja', 'Dodge Slash']
['Wind Boost', 'Tarukaja', 'Bash', 'Wind Break']
['Power Slash', 'Cleave', 'Dodge Slash', 'Wind Amp']
['Auto-Sukukaja', 'Bash', 'Wind Boost', 'Sharp Student']
['Agi', 'Bash', 'Bewilder', 'Rakukaja']
['Wind Amp', 'Auto-Tarukaja', 'Bash', 'Agi']
['Bewilder', 'Tarukaja', 'Sharp Student', 'Agi']
['Agi', 'Bewilder', 'Bash', 'Sharp Student']
['Agi', 'Tarukaja', 'Rakukaja', 'Auto-Sukukaja']
['Wind Boost', 'Wind Break', 'Agi', 'Auto-Sukukaja']
['Power Slash', 'Wind Boost', 'Auto-Tarukaja', 'Cleave']
['Mabufu', 'Bewilder', 'Bash', 'Auto-Tarukaja']
['Panta Rhei', 'Agi', 'Bewilder', 'Mabufu']
['Mabufu', 'Power Slash', 'Wind Break', 'Wind Amp']
['Auto-Tarukaja', 'Dodge Slash', 'Auto-Sukukaja', 'Mabufu']
['Cleave', 'Agi', 'Auto-Sukukaja', 'Bewilder']
['Cleave', 'Bewilder', 'Agi', 'Tarukaja']
['Bewilder', 'Agi', 'Auto-Sukukaja', 'Cleave']
['Cleave', 'Rakukaja', 'Bash', 'Wind Break']
['Wind Break', 'Cleave', 'Tarukaja', 'Dodge Slash']
['Cleave', 'Sharp Student', 'Wind Break', 'Rakukaja']
['Sharp Student', 'Bewilder', 'Trafuri', 'Rakukaja']
['Agi', 'Bash', 'Wind Amp', 'Sharp Student']
['Garula', 'Auto-Sukukaja', 'Wind Boost', 'Tarukaja']
['Power Slash', 'Bash', 'Rakukaja', 'Cleave']
['Bash', 'Cleave', 'Wind Amp', 'Wind Break']
['Cleave', 'Auto-Tarukaja', 'Auto-Sukukaja', 'Agi']
['Wind Boost', 'Cleave', 'Garula', 'Agi']
['Wind Boost', 'Bewilder', 'Cleave', 'Agi']
['Bash', 'Wind Break', 'Auto-Sukukaja', 'Bewilder']
['Tarukaja', 'Agi', 'Power Slash', 'Auto-Tarukaja']
['Bewilder', 'Agi', 'Bash', 'Dodge Slash']
['Rakukaja', 'Bewilder', 'Auto-Tarukaja', 'Power Slash']
['Auto-Tarukaja', 'Bewilder', 'Agi', 'Wind Break']
['Garula', 'Bash', 'Trafuri', 'Cleave']
['Bash', 'Cleave', 'Agi', 'Rakukaja']
['Bash', 'Mabufu', 'Wind Boost', 'Rakukaja']
['Tarukaja', 'Cleave', 'Power Slash', 'Bash']
['Power Slash', 'Dodge Slash', 'Agi', 'Auto-Sukukaja']
['Mabufu', 'Auto-Tarukaja', 'Agi', 'Garula']
['Tarukaja', 'Bash', 'Auto-Tarukaja', 'Cleave']
['Wind Amp', 'Bewilder', 'Bash', 'Tarukaja']
['Cleave', 'Mabufu', 'Bewilder', 'Wind Boost']
['Rakukaja', 'Trafuri', 'Agi', 'Auto-Sukukaja']
['Wind Boost', 'Mabufu', 'Power Slash', 'Cleave']
['Agi', 'Tarukaja', 'Bewilder', 'Bash']
['Sharp Student', 'Bewilder', 'Auto-Tarukaja', 'Rakukaja']
['Bewilder', 'Wind Break', 'Bash', 'Wind Boost']
['Wind Boost', 'Mabufu', 'Sharp Student', 'Bash']
['Tarukaja', 'Bash', 'Auto-Sukukaja', 'Mabufu']
['Agi', 'Bewilder', 'Bash', 'Rakukaja']
['Cleave', 'Panta Rhei', 'Bash', 'Agi']
['Trafuri', 'Wind Boost', 'Cleave', 'Tarukaja']
['Tarukaja', 'Wind Boost', 'Mabufu', 'Cleave']
['Bewilder', 'Wind Boost', 'Cleave', 'Agi']
['Agi', 'Wind Break', 'Bewilder', 'Auto-Tarukaja']
['Power Slash', 'Cleave', 'Bash', 'Mabufu']
['Auto-Tarukaja', 'Dodge Slash', 'Bash', 'Cleave']
['Agi', 'Bewilder', 'Bash', 'Wind Boost']
['Rakukaja', 'Sharp Student', 'Bewilder', 'Tarukaja']
['Bash', 'Tarukaja', 'Cleave', 'Agi']
['Bash', 'Garula', 'Mabufu', 'Dodge Slash']
['Bash', 'Garula', 'Cleave', 'Mabufu']
['Power Slash', 'Sharp Student', 'Rakukaja', 'Bewilder']
['Rakukaja', 'Mabufu', 'Agi', 'Auto-Sukukaja']
['Dodge Slash', 'Wind Boost', 'Auto-Tarukaja', 'Bash']
['Tarukaja', 'Bash', 'Garula', 'Auto-Tarukaja']
['Cleave', 'Power Slash', 'Wind Boost', 'Garula']
['Cleave', 'Agi', 'Dodge Slash', 'Trafuri']
['Auto-Sukukaja', 'Power Slash', 'Cleave', 'Agi']
['Bewilder', 'Cleave', 'Wind Amp', 'Agi']
['Mabufu', 'Auto-Sukukaja', 'Agi', 'Auto-Tarukaja']
['Garula', 'Wind Amp', 'Bewilder', 'Cleave']
['Rakukaja', 'Tarukaja', 'Bash', 'Cleave']
['Wind Break', 'Agi', 'Wind Boost', 'Bewilder']
['Bewilder', 'Power Slash', 'Wind Amp', 'Agi']
['Rakukaja', 'Power Slash', 'Bash', 'Agi']
['Cleave', 'Wind Boost', 'Tarukaja', 'Bewilder']
['Auto-Sukukaja', 'Bash', 'Power Slash', 'Cleave']
['Rakukaja', 'Wind Break', 'Panta Rhei', 'Cleave']
['Wind Boost', 'Agi', 'Cleave', 'Garula']
['Garula', 'Bash', 'Tarukaja', 'Mabufu']
['Agi', 'Bewilder', 'Auto-Sukukaja', 'Bash']
['Wind Boost', 'Bewilder', 'Rakukaja', 'Cleave']
['Wind Boost', 'Sharp Student', 'Wind Break', 'Auto-Tarukaja']
['Wind Break', 'Rakukaja', 'Cleave', 'Agi']
['Agi', 'Bewilder', 'Cleave', 'Mabufu']
['Bash', 'Auto-Tarukaja', 'Agi', 'Rakukaja']
['Bash', 'Auto-Sukukaja', 'Bewilder', 'Power Slash']
['Bash', 'Bewilder', 'Agi', 'Auto-Sukukaja']
['Bewilder', 'Cleave', 'Agi', 'Bash']
['Wind Boost', 'Cleave', 'Power Slash', 'Mabufu']
['Bash', 'Agi', 'Bewilder', 'Trafuri']
['Power Slash', 'Agi', 'Bewilder', 'Cleave']
['Rakukaja', 'Agi', 'Power Slash', 'Wind Amp']
['Power Slash', 'Sharp Student', 'Auto-Sukukaja', 'Panta Rhei']
['Auto-Sukukaja', 'Bewilder', 'Cleave', 'Mabufu']
['Cleave', 'Agi', 'Rakukaja', 'Wind Boost']
['Mabufu', 'Wind Boost', 'Bewilder', 'Power Slash']
['Wind Boost', 'Bash', 'Sharp Student', 'Mabufu']
['Auto-Sukukaja', 'Agi', 'Cleave', 'Bewilder']
['Rakukaja', 'Auto-Sukukaja', 'Tarukaja', 'Mabufu']
['Power Slash', 'Dodge Slash', 'Sharp Student', 'Agi']
['Bash', 'Rakukaja', 'Power Slash', 'Tarukaja']
['Bewilder', 'Mabufu', 'Agi', 'Sharp Student']
['Bash', 'Wind Amp', 'Mabufu', 'Rakukaja']
['Bash', 'Auto-Sukukaja', 'Sharp Student', 'Mabufu']
['Dodge Slash', 'Trafuri', 'Agi', 'Auto-Tarukaja']
['Rakukaja', 'Garula', 'Cleave', 'Agi']
['Bash', 'Agi', 'Mabufu', 'Wind Boost']
['Bash', 'Agi', 'Auto-Tarukaja', 'Trafuri']
['Bash', 'Rakukaja', 'Power Slash', 'Cleave']
['Sharp Student', 'Wind Boost', 'Cleave', 'Mabufu']
['Dodge Slash', 'Cleave', 'Bash', 'Rakukaja']
['Wind Break', 'Power Slash', 'Cleave', 'Dodge Slash']
['Bash', 'Agi', 'Wind Boost', 'Wind Amp']
['Wind Boost', 'Bash', 'Auto-Tarukaja', 'Sharp Student']
['Agi', 'Cleave', 'Garula', 'Sharp Student']
['Wind Amp', 'Trafuri', 'Wind Boost', 'Bewilder']
['Wind Break', 'Bash', 'Agi', 'Tarukaja']
['Agi', 'Cleave', 'Dodge Slash', 'Bewilder']
['Dodge Slash', 'Agi', 'Cleave', 'Bash']
['Trafuri', 'Tarukaja', 'Cleave', 'Wind Boost']
['Garula', 'Wind Boost', 'Cleave', 'Bewilder']
['Cleave', 'Dodge Slash', 'Tarukaja', 'Auto-Tarukaja']
['Wind Amp', 'Mabufu', 'Cleave', 'Garula']
['Auto-Sukukaja', 'Mabufu', 'Agi', 'Rakukaja']
['Wind Amp', 'Bewilder', 'Wind Break', 'Tarukaja']
['Agi', 'Bewilder', 'Sharp Student', 'Trafuri']
['Power Slash', 'Garula', 'Wind Boost', 'Dodge Slash']
['Agi', 'Auto-Sukukaja', 'Cleave', 'Mabufu']
['Cleave', 'Agi', 'Dodge Slash', 'Trafuri']
['Mabufu', 'Tarukaja', 'Rakukaja', 'Power Slash']
['Mabufu', 'Agi', 'Trafuri', 'Bash']
['Agi', 'Power Slash', 'Cleave', 'Bewilder']
['Dodge Slash', 'Sharp Student', 'Power Slash', 'Garula']
['Bewilder', 'Bash', 'Mabufu', 'Wind Amp']
['Mabufu', 'Wind Boost', 'Wind Amp', 'Agi']
['Bewilder', 'Wind Amp', 'Cleave', 'Agi']
['Cleave', 'Tarukaja', 'Garula', 'Mabufu']
['Wind Break', 'Auto-Tarukaja', 'Trafuri', 'Dodge Slash']
['Mabufu', 'Bash', 'Wind Boost', 'Sharp Student']
['Wind Boost', 'Sharp Student', 'Bash', 'Cleave']
['Cleave', 'Bewilder', 'Rakukaja', 'Wind Boost']
['Rakukaja', 'Agi', 'Power Slash', 'Bash']
['Sharp Student', 'Tarukaja', 'Rakukaja', 'Auto-Tarukaja']
['Trafuri', 'Cleave', 'Agi', 'Mabufu']
['Bash', 'Mabufu', 'Tarukaja', 'Auto-Sukukaja']
['Wind Amp', 'Bewilder', 'Bash', 'Sharp Student']
['Cleave', 'Agi', 'Wind Boost', 'Bash']
['Bewilder', 'Bash', 'Power Slash', 'Agi']
['Rakukaja', 'Mabufu', 'Dodge Slash', 'Bewilder']
['Cleave', 'Agi', 'Bewilder', 'Panta Rhei']
['Tarukaja', 'Sharp Student', 'Wind Boost', 'Agi']
['Power Slash', 'Wind Boost', 'Bewilder', 'Cleave']
['Wind Amp', 'Cleave', 'Agi', 'Dodge Slash']
['Cleave', 'Bewilder', 'Agi', 'Bash']
['Tarukaja', 'Dodge Slash', 'Wind Amp', 'Bewilder']
['Agi', 'Tarukaja', 'Power Slash', 'Bewilder']
['Cleave', 'Wind Amp', 'Bash', 'Mabufu']
['Auto-Sukukaja', 'Rakukaja', 'Tarukaja', 'Bash']
['Wind Boost', 'Bash', 'Cleave', 'Tarukaja']
['Bewilder', 'Agi', 'Auto-Tarukaja', 'Bash']
['Bash', 'Agi', 'Auto-Tarukaja', 'Trafuri']
['Auto-Sukukaja', 'Garula', 'Cleave', 'Wind Break']
['Bewilder', 'Garula', 'Wind Boost', 'Auto-Tarukaja']
['Garula', 'Rakukaja', 'Power Slash', 'Bash']
['Cleave', 'Sharp Student', 'Bewilder', 'Agi']
['Agi', 'Auto-Tarukaja', 'Bewilder', 'Cleave']
['Wind Break', 'Cleave', 'Agi', 'Auto-Tarukaja']
['Bewilder', 'Sharp Student', 'Rakukaja', 'Bash']
['Bash', 'Rakukaja', 'Cleave', 'Wind Amp']
['Garula', 'Power Slash', 'Dodge Slash', 'Auto-Sukukaja']
['Cleave', 'Bewilder', 'Bash', 'Auto-Sukukaja']
['Auto-Tarukaja', 'Cleave', 'Wind Boost', 'Agi']
['Sharp Student', 'Power Slash', 'Bash', 'Cleave']
['Dodge Slash', 'Sharp Student', 'Wind Break', 'Bewilder']
['Bash', 'Cleave', 'Auto-Sukukaja', 'Power Slash']
['Auto-Tarukaja', 'Garula', 'Cleave', 'Agi']
['Tarukaja', 'Trafuri', 'Bewilder', 'Bash']
['Bewilder', 'Bash', 'Rakukaja', 'Cleave']
['Auto-Sukukaja', 'Agi', 'Sharp Student', 'Wind Boost']
['Agi', 'Auto-Tarukaja', 'Mabufu', 'Rakukaja']
['Garula', 'Rakukaja', 'Bewilder', 'Cleave']
['Rakukaja', 'Dodge Slash', 'Wind Boost', 'Sharp Student']
['Bewilder', 'Bash', 'Wind Amp', 'Tarukaja']
['Garula', 'Panta Rhei', 'Bewilder', 'Agi']
['Bewilder', 'Mabufu', 'Auto-Sukukaja', 'Dodge Slash']
['Auto-Tarukaja', 'Agi', 'Bewilder', 'Power Slash']
['Mabufu', 'Agi', 'Auto-Sukukaja', 'Bash']
['Bash', 'Rakukaja', 'Agi', 'Power Slash']
['Bewilder', 'Mabufu', 'Power Slash', 'Bash']
['Sharp Student', 'Bewilder', 'Cleave', 'Agi']
['Wind Boost', 'Agi', 'Sharp Student', 'Mabufu']
['Agi', 'Cleave', 'Bash', 'Rakukaja']
['Cleave', 'Agi', 'Wind Boost', 'Bewilder']
['Wind Boost', 'Bash', 'Agi', 'Tarukaja']
['Agi', 'Power Slash', 'Auto-Sukukaja', 'Wind Amp']
['Trafuri', 'Cleave', 'Bewilder', 'Bash']
['Tarukaja', 'Auto-Tarukaja', 'Sharp Student', 'Mabufu']
['Auto-Sukukaja', 'Bewilder', 'Cleave', 'Agi']
['Cleave', 'Wind Break', 'Rakukaja', 'Mabufu']
['Agi', 'Cleave', 'Power Slash', 'Bewilder']
['Bewilder', 'Bash', 'Agi', 'Cleave']
['Wind Boost', 'Bash', 'Rakukaja', 'Agi']
['Cleave', 'Bewilder', 'Agi', 'Bash']
['Wind Amp', 'Agi', 'Auto-Sukukaja', 'Bash']
['Power Slash', 'Cleave', 'Bash', 'Rakukaja']
['Bash', 'Cleave', 'Power Slash', 'Agi']
['Agi', 'Wind Boost', 'Garula', 'Rakukaja']
['Trafuri', 'Agi', 'Cleave', 'Bash']
['Wind Boost', 'Sharp Student', 'Garula', 'Bewilder']
['Sharp Student', 'Power Slash', 'Auto-Sukukaja', 'Cleave']
['Wind Break', 'Wind Boost', 'Bash', 'Cleave']
['Agi', 'Wind Amp', 'Rakukaja', 'Auto-Sukukaja']
['Rakukaja', 'Bash', 'Garula', 'Panta Rhei']
['Auto-Tarukaja', 'Power Slash', 'Bash', 'Mabufu']
['Bewilder', 'Garula', 'Cleave', 'Agi']
['Wind Boost', 'Mabufu', 'Agi', 'Tarukaja']
['Auto-Tarukaja', 'Mabufu', 'Sharp Student', 'Wind Boost']
['Cleave', 'Rakukaja', 'Agi', 'Bewilder']
['Sharp Student', 'Garula', 'Bash', 'Rakukaja']
['Bash', 'Wind Break', 'Wind Boost', 'Rakukaja']
['Bash', 'Wind Break', 'Tarukaja', 'Wind Amp']
['Agi', 'Cleave', 'Mabufu', 'Bewilder']
['Wind Amp', 'Bash', 'Cleave', 'Wind Break']
['Bash', 'Dodge Slash', 'Tarukaja', 'Mabufu']
['Mabufu', 'Power Slash', 'Bash', 'Auto-Tarukaja']
['Garula', 'Rakukaja', 'Bash', 'Auto-Sukukaja']
['Power Slash', 'Bewilder', 'Cleave', 'Rakukaja']
['Sharp Student', 'Bash', 'Wind Boost', 'Tarukaja']
['Agi', 'Mabufu', 'Bewilder', 'Cleave']
['Dodge Slash', 'Auto-Sukukaja', 'Tarukaja', 'Bash']
['Mabufu', 'Agi', 'Cleave', 'Wind Boost']
['Bash', 'Auto-Sukukaja', 'Agi', 'Rakukaja']
['Mabufu', 'Garula', 'Bewilder', 'Cleave']
['Auto-Sukukaja', 'Rakukaja', 'Bewilder', 'Cleave']
['Power Slash', 'Auto-Sukukaja', 'Agi', 'Wind Boost']
['Cleave', 'Mabufu', 'Bewilder', 'Bash']
['Sharp Student', 'Tarukaja', 'Agi', 'Bash']
['Wind Boost', 'Sharp Student', 'Cleave', 'Rakukaja']
['Bash', 'Cleave', 'Mabufu', 'Dodge Slash']
['Agi', 'Auto-Sukukaja', 'Bash', 'Tarukaja']
['Agi', 'Mabufu', 'Wind Amp', 'Bash']
['Cleave', 'Power Slash', 'Agi', 'Auto-Tarukaja']
['Dodge Slash', 'Agi', 'Bash', 'Tarukaja']
['Auto-Tarukaja', 'Bash', 'Cleave', 'Wind Amp']
['Cleave', 'Tarukaja', 'Mabufu', 'Wind Amp']
['Auto-Sukukaja', 'Power Slash', 'Mabufu', 'Bash']
['Tarukaja', 'Wind Boost', 'Bash', 'Cleave']
['Wind Amp', 'Tarukaja', 'Cleave', 'Agi']
['Rakukaja', 'Sharp Student', 'Tarukaja', 'Wind Boost']
['Auto-Sukukaja', 'Bash', 'Dodge Slash', 'Bewilder']
['Bash', 'Agi', 'Dodge Slash', 'Mabufu']
['Rakukaja', 'Mabufu', 'Dodge Slash', 'Power Slash']
['Rakukaja', 'Agi', 'Power Slash', 'Bewilder']
['Tarukaja', 'Bash', 'Agi', 'Auto-Tarukaja']
['Bash', 'Tarukaja', 'Wind Boost', 'Cleave']
['Bewilder', 'Power Slash', 'Agi', 'Cleave']
['Sharp Student', 'Power Slash', 'Wind Break', 'Auto-Tarukaja']
['Garula', 'Wind Amp', 'Auto-Sukukaja', 'Bewilder']
['Dodge Slash', 'Wind Break', 'Tarukaja', 'Auto-Sukukaja']
['Bash', 'Wind Boost', 'Sharp Student', 'Power Slash']
['Wind Boost', 'Rakukaja', 'Cleave', 'Mabufu']
['Bash', 'Dodge Slash', 'Power Slash', 'Wind Boost']
['Auto-Sukukaja', 'Bewilder', 'Rakukaja', 'Cleave']
['Cleave', 'Garula', 'Bewilder', 'Bash']
['Bewilder', 'Auto-Sukukaja', 'Cleave', 'Sharp Student']
['Sharp Student', 'Cleave', 'Bewilder', 'Agi']
['Wind Amp', 'Panta Rhei', 'Trafuri', 'Power Slash']
['Auto-Tarukaja', 'Agi', 'Mabufu', 'Bash']
['Mabufu', 'Sharp Student', 'Cleave', 'Agi']
['Agi', 'Rakukaja', 'Tarukaja', 'Bewilder']
['Bash', 'Wind Boost', 'Cleave', 'Agi']
['Cleave', 'Tarukaja', 'Agi', 'Power Slash']
['Wind Amp', 'Auto-Tarukaja', 'Wind Break', 'Cleave']
['Wind Break', 'Wind Amp', 'Agi', 'Rakukaja']
['Wind Boost', 'Mabufu', 'Cleave', 'Auto-Tarukaja']
['Mabufu', 'Trafuri', 'Bash', 'Power Slash']
['Agi', 'Cleave', 'Rakukaja', 'Bewilder']
['Cleave', 'Mabufu', 'Agi', 'Wind Boost']
['Dodge Slash', 'Auto-Sukukaja', 'Power Slash', 'Bash']
['Mabufu', 'Rakukaja', 'Power Slash', 'Bewilder']
['Rakukaja', 'Cleave', 'Bewilder', 'Auto-Sukukaja']
['Dodge Slash', 'Auto-Sukukaja', 'Agi', 'Bash']
['Agi', 'Bash', 'Cleave', 'Wind Boost']
['Auto-Tarukaja', 'Tarukaja', 'Power Slash', 'Trafuri']
['Bash', 'Power Slash', 'Sharp Student', 'Bewilder']
['Rakukaja', 'Garula', 'Trafuri', 'Bewilder']
['Rakukaja', 'Power Slash', 'Bash', 'Auto-Sukukaja']
['Agi', 'Bewilder', 'Mabufu', 'Wind Break']
['Cleave', 'Trafuri', 'Wind Boost', 'Panta Rhei']
['Power Slash', 'Bash', 'Agi', 'Sharp Student']
['Bewilder', 'Agi', 'Garula', 'Cleave']
['Wind Break', 'Power Slash', 'Agi', 'Bewilder']
['Agi', 'Auto-Sukukaja', 'Cleave', 'Wind Boost']
['Bash', 'Power Slash', 'Wind Boost', 'Mabufu']
['Bewilder', 'Wind Break', 'Rakukaja', 'Trafuri']
['Cleave', 'Bewilder', 'Mabufu', 'Power Slash']
['Wind Amp', 'Bash', 'Bewilder', 'Wind Break']
['Bewilder', 'Auto-Sukukaja', 'Cleave', 'Dodge Slash']
['Rakukaja', 'Power Slash', 'Agi', 'Bash']
['Tarukaja', 'Agi', 'Garula', 'Sharp Student']
['Bash', 'Bewilder', 'Tarukaja', 'Mabufu']
['Cleave', 'Dodge Slash', 'Wind Amp', 'Rakukaja']
['Panta Rhei', 'Agi', 'Sharp Student', 'Bash']
['Tarukaja', 'Bash', 'Cleave', 'Power Slash']
['Bewilder', 'Dodge Slash', 'Rakukaja', 'Sharp Student']
['Rakukaja', 'Mabufu', 'Cleave', 'Bash']
['Trafuri', 'Rakukaja', 'Sharp Student', 'Dodge Slash']
['Tarukaja', 'Auto-Sukukaja', 'Wind Boost', 'Trafuri']
['Cleave', 'Bewilder', 'Bash', 'Mabufu']
['Sharp Student', 'Dodge Slash', 'Mabufu', 'Wind Break']
['Mabufu', 'Dodge Slash', 'Bash', 'Agi']
['Garula', 'Cleave', 'Bewilder', 'Agi']
['Garula', 'Cleave', 'Wind Amp', 'Rakukaja']
['Wind Break', 'Agi', 'Bewilder', 'Auto-Tarukaja']
['Sharp Student', 'Rakukaja', 'Wind Boost', 'Cleave']
['Bewilder', 'Wind Amp', 'Rakukaja', 'Panta Rhei']
['Bewilder', 'Mabufu', 'Wind Amp', 'Agi']
['Garula', 'Bash', 'Auto-Sukukaja', 'Agi']
['Dodge Slash', 'Auto-Tarukaja', 'Rakukaja', 'Bash']
['Bash', 'Agi', 'Auto-Sukukaja', 'Rakukaja']
['Bewilder', 'Bash', 'Wind Boost', 'Auto-Tarukaja']
['Power Slash', 'Agi', 'Bash', 'Dodge Slash']
['Power Slash', 'Agi', 'Tarukaja', 'Bewilder']
['Tarukaja', 'Bewilder', 'Bash', 'Mabufu']
['Tarukaja', 'Bewilder', 'Power Slash', 'Agi']
['Tarukaja', 'Dodge Slash', 'Bewilder', 'Wind Boost']
['Wind Boost', 'Bewilder', 'Bash', 'Rakukaja']
['Cleave', 'Dodge Slash', 'Wind Boost', 'Auto-Sukukaja']
['Cleave', 'Bash', 'Mabufu', 'Garula']
['Rakukaja', 'Auto-Tarukaja', 'Garula', 'Cleave']
['Wind Break', 'Dodge Slash', 'Auto-Sukukaja', 'Bewilder']
['Agi', 'Bewilder', 'Wind Break', 'Cleave']
['Bash', 'Tarukaja', 'Agi', 'Cleave']
['Bash', 'Dodge Slash', 'Bewilder', 'Cleave']
['Auto-Sukukaja', 'Tarukaja', 'Auto-Tarukaja', 'Agi']
['Bewilder', 'Agi', 'Power Slash', 'Dodge Slash']
['Panta Rhei', 'Bewilder', 'Bash', 'Tarukaja']
['Garula', 'Auto-Tarukaja', 'Rakukaja', 'Sharp Student']
['Agi', 'Wind Amp', 'Bash', 'Wind Boost']
['Bash', 'Power Slash', 'Dodge Slash', 'Cleave']
['Bewilder', 'Cleave', 'Tarukaja', 'Bash']
['Dodge Slash', 'Agi', 'Bash', 'Tarukaja']
['Agi', 'Rakukaja', 'Bewilder', 'Auto-Sukukaja']
['Mabufu', 'Agi', 'Bash', 'Power Slash']
['Bash', 'Wind Boost', 'Wind Break', 'Mabufu']
['Cleave', 'Power Slash', 'Wind Amp', 'Rakukaja']
['Rakukaja', 'Bash', 'Agi', 'Auto-Sukukaja']
['Panta Rhei', 'Agi', 'Auto-Sukukaja', 'Cleave']
['Cleave', 'Tarukaja', 'Bewilder', 'Bash']
['Cleave', 'Tarukaja', 'Bash', 'Dodge Slash']
['Garula', 'Wind Amp', 'Bash', 'Auto-Tarukaja']
['Rakukaja', 'Sharp Student', 'Bewilder', 'Trafuri']
['Wind Boost', 'Panta Rhei', 'Rakukaja', 'Dodge Slash']
['Agi', 'Power Slash', 'Bash', 'Panta Rhei']
['Power Slash', 'Cleave', 'Garula', 'Bewilder']
['Agi', 'Bewilder', 'Auto-Tarukaja', 'Rakukaja']
['Auto-Tarukaja', 'Bewilder', 'Sharp Student', 'Auto-Sukukaja']
['Garula', 'Bash', 'Power Slash', 'Cleave']
['Garula', 'Bewilder', 'Bash', 'Cleave']
['Bewilder', 'Agi', 'Tarukaja', 'Wind Boost']
['Wind Boost', 'Agi', 'Dodge Slash', 'Mabufu']
['Cleave', 'Sharp Student', 'Agi', 'Bash']
['Cleave', 'Dodge Slash', 'Agi', 'Bash']
['Bash', 'Power Slash', 'Agi', 'Bewilder']
['Bewilder', 'Power Slash', 'Bash', 'Wind Amp']
['Bash', 'Sharp Student', 'Cleave', 'Agi']
['Bash', 'Auto-Tarukaja', 'Rakukaja', 'Wind Amp']
['Rakukaja', 'Agi', 'Wind Boost', 'Wind Amp']
['Rakukaja', 'Wind Amp', 'Agi', 'Bash']
['Agi', 'Auto-Sukukaja', 'Bash', 'Rakukaja']
['Dodge Slash', 'Bash', 'Tarukaja', 'Cleave']
['Mabufu', 'Wind Boost', 'Cleave', 'Bewilder']
['Wind Boost', 'Bewilder', 'Auto-Tarukaja', 'Power Slash']
['Tarukaja', 'Bash', 'Panta Rhei', 'Auto-Tarukaja']
['Garula', 'Bewilder', 'Wind Boost', 'Agi']
['Tarukaja', 'Mabufu', 'Sharp Student', 'Wind Boost']
['Sharp Student', 'Mabufu', 'Wind Break', 'Agi']
['Agi', 'Bewilder', 'Bash', 'Wind Boost']
['Agi', 'Wind Amp', 'Cleave', 'Bewilder']
['Agi', 'Bewilder', 'Garula', 'Auto-Sukukaja']
['Power Slash', 'Cleave', 'Garula', 'Wind Break']
['Agi', 'Panta Rhei', 'Garula', 'Bewilder']
['Agi', 'Rakukaja', 'Bash', 'Cleave']
['Mabufu', 'Auto-Tarukaja', 'Power Slash', 'Trafuri']
['Agi', 'Power Slash', 'Dodge Slash', 'Cleave']
['Power Slash', 'Tarukaja', 'Panta Rhei', 'Agi']
['Tarukaja', 'Bewilder', 'Cleave', 'Dodge Slash']
['Bash', 'Wind Amp', 'Bewilder', 'Cleave']
['Bewilder', 'Bash', 'Cleave', 'Wind Boost']
['Bash', 'Trafuri', 'Auto-Sukukaja', 'Mabufu']
['Trafuri', 'Wind Amp', 'Tarukaja', 'Garula']
['Bash', 'Agi', 'Dodge Slash', 'Wind Boost']
['Agi', 'Auto-Tarukaja', 'Mabufu', 'Auto-Sukukaja']
['Wind Break', 'Agi', 'Dodge Slash', 'Power Slash']
['Cleave', 'Agi', 'Wind Boost', 'Dodge Slash']
['Cleave', 'Wind Boost', 'Garula', 'Power Slash']
['Cleave', 'Bash', 'Garula', 'Sharp Student']
['Auto-Tarukaja', 'Power Slash', 'Bash', 'Agi']
['Rakukaja', 'Cleave', 'Auto-Sukukaja', 'Sharp Student']
['Bewilder', 'Auto-Tarukaja', 'Bash', 'Agi']
['Wind Boost', 'Cleave', 'Sharp Student', 'Wind Amp']
['Power Slash', 'Garula', 'Bash', 'Auto-Sukukaja']
['Bash', 'Cleave', 'Agi', 'Auto-Sukukaja']
['Agi', 'Wind Boost', 'Rakukaja', 'Bash']
['Agi', 'Bash', 'Auto-Sukukaja', 'Sharp Student']
['Tarukaja', 'Rakukaja', 'Cleave', 'Sharp Student']
['Agi', 'Tarukaja', 'Cleave', 'Auto-Tarukaja']
['Bash', 'Auto-Sukukaja', 'Cleave', 'Mabufu']
['Wind Break', 'Dodge Slash', 'Mabufu', 'Cleave']
['Panta Rhei', 'Wind Boost', 'Bash', 'Cleave']
['Wind Amp', 'Bash', 'Garula', 'Agi']
['Wind Boost', 'Auto-Sukukaja', 'Rakukaja', 'Garula']
['Auto-Sukukaja', 'Rakukaja', 'Agi', 'Bewilder']
['Cleave', 'Bash', 'Sharp Student', 'Power Slash']
['Power Slash', 'Cleave', 'Bash', 'Bewilder']
['Wind Boost', 'Bash', 'Bewilder', 'Cleave']
['Agi', 'Tarukaja', 'Rakukaja', 'Auto-Tarukaja']
['Cleave', 'Auto-Sukukaja', 'Wind Amp', 'Dodge Slash']
['Cleave', 'Auto-Sukukaja', 'Mabufu', 'Bash']
['Trafuri', 'Bewilder', 'Wind Boost', 'Bash']
['Bewilder', 'Cleave', 'Wind Boost', 'Wind Break']
['Bewilder', 'Bash', 'Cleave', 'Mabufu']
['Cleave', 'Bewilder', 'Bash', 'Panta Rhei']
['Garula', 'Bash', 'Cleave', 'Rakukaja']
['Tarukaja', 'Auto-Tarukaja', 'Rakukaja', 'Mabufu']
['Mabufu', 'Rakukaja', 'Trafuri', 'Bewilder']
['Bash', 'Tarukaja', 'Agi', 'Rakukaja']
['Rakukaja', 'Bash', 'Mabufu', 'Bewilder']
['Bash', 'Wind Boost', 'Cleave', 'Garula']
['Bewilder', 'Agi', 'Rakukaja', 'Bash']
['Agi', 'Cleave', 'Sharp Student', 'Wind Break']
['Sharp Student', 'Agi', 'Power Slash', 'Cleave']
['Garula', 'Sharp Student', 'Cleave', 'Bewilder']
['Auto-Sukukaja', 'Agi', 'Panta Rhei', 'Bewilder']
['Agi', 'Bewilder', 'Wind Boost', 'Power Slash']
['Bewilder', 'Bash', 'Agi', 'Wind Boost']
['Cleave', 'Wind Boost', 'Rakukaja', 'Agi']
['Cleave', 'Panta Rhei', 'Wind Boost', 'Power Slash']
['Wind Break', 'Agi', 'Bewilder', 'Wind Boost']
['Power Slash', 'Rakukaja', 'Auto-Tarukaja', 'Mabufu']
['Cleave', 'Bewilder', 'Mabufu', 'Bash']
['Cleave', 'Power Slash', 'Sharp Student', 'Bash']
['Bash', 'Agi', 'Wind Amp', 'Tarukaja']
['Cleave', 'Sharp Student', 'Wind Amp', 'Power Slash']
['Cleave', 'Power Slash', 'Agi', 'Bewilder']
['Agi', 'Dodge Slash', 'Bewilder', 'Cleave']
['Rakukaja', 'Bash', 'Bewilder', 'Auto-Tarukaja']
['Auto-Tarukaja', 'Cleave', 'Power Slash', 'Rakukaja']
['Sharp Student', 'Wind Amp', 'Wind Boost', 'Bash']
['Cleave', 'Auto-Tarukaja', 'Auto-Sukukaja', 'Tarukaja']
['Dodge Slash', 'Agi', 'Bewilder', 'Wind Boost']
['Mabufu', 'Bewilder', 'Rakukaja', 'Power Slash']
['Mabufu', 'Power Slash', 'Rakukaja', 'Cleave']
['Wind Boost', 'Wind Break', 'Dodge Slash', 'Cleave']
['Tarukaja', 'Wind Boost', 'Agi', 'Bash']
['Wind Amp', 'Auto-Sukukaja', 'Wind Boost', 'Power Slash']
['Dodge Slash', 'Wind Boost', 'Bewilder', 'Garula']
['Cleave', 'Wind Amp', 'Panta Rhei', 'Bash']
['Tarukaja', 'Auto-Sukukaja', 'Mabufu', 'Dodge Slash']
['Rakukaja', 'Mabufu', 'Agi', 'Bewilder']
['Cleave', 'Wind Break', 'Wind Amp', 'Agi']
['Agi', 'Bewilder', 'Garula', 'Power Slash']
['Auto-Sukukaja', 'Agi', 'Wind Break', 'Tarukaja']
['Agi', 'Wind Amp', 'Wind Boost', 'Cleave']
['Rakukaja', 'Bewilder', 'Agi', 'Cleave']
['Power Slash', 'Bewilder', 'Auto-Sukukaja', 'Wind Boost']
['Agi', 'Bash', 'Tarukaja', 'Bewilder']
['Bewilder', 'Rakukaja', 'Mabufu', 'Bash']
['Bash', 'Power Slash', 'Rakukaja', 'Bewilder']
['Auto-Tarukaja', 'Agi', 'Wind Break', 'Sharp Student']
['Auto-Tarukaja', 'Power Slash', 'Panta Rhei', 'Wind Amp']
['Dodge Slash', 'Cleave', 'Bewilder', 'Auto-Tarukaja']
['Bash', 'Auto-Sukukaja', 'Cleave', 'Agi']
['Rakukaja', 'Power Slash', 'Bash', 'Wind Break']
['Auto-Sukukaja', 'Auto-Tarukaja', 'Wind Boost', 'Cleave']
['Agi', 'Wind Boost', 'Bewilder', 'Rakukaja']
['Bewilder', 'Auto-Tarukaja', 'Agi', 'Tarukaja']
['Dodge Slash', 'Cleave', 'Agi', 'Bewilder']
['Sharp Student', 'Bewilder', 'Power Slash', 'Wind Break']
['Tarukaja', 'Wind Boost', 'Cleave', 'Wind Break']
['Agi', 'Bash', 'Power Slash', 'Cleave']
['Cleave', 'Auto-Sukukaja', 'Wind Boost', 'Wind Amp']
['Cleave', 'Agi', 'Mabufu', 'Trafuri']
['Power Slash', 'Bash', 'Sharp Student', 'Rakukaja']
['Auto-Sukukaja', 'Tarukaja', 'Auto-Tarukaja', 'Wind Amp']
['Rakukaja', 'Bewilder', 'Mabufu', 'Agi']
['Wind Boost', 'Cleave', 'Rakukaja', 'Wind Amp']
['Agi', 'Panta Rhei', 'Bash', 'Mabufu']
['Bewilder', 'Dodge Slash', 'Wind Break', 'Bash']
['Power Slash', 'Bewilder', 'Wind Break', 'Wind Boost']
['Trafuri', 'Panta Rhei', 'Rakukaja', 'Mabufu']
['Wind Boost', 'Sharp Student', 'Tarukaja', 'Agi']
['Auto-Tarukaja', 'Bewilder', 'Bash', 'Cleave']
['Auto-Tarukaja', 'Power Slash', 'Dodge Slash', 'Wind Boost']
['Mabufu', 'Bash', 'Power Slash', 'Bewilder']
['Rakukaja', 'Auto-Sukukaja', 'Power Slash', 'Bewilder']
['Rakukaja', 'Agi', 'Trafuri', 'Tarukaja']
['Auto-Sukukaja', 'Bewilder', 'Bash', 'Sharp Student']
['Cleave', 'Rakukaja', 'Dodge Slash', 'Wind Amp']
['Bewilder', 'Wind Amp', 'Rakukaja', 'Bash']
['Bewilder', 'Wind Boost', 'Bash', 'Auto-Sukukaja']
['Bewilder', 'Sharp Student', 'Bash', 'Wind Break']
['Agi', 'Garula', 'Rakukaja', 'Wind Boost']
['Cleave', 'Rakukaja', 'Wind Boost', 'Agi']
['Agi', 'Auto-Tarukaja', 'Auto-Sukukaja', 'Cleave']
['Sharp Student', 'Wind Break', 'Mabufu', 'Wind Amp']
['Mabufu', 'Rakukaja', 'Agi', 'Wind Boost']
['Auto-Sukukaja', 'Panta Rhei', 'Wind Boost', 'Tarukaja']
['Wind Boost', 'Bewilder', 'Power Slash', 'Garula']
['Bash', 'Cleave', 'Auto-Sukukaja', 'Agi']
['Cleave', 'Sharp Student', 'Wind Boost', 'Dodge Slash']
['Tarukaja', 'Panta Rhei', 'Garula', 'Bash']
['Power Slash', 'Mabufu', 'Bash', 'Bewilder']
['Bewilder', 'Mabufu', 'Bash', 'Tarukaja']
['Auto-Sukukaja', 'Dodge Slash', 'Bewilder', 'Bash']
['Cleave', 'Agi', 'Rakukaja', 'Mabufu']
['Trafuri', 'Bash', 'Power Slash', 'Rakukaja']
['Tarukaja', 'Wind Break', 'Wind Boost', 'Agi']
['Tarukaja', 'Garula', 'Auto-Sukukaja', 'Agi']
['Mabufu', 'Cleave', 'Bewilder', 'Dodge Slash']
['Bewilder', 'Auto-Tarukaja', 'Bash', 'Cleave']
['Bewilder', 'Tarukaja', 'Rakukaja', 'Cleave']
['Auto-Sukukaja', 'Cleave', 'Bash', 'Rakukaja']
['Rakukaja', 'Wind Break', 'Bewilder', 'Agi']
['Agi', 'Garula', 'Tarukaja', 'Cleave']
['Agi', 'Garula', 'Bash', 'Dodge Slash']
['Bash', 'Cleave', 'Mabufu', 'Bewilder']
['Wind Boost', 'Bash', 'Auto-Tarukaja', 'Agi']
['Mabufu', 'Agi', 'Bash', 'Wind Break']
['Sharp Student', 'Garula', 'Wind Boost', 'Bewilder']
['Dodge Slash', 'Wind Break', 'Rakukaja', 'Bewilder']
['Power Slash', 'Mabufu', 'Rakukaja', 'Bewilder']
['Bewilder', 'Bash', 'Panta Rhei', 'Rakukaja']
['Bewilder', 'Power Slash', 'Trafuri', 'Tarukaja']
['Auto-Tarukaja', 'Agi', 'Power Slash', 'Garula']
['Cleave', 'Auto-Sukukaja', 'Rakukaja', 'Wind Boost']
['Bewilder', 'Auto-Sukukaja', 'Rakukaja', 'Tarukaja']
['Cleave', 'Dodge Slash', 'Rakukaja', 'Auto-Sukukaja']
['Tarukaja', 'Rakukaja', 'Mabufu', 'Wind Amp']
['Agi', 'Tarukaja', 'Mabufu', 'Wind Break']
['Bash', 'Auto-Sukukaja', 'Wind Break', 'Agi']
['Rakukaja', 'Tarukaja', 'Garula', 'Trafuri']
['Power Slash', 'Bewilder', 'Panta Rhei', 'Auto-Tarukaja']
['Rakukaja', 'Tarukaja', 'Bash', 'Cleave']
['Bash', 'Power Slash', 'Cleave', 'Mabufu']
['Tarukaja', 'Bewilder', 'Agi', 'Garula']
['Auto-Sukukaja', 'Trafuri', 'Agi', 'Bash']
['Garula', 'Bewilder', 'Wind Break', 'Agi']
['Auto-Sukukaja', 'Wind Amp', 'Power Slash', 'Bewilder']
['Mabufu', 'Tarukaja', 'Bash', 'Bewilder']
['Bewilder', 'Cleave', 'Agi', 'Wind Boost']
['Bewilder', 'Agi', 'Power Slash', 'Cleave']
['Bewilder', 'Bash', 'Auto-Tarukaja', 'Agi']
['Auto-Tarukaja', 'Garula', 'Trafuri', 'Power Slash']
['Cleave', 'Agi', 'Bewilder', 'Wind Boost']
['Power Slash', 'Bewilder', 'Auto-Sukukaja', 'Bash']
['Bash', 'Rakukaja', 'Bewilder', 'Power Slash']
['Sharp Student', 'Mabufu', 'Trafuri', 'Bash']
['Agi', 'Auto-Sukukaja', 'Auto-Tarukaja', 'Wind Boost']
['Bewilder', 'Cleave', 'Rakukaja', 'Tarukaja']
['Garula', 'Tarukaja', 'Bash', 'Sharp Student']
['Dodge Slash', 'Cleave', 'Wind Break', 'Rakukaja']
['Power Slash', 'Agi', 'Cleave', 'Sharp Student']
['Bash', 'Wind Boost', 'Agi', 'Tarukaja']
['Wind Amp', 'Auto-Tarukaja', 'Cleave', 'Mabufu']
['Trafuri', 'Bash', 'Dodge Slash', 'Garula']
['Agi', 'Cleave', 'Dodge Slash', 'Wind Boost']
['Cleave', 'Dodge Slash', 'Agi', 'Power Slash']
['Cleave', 'Bash', 'Power Slash', 'Bewilder']
['Cleave', 'Rakukaja', 'Bewilder', 'Wind Boost']
['Panta Rhei', 'Cleave', 'Power Slash', 'Bash']
['Garula', 'Panta Rhei', 'Bash', 'Wind Break']
['Auto-Sukukaja', 'Agi', 'Bewilder', 'Power Slash']
['Agi', 'Bewilder', 'Bash', 'Sharp Student']
['Cleave', 'Power Slash', 'Agi', 'Bewilder']
['Bash', 'Agi', 'Auto-Sukukaja', 'Power Slash']
['Bewilder', 'Auto-Sukukaja', 'Wind Boost', 'Power Slash']
['Bash', 'Auto-Sukukaja', 'Power Slash', 'Wind Break']
['Panta Rhei', 'Bash', 'Cleave', 'Auto-Sukukaja']
['Wind Boost', 'Power Slash', 'Wind Break', 'Bewilder']
['Bewilder', 'Agi', 'Dodge Slash', 'Rakukaja']
['Agi', 'Mabufu', 'Wind Amp', 'Garula']
['Power Slash', 'Wind Break', 'Cleave', 'Auto-Sukukaja']
['Auto-Tarukaja', 'Sharp Student', 'Trafuri', 'Agi']
['Agi', 'Sharp Student', 'Mabufu', 'Bewilder']
['Sharp Student', 'Wind Boost', 'Power Slash', 'Bewilder']
['Agi', 'Bewilder', 'Power Slash', 'Bash']
['Agi', 'Trafuri', 'Wind Break', 'Bewilder']
['Wind Boost', 'Auto-Sukukaja', 'Bash', 'Dodge Slash']
['Bash', 'Dodge Slash', 'Cleave', 'Sharp Student']
['Tarukaja', 'Power Slash', 'Dodge Slash', 'Wind Break']
['Cleave', 'Bewilder', 'Dodge Slash', 'Agi']
['Bewilder', 'Wind Boost', 'Mabufu', 'Cleave']
['Cleave', 'Wind Amp', 'Dodge Slash', 'Mabufu']
['Agi', 'Garula', 'Wind Break', 'Bewilder']
['Garula', 'Cleave', 'Power Slash', 'Wind Amp']
['Agi', 'Bewilder', 'Wind Boost', 'Dodge Slash']
['Mabufu', 'Power Slash', 'Agi', 'Garula']
['Wind Break', 'Agi', 'Bash', 'Bewilder']
['Bash', 'Rakukaja', 'Wind Amp', 'Power Slash']
['Power Slash', 'Cleave', 'Mabufu', 'Garula']
['Rakukaja', 'Cleave', 'Mabufu', 'Wind Boost']
['Agi', 'Mabufu', 'Bash', 'Wind Break']
['Bewilder', 'Rakukaja', 'Agi', 'Mabufu']
['Bewilder', 'Auto-Tarukaja', 'Bash', 'Agi']
['Cleave', 'Wind Boost', 'Bash', 'Tarukaja']
['Rakukaja', 'Auto-Tarukaja', 'Sharp Student', 'Tarukaja']
['Bash', 'Auto-Sukukaja', 'Garula', 'Rakukaja']
['Dodge Slash', 'Wind Break', 'Mabufu', 'Power Slash']
['Bewilder', 'Tarukaja', 'Rakukaja', 'Cleave']
['Mabufu', 'Tarukaja', 'Wind Amp', 'Bash']
['Agi', 'Wind Boost', 'Auto-Sukukaja', 'Power Slash']
['Rakukaja', 'Bash', 'Mabufu', 'Wind Boost']
['Wind Amp', 'Sharp Student', 'Trafuri', 'Cleave']
['Bewilder', 'Agi', 'Cleave', 'Trafuri']
['Power Slash', 'Wind Boost', 'Tarukaja', 'Agi']
['Agi', 'Auto-Sukukaja', 'Dodge Slash', 'Bash']
['Bash', 'Tarukaja', 'Mabufu', 'Cleave']
['Bewilder', 'Agi', 'Power Slash', 'Cleave']
['Rakukaja', 'Auto-Tarukaja', 'Power Slash', 'Bash']
['Power Slash', 'Agi', 'Auto-Sukukaja', 'Auto-Tarukaja']
['Wind Break', 'Tarukaja', 'Bewilder', 'Cleave']
['Auto-Sukukaja', 'Bash', 'Bewilder', 'Cleave']
['Bewilder', 'Mabufu', 'Wind Boost', 'Wind Break']
['Sharp Student', 'Bewilder', 'Agi', 'Wind Break']
['Cleave', 'Agi', 'Wind Boost', 'Tarukaja']
['Wind Amp', 'Dodge Slash', 'Cleave', 'Rakukaja']
['Cleave', 'Agi', 'Mabufu', 'Rakukaja']
['Dodge Slash', 'Power Slash', 'Bewilder', 'Cleave']
['Cleave', 'Agi', 'Power Slash', 'Bash']
['Rakukaja', 'Cleave', 'Tarukaja', 'Auto-Tarukaja']
['Auto-Sukukaja', 'Trafuri', 'Cleave', 'Agi']
['Tarukaja', 'Mabufu', 'Cleave', 'Power Slash']
['Bewilder', 'Bash', 'Wind Amp', 'Cleave']
['Auto-Tarukaja', 'Wind Boost', 'Dodge Slash', 'Tarukaja']
['Garula', 'Bewilder', 'Cleave', 'Rakukaja']
['Agi', 'Sharp Student', 'Rakukaja', 'Wind Boost']
['Bewilder', 'Wind Amp', 'Rakukaja', 'Bash']
['Bash', 'Wind Amp', 'Panta Rhei', 'Dodge Slash']
['Rakukaja', 'Trafuri', 'Cleave', 'Power Slash']
['Wind Boost', 'Auto-Sukukaja', 'Rakukaja', 'Cleave']
['Trafuri', 'Power Slash', 'Bash', 'Tarukaja']
['Power Slash', 'Garula', 'Auto-Sukukaja', 'Bewilder']
['Tarukaja', 'Cleave', 'Bewilder', 'Bash']
['Garula', 'Auto-Sukukaja', 'Mabufu', 'Tarukaja']
['Bash', 'Mabufu', 'Rakukaja', 'Cleave']
['Agi', 'Tarukaja', 'Bash', 'Cleave']
['Sharp Student', 'Cleave', 'Dodge Slash', 'Agi']
['Bash', 'Wind Boost', 'Sharp Student', 'Power Slash']
['Agi', 'Dodge Slash', 'Bewilder', 'Tarukaja']
['Cleave', 'Agi', 'Bewilder', 'Sharp Student']
['Agi', 'Wind Amp', 'Cleave', 'Bewilder']
['Bewilder', 'Mabufu', 'Dodge Slash', 'Sharp Student']
['Cleave', 'Agi', 'Auto-Sukukaja', 'Bash']
['Bash', 'Agi', 'Sharp Student', 'Mabufu']
['Wind Break', 'Auto-Sukukaja', 'Bash', 'Agi']
['Auto-Sukukaja', 'Wind Amp', 'Cleave', 'Sharp Student']
['Sharp Student', 'Cleave', 'Garula', 'Dodge Slash']
['Bash', 'Power Slash', 'Agi', 'Garula']
['Bash', 'Sharp Student', 'Bewilder', 'Mabufu']
['Bewilder', 'Agi', 'Garula', 'Wind Break']
['Agi', 'Mabufu', 'Power Slash', 'Sharp Student']
['Power Slash', 'Cleave', 'Bewilder', 'Bash']
['Agi', 'Sharp Student', 'Bewilder', 'Garula']
['Auto-Tarukaja', 'Agi', 'Bash', 'Panta Rhei']
['Bash', 'Power Slash', 'Auto-Sukukaja', 'Bewilder']
['Auto-Sukukaja', 'Bash', 'Sharp Student', 'Tarukaja']
['Rakukaja', 'Mabufu', 'Agi', 'Bewilder']
['Cleave', 'Bewilder', 'Bash', 'Rakukaja']
['Panta Rhei', 'Agi', 'Mabufu', 'Tarukaja']
['Bewilder', 'Power Slash', 'Bash', 'Tarukaja']
['Garula', 'Bash', 'Tarukaja', 'Sharp Student']
['Bash', 'Dodge Slash', 'Bewilder', 'Sharp Student']
['Rakukaja', 'Cleave', 'Power Slash', 'Auto-Sukukaja']
['Garula', 'Agi', 'Bash', 'Wind Amp']
['Wind Boost', 'Cleave', 'Bash', 'Power Slash']
['Cleave', 'Power Slash', 'Agi', 'Mabufu']
['Cleave', 'Sharp Student', 'Wind Amp', 'Wind Boost']
['Wind Boost', 'Bash', 'Cleave', 'Tarukaja']
['Cleave', 'Mabufu', 'Trafuri', 'Agi']
['Bash', 'Wind Amp', 'Bewilder', 'Sharp Student']
['Bash', 'Agi', 'Panta Rhei', 'Mabufu']
['Panta Rhei', 'Bewilder', 'Wind Boost', 'Dodge Slash']
['Power Slash', 'Bash', 'Cleave', 'Garula']
['Bewilder', 'Agi', 'Auto-Sukukaja', 'Bash']
['Bewilder', 'Rakukaja', 'Bash', 'Wind Amp']
['Bewilder', 'Sharp Student', 'Tarukaja', 'Power Slash']
['Bewilder', 'Wind Amp', 'Bash', 'Power Slash']
['Cleave', 'Power Slash', 'Mabufu', 'Rakukaja']
['Auto-Sukukaja', 'Bewilder', 'Tarukaja', 'Mabufu']
['Agi', 'Power Slash', 'Sharp Student', 'Wind Amp']
['Garula', 'Bash', 'Rakukaja', 'Bewilder']
['Bewilder', 'Rakukaja', 'Sharp Student', 'Panta Rhei']
['Bash', 'Cleave', 'Mabufu', 'Auto-Tarukaja']
['Auto-Tarukaja', 'Auto-Sukukaja', 'Sharp Student', 'Bash']
['Rakukaja', 'Mabufu', 'Agi', 'Cleave']
['Sharp Student', 'Agi', 'Garula', 'Rakukaja']
['Tarukaja', 'Wind Amp', 'Agi', 'Bash']
['Cleave', 'Agi', 'Mabufu', 'Power Slash']
['Rakukaja', 'Power Slash', 'Agi', 'Cleave']
['Bash', 'Auto-Sukukaja', 'Panta Rhei', 'Sharp Student']
['Wind Boost', 'Rakukaja', 'Mabufu', 'Auto-Sukukaja']
