['Tarukaja', 'Zan-ei', 'Auto-Tarukaja', 'Matarukaja']
['Twin Shot', 'Tarukaja', 'Matarukaja', 'Repel Light']
['Twin Shot', 'Me Patra', 'High Counter', 'Tarukaja']
['Torrent Shot', 'Regenerate 3', 'Null Elec', 'Matarukaja']
['Mahama', 'Zan-ei', 'Victory Cry', 'Twin Shot']
['Victory Cry', 'High Counter', 'Tarukaja', 'Zan-ei']
['Tarukaja', 'Torrent Shot', 'Repel Light', 'Power Charge']
['Mahama', 'Zan-ei', 'Matarukaja', 'Mazionga']
['High Counter', 'Mazionga', 'Power Charge', 'Matarukaja']
['Zan-ei', 'High Counter', 'Me Patra', 'Power Charge']
['Mazionga', 'Me Patra', 'Power Charge', 'Tarukaja']
['Power Charge', 'Torrent Shot', 'Mahama', 'Null Elec']
['Me Patra', 'Regenerate 3', 'Matarukaja', 'Auto-Tarukaja']
['Null Elec', 'Auto-Tarukaja', 'Tarukaja', 'Mazionga']
['Torrent Shot', 'Me Patra', 'Victory Cry', 'Tarukaja']
['Twin Shot', 'Me Patra', 'Tarukaja', 'Power Charge']
['Matarukaja', 'Tarukaja', 'Me Patra', 'Auto-Tarukaja']
['Tarukaja', 'Me Patra', 'Auto-Tarukaja', 'Maragidyne']
['Twin Shot', 'High Counter', 'Maragidyne', 'Me Patra']
['Tarukaja', 'Auto-Tarukaja', 'Matarukaja', 'High Counter']
['Repel Light', 'Zan-ei', 'Auto-Tarukaja', 'Power Charge']
['Power Charge', 'Zan-ei', 'High Counter', 'Twin Shot']
['High Counter', 'Mazionga', 'Zan-ei', 'Power Charge']
['Tarukaja', 'High Counter', 'Me Patra', 'Zan-ei']
['Zan-ei', 'Power Charge', 'Maragidyne', 'Tarukaja']
['Me Patra', 'Spell Master', 'Torrent Shot', 'Auto-Tarukaja']
['Twin Shot', 'Mahama', 'High Counter', 'Zan-ei']
['High Counter', 'Maragidyne', 'Torrent Shot', 'Tarukaja']
['Regenerate 3', 'Maragidyne', 'Me Patra', 'Mazionga']
['Torrent Shot', 'Matarukaja', 'Tarukaja', 'Mazionga']
['Me Patra', 'Tarukaja', 'Mazionga', 'Auto-Tarukaja']
['Mahama', 'Me Patra', 'Power Charge', 'Torrent Shot']
['Tarukaja', 'Auto-Tarukaja', 'Me Patra', 'Zan-ei']
['Mahama', 'Twin Shot', 'Victory Cry', 'Auto-Tarukaja']
['Tarukaja', 'Mahama', 'Mazionga', 'Maragidyne']
['Regenerate 3', 'Twin Shot', 'Me Patra', 'Tarukaja']
['Tarukaja', 'Mahama', 'Power Charge', 'Null Elec']
['Mahama', 'Repel Light', 'Tarukaja', 'Zan-ei']
['Zan-ei', 'Auto-Tarukaja', 'Power Charge', 'Twin Shot']
['Matarukaja', 'Power Charge', 'Mahama', 'Zan-ei']
['Twin Shot', 'Me Patra', 'Zan-ei', 'Mahama']
['High Counter', 'Tarukaja', 'Mazionga', 'Maragidyne']
['Matarukaja', 'Mahama', 'Torrent Shot', 'Tarukaja']
['Me Patra', 'Torrent Shot', 'Twin Shot', 'Auto-Tarukaja']
['Auto-Tarukaja', 'High Counter', 'Me Patra', 'Victory Cry']
['Power Charge', 'Regenerate 3', 'Null Elec', 'Me Patra']
['Power Charge', 'Twin Shot', 'Auto-Tarukaja', 'Me Patra']
['High Counter', 'Victory Cry', 'Null Elec', 'Zan-ei']
['Mahama', 'Repel Light', 'Maragidyne', 'Null Elec']
['Zan-ei', 'Mazionga', 'Me Patra', 'Victory Cry']
['Victory Cry', 'Matarukaja', 'Mazionga', 'Torrent Shot']
['Mahama', 'Maragidyne', 'Auto-Tarukaja', 'High Counter']
['Tarukaja', 'Zan-ei', 'Power Charge', 'Torrent Shot']
['Maragidyne', 'Power Charge', 'Null Elec', 'Me Patra']
['Spell Master', 'Twin Shot', 'Regenerate 3', 'Tarukaja']
['Mazionga', 'Auto-Tarukaja', 'Mahama', 'Zan-ei']
['Null Elec', 'Matarukaja', 'Repel Light', 'Mahama']
['Tarukaja', 'Spell Master', 'Zan-ei', 'Torrent Shot']
['Zan-ei', 'Me Patra', 'Auto-Tarukaja', 'Maragidyne']
['Mazionga', 'Tarukaja', 'Me Patra', 'Spell Master']
['Null Elec', 'Mazionga', 'Auto-Tarukaja', 'Repel Light']
['Auto-Tarukaja', 'Tarukaja', 'Zan-ei', 'Mahama']
['Power Charge', 'Twin Shot', 'Tarukaja', 'Torrent Shot']
['Me Patra', 'Mazionga', 'Zan-ei', 'Regenerate 3']
['Mazionga', 'Me Patra', 'Twin Shot', 'Mahama']
['High Counter', 'Auto-Tarukaja', 'Tarukaja', 'Mahama']
['Tarukaja', 'Twin Shot', 'Me Patra', 'Mahama']
['Tarukaja', 'Mazionga', 'Power Charge', 'Zan-ei']
['Me Patra', 'Regenerate 3', 'Maragidyne', 'Mahama']
['Zan-ei', 'High Counter', 'Regenerate 3', 'Twin Shot']
['Null Elec', 'Power Charge', 'Zan-ei', 'Spell Master']
['Mazionga', 'Auto-Tarukaja', 'Repel Light', 'Twin Shot']
['Matarukaja', 'Mazionga', 'Me Patra', 'Auto-Tarukaja']
['Me Patra', 'Torrent Shot', 'Regenerate 3', 'Maragidyne']
['Me Patra', 'Zan-ei', 'Victory Cry', 'Null Elec']
['Zan-ei', 'Mahama', 'Mazionga', 'Null Elec']
['Power Charge', 'Zan-ei', 'Null Elec', 'Tarukaja']
['Me Patra', 'Tarukaja', 'Zan-ei', 'Victory Cry']
['Mazionga', 'Power Charge', 'Zan-ei', 'Twin Shot']
['Matarukaja', 'Twin Shot', 'Repel Light', 'Maragidyne']
['Spell Master', 'Me Patra', 'Maragidyne', 'Victory Cry']
['Auto-Tarukaja', 'Tarukaja', 'Matarukaja', 'Null Elec']
['Regenerate 3', 'Matarukaja', 'Twin Shot', 'Me Patra']
['Twin Shot', 'Null Elec', 'Power Charge', 'Tarukaja']
['Tarukaja', 'Repel Light', 'High Counter', 'Me Patra']
['Twin Shot', 'Me Patra', 'Repel Light', 'Mahama']
['Matarukaja', 'Me Patra', 'Torrent Shot', 'Auto-Tarukaja']
['Maragidyne', 'Twin Shot', 'Mahama', 'Power Charge']
['Torrent Shot', 'Twin Shot', 'Mazionga', 'Matarukaja']
['Twin Shot', 'Tarukaja', 'Torrent Shot', 'Mazionga']
['Zan-ei', 'Regenerate 3', 'Tarukaja', 'High Counter']
['Mazionga', 'Zan-ei', 'Me Patra', 'Mahama']
['Maragidyne', 'Null Elec', 'Tarukaja', 'Mahama']
['Matarukaja', 'Me Patra', 'Zan-ei', 'Tarukaja']
['Mahama', 'Twin Shot', 'Matarukaja', 'Maragidyne']
['Mahama', 'Regenerate 3', 'Auto-Tarukaja', 'Me Patra']
['Zan-ei', 'Auto-Tarukaja', 'Torrent Shot', 'Me Patra']
['Power Charge', 'Repel Light', 'Tarukaja', 'Me Patra']
['Power Charge', 'Repel Light', 'Mahama', 'Zan-ei']
['High Counter', 'Twin Shot', 'Matarukaja', 'Me Patra']
['Mazionga', 'High Counter', 'Zan-ei', 'Mahama']
['Tarukaja', 'Auto-Tarukaja', 'Twin Shot', 'Repel Light']
['Twin Shot', 'Zan-ei', 'Tarukaja', 'Repel Light']
['Matarukaja', 'Me Patra', 'Repel Light', 'Tarukaja']
['Twin Shot', 'Zan-ei', 'Torrent Shot', 'Auto-Tarukaja']
['Mahama', 'Power Charge', 'Tarukaja', 'Victory Cry']
['Twin Shot', 'Matarukaja', 'Torrent Shot', 'Me Patra']
['Power Charge', 'Repel Light', 'Zan-ei', 'Tarukaja']
['Me Patra', 'Auto-Tarukaja', 'Twin Shot', 'Tarukaja']
['Me Patra', 'Repel Light', 'Zan-ei', 'Tarukaja']
['Null Elec', 'Power Charge', 'High Counter', 'Torrent Shot']
['Torrent Shot', 'Auto-Tarukaja', 'Null Elec', 'Me Patra']
['Null Elec', 'Mazionga', 'Maragidyne', 'Tarukaja']
['Repel Light', 'Mazionga', 'Tarukaja', 'Twin Shot']
['Spell Master', 'Power Charge', 'High Counter', 'Regenerate 3']
['Tarukaja', 'Spell Master', 'Auto-Tarukaja', 'Null Elec']
['Null Elec', 'Matarukaja', 'Tarukaja', 'Power Charge']
['Regenerate 3', 'Mahama', 'Spell Master', 'Matarukaja']
['Mazionga', 'Torrent Shot', 'Power Charge', 'Tarukaja']
['High Counter', 'Maragidyne', 'Zan-ei', 'Spell Master']
['Mahama', 'Twin Shot', 'Matarukaja', 'Zan-ei']
['Null Elec', 'Mazionga', 'Me Patra', 'Tarukaja']
['Zan-ei', 'Tarukaja', 'Null Elec', 'Auto-Tarukaja']
['Auto-Tarukaja', 'Power Charge', 'Null Elec', 'Tarukaja']
['Auto-Tarukaja', 'Regenerate 3', 'Null Elec', 'Power Charge']
['Auto-Tarukaja', 'Tarukaja', 'Regenerate 3', 'High Counter']
['Twin Shot', 'Tarukaja', 'Null Elec', 'Zan-ei']
['Maragidyne', 'Twin Shot', 'Null Elec', 'Auto-Tarukaja']
['Regenerate 3', 'Auto-Tarukaja', 'Repel Light', 'Matarukaja']
['Tarukaja', 'Mahama', 'Me Patra', 'Auto-Tarukaja']
['Mazionga', 'Zan-ei', 'Maragidyne', 'Spell Master']
['Mazionga', 'Power Charge', 'Torrent Shot', 'Me Patra']
['Null Elec', 'Tarukaja', 'Maragidyne', 'High Counter']
['Victory Cry', 'Matarukaja', 'Mahama', 'Zan-ei']
['Mazionga', 'Twin Shot', 'Matarukaja', 'Tarukaja']
['High Counter', 'Tarukaja', 'Matarukaja', 'Twin Shot']
['Zan-ei', 'Twin Shot', 'Mahama', 'Me Patra']
['Mahama', 'High Counter', 'Tarukaja', 'Auto-Tarukaja']
['Tarukaja', 'Zan-ei', 'Mahama', 'Repel Light']
['Regenerate 3', 'Power Charge', 'Victory Cry', 'Zan-ei']
['Auto-Tarukaja', 'Torrent Shot', 'Tarukaja', 'Regenerate 3']
['Victory Cry', 'Mahama', 'Power Charge', 'Twin Shot']
['Mahama', 'Zan-ei', 'Auto-Tarukaja', 'Me Patra']
['Mahama', 'Zan-ei', 'Twin Shot', 'Auto-Tarukaja']
['Twin Shot', 'High Counter', 'Victory Cry', 'Null Elec']
['Mahama', 'Auto-Tarukaja', 'Torrent Shot', 'Victory Cry']
['Torrent Shot', 'Mahama', 'Spell Master', 'Zan-ei']
['Auto-Tarukaja', 'Power Charge', 'Maragidyne', 'Twin Shot']
['Spell Master', 'Power Charge', 'Me Patra', 'Twin Shot']
['Twin Shot', 'Zan-ei', 'Mahama', 'Spell Master']
['Tarukaja', 'Repel Light', 'Power Charge', 'Zan-ei']
['Mazionga', 'Me Patra', 'High Counter', 'Mahama']
['Null Elec', 'Twin Shot', 'Zan-ei', 'Matarukaja']
['Zan-ei', 'Tarukaja', 'Power Charge', 'Auto-Tarukaja']
['Me Patra', 'Tarukaja', 'Mazionga', 'Mahama']
['Maragidyne', 'Matarukaja', 'Null Elec', 'Me Patra']
['Torrent Shot', 'Me Patra', 'Tarukaja', 'Matarukaja']
['Matarukaja', 'Me Patra', 'Power Charge', 'Spell Master']
['Twin Shot', 'Tarukaja', 'Zan-ei', 'Mahama']
['Power Charge', 'Spell Master', 'Torrent Shot', 'Repel Light']
['Victory Cry', 'Twin Shot', 'Repel Light', 'Tarukaja']
['Auto-Tarukaja', 'Me Patra', 'Mahama', 'Null Elec']
['Null Elec', 'Mazionga', 'Me Patra', 'High Counter']
['Null Elec', 'Mazionga', 'Spell Master', 'Zan-ei']
['Matarukaja', 'Tarukaja', 'Mazionga', 'Spell Master']
['Twin Shot', 'Tarukaja', 'Regenerate 3', 'Power Charge']
['Mahama', 'Null Elec', 'Tarukaja', 'Power Charge']
['Zan-ei', 'Mahama', 'Tarukaja', 'Matarukaja']
['Matarukaja', 'Twin Shot', 'High Counter', 'Tarukaja']
['Mazionga', 'Mahama', 'Me Patra', 'Matarukaja']
['Torrent Shot', 'Twin Shot', 'Tarukaja', 'Me Patra']
['Auto-Tarukaja', 'Twin Shot', 'Zan-ei', 'Mazionga']
['Mahama', 'Matarukaja', 'High Counter', 'Tarukaja']
['Twin Shot', 'Mazionga', 'Me Patra', 'Null Elec']
['Auto-Tarukaja', 'Me Patra', 'Tarukaja', 'Mazionga']
['High Counter', 'Spell Master', 'Auto-Tarukaja', 'Me Patra']
['Auto-Tarukaja', 'Matarukaja', 'High Counter', 'Mazionga']
['Mahama', 'High Counter', 'Auto-Tarukaja', 'Torrent Shot']
['Regenerate 3', 'Tarukaja', 'Torrent Shot', 'Null Elec']
['Twin Shot', 'Me Patra', 'Repel Light', 'Power Charge']
['Auto-Tarukaja', 'Twin Shot', 'Null Elec', 'Tarukaja']
['Auto-Tarukaja', 'Zan-ei', 'Null Elec', 'Torrent Shot']
['Mazionga', 'Me Patra', 'Twin Shot', 'Torrent Shot']
['Regenerate 3', 'Auto-Tarukaja', 'High Counter', 'Torrent Shot']
['Twin Shot', 'Mahama', 'Regenerate 3', 'High Counter']
['Spell Master', 'Tarukaja', 'Maragidyne', 'Zan-ei']
['Me Patra', 'Mazionga', 'Zan-ei', 'Regenerate 3']
['Null Elec', 'Spell Master', 'Auto-Tarukaja', 'Twin Shot']
['Mazionga', 'Regenerate 3', 'Matarukaja', 'Tarukaja']
['Zan-ei', 'Mazionga', 'Matarukaja', 'Me Patra']
['Mazionga', 'Matarukaja', 'Auto-Tarukaja', 'Power Charge']
['Zan-ei', 'Power Charge', 'Tarukaja', 'Spell Master']
['Repel Light', 'Matarukaja', 'Power Charge', 'Twin Shot']
['Tarukaja', 'Me Patra', 'Twin Shot', 'Mazionga']
['Regenerate 3', 'Tarukaja', 'Repel Light', 'Mazionga']
['Maragidyne', 'Null Elec', 'Twin Shot', 'Zan-ei']
['Null Elec', 'Twin Shot', 'High Counter', 'Matarukaja']
['Me Patra', 'Twin Shot', 'Tarukaja', 'Torrent Shot']
['Auto-Tarukaja', 'Mahama', 'Me Patra', 'Null Elec']
['Mahama', 'Repel Light', 'Twin Shot', 'Zan-ei']
['Null Elec', 'Mahama', 'Mazionga', 'Zan-ei']
['Twin Shot', 'Matarukaja', 'Mazionga', 'Torrent Shot']
['Auto-Tarukaja', 'Power Charge', 'Torrent Shot', 'Tarukaja']
['High Counter', 'Tarukaja', 'Twin Shot', 'Regenerate 3']
['Repel Light', 'Matarukaja', 'Auto-Tarukaja', 'Regenerate 3']
['Matarukaja', 'Zan-ei', 'Mahama', 'Auto-Tarukaja']
['Tarukaja', 'Regenerate 3', 'Zan-ei', 'Mazionga']
['Repel Light', 'Torrent Shot', 'Zan-ei', 'Spell Master']
['Tarukaja', 'Repel Light', 'Victory Cry', 'Matarukaja']
['Auto-Tarukaja', 'Regenerate 3', 'Zan-ei', 'Me Patra']
['Zan-ei', 'Power Charge', 'Auto-Tarukaja', 'Mahama']
['Mahama', 'High Counter', 'Me Patra', 'Regenerate 3']
['Spell Master', 'Tarukaja', 'Me Patra', 'Auto-Tarukaja']
['Mahama', 'Tarukaja', 'Null Elec', 'Me Patra']
['Spell Master', 'Twin Shot', 'Repel Light', 'Maragidyne']
['Victory Cry', 'Auto-Tarukaja', 'Tarukaja', 'Repel Light']
['Me Patra', 'Tarukaja', 'Repel Light', 'Mazionga']
['Tarukaja', 'Twin Shot', 'Me Patra', 'Zan-ei']
['Mahama', 'Power Charge', 'Auto-Tarukaja', 'Mazionga']
['Repel Light', 'Victory Cry', 'Null Elec', 'Mahama']
['Null Elec', 'Maragidyne', 'Torrent Shot', 'Mahama']
['Spell Master', 'Auto-Tarukaja', 'Twin Shot', 'Mazionga']
['Regenerate 3', 'Auto-Tarukaja', 'Matarukaja', 'Me Patra']
['Me Patra', 'Maragidyne', 'Mahama', 'Twin Shot']
['Matarukaja', 'Null Elec', 'High Counter', 'Power Charge']
['Mahama', 'Zan-ei', 'Spell Master', 'Repel Light']
['Tarukaja', 'High Counter', 'Mazionga', 'Victory Cry']
['Tarukaja', 'Mahama', 'Mazionga', 'Regenerate 3']
['Tarukaja', 'Me Patra', 'Mazionga', 'Victory Cry']
['Twin Shot', 'Power Charge', 'Mazionga', 'Mahama']
['Twin Shot', 'Mahama', 'Null Elec', 'Me Patra']
['Null Elec', 'High Counter', 'Zan-ei', 'Repel Light']
['Me Patra', 'Matarukaja', 'Twin Shot', 'Victory Cry']
['Mazionga', 'Tarukaja', 'Matarukaja', 'Victory Cry']
['Auto-Tarukaja', 'Me Patra', 'Tarukaja', 'Mazionga']
['Me Patra', 'Maragidyne', 'Spell Master', 'Mahama']
['Mahama', 'Twin Shot', 'Matarukaja', 'Mazionga']
['Twin Shot', 'Power Charge', 'Matarukaja', 'Regenerate 3']
['Mazionga', 'Auto-Tarukaja', 'Repel Light', 'Me Patra']
['Zan-ei', 'Victory Cry', 'Repel Light', 'Regenerate 3']
['Tarukaja', 'Zan-ei', 'Maragidyne', 'Repel Light']
['Tarukaja', 'Auto-Tarukaja', 'High Counter', 'Repel Light']
['Twin Shot', 'Mahama', 'Me Patra', 'Zan-ei']
['Auto-Tarukaja', 'Zan-ei', 'Tarukaja', 'High Counter']
['Tarukaja', 'Spell Master', 'Repel Light', 'Twin Shot']
['Twin Shot', 'Repel Light', 'Null Elec', 'Me Patra']
['High Counter', 'Tarukaja', 'Power Charge', 'Me Patra']
['Power Charge', 'Twin Shot', 'Auto-Tarukaja', 'Zan-ei']
['Null Elec', 'Regenerate 3', 'Auto-Tarukaja', 'Maragidyne']
['Matarukaja', 'Zan-ei', 'Null Elec', 'Tarukaja']
['Spell Master', 'Zan-ei', 'Power Charge', 'Tarukaja']
['Matarukaja', 'Auto-Tarukaja', 'Tarukaja', 'High Counter']
['Tarukaja', 'Zan-ei', 'Mahama', 'Auto-Tarukaja']
['Tarukaja', 'Spell Master', 'Regenerate 3', 'Mazionga']
['Regenerate 3', 'Power Charge', 'Tarukaja', 'High Counter']
['Maragidyne', 'Power Charge', 'Regenerate 3', 'Victory Cry']
['Twin Shot', 'Maragidyne', 'Mahama', 'Mazionga']
['Maragidyne', 'Me Patra', 'Auto-Tarukaja', 'Torrent Shot']
['Power Charge', 'High Counter', 'Mahama', 'Null Elec']
['Tarukaja', 'Zan-ei', 'Torrent Shot', 'Twin Shot']
['Tarukaja', 'Victory Cry', 'Torrent Shot', 'Mahama']
['Victory Cry', 'Spell Master', 'Regenerate 3', 'Mazionga']
['Auto-Tarukaja', 'Tarukaja', 'Twin Shot', 'Mazionga']
['High Counter', 'Tarukaja', 'Mazionga', 'Torrent Shot']
['Me Patra', 'Spell Master', 'Tarukaja', 'Maragidyne']
['Null Elec', 'Torrent Shot', 'Auto-Tarukaja', 'Mahama']
['Matarukaja', 'Zan-ei', 'Mahama', 'Me Patra']
['Tarukaja', 'Mazionga', 'Twin Shot', 'Auto-Tarukaja']
['Mahama', 'High Counter', 'Mazionga', 'Matarukaja']
['Tarukaja', 'Me Patra', 'Auto-Tarukaja', 'Matarukaja']
['Mahama', 'Twin Shot', 'High Counter', 'Null Elec']
['Power Charge', 'Regenerate 3', 'Auto-Tarukaja', 'Null Elec']
['Zan-ei', 'Mahama', 'Tarukaja', 'Twin Shot']
['Twin Shot', 'Auto-Tarukaja', 'Matarukaja', 'Mazionga']
['Auto-Tarukaja', 'Mahama', 'Mazionga', 'Maragidyne']
['Power Charge', 'Mazionga', 'Me Patra', 'Repel Light']
['Matarukaja', 'Victory Cry', 'Repel Light', 'High Counter']
['High Counter', 'Zan-ei', 'Auto-Tarukaja', 'Maragidyne']
['Mazionga', 'Null Elec', 'Power Charge', 'Auto-Tarukaja']
['Twin Shot', 'Tarukaja', 'Victory Cry', 'Matarukaja']
['Twin Shot', 'Null Elec', 'High Counter', 'Mahama']
['Zan-ei', 'Null Elec', 'High Counter', 'Tarukaja']
['Tarukaja', 'Zan-ei', 'Twin Shot', 'Auto-Tarukaja']
['High Counter', 'Me Patra', 'Zan-ei', 'Mazionga']
['Regenerate 3', 'Repel Light', 'Tarukaja', 'Mazionga']
['Tarukaja', 'Mazionga', 'Matarukaja', 'Regenerate 3']
['Null Elec', 'Me Patra', 'Tarukaja', 'Regenerate 3']
['Null Elec', 'Tarukaja', 'Mahama', 'High Counter']
['Regenerate 3', 'Mazionga', 'Me Patra', 'Zan-ei']
['Spell Master', 'Auto-Tarukaja', 'Maragidyne', 'Mahama']
['Me Patra', 'Mazionga', 'Tarukaja', 'Power Charge']
['Zan-ei', 'Tarukaja', 'Regenerate 3', 'Mazionga']
['Tarukaja', 'Torrent Shot', 'Twin Shot', 'Repel Light']
['Me Patra', 'Auto-Tarukaja', 'Spell Master', 'Torrent Shot']
['Maragidyne', 'High Counter', 'Repel Light', 'Tarukaja']
['Repel Light', 'Me Patra', 'Tarukaja', 'Torrent Shot']
['Zan-ei', 'Mazionga', 'Tarukaja', 'Null Elec']
['Me Patra', 'Auto-Tarukaja', 'Null Elec', 'Victory Cry']
['Auto-Tarukaja', 'Mazionga', 'Twin Shot', 'Zan-ei']
['Maragidyne', 'Null Elec', 'High Counter', 'Mazionga']
['Me Patra', 'Mazionga', 'Spell Master', 'Mahama']
['Repel Light', 'Mazionga', 'Tarukaja', 'Torrent Shot']
['Power Charge', 'Repel Light', 'Twin Shot', 'Zan-ei']
['Me Patra', 'Matarukaja', 'Auto-Tarukaja', 'Twin Shot']
['Zan-ei', 'Auto-Tarukaja', 'Mazionga', 'Tarukaja']
['Zan-ei', 'Tarukaja', 'Maragidyne', 'Mahama']
['Matarukaja', 'Regenerate 3', 'Twin Shot', 'Spell Master']
['Mahama', 'Power Charge', 'Zan-ei', 'Tarukaja']
['Tarukaja', 'Null Elec', 'Victory Cry', 'Zan-ei']
['Maragidyne', 'Twin Shot', 'Auto-Tarukaja', 'Repel Light']
['Torrent Shot', 'Tarukaja', 'Matarukaja', 'Mahama']
['Repel Light', 'Mahama', 'Maragidyne', 'Torrent Shot']
['Tarukaja', 'Null Elec', 'Repel Light', 'Regenerate 3']
['Me Patra', 'Null Elec', 'Regenerate 3', 'Matarukaja']
['High Counter', 'Power Charge', 'Auto-Tarukaja', 'Mazionga']
['High Counter', 'Twin Shot', 'Tarukaja', 'Torrent Shot']
['Mahama', 'Torrent Shot', 'Mazionga', 'Null Elec']
['Spell Master', 'High Counter', 'Torrent Shot', 'Regenerate 3']
['Repel Light', 'Power Charge', 'Zan-ei', 'Twin Shot']
['Regenerate 3', 'Mazionga', 'Me Patra', 'Mahama']
['Maragidyne', 'Zan-ei', 'Tarukaja', 'Repel Light']
['Me Patra', 'Auto-Tarukaja', 'Null Elec', 'Maragidyne']
['Maragidyne', 'Twin Shot', 'Zan-ei', 'Matarukaja']
['Power Charge', 'Twin Shot', 'Mahama', 'Maragidyne']
['Tarukaja', 'Null Elec', 'Matarukaja', 'Torrent Shot']
['Me Patra', 'Repel Light', 'Matarukaja', 'Maragidyne']
['Zan-ei', 'Mahama', 'High Counter', 'Me Patra']
['Null Elec', 'Auto-Tarukaja', 'Power Charge', 'Mazionga']
['Zan-ei', 'Tarukaja', 'Maragidyne', 'Auto-Tarukaja']
['Null Elec', 'Regenerate 3', 'Mazionga', 'Spell Master']
['Victory Cry', 'Power Charge', 'Torrent Shot', 'Mahama']
['Power Charge', 'Tarukaja', 'Matarukaja', 'Twin Shot']
['Victory Cry', 'Me Patra', 'Matarukaja', 'Zan-ei']
['Power Charge', 'High Counter', 'Mazionga', 'Me Patra']
['Repel Light', 'Tarukaja', 'Auto-Tarukaja', 'Me Patra']
['Tarukaja', 'Null Elec', 'Zan-ei', 'Regenerate 3']
['Me Patra', 'Torrent Shot', 'Matarukaja', 'Maragidyne']
['Mahama', 'Auto-Tarukaja', 'Null Elec', 'Victory Cry']
['Regenerate 3', 'Matarukaja', 'Twin Shot', 'Null Elec']
['Tarukaja', 'Auto-Tarukaja', 'Null Elec', 'Twin Shot']
['Power Charge', 'Tarukaja', 'Me Patra', 'Torrent Shot']
['Matarukaja', 'Power Charge', 'Mahama', 'Me Patra']
['Tarukaja', 'Matarukaja', 'High Counter', 'Spell Master']
['Auto-Tarukaja', 'Null Elec', 'Torrent Shot', 'Tarukaja']
['Mahama', 'Torrent Shot', 'Power Charge', 'Auto-Tarukaja']
['High Counter', 'Torrent Shot', 'Maragidyne', 'Me Patra']
['Twin Shot', 'Me Patra', 'Tarukaja', 'Repel Light']
['Auto-Tarukaja', 'Mahama', 'Zan-ei', 'Power Charge']
['Maragidyne', 'Spell Master', 'Twin Shot', 'Me Patra']
['Zan-ei', 'Me Patra', 'Null Elec', 'Victory Cry']
['Torrent Shot', 'Matarukaja', 'Auto-Tarukaja', 'Mazionga']
['Auto-Tarukaja', 'Me Patra', 'Zan-ei', 'Mahama']
['Matarukaja', 'Auto-Tarukaja', 'Mahama', 'Twin Shot']
['High Counter', 'Repel Light', 'Power Charge', 'Tarukaja']
['Me Patra', 'Mazionga', 'Torrent Shot', 'Tarukaja']
['Power Charge', 'Zan-ei', 'Auto-Tarukaja', 'Me Patra']
['Mahama', 'Auto-Tarukaja', 'Null Elec', 'Matarukaja']
['Zan-ei', 'Null Elec', 'Tarukaja', 'Mahama']
['High Counter', 'Mahama', 'Regenerate 3', 'Auto-Tarukaja']
['Auto-Tarukaja', 'Tarukaja', 'Maragidyne', 'Me Patra']
['High Counter', 'Torrent Shot', 'Matarukaja', 'Twin Shot']
['Zan-ei', 'Mahama', 'Tarukaja', 'Auto-Tarukaja']
['Zan-ei', 'Victory Cry', 'Auto-Tarukaja', 'Twin Shot']
['Null Elec', 'Power Charge', 'Regenerate 3', 'Victory Cry']
['Regenerate 3', 'Torrent Shot', 'Tarukaja', 'Twin Shot']
['Zan-ei', 'Maragidyne', 'Me Patra', 'Regenerate 3']
['Me Patra', 'Twin Shot', 'Spell Master', 'Torrent Shot']
['Mazionga', 'Me Patra', 'Torrent Shot', 'Zan-ei']
['Null Elec', 'Repel Light', 'Victory Cry', 'Tarukaja']
['Zan-ei', 'Repel Light', 'Me Patra', 'Maragidyne']
['Mahama', 'Spell Master', 'Me Patra', 'Mazionga']
['Spell Master', 'Mahama', 'Mazionga', 'High Counter']
['Torrent Shot', 'Mazionga', 'Victory Cry', 'Twin Shot']
['Null Elec', 'Repel Light', 'Tarukaja', 'Auto-Tarukaja']
['Tarukaja', 'Auto-Tarukaja', 'Power Charge', 'Maragidyne']
['Tarukaja', 'Auto-Tarukaja', 'Matarukaja', 'Repel Light']
['Power Charge', 'Tarukaja', 'Spell Master', 'Mazionga']
['Mahama', 'Auto-Tarukaja', 'Twin Shot', 'Me Patra']
['Torrent Shot', 'Regenerate 3', 'Auto-Tarukaja', 'Me Patra']
['High Counter', 'Torrent Shot', 'Victory Cry', 'Matarukaja']
['Twin Shot', 'Regenerate 3', 'Auto-Tarukaja', 'Zan-ei']
['Mazionga', 'Null Elec', 'Repel Light', 'Tarukaja']
['Zan-ei', 'Matarukaja', 'Tarukaja', 'Twin Shot']
['Me Patra', 'Repel Light', 'Power Charge', 'Tarukaja']
['High Counter', 'Zan-ei', 'Tarukaja', 'Me Patra']
['Repel Light', 'Auto-Tarukaja', 'Null Elec', 'Twin Shot']
['Mahama', 'Tarukaja', 'Zan-ei', 'Twin Shot']
['Torrent Shot', 'Me Patra', 'Auto-Tarukaja', 'Repel Light']
['Torrent Shot', 'Spell Master', 'Me Patra', 'Null Elec']
['Twin Shot', 'Maragidyne', 'Tarukaja', 'Victory Cry']
['High Counter', 'Tarukaja', 'Mahama', 'Mazionga']
['Zan-ei', 'Me Patra', 'Power Charge', 'Null Elec']
['Maragidyne', 'Auto-Tarukaja', 'Regenerate 3', 'High Counter']
['Tarukaja', 'Torrent Shot', 'High Counter', 'Matarukaja']
['Tarukaja', 'Twin Shot', 'Power Charge', 'Mahama']
['Tarukaja', 'Regenerate 3', 'Mazionga', 'Torrent Shot']
['Zan-ei', 'Twin Shot', 'Mahama', 'Regenerate 3']
['Null Elec', 'Mahama', 'Zan-ei', 'Spell Master']
['Me Patra', 'Zan-ei', 'Mahama', 'Null Elec']
['Null Elec', 'Zan-ei', 'Mazionga', 'Me Patra']
['Null Elec', 'Repel Light', 'Me Patra', 'Power Charge']
['Repel Light', 'Tarukaja', 'Auto-Tarukaja', 'Mahama']
['Mahama', 'Tarukaja', 'Maragidyne', 'Repel Light']
['Mazionga', 'High Counter', 'Repel Light', 'Power Charge']
['Repel Light', 'Twin Shot', 'Tarukaja', 'Mazionga']
['Tarukaja', 'Matarukaja', 'Spell Master', 'Regenerate 3']
['Auto-Tarukaja', 'Null Elec', 'Torrent Shot', 'Matarukaja']
['Repel Light', 'Tarukaja', 'Twin Shot', 'Spell Master']
['Auto-Tarukaja', 'Power Charge', 'Regenerate 3', 'Matarukaja']
['Twin Shot', 'Null Elec', 'Tarukaja', 'High Counter']
['Twin Shot', 'Zan-ei', 'Repel Light', 'Mahama']
['Me Patra', 'Zan-ei', 'Mazionga', 'Tarukaja']
['Tarukaja', 'Zan-ei', 'Torrent Shot', 'Null Elec']
['Auto-Tarukaja', 'Spell Master', 'Regenerate 3', 'Null Elec']
['Maragidyne', 'Mazionga', 'Regenerate 3', 'High Counter']
['High Counter', 'Matarukaja', 'Victory Cry', 'Repel Light']
['Tarukaja', 'Me Patra', 'Auto-Tarukaja', 'Mazionga']
['Me Patra', 'Twin Shot', 'Null Elec', 'Mahama']
['Torrent Shot', 'Maragidyne', 'Null Elec', 'Tarukaja']
['Null Elec', 'Auto-Tarukaja', 'Me Patra', 'Maragidyne']
['Tarukaja', 'Torrent Shot', 'Zan-ei', 'Mazionga']
['Victory Cry', 'Tarukaja', 'Twin Shot', 'Torrent Shot']
['Me Patra', 'Mahama', 'Power Charge', 'Tarukaja']
['Zan-ei', 'Tarukaja', 'Auto-Tarukaja', 'Mahama']
['Tarukaja', 'Torrent Shot', 'Me Patra', 'Twin Shot']
['Auto-Tarukaja', 'Twin Shot', 'Tarukaja', 'Mazionga']
['Mazionga', 'Torrent Shot', 'Mahama', 'Twin Shot']
['Tarukaja', 'Power Charge', 'Me Patra', 'High Counter']
['Regenerate 3', 'Twin Shot', 'Auto-Tarukaja', 'Tarukaja']
['Repel Light', 'Twin Shot', 'Auto-Tarukaja', 'Zan-ei']
['Twin Shot', 'Null Elec', 'Matarukaja', 'Mazionga']
['Spell Master', 'Twin Shot', 'Torrent Shot', 'Tarukaja']
['High Counter', 'Zan-ei', 'Torrent Shot', 'Me Patra']
['Repel Light', 'Maragidyne', 'Spell Master', 'Twin Shot']
['Zan-ei', 'Regenerate 3', 'Me Patra', 'Matarukaja']
['Tarukaja', 'Matarukaja', 'Power Charge', 'Spell Master']
['Mazionga', 'Zan-ei', 'Twin Shot', 'High Counter']
['Null Elec', 'Maragidyne', 'Victory Cry', 'Auto-Tarukaja']
['Regenerate 3', 'Twin Shot', 'Mazionga', 'Maragidyne']
['Auto-Tarukaja', 'Null Elec', 'Zan-ei', 'Torrent Shot']
['Torrent Shot', 'Regenerate 3', 'Tarukaja', 'Power Charge']
['Mahama', 'Null Elec', 'Me Patra', 'Tarukaja']
['Twin Shot', 'Repel Light', 'Mazionga', 'Tarukaja']
['Zan-ei', 'Matarukaja', 'Mazionga', 'Null Elec']
['Repel Light', 'Power Charge', 'Mazionga', 'Auto-Tarukaja']
['Tarukaja', 'Regenerate 3', 'Zan-ei', 'Twin Shot']
['Torrent Shot', 'Auto-Tarukaja', 'Victory Cry', 'Me Patra']
['Power Charge', 'Maragidyne', 'Spell Master', 'Auto-Tarukaja']
['Twin Shot', 'Tarukaja', 'Me Patra', 'Null Elec']
['Maragidyne', 'Zan-ei', 'Regenerate 3', 'Torrent Shot']
['Auto-Tarukaja', 'Null Elec', 'Victory Cry', 'Tarukaja']
['Tarukaja', 'Power Charge', 'Me Patra', 'Torrent Shot']
['Me Patra', 'Torrent Shot', 'High Counter', 'Zan-ei']
['Tarukaja', 'Mahama', 'Zan-ei', 'Mazionga']
['Mahama', 'Null Elec', 'Repel Light', 'Zan-ei']
['Zan-ei', 'Power Charge', 'Spell Master', 'High Counter']
['Maragidyne', 'Regenerate 3', 'Power Charge', 'Zan-ei']
['Zan-ei', 'Twin Shot', 'Null Elec', 'Power Charge']
['Maragidyne', 'Torrent Shot', 'Me Patra', 'Tarukaja']
['Repel Light', 'Mahama', 'Twin Shot', 'High Counter']
['Regenerate 3', 'Matarukaja', 'Spell Master', 'Me Patra']
['Mahama', 'Spell Master', 'Tarukaja', 'Me Patra']
['High Counter', 'Null Elec', 'Tarukaja', 'Spell Master']
['Me Patra', 'Torrent Shot', 'Spell Master', 'Tarukaja']
['Auto-Tarukaja', 'Me Patra', 'Mahama', 'Zan-ei']
['Twin Shot', 'Mazionga', 'Tarukaja', 'Regenerate 3']
['Tarukaja', 'Me Patra', 'Victory Cry', 'High Counter']
['Auto-Tarukaja', 'High Counter', 'Power Charge', 'Torrent Shot']
['Me Patra', 'Matarukaja', 'Tarukaja', 'Torrent Shot']
['Twin Shot', 'Mazionga', 'Me Patra', 'High Counter']
['Zan-ei', 'Null Elec', 'Tarukaja', 'Power Charge']
['Twin Shot', 'Regenerate 3', 'Repel Light', 'Mahama']
['Spell Master', 'High Counter', 'Mahama', 'Tarukaja']
['Twin Shot', 'Mazionga', 'Me Patra', 'Tarukaja']
['Tarukaja', 'Repel Light', 'Mahama', 'Victory Cry']
['Auto-Tarukaja', 'Torrent Shot', 'Victory Cry', 'Spell Master']
['Matarukaja', 'High Counter', 'Twin Shot', 'Mahama']
['Mahama', 'Mazionga', 'Tarukaja', 'Twin Shot']
['Regenerate 3', 'Zan-ei', 'Torrent Shot', 'High Counter']
['Power Charge', 'Torrent Shot', 'Matarukaja', 'Regenerate 3']
['Null Elec', 'Torrent Shot', 'Twin Shot', 'Victory Cry']
['Auto-Tarukaja', 'Me Patra', 'Mahama', 'High Counter']
['Torrent Shot', 'Mazionga', 'Tarukaja', 'Regenerate 3']
['Matarukaja', 'Tarukaja', 'Me Patra', 'Zan-ei']
['High Counter', 'Repel Light', 'Mahama', 'Me Patra']
['Me Patra', 'Mazionga', 'Tarukaja', 'High Counter']
['Tarukaja', 'Me Patra', 'Twin Shot', 'Mahama']
['Zan-ei', 'Tarukaja', 'Me Patra', 'Victory Cry']
['Maragidyne', 'Torrent Shot', 'Zan-ei', 'Repel Light']
['Torrent Shot', 'Twin Shot', 'Tarukaja', 'Null Elec']
['Torrent Shot', 'Zan-ei', 'Tarukaja', 'Null Elec']
['Torrent Shot', 'Tarukaja', 'High Counter', 'Repel Light']
['Power Charge', 'High Counter', 'Tarukaja', 'Mahama']
['Twin Shot', 'Mahama', 'Tarukaja', 'Me Patra']
['Power Charge', 'Null Elec', 'Mahama', 'Me Patra']
['Mahama', 'Twin Shot', 'Torrent Shot', 'Power Charge']
['Me Patra', 'Tarukaja', 'Mahama', 'Twin Shot']
['Repel Light', 'Victory Cry', 'Regenerate 3', 'Mahama']
['Tarukaja', 'Me Patra', 'Auto-Tarukaja', 'Mahama']
['Auto-Tarukaja', 'Matarukaja', 'High Counter', 'Power Charge']
['Mahama', 'Tarukaja', 'Auto-Tarukaja', 'Twin Shot']
['Mazionga', 'Mahama', 'Torrent Shot', 'Matarukaja']
['Twin Shot', 'Matarukaja', 'Power Charge', 'Maragidyne']
['Matarukaja', 'Twin Shot', 'Auto-Tarukaja', 'Mahama']
['Auto-Tarukaja', 'Tarukaja', 'Mahama', 'Twin Shot']
['Me Patra', 'Torrent Shot', 'High Counter', 'Spell Master']
['Mahama', 'Me Patra', 'Tarukaja', 'High Counter']
['Matarukaja', 'Power Charge', 'Torrent Shot', 'Mazionga']
['Auto-Tarukaja', 'Me Patra', 'High Counter', 'Tarukaja']
['Tarukaja', 'Mahama', 'Matarukaja', 'Twin Shot']
['Auto-Tarukaja', 'High Counter', 'Twin Shot', 'Victory Cry']
['Tarukaja', 'Null Elec', 'Maragidyne', 'Mazionga']
['Power Charge', 'Mahama', 'Tarukaja', 'High Counter']
['Me Patra', 'Regenerate 3', 'Maragidyne', 'Spell Master']
['Victory Cry', 'Me Patra', 'Tarukaja', 'Maragidyne']
['Regenerate 3', 'Auto-Tarukaja', 'Mazionga', 'Power Charge']
['Maragidyne', 'Null Elec', 'Twin Shot', 'Tarukaja']
['Power Charge', 'High Counter', 'Mazionga', 'Tarukaja']
['Auto-Tarukaja', 'Tarukaja', 'Victory Cry', 'Me Patra']
['Null Elec', 'Tarukaja', 'Torrent Shot', 'Mahama']
['Null Elec', 'Twin Shot', 'Spell Master', 'Auto-Tarukaja']
['Regenerate 3', 'Matarukaja', 'Zan-ei', 'Mazionga']
['Auto-Tarukaja', 'Twin Shot', 'Null Elec', 'Power Charge']
['Torrent Shot', 'Mahama', 'Maragidyne', 'Repel Light']
['Spell Master', 'Regenerate 3', 'Victory Cry', 'Null Elec']
['Repel Light', 'Tarukaja', 'High Counter', 'Torrent Shot']
['Matarukaja', 'Power Charge', 'Maragidyne', 'Tarukaja']
['Mahama', 'Null Elec', 'Me Patra', 'Twin Shot']
['Torrent Shot', 'Power Charge', 'Mahama', 'Null Elec']
['Twin Shot', 'Spell Master', 'Auto-Tarukaja', 'Maragidyne']
['Me Patra', 'Matarukaja', 'Zan-ei', 'Victory Cry']
['Mahama', 'Matarukaja', 'Auto-Tarukaja', 'Mazionga']
['Mahama', 'Power Charge', 'Mazionga', 'High Counter']
['Mahama', 'Torrent Shot', 'Repel Light', 'Zan-ei']
['Mahama', 'Torrent Shot', 'High Counter', 'Tarukaja']
['Twin Shot', 'Zan-ei', 'Me Patra', 'Tarukaja']
['High Counter', 'Twin Shot', 'Me Patra', 'Regenerate 3']
['Regenerate 3', 'High Counter', 'Auto-Tarukaja', 'Zan-ei']
['Zan-ei', 'Mazionga', 'Power Charge', 'Maragidyne']
['Twin Shot', 'Null Elec', 'Mahama', 'Zan-ei']
['Matarukaja', 'High Counter', 'Me Patra', 'Regenerate 3']
['Zan-ei', 'Repel Light', 'Tarukaja', 'Mazionga']
['Twin Shot', 'Repel Light', 'Zan-ei', 'Mahama']
['Auto-Tarukaja', 'Tarukaja', 'Regenerate 3', 'High Counter']
['Power Charge', 'Me Patra', 'Null Elec', 'High Counter']
['Me Patra', 'High Counter', 'Auto-Tarukaja', 'Mahama']
['Spell Master', 'Torrent Shot', 'Tarukaja', 'Zan-ei']
['Tarukaja', 'Me Patra', 'Auto-Tarukaja', 'Power Charge']
['Tarukaja', 'Regenerate 3', 'Auto-Tarukaja', 'Twin Shot']
['Tarukaja', 'High Counter', 'Zan-ei', 'Twin Shot']
['Maragidyne', 'Regenerate 3', 'Tarukaja', 'Mahama']
['Me Patra', 'Power Charge', 'Matarukaja', 'Torrent Shot']
['Tarukaja', 'Null Elec', 'Auto-Tarukaja', 'Matarukaja']
['Maragidyne', 'Me Patra', 'Auto-Tarukaja', 'Zan-ei']
['Twin Shot', 'Me Patra', 'High Counter', 'Victory Cry']
['High Counter', 'Power Charge', 'Repel Light', 'Zan-ei']
['Me Patra', 'Maragidyne', 'Tarukaja', 'Mahama']
['Mazionga', 'Twin Shot', 'Auto-Tarukaja', 'Zan-ei']
['Zan-ei', 'Auto-Tarukaja', 'Tarukaja', 'High Counter']
['Null Elec', 'Power Charge', 'Tarukaja', 'Me Patra']
['Twin Shot', 'Power Charge', 'Torrent Shot', 'Victory Cry']
['Tarukaja', 'Mazionga', 'Zan-ei', 'Twin Shot']
['Victory Cry', 'Null Elec', 'Me Patra', 'Mazionga']
['Torrent Shot', 'Auto-Tarukaja', 'Maragidyne', 'Victory Cry']
['Victory Cry', 'Me Patra', 'Mahama', 'Spell Master']
['Me Patra', 'Null Elec', 'Twin Shot', 'Torrent Shot']
['Me Patra', 'Twin Shot', 'Maragidyne', 'Regenerate 3']
['Mahama', 'High Counter', 'Repel Light', 'Spell Master']
['Tarukaja', 'Matarukaja', 'Power Charge', 'Regenerate 3']
['Auto-Tarukaja', 'Power Charge', 'Tarukaja', 'Null Elec']
['Tarukaja', 'High Counter', 'Power Charge', 'Regenerate 3']
['Twin Shot', 'Mahama', 'Victory Cry', 'Tarukaja']
['Mazionga', 'Mahama', 'Tarukaja', 'Me Patra']
['Tarukaja', 'Null Elec', 'Matarukaja', 'Mahama']
['Mazionga', 'Twin Shot', 'Me Patra', 'Regenerate 3']
['Tarukaja', 'Twin Shot', 'Me Patra', 'Matarukaja']
['Torrent Shot', 'Matarukaja', 'Mahama', 'Me Patra']
['Tarukaja', 'Zan-ei', 'Mazionga', 'Mahama']
['Maragidyne', 'Zan-ei', 'Regenerate 3', 'Twin Shot']
['Mazionga', 'Power Charge', 'Null Elec', 'Twin Shot']
['Tarukaja', 'Regenerate 3', 'Twin Shot', 'Mazionga']
['Twin Shot', 'Auto-Tarukaja', 'Mazionga', 'Power Charge']
['Mazionga', 'Mahama', 'Power Charge', 'Regenerate 3']
['Twin Shot', 'Torrent Shot', 'High Counter', 'Tarukaja']
['Repel Light', 'High Counter', 'Mazionga', 'Maragidyne']
['Victory Cry', 'Auto-Tarukaja', 'Torrent Shot', 'Twin Shot']
['Tarukaja', 'Zan-ei', 'Matarukaja', 'High Counter']
['Null Elec', 'Torrent Shot', 'Auto-Tarukaja', 'Power Charge']
['Twin Shot', 'Null Elec', 'Torrent Shot', 'Victory Cry']
['Zan-ei', 'Maragidyne', 'Repel Light', 'Me Patra']
['Zan-ei', 'Auto-Tarukaja', 'Mahama', 'Power Charge']
['Regenerate 3', 'Twin Shot', 'Tarukaja', 'Auto-Tarukaja']
['Torrent Shot', 'Auto-Tarukaja', 'Matarukaja', 'Tarukaja']
['Mahama', 'Tarukaja', 'Zan-ei', 'Me Patra']
['Null Elec', 'Matarukaja', 'Regenerate 3', 'Torrent Shot']
['Regenerate 3', 'Twin Shot', 'Me Patra', 'Null Elec']
['Torrent Shot', 'Zan-ei', 'Power Charge', 'Mahama']
['Null Elec', 'Torrent Shot', 'Maragidyne', 'Twin Shot']
['Power Charge', 'Tarukaja', 'Mahama', 'Auto-Tarukaja']
['Twin Shot', 'Matarukaja', 'Torrent Shot', 'Power Charge']
['Auto-Tarukaja', 'Zan-ei', 'High Counter', 'Victory Cry']
['Tarukaja', 'Regenerate 3', 'Auto-Tarukaja', 'Null Elec']
['Power Charge', 'Auto-Tarukaja', 'High Counter', 'Maragidyne']
['Twin Shot', 'Mahama', 'Torrent Shot', 'Power Charge']
['Zan-ei', 'Maragidyne', 'Repel Light', 'Power Charge']
['Twin Shot', 'Zan-ei', 'Me Patra', 'Auto-Tarukaja']
['Auto-Tarukaja', 'Spell Master', 'Repel Light', 'Tarukaja']
['Zan-ei', 'Power Charge', 'Twin Shot', 'Tarukaja']
['Zan-ei', 'Me Patra', 'Auto-Tarukaja', 'Victory Cry']
['Null Elec', 'Auto-Tarukaja', 'Torrent Shot', 'Mazionga']
['High Counter', 'Null Elec', 'Torrent Shot', 'Auto-Tarukaja']
['Tarukaja', 'Regenerate 3', 'Torrent Shot', 'Zan-ei']
['Mahama', 'Me Patra', 'Spell Master', 'High Counter']
['Mazionga', 'High Counter', 'Mahama', 'Victory Cry']
['Auto-Tarukaja', 'Regenerate 3', 'Tarukaja', 'Twin Shot']
['Zan-ei', 'Auto-Tarukaja', 'Null Elec', 'Mazionga']
['Me Patra', 'Mahama', 'Zan-ei', 'Matarukaja']
['Mazionga', 'Maragidyne', 'Twin Shot', 'Tarukaja']
['Power Charge', 'Me Patra', 'Regenerate 3', 'Matarukaja']
['Tarukaja', 'Torrent Shot', 'Repel Light', 'Victory Cry']
['Tarukaja', 'Twin Shot', 'Spell Master', 'Me Patra']
['Maragidyne', 'Null Elec', 'Power Charge', 'Tarukaja']
['Me Patra', 'Mahama', 'Twin Shot', 'Zan-ei']
['Zan-ei', 'Spell Master', 'Me Patra', 'Auto-Tarukaja']
['Twin Shot', 'Tarukaja', 'Power Charge', 'Auto-Tarukaja']
['Tarukaja', 'Auto-Tarukaja', 'Repel Light', 'High Counter']
['Twin Shot', 'Tarukaja', 'Regenerate 3', 'Mazionga']
['Power Charge', 'Tarukaja', 'Maragidyne', 'Twin Shot']
['Me Patra', 'Repel Light', 'Null Elec', 'Twin Shot']
['Spell Master', 'Tarukaja', 'Mahama', 'Auto-Tarukaja']
['Zan-ei', 'Mazionga', 'Matarukaja', 'Power Charge']
['Tarukaja', 'Me Patra', 'Mahama', 'Matarukaja']
['Torrent Shot', 'Twin Shot', 'Mazionga', 'Tarukaja']
['Mahama', 'Twin Shot', 'Tarukaja', 'Torrent Shot']
['Tarukaja', 'Regenerate 3', 'High Counter', 'Mazionga']
['Maragidyne', 'Tarukaja', 'Mahama', 'Twin Shot']
['Tarukaja', 'Mahama', 'Victory Cry', 'Regenerate 3']
['Auto-Tarukaja', 'Zan-ei', 'Null Elec', 'Victory Cry']
['Tarukaja', 'Mazionga', 'Auto-Tarukaja', 'Null Elec']
['Tarukaja', 'Torrent Shot', 'Twin Shot', 'Zan-ei']
['Regenerate 3', 'Power Charge', 'High Counter', 'Mazionga']
['Tarukaja', 'Power Charge', 'Auto-Tarukaja', 'High Counter']
['Torrent Shot', 'Null Elec', 'Mazionga', 'Tarukaja']
['Maragidyne', 'Torrent Shot', 'Tarukaja', 'Zan-ei']
['Power Charge', 'Spell Master', 'Me Patra', 'Tarukaja']
['Me Patra', 'Mahama', 'Regenerate 3', 'Tarukaja']
['Torrent Shot', 'Tarukaja', 'Matarukaja', 'Maragidyne']
['Mazionga', 'Regenerate 3', 'Tarukaja', 'High Counter']
['Tarukaja', 'Auto-Tarukaja', 'Zan-ei', 'Me Patra']
['Mazionga', 'Null Elec', 'Matarukaja', 'Repel Light']
['Mazionga', 'Repel Light', 'Mahama', 'Maragidyne']
['Me Patra', 'Auto-Tarukaja', 'Power Charge', 'Tarukaja']
['Twin Shot', 'Victory Cry', 'Tarukaja', 'Me Patra']
['Torrent Shot', 'Maragidyne', 'Mazionga', 'Me Patra']
['Power Charge', 'Null Elec', 'Mahama', 'Me Patra']
['Matarukaja', 'Victory Cry', 'Torrent Shot', 'Tarukaja']
['Twin Shot', 'Mahama', 'Tarukaja', 'Repel Light']
['Mahama', 'Zan-ei', 'Power Charge', 'Me Patra']
['Twin Shot', 'Auto-Tarukaja', 'Tarukaja', 'Victory Cry']
['Tarukaja', 'Twin Shot', 'Null Elec', 'Mahama']
['Torrent Shot', 'Spell Master', 'Power Charge', 'Zan-ei']
['Maragidyne', 'Mazionga', 'Me Patra', 'Power Charge']
['Twin Shot', 'Me Patra', 'Tarukaja', 'Mahama']
['Tarukaja', 'Null Elec', 'Mahama', 'Mazionga']
['Auto-Tarukaja', 'High Counter', 'Me Patra', 'Tarukaja']
['Tarukaja', 'Torrent Shot', 'Mahama', 'High Counter']
['Tarukaja', 'Spell Master', 'Null Elec', 'Twin Shot']
['Tarukaja', 'Auto-Tarukaja', 'Mazionga', 'Victory Cry']
['Matarukaja', 'Torrent Shot', 'Me Patra', 'Zan-ei']
['Mahama', 'Auto-Tarukaja', 'Tarukaja', 'Victory Cry']
['Repel Light', 'Tarukaja', 'Twin Shot', 'Spell Master']
['Null Elec', 'Tarukaja', 'Mahama', 'Auto-Tarukaja']
['Regenerate 3', 'Me Patra', 'Mahama', 'Tarukaja']
['Auto-Tarukaja', 'Zan-ei', 'Me Patra', 'Null Elec']
['Torrent Shot', 'Me Patra', 'Repel Light', 'Auto-Tarukaja']
['Tarukaja', 'Twin Shot', 'Power Charge', 'Torrent Shot']
['Tarukaja', 'Twin Shot', 'Victory Cry', 'Mazionga']
['Power Charge', 'Maragidyne', 'Null Elec', 'Twin Shot']
['Repel Light', 'Mahama', 'Torrent Shot', 'Twin Shot']
['Auto-Tarukaja', 'Victory Cry', 'Mahama', 'Repel Light']
['Twin Shot', 'Matarukaja', 'Victory Cry', 'Mazionga']
['Mahama', 'Me Patra', 'High Counter', 'Maragidyne']
['Repel Light', 'Regenerate 3', 'Zan-ei', 'Mahama']
['Matarukaja', 'Power Charge', 'Repel Light', 'Mazionga']
['Matarukaja', 'Tarukaja', 'Auto-Tarukaja', 'Me Patra']
['Regenerate 3', 'Mahama', 'Tarukaja', 'Zan-ei']
['Torrent Shot', 'Maragidyne', 'Me Patra', 'Victory Cry']
['Mahama', 'Power Charge', 'Tarukaja', 'Auto-Tarukaja']
['Tarukaja', 'Torrent Shot', 'Mahama', 'Zan-ei']
['Torrent Shot', 'Mazionga', 'Zan-ei', 'Repel Light']
['Power Charge', 'Matarukaja', 'Mazionga', 'Auto-Tarukaja']
['Tarukaja', 'Power Charge', 'Maragidyne', 'Null Elec']
['Mazionga', 'High Counter', 'Twin Shot', 'Tarukaja']
['Zan-ei', 'Twin Shot', 'Repel Light', 'High Counter']
['Zan-ei', 'Regenerate 3', 'Mazionga', 'Null Elec']
['Mazionga', 'Matarukaja', 'Tarukaja', 'Power Charge']
['Zan-ei', 'Tarukaja', 'Power Charge', 'Mazionga']
['Auto-Tarukaja', 'Tarukaja', 'Torrent Shot', 'Zan-ei']
['Tarukaja', 'High Counter', 'Mahama', 'Auto-Tarukaja']
['Twin Shot', 'Torrent Shot', 'Auto-Tarukaja', 'Me Patra']
['Regenerate 3', 'Twin Shot', 'Tarukaja', 'Maragidyne']
['Mahama', 'High Counter', 'Null Elec', 'Maragidyne']
['Regenerate 3', 'Null Elec', 'Tarukaja', 'Matarukaja']
['High Counter', 'Matarukaja', 'Me Patra', 'Twin Shot']
['Null Elec', 'Power Charge', 'Tarukaja', 'Repel Light']
['Regenerate 3', 'Victory Cry', 'High Counter', 'Auto-Tarukaja']
['Maragidyne', 'Matarukaja', 'Mahama', 'Torrent Shot']
['High Counter', 'Zan-ei', 'Mahama', 'Torrent Shot']
['Torrent Shot', 'Me Patra', 'Auto-Tarukaja', 'Power Charge']
['Zan-ei', 'Null Elec', 'Power Charge', 'Tarukaja']
['Maragidyne', 'High Counter', 'Auto-Tarukaja', 'Me Patra']
['Mazionga', 'Zan-ei', 'Torrent Shot', 'Repel Light']
['Repel Light', 'Power Charge', 'Victory Cry', 'Auto-Tarukaja']
['Power Charge', 'High Counter', 'Tarukaja', 'Twin Shot']
['Zan-ei', 'Spell Master', 'Torrent Shot', 'Mahama']
['Maragidyne', 'Mazionga', 'Null Elec', 'Zan-ei']
['Mahama', 'Maragidyne', 'High Counter', 'Tarukaja']
['Zan-ei', 'Power Charge', 'Torrent Shot', 'Tarukaja']
['Maragidyne', 'Power Charge', 'Matarukaja', 'Auto-Tarukaja']
['Null Elec', 'Auto-Tarukaja', 'Tarukaja', 'Torrent Shot']
['Tarukaja', 'Mahama', 'Maragidyne', 'Repel Light']
['Tarukaja', 'Twin Shot', 'Victory Cry', 'Zan-ei']
['Twin Shot', 'Power Charge', 'Mazionga', 'High Counter']
['Mahama', 'Regenerate 3', 'Twin Shot', 'Power Charge']
['Maragidyne', 'Mahama', 'Victory Cry', 'Matarukaja']
['Twin Shot', 'Auto-Tarukaja', 'Mazionga', 'Zan-ei']
['Tarukaja', 'Zan-ei', 'Auto-Tarukaja', 'Mahama']
['Matarukaja', 'Mahama', 'Twin Shot', 'Me Patra']
['Mahama', 'Maragidyne', 'High Counter', 'Tarukaja']
['Twin Shot', 'Tarukaja', 'Mazionga', 'Auto-Tarukaja']
['Mazionga', 'Repel Light', 'Auto-Tarukaja', 'Matarukaja']
['Regenerate 3', 'Tarukaja', 'High Counter', 'Torrent Shot']
['Auto-Tarukaja', 'Mahama', 'Zan-ei', 'Tarukaja']
['Null Elec', 'Tarukaja', 'Twin Shot', 'Mahama']
['Tarukaja', 'Zan-ei', 'Spell Master', 'Mahama']
['Matarukaja', 'Mazionga', 'Torrent Shot', 'Me Patra']
['Auto-Tarukaja', 'Tarukaja', 'Twin Shot', 'Matarukaja']
['Mazionga', 'Zan-ei', 'Twin Shot', 'Me Patra']
['Twin Shot', 'Spell Master', 'Maragidyne', 'Mahama']
['Matarukaja', 'Me Patra', 'Power Charge', 'Regenerate 3']
['Mahama', 'Regenerate 3', 'Me Patra', 'High Counter']
['Zan-ei', 'Matarukaja', 'Auto-Tarukaja', 'High Counter']
['High Counter', 'Repel Light', 'Mahama', 'Power Charge']
['Torrent Shot', 'Me Patra', 'Regenerate 3', 'High Counter']
['Mahama', 'Tarukaja', 'Power Charge', 'Me Patra']
['Tarukaja', 'Mahama', 'Power Charge', 'Maragidyne']
['Zan-ei', 'Tarukaja', 'Mahama', 'High Counter']
['Maragidyne', 'Twin Shot', 'Tarukaja', 'Power Charge']
['Regenerate 3', 'Matarukaja', 'Spell Master', 'Zan-ei']
['Zan-ei', 'Mahama', 'Repel Light', 'Power Charge']
['Me Patra', 'Maragidyne', 'Twin Shot', 'Mahama']
['Tarukaja', 'Mahama', 'Null Elec', 'Victory Cry']
['Null Elec', 'Tarukaja', 'Mahama', 'Me Patra']
['Me Patra', 'Mazionga', 'High Counter', 'Mahama']
['Zan-ei', 'Matarukaja', 'Null Elec', 'Twin Shot']
['Tarukaja', 'Victory Cry', 'Torrent Shot', 'Null Elec']
['Mahama', 'Zan-ei', 'Auto-Tarukaja', 'Tarukaja']
['Mazionga', 'Twin Shot', 'Auto-Tarukaja', 'Repel Light']
['High Counter', 'Auto-Tarukaja', 'Twin Shot', 'Me Patra']
['Tarukaja', 'Maragidyne', 'Null Elec', 'High Counter']
['Twin Shot', 'Repel Light', 'Zan-ei', 'Auto-Tarukaja']
['Tarukaja', 'Regenerate 3', 'Matarukaja', 'Auto-Tarukaja']
['Auto-Tarukaja', 'Mahama', 'Matarukaja', 'Mazionga']
['Torrent Shot', 'Me Patra', 'Mahama', 'Power Charge']
['Torrent Shot', 'Auto-Tarukaja', 'Maragidyne', 'Repel Light']
['Mahama', 'Regenerate 3', 'Torrent Shot', 'Repel Light']
['Tarukaja', 'Maragidyne', 'Twin Shot', 'Auto-Tarukaja']
['Null Elec', 'Torrent Shot', 'Power Charge', 'Me Patra']
['Mahama', 'Twin Shot', 'Mazionga', 'Tarukaja']
['Power Charge', 'Mazionga', 'Auto-Tarukaja', 'Zan-ei']
['Tarukaja', 'Me Patra', 'Auto-Tarukaja', 'Power Charge']
['Tarukaja', 'Torrent Shot', 'Twin Shot', 'Mahama']
['Twin Shot', 'Mazionga', 'Maragidyne', 'Power Charge']
['Power Charge', 'Regenerate 3', 'Twin Shot', 'Zan-ei']
['Power Charge', 'Me Patra', 'Regenerate 3', 'Zan-ei']
['Zan-ei', 'Regenerate 3', 'Power Charge', 'Repel Light']
['Tarukaja', 'Twin Shot', 'Power Charge', 'Null Elec']
['Regenerate 3', 'Auto-Tarukaja', 'Mahama', 'Twin Shot']
['Auto-Tarukaja', 'Power Charge', 'Mahama', 'Torrent Shot']
['Torrent Shot', 'Mazionga', 'Regenerate 3', 'Me Patra']
['Torrent Shot', 'Mazionga', 'Twin Shot', 'Tarukaja']
['High Counter', 'Mahama', 'Spell Master', 'Twin Shot']
['Auto-Tarukaja', 'Power Charge', 'Tarukaja', 'Mahama']
['Auto-Tarukaja', 'Regenerate 3', 'Maragidyne', 'High Counter']
['Mazionga', 'Tarukaja', 'Mahama', 'Zan-ei']
['Victory Cry', 'Torrent Shot', 'Power Charge', 'Null Elec']
['Torrent Shot', 'Regenerate 3', 'Tarukaja', 'Twin Shot']
['Auto-Tarukaja', 'Tarukaja', 'Power Charge', 'High Counter']
['Zan-ei', 'Tarukaja', 'Me Patra', 'High Counter']
['Mahama', 'Null Elec', 'Repel Light', 'Me Patra']
['Tarukaja', 'Torrent Shot', 'Me Patra', 'Victory Cry']
['Regenerate 3', 'Power Charge', 'Tarukaja', 'Matarukaja']
['Twin Shot', 'Maragidyne', 'Regenerate 3', 'Mahama']
['Mazionga', 'Mahama', 'Tarukaja', 'Regenerate 3']
['Mazionga', 'Tarukaja', 'Null Elec', 'Mahama']
['Torrent Shot', 'Repel Light', 'Maragidyne', 'Mahama']
['Maragidyne', 'Mazionga', 'Tarukaja', 'Repel Light']
['Tarukaja', 'Repel Light', 'Null Elec', 'Me Patra']
['Tarukaja', 'Matarukaja', 'Torrent Shot', 'Null Elec']
['Null Elec', 'Repel Light', 'Mahama', 'Zan-ei']
['Power Charge', 'Auto-Tarukaja', 'Maragidyne', 'Me Patra']
['Tarukaja', 'Spell Master', 'Regenerate 3', 'Auto-Tarukaja']
['Null Elec', 'Auto-Tarukaja', 'Twin Shot', 'Regenerate 3']
['Spell Master', 'High Counter', 'Auto-Tarukaja', 'Tarukaja']
['Me Patra', 'Repel Light', 'Mahama', 'Null Elec']
['Mahama', 'Zan-ei', 'Twin Shot', 'Torrent Shot']
['Auto-Tarukaja', 'Null Elec', 'Matarukaja', 'Twin Shot']
['Mazionga', 'Me Patra', 'Victory Cry', 'Torrent Shot']
['Twin Shot', 'Tarukaja', 'Mahama', 'Auto-Tarukaja']
['High Counter', 'Maragidyne', 'Auto-Tarukaja', 'Power Charge']
['Zan-ei', 'Null Elec', 'Me Patra', 'Regenerate 3']
['Mazionga', 'Zan-ei', 'Twin Shot', 'Tarukaja']
['Null Elec', 'Repel Light', 'Zan-ei', 'Tarukaja']
['Zan-ei', 'Me Patra', 'High Counter', 'Repel Light']
['Tarukaja', 'Auto-Tarukaja', 'Victory Cry', 'Regenerate 3']
['Me Patra', 'Power Charge', 'Zan-ei', 'Twin Shot']
['Tarukaja', 'Power Charge', 'Twin Shot', 'Torrent Shot']
['Matarukaja', 'Power Charge', 'Maragidyne', 'Tarukaja']
['Zan-ei', 'Regenerate 3', 'Torrent Shot', 'Spell Master']
['Mazionga', 'Twin Shot', 'Regenerate 3', 'Power Charge']
['Maragidyne', 'Regenerate 3', 'Null Elec', 'Victory Cry']
['Tarukaja', 'Victory Cry', 'Spell Master', 'Twin Shot']
['High Counter', 'Mahama', 'Maragidyne', 'Tarukaja']
['Tarukaja', 'Repel Light', 'Regenerate 3', 'Maragidyne']
['Auto-Tarukaja', 'Tarukaja', 'Me Patra', 'Mahama']
['Repel Light', 'Null Elec', 'Tarukaja', 'Me Patra']
['Me Patra', 'Auto-Tarukaja', 'Zan-ei', 'Maragidyne']
['Repel Light', 'Torrent Shot', 'Tarukaja', 'Auto-Tarukaja']
['High Counter', 'Mazionga', 'Repel Light', 'Power Charge']
['Power Charge', 'Tarukaja', 'Repel Light', 'Auto-Tarukaja']
['Auto-Tarukaja', 'Tarukaja', 'Matarukaja', 'Spell Master']
['Mahama', 'Auto-Tarukaja', 'Twin Shot', 'High Counter']
['Mahama', 'Tarukaja', 'Matarukaja', 'Me Patra']
['Me Patra', 'Mahama', 'Null Elec', 'Victory Cry']
['Victory Cry', 'Mazionga', 'Torrent Shot', 'Regenerate 3']
['Tarukaja', 'Mazionga', 'Spell Master', 'Power Charge']
['Auto-Tarukaja', 'High Counter', 'Tarukaja', 'Null Elec']
['Me Patra', 'Mahama', 'Tarukaja', 'Maragidyne']
['Mahama', 'Tarukaja', 'Zan-ei', 'Auto-Tarukaja']
['Auto-Tarukaja', 'Regenerate 3', 'Null Elec', 'Maragidyne']
['Matarukaja', 'Auto-Tarukaja', 'Null Elec', 'Mahama']
['Regenerate 3', 'Tarukaja', 'Me Patra', 'Twin Shot']
['High Counter', 'Twin Shot', 'Maragidyne', 'Auto-Tarukaja']
['Torrent Shot', 'High Counter', 'Auto-Tarukaja', 'Mahama']
['Regenerate 3', 'Matarukaja', 'Tarukaja', 'Zan-ei']
['Auto-Tarukaja', 'Torrent Shot', 'Tarukaja', 'Repel Light']
['Victory Cry', 'Spell Master', 'Tarukaja', 'Zan-ei']
['Matarukaja', 'Torrent Shot', 'High Counter', 'Spell Master']
['Regenerate 3', 'Twin Shot', 'Zan-ei', 'Repel Light']
['Mahama', 'Spell Master', 'Victory Cry', 'Null Elec']
['Zan-ei', 'Twin Shot', 'Auto-Tarukaja', 'Mazionga']
['Power Charge', 'Twin Shot', 'Regenerate 3', 'High Counter']
['Null Elec', 'Zan-ei', 'Spell Master', 'Twin Shot']
['High Counter', 'Me Patra', 'Victory Cry', 'Torrent Shot']
['Mahama', 'Tarukaja', 'Twin Shot', 'Me Patra']
['Torrent Shot', 'Zan-ei', 'Mahama', 'Tarukaja']
['Twin Shot', 'Auto-Tarukaja', 'Repel Light', 'Tarukaja']
['Null Elec', 'Torrent Shot', 'Tarukaja', 'Twin Shot']
['Auto-Tarukaja', 'Me Patra', 'Mazionga', 'Repel Light']
['Zan-ei', 'Null Elec', 'Me Patra', 'Spell Master']
['Spell Master', 'Auto-Tarukaja', 'Regenerate 3', 'High Counter']
['Auto-Tarukaja', 'Twin Shot', 'Torrent Shot', 'Mahama']
['Me Patra', 'Tarukaja', 'Power Charge', 'Torrent Shot']
['Mahama', 'Auto-Tarukaja', 'Power Charge', 'Zan-ei']
['High Counter', 'Auto-Tarukaja', 'Power Charge', 'Spell Master']
['Me Patra', 'High Counter', 'Auto-Tarukaja', 'Zan-ei']
['Twin Shot', 'Matarukaja', 'Auto-Tarukaja', 'Tarukaja']
['Mazionga', 'Regenerate 3', 'Mahama', 'Tarukaja']
['Spell Master', 'Tarukaja', 'Matarukaja', 'Mazionga']
['Twin Shot', 'Zan-ei', 'Null Elec', 'Mahama']
['Victory Cry', 'Torrent Shot', 'Me Patra', 'Mazionga']
['Power Charge', 'Mahama', 'Zan-ei', 'Torrent Shot']
['Me Patra', 'Mahama', 'Twin Shot', 'Zan-ei']
['Null Elec', 'Twin Shot', 'Mazionga', 'Zan-ei']
['Me Patra', 'Zan-ei', 'Mazionga', 'Twin Shot']
['Zan-ei', 'Null Elec', 'Repel Light', 'Torrent Shot']
['Victory Cry', 'Tarukaja', 'Twin Shot', 'Spell Master']
['Twin Shot', 'Mahama', 'Zan-ei', 'Null Elec']
['Auto-Tarukaja', 'Mazionga', 'Me Patra', 'Twin Shot']
['Zan-ei', 'Me Patra', 'Mazionga', 'Regenerate 3']
['Mahama', 'Tarukaja', 'Null Elec', 'Auto-Tarukaja']
['Twin Shot', 'Repel Light', 'Auto-Tarukaja', 'Mazionga']
['Power Charge', 'Tarukaja', 'Mazionga', 'Me Patra']
['Mahama', 'High Counter', 'Regenerate 3', 'Zan-ei']
['Power Charge', 'Twin Shot', 'Mazionga', 'Auto-Tarukaja']
['Mazionga', 'Maragidyne', 'Tarukaja', 'Matarukaja']
['Matarukaja', 'High Counter', 'Me Patra', 'Spell Master']
['Victory Cry', 'High Counter', 'Tarukaja', 'Power Charge']
['Tarukaja', 'Spell Master', 'Maragidyne', 'Victory Cry']
['Zan-ei', 'Tarukaja', 'Twin Shot', 'Null Elec']
['Mahama', 'Tarukaja', 'Auto-Tarukaja', 'Matarukaja']
['Tarukaja', 'Power Charge', 'Torrent Shot', 'Auto-Tarukaja']
['Zan-ei', 'Me Patra', 'Tarukaja', 'Auto-Tarukaja']
['Twin Shot', 'Torrent Shot', 'Matarukaja', 'High Counter']
['Torrent Shot', 'Mazionga', 'Me Patra', 'Mahama']
['Me Patra', 'Maragidyne', 'Mahama', 'Twin Shot']
['Torrent Shot', 'Me Patra', 'Repel Light', 'High Counter']
['Torrent Shot', 'Twin Shot', 'Zan-ei', 'Mazionga']
['Me Patra', 'Zan-ei', 'Mazionga', 'Mahama']
['Twin Shot', 'Zan-ei', 'Torrent Shot', 'Tarukaja']
['Maragidyne', 'Mazionga', 'Mahama', 'Zan-ei']
['Zan-ei', 'Mahama', 'Mazionga', 'Maragidyne']
['Mazionga', 'Tarukaja', 'Maragidyne', 'Victory Cry']
['Maragidyne', 'Power Charge', 'Matarukaja', 'Null Elec']
['Torrent Shot', 'Auto-Tarukaja', 'Tarukaja', 'Mahama']
['Spell Master', 'Zan-ei', 'Torrent Shot', 'Auto-Tarukaja']
['Zan-ei', 'Torrent Shot', 'Me Patra', 'Mazionga']
['Zan-ei', 'Mahama', 'Auto-Tarukaja', 'Tarukaja']
['High Counter', 'Power Charge', 'Me Patra', 'Tarukaja']
['Maragidyne', 'Power Charge', 'Matarukaja', 'Mazionga']
['Auto-Tarukaja', 'Torrent Shot', 'Tarukaja', 'Twin Shot']
['Mazionga', 'Tarukaja', 'Mahama', 'Spell Master']
['Zan-ei', 'Mahama', 'Auto-Tarukaja', 'Matarukaja']
['Zan-ei', 'Mahama', 'Auto-Tarukaja', 'Tarukaja']
['Mahama', 'High Counter', 'Maragidyne', 'Matarukaja']
['Regenerate 3', 'Tarukaja', 'Twin Shot', 'Spell Master']
['Mazionga', 'Null Elec', 'Zan-ei', 'Regenerate 3']
['High Counter', 'Zan-ei', 'Torrent Shot', 'Power Charge']
['Mahama', 'Mazionga', 'Power Charge', 'Tarukaja']
['Zan-ei', 'Mahama', 'Tarukaja', 'Torrent Shot']
['Torrent Shot', 'Me Patra', 'Maragidyne', 'Mazionga']
['Matarukaja', 'Tarukaja', 'Twin Shot', 'Power Charge']
['Tarukaja', 'Mahama', 'Matarukaja', 'Twin Shot']
['Tarukaja', 'Repel Light', 'Torrent Shot', 'Me Patra']
['Me Patra', 'Torrent Shot', 'Tarukaja', 'Auto-Tarukaja']
['Me Patra', 'Torrent Shot', 'Auto-Tarukaja', 'Regenerate 3']
['Mahama', 'Auto-Tarukaja', 'Matarukaja', 'Tarukaja']
['High Counter', 'Zan-ei', 'Me Patra', 'Auto-Tarukaja']
['Matarukaja', 'Maragidyne', 'Auto-Tarukaja', 'Zan-ei']
['Mazionga', 'Torrent Shot', 'Null Elec', 'Matarukaja']
['Mahama', 'Regenerate 3', 'Null Elec', 'Repel Light']
['Twin Shot', 'Mahama', 'Repel Light', 'High Counter']
['Mahama', 'Torrent Shot', 'Power Charge', 'Tarukaja']
['Auto-Tarukaja', 'Maragidyne', 'Tarukaja', 'Regenerate 3']
['Matarukaja', 'Null Elec', 'Auto-Tarukaja', 'High Counter']
['Mazionga', 'Zan-ei', 'Tarukaja', 'Regenerate 3']
['Null Elec', 'Victory Cry', 'Twin Shot', 'Mazionga']
['Me Patra', 'Mazionga', 'Twin Shot', 'Auto-Tarukaja']
['Spell Master', 'Torrent Shot', 'Twin Shot', 'Zan-ei']
['Torrent Shot', 'Twin Shot', 'Null Elec', 'Tarukaja']
['Twin Shot', 'Tarukaja', 'Torrent Shot', 'Mahama']
['Auto-Tarukaja', 'Me Patra', 'Mahama', 'Matarukaja']
['Matarukaja', 'Twin Shot', 'Me Patra', 'Tarukaja']
['Mahama', 'Tarukaja', 'Zan-ei', 'Repel Light']
['Zan-ei', 'Victory Cry', 'Auto-Tarukaja', 'Mazionga']
['Me Patra', 'High Counter', 'Mazionga', 'Zan-ei']
['Zan-ei', 'Mazionga', 'Twin Shot', 'Auto-Tarukaja']
['Me Patra', 'Zan-ei', 'Null Elec', 'Maragidyne']
['Auto-Tarukaja', 'Twin Shot', 'Tarukaja', 'Zan-ei']
['Twin Shot', 'Repel Light', 'High Counter', 'Regenerate 3']
['Regenerate 3', 'Null Elec', 'Power Charge', 'High Counter']
['Mazionga', 'Auto-Tarukaja', 'Null Elec', 'Matarukaja']
['Torrent Shot', 'Victory Cry', 'Null Elec', 'Mahama']
['Tarukaja', 'Regenerate 3', 'Torrent Shot', 'Me Patra']
['Tarukaja', 'Torrent Shot', 'Null Elec', 'Auto-Tarukaja']
['Maragidyne', 'Tarukaja', 'Power Charge', 'Repel Light']
['Twin Shot', 'Me Patra', 'Matarukaja', 'Zan-ei']
['Auto-Tarukaja', 'High Counter', 'Tarukaja', 'Repel Light']
['Auto-Tarukaja', 'Null Elec', 'Regenerate 3', 'Matarukaja']
['Tarukaja', 'Maragidyne', 'Null Elec', 'Matarukaja']
['Repel Light', 'Regenerate 3', 'Torrent Shot', 'Mahama']
['Matarukaja', 'Repel Light', 'Me Patra', 'Null Elec']
['Maragidyne', 'Zan-ei', 'Auto-Tarukaja', 'Mazionga']
['Zan-ei', 'Me Patra', 'Power Charge', 'Mazionga']
['Torrent Shot', 'Auto-Tarukaja', 'Zan-ei', 'High Counter']
['Matarukaja', 'Mahama', 'Power Charge', 'Torrent Shot']
['High Counter', 'Power Charge', 'Torrent Shot', 'Tarukaja']
['Tarukaja', 'Torrent Shot', 'Matarukaja', 'Mahama']
['Twin Shot', 'Power Charge', 'Auto-Tarukaja', 'Tarukaja']
['Power Charge', 'Twin Shot', 'Tarukaja', 'Torrent Shot']
['Zan-ei', 'Spell Master', 'Null Elec', 'Tarukaja']
['Repel Light', 'Regenerate 3', 'Auto-Tarukaja', 'High Counter']
['Me Patra', 'Tarukaja', 'Torrent Shot', 'Power Charge']
['Tarukaja', 'High Counter', 'Null Elec', 'Zan-ei']
['Me Patra', 'High Counter', 'Repel Light', 'Power Charge']
['Mahama', 'Tarukaja', 'Auto-Tarukaja', 'Me Patra']
['Torrent Shot', 'Tarukaja', 'Mazionga', 'Auto-Tarukaja']
['Repel Light', 'High Counter', 'Zan-ei', 'Torrent Shot']
['Tarukaja', 'Victory Cry', 'Zan-ei', 'Torrent Shot']
['Power Charge', 'Auto-Tarukaja', 'Spell Master', 'Me Patra']
['Mahama', 'Power Charge', 'Null Elec', 'Matarukaja']
['Auto-Tarukaja', 'Mazionga', 'Zan-ei', 'Maragidyne']
['Maragidyne', 'Tarukaja', 'Me Patra', 'Auto-Tarukaja']
['Auto-Tarukaja', 'Mazionga', 'Twin Shot', 'Torrent Shot']
['Zan-ei', 'Auto-Tarukaja', 'Tarukaja', 'Mahama']
['Tarukaja', 'Mahama', 'Victory Cry', 'Power Charge']
['Zan-ei', 'Twin Shot', 'Regenerate 3', 'Maragidyne']
['Zan-ei', 'Mazionga', 'Mahama', 'Repel Light']
['Power Charge', 'Null Elec', 'Auto-Tarukaja', 'Zan-ei']
['Zan-ei', 'Tarukaja', 'Matarukaja', 'Regenerate 3']
['Mahama', 'Victory Cry', 'Me Patra', 'Auto-Tarukaja']
['Mahama', 'Zan-ei', 'Me Patra', 'Mazionga']
['Null Elec', 'Mahama', 'Repel Light', 'Power Charge']
['Twin Shot', 'Tarukaja', 'Zan-ei', 'Maragidyne']
['Matarukaja', 'Tarukaja', 'Me Patra', 'Twin Shot']
['Tarukaja', 'Mahama', 'Null Elec', 'Matarukaja']
['Zan-ei', 'Torrent Shot', 'Maragidyne', 'Mahama']
['Victory Cry', 'Mazionga', 'Me Patra', 'Matarukaja']
['Mazionga', 'Power Charge', 'Tarukaja', 'Mahama']
['Null Elec', 'Zan-ei', 'Repel Light', 'Regenerate 3']
['Power Charge', 'Maragidyne', 'Null Elec', 'Mahama']
