['Auto-Tarukaja', 'High Counter', 'Zan-ei', 'Wind Boost', 'Garula']
['Spell Master', 'Agidyne', 'Mighty Swing', 'Trafuri', 'Zan-ei']
['Auto-Tarukaja', 'Wind Boost', 'Sharp Student', 'Regenerate 3', 'Rakukaja']
['Wind Break', 'Wind Boost', 'Wind Amp', 'Maragion', 'Garula']
['Agilao', 'Maragion', 'Trafuri', 'Zan-ei', 'Regenerate 3']
['Null Elec', 'Wind Boost', 'Maragidyne', 'Agilao', 'Fire Boost']
['Wind Break', 'Maragidyne', 'High Counter', 'Zan-ei', 'Agidyne']
['Repel Light', 'Mighty Swing', 'Rakukaja', 'Sharp Student', 'Wind Boost']
['Fire Boost', 'Matarukaja', 'Maragion', 'Auto-Tarukaja', 'Rakukaja']
['Fire Boost', 'Zan-ei', 'Auto-Tarukaja', 'Matarukaja', 'Rakukaja']
['Rakukaja', 'Wind Amp', 'Auto-Tarukaja', 'Fire Boost', 'High Counter']
['Fire Boost', 'Wind Amp', 'Spell Master', 'Sharp Student', 'Mighty Swing']
['Mighty Swing', 'Auto-Tarukaja', 'Maragidyne', 'Sharp Student', 'Rakukaja']
['Matarukaja', 'Auto-Tarukaja', 'Garula', 'Victory Cry', 'High Counter']
['Wind Amp', 'Fire Boost', 'Victory Cry', 'Rakukaja', 'Agidyne']
['Garula', 'Agidyne', 'Zan-ei', 'Maragion', 'Fire Boost']
['Sharp Student', 'Auto-Tarukaja', 'Maragidyne', 'High Counter', 'Maragion']
['Agidyne', 'Wind Break', 'Wind Boost', 'Matarukaja', 'Zan-ei']
['Rakukaja', 'Fire Boost', 'Auto-Tarukaja', 'High Counter', 'Wind Break']
['Fire Boost', 'Null Elec', 'Wind Break', 'Rakukaja', 'Regenerate 3']
['Auto-Tarukaja', 'Zan-ei', 'Trafuri', 'Repel Light', 'Matarukaja']
['Zan-ei', 'Auto-Tarukaja', 'Sharp Student', 'Fire Boost', 'Repel Light']
['Mighty Swing', 'Auto-Tarukaja', 'Rakukaja', 'Wind Boost', 'Fire Boost']
['Rakukaja', 'Regenerate 3', 'Matarukaja', 'Trafuri', 'Mighty Swing']
['Repel Light', 'Fire Boost', 'Wind Amp', 'Zan-ei', 'Null Elec']
['Auto-Tarukaja', 'Garula', 'Mighty Swing', 'Zan-ei', 'Null Elec']
['Auto-Tarukaja', 'Regenerate 3', 'Victory Cry', 'Fire Boost', 'Agilao']
['Regenerate 3', 'Maragidyne', 'Mighty Swing', 'Rakukaja', 'Sharp Student']
['Mighty Swing', 'Rakukaja', 'Matarukaja', 'Fire Boost', 'Agidyne']
['High Counter', 'Zan-ei', 'Victory Cry', 'Wind Amp', 'Rakukaja']
['Wind Boost', 'Fire Boost', 'Sharp Student', 'Garula', 'Auto-Tarukaja']
['Rakukaja', 'Fire Boost', 'Wind Boost', 'Auto-Tarukaja', 'Garula']
['Fire Boost', 'Matarukaja', 'Regenerate 3', 'Auto-Tarukaja', 'Rakukaja']
['Panta Rhei', 'Spell Master', 'High Counter', 'Maragidyne', 'Mighty Swing']
['Wind Break', 'Garula', 'Auto-Tarukaja', 'Fire Boost', 'Agidyne']
['Agilao', 'Regenerate 3', 'Zan-ei', 'Sharp Student', 'Wind Boost']
['Wind Amp', 'Sharp Student', 'Maragidyne', 'Zan-ei', 'Fire Boost']
['Wind Amp', 'Trafuri', 'Garula', 'Auto-Tarukaja', 'Wind Break']
['Rakukaja', 'Sharp Student', 'Garula', 'Agilao', 'Panta Rhei']
['Mighty Swing', 'Rakukaja', 'High Counter', 'Regenerate 3', 'Zan-ei']
['Wind Break', 'Agidyne', 'Agilao', 'Auto-Tarukaja', 'Rakukaja']
['Wind Amp', 'Zan-ei', 'Fire Boost', 'Agidyne', 'Wind Boost']
['Rakukaja', 'Maragidyne', 'Regenerate 3', 'Wind Boost', 'Agidyne']
['Fire Boost', 'Null Elec', 'Auto-Tarukaja', 'Garula', 'Wind Break']
['Auto-Tarukaja', 'Wind Boost', 'Maragion', 'Zan-ei', 'Wind Amp']
['Fire Boost', 'Wind Break', 'Agidyne', 'Wind Amp', 'High Counter']
['Zan-ei', 'Auto-Tarukaja', 'Maragion', 'Regenerate 3', 'Fire Boost']
['Matarukaja', 'Rakukaja', 'Repel Light', 'Garula', 'Mighty Swing']
['Matarukaja', 'Sharp Student', 'Null Elec', 'Repel Light', 'Rakukaja']
['Panta Rhei', 'Matarukaja', 'Zan-ei', 'Auto-Tarukaja', 'Sharp Student']
['Zan-ei', 'Spell Master', 'Rakukaja', 'Trafuri', 'Sharp Student']
['High Counter', 'Spell Master', 'Auto-Tarukaja', 'Repel Light', 'Wind Boost']
['Fire Boost', 'Matarukaja', 'Regenerate 3', 'Repel Light', 'Rakukaja']
['Regenerate 3', 'Zan-ei', 'Garula', 'Maragion', 'Rakukaja']
['Trafuri', 'Repel Light', 'Rakukaja', 'Mighty Swing', 'Wind Break']
['Zan-ei', 'Repel Light', 'Agidyne', 'Mighty Swing', 'Wind Amp']
['Rakukaja', 'Sharp Student', 'Mighty Swing', 'Regenerate 3', 'Agilao']
['Fire Boost', 'Rakukaja', 'Repel Light', 'Wind Amp', 'Agilao']
['Fire Boost', 'Maragion', 'Repel Light', 'Agilao', 'Sharp Student']
['Sharp Student', 'Panta Rhei', 'Victory Cry', 'Wind Boost', 'Wind Break']
['Garula', 'Zan-ei', 'Spell Master', 'Regenerate 3', 'Wind Amp']
['Matarukaja', 'Rakukaja', 'Garula', 'Wind Boost', 'Auto-Tarukaja']
['Wind Boost', 'Maragion', 'Maragidyne', 'Agilao', 'Regenerate 3']
['Maragion', 'Rakukaja', 'Maragidyne', 'Sharp Student', 'Zan-ei']
['Fire Boost', 'Garula', 'Wind Boost', 'Rakukaja', 'High Counter']
['Matarukaja', 'Mighty Swing', 'Agidyne', 'Agilao', 'Auto-Tarukaja']
['Panta Rhei', 'Wind Boost', 'Maragidyne', 'Garula', 'Zan-ei']
['Rakukaja', 'Agilao', 'Victory Cry', 'Wind Break', 'Agidyne']
['Rakukaja', 'Matarukaja', 'Sharp Student', 'High Counter', 'Wind Boost']
['Spell Master', 'Auto-Tarukaja', 'Zan-ei', 'Rakukaja', 'Agilao']
['Maragidyne', 'Spell Master', 'Panta Rhei', 'Rakukaja', 'Auto-Tarukaja']
['Sharp Student', 'Victory Cry', 'Wind Amp', 'Agidyne', 'Mighty Swing']
['Garula', 'Null Elec', 'Wind Break', 'Wind Amp', 'Fire Boost']
['Fire Boost', 'Maragidyne', 'Victory Cry', 'Garula', 'Sharp Student']
['Regenerate 3', 'Fire Boost', 'Sharp Student', 'Rakukaja', 'Null Elec']
['Agidyne', 'Wind Boost', 'Wind Amp', 'Rakukaja', 'Wind Break']
['Matarukaja', 'Mighty Swing', 'Maragion', 'Rakukaja', 'Regenerate 3']
['Wind Break', 'Mighty Swing', 'Sharp Student', 'Zan-ei', 'Agilao']
['Rakukaja', 'Wind Boost', 'Wind Amp', 'Regenerate 3', 'Matarukaja']
['Rakukaja', 'Victory Cry', 'Wind Boost', 'Maragion', 'Repel Light']
['Garula', 'Sharp Student', 'Repel Light', 'Wind Boost', 'Fire Boost']
['Zan-ei', 'Wind Boost', 'Wind Amp', 'Trafuri', 'Maragion']
['Garula', 'Agilao', 'Rakukaja', 'High Counter', 'Repel Light']
['Garula', 'Mighty Swing', 'Agidyne', 'Rakukaja', 'Fire Boost']
['Wind Boost', 'Agilao', 'Spell Master', 'Garula', 'Zan-ei']
['Maragion', 'Sharp Student', 'Agilao', 'Garula', 'Wind Boost']
['Agilao', 'Wind Amp', 'High Counter', 'Sharp Student', 'Maragion']
['Fire Boost', 'Garula', 'Victory Cry', 'Agilao', 'Wind Boost']
['Garula', 'High Counter', 'Trafuri', 'Fire Boost', 'Null Elec']
['Maragion', 'Null Elec', 'Wind Boost', 'Mighty Swing', 'Wind Amp']
['Fire Boost', 'Panta Rhei', 'Regenerate 3', 'Garula', 'Rakukaja']
['Fire Boost', 'Agidyne', 'Rakukaja', 'Wind Break', 'Repel Light']
['Zan-ei', 'Maragion', 'Garula', 'Agilao', 'Maragidyne']
['Wind Boost', 'Agilao', 'Rakukaja', 'Fire Boost', 'Maragion']
['Fire Boost', 'Regenerate 3', 'Sharp Student', 'Panta Rhei', 'Agidyne']
['Agidyne', 'Regenerate 3', 'Rakukaja', 'Auto-Tarukaja', 'High Counter']
['Wind Amp', 'Maragion', 'Agidyne', 'Maragidyne', 'Wind Boost']
['Wind Amp', 'Maragion', 'Fire Boost', 'Agilao', 'Rakukaja']
['Agidyne', 'Wind Boost', 'Maragidyne', 'Maragion', 'Repel Light']
['Maragion', 'Null Elec', 'Fire Boost', 'Garula', 'Zan-ei']
['Null Elec', 'Repel Light', 'Garula', 'Wind Break', 'Maragion']
['Sharp Student', 'Trafuri', 'Wind Break', 'Maragion', 'Agilao']
['Garula', 'Mighty Swing', 'Agilao', 'Wind Boost', 'Spell Master']
['Garula', 'Zan-ei', 'High Counter', 'Null Elec', 'Auto-Tarukaja']
['Zan-ei', 'Fire Boost', 'Matarukaja', 'Wind Boost', 'Agidyne']
['Wind Break', 'Fire Boost', 'Sharp Student', 'Mighty Swing', 'Spell Master']
['Wind Break', 'Agidyne', 'Garula', 'Wind Amp', 'Zan-ei']
['Rakukaja', 'Agilao', 'Fire Boost', 'Maragion', 'Victory Cry']
['Wind Boost', 'High Counter', 'Zan-ei', 'Garula', 'Maragidyne']
['Agilao', 'Fire Boost', 'Garula', 'Wind Boost', 'Rakukaja']
['Sharp Student', 'Wind Break', 'Mighty Swing', 'Rakukaja', 'High Counter']
['Maragidyne', 'Sharp Student', 'Auto-Tarukaja', 'Wind Amp', 'Agilao']
['Trafuri', 'Agidyne', 'Mighty Swing', 'Zan-ei', 'Null Elec']
['Mighty Swing', 'Wind Boost', 'Zan-ei', 'Trafuri', 'Wind Break']
['Wind Break', 'Agilao', 'Wind Boost', 'Panta Rhei', 'Maragion']
['Agilao', 'Zan-ei', 'Repel Light', 'Maragion', 'Agidyne']
['Wind Boost', 'Garula', 'High Counter', 'Zan-ei', 'Wind Break']
['Agilao', 'Null Elec', 'Regenerate 3', 'Wind Boost', 'Repel Light']
['Auto-Tarukaja', 'Rakukaja', 'Wind Break', 'Zan-ei', 'Matarukaja']
['Sharp Student', 'Fire Boost', 'Wind Boost', 'Garula', 'Rakukaja']
['Wind Boost', 'Maragidyne', 'Victory Cry', 'Agidyne', 'Rakukaja']
['Agilao', 'Wind Amp', 'Mighty Swing', 'Zan-ei', 'Garula']
['Garula', 'Auto-Tarukaja', 'Wind Boost', 'Mighty Swing', 'Agilao']
['High Counter', 'Matarukaja', 'Agidyne', 'Agilao', 'Rakukaja']
['High Counter', 'Garula', 'Agilao', 'Matarukaja', 'Sharp Student']
['Victory Cry', 'Agilao', 'Rakukaja', 'Garula', 'Auto-Tarukaja']
['Rakukaja', 'Wind Boost', 'Null Elec', 'Wind Break', 'Auto-Tarukaja']
['Spell Master', 'Fire Boost', 'Rakukaja', 'Wind Boost', 'Wind Break']
['Zan-ei', 'Fire Boost', 'Panta Rhei', 'High Counter', 'Auto-Tarukaja']
['Null Elec', 'Repel Light', 'Garula', 'Wind Amp', 'Wind Boost']
['Fire Boost', 'Victory Cry', 'Mighty Swing', 'Maragion', 'Agilao']
['Agilao', 'Sharp Student', 'Repel Light', 'Matarukaja', 'Regenerate 3']
['Fire Boost', 'Wind Boost', 'Auto-Tarukaja', 'Wind Break', 'Mighty Swing']
['Mighty Swing', 'Wind Boost', 'Wind Break', 'Agilao', 'Rakukaja']
['Zan-ei', 'Wind Amp', 'Fire Boost', 'Sharp Student', 'Rakukaja']
['Panta Rhei', 'Sharp Student', 'Rakukaja', 'Fire Boost', 'Auto-Tarukaja']
['Fire Boost', 'Wind Break', 'Matarukaja', 'Agilao', 'High Counter']
['Trafuri', 'Fire Boost', 'Zan-ei', 'Agidyne', 'Auto-Tarukaja']
['Mighty Swing', 'Sharp Student', 'Rakukaja', 'Wind Break', 'Wind Boost']
['Zan-ei', 'Fire Boost', 'Rakukaja', 'Agidyne', 'Maragion']
['Wind Boost', 'Repel Light', 'Wind Break', 'Sharp Student', 'Garula']
['Panta Rhei', 'Sharp Student', 'Garula', 'Fire Boost', 'Rakukaja']
['Rakukaja', 'Agidyne', 'Fire Boost', 'Victory Cry', 'Wind Boost']
['Repel Light', 'Maragion', 'Sharp Student', 'Null Elec', 'Agilao']
['Trafuri', 'Mighty Swing', 'Auto-Tarukaja', 'Repel Light', 'Agilao']
['Zan-ei', 'Mighty Swing', 'Rakukaja', 'Wind Boost', 'Agidyne']
['Wind Amp', 'Fire Boost', 'Null Elec', 'Zan-ei', 'Rakukaja']
['Zan-ei', 'Regenerate 3', 'Maragion', 'Null Elec', 'Auto-Tarukaja']
['Trafuri', 'Agilao', 'Mighty Swing', 'Repel Light', 'Null Elec']
['Mighty Swing', 'High Counter', 'Rakukaja', 'Agidyne', 'Maragidyne']
['Wind Boost', 'Repel Light', 'Zan-ei', 'Panta Rhei', 'Agidyne']
['Maragidyne', 'Repel Light', 'Zan-ei', 'Garula', 'Fire Boost']
['Sharp Student', 'Matarukaja', 'Fire Boost', 'Zan-ei', 'Victory Cry']
['Zan-ei', 'Mighty Swing', 'Repel Light', 'Null Elec', 'Maragidyne']
['High Counter', 'Panta Rhei', 'Rakukaja', 'Garula', 'Wind Break']
['Wind Amp', 'Mighty Swing', 'Fire Boost', 'Zan-ei', 'Trafuri']
['Spell Master', 'Zan-ei', 'Rakukaja', 'Regenerate 3', 'Null Elec']
['Spell Master', 'Auto-Tarukaja', 'Wind Boost', 'Wind Amp', 'Rakukaja']
['Wind Boost', 'Maragidyne', 'Mighty Swing', 'Fire Boost', 'Wind Break']
['Garula', 'High Counter', 'Matarukaja', 'Sharp Student', 'Rakukaja']
['Victory Cry', 'Fire Boost', 'Rakukaja', 'Auto-Tarukaja', 'Zan-ei']
['Wind Amp', 'Sharp Student', 'Wind Boost', 'Mighty Swing', 'Agidyne']
['Maragion', 'Trafuri', 'Mighty Swing', 'Agilao', 'Auto-Tarukaja']
['Sharp Student', 'Maragidyne', 'Panta Rhei', 'Fire Boost', 'Agidyne']
['Agilao', 'Zan-ei', 'Mighty Swing', 'Maragion', 'Garula']
['Auto-Tarukaja', 'Wind Amp', 'Null Elec', 'Mighty Swing', 'Rakukaja']
['Zan-ei', 'Spell Master', 'Wind Break', 'Mighty Swing', 'Wind Amp']
['Wind Amp', 'Sharp Student', 'Agidyne', 'Null Elec', 'Fire Boost']
['Agilao', 'Garula', 'Rakukaja', 'Zan-ei', 'Fire Boost']
['Rakukaja', 'Null Elec', 'Wind Break', 'Auto-Tarukaja', 'Fire Boost']
['Wind Boost', 'High Counter', 'Agidyne', 'Maragion', 'Fire Boost']
['Garula', 'Fire Boost', 'Maragidyne', 'Wind Boost', 'Spell Master']
['Spell Master', 'Maragidyne', 'Fire Boost', 'Victory Cry', 'Wind Amp']
['Wind Boost', 'Wind Amp', 'Zan-ei', 'Panta Rhei', 'Repel Light']
['Fire Boost', 'Agidyne', 'Maragion', 'Agilao', 'Auto-Tarukaja']
['Null Elec', 'Agilao', 'Garula', 'Fire Boost', 'Wind Boost']
['Agidyne', 'High Counter', 'Garula', 'Rakukaja', 'Zan-ei']
['Mighty Swing', 'Wind Boost', 'Spell Master', 'Wind Break', 'Fire Boost']
['Rakukaja', 'Mighty Swing', 'Repel Light', 'High Counter', 'Agilao']
['Fire Boost', 'Agilao', 'Agidyne', 'Wind Break', 'High Counter']
['Victory Cry', 'Fire Boost', 'Rakukaja', 'Zan-ei', 'Agilao']
['Wind Amp', 'High Counter', 'Wind Boost', 'Maragidyne', 'Fire Boost']
['Sharp Student', 'Fire Boost', 'Rakukaja', 'Wind Boost', 'Regenerate 3']
['Maragion', 'Wind Break', 'Null Elec', 'Mighty Swing', 'Fire Boost']
['Rakukaja', 'Sharp Student', 'Agidyne', 'Wind Break', 'Trafuri']
['Agidyne', 'Garula', 'Auto-Tarukaja', 'Wind Break', 'Wind Amp']
['Wind Boost', 'Regenerate 3', 'Trafuri', 'High Counter', 'Fire Boost']
['Sharp Student', 'Repel Light', 'Maragion', 'Agilao', 'Wind Break']
['Null Elec', 'Sharp Student', 'High Counter', 'Trafuri', 'Rakukaja']
['Sharp Student', 'Fire Boost', 'Mighty Swing', 'Rakukaja', 'Wind Boost']
['Wind Boost', 'Garula', 'Trafuri', 'Regenerate 3', 'Wind Amp']
['Maragidyne', 'Wind Boost', 'Agidyne', 'Fire Boost', 'Rakukaja']
['Repel Light', 'Wind Amp', 'High Counter', 'Agidyne', 'Wind Boost']
['Fire Boost', 'Mighty Swing', 'Agilao', 'Auto-Tarukaja', 'Matarukaja']
['Agidyne', 'Fire Boost', 'Sharp Student', 'Wind Boost', 'Null Elec']
['Maragidyne', 'Auto-Tarukaja', 'Spell Master', 'Rakukaja', 'Repel Light']
['Sharp Student', 'Garula', 'High Counter', 'Maragidyne', 'Maragion']
['Sharp Student', 'Auto-Tarukaja', 'Agidyne', 'Panta Rhei', 'Zan-ei']
['Wind Boost', 'Agidyne', 'Null Elec', 'Trafuri', 'Sharp Student']
['Maragion', 'Maragidyne', 'Rakukaja', 'Wind Amp', 'Spell Master']
['Agilao', 'Wind Boost', 'Zan-ei', 'Fire Boost', 'High Counter']
['Wind Boost', 'Rakukaja', 'Fire Boost', 'High Counter', 'Sharp Student']
['Rakukaja', 'Garula', 'Agidyne', 'Spell Master', 'Sharp Student']
['Agilao', 'Wind Break', 'Wind Amp', 'Fire Boost', 'Auto-Tarukaja']
['Repel Light', 'Wind Boost', 'Agidyne', 'Mighty Swing', 'Auto-Tarukaja']
['High Counter', 'Wind Amp', 'Garula', 'Rakukaja', 'Matarukaja']
['Agidyne', 'Zan-ei', 'Wind Boost', 'Wind Break', 'Sharp Student']
['Mighty Swing', 'Wind Boost', 'Matarukaja', 'Fire Boost', 'Maragidyne']
['Auto-Tarukaja', 'Wind Break', 'Maragidyne', 'Trafuri', 'Zan-ei']
['Wind Amp', 'Rakukaja', 'Mighty Swing', 'Regenerate 3', 'Sharp Student']
['Panta Rhei', 'Zan-ei', 'Wind Amp', 'Agidyne', 'Garula']
['Trafuri', 'Sharp Student', 'Wind Boost', 'Mighty Swing', 'Zan-ei']
['Wind Break', 'Agidyne', 'Trafuri', 'Garula', 'Zan-ei']
['Maragion', 'Agidyne', 'Wind Break', 'Garula', 'Fire Boost']
['Panta Rhei', 'Sharp Student', 'Wind Break', 'Null Elec', 'Rakukaja']
['Fire Boost', 'Maragidyne', 'Agidyne', 'Null Elec', 'Wind Amp']
['Wind Break', 'High Counter', 'Wind Amp', 'Maragion', 'Victory Cry']
['Wind Break', 'Mighty Swing', 'Zan-ei', 'Rakukaja', 'High Counter']
['Wind Break', 'Null Elec', 'Spell Master', 'Matarukaja', 'Agidyne']
['Spell Master', 'Panta Rhei', 'Matarukaja', 'Victory Cry', 'Maragion']
['Maragion', 'Repel Light', 'Auto-Tarukaja', 'Wind Amp', 'Matarukaja']
['Wind Amp', 'Rakukaja', 'Null Elec', 'Agilao', 'Zan-ei']
['Sharp Student', 'Regenerate 3', 'Spell Master', 'Wind Break', 'Rakukaja']
['Rakukaja', 'Matarukaja', 'Fire Boost', 'Victory Cry', 'Regenerate 3']
['Null Elec', 'Zan-ei', 'Repel Light', 'Wind Boost', 'Agidyne']
['Sharp Student', 'Fire Boost', 'Mighty Swing', 'Wind Break', 'Zan-ei']
['Null Elec', 'Rakukaja', 'Fire Boost', 'Garula', 'Wind Boost']
['Matarukaja', 'Maragion', 'Wind Break', 'Null Elec', 'Fire Boost']
['Wind Amp', 'Maragidyne', 'Auto-Tarukaja', 'Mighty Swing', 'Null Elec']
['Wind Boost', 'Fire Boost', 'Repel Light', 'Garula', 'Spell Master']
['Spell Master', 'Maragidyne', 'Fire Boost', 'Panta Rhei', 'Sharp Student']
['Fire Boost', 'Agilao', 'Wind Amp', 'Matarukaja', 'Garula']
['Repel Light', 'Maragion', 'Rakukaja', 'Fire Boost', 'Null Elec']
['Trafuri', 'Fire Boost', 'Auto-Tarukaja', 'Wind Break', 'Garula']
['Zan-ei', 'Maragion', 'Auto-Tarukaja', 'Fire Boost', 'Agilao']
['High Counter', 'Wind Break', 'Rakukaja', 'Spell Master', 'Garula']
['High Counter', 'Rakukaja', 'Agidyne', 'Wind Boost', 'Maragidyne']
['Maragion', 'Garula', 'Auto-Tarukaja', 'Sharp Student', 'Zan-ei']
['Sharp Student', 'Rakukaja', 'Garula', 'Null Elec', 'Wind Amp']
['Fire Boost', 'Sharp Student', 'Regenerate 3', 'Rakukaja', 'High Counter']
['Wind Break', 'Mighty Swing', 'Wind Boost', 'Fire Boost', 'Agilao']
['Fire Boost', 'Maragion', 'Zan-ei', 'Trafuri', 'Matarukaja']
['Fire Boost', 'Auto-Tarukaja', 'Trafuri', 'Null Elec', 'Maragidyne']
['Agidyne', 'Maragidyne', 'Rakukaja', 'Auto-Tarukaja', 'Wind Break']
['Zan-ei', 'Garula', 'Matarukaja', 'Agidyne', 'Wind Boost']
['High Counter', 'Fire Boost', 'Wind Boost', 'Matarukaja', 'Agidyne']
['Garula', 'Spell Master', 'Wind Amp', 'Matarukaja', 'Mighty Swing']
['Regenerate 3', 'Garula', 'Matarukaja', 'Mighty Swing', 'Spell Master']
['Garula', 'Fire Boost', 'Agidyne', 'Wind Amp', 'Repel Light']
['Wind Boost', 'Matarukaja', 'Agilao', 'Maragion', 'Agidyne']
['Rakukaja', 'Regenerate 3', 'Victory Cry', 'Wind Break', 'Agidyne']
['High Counter', 'Matarukaja', 'Wind Boost', 'Zan-ei', 'Spell Master']
['Fire Boost', 'Auto-Tarukaja', 'Wind Break', 'Rakukaja', 'Mighty Swing']
['Wind Boost', 'Agidyne', 'Repel Light', 'Trafuri', 'Fire Boost']
['Panta Rhei', 'Trafuri', 'Maragidyne', 'High Counter', 'Garula']
['Wind Amp', 'Garula', 'Fire Boost', 'Zan-ei', 'Agidyne']
['Null Elec', 'Wind Amp', 'Wind Boost', 'Agilao', 'Auto-Tarukaja']
['Panta Rhei', 'Wind Break', 'Wind Boost', 'Zan-ei', 'Agidyne']
['Garula', 'Sharp Student', 'Spell Master', 'Auto-Tarukaja', 'Repel Light']
['Matarukaja', 'Mighty Swing', 'Wind Boost', 'Maragion', 'Wind Amp']
['Fire Boost', 'Rakukaja', 'Mighty Swing', 'Maragidyne', 'Zan-ei']
['Sharp Student', 'Wind Break', 'Matarukaja', 'Maragion', 'Agidyne']
['Rakukaja', 'High Counter', 'Fire Boost', 'Wind Amp', 'Agidyne']
['Maragidyne', 'Fire Boost', 'Rakukaja', 'Wind Boost', 'Garula']
['Maragion', 'Mighty Swing', 'Garula', 'Wind Amp', 'Auto-Tarukaja']
['Victory Cry', 'Garula', 'Mighty Swing', 'Rakukaja', 'Matarukaja']
['Fire Boost', 'Wind Break', 'Trafuri', 'Zan-ei', 'Wind Boost']
['Wind Break', 'Mighty Swing', 'Fire Boost', 'Repel Light', 'Wind Amp']
['Garula', 'Panta Rhei', 'Wind Break', 'Fire Boost', 'Agilao']
['Auto-Tarukaja', 'Repel Light', 'Agidyne', 'Garula', 'High Counter']
['Sharp Student', 'High Counter', 'Maragion', 'Rakukaja', 'Auto-Tarukaja']
['Agidyne', 'Rakukaja', 'Mighty Swing', 'Victory Cry', 'Repel Light']
['Wind Boost', 'Zan-ei', 'Wind Amp', 'Maragidyne', 'Fire Boost']
['Rakukaja', 'Auto-Tarukaja', 'Wind Break', 'Matarukaja', 'Wind Boost']
['Fire Boost', 'Sharp Student', 'Rakukaja', 'Wind Amp', 'Victory Cry']
['Garula', 'Auto-Tarukaja', 'Fire Boost', 'Mighty Swing', 'Agidyne']
['Fire Boost', 'Agilao', 'Maragion', 'Rakukaja', 'Auto-Tarukaja']
['Sharp Student', 'Rakukaja', 'Maragidyne', 'Wind Break', 'Agidyne']
['Regenerate 3', 'Wind Boost', 'Rakukaja', 'Sharp Student', 'Panta Rhei']
['Matarukaja', 'Mighty Swing', 'Maragidyne', 'Fire Boost', 'Panta Rhei']
['Agidyne', 'Wind Break', 'Garula', 'Wind Boost', 'Agilao']
['Agilao', 'Spell Master', 'Repel Light', 'Wind Boost', 'Rakukaja']
['Rakukaja', 'Wind Boost', 'High Counter', 'Trafuri', 'Repel Light']
['High Counter', 'Fire Boost', 'Rakukaja', 'Mighty Swing', 'Sharp Student']
['Garula', 'High Counter', 'Sharp Student', 'Fire Boost', 'Agilao']
['Garula', 'Mighty Swing', 'Fire Boost', 'Wind Boost', 'High Counter']
['Maragidyne', 'Garula', 'High Counter', 'Rakukaja', 'Panta Rhei']
['Fire Boost', 'Sharp Student', 'Mighty Swing', 'Wind Boost', 'Maragidyne']
['Maragion', 'High Counter', 'Wind Break', 'Mighty Swing', 'Garula']
['Auto-Tarukaja', 'Zan-ei', 'Wind Break', 'Victory Cry', 'Rakukaja']
['Null Elec', 'Fire Boost', 'Trafuri', 'Agidyne', 'Agilao']
['Auto-Tarukaja', 'Agidyne', 'Fire Boost', 'Repel Light', 'Mighty Swing']
['Repel Light', 'Rakukaja', 'Fire Boost', 'Mighty Swing', 'Trafuri']
['Trafuri', 'Zan-ei', 'Agidyne', 'Rakukaja', 'Sharp Student']
['Rakukaja', 'Fire Boost', 'Maragion', 'Trafuri', 'Sharp Student']
['Zan-ei', 'Wind Amp', 'Rakukaja', 'Wind Boost', 'Agidyne']
['Rakukaja', 'Matarukaja', 'Maragion', 'High Counter', 'Wind Boost']
['Garula', 'Sharp Student', 'Regenerate 3', 'Wind Amp', 'Agidyne']
['Agidyne', 'Regenerate 3', 'Maragidyne', 'Auto-Tarukaja', 'Rakukaja']
['Maragidyne', 'Fire Boost', 'Wind Boost', 'Rakukaja', 'Wind Amp']
['Fire Boost', 'Maragidyne', 'Auto-Tarukaja', 'Repel Light', 'Agilao']
['Trafuri', 'Rakukaja', 'Auto-Tarukaja', 'Maragion', 'Wind Boost']
['Zan-ei', 'Rakukaja', 'High Counter', 'Sharp Student', 'Maragidyne']
['Sharp Student', 'Agilao', 'Mighty Swing', 'Matarukaja', 'Fire Boost']
['Wind Break', 'Agidyne', 'Garula', 'Rakukaja', 'Null Elec']
['Maragidyne', 'Wind Break', 'Wind Boost', 'Agilao', 'Wind Amp']
['Wind Amp', 'Repel Light', 'Matarukaja', 'Maragion', 'Maragidyne']
['Wind Boost', 'Agilao', 'Auto-Tarukaja', 'Wind Break', 'Garula']
['High Counter', 'Rakukaja', 'Victory Cry', 'Maragion', 'Fire Boost']
['Maragidyne', 'Repel Light', 'Zan-ei', 'Wind Boost', 'Fire Boost']
['Auto-Tarukaja', 'Agilao', 'Sharp Student', 'Maragion', 'Rakukaja']
['Maragion', 'Zan-ei', 'Fire Boost', 'Garula', 'Matarukaja']
['Fire Boost', 'Rakukaja', 'Panta Rhei', 'Zan-ei', 'Spell Master']
['Wind Boost', 'Agilao', 'Mighty Swing', 'Spell Master', 'Zan-ei']
['Repel Light', 'Matarukaja', 'Maragidyne', 'Spell Master', 'Sharp Student']
['Auto-Tarukaja', 'Mighty Swing', 'Rakukaja', 'Garula', 'Null Elec']
['Sharp Student', 'Garula', 'Victory Cry', 'Matarukaja', 'Rakukaja']
['Wind Boost', 'Maragion', 'Rakukaja', 'Sharp Student', 'Maragidyne']
['Trafuri', 'Fire Boost', 'High Counter', 'Agidyne', 'Panta Rhei']
['Agidyne', 'Trafuri', 'Victory Cry', 'Maragidyne', 'Sharp Student']
['Fire Boost', 'Agidyne', 'Wind Break', 'Wind Amp', 'Wind Boost']
['High Counter', 'Matarukaja', 'Maragion', 'Wind Boost', 'Wind Amp']
['Maragion', 'Matarukaja', 'Mighty Swing', 'Garula', 'Agidyne']
['Wind Boost', 'Fire Boost', 'Null Elec', 'Maragion', 'Agidyne']
['Rakukaja', 'Wind Boost', 'Sharp Student', 'Victory Cry', 'Fire Boost']
['Rakukaja', 'Null Elec', 'Wind Boost', 'Mighty Swing', 'Agilao']
['Agilao', 'Zan-ei', 'Wind Break', 'High Counter', 'Rakukaja']
['Wind Break', 'Wind Boost', 'Fire Boost', 'Wind Amp', 'Rakukaja']
['Maragion', 'Rakukaja', 'Garula', 'Agilao', 'Wind Break']
['Maragion', 'Fire Boost', 'Matarukaja', 'Agilao', 'Wind Amp']
['Agidyne', 'Fire Boost', 'Mighty Swing', 'Garula', 'Wind Amp']
['Mighty Swing', 'Repel Light', 'Matarukaja', 'Rakukaja', 'Agilao']
['Maragion', 'Wind Boost', 'Spell Master', 'Zan-ei', 'Fire Boost']
['Sharp Student', 'Wind Amp', 'Zan-ei', 'High Counter', 'Mighty Swing']
['Wind Boost', 'Sharp Student', 'Maragion', 'Agilao', 'Fire Boost']
['Fire Boost', 'Null Elec', 'Victory Cry', 'Matarukaja', 'Repel Light']
['Maragidyne', 'Repel Light', 'Agidyne', 'Garula', 'Auto-Tarukaja']
['Regenerate 3', 'Agilao', 'Rakukaja', 'Garula', 'Mighty Swing']
['Rakukaja', 'Fire Boost', 'Wind Boost', 'Sharp Student', 'Matarukaja']
['Zan-ei', 'Maragidyne', 'Wind Break', 'Rakukaja', 'Sharp Student']
['Wind Break', 'Trafuri', 'Agidyne', 'Wind Amp', 'Fire Boost']
['Rakukaja', 'High Counter', 'Matarukaja', 'Sharp Student', 'Spell Master']
['Matarukaja', 'Zan-ei', 'Agidyne', 'Fire Boost', 'Garula']
['Repel Light', 'Rakukaja', 'Spell Master', 'Maragidyne', 'Null Elec']
['Auto-Tarukaja', 'Mighty Swing', 'Fire Boost', 'Wind Boost', 'Maragion']
['Matarukaja', 'Wind Break', 'Wind Boost', 'Mighty Swing', 'Garula']
['Maragion', 'Wind Break', 'Null Elec', 'Rakukaja', 'Wind Amp']
['Auto-Tarukaja', 'Fire Boost', 'Agilao', 'Trafuri', 'Mighty Swing']
['Repel Light', 'Garula', 'Auto-Tarukaja', 'Wind Boost', 'Matarukaja']
['Wind Boost', 'Zan-ei', 'Fire Boost', 'Sharp Student', 'Matarukaja']
['Victory Cry', 'Zan-ei', 'Regenerate 3', 'Sharp Student', 'Agidyne']
['Mighty Swing', 'Fire Boost', 'Wind Amp', 'Repel Light', 'Maragidyne']
['Sharp Student', 'Wind Amp', 'Zan-ei', 'Maragion', 'Rakukaja']
['Auto-Tarukaja', 'Regenerate 3', 'Mighty Swing', 'Maragidyne', 'Rakukaja']
['Wind Boost', 'Sharp Student', 'Zan-ei', 'High Counter', 'Maragion']
['Rakukaja', 'Regenerate 3', 'Wind Break', 'Agilao', 'High Counter']
['Wind Amp', 'Agilao', 'Rakukaja', 'Mighty Swing', 'Fire Boost']
['Agilao', 'Garula', 'Fire Boost', 'Victory Cry', 'Regenerate 3']
['Garula', 'Wind Boost', 'Panta Rhei', 'Rakukaja', 'Agilao']
['Sharp Student', 'Zan-ei', 'Garula', 'Mighty Swing', 'Matarukaja']
['Wind Boost', 'Wind Break', 'Repel Light', 'Rakukaja', 'Wind Amp']
['Trafuri', 'Fire Boost', 'Spell Master', 'Regenerate 3', 'Wind Boost']
['Sharp Student', 'Agilao', 'Garula', 'Maragidyne', 'Panta Rhei']
['Zan-ei', 'Mighty Swing', 'Sharp Student', 'Agilao', 'Wind Amp']
['Wind Break', 'Garula', 'Trafuri', 'Fire Boost', 'Wind Boost']
['Wind Amp', 'Zan-ei', 'Auto-Tarukaja', 'Agilao', 'Rakukaja']
['Wind Amp', 'Garula', 'Zan-ei', 'Wind Boost', 'Fire Boost']
['High Counter', 'Auto-Tarukaja', 'Rakukaja', 'Garula', 'Sharp Student']
['Auto-Tarukaja', 'Maragion', 'Zan-ei', 'Agidyne', 'Agilao']
['Mighty Swing', 'Wind Amp', 'Panta Rhei', 'Agilao', 'Maragidyne']
['Sharp Student', 'Agilao', 'Maragion', 'Mighty Swing', 'Wind Boost']
['Sharp Student', 'High Counter', 'Fire Boost', 'Repel Light', 'Rakukaja']
['Auto-Tarukaja', 'Mighty Swing', 'Sharp Student', 'Regenerate 3', 'Matarukaja']
['Sharp Student', 'Wind Boost', 'Mighty Swing', 'Fire Boost', 'Agidyne']
['Rakukaja', 'Auto-Tarukaja', 'Garula', 'Victory Cry', 'Maragion']
['Panta Rhei', 'Trafuri', 'Wind Amp', 'Zan-ei', 'High Counter']
['Rakukaja', 'High Counter', 'Maragidyne', 'Sharp Student', 'Wind Boost']
['Spell Master', 'Null Elec', 'Victory Cry', 'Wind Amp', 'Wind Boost']
['Rakukaja', 'Panta Rhei', 'Maragion', 'Repel Light', 'Wind Break']
['Maragidyne', 'Garula', 'Sharp Student', 'Victory Cry', 'Fire Boost']
['Zan-ei', 'High Counter', 'Rakukaja', 'Wind Boost', 'Matarukaja']
['Garula', 'Mighty Swing', 'Panta Rhei', 'Sharp Student', 'Rakukaja']
['Victory Cry', 'Garula', 'Agilao', 'Sharp Student', 'Wind Amp']
['Fire Boost', 'Rakukaja', 'Maragidyne', 'Auto-Tarukaja', 'Mighty Swing']
['Panta Rhei', 'Fire Boost', 'Regenerate 3', 'Matarukaja', 'Auto-Tarukaja']
['Zan-ei', 'High Counter', 'Auto-Tarukaja', 'Wind Boost', 'Null Elec']
['Sharp Student', 'Fire Boost', 'Maragion', 'Wind Boost', 'Agilao']
['Wind Boost', 'Spell Master', 'Rakukaja', 'Maragion', 'Mighty Swing']
['Maragidyne', 'Spell Master', 'Regenerate 3', 'Matarukaja', 'Mighty Swing']
['Zan-ei', 'Repel Light', 'Mighty Swing', 'Fire Boost', 'Regenerate 3']
['Wind Boost', 'Victory Cry', 'Fire Boost', 'High Counter', 'Zan-ei']
['Garula', 'Maragion', 'Maragidyne', 'Spell Master', 'Trafuri']
['Agilao', 'Panta Rhei', 'Wind Boost', 'Fire Boost', 'Maragidyne']
['Fire Boost', 'Rakukaja', 'Agilao', 'Matarukaja', 'Agidyne']
['Garula', 'Regenerate 3', 'Wind Boost', 'Agilao', 'Mighty Swing']
['Repel Light', 'Garula', 'Agidyne', 'Null Elec', 'Wind Break']
['Fire Boost', 'Agilao', 'Trafuri', 'Zan-ei', 'Wind Boost']
['Mighty Swing', 'Maragidyne', 'Fire Boost', 'Garula', 'Rakukaja']
['Maragidyne', 'Repel Light', 'Wind Break', 'Fire Boost', 'Spell Master']
['Zan-ei', 'Fire Boost', 'Wind Amp', 'Spell Master', 'Wind Break']
['Agidyne', 'Trafuri', 'Agilao', 'Fire Boost', 'Auto-Tarukaja']
['Matarukaja', 'Wind Amp', 'Garula', 'Wind Boost', 'Maragion']
['Panta Rhei', 'Spell Master', 'Wind Boost', 'Null Elec', 'Wind Break']
['Sharp Student', 'Null Elec', 'Rakukaja', 'Auto-Tarukaja', 'Zan-ei']
['Agilao', 'Rakukaja', 'Auto-Tarukaja', 'Garula', 'Matarukaja']
['Maragidyne', 'Fire Boost', 'Maragion', 'Agilao', 'Wind Break']
['Rakukaja', 'Matarukaja', 'Trafuri', 'Fire Boost', 'Wind Break']
['Fire Boost', 'Garula', 'Mighty Swing', 'Rakukaja', 'Sharp Student']
['Garula', 'Agidyne', 'Maragion', 'Wind Break', 'Fire Boost']
['Sharp Student', 'Zan-ei', 'Matarukaja', 'Maragidyne', 'Rakukaja']
['Rakukaja', 'Wind Amp', 'Regenerate 3', 'Fire Boost', 'Trafuri']
['Panta Rhei', 'Regenerate 3', 'High Counter', 'Agilao', 'Matarukaja']
['Auto-Tarukaja', 'Maragidyne', 'Sharp Student', 'Panta Rhei', 'Fire Boost']
['Auto-Tarukaja', 'Rakukaja', 'Agilao', 'Wind Boost', 'Zan-ei']
['Rakukaja', 'Agilao', 'Auto-Tarukaja', 'Mighty Swing', 'Wind Break']
['Spell Master', 'Wind Boost', 'Trafuri', 'Fire Boost', 'Auto-Tarukaja']
['Fire Boost', 'Agidyne', 'Wind Break', 'Wind Boost', 'Auto-Tarukaja']
['Sharp Student', 'Wind Amp', 'Maragion', 'Garula', 'Zan-ei']
['Trafuri', 'Auto-Tarukaja', 'High Counter', 'Agilao', 'Rakukaja']
['Matarukaja', 'Wind Boost', 'Zan-ei', 'Sharp Student', 'Trafuri']
['Maragion', 'Rakukaja', 'Agidyne', 'Garula', 'Fire Boost']
['Matarukaja', 'Victory Cry', 'Wind Break', 'Sharp Student', 'Wind Boost']
['Fire Boost', 'Wind Amp', 'Rakukaja', 'Zan-ei', 'Garula']
['Agilao', 'Maragion', 'Fire Boost', 'Zan-ei', 'Wind Boost']
['Rakukaja', 'Maragion', 'Wind Boost', 'Wind Amp', 'Zan-ei']
['Agilao', 'Regenerate 3', 'Auto-Tarukaja', 'Garula', 'Wind Boost']
['Wind Boost', 'Regenerate 3', 'Maragidyne', 'Maragion', 'Spell Master']
['Wind Boost', 'Zan-ei', 'Maragidyne', 'Panta Rhei', 'Fire Boost']
['Matarukaja', 'Agidyne', 'Agilao', 'Fire Boost', 'Sharp Student']
['Wind Boost', 'Sharp Student', 'Wind Amp', 'Agidyne', 'Rakukaja']
['Wind Boost', 'Agilao', 'Sharp Student', 'Mighty Swing', 'Rakukaja']
['Regenerate 3', 'Wind Boost', 'Rakukaja', 'Wind Break', 'Trafuri']
['Agilao', 'Garula', 'Zan-ei', 'Sharp Student', 'Wind Boost']
['Wind Amp', 'Wind Boost', 'Maragion', 'Agilao', 'Victory Cry']
['Agilao', 'Matarukaja', 'Wind Boost', 'High Counter', 'Rakukaja']
['Maragidyne', 'Maragion', 'Matarukaja', 'Rakukaja', 'Wind Boost']
['Agidyne', 'Rakukaja', 'Wind Break', 'Regenerate 3', 'Fire Boost']
['Zan-ei', 'Garula', 'Rakukaja', 'Wind Break', 'Agilao']
['High Counter', 'Trafuri', 'Fire Boost', 'Garula', 'Wind Boost']
['Victory Cry', 'Maragidyne', 'Agidyne', 'Mighty Swing', 'Rakukaja']
['Null Elec', 'Fire Boost', 'Maragion', 'Garula', 'Spell Master']
['Mighty Swing', 'Wind Break', 'Null Elec', 'Wind Boost', 'Sharp Student']
['Agidyne', 'Maragidyne', 'Panta Rhei', 'Auto-Tarukaja', 'Agilao']
['Fire Boost', 'Regenerate 3', 'Wind Break', 'Auto-Tarukaja', 'Spell Master']
['Auto-Tarukaja', 'Fire Boost', 'Regenerate 3', 'Sharp Student', 'Rakukaja']
['Wind Boost', 'Repel Light', 'Mighty Swing', 'Rakukaja', 'Auto-Tarukaja']
['Victory Cry', 'Wind Amp', 'High Counter', 'Zan-ei', 'Maragidyne']
['Rakukaja', 'Garula', 'Repel Light', 'Zan-ei', 'Null Elec']
['Victory Cry', 'Rakukaja', 'Repel Light', 'Agidyne', 'Fire Boost']
['Null Elec', 'Sharp Student', 'Regenerate 3', 'Mighty Swing', 'Agilao']
['Wind Break', 'Agidyne', 'Fire Boost', 'Regenerate 3', 'Garula']
['Wind Break', 'Zan-ei', 'Matarukaja', 'Maragion', 'Rakukaja']
['Fire Boost', 'Matarukaja', 'Auto-Tarukaja', 'Agilao', 'Wind Boost']
['Fire Boost', 'High Counter', 'Mighty Swing', 'Wind Break', 'Auto-Tarukaja']
['Regenerate 3', 'Auto-Tarukaja', 'Agilao', 'Repel Light', 'Rakukaja']
['Wind Boost', 'Agidyne', 'Rakukaja', 'Agilao', 'Sharp Student']
['Auto-Tarukaja', 'Rakukaja', 'Maragion', 'Agidyne', 'Sharp Student']
['Rakukaja', 'Garula', 'High Counter', 'Repel Light', 'Wind Amp']
['High Counter', 'Null Elec', 'Zan-ei', 'Garula', 'Rakukaja']
['Rakukaja', 'Panta Rhei', 'Null Elec', 'Maragion', 'Agidyne']
['Rakukaja', 'Zan-ei', 'Null Elec', 'Wind Boost', 'Agilao']
['Agilao', 'Fire Boost', 'Zan-ei', 'High Counter', 'Repel Light']
['Agidyne', 'Wind Break', 'Garula', 'Fire Boost', 'Auto-Tarukaja']
['Rakukaja', 'Maragion', 'Auto-Tarukaja', 'High Counter', 'Repel Light']
['Fire Boost', 'Spell Master', 'Zan-ei', 'Wind Boost', 'Wind Amp']
['Null Elec', 'Auto-Tarukaja', 'Regenerate 3', 'Fire Boost', 'Victory Cry']
['Trafuri', 'Wind Break', 'Wind Amp', 'Regenerate 3', 'Spell Master']
['Agilao', 'Rakukaja', 'Maragion', 'Wind Amp', 'Agidyne']
['Rakukaja', 'Repel Light', 'Sharp Student', 'Wind Boost', 'Fire Boost']
['Auto-Tarukaja', 'Zan-ei', 'Agidyne', 'Sharp Student', 'Null Elec']
['Wind Amp', 'Fire Boost', 'Maragidyne', 'Mighty Swing', 'Rakukaja']
['Garula', 'Wind Break', 'Rakukaja', 'Sharp Student', 'Agilao']
['Fire Boost', 'Agilao', 'Matarukaja', 'Wind Boost', 'Garula']
['Wind Boost', 'Rakukaja', 'Auto-Tarukaja', 'Wind Amp', 'Matarukaja']
['Wind Boost', 'Garula', 'Fire Boost', 'Matarukaja', 'Mighty Swing']
['Garula', 'Agidyne', 'Fire Boost', 'Wind Boost', 'Wind Break']
['Rakukaja', 'Repel Light', 'Wind Boost', 'Mighty Swing', 'Agilao']
['Regenerate 3', 'Auto-Tarukaja', 'Maragion', 'Repel Light', 'Matarukaja']
['Fire Boost', 'Rakukaja', 'Mighty Swing', 'Maragidyne', 'Zan-ei']
['Fire Boost', 'Victory Cry', 'Zan-ei', 'Sharp Student', 'Repel Light']
['Fire Boost', 'Wind Amp', 'Wind Boost', 'Sharp Student', 'Rakukaja']
['Agidyne', 'Garula', 'Zan-ei', 'Panta Rhei', 'Null Elec']
['Fire Boost', 'Maragion', 'Agidyne', 'Null Elec', 'Spell Master']
['Victory Cry', 'Agilao', 'Wind Amp', 'Auto-Tarukaja', 'Regenerate 3']
['Wind Boost', 'Maragion', 'Auto-Tarukaja', 'Maragidyne', 'Rakukaja']
['Wind Amp', 'High Counter', 'Panta Rhei', 'Agilao', 'Fire Boost']
['Wind Break', 'Garula', 'Fire Boost', 'Spell Master', 'Rakukaja']
['Maragion', 'Fire Boost', 'Agilao', 'Sharp Student', 'Wind Break']
['Garula', 'Sharp Student', 'Fire Boost', 'Trafuri', 'Agilao']
['Auto-Tarukaja', 'Fire Boost', 'Agilao', 'Wind Boost', 'Null Elec']
['Maragion', 'Null Elec', 'Auto-Tarukaja', 'Zan-ei', 'Regenerate 3']
['Agidyne', 'Garula', 'High Counter', 'Fire Boost', 'Sharp Student']
['Agilao', 'Auto-Tarukaja', 'Repel Light', 'Sharp Student', 'Wind Boost']
['Null Elec', 'Auto-Tarukaja', 'Agilao', 'Agidyne', 'Garula']
['Garula', 'Repel Light', 'Maragidyne', 'Maragion', 'Wind Boost']
['Spell Master', 'Agilao', 'Wind Break', 'Fire Boost', 'Sharp Student']
['Wind Boost', 'Rakukaja', 'Mighty Swing', 'Sharp Student', 'Null Elec']
['Auto-Tarukaja', 'Wind Amp', 'Trafuri', 'Fire Boost', 'Sharp Student']
['Agilao', 'Sharp Student', 'Maragion', 'Maragidyne', 'Wind Amp']
['Maragion', 'Rakukaja', 'Auto-Tarukaja', 'Garula', 'Wind Amp']
['Agilao', 'High Counter', 'Null Elec', 'Matarukaja', 'Auto-Tarukaja']
['Wind Amp', 'Victory Cry', 'Wind Boost', 'Null Elec', 'Trafuri']
['Repel Light', 'Auto-Tarukaja', 'Maragion', 'Regenerate 3', 'Wind Break']
['Repel Light', 'Null Elec', 'Agilao', 'High Counter', 'Victory Cry']
['Agilao', 'Regenerate 3', 'Zan-ei', 'Wind Break', 'Rakukaja']
['Null Elec', 'Fire Boost', 'Mighty Swing', 'Agidyne', 'Trafuri']
['Wind Boost', 'Zan-ei', 'Trafuri', 'Garula', 'Null Elec']
['Zan-ei', 'Wind Break', 'Maragion', 'Agidyne', 'Wind Amp']
['Sharp Student', 'Trafuri', 'Regenerate 3', 'Garula', 'Wind Amp']
['Garula', 'Agilao', 'Zan-ei', 'Trafuri', 'Fire Boost']
['Maragion', 'Wind Boost', 'Zan-ei', 'Maragidyne', 'Agilao']
['Wind Amp', 'Fire Boost', 'Maragidyne', 'Sharp Student', 'Repel Light']
['Null Elec', 'Panta Rhei', 'Garula', 'Zan-ei', 'Wind Amp']
['Zan-ei', 'Wind Boost', 'Fire Boost', 'Trafuri', 'Agilao']
['Fire Boost', 'Agilao', 'Rakukaja', 'Agidyne', 'High Counter']
['Zan-ei', 'Wind Boost', 'Wind Amp', 'Regenerate 3', 'Agilao']
['Null Elec', 'Fire Boost', 'Garula', 'Rakukaja', 'Wind Break']
['Null Elec', 'High Counter', 'Maragion', 'Wind Boost', 'Rakukaja']
['Garula', 'Fire Boost', 'Wind Boost', 'Wind Amp', 'Regenerate 3']
['Matarukaja', 'Wind Boost', 'Zan-ei', 'Maragion', 'Agilao']
['Rakukaja', 'Wind Boost', 'Garula', 'Wind Amp', 'Repel Light']
['High Counter', 'Mighty Swing', 'Trafuri', 'Sharp Student', 'Auto-Tarukaja']
['Fire Boost', 'Rakukaja', 'High Counter', 'Agidyne', 'Mighty Swing']
['Wind Boost', 'Panta Rhei', 'Garula', 'Wind Break', 'High Counter']
['Rakukaja', 'Agilao', 'Agidyne', 'Auto-Tarukaja', 'Fire Boost']
['Mighty Swing', 'Wind Amp', 'Sharp Student', 'Agidyne', 'Wind Boost']
['Victory Cry', 'Maragion', 'Mighty Swing', 'Fire Boost', 'Agidyne']
['Fire Boost', 'Wind Amp', 'Agilao', 'Maragion', 'Garula']
['Rakukaja', 'Sharp Student', 'Mighty Swing', 'Auto-Tarukaja', 'Repel Light']
['Wind Amp', 'Fire Boost', 'Null Elec', 'Garula', 'Mighty Swing']
['Garula', 'Mighty Swing', 'Auto-Tarukaja', 'Wind Amp', 'High Counter']
['Zan-ei', 'Garula', 'Wind Break', 'Wind Amp', 'Fire Boost']
['Maragidyne', 'Wind Boost', 'Null Elec', 'Wind Amp', 'Mighty Swing']
['Garula', 'Null Elec', 'High Counter', 'Agidyne', 'Regenerate 3']
['Wind Amp', 'Wind Break', 'Fire Boost', 'Rakukaja', 'Agilao']
['Zan-ei', 'Null Elec', 'Rakukaja', 'Garula', 'Wind Break']
['Rakukaja', 'Fire Boost', 'Auto-Tarukaja', 'Zan-ei', 'Mighty Swing']
['Garula', 'Agilao', 'Maragidyne', 'Zan-ei', 'Sharp Student']
['Regenerate 3', 'Repel Light', 'Panta Rhei', 'Fire Boost', 'Garula']
['Maragion', 'Sharp Student', 'Wind Boost', 'Zan-ei', 'Repel Light']
['Agilao', 'Garula', 'Wind Boost', 'Agidyne', 'Auto-Tarukaja']
['Wind Amp', 'Garula', 'Repel Light', 'Null Elec', 'Wind Break']
['Repel Light', 'Fire Boost', 'Null Elec', 'Wind Boost', 'Agilao']
['Agidyne', 'Fire Boost', 'Auto-Tarukaja', 'Zan-ei', 'Maragion']
['Wind Boost', 'Rakukaja', 'Wind Break', 'Garula', 'Sharp Student']
['Fire Boost', 'Agilao', 'Wind Break', 'High Counter', 'Maragion']
['Agilao', 'Wind Boost', 'Sharp Student', 'Mighty Swing', 'Garula']
['Auto-Tarukaja', 'Victory Cry', 'Mighty Swing', 'Rakukaja', 'Wind Boost']
['Matarukaja', 'Agidyne', 'Rakukaja', 'Sharp Student', 'Spell Master']
['Wind Boost', 'Garula', 'Fire Boost', 'Auto-Tarukaja', 'Mighty Swing']
['Wind Boost', 'Fire Boost', 'Trafuri', 'Rakukaja', 'Regenerate 3']
['Panta Rhei', 'Spell Master', 'Rakukaja', 'Garula', 'Maragidyne']
['Agilao', 'Rakukaja', 'Fire Boost', 'Matarukaja', 'Trafuri']
['Wind Boost', 'Agidyne', 'Garula', 'Rakukaja', 'Maragidyne']
['Rakukaja', 'Sharp Student', 'Wind Amp', 'High Counter', 'Garula']
['Maragidyne', 'Sharp Student', 'Matarukaja', 'Rakukaja', 'Wind Boost']
['High Counter', 'Zan-ei', 'Repel Light', 'Fire Boost', 'Spell Master']
['Trafuri', 'Wind Amp', 'High Counter', 'Fire Boost', 'Agidyne']
['Wind Amp', 'Fire Boost', 'Garula', 'Rakukaja', 'Maragidyne']
['Spell Master', 'Wind Amp', 'Null Elec', 'Zan-ei', 'Fire Boost']
['Wind Boost', 'Auto-Tarukaja', 'Rakukaja', 'Null Elec', 'Agidyne']
['Sharp Student', 'Null Elec', 'Maragidyne', 'Mighty Swing', 'Zan-ei']
['Fire Boost', 'Matarukaja', 'Maragidyne', 'Auto-Tarukaja', 'Regenerate 3']
['Sharp Student', 'Panta Rhei', 'Fire Boost', 'Wind Boost', 'Auto-Tarukaja']
['High Counter', 'Garula', 'Victory Cry', 'Regenerate 3', 'Auto-Tarukaja']
['Agilao', 'Maragidyne', 'Sharp Student', 'Zan-ei', 'Maragion']
['Fire Boost', 'Wind Amp', 'Wind Break', 'Rakukaja', 'Wind Boost']
['Regenerate 3', 'Wind Break', 'Rakukaja', 'High Counter', 'Repel Light']
['Wind Break', 'Wind Amp', 'Zan-ei', 'Wind Boost', 'Agidyne']
['Zan-ei', 'Wind Boost', 'High Counter', 'Rakukaja', 'Mighty Swing']
['Matarukaja', 'Null Elec', 'Mighty Swing', 'Zan-ei', 'Fire Boost']
['Sharp Student', 'High Counter', 'Matarukaja', 'Fire Boost', 'Maragion']
['Sharp Student', 'Regenerate 3', 'Repel Light', 'Agilao', 'High Counter']
['Rakukaja', 'Maragidyne', 'Matarukaja', 'Wind Boost', 'Agilao']
['Wind Boost', 'Sharp Student', 'Rakukaja', 'Maragion', 'Wind Break']
['Regenerate 3', 'Repel Light', 'Fire Boost', 'Wind Amp', 'Wind Boost']
['Null Elec', 'Agilao', 'Fire Boost', 'Maragion', 'Spell Master']
['Rakukaja', 'Fire Boost', 'Repel Light', 'Regenerate 3', 'Agilao']
['Zan-ei', 'Sharp Student', 'Trafuri', 'Agilao', 'Rakukaja']
['Fire Boost', 'Auto-Tarukaja', 'Mighty Swing', 'Maragion', 'High Counter']
['Zan-ei', 'Maragion', 'Auto-Tarukaja', 'Sharp Student', 'Agidyne']
['Agilao', 'Garula', 'Zan-ei', 'Maragion', 'Fire Boost']
['Panta Rhei', 'Zan-ei', 'Wind Break', 'Fire Boost', 'Mighty Swing']
['Garula', 'Wind Boost', 'Matarukaja', 'Fire Boost', 'Wind Amp']
['Regenerate 3', 'Zan-ei', 'Sharp Student', 'Rakukaja', 'Repel Light']
['Agilao', 'Agidyne', 'Wind Boost', 'Panta Rhei', 'Maragion']
['Agidyne', 'Sharp Student', 'Spell Master', 'Rakukaja', 'Matarukaja']
['Auto-Tarukaja', 'Wind Amp', 'Maragidyne', 'Trafuri', 'Sharp Student']
['Wind Break', 'Repel Light', 'Wind Boost', 'Maragidyne', 'Rakukaja']
['Matarukaja', 'Wind Boost', 'Regenerate 3', 'Sharp Student', 'Maragion']
['Zan-ei', 'Fire Boost', 'Panta Rhei', 'Null Elec', 'Victory Cry']
['Fire Boost', 'Wind Break', 'Maragion', 'Wind Amp', 'Auto-Tarukaja']
['Zan-ei', 'Wind Break', 'Wind Boost', 'Fire Boost', 'Garula']
['Fire Boost', 'Null Elec', 'Garula', 'Maragidyne', 'High Counter']
['Mighty Swing', 'Zan-ei', 'Garula', 'Agilao', 'Null Elec']
['Matarukaja', 'Wind Amp', 'Wind Boost', 'Garula', 'Agidyne']
['Sharp Student', 'Regenerate 3', 'Agilao', 'Wind Break', 'Wind Boost']
['Fire Boost', 'Mighty Swing', 'Zan-ei', 'Rakukaja', 'Repel Light']
['Wind Amp', 'Wind Break', 'Agilao', 'Zan-ei', 'Rakukaja']
['Agilao', 'Rakukaja', 'Zan-ei', 'Victory Cry', 'Fire Boost']
['Agidyne', 'Fire Boost', 'Maragidyne', 'Zan-ei', 'Sharp Student']
['Agidyne', 'Auto-Tarukaja', 'Fire Boost', 'Zan-ei', 'Mighty Swing']
['Wind Amp', 'Sharp Student', 'Spell Master', 'Victory Cry', 'Repel Light']
['Wind Amp', 'Repel Light', 'Spell Master', 'Mighty Swing', 'Zan-ei']
['Mighty Swing', 'Agidyne', 'Auto-Tarukaja', 'Rakukaja', 'Maragidyne']
['High Counter', 'Repel Light', 'Agilao', 'Maragion', 'Agidyne']
['Agilao', 'Repel Light', 'Agidyne', 'Rakukaja', 'Wind Break']
['Wind Amp', 'Victory Cry', 'Maragion', 'Mighty Swing', 'Wind Boost']
['Mighty Swing', 'High Counter', 'Repel Light', 'Wind Boost', 'Auto-Tarukaja']
['Rakukaja', 'Panta Rhei', 'Trafuri', 'Mighty Swing', 'Garula']
['Panta Rhei', 'Auto-Tarukaja', 'Agidyne', 'Matarukaja', 'Wind Amp']
['Null Elec', 'Fire Boost', 'Agidyne', 'Agilao', 'Garula']
['Matarukaja', 'Agilao', 'Sharp Student', 'Maragion', 'Rakukaja']
['Fire Boost', 'Mighty Swing', 'Agidyne', 'Spell Master', 'Matarukaja']
['Sharp Student', 'Agidyne', 'Spell Master', 'Fire Boost', 'Mighty Swing']
['Wind Break', 'Matarukaja', 'Mighty Swing', 'Garula', 'Wind Amp']
['Trafuri', 'Fire Boost', 'Rakukaja', 'Garula', 'Auto-Tarukaja']
['Maragion', 'Wind Boost', 'Rakukaja', 'Regenerate 3', 'Wind Break']
['Matarukaja', 'Wind Break', 'Agidyne', 'Mighty Swing', 'Agilao']
['Panta Rhei', 'Garula', 'Victory Cry', 'Zan-ei', 'Wind Boost']
['Rakukaja', 'Wind Boost', 'Zan-ei', 'Garula', 'Agilao']
['Mighty Swing', 'Fire Boost', 'Wind Boost', 'Sharp Student', 'Agidyne']
['Regenerate 3', 'Zan-ei', 'Wind Amp', 'Auto-Tarukaja', 'Maragion']
['Fire Boost', 'Wind Boost', 'Rakukaja', 'Wind Amp', 'Auto-Tarukaja']
['Maragidyne', 'Agilao', 'Sharp Student', 'Fire Boost', 'Trafuri']
['Rakukaja', 'Fire Boost', 'Maragion', 'Null Elec', 'Agilao']
['Matarukaja', 'Fire Boost', 'Rakukaja', 'Maragion', 'Agilao']
['High Counter', 'Garula', 'Fire Boost', 'Regenerate 3', 'Wind Boost']
['Wind Break', 'Garula', 'Null Elec', 'Sharp Student', 'Maragion']
['Garula', 'Auto-Tarukaja', 'Regenerate 3', 'Null Elec', 'Wind Boost']
['Wind Boost', 'Mighty Swing', 'Fire Boost', 'Auto-Tarukaja', 'Matarukaja']
['Maragion', 'Maragidyne', 'Sharp Student', 'Rakukaja', 'Agidyne']
['Auto-Tarukaja', 'Repel Light', 'Wind Break', 'Wind Boost', 'Sharp Student']
['Garula', 'Mighty Swing', 'Zan-ei', 'Maragidyne', 'Repel Light']
['Garula', 'Agilao', 'Maragion', 'Wind Break', 'Rakukaja']
['Garula', 'Fire Boost', 'Spell Master', 'Regenerate 3', 'Zan-ei']
['Sharp Student', 'Wind Break', 'Repel Light', 'Rakukaja', 'Victory Cry']
['Agilao', 'Victory Cry', 'Wind Boost', 'Wind Amp', 'Rakukaja']
['Agilao', 'Maragidyne', 'Wind Break', 'Sharp Student', 'Rakukaja']
['Panta Rhei', 'Mighty Swing', 'Regenerate 3', 'Wind Boost', 'Auto-Tarukaja']
['Garula', 'Auto-Tarukaja', 'Victory Cry', 'Rakukaja', 'Fire Boost']
['Rakukaja', 'Maragion', 'Wind Amp', 'Fire Boost', 'Agilao']
['High Counter', 'Wind Break', 'Fire Boost', 'Wind Amp', 'Spell Master']
['Fire Boost', 'Rakukaja', 'Maragion', 'Agilao', 'Wind Break']
['Fire Boost', 'Wind Amp', 'Mighty Swing', 'Wind Break', 'Garula']
['Rakukaja', 'Wind Boost', 'Mighty Swing', 'Zan-ei', 'Auto-Tarukaja']
['Wind Boost', 'Auto-Tarukaja', 'High Counter', 'Zan-ei', 'Mighty Swing']
['Wind Boost', 'Matarukaja', 'Zan-ei', 'Rakukaja', 'Fire Boost']
['Rakukaja', 'Fire Boost', 'Matarukaja', 'Agilao', 'Auto-Tarukaja']
['Rakukaja', 'Maragion', 'Victory Cry', 'Agilao', 'Fire Boost']
['Agidyne', 'Agilao', 'Victory Cry', 'Fire Boost', 'Auto-Tarukaja']
['Agilao', 'Mighty Swing', 'Garula', 'Maragion', 'Wind Boost']
['Zan-ei', 'Matarukaja', 'Fire Boost', 'Wind Boost', 'Agilao']
['Rakukaja', 'Wind Boost', 'Sharp Student', 'Agidyne', 'Maragidyne']
['Wind Amp', 'Panta Rhei', 'Wind Break', 'Fire Boost', 'High Counter']
['Spell Master', 'Garula', 'Mighty Swing', 'Panta Rhei', 'Matarukaja']
['Auto-Tarukaja', 'Wind Amp', 'Mighty Swing', 'Zan-ei', 'Spell Master']
['Matarukaja', 'Null Elec', 'Garula', 'Rakukaja', 'Sharp Student']
['Zan-ei', 'Matarukaja', 'Victory Cry', 'Rakukaja', 'High Counter']
['Fire Boost', 'Mighty Swing', 'Wind Boost', 'Auto-Tarukaja', 'Repel Light']
['High Counter', 'Mighty Swing', 'Fire Boost', 'Wind Boost', 'Rakukaja']
['Wind Amp', 'Rakukaja', 'Spell Master', 'Garula', 'Victory Cry']
['Sharp Student', 'Rakukaja', 'High Counter', 'Maragion', 'Regenerate 3']
['Agidyne', 'Rakukaja', 'Fire Boost', 'Spell Master', 'Wind Amp']
['Wind Boost', 'Fire Boost', 'Spell Master', 'Repel Light', 'Agidyne']
['Maragion', 'Garula', 'Sharp Student', 'Rakukaja', 'Wind Boost']
['Garula', 'Fire Boost', 'Rakukaja', 'Victory Cry', 'Matarukaja']
['Auto-Tarukaja', 'Garula', 'Wind Boost', 'Maragion', 'Fire Boost']
['Wind Boost', 'Auto-Tarukaja', 'Wind Amp', 'Agidyne', 'Fire Boost']
['Wind Break', 'Auto-Tarukaja', 'High Counter', 'Agilao', 'Maragion']
['Spell Master', 'Panta Rhei', 'Wind Boost', 'Maragidyne', 'Agilao']
['Trafuri', 'Sharp Student', 'Auto-Tarukaja', 'Zan-ei', 'Maragion']
['Agilao', 'Mighty Swing', 'Fire Boost', 'Garula', 'Maragidyne']
['Zan-ei', 'Auto-Tarukaja', 'Repel Light', 'Garula', 'Wind Boost']
['Wind Boost', 'Auto-Tarukaja', 'Null Elec', 'Repel Light', 'Maragidyne']
['Garula', 'High Counter', 'Agidyne', 'Repel Light', 'Matarukaja']
['Zan-ei', 'Agilao', 'Repel Light', 'Rakukaja', 'Fire Boost']
['Agilao', 'Wind Boost', 'Fire Boost', 'Null Elec', 'Auto-Tarukaja']
['Null Elec', 'Sharp Student', 'Agilao', 'Zan-ei', 'Agidyne']
['Agilao', 'Auto-Tarukaja', 'Garula', 'Rakukaja', 'Maragion']
['Agidyne', 'Rakukaja', 'Wind Boost', 'Agilao', 'High Counter']
['Mighty Swing', 'Regenerate 3', 'Rakukaja', 'Wind Amp', 'Agidyne']
['Agilao', 'Zan-ei', 'Matarukaja', 'Wind Boost', 'Fire Boost']
['Auto-Tarukaja', 'High Counter', 'Agilao', 'Sharp Student', 'Wind Break']
['Agidyne', 'Mighty Swing', 'Maragion', 'Fire Boost', 'Zan-ei']
['Auto-Tarukaja', 'Rakukaja', 'Fire Boost', 'Wind Amp', 'Spell Master']
['Wind Boost', 'Maragion', 'Agidyne', 'Mighty Swing', 'Agilao']
['Sharp Student', 'Auto-Tarukaja', 'Fire Boost', 'Regenerate 3', 'Garula']
['Zan-ei', 'Mighty Swing', 'Wind Amp', 'Null Elec', 'Wind Boost']
['Maragidyne', 'Rakukaja', 'High Counter', 'Auto-Tarukaja', 'Agilao']
['Wind Boost', 'Maragion', 'Repel Light', 'Wind Break', 'Regenerate 3']
['Regenerate 3', 'Rakukaja', 'Auto-Tarukaja', 'Wind Boost', 'Maragion']
['Null Elec', 'Wind Amp', 'Auto-Tarukaja', 'High Counter', 'Sharp Student']
['Maragidyne', 'Maragion', 'Matarukaja', 'High Counter', 'Trafuri']
['Fire Boost', 'Maragion', 'Sharp Student', 'Wind Break', 'Zan-ei']
['Agilao', 'Wind Break', 'Mighty Swing', 'Repel Light', 'Fire Boost']
['Garula', 'Maragion', 'Wind Boost', 'Fire Boost', 'Wind Break']
['Spell Master', 'Auto-Tarukaja', 'Rakukaja', 'Null Elec', 'Wind Boost']
['Repel Light', 'Wind Amp', 'Sharp Student', 'Panta Rhei', 'Agilao']
['Garula', 'Wind Boost', 'Wind Amp', 'Agilao', 'Sharp Student']
['Wind Break', 'Victory Cry', 'Wind Boost', 'Panta Rhei', 'Wind Amp']
['Mighty Swing', 'Maragion', 'Wind Amp', 'Fire Boost', 'Sharp Student']
['Zan-ei', 'Sharp Student', 'Spell Master', 'Auto-Tarukaja', 'Wind Break']
['Auto-Tarukaja', 'Panta Rhei', 'Fire Boost', 'Garula', 'Repel Light']
['Maragion', 'Wind Boost', 'Agidyne', 'Rakukaja', 'Zan-ei']
['Maragion', 'Mighty Swing', 'Rakukaja', 'Fire Boost', 'Wind Break']
['Agilao', 'Zan-ei', 'Fire Boost', 'Sharp Student', 'Agidyne']
['High Counter', 'Fire Boost', 'Agilao', 'Trafuri', 'Zan-ei']
['Repel Light', 'Null Elec', 'Rakukaja', 'Zan-ei', 'Auto-Tarukaja']
['Fire Boost', 'Auto-Tarukaja', 'Matarukaja', 'Agilao', 'Wind Amp']
['Wind Amp', 'Auto-Tarukaja', 'Regenerate 3', 'Zan-ei', 'Sharp Student']
['Sharp Student', 'Matarukaja', 'Wind Amp', 'Agilao', 'Maragion']
['Matarukaja', 'Auto-Tarukaja', 'Wind Break', 'Wind Boost', 'Fire Boost']
['Sharp Student', 'Agilao', 'Wind Boost', 'Maragidyne', 'Null Elec']
['Sharp Student', 'Garula', 'Fire Boost', 'Wind Break', 'Trafuri']
['Agidyne', 'Auto-Tarukaja', 'Panta Rhei', 'Wind Break', 'Rakukaja']
['Zan-ei', 'Garula', 'Panta Rhei', 'Repel Light', 'Fire Boost']
['Sharp Student', 'Agilao', 'Matarukaja', 'Maragion', 'Victory Cry']
['Agilao', 'Wind Amp', 'Matarukaja', 'Zan-ei', 'Wind Boost']
['Wind Boost', 'High Counter', 'Agidyne', 'Rakukaja', 'Zan-ei']
['Null Elec', 'Rakukaja', 'Agidyne', 'Spell Master', 'Panta Rhei']
['Maragion', 'Garula', 'Rakukaja', 'Wind Boost', 'Maragidyne']
['Rakukaja', 'Maragion', 'Mighty Swing', 'Garula', 'Trafuri']
['High Counter', 'Rakukaja', 'Regenerate 3', 'Wind Amp', 'Panta Rhei']
['Victory Cry', 'Zan-ei', 'Rakukaja', 'Spell Master', 'Wind Break']
['Wind Break', 'Fire Boost', 'Wind Boost', 'Zan-ei', 'Agilao']
['Wind Break', 'Regenerate 3', 'Repel Light', 'Null Elec', 'Zan-ei']
['Garula', 'Rakukaja', 'Matarukaja', 'Maragion', 'High Counter']
['Wind Boost', 'Mighty Swing', 'Maragion', 'Rakukaja', 'High Counter']
['Wind Amp', 'Agidyne', 'Wind Boost', 'Rakukaja', 'Null Elec']
['Rakukaja', 'Matarukaja', 'Maragion', 'Victory Cry', 'Wind Break']
['Fire Boost', 'Rakukaja', 'Victory Cry', 'Garula', 'Wind Amp']
['Fire Boost', 'Null Elec', 'Wind Boost', 'Rakukaja', 'Agilao']
['Wind Amp', 'Trafuri', 'Sharp Student', 'Maragidyne', 'Panta Rhei']
['Wind Amp', 'Sharp Student', 'Garula', 'Fire Boost', 'Mighty Swing']
['Victory Cry', 'Wind Break', 'Sharp Student', 'Garula', 'Panta Rhei']
['Zan-ei', 'Mighty Swing', 'Repel Light', 'Maragidyne', 'High Counter']
['Null Elec', 'Wind Amp', 'Fire Boost', 'Wind Break', 'Victory Cry']
['Wind Boost', 'Zan-ei', 'Wind Break', 'Repel Light', 'Garula']
['Maragion', 'Agilao', 'Rakukaja', 'Sharp Student', 'Fire Boost']
['Regenerate 3', 'Mighty Swing', 'Agidyne', 'Sharp Student', 'Wind Break']
['Sharp Student', 'Auto-Tarukaja', 'Repel Light', 'Maragidyne', 'Rakukaja']
['Trafuri', 'Rakukaja', 'Auto-Tarukaja', 'Repel Light', 'Zan-ei']
['Rakukaja', 'High Counter', 'Wind Break', 'Maragidyne', 'Wind Amp']
['Wind Break', 'Rakukaja', 'Sharp Student', 'Agilao', 'Fire Boost']
['Panta Rhei', 'Wind Break', 'Rakukaja', 'Sharp Student', 'Victory Cry']
['Garula', 'Maragion', 'Agidyne', 'Rakukaja', 'Wind Amp']
['Wind Amp', 'Rakukaja', 'Agilao', 'Agidyne', 'Wind Break']
['Fire Boost', 'Maragidyne', 'Agidyne', 'Wind Amp', 'Regenerate 3']
['Sharp Student', 'High Counter', 'Garula', 'Auto-Tarukaja', 'Fire Boost']
['Victory Cry', 'Agidyne', 'Fire Boost', 'Regenerate 3', 'Maragion']
['Fire Boost', 'Regenerate 3', 'Maragidyne', 'Trafuri', 'Matarukaja']
['Wind Boost', 'Zan-ei', 'Rakukaja', 'Maragion', 'Agidyne']
['Fire Boost', 'Wind Amp', 'Spell Master', 'Wind Boost', 'Rakukaja']
['Sharp Student', 'Null Elec', 'Wind Break', 'Wind Amp', 'Auto-Tarukaja']
['Spell Master', 'Fire Boost', 'High Counter', 'Repel Light', 'Wind Amp']
['Wind Amp', 'Rakukaja', 'Zan-ei', 'Maragion', 'Matarukaja']
['Zan-ei', 'Mighty Swing', 'Auto-Tarukaja', 'Sharp Student', 'Wind Amp']
['Auto-Tarukaja', 'Repel Light', 'Garula', 'Sharp Student', 'Rakukaja']
['Rakukaja', 'Fire Boost', 'Maragidyne', 'Garula', 'Zan-ei']
['Zan-ei', 'Garula', 'Rakukaja', 'Agidyne', 'Fire Boost']
['Matarukaja', 'Null Elec', 'Wind Break', 'Wind Amp', 'Mighty Swing']
['Matarukaja', 'Zan-ei', 'Maragion', 'Wind Boost', 'Wind Break']
['Wind Boost', 'Null Elec', 'Garula', 'Wind Amp', 'Panta Rhei']
['Rakukaja', 'Auto-Tarukaja', 'Maragidyne', 'Null Elec', 'Wind Boost']
['Agilao', 'Repel Light', 'Mighty Swing', 'Wind Amp', 'Spell Master']
['Wind Amp', 'Agidyne', 'Null Elec', 'Panta Rhei', 'Maragidyne']
['Rakukaja', 'Agidyne', 'Auto-Tarukaja', 'Agilao', 'Wind Amp']
['Trafuri', 'Garula', 'Sharp Student', 'Rakukaja', 'Fire Boost']
['Wind Boost', 'Zan-ei', 'Agilao', 'Wind Break', 'Maragion']
['Wind Break', 'Auto-Tarukaja', 'Maragion', 'Null Elec', 'Zan-ei']
['Maragidyne', 'Wind Boost', 'Rakukaja', 'Agilao', 'Agidyne']
['Regenerate 3', 'Rakukaja', 'Mighty Swing', 'Sharp Student', 'Wind Boost']
['Garula', 'Null Elec', 'Fire Boost', 'Agilao', 'Maragidyne']
['Agilao', 'Zan-ei', 'Agidyne', 'Fire Boost', 'Wind Boost']
['Zan-ei', 'Fire Boost', 'Mighty Swing', 'Wind Boost', 'Wind Amp']
['Rakukaja', 'Agilao', 'Wind Amp', 'Fire Boost', 'Auto-Tarukaja']
['Agilao', 'Sharp Student', 'Wind Boost', 'Zan-ei', 'Wind Break']
['Zan-ei', 'Wind Amp', 'Agilao', 'Rakukaja', 'Fire Boost']
['Wind Amp', 'Auto-Tarukaja', 'Maragion', 'Wind Boost', 'Fire Boost']
['Wind Amp', 'Wind Break', 'Trafuri', 'Wind Boost', 'Zan-ei']
['Zan-ei', 'Wind Boost', 'Fire Boost', 'Rakukaja', 'Mighty Swing']
['High Counter', 'Garula', 'Sharp Student', 'Panta Rhei', 'Agilao']
['Auto-Tarukaja', 'Zan-ei', 'Wind Amp', 'Agidyne', 'Matarukaja']
['Rakukaja', 'Auto-Tarukaja', 'Wind Amp', 'Trafuri', 'Matarukaja']
['Agilao', 'Garula', 'Fire Boost', 'Regenerate 3', 'Wind Break']
['Rakukaja', 'High Counter', 'Null Elec', 'Auto-Tarukaja', 'Matarukaja']
['Maragion', 'Agilao', 'Wind Break', 'Sharp Student', 'Null Elec']
['Wind Boost', 'Wind Break', 'Repel Light', 'Zan-ei', 'Agidyne']
['Wind Boost', 'Fire Boost', 'Mighty Swing', 'Matarukaja', 'Maragion']
['Spell Master', 'Rakukaja', 'Fire Boost', 'Zan-ei', 'Victory Cry']
['Agidyne', 'Regenerate 3', 'Wind Break', 'Rakukaja', 'Sharp Student']
['High Counter', 'Maragidyne', 'Sharp Student', 'Wind Break', 'Garula']
['Garula', 'Rakukaja', 'Trafuri', 'Sharp Student', 'Maragion']
['Garula', 'Agilao', 'Wind Boost', 'Sharp Student', 'Fire Boost']
['Rakukaja', 'Wind Amp', 'Repel Light', 'Agilao', 'Wind Break']
['Wind Boost', 'Trafuri', 'Garula', 'Zan-ei', 'Sharp Student']
['Null Elec', 'Agilao', 'Agidyne', 'High Counter', 'Zan-ei']
['Wind Amp', 'Auto-Tarukaja', 'Fire Boost', 'Panta Rhei', 'Null Elec']
['Agilao', 'Fire Boost', 'Mighty Swing', 'Rakukaja', 'Wind Boost']
['High Counter', 'Null Elec', 'Auto-Tarukaja', 'Fire Boost', 'Mighty Swing']
['Wind Boost', 'Zan-ei', 'Auto-Tarukaja', 'Garula', 'High Counter']
['Panta Rhei', 'Agidyne', 'Auto-Tarukaja', 'Maragion', 'Fire Boost']
['Fire Boost', 'Auto-Tarukaja', 'Zan-ei', 'Wind Boost', 'Regenerate 3']
['Agilao', 'Mighty Swing', 'Victory Cry', 'Rakukaja', 'Zan-ei']
['Zan-ei', 'Matarukaja', 'Garula', 'Wind Break', 'Null Elec']
['Fire Boost', 'Agilao', 'Agidyne', 'High Counter', 'Garula']
['Trafuri', 'Null Elec', 'Maragidyne', 'Repel Light', 'Spell Master']
['Fire Boost', 'Maragion', 'Null Elec', 'Mighty Swing', 'Wind Amp']
['High Counter', 'Agidyne', 'Garula', 'Victory Cry', 'Agilao']
['Rakukaja', 'Wind Amp', 'Wind Break', 'Repel Light', 'Mighty Swing']
['Fire Boost', 'Sharp Student', 'Rakukaja', 'Repel Light', 'Wind Boost']
['Garula', 'Null Elec', 'Wind Boost', 'Trafuri', 'Panta Rhei']
['Mighty Swing', 'Agilao', 'Spell Master', 'Wind Boost', 'Wind Amp']
['Spell Master', 'Regenerate 3', 'Maragidyne', 'Agilao', 'Rakukaja']
['Agilao', 'Auto-Tarukaja', 'Garula', 'Matarukaja', 'Maragion']
['Maragidyne', 'Auto-Tarukaja', 'Wind Boost', 'Mighty Swing', 'Garula']
['Rakukaja', 'Auto-Tarukaja', 'Trafuri', 'Matarukaja', 'Wind Break']
['Fire Boost', 'Wind Amp', 'Null Elec', 'Victory Cry', 'Auto-Tarukaja']
['Regenerate 3', 'Maragidyne', 'Sharp Student', 'Wind Boost', 'Rakukaja']
['Rakukaja', 'Wind Break', 'Sharp Student', 'Auto-Tarukaja', 'Agilao']
['Sharp Student', 'Matarukaja', 'Rakukaja', 'Agidyne', 'Regenerate 3']
['Maragion', 'Garula', 'Fire Boost', 'Rakukaja', 'Sharp Student']
['Maragion', 'Repel Light', 'Garula', 'Spell Master', 'Null Elec']
['Zan-ei', 'Wind Boost', 'Regenerate 3', 'Wind Amp', 'Wind Break']
['Wind Amp', 'Garula', 'Maragion', 'Mighty Swing', 'Regenerate 3']
['Mighty Swing', 'Sharp Student', 'High Counter', 'Null Elec', 'Agilao']
['Wind Amp', 'Garula', 'Spell Master', 'Wind Boost', 'Fire Boost']
['Wind Amp', 'Rakukaja', 'Null Elec', 'Matarukaja', 'Agidyne']
['Mighty Swing', 'High Counter', 'Wind Boost', 'Spell Master', 'Wind Break']
['Agilao', 'Garula', 'Zan-ei', 'Auto-Tarukaja', 'Null Elec']
['Wind Amp', 'Agidyne', 'Fire Boost', 'Auto-Tarukaja', 'Maragidyne']
['Sharp Student', 'Rakukaja', 'Null Elec', 'Fire Boost', 'Zan-ei']
['Garula', 'Wind Boost', 'Null Elec', 'Agidyne', 'Mighty Swing']
['Garula', 'Auto-Tarukaja', 'Wind Boost', 'Mighty Swing', 'Rakukaja']
['Garula', 'Agidyne', 'Regenerate 3', 'Matarukaja', 'Mighty Swing']
['Mighty Swing', 'Agidyne', 'Zan-ei', 'Garula', 'Regenerate 3']
['Sharp Student', 'Fire Boost', 'Maragidyne', 'Mighty Swing', 'Agilao']
['Sharp Student', 'Repel Light', 'Garula', 'Maragidyne', 'Victory Cry']
['Wind Boost', 'High Counter', 'Spell Master', 'Mighty Swing', 'Repel Light']
['Rakukaja', 'Regenerate 3', 'Garula', 'Null Elec', 'Zan-ei']
['Agilao', 'Wind Boost', 'Auto-Tarukaja', 'Wind Amp', 'Fire Boost']
['Sharp Student', 'Agilao', 'Zan-ei', 'Regenerate 3', 'Wind Amp']
['Auto-Tarukaja', 'Maragion', 'Wind Break', 'Null Elec', 'Victory Cry']
['Rakukaja', 'Garula', 'Maragion', 'Zan-ei', 'Wind Boost']
['Agidyne', 'Mighty Swing', 'Null Elec', 'Rakukaja', 'Agilao']
['Fire Boost', 'Null Elec', 'Agilao', 'Rakukaja', 'High Counter']
['Mighty Swing', 'Rakukaja', 'Agidyne', 'Zan-ei', 'Agilao']
['Sharp Student', 'Wind Boost', 'High Counter', 'Agilao', 'Rakukaja']
['Fire Boost', 'Sharp Student', 'Wind Break', 'Maragidyne', 'Wind Boost']
['Maragion', 'Auto-Tarukaja', 'Garula', 'Zan-ei', 'Mighty Swing']
['Wind Amp', 'Rakukaja', 'Garula', 'Wind Boost', 'Trafuri']
['Spell Master', 'Auto-Tarukaja', 'Wind Boost', 'Mighty Swing', 'Repel Light']
['Mighty Swing', 'Sharp Student', 'Wind Boost', 'Rakukaja', 'Fire Boost']
['Zan-ei', 'Garula', 'Victory Cry', 'Fire Boost', 'Maragidyne']
['Maragidyne', 'Repel Light', 'Rakukaja', 'Wind Break', 'Zan-ei']
['High Counter', 'Zan-ei', 'Fire Boost', 'Mighty Swing', 'Maragidyne']
['Garula', 'Fire Boost', 'Trafuri', 'Zan-ei', 'Auto-Tarukaja']
['Maragion', 'Rakukaja', 'Repel Light', 'Fire Boost', 'Zan-ei']
['Maragidyne', 'Fire Boost', 'High Counter', 'Wind Amp', 'Maragion']
['Wind Amp', 'Maragion', 'Panta Rhei', 'Garula', 'Rakukaja']
['Auto-Tarukaja', 'Fire Boost', 'Wind Break', 'Agilao', 'Null Elec']
['Matarukaja', 'Victory Cry', 'Repel Light', 'Garula', 'Maragion']
['Rakukaja', 'Maragion', 'Auto-Tarukaja', 'Garula', 'Fire Boost']
['Sharp Student', 'Fire Boost', 'Null Elec', 'Maragidyne', 'Zan-ei']
['Regenerate 3', 'Zan-ei', 'Rakukaja', 'Sharp Student', 'Mighty Swing']
['Sharp Student', 'Agidyne', 'High Counter', 'Null Elec', 'Fire Boost']
['Sharp Student', 'Garula', 'Maragidyne', 'Fire Boost', 'Null Elec']
['Sharp Student', 'Zan-ei', 'Wind Break', 'Panta Rhei', 'Rakukaja']
['Wind Break', 'Sharp Student', 'Zan-ei', 'Trafuri', 'Auto-Tarukaja']
['Repel Light', 'Agidyne', 'Rakukaja', 'Zan-ei', 'Agilao']
['High Counter', 'Wind Break', 'Matarukaja', 'Fire Boost', 'Spell Master']
['Rakukaja', 'Mighty Swing', 'Regenerate 3', 'Auto-Tarukaja', 'Maragion']
['Null Elec', 'Regenerate 3', 'Rakukaja', 'Panta Rhei', 'Agilao']
['Matarukaja', 'Fire Boost', 'Rakukaja', 'Wind Break', 'Garula']
['High Counter', 'Wind Amp', 'Sharp Student', 'Agilao', 'Wind Boost']
['Wind Boost', 'Maragion', 'Matarukaja', 'Repel Light', 'Wind Amp']
['High Counter', 'Garula', 'Mighty Swing', 'Repel Light', 'Fire Boost']
['Zan-ei', 'Wind Boost', 'Auto-Tarukaja', 'Rakukaja', 'Null Elec']
['Auto-Tarukaja', 'Wind Amp', 'Fire Boost', 'Garula', 'Trafuri']
['Wind Boost', 'Mighty Swing', 'Maragidyne', 'Spell Master', 'Matarukaja']
['Garula', 'Wind Boost', 'Mighty Swing', 'Sharp Student', 'Maragion']
['Wind Boost', 'Mighty Swing', 'Sharp Student', 'Repel Light', 'Fire Boost']
['Rakukaja', 'Zan-ei', 'Agidyne', 'Auto-Tarukaja', 'Wind Break']
['Regenerate 3', 'Auto-Tarukaja', 'Trafuri', 'Mighty Swing', 'Garula']
['Regenerate 3', 'Mighty Swing', 'Rakukaja', 'Panta Rhei', 'Wind Boost']
['Repel Light', 'Matarukaja', 'Agilao', 'Wind Boost', 'Maragion']
['Spell Master', 'Garula', 'Mighty Swing', 'Auto-Tarukaja', 'Zan-ei']
['Wind Amp', 'Spell Master', 'Garula', 'Zan-ei', 'Sharp Student']
['Null Elec', 'Mighty Swing', 'Victory Cry', 'Garula', 'Rakukaja']
['Fire Boost', 'Wind Boost', 'Agilao', 'Regenerate 3', 'Agidyne']
['Wind Break', 'Mighty Swing', 'Matarukaja', 'Auto-Tarukaja', 'Fire Boost']
['Garula', 'Rakukaja', 'Wind Boost', 'Mighty Swing', 'Zan-ei']
['Rakukaja', 'Fire Boost', 'Sharp Student', 'Wind Boost', 'High Counter']
['Trafuri', 'Maragion', 'Wind Boost', 'Maragidyne', 'Zan-ei']
['Wind Amp', 'Spell Master', 'Sharp Student', 'Panta Rhei', 'Mighty Swing']
['Wind Boost', 'High Counter', 'Sharp Student', 'Agidyne', 'Repel Light']
['Zan-ei', 'Fire Boost', 'Wind Amp', 'Garula', 'Repel Light']
['Victory Cry', 'Agilao', 'Wind Boost', 'Rakukaja', 'Trafuri']
['Zan-ei', 'Null Elec', 'Spell Master', 'Wind Break', 'Garula']
['Wind Boost', 'Wind Amp', 'Maragion', 'Null Elec', 'Fire Boost']
['Sharp Student', 'Fire Boost', 'High Counter', 'Panta Rhei', 'Agidyne']
['Wind Break', 'Spell Master', 'Garula', 'Zan-ei', 'Wind Boost']
['Trafuri', 'Maragion', 'Zan-ei', 'Fire Boost', 'Rakukaja']
['Agilao', 'Null Elec', 'Fire Boost', 'Repel Light', 'Wind Amp']
['Fire Boost', 'High Counter', 'Trafuri', 'Auto-Tarukaja', 'Mighty Swing']
['Victory Cry', 'Rakukaja', 'Sharp Student', 'Zan-ei', 'Maragion']
['Fire Boost', 'Agidyne', 'Spell Master', 'Repel Light', 'Rakukaja']
['Garula', 'Victory Cry', 'Agilao', 'Zan-ei', 'Mighty Swing']
['Repel Light', 'Wind Boost', 'Garula', 'Sharp Student', 'Wind Break']
['Rakukaja', 'Sharp Student', 'Garula', 'Wind Amp', 'Zan-ei']
['Wind Break', 'Zan-ei', 'Wind Boost', 'Garula', 'Agilao']
['Panta Rhei', 'Wind Break', 'Rakukaja', 'Wind Boost', 'Maragidyne']
['Garula', 'Null Elec', 'Repel Light', 'High Counter', 'Auto-Tarukaja']
['Auto-Tarukaja', 'Maragion', 'Fire Boost', 'Wind Amp', 'Garula']
['Wind Break', 'Fire Boost', 'Wind Boost', 'Sharp Student', 'Regenerate 3']
['Wind Amp', 'Garula', 'Auto-Tarukaja', 'Regenerate 3', 'Matarukaja']
['Maragidyne', 'Zan-ei', 'Victory Cry', 'Wind Break', 'Fire Boost']
['Null Elec', 'Matarukaja', 'Fire Boost', 'High Counter', 'Repel Light']
['High Counter', 'Null Elec', 'Agidyne', 'Wind Break', 'Zan-ei']
['Auto-Tarukaja', 'Panta Rhei', 'Wind Break', 'Fire Boost', 'Victory Cry']
['Wind Amp', 'Mighty Swing', 'Fire Boost', 'Maragion', 'Matarukaja']
['Matarukaja', 'Garula', 'Fire Boost', 'Repel Light', 'Maragion']
['Maragion', 'Zan-ei', 'Null Elec', 'Mighty Swing', 'Fire Boost']
['Zan-ei', 'Matarukaja', 'Garula', 'Regenerate 3', 'Maragion']
['Wind Break', 'Garula', 'Maragion', 'Matarukaja', 'Agilao']
['Rakukaja', 'Zan-ei', 'Maragidyne', 'Wind Boost', 'High Counter']
['Null Elec', 'Agilao', 'Fire Boost', 'Maragidyne', 'Garula']
['Zan-ei', 'Auto-Tarukaja', 'Null Elec', 'Wind Break', 'Trafuri']
['Wind Amp', 'Auto-Tarukaja', 'Zan-ei', 'Null Elec', 'Mighty Swing']
['Sharp Student', 'Repel Light', 'Null Elec', 'Mighty Swing', 'Zan-ei']
['Maragidyne', 'Zan-ei', 'Garula', 'Auto-Tarukaja', 'Regenerate 3']
['Mighty Swing', 'Panta Rhei', 'Agilao', 'Auto-Tarukaja', 'Victory Cry']
['Maragidyne', 'Wind Break', 'Maragion', 'Matarukaja', 'Null Elec']
['Victory Cry', 'Wind Amp', 'Panta Rhei', 'Garula', 'Regenerate 3']
['Wind Boost', 'Wind Break', 'Sharp Student', 'Mighty Swing', 'Null Elec']
['Mighty Swing', 'Wind Break', 'Rakukaja', 'Garula', 'Auto-Tarukaja']
['Rakukaja', 'High Counter', 'Regenerate 3', 'Wind Boost', 'Maragidyne']
['Wind Amp', 'Maragidyne', 'Garula', 'High Counter', 'Spell Master']
['Rakukaja', 'Wind Boost', 'Null Elec', 'Auto-Tarukaja', 'Agilao']
['Matarukaja', 'Null Elec', 'Wind Break', 'Wind Boost', 'Garula']
['Victory Cry', 'Matarukaja', 'Agilao', 'High Counter', 'Zan-ei']
['Regenerate 3', 'Wind Break', 'Sharp Student', 'Garula', 'Zan-ei']
['Matarukaja', 'Maragidyne', 'Mighty Swing', 'Rakukaja', 'Wind Break']
['Wind Break', 'Panta Rhei', 'Rakukaja', 'Wind Amp', 'Agidyne']
['Regenerate 3', 'Agilao', 'Zan-ei', 'Auto-Tarukaja', 'Matarukaja']
['Matarukaja', 'Rakukaja', 'Zan-ei', 'Trafuri', 'Wind Boost']
['Mighty Swing', 'Spell Master', 'Null Elec', 'Auto-Tarukaja', 'Repel Light']
['Zan-ei', 'Wind Break', 'Maragion', 'Wind Amp', 'Matarukaja']
['Repel Light', 'Matarukaja', 'Rakukaja', 'Spell Master', 'Wind Amp']
['Mighty Swing', 'Auto-Tarukaja', 'Victory Cry', 'Wind Boost', 'Rakukaja']
['Garula', 'Rakukaja', 'Auto-Tarukaja', 'Agidyne', 'Agilao']
['Fire Boost', 'Mighty Swing', 'Zan-ei', 'Sharp Student', 'Agidyne']
['Maragion', 'High Counter', 'Garula', 'Victory Cry', 'Repel Light']
['Maragion', 'Wind Break', 'Matarukaja', 'Agilao', 'Fire Boost']
['Agilao', 'Mighty Swing', 'Matarukaja', 'Zan-ei', 'Repel Light']
['Mighty Swing', 'Wind Boost', 'Rakukaja', 'Wind Amp', 'Repel Light']
['Agilao', 'Maragidyne', 'Zan-ei', 'Fire Boost', 'Wind Boost']
['Fire Boost', 'High Counter', 'Garula', 'Rakukaja', 'Agilao']
['Maragion', 'Repel Light', 'Wind Boost', 'Null Elec', 'Agidyne']
['High Counter', 'Rakukaja', 'Wind Boost', 'Wind Amp', 'Sharp Student']
['Matarukaja', 'Spell Master', 'High Counter', 'Maragion', 'Auto-Tarukaja']
['Agilao', 'Fire Boost', 'Maragion', 'Regenerate 3', 'Trafuri']
['Matarukaja', 'Garula', 'Victory Cry', 'High Counter', 'Null Elec']
['Wind Amp', 'Agidyne', 'Auto-Tarukaja', 'Null Elec', 'High Counter']
['Mighty Swing', 'Fire Boost', 'Regenerate 3', 'Zan-ei', 'High Counter']
['Panta Rhei', 'Maragidyne', 'Auto-Tarukaja', 'Matarukaja', 'Regenerate 3']
['Garula', 'Fire Boost', 'Sharp Student', 'Spell Master', 'Wind Boost']
['Rakukaja', 'Fire Boost', 'Agilao', 'Sharp Student', 'Maragion']
['Wind Boost', 'Sharp Student', 'Maragion', 'Trafuri', 'Zan-ei']
['Repel Light', 'Wind Amp', 'Sharp Student', 'Wind Boost', 'Zan-ei']
['Wind Break', 'Zan-ei', 'Panta Rhei', 'Agilao', 'Rakukaja']
['Auto-Tarukaja', 'Wind Boost', 'Agilao', 'Regenerate 3', 'Panta Rhei']
['Agilao', 'Maragion', 'Mighty Swing', 'Zan-ei', 'Garula']
['Agidyne', 'Rakukaja', 'Matarukaja', 'Fire Boost', 'Garula']
['Mighty Swing', 'Trafuri', 'Sharp Student', 'Auto-Tarukaja', 'Wind Boost']
['Wind Boost', 'Maragidyne', 'Sharp Student', 'Wind Amp', 'Null Elec']
['Garula', 'Wind Boost', 'Agilao', 'Wind Amp', 'Fire Boost']
['Maragion', 'Wind Boost', 'Maragidyne', 'Wind Amp', 'Agilao']
['Sharp Student', 'Wind Amp', 'Auto-Tarukaja', 'Victory Cry', 'High Counter']
['Panta Rhei', 'Wind Boost', 'Sharp Student', 'High Counter', 'Mighty Swing']
['Agidyne', 'Matarukaja', 'Agilao', 'Auto-Tarukaja', 'Maragidyne']
['Rakukaja', 'Sharp Student', 'Agilao', 'Agidyne', 'Garula']
['Zan-ei', 'Null Elec', 'Wind Break', 'High Counter', 'Mighty Swing']
['Regenerate 3', 'Zan-ei', 'Maragidyne', 'Sharp Student', 'High Counter']
['Wind Boost', 'High Counter', 'Fire Boost', 'Null Elec', 'Sharp Student']
['Null Elec', 'Wind Boost', 'Garula', 'Auto-Tarukaja', 'Victory Cry']
['Garula', 'Rakukaja', 'Fire Boost', 'Auto-Tarukaja', 'Sharp Student']
['Auto-Tarukaja', 'Mighty Swing', 'Maragidyne', 'Panta Rhei', 'Wind Boost']
['Spell Master', 'Zan-ei', 'Mighty Swing', 'Sharp Student', 'Fire Boost']
['Garula', 'Agilao', 'High Counter', 'Regenerate 3', 'Zan-ei']
['Maragidyne', 'Zan-ei', 'Null Elec', 'High Counter', 'Rakukaja']
['Regenerate 3', 'Wind Boost', 'Trafuri', 'Sharp Student', 'Wind Break']
['Trafuri', 'Agidyne', 'Wind Break', 'Garula', 'Wind Amp']
['Zan-ei', 'Wind Break', 'Spell Master', 'Regenerate 3', 'Agidyne']
['Fire Boost', 'Victory Cry', 'Sharp Student', 'High Counter', 'Regenerate 3']
['Auto-Tarukaja', 'Panta Rhei', 'Rakukaja', 'Zan-ei', 'Wind Break']
['Zan-ei', 'Garula', 'Rakukaja', 'Regenerate 3', 'Maragion']
['Agilao', 'Auto-Tarukaja', 'Mighty Swing', 'High Counter', 'Fire Boost']
['Matarukaja', 'Auto-Tarukaja', 'Agidyne', 'Maragidyne', 'Rakukaja']
