['Sukukaja', 'Absorb Fire', 'Ice Amp', 'Raging Tiger']
['Raging Tiger', 'Mabufudyne', 'Diarahan', 'Charmdi']
['Mabufudyne', 'Garu', 'Charmdi', 'Raging Tiger']
['Ice Amp', 'Patra', 'Mind Charge', 'Charmdi']
['Diarahan', 'Garu', 'Patra', 'Magarudyne']
['Patra', 'Hama', 'Diarahan', 'High Counter']
['Counter', 'Hama', 'Mabufudyne', 'Wind Boost']
['Ice Amp', 'Garu', 'Hama', 'Absorb Fire']
['Charmdi', 'Mediarama', 'Garu', 'Wind Boost']
['Garu', 'Ice Amp', 'Raging Tiger', 'Hama']
['Sukukaja', 'Garu', 'Ice Amp', 'Wind Amp']
['Garu', 'Ice Amp', 'Wind Amp', 'Sukukaja']
['Patra', 'Sukukaja', 'Raging Tiger', 'Counter']
['Raging Tiger', 'High Counter', 'Wind Boost', 'Charmdi']
['Hama', 'Absorb Fire', 'Patra', 'Diarahan']
['Mabufudyne', 'Patra', 'Garu', 'Hama']
['Counter', 'Unshaken Will', 'Raging Tiger', 'Diarahan']
['Charmdi', 'Mediarama', 'Garu', 'Counter']
['Unshaken Will', 'Raging Tiger', 'Garu', 'Patra']
['Patra', 'High Counter', 'Hama', 'Magarudyne']
['Ice Amp', 'Raging Tiger', 'Mediarama', 'Wind Amp']
['Patra', 'Ice Amp', 'Raging Tiger', 'Sukukaja']
['Patra', 'Counter', 'Charmdi', 'Sukukaja']
['Garu', 'Counter', 'Ice Amp', 'Wind Amp']
['Patra', 'Garu', 'Sukukaja', 'Charmdi']
['Sukukaja', 'Absorb Fire', 'Mind Charge', 'Raging Tiger']
['Raging Tiger', 'Ice Amp', 'Sukukaja', 'Charmdi']
['Absorb Fire', 'Patra', 'Garu', 'High Counter']
['Hama', 'Mediarama', 'Patra', 'Charmdi']
['Raging Tiger', 'Sukukaja', 'Garu', 'Patra']
['Ice Amp', 'Garu', 'Sukukaja', 'Counter']
['Garu', 'Patra', 'Counter', 'Ice Amp']
['Hama', 'High Counter', 'Charmdi', 'Diarahan']
['Absorb Fire', 'Counter', 'Unshaken Will', 'Patra']
['Wind Boost', 'Garu', 'Raging Tiger', 'Hama']
['Raging Tiger', 'Magarudyne', 'Counter', 'Patra']
['Hama', 'Patra', 'Garu', 'Mind Charge']
['Magarudyne', 'Hama', 'Charmdi', 'Patra']
['High Counter', 'Charmdi', 'Mind Charge', 'Magarudyne']
['Garu', 'Hama', 'Magarudyne', 'Raging Tiger']
['Garu', 'Raging Tiger', 'Sukukaja', 'Absorb Fire']
['Hama', 'Patra', 'Sukukaja', 'Charmdi']
['Mind Charge', 'Diarahan', 'Charmdi', 'Mabufudyne']
['Unshaken Will', 'Wind Boost', 'Hama', 'High Counter']
['Patra', 'Charmdi', 'Hama', 'Sukukaja']
['Charmdi', 'Magarudyne', 'Wind Boost', 'Counter']
['Charmdi', 'Ice Amp', 'Sukukaja', 'Absorb Fire']
['Garu', 'Raging Tiger', 'Ice Amp', 'Unshaken Will']
['Sukukaja', 'Wind Amp', 'Patra', 'Charmdi']
['Hama', 'Garu', 'Sukukaja', 'Patra']
['Raging Tiger', 'Patra', 'Wind Boost', 'Mediarama']
['Raging Tiger', 'Mabufudyne', 'Charmdi', 'Sukukaja']
['High Counter', 'Sukukaja', 'Raging Tiger', 'Hama']
['Mabufudyne', 'Raging Tiger', 'Wind Boost', 'Diarahan']
['Raging Tiger', 'Garu', 'Sukukaja', 'Unshaken Will']
['Absorb Fire', 'Counter', 'Hama', 'Wind Boost']
['Magarudyne', 'Hama', 'Mabufudyne', 'Wind Boost']
['Raging Tiger', 'Charmdi', 'Wind Boost', 'Patra']
['Patra', 'High Counter', 'Wind Boost', 'Diarahan']
['Charmdi', 'Hama', 'Mabufudyne', 'Garu']
['Patra', 'Raging Tiger', 'Absorb Fire', 'Mind Charge']
['Raging Tiger', 'Mind Charge', 'Garu', 'Unshaken Will']
['Garu', 'Sukukaja', 'Mind Charge', 'Mediarama']
['Wind Boost', 'Raging Tiger', 'Sukukaja', 'Charmdi']
['Garu', 'Mediarama', 'Patra', 'Raging Tiger']
['Raging Tiger', 'Sukukaja', 'Hama', 'Garu']
['Raging Tiger', 'Unshaken Will', 'Patra', 'Charmdi']
['Charmdi', 'Hama', 'Sukukaja', 'Wind Boost']
['Charmdi', 'Hama', 'Raging Tiger', 'Mind Charge']
['Garu', 'Raging Tiger', 'Patra', 'Hama']
['Wind Amp', 'Garu', 'Patra', 'Raging Tiger']
['Raging Tiger', 'Garu', 'Patra', 'Charmdi']
['Ice Amp', 'Garu', 'Patra', 'Mind Charge']
['Ice Amp', 'Charmdi', 'Garu', 'Sukukaja']
['Charmdi', 'Raging Tiger', 'Hama', 'Wind Amp']
['Sukukaja', 'Mediarama', 'Patra', 'Garu']
['High Counter', 'Garu', 'Mabufudyne', 'Raging Tiger']
['Garu', 'Mabufudyne', 'Sukukaja', 'Wind Amp']
['Garu', 'Charmdi', 'Diarahan', 'Magarudyne']
['Garu', 'Diarahan', 'Counter', 'Wind Boost']
['Garu', 'Patra', 'Charmdi', 'Raging Tiger']
['Garu', 'Patra', 'Raging Tiger', 'Ice Amp']
['Patra', 'Garu', 'Sukukaja', 'Absorb Fire']
['Niflheim', 'Counter', 'Garu', 'Raging Tiger']
['High Counter', 'Garu', 'Sukukaja', 'Counter']
['Raging Tiger', 'Ice Amp', 'Counter', 'Diarahan']
['Niflheim', 'Raging Tiger', 'Diarahan', 'Ice Amp']
['Patra', 'Raging Tiger', 'Garu', 'Charmdi']
['Patra', 'Charmdi', 'Raging Tiger', 'Garu']
['Wind Amp', 'Patra', 'Mabufudyne', 'Garu']
['Patra', 'Charmdi', 'Hama', 'Raging Tiger']
['Garu', 'Wind Boost', 'Charmdi', 'Raging Tiger']
['Raging Tiger', 'Sukukaja', 'Wind Amp', 'High Counter']
['Wind Amp', 'Raging Tiger', 'Garu', 'Charmdi']
['Sukukaja', 'Patra', 'Wind Boost', 'Raging Tiger']
['Garu', 'Raging Tiger', 'Wind Amp', 'Magarudyne']
['Hama', 'Raging Tiger', 'Patra', 'Charmdi']
['Wind Amp', 'Sukukaja', 'Hama', 'High Counter']
['Patra', 'Absorb Fire', 'Hama', 'Mind Charge']
['Garu', 'Charmdi', 'Wind Amp', 'Raging Tiger']
['Garu', 'Counter', 'Absorb Fire', 'Mabufudyne']
['Garu', 'Magarudyne', 'Charmdi', 'Hama']
['Mediarama', 'Counter', 'Patra', 'Ice Amp']
['Raging Tiger', 'Mabufudyne', 'Charmdi', 'Mind Charge']
['Sukukaja', 'Wind Boost', 'Charmdi', 'Garu']
['Counter', 'Niflheim', 'Wind Boost', 'Patra']
['Garu', 'Charmdi', 'Raging Tiger', 'Mediarama']
['Sukukaja', 'Patra', 'Mediarama', 'Garu']
['Wind Amp', 'Raging Tiger', 'Patra', 'Garu']
['Magarudyne', 'Sukukaja', 'Raging Tiger', 'Charmdi']
['Absorb Fire', 'Hama', 'Ice Amp', 'Mabufudyne']
['Hama', 'Raging Tiger', 'Wind Boost', 'Counter']
['Sukukaja', 'Patra', 'Wind Amp', 'Mind Charge']
['Diarahan', 'Magarudyne', 'Raging Tiger', 'Garu']
['Charmdi', 'Patra', 'Sukukaja', 'Wind Boost']
['Wind Boost', 'Raging Tiger', 'Magarudyne', 'Patra']
['Wind Boost', 'Raging Tiger', 'Mabufudyne', 'Hama']
['Raging Tiger', 'Garu', 'Patra', 'Magarudyne']
['Raging Tiger', 'Patra', 'Unshaken Will', 'Wind Boost']
['Garu', 'Sukukaja', 'Charmdi', 'Counter']
['Charmdi', 'Garu', 'High Counter', 'Raging Tiger']
['Hama', 'Patra', 'Raging Tiger', 'Counter']
['Hama', 'Wind Amp', 'Wind Boost', 'Garu']
['Absorb Fire', 'Raging Tiger', 'Mediarama', 'Mind Charge']
['Sukukaja', 'Mediarama', 'Raging Tiger', 'Garu']
['Sukukaja', 'Unshaken Will', 'Patra', 'Raging Tiger']
['Garu', 'Charmdi', 'Wind Boost', 'Mind Charge']
['Garu', 'Absorb Fire', 'High Counter', 'Ice Amp']
['Garu', 'Wind Amp', 'Charmdi', 'Patra']
['Charmdi', 'Sukukaja', 'Counter', 'Mediarama']
['Mabufudyne', 'Mind Charge', 'Garu', 'Patra']
['Patra', 'Charmdi', 'Hama', 'Raging Tiger']
['Raging Tiger', 'Charmdi', 'Hama', 'Wind Amp']
['Garu', 'Raging Tiger', 'Patra', 'Hama']
['Wind Boost', 'Ice Amp', 'High Counter', 'Patra']
['Raging Tiger', 'Patra', 'Diarahan', 'Sukukaja']
['Raging Tiger', 'Garu', 'Hama', 'Wind Boost']
['Sukukaja', 'Patra', 'Counter', 'Raging Tiger']
['Wind Boost', 'Wind Amp', 'Sukukaja', 'Unshaken Will']
['Sukukaja', 'Garu', 'Patra', 'Absorb Fire']
['Counter', 'Hama', 'Raging Tiger', 'Ice Amp']
['Garu', 'Mabufudyne', 'Hama', 'Wind Boost']
['Wind Boost', 'Mediarama', 'Raging Tiger', 'Mind Charge']
['Ice Amp', 'Absorb Fire', 'Charmdi', 'Sukukaja']
['Hama', 'Mind Charge', 'Wind Boost', 'Raging Tiger']
['High Counter', 'Hama', 'Ice Amp', 'Raging Tiger']
['Garu', 'Sukukaja', 'Hama', 'Raging Tiger']
['Wind Amp', 'Patra', 'Raging Tiger', 'Unshaken Will']
['Charmdi', 'Ice Amp', 'Wind Boost', 'High Counter']
['Mabufudyne', 'Wind Amp', 'Counter', 'Garu']
['Raging Tiger', 'Mabufudyne', 'Garu', 'Niflheim']
['Niflheim', 'Magarudyne', 'Patra', 'Charmdi']
['Charmdi', 'Raging Tiger', 'Diarahan', 'Mind Charge']
['Charmdi', 'Raging Tiger', 'Diarahan', 'Absorb Fire']
['Charmdi', 'Patra', 'Wind Amp', 'Sukukaja']
['Absorb Fire', 'Patra', 'Garu', 'Sukukaja']
['Raging Tiger', 'Sukukaja', 'Counter', 'Charmdi']
['Patra', 'Hama', 'Raging Tiger', 'Charmdi']
['Raging Tiger', 'Sukukaja', 'Wind Amp', 'Wind Boost']
['Charmdi', 'Mabufudyne', 'Garu', 'Patra']
['Sukukaja', 'Mediarama', 'Mind Charge', 'Garu']
['Mind Charge', 'Patra', 'Sukukaja', 'Absorb Fire']
['Hama', 'Absorb Fire', 'Sukukaja', 'Raging Tiger']
['Absorb Fire', 'Garu', 'Mind Charge', 'Charmdi']
['Mabufudyne', 'Mind Charge', 'Patra', 'Sukukaja']
['Patra', 'High Counter', 'Raging Tiger', 'Wind Amp']
['Counter', 'Raging Tiger', 'Patra', 'Wind Boost']
['Wind Boost', 'Hama', 'Raging Tiger', 'Garu']
['Ice Amp', 'High Counter', 'Sukukaja', 'Wind Amp']
['Magarudyne', 'Mabufudyne', 'Diarahan', 'Sukukaja']
['Raging Tiger', 'Wind Boost', 'Patra', 'Ice Amp']
['Wind Boost', 'Sukukaja', 'Counter', 'Charmdi']
['Counter', 'Wind Amp', 'Magarudyne', 'Patra']
['Wind Amp', 'Unshaken Will', 'Hama', 'Mind Charge']
['Mind Charge', 'Raging Tiger', 'Garu', 'Unshaken Will']
['Charmdi', 'Unshaken Will', 'Raging Tiger', 'Diarahan']
['Ice Amp', 'Mediarama', 'Wind Boost', 'Charmdi']
['Wind Amp', 'Garu', 'Counter', 'Sukukaja']
['Garu', 'Mabufudyne', 'Raging Tiger', 'Counter']
['Wind Boost', 'Sukukaja', 'Raging Tiger', 'Garu']
['Wind Boost', 'Raging Tiger', 'High Counter', 'Absorb Fire']
['Niflheim', 'Wind Amp', 'Hama', 'Raging Tiger']
['Garu', 'Wind Amp', 'Raging Tiger', 'Counter']
['Mind Charge', 'Patra', 'Wind Boost', 'Garu']
['Garu', 'Wind Amp', 'Counter', 'Diarahan']
['Wind Amp', 'Ice Amp', 'Mabufudyne', 'Garu']
['Counter', 'Patra', 'Garu', 'Mabufudyne']
['Hama', 'Raging Tiger', 'Mabufudyne', 'Patra']
['Magarudyne', 'Patra', 'Sukukaja', 'Counter']
['Niflheim', 'Garu', 'Raging Tiger', 'Charmdi']
['Unshaken Will', 'Magarudyne', 'Wind Amp', 'Garu']
['Garu', 'Charmdi', 'Diarahan', 'Raging Tiger']
['Patra', 'Garu', 'Mediarama', 'Magarudyne']
['Wind Boost', 'Garu', 'Hama', 'Magarudyne']
['Patra', 'Garu', 'Hama', 'Charmdi']
['Raging Tiger', 'Charmdi', 'Patra', 'Wind Boost']
['Patra', 'Wind Boost', 'Ice Amp', 'Raging Tiger']
['Charmdi', 'Wind Amp', 'Patra', 'High Counter']
['Garu', 'Sukukaja', 'Mabufudyne', 'Raging Tiger']
['Garu', 'Ice Amp', 'Magarudyne', 'Diarahan']
['Mind Charge', 'Garu', 'Sukukaja', 'Patra']
['Mabufudyne', 'Raging Tiger', 'Patra', 'Absorb Fire']
['Ice Amp', 'Sukukaja', 'Raging Tiger', 'Diarahan']
['Charmdi', 'Unshaken Will', 'Patra', 'Garu']
['Raging Tiger', 'Patra', 'Counter', 'Garu']
['Raging Tiger', 'Garu', 'Magarudyne', 'Patra']
['Raging Tiger', 'Ice Amp', 'Absorb Fire', 'Patra']
['Wind Amp', 'Patra', 'Ice Amp', 'Charmdi']
['Charmdi', 'Mediarama', 'Garu', 'Patra']
['Counter', 'Absorb Fire', 'Charmdi', 'Raging Tiger']
['Hama', 'Counter', 'Charmdi', 'Patra']
['Raging Tiger', 'Patra', 'Sukukaja', 'Mabufudyne']
['Patra', 'Sukukaja', 'Raging Tiger', 'Garu']
['Charmdi', 'Raging Tiger', 'Garu', 'Patra']
['Garu', 'Mabufudyne', 'Wind Boost', 'Mind Charge']
['Raging Tiger', 'Garu', 'Sukukaja', 'Patra']
['Counter', 'Patra', 'Sukukaja', 'High Counter']
['Ice Amp', 'Sukukaja', 'Raging Tiger', 'Mabufudyne']
['Unshaken Will', 'Wind Boost', 'Raging Tiger', 'Counter']
['Sukukaja', 'Raging Tiger', 'Patra', 'Absorb Fire']
['Wind Boost', 'Garu', 'Patra', 'Sukukaja']
['Diarahan', 'Garu', 'Ice Amp', 'Counter']
['Patra', 'Mind Charge', 'Charmdi', 'Raging Tiger']
['Mind Charge', 'Wind Amp', 'Absorb Fire', 'Charmdi']
['Unshaken Will', 'Charmdi', 'Ice Amp', 'Patra']
['Patra', 'Sukukaja', 'Hama', 'Wind Amp']
['Garu', 'Patra', 'Raging Tiger', 'Charmdi']
['Wind Boost', 'Hama', 'Raging Tiger', 'Patra']
['Patra', 'Wind Amp', 'Charmdi', 'Garu']
['Mind Charge', 'Sukukaja', 'Mediarama', 'Absorb Fire']
['Garu', 'Raging Tiger', 'Sukukaja', 'Patra']
['Patra', 'Garu', 'Raging Tiger', 'Charmdi']
['Wind Boost', 'Raging Tiger', 'Ice Amp', 'Mediarama']
['Niflheim', 'Raging Tiger', 'Garu', 'Wind Amp']
['Raging Tiger', 'Wind Amp', 'Diarahan', 'Sukukaja']
['Ice Amp', 'Wind Boost', 'Garu', 'Sukukaja']
['Patra', 'Ice Amp', 'Garu', 'Raging Tiger']
['Raging Tiger', 'Absorb Fire', 'Mediarama', 'Ice Amp']
['Unshaken Will', 'Garu', 'Wind Amp', 'Charmdi']
['Garu', 'Charmdi', 'Patra', 'Absorb Fire']
['Raging Tiger', 'Garu', 'Patra', 'Diarahan']
['Mabufudyne', 'Wind Amp', 'High Counter', 'Raging Tiger']
['Mediarama', 'Patra', 'High Counter', 'Raging Tiger']
['Mediarama', 'Diarahan', 'Charmdi', 'Sukukaja']
['Patra', 'Counter', 'Raging Tiger', 'Mabufudyne']
['Patra', 'Sukukaja', 'Counter', 'Hama']
['Hama', 'Mabufudyne', 'Wind Boost', 'Charmdi']
['Raging Tiger', 'Wind Boost', 'Sukukaja', 'Garu']
['Raging Tiger', 'Garu', 'Patra', 'Wind Amp']
['Garu', 'Patra', 'High Counter', 'Wind Boost']
['Raging Tiger', 'Patra', 'Sukukaja', 'Garu']
['Wind Boost', 'Patra', 'Sukukaja', 'Hama']
['Patra', 'Mind Charge', 'Raging Tiger', 'Counter']
['Garu', 'Patra', 'Sukukaja', 'Wind Boost']
['Raging Tiger', 'Sukukaja', 'Wind Boost', 'Unshaken Will']
['Garu', 'Magarudyne', 'Sukukaja', 'Niflheim']
['High Counter', 'Hama', 'Garu', 'Ice Amp']
['Patra', 'Garu', 'Raging Tiger', 'Charmdi']
['Niflheim', 'Garu', 'Counter', 'Charmdi']
['Wind Boost', 'Patra', 'Mediarama', 'Wind Amp']
['Patra', 'Ice Amp', 'High Counter', 'Hama']
['Wind Amp', 'Ice Amp', 'Magarudyne', 'Wind Boost']
['Hama', 'Patra', 'Charmdi', 'Wind Boost']
['Raging Tiger', 'Mind Charge', 'Charmdi', 'Ice Amp']
['Mind Charge', 'Patra', 'Ice Amp', 'Hama']
['Sukukaja', 'Niflheim', 'Ice Amp', 'Garu']
['Mediarama', 'Wind Boost', 'Patra', 'Raging Tiger']
['Raging Tiger', 'Patra', 'Diarahan', 'Counter']
['Hama', 'Counter', 'Raging Tiger', 'Charmdi']
['Counter', 'Magarudyne', 'Raging Tiger', 'Sukukaja']
['Wind Boost', 'Mediarama', 'Garu', 'Patra']
['Garu', 'Wind Boost', 'Diarahan', 'Patra']
['Sukukaja', 'Mediarama', 'Patra', 'Garu']
['Wind Boost', 'Raging Tiger', 'Mediarama', 'Sukukaja']
['Wind Boost', 'Charmdi', 'Niflheim', 'High Counter']
['Sukukaja', 'High Counter', 'Patra', 'Wind Boost']
['Charmdi', 'Wind Amp', 'Sukukaja', 'Patra']
['Charmdi', 'Garu', 'Mediarama', 'High Counter']
['Ice Amp', 'Garu', 'Mediarama', 'Wind Boost']
['Diarahan', 'Wind Boost', 'Hama', 'Raging Tiger']
['Wind Boost', 'Niflheim', 'Sukukaja', 'Ice Amp']
['Patra', 'Mind Charge', 'Counter', 'High Counter']
['Wind Boost', 'Mediarama', 'Charmdi', 'Garu']
['Magarudyne', 'Ice Amp', 'Patra', 'Garu']
['Charmdi', 'Patra', 'Ice Amp', 'High Counter']
['Garu', 'Sukukaja', 'Ice Amp', 'Niflheim']
['Raging Tiger', 'Garu', 'Sukukaja', 'Diarahan']
['Raging Tiger', 'Mediarama', 'Garu', 'Ice Amp']
['Charmdi', 'Raging Tiger', 'Patra', 'Mediarama']
['Ice Amp', 'Sukukaja', 'Hama', 'Raging Tiger']
['Counter', 'Hama', 'Charmdi', 'Garu']
['Charmdi', 'Garu', 'Sukukaja', 'Mediarama']
['Raging Tiger', 'Diarahan', 'Unshaken Will', 'Patra']
['High Counter', 'Raging Tiger', 'Mind Charge', 'Wind Boost']
['Garu', 'Magarudyne', 'Raging Tiger', 'Diarahan']
['Wind Amp', 'Garu', 'Patra', 'High Counter']
['Garu', 'Counter', 'Patra', 'Unshaken Will']
['Hama', 'Raging Tiger', 'Wind Boost', 'Ice Amp']
['Mind Charge', 'Charmdi', 'Magarudyne', 'Ice Amp']
['Absorb Fire', 'Patra', 'Wind Boost', 'Hama']
['Garu', 'Sukukaja', 'Raging Tiger', 'Hama']
['Mabufudyne', 'Garu', 'Patra', 'Counter']
['Wind Boost', 'Garu', 'Sukukaja', 'High Counter']
['Mabufudyne', 'Sukukaja', 'Counter', 'Garu']
['Patra', 'Charmdi', 'Hama', 'Garu']
['Sukukaja', 'Mind Charge', 'Charmdi', 'Mabufudyne']
['Mind Charge', 'Diarahan', 'Unshaken Will', 'Garu']
['Sukukaja', 'Raging Tiger', 'Charmdi', 'Wind Boost']
['Sukukaja', 'Raging Tiger', 'Patra', 'Mind Charge']
['Diarahan', 'Counter', 'Mabufudyne', 'Garu']
['Counter', 'Raging Tiger', 'Wind Boost', 'Garu']
['Hama', 'Garu', 'Charmdi', 'Niflheim']
['High Counter', 'Unshaken Will', 'Counter', 'Wind Boost']
['Counter', 'Charmdi', 'Wind Boost', 'Mabufudyne']
['Mabufudyne', 'Patra', 'Raging Tiger', 'Mind Charge']
['Charmdi', 'Patra', 'Sukukaja', 'Garu']
['Counter', 'Garu', 'Wind Amp', 'Raging Tiger']
['Mind Charge', 'Counter', 'Raging Tiger', 'High Counter']
['Patra', 'Charmdi', 'Counter', 'Wind Boost']
['Charmdi', 'Patra', 'Wind Boost', 'Mediarama']
['Garu', 'Sukukaja', 'Charmdi', 'Wind Amp']
['Wind Boost', 'Garu', 'Sukukaja', 'Ice Amp']
['Garu', 'Raging Tiger', 'Wind Amp', 'Counter']
['Garu', 'Niflheim', 'Sukukaja', 'Wind Boost']
['Wind Boost', 'Diarahan', 'Magarudyne', 'Garu']
['Counter', 'Diarahan', 'Magarudyne', 'Wind Amp']
['Raging Tiger', 'Sukukaja', 'Garu', 'Diarahan']
['Charmdi', 'Mediarama', 'Garu', 'Sukukaja']
['Raging Tiger', 'Sukukaja', 'Patra', 'Garu']
['Garu', 'Charmdi', 'Ice Amp', 'High Counter']
['Wind Amp', 'Counter', 'Niflheim', 'Charmdi']
['Wind Amp', 'Raging Tiger', 'Patra', 'Mind Charge']
['Mind Charge', 'Wind Amp', 'Magarudyne', 'Raging Tiger']
['Garu', 'Counter', 'Patra', 'Hama']
['Wind Boost', 'Patra', 'Charmdi', 'Counter']
['Mabufudyne', 'Wind Amp', 'Hama', 'Sukukaja']
['Patra', 'Wind Boost', 'Charmdi', 'Garu']
['Raging Tiger', 'Garu', 'Unshaken Will', 'Hama']
['Patra', 'Garu', 'Raging Tiger', 'Niflheim']
['Wind Amp', 'Patra', 'Charmdi', 'Diarahan']
['Patra', 'Hama', 'Mabufudyne', 'Raging Tiger']
['Raging Tiger', 'Mediarama', 'Counter', 'Wind Amp']
['Sukukaja', 'Patra', 'Mind Charge', 'Charmdi']
['Patra', 'Magarudyne', 'Raging Tiger', 'Garu']
['Counter', 'Garu', 'Patra', 'Raging Tiger']
['Patra', 'Garu', 'Ice Amp', 'Sukukaja']
['Sukukaja', 'Magarudyne', 'Hama', 'Garu']
['Hama', 'Charmdi', 'Raging Tiger', 'Garu']
['Raging Tiger', 'Mabufudyne', 'Sukukaja', 'Patra']
['Wind Amp', 'Mind Charge', 'Garu', 'Hama']
['Magarudyne', 'Hama', 'Charmdi', 'Garu']
['Patra', 'Garu', 'Wind Amp', 'Counter']
['Wind Boost', 'Garu', 'Ice Amp', 'Charmdi']
['Sukukaja', 'Ice Amp', 'Garu', 'Patra']
['Hama', 'Sukukaja', 'Diarahan', 'Patra']
['Wind Boost', 'Unshaken Will', 'Patra', 'Wind Amp']
['Raging Tiger', 'Charmdi', 'Hama', 'Patra']
['Ice Amp', 'Garu', 'Hama', 'Raging Tiger']
['High Counter', 'Unshaken Will', 'Garu', 'Patra']
['Charmdi', 'Garu', 'Patra', 'Magarudyne']
['Mediarama', 'Absorb Fire', 'Garu', 'Wind Boost']
['Magarudyne', 'Garu', 'Raging Tiger', 'Unshaken Will']
['Garu', 'Mind Charge', 'Wind Boost', 'Diarahan']
['Mediarama', 'Charmdi', 'Patra', 'Raging Tiger']
['Charmdi', 'Mind Charge', 'Garu', 'Patra']
['Wind Amp', 'Counter', 'Mabufudyne', 'High Counter']
['Hama', 'Raging Tiger', 'Patra', 'Garu']
['Mind Charge', 'Charmdi', 'Garu', 'Absorb Fire']
['Diarahan', 'Garu', 'Niflheim', 'Counter']
['Sukukaja', 'Garu', 'Niflheim', 'Wind Boost']
['Counter', 'Charmdi', 'Patra', 'Raging Tiger']
['Patra', 'Hama', 'Garu', 'Magarudyne']
['Raging Tiger', 'Magarudyne', 'Mind Charge', 'Patra']
['Absorb Fire', 'Patra', 'Ice Amp', 'Charmdi']
['Ice Amp', 'Garu', 'Raging Tiger', 'Wind Boost']
['Charmdi', 'Magarudyne', 'Raging Tiger', 'Wind Amp']
['Sukukaja', 'Ice Amp', 'Wind Amp', 'Niflheim']
['Wind Boost', 'Charmdi', 'Garu', 'Patra']
['Garu', 'Hama', 'Charmdi', 'Ice Amp']
['Garu', 'High Counter', 'Raging Tiger', 'Hama']
['Raging Tiger', 'Garu', 'Hama', 'Patra']
['Patra', 'Magarudyne', 'Hama', 'Garu']
['Garu', 'Raging Tiger', 'Niflheim', 'Mediarama']
['Hama', 'Raging Tiger', 'Patra', 'Garu']
['Garu', 'Hama', 'Patra', 'Mediarama']
['Charmdi', 'High Counter', 'Garu', 'Sukukaja']
['Counter', 'Garu', 'Raging Tiger', 'Mabufudyne']
['Garu', 'Patra', 'Hama', 'Charmdi']
['Hama', 'Wind Boost', 'Mediarama', 'Counter']
['Wind Boost', 'Charmdi', 'Patra', 'Counter']
['Garu', 'Sukukaja', 'Raging Tiger', 'Magarudyne']
['Garu', 'Diarahan', 'Wind Boost', 'Patra']
['Counter', 'Patra', 'Garu', 'Absorb Fire']
['Hama', 'Raging Tiger', 'Wind Amp', 'Mediarama']
['Charmdi', 'Hama', 'Ice Amp', 'Patra']
['Raging Tiger', 'Garu', 'Absorb Fire', 'Hama']
['Raging Tiger', 'Hama', 'Patra', 'Wind Boost']
['Diarahan', 'Garu', 'High Counter', 'Raging Tiger']
['Patra', 'Mind Charge', 'Wind Amp', 'Mediarama']
['Diarahan', 'Sukukaja', 'Niflheim', 'Patra']
['Wind Amp', 'Patra', 'Charmdi', 'Raging Tiger']
['Patra', 'Unshaken Will', 'Charmdi', 'Mediarama']
['Patra', 'Mabufudyne', 'Charmdi', 'High Counter']
['Unshaken Will', 'Garu', 'High Counter', 'Diarahan']
['Patra', 'Garu', 'Absorb Fire', 'Wind Boost']
['Hama', 'Raging Tiger', 'Mediarama', 'Charmdi']
['Mabufudyne', 'Garu', 'Hama', 'Sukukaja']
['Raging Tiger', 'Mediarama', 'Sukukaja', 'Charmdi']
['Unshaken Will', 'Raging Tiger', 'Hama', 'Sukukaja']
['Garu', 'Patra', 'Hama', 'Counter']
['Patra', 'Garu', 'Mabufudyne', 'Magarudyne']
['Ice Amp', 'High Counter', 'Wind Amp', 'Patra']
['Wind Boost', 'Wind Amp', 'Patra', 'Garu']
['Absorb Fire', 'Ice Amp', 'Niflheim', 'Patra']
['Hama', 'Counter', 'Garu', 'Niflheim']
['Niflheim', 'Counter', 'Mabufudyne', 'Unshaken Will']
['Garu', 'High Counter', 'Patra', 'Raging Tiger']
['Mediarama', 'Wind Boost', 'Raging Tiger', 'Charmdi']
['Raging Tiger', 'Mabufudyne', 'Ice Amp', 'Wind Amp']
['Magarudyne', 'Wind Boost', 'Ice Amp', 'Garu']
['Wind Boost', 'Wind Amp', 'Charmdi', 'Patra']
['Counter', 'Hama', 'Patra', 'Garu']
['Patra', 'Garu', 'Sukukaja', 'Ice Amp']
['Patra', 'Raging Tiger', 'Charmdi', 'Sukukaja']
['Raging Tiger', 'Charmdi', 'Mabufudyne', 'Garu']
['Charmdi', 'Sukukaja', 'Garu', 'Counter']
['Patra', 'Absorb Fire', 'Counter', 'Garu']
['Hama', 'Raging Tiger', 'Patra', 'Unshaken Will']
['Charmdi', 'Patra', 'Sukukaja', 'Raging Tiger']
['Counter', 'Hama', 'Wind Amp', 'Garu']
['Hama', 'Mabufudyne', 'Raging Tiger', 'Sukukaja']
['Charmdi', 'Garu', 'Sukukaja', 'Wind Amp']
['Patra', 'Hama', 'Charmdi', 'Mediarama']
['Unshaken Will', 'High Counter', 'Garu', 'Patra']
['High Counter', 'Wind Amp', 'Garu', 'Magarudyne']
['Garu', 'Wind Amp', 'Hama', 'Magarudyne']
['Patra', 'Garu', 'Mabufudyne', 'Counter']
['High Counter', 'Patra', 'Charmdi', 'Diarahan']
['Magarudyne', 'Ice Amp', 'Counter', 'Wind Boost']
['Garu', 'Wind Amp', 'Hama', 'Patra']
['Charmdi', 'Magarudyne', 'Hama', 'Garu']
['Sukukaja', 'Counter', 'Raging Tiger', 'Hama']
['Raging Tiger', 'Wind Boost', 'Sukukaja', 'Garu']
['Raging Tiger', 'Mind Charge', 'Absorb Fire', 'Patra']
['Sukukaja', 'Garu', 'Absorb Fire', 'High Counter']
['Charmdi', 'Absorb Fire', 'Patra', 'Garu']
['Sukukaja', 'Patra', 'Garu', 'Counter']
['Raging Tiger', 'Patra', 'Hama', 'Absorb Fire']
['Sukukaja', 'Patra', 'Garu', 'Hama']
['Garu', 'Wind Boost', 'Sukukaja', 'Patra']
['Mediarama', 'Diarahan', 'Garu', 'Raging Tiger']
['Counter', 'Absorb Fire', 'Mind Charge', 'Garu']
['Counter', 'Niflheim', 'Hama', 'High Counter']
['Ice Amp', 'Sukukaja', 'Raging Tiger', 'Magarudyne']
['Wind Boost', 'Raging Tiger', 'Patra', 'Mind Charge']
['Wind Amp', 'Charmdi', 'Wind Boost', 'Garu']
['Counter', 'Patra', 'High Counter', 'Sukukaja']
['Sukukaja', 'Patra', 'Ice Amp', 'Wind Boost']
['Hama', 'Patra', 'Charmdi', 'Garu']
['Raging Tiger', 'Patra', 'Sukukaja', 'Mabufudyne']
['Garu', 'Patra', 'Raging Tiger', 'Sukukaja']
['Charmdi', 'Garu', 'Wind Amp', 'Counter']
['Charmdi', 'Wind Boost', 'Ice Amp', 'Garu']
['Ice Amp', 'Magarudyne', 'Charmdi', 'Unshaken Will']
['Mediarama', 'Hama', 'Sukukaja', 'Mabufudyne']
['Garu', 'Counter', 'Raging Tiger', 'Wind Boost']
['Charmdi', 'Garu', 'Sukukaja', 'Wind Boost']
['Wind Amp', 'Absorb Fire', 'Garu', 'Patra']
['Wind Amp', 'High Counter', 'Raging Tiger', 'Mediarama']
['Hama', 'Wind Boost', 'Magarudyne', 'Patra']
['Charmdi', 'Mediarama', 'Garu', 'Raging Tiger']
['Hama', 'Patra', 'Garu', 'Raging Tiger']
['Raging Tiger', 'Wind Amp', 'Charmdi', 'Mind Charge']
['Wind Boost', 'Charmdi', 'Ice Amp', 'High Counter']
['High Counter', 'Wind Amp', 'Garu', 'Charmdi']
['Counter', 'Patra', 'High Counter', 'Diarahan']
['Patra', 'Counter', 'Wind Amp', 'Unshaken Will']
['Mediarama', 'Garu', 'Magarudyne', 'Patra']
['Garu', 'Counter', 'Patra', 'Wind Amp']
['Counter', 'Ice Amp', 'High Counter', 'Raging Tiger']
['Garu', 'Diarahan', 'Counter', 'Wind Boost']
['Raging Tiger', 'Garu', 'Charmdi', 'Wind Boost']
['Ice Amp', 'Sukukaja', 'Patra', 'Garu']
['Patra', 'Raging Tiger', 'Sukukaja', 'Hama']
['Ice Amp', 'Wind Boost', 'Hama', 'Charmdi']
['Raging Tiger', 'Hama', 'Wind Amp', 'Mabufudyne']
['Wind Amp', 'Magarudyne', 'Raging Tiger', 'Garu']
['Garu', 'Patra', 'Hama', 'Diarahan']
['Mabufudyne', 'Charmdi', 'Garu', 'Hama']
['Hama', 'Diarahan', 'Raging Tiger', 'High Counter']
['Garu', 'Mind Charge', 'Patra', 'Magarudyne']
['Hama', 'Counter', 'Charmdi', 'Raging Tiger']
['Wind Boost', 'Sukukaja', 'Diarahan', 'Counter']
['Wind Boost', 'Sukukaja', 'Garu', 'Patra']
['Mabufudyne', 'Magarudyne', 'Hama', 'Raging Tiger']
['Charmdi', 'Hama', 'Counter', 'Ice Amp']
['Mediarama', 'Raging Tiger', 'Diarahan', 'Hama']
['Garu', 'Patra', 'Charmdi', 'Sukukaja']
['Mabufudyne', 'High Counter', 'Raging Tiger', 'Wind Boost']
['Mediarama', 'Garu', 'Ice Amp', 'Sukukaja']
['Diarahan', 'Patra', 'Garu', 'Sukukaja']
['Wind Amp', 'High Counter', 'Garu', 'Raging Tiger']
['Absorb Fire', 'Ice Amp', 'Raging Tiger', 'Charmdi']
['Diarahan', 'Raging Tiger', 'Garu', 'Mind Charge']
['Patra', 'Hama', 'Raging Tiger', 'Garu']
['Wind Boost', 'Mind Charge', 'Niflheim', 'Patra']
['Diarahan', 'Sukukaja', 'Garu', 'Mediarama']
['Raging Tiger', 'Garu', 'Charmdi', 'Wind Amp']
['Counter', 'Garu', 'Raging Tiger', 'Wind Boost']
['Sukukaja', 'Patra', 'Garu', 'Magarudyne']
['Mabufudyne', 'Charmdi', 'Ice Amp', 'Mediarama']
['Raging Tiger', 'Charmdi', 'Patra', 'Sukukaja']
['Hama', 'Raging Tiger', 'Unshaken Will', 'Charmdi']
['Patra', 'Mind Charge', 'Hama', 'Niflheim']
['Wind Amp', 'Raging Tiger', 'Garu', 'Absorb Fire']
['Wind Amp', 'Raging Tiger', 'Wind Boost', 'Patra']
['Raging Tiger', 'Ice Amp', 'Wind Amp', 'Wind Boost']
['Mediarama', 'Wind Boost', 'Raging Tiger', 'Sukukaja']
['Mabufudyne', 'Patra', 'Garu', 'Unshaken Will']
['Patra', 'Wind Boost', 'Sukukaja', 'Garu']
['Sukukaja', 'Wind Amp', 'Charmdi', 'Garu']
['Charmdi', 'Ice Amp', 'Wind Boost', 'Diarahan']
['Garu', 'Niflheim', 'Hama', 'Sukukaja']
['Mind Charge', 'Garu', 'Patra', 'Wind Boost']
['Counter', 'Sukukaja', 'Raging Tiger', 'Mabufudyne']
['Sukukaja', 'Patra', 'High Counter', 'Counter']
['Charmdi', 'Raging Tiger', 'Mabufudyne', 'Garu']
['Patra', 'Garu', 'Raging Tiger', 'Diarahan']
['Mind Charge', 'High Counter', 'Diarahan', 'Raging Tiger']
['Raging Tiger', 'Patra', 'Absorb Fire', 'Hama']
['Patra', 'Ice Amp', 'Hama', 'Raging Tiger']
['Raging Tiger', 'Sukukaja', 'High Counter', 'Garu']
['Charmdi', 'Garu', 'Hama', 'Mind Charge']
['Raging Tiger', 'Sukukaja', 'Hama', 'Mediarama']
['Diarahan', 'Wind Boost', 'Ice Amp', 'Hama']
['Wind Boost', 'Mind Charge', 'Patra', 'Hama']
['Raging Tiger', 'Unshaken Will', 'Patra', 'Garu']
['Sukukaja', 'Raging Tiger', 'Unshaken Will', 'Charmdi']
['Sukukaja', 'Patra', 'Garu', 'Charmdi']
['Hama', 'Raging Tiger', 'Wind Boost', 'Mabufudyne']
['Sukukaja', 'Unshaken Will', 'Garu', 'Raging Tiger']
['Unshaken Will', 'Counter', 'Mediarama', 'Garu']
['Magarudyne', 'Patra', 'Sukukaja', 'Charmdi']
['Wind Boost', 'Garu', 'Patra', 'Sukukaja']
['Patra', 'Sukukaja', 'Wind Boost', 'Charmdi']
['Raging Tiger', 'Mabufudyne', 'Diarahan', 'Magarudyne']
['Mabufudyne', 'Raging Tiger', 'Counter', 'High Counter']
['Ice Amp', 'Charmdi', 'Raging Tiger', 'Patra']
['Counter', 'Garu', 'High Counter', 'Patra']
['Charmdi', 'Garu', 'Magarudyne', 'Patra']
['Hama', 'Absorb Fire', 'Magarudyne', 'Mabufudyne']
['Patra', 'Garu', 'Magarudyne', 'Ice Amp']
['Raging Tiger', 'Garu', 'Unshaken Will', 'Charmdi']
['High Counter', 'Sukukaja', 'Raging Tiger', 'Hama']
['Garu', 'Counter', 'Wind Boost', 'Absorb Fire']
['Garu', 'Raging Tiger', 'Diarahan', 'Sukukaja']
['Niflheim', 'Mind Charge', 'Raging Tiger', 'Charmdi']
['Diarahan', 'Mediarama', 'Raging Tiger', 'Patra']
['Wind Boost', 'Patra', 'Diarahan', 'Mind Charge']
['Raging Tiger', 'Niflheim', 'Sukukaja', 'Ice Amp']
['Mind Charge', 'Raging Tiger', 'Counter', 'Wind Boost']
['Patra', 'Garu', 'Ice Amp', 'Raging Tiger']
['Charmdi', 'Garu', 'Patra', 'Counter']
['Wind Boost', 'Charmdi', 'Wind Amp', 'Garu']
['Wind Amp', 'Sukukaja', 'Mind Charge', 'Mabufudyne']
['Garu', 'Counter', 'Sukukaja', 'Wind Boost']
['Counter', 'Raging Tiger', 'Wind Boost', 'Hama']
['Hama', 'Patra', 'Garu', 'Unshaken Will']
['Charmdi', 'Wind Amp', 'Patra', 'Sukukaja']
['Garu', 'Magarudyne', 'Raging Tiger', 'Hama']
['Ice Amp', 'Raging Tiger', 'Hama', 'Magarudyne']
['Hama', 'Charmdi', 'Mind Charge', 'Raging Tiger']
['Charmdi', 'Mediarama', 'Raging Tiger', 'Garu']
['Wind Boost', 'Patra', 'Counter', 'Magarudyne']
['Garu', 'Raging Tiger', 'Niflheim', 'Wind Boost']
['Wind Boost', 'Patra', 'Charmdi', 'Garu']
['Charmdi', 'Garu', 'Wind Boost', 'Ice Amp']
['Sukukaja', 'Wind Boost', 'Absorb Fire', 'Unshaken Will']
['Counter', 'Raging Tiger', 'Wind Boost', 'Sukukaja']
['Diarahan', 'Counter', 'Mediarama', 'Unshaken Will']
['Wind Amp', 'Mind Charge', 'Charmdi', 'Raging Tiger']
['Hama', 'Patra', 'Diarahan', 'Raging Tiger']
['Raging Tiger', 'Mediarama', 'Charmdi', 'Patra']
['Ice Amp', 'Garu', 'Raging Tiger', 'Charmdi']
['Garu', 'Absorb Fire', 'Hama', 'Patra']
['Charmdi', 'Garu', 'Hama', 'Wind Boost']
['Mabufudyne', 'Patra', 'Raging Tiger', 'Absorb Fire']
['Raging Tiger', 'Sukukaja', 'Hama', 'Ice Amp']
['Hama', 'Charmdi', 'Sukukaja', 'Raging Tiger']
['Raging Tiger', 'Garu', 'Wind Boost', 'Hama']
['Charmdi', 'Absorb Fire', 'Raging Tiger', 'Counter']
['Wind Amp', 'Patra', 'Charmdi', 'Garu']
['Raging Tiger', 'Hama', 'Garu', 'Wind Boost']
['Niflheim', 'Patra', 'Garu', 'Charmdi']
['Hama', 'High Counter', 'Sukukaja', 'Counter']
['Ice Amp', 'Charmdi', 'Patra', 'High Counter']
['Garu', 'Hama', 'Raging Tiger', 'Counter']
['Patra', 'Magarudyne', 'Mind Charge', 'Raging Tiger']
['Niflheim', 'Raging Tiger', 'Unshaken Will', 'Sukukaja']
['Garu', 'Wind Boost', 'Patra', 'Diarahan']
['Raging Tiger', 'Magarudyne', 'Hama', 'Mediarama']
['Patra', 'Wind Amp', 'High Counter', 'Raging Tiger']
['Mind Charge', 'Raging Tiger', 'Charmdi', 'Patra']
['Raging Tiger', 'Hama', 'Garu', 'Diarahan']
['Counter', 'Raging Tiger', 'Wind Amp', 'Charmdi']
['Mind Charge', 'Hama', 'Garu', 'Magarudyne']
['Absorb Fire', 'Raging Tiger', 'Hama', 'Charmdi']
['High Counter', 'Garu', 'Mediarama', 'Patra']
['Raging Tiger', 'Patra', 'Ice Amp', 'Wind Amp']
['Patra', 'High Counter', 'Wind Amp', 'Mabufudyne']
['Garu', 'Charmdi', 'Absorb Fire', 'Sukukaja']
['Sukukaja', 'Raging Tiger', 'Ice Amp', 'Patra']
['Sukukaja', 'Ice Amp', 'Patra', 'Niflheim']
['Raging Tiger', 'Patra', 'Hama', 'Garu']
['Wind Boost', 'Patra', 'Mabufudyne', 'Mind Charge']
['Sukukaja', 'Patra', 'Hama', 'Ice Amp']
['Garu', 'Charmdi', 'Ice Amp', 'Raging Tiger']
['Raging Tiger', 'Ice Amp', 'Counter', 'Niflheim']
['High Counter', 'Sukukaja', 'Wind Amp', 'Unshaken Will']
['Raging Tiger', 'Wind Boost', 'Charmdi', 'Sukukaja']
['Raging Tiger', 'Ice Amp', 'Counter', 'Garu']
['Niflheim', 'Ice Amp', 'Hama', 'Garu']
['Patra', 'High Counter', 'Charmdi', 'Raging Tiger']
['Patra', 'Raging Tiger', 'Garu', 'Hama']
['Absorb Fire', 'Charmdi', 'Patra', 'Raging Tiger']
['Mind Charge', 'Wind Boost', 'Raging Tiger', 'Charmdi']
['Mediarama', 'Mind Charge', 'Sukukaja', 'Raging Tiger']
['Garu', 'Hama', 'Charmdi', 'Absorb Fire']
['Wind Boost', 'Garu', 'Raging Tiger', 'Absorb Fire']
['Raging Tiger', 'Patra', 'Mabufudyne', 'Garu']
['Garu', 'Raging Tiger', 'Patra', 'Sukukaja']
['Patra', 'Sukukaja', 'Mediarama', 'Garu']
['Sukukaja', 'Garu', 'Ice Amp', 'Raging Tiger']
['Raging Tiger', 'Mediarama', 'Sukukaja', 'Garu']
['Magarudyne', 'High Counter', 'Garu', 'Raging Tiger']
['Sukukaja', 'Ice Amp', 'Raging Tiger', 'Garu']
['Mediarama', 'Hama', 'Niflheim', 'Patra']
['Hama', 'Diarahan', 'Mediarama', 'Mabufudyne']
['Wind Boost', 'Garu', 'Charmdi', 'Raging Tiger']
['Wind Amp', 'Garu', 'Raging Tiger', 'Hama']
['Hama', 'Garu', 'Unshaken Will', 'Sukukaja']
['Hama', 'Mind Charge', 'Raging Tiger', 'Garu']
['Mediarama', 'Wind Boost', 'Magarudyne', 'Wind Amp']
['Garu', 'Patra', 'Wind Boost', 'Sukukaja']
['Raging Tiger', 'Niflheim', 'Mediarama', 'Garu']
['Garu', 'Charmdi', 'Niflheim', 'Patra']
['High Counter', 'Charmdi', 'Mabufudyne', 'Patra']
['Charmdi', 'Garu', 'Sukukaja', 'Hama']
['Patra', 'Charmdi', 'Magarudyne', 'Absorb Fire']
['Patra', 'Raging Tiger', 'Hama', 'Diarahan']
['Raging Tiger', 'High Counter', 'Charmdi', 'Counter']
['Diarahan', 'Raging Tiger', 'Garu', 'Mind Charge']
['Wind Boost', 'Mind Charge', 'Charmdi', 'Mabufudyne']
['Garu', 'Mind Charge', 'Wind Boost', 'Counter']
['Sukukaja', 'Wind Boost', 'Mabufudyne', 'Hama']
['Patra', 'Mind Charge', 'Ice Amp', 'Charmdi']
['Wind Boost', 'Ice Amp', 'Magarudyne', 'Mediarama']
['High Counter', 'Mabufudyne', 'Garu', 'Patra']
['Garu', 'Sukukaja', 'Diarahan', 'Raging Tiger']
['Raging Tiger', 'Patra', 'Absorb Fire', 'Ice Amp']
['Wind Boost', 'Mind Charge', 'Niflheim', 'Hama']
['High Counter', 'Sukukaja', 'Diarahan', 'Niflheim']
['Patra', 'Hama', 'Mediarama', 'Wind Amp']
['Counter', 'Wind Boost', 'Garu', 'Wind Amp']
['Garu', 'Patra', 'Wind Boost', 'Hama']
['Diarahan', 'Raging Tiger', 'Garu', 'Patra']
['Magarudyne', 'Charmdi', 'Raging Tiger', 'Garu']
['Garu', 'Mind Charge', 'Mabufudyne', 'Sukukaja']
['Hama', 'Patra', 'Magarudyne', 'Unshaken Will']
['Garu', 'Ice Amp', 'Raging Tiger', 'Sukukaja']
['Unshaken Will', 'Mediarama', 'Garu', 'Niflheim']
['Hama', 'Sukukaja', 'Mabufudyne', 'Wind Boost']
['Garu', 'Charmdi', 'Raging Tiger', 'Hama']
['Hama', 'Garu', 'Ice Amp', 'Sukukaja']
['Sukukaja', 'Raging Tiger', 'Diarahan', 'Charmdi']
['Hama', 'Wind Amp', 'Mind Charge', 'Raging Tiger']
['Mediarama', 'Patra', 'Charmdi', 'Raging Tiger']
['Hama', 'Ice Amp', 'Counter', 'Patra']
['Patra', 'Unshaken Will', 'Garu', 'Ice Amp']
['Wind Amp', 'Garu', 'Absorb Fire', 'Ice Amp']
['Raging Tiger', 'Garu', 'Absorb Fire', 'Diarahan']
['Diarahan', 'Patra', 'Garu', 'Counter']
['Patra', 'Garu', 'Sukukaja', 'Unshaken Will']
['Hama', 'Raging Tiger', 'Absorb Fire', 'Sukukaja']
['Raging Tiger', 'Sukukaja', 'Hama', 'Ice Amp']
['Sukukaja', 'Patra', 'Magarudyne', 'Hama']
['Hama', 'Garu', 'Patra', 'Charmdi']
['Magarudyne', 'Garu', 'Niflheim', 'Hama']
['Diarahan', 'Garu', 'Charmdi', 'Absorb Fire']
['Garu', 'Ice Amp', 'Patra', 'Mabufudyne']
['Raging Tiger', 'Mind Charge', 'Magarudyne', 'Wind Boost']
['Patra', 'Charmdi', 'Wind Boost', 'Garu']
['Patra', 'Raging Tiger', 'Ice Amp', 'Magarudyne']
['Hama', 'Garu', 'Counter', 'Mediarama']
['Patra', 'Garu', 'Wind Boost', 'Raging Tiger']
['Sukukaja', 'Raging Tiger', 'Patra', 'Wind Boost']
['Raging Tiger', 'Hama', 'Garu', 'Mabufudyne']
['Hama', 'Patra', 'Charmdi', 'Raging Tiger']
['Hama', 'Garu', 'Raging Tiger', 'Patra']
['Patra', 'Wind Boost', 'Mabufudyne', 'Ice Amp']
['Counter', 'Wind Boost', 'Sukukaja', 'Hama']
['Raging Tiger', 'Patra', 'Hama', 'Mediarama']
['Mediarama', 'Patra', 'Diarahan', 'Sukukaja']
['Garu', 'Raging Tiger', 'Patra', 'Counter']
['Magarudyne', 'Patra', 'Raging Tiger', 'Garu']
['Raging Tiger', 'Wind Boost', 'Patra', 'Garu']
['Ice Amp', 'Wind Boost', 'Mabufudyne', 'Hama']
['Sukukaja', 'Patra', 'Hama', 'Mabufudyne']
['Patra', 'Wind Boost', 'Unshaken Will', 'Charmdi']
['Diarahan', 'Wind Amp', 'Counter', 'Raging Tiger']
['Hama', 'Mind Charge', 'Raging Tiger', 'Garu']
['Garu', 'Diarahan', 'Raging Tiger', 'Wind Boost']
['Patra', 'Unshaken Will', 'Garu', 'Diarahan']
['Raging Tiger', 'Hama', 'Counter', 'Wind Boost']
['Absorb Fire', 'Sukukaja', 'Charmdi', 'High Counter']
['Raging Tiger', 'Hama', 'Magarudyne', 'Ice Amp']
['Hama', 'Garu', 'Raging Tiger', 'Patra']
['Wind Boost', 'Garu', 'Diarahan', 'Hama']
['Mabufudyne', 'Diarahan', 'Raging Tiger', 'High Counter']
['Ice Amp', 'Wind Boost', 'Raging Tiger', 'Patra']
['Sukukaja', 'Wind Boost', 'Raging Tiger', 'Hama']
['Wind Boost', 'Raging Tiger', 'Absorb Fire', 'Garu']
['Garu', 'Charmdi', 'Sukukaja', 'Absorb Fire']
['Garu', 'Raging Tiger', 'Sukukaja', 'Patra']
['Counter', 'Ice Amp', 'Charmdi', 'High Counter']
['Raging Tiger', 'Patra', 'Hama', 'Garu']
['Absorb Fire', 'Patra', 'Niflheim', 'Wind Boost']
['Garu', 'Unshaken Will', 'High Counter', 'Sukukaja']
['Garu', 'Raging Tiger', 'Hama', 'Wind Amp']
['Hama', 'Mediarama', 'Wind Boost', 'Patra']
['Raging Tiger', 'Diarahan', 'Wind Boost', 'Patra']
['Hama', 'Ice Amp', 'Raging Tiger', 'Garu']
['Patra', 'Wind Amp', 'Garu', 'Charmdi']
['Garu', 'Mabufudyne', 'Raging Tiger', 'Patra']
['Garu', 'Patra', 'Ice Amp', 'Absorb Fire']
['Patra', 'Wind Boost', 'Garu', 'Sukukaja']
['Raging Tiger', 'Hama', 'Mind Charge', 'Patra']
['Garu', 'Hama', 'Patra', 'Sukukaja']
['Raging Tiger', 'Garu', 'Wind Boost', 'Charmdi']
['Niflheim', 'Hama', 'Wind Boost', 'Counter']
['Garu', 'Patra', 'Niflheim', 'Diarahan']
['High Counter', 'Raging Tiger', 'Patra', 'Hama']
['Raging Tiger', 'Patra', 'Sukukaja', 'Counter']
['Mabufudyne', 'Mediarama', 'Hama', 'Raging Tiger']
['Raging Tiger', 'Garu', 'Sukukaja', 'Diarahan']
['Garu', 'Patra', 'Wind Amp', 'Raging Tiger']
['Garu', 'Magarudyne', 'Sukukaja', 'Charmdi']
['High Counter', 'Garu', 'Sukukaja', 'Charmdi']
['Garu', 'Charmdi', 'Magarudyne', 'Hama']
['High Counter', 'Diarahan', 'Hama', 'Raging Tiger']
['Patra', 'Counter', 'Ice Amp', 'Raging Tiger']
['Wind Boost', 'Counter', 'Sukukaja', 'Raging Tiger']
['Raging Tiger', 'Mabufudyne', 'Garu', 'Hama']
['Garu', 'Patra', 'Niflheim', 'Raging Tiger']
['Garu', 'Magarudyne', 'Hama', 'Mind Charge']
['Wind Boost', 'Garu', 'Mediarama', 'Magarudyne']
['Wind Boost', 'Garu', 'Unshaken Will', 'Patra']
['Raging Tiger', 'Ice Amp', 'Mediarama', 'Magarudyne']
['Charmdi', 'Mabufudyne', 'Raging Tiger', 'Patra']
['Sukukaja', 'Counter', 'Mediarama', 'Magarudyne']
['Diarahan', 'Garu', 'Unshaken Will', 'Sukukaja']
['High Counter', 'Absorb Fire', 'Counter', 'Raging Tiger']
['Ice Amp', 'Mind Charge', 'Raging Tiger', 'Sukukaja']
['Raging Tiger', 'Patra', 'Garu', 'Counter']
['Wind Boost', 'Patra', 'Diarahan', 'Raging Tiger']
['Patra', 'Sukukaja', 'Mediarama', 'Raging Tiger']
['Garu', 'Wind Boost', 'Mediarama', 'Counter']
['Patra', 'Mind Charge', 'Garu', 'Sukukaja']
['Raging Tiger', 'Counter', 'Mediarama', 'Wind Boost']
['High Counter', 'Absorb Fire', 'Niflheim', 'Wind Amp']
['Charmdi', 'Wind Boost', 'Patra', 'Sukukaja']
['Hama', 'Raging Tiger', 'Garu', 'Charmdi']
['Wind Boost', 'Mind Charge', 'Raging Tiger', 'Absorb Fire']
['Ice Amp', 'Patra', 'High Counter', 'Wind Boost']
['Mind Charge', 'Raging Tiger', 'Unshaken Will', 'Sukukaja']
['Garu', 'Counter', 'Hama', 'Magarudyne']
['Ice Amp', 'Hama', 'Patra', 'Counter']
['Sukukaja', 'Ice Amp', 'Patra', 'Raging Tiger']
['Counter', 'Patra', 'Raging Tiger', 'Garu']
['Raging Tiger', 'Sukukaja', 'Hama', 'Garu']
['Hama', 'Garu', 'Patra', 'Counter']
['Magarudyne', 'Mediarama', 'Charmdi', 'Garu']
['Ice Amp', 'Mabufudyne', 'Raging Tiger', 'Mind Charge']
['Charmdi', 'Sukukaja', 'Hama', 'Ice Amp']
['High Counter', 'Hama', 'Raging Tiger', 'Garu']
['Garu', 'Diarahan', 'Charmdi', 'Ice Amp']
['Charmdi', 'Hama', 'Counter', 'Wind Boost']
['Charmdi', 'Mabufudyne', 'Sukukaja', 'Patra']
['Wind Amp', 'Wind Boost', 'Sukukaja', 'Patra']
['Wind Amp', 'Unshaken Will', 'Mediarama', 'Wind Boost']
['Garu', 'Mediarama', 'Counter', 'Wind Boost']
['Wind Amp', 'Garu', 'Wind Boost', 'Raging Tiger']
['Mind Charge', 'Wind Boost', 'Counter', 'Garu']
['Raging Tiger', 'Patra', 'Mind Charge', 'Wind Boost']
['Patra', 'Hama', 'Garu', 'Raging Tiger']
['Hama', 'Absorb Fire', 'Sukukaja', 'Mind Charge']
['Counter', 'Unshaken Will', 'Wind Amp', 'Ice Amp']
['Raging Tiger', 'Patra', 'Ice Amp', 'Charmdi']
['Mabufudyne', 'Raging Tiger', 'Sukukaja', 'Patra']
['Mind Charge', 'Garu', 'Counter', 'Raging Tiger']
['Wind Boost', 'Mind Charge', 'Raging Tiger', 'Charmdi']
['Charmdi', 'Sukukaja', 'Patra', 'Garu']
['Patra', 'Hama', 'Wind Boost', 'Mediarama']
['Hama', 'Raging Tiger', 'Mabufudyne', 'Garu']
['Raging Tiger', 'Garu', 'Counter', 'Niflheim']
['Mabufudyne', 'Counter', 'Hama', 'Garu']
['Raging Tiger', 'Ice Amp', 'Patra', 'Charmdi']
['Raging Tiger', 'Garu', 'Patra', 'Mind Charge']
['Hama', 'Garu', 'Sukukaja', 'Ice Amp']
['Diarahan', 'Mind Charge', 'Mediarama', 'Wind Amp']
['Sukukaja', 'Counter', 'Ice Amp', 'Wind Boost']
['Raging Tiger', 'Wind Amp', 'Hama', 'Patra']
['Garu', 'Patra', 'Charmdi', 'Wind Amp']
['Charmdi', 'Ice Amp', 'Wind Boost', 'Sukukaja']
['Mind Charge', 'Patra', 'Hama', 'Magarudyne']
['Garu', 'Patra', 'Magarudyne', 'Hama']
['Patra', 'Counter', 'Raging Tiger', 'Absorb Fire']
['Mediarama', 'Garu', 'Ice Amp', 'Patra']
['Wind Boost', 'Raging Tiger', 'Sukukaja', 'Garu']
['Counter', 'Ice Amp', 'Hama', 'Patra']
['Counter', 'High Counter', 'Wind Amp', 'Patra']
['Charmdi', 'Patra', 'Raging Tiger', 'Garu']
['Garu', 'Raging Tiger', 'Sukukaja', 'Wind Boost']
['Hama', 'High Counter', 'Patra', 'Garu']
['Hama', 'Mediarama', 'Patra', 'Raging Tiger']
['Raging Tiger', 'Ice Amp', 'Charmdi', 'Garu']
['Wind Boost', 'Counter', 'Raging Tiger', 'Sukukaja']
['Magarudyne', 'Patra', 'Raging Tiger', 'Garu']
['Wind Amp', 'Charmdi', 'Raging Tiger', 'Garu']
['Unshaken Will', 'Garu', 'Charmdi', 'Wind Boost']
['Charmdi', 'Wind Amp', 'Garu', 'Sukukaja']
['Counter', 'Patra', 'Raging Tiger', 'Wind Boost']
['Hama', 'Sukukaja', 'Wind Amp', 'Raging Tiger']
['Charmdi', 'Wind Boost', 'Hama', 'Garu']
['Charmdi', 'Garu', 'Niflheim', 'Ice Amp']
['Raging Tiger', 'Wind Boost', 'Garu', 'Sukukaja']
['Wind Amp', 'Charmdi', 'Garu', 'Patra']
['Charmdi', 'Raging Tiger', 'Counter', 'Wind Boost']
['Mediarama', 'Ice Amp', 'Raging Tiger', 'Diarahan']
['Charmdi', 'Raging Tiger', 'Garu', 'Mind Charge']
['Wind Amp', 'Wind Boost', 'Patra', 'Garu']
['Counter', 'Magarudyne', 'Patra', 'Garu']
['Charmdi', 'Magarudyne', 'Counter', 'Absorb Fire']
['Charmdi', 'Hama', 'Niflheim', 'Patra']
['High Counter', 'Mind Charge', 'Diarahan', 'Niflheim']
['Wind Boost', 'Diarahan', 'Raging Tiger', 'Mediarama']
['Counter', 'Wind Boost', 'Hama', 'Wind Amp']
['Wind Boost', 'Charmdi', 'Patra', 'Magarudyne']
['Sukukaja', 'Raging Tiger', 'Garu', 'Wind Boost']
['Charmdi', 'Mabufudyne', 'Garu', 'Raging Tiger']
['Patra', 'Diarahan', 'Raging Tiger', 'Mediarama']
['Sukukaja', 'Hama', 'Diarahan', 'Ice Amp']
['Counter', 'Wind Amp', 'Raging Tiger', 'Patra']
['High Counter', 'Garu', 'Patra', 'Wind Amp']
['Absorb Fire', 'Patra', 'Raging Tiger', 'Diarahan']
['Patra', 'Garu', 'Ice Amp', 'Hama']
['Magarudyne', 'Garu', 'Charmdi', 'Counter']
['Sukukaja', 'Raging Tiger', 'Counter', 'Diarahan']
['Hama', 'Niflheim', 'Charmdi', 'Diarahan']
['Ice Amp', 'Hama', 'Garu', 'Raging Tiger']
['Ice Amp', 'Garu', 'Raging Tiger', 'Patra']
['Garu', 'Hama', 'Raging Tiger', 'Magarudyne']
['Garu', 'Hama', 'Mind Charge', 'Unshaken Will']
['Mediarama', 'Charmdi', 'Patra', 'High Counter']
['Patra', 'Counter', 'Mind Charge', 'Charmdi']
['Unshaken Will', 'Wind Boost', 'Patra', 'Counter']
['Charmdi', 'Raging Tiger', 'Magarudyne', 'Absorb Fire']
['Mind Charge', 'Niflheim', 'Hama', 'Counter']
['Wind Boost', 'Hama', 'Raging Tiger', 'Sukukaja']
['Wind Amp', 'Garu', 'Charmdi', 'Raging Tiger']
['Charmdi', 'Wind Boost', 'Diarahan', 'Patra']
['Raging Tiger', 'Counter', 'Charmdi', 'Mediarama']
['Patra', 'Charmdi', 'Mediarama', 'Diarahan']
['Hama', 'Raging Tiger', 'Patra', 'Wind Boost']
['Raging Tiger', 'Garu', 'Mind Charge', 'Sukukaja']
['Mediarama', 'Wind Boost', 'Counter', 'High Counter']
['Absorb Fire', 'Garu', 'Patra', 'Raging Tiger']
['Patra', 'Wind Boost', 'Mediarama', 'Charmdi']
['Sukukaja', 'Garu', 'Magarudyne', 'Raging Tiger']
['Wind Boost', 'Garu', 'High Counter', 'Patra']
['Patra', 'Raging Tiger', 'Wind Boost', 'Magarudyne']
['Sukukaja', 'Charmdi', 'Patra', 'Raging Tiger']
['Wind Boost', 'Garu', 'Patra', 'Hama']
['Garu', 'Counter', 'Wind Boost', 'Wind Amp']
['Sukukaja', 'Garu', 'Patra', 'Charmdi']
['Hama', 'High Counter', 'Wind Boost', 'Raging Tiger']
['Patra', 'Unshaken Will', 'Raging Tiger', 'Garu']
['Wind Boost', 'Garu', 'Patra', 'Mind Charge']
['Garu', 'Wind Boost', 'High Counter', 'Hama']
['Counter', 'Ice Amp', 'Patra', 'Unshaken Will']
['Raging Tiger', 'Wind Boost', 'Charmdi', 'Magarudyne']
['Sukukaja', 'Charmdi', 'Counter', 'Wind Amp']
['Counter', 'Mabufudyne', 'Mind Charge', 'Sukukaja']
['Wind Amp', 'Patra', 'Mediarama', 'Mind Charge']
['Ice Amp', 'Wind Amp', 'Garu', 'Counter']
['Wind Boost', 'Charmdi', 'Raging Tiger', 'Counter']
['High Counter', 'Unshaken Will', 'Raging Tiger', 'Patra']
['Patra', 'Garu', 'Mind Charge', 'Diarahan']
['Charmdi', 'Garu', 'Mind Charge', 'Absorb Fire']
['Counter', 'Mediarama', 'Patra', 'Charmdi']
['High Counter', 'Raging Tiger', 'Ice Amp', 'Garu']
['Patra', 'Mind Charge', 'Counter', 'Sukukaja']
['Patra', 'Raging Tiger', 'Mind Charge', 'Hama']
['Patra', 'Counter', 'Niflheim', 'Raging Tiger']
['Charmdi', 'Patra', 'Hama', 'Wind Boost']
['Raging Tiger', 'Patra', 'Sukukaja', 'Mediarama']
['High Counter', 'Raging Tiger', 'Sukukaja', 'Mediarama']
['Garu', 'Hama', 'Ice Amp', 'Wind Boost']
['Patra', 'Raging Tiger', 'Counter', 'Ice Amp']
['Wind Amp', 'Charmdi', 'Patra', 'Raging Tiger']
['Wind Boost', 'Raging Tiger', 'Garu', 'Sukukaja']
['Raging Tiger', 'Garu', 'Patra', 'Hama']
['Counter', 'Garu', 'Wind Boost', 'Hama']
['Niflheim', 'Raging Tiger', 'Charmdi', 'Absorb Fire']
['Wind Boost', 'Raging Tiger', 'Garu', 'Wind Amp']
['Wind Boost', 'Garu', 'Raging Tiger', 'Counter']
['Magarudyne', 'Raging Tiger', 'Garu', 'Wind Boost']
['Garu', 'Raging Tiger', 'Counter', 'Mabufudyne']
['Sukukaja', 'Patra', 'Garu', 'Absorb Fire']
['Wind Boost', 'Raging Tiger', 'Garu', 'Counter']
['Hama', 'Diarahan', 'Sukukaja', 'High Counter']
['High Counter', 'Raging Tiger', 'Magarudyne', 'Patra']
['Mediarama', 'Garu', 'Patra', 'Sukukaja']
['High Counter', 'Raging Tiger', 'Garu', 'Sukukaja']
['Hama', 'Ice Amp', 'Garu', 'Patra']
['Patra', 'Wind Boost', 'Counter', 'Absorb Fire']
['Garu', 'Niflheim', 'Raging Tiger', 'Unshaken Will']
['Wind Boost', 'Charmdi', 'Mind Charge', 'Mabufudyne']
['Patra', 'Raging Tiger', 'Unshaken Will', 'Niflheim']
['Sukukaja', 'Wind Boost', 'Charmdi', 'High Counter']
['Garu', 'Counter', 'Mabufudyne', 'Hama']
['Patra', 'Raging Tiger', 'Wind Amp', 'Sukukaja']
['Raging Tiger', 'Wind Boost', 'Counter', 'Absorb Fire']
['Niflheim', 'Ice Amp', 'Mabufudyne', 'Patra']
['Hama', 'Absorb Fire', 'Charmdi', 'Wind Boost']
['Charmdi', 'Raging Tiger', 'Wind Boost', 'Diarahan']
['Patra', 'Garu', 'Counter', 'Mind Charge']
['Garu', 'Raging Tiger', 'Charmdi', 'Mabufudyne']
['Garu', 'Raging Tiger', 'High Counter', 'Absorb Fire']
['Garu', 'Patra', 'Raging Tiger', 'Counter']
['Patra', 'Counter', 'Raging Tiger', 'Sukukaja']
['Sukukaja', 'Counter', 'Hama', 'Charmdi']
['Ice Amp', 'Garu', 'Patra', 'Wind Boost']
['Garu', 'Charmdi', 'Hama', 'Mediarama']
['Wind Boost', 'Hama', 'Patra', 'Wind Amp']
['Patra', 'Wind Boost', 'Hama', 'Mediarama']
['Garu', 'Charmdi', 'Hama', 'Patra']
['Mabufudyne', 'High Counter', 'Magarudyne', 'Charmdi']
['Raging Tiger', 'Garu', 'Mind Charge', 'Patra']
['Raging Tiger', 'Niflheim', 'Patra', 'Wind Boost']
['Garu', 'Mediarama', 'Niflheim', 'Raging Tiger']
['Sukukaja', 'Garu', 'Raging Tiger', 'Counter']
['Raging Tiger', 'Mind Charge', 'Charmdi', 'Sukukaja']
['Charmdi', 'Sukukaja', 'Wind Boost', 'Counter']
['Garu', 'Raging Tiger', 'Patra', 'Hama']
['Counter', 'Raging Tiger', 'High Counter', 'Patra']
['Unshaken Will', 'Sukukaja', 'Mediarama', 'Wind Boost']
['Counter', 'Unshaken Will', 'Patra', 'Magarudyne']
['High Counter', 'Hama', 'Garu', 'Patra']
['Niflheim', 'Garu', 'Magarudyne', 'Sukukaja']
['Patra', 'Wind Boost', 'Counter', 'Hama']
['Counter', 'Garu', 'Raging Tiger', 'Unshaken Will']
['Patra', 'Sukukaja', 'Garu', 'Hama']
['Wind Boost', 'Magarudyne', 'Sukukaja', 'Counter']
['Absorb Fire', 'Raging Tiger', 'Patra', 'Garu']
['Garu', 'Ice Amp', 'Counter', 'Sukukaja']
['Patra', 'Counter', 'Raging Tiger', 'Wind Boost']
['Patra', 'High Counter', 'Sukukaja', 'Hama']
['Patra', 'Raging Tiger', 'Mabufudyne', 'Sukukaja']
['Raging Tiger', 'Charmdi', 'Garu', 'Diarahan']
['Raging Tiger', 'Garu', 'Mind Charge', 'Patra']
['Patra', 'Garu', 'Counter', 'Charmdi']
['High Counter', 'Ice Amp', 'Counter', 'Patra']
['Mind Charge', 'Charmdi', 'Raging Tiger', 'Niflheim']
['Sukukaja', 'Patra', 'Raging Tiger', 'Mabufudyne']
['Patra', 'Garu', 'Mediarama', 'Wind Amp']
['Wind Amp', 'Garu', 'Ice Amp', 'Charmdi']
['Hama', 'Wind Amp', 'Mabufudyne', 'Charmdi']
['Unshaken Will', 'Raging Tiger', 'Garu', 'Sukukaja']
['Counter', 'Charmdi', 'Wind Boost', 'Ice Amp']
['Hama', 'Garu', 'High Counter', 'Counter']
['Raging Tiger', 'Mind Charge', 'Ice Amp', 'Garu']
['Hama', 'Wind Boost', 'Magarudyne', 'Raging Tiger']
['Counter', 'Mabufudyne', 'Garu', 'Patra']
['Mediarama', 'Patra', 'Charmdi', 'Diarahan']
['Patra', 'Niflheim', 'Garu', 'Absorb Fire']
['Mediarama', 'Counter', 'Wind Boost', 'Raging Tiger']
['Mediarama', 'Garu', 'Sukukaja', 'Absorb Fire']
['Hama', 'Patra', 'Charmdi', 'Raging Tiger']
['High Counter', 'Garu', 'Wind Amp', 'Charmdi']
['Sukukaja', 'Garu', 'Counter', 'Wind Boost']
['Sukukaja', 'Mabufudyne', 'Raging Tiger', 'High Counter']
['Hama', 'Raging Tiger', 'Counter', 'Patra']
['Garu', 'Wind Boost', 'Mind Charge', 'Sukukaja']
['Mind Charge', 'Mediarama', 'Wind Boost', 'Unshaken Will']
['Patra', 'Raging Tiger', 'Charmdi', 'Wind Boost']
['Absorb Fire', 'Wind Amp', 'Diarahan', 'Patra']
['High Counter', 'Patra', 'Diarahan', 'Raging Tiger']
['Magarudyne', 'Hama', 'Sukukaja', 'Garu']
