['Null Dark', 'Growth 1', 'Charmdi', 'Bufudyne']
['Ice Break', 'Auto-Tarukaja', 'Mazio', 'Elec Boost']
['Invigorate 2', 'Ice Break', 'Growth 1', 'Charmdi']
['Counterstrike', 'Invigorate 2', 'Ice Break', 'Marakukaja']
['Pulinpa', 'Growth 1', 'Auto-Tarukaja', 'Bufudyne']
['Null Dark', 'Auto-Tarukaja', 'Growth 1', 'Heat Wave']
['Charmdi', 'Mazio', 'Pulinpa', 'Elec Break']
['Mazio', 'Zionga', 'Growth 1', 'Mabufula']
['Marakukaja', 'Getsu-ei', 'Resist Fire', 'Null Dark']
['Growth 1', 'Charmdi', 'Elec Boost', 'Elec Break']
['Pulinpa', 'Heat Wave', 'Invigorate 2', 'Elec Break']
['Counterstrike', 'Growth 1', 'Getsu-ei', 'Pulinpa']
['Charmdi', 'Zionga', 'Counterstrike', 'Mabufula']
['Growth 1', 'Getsu-ei', 'Charmdi', 'Auto-Tarukaja']
['Counterstrike', 'Virus Breath', 'Bufudyne', 'Heat Wave']
['Mazio', 'Invigorate 2', 'Growth 1', 'Counterstrike']
['Getsu-ei', 'Mazio', 'Virus Breath', 'Elec Boost']
['Growth 1', 'Heat Wave', 'Ice Break', 'Charmdi']
['Elec Boost', 'Auto-Tarukaja', 'Mazio', 'Null Dark']
['Elec Break', 'Counterstrike', 'Auto-Tarukaja', 'Bufudyne']
['Mabufula', 'Mazio', 'Charmdi', 'Pulinpa']
['Pulinpa', 'Elec Boost', 'Elec Break', 'Charmdi']
['Null Poison', 'Mazio', 'Pulinpa', 'Auto-Maraku']
['Zionga', 'Pulinpa', 'Auto-Tarukaja', 'Elec Boost']
['Mabufula', 'Heat Wave', 'Pulinpa', 'Charmdi']
['Elec Boost', 'Auto-Maraku', 'Mazio', 'Null Poison']
['Auto-Tarukaja', 'Mazio', 'Pulinpa', 'Elec Break']
['Pulinpa', 'Invigorate 2', 'Elec Boost', 'Mazio']
['Zionga', 'Null Poison', 'Growth 1', 'Null Dark']
['Zionga', 'Pulinpa', 'Growth 1', 'Elec Boost']
['Null Dark', 'Ice Break', 'Getsu-ei', 'Amrita']
['Charmdi', 'Counterstrike', 'Resist Fire', 'Mazio']
['Charmdi', 'Growth 1', 'Mazio', 'Ice Break']
['Auto-Tarukaja', 'Growth 1', 'Charmdi', 'Mabufula']
['Mazio', 'Charmdi', 'Auto-Maraku', 'Mabufula']
['Zionga', 'Bufudyne', 'Growth 1', 'Mabufula']
['Invigorate 2', 'Auto-Tarukaja', 'Amrita', 'Bufudyne']
['Elec Break', 'Mazio', 'Pulinpa', 'Amrita']
['Counterstrike', 'Mazio', 'Growth 1', 'Auto-Maraku']
['Growth 1', 'Elec Boost', 'Mazio', 'Getsu-ei']
['Bufudyne', 'Pulinpa', 'Zionga', 'Counterstrike']
['Counterstrike', 'Virus Breath', 'Mazio', 'Growth 1']
['Heat Wave', 'Zionga', 'Invigorate 2', 'Getsu-ei']
['Growth 1', 'Elec Break', 'Zionga', 'Mazio']
['Getsu-ei', 'Bufudyne', 'Pulinpa', 'Mabufula']
['Elec Boost', 'Null Poison', 'Null Dark', 'Counterstrike']
['Auto-Tarukaja', 'Charmdi', 'Zionga', 'Elec Break']
['Mazio', 'Charmdi', 'Virus Breath', 'Counterstrike']
['Auto-Tarukaja', 'Null Dark', 'Charmdi', 'Elec Boost']
['Elec Boost', 'Marakukaja', 'Pulinpa', 'Mazio']
['Elec Boost', 'Auto-Maraku', 'Heat Wave', 'Mazio']
['Pulinpa', 'Mazio', 'Zionga', 'Counterstrike']
['Pulinpa', 'Null Poison', 'Zionga', 'Bufudyne']
['Charmdi', 'Virus Breath', 'Mazio', 'Invigorate 2']
['Charmdi', 'Mazio', 'Virus Breath', 'Getsu-ei']
['Growth 1', 'Invigorate 2', 'Null Dark', 'Pulinpa']
['Counterstrike', 'Zionga', 'Pulinpa', 'Virus Breath']
['Elec Boost', 'Amrita', 'Elec Break', 'Growth 1']
['Null Poison', 'Mabufula', 'Auto-Maraku', 'Zionga']
['Charmdi', 'Mabufula', 'Virus Breath', 'Zionga']
['Mazio', 'Mabufula', 'Marakukaja', 'Virus Breath']
['Resist Fire', 'Null Dark', 'Ice Break', 'Mazio']
['Elec Boost', 'Mazio', 'Null Dark', 'Heat Wave']
['Zionga', 'Amrita', 'Pulinpa', 'Mazio']
['Charmdi', 'Zionga', 'Elec Boost', 'Pulinpa']
['Heat Wave', 'Virus Breath', 'Ice Break', 'Charmdi']
['Charmdi', 'Null Dark', 'Growth 1', 'Getsu-ei']
['Null Poison', 'Ice Break', 'Zionga', 'Mabufula']
['Getsu-ei', 'Virus Breath', 'Pulinpa', 'Counterstrike']
['Zionga', 'Charmdi', 'Mazio', 'Getsu-ei']
['Growth 1', 'Charmdi', 'Getsu-ei', 'Counterstrike']
['Heat Wave', 'Growth 1', 'Counterstrike', 'Charmdi']
['Charmdi', 'Ice Break', 'Elec Boost', 'Bufudyne']
['Amrita', 'Resist Fire', 'Null Dark', 'Counterstrike']
['Invigorate 2', 'Growth 1', 'Charmdi', 'Zionga']
['Elec Boost', 'Null Dark', 'Elec Break', 'Mazio']
['Virus Breath', 'Charmdi', 'Invigorate 2', 'Mabufula']
['Mabufula', 'Marakukaja', 'Elec Break', 'Pulinpa']
['Getsu-ei', 'Bufudyne', 'Heat Wave', 'Auto-Tarukaja']
['Mazio', 'Pulinpa', 'Charmdi', 'Resist Fire']
['Auto-Tarukaja', 'Elec Break', 'Resist Fire', 'Charmdi']
['Heat Wave', 'Mabufula', 'Elec Boost', 'Charmdi']
['Counterstrike', 'Pulinpa', 'Auto-Tarukaja', 'Null Dark']
['Charmdi', 'Invigorate 2', 'Auto-Tarukaja', 'Mabufula']
['Counterstrike', 'Null Dark', 'Pulinpa', 'Mazio']
['Elec Boost', 'Mabufula', 'Ice Break', 'Pulinpa']
['Pulinpa', 'Auto-Tarukaja', 'Charmdi', 'Heat Wave']
['Growth 1', 'Null Dark', 'Marakukaja', 'Null Poison']
['Zionga', 'Growth 1', 'Auto-Tarukaja', 'Heat Wave']
['Null Poison', 'Growth 1', 'Mabufula', 'Heat Wave']
['Zionga', 'Getsu-ei', 'Charmdi', 'Heat Wave']
['Elec Boost', 'Pulinpa', 'Elec Break', 'Virus Breath']
['Zionga', 'Growth 1', 'Counterstrike', 'Auto-Tarukaja']
['Mabufula', 'Growth 1', 'Pulinpa', 'Heat Wave']
['Pulinpa', 'Auto-Tarukaja', 'Null Poison', 'Resist Fire']
['Pulinpa', 'Zionga', 'Resist Fire', 'Elec Break']
['Auto-Tarukaja', 'Zionga', 'Mazio', 'Bufudyne']
['Invigorate 2', 'Ice Break', 'Elec Boost', 'Mabufula']
['Mazio', 'Elec Boost', 'Pulinpa', 'Bufudyne']
['Elec Boost', 'Auto-Tarukaja', 'Marakukaja', 'Heat Wave']
['Growth 1', 'Zionga', 'Pulinpa', 'Auto-Tarukaja']
['Getsu-ei', 'Invigorate 2', 'Counterstrike', 'Mazio']
['Zionga', 'Amrita', 'Charmdi', 'Getsu-ei']
['Mazio', 'Null Dark', 'Heat Wave', 'Elec Break']
['Mazio', 'Elec Break', 'Elec Boost', 'Pulinpa']
['Pulinpa', 'Charmdi', 'Getsu-ei', 'Mazio']
['Heat Wave', 'Zionga', 'Growth 1', 'Null Poison']
['Getsu-ei', 'Null Dark', 'Zionga', 'Mazio']
['Elec Break', 'Zionga', 'Auto-Tarukaja', 'Pulinpa']
['Elec Break', 'Pulinpa', 'Resist Fire', 'Getsu-ei']
['Auto-Tarukaja', 'Counterstrike', 'Getsu-ei', 'Heat Wave']
['Mabufula', 'Charmdi', 'Counterstrike', 'Auto-Maraku']
['Growth 1', 'Ice Break', 'Charmdi', 'Mabufula']
['Pulinpa', 'Getsu-ei', 'Charmdi', 'Bufudyne']
['Null Dark', 'Zionga', 'Elec Boost', 'Pulinpa']
['Elec Break', 'Mazio', 'Ice Break', 'Resist Fire']
['Mazio', 'Elec Break', 'Null Poison', 'Counterstrike']
['Elec Boost', 'Charmdi', 'Growth 1', 'Counterstrike']
['Virus Breath', 'Charmdi', 'Elec Boost', 'Marakukaja']
['Elec Boost', 'Pulinpa', 'Marakukaja', 'Zionga']
['Mazio', 'Resist Fire', 'Charmdi', 'Ice Break']
['Auto-Maraku', 'Growth 1', 'Marakukaja', 'Bufudyne']
['Bufudyne', 'Mazio', 'Auto-Maraku', 'Pulinpa']
['Mazio', 'Amrita', 'Auto-Maraku', 'Getsu-ei']
['Charmdi', 'Elec Boost', 'Heat Wave', 'Bufudyne']
['Growth 1', 'Heat Wave', 'Mazio', 'Charmdi']
['Counterstrike', 'Charmdi', 'Auto-Tarukaja', 'Pulinpa']
['Auto-Tarukaja', 'Charmdi', 'Elec Boost', 'Zionga']
['Elec Boost', 'Bufudyne', 'Heat Wave', 'Getsu-ei']
['Null Poison', 'Getsu-ei', 'Virus Breath', 'Growth 1']
['Invigorate 2', 'Null Dark', 'Growth 1', 'Pulinpa']
['Null Poison', 'Elec Boost', 'Getsu-ei', 'Counterstrike']
['Invigorate 2', 'Null Poison', 'Charmdi', 'Auto-Tarukaja']
['Zionga', 'Charmdi', 'Null Dark', 'Pulinpa']
['Elec Boost', 'Auto-Tarukaja', 'Bufudyne', 'Growth 1']
['Elec Break', 'Growth 1', 'Counterstrike', 'Amrita']
['Growth 1', 'Virus Breath', 'Elec Boost', 'Charmdi']
['Auto-Maraku', 'Charmdi', 'Mabufula', 'Null Poison']
['Invigorate 2', 'Marakukaja', 'Heat Wave', 'Getsu-ei']
['Null Dark', 'Elec Boost', 'Ice Break', 'Mazio']
['Ice Break', 'Mabufula', 'Amrita', 'Heat Wave']
['Auto-Tarukaja', 'Pulinpa', 'Amrita', 'Charmdi']
['Invigorate 2', 'Zionga', 'Pulinpa', 'Mazio']
['Charmdi', 'Elec Boost', 'Counterstrike', 'Growth 1']
['Growth 1', 'Bufudyne', 'Mazio', 'Pulinpa']
['Null Poison', 'Zionga', 'Resist Fire', 'Ice Break']
['Elec Boost', 'Amrita', 'Getsu-ei', 'Mabufula']
['Resist Fire', 'Pulinpa', 'Zionga', 'Charmdi']
['Counterstrike', 'Elec Boost', 'Bufudyne', 'Growth 1']
['Elec Boost', 'Null Dark', 'Auto-Maraku', 'Mazio']
['Growth 1', 'Mazio', 'Getsu-ei', 'Auto-Maraku']
['Resist Fire', 'Null Poison', 'Pulinpa', 'Auto-Maraku']
['Elec Boost', 'Auto-Tarukaja', 'Zionga', 'Ice Break']
['Growth 1', 'Counterstrike', 'Charmdi', 'Marakukaja']
['Zionga', 'Marakukaja', 'Auto-Tarukaja', 'Pulinpa']
['Mazio', 'Elec Boost', 'Auto-Tarukaja', 'Growth 1']
['Virus Breath', 'Getsu-ei', 'Zionga', 'Ice Break']
['Growth 1', 'Elec Break', 'Resist Fire', 'Null Poison']
['Elec Boost', 'Marakukaja', 'Charmdi', 'Pulinpa']
['Pulinpa', 'Mazio', 'Counterstrike', 'Growth 1']
['Virus Breath', 'Getsu-ei', 'Charmdi', 'Elec Boost']
['Charmdi', 'Invigorate 2', 'Heat Wave', 'Pulinpa']
['Pulinpa', 'Mazio', 'Auto-Tarukaja', 'Auto-Maraku']
['Growth 1', 'Ice Break', 'Invigorate 2', 'Resist Fire']
['Elec Boost', 'Marakukaja', 'Getsu-ei', 'Pulinpa']
['Amrita', 'Getsu-ei', 'Heat Wave', 'Pulinpa']
['Growth 1', 'Elec Boost', 'Mazio', 'Charmdi']
['Growth 1', 'Pulinpa', 'Mazio', 'Auto-Tarukaja']
['Mabufula', 'Null Dark', 'Ice Break', 'Pulinpa']
['Charmdi', 'Pulinpa', 'Mabufula', 'Getsu-ei']
['Ice Break', 'Getsu-ei', 'Mabufula', 'Bufudyne']
['Bufudyne', 'Resist Fire', 'Zionga', 'Growth 1']
['Charmdi', 'Growth 1', 'Invigorate 2', 'Marakukaja']
['Virus Breath', 'Marakukaja', 'Growth 1', 'Counterstrike']
['Invigorate 2', 'Growth 1', 'Mazio', 'Elec Break']
['Getsu-ei', 'Charmdi', 'Null Poison', 'Heat Wave']
['Elec Boost', 'Pulinpa', 'Mabufula', 'Elec Break']
['Growth 1', 'Counterstrike', 'Elec Boost', 'Auto-Tarukaja']
['Pulinpa', 'Ice Break', 'Growth 1', 'Virus Breath']
['Null Dark', 'Elec Break', 'Growth 1', 'Heat Wave']
['Elec Break', 'Elec Boost', 'Marakukaja', 'Resist Fire']
['Ice Break', 'Charmdi', 'Null Dark', 'Growth 1']
['Mazio', 'Zionga', 'Resist Fire', 'Getsu-ei']
['Counterstrike', 'Elec Break', 'Charmdi', 'Auto-Tarukaja']
['Charmdi', 'Marakukaja', 'Getsu-ei', 'Elec Boost']
['Elec Break', 'Heat Wave', 'Growth 1', 'Charmdi']
['Heat Wave', 'Elec Boost', 'Invigorate 2', 'Mazio']
['Resist Fire', 'Charmdi', 'Growth 1', 'Elec Boost']
['Growth 1', 'Getsu-ei', 'Ice Break', 'Virus Breath']
['Mazio', 'Growth 1', 'Elec Break', 'Pulinpa']
['Ice Break', 'Mabufula', 'Pulinpa', 'Counterstrike']
['Charmdi', 'Null Dark', 'Elec Boost', 'Mabufula']
['Growth 1', 'Mazio', 'Zionga', 'Null Dark']
['Elec Boost', 'Resist Fire', 'Charmdi', 'Null Dark']
['Bufudyne', 'Mabufula', 'Growth 1', 'Pulinpa']
['Auto-Tarukaja', 'Charmdi', 'Amrita', 'Marakukaja']
['Mazio', 'Elec Break', 'Zionga', 'Growth 1']
['Elec Boost', 'Heat Wave', 'Auto-Tarukaja', 'Mabufula']
['Auto-Tarukaja', 'Pulinpa', 'Heat Wave', 'Growth 1']
['Mazio', 'Resist Fire', 'Invigorate 2', 'Auto-Maraku']
['Resist Fire', 'Growth 1', 'Mazio', 'Marakukaja']
['Charmdi', 'Auto-Maraku', 'Resist Fire', 'Virus Breath']
['Elec Break', 'Growth 1', 'Mazio', 'Heat Wave']
['Getsu-ei', 'Elec Break', 'Bufudyne', 'Pulinpa']
['Ice Break', 'Invigorate 2', 'Zionga', 'Mazio']
['Heat Wave', 'Bufudyne', 'Counterstrike', 'Growth 1']
['Pulinpa', 'Getsu-ei', 'Heat Wave', 'Charmdi']
['Zionga', 'Marakukaja', 'Getsu-ei', 'Pulinpa']
['Growth 1', 'Elec Boost', 'Charmdi', 'Resist Fire']
['Virus Breath', 'Elec Boost', 'Pulinpa', 'Zionga']
['Ice Break', 'Counterstrike', 'Heat Wave', 'Auto-Maraku']
['Marakukaja', 'Counterstrike', 'Resist Fire', 'Elec Boost']
['Counterstrike', 'Elec Boost', 'Invigorate 2', 'Pulinpa']
['Marakukaja', 'Null Dark', 'Zionga', 'Counterstrike']
['Ice Break', 'Auto-Maraku', 'Zionga', 'Growth 1']
['Counterstrike', 'Ice Break', 'Charmdi', 'Auto-Maraku']
['Pulinpa', 'Virus Breath', 'Ice Break', 'Mazio']
['Amrita', 'Growth 1', 'Pulinpa', 'Getsu-ei']
['Invigorate 2', 'Elec Break', 'Mazio', 'Bufudyne']
['Auto-Maraku', 'Pulinpa', 'Mazio', 'Counterstrike']
['Charmdi', 'Mabufula', 'Invigorate 2', 'Getsu-ei']
['Resist Fire', 'Elec Break', 'Mazio', 'Amrita']
['Invigorate 2', 'Mabufula', 'Auto-Maraku', 'Pulinpa']
['Zionga', 'Charmdi', 'Elec Break', 'Heat Wave']
['Null Poison', 'Elec Break', 'Null Dark', 'Pulinpa']
['Pulinpa', 'Zionga', 'Elec Boost', 'Mazio']
['Bufudyne', 'Elec Boost', 'Heat Wave', 'Mazio']
['Charmdi', 'Growth 1', 'Invigorate 2', 'Pulinpa']
['Zionga', 'Heat Wave', 'Charmdi', 'Invigorate 2']
['Heat Wave', 'Bufudyne', 'Growth 1', 'Ice Break']
['Zionga', 'Pulinpa', 'Charmdi', 'Growth 1']
['Marakukaja', 'Auto-Tarukaja', 'Mazio', 'Charmdi']
['Zionga', 'Elec Boost', 'Marakukaja', 'Amrita']
['Marakukaja', 'Charmdi', 'Pulinpa', 'Auto-Maraku']
['Growth 1', 'Mazio', 'Charmdi', 'Zionga']
['Mabufula', 'Amrita', 'Elec Boost', 'Charmdi']
['Getsu-ei', 'Zionga', 'Auto-Tarukaja', 'Charmdi']
['Elec Boost', 'Mazio', 'Bufudyne', 'Virus Breath']
['Marakukaja', 'Resist Fire', 'Growth 1', 'Auto-Tarukaja']
['Invigorate 2', 'Amrita', 'Getsu-ei', 'Growth 1']
['Getsu-ei', 'Invigorate 2', 'Counterstrike', 'Zionga']
['Auto-Tarukaja', 'Elec Boost', 'Heat Wave', 'Mazio']
['Mabufula', 'Resist Fire', 'Elec Boost', 'Null Dark']
['Auto-Tarukaja', 'Ice Break', 'Auto-Maraku', 'Pulinpa']
['Getsu-ei', 'Elec Boost', 'Counterstrike', 'Heat Wave']
['Zionga', 'Mabufula', 'Null Poison', 'Resist Fire']
['Mazio', 'Charmdi', 'Marakukaja', 'Zionga']
['Pulinpa', 'Virus Breath', 'Charmdi', 'Auto-Tarukaja']
['Resist Fire', 'Bufudyne', 'Mazio', 'Amrita']
['Mazio', 'Pulinpa', 'Counterstrike', 'Growth 1']
['Null Dark', 'Elec Boost', 'Charmdi', 'Zionga']
['Bufudyne', 'Resist Fire', 'Elec Boost', 'Invigorate 2']
['Getsu-ei', 'Virus Breath', 'Mazio', 'Zionga']
['Pulinpa', 'Resist Fire', 'Getsu-ei', 'Auto-Tarukaja']
['Null Poison', 'Counterstrike', 'Ice Break', 'Virus Breath']
['Auto-Tarukaja', 'Elec Boost', 'Pulinpa', 'Charmdi']
['Pulinpa', 'Charmdi', 'Resist Fire', 'Heat Wave']
['Elec Boost', 'Getsu-ei', 'Elec Break', 'Pulinpa']
['Growth 1', 'Mazio', 'Mabufula', 'Heat Wave']
['Elec Break', 'Resist Fire', 'Zionga', 'Marakukaja']
['Pulinpa', 'Auto-Tarukaja', 'Growth 1', 'Mazio']
['Marakukaja', 'Mazio', 'Elec Boost', 'Elec Break']
['Growth 1', 'Ice Break', 'Elec Boost', 'Mabufula']
['Amrita', 'Pulinpa', 'Mabufula', 'Elec Break']
['Amrita', 'Charmdi', 'Zionga', 'Bufudyne']
['Counterstrike', 'Elec Break', 'Growth 1', 'Bufudyne']
['Getsu-ei', 'Pulinpa', 'Zionga', 'Growth 1']
['Mazio', 'Elec Break', 'Pulinpa', 'Marakukaja']
['Resist Fire', 'Auto-Tarukaja', 'Elec Boost', 'Growth 1']
['Mazio', 'Auto-Maraku', 'Bufudyne', 'Resist Fire']
['Getsu-ei', 'Mazio', 'Counterstrike', 'Heat Wave']
['Null Poison', 'Null Dark', 'Pulinpa', 'Elec Boost']
['Elec Boost', 'Growth 1', 'Pulinpa', 'Charmdi']
['Null Dark', 'Charmdi', 'Zionga', 'Auto-Maraku']
['Counterstrike', 'Growth 1', 'Bufudyne', 'Ice Break']
['Auto-Maraku', 'Resist Fire', 'Getsu-ei', 'Pulinpa']
['Mazio', 'Growth 1', 'Heat Wave', 'Null Poison']
['Auto-Tarukaja', 'Mazio', 'Charmdi', 'Growth 1']
['Ice Break', 'Auto-Tarukaja', 'Growth 1', 'Virus Breath']
['Elec Break', 'Zionga', 'Elec Boost', 'Mazio']
['Mabufula', 'Virus Breath', 'Getsu-ei', 'Zionga']
['Resist Fire', 'Null Poison', 'Pulinpa', 'Elec Boost']
['Growth 1', 'Counterstrike', 'Ice Break', 'Auto-Tarukaja']
['Pulinpa', 'Auto-Tarukaja', 'Getsu-ei', 'Growth 1']
['Growth 1', 'Heat Wave', 'Getsu-ei', 'Null Dark']
['Pulinpa', 'Charmdi', 'Amrita', 'Elec Break']
['Auto-Maraku', 'Ice Break', 'Zionga', 'Virus Breath']
['Mabufula', 'Charmdi', 'Pulinpa', 'Null Poison']
['Growth 1', 'Mazio', 'Resist Fire', 'Getsu-ei']
['Growth 1', 'Marakukaja', 'Zionga', 'Ice Break']
['Zionga', 'Counterstrike', 'Resist Fire', 'Growth 1']
['Elec Break', 'Mazio', 'Auto-Maraku', 'Auto-Tarukaja']
['Null Poison', 'Elec Break', 'Marakukaja', 'Counterstrike']
['Pulinpa', 'Elec Break', 'Charmdi', 'Growth 1']
['Bufudyne', 'Elec Boost', 'Auto-Tarukaja', 'Null Poison']
['Amrita', 'Resist Fire', 'Charmdi', 'Zionga']
['Getsu-ei', 'Virus Breath', 'Mazio', 'Mabufula']
['Elec Boost', 'Null Poison', 'Counterstrike', 'Resist Fire']
['Growth 1', 'Counterstrike', 'Charmdi', 'Pulinpa']
['Charmdi', 'Amrita', 'Bufudyne', 'Growth 1']
['Resist Fire', 'Counterstrike', 'Elec Boost', 'Elec Break']
['Elec Boost', 'Zionga', 'Marakukaja', 'Pulinpa']
['Virus Breath', 'Elec Break', 'Elec Boost', 'Null Dark']
['Pulinpa', 'Amrita', 'Getsu-ei', 'Counterstrike']
['Pulinpa', 'Null Poison', 'Zionga', 'Charmdi']
['Mabufula', 'Elec Boost', 'Zionga', 'Auto-Tarukaja']
['Auto-Maraku', 'Ice Break', 'Mazio', 'Pulinpa']
['Invigorate 2', 'Elec Boost', 'Growth 1', 'Bufudyne']
['Counterstrike', 'Elec Boost', 'Resist Fire', 'Null Dark']
['Resist Fire', 'Mazio', 'Pulinpa', 'Auto-Tarukaja']
['Pulinpa', 'Getsu-ei', 'Auto-Maraku', 'Elec Break']
['Auto-Tarukaja', 'Counterstrike', 'Pulinpa', 'Zionga']
['Mazio', 'Ice Break', 'Resist Fire', 'Growth 1']
['Auto-Tarukaja', 'Auto-Maraku', 'Ice Break', 'Mazio']
['Elec Boost', 'Resist Fire', 'Counterstrike', 'Mazio']
['Pulinpa', 'Elec Break', 'Auto-Tarukaja', 'Growth 1']
['Bufudyne', 'Virus Breath', 'Ice Break', 'Zionga']
['Marakukaja', 'Auto-Tarukaja', 'Ice Break', 'Mazio']
['Pulinpa', 'Mabufula', 'Virus Breath', 'Heat Wave']
['Resist Fire', 'Charmdi', 'Auto-Tarukaja', 'Pulinpa']
['Elec Boost', 'Charmdi', 'Heat Wave', 'Elec Break']
['Marakukaja', 'Elec Break', 'Pulinpa', 'Charmdi']
['Resist Fire', 'Elec Break', 'Elec Boost', 'Heat Wave']
['Ice Break', 'Elec Boost', 'Charmdi', 'Counterstrike']
['Heat Wave', 'Zionga', 'Pulinpa', 'Resist Fire']
['Mazio', 'Pulinpa', 'Getsu-ei', 'Growth 1']
['Mabufula', 'Growth 1', 'Elec Boost', 'Counterstrike']
['Charmdi', 'Invigorate 2', 'Elec Break', 'Pulinpa']
['Mazio', 'Auto-Tarukaja', 'Pulinpa', 'Zionga']
['Pulinpa', 'Heat Wave', 'Null Poison', 'Invigorate 2']
['Growth 1', 'Auto-Tarukaja', 'Pulinpa', 'Amrita']
['Mazio', 'Getsu-ei', 'Resist Fire', 'Elec Break']
['Growth 1', 'Invigorate 2', 'Mabufula', 'Resist Fire']
['Growth 1', 'Elec Boost', 'Mazio', 'Pulinpa']
['Pulinpa', 'Growth 1', 'Invigorate 2', 'Counterstrike']
['Marakukaja', 'Growth 1', 'Zionga', 'Pulinpa']
['Mabufula', 'Counterstrike', 'Mazio', 'Pulinpa']
['Charmdi', 'Ice Break', 'Elec Boost', 'Zionga']
['Ice Break', 'Zionga', 'Amrita', 'Auto-Tarukaja']
['Ice Break', 'Mazio', 'Heat Wave', 'Bufudyne']
['Elec Break', 'Growth 1', 'Zionga', 'Counterstrike']
['Virus Breath', 'Charmdi', 'Pulinpa', 'Getsu-ei']
['Virus Breath', 'Elec Boost', 'Null Dark', 'Mazio']
['Growth 1', 'Bufudyne', 'Resist Fire', 'Null Poison']
['Amrita', 'Auto-Tarukaja', 'Marakukaja', 'Growth 1']
['Growth 1', 'Mazio', 'Elec Boost', 'Auto-Tarukaja']
['Heat Wave', 'Mazio', 'Pulinpa', 'Invigorate 2']
['Mazio', 'Elec Break', 'Getsu-ei', 'Ice Break']
['Pulinpa', 'Getsu-ei', 'Invigorate 2', 'Zionga']
['Null Dark', 'Charmdi', 'Resist Fire', 'Elec Boost']
['Growth 1', 'Zionga', 'Virus Breath', 'Marakukaja']
['Null Dark', 'Growth 1', 'Resist Fire', 'Auto-Maraku']
['Auto-Maraku', 'Elec Boost', 'Charmdi', 'Mazio']
['Invigorate 2', 'Mazio', 'Pulinpa', 'Null Dark']
['Null Dark', 'Elec Boost', 'Virus Breath', 'Charmdi']
['Marakukaja', 'Growth 1', 'Charmdi', 'Mabufula']
['Auto-Maraku', 'Mazio', 'Resist Fire', 'Charmdi']
['Pulinpa', 'Elec Break', 'Ice Break', 'Elec Boost']
['Mabufula', 'Bufudyne', 'Growth 1', 'Invigorate 2']
['Resist Fire', 'Auto-Tarukaja', 'Heat Wave', 'Invigorate 2']
['Marakukaja', 'Auto-Maraku', 'Growth 1', 'Resist Fire']
['Getsu-ei', 'Null Poison', 'Mabufula', 'Marakukaja']
['Mazio', 'Auto-Tarukaja', 'Bufudyne', 'Pulinpa']
['Charmdi', 'Auto-Tarukaja', 'Ice Break', 'Pulinpa']
['Ice Break', 'Charmdi', 'Amrita', 'Heat Wave']
['Auto-Tarukaja', 'Zionga', 'Mazio', 'Null Dark']
['Auto-Tarukaja', 'Mazio', 'Elec Boost', 'Pulinpa']
['Zionga', 'Auto-Tarukaja', 'Growth 1', 'Elec Break']
['Amrita', 'Invigorate 2', 'Charmdi', 'Bufudyne']
['Mazio', 'Bufudyne', 'Elec Boost', 'Growth 1']
['Marakukaja', 'Null Dark', 'Charmdi', 'Counterstrike']
['Zionga', 'Charmdi', 'Pulinpa', 'Resist Fire']
['Growth 1', 'Counterstrike', 'Elec Boost', 'Getsu-ei']
['Null Poison', 'Elec Boost', 'Invigorate 2', 'Bufudyne']
['Elec Boost', 'Null Dark', 'Heat Wave', 'Charmdi']
['Mazio', 'Marakukaja', 'Growth 1', 'Pulinpa']
['Growth 1', 'Mabufula', 'Counterstrike', 'Auto-Maraku']
['Invigorate 2', 'Mazio', 'Pulinpa', 'Marakukaja']
['Elec Boost', 'Mazio', 'Zionga', 'Counterstrike']
['Growth 1', 'Mazio', 'Mabufula', 'Counterstrike']
['Marakukaja', 'Auto-Tarukaja', 'Zionga', 'Bufudyne']
['Growth 1', 'Marakukaja', 'Pulinpa', 'Virus Breath']
['Amrita', 'Zionga', 'Elec Break', 'Getsu-ei']
['Bufudyne', 'Charmdi', 'Pulinpa', 'Zionga']
['Mazio', 'Growth 1', 'Auto-Tarukaja', 'Bufudyne']
['Invigorate 2', 'Heat Wave', 'Pulinpa', 'Resist Fire']
['Marakukaja', 'Elec Boost', 'Charmdi', 'Pulinpa']
['Ice Break', 'Mabufula', 'Counterstrike', 'Charmdi']
['Amrita', 'Virus Breath', 'Mazio', 'Marakukaja']
['Mazio', 'Amrita', 'Getsu-ei', 'Elec Break']
['Pulinpa', 'Elec Boost', 'Getsu-ei', 'Elec Break']
['Pulinpa', 'Growth 1', 'Charmdi', 'Counterstrike']
['Growth 1', 'Amrita', 'Ice Break', 'Marakukaja']
['Pulinpa', 'Auto-Tarukaja', 'Heat Wave', 'Resist Fire']
['Counterstrike', 'Elec Boost', 'Charmdi', 'Ice Break']
['Elec Boost', 'Pulinpa', 'Charmdi', 'Resist Fire']
['Growth 1', 'Elec Boost', 'Bufudyne', 'Resist Fire']
['Marakukaja', 'Getsu-ei', 'Pulinpa', 'Elec Boost']
['Resist Fire', 'Elec Break', 'Pulinpa', 'Getsu-ei']
['Amrita', 'Pulinpa', 'Growth 1', 'Mazio']
['Marakukaja', 'Pulinpa', 'Mabufula', 'Mazio']
['Growth 1', 'Zionga', 'Mazio', 'Getsu-ei']
['Pulinpa', 'Counterstrike', 'Growth 1', 'Elec Boost']
['Growth 1', 'Ice Break', 'Auto-Tarukaja', 'Virus Breath']
['Auto-Tarukaja', 'Mazio', 'Counterstrike', 'Getsu-ei']
['Mabufula', 'Pulinpa', 'Ice Break', 'Resist Fire']
['Charmdi', 'Growth 1', 'Mazio', 'Counterstrike']
['Invigorate 2', 'Charmdi', 'Getsu-ei', 'Mazio']
['Charmdi', 'Heat Wave', 'Growth 1', 'Counterstrike']
['Auto-Tarukaja', 'Marakukaja', 'Heat Wave', 'Elec Break']
['Zionga', 'Charmdi', 'Invigorate 2', 'Ice Break']
['Ice Break', 'Pulinpa', 'Zionga', 'Charmdi']
['Heat Wave', 'Null Poison', 'Zionga', 'Pulinpa']
['Zionga', 'Pulinpa', 'Invigorate 2', 'Marakukaja']
['Null Dark', 'Pulinpa', 'Auto-Tarukaja', 'Resist Fire']
['Getsu-ei', 'Charmdi', 'Null Poison', 'Elec Boost']
['Zionga', 'Resist Fire', 'Counterstrike', 'Getsu-ei']
['Mazio', 'Virus Breath', 'Mabufula', 'Pulinpa']
['Marakukaja', 'Elec Boost', 'Null Poison', 'Zionga']
['Pulinpa', 'Bufudyne', 'Charmdi', 'Auto-Maraku']
['Marakukaja', 'Pulinpa', 'Bufudyne', 'Mabufula']
['Growth 1', 'Invigorate 2', 'Auto-Tarukaja', 'Resist Fire']
['Auto-Maraku', 'Counterstrike', 'Mabufula', 'Elec Boost']
['Ice Break', 'Zionga', 'Getsu-ei', 'Auto-Tarukaja']
['Null Dark', 'Marakukaja', 'Getsu-ei', 'Mazio']
['Auto-Tarukaja', 'Null Poison', 'Auto-Maraku', 'Growth 1']
['Auto-Tarukaja', 'Zionga', 'Growth 1', 'Mazio']
['Null Poison', 'Elec Boost', 'Null Dark', 'Elec Break']
['Resist Fire', 'Amrita', 'Virus Breath', 'Null Dark']
['Null Dark', 'Mabufula', 'Elec Boost', 'Charmdi']
['Invigorate 2', 'Auto-Maraku', 'Null Dark', 'Pulinpa']
['Mabufula', 'Invigorate 2', 'Pulinpa', 'Auto-Tarukaja']
['Marakukaja', 'Getsu-ei', 'Elec Break', 'Charmdi']
['Elec Boost', 'Charmdi', 'Invigorate 2', 'Null Dark']
['Pulinpa', 'Getsu-ei', 'Zionga', 'Auto-Tarukaja']
['Charmdi', 'Ice Break', 'Mazio', 'Bufudyne']
['Growth 1', 'Auto-Maraku', 'Auto-Tarukaja', 'Getsu-ei']
['Heat Wave', 'Growth 1', 'Ice Break', 'Charmdi']
['Elec Break', 'Mazio', 'Null Poison', 'Charmdi']
['Elec Break', 'Invigorate 2', 'Elec Boost', 'Ice Break']
['Null Poison', 'Pulinpa', 'Auto-Maraku', 'Zionga']
['Charmdi', 'Null Poison', 'Auto-Maraku', 'Mazio']
['Zionga', 'Invigorate 2', 'Pulinpa', 'Ice Break']
['Null Poison', 'Auto-Maraku', 'Elec Boost', 'Pulinpa']
['Elec Break', 'Auto-Maraku', 'Virus Breath', 'Ice Break']
['Mabufula', 'Ice Break', 'Elec Boost', 'Amrita']
['Elec Boost', 'Resist Fire', 'Null Poison', 'Mazio']
['Elec Break', 'Counterstrike', 'Ice Break', 'Null Dark']
['Null Poison', 'Pulinpa', 'Invigorate 2', 'Charmdi']
['Charmdi', 'Counterstrike', 'Pulinpa', 'Growth 1']
['Marakukaja', 'Heat Wave', 'Elec Boost', 'Ice Break']
['Counterstrike', 'Heat Wave', 'Pulinpa', 'Growth 1']
['Null Dark', 'Bufudyne', 'Resist Fire', 'Auto-Tarukaja']
['Ice Break', 'Growth 1', 'Elec Break', 'Pulinpa']
['Counterstrike', 'Heat Wave', 'Getsu-ei', 'Mabufula']
['Mazio', 'Zionga', 'Mabufula', 'Invigorate 2']
['Getsu-ei', 'Counterstrike', 'Amrita', 'Marakukaja']
['Auto-Tarukaja', 'Counterstrike', 'Mazio', 'Amrita']
['Auto-Maraku', 'Elec Boost', 'Zionga', 'Null Poison']
['Pulinpa', 'Bufudyne', 'Virus Breath', 'Elec Boost']
['Counterstrike', 'Pulinpa', 'Virus Breath', 'Auto-Tarukaja']
['Zionga', 'Invigorate 2', 'Resist Fire', 'Elec Break']
['Mabufula', 'Getsu-ei', 'Heat Wave', 'Virus Breath']
['Zionga', 'Mazio', 'Mabufula', 'Charmdi']
['Pulinpa', 'Bufudyne', 'Elec Break', 'Mabufula']
['Elec Boost', 'Marakukaja', 'Growth 1', 'Amrita']
['Null Poison', 'Counterstrike', 'Mazio', 'Charmdi']
['Growth 1', 'Marakukaja', 'Pulinpa', 'Charmdi']
['Auto-Maraku', 'Pulinpa', 'Charmdi', 'Ice Break']
['Invigorate 2', 'Getsu-ei', 'Elec Boost', 'Auto-Tarukaja']
['Mazio', 'Null Poison', 'Pulinpa', 'Auto-Tarukaja']
['Zionga', 'Ice Break', 'Elec Boost', 'Heat Wave']
['Elec Break', 'Counterstrike', 'Charmdi', 'Getsu-ei']
['Marakukaja', 'Pulinpa', 'Mazio', 'Growth 1']
['Elec Boost', 'Charmdi', 'Bufudyne', 'Counterstrike']
['Growth 1', 'Mazio', 'Invigorate 2', 'Getsu-ei']
['Resist Fire', 'Zionga', 'Elec Boost', 'Growth 1']
['Getsu-ei', 'Ice Break', 'Virus Breath', 'Charmdi']
['Heat Wave', 'Zionga', 'Charmdi', 'Pulinpa']
['Zionga', 'Mazio', 'Virus Breath', 'Getsu-ei']
['Mabufula', 'Virus Breath', 'Charmdi', 'Resist Fire']
['Auto-Tarukaja', 'Amrita', 'Mazio', 'Heat Wave']
['Null Poison', 'Ice Break', 'Charmdi', 'Pulinpa']
['Getsu-ei', 'Mabufula', 'Elec Boost', 'Growth 1']
['Elec Boost', 'Auto-Tarukaja', 'Getsu-ei', 'Pulinpa']
['Mabufula', 'Amrita', 'Invigorate 2', 'Growth 1']
['Pulinpa', 'Getsu-ei', 'Mabufula', 'Virus Breath']
['Virus Breath', 'Mazio', 'Elec Boost', 'Ice Break']
['Mabufula', 'Elec Boost', 'Charmdi', 'Invigorate 2']
['Elec Boost', 'Null Dark', 'Counterstrike', 'Auto-Tarukaja']
['Charmdi', 'Invigorate 2', 'Mazio', 'Counterstrike']
['Elec Boost', 'Virus Breath', 'Zionga', 'Null Poison']
['Charmdi', 'Mazio', 'Getsu-ei', 'Invigorate 2']
['Mazio', 'Elec Boost', 'Heat Wave', 'Mabufula']
['Ice Break', 'Elec Boost', 'Bufudyne', 'Getsu-ei']
['Elec Boost', 'Invigorate 2', 'Auto-Maraku', 'Elec Break']
['Getsu-ei', 'Ice Break', 'Virus Breath', 'Auto-Tarukaja']
['Getsu-ei', 'Mabufula', 'Counterstrike', 'Null Poison']
['Bufudyne', 'Growth 1', 'Auto-Tarukaja', 'Null Dark']
['Virus Breath', 'Invigorate 2', 'Resist Fire', 'Marakukaja']
['Null Poison', 'Zionga', 'Auto-Maraku', 'Amrita']
['Mabufula', 'Charmdi', 'Null Poison', 'Invigorate 2']
['Mazio', 'Elec Boost', 'Amrita', 'Growth 1']
['Growth 1', 'Charmdi', 'Marakukaja', 'Invigorate 2']
['Zionga', 'Null Poison', 'Auto-Maraku', 'Invigorate 2']
['Mazio', 'Null Dark', 'Ice Break', 'Elec Boost']
['Invigorate 2', 'Growth 1', 'Virus Breath', 'Resist Fire']
['Invigorate 2', 'Auto-Tarukaja', 'Mazio', 'Ice Break']
['Charmdi', 'Virus Breath', 'Growth 1', 'Elec Boost']
['Elec Boost', 'Mabufula', 'Auto-Tarukaja', 'Marakukaja']
['Amrita', 'Heat Wave', 'Mazio', 'Elec Boost']
['Getsu-ei', 'Charmdi', 'Null Poison', 'Null Dark']
['Auto-Tarukaja', 'Resist Fire', 'Null Dark', 'Elec Boost']
['Resist Fire', 'Counterstrike', 'Zionga', 'Charmdi']
['Null Dark', 'Elec Boost', 'Mazio', 'Virus Breath']
['Virus Breath', 'Mabufula', 'Amrita', 'Auto-Tarukaja']
['Auto-Tarukaja', 'Resist Fire', 'Zionga', 'Mabufula']
['Heat Wave', 'Elec Break', 'Invigorate 2', 'Virus Breath']
['Auto-Tarukaja', 'Mazio', 'Pulinpa', 'Ice Break']
['Resist Fire', 'Mazio', 'Amrita', 'Elec Break']
['Heat Wave', 'Mabufula', 'Elec Boost', 'Auto-Tarukaja']
['Charmdi', 'Resist Fire', 'Bufudyne', 'Elec Break']
['Bufudyne', 'Elec Boost', 'Growth 1', 'Auto-Tarukaja']
['Ice Break', 'Auto-Tarukaja', 'Null Poison', 'Elec Boost']
['Resist Fire', 'Heat Wave', 'Pulinpa', 'Counterstrike']
['Getsu-ei', 'Pulinpa', 'Elec Boost', 'Bufudyne']
['Null Dark', 'Mazio', 'Growth 1', 'Getsu-ei']
['Elec Boost', 'Getsu-ei', 'Zionga', 'Amrita']
['Auto-Tarukaja', 'Charmdi', 'Ice Break', 'Virus Breath']
['Zionga', 'Resist Fire', 'Virus Breath', 'Getsu-ei']
['Ice Break', 'Heat Wave', 'Elec Boost', 'Mabufula']
['Auto-Tarukaja', 'Pulinpa', 'Heat Wave', 'Elec Boost']
['Heat Wave', 'Mazio', 'Elec Break', 'Zionga']
['Bufudyne', 'Getsu-ei', 'Resist Fire', 'Auto-Tarukaja']
['Growth 1', 'Bufudyne', 'Zionga', 'Elec Boost']
['Ice Break', 'Elec Boost', 'Null Poison', 'Charmdi']
['Elec Boost', 'Getsu-ei', 'Mabufula', 'Counterstrike']
['Auto-Tarukaja', 'Mazio', 'Growth 1', 'Ice Break']
['Pulinpa', 'Zionga', 'Marakukaja', 'Virus Breath']
['Mazio', 'Growth 1', 'Getsu-ei', 'Null Dark']
['Pulinpa', 'Getsu-ei', 'Resist Fire', 'Charmdi']
['Getsu-ei', 'Pulinpa', 'Ice Break', 'Invigorate 2']
['Zionga', 'Charmdi', 'Heat Wave', 'Growth 1']
['Getsu-ei', 'Charmdi', 'Mabufula', 'Bufudyne']
['Getsu-ei', 'Elec Boost', 'Growth 1', 'Charmdi']
['Resist Fire', 'Bufudyne', 'Auto-Tarukaja', 'Mazio']
['Charmdi', 'Mabufula', 'Virus Breath', 'Pulinpa']
['Zionga', 'Mabufula', 'Amrita', 'Getsu-ei']
['Pulinpa', 'Null Poison', 'Charmdi', 'Mazio']
['Growth 1', 'Auto-Tarukaja', 'Mazio', 'Bufudyne']
['Growth 1', 'Heat Wave', 'Counterstrike', 'Virus Breath']
['Mabufula', 'Getsu-ei', 'Auto-Maraku', 'Bufudyne']
['Auto-Maraku', 'Auto-Tarukaja', 'Charmdi', 'Mazio']
['Mazio', 'Bufudyne', 'Virus Breath', 'Elec Break']
['Bufudyne', 'Invigorate 2', 'Elec Boost', 'Growth 1']
['Auto-Maraku', 'Ice Break', 'Mazio', 'Getsu-ei']
['Pulinpa', 'Marakukaja', 'Charmdi', 'Mazio']
['Auto-Tarukaja', 'Auto-Maraku', 'Elec Break', 'Charmdi']
['Mabufula', 'Ice Break', 'Heat Wave', 'Mazio']
['Resist Fire', 'Counterstrike', 'Bufudyne', 'Null Dark']
['Auto-Tarukaja', 'Resist Fire', 'Counterstrike', 'Pulinpa']
['Growth 1', 'Pulinpa', 'Marakukaja', 'Auto-Maraku']
['Charmdi', 'Auto-Maraku', 'Mazio', 'Auto-Tarukaja']
['Bufudyne', 'Virus Breath', 'Elec Boost', 'Marakukaja']
['Heat Wave', 'Zionga', 'Pulinpa', 'Mazio']
['Getsu-ei', 'Mazio', 'Charmdi', 'Null Dark']
['Getsu-ei', 'Charmdi', 'Pulinpa', 'Heat Wave']
['Mazio', 'Marakukaja', 'Ice Break', 'Mabufula']
['Charmdi', 'Counterstrike', 'Growth 1', 'Elec Break']
['Ice Break', 'Mabufula', 'Bufudyne', 'Zionga']
['Resist Fire', 'Auto-Tarukaja', 'Pulinpa', 'Zionga']
['Growth 1', 'Elec Break', 'Elec Boost', 'Resist Fire']
['Elec Boost', 'Amrita', 'Zionga', 'Null Dark']
['Charmdi', 'Null Poison', 'Bufudyne', 'Zionga']
['Zionga', 'Bufudyne', 'Pulinpa', 'Virus Breath']
['Counterstrike', 'Charmdi', 'Growth 1', 'Pulinpa']
['Charmdi', 'Null Poison', 'Ice Break', 'Virus Breath']
['Charmdi', 'Ice Break', 'Auto-Maraku', 'Invigorate 2']
['Null Poison', 'Heat Wave', 'Pulinpa', 'Zionga']
['Pulinpa', 'Null Poison', 'Zionga', 'Elec Break']
['Ice Break', 'Heat Wave', 'Charmdi', 'Mabufula']
['Mazio', 'Growth 1', 'Auto-Tarukaja', 'Counterstrike']
['Growth 1', 'Elec Break', 'Null Dark', 'Heat Wave']
['Null Dark', 'Elec Break', 'Pulinpa', 'Heat Wave']
['Getsu-ei', 'Heat Wave', 'Counterstrike', 'Charmdi']
['Ice Break', 'Bufudyne', 'Growth 1', 'Resist Fire']
['Mazio', 'Pulinpa', 'Zionga', 'Heat Wave']
['Elec Boost', 'Marakukaja', 'Mazio', 'Growth 1']
['Heat Wave', 'Elec Boost', 'Virus Breath', 'Invigorate 2']
['Mazio', 'Auto-Tarukaja', 'Virus Breath', 'Elec Boost']
['Ice Break', 'Bufudyne', 'Mabufula', 'Growth 1']
['Zionga', 'Elec Break', 'Growth 1', 'Null Dark']
['Pulinpa', 'Auto-Tarukaja', 'Null Dark', 'Resist Fire']
['Resist Fire', 'Getsu-ei', 'Bufudyne', 'Pulinpa']
['Mazio', 'Getsu-ei', 'Virus Breath', 'Heat Wave']
['Auto-Tarukaja', 'Pulinpa', 'Zionga', 'Null Poison']
['Growth 1', 'Pulinpa', 'Virus Breath', 'Null Dark']
['Growth 1', 'Auto-Tarukaja', 'Zionga', 'Ice Break']
['Mazio', 'Elec Break', 'Pulinpa', 'Resist Fire']
['Resist Fire', 'Mazio', 'Pulinpa', 'Growth 1']
['Growth 1', 'Counterstrike', 'Ice Break', 'Auto-Tarukaja']
['Growth 1', 'Elec Boost', 'Null Poison', 'Getsu-ei']
['Heat Wave', 'Marakukaja', 'Charmdi', 'Counterstrike']
['Mabufula', 'Virus Breath', 'Pulinpa', 'Getsu-ei']
['Amrita', 'Elec Boost', 'Getsu-ei', 'Auto-Tarukaja']
['Growth 1', 'Getsu-ei', 'Charmdi', 'Amrita']
['Elec Break', 'Counterstrike', 'Heat Wave', 'Mazio']
['Ice Break', 'Growth 1', 'Elec Boost', 'Auto-Tarukaja']
['Growth 1', 'Elec Break', 'Charmdi', 'Elec Boost']
['Elec Boost', 'Resist Fire', 'Heat Wave', 'Null Dark']
['Bufudyne', 'Mabufula', 'Auto-Tarukaja', 'Virus Breath']
['Mazio', 'Null Poison', 'Ice Break', 'Growth 1']
['Growth 1', 'Mabufula', 'Resist Fire', 'Charmdi']
['Charmdi', 'Auto-Tarukaja', 'Bufudyne', 'Mazio']
['Pulinpa', 'Growth 1', 'Heat Wave', 'Elec Boost']
['Mazio', 'Getsu-ei', 'Null Dark', 'Auto-Tarukaja']
['Auto-Maraku', 'Charmdi', 'Mazio', 'Heat Wave']
['Charmdi', 'Auto-Tarukaja', 'Getsu-ei', 'Elec Boost']
['Mazio', 'Auto-Tarukaja', 'Marakukaja', 'Auto-Maraku']
['Auto-Tarukaja', 'Mazio', 'Ice Break', 'Growth 1']
['Auto-Tarukaja', 'Getsu-ei', 'Counterstrike', 'Null Dark']
['Counterstrike', 'Elec Boost', 'Amrita', 'Charmdi']
['Counterstrike', 'Elec Break', 'Auto-Tarukaja', 'Heat Wave']
['Null Poison', 'Charmdi', 'Elec Break', 'Amrita']
['Mazio', 'Resist Fire', 'Mabufula', 'Counterstrike']
['Pulinpa', 'Mazio', 'Getsu-ei', 'Growth 1']
['Null Poison', 'Getsu-ei', 'Resist Fire', 'Elec Boost']
['Mazio', 'Growth 1', 'Null Dark', 'Invigorate 2']
['Getsu-ei', 'Auto-Tarukaja', 'Mazio', 'Charmdi']
['Elec Break', 'Pulinpa', 'Ice Break', 'Charmdi']
['Pulinpa', 'Auto-Tarukaja', 'Null Dark', 'Getsu-ei']
['Bufudyne', 'Growth 1', 'Mazio', 'Virus Breath']
['Pulinpa', 'Ice Break', 'Virus Breath', 'Resist Fire']
['Pulinpa', 'Marakukaja', 'Mazio', 'Mabufula']
['Null Poison', 'Mazio', 'Charmdi', 'Zionga']
['Mazio', 'Charmdi', 'Null Poison', 'Heat Wave']
['Elec Boost', 'Virus Breath', 'Getsu-ei', 'Growth 1']
['Growth 1', 'Zionga', 'Mazio', 'Elec Boost']
['Mazio', 'Growth 1', 'Resist Fire', 'Zionga']
['Auto-Maraku', 'Counterstrike', 'Mazio', 'Auto-Tarukaja']
['Auto-Tarukaja', 'Heat Wave', 'Resist Fire', 'Elec Break']
['Amrita', 'Pulinpa', 'Growth 1', 'Elec Boost']
['Pulinpa', 'Mazio', 'Elec Boost', 'Virus Breath']
['Zionga', 'Heat Wave', 'Mazio', 'Elec Boost']
['Pulinpa', 'Auto-Tarukaja', 'Getsu-ei', 'Elec Boost']
['Elec Break', 'Zionga', 'Counterstrike', 'Null Dark']
['Growth 1', 'Elec Break', 'Invigorate 2', 'Null Poison']
['Counterstrike', 'Growth 1', 'Elec Boost', 'Zionga']
['Elec Boost', 'Invigorate 2', 'Getsu-ei', 'Zionga']
['Auto-Tarukaja', 'Marakukaja', 'Elec Boost', 'Pulinpa']
['Zionga', 'Amrita', 'Resist Fire', 'Elec Boost']
['Marakukaja', 'Resist Fire', 'Mazio', 'Charmdi']
['Virus Breath', 'Mazio', 'Growth 1', 'Bufudyne']
['Mazio', 'Zionga', 'Growth 1', 'Virus Breath']
['Null Poison', 'Counterstrike', 'Charmdi', 'Growth 1']
['Growth 1', 'Heat Wave', 'Bufudyne', 'Auto-Tarukaja']
['Mabufula', 'Pulinpa', 'Charmdi', 'Mazio']
['Null Poison', 'Resist Fire', 'Elec Boost', 'Counterstrike']
['Resist Fire', 'Pulinpa', 'Marakukaja', 'Getsu-ei']
['Ice Break', 'Heat Wave', 'Charmdi', 'Bufudyne']
['Pulinpa', 'Marakukaja', 'Null Dark', 'Mazio']
['Mabufula', 'Virus Breath', 'Bufudyne', 'Invigorate 2']
['Elec Break', 'Mabufula', 'Ice Break', 'Getsu-ei']
['Getsu-ei', 'Counterstrike', 'Elec Boost', 'Charmdi']
['Ice Break', 'Pulinpa', 'Elec Break', 'Elec Boost']
['Counterstrike', 'Getsu-ei', 'Ice Break', 'Pulinpa']
['Mabufula', 'Charmdi', 'Virus Breath', 'Auto-Maraku']
['Getsu-ei', 'Resist Fire', 'Bufudyne', 'Zionga']
['Getsu-ei', 'Resist Fire', 'Growth 1', 'Mazio']
['Virus Breath', 'Pulinpa', 'Charmdi', 'Auto-Maraku']
['Elec Break', 'Virus Breath', 'Invigorate 2', 'Pulinpa']
['Null Dark', 'Elec Boost', 'Charmdi', 'Mazio']
['Mabufula', 'Virus Breath', 'Charmdi', 'Elec Boost']
['Mazio', 'Auto-Tarukaja', 'Pulinpa', 'Counterstrike']
['Charmdi', 'Marakukaja', 'Growth 1', 'Null Poison']
['Virus Breath', 'Elec Break', 'Ice Break', 'Marakukaja']
['Elec Boost', 'Mabufula', 'Ice Break', 'Bufudyne']
['Zionga', 'Charmdi', 'Pulinpa', 'Invigorate 2']
['Virus Breath', 'Elec Boost', 'Getsu-ei', 'Null Dark']
['Null Poison', 'Auto-Maraku', 'Getsu-ei', 'Pulinpa']
['Mabufula', 'Null Dark', 'Getsu-ei', 'Mazio']
['Amrita', 'Zionga', 'Charmdi', 'Mazio']
['Growth 1', 'Null Dark', 'Elec Boost', 'Ice Break']
['Resist Fire', 'Marakukaja', 'Elec Break', 'Mazio']
['Marakukaja', 'Bufudyne', 'Getsu-ei', 'Mabufula']
['Auto-Tarukaja', 'Invigorate 2', 'Elec Break', 'Growth 1']
['Charmdi', 'Null Poison', 'Resist Fire', 'Elec Break']
['Heat Wave', 'Mazio', 'Null Dark', 'Growth 1']
['Mazio', 'Getsu-ei', 'Zionga', 'Amrita']
['Heat Wave', 'Mazio', 'Elec Boost', 'Charmdi']
['Charmdi', 'Marakukaja', 'Auto-Tarukaja', 'Counterstrike']
['Getsu-ei', 'Zionga', 'Pulinpa', 'Null Poison']
['Charmdi', 'Ice Break', 'Resist Fire', 'Invigorate 2']
['Heat Wave', 'Charmdi', 'Counterstrike', 'Null Dark']
['Mazio', 'Null Dark', 'Getsu-ei', 'Counterstrike']
['Mazio', 'Null Poison', 'Pulinpa', 'Growth 1']
['Elec Boost', 'Growth 1', 'Null Poison', 'Elec Break']
['Marakukaja', 'Pulinpa', 'Mazio', 'Auto-Tarukaja']
['Getsu-ei', 'Charmdi', 'Growth 1', 'Auto-Maraku']
['Heat Wave', 'Growth 1', 'Virus Breath', 'Charmdi']
['Pulinpa', 'Charmdi', 'Zionga', 'Elec Break']
['Ice Break', 'Amrita', 'Null Dark', 'Elec Boost']
['Resist Fire', 'Bufudyne', 'Ice Break', 'Virus Breath']
['Pulinpa', 'Null Poison', 'Resist Fire', 'Mazio']
['Null Dark', 'Null Poison', 'Mabufula', 'Heat Wave']
['Elec Boost', 'Mabufula', 'Marakukaja', 'Null Dark']
['Zionga', 'Auto-Maraku', 'Auto-Tarukaja', 'Growth 1']
['Counterstrike', 'Charmdi', 'Virus Breath', 'Null Poison']
['Auto-Tarukaja', 'Mazio', 'Ice Break', 'Elec Boost']
['Null Poison', 'Elec Break', 'Mabufula', 'Marakukaja']
['Auto-Maraku', 'Growth 1', 'Elec Break', 'Ice Break']
['Null Dark', 'Auto-Maraku', 'Getsu-ei', 'Counterstrike']
['Elec Break', 'Marakukaja', 'Resist Fire', 'Elec Boost']
['Resist Fire', 'Auto-Maraku', 'Charmdi', 'Pulinpa']
['Mazio', 'Growth 1', 'Getsu-ei', 'Auto-Maraku']
['Ice Break', 'Getsu-ei', 'Elec Break', 'Pulinpa']
['Zionga', 'Virus Breath', 'Mazio', 'Pulinpa']
['Null Dark', 'Zionga', 'Mazio', 'Growth 1']
['Zionga', 'Elec Break', 'Getsu-ei', 'Pulinpa']
['Marakukaja', 'Resist Fire', 'Mazio', 'Ice Break']
['Growth 1', 'Mazio', 'Elec Boost', 'Null Dark']
['Charmdi', 'Virus Breath', 'Resist Fire', 'Elec Boost']
['Heat Wave', 'Marakukaja', 'Null Poison', 'Mazio']
['Charmdi', 'Getsu-ei', 'Auto-Tarukaja', 'Pulinpa']
['Bufudyne', 'Growth 1', 'Auto-Tarukaja', 'Zionga']
['Mazio', 'Auto-Maraku', 'Elec Boost', 'Growth 1']
['Getsu-ei', 'Mabufula', 'Zionga', 'Growth 1']
['Resist Fire', 'Null Dark', 'Marakukaja', 'Elec Break']
['Pulinpa', 'Charmdi', 'Ice Break', 'Getsu-ei']
['Ice Break', 'Resist Fire', 'Null Dark', 'Auto-Maraku']
['Resist Fire', 'Heat Wave', 'Ice Break', 'Auto-Maraku']
['Bufudyne', 'Elec Boost', 'Amrita', 'Mazio']
['Null Dark', 'Mazio', 'Heat Wave', 'Marakukaja']
['Amrita', 'Mazio', 'Auto-Tarukaja', 'Zionga']
['Resist Fire', 'Heat Wave', 'Elec Boost', 'Mazio']
['Ice Break', 'Zionga', 'Pulinpa', 'Elec Boost']
['Ice Break', 'Elec Break', 'Auto-Maraku', 'Counterstrike']
['Auto-Maraku', 'Mazio', 'Virus Breath', 'Marakukaja']
['Charmdi', 'Pulinpa', 'Elec Break', 'Mazio']
['Elec Boost', 'Mazio', 'Mabufula', 'Ice Break']
['Getsu-ei', 'Mazio', 'Elec Boost', 'Auto-Tarukaja']
['Ice Break', 'Virus Breath', 'Pulinpa', 'Elec Boost']
['Charmdi', 'Growth 1', 'Ice Break', 'Zionga']
['Charmdi', 'Counterstrike', 'Pulinpa', 'Zionga']
['Zionga', 'Bufudyne', 'Marakukaja', 'Charmdi']
['Growth 1', 'Zionga', 'Auto-Tarukaja', 'Mabufula']
['Marakukaja', 'Growth 1', 'Zionga', 'Getsu-ei']
['Heat Wave', 'Pulinpa', 'Null Poison', 'Null Dark']
['Auto-Maraku', 'Pulinpa', 'Heat Wave', 'Elec Break']
['Amrita', 'Counterstrike', 'Resist Fire', 'Growth 1']
['Auto-Tarukaja', 'Growth 1', 'Mazio', 'Getsu-ei']
['Elec Boost', 'Getsu-ei', 'Mabufula', 'Zionga']
['Charmdi', 'Heat Wave', 'Pulinpa', 'Resist Fire']
['Growth 1', 'Elec Break', 'Charmdi', 'Mazio']
['Growth 1', 'Virus Breath', 'Mabufula', 'Mazio']
['Mazio', 'Zionga', 'Amrita', 'Growth 1']
['Charmdi', 'Pulinpa', 'Null Poison', 'Auto-Tarukaja']
['Getsu-ei', 'Elec Boost', 'Elec Break', 'Charmdi']
['Virus Breath', 'Mazio', 'Getsu-ei', 'Auto-Tarukaja']
['Mazio', 'Resist Fire', 'Zionga', 'Bufudyne']
['Bufudyne', 'Auto-Tarukaja', 'Mazio', 'Charmdi']
['Heat Wave', 'Getsu-ei', 'Growth 1', 'Charmdi']
['Zionga', 'Growth 1', 'Elec Break', 'Mabufula']
['Null Poison', 'Bufudyne', 'Ice Break', 'Null Dark']
['Mazio', 'Invigorate 2', 'Counterstrike', 'Elec Boost']
['Auto-Tarukaja', 'Growth 1', 'Pulinpa', 'Zionga']
['Mazio', 'Growth 1', 'Charmdi', 'Auto-Maraku']
['Invigorate 2', 'Elec Boost', 'Auto-Tarukaja', 'Elec Break']
['Auto-Maraku', 'Growth 1', 'Heat Wave', 'Elec Break']
['Growth 1', 'Heat Wave', 'Virus Breath', 'Mazio']
['Growth 1', 'Mazio', 'Elec Boost', 'Pulinpa']
['Ice Break', 'Resist Fire', 'Null Dark', 'Charmdi']
['Counterstrike', 'Elec Break', 'Auto-Maraku', 'Mabufula']
['Getsu-ei', 'Elec Break', 'Null Dark', 'Marakukaja']
['Growth 1', 'Mazio', 'Elec Boost', 'Counterstrike']
['Zionga', 'Auto-Tarukaja', 'Amrita', 'Ice Break']
['Auto-Maraku', 'Charmdi', 'Elec Boost', 'Zionga']
['Heat Wave', 'Amrita', 'Pulinpa', 'Auto-Tarukaja']
['Pulinpa', 'Charmdi', 'Bufudyne', 'Heat Wave']
['Charmdi', 'Ice Break', 'Elec Break', 'Amrita']
['Counterstrike', 'Elec Break', 'Marakukaja', 'Charmdi']
['Growth 1', 'Counterstrike', 'Pulinpa', 'Mazio']
['Elec Break', 'Auto-Tarukaja', 'Elec Boost', 'Getsu-ei']
['Zionga', 'Elec Break', 'Charmdi', 'Null Dark']
['Pulinpa', 'Getsu-ei', 'Charmdi', 'Auto-Tarukaja']
['Growth 1', 'Getsu-ei', 'Elec Boost', 'Pulinpa']
['Mazio', 'Elec Boost', 'Charmdi', 'Null Dark']
['Null Dark', 'Pulinpa', 'Ice Break', 'Invigorate 2']
['Pulinpa', 'Mazio', 'Virus Breath', 'Elec Break']
['Bufudyne', 'Virus Breath', 'Amrita', 'Growth 1']
['Ice Break', 'Mabufula', 'Null Poison', 'Bufudyne']
['Elec Boost', 'Pulinpa', 'Charmdi', 'Resist Fire']
['Auto-Tarukaja', 'Pulinpa', 'Mazio', 'Charmdi']
['Mazio', 'Bufudyne', 'Charmdi', 'Zionga']
['Charmdi', 'Invigorate 2', 'Pulinpa', 'Virus Breath']
['Null Dark', 'Elec Break', 'Zionga', 'Pulinpa']
['Null Poison', 'Auto-Tarukaja', 'Getsu-ei', 'Ice Break']
['Marakukaja', 'Elec Boost', 'Elec Break', 'Mazio']
['Getsu-ei', 'Charmdi', 'Elec Break', 'Zionga']
['Counterstrike', 'Ice Break', 'Growth 1', 'Zionga']
['Charmdi', 'Getsu-ei', 'Virus Breath', 'Zionga']
['Mazio', 'Auto-Tarukaja', 'Virus Breath', 'Growth 1']
['Getsu-ei', 'Elec Boost', 'Ice Break', 'Mazio']
['Null Poison', 'Zionga', 'Resist Fire', 'Growth 1']
['Null Poison', 'Counterstrike', 'Getsu-ei', 'Elec Boost']
['Virus Breath', 'Amrita', 'Zionga', 'Mazio']
['Mazio', 'Mabufula', 'Counterstrike', 'Marakukaja']
['Resist Fire', 'Auto-Tarukaja', 'Getsu-ei', 'Charmdi']
['Elec Break', 'Getsu-ei', 'Pulinpa', 'Auto-Tarukaja']
['Null Dark', 'Mazio', 'Elec Boost', 'Growth 1']
['Null Poison', 'Pulinpa', 'Growth 1', 'Auto-Tarukaja']
['Getsu-ei', 'Counterstrike', 'Resist Fire', 'Charmdi']
['Growth 1', 'Auto-Tarukaja', 'Pulinpa', 'Marakukaja']
['Invigorate 2', 'Counterstrike', 'Charmdi', 'Mabufula']
['Null Poison', 'Zionga', 'Pulinpa', 'Auto-Tarukaja']
['Charmdi', 'Getsu-ei', 'Virus Breath', 'Mazio']
['Virus Breath', 'Pulinpa', 'Null Poison', 'Elec Boost']
['Auto-Tarukaja', 'Null Dark', 'Resist Fire', 'Invigorate 2']
['Virus Breath', 'Counterstrike', 'Elec Boost', 'Pulinpa']
['Pulinpa', 'Mabufula', 'Charmdi', 'Invigorate 2']
['Invigorate 2', 'Pulinpa', 'Auto-Tarukaja', 'Ice Break']
['Getsu-ei', 'Zionga', 'Ice Break', 'Elec Boost']
['Pulinpa', 'Zionga', 'Charmdi', 'Elec Break']
['Mabufula', 'Counterstrike', 'Elec Boost', 'Null Dark']
['Resist Fire', 'Null Poison', 'Charmdi', 'Counterstrike']
['Pulinpa', 'Elec Break', 'Mabufula', 'Zionga']
['Growth 1', 'Mabufula', 'Elec Break', 'Null Dark']
['Auto-Tarukaja', 'Growth 1', 'Elec Boost', 'Heat Wave']
['Virus Breath', 'Elec Boost', 'Growth 1', 'Counterstrike']
['Auto-Maraku', 'Elec Boost', 'Heat Wave', 'Ice Break']
['Elec Boost', 'Counterstrike', 'Bufudyne', 'Heat Wave']
['Elec Boost', 'Ice Break', 'Bufudyne', 'Zionga']
['Getsu-ei', 'Counterstrike', 'Elec Boost', 'Null Poison']
['Amrita', 'Auto-Maraku', 'Elec Break', 'Resist Fire']
['Invigorate 2', 'Growth 1', 'Mabufula', 'Null Poison']
['Elec Boost', 'Charmdi', 'Getsu-ei', 'Mabufula']
['Null Dark', 'Pulinpa', 'Auto-Tarukaja', 'Charmdi']
['Auto-Tarukaja', 'Charmdi', 'Pulinpa', 'Mazio']
['Null Dark', 'Getsu-ei', 'Amrita', 'Auto-Maraku']
['Bufudyne', 'Heat Wave', 'Pulinpa', 'Elec Boost']
['Counterstrike', 'Auto-Maraku', 'Mazio', 'Charmdi']
['Growth 1', 'Heat Wave', 'Mabufula', 'Elec Boost']
['Mazio', 'Charmdi', 'Zionga', 'Virus Breath']
['Ice Break', 'Resist Fire', 'Pulinpa', 'Null Dark']
['Elec Boost', 'Counterstrike', 'Null Dark', 'Zionga']
['Auto-Tarukaja', 'Heat Wave', 'Growth 1', 'Null Poison']
['Auto-Tarukaja', 'Pulinpa', 'Zionga', 'Invigorate 2']
['Marakukaja', 'Growth 1', 'Zionga', 'Bufudyne']
['Getsu-ei', 'Null Poison', 'Elec Break', 'Pulinpa']
['Marakukaja', 'Elec Break', 'Ice Break', 'Getsu-ei']
['Resist Fire', 'Ice Break', 'Elec Boost', 'Bufudyne']
['Null Poison', 'Heat Wave', 'Growth 1', 'Elec Boost']
['Bufudyne', 'Zionga', 'Null Dark', 'Growth 1']
['Resist Fire', 'Pulinpa', 'Heat Wave', 'Counterstrike']
['Mazio', 'Bufudyne', 'Ice Break', 'Pulinpa']
['Mazio', 'Charmdi', 'Elec Break', 'Virus Breath']
['Pulinpa', 'Null Dark', 'Charmdi', 'Mabufula']
['Resist Fire', 'Charmdi', 'Mabufula', 'Growth 1']
['Null Poison', 'Getsu-ei', 'Auto-Tarukaja', 'Ice Break']
['Resist Fire', 'Elec Boost', 'Pulinpa', 'Heat Wave']
['Charmdi', 'Pulinpa', 'Resist Fire', 'Elec Break']
['Pulinpa', 'Auto-Tarukaja', 'Null Poison', 'Charmdi']
['Pulinpa', 'Charmdi', 'Elec Boost', 'Marakukaja']
['Amrita', 'Auto-Tarukaja', 'Charmdi', 'Virus Breath']
['Mazio', 'Charmdi', 'Counterstrike', 'Getsu-ei']
['Amrita', 'Auto-Tarukaja', 'Growth 1', 'Getsu-ei']
['Auto-Maraku', 'Mazio', 'Getsu-ei', 'Elec Boost']
['Elec Boost', 'Ice Break', 'Bufudyne', 'Auto-Tarukaja']
['Mabufula', 'Elec Boost', 'Heat Wave', 'Marakukaja']
['Resist Fire', 'Getsu-ei', 'Auto-Tarukaja', 'Virus Breath']
['Counterstrike', 'Bufudyne', 'Resist Fire', 'Zionga']
['Null Dark', 'Elec Boost', 'Mazio', 'Ice Break']
['Zionga', 'Auto-Maraku', 'Elec Boost', 'Growth 1']
['Ice Break', 'Auto-Tarukaja', 'Charmdi', 'Elec Boost']
['Pulinpa', 'Elec Break', 'Auto-Maraku', 'Getsu-ei']
['Charmdi', 'Zionga', 'Ice Break', 'Growth 1']
['Bufudyne', 'Charmdi', 'Elec Boost', 'Zionga']
['Elec Boost', 'Getsu-ei', 'Zionga', 'Ice Break']
['Charmdi', 'Resist Fire', 'Counterstrike', 'Mabufula']
['Elec Boost', 'Bufudyne', 'Zionga', 'Charmdi']
['Pulinpa', 'Growth 1', 'Auto-Tarukaja', 'Virus Breath']
['Heat Wave', 'Bufudyne', 'Elec Boost', 'Null Poison']
['Charmdi', 'Elec Boost', 'Elec Break', 'Getsu-ei']
['Elec Break', 'Zionga', 'Charmdi', 'Auto-Tarukaja']
['Elec Break', 'Elec Boost', 'Ice Break', 'Mabufula']
['Pulinpa', 'Charmdi', 'Null Poison', 'Elec Boost']
['Elec Boost', 'Mabufula', 'Mazio', 'Auto-Maraku']
['Counterstrike', 'Zionga', 'Amrita', 'Mazio']
['Elec Break', 'Pulinpa', 'Auto-Tarukaja', 'Null Dark']
['Invigorate 2', 'Elec Break', 'Ice Break', 'Marakukaja']
['Null Poison', 'Mazio', 'Elec Boost', 'Ice Break']
['Mazio', 'Resist Fire', 'Virus Breath', 'Null Dark']
['Ice Break', 'Growth 1', 'Mazio', 'Invigorate 2']
['Virus Breath', 'Heat Wave', 'Bufudyne', 'Growth 1']
['Ice Break', 'Elec Boost', 'Growth 1', 'Pulinpa']
['Bufudyne', 'Counterstrike', 'Getsu-ei', 'Mazio']
['Charmdi', 'Amrita', 'Growth 1', 'Getsu-ei']
['Charmdi', 'Ice Break', 'Virus Breath', 'Pulinpa']
['Charmdi', 'Pulinpa', 'Zionga', 'Growth 1']
['Elec Break', 'Charmdi', 'Heat Wave', 'Ice Break']
['Pulinpa', 'Marakukaja', 'Mabufula', 'Auto-Tarukaja']
['Invigorate 2', 'Counterstrike', 'Elec Boost', 'Resist Fire']
['Mabufula', 'Null Poison', 'Pulinpa', 'Charmdi']
['Amrita', 'Pulinpa', 'Mabufula', 'Resist Fire']
['Zionga', 'Mabufula', 'Bufudyne', 'Getsu-ei']
['Mazio', 'Ice Break', 'Elec Boost', 'Zionga']
['Pulinpa', 'Resist Fire', 'Mabufula', 'Growth 1']
['Mazio', 'Auto-Maraku', 'Null Dark', 'Charmdi']
['Elec Boost', 'Auto-Tarukaja', 'Counterstrike', 'Amrita']
['Growth 1', 'Zionga', 'Charmdi', 'Elec Break']
['Mazio', 'Elec Break', 'Null Dark', 'Mabufula']
['Invigorate 2', 'Auto-Maraku', 'Elec Boost', 'Growth 1']
['Charmdi', 'Mazio', 'Invigorate 2', 'Null Dark']
['Counterstrike', 'Elec Break', 'Amrita', 'Mazio']
['Ice Break', 'Zionga', 'Marakukaja', 'Mazio']
['Bufudyne', 'Pulinpa', 'Elec Break', 'Marakukaja']
['Zionga', 'Elec Break', 'Pulinpa', 'Elec Boost']
['Mabufula', 'Pulinpa', 'Growth 1', 'Null Dark']
['Pulinpa', 'Auto-Maraku', 'Amrita', 'Mazio']
['Elec Break', 'Growth 1', 'Pulinpa', 'Mazio']
['Growth 1', 'Resist Fire', 'Virus Breath', 'Charmdi']
['Counterstrike', 'Marakukaja', 'Heat Wave', 'Pulinpa']
['Ice Break', 'Mabufula', 'Virus Breath', 'Zionga']
['Mazio', 'Growth 1', 'Invigorate 2', 'Zionga']
['Growth 1', 'Pulinpa', 'Marakukaja', 'Invigorate 2']
['Mazio', 'Elec Boost', 'Null Poison', 'Mabufula']
['Marakukaja', 'Resist Fire', 'Counterstrike', 'Auto-Tarukaja']
['Auto-Maraku', 'Charmdi', 'Resist Fire', 'Null Poison']
['Growth 1', 'Null Poison', 'Auto-Maraku', 'Heat Wave']
['Virus Breath', 'Null Dark', 'Amrita', 'Getsu-ei']
['Zionga', 'Pulinpa', 'Mazio', 'Getsu-ei']
['Null Dark', 'Auto-Tarukaja', 'Growth 1', 'Charmdi']
['Mabufula', 'Resist Fire', 'Pulinpa', 'Mazio']
['Mazio', 'Charmdi', 'Pulinpa', 'Invigorate 2']
['Pulinpa', 'Mazio', 'Amrita', 'Growth 1']
['Pulinpa', 'Null Poison', 'Resist Fire', 'Zionga']
['Amrita', 'Null Poison', 'Marakukaja', 'Elec Boost']
['Ice Break', 'Charmdi', 'Getsu-ei', 'Counterstrike']
['Elec Boost', 'Mazio', 'Zionga', 'Marakukaja']
['Mazio', 'Ice Break', 'Elec Boost', 'Null Dark']
['Amrita', 'Pulinpa', 'Heat Wave', 'Elec Break']
['Growth 1', 'Auto-Tarukaja', 'Amrita', 'Charmdi']
['Growth 1', 'Elec Boost', 'Marakukaja', 'Counterstrike']
['Growth 1', 'Pulinpa', 'Null Dark', 'Ice Break']
['Getsu-ei', 'Auto-Maraku', 'Heat Wave', 'Null Dark']
['Growth 1', 'Resist Fire', 'Getsu-ei', 'Zionga']
['Heat Wave', 'Invigorate 2', 'Resist Fire', 'Growth 1']
['Charmdi', 'Getsu-ei', 'Auto-Tarukaja', 'Growth 1']
['Pulinpa', 'Null Poison', 'Bufudyne', 'Charmdi']
['Auto-Tarukaja', 'Amrita', 'Elec Boost', 'Virus Breath']
['Growth 1', 'Pulinpa', 'Counterstrike', 'Resist Fire']
['Growth 1', 'Auto-Tarukaja', 'Charmdi', 'Zionga']
['Invigorate 2', 'Counterstrike', 'Null Poison', 'Pulinpa']
['Heat Wave', 'Mazio', 'Marakukaja', 'Null Poison']
['Amrita', 'Growth 1', 'Virus Breath', 'Pulinpa']
['Resist Fire', 'Mabufula', 'Heat Wave', 'Elec Boost']
['Getsu-ei', 'Growth 1', 'Marakukaja', 'Auto-Tarukaja']
['Mabufula', 'Elec Boost', 'Invigorate 2', 'Elec Break']
['Zionga', 'Auto-Tarukaja', 'Elec Boost', 'Mabufula']
['Charmdi', 'Mabufula', 'Elec Boost', 'Growth 1']
['Null Dark', 'Mazio', 'Amrita', 'Getsu-ei']
['Elec Boost', 'Charmdi', 'Growth 1', 'Mazio']
['Invigorate 2', 'Zionga', 'Null Dark', 'Pulinpa']
['Zionga', 'Getsu-ei', 'Ice Break', 'Growth 1']
['Heat Wave', 'Auto-Tarukaja', 'Amrita', 'Pulinpa']
['Charmdi', 'Auto-Tarukaja', 'Elec Boost', 'Pulinpa']
['Charmdi', 'Pulinpa', 'Marakukaja', 'Null Poison']
['Elec Boost', 'Marakukaja', 'Auto-Tarukaja', 'Null Poison']
['Zionga', 'Mazio', 'Null Dark', 'Marakukaja']
['Resist Fire', 'Auto-Tarukaja', 'Ice Break', 'Mazio']
['Counterstrike', 'Auto-Tarukaja', 'Virus Breath', 'Elec Boost']
['Virus Breath', 'Pulinpa', 'Elec Boost', 'Ice Break']
['Charmdi', 'Elec Break', 'Invigorate 2', 'Counterstrike']
['Pulinpa', 'Mazio', 'Getsu-ei', 'Resist Fire']
['Virus Breath', 'Elec Boost', 'Zionga', 'Elec Break']
['Elec Boost', 'Zionga', 'Resist Fire', 'Auto-Tarukaja']
['Ice Break', 'Mazio', 'Pulinpa', 'Elec Break']
['Resist Fire', 'Mabufula', 'Zionga', 'Charmdi']
['Pulinpa', 'Marakukaja', 'Zionga', 'Charmdi']
['Elec Boost', 'Virus Breath', 'Getsu-ei', 'Elec Break']
['Counterstrike', 'Null Poison', 'Mazio', 'Growth 1']
['Heat Wave', 'Pulinpa', 'Auto-Tarukaja', 'Charmdi']
['Ice Break', 'Zionga', 'Charmdi', 'Null Poison']
['Virus Breath', 'Null Poison', 'Marakukaja', 'Growth 1']
['Auto-Tarukaja', 'Virus Breath', 'Mazio', 'Elec Break']
['Mazio', 'Elec Break', 'Getsu-ei', 'Heat Wave']
['Bufudyne', 'Virus Breath', 'Amrita', 'Zionga']
['Pulinpa', 'Growth 1', 'Auto-Maraku', 'Resist Fire']
['Amrita', 'Ice Break', 'Heat Wave', 'Auto-Tarukaja']
['Null Dark', 'Pulinpa', 'Heat Wave', 'Mazio']
['Amrita', 'Auto-Maraku', 'Getsu-ei', 'Elec Break']
['Mazio', 'Resist Fire', 'Pulinpa', 'Ice Break']
['Amrita', 'Auto-Tarukaja', 'Charmdi', 'Mazio']
['Counterstrike', 'Virus Breath', 'Mazio', 'Mabufula']
['Mazio', 'Ice Break', 'Auto-Maraku', 'Mabufula']
['Ice Break', 'Elec Boost', 'Charmdi', 'Counterstrike']
['Mazio', 'Charmdi', 'Bufudyne', 'Heat Wave']
['Mazio', 'Invigorate 2', 'Getsu-ei', 'Amrita']
['Zionga', 'Mabufula', 'Getsu-ei', 'Growth 1']
['Getsu-ei', 'Elec Boost', 'Counterstrike', 'Resist Fire']
