['Double Fangs', 'Amrita', 'Diarahan', 'Sukukaja', 'Null Panic']
['Patra', 'Counter', 'Wind Amp', 'Amrita', 'Growth 3']
['Patra', 'Elec Amp', 'Null Fear', 'Wind Amp', 'Double Fangs']
['Magarula', 'Evil Smile', 'Tarukaja', 'Null Dark', 'Patra']
['Tarukaja', 'Patra', 'Elec Amp', 'Sukukaja', 'Mudoon']
['Wind Amp', 'Counter', 'Thunder Reign', 'Patra', 'Mudoon']
['Tarukaja', 'Patra', 'Elec Amp', 'Wind Amp', 'Diarahan']
['Double Fangs', 'Mudoon', 'Sukukaja', 'Null Dark', 'Growth 3']
['Double Fangs', 'Null Fear', 'Null Panic', 'Tarukaja', 'Recarm']
['Patra', 'Tarukaja', 'Elec Amp', 'Double Fangs', 'Amrita']
['Null Fear', 'Tarukaja', 'Wind Amp', 'Sukukaja', 'Magarula']
['Null Panic', 'Growth 3', 'Mudoon', 'Double Fangs', 'Patra']
['Magarula', 'Patra', 'Null Dark', 'Mudoon', 'Amrita']
['Wind Amp', 'Patra', 'Samsara', 'Elec Amp', 'Growth 3']
['Growth 3', 'Sukukaja', 'Counter', 'Tarukaja', 'Null Dark']
['Null Fear', 'Ghastly Wail', 'Recarm', 'Mudoon', 'Double Fangs']
['Patra', 'Sukukaja', 'Thunder Reign', 'Maziodyne', 'Recarm']
['Null Panic', 'Patra', 'Spell Master', 'Vile Assault', 'Tarukaja']
['Ghastly Wail', 'Maziodyne', 'Patra', 'Null Fear', 'Sukukaja']
['Patra', 'Double Fangs', 'Magarula', 'Vile Assault', 'Tarukaja']
['Sukukaja', 'Tarukaja', 'Patra', 'Double Fangs', 'Null Panic']
['Patra', 'Null Dark', 'Tarukaja', 'Maziodyne', 'Ghastly Wail']
['Vile Assault', 'Tarukaja', 'Spell Master', 'Patra', 'Null Fear']
['Maziodyne', 'Evil Smile', 'Sukukaja', 'Patra', 'Amrita']
['Elec Amp', 'Tarukaja', 'Patra', 'Ghastly Wail', 'Maziodyne']
['Counter', 'Wind Amp', 'Null Dark', 'Patra', 'Diarahan']
['Tarukaja', 'Sukukaja', 'Diarahan', 'Double Fangs', 'Mudoon']
['Patra', 'Double Fangs', 'Wind Amp', 'Maziodyne', 'Tarukaja']
['Amrita', 'Maziodyne', 'Diarahan', 'Panta Rhei', 'Patra']
['Patra', 'Null Panic', 'Sukukaja', 'Tarukaja', 'Wind Amp']
['Evil Smile', 'Amrita', 'Sukukaja', 'Magarula', 'Elec Amp']
['Patra', 'Elec Amp', 'Sukukaja', 'Maziodyne', 'Diarahan']
['Evil Smile', 'Null Fear', 'Sukukaja', 'Counter', 'Elec Amp']
['Mudoon', 'Patra', 'Recarm', 'Null Fear', 'Tarukaja']
['Null Panic', 'Diarahan', 'Null Fear', 'Recarm', 'Magarula']
['Counter', 'Ghastly Wail', 'Sukukaja', 'Null Fear', 'Patra']
['Tarukaja', 'Null Dark', 'Double Fangs', 'Sukukaja', 'Ghastly Wail']
['Tarukaja', 'Null Dark', 'Diarahan', 'Vile Assault', 'Magarula']
['Null Dark', 'Elec Amp', 'Maziodyne', 'Double Fangs', 'Null Fear']
['Spell Master', 'Magarula', 'Amrita', 'Null Fear', 'Maziodyne']
['Panta Rhei', 'Double Fangs', 'Elec Amp', 'Sukukaja', 'Patra']
['Recarm', 'Diarahan', 'Patra', 'Sukukaja', 'Evil Smile']
['Wind Amp', 'Diarahan', 'Recarm', 'Double Fangs', 'Elec Amp']
['Recarm', 'Growth 3', 'Magarula', 'Counter', 'Wind Amp']
['Recarm', 'Double Fangs', 'Samsara', 'Null Dark', 'Wind Amp']
['Sukukaja', 'Null Dark', 'Counter', 'Patra', 'Elec Amp']
['Sukukaja', 'Patra', 'Wind Amp', 'Tarukaja', 'Elec Amp']
['Patra', 'Mudoon', 'Counter', 'Diarahan', 'Magarula']
['Diarahan', 'Tarukaja', 'Thunder Reign', 'Mudoon', 'Patra']
['Patra', 'Growth 3', 'Tarukaja', 'Evil Smile', 'Null Panic']
['Patra', 'Tarukaja', 'Double Fangs', 'Diarahan', 'Mudoon']
['Growth 3', 'Thunder Reign', 'Patra', 'Tarukaja', 'Panta Rhei']
['Counter', 'Double Fangs', 'Elec Amp', 'Ghastly Wail', 'Null Fear']
['Null Fear', 'Elec Amp', 'Null Panic', 'Panta Rhei', 'Sukukaja']
['Double Fangs', 'Maziodyne', 'Tarukaja', 'Thunder Reign', 'Amrita']
['Samsara', 'Counter', 'Diarahan', 'Evil Smile', 'Patra']
['Wind Amp', 'Null Fear', 'Double Fangs', 'Tarukaja', 'Growth 3']
['Vile Assault', 'Magarula', 'Sukukaja', 'Wind Amp', 'Double Fangs']
['Double Fangs', 'Wind Amp', 'Recarm', 'Amrita', 'Mudoon']
['Double Fangs', 'Sukukaja', 'Null Fear', 'Patra', 'Magarula']
['Recarm', 'Mudoon', 'Growth 3', 'Maziodyne', 'Patra']
['Tarukaja', 'Null Panic', 'Diarahan', 'Double Fangs', 'Spell Master']
['Elec Amp', 'Patra', 'Diarahan', 'Double Fangs', 'Panta Rhei']
['Tarukaja', 'Elec Amp', 'Diarahan', 'Vile Assault', 'Recarm']
['Vile Assault', 'Maziodyne', 'Counter', 'Null Dark', 'Double Fangs']
['Null Fear', 'Patra', 'Double Fangs', 'Tarukaja', 'Sukukaja']
['Patra', 'Wind Amp', 'Recarm', 'Counter', 'Magarula']
['Tarukaja', 'Patra', 'Growth 3', 'Recarm', 'Magarula']
['Patra', 'Tarukaja', 'Counter', 'Maziodyne', 'Double Fangs']
['Wind Amp', 'Mudoon', 'Patra', 'Recarm', 'Evil Smile']
['Panta Rhei', 'Tarukaja', 'Maziodyne', 'Double Fangs', 'Vile Assault']
['Diarahan', 'Sukukaja', 'Vile Assault', 'Evil Smile', 'Tarukaja']
['Elec Amp', 'Sukukaja', 'Counter', 'Ghastly Wail', 'Null Panic']
['Double Fangs', 'Sukukaja', 'Spell Master', 'Samsara', 'Counter']
['Null Panic', 'Elec Amp', 'Thunder Reign', 'Panta Rhei', 'Spell Master']
['Null Panic', 'Sukukaja', 'Thunder Reign', 'Null Fear', 'Patra']
['Sukukaja', 'Growth 3', 'Tarukaja', 'Patra', 'Elec Amp']
['Tarukaja', 'Evil Smile', 'Diarahan', 'Null Dark', 'Growth 3']
['Growth 3', 'Tarukaja', 'Null Panic', 'Patra', 'Evil Smile']
['Elec Amp', 'Vile Assault', 'Amrita', 'Evil Smile', 'Null Panic']
['Ghastly Wail', 'Sukukaja', 'Null Dark', 'Magarula', 'Growth 3']
['Sukukaja', 'Null Dark', 'Tarukaja', 'Maziodyne', 'Counter']
['Counter', 'Magarula', 'Spell Master', 'Vile Assault', 'Mudoon']
['Null Fear', 'Double Fangs', 'Recarm', 'Sukukaja', 'Thunder Reign']
['Null Dark', 'Tarukaja', 'Wind Amp', 'Patra', 'Null Panic']
['Elec Amp', 'Null Fear', 'Double Fangs', 'Counter', 'Patra']
['Null Dark', 'Patra', 'Null Panic', 'Ghastly Wail', 'Growth 3']
['Tarukaja', 'Patra', 'Growth 3', 'Elec Amp', 'Magarula']
['Tarukaja', 'Maziodyne', 'Patra', 'Mudoon', 'Elec Amp']
['Diarahan', 'Sukukaja', 'Mudoon', 'Tarukaja', 'Magarula']
['Panta Rhei', 'Magarula', 'Elec Amp', 'Null Dark', 'Amrita']
['Null Dark', 'Wind Amp', 'Patra', 'Tarukaja', 'Counter']
['Elec Amp', 'Tarukaja', 'Amrita', 'Patra', 'Diarahan']
['Double Fangs', 'Vile Assault', 'Wind Amp', 'Patra', 'Tarukaja']
['Double Fangs', 'Wind Amp', 'Samsara', 'Sukukaja', 'Evil Smile']
['Vile Assault', 'Double Fangs', 'Sukukaja', 'Samsara', 'Recarm']
['Double Fangs', 'Tarukaja', 'Sukukaja', 'Magarula', 'Patra']
['Elec Amp', 'Recarm', 'Amrita', 'Tarukaja', 'Counter']
['Maziodyne', 'Null Fear', 'Mudoon', 'Sukukaja', 'Patra']
['Tarukaja', 'Growth 3', 'Magarula', 'Sukukaja', 'Evil Smile']
['Sukukaja', 'Samsara', 'Amrita', 'Patra', 'Tarukaja']
['Sukukaja', 'Tarukaja', 'Double Fangs', 'Magarula', 'Patra']
['Amrita', 'Patra', 'Tarukaja', 'Double Fangs', 'Null Dark']
['Counter', 'Tarukaja', 'Evil Smile', 'Null Dark', 'Sukukaja']
['Counter', 'Samsara', 'Elec Amp', 'Double Fangs', 'Tarukaja']
['Double Fangs', 'Patra', 'Null Panic', 'Ghastly Wail', 'Tarukaja']
['Ghastly Wail', 'Counter', 'Double Fangs', 'Patra', 'Null Dark']
['Mudoon', 'Sukukaja', 'Vile Assault', 'Null Dark', 'Double Fangs']
['Counter', 'Growth 3', 'Vile Assault', 'Magarula', 'Double Fangs']
['Magarula', 'Growth 3', 'Diarahan', 'Sukukaja', 'Wind Amp']
['Sukukaja', 'Elec Amp', 'Null Fear', 'Vile Assault', 'Evil Smile']
['Sukukaja', 'Ghastly Wail', 'Null Dark', 'Elec Amp', 'Null Panic']
['Ghastly Wail', 'Magarula', 'Double Fangs', 'Recarm', 'Sukukaja']
['Double Fangs', 'Counter', 'Diarahan', 'Patra', 'Null Panic']
['Double Fangs', 'Amrita', 'Magarula', 'Mudoon', 'Sukukaja']
['Patra', 'Sukukaja', 'Elec Amp', 'Counter', 'Double Fangs']
['Tarukaja', 'Growth 3', 'Null Fear', 'Magarula', 'Sukukaja']
['Mudoon', 'Double Fangs', 'Magarula', 'Tarukaja', 'Diarahan']
['Diarahan', 'Patra', 'Sukukaja', 'Double Fangs', 'Counter']
['Tarukaja', 'Mudoon', 'Growth 3', 'Patra', 'Double Fangs']
['Tarukaja', 'Null Dark', 'Mudoon', 'Samsara', 'Double Fangs']
['Spell Master', 'Sukukaja', 'Elec Amp', 'Vile Assault', 'Maziodyne']
['Spell Master', 'Tarukaja', 'Sukukaja', 'Mudoon', 'Double Fangs']
['Double Fangs', 'Amrita', 'Counter', 'Diarahan', 'Mudoon']
['Elec Amp', 'Recarm', 'Sukukaja', 'Counter', 'Null Dark']
['Diarahan', 'Counter', 'Amrita', 'Patra', 'Tarukaja']
['Evil Smile', 'Magarula', 'Vile Assault', 'Patra', 'Diarahan']
['Panta Rhei', 'Ghastly Wail', 'Tarukaja', 'Double Fangs', 'Counter']
['Patra', 'Double Fangs', 'Tarukaja', 'Sukukaja', 'Counter']
['Magarula', 'Sukukaja', 'Counter', 'Maziodyne', 'Vile Assault']
['Mudoon', 'Patra', 'Null Dark', 'Sukukaja', 'Evil Smile']
['Patra', 'Diarahan', 'Double Fangs', 'Tarukaja', 'Null Panic']
['Patra', 'Magarula', 'Null Fear', 'Double Fangs', 'Wind Amp']
['Amrita', 'Panta Rhei', 'Mudoon', 'Null Panic', 'Growth 3']
['Magarula', 'Null Panic', 'Patra', 'Double Fangs', 'Tarukaja']
['Patra', 'Evil Smile', 'Double Fangs', 'Counter', 'Tarukaja']
['Patra', 'Growth 3', 'Null Fear', 'Magarula', 'Double Fangs']
['Null Fear', 'Panta Rhei', 'Magarula', 'Tarukaja', 'Evil Smile']
['Elec Amp', 'Samsara', 'Patra', 'Mudoon', 'Evil Smile']
['Elec Amp', 'Patra', 'Null Fear', 'Spell Master', 'Recarm']
['Tarukaja', 'Magarula', 'Vile Assault', 'Mudoon', 'Spell Master']
['Double Fangs', 'Tarukaja', 'Wind Amp', 'Patra', 'Maziodyne']
['Ghastly Wail', 'Tarukaja', 'Patra', 'Diarahan', 'Double Fangs']
['Tarukaja', 'Null Fear', 'Evil Smile', 'Mudoon', 'Recarm']
['Sukukaja', 'Diarahan', 'Patra', 'Vile Assault', 'Elec Amp']
['Patra', 'Null Panic', 'Double Fangs', 'Elec Amp', 'Diarahan']
['Null Dark', 'Diarahan', 'Evil Smile', 'Null Panic', 'Magarula']
['Mudoon', 'Null Fear', 'Evil Smile', 'Panta Rhei', 'Patra']
['Double Fangs', 'Patra', 'Tarukaja', 'Counter', 'Null Panic']
['Thunder Reign', 'Null Panic', 'Tarukaja', 'Elec Amp', 'Evil Smile']
['Vile Assault', 'Patra', 'Mudoon', 'Wind Amp', 'Null Panic']
['Patra', 'Sukukaja', 'Elec Amp', 'Mudoon', 'Counter']
['Counter', 'Magarula', 'Elec Amp', 'Wind Amp', 'Double Fangs']
['Wind Amp', 'Spell Master', 'Panta Rhei', 'Counter', 'Growth 3']
['Sukukaja', 'Null Dark', 'Counter', 'Patra', 'Double Fangs']
['Thunder Reign', 'Patra', 'Amrita', 'Double Fangs', 'Diarahan']
['Patra', 'Double Fangs', 'Sukukaja', 'Spell Master', 'Maziodyne']
['Sukukaja', 'Mudoon', 'Double Fangs', 'Patra', 'Evil Smile']
['Magarula', 'Elec Amp', 'Recarm', 'Double Fangs', 'Sukukaja']
['Mudoon', 'Ghastly Wail', 'Double Fangs', 'Vile Assault', 'Sukukaja']
['Vile Assault', 'Sukukaja', 'Spell Master', 'Magarula', 'Null Dark']
['Patra', 'Null Fear', 'Sukukaja', 'Double Fangs', 'Diarahan']
['Mudoon', 'Patra', 'Spell Master', 'Elec Amp', 'Sukukaja']
['Double Fangs', 'Tarukaja', 'Elec Amp', 'Magarula', 'Mudoon']
['Tarukaja', 'Sukukaja', 'Vile Assault', 'Wind Amp', 'Panta Rhei']
['Patra', 'Null Fear', 'Sukukaja', 'Ghastly Wail', 'Samsara']
['Counter', 'Recarm', 'Panta Rhei', 'Patra', 'Wind Amp']
['Double Fangs', 'Null Panic', 'Tarukaja', 'Growth 3', 'Counter']
['Sukukaja', 'Evil Smile', 'Double Fangs', 'Tarukaja', 'Magarula']
['Sukukaja', 'Null Dark', 'Growth 3', 'Double Fangs', 'Patra']
['Sukukaja', 'Recarm', 'Magarula', 'Patra', 'Vile Assault']
['Elec Amp', 'Double Fangs', 'Patra', 'Evil Smile', 'Null Panic']
['Growth 3', 'Maziodyne', 'Mudoon', 'Null Fear', 'Tarukaja']
['Evil Smile', 'Sukukaja', 'Patra', 'Elec Amp', 'Vile Assault']
['Double Fangs', 'Maziodyne', 'Ghastly Wail', 'Null Panic', 'Patra']
['Counter', 'Vile Assault', 'Patra', 'Maziodyne', 'Sukukaja']
['Patra', 'Amrita', 'Null Fear', 'Counter', 'Growth 3']
['Amrita', 'Panta Rhei', 'Wind Amp', 'Tarukaja', 'Recarm']
['Panta Rhei', 'Elec Amp', 'Maziodyne', 'Wind Amp', 'Patra']
['Tarukaja', 'Patra', 'Diarahan', 'Amrita', 'Double Fangs']
['Vile Assault', 'Evil Smile', 'Elec Amp', 'Ghastly Wail', 'Counter']
['Double Fangs', 'Patra', 'Tarukaja', 'Amrita', 'Counter']
['Counter', 'Sukukaja', 'Tarukaja', 'Diarahan', 'Recarm']
['Recarm', 'Double Fangs', 'Counter', 'Patra', 'Sukukaja']
['Wind Amp', 'Thunder Reign', 'Double Fangs', 'Patra', 'Counter']
['Wind Amp', 'Tarukaja', 'Evil Smile', 'Spell Master', 'Patra']
['Evil Smile', 'Mudoon', 'Ghastly Wail', 'Recarm', 'Panta Rhei']
['Magarula', 'Double Fangs', 'Null Dark', 'Vile Assault', 'Recarm']
['Mudoon', 'Patra', 'Double Fangs', 'Counter', 'Recarm']
['Evil Smile', 'Sukukaja', 'Vile Assault', 'Null Panic', 'Patra']
['Double Fangs', 'Null Panic', 'Diarahan', 'Null Dark', 'Patra']
['Tarukaja', 'Spell Master', 'Magarula', 'Patra', 'Growth 3']
['Growth 3', 'Patra', 'Evil Smile', 'Tarukaja', 'Sukukaja']
['Samsara', 'Sukukaja', 'Diarahan', 'Double Fangs', 'Null Panic']
['Double Fangs', 'Ghastly Wail', 'Vile Assault', 'Patra', 'Tarukaja']
['Sukukaja', 'Elec Amp', 'Recarm', 'Vile Assault', 'Null Panic']
['Panta Rhei', 'Vile Assault', 'Patra', 'Elec Amp', 'Double Fangs']
['Patra', 'Double Fangs', 'Sukukaja', 'Mudoon', 'Null Fear']
['Null Fear', 'Patra', 'Amrita', 'Counter', 'Samsara']
['Sukukaja', 'Thunder Reign', 'Evil Smile', 'Maziodyne', 'Double Fangs']
['Mudoon', 'Patra', 'Magarula', 'Panta Rhei', 'Ghastly Wail']
['Sukukaja', 'Null Panic', 'Patra', 'Ghastly Wail', 'Maziodyne']
['Ghastly Wail', 'Patra', 'Double Fangs', 'Counter', 'Elec Amp']
['Magarula', 'Growth 3', 'Elec Amp', 'Recarm', 'Counter']
['Double Fangs', 'Counter', 'Magarula', 'Diarahan', 'Wind Amp']
['Null Fear', 'Amrita', 'Null Dark', 'Patra', 'Mudoon']
['Magarula', 'Samsara', 'Vile Assault', 'Counter', 'Evil Smile']
['Tarukaja', 'Growth 3', 'Ghastly Wail', 'Evil Smile', 'Mudoon']
['Magarula', 'Sukukaja', 'Samsara', 'Null Dark', 'Tarukaja']
['Sukukaja', 'Double Fangs', 'Maziodyne', 'Patra', 'Amrita']
['Mudoon', 'Magarula', 'Samsara', 'Amrita', 'Growth 3']
['Patra', 'Panta Rhei', 'Diarahan', 'Sukukaja', 'Mudoon']
['Mudoon', 'Patra', 'Thunder Reign', 'Panta Rhei', 'Tarukaja']
['Magarula', 'Patra', 'Maziodyne', 'Null Panic', 'Counter']
['Double Fangs', 'Growth 3', 'Null Dark', 'Patra', 'Null Panic']
['Tarukaja', 'Vile Assault', 'Null Fear', 'Null Panic', 'Patra']
['Vile Assault', 'Magarula', 'Mudoon', 'Counter', 'Tarukaja']
['Panta Rhei', 'Tarukaja', 'Amrita', 'Double Fangs', 'Evil Smile']
['Spell Master', 'Growth 3', 'Counter', 'Tarukaja', 'Null Fear']
['Patra', 'Mudoon', 'Wind Amp', 'Panta Rhei', 'Double Fangs']
['Vile Assault', 'Sukukaja', 'Tarukaja', 'Patra', 'Diarahan']
['Null Panic', 'Tarukaja', 'Elec Amp', 'Patra', 'Sukukaja']
['Elec Amp', 'Diarahan', 'Evil Smile', 'Patra', 'Counter']
['Magarula', 'Patra', 'Tarukaja', 'Wind Amp', 'Double Fangs']
['Patra', 'Wind Amp', 'Counter', 'Thunder Reign', 'Tarukaja']
['Tarukaja', 'Patra', 'Vile Assault', 'Counter', 'Double Fangs']
['Wind Amp', 'Ghastly Wail', 'Recarm', 'Patra', 'Sukukaja']
['Magarula', 'Sukukaja', 'Null Fear', 'Patra', 'Panta Rhei']
['Tarukaja', 'Patra', 'Recarm', 'Evil Smile', 'Vile Assault']
['Patra', 'Evil Smile', 'Mudoon', 'Sukukaja', 'Growth 3']
['Diarahan', 'Maziodyne', 'Evil Smile', 'Ghastly Wail', 'Wind Amp']
['Panta Rhei', 'Patra', 'Growth 3', 'Tarukaja', 'Double Fangs']
['Wind Amp', 'Tarukaja', 'Null Panic', 'Elec Amp', 'Null Dark']
['Null Fear', 'Counter', 'Null Panic', 'Double Fangs', 'Sukukaja']
['Patra', 'Vile Assault', 'Counter', 'Evil Smile', 'Recarm']
['Recarm', 'Patra', 'Double Fangs', 'Tarukaja', 'Sukukaja']
['Tarukaja', 'Sukukaja', 'Samsara', 'Null Dark', 'Mudoon']
['Vile Assault', 'Patra', 'Sukukaja', 'Recarm', 'Null Panic']
['Sukukaja', 'Patra', 'Growth 3', 'Null Fear', 'Mudoon']
['Tarukaja', 'Sukukaja', 'Patra', 'Magarula', 'Null Dark']
['Amrita', 'Elec Amp', 'Patra', 'Double Fangs', 'Mudoon']
['Evil Smile', 'Recarm', 'Patra', 'Samsara', 'Counter']
['Wind Amp', 'Mudoon', 'Magarula', 'Patra', 'Double Fangs']
['Magarula', 'Patra', 'Counter', 'Diarahan', 'Double Fangs']
['Elec Amp', 'Recarm', 'Patra', 'Sukukaja', 'Growth 3']
['Null Dark', 'Diarahan', 'Panta Rhei', 'Tarukaja', 'Mudoon']
['Sukukaja', 'Wind Amp', 'Patra', 'Null Fear', 'Counter']
['Patra', 'Growth 3', 'Sukukaja', 'Double Fangs', 'Ghastly Wail']
['Null Dark', 'Counter', 'Double Fangs', 'Patra', 'Evil Smile']
['Counter', 'Wind Amp', 'Patra', 'Diarahan', 'Mudoon']
['Vile Assault', 'Magarula', 'Diarahan', 'Patra', 'Recarm']
['Sukukaja', 'Growth 3', 'Null Panic', 'Wind Amp', 'Maziodyne']
['Samsara', 'Sukukaja', 'Panta Rhei', 'Double Fangs', 'Tarukaja']
['Patra', 'Ghastly Wail', 'Diarahan', 'Sukukaja', 'Recarm']
['Null Dark', 'Counter', 'Sukukaja', 'Null Panic', 'Double Fangs']
['Magarula', 'Null Panic', 'Sukukaja', 'Tarukaja', 'Patra']
['Patra', 'Maziodyne', 'Elec Amp', 'Mudoon', 'Magarula']
['Sukukaja', 'Amrita', 'Patra', 'Recarm', 'Null Panic']
['Growth 3', 'Null Panic', 'Patra', 'Elec Amp', 'Tarukaja']
['Double Fangs', 'Elec Amp', 'Counter', 'Null Dark', 'Wind Amp']
['Mudoon', 'Elec Amp', 'Tarukaja', 'Recarm', 'Patra']
['Diarahan', 'Counter', 'Sukukaja', 'Null Dark', 'Mudoon']
['Growth 3', 'Patra', 'Magarula', 'Tarukaja', 'Sukukaja']
['Counter', 'Wind Amp', 'Mudoon', 'Patra', 'Ghastly Wail']
['Patra', 'Double Fangs', 'Wind Amp', 'Maziodyne', 'Amrita']
['Double Fangs', 'Evil Smile', 'Magarula', 'Patra', 'Elec Amp']
['Magarula', 'Sukukaja', 'Counter', 'Evil Smile', 'Recarm']
['Diarahan', 'Wind Amp', 'Patra', 'Panta Rhei', 'Magarula']
['Sukukaja', 'Elec Amp', 'Wind Amp', 'Double Fangs', 'Patra']
['Null Dark', 'Evil Smile', 'Null Fear', 'Ghastly Wail', 'Patra']
['Samsara', 'Panta Rhei', 'Evil Smile', 'Double Fangs', 'Sukukaja']
['Null Fear', 'Sukukaja', 'Elec Amp', 'Patra', 'Counter']
['Diarahan', 'Double Fangs', 'Patra', 'Magarula', 'Amrita']
['Null Panic', 'Tarukaja', 'Elec Amp', 'Counter', 'Double Fangs']
['Growth 3', 'Patra', 'Sukukaja', 'Counter', 'Tarukaja']
['Thunder Reign', 'Null Panic', 'Mudoon', 'Patra', 'Counter']
['Patra', 'Panta Rhei', 'Counter', 'Sukukaja', 'Magarula']
['Patra', 'Wind Amp', 'Growth 3', 'Evil Smile', 'Magarula']
['Samsara', 'Growth 3', 'Tarukaja', 'Ghastly Wail', 'Vile Assault']
['Wind Amp', 'Vile Assault', 'Growth 3', 'Diarahan', 'Tarukaja']
['Evil Smile', 'Amrita', 'Patra', 'Mudoon', 'Diarahan']
['Growth 3', 'Null Panic', 'Sukukaja', 'Patra', 'Counter']
['Double Fangs', 'Tarukaja', 'Null Dark', 'Patra', 'Magarula']
['Mudoon', 'Patra', 'Tarukaja', 'Recarm', 'Vile Assault']
['Patra', 'Elec Amp', 'Magarula', 'Ghastly Wail', 'Amrita']
['Patra', 'Evil Smile', 'Tarukaja', 'Diarahan', 'Double Fangs']
['Counter', 'Tarukaja', 'Double Fangs', 'Mudoon', 'Null Dark']
['Null Panic', 'Sukukaja', 'Vile Assault', 'Tarukaja', 'Mudoon']
['Growth 3', 'Amrita', 'Counter', 'Tarukaja', 'Diarahan']
['Double Fangs', 'Sukukaja', 'Elec Amp', 'Vile Assault', 'Maziodyne']
['Amrita', 'Vile Assault', 'Null Fear', 'Patra', 'Tarukaja']
['Diarahan', 'Double Fangs', 'Counter', 'Ghastly Wail', 'Amrita']
['Sukukaja', 'Maziodyne', 'Patra', 'Double Fangs', 'Panta Rhei']
['Double Fangs', 'Wind Amp', 'Vile Assault', 'Null Dark', 'Thunder Reign']
['Recarm', 'Elec Amp', 'Patra', 'Null Dark', 'Maziodyne']
['Wind Amp', 'Elec Amp', 'Tarukaja', 'Evil Smile', 'Mudoon']
['Growth 3', 'Counter', 'Elec Amp', 'Double Fangs', 'Thunder Reign']
['Tarukaja', 'Elec Amp', 'Wind Amp', 'Growth 3', 'Double Fangs']
['Growth 3', 'Double Fangs', 'Tarukaja', 'Diarahan', 'Vile Assault']
['Double Fangs', 'Null Panic', 'Null Fear', 'Patra', 'Wind Amp']
['Double Fangs', 'Sukukaja', 'Counter', 'Patra', 'Vile Assault']
['Patra', 'Sukukaja', 'Amrita', 'Null Panic', 'Growth 3']
['Vile Assault', 'Null Panic', 'Growth 3', 'Evil Smile', 'Tarukaja']
['Elec Amp', 'Growth 3', 'Maziodyne', 'Tarukaja', 'Patra']
['Counter', 'Patra', 'Thunder Reign', 'Vile Assault', 'Maziodyne']
['Mudoon', 'Double Fangs', 'Diarahan', 'Wind Amp', 'Sukukaja']
['Counter', 'Tarukaja', 'Samsara', 'Patra', 'Sukukaja']
['Double Fangs', 'Ghastly Wail', 'Counter', 'Recarm', 'Patra']
['Magarula', 'Sukukaja', 'Thunder Reign', 'Growth 3', 'Vile Assault']
['Spell Master', 'Magarula', 'Recarm', 'Counter', 'Null Fear']
['Maziodyne', 'Counter', 'Null Dark', 'Magarula', 'Tarukaja']
['Sukukaja', 'Vile Assault', 'Counter', 'Recarm', 'Diarahan']
['Magarula', 'Mudoon', 'Double Fangs', 'Evil Smile', 'Patra']
['Wind Amp', 'Mudoon', 'Thunder Reign', 'Maziodyne', 'Tarukaja']
['Growth 3', 'Null Fear', 'Counter', 'Sukukaja', 'Double Fangs']
['Evil Smile', 'Patra', 'Tarukaja', 'Null Panic', 'Counter']
['Panta Rhei', 'Recarm', 'Evil Smile', 'Patra', 'Samsara']
['Thunder Reign', 'Null Dark', 'Wind Amp', 'Null Panic', 'Double Fangs']
['Patra', 'Counter', 'Tarukaja', 'Double Fangs', 'Null Dark']
['Magarula', 'Null Panic', 'Recarm', 'Double Fangs', 'Maziodyne']
['Patra', 'Samsara', 'Tarukaja', 'Evil Smile', 'Counter']
['Patra', 'Vile Assault', 'Null Fear', 'Evil Smile', 'Tarukaja']
['Recarm', 'Magarula', 'Amrita', 'Maziodyne', 'Sukukaja']
['Evil Smile', 'Diarahan', 'Maziodyne', 'Ghastly Wail', 'Thunder Reign']
['Growth 3', 'Tarukaja', 'Patra', 'Amrita', 'Sukukaja']
['Recarm', 'Magarula', 'Patra', 'Null Fear', 'Null Dark']
['Patra', 'Mudoon', 'Double Fangs', 'Magarula', 'Tarukaja']
['Double Fangs', 'Tarukaja', 'Null Dark', 'Recarm', 'Patra']
['Growth 3', 'Thunder Reign', 'Evil Smile', 'Null Panic', 'Tarukaja']
['Amrita', 'Evil Smile', 'Thunder Reign', 'Sukukaja', 'Double Fangs']
['Spell Master', 'Wind Amp', 'Amrita', 'Ghastly Wail', 'Tarukaja']
['Null Dark', 'Counter', 'Sukukaja', 'Patra', 'Double Fangs']
['Thunder Reign', 'Double Fangs', 'Magarula', 'Null Dark', 'Null Panic']
['Diarahan', 'Elec Amp', 'Patra', 'Tarukaja', 'Panta Rhei']
['Spell Master', 'Diarahan', 'Sukukaja', 'Evil Smile', 'Patra']
['Amrita', 'Tarukaja', 'Spell Master', 'Null Fear', 'Diarahan']
['Wind Amp', 'Growth 3', 'Evil Smile', 'Tarukaja', 'Patra']
['Double Fangs', 'Mudoon', 'Sukukaja', 'Vile Assault', 'Patra']
['Wind Amp', 'Spell Master', 'Samsara', 'Amrita', 'Null Dark']
['Wind Amp', 'Vile Assault', 'Mudoon', 'Growth 3', 'Tarukaja']
['Null Fear', 'Evil Smile', 'Mudoon', 'Diarahan', 'Sukukaja']
['Sukukaja', 'Counter', 'Null Dark', 'Elec Amp', 'Recarm']
['Thunder Reign', 'Patra', 'Evil Smile', 'Elec Amp', 'Wind Amp']
['Patra', 'Null Panic', 'Thunder Reign', 'Tarukaja', 'Vile Assault']
['Recarm', 'Ghastly Wail', 'Patra', 'Elec Amp', 'Null Fear']
['Null Dark', 'Magarula', 'Ghastly Wail', 'Tarukaja', 'Counter']
['Counter', 'Ghastly Wail', 'Evil Smile', 'Patra', 'Panta Rhei']
['Double Fangs', 'Tarukaja', 'Null Fear', 'Growth 3', 'Recarm']
['Sukukaja', 'Samsara', 'Wind Amp', 'Double Fangs', 'Patra']
['Growth 3', 'Sukukaja', 'Double Fangs', 'Vile Assault', 'Diarahan']
['Recarm', 'Tarukaja', 'Ghastly Wail', 'Sukukaja', 'Diarahan']
['Counter', 'Maziodyne', 'Null Dark', 'Double Fangs', 'Sukukaja']
['Spell Master', 'Vile Assault', 'Counter', 'Recarm', 'Mudoon']
['Counter', 'Wind Amp', 'Maziodyne', 'Tarukaja', 'Panta Rhei']
['Vile Assault', 'Diarahan', 'Tarukaja', 'Sukukaja', 'Thunder Reign']
['Elec Amp', 'Counter', 'Magarula', 'Null Panic', 'Sukukaja']
['Wind Amp', 'Patra', 'Mudoon', 'Diarahan', 'Tarukaja']
['Patra', 'Sukukaja', 'Evil Smile', 'Recarm', 'Null Dark']
['Magarula', 'Counter', 'Wind Amp', 'Vile Assault', 'Evil Smile']
['Recarm', 'Mudoon', 'Null Panic', 'Wind Amp', 'Diarahan']
['Patra', 'Tarukaja', 'Double Fangs', 'Sukukaja', 'Counter']
['Vile Assault', 'Amrita', 'Null Panic', 'Counter', 'Double Fangs']
['Maziodyne', 'Patra', 'Counter', 'Double Fangs', 'Ghastly Wail']
['Patra', 'Growth 3', 'Double Fangs', 'Evil Smile', 'Thunder Reign']
['Patra', 'Ghastly Wail', 'Growth 3', 'Wind Amp', 'Tarukaja']
['Null Dark', 'Evil Smile', 'Samsara', 'Null Fear', 'Wind Amp']
['Null Fear', 'Elec Amp', 'Maziodyne', 'Wind Amp', 'Thunder Reign']
['Sukukaja', 'Recarm', 'Samsara', 'Elec Amp', 'Vile Assault']
['Maziodyne', 'Double Fangs', 'Ghastly Wail', 'Spell Master', 'Recarm']
['Patra', 'Sukukaja', 'Diarahan', 'Elec Amp', 'Counter']
['Patra', 'Wind Amp', 'Null Panic', 'Panta Rhei', 'Counter']
['Patra', 'Mudoon', 'Tarukaja', 'Maziodyne', 'Diarahan']
['Wind Amp', 'Sukukaja', 'Null Fear', 'Double Fangs', 'Tarukaja']
['Tarukaja', 'Patra', 'Recarm', 'Amrita', 'Sukukaja']
['Patra', 'Recarm', 'Amrita', 'Null Fear', 'Vile Assault']
['Patra', 'Vile Assault', 'Double Fangs', 'Null Fear', 'Wind Amp']
['Sukukaja', 'Magarula', 'Double Fangs', 'Vile Assault', 'Patra']
['Tarukaja', 'Mudoon', 'Null Panic', 'Patra', 'Elec Amp']
['Counter', 'Diarahan', 'Samsara', 'Null Fear', 'Patra']
['Growth 3', 'Counter', 'Mudoon', 'Tarukaja', 'Patra']
['Patra', 'Samsara', 'Sukukaja', 'Counter', 'Wind Amp']
['Elec Amp', 'Double Fangs', 'Diarahan', 'Sukukaja', 'Spell Master']
['Counter', 'Recarm', 'Double Fangs', 'Null Fear', 'Patra']
['Sukukaja', 'Wind Amp', 'Double Fangs', 'Null Panic', 'Null Fear']
['Null Fear', 'Wind Amp', 'Ghastly Wail', 'Magarula', 'Mudoon']
['Patra', 'Growth 3', 'Sukukaja', 'Null Panic', 'Elec Amp']
['Samsara', 'Mudoon', 'Sukukaja', 'Counter', 'Tarukaja']
['Patra', 'Elec Amp', 'Sukukaja', 'Double Fangs', 'Recarm']
['Null Dark', 'Amrita', 'Magarula', 'Double Fangs', 'Recarm']
['Counter', 'Magarula', 'Vile Assault', 'Maziodyne', 'Mudoon']
['Wind Amp', 'Patra', 'Double Fangs', 'Null Panic', 'Magarula']
['Double Fangs', 'Maziodyne', 'Ghastly Wail', 'Magarula', 'Null Fear']
['Mudoon', 'Patra', 'Maziodyne', 'Diarahan', 'Sukukaja']
['Vile Assault', 'Tarukaja', 'Magarula', 'Patra', 'Diarahan']
['Growth 3', 'Amrita', 'Diarahan', 'Magarula', 'Counter']
['Evil Smile', 'Vile Assault', 'Double Fangs', 'Null Fear', 'Patra']
['Patra', 'Mudoon', 'Amrita', 'Samsara', 'Sukukaja']
['Patra', 'Tarukaja', 'Thunder Reign', 'Null Panic', 'Magarula']
['Elec Amp', 'Magarula', 'Patra', 'Sukukaja', 'Growth 3']
['Elec Amp', 'Tarukaja', 'Spell Master', 'Amrita', 'Sukukaja']
['Double Fangs', 'Patra', 'Growth 3', 'Spell Master', 'Panta Rhei']
['Evil Smile', 'Amrita', 'Sukukaja', 'Patra', 'Null Fear']
['Vile Assault', 'Tarukaja', 'Amrita', 'Null Panic', 'Evil Smile']
['Samsara', 'Magarula', 'Null Panic', 'Patra', 'Spell Master']
['Sukukaja', 'Patra', 'Elec Amp', 'Tarukaja', 'Double Fangs']
['Patra', 'Growth 3', 'Mudoon', 'Samsara', 'Elec Amp']
['Growth 3', 'Mudoon', 'Spell Master', 'Null Dark', 'Counter']
['Vile Assault', 'Patra', 'Spell Master', 'Tarukaja', 'Sukukaja']
['Mudoon', 'Amrita', 'Ghastly Wail', 'Thunder Reign', 'Evil Smile']
['Ghastly Wail', 'Patra', 'Counter', 'Vile Assault', 'Elec Amp']
['Elec Amp', 'Null Panic', 'Spell Master', 'Growth 3', 'Patra']
['Magarula', 'Ghastly Wail', 'Evil Smile', 'Panta Rhei', 'Spell Master']
['Thunder Reign', 'Tarukaja', 'Patra', 'Mudoon', 'Evil Smile']
['Recarm', 'Panta Rhei', 'Patra', 'Growth 3', 'Magarula']
['Spell Master', 'Elec Amp', 'Wind Amp', 'Patra', 'Tarukaja']
['Tarukaja', 'Patra', 'Vile Assault', 'Counter', 'Recarm']
['Magarula', 'Amrita', 'Recarm', 'Counter', 'Spell Master']
['Amrita', 'Magarula', 'Tarukaja', 'Counter', 'Double Fangs']
['Patra', 'Vile Assault', 'Double Fangs', 'Ghastly Wail', 'Elec Amp']
['Vile Assault', 'Recarm', 'Patra', 'Magarula', 'Mudoon']
['Patra', 'Wind Amp', 'Diarahan', 'Ghastly Wail', 'Evil Smile']
['Null Dark', 'Patra', 'Diarahan', 'Recarm', 'Growth 3']
['Double Fangs', 'Magarula', 'Recarm', 'Vile Assault', 'Ghastly Wail']
['Sukukaja', 'Amrita', 'Diarahan', 'Double Fangs', 'Maziodyne']
['Patra', 'Growth 3', 'Amrita', 'Double Fangs', 'Maziodyne']
['Growth 3', 'Double Fangs', 'Patra', 'Spell Master', 'Wind Amp']
['Patra', 'Null Dark', 'Null Fear', 'Double Fangs', 'Spell Master']
['Sukukaja', 'Counter', 'Vile Assault', 'Double Fangs', 'Patra']
['Evil Smile', 'Elec Amp', 'Tarukaja', 'Growth 3', 'Ghastly Wail']
['Maziodyne', 'Amrita', 'Null Fear', 'Patra', 'Ghastly Wail']
['Evil Smile', 'Panta Rhei', 'Tarukaja', 'Amrita', 'Counter']
['Maziodyne', 'Double Fangs', 'Recarm', 'Patra', 'Samsara']
['Sukukaja', 'Double Fangs', 'Growth 3', 'Thunder Reign', 'Diarahan']
['Sukukaja', 'Patra', 'Thunder Reign', 'Evil Smile', 'Double Fangs']
['Wind Amp', 'Maziodyne', 'Null Panic', 'Double Fangs', 'Sukukaja']
['Spell Master', 'Recarm', 'Tarukaja', 'Double Fangs', 'Wind Amp']
['Tarukaja', 'Evil Smile', 'Ghastly Wail', 'Recarm', 'Magarula']
['Recarm', 'Sukukaja', 'Patra', 'Tarukaja', 'Growth 3']
['Mudoon', 'Patra', 'Magarula', 'Sukukaja', 'Thunder Reign']
['Null Fear', 'Mudoon', 'Sukukaja', 'Spell Master', 'Patra']
['Mudoon', 'Patra', 'Null Panic', 'Growth 3', 'Maziodyne']
['Patra', 'Null Dark', 'Wind Amp', 'Growth 3', 'Double Fangs']
['Double Fangs', 'Patra', 'Tarukaja', 'Null Panic', 'Spell Master']
['Elec Amp', 'Recarm', 'Null Dark', 'Amrita', 'Magarula']
['Patra', 'Double Fangs', 'Null Fear', 'Recarm', 'Sukukaja']
['Patra', 'Counter', 'Magarula', 'Null Fear', 'Wind Amp']
['Patra', 'Null Dark', 'Ghastly Wail', 'Double Fangs', 'Recarm']
['Patra', 'Samsara', 'Thunder Reign', 'Panta Rhei', 'Amrita']
['Patra', 'Wind Amp', 'Panta Rhei', 'Sukukaja', 'Recarm']
['Counter', 'Diarahan', 'Evil Smile', 'Sukukaja', 'Vile Assault']
['Mudoon', 'Double Fangs', 'Panta Rhei', 'Tarukaja', 'Sukukaja']
['Patra', 'Counter', 'Null Panic', 'Evil Smile', 'Maziodyne']
['Recarm', 'Wind Amp', 'Magarula', 'Patra', 'Maziodyne']
['Mudoon', 'Vile Assault', 'Patra', 'Double Fangs', 'Counter']
['Counter', 'Double Fangs', 'Wind Amp', 'Sukukaja', 'Diarahan']
['Samsara', 'Double Fangs', 'Evil Smile', 'Maziodyne', 'Recarm']
['Maziodyne', 'Vile Assault', 'Elec Amp', 'Double Fangs', 'Tarukaja']
['Growth 3', 'Panta Rhei', 'Null Panic', 'Evil Smile', 'Patra']
['Ghastly Wail', 'Counter', 'Samsara', 'Growth 3', 'Vile Assault']
['Double Fangs', 'Patra', 'Tarukaja', 'Growth 3', 'Vile Assault']
['Patra', 'Spell Master', 'Vile Assault', 'Magarula', 'Tarukaja']
['Counter', 'Tarukaja', 'Growth 3', 'Elec Amp', 'Evil Smile']
['Elec Amp', 'Tarukaja', 'Null Dark', 'Growth 3', 'Ghastly Wail']
['Null Fear', 'Maziodyne', 'Growth 3', 'Patra', 'Sukukaja']
['Sukukaja', 'Elec Amp', 'Tarukaja', 'Diarahan', 'Recarm']
['Magarula', 'Growth 3', 'Maziodyne', 'Null Dark', 'Recarm']
['Magarula', 'Growth 3', 'Panta Rhei', 'Double Fangs', 'Patra']
['Elec Amp', 'Double Fangs', 'Sukukaja', 'Spell Master', 'Thunder Reign']
['Elec Amp', 'Ghastly Wail', 'Spell Master', 'Magarula', 'Sukukaja']
['Magarula', 'Vile Assault', 'Amrita', 'Sukukaja', 'Null Dark']
['Wind Amp', 'Counter', 'Null Fear', 'Patra', 'Mudoon']
['Null Panic', 'Sukukaja', 'Wind Amp', 'Thunder Reign', 'Patra']
['Recarm', 'Patra', 'Amrita', 'Growth 3', 'Null Dark']
['Tarukaja', 'Thunder Reign', 'Double Fangs', 'Counter', 'Maziodyne']
['Magarula', 'Tarukaja', 'Wind Amp', 'Mudoon', 'Patra']
['Recarm', 'Counter', 'Mudoon', 'Double Fangs', 'Tarukaja']
['Elec Amp', 'Patra', 'Null Dark', 'Double Fangs', 'Recarm']
['Counter', 'Magarula', 'Patra', 'Samsara', 'Recarm']
['Evil Smile', 'Vile Assault', 'Patra', 'Sukukaja', 'Double Fangs']
['Tarukaja', 'Mudoon', 'Vile Assault', 'Patra', 'Maziodyne']
['Patra', 'Spell Master', 'Tarukaja', 'Maziodyne', 'Double Fangs']
['Null Fear', 'Counter', 'Elec Amp', 'Panta Rhei', 'Maziodyne']
['Tarukaja', 'Null Panic', 'Null Dark', 'Sukukaja', 'Samsara']
['Elec Amp', 'Null Dark', 'Sukukaja', 'Spell Master', 'Amrita']
['Tarukaja', 'Evil Smile', 'Null Panic', 'Samsara', 'Double Fangs']
['Tarukaja', 'Sukukaja', 'Magarula', 'Panta Rhei', 'Null Fear']
['Amrita', 'Sukukaja', 'Double Fangs', 'Patra', 'Wind Amp']
['Sukukaja', 'Diarahan', 'Evil Smile', 'Double Fangs', 'Null Fear']
['Mudoon', 'Recarm', 'Amrita', 'Growth 3', 'Spell Master']
['Null Dark', 'Diarahan', 'Magarula', 'Sukukaja', 'Wind Amp']
['Growth 3', 'Ghastly Wail', 'Tarukaja', 'Mudoon', 'Amrita']
['Elec Amp', 'Double Fangs', 'Evil Smile', 'Null Dark', 'Spell Master']
['Patra', 'Sukukaja', 'Growth 3', 'Evil Smile', 'Mudoon']
['Double Fangs', 'Magarula', 'Null Panic', 'Samsara', 'Null Fear']
['Tarukaja', 'Growth 3', 'Null Dark', 'Magarula', 'Patra']
['Counter', 'Null Panic', 'Spell Master', 'Double Fangs', 'Sukukaja']
['Tarukaja', 'Magarula', 'Null Dark', 'Null Fear', 'Spell Master']
['Patra', 'Thunder Reign', 'Sukukaja', 'Evil Smile', 'Growth 3']
['Patra', 'Null Dark', 'Recarm', 'Counter', 'Mudoon']
['Patra', 'Evil Smile', 'Recarm', 'Tarukaja', 'Magarula']
['Evil Smile', 'Growth 3', 'Recarm', 'Magarula', 'Null Fear']
['Diarahan', 'Sukukaja', 'Patra', 'Recarm', 'Double Fangs']
['Recarm', 'Wind Amp', 'Magarula', 'Maziodyne', 'Patra']
['Null Dark', 'Thunder Reign', 'Sukukaja', 'Patra', 'Null Panic']
['Double Fangs', 'Wind Amp', 'Counter', 'Magarula', 'Tarukaja']
['Patra', 'Vile Assault', 'Thunder Reign', 'Wind Amp', 'Mudoon']
['Sukukaja', 'Diarahan', 'Mudoon', 'Null Panic', 'Patra']
['Evil Smile', 'Counter', 'Vile Assault', 'Patra', 'Wind Amp']
['Double Fangs', 'Thunder Reign', 'Recarm', 'Growth 3', 'Samsara']
['Counter', 'Samsara', 'Sukukaja', 'Null Panic', 'Patra']
['Patra', 'Null Panic', 'Spell Master', 'Growth 3', 'Sukukaja']
['Patra', 'Tarukaja', 'Elec Amp', 'Wind Amp', 'Counter']
['Double Fangs', 'Wind Amp', 'Patra', 'Tarukaja', 'Recarm']
['Spell Master', 'Growth 3', 'Counter', 'Patra', 'Elec Amp']
['Counter', 'Null Panic', 'Patra', 'Maziodyne', 'Double Fangs']
['Patra', 'Recarm', 'Sukukaja', 'Double Fangs', 'Amrita']
['Double Fangs', 'Tarukaja', 'Counter', 'Magarula', 'Evil Smile']
['Patra', 'Counter', 'Sukukaja', 'Null Fear', 'Tarukaja']
['Diarahan', 'Recarm', 'Patra', 'Amrita', 'Elec Amp']
['Patra', 'Diarahan', 'Recarm', 'Growth 3', 'Wind Amp']
['Tarukaja', 'Wind Amp', 'Ghastly Wail', 'Sukukaja', 'Patra']
['Recarm', 'Null Panic', 'Evil Smile', 'Patra', 'Maziodyne']
['Panta Rhei', 'Diarahan', 'Elec Amp', 'Recarm', 'Mudoon']
['Wind Amp', 'Growth 3', 'Patra', 'Tarukaja', 'Double Fangs']
['Patra', 'Sukukaja', 'Thunder Reign', 'Tarukaja', 'Double Fangs']
['Amrita', 'Sukukaja', 'Double Fangs', 'Magarula', 'Vile Assault']
['Patra', 'Double Fangs', 'Null Fear', 'Recarm', 'Ghastly Wail']
['Double Fangs', 'Spell Master', 'Wind Amp', 'Magarula', 'Null Fear']
['Tarukaja', 'Double Fangs', 'Patra', 'Mudoon', 'Vile Assault']
['Double Fangs', 'Patra', 'Wind Amp', 'Null Dark', 'Null Panic']
['Patra', 'Tarukaja', 'Sukukaja', 'Double Fangs', 'Null Dark']
['Double Fangs', 'Evil Smile', 'Sukukaja', 'Patra', 'Elec Amp']
['Recarm', 'Patra', 'Vile Assault', 'Maziodyne', 'Sukukaja']
['Null Fear', 'Tarukaja', 'Growth 3', 'Ghastly Wail', 'Sukukaja']
['Samsara', 'Double Fangs', 'Thunder Reign', 'Magarula', 'Counter']
['Elec Amp', 'Mudoon', 'Panta Rhei', 'Double Fangs', 'Wind Amp']
['Double Fangs', 'Magarula', 'Sukukaja', 'Patra', 'Counter']
['Tarukaja', 'Patra', 'Double Fangs', 'Evil Smile', 'Counter']
['Samsara', 'Sukukaja', 'Vile Assault', 'Elec Amp', 'Counter']
['Growth 3', 'Spell Master', 'Sukukaja', 'Elec Amp', 'Tarukaja']
['Sukukaja', 'Elec Amp', 'Double Fangs', 'Tarukaja', 'Magarula']
['Sukukaja', 'Maziodyne', 'Null Dark', 'Evil Smile', 'Growth 3']
['Null Fear', 'Diarahan', 'Evil Smile', 'Magarula', 'Patra']
['Patra', 'Diarahan', 'Sukukaja', 'Magarula', 'Wind Amp']
['Elec Amp', 'Counter', 'Magarula', 'Double Fangs', 'Recarm']
['Patra', 'Double Fangs', 'Mudoon', 'Diarahan', 'Elec Amp']
['Thunder Reign', 'Spell Master', 'Counter', 'Magarula', 'Vile Assault']
['Evil Smile', 'Patra', 'Tarukaja', 'Null Dark', 'Wind Amp']
['Mudoon', 'Double Fangs', 'Sukukaja', 'Patra', 'Evil Smile']
['Ghastly Wail', 'Sukukaja', 'Recarm', 'Thunder Reign', 'Vile Assault']
['Patra', 'Vile Assault', 'Sukukaja', 'Magarula', 'Elec Amp']
['Ghastly Wail', 'Magarula', 'Tarukaja', 'Recarm', 'Evil Smile']
['Evil Smile', 'Tarukaja', 'Recarm', 'Sukukaja', 'Vile Assault']
['Evil Smile', 'Counter', 'Growth 3', 'Diarahan', 'Patra']
['Null Fear', 'Null Dark', 'Maziodyne', 'Panta Rhei', 'Magarula']
['Double Fangs', 'Vile Assault', 'Maziodyne', 'Spell Master', 'Elec Amp']
['Sukukaja', 'Vile Assault', 'Ghastly Wail', 'Patra', 'Null Panic']
['Sukukaja', 'Vile Assault', 'Mudoon', 'Evil Smile', 'Patra']
['Wind Amp', 'Patra', 'Recarm', 'Magarula', 'Thunder Reign']
['Amrita', 'Elec Amp', 'Evil Smile', 'Null Dark', 'Double Fangs']
['Panta Rhei', 'Tarukaja', 'Null Panic', 'Sukukaja', 'Maziodyne']
['Spell Master', 'Null Panic', 'Diarahan', 'Amrita', 'Wind Amp']
['Ghastly Wail', 'Counter', 'Maziodyne', 'Evil Smile', 'Mudoon']
['Diarahan', 'Tarukaja', 'Ghastly Wail', 'Patra', 'Null Dark']
['Magarula', 'Panta Rhei', 'Maziodyne', 'Wind Amp', 'Tarukaja']
['Patra', 'Evil Smile', 'Growth 3', 'Null Dark', 'Null Fear']
['Patra', 'Samsara', 'Tarukaja', 'Elec Amp', 'Wind Amp']
['Maziodyne', 'Double Fangs', 'Sukukaja', 'Counter', 'Growth 3']
['Sukukaja', 'Wind Amp', 'Diarahan', 'Tarukaja', 'Growth 3']
['Null Fear', 'Vile Assault', 'Wind Amp', 'Elec Amp', 'Tarukaja']
['Null Dark', 'Null Fear', 'Counter', 'Recarm', 'Vile Assault']
['Patra', 'Magarula', 'Null Dark', 'Sukukaja', 'Recarm']
['Null Fear', 'Vile Assault', 'Magarula', 'Growth 3', 'Double Fangs']
['Amrita', 'Magarula', 'Growth 3', 'Double Fangs', 'Elec Amp']
['Growth 3', 'Wind Amp', 'Patra', 'Vile Assault', 'Recarm']
['Patra', 'Vile Assault', 'Mudoon', 'Growth 3', 'Recarm']
['Tarukaja', 'Growth 3', 'Null Panic', 'Evil Smile', 'Maziodyne']
['Double Fangs', 'Wind Amp', 'Counter', 'Thunder Reign', 'Diarahan']
['Null Fear', 'Magarula', 'Mudoon', 'Double Fangs', 'Amrita']
['Null Fear', 'Panta Rhei', 'Vile Assault', 'Double Fangs', 'Patra']
['Patra', 'Double Fangs', 'Counter', 'Mudoon', 'Spell Master']
['Patra', 'Ghastly Wail', 'Tarukaja', 'Mudoon', 'Double Fangs']
['Magarula', 'Patra', 'Elec Amp', 'Tarukaja', 'Sukukaja']
['Mudoon', 'Double Fangs', 'Magarula', 'Null Fear', 'Null Panic']
['Null Panic', 'Null Dark', 'Wind Amp', 'Patra', 'Mudoon']
['Sukukaja', 'Double Fangs', 'Wind Amp', 'Amrita', 'Patra']
['Mudoon', 'Null Panic', 'Tarukaja', 'Amrita', 'Recarm']
['Patra', 'Spell Master', 'Wind Amp', 'Null Panic', 'Counter']
['Wind Amp', 'Patra', 'Mudoon', 'Evil Smile', 'Recarm']
['Double Fangs', 'Patra', 'Elec Amp', 'Counter', 'Spell Master']
['Growth 3', 'Ghastly Wail', 'Sukukaja', 'Thunder Reign', 'Vile Assault']
['Wind Amp', 'Patra', 'Null Fear', 'Amrita', 'Tarukaja']
['Patra', 'Growth 3', 'Sukukaja', 'Maziodyne', 'Thunder Reign']
['Sukukaja', 'Evil Smile', 'Null Dark', 'Double Fangs', 'Maziodyne']
['Double Fangs', 'Wind Amp', 'Samsara', 'Patra', 'Panta Rhei']
['Evil Smile', 'Patra', 'Vile Assault', 'Counter', 'Growth 3']
['Null Dark', 'Double Fangs', 'Sukukaja', 'Tarukaja', 'Amrita']
['Elec Amp', 'Patra', 'Null Dark', 'Tarukaja', 'Magarula']
['Null Fear', 'Ghastly Wail', 'Vile Assault', 'Double Fangs', 'Panta Rhei']
['Ghastly Wail', 'Evil Smile', 'Sukukaja', 'Patra', 'Double Fangs']
['Null Panic', 'Sukukaja', 'Double Fangs', 'Evil Smile', 'Magarula']
['Vile Assault', 'Sukukaja', 'Counter', 'Patra', 'Maziodyne']
['Growth 3', 'Recarm', 'Diarahan', 'Patra', 'Spell Master']
['Tarukaja', 'Double Fangs', 'Patra', 'Counter', 'Evil Smile']
['Double Fangs', 'Vile Assault', 'Evil Smile', 'Mudoon', 'Thunder Reign']
['Diarahan', 'Mudoon', 'Null Fear', 'Growth 3', 'Patra']
['Maziodyne', 'Double Fangs', 'Samsara', 'Sukukaja', 'Growth 3']
['Patra', 'Amrita', 'Recarm', 'Mudoon', 'Elec Amp']
['Null Dark', 'Patra', 'Counter', 'Wind Amp', 'Double Fangs']
['Tarukaja', 'Growth 3', 'Diarahan', 'Patra', 'Null Panic']
['Mudoon', 'Sukukaja', 'Patra', 'Diarahan', 'Ghastly Wail']
['Elec Amp', 'Null Panic', 'Wind Amp', 'Amrita', 'Mudoon']
['Evil Smile', 'Vile Assault', 'Double Fangs', 'Patra', 'Sukukaja']
['Patra', 'Spell Master', 'Counter', 'Sukukaja', 'Ghastly Wail']
['Patra', 'Panta Rhei', 'Vile Assault', 'Null Panic', 'Amrita']
['Mudoon', 'Patra', 'Null Fear', 'Evil Smile', 'Diarahan']
['Null Fear', 'Tarukaja', 'Counter', 'Null Dark', 'Thunder Reign']
['Patra', 'Sukukaja', 'Wind Amp', 'Tarukaja', 'Counter']
['Patra', 'Counter', 'Growth 3', 'Mudoon', 'Diarahan']
['Null Panic', 'Tarukaja', 'Samsara', 'Evil Smile', 'Sukukaja']
['Double Fangs', 'Evil Smile', 'Counter', 'Amrita', 'Samsara']
['Tarukaja', 'Vile Assault', 'Wind Amp', 'Sukukaja', 'Recarm']
['Tarukaja', 'Diarahan', 'Spell Master', 'Amrita', 'Patra']
['Recarm', 'Magarula', 'Maziodyne', 'Sukukaja', 'Null Fear']
['Counter', 'Patra', 'Thunder Reign', 'Double Fangs', 'Null Panic']
['Double Fangs', 'Elec Amp', 'Sukukaja', 'Patra', 'Null Dark']
['Double Fangs', 'Spell Master', 'Sukukaja', 'Diarahan', 'Patra']
['Double Fangs', 'Patra', 'Sukukaja', 'Tarukaja', 'Spell Master']
['Maziodyne', 'Elec Amp', 'Null Fear', 'Double Fangs', 'Patra']
['Patra', 'Wind Amp', 'Ghastly Wail', 'Counter', 'Null Dark']
['Magarula', 'Double Fangs', 'Sukukaja', 'Patra', 'Evil Smile']
['Evil Smile', 'Diarahan', 'Counter', 'Samsara', 'Sukukaja']
['Tarukaja', 'Wind Amp', 'Null Fear', 'Evil Smile', 'Panta Rhei']
['Maziodyne', 'Patra', 'Recarm', 'Double Fangs', 'Elec Amp']
['Vile Assault', 'Tarukaja', 'Sukukaja', 'Spell Master', 'Amrita']
['Patra', 'Null Fear', 'Double Fangs', 'Vile Assault', 'Wind Amp']
['Evil Smile', 'Patra', 'Vile Assault', 'Tarukaja', 'Growth 3']
['Tarukaja', 'Spell Master', 'Patra', 'Double Fangs', 'Null Fear']
['Tarukaja', 'Null Fear', 'Vile Assault', 'Sukukaja', 'Ghastly Wail']
['Wind Amp', 'Diarahan', 'Mudoon', 'Amrita', 'Double Fangs']
['Tarukaja', 'Patra', 'Samsara', 'Null Dark', 'Counter']
['Sukukaja', 'Tarukaja', 'Null Dark', 'Patra', 'Magarula']
['Tarukaja', 'Growth 3', 'Mudoon', 'Wind Amp', 'Maziodyne']
['Spell Master', 'Double Fangs', 'Patra', 'Tarukaja', 'Counter']
['Recarm', 'Patra', 'Tarukaja', 'Sukukaja', 'Vile Assault']
['Ghastly Wail', 'Growth 3', 'Null Panic', 'Double Fangs', 'Null Fear']
['Growth 3', 'Vile Assault', 'Wind Amp', 'Double Fangs', 'Magarula']
['Magarula', 'Null Panic', 'Null Fear', 'Mudoon', 'Double Fangs']
['Tarukaja', 'Mudoon', 'Sukukaja', 'Null Panic', 'Wind Amp']
['Evil Smile', 'Double Fangs', 'Patra', 'Null Fear', 'Growth 3']
['Diarahan', 'Patra', 'Double Fangs', 'Sukukaja', 'Wind Amp']
['Wind Amp', 'Growth 3', 'Patra', 'Magarula', 'Ghastly Wail']
['Double Fangs', 'Diarahan', 'Recarm', 'Vile Assault', 'Patra']
['Mudoon', 'Patra', 'Double Fangs', 'Diarahan', 'Null Dark']
['Null Dark', 'Mudoon', 'Spell Master', 'Tarukaja', 'Counter']
['Tarukaja', 'Mudoon', 'Elec Amp', 'Sukukaja', 'Evil Smile']
['Elec Amp', 'Double Fangs', 'Wind Amp', 'Patra', 'Vile Assault']
['Patra', 'Amrita', 'Elec Amp', 'Growth 3', 'Tarukaja']
['Growth 3', 'Amrita', 'Double Fangs', 'Tarukaja', 'Null Dark']
['Sukukaja', 'Double Fangs', 'Patra', 'Recarm', 'Mudoon']
['Elec Amp', 'Null Fear', 'Patra', 'Growth 3', 'Recarm']
['Vile Assault', 'Diarahan', 'Tarukaja', 'Growth 3', 'Null Dark']
['Patra', 'Null Panic', 'Sukukaja', 'Counter', 'Evil Smile']
['Tarukaja', 'Null Panic', 'Diarahan', 'Patra', 'Amrita']
['Patra', 'Elec Amp', 'Sukukaja', 'Panta Rhei', 'Null Fear']
['Elec Amp', 'Thunder Reign', 'Magarula', 'Tarukaja', 'Patra']
['Recarm', 'Patra', 'Vile Assault', 'Double Fangs', 'Evil Smile']
['Wind Amp', 'Null Panic', 'Tarukaja', 'Patra', 'Mudoon']
['Patra', 'Tarukaja', 'Counter', 'Null Panic', 'Double Fangs']
['Maziodyne', 'Null Fear', 'Counter', 'Panta Rhei', 'Magarula']
['Wind Amp', 'Tarukaja', 'Counter', 'Evil Smile', 'Mudoon']
['Magarula', 'Maziodyne', 'Thunder Reign', 'Tarukaja', 'Counter']
['Spell Master', 'Tarukaja', 'Patra', 'Recarm', 'Null Fear']
['Ghastly Wail', 'Sukukaja', 'Counter', 'Evil Smile', 'Double Fangs']
['Double Fangs', 'Wind Amp', 'Elec Amp', 'Tarukaja', 'Samsara']
['Wind Amp', 'Elec Amp', 'Patra', 'Amrita', 'Null Dark']
['Patra', 'Maziodyne', 'Tarukaja', 'Null Dark', 'Null Panic']
['Double Fangs', 'Samsara', 'Null Fear', 'Wind Amp', 'Growth 3']
['Growth 3', 'Evil Smile', 'Mudoon', 'Null Fear', 'Amrita']
['Tarukaja', 'Null Fear', 'Null Panic', 'Magarula', 'Patra']
['Evil Smile', 'Samsara', 'Patra', 'Thunder Reign', 'Sukukaja']
['Growth 3', 'Wind Amp', 'Evil Smile', 'Sukukaja', 'Tarukaja']
['Null Panic', 'Sukukaja', 'Counter', 'Double Fangs', 'Mudoon']
['Ghastly Wail', 'Recarm', 'Null Panic', 'Tarukaja', 'Patra']
['Spell Master', 'Double Fangs', 'Patra', 'Diarahan', 'Recarm']
['Null Fear', 'Sukukaja', 'Counter', 'Null Dark', 'Maziodyne']
['Elec Amp', 'Patra', 'Null Panic', 'Ghastly Wail', 'Maziodyne']
['Counter', 'Spell Master', 'Elec Amp', 'Tarukaja', 'Panta Rhei']
['Patra', 'Wind Amp', 'Tarukaja', 'Mudoon', 'Sukukaja']
['Evil Smile', 'Null Panic', 'Patra', 'Elec Amp', 'Double Fangs']
['Spell Master', 'Patra', 'Null Panic', 'Tarukaja', 'Wind Amp']
['Patra', 'Tarukaja', 'Recarm', 'Amrita', 'Samsara']
['Tarukaja', 'Elec Amp', 'Patra', 'Ghastly Wail', 'Double Fangs']
['Diarahan', 'Patra', 'Tarukaja', 'Growth 3', 'Mudoon']
['Double Fangs', 'Evil Smile', 'Counter', 'Panta Rhei', 'Null Dark']
['Maziodyne', 'Ghastly Wail', 'Recarm', 'Evil Smile', 'Mudoon']
['Double Fangs', 'Recarm', 'Sukukaja', 'Null Fear', 'Maziodyne']
['Elec Amp', 'Magarula', 'Patra', 'Null Fear', 'Thunder Reign']
['Elec Amp', 'Sukukaja', 'Growth 3', 'Spell Master', 'Patra']
['Double Fangs', 'Tarukaja', 'Mudoon', 'Elec Amp', 'Patra']
['Recarm', 'Counter', 'Vile Assault', 'Evil Smile', 'Sukukaja']
['Amrita', 'Tarukaja', 'Patra', 'Vile Assault', 'Double Fangs']
['Elec Amp', 'Diarahan', 'Maziodyne', 'Thunder Reign', 'Growth 3']
['Double Fangs', 'Magarula', 'Mudoon', 'Sukukaja', 'Thunder Reign']
['Tarukaja', 'Recarm', 'Null Panic', 'Null Fear', 'Growth 3']
['Samsara', 'Elec Amp', 'Growth 3', 'Recarm', 'Amrita']
['Null Fear', 'Patra', 'Panta Rhei', 'Growth 3', 'Spell Master']
['Wind Amp', 'Elec Amp', 'Growth 3', 'Double Fangs', 'Null Dark']
['Growth 3', 'Magarula', 'Sukukaja', 'Patra', 'Tarukaja']
['Thunder Reign', 'Counter', 'Sukukaja', 'Magarula', 'Patra']
['Null Dark', 'Evil Smile', 'Recarm', 'Tarukaja', 'Spell Master']
['Wind Amp', 'Patra', 'Elec Amp', 'Double Fangs', 'Null Panic']
['Elec Amp', 'Patra', 'Vile Assault', 'Ghastly Wail', 'Null Fear']
['Evil Smile', 'Vile Assault', 'Ghastly Wail', 'Null Dark', 'Mudoon']
['Mudoon', 'Double Fangs', 'Wind Amp', 'Counter', 'Elec Amp']
['Sukukaja', 'Patra', 'Tarukaja', 'Panta Rhei', 'Mudoon']
['Panta Rhei', 'Patra', 'Mudoon', 'Samsara', 'Amrita']
['Null Fear', 'Vile Assault', 'Double Fangs', 'Maziodyne', 'Tarukaja']
['Patra', 'Null Fear', 'Sukukaja', 'Evil Smile', 'Wind Amp']
['Patra', 'Evil Smile', 'Counter', 'Growth 3', 'Thunder Reign']
['Diarahan', 'Amrita', 'Recarm', 'Evil Smile', 'Tarukaja']
['Elec Amp', 'Samsara', 'Patra', 'Tarukaja', 'Evil Smile']
['Elec Amp', 'Null Dark', 'Patra', 'Panta Rhei', 'Diarahan']
['Patra', 'Sukukaja', 'Wind Amp', 'Growth 3', 'Magarula']
['Mudoon', 'Sukukaja', 'Recarm', 'Samsara', 'Patra']
['Null Fear', 'Null Panic', 'Spell Master', 'Panta Rhei', 'Tarukaja']
['Spell Master', 'Null Panic', 'Tarukaja', 'Wind Amp', 'Null Dark']
['Diarahan', 'Magarula', 'Wind Amp', 'Tarukaja', 'Null Fear']
['Diarahan', 'Spell Master', 'Evil Smile', 'Wind Amp', 'Amrita']
['Null Panic', 'Spell Master', 'Maziodyne', 'Panta Rhei', 'Evil Smile']
['Mudoon', 'Panta Rhei', 'Counter', 'Double Fangs', 'Thunder Reign']
['Panta Rhei', 'Patra', 'Diarahan', 'Recarm', 'Double Fangs']
['Null Dark', 'Mudoon', 'Amrita', 'Patra', 'Growth 3']
['Diarahan', 'Growth 3', 'Magarula', 'Double Fangs', 'Mudoon']
['Maziodyne', 'Elec Amp', 'Wind Amp', 'Patra', 'Tarukaja']
['Patra', 'Diarahan', 'Mudoon', 'Magarula', 'Recarm']
['Panta Rhei', 'Sukukaja', 'Spell Master', 'Null Panic', 'Amrita']
['Null Fear', 'Recarm', 'Magarula', 'Double Fangs', 'Patra']
['Null Dark', 'Magarula', 'Sukukaja', 'Amrita', 'Mudoon']
['Double Fangs', 'Maziodyne', 'Sukukaja', 'Elec Amp', 'Patra']
['Double Fangs', 'Counter', 'Patra', 'Recarm', 'Mudoon']
['Thunder Reign', 'Sukukaja', 'Vile Assault', 'Mudoon', 'Recarm']
['Double Fangs', 'Amrita', 'Recarm', 'Tarukaja', 'Ghastly Wail']
['Evil Smile', 'Growth 3', 'Elec Amp', 'Magarula', 'Panta Rhei']
['Tarukaja', 'Recarm', 'Null Fear', 'Growth 3', 'Null Dark']
['Recarm', 'Magarula', 'Vile Assault', 'Sukukaja', 'Patra']
['Sukukaja', 'Patra', 'Recarm', 'Null Dark', 'Tarukaja']
['Null Panic', 'Amrita', 'Evil Smile', 'Spell Master', 'Wind Amp']
['Magarula', 'Counter', 'Vile Assault', 'Null Dark', 'Tarukaja']
['Magarula', 'Patra', 'Growth 3', 'Counter', 'Vile Assault']
['Double Fangs', 'Patra', 'Tarukaja', 'Sukukaja', 'Elec Amp']
['Recarm', 'Counter', 'Double Fangs', 'Elec Amp', 'Null Panic']
['Mudoon', 'Patra', 'Wind Amp', 'Spell Master', 'Growth 3']
['Diarahan', 'Patra', 'Panta Rhei', 'Sukukaja', 'Amrita']
['Null Panic', 'Sukukaja', 'Wind Amp', 'Evil Smile', 'Vile Assault']
['Evil Smile', 'Sukukaja', 'Double Fangs', 'Growth 3', 'Null Dark']
['Patra', 'Counter', 'Tarukaja', 'Null Dark', 'Growth 3']
['Sukukaja', 'Patra', 'Counter', 'Mudoon', 'Panta Rhei']
['Sukukaja', 'Samsara', 'Patra', 'Diarahan', 'Wind Amp']
['Counter', 'Samsara', 'Double Fangs', 'Patra', 'Amrita']
['Null Panic', 'Mudoon', 'Spell Master', 'Sukukaja', 'Patra']
['Patra', 'Null Panic', 'Elec Amp', 'Recarm', 'Wind Amp']
['Null Dark', 'Magarula', 'Null Fear', 'Double Fangs', 'Thunder Reign']
['Patra', 'Null Dark', 'Tarukaja', 'Diarahan', 'Spell Master']
['Magarula', 'Vile Assault', 'Patra', 'Samsara', 'Null Panic']
['Sukukaja', 'Wind Amp', 'Patra', 'Ghastly Wail', 'Double Fangs']
['Elec Amp', 'Counter', 'Patra', 'Double Fangs', 'Tarukaja']
['Counter', 'Amrita', 'Maziodyne', 'Sukukaja', 'Double Fangs']
['Patra', 'Null Fear', 'Double Fangs', 'Diarahan', 'Tarukaja']
['Tarukaja', 'Magarula', 'Vile Assault', 'Growth 3', 'Sukukaja']
['Sukukaja', 'Thunder Reign', 'Counter', 'Evil Smile', 'Magarula']
['Recarm', 'Elec Amp', 'Tarukaja', 'Amrita', 'Maziodyne']
['Growth 3', 'Patra', 'Recarm', 'Tarukaja', 'Double Fangs']
['Diarahan', 'Double Fangs', 'Patra', 'Amrita', 'Elec Amp']
['Amrita', 'Tarukaja', 'Sukukaja', 'Vile Assault', 'Evil Smile']
['Wind Amp', 'Patra', 'Null Dark', 'Recarm', 'Magarula']
['Patra', 'Mudoon', 'Double Fangs', 'Tarukaja', 'Magarula']
['Thunder Reign', 'Patra', 'Tarukaja', 'Null Panic', 'Growth 3']
['Patra', 'Magarula', 'Amrita', 'Wind Amp', 'Null Fear']
['Vile Assault', 'Maziodyne', 'Patra', 'Evil Smile', 'Recarm']
['Patra', 'Recarm', 'Magarula', 'Elec Amp', 'Amrita']
['Elec Amp', 'Patra', 'Thunder Reign', 'Null Dark', 'Double Fangs']
['Maziodyne', 'Patra', 'Elec Amp', 'Sukukaja', 'Ghastly Wail']
['Magarula', 'Null Panic', 'Recarm', 'Counter', 'Tarukaja']
['Diarahan', 'Wind Amp', 'Null Panic', 'Tarukaja', 'Evil Smile']
['Magarula', 'Maziodyne', 'Sukukaja', 'Double Fangs', 'Vile Assault']
['Null Panic', 'Growth 3', 'Panta Rhei', 'Double Fangs', 'Patra']
['Sukukaja', 'Double Fangs', 'Growth 3', 'Mudoon', 'Tarukaja']
['Counter', 'Mudoon', 'Elec Amp', 'Thunder Reign', 'Tarukaja']
['Patra', 'Counter', 'Double Fangs', 'Magarula', 'Amrita']
['Tarukaja', 'Spell Master', 'Patra', 'Recarm', 'Elec Amp']
['Counter', 'Recarm', 'Spell Master', 'Double Fangs', 'Maziodyne']
['Mudoon', 'Tarukaja', 'Elec Amp', 'Double Fangs', 'Evil Smile']
['Recarm', 'Patra', 'Samsara', 'Vile Assault', 'Mudoon']
['Elec Amp', 'Null Dark', 'Double Fangs', 'Counter', 'Amrita']
['Wind Amp', 'Evil Smile', 'Mudoon', 'Patra', 'Panta Rhei']
['Recarm', 'Diarahan', 'Tarukaja', 'Counter', 'Double Fangs']
['Counter', 'Null Fear', 'Tarukaja', 'Patra', 'Sukukaja']
['Patra', 'Recarm', 'Sukukaja', 'Counter', 'Wind Amp']
['Tarukaja', 'Thunder Reign', 'Evil Smile', 'Counter', 'Double Fangs']
['Tarukaja', 'Mudoon', 'Evil Smile', 'Null Dark', 'Growth 3']
['Tarukaja', 'Null Dark', 'Sukukaja', 'Counter', 'Growth 3']
['Double Fangs', 'Null Panic', 'Null Fear', 'Tarukaja', 'Vile Assault']
['Sukukaja', 'Null Panic', 'Spell Master', 'Patra', 'Ghastly Wail']
['Patra', 'Tarukaja', 'Sukukaja', 'Spell Master', 'Magarula']
['Null Fear', 'Patra', 'Recarm', 'Maziodyne', 'Elec Amp']
['Diarahan', 'Null Dark', 'Vile Assault', 'Counter', 'Ghastly Wail']
['Diarahan', 'Recarm', 'Maziodyne', 'Patra', 'Thunder Reign']
['Null Dark', 'Patra', 'Ghastly Wail', 'Spell Master', 'Double Fangs']
['Growth 3', 'Patra', 'Elec Amp', 'Recarm', 'Null Fear']
['Patra', 'Recarm', 'Evil Smile', 'Counter', 'Null Panic']
['Elec Amp', 'Vile Assault', 'Counter', 'Sukukaja', 'Null Panic']
['Patra', 'Sukukaja', 'Double Fangs', 'Vile Assault', 'Growth 3']
['Tarukaja', 'Recarm', 'Spell Master', 'Double Fangs', 'Patra']
['Growth 3', 'Null Dark', 'Tarukaja', 'Amrita', 'Null Panic']
['Sukukaja', 'Mudoon', 'Thunder Reign', 'Patra', 'Magarula']
['Growth 3', 'Counter', 'Wind Amp', 'Recarm', 'Panta Rhei']
['Diarahan', 'Null Fear', 'Amrita', 'Patra', 'Samsara']
['Patra', 'Sukukaja', 'Counter', 'Ghastly Wail', 'Growth 3']
['Wind Amp', 'Elec Amp', 'Patra', 'Double Fangs', 'Tarukaja']
['Recarm', 'Null Dark', 'Sukukaja', 'Wind Amp', 'Patra']
['Double Fangs', 'Amrita', 'Tarukaja', 'Wind Amp', 'Maziodyne']
['Diarahan', 'Ghastly Wail', 'Patra', 'Magarula', 'Growth 3']
['Mudoon', 'Diarahan', 'Thunder Reign', 'Tarukaja', 'Ghastly Wail']
['Wind Amp', 'Double Fangs', 'Null Panic', 'Mudoon', 'Null Dark']
['Elec Amp', 'Patra', 'Evil Smile', 'Counter', 'Tarukaja']
['Double Fangs', 'Tarukaja', 'Sukukaja', 'Patra', 'Wind Amp']
['Elec Amp', 'Vile Assault', 'Patra', 'Sukukaja', 'Recarm']
['Sukukaja', 'Null Panic', 'Patra', 'Samsara', 'Counter']
['Null Dark', 'Evil Smile', 'Tarukaja', 'Double Fangs', 'Null Fear']
['Samsara', 'Patra', 'Recarm', 'Growth 3', 'Tarukaja']
['Wind Amp', 'Thunder Reign', 'Amrita', 'Tarukaja', 'Growth 3']
['Counter', 'Samsara', 'Wind Amp', 'Double Fangs', 'Panta Rhei']
['Recarm', 'Amrita', 'Tarukaja', 'Double Fangs', 'Patra']
['Null Fear', 'Double Fangs', 'Mudoon', 'Sukukaja', 'Counter']
['Evil Smile', 'Diarahan', 'Thunder Reign', 'Elec Amp', 'Double Fangs']
['Recarm', 'Sukukaja', 'Counter', 'Spell Master', 'Wind Amp']
['Evil Smile', 'Sukukaja', 'Thunder Reign', 'Elec Amp', 'Double Fangs']
['Elec Amp', 'Diarahan', 'Patra', 'Tarukaja', 'Recarm']
['Magarula', 'Sukukaja', 'Growth 3', 'Amrita', 'Ghastly Wail']
['Growth 3', 'Null Panic', 'Tarukaja', 'Sukukaja', 'Elec Amp']
['Counter', 'Magarula', 'Tarukaja', 'Mudoon', 'Ghastly Wail']
['Patra', 'Panta Rhei', 'Diarahan', 'Double Fangs', 'Thunder Reign']
['Magarula', 'Vile Assault', 'Patra', 'Null Fear', 'Double Fangs']
['Tarukaja', 'Double Fangs', 'Sukukaja', 'Patra', 'Thunder Reign']
['Patra', 'Growth 3', 'Diarahan', 'Elec Amp', 'Thunder Reign']
['Null Panic', 'Sukukaja', 'Double Fangs', 'Recarm', 'Patra']
['Null Fear', 'Evil Smile', 'Ghastly Wail', 'Maziodyne', 'Elec Amp']
['Spell Master', 'Counter', 'Patra', 'Sukukaja', 'Growth 3']
['Evil Smile', 'Samsara', 'Diarahan', 'Double Fangs', 'Null Dark']
['Tarukaja', 'Patra', 'Null Fear', 'Ghastly Wail', 'Wind Amp']
['Magarula', 'Null Dark', 'Evil Smile', 'Thunder Reign', 'Maziodyne']
['Samsara', 'Null Dark', 'Ghastly Wail', 'Vile Assault', 'Mudoon']
['Tarukaja', 'Growth 3', 'Amrita', 'Evil Smile', 'Recarm']
['Vile Assault', 'Evil Smile', 'Mudoon', 'Amrita', 'Tarukaja']
['Tarukaja', 'Sukukaja', 'Ghastly Wail', 'Null Dark', 'Growth 3']
['Recarm', 'Patra', 'Mudoon', 'Double Fangs', 'Null Dark']
['Growth 3', 'Recarm', 'Ghastly Wail', 'Sukukaja', 'Double Fangs']
['Double Fangs', 'Sukukaja', 'Vile Assault', 'Patra', 'Diarahan']
['Amrita', 'Thunder Reign', 'Patra', 'Mudoon', 'Growth 3']
['Patra', 'Samsara', 'Ghastly Wail', 'Elec Amp', 'Magarula']
['Vile Assault', 'Thunder Reign', 'Null Panic', 'Elec Amp', 'Double Fangs']
['Elec Amp', 'Magarula', 'Recarm', 'Growth 3', 'Null Panic']
['Patra', 'Maziodyne', 'Panta Rhei', 'Amrita', 'Tarukaja']
['Sukukaja', 'Evil Smile', 'Spell Master', 'Null Dark', 'Wind Amp']
['Patra', 'Null Panic', 'Elec Amp', 'Vile Assault', 'Tarukaja']
['Diarahan', 'Null Fear', 'Sukukaja', 'Patra', 'Wind Amp']
['Counter', 'Double Fangs', 'Null Dark', 'Samsara', 'Wind Amp']
['Double Fangs', 'Null Panic', 'Mudoon', 'Evil Smile', 'Vile Assault']
['Samsara', 'Elec Amp', 'Patra', 'Wind Amp', 'Tarukaja']
['Mudoon', 'Sukukaja', 'Null Panic', 'Patra', 'Vile Assault']
['Double Fangs', 'Growth 3', 'Null Fear', 'Recarm', 'Patra']
['Magarula', 'Patra', 'Null Dark', 'Tarukaja', 'Double Fangs']
['Panta Rhei', 'Recarm', 'Growth 3', 'Thunder Reign', 'Sukukaja']
['Null Fear', 'Patra', 'Null Panic', 'Tarukaja', 'Counter']
['Null Panic', 'Null Fear', 'Sukukaja', 'Wind Amp', 'Growth 3']
['Elec Amp', 'Samsara', 'Magarula', 'Vile Assault', 'Sukukaja']
['Magarula', 'Tarukaja', 'Sukukaja', 'Ghastly Wail', 'Mudoon']
['Vile Assault', 'Mudoon', 'Magarula', 'Patra', 'Recarm']
['Elec Amp', 'Magarula', 'Sukukaja', 'Mudoon', 'Evil Smile']
['Tarukaja', 'Vile Assault', 'Maziodyne', 'Growth 3', 'Magarula']
['Elec Amp', 'Patra', 'Double Fangs', 'Wind Amp', 'Sukukaja']
['Mudoon', 'Growth 3', 'Vile Assault', 'Patra', 'Double Fangs']
['Patra', 'Vile Assault', 'Elec Amp', 'Null Dark', 'Diarahan']
['Double Fangs', 'Counter', 'Tarukaja', 'Mudoon', 'Sukukaja']
['Null Fear', 'Diarahan', 'Evil Smile', 'Elec Amp', 'Panta Rhei']
['Wind Amp', 'Growth 3', 'Elec Amp', 'Spell Master', 'Patra']
['Panta Rhei', 'Evil Smile', 'Counter', 'Thunder Reign', 'Patra']
['Tarukaja', 'Patra', 'Magarula', 'Mudoon', 'Elec Amp']
['Null Fear', 'Maziodyne', 'Sukukaja', 'Patra', 'Tarukaja']
['Vile Assault', 'Patra', 'Elec Amp', 'Tarukaja', 'Null Panic']
['Sukukaja', 'Null Panic', 'Wind Amp', 'Counter', 'Growth 3']
['Counter', 'Patra', 'Double Fangs', 'Evil Smile', 'Tarukaja']
['Elec Amp', 'Mudoon', 'Patra', 'Counter', 'Magarula']
['Tarukaja', 'Magarula', 'Counter', 'Sukukaja', 'Mudoon']
['Elec Amp', 'Null Dark', 'Counter', 'Evil Smile', 'Panta Rhei']
['Growth 3', 'Double Fangs', 'Patra', 'Null Panic', 'Recarm']
['Wind Amp', 'Mudoon', 'Growth 3', 'Patra', 'Counter']
['Vile Assault', 'Double Fangs', 'Patra', 'Mudoon', 'Magarula']
['Null Panic', 'Sukukaja', 'Double Fangs', 'Null Dark', 'Tarukaja']
['Wind Amp', 'Patra', 'Tarukaja', 'Null Fear', 'Magarula']
['Double Fangs', 'Sukukaja', 'Vile Assault', 'Evil Smile', 'Patra']
['Mudoon', 'Patra', 'Recarm', 'Sukukaja', 'Panta Rhei']
['Counter', 'Recarm', 'Growth 3', 'Patra', 'Tarukaja']
['Evil Smile', 'Tarukaja', 'Null Dark', 'Mudoon', 'Wind Amp']
['Patra', 'Diarahan', 'Null Dark', 'Wind Amp', 'Evil Smile']
['Sukukaja', 'Recarm', 'Evil Smile', 'Counter', 'Magarula']
['Mudoon', 'Ghastly Wail', 'Evil Smile', 'Patra', 'Amrita']
['Patra', 'Double Fangs', 'Sukukaja', 'Magarula', 'Evil Smile']
['Patra', 'Counter', 'Null Dark', 'Tarukaja', 'Null Panic']
['Tarukaja', 'Sukukaja', 'Maziodyne', 'Null Dark', 'Panta Rhei']
['Double Fangs', 'Evil Smile', 'Patra', 'Amrita', 'Magarula']
['Sukukaja', 'Patra', 'Spell Master', 'Panta Rhei', 'Thunder Reign']
['Null Panic', 'Magarula', 'Patra', 'Counter', 'Tarukaja']
['Null Fear', 'Vile Assault', 'Counter', 'Patra', 'Sukukaja']
['Null Dark', 'Sukukaja', 'Double Fangs', 'Patra', 'Tarukaja']
['Counter', 'Evil Smile', 'Sukukaja', 'Tarukaja', 'Vile Assault']
['Null Panic', 'Evil Smile', 'Patra', 'Panta Rhei', 'Magarula']
['Thunder Reign', 'Spell Master', 'Diarahan', 'Elec Amp', 'Amrita']
['Patra', 'Elec Amp', 'Sukukaja', 'Double Fangs', 'Amrita']
['Double Fangs', 'Null Fear', 'Growth 3', 'Tarukaja', 'Recarm']
['Sukukaja', 'Patra', 'Tarukaja', 'Growth 3', 'Double Fangs']
['Tarukaja', 'Patra', 'Diarahan', 'Mudoon', 'Null Panic']
['Counter', 'Elec Amp', 'Patra', 'Sukukaja', 'Double Fangs']
['Double Fangs', 'Tarukaja', 'Ghastly Wail', 'Sukukaja', 'Amrita']
['Null Panic', 'Sukukaja', 'Patra', 'Tarukaja', 'Recarm']
['Patra', 'Tarukaja', 'Elec Amp', 'Maziodyne', 'Growth 3']
['Thunder Reign', 'Wind Amp', 'Sukukaja', 'Double Fangs', 'Diarahan']
['Patra', 'Sukukaja', 'Samsara', 'Double Fangs', 'Maziodyne']
['Diarahan', 'Double Fangs', 'Mudoon', 'Wind Amp', 'Tarukaja']
['Panta Rhei', 'Patra', 'Counter', 'Double Fangs', 'Elec Amp']
['Evil Smile', 'Growth 3', 'Thunder Reign', 'Patra', 'Magarula']
['Patra', 'Diarahan', 'Evil Smile', 'Growth 3', 'Null Dark']
['Wind Amp', 'Recarm', 'Mudoon', 'Diarahan', 'Null Panic']
['Double Fangs', 'Wind Amp', 'Counter', 'Growth 3', 'Vile Assault']
['Thunder Reign', 'Tarukaja', 'Wind Amp', 'Recarm', 'Patra']
['Wind Amp', 'Tarukaja', 'Double Fangs', 'Amrita', 'Sukukaja']
['Wind Amp', 'Patra', 'Growth 3', 'Amrita', 'Ghastly Wail']
['Evil Smile', 'Panta Rhei', 'Ghastly Wail', 'Counter', 'Tarukaja']
['Patra', 'Tarukaja', 'Double Fangs', 'Elec Amp', 'Recarm']
['Patra', 'Wind Amp', 'Tarukaja', 'Null Panic', 'Vile Assault']
['Elec Amp', 'Patra', 'Growth 3', 'Recarm', 'Panta Rhei']
['Double Fangs', 'Evil Smile', 'Growth 3', 'Amrita', 'Maziodyne']
['Maziodyne', 'Mudoon', 'Ghastly Wail', 'Growth 3', 'Double Fangs']
['Magarula', 'Vile Assault', 'Spell Master', 'Patra', 'Tarukaja']
['Panta Rhei', 'Wind Amp', 'Magarula', 'Evil Smile', 'Sukukaja']
['Double Fangs', 'Null Panic', 'Tarukaja', 'Amrita', 'Patra']
['Magarula', 'Vile Assault', 'Patra', 'Thunder Reign', 'Counter']
['Sukukaja', 'Thunder Reign', 'Diarahan', 'Elec Amp', 'Mudoon']
['Tarukaja', 'Patra', 'Magarula', 'Mudoon', 'Counter']
['Thunder Reign', 'Tarukaja', 'Spell Master', 'Sukukaja', 'Patra']
['Patra', 'Elec Amp', 'Mudoon', 'Vile Assault', 'Double Fangs']
['Evil Smile', 'Magarula', 'Elec Amp', 'Null Panic', 'Patra']
['Sukukaja', 'Maziodyne', 'Tarukaja', 'Recarm', 'Vile Assault']
['Null Panic', 'Null Dark', 'Recarm', 'Vile Assault', 'Double Fangs']
['Maziodyne', 'Growth 3', 'Vile Assault', 'Double Fangs', 'Panta Rhei']
['Thunder Reign', 'Tarukaja', 'Vile Assault', 'Sukukaja', 'Evil Smile']
['Double Fangs', 'Wind Amp', 'Tarukaja', 'Mudoon', 'Ghastly Wail']
['Patra', 'Sukukaja', 'Magarula', 'Elec Amp', 'Evil Smile']
['Ghastly Wail', 'Magarula', 'Recarm', 'Sukukaja', 'Patra']
['Sukukaja', 'Evil Smile', 'Counter', 'Growth 3', 'Elec Amp']
['Counter', 'Tarukaja', 'Patra', 'Double Fangs', 'Magarula']
['Tarukaja', 'Patra', 'Recarm', 'Evil Smile', 'Mudoon']
['Patra', 'Sukukaja', 'Counter', 'Null Dark', 'Recarm']
['Counter', 'Growth 3', 'Tarukaja', 'Wind Amp', 'Magarula']
['Null Fear', 'Diarahan', 'Patra', 'Evil Smile', 'Maziodyne']
['Thunder Reign', 'Null Dark', 'Tarukaja', 'Null Panic', 'Null Fear']
['Sukukaja', 'Recarm', 'Patra', 'Evil Smile', 'Counter']
['Growth 3', 'Tarukaja', 'Diarahan', 'Evil Smile', 'Wind Amp']
['Null Dark', 'Wind Amp', 'Tarukaja', 'Thunder Reign', 'Vile Assault']
['Elec Amp', 'Double Fangs', 'Patra', 'Tarukaja', 'Mudoon']
['Tarukaja', 'Evil Smile', 'Mudoon', 'Growth 3', 'Double Fangs']
['Null Fear', 'Wind Amp', 'Thunder Reign', 'Double Fangs', 'Patra']
['Tarukaja', 'Sukukaja', 'Double Fangs', 'Null Panic', 'Vile Assault']
['Growth 3', 'Patra', 'Double Fangs', 'Null Dark', 'Mudoon']
['Spell Master', 'Counter', 'Magarula', 'Thunder Reign', 'Patra']
['Null Panic', 'Panta Rhei', 'Double Fangs', 'Vile Assault', 'Elec Amp']
['Patra', 'Null Fear', 'Ghastly Wail', 'Growth 3', 'Mudoon']
['Patra', 'Maziodyne', 'Mudoon', 'Wind Amp', 'Amrita']
['Wind Amp', 'Recarm', 'Double Fangs', 'Counter', 'Spell Master']
['Sukukaja', 'Patra', 'Tarukaja', 'Vile Assault', 'Counter']
['Vile Assault', 'Mudoon', 'Double Fangs', 'Null Panic', 'Magarula']
['Null Panic', 'Sukukaja', 'Growth 3', 'Tarukaja', 'Patra']
['Patra', 'Null Panic', 'Growth 3', 'Counter', 'Vile Assault']
['Diarahan', 'Vile Assault', 'Tarukaja', 'Magarula', 'Sukukaja']
['Evil Smile', 'Null Panic', 'Recarm', 'Double Fangs', 'Amrita']
['Counter', 'Vile Assault', 'Patra', 'Maziodyne', 'Mudoon']
['Evil Smile', 'Elec Amp', 'Counter', 'Double Fangs', 'Spell Master']
['Double Fangs', 'Magarula', 'Patra', 'Mudoon', 'Evil Smile']
['Patra', 'Sukukaja', 'Counter', 'Double Fangs', 'Evil Smile']
['Ghastly Wail', 'Patra', 'Mudoon', 'Magarula', 'Tarukaja']
['Tarukaja', 'Patra', 'Null Panic', 'Thunder Reign', 'Counter']
['Patra', 'Maziodyne', 'Double Fangs', 'Recarm', 'Tarukaja']
['Diarahan', 'Counter', 'Maziodyne', 'Samsara', 'Thunder Reign']
['Maziodyne', 'Tarukaja', 'Sukukaja', 'Amrita', 'Evil Smile']
['Null Panic', 'Thunder Reign', 'Null Dark', 'Spell Master', 'Patra']
['Panta Rhei', 'Sukukaja', 'Patra', 'Elec Amp', 'Growth 3']
['Double Fangs', 'Patra', 'Null Dark', 'Tarukaja', 'Magarula']
['Double Fangs', 'Null Panic', 'Mudoon', 'Sukukaja', 'Amrita']
['Mudoon', 'Null Panic', 'Null Dark', 'Patra', 'Tarukaja']
