['Mudoon', 'Zan-ei', 'Magaru', 'Garu']
['Bufu', 'Revolution', 'Zio', 'Mahama']
['Double Fangs', 'Mudoon', 'Rakukaja', 'Evil Smile']
['Bufu', 'Magaru', 'Zio', 'Rakukaja']
['Hama', 'Zio', 'Garu', 'Bufu']
['Bufu', 'Hama', 'Zio', 'Rakukaja']
['Double Fangs', 'Wind Boost', 'Evil Smile', 'Me Patra']
['Magaru', 'Dodge Wind', 'Me Patra', 'Zio']
['Zio', 'Rakukaja', 'Null Fear', 'Double Fangs']
['Mahama', 'Bufu', 'Hama', 'Garu']
['Double Fangs', 'Zio', 'Magarula', 'Hama']
['Hama', 'Zio', 'Garu', 'Zan-ei']
['Double Fangs', 'Hama', 'Dodge Wind', 'Magaru']
['Dodge Wind', 'Evil Smile', 'Zio', 'Wind Amp']
['Rakukaja', 'Null Fear', 'Wind Boost', 'Garu']
['Rakukaja', 'Me Patra', 'Garu', 'Magaru']
['Rakukaja', 'Media', 'Magaru', 'Dodge Wind']
['Mahama', 'Hama', 'Garu', 'Bufu']
['Media', 'Mahama', 'Dodge Wind', 'Magaru']
['Ghastly Wail', 'Bufu', 'Zio', 'Double Fangs']
['Magaru', 'Zio', 'Evil Smile', 'Me Patra']
['Magarula', 'Garu', 'Magaru', 'Bufu']
['Garu', 'Zan-ei', 'Wind Boost', 'Zio']
['Hama', 'Bufu', 'Wind Boost', 'Zio']
['Mahama', 'Zan-ei', 'Media', 'Hama']
['Garu', 'Magaru', 'Zio', 'Zan-ei']
['Magaru', 'Revolution', 'Bufu', 'Ghastly Wail']
['Zio', 'Hama', 'Rakukaja', 'Dodge Wind']
['Zan-ei', 'Bufu', 'Magaru', 'Zio']
['Mahama', 'Double Fangs', 'Zio', 'Rakukaja']
['Wind Amp', 'Wind Boost', 'Hama', 'Zio']
['Dodge Wind', 'Hama', 'Magaru', 'Garu']
['Double Fangs', 'Bufu', 'Hama', 'Rakukaja']
['Zio', 'Garu', 'Me Patra', 'Revolution']
['Garu', 'Zio', 'Bufu', 'Wind Amp']
['Bufu', 'Revolution', 'Zio', 'Mudoon']
['Magaru', 'Zio', 'Double Fangs', 'Bufu']
['Bufu', 'Wind Amp', 'Wind Boost', 'Dodge Wind']
['Null Fear', 'Double Fangs', 'Mudoon', 'Dodge Wind']
['Wind Boost', 'Media', 'Hama', 'Garu']
['Zio', 'Magaru', 'Wind Boost', 'Mudoon']
['Rakukaja', 'Wind Boost', 'Magaru', 'Me Patra']
['Wind Boost', 'Garu', 'Revolution', 'Bufu']
['Magarula', 'Rakukaja', 'Garu', 'Mahama']
['Mahama', 'Media', 'Bufu', 'Magaru']
['Zio', 'Rakukaja', 'Panta Rhei', 'Magaru']
['Me Patra', 'Media', 'Double Fangs', 'Garu']
['Garu', 'Wind Boost', 'Mudoon', 'Rakukaja']
['Zio', 'Null Fear', 'Bufu', 'Hama']
['Hama', 'Double Fangs', 'Garu', 'Dodge Wind']
['Dodge Wind', 'Garu', 'Hama', 'Bufu']
['Magarula', 'Garu', 'Evil Smile', 'Bufu']
['Magaru', 'Wind Boost', 'Wind Amp', 'Rakukaja']
['Double Fangs', 'Bufu', 'Hama', 'Zio']
['Magaru', 'Wind Boost', 'Mudoon', 'Zio']
['Wind Boost', 'Rakukaja', 'Mahama', 'Zan-ei']
['Wind Amp', 'Null Fear', 'Garu', 'Media']
['Zio', 'Zan-ei', 'Magarula', 'Double Fangs']
['Mudoon', 'Zio', 'Bufu', 'Hama']
['Hama', 'Zan-ei', 'Bufu', 'Zio']
['Garu', 'Null Fear', 'Double Fangs', 'Mudoon']
['Bufu', 'Garu', 'Mahama', 'Revolution']
['Revolution', 'Magaru', 'Hama', 'Zio']
['Double Fangs', 'Bufu', 'Mahama', 'Rakukaja']
['Revolution', 'Rakukaja', 'Zio', 'Me Patra']
['Garu', 'Magaru', 'Media', 'Bufu']
['Zio', 'Media', 'Bufu', 'Hama']
['Bufu', 'Garu', 'Media', 'Double Fangs']
['Wind Amp', 'Evil Smile', 'Magaru', 'Bufu']
['Zio', 'Media', 'Evil Smile', 'Garu']
['Zio', 'Rakukaja', 'Wind Amp', 'Dodge Wind']
['Bufu', 'Revolution', 'Hama', 'Rakukaja']
['Mahama', 'Garu', 'Double Fangs', 'Revolution']
['Media', 'Bufu', 'Null Fear', 'Wind Boost']
['Magaru', 'Magarula', 'Garu', 'Dodge Wind']
['Wind Boost', 'Revolution', 'Wind Amp', 'Garu']
['Zio', 'Media', 'Garu', 'Magaru']
['Garu', 'Dodge Wind', 'Rakukaja', 'Double Fangs']
['Wind Boost', 'Bufu', 'Null Fear', 'Double Fangs']
['Bufu', 'Dodge Wind', 'Wind Boost', 'Revolution']
['Mahama', 'Ghastly Wail', 'Evil Smile', 'Revolution']
['Rakukaja', 'Zio', 'Double Fangs', 'Panta Rhei']
['Magaru', 'Wind Boost', 'Mudoon', 'Panta Rhei']
['Garu', 'Zio', 'Me Patra', 'Wind Boost']
['Zan-ei', 'Dodge Wind', 'Zio', 'Garu']
['Media', 'Bufu', 'Evil Smile', 'Mudoon']
['Garu', 'Double Fangs', 'Mudoon', 'Revolution']
['Mahama', 'Null Fear', 'Wind Boost', 'Zio']
['Zio', 'Double Fangs', 'Wind Amp', 'Mudoon']
['Garu', 'Wind Amp', 'Magaru', 'Zio']
['Ghastly Wail', 'Revolution', 'Wind Boost', 'Dodge Wind']
['Wind Boost', 'Bufu', 'Media', 'Garu']
['Zio', 'Double Fangs', 'Revolution', 'Mahama']
['Bufu', 'Me Patra', 'Revolution', 'Double Fangs']
['Zio', 'Mahama', 'Mudoon', 'Zan-ei']
['Zio', 'Magarula', 'Null Fear', 'Rakukaja']
['Wind Boost', 'Mahama', 'Mudoon', 'Double Fangs']
['Dodge Wind', 'Magaru', 'Rakukaja', 'Media']
['Revolution', 'Garu', 'Wind Amp', 'Magarula']
['Panta Rhei', 'Dodge Wind', 'Hama', 'Me Patra']
['Zio', 'Garu', 'Revolution', 'Rakukaja']
['Double Fangs', 'Wind Amp', 'Zan-ei', 'Bufu']
['Mudoon', 'Garu', 'Wind Amp', 'Wind Boost']
['Double Fangs', 'Media', 'Hama', 'Bufu']
['Garu', 'Magaru', 'Magarula', 'Wind Boost']
['Zio', 'Garu', 'Bufu', 'Mahama']
['Bufu', 'Double Fangs', 'Null Fear', 'Garu']
['Zio', 'Garu', 'Revolution', 'Double Fangs']
['Rakukaja', 'Me Patra', 'Zan-ei', 'Double Fangs']
['Garu', 'Rakukaja', 'Magaru', 'Wind Amp']
['Double Fangs', 'Hama', 'Wind Boost', 'Zio']
['Wind Boost', 'Magarula', 'Zio', 'Revolution']
['Evil Smile', 'Hama', 'Revolution', 'Zio']
['Garu', 'Hama', 'Zio', 'Double Fangs']
['Wind Boost', 'Mudoon', 'Magarula', 'Hama']
['Zio', 'Double Fangs', 'Garu', 'Wind Boost']
['Bufu', 'Zio', 'Rakukaja', 'Double Fangs']
['Hama', 'Wind Boost', 'Mahama', 'Media']
['Garu', 'Bufu', 'Zio', 'Mahama']
['Wind Amp', 'Evil Smile', 'Hama', 'Rakukaja']
['Zio', 'Wind Boost', 'Garu', 'Me Patra']
['Wind Boost', 'Revolution', 'Bufu', 'Rakukaja']
['Hama', 'Wind Amp', 'Me Patra', 'Zio']
['Me Patra', 'Zio', 'Wind Boost', 'Garu']
['Wind Boost', 'Bufu', 'Zio', 'Null Fear']
['Evil Smile', 'Zio', 'Double Fangs', 'Hama']
['Magarula', 'Dodge Wind', 'Hama', 'Bufu']
['Magarula', 'Zan-ei', 'Me Patra', 'Hama']
['Magaru', 'Rakukaja', 'Revolution', 'Garu']
['Mudoon', 'Dodge Wind', 'Bufu', 'Rakukaja']
['Magaru', 'Dodge Wind', 'Mudoon', 'Panta Rhei']
['Zan-ei', 'Rakukaja', 'Garu', 'Bufu']
['Zio', 'Dodge Wind', 'Hama', 'Garu']
['Mudoon', 'Magarula', 'Bufu', 'Zan-ei']
['Media', 'Null Fear', 'Garu', 'Hama']
['Magaru', 'Me Patra', 'Panta Rhei', 'Magarula']
['Evil Smile', 'Magaru', 'Double Fangs', 'Bufu']
['Wind Boost', 'Double Fangs', 'Hama', 'Zio']
['Rakukaja', 'Mudoon', 'Magarula', 'Bufu']
['Null Fear', 'Hama', 'Rakukaja', 'Zio']
['Bufu', 'Magaru', 'Garu', 'Me Patra']
['Ghastly Wail', 'Panta Rhei', 'Zio', 'Mudoon']
['Zio', 'Hama', 'Double Fangs', 'Mahama']
['Magarula', 'Zio', 'Null Fear', 'Bufu']
['Wind Boost', 'Rakukaja', 'Hama', 'Zio']
['Magarula', 'Zio', 'Garu', 'Magaru']
['Garu', 'Revolution', 'Ghastly Wail', 'Bufu']
['Zio', 'Dodge Wind', 'Media', 'Bufu']
['Null Fear', 'Ghastly Wail', 'Mahama', 'Magaru']
['Wind Boost', 'Magarula', 'Bufu', 'Magaru']
['Evil Smile', 'Media', 'Bufu', 'Magarula']
['Wind Boost', 'Me Patra', 'Mudoon', 'Evil Smile']
['Revolution', 'Zan-ei', 'Zio', 'Wind Amp']
['Media', 'Magarula', 'Bufu', 'Null Fear']
['Me Patra', 'Dodge Wind', 'Bufu', 'Zio']
['Bufu', 'Hama', 'Zio', 'Garu']
['Me Patra', 'Mahama', 'Bufu', 'Garu']
['Hama', 'Magaru', 'Garu', 'Me Patra']
['Magarula', 'Wind Boost', 'Zio', 'Double Fangs']
['Me Patra', 'Wind Boost', 'Hama', 'Magarula']
['Rakukaja', 'Bufu', 'Dodge Wind', 'Zio']
['Garu', 'Dodge Wind', 'Bufu', 'Double Fangs']
['Bufu', 'Rakukaja', 'Double Fangs', 'Wind Boost']
['Zio', 'Magaru', 'Bufu', 'Evil Smile']
['Bufu', 'Hama', 'Garu', 'Rakukaja']
['Magaru', 'Bufu', 'Mudoon', 'Zio']
['Mudoon', 'Garu', 'Bufu', 'Media']
['Bufu', 'Media', 'Mudoon', 'Garu']
['Bufu', 'Zan-ei', 'Mahama', 'Evil Smile']
['Mahama', 'Zio', 'Garu', 'Double Fangs']
['Mahama', 'Revolution', 'Bufu', 'Zio']
['Bufu', 'Wind Boost', 'Null Fear', 'Zio']
['Media', 'Rakukaja', 'Me Patra', 'Garu']
['Bufu', 'Rakukaja', 'Zan-ei', 'Mahama']
['Evil Smile', 'Media', 'Garu', 'Zio']
['Zan-ei', 'Me Patra', 'Double Fangs', 'Hama']
['Revolution', 'Garu', 'Rakukaja', 'Me Patra']
['Double Fangs', 'Magarula', 'Zan-ei', 'Magaru']
['Rakukaja', 'Zio', 'Dodge Wind', 'Hama']
['Rakukaja', 'Null Fear', 'Wind Boost', 'Magaru']
['Bufu', 'Mahama', 'Zio', 'Revolution']
['Evil Smile', 'Hama', 'Magarula', 'Rakukaja']
['Garu', 'Zio', 'Magarula', 'Rakukaja']
['Magaru', 'Mudoon', 'Garu', 'Hama']
['Double Fangs', 'Wind Boost', 'Revolution', 'Zan-ei']
['Wind Boost', 'Garu', 'Zio', 'Double Fangs']
['Rakukaja', 'Zio', 'Evil Smile', 'Hama']
['Zio', 'Zan-ei', 'Rakukaja', 'Null Fear']
['Garu', 'Double Fangs', 'Revolution', 'Mudoon']
['Wind Boost', 'Zio', 'Magaru', 'Garu']
['Wind Boost', 'Garu', 'Bufu', 'Zan-ei']
['Bufu', 'Rakukaja', 'Magarula', 'Zio']
['Mahama', 'Bufu', 'Evil Smile', 'Zio']
['Garu', 'Double Fangs', 'Zan-ei', 'Wind Amp']
['Rakukaja', 'Garu', 'Hama', 'Evil Smile']
['Zan-ei', 'Bufu', 'Mahama', 'Evil Smile']
['Bufu', 'Media', 'Dodge Wind', 'Me Patra']
['Hama', 'Rakukaja', 'Zio', 'Garu']
['Media', 'Revolution', 'Evil Smile', 'Double Fangs']
['Zio', 'Garu', 'Revolution', 'Wind Boost']
['Mahama', 'Rakukaja', 'Ghastly Wail', 'Zio']
['Null Fear', 'Zio', 'Garu', 'Me Patra']
['Dodge Wind', 'Zan-ei', 'Wind Amp', 'Hama']
['Mahama', 'Rakukaja', 'Bufu', 'Magaru']
['Double Fangs', 'Media', 'Dodge Wind', 'Bufu']
['Dodge Wind', 'Revolution', 'Magarula', 'Rakukaja']
['Hama', 'Dodge Wind', 'Zio', 'Zan-ei']
['Dodge Wind', 'Me Patra', 'Magaru', 'Mahama']
['Null Fear', 'Wind Amp', 'Magaru', 'Garu']
['Dodge Wind', 'Wind Boost', 'Mudoon', 'Revolution']
['Zan-ei', 'Dodge Wind', 'Zio', 'Ghastly Wail']
['Garu', 'Double Fangs', 'Magarula', 'Media']
['Mudoon', 'Garu', 'Dodge Wind', 'Bufu']
['Zio', 'Rakukaja', 'Magarula', 'Wind Amp']
['Zio', 'Double Fangs', 'Rakukaja', 'Bufu']
['Zio', 'Wind Boost', 'Rakukaja', 'Evil Smile']
['Hama', 'Evil Smile', 'Garu', 'Zio']
['Me Patra', 'Zio', 'Garu', 'Hama']
['Media', 'Magaru', 'Garu', 'Wind Boost']
['Bufu', 'Zan-ei', 'Dodge Wind', 'Wind Boost']
['Wind Boost', 'Bufu', 'Dodge Wind', 'Garu']
['Zio', 'Bufu', 'Magarula', 'Dodge Wind']
['Rakukaja', 'Media', 'Mahama', 'Double Fangs']
['Magaru', 'Zio', 'Rakukaja', 'Garu']
['Revolution', 'Hama', 'Bufu', 'Zio']
['Garu', 'Zio', 'Double Fangs', 'Me Patra']
['Dodge Wind', 'Magaru', 'Zio', 'Mudoon']
['Bufu', 'Magaru', 'Zio', 'Wind Amp']
['Dodge Wind', 'Revolution', 'Media', 'Garu']
['Wind Boost', 'Null Fear', 'Bufu', 'Zio']
['Garu', 'Wind Amp', 'Media', 'Wind Boost']
['Media', 'Zan-ei', 'Hama', 'Revolution']
['Null Fear', 'Zio', 'Double Fangs', 'Garu']
['Me Patra', 'Revolution', 'Magaru', 'Wind Boost']
['Me Patra', 'Zio', 'Zan-ei', 'Ghastly Wail']
['Magaru', 'Rakukaja', 'Wind Boost', 'Double Fangs']
['Garu', 'Me Patra', 'Dodge Wind', 'Null Fear']
['Bufu', 'Panta Rhei', 'Magaru', 'Zio']
['Mahama', 'Garu', 'Mudoon', 'Magaru']
['Garu', 'Magaru', 'Mahama', 'Bufu']
['Double Fangs', 'Magarula', 'Magaru', 'Evil Smile']
['Me Patra', 'Garu', 'Magarula', 'Zio']
['Mudoon', 'Rakukaja', 'Magaru', 'Garu']
['Magaru', 'Wind Boost', 'Dodge Wind', 'Media']
['Wind Boost', 'Dodge Wind', 'Wind Amp', 'Mudoon']
['Mudoon', 'Revolution', 'Zio', 'Double Fangs']
['Wind Boost', 'Mudoon', 'Mahama', 'Garu']
['Wind Boost', 'Wind Amp', 'Evil Smile', 'Revolution']
['Hama', 'Rakukaja', 'Double Fangs', 'Wind Boost']
['Bufu', 'Magaru', 'Garu', 'Rakukaja']
['Double Fangs', 'Wind Boost', 'Bufu', 'Garu']
['Wind Amp', 'Wind Boost', 'Bufu', 'Magarula']
['Bufu', 'Garu', 'Ghastly Wail', 'Media']
['Revolution', 'Magarula', 'Dodge Wind', 'Panta Rhei']
['Evil Smile', 'Me Patra', 'Rakukaja', 'Garu']
['Magaru', 'Garu', 'Magarula', 'Revolution']
['Double Fangs', 'Evil Smile', 'Bufu', 'Magaru']
['Magaru', 'Rakukaja', 'Hama', 'Wind Boost']
['Magaru', 'Wind Amp', 'Me Patra', 'Garu']
['Dodge Wind', 'Zio', 'Zan-ei', 'Evil Smile']
['Hama', 'Mudoon', 'Media', 'Ghastly Wail']
['Zio', 'Wind Boost', 'Media', 'Rakukaja']
['Wind Amp', 'Bufu', 'Zio', 'Revolution']
['Zan-ei', 'Garu', 'Rakukaja', 'Double Fangs']
['Revolution', 'Zan-ei', 'Dodge Wind', 'Magaru']
['Zio', 'Bufu', 'Panta Rhei', 'Hama']
['Ghastly Wail', 'Mudoon', 'Wind Boost', 'Zan-ei']
['Bufu', 'Garu', 'Media', 'Dodge Wind']
['Zio', 'Garu', 'Double Fangs', 'Media']
['Zio', 'Dodge Wind', 'Media', 'Magaru']
['Hama', 'Mudoon', 'Bufu', 'Wind Amp']
['Wind Boost', 'Zio', 'Null Fear', 'Magarula']
['Wind Boost', 'Mahama', 'Zio', 'Revolution']
['Wind Boost', 'Zan-ei', 'Me Patra', 'Dodge Wind']
['Magaru', 'Mudoon', 'Zan-ei', 'Magarula']
['Revolution', 'Bufu', 'Garu', 'Null Fear']
['Garu', 'Revolution', 'Magarula', 'Evil Smile']
['Bufu', 'Rakukaja', 'Evil Smile', 'Garu']
['Rakukaja', 'Bufu', 'Hama', 'Media']
['Magaru', 'Garu', 'Ghastly Wail', 'Zio']
['Bufu', 'Mudoon', 'Magarula', 'Garu']
['Garu', 'Bufu', 'Evil Smile', 'Magaru']
['Mudoon', 'Me Patra', 'Ghastly Wail', 'Rakukaja']
['Rakukaja', 'Me Patra', 'Hama', 'Mahama']
['Dodge Wind', 'Magaru', 'Zio', 'Rakukaja']
['Wind Boost', 'Me Patra', 'Zio', 'Rakukaja']
['Zan-ei', 'Bufu', 'Rakukaja', 'Zio']
['Rakukaja', 'Zio', 'Double Fangs', 'Bufu']
['Zan-ei', 'Dodge Wind', 'Magarula', 'Evil Smile']
['Zan-ei', 'Mahama', 'Garu', 'Double Fangs']
['Garu', 'Magaru', 'Zio', 'Mahama']
['Double Fangs', 'Rakukaja', 'Me Patra', 'Bufu']
['Bufu', 'Zio', 'Rakukaja', 'Evil Smile']
['Magaru', 'Garu', 'Zan-ei', 'Rakukaja']
['Bufu', 'Magaru', 'Hama', 'Mahama']
['Double Fangs', 'Bufu', 'Zio', 'Magarula']
['Zio', 'Wind Boost', 'Garu', 'Bufu']
['Magarula', 'Zio', 'Double Fangs', 'Zan-ei']
['Wind Boost', 'Garu', 'Hama', 'Wind Amp']
['Magaru', 'Me Patra', 'Hama', 'Bufu']
['Zan-ei', 'Wind Boost', 'Magaru', 'Garu']
['Garu', 'Me Patra', 'Magaru', 'Rakukaja']
['Double Fangs', 'Evil Smile', 'Me Patra', 'Wind Boost']
['Wind Amp', 'Bufu', 'Rakukaja', 'Zio']
['Revolution', 'Bufu', 'Garu', 'Magarula']
['Bufu', 'Zio', 'Rakukaja', 'Mahama']
['Garu', 'Magaru', 'Mahama', 'Revolution']
['Zio', 'Double Fangs', 'Garu', 'Magaru']
['Media', 'Revolution', 'Rakukaja', 'Magaru']
['Magaru', 'Zan-ei', 'Bufu', 'Zio']
['Zio', 'Wind Boost', 'Media', 'Bufu']
['Me Patra', 'Wind Boost', 'Zio', 'Garu']
['Revolution', 'Bufu', 'Garu', 'Media']
['Zio', 'Wind Boost', 'Wind Amp', 'Revolution']
['Wind Boost', 'Null Fear', 'Hama', 'Magaru']
['Magaru', 'Zio', 'Mahama', 'Garu']
['Dodge Wind', 'Magaru', 'Double Fangs', 'Garu']
['Me Patra', 'Revolution', 'Magaru', 'Rakukaja']
['Ghastly Wail', 'Magaru', 'Bufu', 'Zio']
['Hama', 'Bufu', 'Garu', 'Dodge Wind']
['Evil Smile', 'Me Patra', 'Rakukaja', 'Bufu']
['Hama', 'Garu', 'Magaru', 'Mahama']
['Magaru', 'Zio', 'Evil Smile', 'Double Fangs']
['Mudoon', 'Revolution', 'Mahama', 'Ghastly Wail']
['Garu', 'Panta Rhei', 'Zan-ei', 'Wind Amp']
['Rakukaja', 'Magaru', 'Bufu', 'Zio']
['Zan-ei', 'Magarula', 'Dodge Wind', 'Garu']
['Me Patra', 'Mudoon', 'Garu', 'Bufu']
['Magaru', 'Rakukaja', 'Me Patra', 'Zan-ei']
['Magarula', 'Dodge Wind', 'Garu', 'Zio']
['Zio', 'Rakukaja', 'Wind Boost', 'Bufu']
['Evil Smile', 'Hama', 'Mahama', 'Rakukaja']
['Zio', 'Rakukaja', 'Revolution', 'Mahama']
['Me Patra', 'Magaru', 'Wind Boost', 'Magarula']
['Garu', 'Bufu', 'Null Fear', 'Evil Smile']
['Bufu', 'Zio', 'Magaru', 'Magarula']
['Media', 'Zio', 'Garu', 'Magaru']
['Hama', 'Magarula', 'Magaru', 'Wind Boost']
['Media', 'Double Fangs', 'Ghastly Wail', 'Garu']
['Garu', 'Magarula', 'Mudoon', 'Magaru']
['Double Fangs', 'Zan-ei', 'Mudoon', 'Zio']
['Garu', 'Double Fangs', 'Evil Smile', 'Mudoon']
['Wind Boost', 'Evil Smile', 'Rakukaja', 'Zio']
['Magarula', 'Garu', 'Dodge Wind', 'Me Patra']
['Rakukaja', 'Mudoon', 'Bufu', 'Garu']
['Zan-ei', 'Null Fear', 'Garu', 'Revolution']
['Me Patra', 'Double Fangs', 'Dodge Wind', 'Zio']
['Garu', 'Hama', 'Wind Boost', 'Media']
['Hama', 'Zio', 'Me Patra', 'Wind Boost']
['Double Fangs', 'Garu', 'Rakukaja', 'Zio']
['Hama', 'Me Patra', 'Zio', 'Rakukaja']
['Wind Boost', 'Double Fangs', 'Garu', 'Me Patra']
['Magaru', 'Bufu', 'Zio', 'Mudoon']
['Garu', 'Hama', 'Magaru', 'Me Patra']
['Bufu', 'Wind Amp', 'Magaru', 'Rakukaja']
['Wind Boost', 'Zio', 'Ghastly Wail', 'Dodge Wind']
['Bufu', 'Mudoon', 'Hama', 'Wind Amp']
['Double Fangs', 'Bufu', 'Wind Boost', 'Dodge Wind']
['Wind Boost', 'Zio', 'Null Fear', 'Magaru']
['Wind Boost', 'Garu', 'Zio', 'Double Fangs']
['Bufu', 'Zio', 'Null Fear', 'Evil Smile']
['Wind Amp', 'Rakukaja', 'Double Fangs', 'Hama']
['Zio', 'Panta Rhei', 'Magarula', 'Bufu']
['Zan-ei', 'Media', 'Zio', 'Me Patra']
['Dodge Wind', 'Me Patra', 'Zio', 'Bufu']
['Zio', 'Rakukaja', 'Garu', 'Ghastly Wail']
['Rakukaja', 'Magaru', 'Garu', 'Mudoon']
['Ghastly Wail', 'Zio', 'Media', 'Double Fangs']
['Hama', 'Magarula', 'Zio', 'Garu']
['Bufu', 'Zio', 'Magaru', 'Dodge Wind']
['Garu', 'Revolution', 'Rakukaja', 'Bufu']
['Hama', 'Zio', 'Garu', 'Rakukaja']
['Dodge Wind', 'Garu', 'Bufu', 'Revolution']
['Zio', 'Wind Boost', 'Garu', 'Ghastly Wail']
['Mahama', 'Dodge Wind', 'Me Patra', 'Zio']
['Garu', 'Dodge Wind', 'Bufu', 'Rakukaja']
['Wind Boost', 'Zio', 'Hama', 'Zan-ei']
['Magarula', 'Zio', 'Me Patra', 'Garu']
['Garu', 'Dodge Wind', 'Bufu', 'Hama']
['Wind Boost', 'Zan-ei', 'Hama', 'Media']
['Rakukaja', 'Me Patra', 'Garu', 'Media']
['Garu', 'Dodge Wind', 'Rakukaja', 'Me Patra']
['Wind Amp', 'Media', 'Zio', 'Garu']
['Media', 'Zio', 'Garu', 'Bufu']
['Evil Smile', 'Me Patra', 'Wind Boost', 'Magarula']
['Bufu', 'Me Patra', 'Hama', 'Null Fear']
['Garu', 'Bufu', 'Double Fangs', 'Hama']
['Zio', 'Magarula', 'Hama', 'Wind Boost']
['Mudoon', 'Garu', 'Wind Boost', 'Zan-ei']
['Evil Smile', 'Mudoon', 'Hama', 'Rakukaja']
['Zio', 'Garu', 'Null Fear', 'Rakukaja']
['Rakukaja', 'Zio', 'Double Fangs', 'Evil Smile']
['Me Patra', 'Hama', 'Null Fear', 'Mahama']
['Revolution', 'Zan-ei', 'Wind Boost', 'Double Fangs']
['Zio', 'Media', 'Hama', 'Wind Boost']
['Magaru', 'Evil Smile', 'Zio', 'Me Patra']
['Null Fear', 'Wind Boost', 'Magaru', 'Garu']
['Revolution', 'Null Fear', 'Wind Boost', 'Double Fangs']
['Media', 'Revolution', 'Hama', 'Evil Smile']
['Bufu', 'Wind Amp', 'Wind Boost', 'Mudoon']
['Bufu', 'Wind Amp', 'Me Patra', 'Magaru']
['Double Fangs', 'Bufu', 'Hama', 'Magaru']
['Evil Smile', 'Garu', 'Dodge Wind', 'Magaru']
['Revolution', 'Garu', 'Hama', 'Dodge Wind']
['Wind Boost', 'Garu', 'Magaru', 'Panta Rhei']
['Bufu', 'Zan-ei', 'Hama', 'Garu']
['Magaru', 'Evil Smile', 'Zio', 'Double Fangs']
['Hama', 'Dodge Wind', 'Magarula', 'Media']
['Panta Rhei', 'Rakukaja', 'Zan-ei', 'Garu']
['Magaru', 'Rakukaja', 'Panta Rhei', 'Mahama']
['Rakukaja', 'Bufu', 'Garu', 'Zan-ei']
['Double Fangs', 'Mudoon', 'Magaru', 'Zio']
['Me Patra', 'Bufu', 'Mudoon', 'Rakukaja']
['Double Fangs', 'Bufu', 'Wind Boost', 'Rakukaja']
['Bufu', 'Garu', 'Media', 'Null Fear']
['Panta Rhei', 'Bufu', 'Hama', 'Null Fear']
['Zio', 'Rakukaja', 'Double Fangs', 'Mudoon']
['Zan-ei', 'Me Patra', 'Dodge Wind', 'Wind Boost']
['Bufu', 'Dodge Wind', 'Magaru', 'Hama']
['Garu', 'Hama', 'Bufu', 'Rakukaja']
['Wind Amp', 'Bufu', 'Zio', 'Wind Boost']
['Garu', 'Zio', 'Dodge Wind', 'Zan-ei']
['Garu', 'Zio', 'Wind Boost', 'Mudoon']
['Bufu', 'Zan-ei', 'Mahama', 'Media']
['Revolution', 'Zio', 'Garu', 'Rakukaja']
['Magaru', 'Wind Boost', 'Garu', 'Zio']
['Zio', 'Panta Rhei', 'Media', 'Revolution']
['Zan-ei', 'Double Fangs', 'Garu', 'Media']
['Magaru', 'Bufu', 'Garu', 'Ghastly Wail']
['Rakukaja', 'Magaru', 'Bufu', 'Hama']
['Bufu', 'Garu', 'Zio', 'Media']
['Bufu', 'Null Fear', 'Evil Smile', 'Media']
['Double Fangs', 'Zan-ei', 'Zio', 'Bufu']
['Garu', 'Rakukaja', 'Bufu', 'Hama']
['Wind Boost', 'Zio', 'Revolution', 'Hama']
['Dodge Wind', 'Rakukaja', 'Bufu', 'Null Fear']
['Zio', 'Magaru', 'Bufu', 'Media']
['Bufu', 'Dodge Wind', 'Rakukaja', 'Magaru']
['Me Patra', 'Bufu', 'Magaru', 'Double Fangs']
['Magaru', 'Mahama', 'Magarula', 'Garu']
['Revolution', 'Garu', 'Bufu', 'Null Fear']
['Garu', 'Dodge Wind', 'Rakukaja', 'Bufu']
['Evil Smile', 'Magaru', 'Wind Boost', 'Zio']
['Null Fear', 'Wind Boost', 'Mahama', 'Bufu']
['Garu', 'Magaru', 'Panta Rhei', 'Rakukaja']
['Panta Rhei', 'Zio', 'Rakukaja', 'Wind Boost']
['Zio', 'Garu', 'Me Patra', 'Bufu']
['Garu', 'Hama', 'Null Fear', 'Magarula']
['Revolution', 'Wind Boost', 'Evil Smile', 'Zio']
['Magaru', 'Dodge Wind', 'Mudoon', 'Me Patra']
['Garu', 'Zio', 'Rakukaja', 'Bufu']
['Bufu', 'Dodge Wind', 'Media', 'Hama']
['Bufu', 'Wind Boost', 'Mahama', 'Zio']
['Dodge Wind', 'Media', 'Zio', 'Null Fear']
['Double Fangs', 'Garu', 'Magaru', 'Revolution']
['Garu', 'Mahama', 'Bufu', 'Zio']
['Hama', 'Garu', 'Mahama', 'Magaru']
['Double Fangs', 'Panta Rhei', 'Bufu', 'Null Fear']
['Zan-ei', 'Me Patra', 'Double Fangs', 'Zio']
['Ghastly Wail', 'Garu', 'Media', 'Rakukaja']
['Double Fangs', 'Bufu', 'Revolution', 'Dodge Wind']
['Bufu', 'Magarula', 'Wind Boost', 'Dodge Wind']
['Zio', 'Garu', 'Mudoon', 'Wind Amp']
['Revolution', 'Rakukaja', 'Panta Rhei', 'Bufu']
['Double Fangs', 'Zio', 'Magaru', 'Me Patra']
['Double Fangs', 'Revolution', 'Hama', 'Magaru']
['Zan-ei', 'Double Fangs', 'Media', 'Wind Boost']
['Garu', 'Zan-ei', 'Zio', 'Bufu']
['Zio', 'Bufu', 'Magarula', 'Media']
['Zan-ei', 'Magaru', 'Ghastly Wail', 'Revolution']
['Zio', 'Wind Boost', 'Rakukaja', 'Panta Rhei']
['Wind Boost', 'Rakukaja', 'Bufu', 'Wind Amp']
['Magaru', 'Me Patra', 'Double Fangs', 'Hama']
['Wind Boost', 'Hama', 'Zio', 'Wind Amp']
['Media', 'Hama', 'Garu', 'Zio']
['Bufu', 'Revolution', 'Zio', 'Me Patra']
['Magaru', 'Bufu', 'Revolution', 'Magarula']
['Garu', 'Revolution', 'Evil Smile', 'Mahama']
['Wind Boost', 'Bufu', 'Me Patra', 'Null Fear']
['Magaru', 'Double Fangs', 'Revolution', 'Bufu']
['Zio', 'Hama', 'Magaru', 'Garu']
['Garu', 'Bufu', 'Panta Rhei', 'Double Fangs']
['Zan-ei', 'Mahama', 'Bufu', 'Media']
['Zan-ei', 'Zio', 'Magaru', 'Garu']
['Wind Boost', 'Zio', 'Garu', 'Rakukaja']
['Mudoon', 'Rakukaja', 'Zio', 'Magarula']
['Wind Boost', 'Zio', 'Evil Smile', 'Bufu']
['Revolution', 'Bufu', 'Rakukaja', 'Zio']
['Bufu', 'Dodge Wind', 'Double Fangs', 'Rakukaja']
['Mahama', 'Rakukaja', 'Zan-ei', 'Ghastly Wail']
['Revolution', 'Garu', 'Bufu', 'Magarula']
['Hama', 'Zio', 'Rakukaja', 'Bufu']
['Dodge Wind', 'Me Patra', 'Zio', 'Rakukaja']
['Bufu', 'Mudoon', 'Zan-ei', 'Garu']
['Hama', 'Ghastly Wail', 'Wind Amp', 'Rakukaja']
['Rakukaja', 'Wind Boost', 'Zio', 'Hama']
['Bufu', 'Garu', 'Double Fangs', 'Dodge Wind']
['Magarula', 'Wind Boost', 'Revolution', 'Bufu']
['Rakukaja', 'Null Fear', 'Mahama', 'Garu']
['Wind Amp', 'Wind Boost', 'Mahama', 'Garu']
['Zio', 'Dodge Wind', 'Wind Amp', 'Panta Rhei']
['Wind Amp', 'Double Fangs', 'Magaru', 'Evil Smile']
['Magaru', 'Dodge Wind', 'Zan-ei', 'Hama']
['Garu', 'Zan-ei', 'Dodge Wind', 'Hama']
['Magarula', 'Magaru', 'Double Fangs', 'Hama']
['Evil Smile', 'Rakukaja', 'Hama', 'Revolution']
['Mahama', 'Media', 'Null Fear', 'Magaru']
['Garu', 'Bufu', 'Zan-ei', 'Hama']
['Magarula', 'Rakukaja', 'Bufu', 'Hama']
['Wind Boost', 'Bufu', 'Revolution', 'Evil Smile']
['Wind Boost', 'Mahama', 'Me Patra', 'Evil Smile']
['Rakukaja', 'Revolution', 'Bufu', 'Hama']
['Null Fear', 'Bufu', 'Double Fangs', 'Magaru']
['Wind Amp', 'Magaru', 'Hama', 'Bufu']
['Garu', 'Rakukaja', 'Evil Smile', 'Magaru']
['Mahama', 'Hama', 'Garu', 'Mudoon']
['Bufu', 'Magaru', 'Wind Boost', 'Zan-ei']
['Zio', 'Mahama', 'Wind Boost', 'Bufu']
['Hama', 'Magarula', 'Wind Boost', 'Rakukaja']
['Zio', 'Magarula', 'Media', 'Mahama']
['Mahama', 'Garu', 'Rakukaja', 'Bufu']
['Zio', 'Garu', 'Me Patra', 'Mahama']
['Mudoon', 'Rakukaja', 'Revolution', 'Null Fear']
['Hama', 'Zio', 'Garu', 'Me Patra']
['Bufu', 'Zio', 'Wind Boost', 'Dodge Wind']
['Null Fear', 'Zio', 'Double Fangs', 'Dodge Wind']
['Double Fangs', 'Null Fear', 'Garu', 'Wind Boost']
['Evil Smile', 'Double Fangs', 'Wind Amp', 'Zio']
['Mahama', 'Hama', 'Revolution', 'Garu']
['Mudoon', 'Ghastly Wail', 'Magaru', 'Bufu']
['Double Fangs', 'Bufu', 'Hama', 'Garu']
['Evil Smile', 'Garu', 'Magaru', 'Double Fangs']
['Media', 'Wind Amp', 'Bufu', 'Garu']
['Revolution', 'Dodge Wind', 'Garu', 'Double Fangs']
['Magarula', 'Wind Boost', 'Hama', 'Garu']
['Hama', 'Bufu', 'Double Fangs', 'Me Patra']
['Zan-ei', 'Magaru', 'Hama', 'Mahama']
['Garu', 'Magaru', 'Double Fangs', 'Me Patra']
['Wind Amp', 'Mudoon', 'Media', 'Evil Smile']
['Mahama', 'Hama', 'Evil Smile', 'Revolution']
['Media', 'Wind Amp', 'Mudoon', 'Me Patra']
['Null Fear', 'Wind Amp', 'Zio', 'Media']
['Null Fear', 'Hama', 'Rakukaja', 'Bufu']
['Bufu', 'Hama', 'Zio', 'Garu']
['Double Fangs', 'Wind Boost', 'Zan-ei', 'Dodge Wind']
['Rakukaja', 'Zio', 'Hama', 'Me Patra']
['Zio', 'Wind Amp', 'Magaru', 'Bufu']
['Hama', 'Magaru', 'Dodge Wind', 'Mahama']
['Zio', 'Bufu', 'Double Fangs', 'Revolution']
['Magarula', 'Garu', 'Zio', 'Rakukaja']
['Zan-ei', 'Hama', 'Rakukaja', 'Wind Boost']
['Magaru', 'Bufu', 'Zio', 'Dodge Wind']
['Me Patra', 'Magaru', 'Magarula', 'Bufu']
['Me Patra', 'Garu', 'Mahama', 'Rakukaja']
['Bufu', 'Zio', 'Mahama', 'Revolution']
['Dodge Wind', 'Garu', 'Mahama', 'Me Patra']
['Hama', 'Wind Amp', 'Rakukaja', 'Zan-ei']
['Double Fangs', 'Zio', 'Revolution', 'Bufu']
['Double Fangs', 'Null Fear', 'Hama', 'Rakukaja']
['Null Fear', 'Hama', 'Garu', 'Magaru']
['Garu', 'Wind Boost', 'Double Fangs', 'Mahama']
['Garu', 'Rakukaja', 'Magarula', 'Bufu']
['Media', 'Double Fangs', 'Me Patra', 'Ghastly Wail']
['Zan-ei', 'Bufu', 'Garu', 'Dodge Wind']
['Wind Boost', 'Magaru', 'Panta Rhei', 'Zan-ei']
['Zan-ei', 'Garu', 'Double Fangs', 'Ghastly Wail']
['Me Patra', 'Zio', 'Mudoon', 'Double Fangs']
['Bufu', 'Zan-ei', 'Garu', 'Zio']
['Magaru', 'Zio', 'Bufu', 'Double Fangs']
['Rakukaja', 'Magaru', 'Wind Boost', 'Zio']
['Bufu', 'Zio', 'Rakukaja', 'Media']
['Zio', 'Garu', 'Media', 'Zan-ei']
['Rakukaja', 'Zan-ei', 'Me Patra', 'Zio']
['Revolution', 'Bufu', 'Zio', 'Wind Amp']
['Bufu', 'Hama', 'Wind Amp', 'Double Fangs']
['Garu', 'Bufu', 'Wind Boost', 'Magarula']
['Magarula', 'Revolution', 'Hama', 'Dodge Wind']
['Zio', 'Null Fear', 'Magarula', 'Magaru']
['Garu', 'Zio', 'Evil Smile', 'Hama']
['Hama', 'Magaru', 'Wind Boost', 'Mahama']
['Zio', 'Magarula', 'Magaru', 'Panta Rhei']
['Garu', 'Zan-ei', 'Zio', 'Bufu']
['Hama', 'Panta Rhei', 'Mahama', 'Zio']
['Revolution', 'Bufu', 'Garu', 'Media']
['Garu', 'Magarula', 'Dodge Wind', 'Rakukaja']
['Hama', 'Wind Amp', 'Revolution', 'Wind Boost']
['Zio', 'Wind Boost', 'Wind Amp', 'Bufu']
['Garu', 'Wind Boost', 'Bufu', 'Mahama']
['Zan-ei', 'Mahama', 'Bufu', 'Garu']
['Bufu', 'Panta Rhei', 'Garu', 'Me Patra']
['Zio', 'Bufu', 'Garu', 'Media']
['Zio', 'Evil Smile', 'Garu', 'Ghastly Wail']
['Zio', 'Magarula', 'Magaru', 'Dodge Wind']
['Null Fear', 'Zio', 'Media', 'Wind Boost']
['Wind Amp', 'Wind Boost', 'Revolution', 'Double Fangs']
['Zio', 'Null Fear', 'Mudoon', 'Wind Amp']
['Media', 'Me Patra', 'Hama', 'Magarula']
['Wind Boost', 'Magaru', 'Rakukaja', 'Evil Smile']
['Evil Smile', 'Bufu', 'Mudoon', 'Wind Amp']
['Media', 'Rakukaja', 'Mudoon', 'Zio']
['Bufu', 'Zio', 'Mudoon', 'Mahama']
['Me Patra', 'Hama', 'Wind Boost', 'Garu']
['Evil Smile', 'Hama', 'Bufu', 'Double Fangs']
['Revolution', 'Media', 'Zan-ei', 'Zio']
['Ghastly Wail', 'Magaru', 'Bufu', 'Zio']
['Bufu', 'Null Fear', 'Rakukaja', 'Revolution']
['Bufu', 'Double Fangs', 'Magaru', 'Zio']
['Hama', 'Media', 'Wind Boost', 'Dodge Wind']
['Garu', 'Wind Boost', 'Bufu', 'Double Fangs']
['Mahama', 'Garu', 'Bufu', 'Zio']
['Hama', 'Zio', 'Magarula', 'Bufu']
['Hama', 'Mudoon', 'Magaru', 'Media']
['Garu', 'Panta Rhei', 'Wind Amp', 'Me Patra']
['Me Patra', 'Bufu', 'Media', 'Double Fangs']
['Double Fangs', 'Revolution', 'Me Patra', 'Null Fear']
['Zio', 'Double Fangs', 'Wind Boost', 'Bufu']
['Wind Boost', 'Bufu', 'Hama', 'Revolution']
['Zan-ei', 'Media', 'Rakukaja', 'Garu']
['Zio', 'Revolution', 'Panta Rhei', 'Media']
['Media', 'Rakukaja', 'Mudoon', 'Mahama']
['Zio', 'Magaru', 'Magarula', 'Wind Amp']
['Magaru', 'Zio', 'Magarula', 'Double Fangs']
['Panta Rhei', 'Me Patra', 'Rakukaja', 'Double Fangs']
['Me Patra', 'Zio', 'Bufu', 'Magarula']
['Hama', 'Zan-ei', 'Garu', 'Bufu']
['Hama', 'Zio', 'Rakukaja', 'Bufu']
['Me Patra', 'Zio', 'Mahama', 'Magarula']
['Garu', 'Mudoon', 'Dodge Wind', 'Ghastly Wail']
['Hama', 'Media', 'Null Fear', 'Magaru']
['Zio', 'Me Patra', 'Magaru', 'Revolution']
['Zio', 'Bufu', 'Me Patra', 'Double Fangs']
['Evil Smile', 'Garu', 'Bufu', 'Mudoon']
['Me Patra', 'Zan-ei', 'Double Fangs', 'Zio']
['Mudoon', 'Hama', 'Bufu', 'Media']
['Garu', 'Dodge Wind', 'Evil Smile', 'Null Fear']
['Hama', 'Revolution', 'Zio', 'Mahama']
['Hama', 'Wind Boost', 'Magarula', 'Double Fangs']
['Garu', 'Ghastly Wail', 'Bufu', 'Zio']
['Rakukaja', 'Garu', 'Bufu', 'Dodge Wind']
['Panta Rhei', 'Me Patra', 'Revolution', 'Double Fangs']
['Bufu', 'Garu', 'Double Fangs', 'Wind Boost']
['Garu', 'Bufu', 'Media', 'Me Patra']
['Rakukaja', 'Garu', 'Wind Boost', 'Zan-ei']
['Mahama', 'Zan-ei', 'Zio', 'Revolution']
['Magarula', 'Zio', 'Bufu', 'Wind Boost']
['Media', 'Zio', 'Evil Smile', 'Wind Boost']
['Garu', 'Zio', 'Rakukaja', 'Magaru']
['Bufu', 'Dodge Wind', 'Hama', 'Mudoon']
['Garu', 'Evil Smile', 'Media', 'Zio']
['Rakukaja', 'Garu', 'Zio', 'Hama']
['Double Fangs', 'Rakukaja', 'Bufu', 'Zio']
['Hama', 'Garu', 'Evil Smile', 'Mahama']
['Ghastly Wail', 'Double Fangs', 'Hama', 'Dodge Wind']
['Bufu', 'Evil Smile', 'Dodge Wind', 'Double Fangs']
['Ghastly Wail', 'Media', 'Evil Smile', 'Dodge Wind']
['Mahama', 'Garu', 'Zio', 'Zan-ei']
['Bufu', 'Zio', 'Me Patra', 'Double Fangs']
['Bufu', 'Wind Boost', 'Zio', 'Rakukaja']
['Mahama', 'Magaru', 'Hama', 'Zio']
['Mudoon', 'Hama', 'Me Patra', 'Zan-ei']
['Garu', 'Zio', 'Rakukaja', 'Revolution']
['Mudoon', 'Garu', 'Revolution', 'Hama']
['Garu', 'Revolution', 'Mahama', 'Zan-ei']
['Zio', 'Zan-ei', 'Media', 'Wind Boost']
['Mahama', 'Evil Smile', 'Hama', 'Me Patra']
['Me Patra', 'Bufu', 'Mudoon', 'Garu']
['Zio', 'Double Fangs', 'Hama', 'Mudoon']
['Double Fangs', 'Hama', 'Dodge Wind', 'Magaru']
['Wind Boost', 'Zio', 'Garu', 'Dodge Wind']
['Garu', 'Zio', 'Evil Smile', 'Rakukaja']
['Bufu', 'Magaru', 'Rakukaja', 'Mahama']
['Revolution', 'Double Fangs', 'Mahama', 'Zio']
['Magaru', 'Zan-ei', 'Mahama', 'Bufu']
['Bufu', 'Null Fear', 'Panta Rhei', 'Revolution']
['Mahama', 'Panta Rhei', 'Rakukaja', 'Zan-ei']
['Bufu', 'Dodge Wind', 'Wind Amp', 'Garu']
['Zio', 'Me Patra', 'Media', 'Magaru']
['Zio', 'Dodge Wind', 'Evil Smile', 'Rakukaja']
['Me Patra', 'Wind Amp', 'Bufu', 'Dodge Wind']
['Zio', 'Wind Boost', 'Evil Smile', 'Hama']
['Dodge Wind', 'Wind Boost', 'Bufu', 'Rakukaja']
['Bufu', 'Rakukaja', 'Magarula', 'Wind Amp']
['Wind Boost', 'Zio', 'Panta Rhei', 'Evil Smile']
['Media', 'Double Fangs', 'Zio', 'Garu']
['Wind Amp', 'Null Fear', 'Bufu', 'Zio']
['Garu', 'Zio', 'Bufu', 'Hama']
['Double Fangs', 'Wind Amp', 'Mahama', 'Hama']
['Dodge Wind', 'Wind Boost', 'Magaru', 'Mahama']
['Null Fear', 'Zio', 'Garu', 'Hama']
['Zio', 'Bufu', 'Double Fangs', 'Media']
['Revolution', 'Mudoon', 'Zan-ei', 'Panta Rhei']
['Mudoon', 'Zio', 'Magarula', 'Bufu']
['Revolution', 'Bufu', 'Garu', 'Panta Rhei']
['Null Fear', 'Rakukaja', 'Double Fangs', 'Garu']
['Revolution', 'Media', 'Wind Boost', 'Bufu']
['Zio', 'Mudoon', 'Ghastly Wail', 'Wind Boost']
['Magaru', 'Mudoon', 'Rakukaja', 'Mahama']
['Wind Amp', 'Mudoon', 'Garu', 'Dodge Wind']
['Magaru', 'Wind Amp', 'Evil Smile', 'Garu']
['Media', 'Dodge Wind', 'Wind Boost', 'Mahama']
['Double Fangs', 'Revolution', 'Zio', 'Dodge Wind']
['Mudoon', 'Zio', 'Revolution', 'Garu']
['Magaru', 'Me Patra', 'Garu', 'Bufu']
['Magarula', 'Rakukaja', 'Dodge Wind', 'Garu']
['Rakukaja', 'Double Fangs', 'Revolution', 'Hama']
['Double Fangs', 'Garu', 'Mudoon', 'Rakukaja']
['Zio', 'Media', 'Garu', 'Me Patra']
['Wind Boost', 'Wind Amp', 'Garu', 'Double Fangs']
['Magaru', 'Dodge Wind', 'Garu', 'Zio']
['Rakukaja', 'Bufu', 'Double Fangs', 'Magaru']
['Bufu', 'Magaru', 'Garu', 'Revolution']
['Null Fear', 'Magaru', 'Garu', 'Media']
['Mudoon', 'Mahama', 'Media', 'Magaru']
['Me Patra', 'Mudoon', 'Garu', 'Zio']
['Bufu', 'Hama', 'Double Fangs', 'Me Patra']
['Hama', 'Zio', 'Evil Smile', 'Mudoon']
['Garu', 'Hama', 'Dodge Wind', 'Media']
['Media', 'Me Patra', 'Hama', 'Dodge Wind']
['Mudoon', 'Magaru', 'Double Fangs', 'Zio']
['Magaru', 'Zio', 'Zan-ei', 'Null Fear']
['Bufu', 'Magaru', 'Zio', 'Revolution']
['Null Fear', 'Magaru', 'Garu', 'Media']
['Double Fangs', 'Zio', 'Me Patra', 'Garu']
['Zan-ei', 'Me Patra', 'Wind Amp', 'Revolution']
['Bufu', 'Zio', 'Magarula', 'Ghastly Wail']
['Bufu', 'Mudoon', 'Wind Amp', 'Media']
['Revolution', 'Zio', 'Media', 'Me Patra']
['Mudoon', 'Garu', 'Magarula', 'Bufu']
['Zan-ei', 'Zio', 'Me Patra', 'Rakukaja']
['Wind Boost', 'Revolution', 'Double Fangs', 'Magaru']
['Hama', 'Zio', 'Magarula', 'Wind Amp']
['Zio', 'Dodge Wind', 'Bufu', 'Wind Amp']
['Magarula', 'Ghastly Wail', 'Zan-ei', 'Me Patra']
['Zan-ei', 'Revolution', 'Zio', 'Evil Smile']
['Dodge Wind', 'Wind Amp', 'Hama', 'Zio']
['Garu', 'Me Patra', 'Zio', 'Magarula']
['Double Fangs', 'Zan-ei', 'Wind Boost', 'Garu']
['Media', 'Evil Smile', 'Hama', 'Garu']
['Double Fangs', 'Magaru', 'Rakukaja', 'Dodge Wind']
['Garu', 'Magarula', 'Double Fangs', 'Media']
['Media', 'Hama', 'Bufu', 'Mudoon']
['Hama', 'Magaru', 'Bufu', 'Garu']
['Mudoon', 'Media', 'Magaru', 'Rakukaja']
['Garu', 'Double Fangs', 'Revolution', 'Wind Boost']
['Wind Boost', 'Media', 'Me Patra', 'Rakukaja']
['Me Patra', 'Zio', 'Hama', 'Rakukaja']
['Garu', 'Wind Boost', 'Bufu', 'Null Fear']
['Evil Smile', 'Ghastly Wail', 'Bufu', 'Double Fangs']
['Dodge Wind', 'Zio', 'Revolution', 'Bufu']
['Bufu', 'Magaru', 'Wind Boost', 'Evil Smile']
['Wind Boost', 'Mahama', 'Wind Amp', 'Ghastly Wail']
['Zio', 'Zan-ei', 'Mudoon', 'Evil Smile']
['Dodge Wind', 'Hama', 'Rakukaja', 'Magaru']
['Bufu', 'Zio', 'Ghastly Wail', 'Hama']
['Garu', 'Bufu', 'Zio', 'Hama']
['Bufu', 'Evil Smile', 'Garu', 'Zio']
['Bufu', 'Garu', 'Media', 'Wind Amp']
['Zio', 'Dodge Wind', 'Rakukaja', 'Garu']
['Zio', 'Rakukaja', 'Evil Smile', 'Panta Rhei']
['Mahama', 'Magarula', 'Revolution', 'Zio']
['Me Patra', 'Garu', 'Zio', 'Wind Boost']
['Zio', 'Bufu', 'Zan-ei', 'Media']
['Rakukaja', 'Magaru', 'Null Fear', 'Zio']
['Bufu', 'Zio', 'Wind Boost', 'Garu']
['Double Fangs', 'Bufu', 'Dodge Wind', 'Hama']
['Garu', 'Panta Rhei', 'Zio', 'Wind Boost']
['Evil Smile', 'Zan-ei', 'Magarula', 'Mudoon']
['Zio', 'Hama', 'Garu', 'Magaru']
['Bufu', 'Zan-ei', 'Mahama', 'Double Fangs']
['Rakukaja', 'Zio', 'Double Fangs', 'Bufu']
['Mahama', 'Zio', 'Evil Smile', 'Garu']
['Magarula', 'Revolution', 'Garu', 'Magaru']
['Hama', 'Double Fangs', 'Rakukaja', 'Zio']
['Bufu', 'Revolution', 'Garu', 'Me Patra']
['Rakukaja', 'Magaru', 'Garu', 'Panta Rhei']
['Zio', 'Media', 'Revolution', 'Mudoon']
['Rakukaja', 'Mudoon', 'Bufu', 'Double Fangs']
['Me Patra', 'Media', 'Double Fangs', 'Zan-ei']
['Zio', 'Garu', 'Zan-ei', 'Mahama']
['Wind Boost', 'Bufu', 'Double Fangs', 'Mudoon']
['Bufu', 'Wind Boost', 'Null Fear', 'Magaru']
['Magaru', 'Bufu', 'Garu', 'Media']
['Hama', 'Zio', 'Rakukaja', 'Garu']
['Bufu', 'Media', 'Zio', 'Magaru']
['Garu', 'Double Fangs', 'Zio', 'Revolution']
['Garu', 'Magaru', 'Zio', 'Dodge Wind']
['Magarula', 'Zio', 'Media', 'Evil Smile']
['Wind Boost', 'Bufu', 'Media', 'Panta Rhei']
['Magarula', 'Panta Rhei', 'Zio', 'Double Fangs']
['Garu', 'Zio', 'Bufu', 'Magaru']
['Double Fangs', 'Evil Smile', 'Magarula', 'Bufu']
['Garu', 'Media', 'Zan-ei', 'Mahama']
['Magaru', 'Revolution', 'Zan-ei', 'Hama']
['Bufu', 'Null Fear', 'Mahama', 'Rakukaja']
['Garu', 'Magaru', 'Zio', 'Me Patra']
['Hama', 'Garu', 'Panta Rhei', 'Rakukaja']
['Magaru', 'Hama', 'Bufu', 'Garu']
['Zio', 'Double Fangs', 'Media', 'Me Patra']
['Double Fangs', 'Magaru', 'Garu', 'Zan-ei']
['Null Fear', 'Dodge Wind', 'Hama', 'Media']
['Magarula', 'Me Patra', 'Zio', 'Wind Boost']
['Dodge Wind', 'Wind Boost', 'Bufu', 'Panta Rhei']
['Hama', 'Revolution', 'Double Fangs', 'Garu']
['Rakukaja', 'Revolution', 'Wind Boost', 'Garu']
['Revolution', 'Bufu', 'Wind Amp', 'Garu']
['Media', 'Hama', 'Null Fear', 'Revolution']
['Zio', 'Bufu', 'Me Patra', 'Wind Boost']
['Hama', 'Zio', 'Wind Boost', 'Bufu']
['Zio', 'Bufu', 'Garu', 'Double Fangs']
['Zio', 'Garu', 'Me Patra', 'Hama']
['Double Fangs', 'Media', 'Revolution', 'Zio']
['Dodge Wind', 'Evil Smile', 'Garu', 'Hama']
['Ghastly Wail', 'Dodge Wind', 'Magarula', 'Revolution']
['Zio', 'Null Fear', 'Magarula', 'Revolution']
['Magaru', 'Null Fear', 'Zio', 'Garu']
['Me Patra', 'Wind Boost', 'Mudoon', 'Rakukaja']
['Media', 'Rakukaja', 'Zio', 'Wind Boost']
['Magaru', 'Me Patra', 'Hama', 'Zan-ei']
['Wind Boost', 'Bufu', 'Hama', 'Ghastly Wail']
['Mahama', 'Magarula', 'Wind Boost', 'Bufu']
['Rakukaja', 'Garu', 'Hama', 'Wind Boost']
['Mahama', 'Bufu', 'Media', 'Dodge Wind']
['Ghastly Wail', 'Double Fangs', 'Mahama', 'Bufu']
['Rakukaja', 'Magarula', 'Magaru', 'Garu']
['Zan-ei', 'Zio', 'Garu', 'Dodge Wind']
['Ghastly Wail', 'Bufu', 'Magarula', 'Mahama']
['Zio', 'Ghastly Wail', 'Revolution', 'Bufu']
['Hama', 'Double Fangs', 'Magaru', 'Bufu']
['Zio', 'Magarula', 'Bufu', 'Zan-ei']
['Revolution', 'Wind Boost', 'Me Patra', 'Rakukaja']
['Zan-ei', 'Bufu', 'Wind Boost', 'Double Fangs']
['Double Fangs', 'Magaru', 'Hama', 'Magarula']
['Zio', 'Media', 'Me Patra', 'Magaru']
['Double Fangs', 'Me Patra', 'Garu', 'Hama']
['Garu', 'Mudoon', 'Bufu', 'Rakukaja']
['Me Patra', 'Revolution', 'Wind Boost', 'Zio']
['Wind Amp', 'Zio', 'Null Fear', 'Evil Smile']
['Hama', 'Rakukaja', 'Mudoon', 'Evil Smile']
['Media', 'Zio', 'Bufu', 'Rakukaja']
['Zio', 'Dodge Wind', 'Wind Amp', 'Mahama']
['Zio', 'Double Fangs', 'Garu', 'Revolution']
['Bufu', 'Mahama', 'Hama', 'Me Patra']
['Garu', 'Bufu', 'Me Patra', 'Zio']
['Bufu', 'Magarula', 'Evil Smile', 'Dodge Wind']
['Zio', 'Bufu', 'Dodge Wind', 'Garu']
['Bufu', 'Double Fangs', 'Null Fear', 'Me Patra']
['Garu', 'Wind Boost', 'Mudoon', 'Magaru']
['Zio', 'Media', 'Evil Smile', 'Double Fangs']
['Magarula', 'Me Patra', 'Mahama', 'Zio']
['Media', 'Me Patra', 'Garu', 'Magaru']
['Zio', 'Bufu', 'Wind Boost', 'Mudoon']
['Null Fear', 'Wind Amp', 'Rakukaja', 'Magarula']
['Wind Boost', 'Bufu', 'Wind Amp', 'Zio']
['Rakukaja', 'Garu', 'Dodge Wind', 'Zio']
['Mudoon', 'Wind Amp', 'Magaru', 'Double Fangs']
['Media', 'Dodge Wind', 'Zio', 'Bufu']
['Hama', 'Garu', 'Double Fangs', 'Me Patra']
['Media', 'Wind Amp', 'Magaru', 'Wind Boost']
['Bufu', 'Mahama', 'Zio', 'Hama']
['Hama', 'Mudoon', 'Media', 'Null Fear']
['Garu', 'Hama', 'Zio', 'Rakukaja']
['Magaru', 'Wind Amp', 'Media', 'Hama']
['Zio', 'Bufu', 'Magaru', 'Mahama']
['Null Fear', 'Zio', 'Revolution', 'Mudoon']
['Double Fangs', 'Zan-ei', 'Rakukaja', 'Magaru']
['Evil Smile', 'Media', 'Zio', 'Bufu']
['Magaru', 'Revolution', 'Dodge Wind', 'Wind Boost']
['Revolution', 'Rakukaja', 'Zio', 'Bufu']
['Wind Amp', 'Media', 'Magaru', 'Bufu']
['Evil Smile', 'Zio', 'Double Fangs', 'Bufu']
['Dodge Wind', 'Rakukaja', 'Double Fangs', 'Ghastly Wail']
['Rakukaja', 'Bufu', 'Double Fangs', 'Zio']
['Magaru', 'Garu', 'Zio', 'Bufu']
['Magaru', 'Evil Smile', 'Wind Amp', 'Revolution']
['Garu', 'Dodge Wind', 'Zan-ei', 'Bufu']
['Panta Rhei', 'Magaru', 'Null Fear', 'Hama']
['Zio', 'Revolution', 'Garu', 'Zan-ei']
['Dodge Wind', 'Garu', 'Zio', 'Panta Rhei']
['Double Fangs', 'Me Patra', 'Wind Amp', 'Hama']
['Me Patra', 'Evil Smile', 'Rakukaja', 'Bufu']
['Evil Smile', 'Media', 'Zio', 'Garu']
['Hama', 'Double Fangs', 'Garu', 'Me Patra']
['Evil Smile', 'Bufu', 'Media', 'Zio']
['Hama', 'Wind Boost', 'Media', 'Garu']
['Bufu', 'Double Fangs', 'Mudoon', 'Garu']
['Evil Smile', 'Wind Amp', 'Dodge Wind', 'Revolution']
['Double Fangs', 'Mahama', 'Magaru', 'Garu']
['Revolution', 'Wind Amp', 'Ghastly Wail', 'Garu']
['Bufu', 'Garu', 'Magaru', 'Media']
['Media', 'Rakukaja', 'Magaru', 'Garu']
['Double Fangs', 'Garu', 'Media', 'Magaru']
['Hama', 'Zio', 'Magaru', 'Wind Boost']
['Bufu', 'Zan-ei', 'Rakukaja', 'Zio']
['Wind Boost', 'Me Patra', 'Garu', 'Null Fear']
['Hama', 'Bufu', 'Double Fangs', 'Garu']
['Zio', 'Bufu', 'Wind Amp', 'Wind Boost']
['Bufu', 'Hama', 'Evil Smile', 'Wind Boost']
['Magarula', 'Zio', 'Evil Smile', 'Rakukaja']
['Zan-ei', 'Bufu', 'Null Fear', 'Wind Boost']
['Double Fangs', 'Garu', 'Mudoon', 'Dodge Wind']
['Evil Smile', 'Zio', 'Double Fangs', 'Magaru']
['Garu', 'Mahama', 'Zio', 'Dodge Wind']
['Garu', 'Zio', 'Revolution', 'Bufu']
['Hama', 'Magaru', 'Zio', 'Wind Boost']
['Double Fangs', 'Wind Amp', 'Garu', 'Me Patra']
['Magaru', 'Garu', 'Mahama', 'Wind Amp']
['Rakukaja', 'Double Fangs', 'Mudoon', 'Bufu']
['Revolution', 'Wind Boost', 'Magaru', 'Zio']
['Garu', 'Revolution', 'Bufu', 'Magaru']
['Double Fangs', 'Wind Boost', 'Garu', 'Hama']
['Bufu', 'Evil Smile', 'Wind Boost', 'Garu']
['Mahama', 'Hama', 'Magaru', 'Garu']
['Garu', 'Evil Smile', 'Revolution', 'Bufu']
['Zan-ei', 'Zio', 'Garu', 'Magaru']
['Wind Amp', 'Media', 'Bufu', 'Hama']
['Evil Smile', 'Panta Rhei', 'Dodge Wind', 'Me Patra']
['Wind Boost', 'Rakukaja', 'Panta Rhei', 'Dodge Wind']
['Rakukaja', 'Zan-ei', 'Garu', 'Bufu']
['Zio', 'Me Patra', 'Bufu', 'Hama']
['Magaru', 'Double Fangs', 'Zio', 'Wind Boost']
['Garu', 'Zan-ei', 'Me Patra', 'Zio']
['Bufu', 'Double Fangs', 'Zio', 'Magaru']
['Evil Smile', 'Revolution', 'Garu', 'Null Fear']
['Zio', 'Magaru', 'Garu', 'Dodge Wind']
['Magaru', 'Wind Amp', 'Rakukaja', 'Hama']
['Bufu', 'Zio', 'Evil Smile', 'Garu']
['Zio', 'Mudoon', 'Dodge Wind', 'Bufu']
['Rakukaja', 'Panta Rhei', 'Mudoon', 'Bufu']
['Bufu', 'Garu', 'Hama', 'Revolution']
['Zan-ei', 'Dodge Wind', 'Magaru', 'Wind Boost']
['Magaru', 'Media', 'Zio', 'Garu']
['Revolution', 'Zio', 'Bufu', 'Rakukaja']
['Zan-ei', 'Zio', 'Double Fangs', 'Revolution']
['Hama', 'Dodge Wind', 'Media', 'Revolution']
['Rakukaja', 'Evil Smile', 'Bufu', 'Double Fangs']
['Null Fear', 'Zio', 'Bufu', 'Revolution']
['Revolution', 'Zio', 'Bufu', 'Magaru']
['Mudoon', 'Dodge Wind', 'Me Patra', 'Revolution']
['Null Fear', 'Evil Smile', 'Revolution', 'Media']
['Me Patra', 'Wind Boost', 'Bufu', 'Zio']
['Garu', 'Dodge Wind', 'Me Patra', 'Bufu']
['Bufu', 'Dodge Wind', 'Zio', 'Mudoon']
['Magaru', 'Null Fear', 'Wind Boost', 'Zio']
['Bufu', 'Magarula', 'Magaru', 'Zio']
['Zio', 'Magarula', 'Rakukaja', 'Null Fear']
['Ghastly Wail', 'Mahama', 'Hama', 'Zio']
['Me Patra', 'Zio', 'Hama', 'Evil Smile']
['Hama', 'Wind Amp', 'Me Patra', 'Rakukaja']
['Zio', 'Me Patra', 'Revolution', 'Garu']
['Wind Boost', 'Mudoon', 'Media', 'Zio']
['Garu', 'Magarula', 'Null Fear', 'Wind Amp']
['Mahama', 'Me Patra', 'Wind Boost', 'Rakukaja']
['Mudoon', 'Magarula', 'Magaru', 'Garu']
['Dodge Wind', 'Rakukaja', 'Zio', 'Hama']
['Mahama', 'Bufu', 'Rakukaja', 'Magaru']
['Garu', 'Bufu', 'Zan-ei', 'Magarula']
['Null Fear', 'Hama', 'Me Patra', 'Bufu']
['Double Fangs', 'Hama', 'Media', 'Magaru']
['Mudoon', 'Garu', 'Media', 'Hama']
['Bufu', 'Magaru', 'Dodge Wind', 'Panta Rhei']
['Hama', 'Zio', 'Bufu', 'Double Fangs']
['Panta Rhei', 'Dodge Wind', 'Zio', 'Revolution']
['Zan-ei', 'Garu', 'Mahama', 'Bufu']
['Zio', 'Rakukaja', 'Garu', 'Hama']
['Media', 'Rakukaja', 'Wind Boost', 'Zan-ei']
['Rakukaja', 'Magaru', 'Panta Rhei', 'Revolution']
['Bufu', 'Hama', 'Zan-ei', 'Wind Amp']
['Wind Amp', 'Garu', 'Magaru', 'Revolution']
['Me Patra', 'Hama', 'Zio', 'Rakukaja']
['Panta Rhei', 'Bufu', 'Garu', 'Wind Boost']
['Zio', 'Zan-ei', 'Wind Amp', 'Hama']
['Magaru', 'Bufu', 'Media', 'Hama']
['Bufu', 'Rakukaja', 'Double Fangs', 'Hama']
['Me Patra', 'Bufu', 'Magarula', 'Zan-ei']
['Double Fangs', 'Bufu', 'Magarula', 'Magaru']
['Dodge Wind', 'Rakukaja', 'Mudoon', 'Hama']
['Bufu', 'Mahama', 'Magarula', 'Dodge Wind']
['Magarula', 'Bufu', 'Zio', 'Rakukaja']
['Double Fangs', 'Dodge Wind', 'Revolution', 'Zio']
['Dodge Wind', 'Media', 'Zio', 'Wind Boost']
['Bufu', 'Hama', 'Zio', 'Wind Boost']
['Mahama', 'Evil Smile', 'Double Fangs', 'Media']
['Zio', 'Dodge Wind', 'Magaru', 'Magarula']
['Magaru', 'Garu', 'Zan-ei', 'Wind Boost']
['Magaru', 'Dodge Wind', 'Wind Boost', 'Wind Amp']
['Hama', 'Wind Boost', 'Revolution', 'Me Patra']
['Magarula', 'Rakukaja', 'Wind Amp', 'Zio']
['Zio', 'Rakukaja', 'Garu', 'Hama']
['Hama', 'Media', 'Double Fangs', 'Magarula']
['Garu', 'Zio', 'Bufu', 'Magarula']
['Zan-ei', 'Bufu', 'Hama', 'Dodge Wind']
['Bufu', 'Media', 'Me Patra', 'Rakukaja']
['Media', 'Bufu', 'Wind Amp', 'Hama']
['Rakukaja', 'Zio', 'Wind Boost', 'Dodge Wind']
['Magaru', 'Wind Amp', 'Hama', 'Zio']
['Wind Amp', 'Mahama', 'Wind Boost', 'Dodge Wind']
['Dodge Wind', 'Ghastly Wail', 'Wind Amp', 'Wind Boost']
['Double Fangs', 'Revolution', 'Zan-ei', 'Bufu']
['Zio', 'Hama', 'Dodge Wind', 'Wind Boost']
['Garu', 'Me Patra', 'Revolution', 'Zio']
