['Hama', 'Mahama', 'Counter', 'Dodge Wind']
['Hama', 'Counter', 'Garu', 'Mahama']
['Hama', 'Wind Boost', 'Tarukaja', 'Me Patra']
['Mahama', 'Wind Boost', 'Rakukaja', 'Hama']
['Hama', 'Rakukaja', 'Mahama', 'Counter']
['Rakukaja', 'Mahama', 'Magaru', 'Hama']
['Hama', 'Wind Boost', 'Mind Charge', 'Me Patra']
['Hama', 'Bufu', 'Mind Charge', 'Dodge Wind']
['Hama', 'Zio', 'Mahama', 'Mind Charge']
['Magaru', 'Hama', 'Dodge Wind', 'Mind Charge']
['Mahama', 'Salvation', 'Counter', 'Hama']
['Mahama', 'Bufu', 'Hama', 'Media']
['Media', 'Mahama', 'Hama', 'Counter']
['Hama', 'Dodge Wind', 'Tarukaja', 'Rakukaja']
['Wind Boost', 'Zio', 'Hama', 'Mahama']
['Wind Boost', 'Mahama', 'Tarukaja', 'Hama']
['Hama', 'Me Patra', 'Mahama', 'Media']
['Rakukaja', 'Hama', 'Tarukaja', 'Mahama']
['Dodge Wind', 'Mahama', 'Counter', 'Tarukaja']
['Hama', 'Bufu', 'Mahama', 'Wind Boost']
['Mind Charge', 'Bufu', 'Media', 'Hama']
['Rakukaja', 'Mahama', 'Hama', 'Salvation']
['Dodge Wind', 'Hama', 'Mahama', 'Me Patra']
['Hama', 'Mahama', 'Mind Charge', 'Wind Boost']
['Hama', 'Bufu', 'Tarukaja', 'Mahama']
['Revolution', 'Hama', 'Wind Boost', 'Bufu']
['Garu', 'Mahama', 'Zio', 'Hama']
['Hama', 'Mahama', 'Counter', 'Rakukaja']
['Mahama', 'Bufu', 'Wind Boost', 'Zio']
['Media', 'Hama', 'Rakukaja', 'Wind Boost']
['Tarukaja', 'Mahama', 'Me Patra', 'Hama']
['Mahama', 'Hama', 'Rakukaja', 'Tarukaja']
['Garu', 'Mahama', 'Hama', 'Dodge Wind']
['Mahama', 'Me Patra', 'Hama', 'Rakukaja']
['Wind Boost', 'Mind Charge', 'Me Patra', 'Hama']
['Hama', 'Wind Boost', 'Rakukaja', 'Me Patra']
['Mind Charge', 'Hama', 'Wind Boost', 'Mahama']
['Mahama', 'Dodge Wind', 'Hama', 'Zio']
['Bufu', 'Hama', 'Mahama', 'Tarukaja']
['Revolution', 'Hama', 'Mahama', 'Dodge Wind']
['Media', 'Hama', 'Mahama', 'Revolution']
['Mahama', 'Mind Charge', 'Hama', 'Revolution']
['Salvation', 'Media', 'Wind Boost', 'Hama']
['Hama', 'Media', 'Me Patra', 'Garu']
['Tarukaja', 'Me Patra', 'Mahama', 'Hama']
['Hama', 'Mahama', 'Ziodyne', 'Counter']
['Hama', 'Dodge Wind', 'Ziodyne', 'Rakukaja']
['Zio', 'Counter', 'Tarukaja', 'Hama']
['Garu', 'Mahama', 'Wind Boost', 'Bufu']
['Rakukaja', 'Hama', 'Mahama', 'Media']
['Mahama', 'Wind Boost', 'Media', 'Bufu']
['Hama', 'Tarukaja', 'Zio', 'Counter']
['Wind Boost', 'Hama', 'Dodge Wind', 'Zio']
['Zio', 'Hama', 'Mahama', 'Wind Boost']
['Rakukaja', 'Counter', 'Hama', 'Dodge Wind']
['Hama', 'Wind Boost', 'Mahama', 'Zio']
['Rakukaja', 'Hama', 'Garu', 'Mahama']
['Wind Boost', 'Tarukaja', 'Revolution', 'Mahama']
['Mahama', 'Zio', 'Hama', 'Mind Charge']
['Hama', 'Mahama', 'Garu', 'Mind Charge']
['Garu', 'Hama', 'Rakukaja', 'Mahama']
['Hama', 'Mahama', 'Wind Boost', 'Revolution']
['Mahama', 'Me Patra', 'Hama', 'Wind Boost']
['Dodge Wind', 'Mahama', 'Revolution', 'Tarukaja']
['Hama', 'Me Patra', 'Mind Charge', 'Wind Boost']
['Mind Charge', 'Hama', 'Rakukaja', 'Me Patra']
['Rakukaja', 'Hama', 'Dodge Wind', 'Mahama']
['Rakukaja', 'Hama', 'Mahama', 'Wind Boost']
['Counter', 'Hama', 'Tarukaja', 'Mahama']
['Hama', 'Mahama', 'Rakukaja', 'Me Patra']
['Mahama', 'Hama', 'Tarukaja', 'Zio']
['Zio', 'Hama', 'Rakukaja', 'Mahama']
['Mahama', 'Zio', 'Hama', 'Revolution']
['Garu', 'Revolution', 'Mahama', 'Ziodyne']
['Hama', 'Mahama', 'Rakukaja', 'Wind Boost']
['Hama', 'Wind Boost', 'Mahama', 'Mind Charge']
['Mahama', 'Zio', 'Hama', 'Mind Charge']
['Counter', 'Mahama', 'Hama', 'Wind Boost']
['Bufu', 'Mahama', 'Hama', 'Magaru']
['Counter', 'Hama', 'Tarukaja', 'Mahama']
['Mahama', 'Hama', 'Zio', 'Mind Charge']
['Mahama', 'Tarukaja', 'Hama', 'Revolution']
['Rakukaja', 'Hama', 'Zio', 'Mahama']
['Hama', 'Mahama', 'Zio', 'Me Patra']
['Counter', 'Mahama', 'Hama', 'Garu']
['Revolution', 'Wind Boost', 'Hama', 'Dodge Wind']
['Mahama', 'Me Patra', 'Hama', 'Wind Boost']
['Hama', 'Tarukaja', 'Rakukaja', 'Counter']
['Mahama', 'Hama', 'Mind Charge', 'Rakukaja']
['Dodge Wind', 'Zio', 'Wind Boost', 'Hama']
['Mahama', 'Hama', 'Me Patra', 'Wind Boost']
['Mahama', 'Wind Boost', 'Hama', 'Zio']
['Hama', 'Mahama', 'Rakukaja', 'Dodge Wind']
['Revolution', 'Tarukaja', 'Mind Charge', 'Hama']
['Hama', 'Mahama', 'Tarukaja', 'Bufu']
['Mahama', 'Wind Boost', 'Tarukaja', 'Magaru']
['Mahama', 'Hama', 'Media', 'Tarukaja']
['Hama', 'Media', 'Mahama', 'Zio']
['Hama', 'Bufu', 'Media', 'Mahama']
['Hama', 'Counter', 'Garu', 'Mahama']
['Hama', 'Mahama', 'Bufu', 'Magaru']
['Mahama', 'Hama', 'Mind Charge', 'Bufu']
['Mind Charge', 'Hama', 'Mahama', 'Revolution']
['Revolution', 'Mahama', 'Hama', 'Media']
['Hama', 'Rakukaja', 'Mahama', 'Salvation']
['Mahama', 'Counter', 'Bufu', 'Hama']
['Rakukaja', 'Mahama', 'Hama', 'Zio']
['Mahama', 'Hama', 'Wind Boost', 'Rakukaja']
['Hama', 'Media', 'Mahama', 'Garu']
['Mind Charge', 'Magaru', 'Media', 'Me Patra']
['Hama', 'Dodge Wind', 'Media', 'Wind Boost']
['Mahama', 'Rakukaja', 'Revolution', 'Hama']
['Mahama', 'Hama', 'Wind Boost', 'Revolution']
['Bufu', 'Hama', 'Media', 'Mahama']
['Wind Boost', 'Hama', 'Me Patra', 'Mahama']
['Hama', 'Mahama', 'Tarukaja', 'Rakukaja']
['Hama', 'Media', 'Counter', 'Wind Boost']
['Hama', 'Tarukaja', 'Revolution', 'Wind Boost']
['Me Patra', 'Bufu', 'Hama', 'Rakukaja']
['Hama', 'Revolution', 'Mahama', 'Me Patra']
['Tarukaja', 'Mahama', 'Hama', 'Rakukaja']
['Hama', 'Wind Boost', 'Rakukaja', 'Zio']
['Mahama', 'Hama', 'Mind Charge', 'Tarukaja']
['Hama', 'Zio', 'Mahama', 'Tarukaja']
['Media', 'Wind Boost', 'Hama', 'Garu']
['Mahama', 'Counter', 'Megido', 'Hama']
['Hama', 'Bufu', 'Revolution', 'Tarukaja']
['Mahama', 'Bufu', 'Hama', 'Tarukaja']
['Garu', 'Wind Boost', 'Mahama', 'Rakukaja']
['Mahama', 'Salvation', 'Hama', 'Media']
['Hama', 'Mahama', 'Wind Boost', 'Zio']
['Mahama', 'Hama', 'Garu', 'Rakukaja']
['Hama', 'Zio', 'Mahama', 'Magaru']
['Hama', 'Mahama', 'Media', 'Zio']
['Rakukaja', 'Mind Charge', 'Bufu', 'Mahama']
['Hama', 'Garu', 'Media', 'Magaru']
['Hama', 'Mahama', 'Bufu', 'Dodge Wind']
['Tarukaja', 'Revolution', 'Mahama', 'Rakukaja']
['Mahama', 'Tarukaja', 'Hama', 'Counter']
['Hama', 'Mahama', 'Revolution', 'Megido']
['Rakukaja', 'Hama', 'Mahama', 'Bufu']
['Bufu', 'Magaru', 'Hama', 'Zio']
['Mahama', 'Dodge Wind', 'Counter', 'Revolution']
['Garu', 'Mind Charge', 'Hama', 'Wind Boost']
['Hama', 'Mahama', 'Me Patra', 'Bufu']
['Mind Charge', 'Dodge Wind', 'Me Patra', 'Counter']
['Tarukaja', 'Mahama', 'Hama', 'Media']
['Mahama', 'Rakukaja', 'Hama', 'Wind Boost']
['Mahama', 'Garu', 'Wind Boost', 'Hama']
['Rakukaja', 'Revolution', 'Hama', 'Mahama']
['Hama', 'Mahama', 'Wind Boost', 'Rakukaja']
['Mahama', 'Media', 'Megido', 'Mind Charge']
['Tarukaja', 'Dodge Wind', 'Mahama', 'Hama']
['Mind Charge', 'Hama', 'Mahama', 'Media']
['Mahama', 'Media', 'Hama', 'Magaru']
['Mahama', 'Counter', 'Hama', 'Rakukaja']
['Garu', 'Rakukaja', 'Hama', 'Me Patra']
['Mahama', 'Hama', 'Dodge Wind', 'Counter']
['Mahama', 'Hama', 'Wind Boost', 'Rakukaja']
['Hama', 'Media', 'Me Patra', 'Wind Boost']
['Rakukaja', 'Wind Boost', 'Mahama', 'Hama']
['Tarukaja', 'Hama', 'Mahama', 'Media']
['Zio', 'Me Patra', 'Mahama', 'Hama']
['Mahama', 'Wind Boost', 'Hama', 'Rakukaja']
['Mahama', 'Hama', 'Salvation', 'Me Patra']
['Salvation', 'Mahama', 'Hama', 'Dodge Wind']
['Dodge Wind', 'Hama', 'Revolution', 'Mahama']
['Hama', 'Mahama', 'Tarukaja', 'Wind Boost']
['Bufu', 'Magaru', 'Tarukaja', 'Rakukaja']
['Hama', 'Dodge Wind', 'Mahama', 'Revolution']
['Media', 'Hama', 'Mahama', 'Rakukaja']
['Mahama', 'Revolution', 'Hama', 'Rakukaja']
['Hama', 'Garu', 'Mahama', 'Revolution']
['Hama', 'Bufu', 'Mahama', 'Me Patra']
['Dodge Wind', 'Mahama', 'Hama', 'Rakukaja']
['Hama', 'Mahama', 'Dodge Wind', 'Tarukaja']
['Revolution', 'Hama', 'Magaru', 'Tarukaja']
['Magaru', 'Me Patra', 'Mahama', 'Hama']
['Wind Boost', 'Hama', 'Mahama', 'Revolution']
['Rakukaja', 'Mahama', 'Revolution', 'Hama']
['Zio', 'Me Patra', 'Hama', 'Mahama']
['Wind Boost', 'Counter', 'Tarukaja', 'Hama']
['Tarukaja', 'Hama', 'Mahama', 'Wind Boost']
['Mahama', 'Hama', 'Wind Boost', 'Rakukaja']
['Hama', 'Garu', 'Mahama', 'Tarukaja']
['Magaru', 'Garu', 'Wind Boost', 'Hama']
['Mahama', 'Hama', 'Media', 'Rakukaja']
['Tarukaja', 'Mahama', 'Hama', 'Me Patra']
['Rakukaja', 'Hama', 'Mahama', 'Counter']
['Mahama', 'Dodge Wind', 'Zio', 'Revolution']
['Hama', 'Zio', 'Mahama', 'Revolution']
['Hama', 'Revolution', 'Media', 'Bufu']
['Hama', 'Dodge Wind', 'Rakukaja', 'Magaru']
['Hama', 'Mahama', 'Dodge Wind', 'Revolution']
['Mahama', 'Rakukaja', 'Hama', 'Wind Boost']
['Hama', 'Mahama', 'Media', 'Me Patra']
['Mahama', 'Tarukaja', 'Counter', 'Zio']
['Tarukaja', 'Mahama', 'Hama', 'Media']
['Mahama', 'Dodge Wind', 'Hama', 'Bufu']
['Mind Charge', 'Tarukaja', 'Hama', 'Bufu']
['Media', 'Wind Boost', 'Dodge Wind', 'Zio']
['Hama', 'Mahama', 'Wind Boost', 'Rakukaja']
['Me Patra', 'Mahama', 'Wind Boost', 'Hama']
['Revolution', 'Counter', 'Hama', 'Mahama']
['Wind Boost', 'Hama', 'Counter', 'Mahama']
['Hama', 'Mahama', 'Tarukaja', 'Magaru']
['Counter', 'Hama', 'Mahama', 'Wind Boost']
['Mahama', 'Bufu', 'Wind Boost', 'Garu']
['Rakukaja', 'Wind Boost', 'Mahama', 'Me Patra']
['Wind Boost', 'Mahama', 'Revolution', 'Hama']
['Zio', 'Wind Boost', 'Counter', 'Mahama']
['Mahama', 'Me Patra', 'Counter', 'Hama']
['Media', 'Counter', 'Mind Charge', 'Hama']
['Hama', 'Tarukaja', 'Counter', 'Mahama']
['Dodge Wind', 'Zio', 'Mahama', 'Wind Boost']
['Hama', 'Tarukaja', 'Revolution', 'Mahama']
['Mahama', 'Media', 'Salvation', 'Hama']
['Hama', 'Revolution', 'Mahama', 'Rakukaja']
['Hama', 'Zio', 'Mahama', 'Wind Boost']
['Revolution', 'Hama', 'Mahama', 'Bufu']
['Hama', 'Mahama', 'Media', 'Wind Boost']
['Hama', 'Bufu', 'Counter', 'Tarukaja']
['Mahama', 'Hama', 'Dodge Wind', 'Media']
['Hama', 'Mahama', 'Me Patra', 'Tarukaja']
['Hama', 'Magaru', 'Mahama', 'Wind Boost']
['Hama', 'Garu', 'Dodge Wind', 'Media']
['Garu', 'Bufu', 'Hama', 'Revolution']
['Hama', 'Media', 'Rakukaja', 'Me Patra']
['Hama', 'Dodge Wind', 'Tarukaja', 'Mahama']
['Hama', 'Revolution', 'Megido', 'Counter']
['Hama', 'Mahama', 'Salvation', 'Rakukaja']
['Garu', 'Mahama', 'Media', 'Salvation']
['Hama', 'Counter', 'Ziodyne', 'Mahama']
['Hama', 'Wind Boost', 'Mahama', 'Zio']
['Counter', 'Hama', 'Rakukaja', 'Mahama']
['Tarukaja', 'Hama', 'Rakukaja', 'Mahama']
['Tarukaja', 'Hama', 'Salvation', 'Revolution']
['Mind Charge', 'Mahama', 'Hama', 'Rakukaja']
['Mahama', 'Hama', 'Tarukaja', 'Dodge Wind']
['Hama', 'Wind Boost', 'Rakukaja', 'Mahama']
['Tarukaja', 'Hama', 'Wind Boost', 'Bufu']
['Mahama', 'Me Patra', 'Hama', 'Tarukaja']
['Mind Charge', 'Hama', 'Mahama', 'Bufu']
['Hama', 'Bufu', 'Salvation', 'Mahama']
['Hama', 'Tarukaja', 'Garu', 'Megido']
['Zio', 'Hama', 'Rakukaja', 'Tarukaja']
['Hama', 'Mahama', 'Wind Boost', 'Garu']
['Dodge Wind', 'Bufu', 'Revolution', 'Counter']
['Hama', 'Mahama', 'Wind Boost', 'Me Patra']
['Mahama', 'Tarukaja', 'Salvation', 'Hama']
['Mahama', 'Wind Boost', 'Counter', 'Hama']
['Media', 'Hama', 'Dodge Wind', 'Garu']
['Tarukaja', 'Megido', 'Hama', 'Dodge Wind']
['Mahama', 'Hama', 'Rakukaja', 'Wind Boost']
['Mahama', 'Mind Charge', 'Hama', 'Tarukaja']
['Hama', 'Bufu', 'Mahama', 'Mind Charge']
['Mahama', 'Dodge Wind', 'Hama', 'Wind Boost']
['Revolution', 'Hama', 'Mahama', 'Rakukaja']
['Hama', 'Tarukaja', 'Mahama', 'Dodge Wind']
['Revolution', 'Mahama', 'Hama', 'Wind Boost']
['Revolution', 'Hama', 'Wind Boost', 'Tarukaja']
['Hama', 'Mahama', 'Wind Boost', 'Zio']
['Hama', 'Mahama', 'Counter', 'Zio']
['Mahama', 'Hama', 'Rakukaja', 'Tarukaja']
['Me Patra', 'Hama', 'Media', 'Mahama']
['Hama', 'Dodge Wind', 'Mahama', 'Salvation']
['Counter', 'Media', 'Mahama', 'Dodge Wind']
['Mahama', 'Tarukaja', 'Hama', 'Magaru']
['Hama', 'Media', 'Mahama', 'Counter']
['Zio', 'Hama', 'Mahama', 'Counter']
['Counter', 'Hama', 'Revolution', 'Mahama']
['Media', 'Mahama', 'Hama', 'Wind Boost']
['Mahama', 'Counter', 'Dodge Wind', 'Hama']
['Hama', 'Rakukaja', 'Mahama', 'Mind Charge']
['Hama', 'Mahama', 'Counter', 'Tarukaja']
['Mahama', 'Tarukaja', 'Hama', 'Counter']
['Hama', 'Mahama', 'Wind Boost', 'Zio']
['Dodge Wind', 'Wind Boost', 'Hama', 'Mahama']
['Revolution', 'Tarukaja', 'Hama', 'Mahama']
['Mahama', 'Bufu', 'Garu', 'Revolution']
['Mind Charge', 'Zio', 'Mahama', 'Revolution']
['Counter', 'Mahama', 'Hama', 'Revolution']
['Dodge Wind', 'Wind Boost', 'Zio', 'Bufu']
['Hama', 'Media', 'Bufu', 'Mahama']
['Dodge Wind', 'Mahama', 'Hama', 'Media']
['Garu', 'Hama', 'Dodge Wind', 'Mahama']
['Wind Boost', 'Bufu', 'Mahama', 'Hama']
['Hama', 'Zio', 'Mahama', 'Wind Boost']
['Mahama', 'Revolution', 'Hama', 'Bufu']
['Mahama', 'Hama', 'Revolution', 'Tarukaja']
['Counter', 'Ziodyne', 'Tarukaja', 'Bufu']
['Hama', 'Zio', 'Garu', 'Magaru']
['Hama', 'Mahama', 'Me Patra', 'Dodge Wind']
['Hama', 'Wind Boost', 'Rakukaja', 'Mahama']
['Mahama', 'Ziodyne', 'Hama', 'Rakukaja']
['Mahama', 'Wind Boost', 'Rakukaja', 'Hama']
['Mahama', 'Zio', 'Rakukaja', 'Garu']
['Mahama', 'Magaru', 'Rakukaja', 'Hama']
['Hama', 'Salvation', 'Mahama', 'Garu']
['Hama', 'Rakukaja', 'Salvation', 'Mahama']
['Revolution', 'Hama', 'Mahama', 'Me Patra']
['Mahama', 'Hama', 'Wind Boost', 'Tarukaja']
['Mahama', 'Hama', 'Magaru', 'Zio']
['Hama', 'Tarukaja', 'Mahama', 'Wind Boost']
['Salvation', 'Mahama', 'Wind Boost', 'Hama']
['Mahama', 'Garu', 'Hama', 'Dodge Wind']
['Rakukaja', 'Mahama', 'Hama', 'Mind Charge']
['Hama', 'Mahama', 'Tarukaja', 'Mind Charge']
['Hama', 'Mahama', 'Zio', 'Mind Charge']
['Hama', 'Mahama', 'Wind Boost', 'Rakukaja']
['Hama', 'Dodge Wind', 'Rakukaja', 'Counter']
['Mahama', 'Wind Boost', 'Revolution', 'Hama']
['Media', 'Hama', 'Tarukaja', 'Dodge Wind']
['Mahama', 'Tarukaja', 'Zio', 'Me Patra']
['Zio', 'Dodge Wind', 'Hama', 'Mind Charge']
['Dodge Wind', 'Zio', 'Hama', 'Mahama']
['Hama', 'Rakukaja', 'Media', 'Mahama']
['Hama', 'Me Patra', 'Tarukaja', 'Salvation']
['Mahama', 'Counter', 'Media', 'Rakukaja']
['Hama', 'Tarukaja', 'Wind Boost', 'Bufu']
['Mahama', 'Rakukaja', 'Hama', 'Media']
['Mahama', 'Hama', 'Me Patra', 'Rakukaja']
['Hama', 'Mahama', 'Rakukaja', 'Wind Boost']
['Counter', 'Mahama', 'Rakukaja', 'Hama']
['Hama', 'Counter', 'Mahama', 'Wind Boost']
['Garu', 'Media', 'Hama', 'Me Patra']
['Tarukaja', 'Hama', 'Mahama', 'Bufu']
['Hama', 'Mahama', 'Me Patra', 'Garu']
['Hama', 'Rakukaja', 'Mahama', 'Media']
['Hama', 'Bufu', 'Me Patra', 'Media']
['Hama', 'Mahama', 'Media', 'Wind Boost']
['Hama', 'Me Patra', 'Rakukaja', 'Media']
['Hama', 'Mahama', 'Revolution', 'Me Patra']
['Wind Boost', 'Mahama', 'Counter', 'Dodge Wind']
['Hama', 'Zio', 'Tarukaja', 'Revolution']
['Mahama', 'Salvation', 'Dodge Wind', 'Hama']
['Counter', 'Hama', 'Mahama', 'Mind Charge']
['Mahama', 'Hama', 'Garu', 'Revolution']
['Hama', 'Mahama', 'Revolution', 'Tarukaja']
['Dodge Wind', 'Mahama', 'Hama', 'Zio']
['Hama', 'Mahama', 'Me Patra', 'Wind Boost']
['Hama', 'Garu', 'Salvation', 'Mahama']
['Hama', 'Counter', 'Media', 'Mahama']
['Media', 'Rakukaja', 'Hama', 'Mahama']
['Rakukaja', 'Garu', 'Mahama', 'Mind Charge']
['Hama', 'Mahama', 'Media', 'Zio']
['Mahama', 'Wind Boost', 'Zio', 'Dodge Wind']
['Tarukaja', 'Mahama', 'Hama', 'Rakukaja']
['Hama', 'Tarukaja', 'Mahama', 'Dodge Wind']
['Mind Charge', 'Revolution', 'Hama', 'Rakukaja']
['Me Patra', 'Hama', 'Mahama', 'Media']
['Mahama', 'Hama', 'Media', 'Garu']
['Counter', 'Wind Boost', 'Hama', 'Mahama']
['Me Patra', 'Mahama', 'Rakukaja', 'Tarukaja']
['Wind Boost', 'Mahama', 'Rakukaja', 'Zio']
['Mahama', 'Megido', 'Wind Boost', 'Hama']
['Me Patra', 'Mahama', 'Hama', 'Garu']
['Hama', 'Revolution', 'Bufu', 'Mahama']
['Hama', 'Mahama', 'Me Patra', 'Media']
['Hama', 'Me Patra', 'Mahama', 'Tarukaja']
['Tarukaja', 'Hama', 'Mahama', 'Dodge Wind']
['Hama', 'Media', 'Mahama', 'Dodge Wind']
['Mahama', 'Hama', 'Counter', 'Salvation']
['Counter', 'Wind Boost', 'Hama', 'Mind Charge']
['Me Patra', 'Mahama', 'Dodge Wind', 'Hama']
['Hama', 'Wind Boost', 'Mind Charge', 'Bufu']
['Counter', 'Mahama', 'Wind Boost', 'Hama']
['Hama', 'Wind Boost', 'Mahama', 'Media']
['Hama', 'Wind Boost', 'Media', 'Rakukaja']
['Magaru', 'Hama', 'Mahama', 'Wind Boost']
['Media', 'Mahama', 'Hama', 'Bufu']
['Hama', 'Magaru', 'Dodge Wind', 'Rakukaja']
['Zio', 'Counter', 'Mind Charge', 'Wind Boost']
['Hama', 'Mahama', 'Wind Boost', 'Dodge Wind']
['Hama', 'Revolution', 'Wind Boost', 'Mahama']
['Hama', 'Mahama', 'Revolution', 'Garu']
['Mahama', 'Hama', 'Garu', 'Wind Boost']
['Bufu', 'Revolution', 'Hama', 'Wind Boost']
['Hama', 'Wind Boost', 'Tarukaja', 'Mahama']
['Rakukaja', 'Media', 'Hama', 'Zio']
['Hama', 'Mahama', 'Counter', 'Revolution']
['Hama', 'Counter', 'Mahama', 'Wind Boost']
['Wind Boost', 'Mahama', 'Rakukaja', 'Hama']
['Salvation', 'Hama', 'Counter', 'Mahama']
['Wind Boost', 'Rakukaja', 'Bufu', 'Zio']
['Mahama', 'Media', 'Me Patra', 'Hama']
['Hama', 'Wind Boost', 'Mahama', 'Tarukaja']
['Dodge Wind', 'Wind Boost', 'Mahama', 'Hama']
['Hama', 'Me Patra', 'Mahama', 'Counter']
['Dodge Wind', 'Hama', 'Rakukaja', 'Mahama']
['Zio', 'Mahama', 'Hama', 'Revolution']
['Hama', 'Mahama', 'Rakukaja', 'Tarukaja']
['Hama', 'Dodge Wind', 'Salvation', 'Garu']
['Mahama', 'Hama', 'Revolution', 'Dodge Wind']
['Revolution', 'Hama', 'Mahama', 'Garu']
['Hama', 'Rakukaja', 'Media', 'Mahama']
['Hama', 'Wind Boost', 'Dodge Wind', 'Bufu']
['Media', 'Counter', 'Hama', 'Wind Boost']
['Mahama', 'Hama', 'Revolution', 'Wind Boost']
['Mahama', 'Revolution', 'Hama', 'Dodge Wind']
['Ziodyne', 'Mahama', 'Hama', 'Tarukaja']
['Wind Boost', 'Hama', 'Media', 'Mind Charge']
['Mahama', 'Hama', 'Revolution', 'Tarukaja']
['Mahama', 'Hama', 'Dodge Wind', 'Tarukaja']
['Hama', 'Me Patra', 'Revolution', 'Rakukaja']
['Wind Boost', 'Mahama', 'Hama', 'Media']
['Hama', 'Media', 'Garu', 'Mind Charge']
['Megido', 'Me Patra', 'Hama', 'Mahama']
['Wind Boost', 'Mahama', 'Hama', 'Tarukaja']
['Wind Boost', 'Hama', 'Zio', 'Media']
['Hama', 'Mahama', 'Tarukaja', 'Mind Charge']
['Hama', 'Counter', 'Mahama', 'Ziodyne']
['Salvation', 'Media', 'Hama', 'Garu']
['Wind Boost', 'Hama', 'Counter', 'Zio']
['Dodge Wind', 'Hama', 'Me Patra', 'Mahama']
['Wind Boost', 'Mahama', 'Me Patra', 'Zio']
['Mahama', 'Dodge Wind', 'Rakukaja', 'Hama']
['Bufu', 'Garu', 'Hama', 'Mind Charge']
['Zio', 'Mahama', 'Hama', 'Dodge Wind']
['Zio', 'Mind Charge', 'Hama', 'Mahama']
['Hama', 'Tarukaja', 'Mahama', 'Media']
['Mahama', 'Tarukaja', 'Counter', 'Hama']
['Me Patra', 'Hama', 'Rakukaja', 'Mahama']
['Hama', 'Wind Boost', 'Rakukaja', 'Megido']
['Mahama', 'Tarukaja', 'Hama', 'Counter']
['Hama', 'Tarukaja', 'Mahama', 'Rakukaja']
['Hama', 'Counter', 'Magaru', 'Mahama']
['Hama', 'Mahama', 'Media', 'Tarukaja']
['Mahama', 'Garu', 'Hama', 'Tarukaja']
['Dodge Wind', 'Mahama', 'Wind Boost', 'Tarukaja']
['Mahama', 'Zio', 'Garu', 'Hama']
['Zio', 'Mahama', 'Hama', 'Me Patra']
['Hama', 'Wind Boost', 'Dodge Wind', 'Mahama']
['Mind Charge', 'Media', 'Tarukaja', 'Hama']
['Mind Charge', 'Mahama', 'Hama', 'Wind Boost']
['Wind Boost', 'Hama', 'Me Patra', 'Rakukaja']
['Hama', 'Salvation', 'Zio', 'Mahama']
['Wind Boost', 'Ziodyne', 'Hama', 'Me Patra']
['Mind Charge', 'Hama', 'Mahama', 'Counter']
['Hama', 'Garu', 'Me Patra', 'Revolution']
['Wind Boost', 'Mahama', 'Garu', 'Hama']
['Hama', 'Mahama', 'Tarukaja', 'Wind Boost']
['Revolution', 'Hama', 'Mahama', 'Media']
['Me Patra', 'Hama', 'Tarukaja', 'Wind Boost']
['Tarukaja', 'Mind Charge', 'Mahama', 'Me Patra']
['Hama', 'Mahama', 'Tarukaja', 'Zio']
['Mahama', 'Media', 'Rakukaja', 'Hama']
['Hama', 'Tarukaja', 'Mahama', 'Me Patra']
['Hama', 'Mahama', 'Wind Boost', 'Mind Charge']
['Hama', 'Rakukaja', 'Tarukaja', 'Mahama']
['Counter', 'Media', 'Dodge Wind', 'Hama']
['Media', 'Hama', 'Mahama', 'Wind Boost']
['Revolution', 'Wind Boost', 'Hama', 'Rakukaja']
['Hama', 'Revolution', 'Tarukaja', 'Mahama']
['Hama', 'Mahama', 'Dodge Wind', 'Zio']
['Mahama', 'Hama', 'Salvation', 'Bufu']
['Revolution', 'Hama', 'Wind Boost', 'Rakukaja']
['Media', 'Mahama', 'Me Patra', 'Bufu']
['Media', 'Mind Charge', 'Hama', 'Magaru']
['Hama', 'Mahama', 'Wind Boost', 'Tarukaja']
['Me Patra', 'Hama', 'Media', 'Wind Boost']
['Magaru', 'Wind Boost', 'Garu', 'Hama']
['Counter', 'Wind Boost', 'Revolution', 'Hama']
['Hama', 'Rakukaja', 'Revolution', 'Mahama']
['Mahama', 'Rakukaja', 'Hama', 'Counter']
['Counter', 'Revolution', 'Hama', 'Mahama']
['Mind Charge', 'Mahama', 'Wind Boost', 'Rakukaja']
['Mahama', 'Hama', 'Wind Boost', 'Revolution']
['Mahama', 'Hama', 'Wind Boost', 'Rakukaja']
['Media', 'Mahama', 'Wind Boost', 'Rakukaja']
['Mahama', 'Hama', 'Media', 'Wind Boost']
['Media', 'Hama', 'Mahama', 'Me Patra']
['Media', 'Dodge Wind', 'Mind Charge', 'Hama']
['Mahama', 'Hama', 'Media', 'Mind Charge']
['Mahama', 'Dodge Wind', 'Wind Boost', 'Ziodyne']
['Mahama', 'Rakukaja', 'Hama', 'Me Patra']
['Revolution', 'Hama', 'Media', 'Wind Boost']
['Hama', 'Mahama', 'Zio', 'Mind Charge']
['Mahama', 'Hama', 'Mind Charge', 'Magaru']
['Hama', 'Wind Boost', 'Media', 'Counter']
['Mahama', 'Hama', 'Bufu', 'Media']
['Wind Boost', 'Counter', 'Rakukaja', 'Mahama']
['Hama', 'Revolution', 'Zio', 'Mahama']
['Mahama', 'Hama', 'Tarukaja', 'Bufu']
['Rakukaja', 'Salvation', 'Hama', 'Mahama']
['Mahama', 'Bufu', 'Hama', 'Counter']
['Mahama', 'Salvation', 'Tarukaja', 'Me Patra']
['Hama', 'Mahama', 'Me Patra', 'Garu']
['Mahama', 'Hama', 'Rakukaja', 'Wind Boost']
['Hama', 'Media', 'Me Patra', 'Mahama']
['Dodge Wind', 'Me Patra', 'Hama', 'Wind Boost']
['Hama', 'Mahama', 'Media', 'Magaru']
['Media', 'Counter', 'Tarukaja', 'Hama']
['Hama', 'Mahama', 'Rakukaja', 'Media']
['Rakukaja', 'Mahama', 'Hama', 'Wind Boost']
['Me Patra', 'Hama', 'Zio', 'Media']
['Mahama', 'Hama', 'Dodge Wind', 'Rakukaja']
['Dodge Wind', 'Hama', 'Mahama', 'Me Patra']
['Hama', 'Media', 'Counter', 'Mahama']
['Dodge Wind', 'Magaru', 'Hama', 'Me Patra']
['Hama', 'Media', 'Garu', 'Mahama']
['Hama', 'Mahama', 'Media', 'Tarukaja']
['Mahama', 'Revolution', 'Hama', 'Rakukaja']
['Hama', 'Mahama', 'Tarukaja', 'Salvation']
['Counter', 'Hama', 'Mahama', 'Magaru']
['Garu', 'Counter', 'Hama', 'Rakukaja']
['Hama', 'Mahama', 'Garu', 'Dodge Wind']
['Hama', 'Me Patra', 'Tarukaja', 'Ziodyne']
['Hama', 'Mahama', 'Revolution', 'Tarukaja']
['Mahama', 'Wind Boost', 'Hama', 'Tarukaja']
['Mahama', 'Mind Charge', 'Hama', 'Counter']
['Hama', 'Dodge Wind', 'Megido', 'Wind Boost']
['Rakukaja', 'Hama', 'Wind Boost', 'Mahama']
['Hama', 'Tarukaja', 'Media', 'Mahama']
['Revolution', 'Hama', 'Garu', 'Mahama']
['Hama', 'Mahama', 'Counter', 'Mind Charge']
['Hama', 'Counter', 'Mahama', 'Wind Boost']
['Hama', 'Mahama', 'Media', 'Magaru']
['Rakukaja', 'Media', 'Mahama', 'Hama']
['Hama', 'Garu', 'Wind Boost', 'Zio']
['Revolution', 'Rakukaja', 'Counter', 'Hama']
['Counter', 'Mahama', 'Revolution', 'Zio']
['Mahama', 'Garu', 'Hama', 'Wind Boost']
['Hama', 'Mahama', 'Rakukaja', 'Salvation']
['Hama', 'Revolution', 'Mahama', 'Tarukaja']
['Hama', 'Me Patra', 'Rakukaja', 'Tarukaja']
['Hama', 'Rakukaja', 'Mahama', 'Media']
['Mahama', 'Wind Boost', 'Hama', 'Dodge Wind']
['Media', 'Hama', 'Revolution', 'Tarukaja']
['Hama', 'Mahama', 'Dodge Wind', 'Wind Boost']
['Hama', 'Tarukaja', 'Mahama', 'Rakukaja']
['Me Patra', 'Hama', 'Tarukaja', 'Mahama']
['Hama', 'Wind Boost', 'Mahama', 'Me Patra']
['Hama', 'Ziodyne', 'Me Patra', 'Salvation']
['Hama', 'Wind Boost', 'Mahama', 'Bufu']
['Mahama', 'Hama', 'Tarukaja', 'Revolution']
['Hama', 'Mahama', 'Me Patra', 'Revolution']
['Media', 'Bufu', 'Mahama', 'Hama']
['Mahama', 'Hama', 'Magaru', 'Tarukaja']
['Mahama', 'Mind Charge', 'Hama', 'Wind Boost']
['Counter', 'Mahama', 'Hama', 'Media']
['Hama', 'Mahama', 'Wind Boost', 'Tarukaja']
['Mahama', 'Hama', 'Garu', 'Rakukaja']
['Tarukaja', 'Mahama', 'Dodge Wind', 'Media']
['Hama', 'Mahama', 'Wind Boost', 'Me Patra']
['Tarukaja', 'Rakukaja', 'Mahama', 'Hama']
['Hama', 'Rakukaja', 'Dodge Wind', 'Wind Boost']
['Hama', 'Rakukaja', 'Me Patra', 'Media']
['Bufu', 'Hama', 'Mahama', 'Megido']
['Mahama', 'Rakukaja', 'Media', 'Me Patra']
['Hama', 'Zio', 'Salvation', 'Rakukaja']
['Mahama', 'Hama', 'Revolution', 'Mind Charge']
['Dodge Wind', 'Bufu', 'Rakukaja', 'Media']
['Hama', 'Revolution', 'Mahama', 'Dodge Wind']
['Media', 'Hama', 'Mahama', 'Me Patra']
['Wind Boost', 'Mahama', 'Hama', 'Me Patra']
['Mahama', 'Wind Boost', 'Hama', 'Rakukaja']
['Dodge Wind', 'Hama', 'Bufu', 'Mahama']
['Hama', 'Mind Charge', 'Mahama', 'Megido']
['Mahama', 'Counter', 'Hama', 'Bufu']
['Mahama', 'Hama', 'Dodge Wind', 'Revolution']
['Hama', 'Garu', 'Tarukaja', 'Revolution']
['Wind Boost', 'Dodge Wind', 'Rakukaja', 'Zio']
['Hama', 'Mahama', 'Media', 'Tarukaja']
['Hama', 'Mahama', 'Bufu', 'Zio']
['Hama', 'Mahama', 'Mind Charge', 'Me Patra']
['Mahama', 'Tarukaja', 'Mind Charge', 'Hama']
['Mahama', 'Me Patra', 'Tarukaja', 'Bufu']
['Mahama', 'Hama', 'Media', 'Mind Charge']
['Bufu', 'Magaru', 'Wind Boost', 'Hama']
['Tarukaja', 'Mahama', 'Hama', 'Ziodyne']
['Hama', 'Tarukaja', 'Mahama', 'Dodge Wind']
['Hama', 'Mahama', 'Wind Boost', 'Revolution']
['Garu', 'Hama', 'Mahama', 'Tarukaja']
['Hama', 'Wind Boost', 'Mahama', 'Bufu']
['Hama', 'Mahama', 'Media', 'Magaru']
['Tarukaja', 'Hama', 'Rakukaja', 'Revolution']
['Hama', 'Me Patra', 'Media', 'Counter']
['Hama', 'Dodge Wind', 'Mahama', 'Bufu']
['Salvation', 'Me Patra', 'Hama', 'Mahama']
['Mahama', 'Counter', 'Hama', 'Me Patra']
['Hama', 'Garu', 'Media', 'Mahama']
['Me Patra', 'Tarukaja', 'Mahama', 'Hama']
['Counter', 'Mahama', 'Me Patra', 'Hama']
['Hama', 'Mahama', 'Rakukaja', 'Zio']
['Wind Boost', 'Tarukaja', 'Mahama', 'Hama']
['Mahama', 'Hama', 'Dodge Wind', 'Wind Boost']
['Hama', 'Mahama', 'Counter', 'Bufu']
['Mahama', 'Hama', 'Dodge Wind', 'Garu']
['Mahama', 'Me Patra', 'Bufu', 'Rakukaja']
['Hama', 'Mahama', 'Dodge Wind', 'Salvation']
['Tarukaja', 'Mahama', 'Hama', 'Bufu']
['Mahama', 'Hama', 'Salvation', 'Dodge Wind']
['Rakukaja', 'Zio', 'Tarukaja', 'Wind Boost']
['Mahama', 'Hama', 'Wind Boost', 'Revolution']
['Dodge Wind', 'Hama', 'Revolution', 'Mahama']
['Hama', 'Dodge Wind', 'Counter', 'Revolution']
['Garu', 'Mahama', 'Mind Charge', 'Magaru']
['Hama', 'Mahama', 'Tarukaja', 'Ziodyne']
['Mahama', 'Hama', 'Me Patra', 'Tarukaja']
['Rakukaja', 'Mahama', 'Hama', 'Mind Charge']
['Hama', 'Mahama', 'Tarukaja', 'Wind Boost']
['Mahama', 'Media', 'Hama', 'Rakukaja']
['Me Patra', 'Wind Boost', 'Bufu', 'Mahama']
['Me Patra', 'Hama', 'Mind Charge', 'Mahama']
['Hama', 'Revolution', 'Mahama', 'Tarukaja']
['Tarukaja', 'Mahama', 'Garu', 'Me Patra']
['Mahama', 'Hama', 'Garu', 'Wind Boost']
['Wind Boost', 'Media', 'Mahama', 'Hama']
['Mahama', 'Tarukaja', 'Me Patra', 'Hama']
['Hama', 'Dodge Wind', 'Mahama', 'Mind Charge']
['Hama', 'Revolution', 'Dodge Wind', 'Mind Charge']
['Tarukaja', 'Hama', 'Mahama', 'Dodge Wind']
['Hama', 'Mahama', 'Counter', 'Zio']
['Mahama', 'Wind Boost', 'Hama', 'Zio']
['Hama', 'Bufu', 'Megido', 'Me Patra']
['Mahama', 'Hama', 'Wind Boost', 'Rakukaja']
['Hama', 'Mahama', 'Salvation', 'Rakukaja']
['Hama', 'Salvation', 'Bufu', 'Mahama']
['Hama', 'Mahama', 'Me Patra', 'Tarukaja']
['Mahama', 'Revolution', 'Hama', 'Tarukaja']
['Hama', 'Mahama', 'Media', 'Me Patra']
['Me Patra', 'Megido', 'Mind Charge', 'Wind Boost']
['Tarukaja', 'Hama', 'Mahama', 'Wind Boost']
['Mahama', 'Hama', 'Rakukaja', 'Media']
['Hama', 'Counter', 'Dodge Wind', 'Mahama']
['Hama', 'Mahama', 'Me Patra', 'Mind Charge']
['Hama', 'Mahama', 'Media', 'Counter']
['Revolution', 'Hama', 'Media', 'Rakukaja']
['Salvation', 'Tarukaja', 'Hama', 'Revolution']
['Hama', 'Rakukaja', 'Bufu', 'Wind Boost']
['Wind Boost', 'Mahama', 'Rakukaja', 'Hama']
['Rakukaja', 'Hama', 'Me Patra', 'Mahama']
['Ziodyne', 'Mahama', 'Hama', 'Rakukaja']
['Dodge Wind', 'Hama', 'Mahama', 'Revolution']
['Media', 'Mahama', 'Hama', 'Wind Boost']
['Hama', 'Wind Boost', 'Mahama', 'Dodge Wind']
['Mahama', 'Rakukaja', 'Hama', 'Me Patra']
['Me Patra', 'Hama', 'Counter', 'Salvation']
['Rakukaja', 'Hama', 'Revolution', 'Magaru']
['Rakukaja', 'Tarukaja', 'Mind Charge', 'Me Patra']
['Wind Boost', 'Mahama', 'Hama', 'Bufu']
['Mahama', 'Hama', 'Bufu', 'Me Patra']
['Salvation', 'Wind Boost', 'Hama', 'Revolution']
['Hama', 'Dodge Wind', 'Rakukaja', 'Zio']
['Mahama', 'Hama', 'Wind Boost', 'Media']
['Hama', 'Counter', 'Dodge Wind', 'Mahama']
['Mahama', 'Counter', 'Wind Boost', 'Rakukaja']
['Dodge Wind', 'Mahama', 'Hama', 'Wind Boost']
['Counter', 'Media', 'Hama', 'Revolution']
['Revolution', 'Hama', 'Counter', 'Mahama']
['Mahama', 'Hama', 'Dodge Wind', 'Media']
['Tarukaja', 'Zio', 'Hama', 'Salvation']
['Zio', 'Hama', 'Revolution', 'Mahama']
['Dodge Wind', 'Hama', 'Mahama', 'Wind Boost']
['Hama', 'Mahama', 'Zio', 'Me Patra']
['Rakukaja', 'Bufu', 'Mahama', 'Revolution']
['Hama', 'Mahama', 'Magaru', 'Counter']
['Hama', 'Mahama', 'Me Patra', 'Bufu']
['Mahama', 'Magaru', 'Hama', 'Dodge Wind']
['Mahama', 'Hama', 'Rakukaja', 'Counter']
['Mahama', 'Hama', 'Rakukaja', 'Zio']
['Zio', 'Revolution', 'Bufu', 'Hama']
['Hama', 'Mahama', 'Wind Boost', 'Revolution']
['Tarukaja', 'Hama', 'Mahama', 'Dodge Wind']
['Hama', 'Mind Charge', 'Tarukaja', 'Mahama']
['Mahama', 'Media', 'Rakukaja', 'Counter']
['Hama', 'Tarukaja', 'Revolution', 'Bufu']
['Hama', 'Rakukaja', 'Garu', 'Revolution']
['Hama', 'Mahama', 'Salvation', 'Zio']
['Mahama', 'Hama', 'Media', 'Rakukaja']
['Hama', 'Mahama', 'Counter', 'Zio']
['Mahama', 'Counter', 'Hama', 'Bufu']
['Dodge Wind', 'Hama', 'Counter', 'Tarukaja']
['Mahama', 'Revolution', 'Wind Boost', 'Hama']
['Wind Boost', 'Hama', 'Mahama', 'Counter']
['Hama', 'Mind Charge', 'Mahama', 'Garu']
['Rakukaja', 'Revolution', 'Dodge Wind', 'Me Patra']
['Tarukaja', 'Hama', 'Mind Charge', 'Me Patra']
['Hama', 'Dodge Wind', 'Mahama', 'Me Patra']
['Mahama', 'Hama', 'Tarukaja', 'Revolution']
['Hama', 'Rakukaja', 'Mahama', 'Dodge Wind']
['Mahama', 'Hama', 'Ziodyne', 'Wind Boost']
['Hama', 'Mahama', 'Tarukaja', 'Media']
['Magaru', 'Tarukaja', 'Wind Boost', 'Counter']
['Rakukaja', 'Hama', 'Media', 'Wind Boost']
['Mahama', 'Dodge Wind', 'Wind Boost', 'Counter']
['Tarukaja', 'Media', 'Hama', 'Dodge Wind']
['Mahama', 'Me Patra', 'Hama', 'Revolution']
['Hama', 'Mahama', 'Revolution', 'Rakukaja']
['Wind Boost', 'Media', 'Hama', 'Rakukaja']
['Mahama', 'Bufu', 'Tarukaja', 'Dodge Wind']
['Mahama', 'Hama', 'Mind Charge', 'Counter']
['Hama', 'Tarukaja', 'Revolution', 'Wind Boost']
['Mahama', 'Revolution', 'Counter', 'Hama']
['Mahama', 'Revolution', 'Counter', 'Hama']
['Salvation', 'Dodge Wind', 'Garu', 'Hama']
['Counter', 'Hama', 'Mahama', 'Revolution']
['Wind Boost', 'Me Patra', 'Garu', 'Dodge Wind']
['Mahama', 'Revolution', 'Hama', 'Wind Boost']
['Wind Boost', 'Hama', 'Salvation', 'Me Patra']
['Wind Boost', 'Hama', 'Mahama', 'Counter']
['Hama', 'Counter', 'Tarukaja', 'Mahama']
['Hama', 'Media', 'Mahama', 'Wind Boost']
['Rakukaja', 'Mahama', 'Counter', 'Hama']
['Tarukaja', 'Garu', 'Counter', 'Hama']
['Hama', 'Mahama', 'Tarukaja', 'Dodge Wind']
['Hama', 'Tarukaja', 'Dodge Wind', 'Ziodyne']
['Hama', 'Me Patra', 'Media', 'Mahama']
['Revolution', 'Hama', 'Zio', 'Mahama']
['Hama', 'Rakukaja', 'Dodge Wind', 'Mahama']
['Hama', 'Wind Boost', 'Mahama', 'Rakukaja']
['Media', 'Mahama', 'Hama', 'Counter']
['Hama', 'Media', 'Dodge Wind', 'Counter']
['Hama', 'Mahama', 'Wind Boost', 'Salvation']
['Hama', 'Tarukaja', 'Mahama', 'Zio']
['Mahama', 'Hama', 'Tarukaja', 'Rakukaja']
['Media', 'Magaru', 'Mahama', 'Hama']
['Hama', 'Wind Boost', 'Zio', 'Revolution']
['Mahama', 'Mind Charge', 'Hama', 'Magaru']
['Hama', 'Dodge Wind', 'Tarukaja', 'Mahama']
['Media', 'Rakukaja', 'Hama', 'Magaru']
['Mahama', 'Wind Boost', 'Hama', 'Garu']
['Mahama', 'Hama', 'Mind Charge', 'Wind Boost']
['Hama', 'Me Patra', 'Mind Charge', 'Mahama']
['Revolution', 'Mahama', 'Hama', 'Tarukaja']
['Mahama', 'Hama', 'Salvation', 'Rakukaja']
['Hama', 'Me Patra', 'Ziodyne', 'Mahama']
['Wind Boost', 'Mind Charge', 'Hama', 'Mahama']
['Hama', 'Wind Boost', 'Revolution', 'Mahama']
['Hama', 'Counter', 'Mahama', 'Media']
['Tarukaja', 'Me Patra', 'Bufu', 'Hama']
['Hama', 'Mahama', 'Rakukaja', 'Counter']
['Hama', 'Mahama', 'Dodge Wind', 'Magaru']
['Mahama', 'Hama', 'Counter', 'Garu']
['Me Patra', 'Mahama', 'Hama', 'Rakukaja']
['Mind Charge', 'Mahama', 'Tarukaja', 'Counter']
['Hama', 'Tarukaja', 'Wind Boost', 'Mahama']
['Mahama', 'Dodge Wind', 'Me Patra', 'Garu']
['Zio', 'Media', 'Hama', 'Mahama']
['Mahama', 'Dodge Wind', 'Zio', 'Hama']
['Hama', 'Mahama', 'Tarukaja', 'Media']
['Wind Boost', 'Hama', 'Dodge Wind', 'Mahama']
['Hama', 'Dodge Wind', 'Mahama', 'Media']
['Wind Boost', 'Mahama', 'Hama', 'Rakukaja']
['Hama', 'Mahama', 'Dodge Wind', 'Mind Charge']
['Counter', 'Hama', 'Mahama', 'Bufu']
['Mahama', 'Revolution', 'Mind Charge', 'Hama']
['Hama', 'Mahama', 'Me Patra', 'Media']
['Hama', 'Me Patra', 'Mahama', 'Mind Charge']
['Tarukaja', 'Wind Boost', 'Counter', 'Hama']
['Megido', 'Counter', 'Mahama', 'Hama']
['Mahama', 'Hama', 'Bufu', 'Tarukaja']
['Mahama', 'Revolution', 'Hama', 'Me Patra']
['Hama', 'Media', 'Rakukaja', 'Tarukaja']
['Hama', 'Wind Boost', 'Media', 'Dodge Wind']
['Mahama', 'Salvation', 'Hama', 'Counter']
['Counter', 'Hama', 'Garu', 'Zio']
['Ziodyne', 'Rakukaja', 'Hama', 'Mahama']
['Hama', 'Tarukaja', 'Mahama', 'Magaru']
['Hama', 'Mahama', 'Wind Boost', 'Magaru']
['Revolution', 'Hama', 'Mahama', 'Media']
['Hama', 'Bufu', 'Revolution', 'Mahama']
['Hama', 'Media', 'Mahama', 'Salvation']
['Media', 'Counter', 'Hama', 'Tarukaja']
['Hama', 'Magaru', 'Wind Boost', 'Rakukaja']
['Hama', 'Mahama', 'Dodge Wind', 'Rakukaja']
['Mahama', 'Hama', 'Rakukaja', 'Magaru']
['Revolution', 'Hama', 'Tarukaja', 'Mahama']
['Hama', 'Mahama', 'Revolution', 'Bufu']
['Dodge Wind', 'Hama', 'Counter', 'Mahama']
['Wind Boost', 'Hama', 'Mahama', 'Garu']
['Rakukaja', 'Media', 'Mahama', 'Hama']
['Hama', 'Counter', 'Salvation', 'Me Patra']
['Hama', 'Rakukaja', 'Mahama', 'Tarukaja']
['Hama', 'Garu', 'Counter', 'Mind Charge']
['Revolution', 'Mahama', 'Hama', 'Bufu']
['Counter', 'Hama', 'Dodge Wind', 'Mahama']
['Rakukaja', 'Mahama', 'Hama', 'Revolution']
['Hama', 'Mahama', 'Dodge Wind', 'Tarukaja']
['Wind Boost', 'Tarukaja', 'Mahama', 'Hama']
['Mahama', 'Media', 'Revolution', 'Bufu']
['Hama', 'Mahama', 'Counter', 'Media']
['Mahama', 'Magaru', 'Hama', 'Dodge Wind']
['Hama', 'Me Patra', 'Mahama', 'Mind Charge']
['Hama', 'Garu', 'Mahama', 'Tarukaja']
['Hama', 'Revolution', 'Salvation', 'Mahama']
['Bufu', 'Mahama', 'Rakukaja', 'Dodge Wind']
['Mahama', 'Hama', 'Revolution', 'Garu']
['Hama', 'Zio', 'Salvation', 'Mahama']
['Hama', 'Revolution', 'Mahama', 'Media']
['Hama', 'Mind Charge', 'Tarukaja', 'Mahama']
['Dodge Wind', 'Garu', 'Mahama', 'Hama']
['Mahama', 'Hama', 'Wind Boost', 'Zio']
['Rakukaja', 'Hama', 'Mahama', 'Me Patra']
['Bufu', 'Mahama', 'Hama', 'Me Patra']
['Hama', 'Media', 'Zio', 'Rakukaja']
['Hama', 'Tarukaja', 'Revolution', 'Mahama']
['Dodge Wind', 'Mahama', 'Wind Boost', 'Hama']
['Mahama', 'Hama', 'Dodge Wind', 'Rakukaja']
['Me Patra', 'Hama', 'Tarukaja', 'Mahama']
['Media', 'Rakukaja', 'Hama', 'Mahama']
['Hama', 'Mind Charge', 'Mahama', 'Wind Boost']
['Counter', 'Hama', 'Tarukaja', 'Wind Boost']
['Mahama', 'Magaru', 'Hama', 'Zio']
['Hama', 'Mahama', 'Rakukaja', 'Tarukaja']
['Wind Boost', 'Mahama', 'Rakukaja', 'Hama']
['Tarukaja', 'Mahama', 'Media', 'Hama']
['Hama', 'Mahama', 'Counter', 'Zio']
['Tarukaja', 'Rakukaja', 'Mahama', 'Wind Boost']
['Me Patra', 'Garu', 'Bufu', 'Mahama']
['Media', 'Hama', 'Mahama', 'Tarukaja']
['Hama', 'Mahama', 'Tarukaja', 'Rakukaja']
['Hama', 'Rakukaja', 'Magaru', 'Mahama']
['Wind Boost', 'Mahama', 'Tarukaja', 'Garu']
['Mahama', 'Tarukaja', 'Rakukaja', 'Salvation']
['Hama', 'Rakukaja', 'Mahama', 'Media']
['Hama', 'Revolution', 'Me Patra', 'Rakukaja']
['Hama', 'Me Patra', 'Tarukaja', 'Wind Boost']
['Mahama', 'Hama', 'Media', 'Tarukaja']
['Me Patra', 'Hama', 'Mahama', 'Revolution']
['Hama', 'Tarukaja', 'Rakukaja', 'Bufu']
['Bufu', 'Hama', 'Mahama', 'Media']
['Mahama', 'Hama', 'Media', 'Wind Boost']
['Wind Boost', 'Hama', 'Tarukaja', 'Media']
['Counter', 'Mahama', 'Revolution', 'Hama']
['Media', 'Hama', 'Mahama', 'Revolution']
['Hama', 'Media', 'Garu', 'Rakukaja']
['Hama', 'Wind Boost', 'Mahama', 'Tarukaja']
['Mahama', 'Salvation', 'Hama', 'Garu']
['Hama', 'Dodge Wind', 'Mahama', 'Counter']
['Rakukaja', 'Hama', 'Mahama', 'Wind Boost']
['Hama', 'Wind Boost', 'Mahama', 'Me Patra']
['Mahama', 'Hama', 'Tarukaja', 'Dodge Wind']
['Mahama', 'Revolution', 'Rakukaja', 'Counter']
['Rakukaja', 'Hama', 'Wind Boost', 'Mahama']
['Magaru', 'Media', 'Hama', 'Mahama']
['Hama', 'Dodge Wind', 'Mahama', 'Salvation']
['Hama', 'Dodge Wind', 'Tarukaja', 'Rakukaja']
['Hama', 'Mahama', 'Zio', 'Tarukaja']
['Hama', 'Mahama', 'Counter', 'Rakukaja']
['Mahama', 'Hama', 'Me Patra', 'Magaru']
['Mahama', 'Garu', 'Hama', 'Tarukaja']
['Rakukaja', 'Dodge Wind', 'Mahama', 'Hama']
['Me Patra', 'Wind Boost', 'Mahama', 'Hama']
['Rakukaja', 'Wind Boost', 'Dodge Wind', 'Mahama']
['Revolution', 'Rakukaja', 'Media', 'Hama']
['Hama', 'Rakukaja', 'Bufu', 'Mahama']
['Hama', 'Dodge Wind', 'Wind Boost', 'Mahama']
['Media', 'Hama', 'Me Patra', 'Mahama']
['Rakukaja', 'Counter', 'Mahama', 'Garu']
['Mahama', 'Tarukaja', 'Hama', 'Ziodyne']
['Hama', 'Garu', 'Mahama', 'Wind Boost']
['Hama', 'Mahama', 'Counter', 'Tarukaja']
['Tarukaja', 'Hama', 'Wind Boost', 'Mahama']
['Rakukaja', 'Hama', 'Mahama', 'Revolution']
['Hama', 'Mahama', 'Dodge Wind', 'Wind Boost']
['Hama', 'Mahama', 'Dodge Wind', 'Media']
['Mahama', 'Hama', 'Wind Boost', 'Rakukaja']
['Hama', 'Mahama', 'Revolution', 'Tarukaja']
['Mahama', 'Counter', 'Hama', 'Zio']
['Hama', 'Mahama', 'Wind Boost', 'Rakukaja']
['Hama', 'Mahama', 'Revolution', 'Wind Boost']
['Mahama', 'Tarukaja', 'Garu', 'Hama']
['Counter', 'Hama', 'Mahama', 'Wind Boost']
['Mahama', 'Hama', 'Rakukaja', 'Bufu']
['Hama', 'Counter', 'Mahama', 'Megido']
['Hama', 'Dodge Wind', 'Mahama', 'Garu']
['Media', 'Hama', 'Dodge Wind', 'Wind Boost']
['Hama', 'Magaru', 'Mahama', 'Me Patra']
['Mahama', 'Hama', 'Tarukaja', 'Dodge Wind']
['Mind Charge', 'Revolution', 'Hama', 'Bufu']
['Dodge Wind', 'Counter', 'Media', 'Mahama']
['Counter', 'Hama', 'Mahama', 'Salvation']
['Wind Boost', 'Hama', 'Mahama', 'Garu']
['Mahama', 'Me Patra', 'Media', 'Hama']
['Mahama', 'Hama', 'Bufu', 'Wind Boost']
['Mahama', 'Hama', 'Revolution', 'Bufu']
['Hama', 'Mahama', 'Rakukaja', 'Wind Boost']
['Hama', 'Mahama', 'Counter', 'Wind Boost']
['Hama', 'Mahama', 'Wind Boost', 'Me Patra']
['Rakukaja', 'Hama', 'Mahama', 'Revolution']
['Garu', 'Wind Boost', 'Revolution', 'Hama']
['Rakukaja', 'Counter', 'Tarukaja', 'Mahama']
['Hama', 'Counter', 'Mahama', 'Me Patra']
['Counter', 'Mind Charge', 'Mahama', 'Hama']
['Tarukaja', 'Media', 'Hama', 'Rakukaja']
['Rakukaja', 'Hama', 'Media', 'Mahama']
['Media', 'Bufu', 'Mahama', 'Hama']
['Hama', 'Zio', 'Mahama', 'Rakukaja']
['Media', 'Rakukaja', 'Tarukaja', 'Megido']
['Mahama', 'Hama', 'Tarukaja', 'Wind Boost']
['Mahama', 'Mind Charge', 'Dodge Wind', 'Hama']
['Tarukaja', 'Media', 'Mahama', 'Hama']
['Wind Boost', 'Hama', 'Rakukaja', 'Media']
['Revolution', 'Hama', 'Mahama', 'Media']
['Hama', 'Tarukaja', 'Mahama', 'Rakukaja']
['Hama', 'Media', 'Wind Boost', 'Mahama']
['Mind Charge', 'Hama', 'Mahama', 'Counter']
['Hama', 'Mahama', 'Rakukaja', 'Dodge Wind']
['Counter', 'Hama', 'Me Patra', 'Rakukaja']
['Hama', 'Mahama', 'Mind Charge', 'Rakukaja']
['Hama', 'Mahama', 'Garu', 'Wind Boost']
['Rakukaja', 'Hama', 'Mahama', 'Tarukaja']
['Counter', 'Hama', 'Mahama', 'Garu']
['Wind Boost', 'Hama', 'Mahama', 'Media']
['Hama', 'Counter', 'Garu', 'Wind Boost']
['Rakukaja', 'Revolution', 'Hama', 'Mahama']
['Hama', 'Rakukaja', 'Mahama', 'Salvation']
['Mahama', 'Rakukaja', 'Counter', 'Mind Charge']
['Mind Charge', 'Mahama', 'Hama', 'Tarukaja']
['Hama', 'Dodge Wind', 'Wind Boost', 'Zio']
['Hama', 'Mahama', 'Counter', 'Salvation']
['Hama', 'Zio', 'Rakukaja', 'Mahama']
['Mahama', 'Hama', 'Rakukaja', 'Me Patra']
['Mahama', 'Tarukaja', 'Media', 'Hama']
['Wind Boost', 'Magaru', 'Hama', 'Mahama']
['Wind Boost', 'Hama', 'Me Patra', 'Tarukaja']
['Hama', 'Wind Boost', 'Dodge Wind', 'Media']
['Hama', 'Me Patra', 'Mind Charge', 'Mahama']
['Hama', 'Zio', 'Mahama', 'Revolution']
['Hama', 'Garu', 'Mahama', 'Dodge Wind']
['Dodge Wind', 'Hama', 'Revolution', 'Wind Boost']
['Media', 'Bufu', 'Megido', 'Mahama']
['Mahama', 'Mind Charge', 'Wind Boost', 'Rakukaja']
['Hama', 'Mahama', 'Garu', 'Revolution']
['Wind Boost', 'Tarukaja', 'Mahama', 'Hama']
['Mahama', 'Wind Boost', 'Hama', 'Tarukaja']
['Garu', 'Hama', 'Rakukaja', 'Dodge Wind']
['Mahama', 'Hama', 'Tarukaja', 'Rakukaja']
['Mahama', 'Me Patra', 'Rakukaja', 'Media']
['Hama', 'Bufu', 'Mahama', 'Zio']
['Mahama', 'Me Patra', 'Mind Charge', 'Hama']
['Tarukaja', 'Hama', 'Rakukaja', 'Mahama']
['Hama', 'Revolution', 'Mahama', 'Media']
['Mahama', 'Hama', 'Revolution', 'Rakukaja']
['Hama', 'Mahama', 'Counter', 'Zio']
['Hama', 'Zio', 'Revolution', 'Dodge Wind']
['Garu', 'Salvation', 'Mahama', 'Hama']
['Hama', 'Zio', 'Rakukaja', 'Mahama']
['Me Patra', 'Hama', 'Garu', 'Mahama']
['Zio', 'Mahama', 'Media', 'Hama']
['Mahama', 'Hama', 'Media', 'Wind Boost']
['Hama', 'Mahama', 'Me Patra', 'Rakukaja']
['Counter', 'Wind Boost', 'Bufu', 'Hama']
['Mind Charge', 'Hama', 'Media', 'Garu']
['Rakukaja', 'Hama', 'Counter', 'Garu']
['Zio', 'Tarukaja', 'Hama', 'Rakukaja']
['Mahama', 'Zio', 'Hama', 'Counter']
['Mahama', 'Dodge Wind', 'Hama', 'Mind Charge']
['Media', 'Tarukaja', 'Hama', 'Mahama']
['Hama', 'Mahama', 'Counter', 'Bufu']
['Hama', 'Zio', 'Media', 'Rakukaja']
['Hama', 'Dodge Wind', 'Mahama', 'Mind Charge']
['Mahama', 'Hama', 'Zio', 'Wind Boost']
['Hama', 'Mahama', 'Zio', 'Me Patra']
['Zio', 'Revolution', 'Counter', 'Hama']
['Mind Charge', 'Mahama', 'Hama', 'Bufu']
['Tarukaja', 'Hama', 'Wind Boost', 'Revolution']
['Mahama', 'Hama', 'Tarukaja', 'Me Patra']
['Media', 'Hama', 'Rakukaja', 'Dodge Wind']
['Dodge Wind', 'Rakukaja', 'Hama', 'Mahama']
['Hama', 'Tarukaja', 'Mahama', 'Dodge Wind']
['Mahama', 'Counter', 'Rakukaja', 'Hama']
['Mahama', 'Tarukaja', 'Hama', 'Dodge Wind']
['Tarukaja', 'Mahama', 'Hama', 'Wind Boost']
['Mahama', 'Zio', 'Hama', 'Counter']
['Tarukaja', 'Mahama', 'Hama', 'Wind Boost']
['Mahama', 'Media', 'Hama', 'Rakukaja']
['Rakukaja', 'Mahama', 'Tarukaja', 'Mind Charge']
['Mahama', 'Dodge Wind', 'Hama', 'Rakukaja']
['Mahama', 'Rakukaja', 'Zio', 'Hama']
['Hama', 'Mahama', 'Me Patra', 'Zio']
['Hama', 'Mahama', 'Revolution', 'Garu']
['Tarukaja', 'Hama', 'Mahama', 'Wind Boost']
['Wind Boost', 'Salvation', 'Dodge Wind', 'Hama']
['Mahama', 'Hama', 'Tarukaja', 'Revolution']
['Hama', 'Magaru', 'Tarukaja', 'Wind Boost']
['Hama', 'Wind Boost', 'Mahama', 'Revolution']
['Hama', 'Mahama', 'Tarukaja', 'Me Patra']
['Hama', 'Mahama', 'Rakukaja', 'Bufu']
['Mahama', 'Hama', 'Media', 'Rakukaja']
['Rakukaja', 'Hama', 'Mahama', 'Wind Boost']
['Megido', 'Media', 'Hama', 'Mahama']
['Me Patra', 'Media', 'Hama', 'Garu']
['Megido', 'Rakukaja', 'Me Patra', 'Mahama']
['Mahama', 'Hama', 'Counter', 'Magaru']
['Me Patra', 'Bufu', 'Counter', 'Mahama']
['Salvation', 'Hama', 'Mahama', 'Me Patra']
['Mahama', 'Bufu', 'Hama', 'Tarukaja']
['Mahama', 'Hama', 'Dodge Wind', 'Garu']
['Dodge Wind', 'Hama', 'Me Patra', 'Tarukaja']
['Hama', 'Mahama', 'Wind Boost', 'Counter']
['Mahama', 'Wind Boost', 'Dodge Wind', 'Me Patra']
['Hama', 'Media', 'Mahama', 'Bufu']
['Hama', 'Mahama', 'Tarukaja', 'Magaru']
['Mahama', 'Hama', 'Revolution', 'Rakukaja']
['Me Patra', 'Media', 'Tarukaja', 'Mahama']
['Hama', 'Mahama', 'Revolution', 'Garu']
['Mahama', 'Tarukaja', 'Me Patra', 'Hama']
['Mahama', 'Bufu', 'Rakukaja', 'Hama']
['Mahama', 'Hama', 'Tarukaja', 'Wind Boost']
['Rakukaja', 'Mahama', 'Hama', 'Revolution']
['Hama', 'Counter', 'Mahama', 'Rakukaja']
['Salvation', 'Mahama', 'Hama', 'Media']
['Mahama', 'Hama', 'Media', 'Wind Boost']
['Mahama', 'Hama', 'Media', 'Rakukaja']
['Hama', 'Media', 'Salvation', 'Mahama']
['Wind Boost', 'Hama', 'Mahama', 'Revolution']
['Mahama', 'Tarukaja', 'Counter', 'Salvation']
['Mahama', 'Tarukaja', 'Garu', 'Hama']
['Me Patra', 'Rakukaja', 'Hama', 'Mahama']
['Hama', 'Mahama', 'Wind Boost', 'Tarukaja']
['Hama', 'Wind Boost', 'Counter', 'Bufu']
['Tarukaja', 'Mahama', 'Hama', 'Salvation']
['Mind Charge', 'Media', 'Mahama', 'Hama']
['Me Patra', 'Media', 'Hama', 'Revolution']
['Mahama', 'Bufu', 'Revolution', 'Tarukaja']
['Mahama', 'Revolution', 'Hama', 'Counter']
