['Zio', 'Salvation', 'Repel Dark', 'Elec Boost', 'Elec Break']
['Charmdi', 'Elec Boost', 'Marakunda', 'Victory Cry', 'Auto-Tarukaja']
['Elec Boost', 'Elec Break', 'Charmdi', 'Spirit Drain', 'High Counter']
['Auto-Tarukaja', 'Marakunda', 'Mazio', 'Mind Charge', 'Elec Break']
['Elec Break', 'Charmdi', 'Auto-Tarukaja', 'Absorb Slash', 'Elec Boost']
['Charmdi', 'Elec Break', 'Marakunda', 'Absorb Slash', 'Repel Dark']
['Charmdi', 'Repel Dark', 'Auto-Tarukaja', 'Elec Break', 'Zionga']
['Auto-Tarukaja', 'Marakunda', 'Repel Dark', 'Elec Boost', 'Charmdi']
['Auto-Tarukaja', 'High Counter', 'Victory Cry', 'Absorb Slash', 'Zio']
['Repel Dark', 'Auto-Tarukaja', 'High Counter', 'Spell Master', 'Marakunda']
['Elec Boost', 'Charmdi', 'Repel Dark', 'Auto-Tarukaja', 'Elec Break']
['Zio', 'Elec Boost', 'Megido', 'Elec Break', 'Marakunda']
['Elec Boost', 'Mind Charge', 'Charmdi', 'Auto-Tarukaja', 'Mazio']
['Elec Boost', 'Charmdi', 'Auto-Tarukaja', 'Absorb Slash', 'High Counter']
['Salvation', 'Spirit Drain', 'Mind Charge', 'Mazio', 'Auto-Tarukaja']
['Elec Break', 'Auto-Tarukaja', 'Victory Cry', 'Elec Boost', 'Salvation']
['Charmdi', 'High Counter', 'Victory Cry', 'Elec Break', 'Mind Charge']
['High Counter', 'Spirit Drain', 'Repel Dark', 'Zio', 'Auto-Tarukaja']
['Mazio', 'Charmdi', 'Megido', 'Auto-Tarukaja', 'Zio']
['Charmdi', 'Repel Dark', 'High Counter', 'Spell Master', 'Elec Break']
['Zio', 'Salvation', 'Auto-Tarukaja', 'Elec Boost', 'Marakunda']
['Charmdi', 'High Counter', 'Repel Dark', 'Marakunda', 'Elec Boost']
['Charmdi', 'Victory Cry', 'Elec Break', 'Auto-Tarukaja', 'Elec Boost']
['Charmdi', 'Elec Boost', 'Victory Cry', 'Marakunda', 'Auto-Tarukaja']
['Morning Star', 'Elec Boost', 'Charmdi', 'Marakunda', 'Elec Break']
['Zio', 'Charmdi', 'Elec Break', 'Spell Master', 'Elec Boost']
['Zionga', 'Elec Boost', 'Repel Dark', 'Mind Charge', 'Spell Master']
['Zio', 'Charmdi', 'Elec Break', 'Marakunda', 'Zionga']
['Victory Cry', 'Salvation', 'Charmdi', 'Auto-Tarukaja', 'High Counter']
['Elec Break', 'Auto-Tarukaja', 'Victory Cry', 'Charmdi', 'Elec Boost']
['Zionga', 'Repel Dark', 'Salvation', 'Zio', 'Elec Boost']
['Auto-Tarukaja', 'Charmdi', 'Marakunda', 'Victory Cry', 'Elec Break']
['Repel Dark', 'Elec Break', 'Elec Boost', 'Marakunda', 'Zio']
['Elec Break', 'Mazio', 'Charmdi', 'Victory Cry', 'Morning Star']
['Elec Boost', 'Charmdi', 'Mazio', 'Spirit Drain', 'Marakunda']
['Salvation', 'Elec Boost', 'Zio', 'Repel Dark', 'Charmdi']
['Absorb Slash', 'Spirit Drain', 'Elec Break', 'Elec Boost', 'Mazio']
['Repel Dark', 'Zionga', 'Mazio', 'Elec Boost', 'Auto-Tarukaja']
['Elec Boost', 'Mazio', 'Victory Cry', 'Absorb Slash', 'Auto-Tarukaja']
['Morning Star', 'Auto-Tarukaja', 'Charmdi', 'Marakunda', 'Salvation']
['Charmdi', 'Marakunda', 'Elec Break', 'Auto-Tarukaja', 'Zio']
['Auto-Tarukaja', 'Megido', 'Zionga', 'Spell Master', 'Mazio']
['Mazio', 'Charmdi', 'Elec Break', 'Elec Boost', 'Repel Dark']
['Mind Charge', 'Elec Boost', 'Elec Break', 'Repel Dark', 'Zio']
['Charmdi', 'Mazio', 'Auto-Tarukaja', 'Elec Boost', 'Absorb Slash']
['Mind Charge', 'Marakunda', 'Spell Master', 'High Counter', 'Auto-Tarukaja']
['Elec Boost', 'Charmdi', 'Repel Dark', 'Auto-Tarukaja', 'Marakunda']
['Charmdi', 'Auto-Tarukaja', 'Elec Boost', 'Repel Dark', 'Victory Cry']
['Auto-Tarukaja', 'Charmdi', 'Mind Charge', 'Zionga', 'Elec Boost']
['Marakunda', 'Charmdi', 'Elec Break', 'Elec Boost', 'Mazio']
['Mind Charge', 'Charmdi', 'Elec Boost', 'Zio', 'Auto-Tarukaja']
['Mazio', 'Spell Master', 'Marakunda', 'Repel Dark', 'Zio']
['Charmdi', 'Zio', 'Absorb Slash', 'Mind Charge', 'Repel Dark']
['Charmdi', 'Mind Charge', 'Zionga', 'High Counter', 'Elec Boost']
['Spirit Drain', 'Charmdi', 'Victory Cry', 'Auto-Tarukaja', 'Repel Dark']
['Mazio', 'Spirit Drain', 'Zio', 'Repel Dark', 'Elec Boost']
['Elec Boost', 'Mazio', 'High Counter', 'Charmdi', 'Marakunda']
['Absorb Slash', 'Zio', 'Charmdi', 'Salvation', 'Repel Dark']
['Auto-Tarukaja', 'Elec Break', 'Charmdi', 'Repel Dark', 'Marakunda']
['High Counter', 'Mazio', 'Zio', 'Elec Boost', 'Spell Master']
['Auto-Tarukaja', 'Zio', 'Elec Boost', 'Charmdi', 'Victory Cry']
['Charmdi', 'Victory Cry', 'Marakunda', 'Elec Boost', 'Auto-Tarukaja']
['Charmdi', 'Absorb Slash', 'Elec Boost', 'Auto-Tarukaja', 'Repel Dark']
['Megido', 'Elec Break', 'Zio', 'Charmdi', 'Spell Master']
['Elec Boost', 'Victory Cry', 'Zionga', 'Zio', 'Marakunda']
['Charmdi', 'Mind Charge', 'Auto-Tarukaja', 'Marakunda', 'Zionga']
['Elec Break', 'Victory Cry', 'Salvation', 'Charmdi', 'Zio']
['Elec Boost', 'Charmdi', 'Salvation', 'Auto-Tarukaja', 'Victory Cry']
['Megido', 'Elec Boost', 'Charmdi', 'Elec Break', 'Zionga']
['Salvation', 'Elec Break', 'Auto-Tarukaja', 'Charmdi', 'Elec Boost']
['Auto-Tarukaja', 'Charmdi', 'Elec Boost', 'Marakunda', 'Spell Master']
['Elec Boost', 'Mind Charge', 'Auto-Tarukaja', 'Marakunda', 'High Counter']
['Elec Boost', 'Auto-Tarukaja', 'Marakunda', 'Victory Cry', 'High Counter']
['High Counter', 'Mazio', 'Marakunda', 'Elec Boost', 'Salvation']
['Elec Boost', 'Zionga', 'Mind Charge', 'Marakunda', 'Zio']
['Charmdi', 'Auto-Tarukaja', 'Mind Charge', 'Zio', 'High Counter']
['Auto-Tarukaja', 'High Counter', 'Marakunda', 'Elec Break', 'Charmdi']
['Victory Cry', 'Elec Boost', 'Spell Master', 'Auto-Tarukaja', 'Zio']
['Mazio', 'Repel Dark', 'Zionga', 'Absorb Slash', 'Elec Break']
['Elec Break', 'Mazio', 'Marakunda', 'Auto-Tarukaja', 'Elec Boost']
['Spell Master', 'Elec Boost', 'Auto-Tarukaja', 'Zionga', 'Elec Break']
['Charmdi', 'Elec Boost', 'Spell Master', 'Megido', 'Zionga']
['Elec Boost', 'Victory Cry', 'Elec Break', 'Zio', 'Auto-Tarukaja']
['Marakunda', 'Morning Star', 'Mazio', 'Charmdi', 'Elec Boost']
['Auto-Tarukaja', 'Mind Charge', 'Elec Boost', 'Marakunda', 'Repel Dark']
['Absorb Slash', 'Charmdi', 'Salvation', 'Marakunda', 'Auto-Tarukaja']
['Auto-Tarukaja', 'Spell Master', 'Charmdi', 'Repel Dark', 'Elec Break']
['Charmdi', 'Elec Boost', 'Auto-Tarukaja', 'Spell Master', 'Mind Charge']
['High Counter', 'Zio', 'Mazio', 'Elec Boost', 'Victory Cry']
['Charmdi', 'High Counter', 'Elec Break', 'Repel Dark', 'Mazio']
['Mind Charge', 'Megido', 'Charmdi', 'Auto-Tarukaja', 'Zio']
['Absorb Slash', 'Elec Break', 'Zio', 'Charmdi', 'Salvation']
['Elec Boost', 'Elec Break', 'High Counter', 'Repel Dark', 'Charmdi']
['Zio', 'Repel Dark', 'Spell Master', 'Victory Cry', 'Elec Boost']
['Zio', 'Charmdi', 'Elec Break', 'Mazio', 'Salvation']
['Mind Charge', 'Elec Break', 'Auto-Tarukaja', 'Mazio', 'Zio']
['Marakunda', 'Elec Boost', 'Elec Break', 'Absorb Slash', 'Charmdi']
['Salvation', 'Spirit Drain', 'Charmdi', 'Repel Dark', 'Elec Boost']
['High Counter', 'Spirit Drain', 'Victory Cry', 'Elec Boost', 'Repel Dark']
['Mind Charge', 'Charmdi', 'Repel Dark', 'Elec Boost', 'Spell Master']
['Victory Cry', 'Auto-Tarukaja', 'Salvation', 'Elec Boost', 'Repel Dark']
['Elec Boost', 'Salvation', 'Marakunda', 'Charmdi', 'Mazio']
['Zio', 'Repel Dark', 'Elec Boost', 'Salvation', 'Charmdi']
['Repel Dark', 'Charmdi', 'Auto-Tarukaja', 'Marakunda', 'Elec Boost']
['High Counter', 'Auto-Tarukaja', 'Charmdi', 'Elec Boost', 'Zio']
['Charmdi', 'High Counter', 'Absorb Slash', 'Zio', 'Marakunda']
['Charmdi', 'Mind Charge', 'Elec Boost', 'Auto-Tarukaja', 'Repel Dark']
['Marakunda', 'Auto-Tarukaja', 'High Counter', 'Zio', 'Elec Boost']
['Mind Charge', 'Elec Boost', 'Zionga', 'Salvation', 'Elec Break']
['Elec Break', 'Auto-Tarukaja', 'Elec Boost', 'Repel Dark', 'Victory Cry']
['High Counter', 'Charmdi', 'Elec Boost', 'Salvation', 'Zio']
['Elec Break', 'Mazio', 'Victory Cry', 'Auto-Tarukaja', 'Megido']
['Elec Boost', 'Megido', 'High Counter', 'Charmdi', 'Mazio']
['Charmdi', 'Zionga', 'Marakunda', 'Auto-Tarukaja', 'Elec Break']
['Elec Boost', 'Mazio', 'Charmdi', 'Absorb Slash', 'Marakunda']
['Auto-Tarukaja', 'Elec Boost', 'Zio', 'Megido', 'Charmdi']
['Auto-Tarukaja', 'Repel Dark', 'Elec Break', 'Spell Master', 'Absorb Slash']
['Charmdi', 'Auto-Tarukaja', 'Mind Charge', 'Elec Boost', 'Marakunda']
['Zionga', 'Elec Boost', 'Mind Charge', 'Auto-Tarukaja', 'Elec Break']
['High Counter', 'Mazio', 'Absorb Slash', 'Zio', 'Charmdi']
['Zio', 'Absorb Slash', 'Marakunda', 'Auto-Tarukaja', 'Charmdi']
['Elec Break', 'Auto-Tarukaja', 'Marakunda', 'Charmdi', 'Zio']
['Marakunda', 'Zionga', 'Elec Break', 'Elec Boost', 'Zio']
['Auto-Tarukaja', 'Victory Cry', 'Elec Break', 'Salvation', 'Charmdi']
['Charmdi', 'Elec Break', 'Absorb Slash', 'Mind Charge', 'Marakunda']
['Marakunda', 'Charmdi', 'Mazio', 'Zio', 'Elec Boost']
['Elec Break', 'Zio', 'Charmdi', 'Mind Charge', 'Mazio']
['High Counter', 'Elec Boost', 'Elec Break', 'Mind Charge', 'Marakunda']
['Mind Charge', 'Charmdi', 'Elec Break', 'Marakunda', 'Victory Cry']
['Elec Break', 'Auto-Tarukaja', 'Charmdi', 'Victory Cry', 'Zio']
['High Counter', 'Elec Boost', 'Zio', 'Marakunda', 'Absorb Slash']
['Charmdi', 'Zio', 'High Counter', 'Mind Charge', 'Mazio']
['Absorb Slash', 'Auto-Tarukaja', 'Repel Dark', 'Charmdi', 'Elec Boost']
['Zio', 'Auto-Tarukaja', 'Mind Charge', 'Elec Boost', 'High Counter']
['Mind Charge', 'Charmdi', 'Mazio', 'Elec Boost', 'Repel Dark']
['Auto-Tarukaja', 'Mind Charge', 'Salvation', 'Zionga', 'Elec Boost']
['Charmdi', 'Marakunda', 'High Counter', 'Mind Charge', 'Absorb Slash']
['Auto-Tarukaja', 'Charmdi', 'Elec Boost', 'Zio', 'Marakunda']
['Zio', 'Salvation', 'Marakunda', 'Elec Boost', 'High Counter']
['Elec Break', 'Elec Boost', 'Spell Master', 'High Counter', 'Charmdi']
['Elec Boost', 'Mind Charge', 'Auto-Tarukaja', 'Charmdi', 'Repel Dark']
['Repel Dark', 'Zio', 'Victory Cry', 'Elec Break', 'Spell Master']
['Repel Dark', 'Elec Boost', 'Charmdi', 'Salvation', 'Mind Charge']
['Zio', 'Charmdi', 'Elec Boost', 'Elec Break', 'Auto-Tarukaja']
['Absorb Slash', 'High Counter', 'Mind Charge', 'Elec Boost', 'Salvation']
['Absorb Slash', 'Zionga', 'Spell Master', 'Zio', 'Charmdi']
['Zionga', 'Auto-Tarukaja', 'Marakunda', 'Elec Boost', 'Elec Break']
['Marakunda', 'High Counter', 'Elec Boost', 'Absorb Slash', 'Repel Dark']
['Mind Charge', 'Elec Break', 'High Counter', 'Zio', 'Salvation']
['Spell Master', 'Zio', 'Elec Boost', 'Auto-Tarukaja', 'High Counter']
['Elec Break', 'Charmdi', 'Zio', 'Elec Boost', 'High Counter']
['Elec Boost', 'Zionga', 'Elec Break', 'Charmdi', 'Spirit Drain']
['Marakunda', 'Charmdi', 'High Counter', 'Elec Boost', 'Zio']
['Repel Dark', 'Elec Boost', 'Auto-Tarukaja', 'Marakunda', 'Victory Cry']
['Absorb Slash', 'Elec Boost', 'Zio', 'High Counter', 'Elec Break']
['Absorb Slash', 'Charmdi', 'Marakunda', 'Mazio', 'Auto-Tarukaja']
['Elec Break', 'Elec Boost', 'Charmdi', 'Mazio', 'Auto-Tarukaja']
['Zio', 'Spell Master', 'High Counter', 'Mind Charge', 'Mazio']
['Elec Boost', 'Auto-Tarukaja', 'Spirit Drain', 'Marakunda', 'Charmdi']
['High Counter', 'Auto-Tarukaja', 'Salvation', 'Charmdi', 'Victory Cry']
['Charmdi', 'Marakunda', 'Elec Boost', 'Zio', 'Elec Break']
['High Counter', 'Salvation', 'Auto-Tarukaja', 'Zio', 'Repel Dark']
['Victory Cry', 'Marakunda', 'Charmdi', 'Zio', 'Mazio']
['Auto-Tarukaja', 'Absorb Slash', 'Elec Boost', 'Mazio', 'Victory Cry']
['Marakunda', 'Victory Cry', 'Spell Master', 'Mind Charge', 'Zio']
['Spell Master', 'Elec Boost', 'Zio', 'Charmdi', 'Auto-Tarukaja']
['Zio', 'Elec Boost', 'Elec Break', 'Absorb Slash', 'High Counter']
['Repel Dark', 'Zionga', 'Absorb Slash', 'Victory Cry', 'Mind Charge']
['Victory Cry', 'Auto-Tarukaja', 'High Counter', 'Elec Boost', 'Elec Break']
['Charmdi', 'Mind Charge', 'Spell Master', 'Elec Boost', 'Absorb Slash']
['Zio', 'Elec Break', 'Victory Cry', 'Elec Boost', 'Absorb Slash']
['Repel Dark', 'Auto-Tarukaja', 'Elec Break', 'Spell Master', 'Elec Boost']
['Elec Boost', 'Victory Cry', 'High Counter', 'Mind Charge', 'Salvation']
['Charmdi', 'Zio', 'Elec Boost', 'Auto-Tarukaja', 'High Counter']
['Repel Dark', 'Elec Break', 'Marakunda', 'Charmdi', 'Elec Boost']
['Zio', 'Marakunda', 'Elec Boost', 'Charmdi', 'Repel Dark']
['Spirit Drain', 'Elec Break', 'Auto-Tarukaja', 'Charmdi', 'Zionga']
['Absorb Slash', 'Mazio', 'Charmdi', 'Auto-Tarukaja', 'Elec Boost']
['High Counter', 'Auto-Tarukaja', 'Victory Cry', 'Charmdi', 'Absorb Slash']
['Marakunda', 'Auto-Tarukaja', 'Mind Charge', 'Charmdi', 'Spirit Drain']
['Marakunda', 'Elec Break', 'Absorb Slash', 'Charmdi', 'Elec Boost']
['Marakunda', 'Charmdi', 'Salvation', 'Zio', 'Spell Master']
['Elec Boost', 'Auto-Tarukaja', 'Marakunda', 'Charmdi', 'Elec Break']
['Charmdi', 'Zionga', 'Elec Boost', 'Auto-Tarukaja', 'Zio']
['Elec Boost', 'Charmdi', 'Salvation', 'Auto-Tarukaja', 'Mazio']
['Elec Boost', 'Zio', 'Salvation', 'Zionga', 'High Counter']
['Charmdi', 'Elec Break', 'Spirit Drain', 'Spell Master', 'Megido']
['Charmdi', 'Victory Cry', 'Elec Break', 'Zionga', 'Auto-Tarukaja']
['Marakunda', 'Morning Star', 'Elec Boost', 'Mind Charge', 'Zionga']
['Marakunda', 'Absorb Slash', 'Repel Dark', 'High Counter', 'Elec Break']
['Spell Master', 'Charmdi', 'Mind Charge', 'Auto-Tarukaja', 'High Counter']
['Mazio', 'Charmdi', 'Elec Boost', 'High Counter', 'Marakunda']
['Mind Charge', 'Repel Dark', 'Zio', 'Elec Break', 'Auto-Tarukaja']
['Elec Boost', 'Marakunda', 'Mind Charge', 'High Counter', 'Charmdi']
['Charmdi', 'Elec Boost', 'Repel Dark', 'Mind Charge', 'Elec Break']
['Zio', 'Elec Break', 'Elec Boost', 'High Counter', 'Charmdi']
['Marakunda', 'Charmdi', 'Mind Charge', 'Auto-Tarukaja', 'Spell Master']
['Elec Boost', 'Charmdi', 'Mazio', 'Spell Master', 'Marakunda']
['Marakunda', 'Spirit Drain', 'Auto-Tarukaja', 'Elec Break', 'Charmdi']
['Spell Master', 'Charmdi', 'Mind Charge', 'Repel Dark', 'Elec Boost']
['Charmdi', 'High Counter', 'Zio', 'Auto-Tarukaja', 'Zionga']
['Charmdi', 'Auto-Tarukaja', 'Repel Dark', 'Elec Boost', 'Marakunda']
['Elec Boost', 'High Counter', 'Mind Charge', 'Repel Dark', 'Auto-Tarukaja']
['Charmdi', 'Marakunda', 'Salvation', 'Zionga', 'Megido']
['Elec Break', 'Elec Boost', 'Victory Cry', 'Mazio', 'Auto-Tarukaja']
['Absorb Slash', 'Zionga', 'Spirit Drain', 'Charmdi', 'Elec Boost']
['Elec Boost', 'High Counter', 'Charmdi', 'Spell Master', 'Marakunda']
['Repel Dark', 'Zio', 'Charmdi', 'Absorb Slash', 'Auto-Tarukaja']
['Mind Charge', 'High Counter', 'Marakunda', 'Zionga', 'Charmdi']
['Zio', 'Elec Break', 'Auto-Tarukaja', 'Charmdi', 'Mind Charge']
['Elec Boost', 'Charmdi', 'Repel Dark', 'Zio', 'Spell Master']
['Auto-Tarukaja', 'Elec Boost', 'Zio', 'Mind Charge', 'Spell Master']
['Mazio', 'Zionga', 'Elec Boost', 'Auto-Tarukaja', 'High Counter']
['Absorb Slash', 'Elec Boost', 'Zionga', 'Elec Break', 'Charmdi']
['Elec Boost', 'Charmdi', 'Marakunda', 'Mazio', 'Auto-Tarukaja']
['High Counter', 'Victory Cry', 'Marakunda', 'Charmdi', 'Absorb Slash']
['Marakunda', 'Charmdi', 'Repel Dark', 'Spell Master', 'Elec Boost']
['Absorb Slash', 'Elec Boost', 'Mazio', 'Zionga', 'Victory Cry']
['Elec Boost', 'Zio', 'Mind Charge', 'High Counter', 'Charmdi']
['Auto-Tarukaja', 'Mazio', 'Marakunda', 'Charmdi', 'Mind Charge']
['High Counter', 'Salvation', 'Megido', 'Spell Master', 'Elec Boost']
['Auto-Tarukaja', 'Marakunda', 'Charmdi', 'Elec Boost', 'Elec Break']
['Spell Master', 'Elec Boost', 'High Counter', 'Elec Break', 'Zionga']
['Mazio', 'Charmdi', 'Salvation', 'Zio', 'Morning Star']
['Zio', 'Elec Break', 'High Counter', 'Mind Charge', 'Repel Dark']
['Auto-Tarukaja', 'Elec Boost', 'Marakunda', 'Spirit Drain', 'Mind Charge']
['Charmdi', 'Elec Boost', 'High Counter', 'Auto-Tarukaja', 'Absorb Slash']
['Auto-Tarukaja', 'Marakunda', 'Elec Boost', 'Spell Master', 'Mazio']
['Repel Dark', 'Auto-Tarukaja', 'Marakunda', 'Elec Break', 'Elec Boost']
['Elec Break', 'Marakunda', 'Charmdi', 'Absorb Slash', 'Elec Boost']
['Charmdi', 'Spell Master', 'Repel Dark', 'Elec Break', 'Absorb Slash']
['Marakunda', 'Spell Master', 'Zio', 'Repel Dark', 'Absorb Slash']
['Charmdi', 'Mind Charge', 'High Counter', 'Marakunda', 'Spell Master']
['Mind Charge', 'Elec Boost', 'Elec Break', 'Absorb Slash', 'Auto-Tarukaja']
['Elec Boost', 'Spirit Drain', 'Victory Cry', 'Absorb Slash', 'Charmdi']
['Charmdi', 'Auto-Tarukaja', 'High Counter', 'Elec Boost', 'Spell Master']
['Charmdi', 'High Counter', 'Elec Boost', 'Mazio', 'Victory Cry']
['Elec Boost', 'High Counter', 'Charmdi', 'Repel Dark', 'Spell Master']
['Elec Break', 'Charmdi', 'Absorb Slash', 'Mind Charge', 'Elec Boost']
['Elec Break', 'Auto-Tarukaja', 'Charmdi', 'Elec Boost', 'Zionga']
['Zio', 'Auto-Tarukaja', 'Mazio', 'Elec Break', 'Mind Charge']
['Auto-Tarukaja', 'High Counter', 'Salvation', 'Repel Dark', 'Marakunda']
['Victory Cry', 'Elec Boost', 'Zionga', 'Charmdi', 'Zio']
['Mind Charge', 'Elec Boost', 'Charmdi', 'Salvation', 'High Counter']
['Absorb Slash', 'Victory Cry', 'Auto-Tarukaja', 'Elec Break', 'Mind Charge']
['Zionga', 'Charmdi', 'Elec Boost', 'Spell Master', 'Absorb Slash']
['Megido', 'Repel Dark', 'Auto-Tarukaja', 'Mind Charge', 'Salvation']
['Elec Boost', 'Marakunda', 'Charmdi', 'Repel Dark', 'Absorb Slash']
['Elec Boost', 'Charmdi', 'Elec Break', 'High Counter', 'Zio']
['Charmdi', 'Salvation', 'Marakunda', 'Repel Dark', 'High Counter']
['Zio', 'Charmdi', 'High Counter', 'Marakunda', 'Auto-Tarukaja']
['Elec Break', 'Elec Boost', 'Absorb Slash', 'Zio', 'High Counter']
['Elec Boost', 'Elec Break', 'Salvation', 'Charmdi', 'Marakunda']
['Elec Boost', 'Repel Dark', 'Mazio', 'Charmdi', 'Auto-Tarukaja']
['Elec Boost', 'Mind Charge', 'Victory Cry', 'Marakunda', 'Auto-Tarukaja']
['Elec Boost', 'Charmdi', 'Mind Charge', 'Marakunda', 'Mazio']
['Marakunda', 'Charmdi', 'Mazio', 'Zionga', 'Elec Boost']
['Repel Dark', 'Elec Boost', 'Marakunda', 'Auto-Tarukaja', 'Zio']
['Auto-Tarukaja', 'Elec Boost', 'Marakunda', 'Spell Master', 'Charmdi']
['Auto-Tarukaja', 'High Counter', 'Salvation', 'Marakunda', 'Elec Boost']
['Repel Dark', 'Marakunda', 'High Counter', 'Victory Cry', 'Morning Star']
['Marakunda', 'Morning Star', 'Mind Charge', 'Auto-Tarukaja', 'High Counter']
['Spell Master', 'Zio', 'Marakunda', 'Elec Break', 'Elec Boost']
['High Counter', 'Mind Charge', 'Charmdi', 'Marakunda', 'Victory Cry']
['Zionga', 'Marakunda', 'High Counter', 'Elec Boost', 'Victory Cry']
['Elec Boost', 'Auto-Tarukaja', 'Zionga', 'Elec Break', 'High Counter']
['Repel Dark', 'Elec Boost', 'Charmdi', 'Zio', 'Victory Cry']
['Zionga', 'Mazio', 'Elec Boost', 'High Counter', 'Charmdi']
['Zionga', 'Mind Charge', 'Elec Boost', 'Absorb Slash', 'High Counter']
['Auto-Tarukaja', 'Marakunda', 'Elec Boost', 'Charmdi', 'High Counter']
['Elec Boost', 'Victory Cry', 'Mind Charge', 'Zio', 'Repel Dark']
['Marakunda', 'Auto-Tarukaja', 'High Counter', 'Zionga', 'Mind Charge']
['Repel Dark', 'Salvation', 'Auto-Tarukaja', 'Zio', 'Mazio']
['High Counter', 'Elec Break', 'Salvation', 'Elec Boost', 'Marakunda']
['Spell Master', 'Mind Charge', 'Charmdi', 'Elec Break', 'Elec Boost']
['Charmdi', 'Salvation', 'Mind Charge', 'Zio', 'Elec Break']
['Mind Charge', 'Charmdi', 'Zio', 'Victory Cry', 'Elec Boost']
['Zio', 'Elec Boost', 'Absorb Slash', 'Charmdi', 'Victory Cry']
['Salvation', 'Elec Break', 'Elec Boost', 'Spell Master', 'Mind Charge']
['Zio', 'Elec Boost', 'Salvation', 'Marakunda', 'Charmdi']
['Charmdi', 'Elec Break', 'Spell Master', 'Mazio', 'Marakunda']
['Charmdi', 'Repel Dark', 'Auto-Tarukaja', 'Salvation', 'Elec Boost']
['Charmdi', 'Elec Boost', 'High Counter', 'Zio', 'Marakunda']
['Zio', 'Auto-Tarukaja', 'Mind Charge', 'Charmdi', 'Salvation']
['Victory Cry', 'Elec Boost', 'Elec Break', 'High Counter', 'Charmdi']
['Elec Boost', 'High Counter', 'Zio', 'Elec Break', 'Charmdi']
['Charmdi', 'Mazio', 'Salvation', 'Zio', 'High Counter']
['Auto-Tarukaja', 'Zio', 'Zionga', 'Charmdi', 'High Counter']
['Marakunda', 'Charmdi', 'Elec Break', 'Zio', 'Mind Charge']
['Charmdi', 'Salvation', 'Elec Boost', 'Zionga', 'Auto-Tarukaja']
['Auto-Tarukaja', 'Elec Boost', 'Charmdi', 'Zionga', 'Mazio']
['Mind Charge', 'Marakunda', 'Elec Boost', 'Charmdi', 'Elec Break']
['Marakunda', 'Elec Boost', 'High Counter', 'Spell Master', 'Spirit Drain']
['Charmdi', 'Elec Break', 'Victory Cry', 'Spirit Drain', 'Absorb Slash']
['Auto-Tarukaja', 'Mind Charge', 'Elec Break', 'Elec Boost', 'Marakunda']
['Repel Dark', 'Mind Charge', 'Elec Break', 'Zio', 'Marakunda']
['High Counter', 'Marakunda', 'Elec Boost', 'Auto-Tarukaja', 'Victory Cry']
['Elec Boost', 'Charmdi', 'Absorb Slash', 'Mind Charge', 'Auto-Tarukaja']
['Auto-Tarukaja', 'Spell Master', 'Zio', 'Mind Charge', 'Elec Break']
['Spell Master', 'Absorb Slash', 'High Counter', 'Elec Boost', 'Marakunda']
['Charmdi', 'Auto-Tarukaja', 'Elec Boost', 'Mind Charge', 'Zio']
['Auto-Tarukaja', 'High Counter', 'Spell Master', 'Marakunda', 'Elec Boost']
['Marakunda', 'Auto-Tarukaja', 'Elec Break', 'Charmdi', 'Victory Cry']
['Mind Charge', 'Marakunda', 'High Counter', 'Elec Break', 'Zio']
['Elec Break', 'Elec Boost', 'Charmdi', 'Mazio', 'Auto-Tarukaja']
['Elec Boost', 'Marakunda', 'Mind Charge', 'Charmdi', 'Auto-Tarukaja']
['Mazio', 'Auto-Tarukaja', 'High Counter', 'Repel Dark', 'Marakunda']
['Absorb Slash', 'High Counter', 'Mazio', 'Auto-Tarukaja', 'Repel Dark']
['Mind Charge', 'Elec Break', 'High Counter', 'Marakunda', 'Spell Master']
['Zio', 'Mind Charge', 'Elec Boost', 'Charmdi', 'Spell Master']
['Repel Dark', 'Absorb Slash', 'Marakunda', 'Auto-Tarukaja', 'Salvation']
['Marakunda', 'Repel Dark', 'Elec Boost', 'High Counter', 'Victory Cry']
['Marakunda', 'Mind Charge', 'Elec Boost', 'Charmdi', 'Victory Cry']
['Charmdi', 'High Counter', 'Mazio', 'Repel Dark', 'Elec Boost']
['Mazio', 'Elec Boost', 'Elec Break', 'Marakunda', 'Charmdi']
['Auto-Tarukaja', 'Charmdi', 'Elec Boost', 'Marakunda', 'Elec Break']
['Marakunda', 'Absorb Slash', 'Mind Charge', 'Spell Master', 'Elec Break']
['Elec Boost', 'Zio', 'Absorb Slash', 'Salvation', 'Charmdi']
['Mind Charge', 'Marakunda', 'Auto-Tarukaja', 'Charmdi', 'Elec Break']
['Spirit Drain', 'Charmdi', 'Spell Master', 'Zio', 'Marakunda']
['Charmdi', 'Elec Boost', 'Elec Break', 'Mind Charge', 'Auto-Tarukaja']
['Repel Dark', 'Mind Charge', 'Auto-Tarukaja', 'Elec Break', 'Charmdi']
['Marakunda', 'Repel Dark', 'Elec Boost', 'Charmdi', 'Elec Break']
['High Counter', 'Victory Cry', 'Elec Boost', 'Charmdi', 'Salvation']
['Elec Boost', 'Mind Charge', 'Mazio', 'Repel Dark', 'Charmdi']
['Elec Break', 'Marakunda', 'Mind Charge', 'Spell Master', 'Elec Boost']
['Mind Charge', 'Elec Boost', 'Charmdi', 'Elec Break', 'High Counter']
['Elec Boost', 'High Counter', 'Spell Master', 'Mind Charge', 'Victory Cry']
['Mind Charge', 'High Counter', 'Zio', 'Mazio', 'Elec Boost']
['High Counter', 'Elec Boost', 'Salvation', 'Charmdi', 'Spell Master']
['Elec Boost', 'Marakunda', 'Charmdi', 'Spell Master', 'Auto-Tarukaja']
['Repel Dark', 'Charmdi', 'Salvation', 'Marakunda', 'Auto-Tarukaja']
['Charmdi', 'Zionga', 'Salvation', 'Victory Cry', 'Elec Boost']
['Mind Charge', 'Salvation', 'Charmdi', 'Elec Boost', 'Zio']
['Auto-Tarukaja', 'Charmdi', 'Mind Charge', 'Marakunda', 'Spirit Drain']
['Auto-Tarukaja', 'Absorb Slash', 'Elec Boost', 'Elec Break', 'Mazio']
['Charmdi', 'Elec Break', 'High Counter', 'Marakunda', 'Victory Cry']
['Elec Break', 'Auto-Tarukaja', 'Repel Dark', 'Mind Charge', 'Elec Boost']
['Repel Dark', 'Elec Boost', 'Zio', 'Charmdi', 'Elec Break']
['Elec Boost', 'Elec Break', 'Salvation', 'Auto-Tarukaja', 'Mind Charge']
['Zio', 'Auto-Tarukaja', 'Victory Cry', 'Spirit Drain', 'Elec Boost']
['Mind Charge', 'Repel Dark', 'Auto-Tarukaja', 'Charmdi', 'High Counter']
['Mazio', 'Charmdi', 'Elec Break', 'Salvation', 'High Counter']
['Salvation', 'Elec Break', 'Repel Dark', 'Zionga', 'Charmdi']
['Auto-Tarukaja', 'Charmdi', 'Zionga', 'Zio', 'Elec Break']
['Elec Boost', 'Spirit Drain', 'Auto-Tarukaja', 'Salvation', 'Zionga']
['Auto-Tarukaja', 'Mind Charge', 'Charmdi', 'Spell Master', 'Elec Break']
['Mind Charge', 'Charmdi', 'Mazio', 'Auto-Tarukaja', 'Salvation']
['Auto-Tarukaja', 'Charmdi', 'Mind Charge', 'High Counter', 'Spell Master']
['Repel Dark', 'Elec Boost', 'Spell Master', 'Auto-Tarukaja', 'Marakunda']
['Repel Dark', 'Spirit Drain', 'Victory Cry', 'Elec Break', 'Elec Boost']
['Zio', 'Charmdi', 'Zionga', 'High Counter', 'Auto-Tarukaja']
['Marakunda', 'Zionga', 'Charmdi', 'Salvation', 'Elec Break']
['Absorb Slash', 'Mazio', 'Spell Master', 'Charmdi', 'Auto-Tarukaja']
['Mind Charge', 'Auto-Tarukaja', 'High Counter', 'Charmdi', 'Repel Dark']
['Marakunda', 'Auto-Tarukaja', 'Charmdi', 'Elec Break', 'Elec Boost']
['Victory Cry', 'Elec Break', 'Elec Boost', 'Auto-Tarukaja', 'Mazio']
['Spirit Drain', 'Victory Cry', 'Absorb Slash', 'Zio', 'Charmdi']
['Victory Cry', 'Charmdi', 'Elec Break', 'Marakunda', 'Auto-Tarukaja']
['Elec Break', 'Spell Master', 'Elec Boost', 'Salvation', 'Spirit Drain']
['Charmdi', 'Spell Master', 'Auto-Tarukaja', 'Zionga', 'Marakunda']
['Charmdi', 'Zio', 'Elec Boost', 'Mind Charge', 'High Counter']
['Marakunda', 'Zio', 'Mazio', 'Auto-Tarukaja', 'Megido']
['Elec Boost', 'Mind Charge', 'Auto-Tarukaja', 'Charmdi', 'High Counter']
['Charmdi', 'Spell Master', 'Elec Break', 'Elec Boost', 'Auto-Tarukaja']
['Victory Cry', 'Elec Boost', 'High Counter', 'Elec Break', 'Mazio']
['Elec Break', 'Elec Boost', 'Charmdi', 'Auto-Tarukaja', 'Mind Charge']
['Charmdi', 'Elec Boost', 'Marakunda', 'Auto-Tarukaja', 'Mind Charge']
['Charmdi', 'Elec Boost', 'Zionga', 'Spell Master', 'Elec Break']
['High Counter', 'Elec Break', 'Charmdi', 'Repel Dark', 'Zio']
['Salvation', 'Charmdi', 'Victory Cry', 'High Counter', 'Zio']
['Elec Break', 'Marakunda', 'Mind Charge', 'Zio', 'High Counter']
['Repel Dark', 'Elec Boost', 'Auto-Tarukaja', 'High Counter', 'Mazio']
['Elec Boost', 'Salvation', 'Marakunda', 'Mind Charge', 'Victory Cry']
['Elec Break', 'Charmdi', 'Elec Boost', 'Mind Charge', 'Zio']
['Auto-Tarukaja', 'Victory Cry', 'Spirit Drain', 'Salvation', 'Elec Boost']
['Charmdi', 'Repel Dark', 'Elec Boost', 'Elec Break', 'Zio']
['Spell Master', 'Auto-Tarukaja', 'Elec Break', 'Mind Charge', 'Charmdi']
['Zio', 'Charmdi', 'Mind Charge', 'Elec Break', 'Victory Cry']
['Repel Dark', 'Mind Charge', 'Zio', 'Salvation', 'Charmdi']
['Spell Master', 'Elec Boost', 'Repel Dark', 'Charmdi', 'Auto-Tarukaja']
['Charmdi', 'Elec Boost', 'High Counter', 'Zio', 'Marakunda']
['Elec Break', 'Victory Cry', 'Spell Master', 'Mind Charge', 'High Counter']
['Charmdi', 'Marakunda', 'Elec Boost', 'Mazio', 'Repel Dark']
['Elec Break', 'High Counter', 'Mind Charge', 'Elec Boost', 'Salvation']
['Charmdi', 'Salvation', 'Elec Break', 'Elec Boost', 'Mazio']
['Elec Boost', 'Elec Break', 'High Counter', 'Absorb Slash', 'Zio']
['Elec Break', 'Zio', 'Auto-Tarukaja', 'Salvation', 'Mind Charge']
['Elec Boost', 'Spell Master', 'Charmdi', 'Zionga', 'Auto-Tarukaja']
['Auto-Tarukaja', 'Charmdi', 'High Counter', 'Spell Master', 'Mind Charge']
['Charmdi', 'Elec Break', 'Marakunda', 'Repel Dark', 'Elec Boost']
['Elec Break', 'Charmdi', 'Auto-Tarukaja', 'Mazio', 'Spell Master']
['Elec Boost', 'Charmdi', 'Mind Charge', 'Auto-Tarukaja', 'Salvation']
['Zio', 'Salvation', 'Auto-Tarukaja', 'Elec Boost', 'Repel Dark']
['Salvation', 'Absorb Slash', 'Elec Boost', 'Mazio', 'Elec Break']
['Elec Break', 'Spirit Drain', 'High Counter', 'Elec Boost', 'Marakunda']
['Elec Break', 'High Counter', 'Absorb Slash', 'Zio', 'Charmdi']
['Spell Master', 'Charmdi', 'Victory Cry', 'Absorb Slash', 'Elec Boost']
['Elec Boost', 'Charmdi', 'Auto-Tarukaja', 'Absorb Slash', 'Mind Charge']
['Charmdi', 'High Counter', 'Elec Boost', 'Mazio', 'Elec Break']
['Marakunda', 'Zio', 'Victory Cry', 'Auto-Tarukaja', 'Salvation']
['Auto-Tarukaja', 'Marakunda', 'Elec Boost', 'Elec Break', 'Repel Dark']
['Marakunda', 'Elec Boost', 'Charmdi', 'Mind Charge', 'Auto-Tarukaja']
['Mind Charge', 'Absorb Slash', 'Elec Boost', 'Victory Cry', 'Repel Dark']
['Marakunda', 'Zio', 'Spell Master', 'Charmdi', 'Repel Dark']
['Charmdi', 'Repel Dark', 'Marakunda', 'Mind Charge', 'Elec Boost']
['Elec Break', 'Mind Charge', 'Repel Dark', 'Elec Boost', 'Charmdi']
['Charmdi', 'Auto-Tarukaja', 'Elec Boost', 'Marakunda', 'High Counter']
['Elec Boost', 'Auto-Tarukaja', 'Zio', 'Mazio', 'High Counter']
['Elec Boost', 'Elec Break', 'Charmdi', 'Zio', 'Mind Charge']
['Salvation', 'Elec Boost', 'Spirit Drain', 'Marakunda', 'Elec Break']
['Charmdi', 'Marakunda', 'Auto-Tarukaja', 'Elec Boost', 'Zio']
['Auto-Tarukaja', 'Elec Break', 'High Counter', 'Spell Master', 'Repel Dark']
['Spirit Drain', 'Elec Boost', 'Salvation', 'Absorb Slash', 'Elec Break']
['Charmdi', 'Mind Charge', 'Spell Master', 'High Counter', 'Megido']
['Marakunda', 'Auto-Tarukaja', 'Mind Charge', 'Elec Boost', 'Zio']
['Victory Cry', 'Zio', 'Elec Boost', 'Auto-Tarukaja', 'Mind Charge']
['Elec Break', 'High Counter', 'Elec Boost', 'Mind Charge', 'Absorb Slash']
['Mind Charge', 'Charmdi', 'Salvation', 'Repel Dark', 'Elec Boost']
['Auto-Tarukaja', 'Elec Boost', 'Charmdi', 'Mind Charge', 'Marakunda']
['Charmdi', 'Marakunda', 'Auto-Tarukaja', 'Victory Cry', 'Mazio']
['Elec Boost', 'Repel Dark', 'Auto-Tarukaja', 'Megido', 'Marakunda']
['Elec Break', 'Charmdi', 'Marakunda', 'Salvation', 'Repel Dark']
['Victory Cry', 'Charmdi', 'Morning Star', 'Auto-Tarukaja', 'Elec Break']
['Elec Boost', 'Auto-Tarukaja', 'Charmdi', 'Zionga', 'Repel Dark']
['Auto-Tarukaja', 'Marakunda', 'Charmdi', 'High Counter', 'Elec Boost']
['Elec Break', 'Charmdi', 'Absorb Slash', 'Elec Boost', 'Auto-Tarukaja']
['Mind Charge', 'High Counter', 'Elec Break', 'Elec Boost', 'Charmdi']
['Victory Cry', 'Charmdi', 'Mind Charge', 'Elec Break', 'High Counter']
['Mazio', 'Elec Boost', 'Zio', 'Absorb Slash', 'Repel Dark']
['Charmdi', 'Elec Break', 'Victory Cry', 'Elec Boost', 'Auto-Tarukaja']
['Spell Master', 'High Counter', 'Charmdi', 'Elec Boost', 'Zio']
['Elec Boost', 'Elec Break', 'Mind Charge', 'Repel Dark', 'Charmdi']
['Spirit Drain', 'High Counter', 'Charmdi', 'Auto-Tarukaja', 'Zio']
['Charmdi', 'Spell Master', 'Zio', 'Elec Break', 'High Counter']
['Spell Master', 'Zionga', 'Elec Boost', 'Victory Cry', 'Zio']
['Marakunda', 'Elec Boost', 'Mind Charge', 'Mazio', 'Absorb Slash']
['Salvation', 'Elec Boost', 'Auto-Tarukaja', 'Victory Cry', 'Megido']
['Auto-Tarukaja', 'Charmdi', 'Elec Break', 'High Counter', 'Absorb Slash']
['Zio', 'Victory Cry', 'Marakunda', 'Charmdi', 'Elec Boost']
['High Counter', 'Marakunda', 'Zio', 'Elec Break', 'Mind Charge']
['Auto-Tarukaja', 'Elec Boost', 'Victory Cry', 'Charmdi', 'Repel Dark']
['Auto-Tarukaja', 'Elec Break', 'Mind Charge', 'Elec Boost', 'Charmdi']
['Spell Master', 'Charmdi', 'Elec Boost', 'Elec Break', 'Morning Star']
['Auto-Tarukaja', 'Elec Boost', 'Zio', 'Repel Dark', 'Marakunda']
['Auto-Tarukaja', 'Elec Break', 'Marakunda', 'High Counter', 'Elec Boost']
['Salvation', 'Marakunda', 'Repel Dark', 'Elec Break', 'Auto-Tarukaja']
['Zio', 'Zionga', 'Charmdi', 'Spell Master', 'Elec Boost']
['Charmdi', 'Repel Dark', 'Elec Boost', 'Zio', 'Zionga']
['Elec Boost', 'Mind Charge', 'Charmdi', 'Spirit Drain', 'Megido']
['Zio', 'Auto-Tarukaja', 'Elec Break', 'Spirit Drain', 'Megido']
['Elec Boost', 'Marakunda', 'Mazio', 'Charmdi', 'Elec Break']
['Elec Boost', 'Marakunda', 'Repel Dark', 'Elec Break', 'Zio']
['Marakunda', 'Victory Cry', 'Auto-Tarukaja', 'Zionga', 'Spell Master']
['High Counter', 'Auto-Tarukaja', 'Elec Boost', 'Marakunda', 'Salvation']
['Absorb Slash', 'Elec Boost', 'High Counter', 'Elec Break', 'Victory Cry']
['Repel Dark', 'Marakunda', 'Mazio', 'Charmdi', 'Elec Boost']
['Zionga', 'Mind Charge', 'Elec Break', 'Spirit Drain', 'Charmdi']
['Elec Boost', 'Mind Charge', 'Auto-Tarukaja', 'Spell Master', 'Charmdi']
['Mind Charge', 'Zio', 'Spirit Drain', 'Repel Dark', 'Elec Break']
['Mind Charge', 'Auto-Tarukaja', 'Charmdi', 'Elec Boost', 'Mazio']
['Mind Charge', 'Auto-Tarukaja', 'High Counter', 'Megido', 'Elec Boost']
['Elec Boost', 'Elec Break', 'Marakunda', 'Mazio', 'Mind Charge']
['Elec Boost', 'Zio', 'High Counter', 'Charmdi', 'Auto-Tarukaja']
['Repel Dark', 'Auto-Tarukaja', 'Marakunda', 'Elec Break', 'Elec Boost']
['Mind Charge', 'Elec Break', 'Charmdi', 'Absorb Slash', 'Zio']
['Zio', 'Auto-Tarukaja', 'Elec Break', 'Elec Boost', 'Charmdi']
['Victory Cry', 'Zionga', 'Elec Break', 'Repel Dark', 'Elec Boost']
['Marakunda', 'Repel Dark', 'Zio', 'Auto-Tarukaja', 'Elec Break']
['Charmdi', 'Repel Dark', 'Elec Boost', 'Elec Break', 'Marakunda']
['Marakunda', 'High Counter', 'Charmdi', 'Elec Boost', 'Mind Charge']
['Repel Dark', 'Mazio', 'Elec Boost', 'Mind Charge', 'Charmdi']
['Absorb Slash', 'Elec Boost', 'Charmdi', 'Repel Dark', 'Elec Break']
['Auto-Tarukaja', 'Repel Dark', 'Mind Charge', 'Elec Boost', 'Charmdi']
['Zio', 'Mazio', 'Charmdi', 'Elec Boost', 'Mind Charge']
['Zio', 'Elec Boost', 'Charmdi', 'Mind Charge', 'Marakunda']
['Repel Dark', 'Spell Master', 'Elec Boost', 'Charmdi', 'Auto-Tarukaja']
['Repel Dark', 'Absorb Slash', 'High Counter', 'Auto-Tarukaja', 'Charmdi']
['Charmdi', 'Elec Break', 'Elec Boost', 'Mind Charge', 'Zio']
['Auto-Tarukaja', 'Victory Cry', 'Mind Charge', 'Charmdi', 'Marakunda']
['Salvation', 'Zio', 'Repel Dark', 'Mazio', 'Auto-Tarukaja']
['Zio', 'Marakunda', 'Zionga', 'Absorb Slash', 'Charmdi']
['Elec Boost', 'Elec Break', 'Victory Cry', 'Charmdi', 'Marakunda']
['Charmdi', 'Auto-Tarukaja', 'Victory Cry', 'Zio', 'Elec Boost']
['Salvation', 'Victory Cry', 'High Counter', 'Mind Charge', 'Mazio']
['Zio', 'Elec Boost', 'Elec Break', 'Marakunda', 'Megido']
['Zio', 'Elec Boost', 'Charmdi', 'Absorb Slash', 'Elec Break']
['Zionga', 'Auto-Tarukaja', 'Elec Boost', 'Absorb Slash', 'Elec Break']
['Mind Charge', 'Spirit Drain', 'High Counter', 'Charmdi', 'Marakunda']
['Absorb Slash', 'Elec Boost', 'Morning Star', 'Charmdi', 'Auto-Tarukaja']
['High Counter', 'Elec Break', 'Charmdi', 'Zionga', 'Salvation']
['Spirit Drain', 'Mazio', 'Charmdi', 'Absorb Slash', 'Victory Cry']
['Spell Master', 'Zio', 'Marakunda', 'Mind Charge', 'Elec Boost']
['Marakunda', 'Mind Charge', 'Spell Master', 'Charmdi', 'Victory Cry']
['Auto-Tarukaja', 'Absorb Slash', 'Charmdi', 'High Counter', 'Mazio']
['High Counter', 'Auto-Tarukaja', 'Zio', 'Mind Charge', 'Charmdi']
['Marakunda', 'Charmdi', 'Mazio', 'Absorb Slash', 'Zionga']
['High Counter', 'Elec Boost', 'Mind Charge', 'Marakunda', 'Auto-Tarukaja']
['Marakunda', 'Megido', 'Elec Boost', 'Zio', 'Mazio']
['Charmdi', 'Victory Cry', 'Absorb Slash', 'Elec Boost', 'Auto-Tarukaja']
['Absorb Slash', 'Salvation', 'Mazio', 'Mind Charge', 'Repel Dark']
['Zio', 'Elec Break', 'Mind Charge', 'Elec Boost', 'Charmdi']
['Mazio', 'Charmdi', 'High Counter', 'Auto-Tarukaja', 'Elec Boost']
['Mind Charge', 'Marakunda', 'Elec Boost', 'Zio', 'Auto-Tarukaja']
['Marakunda', 'Repel Dark', 'Zio', 'Auto-Tarukaja', 'Elec Boost']
['High Counter', 'Absorb Slash', 'Elec Boost', 'Repel Dark', 'Charmdi']
['Elec Boost', 'Elec Break', 'Auto-Tarukaja', 'Charmdi', 'Mind Charge']
['Mazio', 'Elec Boost', 'Mind Charge', 'Absorb Slash', 'Zio']
['Megido', 'High Counter', 'Elec Boost', 'Charmdi', 'Absorb Slash']
['Elec Boost', 'Repel Dark', 'Auto-Tarukaja', 'Elec Break', 'Marakunda']
['Charmdi', 'Marakunda', 'Mind Charge', 'High Counter', 'Elec Boost']
['High Counter', 'Elec Boost', 'Mind Charge', 'Mazio', 'Zio']
['Auto-Tarukaja', 'Marakunda', 'Zio', 'Elec Break', 'Charmdi']
['Auto-Tarukaja', 'Elec Boost', 'Spell Master', 'Repel Dark', 'Charmdi']
['Victory Cry', 'Charmdi', 'Mind Charge', 'Elec Break', 'Elec Boost']
['Charmdi', 'Auto-Tarukaja', 'Victory Cry', 'Marakunda', 'Mind Charge']
['High Counter', 'Salvation', 'Charmdi', 'Marakunda', 'Mind Charge']
['Marakunda', 'Mind Charge', 'High Counter', 'Zio', 'Auto-Tarukaja']
['Auto-Tarukaja', 'Repel Dark', 'Elec Boost', 'Zionga', 'Elec Break']
['Charmdi', 'Elec Break', 'Victory Cry', 'Zio', 'High Counter']
['High Counter', 'Charmdi', 'Megido', 'Auto-Tarukaja', 'Marakunda']
['Elec Break', 'Charmdi', 'Zio', 'Victory Cry', 'Elec Boost']
['Spirit Drain', 'Zio', 'Spell Master', 'Marakunda', 'Elec Break']
['Salvation', 'Mind Charge', 'Repel Dark', 'Elec Boost', 'Auto-Tarukaja']
['Mind Charge', 'Victory Cry', 'Elec Boost', 'Marakunda', 'Charmdi']
['Mind Charge', 'Charmdi', 'Elec Boost', 'High Counter', 'Marakunda']
['Absorb Slash', 'Mind Charge', 'Repel Dark', 'Zio', 'Auto-Tarukaja']
['Zio', 'Charmdi', 'Elec Boost', 'Repel Dark', 'Absorb Slash']
['Spirit Drain', 'Elec Break', 'Mazio', 'Charmdi', 'Repel Dark']
['Salvation', 'Zionga', 'Zio', 'Elec Boost', 'Absorb Slash']
['Elec Boost', 'Salvation', 'Zio', 'Elec Break', 'High Counter']
['Spirit Drain', 'Elec Boost', 'High Counter', 'Salvation', 'Zio']
['Auto-Tarukaja', 'Zio', 'Elec Boost', 'Mind Charge', 'Morning Star']
['Elec Break', 'Charmdi', 'Mind Charge', 'Salvation', 'Marakunda']
['High Counter', 'Elec Boost', 'Mind Charge', 'Charmdi', 'Zio']
['Elec Boost', 'Mind Charge', 'Salvation', 'Charmdi', 'Elec Break']
['Elec Boost', 'Mazio', 'Marakunda', 'Auto-Tarukaja', 'Charmdi']
['Elec Break', 'Elec Boost', 'Absorb Slash', 'Charmdi', 'Victory Cry']
['Absorb Slash', 'Victory Cry', 'Spirit Drain', 'Spell Master', 'Elec Boost']
['Elec Break', 'Charmdi', 'Elec Boost', 'Spell Master', 'Marakunda']
['High Counter', 'Charmdi', 'Auto-Tarukaja', 'Zionga', 'Elec Boost']
['Charmdi', 'High Counter', 'Auto-Tarukaja', 'Spell Master', 'Elec Boost']
['Elec Boost', 'Repel Dark', 'Zio', 'Absorb Slash', 'Charmdi']
['Mind Charge', 'Mazio', 'Repel Dark', 'Absorb Slash', 'Charmdi']
['Charmdi', 'High Counter', 'Spell Master', 'Auto-Tarukaja', 'Elec Boost']
['Elec Break', 'Charmdi', 'Elec Boost', 'Salvation', 'Mind Charge']
['Elec Break', 'Charmdi', 'Elec Boost', 'Victory Cry', 'Zio']
['Mind Charge', 'High Counter', 'Marakunda', 'Elec Boost', 'Zio']
['High Counter', 'Elec Boost', 'Mind Charge', 'Charmdi', 'Absorb Slash']
['Elec Break', 'Spell Master', 'Elec Boost', 'Auto-Tarukaja', 'Zio']
['Marakunda', 'Megido', 'Spirit Drain', 'Charmdi', 'Mazio']
['Repel Dark', 'Salvation', 'Elec Break', 'Mazio', 'Mind Charge']
['Salvation', 'Auto-Tarukaja', 'Absorb Slash', 'Mazio', 'Charmdi']
['Elec Boost', 'Mind Charge', 'Auto-Tarukaja', 'Marakunda', 'Absorb Slash']
['Elec Boost', 'Auto-Tarukaja', 'Elec Break', 'Spell Master', 'Salvation']
['Zio', 'Elec Boost', 'Repel Dark', 'Mazio', 'Auto-Tarukaja']
['Charmdi', 'Auto-Tarukaja', 'Elec Boost', 'Marakunda', 'Zio']
['Elec Boost', 'Mazio', 'Marakunda', 'Charmdi', 'Zionga']
['Mind Charge', 'Zionga', 'Charmdi', 'Elec Boost', 'Marakunda']
['Marakunda', 'Auto-Tarukaja', 'Charmdi', 'Salvation', 'Spell Master']
['Elec Boost', 'Zio', 'Mind Charge', 'Elec Break', 'High Counter']
['Charmdi', 'Salvation', 'Zio', 'Spell Master', 'Auto-Tarukaja']
['Repel Dark', 'Charmdi', 'Elec Break', 'Elec Boost', 'Megido']
['Mazio', 'Auto-Tarukaja', 'Morning Star', 'High Counter', 'Spell Master']
['Marakunda', 'Elec Boost', 'Charmdi', 'Elec Break', 'Megido']
['Victory Cry', 'Zio', 'Elec Boost', 'Repel Dark', 'Spell Master']
['Auto-Tarukaja', 'Charmdi', 'Mind Charge', 'Spirit Drain', 'Mazio']
['Elec Break', 'Charmdi', 'Victory Cry', 'Spirit Drain', 'Mind Charge']
['Mazio', 'Elec Break', 'Repel Dark', 'Charmdi', 'Absorb Slash']
['Auto-Tarukaja', 'Repel Dark', 'Charmdi', 'Elec Boost', 'Marakunda']
['Zio', 'Victory Cry', 'Elec Break', 'High Counter', 'Mind Charge']
['Elec Break', 'High Counter', 'Victory Cry', 'Auto-Tarukaja', 'Marakunda']
['High Counter', 'Victory Cry', 'Zionga', 'Mazio', 'Marakunda']
['Absorb Slash', 'Elec Boost', 'Spell Master', 'Zionga', 'Elec Break']
['Salvation', 'Elec Break', 'Mind Charge', 'Auto-Tarukaja', 'Victory Cry']
['Marakunda', 'Repel Dark', 'Auto-Tarukaja', 'Elec Boost', 'High Counter']
['Elec Boost', 'Salvation', 'Charmdi', 'Elec Break', 'Zionga']
['Spirit Drain', 'Auto-Tarukaja', 'Marakunda', 'Victory Cry', 'Absorb Slash']
['Marakunda', 'High Counter', 'Spirit Drain', 'Mazio', 'Elec Break']
['Victory Cry', 'Charmdi', 'High Counter', 'Spirit Drain', 'Spell Master']
['Absorb Slash', 'Mind Charge', 'Auto-Tarukaja', 'Zio', 'Charmdi']
['Elec Boost', 'Salvation', 'Charmdi', 'Zio', 'Repel Dark']
['Zionga', 'Elec Break', 'Zio', 'Victory Cry', 'Elec Boost']
['Elec Break', 'Auto-Tarukaja', 'Elec Boost', 'High Counter', 'Repel Dark']
['Absorb Slash', 'Zio', 'Auto-Tarukaja', 'Marakunda', 'Charmdi']
['High Counter', 'Charmdi', 'Elec Break', 'Zio', 'Auto-Tarukaja']
['Charmdi', 'Salvation', 'Absorb Slash', 'Mind Charge', 'Mazio']
['Zio', 'Mind Charge', 'Charmdi', 'Elec Boost', 'Elec Break']
['Charmdi', 'Elec Boost', 'Marakunda', 'Salvation', 'Repel Dark']
['Marakunda', 'High Counter', 'Zio', 'Auto-Tarukaja', 'Elec Break']
['Auto-Tarukaja', 'Charmdi', 'Marakunda', 'Absorb Slash', 'Repel Dark']
['Charmdi', 'High Counter', 'Auto-Tarukaja', 'Zio', 'Mind Charge']
['Victory Cry', 'Elec Boost', 'Auto-Tarukaja', 'High Counter', 'Marakunda']
['Elec Boost', 'Spell Master', 'Zio', 'Charmdi', 'Auto-Tarukaja']
['Elec Boost', 'Marakunda', 'Charmdi', 'Victory Cry', 'High Counter']
['Victory Cry', 'Auto-Tarukaja', 'High Counter', 'Mind Charge', 'Charmdi']
['Spell Master', 'Elec Boost', 'Elec Break', 'Mind Charge', 'Repel Dark']
['Mind Charge', 'Elec Break', 'Spell Master', 'Elec Boost', 'Spirit Drain']
['Charmdi', 'Elec Boost', 'Mind Charge', 'Auto-Tarukaja', 'High Counter']
['Mazio', 'Salvation', 'Zionga', 'Mind Charge', 'Charmdi']
['Salvation', 'Charmdi', 'High Counter', 'Auto-Tarukaja', 'Mind Charge']
['Elec Boost', 'Megido', 'High Counter', 'Absorb Slash', 'Charmdi']
['Zio', 'Absorb Slash', 'Repel Dark', 'Charmdi', 'Spell Master']
['Elec Boost', 'Zio', 'Mind Charge', 'Marakunda', 'Charmdi']
['Auto-Tarukaja', 'Zionga', 'Elec Break', 'Marakunda', 'Charmdi']
['Zio', 'Auto-Tarukaja', 'Spell Master', 'Absorb Slash', 'Repel Dark']
['Elec Break', 'Marakunda', 'Mind Charge', 'Repel Dark', 'Elec Boost']
['Elec Boost', 'Repel Dark', 'Elec Break', 'Spirit Drain', 'Charmdi']
['Charmdi', 'Auto-Tarukaja', 'Elec Boost', 'Zio', 'High Counter']
['Zio', 'Marakunda', 'Elec Boost', 'Mazio', 'Mind Charge']
['Marakunda', 'Auto-Tarukaja', 'Zio', 'Elec Boost', 'Victory Cry']
['Megido', 'Zio', 'Repel Dark', 'Elec Break', 'Auto-Tarukaja']
['Charmdi', 'Zio', 'Auto-Tarukaja', 'Repel Dark', 'Salvation']
['Charmdi', 'Mind Charge', 'High Counter', 'Salvation', 'Marakunda']
['Marakunda', 'Victory Cry', 'Mind Charge', 'Repel Dark', 'Auto-Tarukaja']
['Charmdi', 'Elec Break', 'High Counter', 'Mazio', 'Repel Dark']
['Charmdi', 'Absorb Slash', 'Spirit Drain', 'Repel Dark', 'Salvation']
['High Counter', 'Auto-Tarukaja', 'Spell Master', 'Charmdi', 'Zionga']
['Elec Break', 'High Counter', 'Victory Cry', 'Auto-Tarukaja', 'Spell Master']
['Elec Boost', 'Marakunda', 'Elec Break', 'Repel Dark', 'Mazio']
['Elec Boost', 'Megido', 'Zionga', 'Charmdi', 'Mind Charge']
['Elec Boost', 'Auto-Tarukaja', 'Salvation', 'Absorb Slash', 'Mind Charge']
['Elec Break', 'Repel Dark', 'Megido', 'High Counter', 'Elec Boost']
['Auto-Tarukaja', 'Charmdi', 'Mazio', 'Zio', 'Elec Break']
['Elec Break', 'Elec Boost', 'Salvation', 'Charmdi', 'Marakunda']
['Megido', 'Spirit Drain', 'Charmdi', 'Spell Master', 'Repel Dark']
['Repel Dark', 'Charmdi', 'Mind Charge', 'High Counter', 'Elec Break']
['Salvation', 'Auto-Tarukaja', 'Victory Cry', 'Repel Dark', 'Elec Boost']
['Charmdi', 'Marakunda', 'Zio', 'Auto-Tarukaja', 'Elec Break']
['Absorb Slash', 'Charmdi', 'Elec Break', 'Zio', 'Marakunda']
['Elec Boost', 'Repel Dark', 'Elec Break', 'Spell Master', 'Mind Charge']
['Mind Charge', 'Spell Master', 'Elec Boost', 'Charmdi', 'Zio']
['Mind Charge', 'Auto-Tarukaja', 'High Counter', 'Spirit Drain', 'Elec Break']
['Charmdi', 'Elec Boost', 'Zio', 'Victory Cry', 'Mind Charge']
['Mazio', 'Charmdi', 'Elec Boost', 'Zio', 'Elec Break']
['Victory Cry', 'Absorb Slash', 'Elec Boost', 'High Counter', 'Elec Break']
['Mazio', 'Charmdi', 'Elec Boost', 'Absorb Slash', 'High Counter']
['Charmdi', 'High Counter', 'Marakunda', 'Repel Dark', 'Absorb Slash']
['Spirit Drain', 'Charmdi', 'Auto-Tarukaja', 'Mazio', 'Elec Boost']
['Charmdi', 'Absorb Slash', 'Elec Break', 'Marakunda', 'Spell Master']
['Zio', 'Zionga', 'Auto-Tarukaja', 'Mazio', 'Mind Charge']
['Marakunda', 'Spell Master', 'High Counter', 'Absorb Slash', 'Charmdi']
['Elec Boost', 'Absorb Slash', 'Mazio', 'Zio', 'Auto-Tarukaja']
['Elec Boost', 'Charmdi', 'Repel Dark', 'Absorb Slash', 'Auto-Tarukaja']
['Auto-Tarukaja', 'Elec Boost', 'Elec Break', 'Zio', 'Charmdi']
['Charmdi', 'High Counter', 'Elec Boost', 'Elec Break', 'Absorb Slash']
['Elec Break', 'Victory Cry', 'Charmdi', 'Auto-Tarukaja', 'Marakunda']
['Elec Break', 'Charmdi', 'Mind Charge', 'Auto-Tarukaja', 'Zio']
['Auto-Tarukaja', 'Charmdi', 'Elec Boost', 'Marakunda', 'Mind Charge']
['Elec Boost', 'Mind Charge', 'Repel Dark', 'Charmdi', 'Auto-Tarukaja']
['Mazio', 'Elec Break', 'Zionga', 'Elec Boost', 'Auto-Tarukaja']
['Repel Dark', 'Victory Cry', 'Auto-Tarukaja', 'Elec Boost', 'Zio']
['Charmdi', 'Mind Charge', 'High Counter', 'Victory Cry', 'Absorb Slash']
['Elec Break', 'Auto-Tarukaja', 'Mind Charge', 'Charmdi', 'Salvation']
['Charmdi', 'Marakunda', 'Zio', 'Elec Break', 'Elec Boost']
['Elec Boost', 'Marakunda', 'Elec Break', 'High Counter', 'Repel Dark']
['Zio', 'Salvation', 'Spell Master', 'Marakunda', 'Auto-Tarukaja']
['Spirit Drain', 'Elec Break', 'Auto-Tarukaja', 'Absorb Slash', 'Charmdi']
['Charmdi', 'Victory Cry', 'Elec Boost', 'Marakunda', 'Repel Dark']
['Spirit Drain', 'Marakunda', 'Auto-Tarukaja', 'High Counter', 'Charmdi']
['Charmdi', 'Absorb Slash', 'Elec Boost', 'Marakunda', 'Salvation']
['Absorb Slash', 'Marakunda', 'Mind Charge', 'Elec Boost', 'Victory Cry']
['Charmdi', 'Mind Charge', 'Zio', 'Repel Dark', 'Salvation']
['Charmdi', 'Elec Boost', 'Mind Charge', 'Salvation', 'Spirit Drain']
['Zio', 'Mind Charge', 'Auto-Tarukaja', 'Mazio', 'Elec Boost']
['Marakunda', 'Auto-Tarukaja', 'Elec Boost', 'Charmdi', 'Salvation']
['Auto-Tarukaja', 'Charmdi', 'Marakunda', 'Repel Dark', 'Zionga']
['Charmdi', 'Marakunda', 'Victory Cry', 'Zio', 'Salvation']
['Marakunda', 'Charmdi', 'Auto-Tarukaja', 'Elec Boost', 'Spirit Drain']
['Megido', 'High Counter', 'Spirit Drain', 'Zio', 'Zionga']
['Elec Break', 'Spell Master', 'Repel Dark', 'High Counter', 'Charmdi']
['Absorb Slash', 'Repel Dark', 'Auto-Tarukaja', 'Marakunda', 'High Counter']
['Salvation', 'Elec Boost', 'Marakunda', 'High Counter', 'Zio']
['Elec Break', 'Repel Dark', 'Auto-Tarukaja', 'Mazio', 'Charmdi']
['Marakunda', 'Mazio', 'Mind Charge', 'Auto-Tarukaja', 'Repel Dark']
['Victory Cry', 'Repel Dark', 'Charmdi', 'Elec Boost', 'Mazio']
['Mind Charge', 'Mazio', 'Zionga', 'Charmdi', 'Elec Boost']
['Elec Boost', 'Marakunda', 'Mind Charge', 'Auto-Tarukaja', 'Absorb Slash']
['Elec Boost', 'Auto-Tarukaja', 'Victory Cry', 'Repel Dark', 'Charmdi']
['Auto-Tarukaja', 'Charmdi', 'Absorb Slash', 'Spell Master', 'Zionga']
['Elec Break', 'High Counter', 'Mind Charge', 'Absorb Slash', 'Elec Boost']
['Elec Boost', 'Elec Break', 'Zio', 'Charmdi', 'Spell Master']
['High Counter', 'Mazio', 'Charmdi', 'Victory Cry', 'Megido']
['Zio', 'Elec Break', 'Charmdi', 'Elec Boost', 'High Counter']
['Auto-Tarukaja', 'High Counter', 'Charmdi', 'Absorb Slash', 'Elec Boost']
['Elec Boost', 'Elec Break', 'Auto-Tarukaja', 'Charmdi', 'Mind Charge']
['Mazio', 'Auto-Tarukaja', 'Absorb Slash', 'Elec Break', 'Charmdi']
['High Counter', 'Salvation', 'Megido', 'Zio', 'Spell Master']
['Charmdi', 'Megido', 'Elec Boost', 'Victory Cry', 'High Counter']
['Marakunda', 'Elec Boost', 'Zio', 'Spell Master', 'Charmdi']
['Marakunda', 'Repel Dark', 'Megido', 'Charmdi', 'Mazio']
['Auto-Tarukaja', 'High Counter', 'Marakunda', 'Charmdi', 'Elec Boost']
['Mind Charge', 'Charmdi', 'Zio', 'Absorb Slash', 'Auto-Tarukaja']
['High Counter', 'Repel Dark', 'Elec Boost', 'Charmdi', 'Zio']
['High Counter', 'Elec Break', 'Absorb Slash', 'Auto-Tarukaja', 'Elec Boost']
['Zionga', 'Marakunda', 'Repel Dark', 'High Counter', 'Auto-Tarukaja']
['Charmdi', 'Elec Break', 'Mind Charge', 'Marakunda', 'Zionga']
['Spell Master', 'Mind Charge', 'Elec Boost', 'Charmdi', 'Marakunda']
['Spell Master', 'Elec Boost', 'Marakunda', 'Auto-Tarukaja', 'Mind Charge']
['Repel Dark', 'Elec Boost', 'Charmdi', 'Zio', 'Spell Master']
['Auto-Tarukaja', 'Marakunda', 'Elec Boost', 'Victory Cry', 'Charmdi']
['Repel Dark', 'Salvation', 'Auto-Tarukaja', 'Charmdi', 'Spell Master']
['Marakunda', 'Elec Boost', 'Salvation', 'Mazio', 'Elec Break']
['Auto-Tarukaja', 'Elec Boost', 'Zio', 'Mind Charge', 'Elec Break']
['Mind Charge', 'High Counter', 'Charmdi', 'Marakunda', 'Elec Break']
['Elec Boost', 'Marakunda', 'Charmdi', 'Victory Cry', 'Auto-Tarukaja']
['Charmdi', 'Zionga', 'Zio', 'Mind Charge', 'Absorb Slash']
['Zio', 'Elec Boost', 'Charmdi', 'Spirit Drain', 'Marakunda']
['Auto-Tarukaja', 'Charmdi', 'Mind Charge', 'Marakunda', 'Victory Cry']
['Absorb Slash', 'Elec Boost', 'High Counter', 'Charmdi', 'Morning Star']
['Elec Boost', 'Salvation', 'Zionga', 'Marakunda', 'Auto-Tarukaja']
['Marakunda', 'Elec Boost', 'Elec Break', 'Repel Dark', 'Absorb Slash']
['Mind Charge', 'Elec Boost', 'Marakunda', 'Auto-Tarukaja', 'Salvation']
['Charmdi', 'Zionga', 'High Counter', 'Zio', 'Elec Boost']
['Mind Charge', 'Zio', 'Charmdi', 'Marakunda', 'Auto-Tarukaja']
['High Counter', 'Zio', 'Marakunda', 'Charmdi', 'Auto-Tarukaja']
['Charmdi', 'Elec Break', 'Zio', 'Elec Boost', 'High Counter']
['Marakunda', 'Salvation', 'Charmdi', 'High Counter', 'Elec Boost']
['Charmdi', 'Auto-Tarukaja', 'High Counter', 'Salvation', 'Marakunda']
['Elec Break', 'Elec Boost', 'Zio', 'Victory Cry', 'Charmdi']
['Elec Break', 'Zio', 'Auto-Tarukaja', 'Salvation', 'Charmdi']
['Charmdi', 'Elec Boost', 'Auto-Tarukaja', 'Absorb Slash', 'Mazio']
['Elec Boost', 'Victory Cry', 'Elec Break', 'High Counter', 'Zio']
['Zio', 'Mazio', 'Spell Master', 'Elec Break', 'Salvation']
['Absorb Slash', 'Charmdi', 'Elec Break', 'Victory Cry', 'Salvation']
['Elec Boost', 'Auto-Tarukaja', 'Elec Break', 'Zionga', 'Zio']
['Mazio', 'High Counter', 'Zionga', 'Charmdi', 'Spell Master']
['High Counter', 'Elec Boost', 'Absorb Slash', 'Charmdi', 'Elec Break']
['Marakunda', 'Elec Boost', 'Elec Break', 'Spell Master', 'High Counter']
['Elec Boost', 'Repel Dark', 'Charmdi', 'Auto-Tarukaja', 'Salvation']
['Elec Boost', 'Zio', 'High Counter', 'Repel Dark', 'Elec Break']
['Marakunda', 'High Counter', 'Elec Boost', 'Zio', 'Mind Charge']
['Elec Break', 'Absorb Slash', 'Repel Dark', 'Zio', 'Charmdi']
['High Counter', 'Charmdi', 'Elec Boost', 'Zionga', 'Repel Dark']
['Spell Master', 'Mazio', 'Salvation', 'Elec Boost', 'Marakunda']
['Elec Boost', 'Elec Break', 'Charmdi', 'Absorb Slash', 'Salvation']
['Charmdi', 'Auto-Tarukaja', 'Repel Dark', 'Elec Boost', 'Spell Master']
['Marakunda', 'Charmdi', 'Elec Break', 'Auto-Tarukaja', 'High Counter']
['Auto-Tarukaja', 'Mazio', 'Elec Boost', 'Repel Dark', 'Marakunda']
['Zio', 'Spirit Drain', 'Charmdi', 'High Counter', 'Elec Break']
['Marakunda', 'Absorb Slash', 'Auto-Tarukaja', 'Charmdi', 'Repel Dark']
['Auto-Tarukaja', 'Elec Boost', 'Elec Break', 'Mazio', 'Charmdi']
['Repel Dark', 'Auto-Tarukaja', 'Absorb Slash', 'Victory Cry', 'Spirit Drain']
['Charmdi', 'Marakunda', 'Auto-Tarukaja', 'Absorb Slash', 'Zio']
['High Counter', 'Salvation', 'Elec Break', 'Charmdi', 'Mazio']
['Auto-Tarukaja', 'Mind Charge', 'Elec Break', 'Marakunda', 'Zio']
['Charmdi', 'Repel Dark', 'Zio', 'Mind Charge', 'Megido']
['Absorb Slash', 'Salvation', 'Auto-Tarukaja', 'Mind Charge', 'Charmdi']
['Zio', 'Charmdi', 'High Counter', 'Mazio', 'Mind Charge']
['Elec Break', 'Auto-Tarukaja', 'Charmdi', 'Repel Dark', 'Elec Boost']
['Zio', 'Auto-Tarukaja', 'Marakunda', 'Charmdi', 'High Counter']
['Repel Dark', 'Auto-Tarukaja', 'Morning Star', 'Elec Boost', 'Victory Cry']
['Marakunda', 'Elec Boost', 'Auto-Tarukaja', 'Spell Master', 'Salvation']
['Elec Break', 'Salvation', 'Auto-Tarukaja', 'Repel Dark', 'Charmdi']
['Repel Dark', 'Charmdi', 'Absorb Slash', 'Mind Charge', 'Elec Break']
['Elec Break', 'Absorb Slash', 'Zio', 'Elec Boost', 'Mind Charge']
['Marakunda', 'Charmdi', 'Zio', 'Victory Cry', 'Mind Charge']
['Charmdi', 'Elec Boost', 'Marakunda', 'Mind Charge', 'Repel Dark']
['Mind Charge', 'Charmdi', 'Zio', 'Marakunda', 'Elec Boost']
['Mind Charge', 'High Counter', 'Zionga', 'Marakunda', 'Charmdi']
['Charmdi', 'Marakunda', 'Elec Break', 'Victory Cry', 'Absorb Slash']
['Absorb Slash', 'Victory Cry', 'Auto-Tarukaja', 'Repel Dark', 'Marakunda']
['Charmdi', 'Megido', 'Repel Dark', 'Mind Charge', 'Auto-Tarukaja']
['Spell Master', 'Salvation', 'Elec Break', 'Auto-Tarukaja', 'Repel Dark']
['Charmdi', 'Elec Boost', 'Marakunda', 'Auto-Tarukaja', 'Mind Charge']
['Charmdi', 'Salvation', 'Auto-Tarukaja', 'Mind Charge', 'Repel Dark']
['Victory Cry', 'Elec Boost', 'Spell Master', 'Salvation', 'High Counter']
['Auto-Tarukaja', 'Charmdi', 'Repel Dark', 'Mind Charge', 'Marakunda']
['Auto-Tarukaja', 'Charmdi', 'Zio', 'Salvation', 'High Counter']
['Auto-Tarukaja', 'Marakunda', 'Mazio', 'Zionga', 'Charmdi']
['Marakunda', 'Auto-Tarukaja', 'Charmdi', 'Salvation', 'Repel Dark']
['Salvation', 'Zio', 'Absorb Slash', 'Charmdi', 'Elec Boost']
['Zionga', 'Charmdi', 'Elec Boost', 'Mind Charge', 'Repel Dark']
['Elec Boost', 'Spell Master', 'Repel Dark', 'Auto-Tarukaja', 'Zio']
['Marakunda', 'Charmdi', 'Auto-Tarukaja', 'Repel Dark', 'Zio']
['Marakunda', 'Mazio', 'Absorb Slash', 'High Counter', 'Salvation']
['Charmdi', 'Victory Cry', 'Repel Dark', 'Elec Boost', 'Auto-Tarukaja']
['Zionga', 'Elec Boost', 'High Counter', 'Auto-Tarukaja', 'Charmdi']
['Charmdi', 'Absorb Slash', 'Elec Break', 'Repel Dark', 'Mazio']
['Auto-Tarukaja', 'Zio', 'Elec Boost', 'Marakunda', 'Elec Break']
['Salvation', 'Mazio', 'Elec Boost', 'Zio', 'Auto-Tarukaja']
['Absorb Slash', 'High Counter', 'Repel Dark', 'Mind Charge', 'Elec Break']
['Marakunda', 'Elec Boost', 'Elec Break', 'Zionga', 'Zio']
['Elec Boost', 'Repel Dark', 'Elec Break', 'Charmdi', 'Zio']
['Salvation', 'Elec Boost', 'Auto-Tarukaja', 'Marakunda', 'Zio']
['Repel Dark', 'Elec Boost', 'Mind Charge', 'Elec Break', 'Charmdi']
['Mind Charge', 'Victory Cry', 'High Counter', 'Spell Master', 'Absorb Slash']
['Elec Boost', 'Charmdi', 'Marakunda', 'High Counter', 'Zionga']
['Megido', 'Marakunda', 'Victory Cry', 'Elec Break', 'Salvation']
['Marakunda', 'Absorb Slash', 'Mind Charge', 'Elec Boost', 'Zio']
['Elec Break', 'Megido', 'Marakunda', 'Elec Boost', 'Zio']
['Victory Cry', 'Charmdi', 'High Counter', 'Megido', 'Marakunda']
['Marakunda', 'Mind Charge', 'Auto-Tarukaja', 'Elec Break', 'Charmdi']
['Auto-Tarukaja', 'Charmdi', 'Repel Dark', 'Absorb Slash', 'Salvation']
['Mazio', 'Elec Break', 'Victory Cry', 'High Counter', 'Elec Boost']
['Elec Boost', 'Mind Charge', 'Zionga', 'Elec Break', 'Spell Master']
['Marakunda', 'Absorb Slash', 'Salvation', 'Zio', 'Victory Cry']
['Charmdi', 'Zio', 'High Counter', 'Elec Boost', 'Zionga']
['Zionga', 'Zio', 'Auto-Tarukaja', 'Charmdi', 'Marakunda']
['Victory Cry', 'Elec Boost', 'Charmdi', 'Zio', 'Spell Master']
['Elec Boost', 'Spirit Drain', 'Mind Charge', 'Elec Break', 'Auto-Tarukaja']
['Charmdi', 'Elec Boost', 'Absorb Slash', 'Marakunda', 'Victory Cry']
['Elec Break', 'Charmdi', 'Repel Dark', 'Auto-Tarukaja', 'Elec Boost']
['Victory Cry', 'Zio', 'Salvation', 'High Counter', 'Elec Boost']
['Elec Boost', 'Elec Break', 'Marakunda', 'Auto-Tarukaja', 'Charmdi']
['Zio', 'Charmdi', 'Elec Boost', 'Marakunda', 'Repel Dark']
['Charmdi', 'Elec Break', 'Auto-Tarukaja', 'Zionga', 'Salvation']
['Zio', 'Mind Charge', 'Elec Break', 'Mazio', 'High Counter']
['Elec Break', 'Charmdi', 'Victory Cry', 'Megido', 'Elec Boost']
['Charmdi', 'Mind Charge', 'Zio', 'Megido', 'Marakunda']
['Spirit Drain', 'Charmdi', 'Morning Star', 'Megido', 'Elec Break']
['Elec Boost', 'Absorb Slash', 'Mind Charge', 'Auto-Tarukaja', 'Charmdi']
['High Counter', 'Charmdi', 'Auto-Tarukaja', 'Spell Master', 'Elec Boost']
['Elec Boost', 'Spell Master', 'Charmdi', 'Marakunda', 'Repel Dark']
['Spell Master', 'Elec Boost', 'High Counter', 'Charmdi', 'Auto-Tarukaja']
['Absorb Slash', 'Zionga', 'Marakunda', 'High Counter', 'Elec Break']
['Charmdi', 'Elec Boost', 'Mazio', 'Repel Dark', 'Mind Charge']
['Auto-Tarukaja', 'Spirit Drain', 'Mind Charge', 'Charmdi', 'Zionga']
['Zio', 'Spell Master', 'Victory Cry', 'High Counter', 'Marakunda']
['High Counter', 'Elec Boost', 'Auto-Tarukaja', 'Repel Dark', 'Absorb Slash']
['High Counter', 'Absorb Slash', 'Zionga', 'Elec Boost', 'Mazio']
['Repel Dark', 'Elec Boost', 'Charmdi', 'Marakunda', 'Mazio']
['Spell Master', 'Auto-Tarukaja', 'Elec Break', 'Marakunda', 'Charmdi']
['Charmdi', 'High Counter', 'Victory Cry', 'Zio', 'Salvation']
['High Counter', 'Victory Cry', 'Mind Charge', 'Zio', 'Marakunda']
['Zionga', 'Salvation', 'Elec Boost', 'Charmdi', 'Zio']
['Mind Charge', 'Spell Master', 'Charmdi', 'Elec Break', 'Marakunda']
['Mind Charge', 'Elec Boost', 'Charmdi', 'Salvation', 'Marakunda']
['Zio', 'Zionga', 'Charmdi', 'Elec Boost', 'Spell Master']
['Spell Master', 'High Counter', 'Charmdi', 'Auto-Tarukaja', 'Mazio']
['High Counter', 'Elec Boost', 'Absorb Slash', 'Elec Break', 'Auto-Tarukaja']
['Spell Master', 'Charmdi', 'Elec Boost', 'Mind Charge', 'Marakunda']
['Zio', 'Charmdi', 'Elec Boost', 'Marakunda', 'Salvation']
['Marakunda', 'Mazio', 'Elec Break', 'Mind Charge', 'Victory Cry']
['Elec Boost', 'Charmdi', 'Marakunda', 'Elec Break', 'Mazio']
['Charmdi', 'Elec Boost', 'Auto-Tarukaja', 'Marakunda', 'Salvation']
['Zionga', 'High Counter', 'Elec Break', 'Marakunda', 'Charmdi']
['Elec Boost', 'Charmdi', 'Marakunda', 'Spell Master', 'Elec Break']
['Salvation', 'Auto-Tarukaja', 'Elec Boost', 'Marakunda', 'Zio']
['Repel Dark', 'Elec Break', 'Auto-Tarukaja', 'Zio', 'Mind Charge']
['Zio', 'Charmdi', 'High Counter', 'Elec Break', 'Mind Charge']
['Charmdi', 'Megido', 'Repel Dark', 'Elec Boost', 'Elec Break']
['Mazio', 'Auto-Tarukaja', 'Spell Master', 'Elec Boost', 'Marakunda']
['Zionga', 'Elec Break', 'Salvation', 'High Counter', 'Victory Cry']
['Charmdi', 'Mazio', 'Auto-Tarukaja', 'Zio', 'Elec Boost']
['Elec Boost', 'High Counter', 'Elec Break', 'Megido', 'Marakunda']
['Elec Boost', 'Marakunda', 'Zionga', 'Charmdi', 'High Counter']
['High Counter', 'Spell Master', 'Elec Boost', 'Salvation', 'Zionga']
['Auto-Tarukaja', 'Elec Break', 'Elec Boost', 'Zionga', 'Mind Charge']
['Elec Break', 'Absorb Slash', 'Zionga', 'Charmdi', 'Spirit Drain']
['Elec Break', 'Marakunda', 'Spell Master', 'Auto-Tarukaja', 'High Counter']
['Elec Boost', 'Spirit Drain', 'Charmdi', 'Zio', 'Repel Dark']
['Spell Master', 'Marakunda', 'Charmdi', 'Elec Boost', 'Auto-Tarukaja']
['Marakunda', 'Auto-Tarukaja', 'Elec Break', 'Victory Cry', 'Elec Boost']
['Elec Boost', 'Elec Break', 'Zionga', 'Spell Master', 'Marakunda']
['Elec Boost', 'Zio', 'Spirit Drain', 'Charmdi', 'High Counter']
['Charmdi', 'Spirit Drain', 'Victory Cry', 'Repel Dark', 'Zionga']
['High Counter', 'Elec Boost', 'Charmdi', 'Zio', 'Spirit Drain']
['Charmdi', 'Marakunda', 'Absorb Slash', 'Auto-Tarukaja', 'Zio']
['Auto-Tarukaja', 'Absorb Slash', 'Repel Dark', 'Spell Master', 'Charmdi']
['Marakunda', 'Mazio', 'Auto-Tarukaja', 'Charmdi', 'High Counter']
['High Counter', 'Auto-Tarukaja', 'Absorb Slash', 'Mind Charge', 'Salvation']
['Auto-Tarukaja', 'Absorb Slash', 'Elec Boost', 'Repel Dark', 'Elec Break']
['Zio', 'Salvation', 'Charmdi', 'Elec Boost', 'Megido']
['Salvation', 'Auto-Tarukaja', 'Mind Charge', 'Charmdi', 'Elec Break']
['Mind Charge', 'Marakunda', 'Elec Boost', 'High Counter', 'Elec Break']
['Mind Charge', 'High Counter', 'Auto-Tarukaja', 'Victory Cry', 'Charmdi']
['Mind Charge', 'Charmdi', 'High Counter', 'Spell Master', 'Auto-Tarukaja']
['Charmdi', 'Zio', 'Elec Boost', 'Megido', 'Auto-Tarukaja']
['Victory Cry', 'Marakunda', 'High Counter', 'Spell Master', 'Elec Boost']
['Charmdi', 'Spell Master', 'Elec Boost', 'Mind Charge', 'Zionga']
['Repel Dark', 'Elec Break', 'Absorb Slash', 'Salvation', 'Elec Boost']
['Auto-Tarukaja', 'Elec Boost', 'Zio', 'Charmdi', 'Spell Master']
['Marakunda', 'Charmdi', 'Zio', 'Auto-Tarukaja', 'Mind Charge']
['Spell Master', 'Auto-Tarukaja', 'Elec Break', 'Charmdi', 'Repel Dark']
['Spirit Drain', 'Zio', 'Elec Boost', 'Marakunda', 'Charmdi']
['Charmdi', 'Marakunda', 'High Counter', 'Elec Boost', 'Mazio']
['Charmdi', 'Elec Boost', 'High Counter', 'Auto-Tarukaja', 'Repel Dark']
['Repel Dark', 'Salvation', 'Marakunda', 'High Counter', 'Auto-Tarukaja']
['Charmdi', 'Victory Cry', 'Auto-Tarukaja', 'Mind Charge', 'Zio']
['Charmdi', 'Elec Break', 'Auto-Tarukaja', 'Zionga', 'Salvation']
['Elec Boost', 'Charmdi', 'Zio', 'Marakunda', 'Auto-Tarukaja']
['Zio', 'Auto-Tarukaja', 'Elec Boost', 'Mazio', 'Marakunda']
['Mind Charge', 'High Counter', 'Repel Dark', 'Megido', 'Elec Break']
['Zio', 'Elec Break', 'Salvation', 'Elec Boost', 'Repel Dark']
['Charmdi', 'Elec Boost', 'Elec Break', 'Salvation', 'Zio']
['Salvation', 'Auto-Tarukaja', 'Megido', 'Zio', 'Zionga']
['Victory Cry', 'Elec Break', 'Zio', 'Repel Dark', 'Auto-Tarukaja']
['Auto-Tarukaja', 'Elec Break', 'Charmdi', 'Mazio', 'Victory Cry']
['Charmdi', 'Marakunda', 'Elec Boost', 'Spirit Drain', 'High Counter']
['Elec Boost', 'Charmdi', 'Victory Cry', 'Mazio', 'Marakunda']
['Elec Break', 'Charmdi', 'Auto-Tarukaja', 'Marakunda', 'Megido']
['Auto-Tarukaja', 'Victory Cry', 'Marakunda', 'Morning Star', 'Charmdi']
['Salvation', 'Repel Dark', 'Morning Star', 'Mind Charge', 'Elec Boost']
['Spell Master', 'Elec Break', 'Victory Cry', 'High Counter', 'Zio']
['Spirit Drain', 'Charmdi', 'Zio', 'Auto-Tarukaja', 'Marakunda']
['Salvation', 'Elec Boost', 'Marakunda', 'High Counter', 'Auto-Tarukaja']
['Elec Boost', 'Victory Cry', 'Elec Break', 'Marakunda', 'Charmdi']
['Auto-Tarukaja', 'Marakunda', 'Elec Boost', 'Charmdi', 'Repel Dark']
['Elec Boost', 'Elec Break', 'Absorb Slash', 'Zio', 'Marakunda']
['Charmdi', 'Zio', 'Mind Charge', 'Repel Dark', 'Salvation']
['Marakunda', 'Zionga', 'High Counter', 'Auto-Tarukaja', 'Repel Dark']
['Marakunda', 'Auto-Tarukaja', 'Elec Boost', 'Charmdi', 'Mind Charge']
['Repel Dark', 'Elec Boost', 'Charmdi', 'Mind Charge', 'Auto-Tarukaja']
['Elec Boost', 'Salvation', 'Spirit Drain', 'Auto-Tarukaja', 'Charmdi']
['Elec Boost', 'Marakunda', 'Zionga', 'Charmdi', 'Auto-Tarukaja']
['Marakunda', 'Repel Dark', 'Charmdi', 'High Counter', 'Auto-Tarukaja']
['Elec Boost', 'Morning Star', 'Marakunda', 'High Counter', 'Spell Master']
['Elec Break', 'Mind Charge', 'Zio', 'Elec Boost', 'Zionga']
['Elec Boost', 'Elec Break', 'Repel Dark', 'Spell Master', 'Auto-Tarukaja']
['Repel Dark', 'Auto-Tarukaja', 'Mind Charge', 'Charmdi', 'Elec Break']
['Auto-Tarukaja', 'Victory Cry', 'Zionga', 'Mazio', 'Zio']
['Mind Charge', 'Elec Boost', 'Charmdi', 'Zio', 'Absorb Slash']
['Auto-Tarukaja', 'Elec Boost', 'Absorb Slash', 'Mind Charge', 'Repel Dark']
['Mazio', 'Auto-Tarukaja', 'Spell Master', 'Marakunda', 'Elec Break']
['Elec Boost', 'Zionga', 'Charmdi', 'Mind Charge', 'Auto-Tarukaja']
['Zio', 'Elec Boost', 'Spell Master', 'Auto-Tarukaja', 'Victory Cry']
['Auto-Tarukaja', 'Elec Break', 'Mind Charge', 'Repel Dark', 'Marakunda']
['Auto-Tarukaja', 'Zio', 'Mind Charge', 'Elec Boost', 'Charmdi']
['Elec Boost', 'Charmdi', 'Salvation', 'Elec Break', 'Zio']
['Charmdi', 'Marakunda', 'Elec Boost', 'Zio', 'High Counter']
['Zio', 'Elec Boost', 'Spell Master', 'Victory Cry', 'Auto-Tarukaja']
['Marakunda', 'Mazio', 'Spell Master', 'Absorb Slash', 'Charmdi']
['Mind Charge', 'Absorb Slash', 'Elec Boost', 'Auto-Tarukaja', 'Charmdi']
['Zionga', 'Auto-Tarukaja', 'Elec Break', 'Elec Boost', 'Charmdi']
['Charmdi', 'Elec Break', 'Marakunda', 'Auto-Tarukaja', 'Salvation']
['Victory Cry', 'High Counter', 'Charmdi', 'Elec Boost', 'Elec Break']
['Elec Break', 'Zio', 'Spirit Drain', 'Mind Charge', 'Mazio']
['Charmdi', 'Elec Boost', 'Spell Master', 'Mind Charge', 'Elec Break']
['Auto-Tarukaja', 'Charmdi', 'Victory Cry', 'Mazio', 'Marakunda']
['Marakunda', 'Elec Break', 'Charmdi', 'Zio', 'Absorb Slash']
['Elec Break', 'Marakunda', 'Elec Boost', 'Charmdi', 'Spell Master']
['Mind Charge', 'Repel Dark', 'Charmdi', 'Spell Master', 'Absorb Slash']
['Charmdi', 'High Counter', 'Elec Break', 'Elec Boost', 'Absorb Slash']
['Auto-Tarukaja', 'Elec Boost', 'Repel Dark', 'Elec Break', 'Victory Cry']
['Charmdi', 'Elec Boost', 'Marakunda', 'Spell Master', 'Elec Break']
['Charmdi', 'Auto-Tarukaja', 'Elec Boost', 'Morning Star', 'Mind Charge']
['Spell Master', 'Charmdi', 'Elec Boost', 'Marakunda', 'Zio']
['High Counter', 'Auto-Tarukaja', 'Marakunda', 'Elec Break', 'Zio']
['Charmdi', 'Elec Boost', 'Zio', 'Megido', 'Elec Break']
['Absorb Slash', 'Elec Boost', 'Marakunda', 'Morning Star', 'Victory Cry']
['Repel Dark', 'Absorb Slash', 'Elec Boost', 'Marakunda', 'Zio']
['Auto-Tarukaja', 'Charmdi', 'High Counter', 'Repel Dark', 'Morning Star']
['Marakunda', 'Auto-Tarukaja', 'Mind Charge', 'Repel Dark', 'Megido']
['Zio', 'Marakunda', 'Auto-Tarukaja', 'Salvation', 'Absorb Slash']
['Salvation', 'Elec Break', 'Spell Master', 'Charmdi', 'Elec Boost']
['Elec Boost', 'Charmdi', 'Mind Charge', 'Absorb Slash', 'Elec Break']
['Elec Boost', 'Repel Dark', 'Mind Charge', 'Marakunda', 'Auto-Tarukaja']
['Mazio', 'Zio', 'Spell Master', 'Elec Break', 'High Counter']
['Elec Boost', 'Marakunda', 'Absorb Slash', 'Auto-Tarukaja', 'Charmdi']
['High Counter', 'Salvation', 'Mind Charge', 'Auto-Tarukaja', 'Elec Boost']
['Elec Break', 'Auto-Tarukaja', 'Salvation', 'Charmdi', 'High Counter']
['Salvation', 'Zionga', 'Mind Charge', 'Charmdi', 'Elec Break']
['Elec Boost', 'Elec Break', 'Charmdi', 'Auto-Tarukaja', 'Repel Dark']
['Zio', 'Charmdi', 'Elec Boost', 'Repel Dark', 'Mind Charge']
['Elec Boost', 'Absorb Slash', 'Victory Cry', 'High Counter', 'Elec Break']
['Zio', 'Elec Break', 'Charmdi', 'Mind Charge', 'Victory Cry']
['Elec Boost', 'Charmdi', 'Zionga', 'Marakunda', 'Victory Cry']
['Salvation', 'Elec Boost', 'Charmdi', 'Elec Break', 'Repel Dark']
['Spell Master', 'Victory Cry', 'Charmdi', 'Elec Break', 'Marakunda']
['Marakunda', 'Absorb Slash', 'Auto-Tarukaja', 'Charmdi', 'Victory Cry']
['Zio', 'Mind Charge', 'Elec Boost', 'Auto-Tarukaja', 'Charmdi']
['Zio', 'Elec Boost', 'Absorb Slash', 'Victory Cry', 'Charmdi']
['Absorb Slash', 'Marakunda', 'Auto-Tarukaja', 'Zio', 'Repel Dark']
['Elec Boost', 'Charmdi', 'Marakunda', 'Salvation', 'Auto-Tarukaja']
['Marakunda', 'Zio', 'Repel Dark', 'Elec Break', 'Charmdi']
['Charmdi', 'High Counter', 'Zio', 'Elec Boost', 'Marakunda']
['Zio', 'Charmdi', 'Auto-Tarukaja', 'Elec Break', 'Elec Boost']
['Auto-Tarukaja', 'Marakunda', 'Charmdi', 'Elec Boost', 'High Counter']
['Zionga', 'Spell Master', 'Elec Boost', 'Auto-Tarukaja', 'Marakunda']
['Elec Boost', 'Mind Charge', 'Charmdi', 'Absorb Slash', 'Zionga']
['Charmdi', 'Elec Boost', 'Victory Cry', 'Elec Break', 'Auto-Tarukaja']
['Elec Boost', 'Charmdi', 'High Counter', 'Mind Charge', 'Marakunda']
['Elec Break', 'High Counter', 'Salvation', 'Mind Charge', 'Charmdi']
['Elec Break', 'High Counter', 'Absorb Slash', 'Elec Boost', 'Charmdi']
['Charmdi', 'Mind Charge', 'Elec Boost', 'High Counter', 'Zionga']
['Auto-Tarukaja', 'Absorb Slash', 'Repel Dark', 'Zio', 'Spell Master']
['Spirit Drain', 'Marakunda', 'Victory Cry', 'Mind Charge', 'Auto-Tarukaja']
['Charmdi', 'Auto-Tarukaja', 'Mind Charge', 'Elec Boost', 'High Counter']
['Charmdi', 'Elec Break', 'Repel Dark', 'Elec Boost', 'Marakunda']
['Marakunda', 'Elec Boost', 'Spell Master', 'Charmdi', 'Repel Dark']
['Megido', 'Charmdi', 'Elec Boost', 'Elec Break', 'Auto-Tarukaja']
['Zio', 'Charmdi', 'Auto-Tarukaja', 'High Counter', 'Elec Break']
['Auto-Tarukaja', 'High Counter', 'Charmdi', 'Mazio', 'Salvation']
['Auto-Tarukaja', 'Charmdi', 'Elec Boost', 'Marakunda', 'Megido']
['Mind Charge', 'Elec Break', 'Marakunda', 'Repel Dark', 'High Counter']
['Mind Charge', 'Repel Dark', 'Auto-Tarukaja', 'Mazio', 'Salvation']
['Megido', 'Charmdi', 'Repel Dark', 'High Counter', 'Mazio']
['Repel Dark', 'Mind Charge', 'Elec Break', 'High Counter', 'Charmdi']
['Mind Charge', 'Elec Break', 'Victory Cry', 'Repel Dark', 'Auto-Tarukaja']
['Marakunda', 'Mind Charge', 'High Counter', 'Auto-Tarukaja', 'Elec Boost']
['Marakunda', 'Zionga', 'Elec Break', 'Charmdi', 'Absorb Slash']
['Charmdi', 'Auto-Tarukaja', 'Mazio', 'Elec Boost', 'Marakunda']
['Elec Break', 'Zio', 'Elec Boost', 'Mazio', 'Charmdi']
['Elec Boost', 'Charmdi', 'Auto-Tarukaja', 'Elec Break', 'High Counter']
['Charmdi', 'Elec Break', 'Salvation', 'Auto-Tarukaja', 'Repel Dark']
['High Counter', 'Elec Break', 'Elec Boost', 'Zionga', 'Charmdi']
['Marakunda', 'Absorb Slash', 'Auto-Tarukaja', 'Elec Boost', 'Victory Cry']
['Repel Dark', 'Marakunda', 'Charmdi', 'Auto-Tarukaja', 'Elec Break']
['Spell Master', 'Elec Boost', 'Zio', 'Elec Break', 'High Counter']
