['Spell Master', 'Absorb Fire', 'Mind Charge', 'Wind Amp', 'Elec Amp']
['Wind Amp', 'Absorb Fire', 'Fire Boost', 'Wind Boost', 'Ice Amp']
['Wind Boost', 'Victory Cry', 'Absorb Fire', 'High Counter', 'Fire Boost']
['Ice Amp', 'Wind Boost', 'Mind Charge', 'Salvation', 'Makarakarn']
['Elec Amp', 'Ice Amp', 'Fire Boost', 'Wind Boost', 'Wind Amp']
['Ice Amp', 'Unshaken Will', 'Wind Boost', 'Wind Amp', 'Elec Amp']
['Ice Amp', 'Spell Master', 'High Counter', 'Wind Amp', 'Wind Boost']
['Victory Cry', 'Wind Boost', 'Niflheim', 'Absorb Fire', 'Wind Amp']
['Victory Cry', 'Elec Amp', 'Wind Boost', 'Wind Amp', 'Fire Boost']
['Wind Amp', 'Fire Boost', 'High Counter', 'Spell Master', 'Salvation']
['Fire Boost', 'Makarakarn', 'Wind Amp', 'Wind Boost', 'Elec Amp']
['Wind Boost', 'Salvation', 'Absorb Fire', 'Fire Boost', 'High Counter']
['Absorb Fire', 'Wind Amp', 'Elec Amp', 'Ice Amp', 'Wind Boost']
['Ice Amp', 'Wind Boost', 'Wind Amp', 'Victory Cry', 'Fire Boost']
['Wind Boost', 'Elec Amp', 'Fire Boost', 'High Counter', 'Spell Master']
['Unshaken Will', 'Wind Amp', 'Fire Boost', 'Absorb Fire', 'Mind Charge']
['Fire Boost', 'Wind Boost', 'Elec Amp', 'Unshaken Will', 'Ice Amp']
['Ice Amp', 'High Counter', 'Wind Boost', 'Elec Amp', 'Wind Amp']
['Fire Boost', 'Wind Boost', 'Ice Amp', 'Wind Amp', 'Makarakarn']
['High Counter', 'Wind Boost', 'Spell Master', 'Fire Boost', 'Ice Amp']
['Fire Boost', 'Wind Boost', 'Makarakarn', 'Ice Amp', 'Elec Amp']
['Wind Amp', 'Wind Boost', 'Makarakarn', 'Fire Boost', 'Ice Amp']
['Elec Amp', 'Wind Boost', 'Absorb Fire', 'High Counter', 'Fire Boost']
['High Counter', 'Elec Amp', 'Wind Boost', 'Fire Boost', 'Megidolaon']
['Ice Amp', 'Spell Master', 'Wind Boost', 'Fire Boost', 'High Counter']
['Mind Charge', 'Wind Boost', 'Victory Cry', 'Elec Amp', 'Unshaken Will']
['Wind Boost', 'Ice Amp', 'Fire Boost', 'Magarudyne', 'Makarakarn']
['Spell Master', 'Victory Cry', 'Elec Amp', 'Wind Amp', 'Wind Boost']
['Ice Amp', 'Elec Amp', 'Makarakarn', 'Absorb Fire', 'Salvation']
['Ice Amp', 'Wind Boost', 'Fire Boost', 'Wind Amp', 'Makarakarn']
['Wind Boost', 'Fire Boost', 'Salvation', 'Spell Master', 'Mind Charge']
['Unshaken Will', 'Elec Amp', 'Wind Boost', 'Ice Amp', 'Mind Charge']
['Mind Charge', 'Fire Boost', 'Wind Amp', 'Elec Amp', 'Salvation']
['Mind Charge', 'High Counter', 'Fire Boost', 'Wind Boost', 'Ice Amp']
['Fire Boost', 'Elec Amp', 'Wind Boost', 'Wind Amp', 'Salvation']
['Makarakarn', 'Wind Boost', 'High Counter', 'Salvation', 'Fire Boost']
['Unshaken Will', 'Wind Boost', 'Fire Boost', 'Victory Cry', 'Spell Master']
['Megidolaon', 'Magarudyne', 'Elec Amp', 'Mind Charge', 'Wind Boost']
['Fire Boost', 'Elec Amp', 'Wind Boost', 'High Counter', 'Spell Master']
['Wind Boost', 'Fire Boost', 'Makarakarn', 'Victory Cry', 'Ice Amp']
['Ice Amp', 'Wind Boost', 'Fire Boost', 'Absorb Fire', 'Victory Cry']
['Wind Amp', 'Fire Boost', 'Ice Amp', 'Wind Boost', 'Absorb Fire']
['Elec Amp', 'Mind Charge', 'Wind Boost', 'Fire Boost', 'Spell Master']
['Spell Master', 'Wind Boost', 'Victory Cry', 'Ragnarok', 'Fire Boost']
['High Counter', 'Wind Amp', 'Unshaken Will', 'Fire Boost', 'Wind Boost']
['Magarudyne', 'Wind Boost', 'Mind Charge', 'High Counter', 'Absorb Fire']
['Wind Boost', 'Fire Boost', 'High Counter', 'Elec Amp', 'Ice Amp']
['Spell Master', 'Fire Boost', 'Ice Amp', 'Wind Boost', 'Unshaken Will']
['Victory Cry', 'Wind Boost', 'Salvation', 'Ragnarok', 'Mind Charge']
['Unshaken Will', 'Mind Charge', 'Salvation', 'Wind Boost', 'Fire Boost']
['Fire Boost', 'Ice Amp', 'Wind Boost', 'High Counter', 'Salvation']
['Spell Master', 'Wind Boost', 'Unshaken Will', 'High Counter', 'Fire Boost']
['Fire Boost', 'Absorb Fire', 'Wind Boost', 'Wind Amp', 'Elec Amp']
['Fire Boost', 'Wind Amp', 'Wind Boost', 'High Counter', 'Makarakarn']
['Wind Boost', 'Spell Master', 'High Counter', 'Makarakarn', 'Fire Boost']
['Wind Boost', 'Fire Boost', 'Victory Cry', 'Makarakarn', 'Mind Charge']
['Mind Charge', 'High Counter', 'Victory Cry', 'Magarudyne', 'Ice Amp']
['Spell Master', 'Wind Boost', 'High Counter', 'Elec Amp', 'Absorb Fire']
['Makarakarn', 'Elec Amp', 'High Counter', 'Absorb Fire', 'Ice Amp']
['Wind Boost', 'Unshaken Will', 'Fire Boost', 'Absorb Fire', 'Niflheim']
['Makarakarn', 'Fire Boost', 'Wind Boost', 'Salvation', 'High Counter']
['Wind Boost', 'Mind Charge', 'Ice Amp', 'Wind Amp', 'Victory Cry']
['High Counter', 'Wind Boost', 'Ragnarok', 'Fire Boost', 'Absorb Fire']
['Elec Amp', 'Fire Boost', 'Salvation', 'Wind Amp', 'Wind Boost']
['Ice Amp', 'Spell Master', 'Magarudyne', 'Wind Boost', 'Fire Boost']
['Victory Cry', 'Wind Amp', 'Magarudyne', 'Mind Charge', 'High Counter']
['Fire Boost', 'Makarakarn', 'Wind Amp', 'Mind Charge', 'Elec Amp']
['Wind Boost', 'Wind Amp', 'Fire Boost', 'Mind Charge', 'High Counter']
['Absorb Fire', 'Elec Amp', 'Wind Boost', 'Fire Boost', 'Niflheim']
['Fire Boost', 'Wind Boost', 'Mind Charge', 'Unshaken Will', 'High Counter']
['Wind Boost', 'Wind Amp', 'Makarakarn', 'Fire Boost', 'Victory Cry']
['Wind Amp', 'Victory Cry', 'Mind Charge', 'Wind Boost', 'Absorb Fire']
['Fire Boost', 'High Counter', 'Ice Amp', 'Absorb Fire', 'Magarudyne']
['Fire Boost', 'High Counter', 'Wind Amp', 'Unshaken Will', 'Makarakarn']
['Wind Boost', 'Fire Boost', 'Wind Amp', 'Ice Amp', 'Elec Amp']
['Wind Amp', 'Elec Amp', 'Fire Boost', 'Makarakarn', 'Wind Boost']
['Wind Boost', 'Wind Amp', 'Victory Cry', 'Makarakarn', 'Unshaken Will']
['Elec Amp', 'Unshaken Will', 'Wind Amp', 'Mind Charge', 'Makarakarn']
['Fire Boost', 'Ice Amp', 'High Counter', 'Elec Amp', 'Wind Boost']
['Wind Amp', 'Mind Charge', 'Wind Boost', 'Salvation', 'Ice Amp']
['Ice Amp', 'Mind Charge', 'Wind Boost', 'High Counter', 'Fire Boost']
['Unshaken Will', 'Victory Cry', 'Niflheim', 'Wind Amp', 'Fire Boost']
['Elec Amp', 'Victory Cry', 'Fire Boost', 'Wind Amp', 'Unshaken Will']
['High Counter', 'Fire Boost', 'Wind Boost', 'Unshaken Will', 'Ice Amp']
['Ice Amp', 'Wind Amp', 'Fire Boost', 'Elec Amp', 'Wind Boost']
['Mind Charge', 'Wind Boost', 'Ice Amp', 'Fire Boost', 'Wind Amp']
['Fire Boost', 'Wind Boost', 'Unshaken Will', 'Victory Cry', 'Wind Amp']
['Spell Master', 'Wind Boost', 'High Counter', 'Ice Amp', 'Absorb Fire']
['Spell Master', 'Wind Boost', 'Mind Charge', 'Fire Boost', 'High Counter']
['Makarakarn', 'Wind Boost', 'Fire Boost', 'Wind Amp', 'Spell Master']
['Wind Amp', 'Ice Amp', 'Wind Boost', 'Fire Boost', 'Unshaken Will']
['Salvation', 'Elec Amp', 'Fire Boost', 'Wind Boost', 'Spell Master']
['Unshaken Will', 'Fire Boost', 'Wind Boost', 'Makarakarn', 'Spell Master']
['Fire Boost', 'Wind Amp', 'Wind Boost', 'Elec Amp', 'Ice Amp']
['Makarakarn', 'Fire Boost', 'Wind Amp', 'Salvation', 'Wind Boost']
['Wind Amp', 'Victory Cry', 'Makarakarn', 'Fire Boost', 'Wind Boost']
['Ice Amp', 'Fire Boost', 'Absorb Fire', 'Makarakarn', 'Wind Boost']
['Wind Boost', 'Unshaken Will', 'Ice Amp', 'Salvation', 'Elec Amp']
['Ice Amp', 'Mind Charge', 'Fire Boost', 'Salvation', 'Magarudyne']
['Fire Boost', 'Ice Amp', 'Elec Amp', 'Wind Boost', 'Wind Amp']
['Fire Boost', 'Mind Charge', 'Wind Boost', 'Ice Amp', 'Wind Amp']
['Ice Amp', 'Victory Cry', 'Elec Amp', 'Wind Amp', 'Mind Charge']
['Wind Amp', 'Fire Boost', 'Elec Amp', 'Absorb Fire', 'Wind Boost']
['High Counter', 'Wind Boost', 'Mind Charge', 'Elec Amp', 'Victory Cry']
['Elec Amp', 'Fire Boost', 'Wind Amp', 'Wind Boost', 'Victory Cry']
['Wind Boost', 'Victory Cry', 'Mind Charge', 'Ice Amp', 'Niflheim']
['Fire Boost', 'Wind Boost', 'Mind Charge', 'Wind Amp', 'Makarakarn']
['Fire Boost', 'Makarakarn', 'Wind Boost', 'Ice Amp', 'Spell Master']
['Unshaken Will', 'Elec Amp', 'Absorb Fire', 'Mind Charge', 'High Counter']
['High Counter', 'Wind Boost', 'Ice Amp', 'Fire Boost', 'Elec Amp']
['Mind Charge', 'Wind Boost', 'Elec Amp', 'Unshaken Will', 'Absorb Fire']
['High Counter', 'Fire Boost', 'Wind Boost', 'Spell Master', 'Makarakarn']
['Elec Amp', 'Ice Amp', 'Fire Boost', 'Mind Charge', 'Wind Amp']
['Wind Amp', 'Elec Amp', 'Fire Boost', 'Mind Charge', 'Spell Master']
['Fire Boost', 'High Counter', 'Wind Boost', 'Wind Amp', 'Absorb Fire']
['Wind Amp', 'Makarakarn', 'Unshaken Will', 'Mind Charge', 'Wind Boost']
['Fire Boost', 'Wind Amp', 'Wind Boost', 'Ice Amp', 'Magarudyne']
['Fire Boost', 'High Counter', 'Salvation', 'Mind Charge', 'Wind Boost']
['Elec Amp', 'Wind Boost', 'Fire Boost', 'Unshaken Will', 'Absorb Fire']
['Fire Boost', 'Wind Boost', 'Ice Amp', 'Wind Amp', 'Makarakarn']
['Wind Boost', 'Megidolaon', 'High Counter', 'Fire Boost', 'Victory Cry']
['Unshaken Will', 'Wind Boost', 'Fire Boost', 'Salvation', 'High Counter']
['Unshaken Will', 'Mind Charge', 'Spell Master', 'Makarakarn', 'Wind Boost']
['Elec Amp', 'Fire Boost', 'Spell Master', 'Niflheim', 'Wind Amp']
['Mind Charge', 'Wind Boost', 'Absorb Fire', 'Wind Amp', 'Elec Amp']
['Fire Boost', 'Elec Amp', 'Makarakarn', 'Wind Boost', 'High Counter']
['Victory Cry', 'Absorb Fire', 'Magarudyne', 'Fire Boost', 'Spell Master']
['Ice Amp', 'Unshaken Will', 'Absorb Fire', 'Wind Amp', 'Fire Boost']
['Ice Amp', 'High Counter', 'Elec Amp', 'Makarakarn', 'Fire Boost']
['Fire Boost', 'Unshaken Will', 'Elec Amp', 'Wind Boost', 'Victory Cry']
['Wind Amp', 'Ice Amp', 'High Counter', 'Wind Boost', 'Megidolaon']
['Fire Boost', 'Megidolaon', 'Victory Cry', 'High Counter', 'Ice Amp']
['Wind Boost', 'Fire Boost', 'Elec Amp', 'Victory Cry', 'Wind Amp']
['Elec Amp', 'Wind Boost', 'Spell Master', 'Unshaken Will', 'Ice Amp']
['Salvation', 'Spell Master', 'Fire Boost', 'Wind Amp', 'Ice Amp']
['Mind Charge', 'Wind Boost', 'High Counter', 'Salvation', 'Fire Boost']
['High Counter', 'Wind Amp', 'Ice Amp', 'Elec Amp', 'Absorb Fire']
['Spell Master', 'Wind Amp', 'Wind Boost', 'Mind Charge', 'Ice Amp']
['Wind Boost', 'Salvation', 'Elec Amp', 'Ice Amp', 'Fire Boost']
['Fire Boost', 'Salvation', 'Makarakarn', 'Wind Amp', 'Elec Amp']
['Wind Boost', 'Fire Boost', 'Victory Cry', 'Makarakarn', 'High Counter']
['Mind Charge', 'Wind Boost', 'Spell Master', 'Unshaken Will', 'Fire Boost']
['Fire Boost', 'Wind Boost', 'Elec Amp', 'High Counter', 'Ragnarok']
['Wind Amp', 'Ice Amp', 'Megidolaon', 'Fire Boost', 'High Counter']
['Wind Amp', 'Wind Boost', 'Fire Boost', 'Mind Charge', 'Magarudyne']
['High Counter', 'Wind Amp', 'Fire Boost', 'Elec Amp', 'Ice Amp']
['Elec Amp', 'Salvation', 'Fire Boost', 'Wind Boost', 'High Counter']
['Mind Charge', 'Salvation', 'Wind Boost', 'Victory Cry', 'Magarudyne']
['Absorb Fire', 'Wind Amp', 'Fire Boost', 'Ice Amp', 'Spell Master']
['Fire Boost', 'Mind Charge', 'High Counter', 'Wind Boost', 'Magarudyne']
['Fire Boost', 'High Counter', 'Wind Boost', 'Megidolaon', 'Mind Charge']
['Makarakarn', 'Unshaken Will', 'Absorb Fire', 'Fire Boost', 'Elec Amp']
['Mind Charge', 'Wind Boost', 'Fire Boost', 'High Counter', 'Wind Amp']
['Fire Boost', 'Makarakarn', 'Ice Amp', 'Mind Charge', 'Elec Amp']
['Spell Master', 'Victory Cry', 'Fire Boost', 'Elec Amp', 'Unshaken Will']
['Wind Boost', 'Fire Boost', 'Wind Amp', 'Mind Charge', 'High Counter']
['Makarakarn', 'Victory Cry', 'Ice Amp', 'Mind Charge', 'Wind Boost']
['Absorb Fire', 'Wind Amp', 'Wind Boost', 'High Counter', 'Fire Boost']
['Ice Amp', 'Wind Amp', 'Mind Charge', 'Wind Boost', 'Fire Boost']
['Wind Boost', 'Elec Amp', 'Ice Amp', 'Wind Amp', 'Victory Cry']
['Ice Amp', 'Fire Boost', 'High Counter', 'Elec Amp', 'Unshaken Will']
['Wind Boost', 'Mind Charge', 'Unshaken Will', 'Fire Boost', 'Victory Cry']
['Elec Amp', 'Fire Boost', 'Wind Boost', 'Wind Amp', 'Salvation']
['Spell Master', 'Ice Amp', 'Elec Amp', 'Wind Amp', 'Wind Boost']
['Elec Amp', 'Salvation', 'Makarakarn', 'Mind Charge', 'Niflheim']
['Elec Amp', 'Wind Boost', 'Unshaken Will', 'Fire Boost', 'Ragnarok']
['Megidolaon', 'Wind Boost', 'Makarakarn', 'Victory Cry', 'Elec Amp']
['Ice Amp', 'Elec Amp', 'Mind Charge', 'High Counter', 'Spell Master']
['Wind Boost', 'Fire Boost', 'Magarudyne', 'Victory Cry', 'Mind Charge']
['Fire Boost', 'Spell Master', 'Wind Boost', 'Elec Amp', 'Mind Charge']
['Fire Boost', 'Makarakarn', 'Wind Boost', 'Magarudyne', 'Elec Amp']
['Wind Boost', 'Fire Boost', 'Elec Amp', 'Ice Amp', 'Mind Charge']
['Wind Boost', 'Fire Boost', 'Ice Amp', 'Elec Amp', 'Mind Charge']
['Magarudyne', 'Victory Cry', 'High Counter', 'Wind Amp', 'Fire Boost']
['Elec Amp', 'High Counter', 'Ice Amp', 'Ragnarok', 'Fire Boost']
['Wind Boost', 'Absorb Fire', 'Elec Amp', 'Fire Boost', 'Salvation']
['Elec Amp', 'Wind Amp', 'Fire Boost', 'High Counter', 'Unshaken Will']
['Elec Amp', 'High Counter', 'Absorb Fire', 'Wind Boost', 'Spell Master']
['Absorb Fire', 'Fire Boost', 'Wind Boost', 'Elec Amp', 'Mind Charge']
['Fire Boost', 'Victory Cry', 'Wind Amp', 'Absorb Fire', 'Ice Amp']
['Ice Amp', 'Fire Boost', 'Mind Charge', 'Salvation', 'Wind Boost']
['Mind Charge', 'Elec Amp', 'Wind Boost', 'High Counter', 'Niflheim']
['Wind Amp', 'Fire Boost', 'Wind Boost', 'Ice Amp', 'Absorb Fire']
['Unshaken Will', 'Makarakarn', 'Niflheim', 'Fire Boost', 'Mind Charge']
['Spell Master', 'Ice Amp', 'High Counter', 'Elec Amp', 'Absorb Fire']
['Wind Boost', 'High Counter', 'Victory Cry', 'Fire Boost', 'Mind Charge']
['Fire Boost', 'Unshaken Will', 'Wind Amp', 'Elec Amp', 'Salvation']
['Wind Amp', 'Niflheim', 'Magarudyne', 'Elec Amp', 'Fire Boost']
['Fire Boost', 'Elec Amp', 'Ragnarok', 'Wind Boost', 'Wind Amp']
['Fire Boost', 'Absorb Fire', 'Unshaken Will', 'High Counter', 'Wind Boost']
['Elec Amp', 'Wind Amp', 'Spell Master', 'Victory Cry', 'Mind Charge']
['High Counter', 'Fire Boost', 'Ice Amp', 'Elec Amp', 'Wind Boost']
['Ice Amp', 'Wind Amp', 'High Counter', 'Fire Boost', 'Unshaken Will']
['Ice Amp', 'Wind Boost', 'Fire Boost', 'Absorb Fire', 'Elec Amp']
['Absorb Fire', 'Fire Boost', 'High Counter', 'Wind Boost', 'Elec Amp']
['Elec Amp', 'High Counter', 'Mind Charge', 'Fire Boost', 'Wind Boost']
['High Counter', 'Magarudyne', 'Fire Boost', 'Wind Amp', 'Makarakarn']
['Fire Boost', 'Wind Boost', 'Wind Amp', 'Ice Amp', 'Magarudyne']
['Ice Amp', 'Fire Boost', 'Elec Amp', 'Salvation', 'Wind Boost']
['Wind Amp', 'Wind Boost', 'Elec Amp', 'Unshaken Will', 'Absorb Fire']
['High Counter', 'Wind Boost', 'Magarudyne', 'Victory Cry', 'Makarakarn']
['Ice Amp', 'Makarakarn', 'Wind Boost', 'Salvation', 'Megidolaon']
['Fire Boost', 'Salvation', 'Wind Boost', 'High Counter', 'Spell Master']
['Salvation', 'Wind Boost', 'Magarudyne', 'Absorb Fire', 'Fire Boost']
['Wind Amp', 'Ice Amp', 'Fire Boost', 'Makarakarn', 'Spell Master']
['Fire Boost', 'Victory Cry', 'Absorb Fire', 'Wind Boost', 'High Counter']
['Salvation', 'Ice Amp', 'Wind Boost', 'Elec Amp', 'Absorb Fire']
['Spell Master', 'Unshaken Will', 'Elec Amp', 'Fire Boost', 'Wind Boost']
['Fire Boost', 'Victory Cry', 'Makarakarn', 'Ice Amp', 'Spell Master']
['Wind Boost', 'Ice Amp', 'Makarakarn', 'Fire Boost', 'Elec Amp']
['Wind Boost', 'High Counter', 'Fire Boost', 'Wind Amp', 'Salvation']
['Niflheim', 'Wind Amp', 'Spell Master', 'Fire Boost', 'Mind Charge']
['High Counter', 'Wind Amp', 'Fire Boost', 'Spell Master', 'Wind Boost']
['Fire Boost', 'Unshaken Will', 'Mind Charge', 'Wind Boost', 'Elec Amp']
['Wind Amp', 'High Counter', 'Wind Boost', 'Mind Charge', 'Makarakarn']
['Mind Charge', 'Fire Boost', 'Wind Boost', 'Absorb Fire', 'Wind Amp']
['Wind Boost', 'Ice Amp', 'Wind Amp', 'Victory Cry', 'Fire Boost']
['Spell Master', 'Fire Boost', 'Ragnarok', 'Salvation', 'Ice Amp']
['Wind Amp', 'Absorb Fire', 'Fire Boost', 'Makarakarn', 'Ice Amp']
['Elec Amp', 'Absorb Fire', 'High Counter', 'Wind Boost', 'Wind Amp']
['Ice Amp', 'Wind Boost', 'High Counter', 'Wind Amp', 'Elec Amp']
['Spell Master', 'Fire Boost', 'Makarakarn', 'Wind Boost', 'Absorb Fire']
['Unshaken Will', 'Salvation', 'Ice Amp', 'Wind Boost', 'Victory Cry']
['Ice Amp', 'Wind Amp', 'Absorb Fire', 'Wind Boost', 'High Counter']
['Wind Amp', 'Ice Amp', 'Wind Boost', 'Elec Amp', 'Fire Boost']
['Spell Master', 'Unshaken Will', 'Mind Charge', 'Makarakarn', 'High Counter']
['Absorb Fire', 'High Counter', 'Makarakarn', 'Victory Cry', 'Ice Amp']
['Salvation', 'Elec Amp', 'Wind Boost', 'Megidolaon', 'Fire Boost']
['Fire Boost', 'High Counter', 'Spell Master', 'Wind Boost', 'Elec Amp']
['Makarakarn', 'High Counter', 'Ice Amp', 'Wind Boost', 'Fire Boost']
['Fire Boost', 'Mind Charge', 'Absorb Fire', 'Wind Boost', 'Megidolaon']
['Ice Amp', 'Spell Master', 'Fire Boost', 'Elec Amp', 'Wind Amp']
['Ice Amp', 'Wind Boost', 'Mind Charge', 'Fire Boost', 'Absorb Fire']
['Fire Boost', 'Unshaken Will', 'Wind Amp', 'Ice Amp', 'Salvation']
['Ragnarok', 'Wind Boost', 'Ice Amp', 'Elec Amp', 'Fire Boost']
['Ice Amp', 'Unshaken Will', 'Wind Amp', 'Wind Boost', 'Fire Boost']
['Fire Boost', 'Wind Boost', 'Spell Master', 'Ice Amp', 'Mind Charge']
['Spell Master', 'Salvation', 'Absorb Fire', 'Wind Boost', 'Wind Amp']
['Spell Master', 'Absorb Fire', 'Elec Amp', 'Wind Amp', 'Wind Boost']
['High Counter', 'Elec Amp', 'Salvation', 'Fire Boost', 'Wind Boost']
['Victory Cry', 'Fire Boost', 'High Counter', 'Unshaken Will', 'Mind Charge']
['Mind Charge', 'Wind Boost', 'Fire Boost', 'Wind Amp', 'Niflheim']
['Mind Charge', 'Makarakarn', 'Unshaken Will', 'Fire Boost', 'Wind Amp']
['Fire Boost', 'Elec Amp', 'High Counter', 'Spell Master', 'Wind Boost']
['High Counter', 'Fire Boost', 'Wind Boost', 'Ice Amp', 'Elec Amp']
['High Counter', 'Makarakarn', 'Ice Amp', 'Fire Boost', 'Mind Charge']
['Elec Amp', 'Fire Boost', 'Mind Charge', 'Wind Boost', 'High Counter']
['Wind Amp', 'Fire Boost', 'Absorb Fire', 'Spell Master', 'Makarakarn']
['Mind Charge', 'High Counter', 'Unshaken Will', 'Elec Amp', 'Wind Boost']
['Elec Amp', 'Makarakarn', 'Wind Amp', 'Unshaken Will', 'Fire Boost']
['Elec Amp', 'Makarakarn', 'Wind Amp', 'Fire Boost', 'High Counter']
['Magarudyne', 'Unshaken Will', 'Wind Boost', 'Fire Boost', 'Wind Amp']
['Mind Charge', 'Absorb Fire', 'Ice Amp', 'Makarakarn', 'Elec Amp']
['Wind Boost', 'Fire Boost', 'Ice Amp', 'Spell Master', 'Makarakarn']
['Ice Amp', 'Wind Boost', 'Wind Amp', 'Elec Amp', 'High Counter']
['Mind Charge', 'Fire Boost', 'Unshaken Will', 'Elec Amp', 'Ragnarok']
['Spell Master', 'Mind Charge', 'Ice Amp', 'Wind Amp', 'Fire Boost']
['Salvation', 'Wind Amp', 'Spell Master', 'Fire Boost', 'Wind Boost']
['Absorb Fire', 'Ice Amp', 'Wind Amp', 'Mind Charge', 'Wind Boost']
['Wind Amp', 'Wind Boost', 'High Counter', 'Spell Master', 'Absorb Fire']
['Wind Boost', 'Mind Charge', 'Fire Boost', 'Elec Amp', 'Spell Master']
['Absorb Fire', 'Spell Master', 'Mind Charge', 'Fire Boost', 'High Counter']
['Fire Boost', 'High Counter', 'Wind Boost', 'Unshaken Will', 'Spell Master']
['Absorb Fire', 'Mind Charge', 'Fire Boost', 'High Counter', 'Elec Amp']
['Wind Amp', 'Fire Boost', 'Wind Boost', 'Mind Charge', 'Unshaken Will']
['Victory Cry', 'Wind Amp', 'Unshaken Will', 'Salvation', 'Ice Amp']
['Absorb Fire', 'Wind Amp', 'Salvation', 'High Counter', 'Victory Cry']
['Mind Charge', 'Wind Boost', 'Ice Amp', 'Victory Cry', 'Makarakarn']
['High Counter', 'Makarakarn', 'Absorb Fire', 'Fire Boost', 'Elec Amp']
['Wind Boost', 'Ice Amp', 'Absorb Fire', 'Salvation', 'Fire Boost']
['Mind Charge', 'Absorb Fire', 'Salvation', 'Fire Boost', 'Ice Amp']
['Elec Amp', 'Unshaken Will', 'Fire Boost', 'Wind Boost', 'Victory Cry']
['Mind Charge', 'High Counter', 'Elec Amp', 'Ice Amp', 'Fire Boost']
['Spell Master', 'High Counter', 'Fire Boost', 'Magarudyne', 'Wind Boost']
['Elec Amp', 'Wind Amp', 'Wind Boost', 'Ice Amp', 'High Counter']
['Fire Boost', 'Wind Amp', 'Victory Cry', 'Wind Boost', 'Elec Amp']
['Unshaken Will', 'Wind Boost', 'Absorb Fire', 'Elec Amp', 'Victory Cry']
['Victory Cry', 'Wind Boost', 'Megidolaon', 'Ice Amp', 'Fire Boost']
['High Counter', 'Fire Boost', 'Elec Amp', 'Victory Cry', 'Absorb Fire']
['Wind Boost', 'Makarakarn', 'Ice Amp', 'Elec Amp', 'High Counter']
['Salvation', 'Fire Boost', 'Wind Amp', 'Elec Amp', 'Absorb Fire']
['Wind Boost', 'Wind Amp', 'Unshaken Will', 'Elec Amp', 'Victory Cry']
['Fire Boost', 'Ice Amp', 'Elec Amp', 'Wind Boost', 'Mind Charge']
['Wind Amp', 'Wind Boost', 'Fire Boost', 'Victory Cry', 'Absorb Fire']
['Wind Boost', 'Unshaken Will', 'High Counter', 'Ice Amp', 'Makarakarn']
['Fire Boost', 'Wind Boost', 'Wind Amp', 'High Counter', 'Unshaken Will']
['Makarakarn', 'Wind Amp', 'Wind Boost', 'Elec Amp', 'Megidolaon']
['Mind Charge', 'High Counter', 'Elec Amp', 'Wind Boost', 'Wind Amp']
['High Counter', 'Victory Cry', 'Wind Amp', 'Fire Boost', 'Mind Charge']
['Ice Amp', 'Makarakarn', 'Fire Boost', 'Absorb Fire', 'Mind Charge']
['Unshaken Will', 'Wind Amp', 'High Counter', 'Absorb Fire', 'Wind Boost']
['Makarakarn', 'Mind Charge', 'Fire Boost', 'Wind Boost', 'Wind Amp']
['Fire Boost', 'Unshaken Will', 'Salvation', 'Wind Boost', 'Magarudyne']
['Fire Boost', 'High Counter', 'Wind Boost', 'Spell Master', 'Absorb Fire']
['Unshaken Will', 'Ice Amp', 'Salvation', 'Niflheim', 'Mind Charge']
['High Counter', 'Ice Amp', 'Fire Boost', 'Wind Amp', 'Victory Cry']
['Ice Amp', 'Victory Cry', 'Spell Master', 'Wind Amp', 'Makarakarn']
['Spell Master', 'Wind Amp', 'Wind Boost', 'High Counter', 'Fire Boost']
['Wind Boost', 'Fire Boost', 'Unshaken Will', 'Elec Amp', 'Salvation']
['Ice Amp', 'Elec Amp', 'High Counter', 'Wind Boost', 'Mind Charge']
['Mind Charge', 'Makarakarn', 'Ice Amp', 'Elec Amp', 'Salvation']
['Elec Amp', 'Wind Amp', 'Fire Boost', 'Unshaken Will', 'Salvation']
['Wind Amp', 'Spell Master', 'Wind Boost', 'Mind Charge', 'Fire Boost']
['Wind Amp', 'Victory Cry', 'Fire Boost', 'Elec Amp', 'Wind Boost']
['Absorb Fire', 'Fire Boost', 'Makarakarn', 'Wind Boost', 'Ice Amp']
['Elec Amp', 'Unshaken Will', 'Fire Boost', 'Victory Cry', 'Salvation']
['Mind Charge', 'Fire Boost', 'Wind Boost', 'Elec Amp', 'Ice Amp']
['Wind Boost', 'Wind Amp', 'Salvation', 'Mind Charge', 'Unshaken Will']
['Wind Boost', 'Victory Cry', 'Unshaken Will', 'Magarudyne', 'Wind Amp']
['Victory Cry', 'Wind Boost', 'High Counter', 'Ice Amp', 'Fire Boost']
['Fire Boost', 'Wind Amp', 'Ice Amp', 'Elec Amp', 'Salvation']
['Fire Boost', 'Elec Amp', 'Ice Amp', 'Victory Cry', 'Spell Master']
['High Counter', 'Wind Boost', 'Wind Amp', 'Mind Charge', 'Unshaken Will']
['Ice Amp', 'Mind Charge', 'Wind Amp', 'Wind Boost', 'Niflheim']
['Fire Boost', 'Ice Amp', 'Wind Boost', 'Spell Master', 'Victory Cry']
['Mind Charge', 'Wind Boost', 'Wind Amp', 'High Counter', 'Ice Amp']
['Wind Boost', 'Mind Charge', 'Wind Amp', 'Fire Boost', 'Elec Amp']
['Mind Charge', 'Salvation', 'Makarakarn', 'Elec Amp', 'Fire Boost']
['Mind Charge', 'Absorb Fire', 'Ice Amp', 'Elec Amp', 'Fire Boost']
['Megidolaon', 'Fire Boost', 'Ragnarok', 'High Counter', 'Wind Boost']
['Unshaken Will', 'Elec Amp', 'Makarakarn', 'Mind Charge', 'Victory Cry']
['Makarakarn', 'Spell Master', 'Fire Boost', 'Unshaken Will', 'Absorb Fire']
['Victory Cry', 'Elec Amp', 'Makarakarn', 'Ice Amp', 'Wind Boost']
['Mind Charge', 'Fire Boost', 'Wind Boost', 'Ice Amp', 'High Counter']
['Niflheim', 'High Counter', 'Wind Boost', 'Absorb Fire', 'Fire Boost']
['Elec Amp', 'Victory Cry', 'Ice Amp', 'Wind Boost', 'Makarakarn']
['Ice Amp', 'Fire Boost', 'Wind Boost', 'Makarakarn', 'Mind Charge']
['Wind Boost', 'Ice Amp', 'Absorb Fire', 'Fire Boost', 'Mind Charge']
['Makarakarn', 'Wind Boost', 'Fire Boost', 'Ice Amp', 'Wind Amp']
['Wind Boost', 'Magarudyne', 'Elec Amp', 'Wind Amp', 'Makarakarn']
['Victory Cry', 'High Counter', 'Absorb Fire', 'Elec Amp', 'Fire Boost']
['Wind Boost', 'Ice Amp', 'Mind Charge', 'Victory Cry', 'Fire Boost']
['Victory Cry', 'Ice Amp', 'Wind Amp', 'Elec Amp', 'Wind Boost']
['Absorb Fire', 'Wind Boost', 'Makarakarn', 'Unshaken Will', 'Ice Amp']
['Ice Amp', 'Wind Boost', 'Victory Cry', 'Wind Amp', 'Unshaken Will']
['Absorb Fire', 'Wind Amp', 'Wind Boost', 'Fire Boost', 'Salvation']
['Wind Boost', 'Fire Boost', 'Ice Amp', 'Spell Master', 'Makarakarn']
['Victory Cry', 'Wind Boost', 'Mind Charge', 'High Counter', 'Elec Amp']
['Wind Boost', 'Salvation', 'Elec Amp', 'Ice Amp', 'Fire Boost']
['Wind Boost', 'Victory Cry', 'Wind Amp', 'Ice Amp', 'Absorb Fire']
['Wind Boost', 'Fire Boost', 'Wind Amp', 'Unshaken Will', 'Elec Amp']
['Wind Boost', 'Fire Boost', 'Absorb Fire', 'Ice Amp', 'Niflheim']
['Ice Amp', 'High Counter', 'Wind Boost', 'Victory Cry', 'Absorb Fire']
['Elec Amp', 'Ice Amp', 'Fire Boost', 'Unshaken Will', 'Wind Boost']
['Absorb Fire', 'Wind Boost', 'Ice Amp', 'Makarakarn', 'Unshaken Will']
['Fire Boost', 'Wind Boost', 'Absorb Fire', 'Elec Amp', 'Megidolaon']
['High Counter', 'Elec Amp', 'Ice Amp', 'Mind Charge', 'Wind Boost']
['Mind Charge', 'Fire Boost', 'Makarakarn', 'Wind Boost', 'Spell Master']
['Elec Amp', 'Wind Boost', 'Mind Charge', 'Absorb Fire', 'Ice Amp']
['Magarudyne', 'Fire Boost', 'Wind Amp', 'High Counter', 'Mind Charge']
['Mind Charge', 'Unshaken Will', 'Fire Boost', 'Absorb Fire', 'Wind Amp']
['Wind Amp', 'High Counter', 'Fire Boost', 'Wind Boost', 'Ice Amp']
['Makarakarn', 'High Counter', 'Mind Charge', 'Elec Amp', 'Wind Amp']
['Wind Amp', 'Elec Amp', 'Absorb Fire', 'Wind Boost', 'High Counter']
['Absorb Fire', 'Salvation', 'Fire Boost', 'Wind Boost', 'Spell Master']
['Wind Boost', 'Absorb Fire', 'Fire Boost', 'Mind Charge', 'Spell Master']
['Mind Charge', 'Makarakarn', 'Elec Amp', 'High Counter', 'Unshaken Will']
['Mind Charge', 'Magarudyne', 'Elec Amp', 'High Counter', 'Absorb Fire']
['Spell Master', 'Fire Boost', 'Megidolaon', 'Wind Amp', 'Elec Amp']
['Wind Boost', 'Makarakarn', 'Salvation', 'High Counter', 'Victory Cry']
['Salvation', 'Magarudyne', 'High Counter', 'Victory Cry', 'Fire Boost']
['Elec Amp', 'Ice Amp', 'Fire Boost', 'Wind Boost', 'Unshaken Will']
['Ice Amp', 'Elec Amp', 'Victory Cry', 'Ragnarok', 'Unshaken Will']
['Victory Cry', 'Unshaken Will', 'Fire Boost', 'Absorb Fire', 'Ice Amp']
['Wind Boost', 'Elec Amp', 'Fire Boost', 'Unshaken Will', 'Ice Amp']
['Wind Amp', 'Absorb Fire', 'Fire Boost', 'Makarakarn', 'Ice Amp']
['Wind Boost', 'Spell Master', 'Fire Boost', 'Unshaken Will', 'Makarakarn']
['Ice Amp', 'Fire Boost', 'Wind Boost', 'Ragnarok', 'High Counter']
['Ice Amp', 'Wind Boost', 'Wind Amp', 'Elec Amp', 'Victory Cry']
['Spell Master', 'Fire Boost', 'Salvation', 'Wind Boost', 'Victory Cry']
['Mind Charge', 'Elec Amp', 'Wind Boost', 'Unshaken Will', 'Spell Master']
['Mind Charge', 'Fire Boost', 'High Counter', 'Elec Amp', 'Makarakarn']
['Fire Boost', 'Wind Boost', 'Elec Amp', 'Absorb Fire', 'Ice Amp']
['Elec Amp', 'Makarakarn', 'High Counter', 'Ice Amp', 'Spell Master']
['Wind Boost', 'Wind Amp', 'Mind Charge', 'Salvation', 'Spell Master']
['Salvation', 'Fire Boost', 'Makarakarn', 'Victory Cry', 'High Counter']
['Wind Amp', 'Ragnarok', 'Ice Amp', 'Unshaken Will', 'Absorb Fire']
['Elec Amp', 'High Counter', 'Fire Boost', 'Ice Amp', 'Wind Boost']
['Mind Charge', 'Victory Cry', 'Wind Boost', 'Absorb Fire', 'High Counter']
['Unshaken Will', 'Wind Amp', 'Absorb Fire', 'Fire Boost', 'Mind Charge']
['Unshaken Will', 'Fire Boost', 'Absorb Fire', 'Wind Amp', 'High Counter']
['Unshaken Will', 'Elec Amp', 'Wind Boost', 'Makarakarn', 'Fire Boost']
['Fire Boost', 'Wind Amp', 'Wind Boost', 'Ice Amp', 'High Counter']
['Ragnarok', 'Fire Boost', 'High Counter', 'Wind Boost', 'Victory Cry']
['Wind Boost', 'Salvation', 'Elec Amp', 'Fire Boost', 'Absorb Fire']
['Fire Boost', 'High Counter', 'Wind Boost', 'Mind Charge', 'Ice Amp']
['Wind Amp', 'Wind Boost', 'Mind Charge', 'Ice Amp', 'Fire Boost']
['Makarakarn', 'Absorb Fire', 'Fire Boost', 'Mind Charge', 'High Counter']
['Absorb Fire', 'Wind Boost', 'Makarakarn', 'Fire Boost', 'Mind Charge']
['Fire Boost', 'Spell Master', 'Mind Charge', 'Wind Boost', 'High Counter']
['Unshaken Will', 'Mind Charge', 'Fire Boost', 'Absorb Fire', 'Victory Cry']
['Elec Amp', 'Unshaken Will', 'Wind Amp', 'Fire Boost', 'Absorb Fire']
['Salvation', 'Elec Amp', 'Wind Boost', 'Fire Boost', 'Ice Amp']
['Fire Boost', 'Wind Boost', 'High Counter', 'Wind Amp', 'Victory Cry']
['Fire Boost', 'Spell Master', 'Wind Boost', 'Wind Amp', 'Elec Amp']
['Wind Boost', 'Elec Amp', 'Salvation', 'Niflheim', 'Wind Amp']
['Elec Amp', 'Wind Boost', 'Fire Boost', 'Salvation', 'Mind Charge']
['Fire Boost', 'Wind Boost', 'Wind Amp', 'Spell Master', 'Absorb Fire']
['Wind Boost', 'Wind Amp', 'Absorb Fire', 'Victory Cry', 'Elec Amp']
['Mind Charge', 'Spell Master', 'Wind Amp', 'Ice Amp', 'Unshaken Will']
['Unshaken Will', 'Absorb Fire', 'Niflheim', 'Elec Amp', 'Wind Boost']
['Elec Amp', 'Mind Charge', 'Makarakarn', 'High Counter', 'Absorb Fire']
['Niflheim', 'Mind Charge', 'Absorb Fire', 'Elec Amp', 'Wind Amp']
['High Counter', 'Makarakarn', 'Mind Charge', 'Wind Boost', 'Ice Amp']
['Fire Boost', 'Wind Boost', 'Elec Amp', 'Mind Charge', 'High Counter']
['High Counter', 'Wind Boost', 'Magarudyne', 'Salvation', 'Elec Amp']
['Mind Charge', 'Elec Amp', 'Megidolaon', 'Spell Master', 'Wind Amp']
['High Counter', 'Ice Amp', 'Makarakarn', 'Fire Boost', 'Wind Boost']
['Wind Amp', 'Makarakarn', 'Wind Boost', 'Fire Boost', 'Absorb Fire']
['Wind Boost', 'Wind Amp', 'High Counter', 'Magarudyne', 'Fire Boost']
['Mind Charge', 'Elec Amp', 'Wind Boost', 'Magarudyne', 'Fire Boost']
['Fire Boost', 'Salvation', 'Mind Charge', 'High Counter', 'Makarakarn']
['Wind Amp', 'Fire Boost', 'Elec Amp', 'Wind Boost', 'Salvation']
['Victory Cry', 'Wind Boost', 'Unshaken Will', 'Niflheim', 'Makarakarn']
['Mind Charge', 'Fire Boost', 'Wind Boost', 'Ice Amp', 'Elec Amp']
['Wind Boost', 'Fire Boost', 'Victory Cry', 'Absorb Fire', 'Mind Charge']
['Elec Amp', 'High Counter', 'Wind Boost', 'Fire Boost', 'Mind Charge']
['High Counter', 'Ice Amp', 'Fire Boost', 'Elec Amp', 'Absorb Fire']
['Elec Amp', 'Wind Amp', 'Fire Boost', 'Unshaken Will', 'Victory Cry']
['Absorb Fire', 'Fire Boost', 'Ice Amp', 'Mind Charge', 'Elec Amp']
['Elec Amp', 'Wind Boost', 'Ice Amp', 'Wind Amp', 'Fire Boost']
['Fire Boost', 'Unshaken Will', 'Mind Charge', 'Wind Boost', 'Absorb Fire']
['Ice Amp', 'Wind Boost', 'Makarakarn', 'Victory Cry', 'High Counter']
['Elec Amp', 'Wind Amp', 'Makarakarn', 'Fire Boost', 'Salvation']
['Niflheim', 'Absorb Fire', 'Elec Amp', 'Wind Amp', 'Ice Amp']
['Fire Boost', 'High Counter', 'Ice Amp', 'Victory Cry', 'Absorb Fire']
['High Counter', 'Wind Amp', 'Spell Master', 'Ice Amp', 'Fire Boost']
['Absorb Fire', 'Elec Amp', 'Wind Boost', 'Ice Amp', 'Fire Boost']
['Wind Boost', 'Makarakarn', 'Spell Master', 'Ice Amp', 'Wind Amp']
['High Counter', 'Mind Charge', 'Fire Boost', 'Spell Master', 'Victory Cry']
['Elec Amp', 'Fire Boost', 'Mind Charge', 'Wind Boost', 'High Counter']
['Fire Boost', 'Wind Boost', 'Mind Charge', 'Victory Cry', 'Ice Amp']
['Ice Amp', 'Fire Boost', 'Wind Boost', 'Mind Charge', 'Magarudyne']
['Absorb Fire', 'Elec Amp', 'Niflheim', 'Fire Boost', 'High Counter']
['Wind Amp', 'Fire Boost', 'Ice Amp', 'Elec Amp', 'Unshaken Will']
['Makarakarn', 'Mind Charge', 'Megidolaon', 'Elec Amp', 'Wind Amp']
['Elec Amp', 'Fire Boost', 'Spell Master', 'Mind Charge', 'Wind Boost']
['Salvation', 'Wind Amp', 'Wind Boost', 'Fire Boost', 'Ice Amp']
['Elec Amp', 'Fire Boost', 'Spell Master', 'Wind Amp', 'Mind Charge']
['Makarakarn', 'Unshaken Will', 'Wind Amp', 'Mind Charge', 'Absorb Fire']
['Wind Boost', 'Fire Boost', 'Elec Amp', 'Salvation', 'Ice Amp']
['Wind Amp', 'Fire Boost', 'Victory Cry', 'Makarakarn', 'Wind Boost']
['Fire Boost', 'Elec Amp', 'Makarakarn', 'Ice Amp', 'Unshaken Will']
['Ice Amp', 'Elec Amp', 'High Counter', 'Wind Boost', 'Absorb Fire']
['Elec Amp', 'Ice Amp', 'Wind Boost', 'Fire Boost', 'Makarakarn']
['Fire Boost', 'Wind Boost', 'Wind Amp', 'Salvation', 'Elec Amp']
['Ice Amp', 'Fire Boost', 'Wind Amp', 'Wind Boost', 'Elec Amp']
['Ice Amp', 'Unshaken Will', 'Fire Boost', 'Wind Boost', 'Mind Charge']
['Salvation', 'Wind Boost', 'Fire Boost', 'Spell Master', 'Mind Charge']
['High Counter', 'Fire Boost', 'Wind Amp', 'Mind Charge', 'Salvation']
['Elec Amp', 'Fire Boost', 'Victory Cry', 'Spell Master', 'Mind Charge']
['Fire Boost', 'Ice Amp', 'Elec Amp', 'High Counter', 'Wind Boost']
['Wind Boost', 'Ragnarok', 'Wind Amp', 'Fire Boost', 'Mind Charge']
['Elec Amp', 'Fire Boost', 'Ice Amp', 'High Counter', 'Unshaken Will']
['Ice Amp', 'Wind Boost', 'Elec Amp', 'Wind Amp', 'Mind Charge']
['Elec Amp', 'Wind Boost', 'Niflheim', 'Ice Amp', 'High Counter']
['Makarakarn', 'Fire Boost', 'Wind Amp', 'Elec Amp', 'Salvation']
['Fire Boost', 'Unshaken Will', 'Absorb Fire', 'Elec Amp', 'Makarakarn']
['Elec Amp', 'Makarakarn', 'Fire Boost', 'Victory Cry', 'Ice Amp']
['Absorb Fire', 'Elec Amp', 'Ice Amp', 'High Counter', 'Mind Charge']
['Wind Boost', 'Ragnarok', 'Makarakarn', 'Fire Boost', 'Wind Amp']
['Absorb Fire', 'Wind Amp', 'Fire Boost', 'Elec Amp', 'Wind Boost']
['Wind Amp', 'Makarakarn', 'Unshaken Will', 'Fire Boost', 'Ice Amp']
['Wind Boost', 'Elec Amp', 'Fire Boost', 'Wind Amp', 'High Counter']
['Wind Amp', 'Mind Charge', 'Elec Amp', 'Ice Amp', 'Fire Boost']
['Wind Amp', 'Makarakarn', 'Megidolaon', 'Fire Boost', 'Wind Boost']
['Wind Boost', 'Absorb Fire', 'Spell Master', 'Ice Amp', 'Mind Charge']
['Absorb Fire', 'Elec Amp', 'Salvation', 'Victory Cry', 'Fire Boost']
['Fire Boost', 'High Counter', 'Absorb Fire', 'Spell Master', 'Magarudyne']
['Absorb Fire', 'Wind Boost', 'High Counter', 'Elec Amp', 'Mind Charge']
['Mind Charge', 'Wind Amp', 'Wind Boost', 'Fire Boost', 'Absorb Fire']
['Fire Boost', 'Ice Amp', 'Spell Master', 'Unshaken Will', 'Wind Amp']
['Mind Charge', 'Spell Master', 'Fire Boost', 'Ice Amp', 'Wind Boost']
['Wind Boost', 'Absorb Fire', 'Elec Amp', 'High Counter', 'Wind Amp']
['Elec Amp', 'Makarakarn', 'Wind Boost', 'Wind Amp', 'Absorb Fire']
['Fire Boost', 'Wind Boost', 'Victory Cry', 'Wind Amp', 'High Counter']
['Makarakarn', 'Elec Amp', 'Wind Amp', 'Fire Boost', 'Absorb Fire']
['Mind Charge', 'Fire Boost', 'Makarakarn', 'Wind Boost', 'Salvation']
['Ragnarok', 'Wind Amp', 'Fire Boost', 'Wind Boost', 'Victory Cry']
['Wind Boost', 'Makarakarn', 'Mind Charge', 'Victory Cry', 'Unshaken Will']
['Mind Charge', 'Wind Boost', 'Ice Amp', 'Elec Amp', 'Victory Cry']
['Wind Boost', 'Makarakarn', 'High Counter', 'Salvation', 'Absorb Fire']
['Ice Amp', 'Fire Boost', 'Elec Amp', 'Salvation', 'Wind Boost']
['Wind Boost', 'High Counter', 'Fire Boost', 'Elec Amp', 'Megidolaon']
['Fire Boost', 'Ice Amp', 'Unshaken Will', 'Wind Amp', 'Wind Boost']
['Salvation', 'Victory Cry', 'Fire Boost', 'Absorb Fire', 'High Counter']
['Fire Boost', 'Absorb Fire', 'Mind Charge', 'Ice Amp', 'Wind Amp']
['Wind Boost', 'Mind Charge', 'Wind Amp', 'Fire Boost', 'Spell Master']
['High Counter', 'Fire Boost', 'Ice Amp', 'Absorb Fire', 'Spell Master']
['Fire Boost', 'Wind Boost', 'Wind Amp', 'Victory Cry', 'Absorb Fire']
['Wind Boost', 'Victory Cry', 'Spell Master', 'Wind Amp', 'Elec Amp']
['High Counter', 'Fire Boost', 'Mind Charge', 'Wind Boost', 'Unshaken Will']
['High Counter', 'Fire Boost', 'Unshaken Will', 'Spell Master', 'Wind Boost']
['Fire Boost', 'Wind Boost', 'Wind Amp', 'High Counter', 'Mind Charge']
['Makarakarn', 'Fire Boost', 'Wind Amp', 'Mind Charge', 'High Counter']
['Ice Amp', 'Wind Boost', 'Fire Boost', 'Elec Amp', 'High Counter']
['Elec Amp', 'Wind Boost', 'Victory Cry', 'Makarakarn', 'Salvation']
['Elec Amp', 'High Counter', 'Fire Boost', 'Absorb Fire', 'Ice Amp']
['Wind Boost', 'Victory Cry', 'Fire Boost', 'Wind Amp', 'Spell Master']
['Ice Amp', 'Wind Boost', 'High Counter', 'Magarudyne', 'Absorb Fire']
['Fire Boost', 'Ice Amp', 'Makarakarn', 'High Counter', 'Mind Charge']
['Makarakarn', 'Wind Amp', 'Megidolaon', 'Wind Boost', 'Salvation']
['Wind Boost', 'Ice Amp', 'Makarakarn', 'Wind Amp', 'Victory Cry']
['Unshaken Will', 'Ice Amp', 'Elec Amp', 'Wind Boost', 'Wind Amp']
['Elec Amp', 'Unshaken Will', 'Absorb Fire', 'Salvation', 'High Counter']
['Salvation', 'Elec Amp', 'Ice Amp', 'High Counter', 'Niflheim']
['Ice Amp', 'Unshaken Will', 'Absorb Fire', 'Elec Amp', 'Salvation']
['Ice Amp', 'Fire Boost', 'Absorb Fire', 'High Counter', 'Elec Amp']
['Ice Amp', 'Wind Boost', 'Fire Boost', 'Wind Amp', 'Niflheim']
['Mind Charge', 'Fire Boost', 'Wind Boost', 'Ragnarok', 'High Counter']
['Fire Boost', 'Wind Boost', 'Elec Amp', 'High Counter', 'Spell Master']
['Mind Charge', 'Wind Boost', 'High Counter', 'Elec Amp', 'Wind Amp']
['Wind Amp', 'Victory Cry', 'Ice Amp', 'Mind Charge', 'High Counter']
['Wind Boost', 'Makarakarn', 'Wind Amp', 'Salvation', 'High Counter']
['Victory Cry', 'Ice Amp', 'Wind Boost', 'Fire Boost', 'Absorb Fire']
['Fire Boost', 'Wind Boost', 'Wind Amp', 'Mind Charge', 'High Counter']
['Elec Amp', 'Wind Boost', 'Mind Charge', 'Absorb Fire', 'Fire Boost']
['Wind Amp', 'Elec Amp', 'Fire Boost', 'Absorb Fire', 'Makarakarn']
['Megidolaon', 'Makarakarn', 'Fire Boost', 'Ice Amp', 'Elec Amp']
['Wind Boost', 'Fire Boost', 'Unshaken Will', 'High Counter', 'Salvation']
['Wind Boost', 'Fire Boost', 'High Counter', 'Salvation', 'Victory Cry']
['Fire Boost', 'Mind Charge', 'Wind Amp', 'Absorb Fire', 'Elec Amp']
['Mind Charge', 'Ice Amp', 'Ragnarok', 'Fire Boost', 'Wind Boost']
['Wind Boost', 'Fire Boost', 'Ice Amp', 'Wind Amp', 'Unshaken Will']
['Fire Boost', 'Mind Charge', 'Ice Amp', 'High Counter', 'Wind Boost']
['Fire Boost', 'Megidolaon', 'High Counter', 'Spell Master', 'Wind Amp']
['Wind Boost', 'Elec Amp', 'Wind Amp', 'Ice Amp', 'Victory Cry']
['Mind Charge', 'High Counter', 'Wind Boost', 'Wind Amp', 'Fire Boost']
['Victory Cry', 'Wind Boost', 'Mind Charge', 'Fire Boost', 'Ice Amp']
['Fire Boost', 'Wind Boost', 'Elec Amp', 'Ice Amp', 'Unshaken Will']
['Fire Boost', 'Wind Boost', 'Ice Amp', 'Wind Amp', 'Ragnarok']
['Absorb Fire', 'Fire Boost', 'Mind Charge', 'Ice Amp', 'Wind Boost']
['Fire Boost', 'Wind Boost', 'Mind Charge', 'Ice Amp', 'High Counter']
['Victory Cry', 'High Counter', 'Spell Master', 'Elec Amp', 'Ice Amp']
['Fire Boost', 'Makarakarn', 'Ice Amp', 'Elec Amp', 'Mind Charge']
['Spell Master', 'Fire Boost', 'Wind Boost', 'Ice Amp', 'Makarakarn']
['Spell Master', 'Elec Amp', 'Wind Amp', 'Absorb Fire', 'Fire Boost']
['Ice Amp', 'Fire Boost', 'Wind Boost', 'Unshaken Will', 'High Counter']
['Absorb Fire', 'Salvation', 'Elec Amp', 'Fire Boost', 'Ice Amp']
['Victory Cry', 'Wind Boost', 'Fire Boost', 'Spell Master', 'Ice Amp']
['Wind Boost', 'Ice Amp', 'Makarakarn', 'Fire Boost', 'Absorb Fire']
['Makarakarn', 'Salvation', 'High Counter', 'Ice Amp', 'Wind Amp']
['Ice Amp', 'Absorb Fire', 'Fire Boost', 'Salvation', 'Wind Boost']
['Wind Boost', 'Elec Amp', 'Wind Amp', 'Fire Boost', 'Ice Amp']
['High Counter', 'Ice Amp', 'Fire Boost', 'Spell Master', 'Mind Charge']
['Ice Amp', 'Fire Boost', 'Salvation', 'Wind Boost', 'Mind Charge']
['Fire Boost', 'Spell Master', 'High Counter', 'Victory Cry', 'Wind Amp']
['Mind Charge', 'Ice Amp', 'Wind Boost', 'Salvation', 'Fire Boost']
['Wind Amp', 'Fire Boost', 'High Counter', 'Mind Charge', 'Ice Amp']
['Ice Amp', 'Wind Boost', 'Salvation', 'Fire Boost', 'Elec Amp']
['Fire Boost', 'Mind Charge', 'Salvation', 'Ice Amp', 'Wind Amp']
['High Counter', 'Mind Charge', 'Wind Amp', 'Wind Boost', 'Ice Amp']
['Wind Boost', 'High Counter', 'Salvation', 'Ragnarok', 'Fire Boost']
['Fire Boost', 'Spell Master', 'High Counter', 'Mind Charge', 'Wind Amp']
['Ice Amp', 'Elec Amp', 'Fire Boost', 'Wind Boost', 'Niflheim']
['Mind Charge', 'Ice Amp', 'High Counter', 'Fire Boost', 'Wind Amp']
['Ice Amp', 'Fire Boost', 'Absorb Fire', 'Wind Boost', 'Elec Amp']
['Elec Amp', 'Mind Charge', 'Fire Boost', 'Absorb Fire', 'Ice Amp']
['Spell Master', 'Victory Cry', 'Mind Charge', 'Niflheim', 'Wind Boost']
['Makarakarn', 'Wind Amp', 'Ice Amp', 'Elec Amp', 'Wind Boost']
['Elec Amp', 'Wind Boost', 'Ice Amp', 'Mind Charge', 'Makarakarn']
['High Counter', 'Fire Boost', 'Niflheim', 'Victory Cry', 'Mind Charge']
['Mind Charge', 'Salvation', 'Fire Boost', 'Makarakarn', 'Elec Amp']
['Ice Amp', 'Elec Amp', 'Unshaken Will', 'Fire Boost', 'Wind Boost']
['Mind Charge', 'Absorb Fire', 'Wind Amp', 'High Counter', 'Elec Amp']
['Ice Amp', 'Elec Amp', 'Victory Cry', 'Megidolaon', 'Wind Boost']
['Mind Charge', 'Wind Amp', 'Fire Boost', 'Makarakarn', 'Wind Boost']
['Victory Cry', 'Spell Master', 'High Counter', 'Wind Boost', 'Fire Boost']
['Fire Boost', 'Mind Charge', 'Ice Amp', 'Elec Amp', 'Wind Boost']
['Fire Boost', 'Wind Boost', 'Elec Amp', 'Salvation', 'Megidolaon']
['Mind Charge', 'Fire Boost', 'Wind Boost', 'Victory Cry', 'Ice Amp']
['Wind Boost', 'Fire Boost', 'Wind Amp', 'Ice Amp', 'Absorb Fire']
['Wind Amp', 'Mind Charge', 'Wind Boost', 'Ice Amp', 'Fire Boost']
['Wind Boost', 'Spell Master', 'Ice Amp', 'High Counter', 'Wind Amp']
['Fire Boost', 'Salvation', 'Mind Charge', 'Absorb Fire', 'Elec Amp']
['Wind Amp', 'Wind Boost', 'Salvation', 'Fire Boost', 'Absorb Fire']
['Fire Boost', 'Wind Boost', 'Elec Amp', 'Ice Amp', 'Victory Cry']
['Spell Master', 'Magarudyne', 'Fire Boost', 'Wind Boost', 'Salvation']
['Victory Cry', 'Fire Boost', 'Makarakarn', 'Mind Charge', 'Wind Amp']
['Wind Boost', 'Salvation', 'Wind Amp', 'Mind Charge', 'Elec Amp']
['Makarakarn', 'Ice Amp', 'Absorb Fire', 'Wind Amp', 'Spell Master']
['Wind Amp', 'Fire Boost', 'Wind Boost', 'Elec Amp', 'Makarakarn']
['Wind Boost', 'Elec Amp', 'Absorb Fire', 'Spell Master', 'Fire Boost']
['Ice Amp', 'Mind Charge', 'High Counter', 'Wind Amp', 'Elec Amp']
['Elec Amp', 'Wind Amp', 'Wind Boost', 'Fire Boost', 'High Counter']
['Wind Boost', 'Ice Amp', 'Fire Boost', 'High Counter', 'Elec Amp']
['High Counter', 'Ice Amp', 'Fire Boost', 'Makarakarn', 'Elec Amp']
['Absorb Fire', 'Elec Amp', 'Victory Cry', 'Wind Boost', 'Makarakarn']
['Spell Master', 'Fire Boost', 'Elec Amp', 'Absorb Fire', 'Wind Boost']
['Wind Boost', 'Fire Boost', 'Makarakarn', 'Unshaken Will', 'Wind Amp']
['Unshaken Will', 'Mind Charge', 'Makarakarn', 'Fire Boost', 'Elec Amp']
['Unshaken Will', 'Fire Boost', 'Ice Amp', 'Absorb Fire', 'Elec Amp']
['High Counter', 'Ice Amp', 'Fire Boost', 'Mind Charge', 'Ragnarok']
['Wind Boost', 'Fire Boost', 'Unshaken Will', 'Absorb Fire', 'Mind Charge']
['Wind Boost', 'Wind Amp', 'Spell Master', 'Elec Amp', 'Victory Cry']
['Absorb Fire', 'Makarakarn', 'Fire Boost', 'High Counter', 'Wind Amp']
['Wind Boost', 'Ice Amp', 'Fire Boost', 'Mind Charge', 'Absorb Fire']
['Elec Amp', 'High Counter', 'Ice Amp', 'Spell Master', 'Fire Boost']
['Absorb Fire', 'Ice Amp', 'Unshaken Will', 'Wind Boost', 'Mind Charge']
['Unshaken Will', 'High Counter', 'Wind Boost', 'Absorb Fire', 'Makarakarn']
['Ice Amp', 'Spell Master', 'Absorb Fire', 'Fire Boost', 'Wind Amp']
['Mind Charge', 'High Counter', 'Unshaken Will', 'Salvation', 'Absorb Fire']
['Absorb Fire', 'Elec Amp', 'Wind Boost', 'High Counter', 'Wind Amp']
['Spell Master', 'Fire Boost', 'Mind Charge', 'Victory Cry', 'Niflheim']
['Wind Boost', 'Wind Amp', 'Ice Amp', 'Unshaken Will', 'Victory Cry']
['Salvation', 'Makarakarn', 'Fire Boost', 'High Counter', 'Wind Boost']
['Fire Boost', 'Absorb Fire', 'Mind Charge', 'Wind Boost', 'Makarakarn']
['Makarakarn', 'Ice Amp', 'Fire Boost', 'Wind Boost', 'Salvation']
['Fire Boost', 'Wind Boost', 'Elec Amp', 'Ice Amp', 'Spell Master']
['Mind Charge', 'Fire Boost', 'Wind Boost', 'High Counter', 'Absorb Fire']
['Wind Boost', 'Absorb Fire', 'Ice Amp', 'Wind Amp', 'Mind Charge']
['Wind Boost', 'Wind Amp', 'High Counter', 'Mind Charge', 'Salvation']
['Wind Boost', 'Fire Boost', 'High Counter', 'Elec Amp', 'Ice Amp']
['Wind Amp', 'Fire Boost', 'Wind Boost', 'Elec Amp', 'Ice Amp']
['Makarakarn', 'Fire Boost', 'Unshaken Will', 'Wind Amp', 'Elec Amp']
['Fire Boost', 'Makarakarn', 'Wind Amp', 'Mind Charge', 'Elec Amp']
['Mind Charge', 'Fire Boost', 'Victory Cry', 'Unshaken Will', 'Wind Boost']
['Wind Boost', 'Fire Boost', 'Mind Charge', 'Spell Master', 'Ice Amp']
['Ice Amp', 'Fire Boost', 'Mind Charge', 'Absorb Fire', 'Wind Amp']
['Elec Amp', 'Victory Cry', 'Wind Boost', 'Fire Boost', 'Absorb Fire']
['Elec Amp', 'Magarudyne', 'Fire Boost', 'Unshaken Will', 'High Counter']
['Wind Boost', 'Fire Boost', 'Salvation', 'Wind Amp', 'Absorb Fire']
['Salvation', 'Fire Boost', 'Ice Amp', 'Wind Boost', 'Unshaken Will']
['Elec Amp', 'Makarakarn', 'Wind Boost', 'Ice Amp', 'Mind Charge']
['Fire Boost', 'Absorb Fire', 'Wind Boost', 'High Counter', 'Wind Amp']
['Absorb Fire', 'High Counter', 'Spell Master', 'Wind Boost', 'Ice Amp']
['High Counter', 'Wind Boost', 'Fire Boost', 'Victory Cry', 'Elec Amp']
['Wind Boost', 'Wind Amp', 'Fire Boost', 'Ice Amp', 'Mind Charge']
['Ice Amp', 'High Counter', 'Mind Charge', 'Wind Boost', 'Makarakarn']
['Wind Boost', 'Salvation', 'Megidolaon', 'Mind Charge', 'Elec Amp']
['Magarudyne', 'Mind Charge', 'Makarakarn', 'Elec Amp', 'Wind Amp']
['Makarakarn', 'Elec Amp', 'Wind Boost', 'Ice Amp', 'Megidolaon']
['Makarakarn', 'Fire Boost', 'Elec Amp', 'Wind Amp', 'Unshaken Will']
['Wind Boost', 'Mind Charge', 'Ice Amp', 'Makarakarn', 'Absorb Fire']
['Elec Amp', 'Wind Boost', 'Makarakarn', 'Fire Boost', 'Magarudyne']
['Elec Amp', 'Victory Cry', 'Wind Boost', 'Spell Master', 'Ice Amp']
['Wind Boost', 'Makarakarn', 'High Counter', 'Mind Charge', 'Spell Master']
['Absorb Fire', 'Fire Boost', 'Makarakarn', 'Elec Amp', 'Wind Boost']
['High Counter', 'Fire Boost', 'Makarakarn', 'Wind Boost', 'Elec Amp']
['Wind Amp', 'Ice Amp', 'Elec Amp', 'Wind Boost', 'High Counter']
['Salvation', 'Wind Boost', 'Elec Amp', 'Ice Amp', 'Fire Boost']
['High Counter', 'Fire Boost', 'Unshaken Will', 'Absorb Fire', 'Spell Master']
['High Counter', 'Spell Master', 'Mind Charge', 'Makarakarn', 'Wind Boost']
['High Counter', 'Fire Boost', 'Ice Amp', 'Unshaken Will', 'Elec Amp']
['Fire Boost', 'Wind Amp', 'Ice Amp', 'Wind Boost', 'Magarudyne']
['Wind Boost', 'Elec Amp', 'Fire Boost', 'Absorb Fire', 'Makarakarn']
['Wind Boost', 'Makarakarn', 'Ice Amp', 'Elec Amp', 'Fire Boost']
['Ice Amp', 'Victory Cry', 'Absorb Fire', 'Wind Boost', 'Wind Amp']
['Elec Amp', 'Wind Boost', 'Victory Cry', 'Fire Boost', 'Spell Master']
['Ice Amp', 'High Counter', 'Fire Boost', 'Victory Cry', 'Wind Boost']
['Makarakarn', 'Wind Boost', 'Fire Boost', 'Absorb Fire', 'Elec Amp']
['High Counter', 'Wind Boost', 'Fire Boost', 'Salvation', 'Wind Amp']
['Fire Boost', 'Unshaken Will', 'Victory Cry', 'Mind Charge', 'Wind Boost']
['Wind Amp', 'Elec Amp', 'High Counter', 'Salvation', 'Wind Boost']
['Fire Boost', 'Absorb Fire', 'Wind Boost', 'Elec Amp', 'Wind Amp']
['Fire Boost', 'Elec Amp', 'Victory Cry', 'Salvation', 'Absorb Fire']
['Elec Amp', 'Makarakarn', 'Mind Charge', 'Wind Boost', 'Ice Amp']
['Absorb Fire', 'Niflheim', 'Ice Amp', 'Salvation', 'Fire Boost']
['Unshaken Will', 'Elec Amp', 'Wind Amp', 'Wind Boost', 'Absorb Fire']
['Ice Amp', 'Fire Boost', 'Elec Amp', 'Wind Boost', 'Makarakarn']
['Fire Boost', 'Elec Amp', 'High Counter', 'Ragnarok', 'Wind Amp']
['Magarudyne', 'Wind Amp', 'Fire Boost', 'Ice Amp', 'Salvation']
['Wind Boost', 'Fire Boost', 'Wind Amp', 'Ice Amp', 'High Counter']
['Unshaken Will', 'Fire Boost', 'Makarakarn', 'Wind Boost', 'Mind Charge']
['Wind Boost', 'Mind Charge', 'Absorb Fire', 'Wind Amp', 'Makarakarn']
['High Counter', 'Wind Amp', 'Elec Amp', 'Victory Cry', 'Mind Charge']
['Wind Amp', 'Makarakarn', 'Absorb Fire', 'Fire Boost', 'Spell Master']
['Victory Cry', 'Elec Amp', 'Wind Amp', 'Mind Charge', 'Ice Amp']
['Makarakarn', 'Mind Charge', 'Ice Amp', 'Victory Cry', 'Wind Amp']
['Elec Amp', 'Wind Amp', 'Ice Amp', 'Fire Boost', 'Mind Charge']
['Elec Amp', 'High Counter', 'Unshaken Will', 'Mind Charge', 'Wind Amp']
['Wind Boost', 'Ice Amp', 'Victory Cry', 'Elec Amp', 'Fire Boost']
['Ice Amp', 'Salvation', 'Wind Amp', 'Makarakarn', 'Mind Charge']
['Spell Master', 'Fire Boost', 'Unshaken Will', 'Wind Amp', 'Wind Boost']
['Elec Amp', 'Fire Boost', 'Victory Cry', 'Ice Amp', 'Magarudyne']
['Ice Amp', 'Fire Boost', 'Wind Amp', 'High Counter', 'Absorb Fire']
['Elec Amp', 'Wind Amp', 'Wind Boost', 'Fire Boost', 'High Counter']
['Wind Boost', 'Salvation', 'Fire Boost', 'Ice Amp', 'Makarakarn']
['Fire Boost', 'High Counter', 'Wind Amp', 'Wind Boost', 'Ice Amp']
['Wind Amp', 'Absorb Fire', 'Wind Boost', 'Magarudyne', 'Spell Master']
['Fire Boost', 'High Counter', 'Mind Charge', 'Makarakarn', 'Wind Boost']
['Ice Amp', 'Elec Amp', 'Wind Boost', 'Fire Boost', 'Ragnarok']
['Wind Amp', 'High Counter', 'Ice Amp', 'Absorb Fire', 'Spell Master']
['Wind Amp', 'Unshaken Will', 'Absorb Fire', 'Ice Amp', 'Wind Boost']
['Ice Amp', 'Fire Boost', 'Absorb Fire', 'High Counter', 'Makarakarn']
['Ice Amp', 'Elec Amp', 'Wind Amp', 'Fire Boost', 'Unshaken Will']
['Absorb Fire', 'Fire Boost', 'Mind Charge', 'Wind Boost', 'Spell Master']
['Fire Boost', 'Absorb Fire', 'Mind Charge', 'Ice Amp', 'Makarakarn']
['Wind Boost', 'Makarakarn', 'Ice Amp', 'Victory Cry', 'Salvation']
['High Counter', 'Elec Amp', 'Wind Boost', 'Salvation', 'Fire Boost']
['Spell Master', 'Wind Boost', 'Ice Amp', 'Elec Amp', 'High Counter']
['Absorb Fire', 'Fire Boost', 'Wind Boost', 'Salvation', 'Mind Charge']
['Wind Boost', 'Fire Boost', 'Ice Amp', 'Makarakarn', 'Victory Cry']
['Ice Amp', 'High Counter', 'Spell Master', 'Fire Boost', 'Absorb Fire']
['Fire Boost', 'Makarakarn', 'High Counter', 'Wind Boost', 'Ice Amp']
['Spell Master', 'Wind Boost', 'Fire Boost', 'Megidolaon', 'Wind Amp']
['Wind Amp', 'Elec Amp', 'Mind Charge', 'Magarudyne', 'Wind Boost']
['Elec Amp', 'Absorb Fire', 'Wind Boost', 'Fire Boost', 'Victory Cry']
['High Counter', 'Elec Amp', 'Ice Amp', 'Wind Boost', 'Fire Boost']
['High Counter', 'Wind Boost', 'Wind Amp', 'Fire Boost', 'Elec Amp']
['Mind Charge', 'Makarakarn', 'Fire Boost', 'Ice Amp', 'Salvation']
['Mind Charge', 'Magarudyne', 'Victory Cry', 'Ice Amp', 'Unshaken Will']
['Unshaken Will', 'High Counter', 'Elec Amp', 'Absorb Fire', 'Ice Amp']
['Fire Boost', 'Elec Amp', 'Absorb Fire', 'Salvation', 'Ice Amp']
['Niflheim', 'Mind Charge', 'High Counter', 'Ice Amp', 'Fire Boost']
['Ragnarok', 'Ice Amp', 'Magarudyne', 'Elec Amp', 'Wind Amp']
['Fire Boost', 'High Counter', 'Ice Amp', 'Elec Amp', 'Makarakarn']
['Ice Amp', 'Wind Boost', 'High Counter', 'Mind Charge', 'Wind Amp']
['Ice Amp', 'Salvation', 'High Counter', 'Mind Charge', 'Fire Boost']
['Salvation', 'Mind Charge', 'Fire Boost', 'Spell Master', 'Unshaken Will']
['Ice Amp', 'Wind Boost', 'Wind Amp', 'Fire Boost', 'Absorb Fire']
['Wind Amp', 'Elec Amp', 'Absorb Fire', 'Wind Boost', 'Spell Master']
['Fire Boost', 'Ice Amp', 'Wind Boost', 'Ragnarok', 'High Counter']
['High Counter', 'Absorb Fire', 'Victory Cry', 'Spell Master', 'Mind Charge']
['Makarakarn', 'Ice Amp', 'Absorb Fire', 'High Counter', 'Wind Boost']
['Elec Amp', 'Victory Cry', 'Makarakarn', 'Wind Amp', 'Ragnarok']
['High Counter', 'Fire Boost', 'Wind Boost', 'Ice Amp', 'Absorb Fire']
['High Counter', 'Fire Boost', 'Unshaken Will', 'Wind Boost', 'Magarudyne']
['Wind Amp', 'Fire Boost', 'High Counter', 'Megidolaon', 'Wind Boost']
['Fire Boost', 'High Counter', 'Wind Boost', 'Unshaken Will', 'Ice Amp']
['Elec Amp', 'Ice Amp', 'Mind Charge', 'Makarakarn', 'Wind Amp']
['Mind Charge', 'Wind Amp', 'Elec Amp', 'Makarakarn', 'Fire Boost']
['Absorb Fire', 'Ice Amp', 'High Counter', 'Salvation', 'Wind Boost']
['Wind Boost', 'Wind Amp', 'Fire Boost', 'Ice Amp', 'Megidolaon']
['Elec Amp', 'Makarakarn', 'Ice Amp', 'Fire Boost', 'Wind Amp']
['Wind Boost', 'Elec Amp', 'Ice Amp', 'Fire Boost', 'Absorb Fire']
['Absorb Fire', 'Fire Boost', 'Salvation', 'Ice Amp', 'Mind Charge']
['High Counter', 'Victory Cry', 'Wind Boost', 'Mind Charge', 'Absorb Fire']
['Wind Boost', 'Spell Master', 'Elec Amp', 'High Counter', 'Wind Amp']
['Ice Amp', 'Mind Charge', 'Wind Boost', 'Wind Amp', 'Elec Amp']
['Niflheim', 'Wind Boost', 'Mind Charge', 'Wind Amp', 'Fire Boost']
['Wind Boost', 'High Counter', 'Fire Boost', 'Unshaken Will', 'Elec Amp']
['Unshaken Will', 'Wind Boost', 'High Counter', 'Makarakarn', 'Mind Charge']
['Wind Amp', 'Victory Cry', 'Fire Boost', 'Wind Boost', 'Salvation']
['Fire Boost', 'Victory Cry', 'Wind Boost', 'Ragnarok', 'Makarakarn']
['Spell Master', 'Elec Amp', 'Absorb Fire', 'Megidolaon', 'Victory Cry']
['Elec Amp', 'Wind Amp', 'Wind Boost', 'Absorb Fire', 'Spell Master']
['Absorb Fire', 'Fire Boost', 'Salvation', 'Makarakarn', 'Mind Charge']
['Wind Amp', 'Victory Cry', 'High Counter', 'Fire Boost', 'Spell Master']
['Absorb Fire', 'Wind Boost', 'Victory Cry', 'Fire Boost', 'Spell Master']
['Mind Charge', 'Magarudyne', 'Victory Cry', 'Wind Boost', 'Salvation']
['Wind Boost', 'Fire Boost', 'Wind Amp', 'Mind Charge', 'Ice Amp']
['Wind Amp', 'Absorb Fire', 'Mind Charge', 'Elec Amp', 'Victory Cry']
['Fire Boost', 'Wind Boost', 'Victory Cry', 'Mind Charge', 'Elec Amp']
['Elec Amp', 'Wind Amp', 'Wind Boost', 'Ice Amp', 'High Counter']
['Fire Boost', 'Megidolaon', 'Wind Amp', 'Unshaken Will', 'Wind Boost']
['Spell Master', 'Wind Boost', 'Elec Amp', 'Absorb Fire', 'Unshaken Will']
['Mind Charge', 'Wind Amp', 'Spell Master', 'Wind Boost', 'Makarakarn']
['Spell Master', 'Wind Boost', 'Mind Charge', 'High Counter', 'Absorb Fire']
['Mind Charge', 'Wind Boost', 'Elec Amp', 'Makarakarn', 'Salvation']
['Mind Charge', 'Fire Boost', 'Makarakarn', 'Wind Boost', 'Unshaken Will']
['Wind Boost', 'Elec Amp', 'Absorb Fire', 'High Counter', 'Fire Boost']
['Fire Boost', 'Elec Amp', 'Wind Boost', 'Wind Amp', 'Mind Charge']
['Mind Charge', 'Fire Boost', 'High Counter', 'Wind Boost', 'Unshaken Will']
['Wind Amp', 'Fire Boost', 'Ice Amp', 'Mind Charge', 'Wind Boost']
['Fire Boost', 'Mind Charge', 'Spell Master', 'Makarakarn', 'Wind Boost']
['Mind Charge', 'Elec Amp', 'Fire Boost', 'Wind Boost', 'Victory Cry']
['Makarakarn', 'Wind Boost', 'Fire Boost', 'Salvation', 'Elec Amp']
['Wind Boost', 'Elec Amp', 'Wind Amp', 'Niflheim', 'Fire Boost']
['Salvation', 'Wind Boost', 'Spell Master', 'Ice Amp', 'Fire Boost']
['Makarakarn', 'Fire Boost', 'Ice Amp', 'Wind Boost', 'Wind Amp']
['Elec Amp', 'Fire Boost', 'Salvation', 'Ice Amp', 'Wind Amp']
['Wind Boost', 'Elec Amp', 'Fire Boost', 'Unshaken Will', 'Spell Master']
['Salvation', 'Absorb Fire', 'Wind Boost', 'Fire Boost', 'Ice Amp']
['Fire Boost', 'Wind Amp', 'Ice Amp', 'High Counter', 'Absorb Fire']
['Salvation', 'Ice Amp', 'Fire Boost', 'Wind Amp', 'Mind Charge']
['Ice Amp', 'Elec Amp', 'Fire Boost', 'Mind Charge', 'Absorb Fire']
['Fire Boost', 'Magarudyne', 'Wind Boost', 'High Counter', 'Ice Amp']
['Mind Charge', 'Fire Boost', 'Elec Amp', 'Absorb Fire', 'Ice Amp']
['Spell Master', 'Fire Boost', 'Absorb Fire', 'Elec Amp', 'Ice Amp']
['Wind Amp', 'Wind Boost', 'Salvation', 'Absorb Fire', 'Victory Cry']
['Wind Boost', 'Absorb Fire', 'Wind Amp', 'Fire Boost', 'High Counter']
['Makarakarn', 'Wind Boost', 'Elec Amp', 'Ice Amp', 'Victory Cry']
['Ice Amp', 'Wind Boost', 'Megidolaon', 'Fire Boost', 'Elec Amp']
['Wind Amp', 'Elec Amp', 'Wind Boost', 'Magarudyne', 'Niflheim']
['Ice Amp', 'Wind Amp', 'Elec Amp', 'Fire Boost', 'High Counter']
['Makarakarn', 'Wind Amp', 'Fire Boost', 'Unshaken Will', 'Elec Amp']
['Fire Boost', 'Ice Amp', 'Wind Boost', 'Wind Amp', 'Victory Cry']
['Fire Boost', 'Wind Amp', 'Elec Amp', 'Ice Amp', 'Unshaken Will']
['Salvation', 'Fire Boost', 'Absorb Fire', 'Mind Charge', 'High Counter']
['Elec Amp', 'Salvation', 'Mind Charge', 'Wind Boost', 'Makarakarn']
['Ice Amp', 'Wind Amp', 'Spell Master', 'Unshaken Will', 'Wind Boost']
['Niflheim', 'Salvation', 'High Counter', 'Wind Amp', 'Wind Boost']
['Wind Amp', 'Ice Amp', 'Mind Charge', 'Wind Boost', 'Fire Boost']
['Wind Boost', 'High Counter', 'Ice Amp', 'Victory Cry', 'Fire Boost']
['Mind Charge', 'Victory Cry', 'High Counter', 'Wind Boost', 'Elec Amp']
['Unshaken Will', 'Elec Amp', 'Fire Boost', 'Spell Master', 'Victory Cry']
['Absorb Fire', 'Mind Charge', 'Fire Boost', 'Wind Boost', 'Elec Amp']
['Spell Master', 'Mind Charge', 'Ice Amp', 'Absorb Fire', 'Wind Boost']
['Elec Amp', 'Fire Boost', 'Wind Boost', 'Ice Amp', 'High Counter']
['High Counter', 'Fire Boost', 'Wind Boost', 'Victory Cry', 'Wind Amp']
['Wind Boost', 'Fire Boost', 'Ice Amp', 'Wind Amp', 'High Counter']
['High Counter', 'Wind Amp', 'Ice Amp', 'Fire Boost', 'Wind Boost']
['Elec Amp', 'High Counter', 'Wind Boost', 'Makarakarn', 'Wind Amp']
['Unshaken Will', 'Wind Boost', 'Victory Cry', 'Fire Boost', 'Mind Charge']
['Victory Cry', 'Fire Boost', 'Elec Amp', 'Niflheim', 'Wind Boost']
['Elec Amp', 'Spell Master', 'Ice Amp', 'Mind Charge', 'Absorb Fire']
['High Counter', 'Absorb Fire', 'Magarudyne', 'Wind Boost', 'Mind Charge']
['Unshaken Will', 'Elec Amp', 'High Counter', 'Absorb Fire', 'Fire Boost']
['Ice Amp', 'Fire Boost', 'Absorb Fire', 'High Counter', 'Magarudyne']
['Absorb Fire', 'High Counter', 'Ice Amp', 'Wind Boost', 'Fire Boost']
['Elec Amp', 'Mind Charge', 'Unshaken Will', 'Wind Boost', 'Ice Amp']
['Wind Amp', 'Absorb Fire', 'Niflheim', 'Wind Boost', 'Ice Amp']
['Fire Boost', 'Absorb Fire', 'Wind Boost', 'Wind Amp', 'Unshaken Will']
['Salvation', 'Wind Boost', 'Niflheim', 'High Counter', 'Fire Boost']
['Fire Boost', 'Wind Boost', 'Ice Amp', 'Salvation', 'Wind Amp']
['Ice Amp', 'Absorb Fire', 'Makarakarn', 'Unshaken Will', 'Wind Boost']
['Magarudyne', 'Fire Boost', 'Mind Charge', 'Elec Amp', 'Spell Master']
['High Counter', 'Wind Boost', 'Salvation', 'Fire Boost', 'Ice Amp']
['Wind Amp', 'Wind Boost', 'Elec Amp', 'Fire Boost', 'Makarakarn']
['Mind Charge', 'Wind Boost', 'Wind Amp', 'Ice Amp', 'Spell Master']
['Mind Charge', 'Fire Boost', 'Spell Master', 'Wind Boost', 'Ice Amp']
['Ragnarok', 'Wind Amp', 'Ice Amp', 'Elec Amp', 'Wind Boost']
['High Counter', 'Ice Amp', 'Elec Amp', 'Wind Boost', 'Fire Boost']
['Elec Amp', 'Wind Boost', 'Wind Amp', 'Fire Boost', 'Mind Charge']
['Unshaken Will', 'Wind Amp', 'Ice Amp', 'Mind Charge', 'Salvation']
['Wind Amp', 'Absorb Fire', 'Salvation', 'Wind Boost', 'Fire Boost']
['Fire Boost', 'High Counter', 'Unshaken Will', 'Makarakarn', 'Salvation']
['Elec Amp', 'High Counter', 'Absorb Fire', 'Ice Amp', 'Fire Boost']
['Makarakarn', 'Wind Boost', 'Elec Amp', 'Mind Charge', 'Spell Master']
['Fire Boost', 'Elec Amp', 'Wind Amp', 'Salvation', 'Wind Boost']
['Wind Boost', 'Absorb Fire', 'Fire Boost', 'Salvation', 'Elec Amp']
['Makarakarn', 'Ice Amp', 'Elec Amp', 'Absorb Fire', 'Fire Boost']
['Wind Boost', 'Makarakarn', 'Spell Master', 'Fire Boost', 'Niflheim']
['Mind Charge', 'Spell Master', 'Ice Amp', 'High Counter', 'Fire Boost']
['Elec Amp', 'Ice Amp', 'Fire Boost', 'Spell Master', 'Wind Boost']
['Victory Cry', 'Makarakarn', 'Unshaken Will', 'Fire Boost', 'Absorb Fire']
['Elec Amp', 'High Counter', 'Mind Charge', 'Fire Boost', 'Wind Amp']
['Unshaken Will', 'Victory Cry', 'Wind Boost', 'Mind Charge', 'Ice Amp']
['Wind Boost', 'Unshaken Will', 'Elec Amp', 'Victory Cry', 'Fire Boost']
['Fire Boost', 'Mind Charge', 'Absorb Fire', 'Wind Boost', 'Spell Master']
['Fire Boost', 'Wind Boost', 'Ice Amp', 'Salvation', 'Makarakarn']
['Unshaken Will', 'Elec Amp', 'Fire Boost', 'Wind Amp', 'Wind Boost']
['Fire Boost', 'Wind Amp', 'Ice Amp', 'Wind Boost', 'Mind Charge']
['Wind Boost', 'Fire Boost', 'Makarakarn', 'Spell Master', 'Unshaken Will']
['Absorb Fire', 'Elec Amp', 'Wind Amp', 'Ice Amp', 'Niflheim']
['Elec Amp', 'Wind Boost', 'High Counter', 'Ice Amp', 'Victory Cry']
['Mind Charge', 'Niflheim', 'Fire Boost', 'Wind Amp', 'Ice Amp']
['Makarakarn', 'Elec Amp', 'Fire Boost', 'Mind Charge', 'Wind Boost']
['Fire Boost', 'Magarudyne', 'Absorb Fire', 'High Counter', 'Victory Cry']
['Ice Amp', 'Mind Charge', 'Wind Boost', 'Salvation', 'Unshaken Will']
['Mind Charge', 'Ice Amp', 'Fire Boost', 'Elec Amp', 'Wind Amp']
['Fire Boost', 'Wind Boost', 'Unshaken Will', 'Ice Amp', 'High Counter']
['Wind Boost', 'Absorb Fire', 'Ice Amp', 'Wind Amp', 'Unshaken Will']
['Absorb Fire', 'Salvation', 'Unshaken Will', 'Fire Boost', 'Spell Master']
['Wind Amp', 'Fire Boost', 'Wind Boost', 'High Counter', 'Spell Master']
['Ice Amp', 'Fire Boost', 'Makarakarn', 'Wind Amp', 'Mind Charge']
['Ice Amp', 'Spell Master', 'Makarakarn', 'Fire Boost', 'Wind Boost']
['Fire Boost', 'Elec Amp', 'Wind Boost', 'Wind Amp', 'Victory Cry']
['Fire Boost', 'Salvation', 'Elec Amp', 'Makarakarn', 'Magarudyne']
['Makarakarn', 'Wind Boost', 'Ice Amp', 'Fire Boost', 'Salvation']
['Elec Amp', 'Absorb Fire', 'Salvation', 'Wind Amp', 'Magarudyne']
['Salvation', 'Wind Amp', 'Ice Amp', 'Unshaken Will', 'Wind Boost']
['Absorb Fire', 'Salvation', 'Unshaken Will', 'Elec Amp', 'Mind Charge']
['Fire Boost', 'High Counter', 'Ice Amp', 'Wind Boost', 'Ragnarok']
['Makarakarn', 'Wind Boost', 'Victory Cry', 'Elec Amp', 'Spell Master']
['Elec Amp', 'Wind Boost', 'Fire Boost', 'Absorb Fire', 'Ice Amp']
['Ice Amp', 'Elec Amp', 'Unshaken Will', 'High Counter', 'Wind Amp']
['High Counter', 'Fire Boost', 'Mind Charge', 'Ice Amp', 'Wind Boost']
['High Counter', 'Wind Amp', 'Wind Boost', 'Elec Amp', 'Victory Cry']
['Absorb Fire', 'Wind Amp', 'Fire Boost', 'Ice Amp', 'Mind Charge']
['Wind Boost', 'High Counter', 'Spell Master', 'Victory Cry', 'Elec Amp']
['Mind Charge', 'Spell Master', 'Ice Amp', 'Wind Boost', 'Fire Boost']
['Fire Boost', 'Spell Master', 'Salvation', 'Mind Charge', 'High Counter']
['Fire Boost', 'Salvation', 'Wind Boost', 'Unshaken Will', 'Absorb Fire']
['High Counter', 'Wind Boost', 'Absorb Fire', 'Ice Amp', 'Fire Boost']
['Salvation', 'Wind Boost', 'Fire Boost', 'Elec Amp', 'Makarakarn']
['Unshaken Will', 'Mind Charge', 'Fire Boost', 'Makarakarn', 'High Counter']
['Mind Charge', 'Wind Boost', 'Wind Amp', 'Salvation', 'Absorb Fire']
['Wind Boost', 'Wind Amp', 'Fire Boost', 'Niflheim', 'Salvation']
['Fire Boost', 'Wind Amp', 'Wind Boost', 'Salvation', 'Elec Amp']
['Victory Cry', 'Absorb Fire', 'Wind Amp', 'Ice Amp', 'High Counter']
['Wind Boost', 'Magarudyne', 'Elec Amp', 'Fire Boost', 'Spell Master']
['Salvation', 'Victory Cry', 'Wind Boost', 'Makarakarn', 'Absorb Fire']
['Wind Boost', 'Spell Master', 'Salvation', 'Fire Boost', 'Elec Amp']
['Ice Amp', 'High Counter', 'Absorb Fire', 'Unshaken Will', 'Wind Amp']
['Ice Amp', 'Wind Boost', 'Elec Amp', 'Mind Charge', 'Wind Amp']
['High Counter', 'Spell Master', 'Wind Amp', 'Makarakarn', 'Absorb Fire']
['Fire Boost', 'Mind Charge', 'Wind Amp', 'Wind Boost', 'High Counter']
['Fire Boost', 'Mind Charge', 'Wind Boost', 'Ice Amp', 'High Counter']
['Salvation', 'Wind Boost', 'Ice Amp', 'Unshaken Will', 'Mind Charge']
['Fire Boost', 'Wind Boost', 'Makarakarn', 'Elec Amp', 'High Counter']
['Ice Amp', 'Spell Master', 'Makarakarn', 'Fire Boost', 'High Counter']
['Fire Boost', 'High Counter', 'Ice Amp', 'Mind Charge', 'Salvation']
['Mind Charge', 'Elec Amp', 'Wind Boost', 'Ice Amp', 'Fire Boost']
['Fire Boost', 'Victory Cry', 'Wind Boost', 'Makarakarn', 'Mind Charge']
['Wind Boost', 'Unshaken Will', 'Spell Master', 'Ragnarok', 'Absorb Fire']
['Wind Boost', 'Mind Charge', 'High Counter', 'Unshaken Will', 'Fire Boost']
['Wind Boost', 'Magarudyne', 'Elec Amp', 'Spell Master', 'Wind Amp']
['Fire Boost', 'Salvation', 'Ice Amp', 'Mind Charge', 'Wind Boost']
['Wind Amp', 'Victory Cry', 'Salvation', 'Fire Boost', 'Elec Amp']
['Elec Amp', 'Wind Boost', 'Mind Charge', 'Makarakarn', 'Magarudyne']
['Wind Boost', 'Ice Amp', 'Wind Amp', 'Absorb Fire', 'Mind Charge']
['High Counter', 'Wind Amp', 'Wind Boost', 'Elec Amp', 'Salvation']
['Wind Boost', 'Wind Amp', 'Fire Boost', 'Victory Cry', 'Makarakarn']
['Elec Amp', 'Fire Boost', 'Ice Amp', 'Wind Amp', 'Mind Charge']
['Fire Boost', 'Victory Cry', 'Mind Charge', 'Ice Amp', 'Wind Boost']
['Elec Amp', 'Wind Boost', 'Mind Charge', 'Fire Boost', 'Salvation']
['Ice Amp', 'Absorb Fire', 'Wind Boost', 'Ragnarok', 'Fire Boost']
['Ice Amp', 'Wind Boost', 'Mind Charge', 'High Counter', 'Fire Boost']
['Makarakarn', 'Ice Amp', 'Wind Boost', 'Elec Amp', 'Fire Boost']
['Makarakarn', 'Ice Amp', 'Elec Amp', 'Salvation', 'Absorb Fire']
['Spell Master', 'Ice Amp', 'Fire Boost', 'Wind Boost', 'Mind Charge']
['Salvation', 'Ice Amp', 'Wind Amp', 'Megidolaon', 'Wind Boost']
['Wind Amp', 'Absorb Fire', 'Ice Amp', 'Fire Boost', 'High Counter']
['Wind Boost', 'Mind Charge', 'Spell Master', 'Fire Boost', 'Elec Amp']
['Elec Amp', 'Fire Boost', 'Salvation', 'Wind Boost', 'Absorb Fire']
['Mind Charge', 'Megidolaon', 'Elec Amp', 'Wind Amp', 'Ice Amp']
['Ice Amp', 'High Counter', 'Wind Boost', 'Fire Boost', 'Elec Amp']
['Ice Amp', 'Makarakarn', 'High Counter', 'Salvation', 'Mind Charge']
['Ice Amp', 'High Counter', 'Wind Boost', 'Fire Boost', 'Salvation']
['Mind Charge', 'Wind Boost', 'Unshaken Will', 'Wind Amp', 'High Counter']
['Wind Boost', 'Absorb Fire', 'High Counter', 'Fire Boost', 'Mind Charge']
['Makarakarn', 'Wind Amp', 'Ice Amp', 'Wind Boost', 'High Counter']
['Makarakarn', 'High Counter', 'Absorb Fire', 'Fire Boost', 'Wind Amp']
['Makarakarn', 'Wind Boost', 'Mind Charge', 'High Counter', 'Fire Boost']
['Wind Boost', 'Fire Boost', 'Makarakarn', 'Unshaken Will', 'Victory Cry']
['High Counter', 'Fire Boost', 'Wind Boost', 'Elec Amp', 'Wind Amp']
['Spell Master', 'Wind Boost', 'Wind Amp', 'High Counter', 'Makarakarn']
['Ice Amp', 'Wind Boost', 'Absorb Fire', 'Wind Amp', 'Spell Master']
['Fire Boost', 'Elec Amp', 'Unshaken Will', 'High Counter', 'Mind Charge']
['Wind Boost', 'Salvation', 'Elec Amp', 'Fire Boost', 'Wind Amp']
['Ice Amp', 'Wind Boost', 'High Counter', 'Fire Boost', 'Makarakarn']
['Wind Boost', 'Fire Boost', 'Salvation', 'Niflheim', 'High Counter']
['Wind Amp', 'Ice Amp', 'Fire Boost', 'Mind Charge', 'Makarakarn']
['Salvation', 'Wind Boost', 'Mind Charge', 'Wind Amp', 'Ice Amp']
['Fire Boost', 'Elec Amp', 'Wind Boost', 'Magarudyne', 'High Counter']
['Elec Amp', 'Wind Amp', 'Absorb Fire', 'Fire Boost', 'High Counter']
['Wind Amp', 'Victory Cry', 'Ragnarok', 'Makarakarn', 'Fire Boost']
['Wind Boost', 'Ice Amp', 'High Counter', 'Fire Boost', 'Elec Amp']
['Makarakarn', 'Megidolaon', 'Ice Amp', 'Elec Amp', 'Unshaken Will']
['Ice Amp', 'Mind Charge', 'Victory Cry', 'Wind Amp', 'Wind Boost']
['High Counter', 'Fire Boost', 'Mind Charge', 'Elec Amp', 'Ice Amp']
['Fire Boost', 'Absorb Fire', 'Wind Boost', 'Wind Amp', 'Unshaken Will']
['Elec Amp', 'Wind Amp', 'Fire Boost', 'Absorb Fire', 'Mind Charge']
['Unshaken Will', 'Mind Charge', 'High Counter', 'Fire Boost', 'Wind Boost']
['Mind Charge', 'Wind Boost', 'Wind Amp', 'Ice Amp', 'Elec Amp']
['Mind Charge', 'Unshaken Will', 'Ice Amp', 'High Counter', 'Elec Amp']
['High Counter', 'Makarakarn', 'Wind Boost', 'Fire Boost', 'Ice Amp']
['Unshaken Will', 'Mind Charge', 'Salvation', 'Wind Amp', 'Fire Boost']
['Ice Amp', 'Mind Charge', 'Fire Boost', 'Wind Boost', 'Elec Amp']
['Wind Boost', 'Spell Master', 'Absorb Fire', 'Salvation', 'Ice Amp']
['Wind Amp', 'Wind Boost', 'Mind Charge', 'Fire Boost', 'Makarakarn']
['Fire Boost', 'Ice Amp', 'Unshaken Will', 'Wind Boost', 'Wind Amp']
['High Counter', 'Wind Boost', 'Mind Charge', 'Niflheim', 'Wind Amp']
['Wind Amp', 'Ice Amp', 'Fire Boost', 'Victory Cry', 'Ragnarok']
['Fire Boost', 'Ice Amp', 'Unshaken Will', 'Wind Boost', 'Elec Amp']
['Elec Amp', 'Fire Boost', 'High Counter', 'Wind Amp', 'Mind Charge']
['Absorb Fire', 'Wind Boost', 'Ice Amp', 'Makarakarn', 'Victory Cry']
['Wind Amp', 'Wind Boost', 'Unshaken Will', 'High Counter', 'Fire Boost']
['Salvation', 'Wind Boost', 'Makarakarn', 'Ice Amp', 'Wind Amp']
['Wind Amp', 'Elec Amp', 'Spell Master', 'Ice Amp', 'Fire Boost']
['High Counter', 'Wind Amp', 'Makarakarn', 'Unshaken Will', 'Ice Amp']
['Magarudyne', 'Wind Boost', 'Ice Amp', 'Absorb Fire', 'Elec Amp']
['Elec Amp', 'Ice Amp', 'Wind Amp', 'Fire Boost', 'Mind Charge']
['Elec Amp', 'High Counter', 'Wind Boost', 'Fire Boost', 'Ice Amp']
['Fire Boost', 'Wind Boost', 'Wind Amp', 'Ragnarok', 'Ice Amp']
['Mind Charge', 'Wind Boost', 'Wind Amp', 'High Counter', 'Spell Master']
['Wind Boost', 'Fire Boost', 'Elec Amp', 'Wind Amp', 'Makarakarn']
['Makarakarn', 'Fire Boost', 'Megidolaon', 'Elec Amp', 'Unshaken Will']
['Fire Boost', 'Spell Master', 'Elec Amp', 'Absorb Fire', 'Wind Boost']
['Wind Amp', 'Wind Boost', 'Fire Boost', 'Absorb Fire', 'Salvation']
['Wind Boost', 'High Counter', 'Salvation', 'Wind Amp', 'Fire Boost']
['Ice Amp', 'Fire Boost', 'Salvation', 'Unshaken Will', 'High Counter']
['Ice Amp', 'Fire Boost', 'Elec Amp', 'Makarakarn', 'Niflheim']
['Absorb Fire', 'Elec Amp', 'High Counter', 'Megidolaon', 'Wind Boost']
['Fire Boost', 'Elec Amp', 'Makarakarn', 'Salvation', 'Wind Amp']
['High Counter', 'Wind Boost', 'Salvation', 'Wind Amp', 'Ice Amp']
['Elec Amp', 'Spell Master', 'Fire Boost', 'Wind Boost', 'Mind Charge']
['Wind Boost', 'Fire Boost', 'High Counter', 'Mind Charge', 'Makarakarn']
['Victory Cry', 'Wind Amp', 'Ice Amp', 'Wind Boost', 'High Counter']
['Fire Boost', 'Mind Charge', 'High Counter', 'Spell Master', 'Wind Boost']
['Elec Amp', 'Magarudyne', 'Fire Boost', 'Mind Charge', 'Salvation']
['Unshaken Will', 'Victory Cry', 'Megidolaon', 'High Counter', 'Makarakarn']
['Mind Charge', 'Fire Boost', 'Wind Boost', 'Spell Master', 'Megidolaon']
['Fire Boost', 'Ice Amp', 'Unshaken Will', 'Wind Amp', 'Magarudyne']
['Ragnarok', 'Mind Charge', 'High Counter', 'Wind Boost', 'Elec Amp']
['Fire Boost', 'High Counter', 'Wind Boost', 'Unshaken Will', 'Magarudyne']
['Fire Boost', 'Elec Amp', 'Wind Amp', 'Niflheim', 'Mind Charge']
['Makarakarn', 'Elec Amp', 'High Counter', 'Fire Boost', 'Wind Amp']
['Wind Amp', 'Fire Boost', 'Wind Boost', 'Spell Master', 'Ice Amp']
['Magarudyne', 'Fire Boost', 'Wind Boost', 'Wind Amp', 'Elec Amp']
['Fire Boost', 'Wind Amp', 'Mind Charge', 'Victory Cry', 'Wind Boost']
['Victory Cry', 'Ice Amp', 'Fire Boost', 'Elec Amp', 'Absorb Fire']
['Fire Boost', 'Wind Boost', 'Elec Amp', 'Salvation', 'Mind Charge']
['Victory Cry', 'Wind Boost', 'Fire Boost', 'Absorb Fire', 'Ice Amp']
['Elec Amp', 'High Counter', 'Unshaken Will', 'Ice Amp', 'Fire Boost']
['Fire Boost', 'Wind Boost', 'Absorb Fire', 'Ice Amp', 'Victory Cry']
['Mind Charge', 'Wind Amp', 'Salvation', 'Ice Amp', 'Fire Boost']
['Mind Charge', 'Wind Boost', 'High Counter', 'Fire Boost', 'Absorb Fire']
['Mind Charge', 'Makarakarn', 'Fire Boost', 'Unshaken Will', 'Spell Master']
['Elec Amp', 'Mind Charge', 'Fire Boost', 'Victory Cry', 'Magarudyne']
['Wind Boost', 'Ragnarok', 'Absorb Fire', 'Fire Boost', 'Makarakarn']
['Absorb Fire', 'Makarakarn', 'Unshaken Will', 'Victory Cry', 'High Counter']
['Wind Amp', 'Fire Boost', 'Spell Master', 'Unshaken Will', 'Salvation']
['Wind Boost', 'Mind Charge', 'Ice Amp', 'Victory Cry', 'Wind Amp']
['Fire Boost', 'Makarakarn', 'Mind Charge', 'Ice Amp', 'Spell Master']
['Salvation', 'High Counter', 'Wind Boost', 'Mind Charge', 'Fire Boost']
['Makarakarn', 'Wind Amp', 'Wind Boost', 'Elec Amp', 'High Counter']
['Fire Boost', 'Elec Amp', 'High Counter', 'Wind Amp', 'Wind Boost']
