['Re Patra', 'Bufu', 'Me Patra', 'Garula']
['Re Patra', 'Garu', 'Rakukaja', 'Auto-Rakukaja']
['Re Patra', 'Me Patra', 'Auto-Tarukaja', 'Rakukaja']
['Auto-Rakukaja', 'Dodge Wind', 'Rakukaja', 'Magaru']
['Bufu', 'Dodge Wind', 'Garula', 'Me Patra']
['Wind Boost', 'Auto-Rakukaja', 'Me Patra', 'Garu']
['Wind Boost', 'Magaru', 'Auto-Tarukaja', 'Dodge Wind']
['Rakukaja', 'Re Patra', 'Dodge Wind', 'Tarukaja']
['Re Patra', 'Magaru', 'Matarukaja', 'Dodge Wind']
['Rakukaja', 'Me Patra', 'Matarukaja', 'Tarukaja']
['Magaru', 'Auto-Rakukaja', 'Tarukaja', 'Me Patra']
['Dodge Wind', 'Bufu', 'Rakukaja', 'Tarukaja']
['Re Patra', 'Tarukaja', 'Dodge Wind', 'Garu']
['Power Charge', 'Garu', 'Tarukaja', 'Me Patra']
['Tarukaja', 'Recarm', 'Auto-Tarukaja', 'Power Charge']
['Auto-Rakukaja', 'Magaru', 'Matarukaja', 'Re Patra']
['Wind Boost', 'Me Patra', 'Mazionga', 'Auto-Tarukaja']
['Wind Boost', 'Rakukaja', 'Auto-Rakukaja', 'Me Patra']
['Tarukaja', 'Matarukaja', 'Auto-Tarukaja', 'Power Charge']
['Tarukaja', 'Matarukaja', 'Rakukaja', 'Auto-Tarukaja']
['Rakukaja', 'Auto-Rakukaja', 'Tarukaja', 'Garula']
['Rakukaja', 'Tarukaja', 'Power Charge', 'Dodge Wind']
['Tarukaja', 'Recarm', 'Dodge Wind', 'Power Charge']
['Auto-Tarukaja', 'Rakukaja', 'Power Charge', 'Dodge Wind']
['Auto-Rakukaja', 'Wind Boost', 'Power Charge', 'Rakukaja']
['Re Patra', 'Me Patra', 'Tarukaja', 'Auto-Rakukaja']
['Me Patra', 'Re Patra', 'Rakukaja', 'Wind Boost']
['Power Charge', 'Tarukaja', 'Re Patra', 'Auto-Tarukaja']
['Dodge Wind', 'Tarukaja', 'Garu', 'Auto-Rakukaja']
['Bufu', 'Re Patra', 'Recarm', 'Tarukaja']
['Power Charge', 'Rakukaja', 'Tarukaja', 'Me Patra']
['Dodge Wind', 'Rakukaja', 'Bufu', 'Matarukaja']
['Rakukaja', 'Wind Boost', 'Tarukaja', 'Auto-Rakukaja']
['Recarm', 'Rakukaja', 'Garu', 'Wind Boost']
['Me Patra', 'Re Patra', 'Matarukaja', 'Auto-Rakukaja']
['Auto-Tarukaja', 'Rakukaja', 'Bufu', 'Dodge Wind']
['Wind Boost', 'Auto-Rakukaja', 'Auto-Tarukaja', 'Recarm']
['Tarukaja', 'Re Patra', 'Auto-Rakukaja', 'Auto-Tarukaja']
['Me Patra', 'Re Patra', 'Auto-Tarukaja', 'Auto-Rakukaja']
['Re Patra', 'Rakukaja', 'Power Charge', 'Me Patra']
['Auto-Rakukaja', 'Recarm', 'Rakukaja', 'Garu']
['Auto-Rakukaja', 'Re Patra', 'Rakukaja', 'Magaru']
['Rakukaja', 'Auto-Tarukaja', 'Magaru', 'Re Patra']
['Matarukaja', 'Magaru', 'Rakukaja', 'Dodge Wind']
['Rakukaja', 'Tarukaja', 'Dodge Wind', 'Wind Boost']
['Power Charge', 'Bufu', 'Wind Boost', 'Me Patra']
['Re Patra', 'Magaru', 'Rakukaja', 'Tarukaja']
['Re Patra', 'Auto-Tarukaja', 'Dodge Wind', 'Matarukaja']
['Matarukaja', 'Re Patra', 'Power Charge', 'Dodge Wind']
['Matarukaja', 'Bufu', 'Garu', 'Re Patra']
['Auto-Tarukaja', 'Garula', 'Power Charge', 'Re Patra']
['Dodge Wind', 'Wind Boost', 'Power Charge', 'Tarukaja']
['Mazionga', 'Auto-Tarukaja', 'Tarukaja', 'Magaru']
['Dodge Wind', 'Wind Boost', 'Tarukaja', 'Auto-Tarukaja']
['Bufu', 'Me Patra', 'Rakukaja', 'Garu']
['Tarukaja', 'Auto-Tarukaja', 'Garu', 'Bufu']
['Tarukaja', 'Magaru', 'Dodge Wind', 'Rakukaja']
['Rakukaja', 'Me Patra', 'Auto-Tarukaja', 'Recarm']
['Re Patra', 'Rakukaja', 'Bufu', 'Mazionga']
['Rakukaja', 'Wind Boost', 'Auto-Tarukaja', 'Re Patra']
['Wind Boost', 'Re Patra', 'Bufu', 'Auto-Tarukaja']
['Matarukaja', 'Tarukaja', 'Bufu', 'Garu']
['Rakukaja', 'Dodge Wind', 'Tarukaja', 'Me Patra']
['Rakukaja', 'Recarm', 'Tarukaja', 'Auto-Tarukaja']
['Wind Boost', 'Re Patra', 'Auto-Rakukaja', 'Auto-Tarukaja']
['Matarukaja', 'Garu', 'Tarukaja', 'Auto-Rakukaja']
['Re Patra', 'Power Charge', 'Auto-Tarukaja', 'Tarukaja']
['Me Patra', 'Recarm', 'Power Charge', 'Auto-Rakukaja']
['Recarm', 'Tarukaja', 'Re Patra', 'Wind Boost']
['Bufu', 'Matarukaja', 'Wind Boost', 'Dodge Wind']
['Magaru', 'Rakukaja', 'Recarm', 'Auto-Rakukaja']
['Re Patra', 'Power Charge', 'Auto-Rakukaja', 'Magaru']
['Power Charge', 'Tarukaja', 'Rakukaja', 'Me Patra']
['Bufu', 'Me Patra', 'Rakukaja', 'Wind Boost']
['Power Charge', 'Auto-Tarukaja', 'Me Patra', 'Wind Boost']
['Magaru', 'Wind Boost', 'Rakukaja', 'Auto-Tarukaja']
['Auto-Tarukaja', 'Recarm', 'Rakukaja', 'Mazionga']
['Wind Boost', 'Tarukaja', 'Me Patra', 'Re Patra']
['Auto-Tarukaja', 'Re Patra', 'Tarukaja', 'Wind Boost']
['Auto-Rakukaja', 'Re Patra', 'Bufu', 'Dodge Wind']
['Power Charge', 'Me Patra', 'Dodge Wind', 'Wind Boost']
['Garula', 'Power Charge', 'Matarukaja', 'Re Patra']
['Power Charge', 'Dodge Wind', 'Garu', 'Bufu']
['Rakukaja', 'Re Patra', 'Tarukaja', 'Auto-Rakukaja']
['Wind Boost', 'Auto-Rakukaja', 'Tarukaja', 'Re Patra']
['Tarukaja', 'Wind Boost', 'Me Patra', 'Auto-Rakukaja']
['Recarm', 'Dodge Wind', 'Auto-Rakukaja', 'Bufu']
['Dodge Wind', 'Auto-Tarukaja', 'Re Patra', 'Matarukaja']
['Wind Boost', 'Re Patra', 'Rakukaja', 'Tarukaja']
['Rakukaja', 'Tarukaja', 'Matarukaja', 'Auto-Rakukaja']
['Power Charge', 'Rakukaja', 'Auto-Rakukaja', 'Me Patra']
['Recarm', 'Rakukaja', 'Bufu', 'Auto-Tarukaja']
['Re Patra', 'Power Charge', 'Auto-Tarukaja', 'Me Patra']
['Auto-Rakukaja', 'Matarukaja', 'Bufu', 'Dodge Wind']
['Wind Boost', 'Rakukaja', 'Auto-Rakukaja', 'Re Patra']
['Re Patra', 'Garu', 'Rakukaja', 'Matarukaja']
['Re Patra', 'Recarm', 'Me Patra', 'Wind Boost']
['Wind Boost', 'Auto-Tarukaja', 'Garu', 'Re Patra']
['Power Charge', 'Garu', 'Auto-Rakukaja', 'Rakukaja']
['Bufu', 'Re Patra', 'Dodge Wind', 'Auto-Rakukaja']
['Dodge Wind', 'Bufu', 'Rakukaja', 'Mazionga']
['Rakukaja', 'Garu', 'Matarukaja', 'Wind Boost']
['Matarukaja', 'Rakukaja', 'Re Patra', 'Tarukaja']
['Me Patra', 'Magaru', 'Rakukaja', 'Wind Boost']
['Wind Boost', 'Auto-Rakukaja', 'Tarukaja', 'Power Charge']
['Auto-Rakukaja', 'Auto-Tarukaja', 'Garu', 'Re Patra']
['Me Patra', 'Power Charge', 'Auto-Rakukaja', 'Tarukaja']
['Re Patra', 'Wind Boost', 'Me Patra', 'Garula']
['Recarm', 'Auto-Tarukaja', 'Dodge Wind', 'Wind Boost']
['Wind Boost', 'Garula', 'Re Patra', 'Me Patra']
['Auto-Rakukaja', 'Tarukaja', 'Rakukaja', 'Wind Boost']
['Wind Boost', 'Auto-Rakukaja', 'Matarukaja', 'Me Patra']
['Tarukaja', 'Me Patra', 'Matarukaja', 'Auto-Tarukaja']
['Dodge Wind', 'Me Patra', 'Garula', 'Matarukaja']
['Matarukaja', 'Tarukaja', 'Wind Boost', 'Auto-Rakukaja']
['Re Patra', 'Wind Boost', 'Bufu', 'Rakukaja']
['Bufu', 'Wind Boost', 'Magaru', 'Matarukaja']
['Rakukaja', 'Wind Boost', 'Re Patra', 'Power Charge']
['Wind Boost', 'Rakukaja', 'Tarukaja', 'Me Patra']
['Me Patra', 'Rakukaja', 'Matarukaja', 'Recarm']
['Power Charge', 'Recarm', 'Re Patra', 'Rakukaja']
['Power Charge', 'Rakukaja', 'Tarukaja', 'Garu']
['Matarukaja', 'Auto-Rakukaja', 'Me Patra', 'Re Patra']
['Bufu', 'Rakukaja', 'Recarm', 'Power Charge']
['Recarm', 'Tarukaja', 'Dodge Wind', 'Matarukaja']
['Tarukaja', 'Wind Boost', 'Garula', 'Rakukaja']
['Auto-Tarukaja', 'Re Patra', 'Wind Boost', 'Dodge Wind']
['Me Patra', 'Auto-Tarukaja', 'Wind Boost', 'Auto-Rakukaja']
['Me Patra', 'Tarukaja', 'Re Patra', 'Bufu']
['Re Patra', 'Tarukaja', 'Recarm', 'Wind Boost']
['Power Charge', 'Matarukaja', 'Tarukaja', 'Me Patra']
['Rakukaja', 'Re Patra', 'Auto-Rakukaja', 'Auto-Tarukaja']
['Wind Boost', 'Auto-Rakukaja', 'Re Patra', 'Dodge Wind']
['Wind Boost', 'Auto-Rakukaja', 'Tarukaja', 'Power Charge']
['Recarm', 'Tarukaja', 'Power Charge', 'Re Patra']
['Garula', 'Dodge Wind', 'Rakukaja', 'Auto-Tarukaja']
['Auto-Tarukaja', 'Re Patra', 'Garu', 'Wind Boost']
['Tarukaja', 'Auto-Tarukaja', 'Me Patra', 'Wind Boost']
['Garu', 'Bufu', 'Re Patra', 'Matarukaja']
['Wind Boost', 'Power Charge', 'Recarm', 'Dodge Wind']
['Garu', 'Recarm', 'Re Patra', 'Matarukaja']
['Auto-Tarukaja', 'Dodge Wind', 'Tarukaja', 'Power Charge']
['Re Patra', 'Garu', 'Me Patra', 'Wind Boost']
['Re Patra', 'Wind Boost', 'Dodge Wind', 'Rakukaja']
['Auto-Rakukaja', 'Dodge Wind', 'Recarm', 'Re Patra']
['Auto-Rakukaja', 'Tarukaja', 'Garu', 'Me Patra']
['Wind Boost', 'Dodge Wind', 'Tarukaja', 'Me Patra']
['Auto-Rakukaja', 'Rakukaja', 'Dodge Wind', 'Power Charge']
['Auto-Rakukaja', 'Wind Boost', 'Garu', 'Recarm']
['Rakukaja', 'Magaru', 'Mazionga', 'Auto-Tarukaja']
['Wind Boost', 'Me Patra', 'Re Patra', 'Recarm']
['Garu', 'Dodge Wind', 'Power Charge', 'Wind Boost']
['Auto-Rakukaja', 'Re Patra', 'Power Charge', 'Me Patra']
['Wind Boost', 'Rakukaja', 'Power Charge', 'Recarm']
['Auto-Rakukaja', 'Re Patra', 'Tarukaja', 'Me Patra']
['Wind Boost', 'Tarukaja', 'Me Patra', 'Re Patra']
['Bufu', 'Tarukaja', 'Me Patra', 'Auto-Rakukaja']
['Magaru', 'Auto-Tarukaja', 'Dodge Wind', 'Rakukaja']
['Wind Boost', 'Auto-Rakukaja', 'Tarukaja', 'Re Patra']
['Wind Boost', 'Matarukaja', 'Garu', 'Tarukaja']
['Re Patra', 'Matarukaja', 'Garula', 'Power Charge']
['Re Patra', 'Dodge Wind', 'Matarukaja', 'Power Charge']
['Dodge Wind', 'Tarukaja', 'Re Patra', 'Auto-Rakukaja']
['Auto-Tarukaja', 'Recarm', 'Dodge Wind', 'Auto-Rakukaja']
['Auto-Rakukaja', 'Re Patra', 'Rakukaja', 'Recarm']
['Auto-Rakukaja', 'Garu', 'Matarukaja', 'Auto-Tarukaja']
['Tarukaja', 'Me Patra', 'Rakukaja', 'Re Patra']
['Matarukaja', 'Bufu', 'Auto-Rakukaja', 'Tarukaja']
['Me Patra', 'Garu', 'Matarukaja', 'Auto-Rakukaja']
['Garu', 'Auto-Rakukaja', 'Tarukaja', 'Recarm']
['Tarukaja', 'Wind Boost', 'Auto-Tarukaja', 'Recarm']
['Power Charge', 'Re Patra', 'Auto-Rakukaja', 'Dodge Wind']
['Auto-Rakukaja', 'Tarukaja', 'Garu', 'Mazionga']
['Power Charge', 'Wind Boost', 'Tarukaja', 'Dodge Wind']
['Re Patra', 'Dodge Wind', 'Power Charge', 'Tarukaja']
['Tarukaja', 'Matarukaja', 'Mazionga', 'Rakukaja']
['Recarm', 'Bufu', 'Rakukaja', 'Re Patra']
['Wind Boost', 'Power Charge', 'Auto-Rakukaja', 'Dodge Wind']
['Re Patra', 'Power Charge', 'Garu', 'Rakukaja']
['Wind Boost', 'Me Patra', 'Matarukaja', 'Recarm']
['Garu', 'Magaru', 'Tarukaja', 'Recarm']
['Auto-Tarukaja', 'Wind Boost', 'Matarukaja', 'Re Patra']
['Power Charge', 'Re Patra', 'Auto-Tarukaja', 'Wind Boost']
['Wind Boost', 'Power Charge', 'Tarukaja', 'Recarm']
['Dodge Wind', 'Garu', 'Re Patra', 'Tarukaja']
['Power Charge', 'Bufu', 'Auto-Rakukaja', 'Wind Boost']
['Matarukaja', 'Rakukaja', 'Magaru', 'Me Patra']
['Dodge Wind', 'Rakukaja', 'Wind Boost', 'Matarukaja']
['Rakukaja', 'Tarukaja', 'Magaru', 'Dodge Wind']
['Power Charge', 'Bufu', 'Rakukaja', 'Tarukaja']
['Rakukaja', 'Re Patra', 'Bufu', 'Tarukaja']
['Garula', 'Tarukaja', 'Re Patra', 'Rakukaja']
['Re Patra', 'Wind Boost', 'Dodge Wind', 'Auto-Rakukaja']
['Re Patra', 'Wind Boost', 'Rakukaja', 'Tarukaja']
['Auto-Rakukaja', 'Rakukaja', 'Tarukaja', 'Matarukaja']
['Wind Boost', 'Garu', 'Matarukaja', 'Rakukaja']
['Tarukaja', 'Dodge Wind', 'Wind Boost', 'Auto-Rakukaja']
['Me Patra', 'Rakukaja', 'Wind Boost', 'Auto-Rakukaja']
['Power Charge', 'Auto-Tarukaja', 'Magaru', 'Tarukaja']
['Power Charge', 'Tarukaja', 'Matarukaja', 'Rakukaja']
['Re Patra', 'Mazionga', 'Auto-Rakukaja', 'Power Charge']
['Matarukaja', 'Re Patra', 'Wind Boost', 'Dodge Wind']
['Tarukaja', 'Wind Boost', 'Bufu', 'Auto-Tarukaja']
['Dodge Wind', 'Recarm', 'Tarukaja', 'Rakukaja']
['Power Charge', 'Tarukaja', 'Re Patra', 'Rakukaja']
['Re Patra', 'Tarukaja', 'Recarm', 'Matarukaja']
['Rakukaja', 'Auto-Tarukaja', 'Tarukaja', 'Power Charge']
['Wind Boost', 'Matarukaja', 'Bufu', 'Rakukaja']
['Magaru', 'Auto-Tarukaja', 'Dodge Wind', 'Matarukaja']
['Wind Boost', 'Recarm', 'Re Patra', 'Matarukaja']
['Dodge Wind', 'Matarukaja', 'Re Patra', 'Auto-Tarukaja']
['Matarukaja', 'Wind Boost', 'Power Charge', 'Auto-Rakukaja']
['Magaru', 'Tarukaja', 'Me Patra', 'Auto-Tarukaja']
['Re Patra', 'Garu', 'Auto-Rakukaja', 'Wind Boost']
['Wind Boost', 'Dodge Wind', 'Bufu', 'Matarukaja']
['Re Patra', 'Power Charge', 'Bufu', 'Tarukaja']
['Re Patra', 'Me Patra', 'Auto-Rakukaja', 'Auto-Tarukaja']
['Rakukaja', 'Power Charge', 'Recarm', 'Wind Boost']
['Matarukaja', 'Tarukaja', 'Bufu', 'Auto-Rakukaja']
['Dodge Wind', 'Re Patra', 'Rakukaja', 'Auto-Tarukaja']
['Tarukaja', 'Rakukaja', 'Wind Boost', 'Re Patra']
['Me Patra', 'Tarukaja', 'Dodge Wind', 'Re Patra']
['Recarm', 'Auto-Tarukaja', 'Wind Boost', 'Me Patra']
['Matarukaja', 'Wind Boost', 'Dodge Wind', 'Bufu']
['Wind Boost', 'Tarukaja', 'Magaru', 'Garu']
['Garula', 'Wind Boost', 'Magaru', 'Auto-Rakukaja']
['Bufu', 'Garu', 'Garula', 'Re Patra']
['Tarukaja', 'Dodge Wind', 'Auto-Rakukaja', 'Auto-Tarukaja']
['Rakukaja', 'Tarukaja', 'Re Patra', 'Dodge Wind']
['Bufu', 'Dodge Wind', 'Auto-Tarukaja', 'Wind Boost']
['Matarukaja', 'Bufu', 'Tarukaja', 'Re Patra']
['Re Patra', 'Magaru', 'Wind Boost', 'Rakukaja']
['Auto-Rakukaja', 'Dodge Wind', 'Tarukaja', 'Me Patra']
['Dodge Wind', 'Auto-Tarukaja', 'Wind Boost', 'Re Patra']
['Wind Boost', 'Tarukaja', 'Re Patra', 'Recarm']
['Tarukaja', 'Magaru', 'Power Charge', 'Me Patra']
['Recarm', 'Power Charge', 'Me Patra', 'Wind Boost']
['Dodge Wind', 'Garu', 'Tarukaja', 'Garula']
['Wind Boost', 'Me Patra', 'Bufu', 'Garu']
['Rakukaja', 'Wind Boost', 'Garula', 'Auto-Rakukaja']
['Tarukaja', 'Me Patra', 'Wind Boost', 'Rakukaja']
['Dodge Wind', 'Tarukaja', 'Rakukaja', 'Wind Boost']
['Wind Boost', 'Auto-Tarukaja', 'Tarukaja', 'Me Patra']
['Recarm', 'Tarukaja', 'Matarukaja', 'Power Charge']
['Rakukaja', 'Auto-Tarukaja', 'Tarukaja', 'Dodge Wind']
['Re Patra', 'Auto-Tarukaja', 'Wind Boost', 'Me Patra']
['Tarukaja', 'Me Patra', 'Rakukaja', 'Dodge Wind']
['Rakukaja', 'Me Patra', 'Auto-Tarukaja', 'Recarm']
['Rakukaja', 'Power Charge', 'Recarm', 'Auto-Rakukaja']
['Garula', 'Tarukaja', 'Magaru', 'Re Patra']
['Rakukaja', 'Dodge Wind', 'Auto-Tarukaja', 'Garu']
['Tarukaja', 'Wind Boost', 'Auto-Tarukaja', 'Recarm']
['Dodge Wind', 'Bufu', 'Recarm', 'Re Patra']
['Wind Boost', 'Me Patra', 'Dodge Wind', 'Auto-Tarukaja']
['Rakukaja', 'Auto-Tarukaja', 'Wind Boost', 'Mazionga']
['Recarm', 'Wind Boost', 'Garula', 'Rakukaja']
['Recarm', 'Me Patra', 'Matarukaja', 'Auto-Rakukaja']
['Magaru', 'Auto-Tarukaja', 'Re Patra', 'Auto-Rakukaja']
['Bufu', 'Power Charge', 'Garu', 'Mazionga']
['Garu', 'Auto-Rakukaja', 'Dodge Wind', 'Me Patra']
['Recarm', 'Re Patra', 'Rakukaja', 'Bufu']
['Auto-Tarukaja', 'Dodge Wind', 'Bufu', 'Rakukaja']
['Auto-Tarukaja', 'Me Patra', 'Rakukaja', 'Recarm']
['Wind Boost', 'Dodge Wind', 'Rakukaja', 'Power Charge']
['Auto-Tarukaja', 'Recarm', 'Re Patra', 'Power Charge']
['Wind Boost', 'Dodge Wind', 'Recarm', 'Auto-Tarukaja']
['Me Patra', 'Recarm', 'Wind Boost', 'Tarukaja']
['Dodge Wind', 'Matarukaja', 'Me Patra', 'Rakukaja']
['Tarukaja', 'Power Charge', 'Matarukaja', 'Rakukaja']
['Wind Boost', 'Auto-Rakukaja', 'Magaru', 'Me Patra']
['Me Patra', 'Power Charge', 'Dodge Wind', 'Wind Boost']
['Dodge Wind', 'Power Charge', 'Wind Boost', 'Auto-Rakukaja']
['Rakukaja', 'Wind Boost', 'Garu', 'Re Patra']
['Dodge Wind', 'Recarm', 'Wind Boost', 'Tarukaja']
['Auto-Tarukaja', 'Magaru', 'Bufu', 'Power Charge']
['Wind Boost', 'Me Patra', 'Power Charge', 'Re Patra']
['Wind Boost', 'Power Charge', 'Auto-Tarukaja', 'Dodge Wind']
['Auto-Tarukaja', 'Wind Boost', 'Auto-Rakukaja', 'Me Patra']
['Re Patra', 'Rakukaja', 'Tarukaja', 'Me Patra']
['Re Patra', 'Dodge Wind', 'Wind Boost', 'Recarm']
['Magaru', 'Tarukaja', 'Matarukaja', 'Auto-Rakukaja']
['Wind Boost', 'Auto-Tarukaja', 'Re Patra', 'Dodge Wind']
['Rakukaja', 'Power Charge', 'Dodge Wind', 'Me Patra']
['Auto-Tarukaja', 'Rakukaja', 'Matarukaja', 'Wind Boost']
['Re Patra', 'Dodge Wind', 'Tarukaja', 'Recarm']
['Rakukaja', 'Wind Boost', 'Re Patra', 'Me Patra']
['Rakukaja', 'Wind Boost', 'Matarukaja', 'Dodge Wind']
['Auto-Rakukaja', 'Wind Boost', 'Dodge Wind', 'Garula']
['Garu', 'Auto-Tarukaja', 'Dodge Wind', 'Me Patra']
['Power Charge', 'Rakukaja', 'Magaru', 'Bufu']
['Dodge Wind', 'Tarukaja', 'Matarukaja', 'Wind Boost']
['Recarm', 'Re Patra', 'Auto-Rakukaja', 'Auto-Tarukaja']
['Dodge Wind', 'Auto-Rakukaja', 'Wind Boost', 'Matarukaja']
['Tarukaja', 'Auto-Tarukaja', 'Re Patra', 'Auto-Rakukaja']
['Matarukaja', 'Garu', 'Tarukaja', 'Recarm']
['Re Patra', 'Power Charge', 'Garu', 'Rakukaja']
['Re Patra', 'Wind Boost', 'Rakukaja', 'Tarukaja']
['Rakukaja', 'Wind Boost', 'Recarm', 'Me Patra']
['Tarukaja', 'Me Patra', 'Recarm', 'Magaru']
['Rakukaja', 'Recarm', 'Tarukaja', 'Auto-Tarukaja']
['Garu', 'Me Patra', 'Re Patra', 'Dodge Wind']
['Matarukaja', 'Re Patra', 'Tarukaja', 'Power Charge']
['Me Patra', 'Matarukaja', 'Auto-Rakukaja', 'Auto-Tarukaja']
['Auto-Tarukaja', 'Wind Boost', 'Tarukaja', 'Re Patra']
['Wind Boost', 'Matarukaja', 'Re Patra', 'Magaru']
['Dodge Wind', 'Garula', 'Re Patra', 'Auto-Tarukaja']
['Power Charge', 'Rakukaja', 'Auto-Tarukaja', 'Re Patra']
['Me Patra', 'Auto-Rakukaja', 'Re Patra', 'Recarm']
['Auto-Rakukaja', 'Auto-Tarukaja', 'Rakukaja', 'Tarukaja']
['Garu', 'Recarm', 'Auto-Tarukaja', 'Bufu']
['Tarukaja', 'Bufu', 'Auto-Tarukaja', 'Dodge Wind']
['Mazionga', 'Auto-Tarukaja', 'Rakukaja', 'Tarukaja']
['Tarukaja', 'Dodge Wind', 'Matarukaja', 'Auto-Tarukaja']
['Re Patra', 'Garu', 'Mazionga', 'Tarukaja']
['Power Charge', 'Re Patra', 'Matarukaja', 'Rakukaja']
['Wind Boost', 'Me Patra', 'Matarukaja', 'Power Charge']
['Me Patra', 'Re Patra', 'Tarukaja', 'Auto-Rakukaja']
['Wind Boost', 'Re Patra', 'Matarukaja', 'Me Patra']
['Tarukaja', 'Rakukaja', 'Garu', 'Me Patra']
['Me Patra', 'Tarukaja', 'Re Patra', 'Auto-Tarukaja']
['Bufu', 'Wind Boost', 'Auto-Rakukaja', 'Tarukaja']
['Garu', 'Me Patra', 'Dodge Wind', 'Bufu']
['Dodge Wind', 'Me Patra', 'Tarukaja', 'Auto-Rakukaja']
['Wind Boost', 'Rakukaja', 'Auto-Tarukaja', 'Re Patra']
['Re Patra', 'Power Charge', 'Auto-Tarukaja', 'Auto-Rakukaja']
['Tarukaja', 'Dodge Wind', 'Recarm', 'Me Patra']
['Me Patra', 'Recarm', 'Bufu', 'Tarukaja']
['Tarukaja', 'Dodge Wind', 'Wind Boost', 'Bufu']
['Bufu', 'Wind Boost', 'Tarukaja', 'Magaru']
['Matarukaja', 'Recarm', 'Tarukaja', 'Dodge Wind']
['Re Patra', 'Bufu', 'Dodge Wind', 'Rakukaja']
['Rakukaja', 'Magaru', 'Power Charge', 'Dodge Wind']
['Auto-Rakukaja', 'Rakukaja', 'Re Patra', 'Bufu']
['Auto-Rakukaja', 'Rakukaja', 'Power Charge', 'Garu']
['Bufu', 'Auto-Rakukaja', 'Re Patra', 'Tarukaja']
['Power Charge', 'Wind Boost', 'Rakukaja', 'Re Patra']
['Re Patra', 'Auto-Tarukaja', 'Wind Boost', 'Auto-Rakukaja']
['Mazionga', 'Bufu', 'Wind Boost', 'Me Patra']
['Rakukaja', 'Dodge Wind', 'Re Patra', 'Power Charge']
['Auto-Tarukaja', 'Power Charge', 'Re Patra', 'Tarukaja']
['Recarm', 'Tarukaja', 'Rakukaja', 'Power Charge']
['Auto-Rakukaja', 'Re Patra', 'Power Charge', 'Auto-Tarukaja']
['Matarukaja', 'Rakukaja', 'Dodge Wind', 'Mazionga']
['Garula', 'Bufu', 'Auto-Rakukaja', 'Rakukaja']
['Recarm', 'Bufu', 'Auto-Rakukaja', 'Re Patra']
['Auto-Tarukaja', 'Garu', 'Tarukaja', 'Re Patra']
['Re Patra', 'Rakukaja', 'Wind Boost', 'Garu']
['Re Patra', 'Rakukaja', 'Auto-Tarukaja', 'Wind Boost']
['Me Patra', 'Re Patra', 'Dodge Wind', 'Tarukaja']
['Recarm', 'Auto-Tarukaja', 'Matarukaja', 'Garu']
['Wind Boost', 'Auto-Rakukaja', 'Rakukaja', 'Me Patra']
['Wind Boost', 'Rakukaja', 'Auto-Tarukaja', 'Recarm']
['Wind Boost', 'Auto-Rakukaja', 'Tarukaja', 'Me Patra']
['Auto-Tarukaja', 'Me Patra', 'Bufu', 'Tarukaja']
['Me Patra', 'Rakukaja', 'Auto-Rakukaja', 'Auto-Tarukaja']
['Tarukaja', 'Auto-Rakukaja', 'Re Patra', 'Rakukaja']
['Re Patra', 'Dodge Wind', 'Tarukaja', 'Garula']
['Wind Boost', 'Tarukaja', 'Auto-Rakukaja', 'Auto-Tarukaja']
['Recarm', 'Wind Boost', 'Bufu', 'Re Patra']
['Auto-Tarukaja', 'Re Patra', 'Bufu', 'Rakukaja']
['Wind Boost', 'Rakukaja', 'Tarukaja', 'Mazionga']
['Mazionga', 'Auto-Tarukaja', 'Re Patra', 'Me Patra']
['Wind Boost', 'Mazionga', 'Tarukaja', 'Auto-Tarukaja']
['Re Patra', 'Wind Boost', 'Tarukaja', 'Auto-Rakukaja']
['Wind Boost', 'Me Patra', 'Re Patra', 'Auto-Tarukaja']
['Me Patra', 'Recarm', 'Tarukaja', 'Re Patra']
['Wind Boost', 'Tarukaja', 'Me Patra', 'Auto-Tarukaja']
['Power Charge', 'Bufu', 'Me Patra', 'Auto-Tarukaja']
['Wind Boost', 'Me Patra', 'Re Patra', 'Matarukaja']
['Rakukaja', 'Auto-Rakukaja', 'Dodge Wind', 'Re Patra']
['Me Patra', 'Auto-Tarukaja', 'Tarukaja', 'Dodge Wind']
['Rakukaja', 'Tarukaja', 'Me Patra', 'Re Patra']
['Wind Boost', 'Dodge Wind', 'Auto-Rakukaja', 'Me Patra']
['Tarukaja', 'Wind Boost', 'Auto-Tarukaja', 'Rakukaja']
['Me Patra', 'Wind Boost', 'Tarukaja', 'Dodge Wind']
['Magaru', 'Rakukaja', 'Dodge Wind', 'Tarukaja']
['Auto-Rakukaja', 'Me Patra', 'Tarukaja', 'Bufu']
['Rakukaja', 'Auto-Rakukaja', 'Tarukaja', 'Wind Boost']
['Tarukaja', 'Rakukaja', 'Re Patra', 'Matarukaja']
['Matarukaja', 'Rakukaja', 'Re Patra', 'Tarukaja']
['Wind Boost', 'Auto-Tarukaja', 'Tarukaja', 'Matarukaja']
['Bufu', 'Re Patra', 'Auto-Rakukaja', 'Tarukaja']
['Rakukaja', 'Me Patra', 'Tarukaja', 'Auto-Rakukaja']
['Garu', 'Re Patra', 'Tarukaja', 'Power Charge']
['Recarm', 'Auto-Rakukaja', 'Power Charge', 'Tarukaja']
['Matarukaja', 'Garu', 'Rakukaja', 'Recarm']
['Recarm', 'Re Patra', 'Rakukaja', 'Tarukaja']
['Tarukaja', 'Me Patra', 'Re Patra', 'Bufu']
['Wind Boost', 'Tarukaja', 'Auto-Rakukaja', 'Dodge Wind']
['Auto-Tarukaja', 'Wind Boost', 'Matarukaja', 'Dodge Wind']
['Auto-Tarukaja', 'Power Charge', 'Garu', 'Matarukaja']
['Wind Boost', 'Auto-Tarukaja', 'Re Patra', 'Tarukaja']
['Recarm', 'Rakukaja', 'Auto-Rakukaja', 'Auto-Tarukaja']
['Dodge Wind', 'Recarm', 'Rakukaja', 'Tarukaja']
['Rakukaja', 'Matarukaja', 'Recarm', 'Auto-Tarukaja']
['Tarukaja', 'Rakukaja', 'Wind Boost', 'Auto-Rakukaja']
['Me Patra', 'Recarm', 'Auto-Rakukaja', 'Dodge Wind']
['Rakukaja', 'Re Patra', 'Matarukaja', 'Auto-Rakukaja']
['Matarukaja', 'Magaru', 'Rakukaja', 'Dodge Wind']
['Matarukaja', 'Dodge Wind', 'Auto-Tarukaja', 'Power Charge']
['Recarm', 'Bufu', 'Wind Boost', 'Re Patra']
['Rakukaja', 'Recarm', 'Wind Boost', 'Me Patra']
['Re Patra', 'Bufu', 'Auto-Rakukaja', 'Rakukaja']
['Wind Boost', 'Tarukaja', 'Re Patra', 'Me Patra']
['Tarukaja', 'Auto-Rakukaja', 'Garu', 'Matarukaja']
['Auto-Rakukaja', 'Wind Boost', 'Re Patra', 'Power Charge']
['Garula', 'Re Patra', 'Rakukaja', 'Auto-Tarukaja']
['Wind Boost', 'Re Patra', 'Recarm', 'Tarukaja']
['Me Patra', 'Tarukaja', 'Garu', 'Bufu']
['Wind Boost', 'Auto-Tarukaja', 'Auto-Rakukaja', 'Garu']
['Bufu', 'Wind Boost', 'Garu', 'Power Charge']
['Magaru', 'Re Patra', 'Auto-Tarukaja', 'Garu']
['Recarm', 'Wind Boost', 'Auto-Tarukaja', 'Re Patra']
['Magaru', 'Rakukaja', 'Me Patra', 'Power Charge']
['Tarukaja', 'Wind Boost', 'Rakukaja', 'Power Charge']
['Re Patra', 'Auto-Tarukaja', 'Wind Boost', 'Tarukaja']
['Tarukaja', 'Re Patra', 'Dodge Wind', 'Auto-Tarukaja']
['Bufu', 'Auto-Tarukaja', 'Wind Boost', 'Auto-Rakukaja']
['Tarukaja', 'Rakukaja', 'Dodge Wind', 'Me Patra']
['Re Patra', 'Dodge Wind', 'Power Charge', 'Auto-Rakukaja']
['Tarukaja', 'Bufu', 'Me Patra', 'Rakukaja']
['Tarukaja', 'Re Patra', 'Dodge Wind', 'Rakukaja']
['Rakukaja', 'Re Patra', 'Tarukaja', 'Auto-Rakukaja']
['Auto-Tarukaja', 'Rakukaja', 'Garu', 'Re Patra']
['Re Patra', 'Matarukaja', 'Auto-Tarukaja', 'Me Patra']
['Wind Boost', 'Magaru', 'Rakukaja', 'Auto-Rakukaja']
['Rakukaja', 'Auto-Rakukaja', 'Re Patra', 'Wind Boost']
['Auto-Rakukaja', 'Garu', 'Tarukaja', 'Bufu']
['Power Charge', 'Auto-Rakukaja', 'Dodge Wind', 'Rakukaja']
['Wind Boost', 'Auto-Tarukaja', 'Rakukaja', 'Matarukaja']
['Recarm', 'Re Patra', 'Auto-Tarukaja', 'Magaru']
['Re Patra', 'Bufu', 'Rakukaja', 'Tarukaja']
['Me Patra', 'Tarukaja', 'Auto-Rakukaja', 'Re Patra']
['Me Patra', 'Dodge Wind', 'Auto-Tarukaja', 'Power Charge']
['Re Patra', 'Wind Boost', 'Tarukaja', 'Power Charge']
['Wind Boost', 'Auto-Rakukaja', 'Rakukaja', 'Matarukaja']
['Magaru', 'Garula', 'Tarukaja', 'Me Patra']
['Rakukaja', 'Auto-Rakukaja', 'Recarm', 'Me Patra']
['Auto-Tarukaja', 'Wind Boost', 'Tarukaja', 'Re Patra']
['Tarukaja', 'Magaru', 'Re Patra', 'Wind Boost']
['Wind Boost', 'Rakukaja', 'Auto-Tarukaja', 'Garula']
['Power Charge', 'Tarukaja', 'Wind Boost', 'Magaru']
['Tarukaja', 'Rakukaja', 'Auto-Rakukaja', 'Wind Boost']
['Rakukaja', 'Wind Boost', 'Tarukaja', 'Garu']
['Rakukaja', 'Power Charge', 'Re Patra', 'Dodge Wind']
['Recarm', 'Wind Boost', 'Auto-Tarukaja', 'Dodge Wind']
['Re Patra', 'Tarukaja', 'Rakukaja', 'Power Charge']
['Power Charge', 'Tarukaja', 'Dodge Wind', 'Re Patra']
['Magaru', 'Auto-Tarukaja', 'Dodge Wind', 'Power Charge']
['Auto-Rakukaja', 'Rakukaja', 'Power Charge', 'Bufu']
['Tarukaja', 'Dodge Wind', 'Me Patra', 'Power Charge']
['Re Patra', 'Power Charge', 'Garu', 'Auto-Rakukaja']
['Rakukaja', 'Me Patra', 'Garu', 'Tarukaja']
['Wind Boost', 'Matarukaja', 'Recarm', 'Rakukaja']
['Power Charge', 'Auto-Rakukaja', 'Me Patra', 'Rakukaja']
['Bufu', 'Garu', 'Garula', 'Re Patra']
['Rakukaja', 'Dodge Wind', 'Auto-Tarukaja', 'Auto-Rakukaja']
['Tarukaja', 'Power Charge', 'Auto-Tarukaja', 'Wind Boost']
['Matarukaja', 'Wind Boost', 'Recarm', 'Auto-Rakukaja']
['Me Patra', 'Rakukaja', 'Wind Boost', 'Re Patra']
['Auto-Tarukaja', 'Dodge Wind', 'Auto-Rakukaja', 'Bufu']
['Mazionga', 'Wind Boost', 'Re Patra', 'Auto-Tarukaja']
['Tarukaja', 'Auto-Rakukaja', 'Recarm', 'Garu']
['Me Patra', 'Tarukaja', 'Rakukaja', 'Auto-Tarukaja']
['Rakukaja', 'Garula', 'Re Patra', 'Garu']
['Magaru', 'Power Charge', 'Wind Boost', 'Dodge Wind']
['Matarukaja', 'Rakukaja', 'Auto-Rakukaja', 'Me Patra']
['Re Patra', 'Garu', 'Dodge Wind', 'Power Charge']
['Tarukaja', 'Re Patra', 'Wind Boost', 'Me Patra']
['Wind Boost', 'Me Patra', 'Dodge Wind', 'Power Charge']
['Auto-Rakukaja', 'Magaru', 'Bufu', 'Tarukaja']
['Wind Boost', 'Auto-Tarukaja', 'Me Patra', 'Rakukaja']
['Tarukaja', 'Dodge Wind', 'Auto-Rakukaja', 'Auto-Tarukaja']
['Wind Boost', 'Auto-Rakukaja', 'Bufu', 'Auto-Tarukaja']
['Auto-Rakukaja', 'Rakukaja', 'Wind Boost', 'Garu']
['Me Patra', 'Auto-Rakukaja', 'Recarm', 'Wind Boost']
['Garu', 'Auto-Tarukaja', 'Wind Boost', 'Power Charge']
['Auto-Rakukaja', 'Power Charge', 'Rakukaja', 'Me Patra']
['Tarukaja', 'Re Patra', 'Power Charge', 'Wind Boost']
['Rakukaja', 'Power Charge', 'Bufu', 'Tarukaja']
['Garula', 'Wind Boost', 'Recarm', 'Power Charge']
['Wind Boost', 'Magaru', 'Re Patra', 'Me Patra']
['Dodge Wind', 'Power Charge', 'Recarm', 'Garu']
['Wind Boost', 'Tarukaja', 'Re Patra', 'Garu']
['Re Patra', 'Me Patra', 'Dodge Wind', 'Wind Boost']
['Tarukaja', 'Rakukaja', 'Dodge Wind', 'Magaru']
['Me Patra', 'Auto-Tarukaja', 'Rakukaja', 'Wind Boost']
['Auto-Tarukaja', 'Dodge Wind', 'Tarukaja', 'Rakukaja']
['Matarukaja', 'Rakukaja', 'Power Charge', 'Me Patra']
['Re Patra', 'Dodge Wind', 'Wind Boost', 'Auto-Tarukaja']
['Garu', 'Re Patra', 'Matarukaja', 'Power Charge']
['Wind Boost', 'Rakukaja', 'Auto-Tarukaja', 'Me Patra']
['Dodge Wind', 'Auto-Rakukaja', 'Tarukaja', 'Garu']
['Re Patra', 'Rakukaja', 'Dodge Wind', 'Matarukaja']
['Auto-Tarukaja', 'Garula', 'Dodge Wind', 'Matarukaja']
['Bufu', 'Me Patra', 'Re Patra', 'Rakukaja']
['Auto-Tarukaja', 'Me Patra', 'Matarukaja', 'Magaru']
['Wind Boost', 'Tarukaja', 'Garula', 'Auto-Rakukaja']
['Rakukaja', 'Recarm', 'Wind Boost', 'Magaru']
['Rakukaja', 'Re Patra', 'Power Charge', 'Bufu']
['Dodge Wind', 'Me Patra', 'Rakukaja', 'Auto-Rakukaja']
['Bufu', 'Power Charge', 'Dodge Wind', 'Re Patra']
['Bufu', 'Matarukaja', 'Power Charge', 'Wind Boost']
['Matarukaja', 'Tarukaja', 'Auto-Tarukaja', 'Dodge Wind']
['Dodge Wind', 'Rakukaja', 'Tarukaja', 'Wind Boost']
['Me Patra', 'Garu', 'Re Patra', 'Auto-Tarukaja']
['Re Patra', 'Dodge Wind', 'Wind Boost', 'Rakukaja']
['Rakukaja', 'Matarukaja', 'Wind Boost', 'Power Charge']
['Tarukaja', 'Auto-Rakukaja', 'Power Charge', 'Rakukaja']
['Matarukaja', 'Rakukaja', 'Recarm', 'Dodge Wind']
['Me Patra', 'Power Charge', 'Recarm', 'Tarukaja']
['Garu', 'Bufu', 'Rakukaja', 'Auto-Tarukaja']
['Tarukaja', 'Recarm', 'Wind Boost', 'Auto-Rakukaja']
['Me Patra', 'Rakukaja', 'Wind Boost', 'Auto-Rakukaja']
['Me Patra', 'Recarm', 'Re Patra', 'Magaru']
['Power Charge', 'Re Patra', 'Auto-Tarukaja', 'Rakukaja']
['Auto-Rakukaja', 'Re Patra', 'Wind Boost', 'Rakukaja']
['Bufu', 'Dodge Wind', 'Magaru', 'Rakukaja']
['Power Charge', 'Auto-Tarukaja', 'Dodge Wind', 'Tarukaja']
['Auto-Rakukaja', 'Tarukaja', 'Rakukaja', 'Me Patra']
['Power Charge', 'Rakukaja', 'Tarukaja', 'Re Patra']
['Auto-Rakukaja', 'Wind Boost', 'Garula', 'Garu']
['Dodge Wind', 'Me Patra', 'Power Charge', 'Wind Boost']
['Re Patra', 'Wind Boost', 'Power Charge', 'Rakukaja']
['Rakukaja', 'Matarukaja', 'Auto-Tarukaja', 'Dodge Wind']
['Re Patra', 'Dodge Wind', 'Recarm', 'Garula']
['Matarukaja', 'Auto-Rakukaja', 'Re Patra', 'Tarukaja']
['Re Patra', 'Recarm', 'Rakukaja', 'Tarukaja']
['Rakukaja', 'Me Patra', 'Garula', 'Auto-Tarukaja']
['Auto-Rakukaja', 'Rakukaja', 'Power Charge', 'Wind Boost']
['Auto-Rakukaja', 'Rakukaja', 'Wind Boost', 'Me Patra']
['Power Charge', 'Rakukaja', 'Tarukaja', 'Garula']
['Bufu', 'Auto-Rakukaja', 'Tarukaja', 'Wind Boost']
['Auto-Tarukaja', 'Power Charge', 'Rakukaja', 'Re Patra']
['Rakukaja', 'Wind Boost', 'Me Patra', 'Auto-Tarukaja']
['Re Patra', 'Rakukaja', 'Recarm', 'Wind Boost']
['Garu', 'Rakukaja', 'Power Charge', 'Garula']
['Mazionga', 'Re Patra', 'Me Patra', 'Auto-Tarukaja']
['Rakukaja', 'Garu', 'Me Patra', 'Tarukaja']
['Recarm', 'Re Patra', 'Auto-Tarukaja', 'Rakukaja']
['Tarukaja', 'Me Patra', 'Re Patra', 'Rakukaja']
['Re Patra', 'Auto-Tarukaja', 'Rakukaja', 'Tarukaja']
['Re Patra', 'Power Charge', 'Tarukaja', 'Me Patra']
['Rakukaja', 'Power Charge', 'Bufu', 'Auto-Rakukaja']
['Auto-Rakukaja', 'Power Charge', 'Re Patra', 'Dodge Wind']
['Wind Boost', 'Re Patra', 'Auto-Rakukaja', 'Dodge Wind']
['Dodge Wind', 'Mazionga', 'Power Charge', 'Tarukaja']
['Wind Boost', 'Me Patra', 'Bufu', 'Dodge Wind']
['Me Patra', 'Rakukaja', 'Auto-Tarukaja', 'Re Patra']
['Auto-Tarukaja', 'Wind Boost', 'Rakukaja', 'Auto-Rakukaja']
['Rakukaja', 'Recarm', 'Auto-Tarukaja', 'Garu']
['Tarukaja', 'Auto-Rakukaja', 'Bufu', 'Wind Boost']
['Me Patra', 'Auto-Rakukaja', 'Mazionga', 'Auto-Tarukaja']
['Tarukaja', 'Re Patra', 'Power Charge', 'Wind Boost']
['Power Charge', 'Me Patra', 'Auto-Tarukaja', 'Tarukaja']
['Auto-Rakukaja', 'Me Patra', 'Tarukaja', 'Wind Boost']
['Auto-Tarukaja', 'Wind Boost', 'Power Charge', 'Bufu']
['Tarukaja', 'Mazionga', 'Auto-Tarukaja', 'Wind Boost']
['Garula', 'Tarukaja', 'Rakukaja', 'Auto-Tarukaja']
['Power Charge', 'Bufu', 'Me Patra', 'Rakukaja']
['Dodge Wind', 'Bufu', 'Tarukaja', 'Garu']
['Matarukaja', 'Rakukaja', 'Auto-Tarukaja', 'Garu']
['Auto-Rakukaja', 'Magaru', 'Recarm', 'Wind Boost']
['Auto-Tarukaja', 'Bufu', 'Power Charge', 'Garu']
['Wind Boost', 'Matarukaja', 'Recarm', 'Auto-Tarukaja']
['Bufu', 'Power Charge', 'Tarukaja', 'Dodge Wind']
['Recarm', 'Re Patra', 'Power Charge', 'Wind Boost']
['Wind Boost', 'Tarukaja', 'Recarm', 'Dodge Wind']
['Power Charge', 'Tarukaja', 'Dodge Wind', 'Recarm']
['Garu', 'Rakukaja', 'Tarukaja', 'Recarm']
['Re Patra', 'Power Charge', 'Rakukaja', 'Bufu']
['Me Patra', 'Re Patra', 'Wind Boost', 'Matarukaja']
['Auto-Tarukaja', 'Rakukaja', 'Recarm', 'Bufu']
['Garu', 'Auto-Rakukaja', 'Bufu', 'Recarm']
['Me Patra', 'Power Charge', 'Matarukaja', 'Auto-Rakukaja']
['Rakukaja', 'Recarm', 'Tarukaja', 'Me Patra']
['Garula', 'Tarukaja', 'Wind Boost', 'Recarm']
['Wind Boost', 'Bufu', 'Re Patra', 'Auto-Rakukaja']
['Auto-Rakukaja', 'Recarm', 'Garu', 'Dodge Wind']
['Rakukaja', 'Auto-Rakukaja', 'Re Patra', 'Bufu']
['Rakukaja', 'Me Patra', 'Wind Boost', 'Auto-Rakukaja']
['Tarukaja', 'Rakukaja', 'Re Patra', 'Garu']
['Auto-Rakukaja', 'Garu', 'Rakukaja', 'Auto-Tarukaja']
['Matarukaja', 'Re Patra', 'Wind Boost', 'Garu']
['Me Patra', 'Auto-Rakukaja', 'Recarm', 'Garu']
['Auto-Rakukaja', 'Bufu', 'Tarukaja', 'Garu']
['Tarukaja', 'Magaru', 'Power Charge', 'Rakukaja']
['Re Patra', 'Auto-Tarukaja', 'Recarm', 'Auto-Rakukaja']
['Re Patra', 'Recarm', 'Bufu', 'Matarukaja']
['Recarm', 'Power Charge', 'Dodge Wind', 'Rakukaja']
['Magaru', 'Tarukaja', 'Me Patra', 'Rakukaja']
['Matarukaja', 'Tarukaja', 'Dodge Wind', 'Rakukaja']
['Power Charge', 'Tarukaja', 'Auto-Rakukaja', 'Recarm']
['Auto-Tarukaja', 'Power Charge', 'Dodge Wind', 'Tarukaja']
['Me Patra', 'Re Patra', 'Dodge Wind', 'Power Charge']
['Auto-Rakukaja', 'Recarm', 'Tarukaja', 'Auto-Tarukaja']
['Dodge Wind', 'Garu', 'Tarukaja', 'Rakukaja']
['Tarukaja', 'Dodge Wind', 'Re Patra', 'Matarukaja']
['Recarm', 'Magaru', 'Re Patra', 'Tarukaja']
['Re Patra', 'Bufu', 'Tarukaja', 'Me Patra']
['Magaru', 'Power Charge', 'Wind Boost', 'Tarukaja']
['Auto-Rakukaja', 'Garu', 'Rakukaja', 'Wind Boost']
['Power Charge', 'Rakukaja', 'Tarukaja', 'Auto-Rakukaja']
['Auto-Tarukaja', 'Dodge Wind', 'Tarukaja', 'Recarm']
['Re Patra', 'Power Charge', 'Auto-Tarukaja', 'Me Patra']
['Power Charge', 'Me Patra', 'Rakukaja', 'Recarm']
['Power Charge', 'Matarukaja', 'Dodge Wind', 'Re Patra']
['Power Charge', 'Auto-Tarukaja', 'Re Patra', 'Dodge Wind']
['Tarukaja', 'Auto-Rakukaja', 'Power Charge', 'Garu']
['Auto-Tarukaja', 'Tarukaja', 'Matarukaja', 'Power Charge']
['Dodge Wind', 'Me Patra', 'Re Patra', 'Recarm']
['Me Patra', 'Rakukaja', 'Bufu', 'Tarukaja']
['Wind Boost', 'Rakukaja', 'Me Patra', 'Auto-Rakukaja']
['Me Patra', 'Re Patra', 'Auto-Rakukaja', 'Auto-Tarukaja']
['Garu', 'Rakukaja', 'Wind Boost', 'Power Charge']
['Recarm', 'Power Charge', 'Bufu', 'Wind Boost']
['Wind Boost', 'Tarukaja', 'Recarm', 'Garu']
['Auto-Tarukaja', 'Rakukaja', 'Matarukaja', 'Tarukaja']
['Tarukaja', 'Me Patra', 'Rakukaja', 'Auto-Tarukaja']
['Auto-Rakukaja', 'Auto-Tarukaja', 'Power Charge', 'Me Patra']
['Garu', 'Auto-Rakukaja', 'Magaru', 'Wind Boost']
['Tarukaja', 'Power Charge', 'Garu', 'Wind Boost']
['Me Patra', 'Matarukaja', 'Dodge Wind', 'Wind Boost']
['Auto-Rakukaja', 'Wind Boost', 'Rakukaja', 'Auto-Tarukaja']
['Power Charge', 'Auto-Rakukaja', 'Auto-Tarukaja', 'Wind Boost']
['Garu', 'Mazionga', 'Auto-Tarukaja', 'Bufu']
['Auto-Tarukaja', 'Rakukaja', 'Garula', 'Power Charge']
['Re Patra', 'Auto-Tarukaja', 'Matarukaja', 'Tarukaja']
['Me Patra', 'Power Charge', 'Re Patra', 'Dodge Wind']
['Wind Boost', 'Auto-Tarukaja', 'Re Patra', 'Bufu']
['Re Patra', 'Rakukaja', 'Me Patra', 'Recarm']
['Matarukaja', 'Auto-Rakukaja', 'Rakukaja', 'Garu']
['Rakukaja', 'Garu', 'Me Patra', 'Auto-Rakukaja']
['Re Patra', 'Auto-Tarukaja', 'Bufu', 'Wind Boost']
['Auto-Tarukaja', 'Me Patra', 'Garu', 'Recarm']
['Garu', 'Tarukaja', 'Matarukaja', 'Bufu']
['Wind Boost', 'Matarukaja', 'Bufu', 'Me Patra']
['Me Patra', 'Auto-Rakukaja', 'Wind Boost', 'Recarm']
['Auto-Tarukaja', 'Recarm', 'Bufu', 'Dodge Wind']
['Me Patra', 'Wind Boost', 'Rakukaja', 'Tarukaja']
['Auto-Rakukaja', 'Auto-Tarukaja', 'Rakukaja', 'Magaru']
['Rakukaja', 'Re Patra', 'Tarukaja', 'Garu']
['Rakukaja', 'Garula', 'Wind Boost', 'Power Charge']
['Auto-Tarukaja', 'Re Patra', 'Auto-Rakukaja', 'Matarukaja']
['Wind Boost', 'Re Patra', 'Rakukaja', 'Auto-Tarukaja']
['Rakukaja', 'Auto-Rakukaja', 'Dodge Wind', 'Tarukaja']
['Dodge Wind', 'Re Patra', 'Tarukaja', 'Recarm']
['Wind Boost', 'Rakukaja', 'Garula', 'Dodge Wind']
['Auto-Rakukaja', 'Rakukaja', 'Tarukaja', 'Recarm']
['Wind Boost', 'Matarukaja', 'Re Patra', 'Recarm']
['Magaru', 'Tarukaja', 'Re Patra', 'Wind Boost']
['Power Charge', 'Auto-Tarukaja', 'Re Patra', 'Rakukaja']
['Tarukaja', 'Re Patra', 'Recarm', 'Auto-Rakukaja']
['Dodge Wind', 'Recarm', 'Tarukaja', 'Matarukaja']
['Garula', 'Re Patra', 'Auto-Tarukaja', 'Wind Boost']
['Re Patra', 'Auto-Tarukaja', 'Rakukaja', 'Me Patra']
['Wind Boost', 'Garu', 'Me Patra', 'Dodge Wind']
['Recarm', 'Auto-Rakukaja', 'Dodge Wind', 'Garu']
['Garu', 'Auto-Rakukaja', 'Rakukaja', 'Auto-Tarukaja']
['Dodge Wind', 'Me Patra', 'Tarukaja', 'Re Patra']
['Dodge Wind', 'Auto-Rakukaja', 'Re Patra', 'Wind Boost']
['Re Patra', 'Auto-Rakukaja', 'Auto-Tarukaja', 'Rakukaja']
['Re Patra', 'Wind Boost', 'Bufu', 'Rakukaja']
['Wind Boost', 'Magaru', 'Tarukaja', 'Auto-Tarukaja']
['Re Patra', 'Rakukaja', 'Auto-Tarukaja', 'Wind Boost']
['Garu', 'Re Patra', 'Me Patra', 'Bufu']
['Rakukaja', 'Dodge Wind', 'Auto-Tarukaja', 'Wind Boost']
['Re Patra', 'Auto-Tarukaja', 'Wind Boost', 'Tarukaja']
['Tarukaja', 'Rakukaja', 'Matarukaja', 'Re Patra']
['Power Charge', 'Wind Boost', 'Magaru', 'Auto-Tarukaja']
['Re Patra', 'Me Patra', 'Wind Boost', 'Rakukaja']
['Rakukaja', 'Auto-Rakukaja', 'Bufu', 'Me Patra']
['Re Patra', 'Dodge Wind', 'Magaru', 'Power Charge']
['Dodge Wind', 'Tarukaja', 'Rakukaja', 'Wind Boost']
['Tarukaja', 'Power Charge', 'Me Patra', 'Wind Boost']
['Wind Boost', 'Rakukaja', 'Matarukaja', 'Dodge Wind']
['Me Patra', 'Matarukaja', 'Recarm', 'Wind Boost']
['Dodge Wind', 'Rakukaja', 'Re Patra', 'Power Charge']
['Re Patra', 'Magaru', 'Tarukaja', 'Rakukaja']
['Wind Boost', 'Tarukaja', 'Auto-Tarukaja', 'Auto-Rakukaja']
['Dodge Wind', 'Re Patra', 'Rakukaja', 'Auto-Rakukaja']
['Tarukaja', 'Recarm', 'Dodge Wind', 'Rakukaja']
['Matarukaja', 'Wind Boost', 'Garula', 'Tarukaja']
['Dodge Wind', 'Power Charge', 'Wind Boost', 'Rakukaja']
['Rakukaja', 'Tarukaja', 'Dodge Wind', 'Power Charge']
['Rakukaja', 'Me Patra', 'Power Charge', 'Recarm']
['Auto-Tarukaja', 'Matarukaja', 'Wind Boost', 'Bufu']
['Wind Boost', 'Dodge Wind', 'Re Patra', 'Power Charge']
['Bufu', 'Wind Boost', 'Re Patra', 'Tarukaja']
['Power Charge', 'Rakukaja', 'Auto-Rakukaja', 'Me Patra']
['Matarukaja', 'Dodge Wind', 'Rakukaja', 'Bufu']
['Magaru', 'Re Patra', 'Garula', 'Dodge Wind']
['Rakukaja', 'Auto-Rakukaja', 'Me Patra', 'Mazionga']
['Wind Boost', 'Tarukaja', 'Garu', 'Me Patra']
['Tarukaja', 'Rakukaja', 'Me Patra', 'Power Charge']
['Power Charge', 'Rakukaja', 'Recarm', 'Wind Boost']
['Auto-Rakukaja', 'Me Patra', 'Re Patra', 'Rakukaja']
['Bufu', 'Me Patra', 'Re Patra', 'Rakukaja']
['Recarm', 'Wind Boost', 'Auto-Tarukaja', 'Tarukaja']
['Rakukaja', 'Me Patra', 'Garu', 'Bufu']
['Tarukaja', 'Auto-Rakukaja', 'Re Patra', 'Power Charge']
['Recarm', 'Wind Boost', 'Tarukaja', 'Auto-Rakukaja']
['Dodge Wind', 'Recarm', 'Auto-Tarukaja', 'Re Patra']
['Me Patra', 'Re Patra', 'Tarukaja', 'Wind Boost']
['Dodge Wind', 'Rakukaja', 'Auto-Rakukaja', 'Bufu']
['Dodge Wind', 'Auto-Rakukaja', 'Recarm', 'Garu']
['Tarukaja', 'Me Patra', 'Re Patra', 'Mazionga']
['Wind Boost', 'Recarm', 'Auto-Tarukaja', 'Re Patra']
['Power Charge', 'Wind Boost', 'Dodge Wind', 'Auto-Rakukaja']
['Recarm', 'Bufu', 'Re Patra', 'Garu']
['Dodge Wind', 'Auto-Rakukaja', 'Magaru', 'Tarukaja']
['Rakukaja', 'Tarukaja', 'Recarm', 'Me Patra']
['Recarm', 'Auto-Tarukaja', 'Re Patra', 'Bufu']
['Garula', 'Dodge Wind', 'Me Patra', 'Recarm']
['Me Patra', 'Power Charge', 'Auto-Tarukaja', 'Magaru']
['Rakukaja', 'Auto-Tarukaja', 'Me Patra', 'Tarukaja']
['Re Patra', 'Auto-Rakukaja', 'Auto-Tarukaja', 'Rakukaja']
['Rakukaja', 'Auto-Rakukaja', 'Me Patra', 'Auto-Tarukaja']
['Power Charge', 'Magaru', 'Auto-Rakukaja', 'Wind Boost']
['Auto-Tarukaja', 'Tarukaja', 'Garula', 'Rakukaja']
['Tarukaja', 'Matarukaja', 'Rakukaja', 'Me Patra']
['Dodge Wind', 'Me Patra', 'Auto-Tarukaja', 'Power Charge']
['Tarukaja', 'Auto-Tarukaja', 'Me Patra', 'Re Patra']
['Dodge Wind', 'Wind Boost', 'Me Patra', 'Bufu']
['Wind Boost', 'Me Patra', 'Tarukaja', 'Matarukaja']
['Me Patra', 'Wind Boost', 'Rakukaja', 'Auto-Rakukaja']
['Dodge Wind', 'Wind Boost', 'Auto-Rakukaja', 'Rakukaja']
['Garu', 'Auto-Tarukaja', 'Dodge Wind', 'Bufu']
['Auto-Tarukaja', 'Matarukaja', 'Recarm', 'Auto-Rakukaja']
['Rakukaja', 'Auto-Rakukaja', 'Dodge Wind', 'Matarukaja']
['Tarukaja', 'Magaru', 'Auto-Rakukaja', 'Me Patra']
['Mazionga', 'Auto-Rakukaja', 'Re Patra', 'Garu']
['Wind Boost', 'Auto-Tarukaja', 'Tarukaja', 'Mazionga']
['Dodge Wind', 'Matarukaja', 'Rakukaja', 'Wind Boost']
['Rakukaja', 'Re Patra', 'Tarukaja', 'Dodge Wind']
['Re Patra', 'Tarukaja', 'Recarm', 'Power Charge']
['Tarukaja', 'Bufu', 'Magaru', 'Auto-Tarukaja']
['Wind Boost', 'Tarukaja', 'Rakukaja', 'Mazionga']
['Tarukaja', 'Dodge Wind', 'Wind Boost', 'Rakukaja']
['Me Patra', 'Re Patra', 'Recarm', 'Auto-Tarukaja']
['Me Patra', 'Wind Boost', 'Garu', 'Tarukaja']
['Me Patra', 'Recarm', 'Auto-Tarukaja', 'Power Charge']
['Recarm', 'Re Patra', 'Wind Boost', 'Matarukaja']
['Dodge Wind', 'Re Patra', 'Auto-Rakukaja', 'Me Patra']
['Tarukaja', 'Dodge Wind', 'Re Patra', 'Auto-Tarukaja']
['Auto-Tarukaja', 'Wind Boost', 'Rakukaja', 'Me Patra']
['Bufu', 'Rakukaja', 'Auto-Rakukaja', 'Auto-Tarukaja']
['Garu', 'Auto-Rakukaja', 'Wind Boost', 'Auto-Tarukaja']
['Wind Boost', 'Auto-Rakukaja', 'Recarm', 'Me Patra']
['Me Patra', 'Auto-Tarukaja', 'Dodge Wind', 'Magaru']
['Re Patra', 'Power Charge', 'Tarukaja', 'Matarukaja']
['Rakukaja', 'Garula', 'Wind Boost', 'Me Patra']
['Me Patra', 'Re Patra', 'Wind Boost', 'Rakukaja']
['Rakukaja', 'Power Charge', 'Magaru', 'Re Patra']
['Dodge Wind', 'Wind Boost', 'Rakukaja', 'Auto-Tarukaja']
['Wind Boost', 'Auto-Rakukaja', 'Recarm', 'Re Patra']
['Rakukaja', 'Tarukaja', 'Auto-Rakukaja', 'Dodge Wind']
['Re Patra', 'Magaru', 'Garula', 'Auto-Tarukaja']
['Bufu', 'Auto-Tarukaja', 'Mazionga', 'Tarukaja']
['Rakukaja', 'Garula', 'Garu', 'Matarukaja']
['Rakukaja', 'Re Patra', 'Auto-Tarukaja', 'Bufu']
['Auto-Rakukaja', 'Rakukaja', 'Matarukaja', 'Tarukaja']
['Rakukaja', 'Re Patra', 'Me Patra', 'Auto-Tarukaja']
['Tarukaja', 'Auto-Tarukaja', 'Bufu', 'Auto-Rakukaja']
['Auto-Tarukaja', 'Wind Boost', 'Me Patra', 'Auto-Rakukaja']
['Rakukaja', 'Auto-Rakukaja', 'Me Patra', 'Re Patra']
['Tarukaja', 'Wind Boost', 'Me Patra', 'Rakukaja']
['Bufu', 'Dodge Wind', 'Auto-Tarukaja', 'Matarukaja']
['Wind Boost', 'Garu', 'Tarukaja', 'Recarm']
['Recarm', 'Wind Boost', 'Re Patra', 'Me Patra']
['Auto-Rakukaja', 'Tarukaja', 'Me Patra', 'Matarukaja']
['Dodge Wind', 'Wind Boost', 'Garu', 'Re Patra']
['Bufu', 'Auto-Rakukaja', 'Auto-Tarukaja', 'Me Patra']
['Matarukaja', 'Rakukaja', 'Recarm', 'Tarukaja']
['Rakukaja', 'Auto-Tarukaja', 'Re Patra', 'Matarukaja']
['Auto-Tarukaja', 'Rakukaja', 'Tarukaja', 'Me Patra']
['Re Patra', 'Recarm', 'Me Patra', 'Magaru']
['Re Patra', 'Me Patra', 'Power Charge', 'Wind Boost']
['Auto-Rakukaja', 'Re Patra', 'Rakukaja', 'Wind Boost']
['Wind Boost', 'Auto-Rakukaja', 'Bufu', 'Dodge Wind']
['Recarm', 'Auto-Rakukaja', 'Power Charge', 'Garu']
['Tarukaja', 'Wind Boost', 'Rakukaja', 'Auto-Tarukaja']
['Tarukaja', 'Power Charge', 'Me Patra', 'Wind Boost']
['Recarm', 'Wind Boost', 'Matarukaja', 'Tarukaja']
['Garu', 'Wind Boost', 'Me Patra', 'Tarukaja']
['Garu', 'Tarukaja', 'Wind Boost', 'Re Patra']
['Bufu', 'Matarukaja', 'Wind Boost', 'Rakukaja']
['Auto-Tarukaja', 'Auto-Rakukaja', 'Dodge Wind', 'Wind Boost']
['Me Patra', 'Auto-Tarukaja', 'Tarukaja', 'Power Charge']
['Dodge Wind', 'Recarm', 'Bufu', 'Re Patra']
['Wind Boost', 'Bufu', 'Rakukaja', 'Dodge Wind']
['Bufu', 'Power Charge', 'Re Patra', 'Rakukaja']
['Rakukaja', 'Auto-Tarukaja', 'Re Patra', 'Recarm']
['Me Patra', 'Tarukaja', 'Recarm', 'Garu']
['Wind Boost', 'Power Charge', 'Re Patra', 'Tarukaja']
['Power Charge', 'Bufu', 'Re Patra', 'Matarukaja']
['Wind Boost', 'Tarukaja', 'Power Charge', 'Auto-Tarukaja']
['Rakukaja', 'Me Patra', 'Mazionga', 'Wind Boost']
['Power Charge', 'Tarukaja', 'Dodge Wind', 'Re Patra']
['Mazionga', 'Wind Boost', 'Auto-Tarukaja', 'Tarukaja']
['Recarm', 'Rakukaja', 'Wind Boost', 'Dodge Wind']
['Auto-Tarukaja', 'Re Patra', 'Auto-Rakukaja', 'Dodge Wind']
['Tarukaja', 'Re Patra', 'Garu', 'Me Patra']
['Bufu', 'Re Patra', 'Auto-Tarukaja', 'Wind Boost']
['Auto-Rakukaja', 'Rakukaja', 'Me Patra', 'Re Patra']
['Rakukaja', 'Magaru', 'Tarukaja', 'Re Patra']
['Re Patra', 'Auto-Rakukaja', 'Auto-Tarukaja', 'Bufu']
['Wind Boost', 'Auto-Rakukaja', 'Re Patra', 'Tarukaja']
['Recarm', 'Tarukaja', 'Re Patra', 'Wind Boost']
['Re Patra', 'Auto-Tarukaja', 'Wind Boost', 'Dodge Wind']
['Auto-Tarukaja', 'Bufu', 'Rakukaja', 'Dodge Wind']
['Matarukaja', 'Auto-Tarukaja', 'Auto-Rakukaja', 'Wind Boost']
['Matarukaja', 'Me Patra', 'Dodge Wind', 'Tarukaja']
['Recarm', 'Wind Boost', 'Me Patra', 'Rakukaja']
['Recarm', 'Tarukaja', 'Auto-Tarukaja', 'Garu']
['Rakukaja', 'Tarukaja', 'Re Patra', 'Power Charge']
['Me Patra', 'Bufu', 'Power Charge', 'Auto-Tarukaja']
['Tarukaja', 'Me Patra', 'Power Charge', 'Re Patra']
['Rakukaja', 'Garu', 'Dodge Wind', 'Auto-Rakukaja']
['Auto-Tarukaja', 'Dodge Wind', 'Rakukaja', 'Tarukaja']
['Tarukaja', 'Re Patra', 'Garula', 'Garu']
['Auto-Tarukaja', 'Dodge Wind', 'Mazionga', 'Re Patra']
['Garu', 'Dodge Wind', 'Wind Boost', 'Me Patra']
['Matarukaja', 'Me Patra', 'Garu', 'Rakukaja']
['Matarukaja', 'Auto-Tarukaja', 'Wind Boost', 'Tarukaja']
['Wind Boost', 'Me Patra', 'Rakukaja', 'Auto-Rakukaja']
['Me Patra', 'Re Patra', 'Recarm', 'Wind Boost']
['Dodge Wind', 'Wind Boost', 'Tarukaja', 'Me Patra']
['Auto-Rakukaja', 'Dodge Wind', 'Rakukaja', 'Re Patra']
['Power Charge', 'Dodge Wind', 'Wind Boost', 'Auto-Tarukaja']
['Recarm', 'Bufu', 'Rakukaja', 'Auto-Tarukaja']
['Auto-Rakukaja', 'Re Patra', 'Power Charge', 'Matarukaja']
['Tarukaja', 'Recarm', 'Matarukaja', 'Auto-Rakukaja']
['Rakukaja', 'Wind Boost', 'Tarukaja', 'Garu']
['Tarukaja', 'Re Patra', 'Auto-Tarukaja', 'Power Charge']
['Dodge Wind', 'Wind Boost', 'Recarm', 'Auto-Tarukaja']
['Re Patra', 'Rakukaja', 'Tarukaja', 'Bufu']
['Matarukaja', 'Auto-Rakukaja', 'Power Charge', 'Re Patra']
['Garula', 'Rakukaja', 'Mazionga', 'Recarm']
['Rakukaja', 'Tarukaja', 'Auto-Rakukaja', 'Matarukaja']
['Tarukaja', 'Re Patra', 'Wind Boost', 'Dodge Wind']
['Wind Boost', 'Re Patra', 'Recarm', 'Rakukaja']
['Power Charge', 'Tarukaja', 'Wind Boost', 'Auto-Tarukaja']
['Wind Boost', 'Tarukaja', 'Recarm', 'Rakukaja']
['Tarukaja', 'Auto-Tarukaja', 'Rakukaja', 'Wind Boost']
['Me Patra', 'Wind Boost', 'Rakukaja', 'Dodge Wind']
['Re Patra', 'Auto-Tarukaja', 'Dodge Wind', 'Wind Boost']
['Rakukaja', 'Auto-Rakukaja', 'Wind Boost', 'Re Patra']
['Auto-Rakukaja', 'Auto-Tarukaja', 'Re Patra', 'Magaru']
['Auto-Rakukaja', 'Matarukaja', 'Recarm', 'Wind Boost']
['Me Patra', 'Auto-Tarukaja', 'Tarukaja', 'Wind Boost']
['Rakukaja', 'Garu', 'Tarukaja', 'Re Patra']
['Recarm', 'Garula', 'Rakukaja', 'Power Charge']
['Me Patra', 'Rakukaja', 'Re Patra', 'Bufu']
['Recarm', 'Tarukaja', 'Wind Boost', 'Auto-Rakukaja']
['Mazionga', 'Tarukaja', 'Matarukaja', 'Garu']
['Wind Boost', 'Recarm', 'Auto-Tarukaja', 'Re Patra']
['Re Patra', 'Power Charge', 'Wind Boost', 'Garu']
['Me Patra', 'Garu', 'Rakukaja', 'Power Charge']
['Auto-Tarukaja', 'Recarm', 'Tarukaja', 'Auto-Rakukaja']
['Magaru', 'Matarukaja', 'Tarukaja', 'Wind Boost']
['Rakukaja', 'Garu', 'Dodge Wind', 'Re Patra']
['Bufu', 'Auto-Tarukaja', 'Re Patra', 'Rakukaja']
['Rakukaja', 'Auto-Tarukaja', 'Garu', 'Dodge Wind']
['Auto-Rakukaja', 'Matarukaja', 'Tarukaja', 'Dodge Wind']
['Dodge Wind', 'Power Charge', 'Re Patra', 'Bufu']
['Me Patra', 'Rakukaja', 'Bufu', 'Auto-Rakukaja']
['Re Patra', 'Bufu', 'Matarukaja', 'Wind Boost']
['Dodge Wind', 'Wind Boost', 'Rakukaja', 'Matarukaja']
['Wind Boost', 'Auto-Tarukaja', 'Me Patra', 'Tarukaja']
['Re Patra', 'Wind Boost', 'Power Charge', 'Matarukaja']
['Wind Boost', 'Garu', 'Me Patra', 'Auto-Tarukaja']
['Tarukaja', 'Me Patra', 'Rakukaja', 'Wind Boost']
['Re Patra', 'Garu', 'Tarukaja', 'Auto-Tarukaja']
['Re Patra', 'Auto-Rakukaja', 'Tarukaja', 'Power Charge']
['Auto-Tarukaja', 'Auto-Rakukaja', 'Me Patra', 'Rakukaja']
['Me Patra', 'Auto-Tarukaja', 'Wind Boost', 'Power Charge']
['Rakukaja', 'Me Patra', 'Wind Boost', 'Tarukaja']
['Me Patra', 'Re Patra', 'Wind Boost', 'Rakukaja']
['Auto-Rakukaja', 'Wind Boost', 'Auto-Tarukaja', 'Re Patra']
['Power Charge', 'Recarm', 'Re Patra', 'Auto-Tarukaja']
['Recarm', 'Auto-Rakukaja', 'Wind Boost', 'Re Patra']
['Garu', 'Auto-Tarukaja', 'Rakukaja', 'Tarukaja']
['Auto-Tarukaja', 'Auto-Rakukaja', 'Rakukaja', 'Tarukaja']
['Re Patra', 'Tarukaja', 'Auto-Tarukaja', 'Wind Boost']
['Tarukaja', 'Me Patra', 'Auto-Tarukaja', 'Dodge Wind']
['Magaru', 'Me Patra', 'Auto-Tarukaja', 'Bufu']
['Tarukaja', 'Recarm', 'Magaru', 'Me Patra']
['Garu', 'Power Charge', 'Wind Boost', 'Rakukaja']
['Rakukaja', 'Auto-Rakukaja', 'Auto-Tarukaja', 'Bufu']
['Auto-Rakukaja', 'Me Patra', 'Auto-Tarukaja', 'Re Patra']
['Rakukaja', 'Bufu', 'Tarukaja', 'Wind Boost']
['Tarukaja', 'Me Patra', 'Garu', 'Re Patra']
['Rakukaja', 'Re Patra', 'Me Patra', 'Wind Boost']
['Matarukaja', 'Auto-Rakukaja', 'Magaru', 'Recarm']
['Wind Boost', 'Me Patra', 'Tarukaja', 'Power Charge']
['Tarukaja', 'Me Patra', 'Garu', 'Re Patra']
['Power Charge', 'Wind Boost', 'Mazionga', 'Magaru']
['Recarm', 'Re Patra', 'Dodge Wind', 'Wind Boost']
['Recarm', 'Dodge Wind', 'Tarukaja', 'Rakukaja']
['Recarm', 'Garula', 'Mazionga', 'Wind Boost']
['Re Patra', 'Matarukaja', 'Recarm', 'Auto-Tarukaja']
['Tarukaja', 'Auto-Tarukaja', 'Me Patra', 'Auto-Rakukaja']
['Wind Boost', 'Magaru', 'Garula', 'Rakukaja']
['Tarukaja', 'Wind Boost', 'Rakukaja', 'Magaru']
['Rakukaja', 'Dodge Wind', 'Power Charge', 'Re Patra']
['Wind Boost', 'Dodge Wind', 'Re Patra', 'Power Charge']
['Re Patra', 'Rakukaja', 'Me Patra', 'Power Charge']
['Matarukaja', 'Magaru', 'Auto-Tarukaja', 'Auto-Rakukaja']
['Re Patra', 'Tarukaja', 'Garu', 'Power Charge']
['Re Patra', 'Rakukaja', 'Bufu', 'Power Charge']
['Matarukaja', 'Rakukaja', 'Magaru', 'Re Patra']
['Auto-Tarukaja', 'Recarm', 'Auto-Rakukaja', 'Tarukaja']
['Garula', 'Power Charge', 'Rakukaja', 'Magaru']
['Dodge Wind', 'Auto-Tarukaja', 'Bufu', 'Garu']
['Wind Boost', 'Dodge Wind', 'Rakukaja', 'Auto-Tarukaja']
['Auto-Rakukaja', 'Garu', 'Me Patra', 'Mazionga']
['Bufu', 'Dodge Wind', 'Auto-Rakukaja', 'Garu']
['Re Patra', 'Wind Boost', 'Recarm', 'Power Charge']
['Magaru', 'Recarm', 'Re Patra', 'Me Patra']
['Recarm', 'Garu', 'Wind Boost', 'Me Patra']
['Tarukaja', 'Garu', 'Dodge Wind', 'Recarm']
['Me Patra', 'Recarm', 'Wind Boost', 'Bufu']
['Recarm', 'Rakukaja', 'Dodge Wind', 'Me Patra']
['Wind Boost', 'Me Patra', 'Power Charge', 'Rakukaja']
['Auto-Rakukaja', 'Re Patra', 'Power Charge', 'Recarm']
['Wind Boost', 'Re Patra', 'Bufu', 'Tarukaja']
['Re Patra', 'Dodge Wind', 'Auto-Tarukaja', 'Rakukaja']
['Rakukaja', 'Re Patra', 'Auto-Tarukaja', 'Garu']
['Recarm', 'Magaru', 'Rakukaja', 'Auto-Rakukaja']
['Wind Boost', 'Re Patra', 'Dodge Wind', 'Me Patra']
['Me Patra', 'Re Patra', 'Wind Boost', 'Power Charge']
['Matarukaja', 'Auto-Tarukaja', 'Recarm', 'Me Patra']
['Auto-Rakukaja', 'Re Patra', 'Rakukaja', 'Wind Boost']
['Wind Boost', 'Tarukaja', 'Recarm', 'Garu']
['Bufu', 'Dodge Wind', 'Wind Boost', 'Tarukaja']
['Power Charge', 'Auto-Rakukaja', 'Auto-Tarukaja', 'Tarukaja']
['Tarukaja', 'Auto-Rakukaja', 'Dodge Wind', 'Re Patra']
['Rakukaja', 'Bufu', 'Power Charge', 'Garula']
['Rakukaja', 'Garu', 'Tarukaja', 'Matarukaja']
['Re Patra', 'Rakukaja', 'Me Patra', 'Auto-Tarukaja']
['Garu', 'Rakukaja', 'Wind Boost', 'Garula']
['Rakukaja', 'Me Patra', 'Auto-Rakukaja', 'Wind Boost']
['Me Patra', 'Auto-Rakukaja', 'Dodge Wind', 'Tarukaja']
['Dodge Wind', 'Rakukaja', 'Auto-Tarukaja', 'Matarukaja']
['Garu', 'Rakukaja', 'Auto-Rakukaja', 'Tarukaja']
['Me Patra', 'Rakukaja', 'Tarukaja', 'Dodge Wind']
['Tarukaja', 'Rakukaja', 'Dodge Wind', 'Auto-Tarukaja']
['Power Charge', 'Auto-Tarukaja', 'Matarukaja', 'Wind Boost']
['Auto-Tarukaja', 'Tarukaja', 'Garula', 'Wind Boost']
['Recarm', 'Re Patra', 'Power Charge', 'Auto-Rakukaja']
['Garu', 'Auto-Rakukaja', 'Bufu', 'Wind Boost']
['Re Patra', 'Dodge Wind', 'Power Charge', 'Rakukaja']
['Rakukaja', 'Wind Boost', 'Me Patra', 'Re Patra']
['Re Patra', 'Power Charge', 'Matarukaja', 'Auto-Rakukaja']
['Wind Boost', 'Bufu', 'Rakukaja', 'Me Patra']
['Magaru', 'Auto-Rakukaja', 'Re Patra', 'Garula']
['Auto-Rakukaja', 'Dodge Wind', 'Me Patra', 'Garula']
['Re Patra', 'Tarukaja', 'Bufu', 'Auto-Tarukaja']
['Dodge Wind', 'Recarm', 'Mazionga', 'Rakukaja']
['Tarukaja', 'Re Patra', 'Power Charge', 'Auto-Tarukaja']
['Tarukaja', 'Auto-Tarukaja', 'Recarm', 'Wind Boost']
['Tarukaja', 'Re Patra', 'Auto-Rakukaja', 'Rakukaja']
['Auto-Rakukaja', 'Power Charge', 'Tarukaja', 'Bufu']
['Bufu', 'Wind Boost', 'Recarm', 'Auto-Tarukaja']
['Power Charge', 'Rakukaja', 'Re Patra', 'Auto-Rakukaja']
['Dodge Wind', 'Matarukaja', 'Bufu', 'Auto-Tarukaja']
['Dodge Wind', 'Power Charge', 'Tarukaja', 'Wind Boost']
['Tarukaja', 'Re Patra', 'Me Patra', 'Rakukaja']
['Re Patra', 'Auto-Tarukaja', 'Garu', 'Rakukaja']
['Me Patra', 'Tarukaja', 'Mazionga', 'Auto-Rakukaja']
['Dodge Wind', 'Me Patra', 'Power Charge', 'Garu']
['Dodge Wind', 'Rakukaja', 'Re Patra', 'Bufu']
['Wind Boost', 'Matarukaja', 'Auto-Tarukaja', 'Rakukaja']
['Auto-Rakukaja', 'Rakukaja', 'Dodge Wind', 'Auto-Tarukaja']
['Garu', 'Recarm', 'Tarukaja', 'Power Charge']
['Recarm', 'Re Patra', 'Dodge Wind', 'Bufu']
['Me Patra', 'Magaru', 'Dodge Wind', 'Bufu']
['Re Patra', 'Rakukaja', 'Wind Boost', 'Bufu']
['Bufu', 'Power Charge', 'Rakukaja', 'Re Patra']
['Rakukaja', 'Power Charge', 'Auto-Tarukaja', 'Wind Boost']
['Re Patra', 'Tarukaja', 'Auto-Tarukaja', 'Garu']
['Auto-Rakukaja', 'Power Charge', 'Rakukaja', 'Tarukaja']
['Bufu', 'Rakukaja', 'Wind Boost', 'Tarukaja']
['Garu', 'Tarukaja', 'Re Patra', 'Auto-Tarukaja']
['Tarukaja', 'Re Patra', 'Auto-Rakukaja', 'Dodge Wind']
['Wind Boost', 'Auto-Rakukaja', 'Rakukaja', 'Dodge Wind']
['Recarm', 'Rakukaja', 'Wind Boost', 'Magaru']
['Re Patra', 'Me Patra', 'Tarukaja', 'Matarukaja']
['Me Patra', 'Rakukaja', 'Wind Boost', 'Re Patra']
['Tarukaja', 'Dodge Wind', 'Auto-Tarukaja', 'Matarukaja']
['Wind Boost', 'Bufu', 'Auto-Rakukaja', 'Re Patra']
['Bufu', 'Garu', 'Wind Boost', 'Matarukaja']
['Magaru', 'Re Patra', 'Bufu', 'Tarukaja']
['Auto-Tarukaja', 'Me Patra', 'Recarm', 'Re Patra']
['Matarukaja', 'Wind Boost', 'Rakukaja', 'Magaru']
['Garu', 'Mazionga', 'Matarukaja', 'Re Patra']
['Wind Boost', 'Re Patra', 'Auto-Tarukaja', 'Power Charge']
['Auto-Tarukaja', 'Tarukaja', 'Auto-Rakukaja', 'Dodge Wind']
['Wind Boost', 'Dodge Wind', 'Tarukaja', 'Re Patra']
