['Sukukaja', 'Samsara', 'Apt Pupil', 'Rakukaja', 'Patra']
['Matarukaja', 'Patra', 'Magarula', 'Apt Pupil', 'Samsara']
['Diarahan', 'Recarm', 'Wind Amp', 'Samsara', 'Patra']
['Wind Amp', 'Tarukaja', 'Fire Boost', 'Samsara', 'Rakukaja']
['Matarukaja', 'Rakukaja', 'Agilao', 'Samsara', 'Sukukaja']
['Matarukaja', 'Tarukaja', 'Regenerate 3', 'Wind Boost', 'Recarm']
['Wind Amp', 'Patra', 'Samsara', 'Fire Boost', 'Rakukaja']
['Tarukaja', 'Recarm', 'Samsara', 'Wind Amp', 'Patra']
['Sukukaja', 'Patra', 'Diarahan', 'Wind Boost', 'Samsara']
['Recarm', 'Apt Pupil', 'Diarahan', 'Tarukaja', 'Regenerate 3']
['Patra', 'Wind Boost', 'Samsara', 'Null Dark', 'Wind Amp']
['Fire Boost', 'Wind Boost', 'Patra', 'Rakukaja', 'Tarukaja']
['Samsara', 'Invigorate 3', 'Fire Boost', 'Sukukaja', 'Patra']
['Recarm', 'Rakukaja', 'Patra', 'Matarukaja', 'Sukukaja']
['Samsara', 'Magarudyne', 'Rakukaja', 'Sukukaja', 'Patra']
['Sukukaja', 'Samsara', 'Tarukaja', 'Diarahan', 'Fire Boost']
['Wind Boost', 'Tarukaja', 'Sukukaja', 'Fire Boost', 'Invigorate 3']
['Samsara', 'Tarukaja', 'Null Dark', 'Invigorate 3', 'Rakukaja']
['Patra', 'Invigorate 3', 'Rakukaja', 'Samsara', 'Recarm']
['Magarula', 'Wind Boost', 'Rakukaja', 'Regenerate 3', 'Apt Pupil']
['Patra', 'Wind Amp', 'Samsara', 'Invigorate 3', 'Null Dark']
['Sukukaja', 'Fire Boost', 'Patra', 'Agilao', 'Apt Pupil']
['Diarahan', 'Samsara', 'Rakukaja', 'Sukukaja', 'Patra']
['Samsara', 'Patra', 'Sukukaja', 'Tarukaja', 'Fire Boost']
['Patra', 'Wind Amp', 'Recarm', 'Wind Boost', 'Fire Boost']
['Patra', 'Fire Boost', 'Sukukaja', 'Wind Amp', 'Samsara']
['Samsara', 'Rakukaja', 'Sukukaja', 'Wind Amp', 'Regenerate 3']
['Regenerate 3', 'Rakukaja', 'Samsara', 'Wind Amp', 'Patra']
['Recarm', 'Wind Boost', 'Fire Boost', 'Apt Pupil', 'Samsara']
['Wind Amp', 'Patra', 'Tarukaja', 'Samsara', 'Invigorate 3']
['Rakukaja', 'Samsara', 'Matarukaja', 'Wind Amp', 'Tarukaja']
['Samsara', 'Maragion', 'Rakukaja', 'Sukukaja', 'Patra']
['Matarukaja', 'Fire Boost', 'Tarukaja', 'Rakukaja', 'Wind Boost']
['Matarukaja', 'Patra', 'Wind Boost', 'Sukukaja', 'Magarula']
['Tarukaja', 'Rakukaja', 'Wind Amp', 'Patra', 'Wind Boost']
['Patra', 'Apt Pupil', 'Fire Boost', 'Invigorate 3', 'Sukukaja']
['Sukukaja', 'Magarula', 'Recarm', 'Matarukaja', 'Rakukaja']
['Fire Boost', 'Rakukaja', 'Recarm', 'Regenerate 3', 'Tarukaja']
['Samsara', 'Wind Boost', 'Magarudyne', 'Sukukaja', 'Diarahan']
['Patra', 'Wind Boost', 'Sukukaja', 'Magarula', 'Apt Pupil']
['Patra', 'Fire Boost', 'Diarahan', 'Invigorate 3', 'Samsara']
['Samsara', 'Rakukaja', 'Patra', 'Sukukaja', 'Apt Pupil']
['Sukukaja', 'Recarm', 'Rakukaja', 'Samsara', 'Wind Boost']
['Matarukaja', 'Null Dark', 'Invigorate 3', 'Apt Pupil', 'Wind Amp']
['Tarukaja', 'Sukukaja', 'Patra', 'Apt Pupil', 'Wind Amp']
['Wind Boost', 'Patra', 'Samsara', 'Rakukaja', 'Sukukaja']
['Rakukaja', 'Regenerate 3', 'Fire Boost', 'Matarukaja', 'Samsara']
['Diarahan', 'Patra', 'Tarukaja', 'Wind Boost', 'Rakukaja']
['Patra', 'Tarukaja', 'Invigorate 3', 'Agilao', 'Samsara']
['Patra', 'Recarm', 'Tarukaja', 'Rakukaja', 'Wind Boost']
['Rakukaja', 'Regenerate 3', 'Sukukaja', 'Diarahan', 'Fire Boost']
['Samsara', 'Tarukaja', 'Rakukaja', 'Recarm', 'Wind Boost']
['Regenerate 3', 'Rakukaja', 'Patra', 'Agidyne', 'Tarukaja']
['Patra', 'Samsara', 'Recarm', 'Rakukaja', 'Wind Boost']
['Wind Boost', 'Tarukaja', 'Rakukaja', 'Sukukaja', 'Invigorate 3']
['Patra', 'Tarukaja', 'Samsara', 'Invigorate 3', 'Regenerate 3']
['Samsara', 'Recarm', 'Rakukaja', 'Magarula', 'Tarukaja']
['Recarm', 'Tarukaja', 'Fire Boost', 'Patra', 'Samsara']
['Tarukaja', 'Rakukaja', 'Agilao', 'Wind Boost', 'Matarukaja']
['Samsara', 'Recarm', 'Patra', 'Wind Amp', 'Rakukaja']
['Samsara', 'Recarm', 'Rakukaja', 'Wind Boost', 'Null Dark']
['Wind Boost', 'Recarm', 'Regenerate 3', 'Sukukaja', 'Rakukaja']
['Invigorate 3', 'Tarukaja', 'Patra', 'Recarm', 'Wind Amp']
['Samsara', 'Tarukaja', 'Patra', 'Apt Pupil', 'Null Dark']
['Patra', 'Agilao', 'Sukukaja', 'Wind Boost', 'Matarukaja']
['Wind Boost', 'Tarukaja', 'Null Dark', 'Patra', 'Magarula']
['Invigorate 3', 'Samsara', 'Wind Amp', 'Matarukaja', 'Patra']
['Tarukaja', 'Matarukaja', 'Invigorate 3', 'Samsara', 'Wind Boost']
['Fire Boost', 'Samsara', 'Patra', 'Agilao', 'Invigorate 3']
['Fire Boost', 'Patra', 'Samsara', 'Null Dark', 'Wind Boost']
['Samsara', 'Rakukaja', 'Regenerate 3', 'Patra', 'Invigorate 3']
['Patra', 'Tarukaja', 'Rakukaja', 'Diarahan', 'Regenerate 3']
['Samsara', 'Recarm', 'Tarukaja', 'Diarahan', 'Wind Amp']
['Samsara', 'Rakukaja', 'Sukukaja', 'Wind Boost', 'Recarm']
['Null Dark', 'Recarm', 'Matarukaja', 'Patra', 'Apt Pupil']
['Agilao', 'Patra', 'Agidyne', 'Tarukaja', 'Fire Boost']
['Patra', 'Wind Boost', 'Fire Boost', 'Samsara', 'Rakukaja']
['Tarukaja', 'Invigorate 3', 'Sukukaja', 'Wind Amp', 'Wind Boost']
['Rakukaja', 'Apt Pupil', 'Patra', 'Tarukaja', 'Wind Amp']
['Wind Boost', 'Patra', 'Fire Boost', 'Recarm', 'Sukukaja']
['Tarukaja', 'Patra', 'Wind Boost', 'Sukukaja', 'Apt Pupil']
['Tarukaja', 'Fire Boost', 'Wind Boost', 'Recarm', 'Magarula']
['Regenerate 3', 'Rakukaja', 'Invigorate 3', 'Wind Boost', 'Apt Pupil']
['Patra', 'Tarukaja', 'Rakukaja', 'Magarula', 'Sukukaja']
['Samsara', 'Fire Boost', 'Sukukaja', 'Wind Boost', 'Tarukaja']
['Samsara', 'Patra', 'Panta Rhei', 'Wind Boost', 'Diarahan']
['Rakukaja', 'Samsara', 'Patra', 'Wind Boost', 'Tarukaja']
['Wind Boost', 'Patra', 'Wind Amp', 'Recarm', 'Fire Boost']
['Fire Boost', 'Patra', 'Rakukaja', 'Samsara', 'Wind Boost']
['Maragion', 'Agilao', 'Rakukaja', 'Agidyne', 'Wind Boost']
['Apt Pupil', 'Fire Boost', 'Patra', 'Regenerate 3', 'Samsara']
['Wind Boost', 'Sukukaja', 'Wind Amp', 'Samsara', 'Patra']
['Invigorate 3', 'Fire Boost', 'Samsara', 'Wind Boost', 'Tarukaja']
['Diarahan', 'Samsara', 'Regenerate 3', 'Sukukaja', 'Wind Boost']
['Null Dark', 'Patra', 'Agidyne', 'Tarukaja', 'Wind Boost']
['Maragion', 'Regenerate 3', 'Sukukaja', 'Wind Amp', 'Fire Boost']
['Patra', 'Diarahan', 'Regenerate 3', 'Rakukaja', 'Recarm']
['Sukukaja', 'Samsara', 'Wind Boost', 'Rakukaja', 'Patra']
['Diarahan', 'Samsara', 'Invigorate 3', 'Fire Boost', 'Patra']
['Agilao', 'Samsara', 'Rakukaja', 'Tarukaja', 'Patra']
['Matarukaja', 'Rakukaja', 'Samsara', 'Patra', 'Tarukaja']
['Matarukaja', 'Patra', 'Null Dark', 'Tarukaja', 'Wind Boost']
['Matarukaja', 'Tarukaja', 'Samsara', 'Fire Boost', 'Invigorate 3']
['Tarukaja', 'Recarm', 'Samsara', 'Sukukaja', 'Rakukaja']
['Patra', 'Wind Boost', 'Tarukaja', 'Fire Boost', 'Apt Pupil']
['Apt Pupil', 'Patra', 'Samsara', 'Wind Boost', 'Rakukaja']
['Tarukaja', 'Patra', 'Fire Boost', 'Null Dark', 'Sukukaja']
['Samsara', 'Rakukaja', 'Recarm', 'Sukukaja', 'Patra']
['Patra', 'Rakukaja', 'Apt Pupil', 'Wind Amp', 'Matarukaja']
['Patra', 'Fire Boost', 'Apt Pupil', 'Samsara', 'Diarahan']
['Patra', 'Sukukaja', 'Tarukaja', 'Rakukaja', 'Wind Boost']
['Patra', 'Sukukaja', 'Rakukaja', 'Wind Boost', 'Apt Pupil']
['Sukukaja', 'Patra', 'Tarukaja', 'Wind Amp', 'Apt Pupil']
['Recarm', 'Wind Boost', 'Patra', 'Samsara', 'Regenerate 3']
['Wind Amp', 'Wind Boost', 'Rakukaja', 'Fire Boost', 'Patra']
['Null Dark', 'Rakukaja', 'Wind Amp', 'Tarukaja', 'Agilao']
['Invigorate 3', 'Sukukaja', 'Rakukaja', 'Patra', 'Wind Boost']
['Patra', 'Magarudyne', 'Agilao', 'Wind Amp', 'Null Dark']
['Matarukaja', 'Wind Amp', 'Diarahan', 'Wind Boost', 'Sukukaja']
['Patra', 'Fire Boost', 'Tarukaja', 'Rakukaja', 'Apt Pupil']
['Diarahan', 'Samsara', 'Regenerate 3', 'Fire Boost', 'Patra']
['Rakukaja', 'Invigorate 3', 'Tarukaja', 'Wind Amp', 'Patra']
['Tarukaja', 'Sukukaja', 'Invigorate 3', 'Apt Pupil', 'Fire Boost']
['Fire Boost', 'Sukukaja', 'Patra', 'Recarm', 'Samsara']
['Tarukaja', 'Null Dark', 'Rakukaja', 'Wind Boost', 'Sukukaja']
['Patra', 'Rakukaja', 'Sukukaja', 'Tarukaja', 'Samsara']
['Fire Boost', 'Null Dark', 'Diarahan', 'Rakukaja', 'Patra']
['Diarahan', 'Regenerate 3', 'Sukukaja', 'Agidyne', 'Tarukaja']
['Sukukaja', 'Invigorate 3', 'Samsara', 'Rakukaja', 'Apt Pupil']
['Patra', 'Wind Boost', 'Fire Boost', 'Sukukaja', 'Tarukaja']
['Tarukaja', 'Sukukaja', 'Patra', 'Samsara', 'Rakukaja']
['Samsara', 'Apt Pupil', 'Regenerate 3', 'Diarahan', 'Wind Boost']
['Patra', 'Regenerate 3', 'Apt Pupil', 'Sukukaja', 'Null Dark']
['Sukukaja', 'Tarukaja', 'Rakukaja', 'Wind Boost', 'Matarukaja']
['Matarukaja', 'Null Dark', 'Tarukaja', 'Sukukaja', 'Rakukaja']
['Rakukaja', 'Sukukaja', 'Diarahan', 'Samsara', 'Fire Boost']
['Tarukaja', 'Apt Pupil', 'Recarm', 'Patra', 'Null Dark']
['Rakukaja', 'Samsara', 'Tarukaja', 'Matarukaja', 'Fire Boost']
['Samsara', 'Tarukaja', 'Rakukaja', 'Patra', 'Invigorate 3']
['Sukukaja', 'Agilao', 'Wind Boost', 'Recarm', 'Samsara']
['Samsara', 'Sukukaja', 'Rakukaja', 'Patra', 'Agilao']
['Recarm', 'Fire Boost', 'Sukukaja', 'Patra', 'Rakukaja']
['Patra', 'Invigorate 3', 'Apt Pupil', 'Magarudyne', 'Fire Boost']
['Maragion', 'Fire Boost', 'Null Dark', 'Rakukaja', 'Patra']
['Patra', 'Tarukaja', 'Samsara', 'Recarm', 'Fire Boost']
['Rakukaja', 'Sukukaja', 'Invigorate 3', 'Recarm', 'Tarukaja']
['Sukukaja', 'Wind Boost', 'Tarukaja', 'Samsara', 'Fire Boost']
['Rakukaja', 'Wind Boost', 'Patra', 'Tarukaja', 'Fire Boost']
['Patra', 'Agilao', 'Regenerate 3', 'Samsara', 'Tarukaja']
['Null Dark', 'Tarukaja', 'Rakukaja', 'Samsara', 'Wind Boost']
['Rakukaja', 'Invigorate 3', 'Diarahan', 'Wind Boost', 'Patra']
['Fire Boost', 'Sukukaja', 'Apt Pupil', 'Recarm', 'Wind Boost']
['Rakukaja', 'Patra', 'Wind Amp', 'Invigorate 3', 'Sukukaja']
['Fire Boost', 'Rakukaja', 'Patra', 'Samsara', 'Invigorate 3']
['Samsara', 'Sukukaja', 'Patra', 'Diarahan', 'Fire Boost']
['Patra', 'Agilao', 'Samsara', 'Invigorate 3', 'Recarm']
['Samsara', 'Tarukaja', 'Patra', 'Sukukaja', 'Rakukaja']
['Samsara', 'Patra', 'Tarukaja', 'Null Dark', 'Invigorate 3']
['Rakukaja', 'Sukukaja', 'Invigorate 3', 'Patra', 'Apt Pupil']
['Rakukaja', 'Patra', 'Regenerate 3', 'Samsara', 'Wind Boost']
['Tarukaja', 'Fire Boost', 'Patra', 'Rakukaja', 'Samsara']
['Patra', 'Samsara', 'Fire Boost', 'Rakukaja', 'Wind Boost']
['Rakukaja', 'Samsara', 'Patra', 'Wind Boost', 'Sukukaja']
['Samsara', 'Wind Amp', 'Fire Boost', 'Patra', 'Rakukaja']
['Wind Amp', 'Fire Boost', 'Patra', 'Regenerate 3', 'Maragion']
['Patra', 'Rakukaja', 'Samsara', 'Matarukaja', 'Sukukaja']
['Samsara', 'Fire Boost', 'Diarahan', 'Wind Amp', 'Patra']
['Tarukaja', 'Fire Boost', 'Patra', 'Invigorate 3', 'Wind Boost']
['Tarukaja', 'Regenerate 3', 'Matarukaja', 'Recarm', 'Fire Boost']
['Magarula', 'Magarudyne', 'Samsara', 'Tarukaja', 'Diarahan']
['Patra', 'Tarukaja', 'Fire Boost', 'Sukukaja', 'Wind Amp']
['Fire Boost', 'Diarahan', 'Rakukaja', 'Wind Boost', 'Samsara']
['Fire Boost', 'Wind Boost', 'Invigorate 3', 'Samsara', 'Sukukaja']
['Samsara', 'Invigorate 3', 'Recarm', 'Wind Boost', 'Diarahan']
['Null Dark', 'Rakukaja', 'Fire Boost', 'Patra', 'Tarukaja']
['Rakukaja', 'Patra', 'Samsara', 'Wind Boost', 'Sukukaja']
['Rakukaja', 'Sukukaja', 'Maragion', 'Patra', 'Samsara']
['Recarm', 'Fire Boost', 'Magarudyne', 'Invigorate 3', 'Rakukaja']
['Tarukaja', 'Wind Boost', 'Samsara', 'Patra', 'Invigorate 3']
['Samsara', 'Apt Pupil', 'Sukukaja', 'Patra', 'Wind Boost']
['Fire Boost', 'Sukukaja', 'Regenerate 3', 'Diarahan', 'Samsara']
['Wind Boost', 'Sukukaja', 'Diarahan', 'Samsara', 'Apt Pupil']
['Tarukaja', 'Sukukaja', 'Patra', 'Apt Pupil', 'Samsara']
['Sukukaja', 'Patra', 'Samsara', 'Wind Boost', 'Invigorate 3']
['Fire Boost', 'Tarukaja', 'Null Dark', 'Samsara', 'Recarm']
['Regenerate 3', 'Samsara', 'Sukukaja', 'Matarukaja', 'Fire Boost']
['Patra', 'Magarula', 'Null Dark', 'Sukukaja', 'Diarahan']
['Diarahan', 'Wind Amp', 'Wind Boost', 'Apt Pupil', 'Patra']
['Fire Boost', 'Wind Boost', 'Wind Amp', 'Samsara', 'Apt Pupil']
['Fire Boost', 'Patra', 'Samsara', 'Tarukaja', 'Wind Amp']
['Null Dark', 'Patra', 'Matarukaja', 'Apt Pupil', 'Panta Rhei']
['Samsara', 'Tarukaja', 'Sukukaja', 'Regenerate 3', 'Matarukaja']
['Patra', 'Sukukaja', 'Apt Pupil', 'Invigorate 3', 'Wind Amp']
['Diarahan', 'Tarukaja', 'Invigorate 3', 'Patra', 'Recarm']
['Rakukaja', 'Recarm', 'Matarukaja', 'Samsara', 'Patra']
['Diarahan', 'Patra', 'Regenerate 3', 'Rakukaja', 'Samsara']
['Fire Boost', 'Sukukaja', 'Samsara', 'Null Dark', 'Invigorate 3']
['Maragion', 'Patra', 'Fire Boost', 'Wind Amp', 'Agidyne']
['Patra', 'Wind Amp', 'Rakukaja', 'Tarukaja', 'Recarm']
['Recarm', 'Tarukaja', 'Patra', 'Wind Boost', 'Diarahan']
['Matarukaja', 'Sukukaja', 'Null Dark', 'Patra', 'Recarm']
['Patra', 'Sukukaja', 'Tarukaja', 'Wind Amp', 'Samsara']
['Patra', 'Sukukaja', 'Rakukaja', 'Agilao', 'Magarula']
['Wind Amp', 'Null Dark', 'Regenerate 3', 'Magarula', 'Sukukaja']
['Wind Boost', 'Patra', 'Rakukaja', 'Samsara', 'Tarukaja']
['Patra', 'Wind Boost', 'Wind Amp', 'Samsara', 'Diarahan']
['Null Dark', 'Rakukaja', 'Wind Boost', 'Tarukaja', 'Patra']
['Patra', 'Wind Boost', 'Apt Pupil', 'Sukukaja', 'Invigorate 3']
['Apt Pupil', 'Null Dark', 'Wind Boost', 'Tarukaja', 'Fire Boost']
['Wind Boost', 'Patra', 'Agidyne', 'Tarukaja', 'Recarm']
['Magarula', 'Samsara', 'Fire Boost', 'Rakukaja', 'Regenerate 3']
['Sukukaja', 'Null Dark', 'Fire Boost', 'Wind Amp', 'Tarukaja']
['Tarukaja', 'Patra', 'Matarukaja', 'Rakukaja', 'Samsara']
['Agilao', 'Sukukaja', 'Wind Boost', 'Tarukaja', 'Rakukaja']
['Regenerate 3', 'Samsara', 'Sukukaja', 'Wind Boost', 'Apt Pupil']
['Patra', 'Samsara', 'Tarukaja', 'Regenerate 3', 'Sukukaja']
['Magarula', 'Rakukaja', 'Null Dark', 'Sukukaja', 'Patra']
['Fire Boost', 'Rakukaja', 'Wind Boost', 'Samsara', 'Patra']
['Samsara', 'Tarukaja', 'Wind Boost', 'Sukukaja', 'Fire Boost']
['Samsara', 'Rakukaja', 'Patra', 'Sukukaja', 'Fire Boost']
['Wind Boost', 'Patra', 'Sukukaja', 'Rakukaja', 'Agidyne']
['Wind Boost', 'Regenerate 3', 'Null Dark', 'Sukukaja', 'Samsara']
['Samsara', 'Rakukaja', 'Matarukaja', 'Magarula', 'Diarahan']
['Tarukaja', 'Sukukaja', 'Magarula', 'Rakukaja', 'Patra']
['Recarm', 'Fire Boost', 'Rakukaja', 'Wind Boost', 'Patra']
['Fire Boost', 'Rakukaja', 'Invigorate 3', 'Patra', 'Wind Boost']
['Samsara', 'Null Dark', 'Patra', 'Fire Boost', 'Regenerate 3']
['Fire Boost', 'Samsara', 'Wind Boost', 'Patra', 'Apt Pupil']
['Fire Boost', 'Rakukaja', 'Wind Boost', 'Sukukaja', 'Tarukaja']
['Fire Boost', 'Tarukaja', 'Wind Boost', 'Invigorate 3', 'Samsara']
['Apt Pupil', 'Regenerate 3', 'Matarukaja', 'Sukukaja', 'Invigorate 3']
['Matarukaja', 'Samsara', 'Patra', 'Wind Amp', 'Fire Boost']
['Rakukaja', 'Fire Boost', 'Recarm', 'Invigorate 3', 'Diarahan']
['Samsara', 'Tarukaja', 'Fire Boost', 'Patra', 'Sukukaja']
['Fire Boost', 'Wind Boost', 'Tarukaja', 'Wind Amp', 'Sukukaja']
['Sukukaja', 'Rakukaja', 'Samsara', 'Patra', 'Wind Boost']
['Sukukaja', 'Invigorate 3', 'Apt Pupil', 'Rakukaja', 'Wind Boost']
['Fire Boost', 'Null Dark', 'Recarm', 'Regenerate 3', 'Wind Boost']
['Rakukaja', 'Diarahan', 'Patra', 'Null Dark', 'Wind Boost']
['Recarm', 'Wind Boost', 'Tarukaja', 'Rakukaja', 'Regenerate 3']
['Wind Boost', 'Regenerate 3', 'Patra', 'Fire Boost', 'Sukukaja']
['Tarukaja', 'Diarahan', 'Sukukaja', 'Samsara', 'Patra']
['Samsara', 'Diarahan', 'Patra', 'Regenerate 3', 'Null Dark']
['Patra', 'Samsara', 'Invigorate 3', 'Rakukaja', 'Sukukaja']
['Fire Boost', 'Rakukaja', 'Magarula', 'Wind Boost', 'Recarm']
['Patra', 'Wind Boost', 'Matarukaja', 'Rakukaja', 'Sukukaja']
['Tarukaja', 'Wind Amp', 'Wind Boost', 'Agidyne', 'Matarukaja']
['Patra', 'Samsara', 'Wind Amp', 'Diarahan', 'Matarukaja']
['Fire Boost', 'Tarukaja', 'Rakukaja', 'Patra', 'Magarudyne']
['Wind Amp', 'Recarm', 'Samsara', 'Rakukaja', 'Wind Boost']
['Diarahan', 'Patra', 'Agilao', 'Magarula', 'Samsara']
['Diarahan', 'Fire Boost', 'Sukukaja', 'Agilao', 'Samsara']
['Samsara', 'Wind Boost', 'Null Dark', 'Sukukaja', 'Fire Boost']
['Patra', 'Regenerate 3', 'Wind Boost', 'Rakukaja', 'Sukukaja']
['Wind Boost', 'Invigorate 3', 'Tarukaja', 'Agidyne', 'Null Dark']
['Samsara', 'Wind Amp', 'Patra', 'Tarukaja', 'Wind Boost']
['Rakukaja', 'Tarukaja', 'Wind Boost', 'Samsara', 'Patra']
['Agilao', 'Patra', 'Rakukaja', 'Samsara', 'Wind Boost']
['Samsara', 'Fire Boost', 'Patra', 'Magarula', 'Wind Amp']
['Patra', 'Rakukaja', 'Wind Boost', 'Samsara', 'Fire Boost']
['Fire Boost', 'Null Dark', 'Patra', 'Rakukaja', 'Samsara']
['Regenerate 3', 'Samsara', 'Wind Amp', 'Wind Boost', 'Diarahan']
['Samsara', 'Patra', 'Recarm', 'Sukukaja', 'Diarahan']
['Matarukaja', 'Tarukaja', 'Samsara', 'Diarahan', 'Maragion']
['Patra', 'Sukukaja', 'Null Dark', 'Matarukaja', 'Wind Boost']
['Tarukaja', 'Wind Boost', 'Wind Amp', 'Apt Pupil', 'Samsara']
['Wind Boost', 'Samsara', 'Recarm', 'Wind Amp', 'Null Dark']
['Rakukaja', 'Wind Amp', 'Wind Boost', 'Regenerate 3', 'Samsara']
['Fire Boost', 'Diarahan', 'Wind Boost', 'Sukukaja', 'Tarukaja']
['Sukukaja', 'Wind Boost', 'Patra', 'Matarukaja', 'Rakukaja']
['Matarukaja', 'Sukukaja', 'Rakukaja', 'Diarahan', 'Tarukaja']
['Fire Boost', 'Wind Amp', 'Patra', 'Sukukaja', 'Tarukaja']
['Apt Pupil', 'Patra', 'Samsara', 'Wind Boost', 'Fire Boost']
['Magarudyne', 'Fire Boost', 'Rakukaja', 'Sukukaja', 'Wind Boost']
['Sukukaja', 'Recarm', 'Fire Boost', 'Patra', 'Regenerate 3']
['Wind Boost', 'Samsara', 'Fire Boost', 'Wind Amp', 'Diarahan']
['Maragion', 'Regenerate 3', 'Samsara', 'Wind Boost', 'Rakukaja']
['Samsara', 'Recarm', 'Patra', 'Rakukaja', 'Wind Boost']
['Wind Boost', 'Samsara', 'Patra', 'Rakukaja', 'Sukukaja']
['Patra', 'Samsara', 'Sukukaja', 'Matarukaja', 'Maragion']
['Patra', 'Tarukaja', 'Apt Pupil', 'Samsara', 'Rakukaja']
['Apt Pupil', 'Wind Amp', 'Fire Boost', 'Patra', 'Samsara']
['Tarukaja', 'Patra', 'Null Dark', 'Apt Pupil', 'Fire Boost']
['Patra', 'Samsara', 'Wind Boost', 'Tarukaja', 'Sukukaja']
['Apt Pupil', 'Sukukaja', 'Agidyne', 'Recarm', 'Patra']
['Recarm', 'Null Dark', 'Sukukaja', 'Rakukaja', 'Regenerate 3']
['Samsara', 'Rakukaja', 'Null Dark', 'Recarm', 'Wind Boost']
['Patra', 'Apt Pupil', 'Wind Amp', 'Wind Boost', 'Tarukaja']
['Sukukaja', 'Fire Boost', 'Patra', 'Wind Amp', 'Null Dark']
['Wind Boost', 'Fire Boost', 'Diarahan', 'Samsara', 'Invigorate 3']
['Apt Pupil', 'Wind Boost', 'Agilao', 'Tarukaja', 'Matarukaja']
['Rakukaja', 'Samsara', 'Fire Boost', 'Sukukaja', 'Matarukaja']
['Patra', 'Apt Pupil', 'Rakukaja', 'Wind Boost', 'Samsara']
['Wind Boost', 'Fire Boost', 'Wind Amp', 'Sukukaja', 'Tarukaja']
['Sukukaja', 'Fire Boost', 'Matarukaja', 'Null Dark', 'Tarukaja']
['Fire Boost', 'Samsara', 'Patra', 'Tarukaja', 'Wind Amp']
['Matarukaja', 'Samsara', 'Wind Amp', 'Patra', 'Sukukaja']
['Rakukaja', 'Wind Amp', 'Sukukaja', 'Samsara', 'Null Dark']
['Wind Boost', 'Diarahan', 'Null Dark', 'Samsara', 'Patra']
['Tarukaja', 'Invigorate 3', 'Samsara', 'Sukukaja', 'Wind Boost']
['Recarm', 'Sukukaja', 'Rakukaja', 'Wind Boost', 'Patra']
['Rakukaja', 'Fire Boost', 'Sukukaja', 'Patra', 'Matarukaja']
['Fire Boost', 'Tarukaja', 'Patra', 'Sukukaja', 'Samsara']
['Apt Pupil', 'Tarukaja', 'Samsara', 'Fire Boost', 'Patra']
['Sukukaja', 'Rakukaja', 'Samsara', 'Patra', 'Recarm']
['Tarukaja', 'Regenerate 3', 'Patra', 'Matarukaja', 'Recarm']
['Patra', 'Wind Boost', 'Tarukaja', 'Fire Boost', 'Magarula']
['Recarm', 'Apt Pupil', 'Wind Amp', 'Wind Boost', 'Patra']
['Samsara', 'Fire Boost', 'Tarukaja', 'Patra', 'Sukukaja']
['Samsara', 'Matarukaja', 'Rakukaja', 'Fire Boost', 'Sukukaja']
['Patra', 'Diarahan', 'Recarm', 'Null Dark', 'Tarukaja']
['Maragion', 'Diarahan', 'Rakukaja', 'Fire Boost', 'Apt Pupil']
['Rakukaja', 'Sukukaja', 'Patra', 'Invigorate 3', 'Samsara']
['Tarukaja', 'Wind Boost', 'Fire Boost', 'Apt Pupil', 'Patra']
['Tarukaja', 'Patra', 'Matarukaja', 'Wind Amp', 'Wind Boost']
['Patra', 'Agidyne', 'Fire Boost', 'Samsara', 'Rakukaja']
['Matarukaja', 'Patra', 'Rakukaja', 'Wind Boost', 'Tarukaja']
['Tarukaja', 'Sukukaja', 'Recarm', 'Apt Pupil', 'Magarudyne']
['Wind Boost', 'Diarahan', 'Recarm', 'Fire Boost', 'Samsara']
['Rakukaja', 'Fire Boost', 'Null Dark', 'Samsara', 'Recarm']
['Samsara', 'Sukukaja', 'Invigorate 3', 'Agilao', 'Apt Pupil']
['Patra', 'Null Dark', 'Tarukaja', 'Fire Boost', 'Recarm']
['Wind Amp', 'Samsara', 'Sukukaja', 'Fire Boost', 'Patra']
['Tarukaja', 'Sukukaja', 'Apt Pupil', 'Patra', 'Regenerate 3']
['Patra', 'Regenerate 3', 'Matarukaja', 'Fire Boost', 'Samsara']
['Patra', 'Wind Boost', 'Recarm', 'Sukukaja', 'Samsara']
['Patra', 'Wind Boost', 'Tarukaja', 'Rakukaja', 'Invigorate 3']
['Patra', 'Wind Amp', 'Tarukaja', 'Rakukaja', 'Invigorate 3']
['Matarukaja', 'Invigorate 3', 'Apt Pupil', 'Wind Boost', 'Samsara']
['Patra', 'Samsara', 'Agilao', 'Wind Boost', 'Matarukaja']
['Samsara', 'Agidyne', 'Fire Boost', 'Sukukaja', 'Patra']
['Apt Pupil', 'Tarukaja', 'Patra', 'Fire Boost', 'Sukukaja']
['Samsara', 'Rakukaja', 'Wind Amp', 'Sukukaja', 'Recarm']
['Patra', 'Matarukaja', 'Null Dark', 'Magarudyne', 'Tarukaja']
['Agidyne', 'Samsara', 'Magarudyne', 'Null Dark', 'Patra']
['Samsara', 'Sukukaja', 'Patra', 'Rakukaja', 'Fire Boost']
['Patra', 'Invigorate 3', 'Wind Boost', 'Recarm', 'Samsara']
['Samsara', 'Invigorate 3', 'Fire Boost', 'Wind Boost', 'Matarukaja']
['Invigorate 3', 'Patra', 'Fire Boost', 'Regenerate 3', 'Matarukaja']
['Wind Amp', 'Sukukaja', 'Fire Boost', 'Rakukaja', 'Tarukaja']
['Wind Amp', 'Patra', 'Fire Boost', 'Wind Boost', 'Recarm']
['Patra', 'Matarukaja', 'Samsara', 'Regenerate 3', 'Wind Boost']
['Samsara', 'Patra', 'Tarukaja', 'Matarukaja', 'Rakukaja']
['Apt Pupil', 'Null Dark', 'Patra', 'Tarukaja', 'Fire Boost']
['Matarukaja', 'Samsara', 'Rakukaja', 'Apt Pupil', 'Tarukaja']
['Samsara', 'Recarm', 'Invigorate 3', 'Rakukaja', 'Patra']
['Samsara', 'Rakukaja', 'Fire Boost', 'Sukukaja', 'Wind Boost']
['Tarukaja', 'Samsara', 'Patra', 'Wind Boost', 'Invigorate 3']
['Fire Boost', 'Wind Amp', 'Samsara', 'Sukukaja', 'Maragion']
['Samsara', 'Recarm', 'Sukukaja', 'Regenerate 3', 'Patra']
['Sukukaja', 'Wind Boost', 'Rakukaja', 'Patra', 'Maragion']
['Patra', 'Wind Boost', 'Matarukaja', 'Fire Boost', 'Magarudyne']
['Samsara', 'Rakukaja', 'Fire Boost', 'Apt Pupil', 'Recarm']
['Agilao', 'Patra', 'Samsara', 'Wind Boost', 'Wind Amp']
['Wind Boost', 'Sukukaja', 'Rakukaja', 'Matarukaja', 'Fire Boost']
['Diarahan', 'Rakukaja', 'Apt Pupil', 'Wind Boost', 'Patra']
['Tarukaja', 'Invigorate 3', 'Apt Pupil', 'Recarm', 'Sukukaja']
['Samsara', 'Patra', 'Sukukaja', 'Apt Pupil', 'Wind Boost']
['Wind Boost', 'Tarukaja', 'Samsara', 'Diarahan', 'Rakukaja']
['Sukukaja', 'Wind Boost', 'Samsara', 'Tarukaja', 'Patra']
['Sukukaja', 'Magarula', 'Wind Boost', 'Null Dark', 'Samsara']
['Samsara', 'Diarahan', 'Fire Boost', 'Apt Pupil', 'Tarukaja']
['Regenerate 3', 'Tarukaja', 'Null Dark', 'Fire Boost', 'Sukukaja']
['Patra', 'Tarukaja', 'Wind Amp', 'Invigorate 3', 'Wind Boost']
['Patra', 'Diarahan', 'Wind Boost', 'Rakukaja', 'Fire Boost']
['Wind Boost', 'Tarukaja', 'Fire Boost', 'Diarahan', 'Patra']
['Wind Amp', 'Rakukaja', 'Samsara', 'Wind Boost', 'Fire Boost']
['Tarukaja', 'Samsara', 'Fire Boost', 'Patra', 'Rakukaja']
['Sukukaja', 'Agilao', 'Rakukaja', 'Patra', 'Fire Boost']
['Wind Boost', 'Rakukaja', 'Patra', 'Panta Rhei', 'Samsara']
['Apt Pupil', 'Fire Boost', 'Wind Amp', 'Regenerate 3', 'Tarukaja']
['Patra', 'Regenerate 3', 'Samsara', 'Magarula', 'Sukukaja']
['Maragion', 'Fire Boost', 'Patra', 'Wind Boost', 'Wind Amp']
['Wind Boost', 'Patra', 'Matarukaja', 'Diarahan', 'Tarukaja']
['Regenerate 3', 'Fire Boost', 'Patra', 'Tarukaja', 'Rakukaja']
['Wind Boost', 'Samsara', 'Patra', 'Tarukaja', 'Sukukaja']
['Wind Boost', 'Patra', 'Sukukaja', 'Tarukaja', 'Samsara']
['Patra', 'Samsara', 'Fire Boost', 'Recarm', 'Wind Boost']
['Fire Boost', 'Wind Amp', 'Regenerate 3', 'Patra', 'Samsara']
['Patra', 'Samsara', 'Sukukaja', 'Tarukaja', 'Regenerate 3']
['Maragion', 'Recarm', 'Patra', 'Tarukaja', 'Apt Pupil']
['Sukukaja', 'Matarukaja', 'Wind Amp', 'Patra', 'Fire Boost']
['Samsara', 'Sukukaja', 'Magarudyne', 'Matarukaja', 'Patra']
['Apt Pupil', 'Wind Boost', 'Rakukaja', 'Wind Amp', 'Sukukaja']
['Invigorate 3', 'Wind Amp', 'Wind Boost', 'Samsara', 'Apt Pupil']
['Fire Boost', 'Tarukaja', 'Invigorate 3', 'Diarahan', 'Regenerate 3']
['Apt Pupil', 'Diarahan', 'Patra', 'Recarm', 'Samsara']
['Sukukaja', 'Samsara', 'Diarahan', 'Wind Amp', 'Patra']
['Patra', 'Diarahan', 'Fire Boost', 'Tarukaja', 'Rakukaja']
['Regenerate 3', 'Invigorate 3', 'Null Dark', 'Tarukaja', 'Patra']
['Tarukaja', 'Samsara', 'Wind Amp', 'Patra', 'Wind Boost']
['Apt Pupil', 'Wind Boost', 'Fire Boost', 'Patra', 'Wind Amp']
['Fire Boost', 'Tarukaja', 'Sukukaja', 'Wind Boost', 'Recarm']
['Patra', 'Null Dark', 'Rakukaja', 'Tarukaja', 'Magarula']
['Fire Boost', 'Wind Amp', 'Recarm', 'Invigorate 3', 'Tarukaja']
['Null Dark', 'Patra', 'Fire Boost', 'Rakukaja', 'Maragion']
['Wind Boost', 'Samsara', 'Rakukaja', 'Sukukaja', 'Null Dark']
['Tarukaja', 'Patra', 'Rakukaja', 'Fire Boost', 'Wind Boost']
['Patra', 'Wind Boost', 'Matarukaja', 'Regenerate 3', 'Tarukaja']
['Rakukaja', 'Fire Boost', 'Wind Boost', 'Samsara', 'Tarukaja']
['Patra', 'Null Dark', 'Samsara', 'Wind Boost', 'Tarukaja']
['Recarm', 'Patra', 'Rakukaja', 'Wind Amp', 'Wind Boost']
['Diarahan', 'Fire Boost', 'Wind Boost', 'Patra', 'Invigorate 3']
['Wind Boost', 'Apt Pupil', 'Sukukaja', 'Matarukaja', 'Regenerate 3']
['Matarukaja', 'Wind Boost', 'Rakukaja', 'Fire Boost', 'Patra']
['Matarukaja', 'Recarm', 'Samsara', 'Tarukaja', 'Wind Amp']
['Samsara', 'Fire Boost', 'Rakukaja', 'Sukukaja', 'Recarm']
['Null Dark', 'Rakukaja', 'Wind Boost', 'Magarudyne', 'Wind Amp']
['Tarukaja', 'Fire Boost', 'Wind Boost', 'Rakukaja', 'Regenerate 3']
['Rakukaja', 'Patra', 'Sukukaja', 'Samsara', 'Wind Boost']
['Matarukaja', 'Regenerate 3', 'Samsara', 'Patra', 'Wind Amp']
['Sukukaja', 'Patra', 'Null Dark', 'Samsara', 'Wind Boost']
['Null Dark', 'Samsara', 'Apt Pupil', 'Wind Boost', 'Tarukaja']
['Patra', 'Rakukaja', 'Fire Boost', 'Wind Boost', 'Sukukaja']
['Invigorate 3', 'Apt Pupil', 'Fire Boost', 'Patra', 'Agilao']
['Regenerate 3', 'Patra', 'Sukukaja', 'Matarukaja', 'Apt Pupil']
['Null Dark', 'Samsara', 'Wind Boost', 'Agilao', 'Patra']
['Wind Boost', 'Sukukaja', 'Samsara', 'Fire Boost', 'Rakukaja']
['Patra', 'Magarudyne', 'Tarukaja', 'Sukukaja', 'Wind Boost']
['Rakukaja', 'Patra', 'Null Dark', 'Wind Amp', 'Tarukaja']
['Patra', 'Sukukaja', 'Samsara', 'Wind Boost', 'Tarukaja']
['Patra', 'Apt Pupil', 'Recarm', 'Sukukaja', 'Samsara']
['Fire Boost', 'Patra', 'Tarukaja', 'Wind Boost', 'Rakukaja']
['Recarm', 'Invigorate 3', 'Patra', 'Sukukaja', 'Wind Boost']
['Agilao', 'Sukukaja', 'Samsara', 'Fire Boost', 'Patra']
['Fire Boost', 'Tarukaja', 'Invigorate 3', 'Samsara', 'Patra']
['Regenerate 3', 'Patra', 'Rakukaja', 'Fire Boost', 'Samsara']
['Regenerate 3', 'Invigorate 3', 'Patra', 'Sukukaja', 'Rakukaja']
['Patra', 'Recarm', 'Diarahan', 'Wind Amp', 'Matarukaja']
['Matarukaja', 'Tarukaja', 'Diarahan', 'Patra', 'Recarm']
['Matarukaja', 'Patra', 'Rakukaja', 'Wind Boost', 'Samsara']
['Null Dark', 'Samsara', 'Apt Pupil', 'Sukukaja', 'Patra']
['Agilao', 'Diarahan', 'Patra', 'Rakukaja', 'Wind Boost']
['Fire Boost', 'Patra', 'Wind Amp', 'Wind Boost', 'Samsara']
['Samsara', 'Matarukaja', 'Wind Boost', 'Tarukaja', 'Patra']
['Wind Amp', 'Patra', 'Fire Boost', 'Recarm', 'Null Dark']
['Regenerate 3', 'Matarukaja', 'Sukukaja', 'Recarm', 'Samsara']
['Patra', 'Fire Boost', 'Sukukaja', 'Diarahan', 'Wind Amp']
['Maragion', 'Recarm', 'Regenerate 3', 'Sukukaja', 'Null Dark']
['Matarukaja', 'Patra', 'Samsara', 'Null Dark', 'Sukukaja']
['Samsara', 'Matarukaja', 'Patra', 'Rakukaja', 'Apt Pupil']
['Patra', 'Invigorate 3', 'Sukukaja', 'Apt Pupil', 'Fire Boost']
['Sukukaja', 'Wind Amp', 'Samsara', 'Fire Boost', 'Recarm']
['Samsara', 'Tarukaja', 'Sukukaja', 'Patra', 'Rakukaja']
['Patra', 'Sukukaja', 'Wind Amp', 'Null Dark', 'Samsara']
['Fire Boost', 'Tarukaja', 'Sukukaja', 'Regenerate 3', 'Recarm']
['Wind Boost', 'Tarukaja', 'Samsara', 'Wind Amp', 'Magarula']
['Tarukaja', 'Samsara', 'Rakukaja', 'Diarahan', 'Panta Rhei']
['Wind Boost', 'Recarm', 'Samsara', 'Patra', 'Diarahan']
['Fire Boost', 'Samsara', 'Patra', 'Recarm', 'Invigorate 3']
['Sukukaja', 'Wind Amp', 'Wind Boost', 'Tarukaja', 'Apt Pupil']
['Wind Boost', 'Diarahan', 'Patra', 'Tarukaja', 'Rakukaja']
['Matarukaja', 'Magarula', 'Patra', 'Rakukaja', 'Sukukaja']
['Rakukaja', 'Samsara', 'Patra', 'Matarukaja', 'Fire Boost']
['Recarm', 'Sukukaja', 'Samsara', 'Invigorate 3', 'Fire Boost']
['Samsara', 'Wind Amp', 'Rakukaja', 'Agidyne', 'Apt Pupil']
['Samsara', 'Fire Boost', 'Rakukaja', 'Null Dark', 'Patra']
['Tarukaja', 'Fire Boost', 'Samsara', 'Agidyne', 'Recarm']
['Diarahan', 'Rakukaja', 'Magarudyne', 'Fire Boost', 'Samsara']
['Null Dark', 'Samsara', 'Diarahan', 'Fire Boost', 'Invigorate 3']
['Sukukaja', 'Samsara', 'Rakukaja', 'Wind Boost', 'Patra']
['Matarukaja', 'Agilao', 'Patra', 'Rakukaja', 'Tarukaja']
['Rakukaja', 'Tarukaja', 'Sukukaja', 'Samsara', 'Recarm']
['Tarukaja', 'Samsara', 'Panta Rhei', 'Sukukaja', 'Wind Boost']
['Wind Amp', 'Patra', 'Recarm', 'Fire Boost', 'Matarukaja']
['Invigorate 3', 'Null Dark', 'Maragion', 'Tarukaja', 'Patra']
['Rakukaja', 'Null Dark', 'Maragion', 'Fire Boost', 'Patra']
['Rakukaja', 'Samsara', 'Regenerate 3', 'Patra', 'Wind Boost']
['Samsara', 'Sukukaja', 'Matarukaja', 'Wind Boost', 'Patra']
['Rakukaja', 'Sukukaja', 'Apt Pupil', 'Samsara', 'Fire Boost']
['Fire Boost', 'Invigorate 3', 'Maragion', 'Samsara', 'Patra']
['Patra', 'Recarm', 'Tarukaja', 'Rakukaja', 'Samsara']
['Magarula', 'Recarm', 'Wind Amp', 'Rakukaja', 'Fire Boost']
['Null Dark', 'Sukukaja', 'Wind Boost', 'Rakukaja', 'Samsara']
['Patra', 'Rakukaja', 'Fire Boost', 'Null Dark', 'Samsara']
['Recarm', 'Rakukaja', 'Samsara', 'Wind Boost', 'Fire Boost']
['Rakukaja', 'Tarukaja', 'Wind Amp', 'Samsara', 'Patra']
['Invigorate 3', 'Patra', 'Samsara', 'Matarukaja', 'Rakukaja']
['Tarukaja', 'Recarm', 'Wind Boost', 'Invigorate 3', 'Wind Amp']
['Matarukaja', 'Rakukaja', 'Patra', 'Tarukaja', 'Samsara']
['Patra', 'Samsara', 'Wind Boost', 'Invigorate 3', 'Null Dark']
['Wind Boost', 'Rakukaja', 'Magarula', 'Samsara', 'Agilao']
['Tarukaja', 'Null Dark', 'Rakukaja', 'Samsara', 'Panta Rhei']
['Samsara', 'Regenerate 3', 'Diarahan', 'Recarm', 'Null Dark']
['Null Dark', 'Wind Boost', 'Sukukaja', 'Tarukaja', 'Apt Pupil']
['Diarahan', 'Samsara', 'Tarukaja', 'Wind Amp', 'Patra']
['Null Dark', 'Patra', 'Tarukaja', 'Invigorate 3', 'Rakukaja']
['Sukukaja', 'Fire Boost', 'Apt Pupil', 'Null Dark', 'Samsara']
['Recarm', 'Wind Boost', 'Patra', 'Rakukaja', 'Samsara']
['Wind Boost', 'Matarukaja', 'Maragion', 'Sukukaja', 'Patra']
['Samsara', 'Tarukaja', 'Wind Boost', 'Regenerate 3', 'Fire Boost']
['Samsara', 'Patra', 'Fire Boost', 'Matarukaja', 'Wind Amp']
['Tarukaja', 'Invigorate 3', 'Magarula', 'Wind Boost', 'Patra']
['Recarm', 'Patra', 'Fire Boost', 'Wind Boost', 'Null Dark']
['Sukukaja', 'Invigorate 3', 'Wind Amp', 'Maragion', 'Rakukaja']
['Tarukaja', 'Matarukaja', 'Recarm', 'Samsara', 'Sukukaja']
['Diarahan', 'Tarukaja', 'Patra', 'Sukukaja', 'Recarm']
['Sukukaja', 'Tarukaja', 'Recarm', 'Wind Amp', 'Patra']
['Patra', 'Recarm', 'Samsara', 'Fire Boost', 'Diarahan']
['Tarukaja', 'Null Dark', 'Fire Boost', 'Patra', 'Samsara']
['Sukukaja', 'Tarukaja', 'Recarm', 'Fire Boost', 'Patra']
['Rakukaja', 'Sukukaja', 'Wind Amp', 'Regenerate 3', 'Patra']
['Fire Boost', 'Wind Boost', 'Recarm', 'Tarukaja', 'Rakukaja']
['Rakukaja', 'Sukukaja', 'Patra', 'Samsara', 'Diarahan']
['Regenerate 3', 'Patra', 'Sukukaja', 'Tarukaja', 'Agidyne']
['Wind Boost', 'Samsara', 'Regenerate 3', 'Null Dark', 'Patra']
['Wind Boost', 'Patra', 'Diarahan', 'Tarukaja', 'Rakukaja']
['Tarukaja', 'Wind Boost', 'Samsara', 'Patra', 'Recarm']
['Wind Amp', 'Rakukaja', 'Fire Boost', 'Patra', 'Sukukaja']
['Patra', 'Matarukaja', 'Sukukaja', 'Magarudyne', 'Rakukaja']
['Rakukaja', 'Regenerate 3', 'Sukukaja', 'Patra', 'Wind Amp']
['Wind Boost', 'Fire Boost', 'Recarm', 'Rakukaja', 'Samsara']
['Magarula', 'Diarahan', 'Sukukaja', 'Matarukaja', 'Samsara']
['Sukukaja', 'Fire Boost', 'Samsara', 'Rakukaja', 'Wind Boost']
['Matarukaja', 'Samsara', 'Regenerate 3', 'Wind Boost', 'Patra']
['Fire Boost', 'Wind Boost', 'Agidyne', 'Matarukaja', 'Patra']
['Invigorate 3', 'Patra', 'Tarukaja', 'Diarahan', 'Fire Boost']
['Samsara', 'Rakukaja', 'Wind Amp', 'Diarahan', 'Patra']
['Recarm', 'Patra', 'Sukukaja', 'Samsara', 'Regenerate 3']
['Patra', 'Samsara', 'Wind Boost', 'Rakukaja', 'Agidyne']
['Samsara', 'Patra', 'Tarukaja', 'Sukukaja', 'Rakukaja']
['Regenerate 3', 'Diarahan', 'Sukukaja', 'Patra', 'Matarukaja']
['Rakukaja', 'Tarukaja', 'Fire Boost', 'Null Dark', 'Wind Boost']
['Matarukaja', 'Wind Boost', 'Patra', 'Wind Amp', 'Apt Pupil']
['Wind Boost', 'Samsara', 'Tarukaja', 'Patra', 'Fire Boost']
['Agilao', 'Rakukaja', 'Tarukaja', 'Samsara', 'Matarukaja']
['Fire Boost', 'Patra', 'Tarukaja', 'Regenerate 3', 'Samsara']
['Apt Pupil', 'Invigorate 3', 'Wind Boost', 'Patra', 'Recarm']
['Sukukaja', 'Tarukaja', 'Patra', 'Fire Boost', 'Regenerate 3']
['Tarukaja', 'Rakukaja', 'Samsara', 'Patra', 'Agilao']
['Patra', 'Invigorate 3', 'Apt Pupil', 'Fire Boost', 'Rakukaja']
['Samsara', 'Patra', 'Sukukaja', 'Agilao', 'Tarukaja']
['Recarm', 'Wind Boost', 'Apt Pupil', 'Sukukaja', 'Samsara']
['Maragion', 'Diarahan', 'Tarukaja', 'Samsara', 'Null Dark']
['Patra', 'Fire Boost', 'Invigorate 3', 'Agilao', 'Null Dark']
['Diarahan', 'Samsara', 'Agilao', 'Matarukaja', 'Tarukaja']
['Patra', 'Sukukaja', 'Wind Amp', 'Rakukaja', 'Apt Pupil']
['Apt Pupil', 'Samsara', 'Wind Boost', 'Patra', 'Null Dark']
['Wind Boost', 'Null Dark', 'Rakukaja', 'Tarukaja', 'Patra']
['Apt Pupil', 'Samsara', 'Patra', 'Rakukaja', 'Null Dark']
['Invigorate 3', 'Patra', 'Fire Boost', 'Tarukaja', 'Samsara']
['Agilao', 'Patra', 'Tarukaja', 'Wind Amp', 'Regenerate 3']
['Samsara', 'Diarahan', 'Recarm', 'Fire Boost', 'Sukukaja']
['Agilao', 'Wind Boost', 'Null Dark', 'Samsara', 'Matarukaja']
['Samsara', 'Patra', 'Rakukaja', 'Sukukaja', 'Fire Boost']
['Patra', 'Wind Boost', 'Apt Pupil', 'Sukukaja', 'Fire Boost']
['Patra', 'Samsara', 'Rakukaja', 'Tarukaja', 'Sukukaja']
['Wind Boost', 'Patra', 'Apt Pupil', 'Recarm', 'Samsara']
['Diarahan', 'Tarukaja', 'Patra', 'Rakukaja', 'Samsara']
['Patra', 'Sukukaja', 'Tarukaja', 'Null Dark', 'Fire Boost']
['Wind Boost', 'Apt Pupil', 'Patra', 'Regenerate 3', 'Tarukaja']
['Magarula', 'Recarm', 'Apt Pupil', 'Samsara', 'Rakukaja']
['Tarukaja', 'Wind Boost', 'Sukukaja', 'Patra', 'Samsara']
['Apt Pupil', 'Wind Amp', 'Samsara', 'Maragion', 'Matarukaja']
['Tarukaja', 'Diarahan', 'Fire Boost', 'Rakukaja', 'Samsara']
['Patra', 'Fire Boost', 'Recarm', 'Samsara', 'Regenerate 3']
['Diarahan', 'Fire Boost', 'Null Dark', 'Tarukaja', 'Invigorate 3']
['Sukukaja', 'Wind Amp', 'Null Dark', 'Patra', 'Tarukaja']
['Sukukaja', 'Diarahan', 'Fire Boost', 'Apt Pupil', 'Patra']
['Fire Boost', 'Wind Boost', 'Tarukaja', 'Patra', 'Rakukaja']
['Samsara', 'Wind Amp', 'Fire Boost', 'Patra', 'Rakukaja']
['Patra', 'Sukukaja', 'Null Dark', 'Fire Boost', 'Wind Amp']
['Recarm', 'Sukukaja', 'Magarudyne', 'Samsara', 'Null Dark']
['Diarahan', 'Rakukaja', 'Null Dark', 'Samsara', 'Matarukaja']
['Samsara', 'Patra', 'Wind Boost', 'Null Dark', 'Sukukaja']
['Fire Boost', 'Null Dark', 'Sukukaja', 'Patra', 'Samsara']
['Patra', 'Invigorate 3', 'Fire Boost', 'Sukukaja', 'Samsara']
['Matarukaja', 'Magarudyne', 'Agilao', 'Invigorate 3', 'Tarukaja']
['Apt Pupil', 'Patra', 'Rakukaja', 'Samsara', 'Null Dark']
['Patra', 'Invigorate 3', 'Panta Rhei', 'Tarukaja', 'Agilao']
['Tarukaja', 'Patra', 'Matarukaja', 'Null Dark', 'Sukukaja']
['Invigorate 3', 'Samsara', 'Fire Boost', 'Tarukaja', 'Patra']
['Diarahan', 'Rakukaja', 'Samsara', 'Invigorate 3', 'Wind Boost']
['Samsara', 'Patra', 'Sukukaja', 'Wind Boost', 'Matarukaja']
['Recarm', 'Sukukaja', 'Fire Boost', 'Invigorate 3', 'Samsara']
['Patra', 'Tarukaja', 'Recarm', 'Apt Pupil', 'Regenerate 3']
['Wind Boost', 'Patra', 'Invigorate 3', 'Apt Pupil', 'Diarahan']
['Apt Pupil', 'Fire Boost', 'Regenerate 3', 'Patra', 'Diarahan']
['Sukukaja', 'Apt Pupil', 'Fire Boost', 'Rakukaja', 'Samsara']
['Invigorate 3', 'Apt Pupil', 'Samsara', 'Recarm', 'Patra']
['Fire Boost', 'Tarukaja', 'Samsara', 'Rakukaja', 'Matarukaja']
['Rakukaja', 'Fire Boost', 'Samsara', 'Diarahan', 'Wind Boost']
['Patra', 'Wind Boost', 'Sukukaja', 'Fire Boost', 'Rakukaja']
['Patra', 'Samsara', 'Fire Boost', 'Tarukaja', 'Recarm']
['Tarukaja', 'Sukukaja', 'Regenerate 3', 'Diarahan', 'Wind Amp']
['Rakukaja', 'Sukukaja', 'Fire Boost', 'Null Dark', 'Agilao']
['Wind Boost', 'Fire Boost', 'Rakukaja', 'Wind Amp', 'Invigorate 3']
['Fire Boost', 'Matarukaja', 'Maragion', 'Tarukaja', 'Wind Amp']
['Fire Boost', 'Rakukaja', 'Null Dark', 'Patra', 'Sukukaja']
['Patra', 'Samsara', 'Wind Boost', 'Fire Boost', 'Recarm']
['Fire Boost', 'Rakukaja', 'Patra', 'Tarukaja', 'Samsara']
['Diarahan', 'Wind Boost', 'Fire Boost', 'Patra', 'Rakukaja']
['Regenerate 3', 'Samsara', 'Patra', 'Fire Boost', 'Magarudyne']
['Patra', 'Agidyne', 'Samsara', 'Fire Boost', 'Agilao']
['Null Dark', 'Samsara', 'Patra', 'Diarahan', 'Sukukaja']
['Recarm', 'Null Dark', 'Wind Amp', 'Wind Boost', 'Apt Pupil']
['Fire Boost', 'Rakukaja', 'Samsara', 'Agidyne', 'Wind Boost']
['Samsara', 'Matarukaja', 'Recarm', 'Fire Boost', 'Patra']
['Diarahan', 'Wind Boost', 'Regenerate 3', 'Patra', 'Sukukaja']
['Wind Boost', 'Apt Pupil', 'Patra', 'Panta Rhei', 'Tarukaja']
['Patra', 'Panta Rhei', 'Regenerate 3', 'Samsara', 'Recarm']
['Patra', 'Samsara', 'Null Dark', 'Wind Amp', 'Regenerate 3']
['Samsara', 'Fire Boost', 'Rakukaja', 'Apt Pupil', 'Wind Amp']
['Sukukaja', 'Recarm', 'Wind Boost', 'Patra', 'Fire Boost']
['Samsara', 'Tarukaja', 'Fire Boost', 'Wind Amp', 'Magarudyne']
['Wind Boost', 'Patra', 'Diarahan', 'Rakukaja', 'Fire Boost']
['Patra', 'Invigorate 3', 'Rakukaja', 'Sukukaja', 'Tarukaja']
['Tarukaja', 'Diarahan', 'Wind Boost', 'Rakukaja', 'Invigorate 3']
['Tarukaja', 'Rakukaja', 'Patra', 'Wind Amp', 'Wind Boost']
['Regenerate 3', 'Wind Boost', 'Apt Pupil', 'Wind Amp', 'Fire Boost']
['Patra', 'Recarm', 'Rakukaja', 'Wind Amp', 'Sukukaja']
['Samsara', 'Tarukaja', 'Regenerate 3', 'Invigorate 3', 'Sukukaja']
['Recarm', 'Sukukaja', 'Agilao', 'Fire Boost', 'Apt Pupil']
['Invigorate 3', 'Wind Amp', 'Sukukaja', 'Samsara', 'Diarahan']
['Null Dark', 'Fire Boost', 'Wind Boost', 'Wind Amp', 'Sukukaja']
['Agidyne', 'Wind Boost', 'Patra', 'Samsara', 'Tarukaja']
['Recarm', 'Fire Boost', 'Patra', 'Rakukaja', 'Wind Boost']
['Null Dark', 'Wind Boost', 'Apt Pupil', 'Invigorate 3', 'Wind Amp']
['Diarahan', 'Patra', 'Samsara', 'Regenerate 3', 'Recarm']
['Fire Boost', 'Wind Amp', 'Patra', 'Tarukaja', 'Magarula']
['Wind Amp', 'Samsara', 'Patra', 'Apt Pupil', 'Fire Boost']
['Patra', 'Agilao', 'Matarukaja', 'Null Dark', 'Sukukaja']
['Null Dark', 'Sukukaja', 'Fire Boost', 'Matarukaja', 'Patra']
['Fire Boost', 'Wind Amp', 'Tarukaja', 'Rakukaja', 'Wind Boost']
['Fire Boost', 'Patra', 'Wind Boost', 'Maragion', 'Samsara']
['Matarukaja', 'Wind Amp', 'Fire Boost', 'Samsara', 'Diarahan']
['Samsara', 'Tarukaja', 'Diarahan', 'Apt Pupil', 'Null Dark']
['Patra', 'Fire Boost', 'Samsara', 'Matarukaja', 'Invigorate 3']
['Patra', 'Wind Boost', 'Sukukaja', 'Wind Amp', 'Fire Boost']
['Recarm', 'Fire Boost', 'Tarukaja', 'Null Dark', 'Samsara']
['Patra', 'Tarukaja', 'Maragion', 'Samsara', 'Wind Boost']
['Rakukaja', 'Regenerate 3', 'Tarukaja', 'Wind Amp', 'Recarm']
['Diarahan', 'Apt Pupil', 'Samsara', 'Wind Boost', 'Agilao']
['Recarm', 'Apt Pupil', 'Tarukaja', 'Fire Boost', 'Patra']
['Sukukaja', 'Fire Boost', 'Rakukaja', 'Wind Boost', 'Patra']
['Samsara', 'Patra', 'Diarahan', 'Panta Rhei', 'Invigorate 3']
['Patra', 'Samsara', 'Fire Boost', 'Rakukaja', 'Invigorate 3']
['Recarm', 'Null Dark', 'Regenerate 3', 'Samsara', 'Wind Boost']
['Tarukaja', 'Wind Boost', 'Fire Boost', 'Diarahan', 'Patra']
['Tarukaja', 'Rakukaja', 'Patra', 'Samsara', 'Wind Boost']
['Rakukaja', 'Agilao', 'Patra', 'Wind Boost', 'Diarahan']
['Fire Boost', 'Samsara', 'Sukukaja', 'Invigorate 3', 'Agilao']
['Tarukaja', 'Samsara', 'Rakukaja', 'Recarm', 'Null Dark']
['Sukukaja', 'Diarahan', 'Patra', 'Rakukaja', 'Samsara']
['Samsara', 'Patra', 'Recarm', 'Diarahan', 'Rakukaja']
['Patra', 'Sukukaja', 'Tarukaja', 'Recarm', 'Wind Boost']
['Wind Boost', 'Patra', 'Samsara', 'Recarm', 'Tarukaja']
['Patra', 'Wind Boost', 'Sukukaja', 'Fire Boost', 'Rakukaja']
['Patra', 'Magarula', 'Recarm', 'Wind Boost', 'Samsara']
['Sukukaja', 'Patra', 'Wind Amp', 'Apt Pupil', 'Rakukaja']
['Apt Pupil', 'Regenerate 3', 'Samsara', 'Recarm', 'Tarukaja']
['Patra', 'Samsara', 'Null Dark', 'Rakukaja', 'Wind Boost']
['Patra', 'Wind Amp', 'Regenerate 3', 'Wind Boost', 'Rakukaja']
['Fire Boost', 'Rakukaja', 'Tarukaja', 'Patra', 'Matarukaja']
['Wind Boost', 'Patra', 'Samsara', 'Matarukaja', 'Wind Amp']
['Apt Pupil', 'Sukukaja', 'Wind Boost', 'Wind Amp', 'Patra']
['Samsara', 'Matarukaja', 'Apt Pupil', 'Rakukaja', 'Wind Boost']
['Samsara', 'Patra', 'Null Dark', 'Rakukaja', 'Wind Amp']
['Fire Boost', 'Wind Boost', 'Recarm', 'Null Dark', 'Sukukaja']
['Tarukaja', 'Patra', 'Samsara', 'Regenerate 3', 'Sukukaja']
['Maragion', 'Null Dark', 'Recarm', 'Tarukaja', 'Sukukaja']
['Tarukaja', 'Patra', 'Rakukaja', 'Null Dark', 'Samsara']
['Samsara', 'Patra', 'Tarukaja', 'Rakukaja', 'Fire Boost']
['Wind Boost', 'Patra', 'Fire Boost', 'Samsara', 'Rakukaja']
['Patra', 'Wind Amp', 'Sukukaja', 'Matarukaja', 'Regenerate 3']
['Fire Boost', 'Samsara', 'Wind Boost', 'Maragion', 'Rakukaja']
['Patra', 'Invigorate 3', 'Sukukaja', 'Samsara', 'Wind Boost']
['Recarm', 'Patra', 'Wind Boost', 'Fire Boost', 'Apt Pupil']
['Wind Boost', 'Rakukaja', 'Fire Boost', 'Tarukaja', 'Patra']
['Samsara', 'Apt Pupil', 'Wind Amp', 'Panta Rhei', 'Invigorate 3']
['Invigorate 3', 'Patra', 'Recarm', 'Tarukaja', 'Rakukaja']
['Samsara', 'Rakukaja', 'Wind Amp', 'Fire Boost', 'Patra']
['Wind Boost', 'Patra', 'Rakukaja', 'Regenerate 3', 'Samsara']
['Recarm', 'Agilao', 'Tarukaja', 'Regenerate 3', 'Magarudyne']
['Wind Boost', 'Samsara', 'Fire Boost', 'Patra', 'Rakukaja']
['Matarukaja', 'Apt Pupil', 'Null Dark', 'Patra', 'Invigorate 3']
['Regenerate 3', 'Wind Amp', 'Samsara', 'Patra', 'Sukukaja']
['Wind Boost', 'Samsara', 'Apt Pupil', 'Patra', 'Magarula']
['Apt Pupil', 'Wind Boost', 'Sukukaja', 'Patra', 'Fire Boost']
['Wind Amp', 'Wind Boost', 'Fire Boost', 'Sukukaja', 'Rakukaja']
['Samsara', 'Null Dark', 'Diarahan', 'Patra', 'Rakukaja']
['Sukukaja', 'Null Dark', 'Tarukaja', 'Wind Boost', 'Samsara']
['Sukukaja', 'Invigorate 3', 'Wind Amp', 'Tarukaja', 'Patra']
['Wind Boost', 'Sukukaja', 'Patra', 'Samsara', 'Regenerate 3']
['Samsara', 'Apt Pupil', 'Tarukaja', 'Rakukaja', 'Sukukaja']
['Apt Pupil', 'Agilao', 'Fire Boost', 'Wind Boost', 'Diarahan']
['Fire Boost', 'Rakukaja', 'Wind Boost', 'Samsara', 'Null Dark']
['Patra', 'Null Dark', 'Sukukaja', 'Agilao', 'Tarukaja']
['Regenerate 3', 'Patra', 'Samsara', 'Apt Pupil', 'Tarukaja']
['Patra', 'Regenerate 3', 'Wind Boost', 'Tarukaja', 'Samsara']
['Rakukaja', 'Fire Boost', 'Matarukaja', 'Null Dark', 'Samsara']
['Diarahan', 'Patra', 'Regenerate 3', 'Apt Pupil', 'Fire Boost']
['Patra', 'Sukukaja', 'Null Dark', 'Fire Boost', 'Agilao']
['Patra', 'Tarukaja', 'Wind Amp', 'Recarm', 'Sukukaja']
['Patra', 'Tarukaja', 'Samsara', 'Fire Boost', 'Rakukaja']
['Sukukaja', 'Diarahan', 'Rakukaja', 'Wind Boost', 'Regenerate 3']
['Patra', 'Wind Boost', 'Regenerate 3', 'Fire Boost', 'Null Dark']
['Rakukaja', 'Tarukaja', 'Samsara', 'Fire Boost', 'Invigorate 3']
['Invigorate 3', 'Fire Boost', 'Patra', 'Rakukaja', 'Wind Amp']
['Agilao', 'Patra', 'Tarukaja', 'Recarm', 'Matarukaja']
['Rakukaja', 'Samsara', 'Wind Boost', 'Sukukaja', 'Patra']
['Wind Boost', 'Tarukaja', 'Wind Amp', 'Rakukaja', 'Patra']
['Samsara', 'Invigorate 3', 'Patra', 'Tarukaja', 'Sukukaja']
['Matarukaja', 'Fire Boost', 'Patra', 'Wind Boost', 'Null Dark']
['Wind Boost', 'Samsara', 'Patra', 'Regenerate 3', 'Agidyne']
['Rakukaja', 'Apt Pupil', 'Tarukaja', 'Samsara', 'Patra']
['Patra', 'Apt Pupil', 'Regenerate 3', 'Samsara', 'Agidyne']
['Diarahan', 'Rakukaja', 'Apt Pupil', 'Sukukaja', 'Patra']
['Regenerate 3', 'Fire Boost', 'Agilao', 'Sukukaja', 'Patra']
['Samsara', 'Rakukaja', 'Tarukaja', 'Panta Rhei', 'Wind Amp']
['Rakukaja', 'Magarudyne', 'Diarahan', 'Sukukaja', 'Wind Amp']
['Patra', 'Null Dark', 'Diarahan', 'Tarukaja', 'Fire Boost']
['Wind Amp', 'Samsara', 'Patra', 'Tarukaja', 'Null Dark']
['Sukukaja', 'Fire Boost', 'Wind Amp', 'Wind Boost', 'Rakukaja']
['Tarukaja', 'Wind Amp', 'Invigorate 3', 'Samsara', 'Sukukaja']
['Agidyne', 'Samsara', 'Magarudyne', 'Sukukaja', 'Fire Boost']
['Samsara', 'Wind Boost', 'Rakukaja', 'Sukukaja', 'Diarahan']
['Matarukaja', 'Patra', 'Wind Boost', 'Tarukaja', 'Rakukaja']
['Samsara', 'Wind Amp', 'Patra', 'Sukukaja', 'Tarukaja']
['Patra', 'Samsara', 'Rakukaja', 'Wind Boost', 'Wind Amp']
['Fire Boost', 'Sukukaja', 'Patra', 'Samsara', 'Apt Pupil']
['Null Dark', 'Patra', 'Fire Boost', 'Rakukaja', 'Matarukaja']
['Fire Boost', 'Patra', 'Sukukaja', 'Tarukaja', 'Wind Boost']
['Tarukaja', 'Invigorate 3', 'Null Dark', 'Diarahan', 'Samsara']
['Sukukaja', 'Tarukaja', 'Fire Boost', 'Samsara', 'Apt Pupil']
['Samsara', 'Patra', 'Rakukaja', 'Fire Boost', 'Recarm']
['Samsara', 'Regenerate 3', 'Null Dark', 'Tarukaja', 'Matarukaja']
['Samsara', 'Matarukaja', 'Wind Boost', 'Patra', 'Wind Amp']
['Recarm', 'Patra', 'Wind Boost', 'Null Dark', 'Tarukaja']
['Sukukaja', 'Tarukaja', 'Invigorate 3', 'Rakukaja', 'Diarahan']
['Patra', 'Samsara', 'Recarm', 'Agilao', 'Apt Pupil']
['Patra', 'Wind Boost', 'Tarukaja', 'Fire Boost', 'Samsara']
['Samsara', 'Maragion', 'Sukukaja', 'Matarukaja', 'Rakukaja']
['Regenerate 3', 'Wind Boost', 'Samsara', 'Rakukaja', 'Null Dark']
['Patra', 'Rakukaja', 'Wind Amp', 'Samsara', 'Wind Boost']
['Samsara', 'Tarukaja', 'Wind Boost', 'Fire Boost', 'Magarudyne']
['Apt Pupil', 'Samsara', 'Rakukaja', 'Wind Boost', 'Tarukaja']
['Fire Boost', 'Diarahan', 'Wind Boost', 'Sukukaja', 'Tarukaja']
['Sukukaja', 'Maragion', 'Regenerate 3', 'Patra', 'Wind Boost']
['Patra', 'Samsara', 'Tarukaja', 'Sukukaja', 'Rakukaja']
['Recarm', 'Samsara', 'Regenerate 3', 'Invigorate 3', 'Rakukaja']
['Null Dark', 'Regenerate 3', 'Fire Boost', 'Samsara', 'Wind Boost']
['Matarukaja', 'Agidyne', 'Samsara', 'Maragion', 'Sukukaja']
['Samsara', 'Rakukaja', 'Wind Boost', 'Fire Boost', 'Panta Rhei']
['Patra', 'Fire Boost', 'Recarm', 'Null Dark', 'Sukukaja']
['Wind Boost', 'Null Dark', 'Agidyne', 'Samsara', 'Apt Pupil']
['Samsara', 'Recarm', 'Rakukaja', 'Sukukaja', 'Tarukaja']
['Wind Amp', 'Rakukaja', 'Samsara', 'Diarahan', 'Apt Pupil']
['Patra', 'Tarukaja', 'Sukukaja', 'Samsara', 'Regenerate 3']
['Agidyne', 'Matarukaja', 'Tarukaja', 'Fire Boost', 'Samsara']
['Patra', 'Sukukaja', 'Fire Boost', 'Rakukaja', 'Null Dark']
['Samsara', 'Sukukaja', 'Agilao', 'Patra', 'Tarukaja']
['Patra', 'Rakukaja', 'Samsara', 'Wind Boost', 'Tarukaja']
['Wind Boost', 'Apt Pupil', 'Invigorate 3', 'Recarm', 'Regenerate 3']
['Recarm', 'Sukukaja', 'Wind Boost', 'Patra', 'Fire Boost']
['Null Dark', 'Rakukaja', 'Apt Pupil', 'Fire Boost', 'Sukukaja']
['Sukukaja', 'Tarukaja', 'Wind Amp', 'Recarm', 'Matarukaja']
['Samsara', 'Agilao', 'Regenerate 3', 'Tarukaja', 'Wind Boost']
['Rakukaja', 'Regenerate 3', 'Agilao', 'Wind Boost', 'Wind Amp']
['Diarahan', 'Regenerate 3', 'Matarukaja', 'Tarukaja', 'Patra']
['Rakukaja', 'Fire Boost', 'Patra', 'Sukukaja', 'Samsara']
['Tarukaja', 'Panta Rhei', 'Sukukaja', 'Patra', 'Wind Boost']
['Samsara', 'Wind Boost', 'Sukukaja', 'Patra', 'Apt Pupil']
['Patra', 'Rakukaja', 'Diarahan', 'Sukukaja', 'Fire Boost']
['Wind Boost', 'Regenerate 3', 'Tarukaja', 'Sukukaja', 'Patra']
['Tarukaja', 'Fire Boost', 'Sukukaja', 'Wind Boost', 'Samsara']
['Maragion', 'Rakukaja', 'Patra', 'Wind Boost', 'Sukukaja']
['Matarukaja', 'Patra', 'Recarm', 'Wind Boost', 'Samsara']
['Samsara', 'Maragion', 'Tarukaja', 'Wind Boost', 'Wind Amp']
['Null Dark', 'Recarm', 'Samsara', 'Sukukaja', 'Diarahan']
['Rakukaja', 'Recarm', 'Magarudyne', 'Tarukaja', 'Samsara']
['Samsara', 'Patra', 'Tarukaja', 'Sukukaja', 'Fire Boost']
['Rakukaja', 'Fire Boost', 'Recarm', 'Diarahan', 'Tarukaja']
['Samsara', 'Magarudyne', 'Diarahan', 'Sukukaja', 'Tarukaja']
['Sukukaja', 'Patra', 'Samsara', 'Diarahan', 'Tarukaja']
['Sukukaja', 'Samsara', 'Patra', 'Fire Boost', 'Tarukaja']
['Patra', 'Matarukaja', 'Samsara', 'Sukukaja', 'Tarukaja']
['Patra', 'Matarukaja', 'Invigorate 3', 'Recarm', 'Agilao']
['Matarukaja', 'Apt Pupil', 'Fire Boost', 'Patra', 'Samsara']
['Tarukaja', 'Wind Amp', 'Rakukaja', 'Sukukaja', 'Null Dark']
['Fire Boost', 'Patra', 'Recarm', 'Sukukaja', 'Samsara']
['Null Dark', 'Recarm', 'Fire Boost', 'Patra', 'Rakukaja']
['Tarukaja', 'Patra', 'Fire Boost', 'Sukukaja', 'Rakukaja']
['Samsara', 'Tarukaja', 'Fire Boost', 'Agilao', 'Recarm']
['Recarm', 'Rakukaja', 'Invigorate 3', 'Patra', 'Samsara']
['Tarukaja', 'Fire Boost', 'Samsara', 'Rakukaja', 'Sukukaja']
['Regenerate 3', 'Matarukaja', 'Sukukaja', 'Rakukaja', 'Fire Boost']
['Diarahan', 'Matarukaja', 'Wind Boost', 'Samsara', 'Recarm']
['Sukukaja', 'Rakukaja', 'Patra', 'Diarahan', 'Fire Boost']
['Patra', 'Samsara', 'Sukukaja', 'Tarukaja', 'Wind Boost']
['Patra', 'Recarm', 'Wind Boost', 'Maragion', 'Agilao']
['Tarukaja', 'Wind Amp', 'Matarukaja', 'Samsara', 'Rakukaja']
['Samsara', 'Diarahan', 'Null Dark', 'Agilao', 'Patra']
['Patra', 'Diarahan', 'Samsara', 'Recarm', 'Null Dark']
['Wind Boost', 'Fire Boost', 'Patra', 'Tarukaja', 'Apt Pupil']
['Tarukaja', 'Regenerate 3', 'Samsara', 'Wind Boost', 'Fire Boost']
['Tarukaja', 'Samsara', 'Patra', 'Invigorate 3', 'Null Dark']
['Wind Boost', 'Diarahan', 'Regenerate 3', 'Patra', 'Sukukaja']
['Patra', 'Fire Boost', 'Diarahan', 'Agilao', 'Sukukaja']
['Rakukaja', 'Magarudyne', 'Patra', 'Regenerate 3', 'Sukukaja']
['Samsara', 'Invigorate 3', 'Patra', 'Wind Boost', 'Regenerate 3']
['Patra', 'Recarm', 'Tarukaja', 'Wind Amp', 'Matarukaja']
['Wind Boost', 'Wind Amp', 'Patra', 'Apt Pupil', 'Regenerate 3']
['Samsara', 'Rakukaja', 'Invigorate 3', 'Agidyne', 'Wind Amp']
['Patra', 'Samsara', 'Wind Boost', 'Sukukaja', 'Wind Amp']
['Wind Boost', 'Samsara', 'Rakukaja', 'Magarula', 'Patra']
['Fire Boost', 'Rakukaja', 'Patra', 'Sukukaja', 'Wind Boost']
['Patra', 'Sukukaja', 'Fire Boost', 'Rakukaja', 'Panta Rhei']
['Tarukaja', 'Rakukaja', 'Wind Boost', 'Panta Rhei', 'Patra']
['Regenerate 3', 'Diarahan', 'Wind Amp', 'Tarukaja', 'Rakukaja']
['Matarukaja', 'Samsara', 'Wind Boost', 'Tarukaja', 'Recarm']
['Wind Boost', 'Patra', 'Sukukaja', 'Fire Boost', 'Samsara']
['Tarukaja', 'Patra', 'Wind Boost', 'Samsara', 'Sukukaja']
['Wind Boost', 'Patra', 'Diarahan', 'Invigorate 3', 'Fire Boost']
['Matarukaja', 'Patra', 'Samsara', 'Wind Boost', 'Diarahan']
['Fire Boost', 'Samsara', 'Patra', 'Matarukaja', 'Wind Amp']
['Agilao', 'Wind Boost', 'Diarahan', 'Patra', 'Fire Boost']
['Diarahan', 'Rakukaja', 'Samsara', 'Wind Boost', 'Tarukaja']
['Fire Boost', 'Samsara', 'Regenerate 3', 'Diarahan', 'Sukukaja']
['Samsara', 'Patra', 'Regenerate 3', 'Tarukaja', 'Rakukaja']
['Patra', 'Tarukaja', 'Rakukaja', 'Samsara', 'Diarahan']
['Wind Boost', 'Recarm', 'Null Dark', 'Rakukaja', 'Patra']
['Samsara', 'Regenerate 3', 'Panta Rhei', 'Wind Boost', 'Tarukaja']
['Tarukaja', 'Sukukaja', 'Null Dark', 'Samsara', 'Regenerate 3']
['Rakukaja', 'Recarm', 'Wind Boost', 'Wind Amp', 'Sukukaja']
['Wind Boost', 'Agilao', 'Tarukaja', 'Sukukaja', 'Fire Boost']
['Patra', 'Sukukaja', 'Samsara', 'Rakukaja', 'Wind Amp']
['Patra', 'Samsara', 'Sukukaja', 'Matarukaja', 'Fire Boost']
['Recarm', 'Maragion', 'Rakukaja', 'Sukukaja', 'Invigorate 3']
['Tarukaja', 'Patra', 'Samsara', 'Wind Amp', 'Recarm']
['Invigorate 3', 'Null Dark', 'Diarahan', 'Samsara', 'Magarudyne']
['Samsara', 'Rakukaja', 'Recarm', 'Tarukaja', 'Fire Boost']
['Fire Boost', 'Samsara', 'Null Dark', 'Apt Pupil', 'Tarukaja']
['Regenerate 3', 'Patra', 'Null Dark', 'Sukukaja', 'Matarukaja']
['Rakukaja', 'Matarukaja', 'Invigorate 3', 'Fire Boost', 'Samsara']
['Patra', 'Null Dark', 'Recarm', 'Fire Boost', 'Rakukaja']
['Invigorate 3', 'Apt Pupil', 'Rakukaja', 'Tarukaja', 'Fire Boost']
['Sukukaja', 'Apt Pupil', 'Rakukaja', 'Samsara', 'Patra']
['Diarahan', 'Sukukaja', 'Agidyne', 'Patra', 'Tarukaja']
['Sukukaja', 'Wind Boost', 'Fire Boost', 'Patra', 'Samsara']
['Tarukaja', 'Rakukaja', 'Samsara', 'Regenerate 3', 'Patra']
['Rakukaja', 'Tarukaja', 'Patra', 'Samsara', 'Sukukaja']
['Samsara', 'Wind Boost', 'Rakukaja', 'Null Dark', 'Wind Amp']
['Rakukaja', 'Patra', 'Tarukaja', 'Wind Boost', 'Fire Boost']
['Rakukaja', 'Tarukaja', 'Wind Boost', 'Sukukaja', 'Fire Boost']
['Wind Amp', 'Patra', 'Diarahan', 'Sukukaja', 'Samsara']
['Sukukaja', 'Samsara', 'Rakukaja', 'Recarm', 'Tarukaja']
['Matarukaja', 'Fire Boost', 'Patra', 'Tarukaja', 'Wind Boost']
['Null Dark', 'Fire Boost', 'Rakukaja', 'Wind Boost', 'Matarukaja']
['Fire Boost', 'Patra', 'Samsara', 'Panta Rhei', 'Rakukaja']
['Wind Boost', 'Recarm', 'Samsara', 'Sukukaja', 'Null Dark']
['Samsara', 'Tarukaja', 'Wind Boost', 'Maragion', 'Recarm']
['Samsara', 'Wind Amp', 'Null Dark', 'Rakukaja', 'Fire Boost']
['Patra', 'Tarukaja', 'Sukukaja', 'Apt Pupil', 'Wind Boost']
['Wind Amp', 'Patra', 'Null Dark', 'Sukukaja', 'Regenerate 3']
['Rakukaja', 'Wind Amp', 'Sukukaja', 'Samsara', 'Null Dark']
['Patra', 'Tarukaja', 'Invigorate 3', 'Apt Pupil', 'Null Dark']
['Apt Pupil', 'Wind Amp', 'Invigorate 3', 'Sukukaja', 'Wind Boost']
['Sukukaja', 'Recarm', 'Patra', 'Samsara', 'Tarukaja']
['Samsara', 'Patra', 'Apt Pupil', 'Wind Boost', 'Sukukaja']
['Patra', 'Rakukaja', 'Samsara', 'Regenerate 3', 'Null Dark']
['Diarahan', 'Samsara', 'Patra', 'Apt Pupil', 'Fire Boost']
['Patra', 'Samsara', 'Apt Pupil', 'Wind Boost', 'Sukukaja']
['Recarm', 'Wind Boost', 'Sukukaja', 'Diarahan', 'Rakukaja']
['Tarukaja', 'Rakukaja', 'Samsara', 'Fire Boost', 'Wind Boost']
['Apt Pupil', 'Tarukaja', 'Agilao', 'Samsara', 'Wind Amp']
['Sukukaja', 'Recarm', 'Wind Amp', 'Magarudyne', 'Diarahan']
['Diarahan', 'Null Dark', 'Patra', 'Wind Boost', 'Regenerate 3']
['Samsara', 'Wind Amp', 'Tarukaja', 'Patra', 'Apt Pupil']
['Null Dark', 'Fire Boost', 'Wind Amp', 'Invigorate 3', 'Samsara']
['Tarukaja', 'Fire Boost', 'Matarukaja', 'Apt Pupil', 'Samsara']
['Fire Boost', 'Patra', 'Wind Amp', 'Sukukaja', 'Samsara']
['Patra', 'Apt Pupil', 'Maragion', 'Diarahan', 'Wind Boost']
['Patra', 'Recarm', 'Rakukaja', 'Apt Pupil', 'Fire Boost']
['Tarukaja', 'Diarahan', 'Patra', 'Null Dark', 'Recarm']
['Wind Boost', 'Magarudyne', 'Fire Boost', 'Patra', 'Rakukaja']
['Rakukaja', 'Wind Amp', 'Sukukaja', 'Regenerate 3', 'Samsara']
['Samsara', 'Recarm', 'Wind Boost', 'Patra', 'Magarudyne']
['Rakukaja', 'Samsara', 'Agilao', 'Fire Boost', 'Sukukaja']
['Tarukaja', 'Patra', 'Rakukaja', 'Recarm', 'Wind Boost']
['Patra', 'Magarula', 'Wind Boost', 'Samsara', 'Tarukaja']
['Fire Boost', 'Patra', 'Regenerate 3', 'Samsara', 'Wind Boost']
['Tarukaja', 'Null Dark', 'Samsara', 'Patra', 'Agilao']
['Samsara', 'Rakukaja', 'Apt Pupil', 'Wind Amp', 'Matarukaja']
['Magarudyne', 'Patra', 'Null Dark', 'Sukukaja', 'Samsara']
['Regenerate 3', 'Agilao', 'Rakukaja', 'Recarm', 'Tarukaja']
['Invigorate 3', 'Maragion', 'Wind Boost', 'Patra', 'Fire Boost']
['Invigorate 3', 'Wind Amp', 'Fire Boost', 'Regenerate 3', 'Rakukaja']
['Patra', 'Recarm', 'Rakukaja', 'Tarukaja', 'Matarukaja']
['Samsara', 'Rakukaja', 'Tarukaja', 'Regenerate 3', 'Patra']
['Patra', 'Recarm', 'Agilao', 'Tarukaja', 'Apt Pupil']
['Rakukaja', 'Recarm', 'Tarukaja', 'Wind Boost', 'Maragion']
['Regenerate 3', 'Samsara', 'Apt Pupil', 'Rakukaja', 'Patra']
['Patra', 'Fire Boost', 'Samsara', 'Recarm', 'Wind Boost']
['Patra', 'Tarukaja', 'Apt Pupil', 'Fire Boost', 'Rakukaja']
['Samsara', 'Wind Amp', 'Sukukaja', 'Patra', 'Rakukaja']
['Patra', 'Wind Amp', 'Samsara', 'Tarukaja', 'Wind Boost']
['Agilao', 'Regenerate 3', 'Apt Pupil', 'Invigorate 3', 'Matarukaja']
['Tarukaja', 'Invigorate 3', 'Samsara', 'Patra', 'Sukukaja']
['Patra', 'Matarukaja', 'Wind Boost', 'Rakukaja', 'Apt Pupil']
['Rakukaja', 'Recarm', 'Samsara', 'Patra', 'Tarukaja']
['Patra', 'Fire Boost', 'Samsara', 'Tarukaja', 'Apt Pupil']
['Apt Pupil', 'Patra', 'Samsara', 'Fire Boost', 'Rakukaja']
['Agilao', 'Samsara', 'Regenerate 3', 'Null Dark', 'Wind Boost']
['Wind Boost', 'Samsara', 'Diarahan', 'Rakukaja', 'Magarula']
['Samsara', 'Sukukaja', 'Fire Boost', 'Patra', 'Tarukaja']
['Matarukaja', 'Samsara', 'Patra', 'Fire Boost', 'Apt Pupil']
['Regenerate 3', 'Patra', 'Wind Boost', 'Magarudyne', 'Invigorate 3']
['Fire Boost', 'Rakukaja', 'Tarukaja', 'Wind Boost', 'Samsara']
['Samsara', 'Wind Boost', 'Patra', 'Fire Boost', 'Recarm']
['Rakukaja', 'Diarahan', 'Invigorate 3', 'Wind Boost', 'Regenerate 3']
['Patra', 'Samsara', 'Rakukaja', 'Fire Boost', 'Wind Boost']
['Apt Pupil', 'Fire Boost', 'Samsara', 'Patra', 'Recarm']
['Rakukaja', 'Fire Boost', 'Patra', 'Samsara', 'Tarukaja']
['Patra', 'Sukukaja', 'Samsara', 'Recarm', 'Fire Boost']
['Patra', 'Samsara', 'Sukukaja', 'Fire Boost', 'Rakukaja']
['Apt Pupil', 'Sukukaja', 'Recarm', 'Patra', 'Samsara']
['Samsara', 'Rakukaja', 'Sukukaja', 'Diarahan', 'Wind Boost']
['Patra', 'Fire Boost', 'Tarukaja', 'Sukukaja', 'Samsara']
['Patra', 'Tarukaja', 'Rakukaja', 'Sukukaja', 'Fire Boost']
['Patra', 'Agilao', 'Recarm', 'Tarukaja', 'Samsara']
['Rakukaja', 'Diarahan', 'Samsara', 'Fire Boost', 'Sukukaja']
['Samsara', 'Sukukaja', 'Rakukaja', 'Matarukaja', 'Agilao']
['Diarahan', 'Wind Amp', 'Sukukaja', 'Matarukaja', 'Invigorate 3']
['Samsara', 'Rakukaja', 'Null Dark', 'Patra', 'Regenerate 3']
['Wind Amp', 'Wind Boost', 'Rakukaja', 'Regenerate 3', 'Patra']
['Null Dark', 'Wind Boost', 'Samsara', 'Wind Amp', 'Rakukaja']
['Tarukaja', 'Magarula', 'Regenerate 3', 'Rakukaja', 'Diarahan']
['Sukukaja', 'Samsara', 'Wind Boost', 'Matarukaja', 'Recarm']
['Samsara', 'Fire Boost', 'Wind Boost', 'Regenerate 3', 'Tarukaja']
['Rakukaja', 'Apt Pupil', 'Patra', 'Regenerate 3', 'Sukukaja']
['Wind Boost', 'Recarm', 'Patra', 'Samsara', 'Sukukaja']
['Samsara', 'Sukukaja', 'Invigorate 3', 'Tarukaja', 'Wind Amp']
['Patra', 'Tarukaja', 'Apt Pupil', 'Samsara', 'Diarahan']
['Sukukaja', 'Tarukaja', 'Wind Boost', 'Apt Pupil', 'Patra']
['Rakukaja', 'Fire Boost', 'Tarukaja', 'Sukukaja', 'Patra']
['Samsara', 'Sukukaja', 'Patra', 'Wind Boost', 'Matarukaja']
['Wind Boost', 'Null Dark', 'Patra', 'Rakukaja', 'Recarm']
['Sukukaja', 'Wind Amp', 'Wind Boost', 'Samsara', 'Rakukaja']
['Rakukaja', 'Patra', 'Magarula', 'Fire Boost', 'Sukukaja']
['Wind Boost', 'Sukukaja', 'Tarukaja', 'Matarukaja', 'Samsara']
['Apt Pupil', 'Samsara', 'Rakukaja', 'Wind Boost', 'Patra']
['Patra', 'Wind Amp', 'Recarm', 'Diarahan', 'Samsara']
['Tarukaja', 'Sukukaja', 'Null Dark', 'Fire Boost', 'Samsara']
['Matarukaja', 'Patra', 'Regenerate 3', 'Apt Pupil', 'Sukukaja']
['Patra', 'Samsara', 'Wind Boost', 'Tarukaja', 'Sukukaja']
['Tarukaja', 'Wind Amp', 'Apt Pupil', 'Invigorate 3', 'Wind Boost']
['Diarahan', 'Fire Boost', 'Tarukaja', 'Rakukaja', 'Wind Boost']
['Patra', 'Sukukaja', 'Wind Amp', 'Apt Pupil', 'Tarukaja']
['Samsara', 'Recarm', 'Diarahan', 'Patra', 'Null Dark']
['Wind Boost', 'Tarukaja', 'Matarukaja', 'Diarahan', 'Patra']
['Diarahan', 'Null Dark', 'Samsara', 'Sukukaja', 'Wind Amp']
['Samsara', 'Maragion', 'Patra', 'Rakukaja', 'Diarahan']
['Tarukaja', 'Recarm', 'Rakukaja', 'Matarukaja', 'Patra']
['Apt Pupil', 'Samsara', 'Invigorate 3', 'Null Dark', 'Matarukaja']
['Samsara', 'Tarukaja', 'Matarukaja', 'Wind Amp', 'Panta Rhei']
['Patra', 'Fire Boost', 'Maragion', 'Recarm', 'Sukukaja']
['Apt Pupil', 'Tarukaja', 'Patra', 'Wind Boost', 'Rakukaja']
['Fire Boost', 'Wind Boost', 'Samsara', 'Recarm', 'Wind Amp']
['Matarukaja', 'Sukukaja', 'Fire Boost', 'Rakukaja', 'Diarahan']
['Samsara', 'Patra', 'Tarukaja', 'Null Dark', 'Matarukaja']
['Fire Boost', 'Rakukaja', 'Patra', 'Sukukaja', 'Wind Amp']
['Tarukaja', 'Recarm', 'Rakukaja', 'Fire Boost', 'Matarukaja']
['Fire Boost', 'Samsara', 'Sukukaja', 'Wind Boost', 'Patra']
['Samsara', 'Tarukaja', 'Magarula', 'Sukukaja', 'Regenerate 3']
['Samsara', 'Tarukaja', 'Patra', 'Wind Boost', 'Apt Pupil']
['Samsara', 'Patra', 'Regenerate 3', 'Matarukaja', 'Tarukaja']
['Apt Pupil', 'Samsara', 'Wind Amp', 'Patra', 'Fire Boost']
['Regenerate 3', 'Matarukaja', 'Wind Amp', 'Patra', 'Recarm']
['Tarukaja', 'Patra', 'Regenerate 3', 'Sukukaja', 'Matarukaja']
['Rakukaja', 'Wind Amp', 'Sukukaja', 'Fire Boost', 'Recarm']
['Null Dark', 'Sukukaja', 'Tarukaja', 'Wind Boost', 'Fire Boost']
['Samsara', 'Regenerate 3', 'Diarahan', 'Rakukaja', 'Patra']
['Recarm', 'Rakukaja', 'Invigorate 3', 'Wind Boost', 'Diarahan']
['Null Dark', 'Rakukaja', 'Tarukaja', 'Wind Amp', 'Regenerate 3']
['Samsara', 'Wind Boost', 'Patra', 'Fire Boost', 'Matarukaja']
['Samsara', 'Panta Rhei', 'Agidyne', 'Fire Boost', 'Sukukaja']
['Tarukaja', 'Wind Boost', 'Diarahan', 'Fire Boost', 'Samsara']
['Fire Boost', 'Samsara', 'Apt Pupil', 'Tarukaja', 'Wind Amp']
['Tarukaja', 'Patra', 'Regenerate 3', 'Null Dark', 'Agilao']
['Regenerate 3', 'Invigorate 3', 'Samsara', 'Sukukaja', 'Patra']
['Rakukaja', 'Fire Boost', 'Null Dark', 'Samsara', 'Sukukaja']
['Sukukaja', 'Wind Amp', 'Samsara', 'Patra', 'Matarukaja']
['Patra', 'Fire Boost', 'Samsara', 'Wind Boost', 'Sukukaja']
['Agilao', 'Patra', 'Wind Amp', 'Wind Boost', 'Samsara']
['Tarukaja', 'Matarukaja', 'Wind Boost', 'Invigorate 3', 'Patra']
['Diarahan', 'Matarukaja', 'Rakukaja', 'Fire Boost', 'Recarm']
['Tarukaja', 'Samsara', 'Patra', 'Rakukaja', 'Recarm']
['Rakukaja', 'Fire Boost', 'Recarm', 'Samsara', 'Agidyne']
['Fire Boost', 'Wind Boost', 'Null Dark', 'Sukukaja', 'Patra']
['Samsara', 'Patra', 'Wind Amp', 'Sukukaja', 'Tarukaja']
['Patra', 'Agilao', 'Magarudyne', 'Samsara', 'Invigorate 3']
['Patra', 'Samsara', 'Tarukaja', 'Rakukaja', 'Wind Boost']
['Wind Amp', 'Diarahan', 'Patra', 'Samsara', 'Sukukaja']
['Rakukaja', 'Patra', 'Invigorate 3', 'Recarm', 'Wind Boost']
['Samsara', 'Tarukaja', 'Sukukaja', 'Patra', 'Wind Boost']
['Recarm', 'Tarukaja', 'Diarahan', 'Matarukaja', 'Patra']
['Samsara', 'Sukukaja', 'Invigorate 3', 'Patra', 'Null Dark']
['Sukukaja', 'Tarukaja', 'Patra', 'Maragion', 'Matarukaja']
['Tarukaja', 'Samsara', 'Patra', 'Rakukaja', 'Recarm']
