['Null Fire', 'Enradi', 'Resist Fire', 'Apt Pupil']
['Elec Amp', 'Counter', 'Stagnant Air', 'Spell Master']
['Null Dark', 'Enradi', 'Apt Pupil', 'Ice Break']
['Resist Fire', 'Elec Amp', 'Apt Pupil', 'Counter']
['Elec Amp', 'Counter', 'Null Panic', 'Null Fire']
['Enradi', 'Counter', 'Elec Amp', 'Null Dark']
['Elec Amp', 'Enradi', 'Null Dark', 'Counter']
['Resist Fire', 'Ice Break', 'Null Fire', 'Enradi']
['Enradi', 'Mabufula', 'Null Dark', 'Maziodyne']
['Enradi', 'Spell Master', 'Null Panic', 'Elec Amp']
['Spell Master', 'Counter', 'Enradi', 'Elec Amp']
['Counter', 'Enradi', 'Bufudyne', 'Maragidyne']
['Enradi', 'Elec Amp', 'Null Fire', 'Counter']
['Null Panic', 'Elec Amp', 'Stagnant Air', 'Null Dark']
['Resist Fire', 'Maziodyne', 'Spell Master', 'Null Fire']
['Counter', 'Null Panic', 'Mabufula', 'Spell Master']
['Stagnant Air', 'Null Dark', 'Resist Fire', 'Enradi']
['Counter', 'Enradi', 'Ice Break', 'Apt Pupil']
['Counter', 'Null Fire', 'Null Panic', 'Elec Amp']
['Enradi', 'Elec Amp', 'Apt Pupil', 'Counter']
['Counter', 'Null Fire', 'Enradi', 'Resist Fire']
['Resist Fire', 'Apt Pupil', 'Elec Amp', 'Null Fire']
['Enradi', 'Null Panic', 'Ice Break', 'Null Dark']
['Bufudyne', 'Counter', 'Null Dark', 'Maragidyne']
['Maziodyne', 'Enradi', 'Ice Break', 'Null Fire']
['Thunder Reign', 'Resist Fire', 'Elec Amp', 'Apt Pupil']
['Null Fire', 'Null Panic', 'Elec Amp', 'Enradi']
['Null Panic', 'Stagnant Air', 'Ice Break', 'Spell Master']
['Null Dark', 'Spell Master', 'Apt Pupil', 'Resist Fire']
['Enradi', 'Apt Pupil', 'Ice Break', 'Null Dark']
['Null Dark', 'Counter', 'Resist Fire', 'Ice Break']
['Enradi', 'Maziodyne', 'Resist Fire', 'Elec Amp']
['Counter', 'Enradi', 'Null Fire', 'Null Panic']
['Enradi', 'Null Panic', 'Counter', 'Amrita']
['Amrita', 'Elec Amp', 'Enradi', 'Maziodyne']
['Ice Break', 'Amrita', 'Resist Fire', 'Null Panic']
['Maragidyne', 'Enradi', 'Spell Master', 'Null Panic']
['Mabufula', 'Amrita', 'Null Fire', 'Enradi']
['Null Fire', 'Enradi', 'Mabufula', 'Ice Break']
['Elec Amp', 'Apt Pupil', 'Null Panic', 'Enradi']
['Enradi', 'Resist Fire', 'Amrita', 'Mabufula']
['Amrita', 'Enradi', 'Elec Amp', 'Resist Fire']
['Enradi', 'Null Fire', 'Resist Fire', 'Maziodyne']
['Counter', 'Null Panic', 'Null Fire', 'Ice Break']
['Elec Amp', 'Ice Break', 'Megidola', 'Counter']
['Null Dark', 'Thunder Reign', 'Enradi', 'Stagnant Air']
['Null Panic', 'Resist Fire', 'Counter', 'Elec Amp']
['Mabufula', 'Enradi', 'Apt Pupil', 'Resist Fire']
['Enradi', 'Spell Master', 'Null Fire', 'Elec Amp']
['Enradi', 'Apt Pupil', 'Counter', 'Maziodyne']
['Apt Pupil', 'Elec Amp', 'Null Fire', 'Enradi']
['Resist Fire', 'Elec Amp', 'Null Dark', 'Null Fire']
['Mabufula', 'Ice Break', 'Spell Master', 'Null Panic']
['Ice Break', 'Null Dark', 'Null Fire', 'Spell Master']
['Apt Pupil', 'Ice Break', 'Enradi', 'Null Panic']
['Ice Break', 'Null Panic', 'Amrita', 'Megidola']
['Ice Break', 'Null Dark', 'Elec Amp', 'Enradi']
['Null Fire', 'Null Panic', 'Resist Fire', 'Ice Break']
['Resist Fire', 'Ice Break', 'Enradi', 'Amrita']
['Enradi', 'Ice Break', 'Resist Fire', 'Null Panic']
['Resist Fire', 'Elec Amp', 'Apt Pupil', 'Null Fire']
['Enradi', 'Elec Amp', 'Spell Master', 'Bufudyne']
['Enradi', 'Apt Pupil', 'Elec Amp', 'Null Dark']
['Apt Pupil', 'Null Panic', 'Resist Fire', 'Elec Amp']
['Apt Pupil', 'Amrita', 'Spell Master', 'Counter']
['Bufudyne', 'Mabufula', 'Null Panic', 'Enradi']
['Enradi', 'Ice Break', 'Apt Pupil', 'Null Dark']
['Enradi', 'Counter', 'Elec Amp', 'Apt Pupil']
['Null Fire', 'Enradi', 'Resist Fire', 'Amrita']
['Apt Pupil', 'Maragidyne', 'Spell Master', 'Resist Fire']
['Ice Break', 'Amrita', 'Null Panic', 'Counter']
['Apt Pupil', 'Enradi', 'Null Panic', 'Ice Break']
['Apt Pupil', 'Maragidyne', 'Null Panic', 'Resist Fire']
['Enradi', 'Null Dark', 'Spell Master', 'Bufudyne']
['Megidola', 'Ice Break', 'Maziodyne', 'Enradi']
['Ice Break', 'Enradi', 'Apt Pupil', 'Resist Fire']
['Spell Master', 'Null Dark', 'Enradi', 'Counter']
['Elec Amp', 'Resist Fire', 'Apt Pupil', 'Enradi']
['Apt Pupil', 'Counter', 'Ice Break', 'Bufudyne']
['Null Fire', 'Bufudyne', 'Counter', 'Thunder Reign']
['Mabufula', 'Amrita', 'Counter', 'Apt Pupil']
['Ice Break', 'Counter', 'Null Fire', 'Resist Fire']
['Null Panic', 'Counter', 'Enradi', 'Null Dark']
['Ice Break', 'Null Dark', 'Elec Amp', 'Enradi']
['Enradi', 'Resist Fire', 'Elec Amp', 'Ice Break']
['Ice Break', 'Resist Fire', 'Null Fire', 'Enradi']
['Ice Break', 'Null Fire', 'Elec Amp', 'Enradi']
['Enradi', 'Stagnant Air', 'Apt Pupil', 'Null Dark']
['Enradi', 'Counter', 'Ice Break', 'Null Dark']
['Maragidyne', 'Spell Master', 'Apt Pupil', 'Thunder Reign']
['Ice Break', 'Counter', 'Enradi', 'Null Fire']
['Null Panic', 'Resist Fire', 'Enradi', 'Ice Break']
['Amrita', 'Counter', 'Apt Pupil', 'Ice Break']
['Stagnant Air', 'Amrita', 'Ice Break', 'Spell Master']
['Counter', 'Elec Amp', 'Amrita', 'Null Dark']
['Null Fire', 'Spell Master', 'Counter', 'Enradi']
['Stagnant Air', 'Amrita', 'Counter', 'Null Dark']
['Enradi', 'Megidola', 'Null Panic', 'Null Dark']
['Counter', 'Amrita', 'Spell Master', 'Null Dark']
['Counter', 'Null Dark', 'Elec Amp', 'Ice Break']
['Enradi', 'Counter', 'Elec Amp', 'Null Dark']
['Counter', 'Ice Break', 'Apt Pupil', 'Null Dark']
['Null Panic', 'Spell Master', 'Amrita', 'Counter']
['Enradi', 'Amrita', 'Ice Break', 'Counter']
['Null Dark', 'Enradi', 'Null Fire', 'Resist Fire']
['Counter', 'Null Fire', 'Enradi', 'Amrita']
['Ice Break', 'Counter', 'Enradi', 'Resist Fire']
['Apt Pupil', 'Counter', 'Resist Fire', 'Enradi']
['Null Dark', 'Resist Fire', 'Spell Master', 'Elec Amp']
['Counter', 'Ice Break', 'Apt Pupil', 'Resist Fire']
['Spell Master', 'Enradi', 'Apt Pupil', 'Resist Fire']
['Mabufula', 'Null Fire', 'Ice Break', 'Stagnant Air']
['Ice Break', 'Enradi', 'Null Fire', 'Resist Fire']
['Stagnant Air', 'Counter', 'Null Fire', 'Null Panic']
['Bufudyne', 'Enradi', 'Null Fire', 'Amrita']
['Enradi', 'Ice Break', 'Mabufula', 'Elec Amp']
['Stagnant Air', 'Apt Pupil', 'Enradi', 'Elec Amp']
['Ice Break', 'Enradi', 'Counter', 'Elec Amp']
['Null Fire', 'Counter', 'Stagnant Air', 'Enradi']
['Elec Amp', 'Apt Pupil', 'Ice Break', 'Enradi']
['Ice Break', 'Elec Amp', 'Null Dark', 'Apt Pupil']
['Amrita', 'Counter', 'Null Dark', 'Null Panic']
['Ice Break', 'Apt Pupil', 'Counter', 'Null Dark']
['Null Panic', 'Elec Amp', 'Enradi', 'Null Dark']
['Counter', 'Null Fire', 'Enradi', 'Bufudyne']
['Amrita', 'Null Fire', 'Counter', 'Apt Pupil']
['Apt Pupil', 'Enradi', 'Counter', 'Null Panic']
['Apt Pupil', 'Mabufula', 'Counter', 'Ice Break']
['Thunder Reign', 'Enradi', 'Ice Break', 'Amrita']
['Mabufula', 'Stagnant Air', 'Null Panic', 'Enradi']
['Amrita', 'Ice Break', 'Bufudyne', 'Null Panic']
['Ice Break', 'Enradi', 'Mabufula', 'Null Panic']
['Spell Master', 'Amrita', 'Resist Fire', 'Enradi']
['Null Panic', 'Maziodyne', 'Elec Amp', 'Resist Fire']
['Elec Amp', 'Resist Fire', 'Null Dark', 'Ice Break']
['Enradi', 'Elec Amp', 'Counter', 'Apt Pupil']
['Stagnant Air', 'Null Panic', 'Resist Fire', 'Ice Break']
['Apt Pupil', 'Enradi', 'Counter', 'Spell Master']
['Null Dark', 'Elec Amp', 'Spell Master', 'Counter']
['Null Dark', 'Enradi', 'Elec Amp', 'Counter']
['Bufudyne', 'Counter', 'Maziodyne', 'Resist Fire']
['Elec Amp', 'Spell Master', 'Bufudyne', 'Thunder Reign']
['Ice Break', 'Apt Pupil', 'Elec Amp', 'Enradi']
['Enradi', 'Counter', 'Ice Break', 'Resist Fire']
['Counter', 'Amrita', 'Null Fire', 'Resist Fire']
['Resist Fire', 'Null Panic', 'Null Dark', 'Apt Pupil']
['Enradi', 'Amrita', 'Null Fire', 'Thunder Reign']
['Enradi', 'Null Dark', 'Null Fire', 'Ice Break']
['Enradi', 'Counter', 'Elec Amp', 'Null Panic']
['Enradi', 'Stagnant Air', 'Null Fire', 'Bufudyne']
['Thunder Reign', 'Amrita', 'Counter', 'Null Dark']
['Elec Amp', 'Ice Break', 'Null Fire', 'Null Panic']
['Null Fire', 'Enradi', 'Counter', 'Apt Pupil']
['Ice Break', 'Mabufula', 'Enradi', 'Null Panic']
['Mabufula', 'Amrita', 'Enradi', 'Apt Pupil']
['Elec Amp', 'Null Dark', 'Stagnant Air', 'Enradi']
['Null Fire', 'Counter', 'Enradi', 'Elec Amp']
['Elec Amp', 'Enradi', 'Ice Break', 'Counter']
['Spell Master', 'Elec Amp', 'Counter', 'Enradi']
['Ice Break', 'Null Panic', 'Null Fire', 'Counter']
['Stagnant Air', 'Enradi', 'Ice Break', 'Counter']
['Null Fire', 'Null Dark', 'Mabufula', 'Amrita']
['Spell Master', 'Null Panic', 'Enradi', 'Stagnant Air']
['Apt Pupil', 'Enradi', 'Resist Fire', 'Null Dark']
['Null Fire', 'Enradi', 'Apt Pupil', 'Bufudyne']
['Null Panic', 'Counter', 'Elec Amp', 'Null Dark']
['Null Fire', 'Enradi', 'Amrita', 'Ice Break']
['Null Panic', 'Enradi', 'Resist Fire', 'Ice Break']
['Megidola', 'Null Dark', 'Spell Master', 'Resist Fire']
['Apt Pupil', 'Maragidyne', 'Resist Fire', 'Null Panic']
['Null Fire', 'Enradi', 'Counter', 'Apt Pupil']
['Null Panic', 'Stagnant Air', 'Null Fire', 'Enradi']
['Amrita', 'Counter', 'Enradi', 'Elec Amp']
['Elec Amp', 'Enradi', 'Amrita', 'Counter']
['Enradi', 'Thunder Reign', 'Null Dark', 'Amrita']
['Null Fire', 'Elec Amp', 'Apt Pupil', 'Maragidyne']
['Enradi', 'Elec Amp', 'Counter', 'Null Fire']
['Null Dark', 'Spell Master', 'Enradi', 'Resist Fire']
['Spell Master', 'Null Panic', 'Stagnant Air', 'Enradi']
['Counter', 'Null Dark', 'Mabufula', 'Resist Fire']
['Apt Pupil', 'Ice Break', 'Counter', 'Null Fire']
['Spell Master', 'Resist Fire', 'Enradi', 'Null Fire']
['Mabufula', 'Ice Break', 'Amrita', 'Resist Fire']
['Enradi', 'Counter', 'Resist Fire', 'Null Fire']
['Null Panic', 'Amrita', 'Resist Fire', 'Stagnant Air']
['Ice Break', 'Enradi', 'Mabufula', 'Thunder Reign']
['Elec Amp', 'Resist Fire', 'Ice Break', 'Maziodyne']
['Counter', 'Mabufula', 'Null Fire', 'Elec Amp']
['Null Dark', 'Null Fire', 'Amrita', 'Counter']
['Apt Pupil', 'Counter', 'Resist Fire', 'Mabufula']
['Ice Break', 'Counter', 'Null Panic', 'Apt Pupil']
['Amrita', 'Counter', 'Enradi', 'Null Dark']
['Enradi', 'Apt Pupil', 'Null Dark', 'Elec Amp']
['Apt Pupil', 'Enradi', 'Counter', 'Null Dark']
['Enradi', 'Null Fire', 'Counter', 'Stagnant Air']
['Enradi', 'Null Panic', 'Ice Break', 'Apt Pupil']
['Resist Fire', 'Enradi', 'Apt Pupil', 'Ice Break']
['Ice Break', 'Null Dark', 'Enradi', 'Resist Fire']
['Resist Fire', 'Enradi', 'Amrita', 'Ice Break']
['Null Fire', 'Amrita', 'Ice Break', 'Bufudyne']
['Ice Break', 'Enradi', 'Apt Pupil', 'Elec Amp']
['Mabufula', 'Stagnant Air', 'Spell Master', 'Enradi']
['Enradi', 'Null Fire', 'Amrita', 'Null Panic']
['Amrita', 'Counter', 'Ice Break', 'Mabufula']
['Enradi', 'Null Fire', 'Stagnant Air', 'Ice Break']
['Stagnant Air', 'Null Fire', 'Elec Amp', 'Resist Fire']
['Ice Break', 'Spell Master', 'Stagnant Air', 'Amrita']
['Apt Pupil', 'Megidola', 'Counter', 'Elec Amp']
['Apt Pupil', 'Null Dark', 'Amrita', 'Enradi']
['Counter', 'Amrita', 'Mabufula', 'Ice Break']
['Counter', 'Null Panic', 'Ice Break', 'Resist Fire']
['Megidola', 'Null Dark', 'Resist Fire', 'Enradi']
['Resist Fire', 'Amrita', 'Enradi', 'Null Panic']
['Enradi', 'Elec Amp', 'Mabufula', 'Null Dark']
['Counter', 'Enradi', 'Bufudyne', 'Null Fire']
['Null Fire', 'Counter', 'Null Panic', 'Spell Master']
['Elec Amp', 'Bufudyne', 'Null Fire', 'Mabufula']
['Null Panic', 'Resist Fire', 'Enradi', 'Null Fire']
['Elec Amp', 'Null Fire', 'Enradi', 'Resist Fire']
['Enradi', 'Counter', 'Elec Amp', 'Null Panic']
['Apt Pupil', 'Null Panic', 'Counter', 'Enradi']
['Null Dark', 'Elec Amp', 'Enradi', 'Apt Pupil']
['Maragidyne', 'Spell Master', 'Enradi', 'Thunder Reign']
['Enradi', 'Null Fire', 'Null Dark', 'Apt Pupil']
['Ice Break', 'Null Panic', 'Stagnant Air', 'Resist Fire']
['Null Dark', 'Enradi', 'Null Panic', 'Spell Master']
['Resist Fire', 'Apt Pupil', 'Enradi', 'Counter']
['Null Panic', 'Spell Master', 'Enradi', 'Apt Pupil']
['Null Fire', 'Null Dark', 'Counter', 'Enradi']
['Null Dark', 'Ice Break', 'Stagnant Air', 'Null Fire']
['Enradi', 'Null Dark', 'Bufudyne', 'Apt Pupil']
['Counter', 'Resist Fire', 'Spell Master', 'Ice Break']
['Null Dark', 'Null Fire', 'Resist Fire', 'Apt Pupil']
['Enradi', 'Apt Pupil', 'Ice Break', 'Amrita']
['Counter', 'Resist Fire', 'Ice Break', 'Stagnant Air']
['Null Panic', 'Elec Amp', 'Enradi', 'Amrita']
['Counter', 'Ice Break', 'Amrita', 'Null Dark']
['Resist Fire', 'Ice Break', 'Enradi', 'Null Fire']
['Elec Amp', 'Ice Break', 'Enradi', 'Counter']
['Enradi', 'Maziodyne', 'Counter', 'Null Panic']
['Apt Pupil', 'Spell Master', 'Enradi', 'Ice Break']
['Elec Amp', 'Null Fire', 'Enradi', 'Stagnant Air']
['Enradi', 'Resist Fire', 'Null Fire', 'Counter']
['Ice Break', 'Enradi', 'Stagnant Air', 'Null Fire']
['Null Fire', 'Enradi', 'Stagnant Air', 'Maziodyne']
['Elec Amp', 'Null Panic', 'Enradi', 'Counter']
['Counter', 'Maragidyne', 'Amrita', 'Apt Pupil']
['Null Fire', 'Amrita', 'Counter', 'Enradi']
['Thunder Reign', 'Amrita', 'Apt Pupil', 'Ice Break']
['Enradi', 'Counter', 'Apt Pupil', 'Elec Amp']
['Apt Pupil', 'Maragidyne', 'Null Panic', 'Resist Fire']
['Apt Pupil', 'Ice Break', 'Enradi', 'Null Dark']
['Ice Break', 'Enradi', 'Stagnant Air', 'Megidola']
['Counter', 'Null Dark', 'Null Fire', 'Apt Pupil']
['Apt Pupil', 'Ice Break', 'Null Dark', 'Null Fire']
['Enradi', 'Stagnant Air', 'Apt Pupil', 'Resist Fire']
['Counter', 'Elec Amp', 'Null Fire', 'Ice Break']
['Null Panic', 'Enradi', 'Stagnant Air', 'Ice Break']
['Enradi', 'Null Dark', 'Resist Fire', 'Amrita']
['Enradi', 'Elec Amp', 'Null Dark', 'Ice Break']
['Amrita', 'Enradi', 'Stagnant Air', 'Maziodyne']
['Elec Amp', 'Ice Break', 'Enradi', 'Null Panic']
['Counter', 'Ice Break', 'Amrita', 'Null Fire']
['Null Dark', 'Null Panic', 'Enradi', 'Resist Fire']
['Elec Amp', 'Resist Fire', 'Counter', 'Apt Pupil']
['Null Fire', 'Enradi', 'Counter', 'Null Dark']
['Mabufula', 'Amrita', 'Elec Amp', 'Spell Master']
['Elec Amp', 'Spell Master', 'Apt Pupil', 'Amrita']
['Counter', 'Apt Pupil', 'Elec Amp', 'Null Dark']
['Null Panic', 'Spell Master', 'Amrita', 'Counter']
['Enradi', 'Spell Master', 'Null Panic', 'Stagnant Air']
['Apt Pupil', 'Null Panic', 'Null Fire', 'Enradi']
['Null Dark', 'Elec Amp', 'Resist Fire', 'Amrita']
['Null Dark', 'Apt Pupil', 'Elec Amp', 'Counter']
['Resist Fire', 'Null Panic', 'Apt Pupil', 'Enradi']
['Stagnant Air', 'Enradi', 'Elec Amp', 'Resist Fire']
['Apt Pupil', 'Null Fire', 'Bufudyne', 'Enradi']
['Apt Pupil', 'Enradi', 'Null Fire', 'Amrita']
['Null Panic', 'Enradi', 'Ice Break', 'Null Fire']
['Null Fire', 'Apt Pupil', 'Amrita', 'Ice Break']
['Enradi', 'Maragidyne', 'Counter', 'Resist Fire']
['Enradi', 'Elec Amp', 'Amrita', 'Apt Pupil']
['Enradi', 'Ice Break', 'Resist Fire', 'Apt Pupil']
['Null Fire', 'Enradi', 'Stagnant Air', 'Resist Fire']
['Elec Amp', 'Enradi', 'Ice Break', 'Resist Fire']
['Enradi', 'Mabufula', 'Null Dark', 'Spell Master']
['Amrita', 'Megidola', 'Resist Fire', 'Enradi']
['Stagnant Air', 'Ice Break', 'Enradi', 'Null Panic']
['Counter', 'Null Dark', 'Resist Fire', 'Ice Break']
['Amrita', 'Elec Amp', 'Null Dark', 'Apt Pupil']
['Resist Fire', 'Bufudyne', 'Apt Pupil', 'Null Fire']
['Ice Break', 'Resist Fire', 'Enradi', 'Amrita']
['Enradi', 'Thunder Reign', 'Null Fire', 'Spell Master']
['Spell Master', 'Null Panic', 'Amrita', 'Enradi']
['Ice Break', 'Resist Fire', 'Counter', 'Apt Pupil']
['Null Panic', 'Apt Pupil', 'Elec Amp', 'Enradi']
['Spell Master', 'Apt Pupil', 'Resist Fire', 'Enradi']
['Enradi', 'Stagnant Air', 'Counter', 'Maziodyne']
['Resist Fire', 'Enradi', 'Thunder Reign', 'Bufudyne']
['Apt Pupil', 'Spell Master', 'Amrita', 'Null Fire']
['Ice Break', 'Elec Amp', 'Enradi', 'Null Dark']
['Elec Amp', 'Ice Break', 'Amrita', 'Mabufula']
['Null Fire', 'Apt Pupil', 'Elec Amp', 'Null Dark']
['Apt Pupil', 'Null Fire', 'Stagnant Air', 'Null Panic']
['Resist Fire', 'Counter', 'Enradi', 'Apt Pupil']
['Elec Amp', 'Ice Break', 'Enradi', 'Null Panic']
['Enradi', 'Apt Pupil', 'Amrita', 'Mabufula']
['Null Fire', 'Resist Fire', 'Mabufula', 'Enradi']
['Elec Amp', 'Apt Pupil', 'Enradi', 'Null Fire']
['Enradi', 'Amrita', 'Ice Break', 'Resist Fire']
['Apt Pupil', 'Maziodyne', 'Null Panic', 'Null Fire']
['Null Panic', 'Stagnant Air', 'Enradi', 'Elec Amp']
['Elec Amp', 'Enradi', 'Stagnant Air', 'Mabufula']
['Null Fire', 'Ice Break', 'Null Dark', 'Elec Amp']
['Counter', 'Megidola', 'Enradi', 'Spell Master']
['Ice Break', 'Elec Amp', 'Counter', 'Resist Fire']
['Counter', 'Null Fire', 'Elec Amp', 'Enradi']
['Null Panic', 'Resist Fire', 'Null Dark', 'Null Fire']
['Resist Fire', 'Stagnant Air', 'Null Panic', 'Elec Amp']
['Enradi', 'Null Panic', 'Counter', 'Null Dark']
['Apt Pupil', 'Null Panic', 'Resist Fire', 'Counter']
['Null Dark', 'Apt Pupil', 'Counter', 'Enradi']
['Stagnant Air', 'Resist Fire', 'Amrita', 'Enradi']
['Null Fire', 'Counter', 'Apt Pupil', 'Bufudyne']
['Megidola', 'Null Panic', 'Amrita', 'Elec Amp']
['Counter', 'Apt Pupil', 'Null Fire', 'Null Dark']
['Null Fire', 'Enradi', 'Apt Pupil', 'Null Dark']
['Resist Fire', 'Enradi', 'Null Panic', 'Ice Break']
['Enradi', 'Mabufula', 'Elec Amp', 'Stagnant Air']
['Elec Amp', 'Spell Master', 'Enradi', 'Null Dark']
['Amrita', 'Null Panic', 'Ice Break', 'Stagnant Air']
['Resist Fire', 'Enradi', 'Megidola', 'Apt Pupil']
['Elec Amp', 'Apt Pupil', 'Enradi', 'Null Panic']
['Apt Pupil', 'Counter', 'Enradi', 'Ice Break']
['Counter', 'Enradi', 'Amrita', 'Elec Amp']
['Counter', 'Null Fire', 'Ice Break', 'Amrita']
['Elec Amp', 'Enradi', 'Resist Fire', 'Null Panic']
['Amrita', 'Null Fire', 'Enradi', 'Elec Amp']
['Counter', 'Null Dark', 'Elec Amp', 'Amrita']
['Enradi', 'Null Panic', 'Apt Pupil', 'Elec Amp']
['Enradi', 'Stagnant Air', 'Spell Master', 'Amrita']
['Null Dark', 'Bufudyne', 'Enradi', 'Ice Break']
['Ice Break', 'Counter', 'Elec Amp', 'Null Dark']
['Elec Amp', 'Enradi', 'Null Fire', 'Resist Fire']
['Enradi', 'Null Fire', 'Resist Fire', 'Stagnant Air']
['Null Panic', 'Elec Amp', 'Null Dark', 'Enradi']
['Apt Pupil', 'Enradi', 'Ice Break', 'Counter']
['Resist Fire', 'Null Dark', 'Counter', 'Spell Master']
['Spell Master', 'Enradi', 'Elec Amp', 'Counter']
['Resist Fire', 'Bufudyne', 'Enradi', 'Apt Pupil']
['Maziodyne', 'Resist Fire', 'Apt Pupil', 'Null Dark']
['Ice Break', 'Null Dark', 'Enradi', 'Null Fire']
['Spell Master', 'Null Dark', 'Apt Pupil', 'Enradi']
['Stagnant Air', 'Counter', 'Enradi', 'Resist Fire']
['Ice Break', 'Maziodyne', 'Apt Pupil', 'Stagnant Air']
['Elec Amp', 'Ice Break', 'Apt Pupil', 'Resist Fire']
['Spell Master', 'Stagnant Air', 'Megidola', 'Ice Break']
['Null Fire', 'Counter', 'Maziodyne', 'Enradi']
['Null Dark', 'Null Panic', 'Null Fire', 'Counter']
['Null Fire', 'Counter', 'Resist Fire', 'Enradi']
['Resist Fire', 'Enradi', 'Mabufula', 'Ice Break']
['Mabufula', 'Null Panic', 'Counter', 'Stagnant Air']
['Counter', 'Bufudyne', 'Null Panic', 'Elec Amp']
['Enradi', 'Amrita', 'Resist Fire', 'Null Dark']
['Null Panic', 'Resist Fire', 'Enradi', 'Ice Break']
['Counter', 'Null Fire', 'Enradi', 'Mabufula']
['Maziodyne', 'Resist Fire', 'Amrita', 'Counter']
['Enradi', 'Counter', 'Spell Master', 'Amrita']
['Ice Break', 'Enradi', 'Counter', 'Spell Master']
['Bufudyne', 'Elec Amp', 'Stagnant Air', 'Amrita']
['Enradi', 'Elec Amp', 'Counter', 'Ice Break']
['Enradi', 'Maragidyne', 'Null Fire', 'Resist Fire']
['Amrita', 'Elec Amp', 'Stagnant Air', 'Spell Master']
['Elec Amp', 'Enradi', 'Null Dark', 'Counter']
['Apt Pupil', 'Counter', 'Null Dark', 'Amrita']
['Null Dark', 'Enradi', 'Ice Break', 'Megidola']
['Enradi', 'Resist Fire', 'Null Dark', 'Elec Amp']
['Ice Break', 'Amrita', 'Spell Master', 'Counter']
['Null Fire', 'Null Panic', 'Enradi', 'Counter']
['Ice Break', 'Null Dark', 'Elec Amp', 'Enradi']
['Enradi', 'Apt Pupil', 'Resist Fire', 'Ice Break']
['Counter', 'Maragidyne', 'Enradi', 'Elec Amp']
['Null Dark', 'Apt Pupil', 'Amrita', 'Enradi']
['Enradi', 'Counter', 'Maragidyne', 'Elec Amp']
['Stagnant Air', 'Maziodyne', 'Null Panic', 'Spell Master']
['Null Dark', 'Apt Pupil', 'Ice Break', 'Null Fire']
['Apt Pupil', 'Amrita', 'Null Dark', 'Enradi']
['Resist Fire', 'Ice Break', 'Mabufula', 'Amrita']
['Enradi', 'Elec Amp', 'Null Dark', 'Apt Pupil']
['Null Panic', 'Ice Break', 'Apt Pupil', 'Enradi']
['Resist Fire', 'Elec Amp', 'Ice Break', 'Apt Pupil']
['Stagnant Air', 'Null Panic', 'Enradi', 'Ice Break']
['Enradi', 'Resist Fire', 'Null Panic', 'Amrita']
['Null Panic', 'Elec Amp', 'Amrita', 'Spell Master']
['Amrita', 'Null Dark', 'Enradi', 'Resist Fire']
['Resist Fire', 'Enradi', 'Null Fire', 'Counter']
['Enradi', 'Counter', 'Stagnant Air', 'Apt Pupil']
['Enradi', 'Elec Amp', 'Maziodyne', 'Apt Pupil']
['Apt Pupil', 'Maziodyne', 'Counter', 'Enradi']
['Elec Amp', 'Null Panic', 'Counter', 'Enradi']
['Elec Amp', 'Ice Break', 'Resist Fire', 'Stagnant Air']
['Amrita', 'Enradi', 'Spell Master', 'Counter']
['Resist Fire', 'Enradi', 'Null Panic', 'Bufudyne']
['Null Dark', 'Null Panic', 'Counter', 'Ice Break']
['Counter', 'Apt Pupil', 'Mabufula', 'Null Panic']
['Null Fire', 'Elec Amp', 'Counter', 'Resist Fire']
['Stagnant Air', 'Null Panic', 'Null Dark', 'Null Fire']
['Elec Amp', 'Enradi', 'Spell Master', 'Mabufula']
['Enradi', 'Null Fire', 'Null Dark', 'Null Panic']
['Counter', 'Apt Pupil', 'Enradi', 'Null Fire']
['Enradi', 'Apt Pupil', 'Ice Break', 'Null Fire']
['Ice Break', 'Stagnant Air', 'Null Dark', 'Counter']
['Stagnant Air', 'Apt Pupil', 'Bufudyne', 'Elec Amp']
['Null Fire', 'Resist Fire', 'Maziodyne', 'Elec Amp']
['Enradi', 'Ice Break', 'Resist Fire', 'Mabufula']
['Enradi', 'Null Dark', 'Mabufula', 'Apt Pupil']
['Resist Fire', 'Null Fire', 'Amrita', 'Stagnant Air']
['Spell Master', 'Null Panic', 'Amrita', 'Counter']
['Null Dark', 'Null Panic', 'Elec Amp', 'Enradi']
['Megidola', 'Resist Fire', 'Enradi', 'Null Dark']
['Enradi', 'Null Dark', 'Bufudyne', 'Resist Fire']
['Null Panic', 'Enradi', 'Bufudyne', 'Null Dark']
['Ice Break', 'Amrita', 'Null Fire', 'Counter']
['Resist Fire', 'Enradi', 'Null Panic', 'Counter']
['Counter', 'Enradi', 'Null Fire', 'Thunder Reign']
['Enradi', 'Counter', 'Mabufula', 'Null Panic']
['Enradi', 'Counter', 'Elec Amp', 'Apt Pupil']
['Counter', 'Resist Fire', 'Enradi', 'Spell Master']
['Maziodyne', 'Ice Break', 'Bufudyne', 'Enradi']
['Apt Pupil', 'Ice Break', 'Enradi', 'Null Panic']
['Spell Master', 'Null Panic', 'Enradi', 'Resist Fire']
['Apt Pupil', 'Resist Fire', 'Amrita', 'Null Dark']
['Resist Fire', 'Elec Amp', 'Apt Pupil', 'Amrita']
['Null Dark', 'Counter', 'Enradi', 'Amrita']
['Counter', 'Enradi', 'Amrita', 'Spell Master']
['Enradi', 'Null Panic', 'Null Dark', 'Spell Master']
['Elec Amp', 'Apt Pupil', 'Ice Break', 'Null Dark']
['Thunder Reign', 'Counter', 'Ice Break', 'Enradi']
['Enradi', 'Null Panic', 'Resist Fire', 'Maziodyne']
['Ice Break', 'Null Dark', 'Maragidyne', 'Enradi']
['Maragidyne', 'Spell Master', 'Elec Amp', 'Enradi']
['Null Dark', 'Enradi', 'Ice Break', 'Spell Master']
['Counter', 'Null Dark', 'Apt Pupil', 'Null Fire']
['Enradi', 'Counter', 'Resist Fire', 'Null Panic']
['Bufudyne', 'Apt Pupil', 'Null Dark', 'Ice Break']
['Spell Master', 'Counter', 'Elec Amp', 'Apt Pupil']
['Counter', 'Enradi', 'Null Panic', 'Apt Pupil']
['Apt Pupil', 'Elec Amp', 'Enradi', 'Resist Fire']
['Null Panic', 'Counter', 'Elec Amp', 'Apt Pupil']
['Ice Break', 'Resist Fire', 'Bufudyne', 'Null Dark']
['Enradi', 'Ice Break', 'Counter', 'Null Dark']
['Spell Master', 'Resist Fire', 'Counter', 'Enradi']
['Amrita', 'Ice Break', 'Counter', 'Null Dark']
['Amrita', 'Null Panic', 'Null Dark', 'Counter']
['Null Panic', 'Enradi', 'Ice Break', 'Resist Fire']
['Apt Pupil', 'Maragidyne', 'Enradi', 'Null Fire']
['Megidola', 'Enradi', 'Thunder Reign', 'Elec Amp']
['Elec Amp', 'Enradi', 'Maragidyne', 'Amrita']
['Elec Amp', 'Ice Break', 'Counter', 'Null Dark']
['Mabufula', 'Apt Pupil', 'Enradi', 'Stagnant Air']
['Null Panic', 'Enradi', 'Counter', 'Null Fire']
['Enradi', 'Resist Fire', 'Apt Pupil', 'Null Fire']
['Amrita', 'Null Dark', 'Apt Pupil', 'Null Panic']
['Spell Master', 'Ice Break', 'Enradi', 'Counter']
['Null Dark', 'Resist Fire', 'Enradi', 'Ice Break']
['Counter', 'Apt Pupil', 'Enradi', 'Mabufula']
['Null Fire', 'Null Dark', 'Elec Amp', 'Enradi']
['Amrita', 'Resist Fire', 'Elec Amp', 'Enradi']
['Ice Break', 'Counter', 'Resist Fire', 'Null Dark']
['Enradi', 'Resist Fire', 'Null Panic', 'Counter']
['Enradi', 'Null Dark', 'Null Fire', 'Null Panic']
['Counter', 'Null Panic', 'Spell Master', 'Apt Pupil']
['Enradi', 'Elec Amp', 'Null Dark', 'Spell Master']
['Maziodyne', 'Resist Fire', 'Apt Pupil', 'Amrita']
['Counter', 'Ice Break', 'Apt Pupil', 'Elec Amp']
['Null Fire', 'Enradi', 'Null Panic', 'Elec Amp']
['Null Panic', 'Ice Break', 'Enradi', 'Elec Amp']
['Resist Fire', 'Null Dark', 'Counter', 'Null Fire']
['Null Panic', 'Amrita', 'Maragidyne', 'Enradi']
['Stagnant Air', 'Enradi', 'Null Panic', 'Counter']
['Null Dark', 'Counter', 'Apt Pupil', 'Resist Fire']
['Ice Break', 'Resist Fire', 'Null Fire', 'Null Dark']
['Spell Master', 'Megidola', 'Apt Pupil', 'Null Fire']
['Spell Master', 'Resist Fire', 'Null Panic', 'Null Fire']
['Null Fire', 'Stagnant Air', 'Null Dark', 'Enradi']
['Enradi', 'Counter', 'Resist Fire', 'Null Dark']
['Spell Master', 'Mabufula', 'Stagnant Air', 'Elec Amp']
['Bufudyne', 'Apt Pupil', 'Amrita', 'Resist Fire']
['Enradi', 'Maziodyne', 'Ice Break', 'Resist Fire']
['Enradi', 'Null Dark', 'Null Fire', 'Resist Fire']
['Null Panic', 'Null Fire', 'Apt Pupil', 'Counter']
['Elec Amp', 'Amrita', 'Null Dark', 'Bufudyne']
['Amrita', 'Spell Master', 'Apt Pupil', 'Ice Break']
['Null Dark', 'Resist Fire', 'Spell Master', 'Enradi']
['Elec Amp', 'Null Dark', 'Stagnant Air', 'Null Fire']
['Stagnant Air', 'Null Dark', 'Null Panic', 'Ice Break']
['Counter', 'Maragidyne', 'Enradi', 'Apt Pupil']
['Counter', 'Null Fire', 'Apt Pupil', 'Ice Break']
['Maragidyne', 'Elec Amp', 'Null Fire', 'Enradi']
['Elec Amp', 'Enradi', 'Spell Master', 'Null Dark']
['Apt Pupil', 'Counter', 'Null Fire', 'Enradi']
['Elec Amp', 'Apt Pupil', 'Enradi', 'Spell Master']
['Counter', 'Ice Break', 'Elec Amp', 'Enradi']
['Enradi', 'Maziodyne', 'Bufudyne', 'Resist Fire']
['Ice Break', 'Null Fire', 'Resist Fire', 'Null Panic']
['Null Panic', 'Counter', 'Stagnant Air', 'Null Fire']
['Resist Fire', 'Null Panic', 'Enradi', 'Counter']
['Counter', 'Ice Break', 'Null Panic', 'Stagnant Air']
['Elec Amp', 'Maragidyne', 'Null Panic', 'Ice Break']
['Amrita', 'Enradi', 'Counter', 'Resist Fire']
['Amrita', 'Mabufula', 'Bufudyne', 'Resist Fire']
['Enradi', 'Ice Break', 'Stagnant Air', 'Null Panic']
['Enradi', 'Counter', 'Null Dark', 'Resist Fire']
['Stagnant Air', 'Enradi', 'Spell Master', 'Null Dark']
['Ice Break', 'Spell Master', 'Enradi', 'Amrita']
['Null Dark', 'Elec Amp', 'Amrita', 'Counter']
['Null Fire', 'Enradi', 'Bufudyne', 'Thunder Reign']
['Mabufula', 'Spell Master', 'Enradi', 'Null Fire']
['Counter', 'Spell Master', 'Amrita', 'Ice Break']
['Null Panic', 'Apt Pupil', 'Enradi', 'Mabufula']
['Elec Amp', 'Amrita', 'Resist Fire', 'Enradi']
['Null Panic', 'Resist Fire', 'Enradi', 'Apt Pupil']
['Null Fire', 'Resist Fire', 'Enradi', 'Null Panic']
['Null Panic', 'Counter', 'Spell Master', 'Resist Fire']
['Stagnant Air', 'Apt Pupil', 'Resist Fire', 'Enradi']
['Ice Break', 'Apt Pupil', 'Elec Amp', 'Resist Fire']
['Null Panic', 'Null Fire', 'Elec Amp', 'Ice Break']
['Null Panic', 'Resist Fire', 'Ice Break', 'Counter']
['Enradi', 'Ice Break', 'Elec Amp', 'Resist Fire']
['Enradi', 'Amrita', 'Counter', 'Apt Pupil']
['Ice Break', 'Null Fire', 'Spell Master', 'Null Dark']
['Mabufula', 'Null Panic', 'Amrita', 'Null Fire']
['Null Panic', 'Null Dark', 'Resist Fire', 'Elec Amp']
['Enradi', 'Ice Break', 'Amrita', 'Null Fire']
['Spell Master', 'Enradi', 'Ice Break', 'Null Fire']
['Ice Break', 'Elec Amp', 'Null Fire', 'Null Dark']
['Ice Break', 'Maziodyne', 'Counter', 'Null Panic']
['Null Panic', 'Apt Pupil', 'Resist Fire', 'Ice Break']
['Enradi', 'Apt Pupil', 'Amrita', 'Spell Master']
['Enradi', 'Stagnant Air', 'Elec Amp', 'Null Dark']
['Null Fire', 'Null Panic', 'Null Dark', 'Counter']
['Resist Fire', 'Null Fire', 'Ice Break', 'Stagnant Air']
['Null Dark', 'Null Fire', 'Maragidyne', 'Maziodyne']
['Mabufula', 'Null Dark', 'Enradi', 'Null Panic']
['Counter', 'Ice Break', 'Null Fire', 'Elec Amp']
['Amrita', 'Null Panic', 'Apt Pupil', 'Megidola']
['Thunder Reign', 'Null Panic', 'Counter', 'Spell Master']
['Null Fire', 'Counter', 'Ice Break', 'Maziodyne']
['Amrita', 'Enradi', 'Ice Break', 'Apt Pupil']
['Elec Amp', 'Amrita', 'Enradi', 'Null Panic']
['Null Dark', 'Enradi', 'Counter', 'Stagnant Air']
['Resist Fire', 'Apt Pupil', 'Enradi', 'Elec Amp']
['Elec Amp', 'Null Dark', 'Null Fire', 'Null Panic']
['Counter', 'Null Panic', 'Elec Amp', 'Null Dark']
['Amrita', 'Ice Break', 'Null Panic', 'Resist Fire']
['Apt Pupil', 'Spell Master', 'Enradi', 'Amrita']
['Mabufula', 'Enradi', 'Elec Amp', 'Resist Fire']
['Ice Break', 'Apt Pupil', 'Counter', 'Resist Fire']
['Null Dark', 'Apt Pupil', 'Spell Master', 'Enradi']
['Ice Break', 'Resist Fire', 'Amrita', 'Bufudyne']
['Null Dark', 'Bufudyne', 'Elec Amp', 'Ice Break']
['Null Dark', 'Stagnant Air', 'Apt Pupil', 'Ice Break']
['Apt Pupil', 'Null Dark', 'Counter', 'Enradi']
['Ice Break', 'Enradi', 'Stagnant Air', 'Spell Master']
['Spell Master', 'Counter', 'Enradi', 'Null Panic']
['Amrita', 'Enradi', 'Elec Amp', 'Resist Fire']
['Counter', 'Enradi', 'Maziodyne', 'Null Dark']
['Apt Pupil', 'Counter', 'Null Panic', 'Stagnant Air']
['Enradi', 'Counter', 'Bufudyne', 'Ice Break']
['Ice Break', 'Null Panic', 'Null Dark', 'Apt Pupil']
['Resist Fire', 'Enradi', 'Maziodyne', 'Apt Pupil']
['Elec Amp', 'Apt Pupil', 'Resist Fire', 'Null Dark']
['Apt Pupil', 'Counter', 'Ice Break', 'Null Panic']
['Counter', 'Spell Master', 'Enradi', 'Null Fire']
['Mabufula', 'Resist Fire', 'Amrita', 'Ice Break']
['Null Dark', 'Enradi', 'Null Fire', 'Amrita']
['Stagnant Air', 'Enradi', 'Null Fire', 'Spell Master']
['Stagnant Air', 'Mabufula', 'Null Panic', 'Amrita']
['Stagnant Air', 'Counter', 'Apt Pupil', 'Ice Break']
['Enradi', 'Ice Break', 'Null Fire', 'Counter']
['Elec Amp', 'Counter', 'Enradi', 'Null Panic']
['Ice Break', 'Elec Amp', 'Null Panic', 'Null Dark']
['Resist Fire', 'Null Panic', 'Mabufula', 'Enradi']
['Resist Fire', 'Enradi', 'Null Fire', 'Ice Break']
['Resist Fire', 'Counter', 'Null Panic', 'Apt Pupil']
['Ice Break', 'Counter', 'Resist Fire', 'Null Panic']
['Null Dark', 'Enradi', 'Null Panic', 'Apt Pupil']
['Apt Pupil', 'Enradi', 'Stagnant Air', 'Amrita']
['Stagnant Air', 'Amrita', 'Null Panic', 'Counter']
['Null Panic', 'Thunder Reign', 'Counter', 'Amrita']
['Null Dark', 'Enradi', 'Maragidyne', 'Apt Pupil']
['Counter', 'Elec Amp', 'Maragidyne', 'Null Dark']
['Enradi', 'Null Fire', 'Maragidyne', 'Null Dark']
['Counter', 'Ice Break', 'Mabufula', 'Enradi']
['Counter', 'Enradi', 'Elec Amp', 'Amrita']
['Null Dark', 'Counter', 'Apt Pupil', 'Spell Master']
['Enradi', 'Ice Break', 'Null Dark', 'Elec Amp']
['Resist Fire', 'Apt Pupil', 'Enradi', 'Ice Break']
['Null Panic', 'Resist Fire', 'Enradi', 'Counter']
['Ice Break', 'Elec Amp', 'Null Dark', 'Enradi']
['Ice Break', 'Amrita', 'Enradi', 'Counter']
['Elec Amp', 'Ice Break', 'Counter', 'Maragidyne']
['Spell Master', 'Ice Break', 'Resist Fire', 'Maziodyne']
['Counter', 'Null Fire', 'Elec Amp', 'Apt Pupil']
['Counter', 'Null Panic', 'Enradi', 'Ice Break']
['Resist Fire', 'Enradi', 'Mabufula', 'Counter']
['Resist Fire', 'Enradi', 'Ice Break', 'Elec Amp']
['Spell Master', 'Null Fire', 'Thunder Reign', 'Null Dark']
['Ice Break', 'Resist Fire', 'Stagnant Air', 'Elec Amp']
['Null Fire', 'Null Dark', 'Resist Fire', 'Null Panic']
['Enradi', 'Elec Amp', 'Amrita', 'Apt Pupil']
['Null Dark', 'Spell Master', 'Counter', 'Elec Amp']
['Ice Break', 'Stagnant Air', 'Null Fire', 'Null Dark']
['Enradi', 'Resist Fire', 'Stagnant Air', 'Null Dark']
['Mabufula', 'Resist Fire', 'Elec Amp', 'Null Fire']
['Resist Fire', 'Enradi', 'Amrita', 'Stagnant Air']
['Resist Fire', 'Null Dark', 'Enradi', 'Null Panic']
['Elec Amp', 'Null Dark', 'Counter', 'Enradi']
['Amrita', 'Megidola', 'Ice Break', 'Apt Pupil']
['Elec Amp', 'Maziodyne', 'Resist Fire', 'Null Fire']
['Enradi', 'Ice Break', 'Resist Fire', 'Null Fire']
['Apt Pupil', 'Null Fire', 'Counter', 'Maragidyne']
['Apt Pupil', 'Enradi', 'Counter', 'Resist Fire']
['Spell Master', 'Null Dark', 'Ice Break', 'Enradi']
['Enradi', 'Null Panic', 'Apt Pupil', 'Stagnant Air']
['Amrita', 'Bufudyne', 'Stagnant Air', 'Null Panic']
['Null Fire', 'Apt Pupil', 'Enradi', 'Counter']
['Elec Amp', 'Null Dark', 'Counter', 'Enradi']
['Counter', 'Resist Fire', 'Null Panic', 'Enradi']
['Counter', 'Ice Break', 'Elec Amp', 'Enradi']
['Ice Break', 'Spell Master', 'Resist Fire', 'Apt Pupil']
['Resist Fire', 'Spell Master', 'Null Panic', 'Mabufula']
['Resist Fire', 'Enradi', 'Null Dark', 'Stagnant Air']
['Null Panic', 'Elec Amp', 'Resist Fire', 'Null Dark']
['Ice Break', 'Counter', 'Enradi', 'Elec Amp']
['Null Fire', 'Enradi', 'Null Panic', 'Counter']
['Amrita', 'Null Fire', 'Enradi', 'Null Panic']
['Ice Break', 'Resist Fire', 'Apt Pupil', 'Null Panic']
['Enradi', 'Megidola', 'Elec Amp', 'Spell Master']
['Spell Master', 'Elec Amp', 'Megidola', 'Null Panic']
['Ice Break', 'Null Fire', 'Enradi', 'Stagnant Air']
['Counter', 'Enradi', 'Ice Break', 'Amrita']
['Apt Pupil', 'Enradi', 'Resist Fire', 'Stagnant Air']
['Enradi', 'Apt Pupil', 'Amrita', 'Null Panic']
['Thunder Reign', 'Ice Break', 'Elec Amp', 'Bufudyne']
['Mabufula', 'Null Fire', 'Ice Break', 'Counter']
['Resist Fire', 'Null Panic', 'Enradi', 'Elec Amp']
['Resist Fire', 'Enradi', 'Maragidyne', 'Null Fire']
['Bufudyne', 'Elec Amp', 'Enradi', 'Resist Fire']
['Enradi', 'Bufudyne', 'Elec Amp', 'Apt Pupil']
['Elec Amp', 'Counter', 'Amrita', 'Spell Master']
['Ice Break', 'Counter', 'Maziodyne', 'Maragidyne']
['Maragidyne', 'Elec Amp', 'Counter', 'Null Panic']
['Amrita', 'Null Dark', 'Elec Amp', 'Spell Master']
['Enradi', 'Maziodyne', 'Megidola', 'Null Fire']
['Amrita', 'Null Panic', 'Enradi', 'Elec Amp']
['Null Fire', 'Null Dark', 'Null Panic', 'Ice Break']
['Stagnant Air', 'Counter', 'Enradi', 'Null Dark']
['Ice Break', 'Null Fire', 'Null Panic', 'Counter']
['Spell Master', 'Apt Pupil', 'Enradi', 'Resist Fire']
['Counter', 'Null Panic', 'Null Fire', 'Amrita']
['Enradi', 'Counter', 'Ice Break', 'Null Dark']
['Counter', 'Enradi', 'Spell Master', 'Null Dark']
['Null Panic', 'Null Fire', 'Ice Break', 'Enradi']
['Null Panic', 'Counter', 'Elec Amp', 'Enradi']
['Counter', 'Ice Break', 'Elec Amp', 'Enradi']
['Apt Pupil', 'Spell Master', 'Null Dark', 'Ice Break']
['Enradi', 'Amrita', 'Ice Break', 'Null Panic']
['Thunder Reign', 'Elec Amp', 'Null Fire', 'Mabufula']
['Maragidyne', 'Elec Amp', 'Apt Pupil', 'Null Panic']
['Enradi', 'Amrita', 'Ice Break', 'Null Fire']
['Counter', 'Ice Break', 'Elec Amp', 'Spell Master']
['Ice Break', 'Null Panic', 'Counter', 'Maragidyne']
['Amrita', 'Null Panic', 'Null Fire', 'Apt Pupil']
['Ice Break', 'Apt Pupil', 'Stagnant Air', 'Null Dark']
['Apt Pupil', 'Enradi', 'Maziodyne', 'Null Fire']
['Ice Break', 'Enradi', 'Null Panic', 'Counter']
['Apt Pupil', 'Elec Amp', 'Counter', 'Stagnant Air']
['Enradi', 'Null Panic', 'Amrita', 'Null Dark']
['Resist Fire', 'Apt Pupil', 'Counter', 'Amrita']
['Amrita', 'Ice Break', 'Null Fire', 'Enradi']
['Null Panic', 'Null Dark', 'Resist Fire', 'Apt Pupil']
['Spell Master', 'Apt Pupil', 'Enradi', 'Ice Break']
['Null Fire', 'Ice Break', 'Counter', 'Elec Amp']
['Counter', 'Amrita', 'Null Dark', 'Ice Break']
['Apt Pupil', 'Mabufula', 'Ice Break', 'Stagnant Air']
['Resist Fire', 'Null Dark', 'Null Panic', 'Maragidyne']
['Elec Amp', 'Ice Break', 'Counter', 'Null Fire']
['Counter', 'Enradi', 'Amrita', 'Null Fire']
['Null Fire', 'Elec Amp', 'Enradi', 'Counter']
['Amrita', 'Null Fire', 'Enradi', 'Elec Amp']
['Enradi', 'Null Dark', 'Ice Break', 'Counter']
['Amrita', 'Counter', 'Enradi', 'Elec Amp']
['Amrita', 'Counter', 'Maragidyne', 'Spell Master']
['Resist Fire', 'Counter', 'Elec Amp', 'Null Dark']
['Elec Amp', 'Mabufula', 'Bufudyne', 'Amrita']
['Elec Amp', 'Counter', 'Resist Fire', 'Null Fire']
['Counter', 'Spell Master', 'Ice Break', 'Apt Pupil']
['Null Panic', 'Null Dark', 'Null Fire', 'Resist Fire']
['Apt Pupil', 'Null Fire', 'Spell Master', 'Elec Amp']
['Null Dark', 'Amrita', 'Null Fire', 'Ice Break']
['Enradi', 'Null Fire', 'Resist Fire', 'Amrita']
['Maziodyne', 'Enradi', 'Null Dark', 'Ice Break']
['Amrita', 'Null Panic', 'Null Fire', 'Enradi']
['Amrita', 'Maziodyne', 'Enradi', 'Null Panic']
['Bufudyne', 'Elec Amp', 'Enradi', 'Apt Pupil']
['Amrita', 'Counter', 'Null Fire', 'Resist Fire']
['Null Dark', 'Null Panic', 'Amrita', 'Enradi']
['Counter', 'Stagnant Air', 'Resist Fire', 'Null Dark']
['Counter', 'Apt Pupil', 'Resist Fire', 'Enradi']
['Resist Fire', 'Counter', 'Enradi', 'Ice Break']
['Spell Master', 'Amrita', 'Null Dark', 'Resist Fire']
['Enradi', 'Apt Pupil', 'Null Dark', 'Spell Master']
['Null Fire', 'Null Panic', 'Spell Master', 'Elec Amp']
['Counter', 'Ice Break', 'Null Fire', 'Enradi']
['Null Dark', 'Resist Fire', 'Counter', 'Null Panic']
['Null Fire', 'Null Panic', 'Counter', 'Resist Fire']
['Spell Master', 'Null Fire', 'Apt Pupil', 'Resist Fire']
['Elec Amp', 'Counter', 'Null Fire', 'Maziodyne']
['Null Panic', 'Counter', 'Enradi', 'Amrita']
['Counter', 'Null Panic', 'Enradi', 'Ice Break']
['Null Fire', 'Null Dark', 'Apt Pupil', 'Enradi']
['Apt Pupil', 'Null Fire', 'Null Dark', 'Elec Amp']
['Null Dark', 'Elec Amp', 'Stagnant Air', 'Amrita']
['Counter', 'Null Dark', 'Enradi', 'Spell Master']
['Counter', 'Ice Break', 'Null Dark', 'Apt Pupil']
['Amrita', 'Elec Amp', 'Null Fire', 'Enradi']
['Megidola', 'Apt Pupil', 'Ice Break', 'Null Dark']
['Resist Fire', 'Enradi', 'Stagnant Air', 'Null Fire']
['Apt Pupil', 'Enradi', 'Null Panic', 'Null Dark']
['Apt Pupil', 'Stagnant Air', 'Amrita', 'Null Dark']
['Null Fire', 'Ice Break', 'Null Panic', 'Enradi']
['Enradi', 'Null Dark', 'Elec Amp', 'Resist Fire']
['Resist Fire', 'Counter', 'Null Fire', 'Null Dark']
['Amrita', 'Maziodyne', 'Counter', 'Null Dark']
['Apt Pupil', 'Resist Fire', 'Ice Break', 'Amrita']
['Counter', 'Apt Pupil', 'Elec Amp', 'Null Dark']
['Ice Break', 'Null Fire', 'Elec Amp', 'Mabufula']
['Counter', 'Amrita', 'Ice Break', 'Mabufula']
['Elec Amp', 'Null Panic', 'Resist Fire', 'Null Fire']
['Megidola', 'Counter', 'Enradi', 'Maragidyne']
['Resist Fire', 'Null Panic', 'Enradi', 'Maragidyne']
['Enradi', 'Resist Fire', 'Ice Break', 'Stagnant Air']
['Maziodyne', 'Enradi', 'Null Panic', 'Null Fire']
['Counter', 'Maziodyne', 'Elec Amp', 'Resist Fire']
['Ice Break', 'Elec Amp', 'Null Panic', 'Enradi']
['Null Fire', 'Counter', 'Null Panic', 'Ice Break']
['Enradi', 'Spell Master', 'Counter', 'Ice Break']
['Null Panic', 'Null Dark', 'Amrita', 'Ice Break']
['Mabufula', 'Counter', 'Enradi', 'Apt Pupil']
['Counter', 'Null Dark', 'Enradi', 'Spell Master']
['Elec Amp', 'Ice Break', 'Amrita', 'Enradi']
['Null Dark', 'Apt Pupil', 'Enradi', 'Amrita']
['Enradi', 'Apt Pupil', 'Resist Fire', 'Null Panic']
['Counter', 'Null Dark', 'Ice Break', 'Amrita']
['Amrita', 'Spell Master', 'Enradi', 'Elec Amp']
['Ice Break', 'Enradi', 'Resist Fire', 'Counter']
['Elec Amp', 'Null Dark', 'Enradi', 'Null Panic']
['Enradi', 'Counter', 'Null Panic', 'Null Fire']
['Resist Fire', 'Counter', 'Mabufula', 'Null Panic']
['Apt Pupil', 'Resist Fire', 'Null Panic', 'Ice Break']
['Enradi', 'Bufudyne', 'Ice Break', 'Elec Amp']
['Enradi', 'Counter', 'Null Fire', 'Null Dark']
['Amrita', 'Null Fire', 'Enradi', 'Thunder Reign']
['Null Fire', 'Enradi', 'Resist Fire', 'Stagnant Air']
['Null Fire', 'Enradi', 'Null Dark', 'Counter']
['Spell Master', 'Null Panic', 'Elec Amp', 'Apt Pupil']
['Enradi', 'Null Fire', 'Null Panic', 'Apt Pupil']
['Null Fire', 'Null Dark', 'Enradi', 'Amrita']
['Resist Fire', 'Null Fire', 'Null Dark', 'Stagnant Air']
['Amrita', 'Null Dark', 'Counter', 'Spell Master']
['Elec Amp', 'Resist Fire', 'Counter', 'Maziodyne']
['Resist Fire', 'Enradi', 'Ice Break', 'Counter']
['Apt Pupil', 'Resist Fire', 'Amrita', 'Elec Amp']
['Null Dark', 'Null Fire', 'Resist Fire', 'Enradi']
['Mabufula', 'Counter', 'Stagnant Air', 'Resist Fire']
['Thunder Reign', 'Enradi', 'Null Dark', 'Spell Master']
['Counter', 'Enradi', 'Elec Amp', 'Resist Fire']
['Apt Pupil', 'Resist Fire', 'Null Fire', 'Ice Break']
['Enradi', 'Spell Master', 'Null Dark', 'Null Panic']
['Enradi', 'Amrita', 'Null Fire', 'Maragidyne']
['Ice Break', 'Resist Fire', 'Null Fire', 'Elec Amp']
['Counter', 'Apt Pupil', 'Null Dark', 'Mabufula']
['Amrita', 'Enradi', 'Ice Break', 'Null Panic']
['Spell Master', 'Ice Break', 'Resist Fire', 'Null Panic']
['Apt Pupil', 'Counter', 'Spell Master', 'Enradi']
['Enradi', 'Megidola', 'Elec Amp', 'Amrita']
['Counter', 'Elec Amp', 'Enradi', 'Null Fire']
['Null Panic', 'Megidola', 'Enradi', 'Null Dark']
['Spell Master', 'Null Fire', 'Maziodyne', 'Amrita']
['Maragidyne', 'Ice Break', 'Elec Amp', 'Enradi']
['Ice Break', 'Stagnant Air', 'Amrita', 'Null Dark']
['Null Fire', 'Amrita', 'Counter', 'Resist Fire']
['Apt Pupil', 'Bufudyne', 'Counter', 'Resist Fire']
['Enradi', 'Apt Pupil', 'Elec Amp', 'Counter']
['Stagnant Air', 'Null Fire', 'Enradi', 'Ice Break']
['Stagnant Air', 'Null Dark', 'Ice Break', 'Enradi']
['Elec Amp', 'Maragidyne', 'Counter', 'Spell Master']
['Elec Amp', 'Resist Fire', 'Enradi', 'Null Dark']
['Ice Break', 'Null Panic', 'Counter', 'Null Dark']
['Amrita', 'Enradi', 'Resist Fire', 'Maragidyne']
['Resist Fire', 'Counter', 'Null Fire', 'Null Dark']
['Resist Fire', 'Elec Amp', 'Counter', 'Apt Pupil']
['Apt Pupil', 'Enradi', 'Counter', 'Megidola']
['Enradi', 'Megidola', 'Apt Pupil', 'Counter']
['Counter', 'Null Fire', 'Enradi', 'Elec Amp']
['Elec Amp', 'Mabufula', 'Null Fire', 'Null Dark']
['Null Dark', 'Amrita', 'Resist Fire', 'Counter']
['Thunder Reign', 'Null Fire', 'Counter', 'Apt Pupil']
['Enradi', 'Counter', 'Resist Fire', 'Null Panic']
['Ice Break', 'Elec Amp', 'Maragidyne', 'Counter']
['Ice Break', 'Resist Fire', 'Apt Pupil', 'Enradi']
['Resist Fire', 'Spell Master', 'Elec Amp', 'Enradi']
['Ice Break', 'Enradi', 'Null Panic', 'Elec Amp']
['Ice Break', 'Enradi', 'Null Fire', 'Resist Fire']
['Elec Amp', 'Enradi', 'Spell Master', 'Bufudyne']
['Megidola', 'Ice Break', 'Amrita', 'Null Panic']
['Counter', 'Elec Amp', 'Null Fire', 'Enradi']
['Elec Amp', 'Counter', 'Resist Fire', 'Enradi']
['Counter', 'Ice Break', 'Enradi', 'Maziodyne']
['Counter', 'Enradi', 'Apt Pupil', 'Amrita']
['Enradi', 'Counter', 'Null Dark', 'Ice Break']
['Apt Pupil', 'Null Dark', 'Spell Master', 'Elec Amp']
['Counter', 'Amrita', 'Elec Amp', 'Ice Break']
['Enradi', 'Counter', 'Null Panic', 'Amrita']
['Enradi', 'Elec Amp', 'Amrita', 'Counter']
['Resist Fire', 'Counter', 'Thunder Reign', 'Apt Pupil']
['Null Fire', 'Null Dark', 'Amrita', 'Null Panic']
['Stagnant Air', 'Ice Break', 'Elec Amp', 'Null Fire']
['Null Panic', 'Stagnant Air', 'Amrita', 'Bufudyne']
['Amrita', 'Apt Pupil', 'Ice Break', 'Null Panic']
['Resist Fire', 'Enradi', 'Maziodyne', 'Elec Amp']
['Apt Pupil', 'Elec Amp', 'Enradi', 'Counter']
['Enradi', 'Resist Fire', 'Apt Pupil', 'Counter']
['Counter', 'Elec Amp', 'Amrita', 'Null Fire']
['Enradi', 'Thunder Reign', 'Resist Fire', 'Null Dark']
['Null Panic', 'Null Fire', 'Null Dark', 'Amrita']
['Counter', 'Spell Master', 'Null Panic', 'Apt Pupil']
['Null Dark', 'Enradi', 'Elec Amp', 'Resist Fire']
['Counter', 'Resist Fire', 'Enradi', 'Null Dark']
['Apt Pupil', 'Elec Amp', 'Null Dark', 'Megidola']
['Amrita', 'Maragidyne', 'Apt Pupil', 'Ice Break']
['Ice Break', 'Counter', 'Null Panic', 'Amrita']
['Megidola', 'Elec Amp', 'Counter', 'Spell Master']
['Ice Break', 'Enradi', 'Null Panic', 'Elec Amp']
['Resist Fire', 'Elec Amp', 'Counter', 'Null Panic']
['Null Panic', 'Megidola', 'Null Fire', 'Counter']
['Apt Pupil', 'Thunder Reign', 'Elec Amp', 'Enradi']
['Enradi', 'Ice Break', 'Bufudyne', 'Resist Fire']
['Counter', 'Null Dark', 'Amrita', 'Resist Fire']
['Counter', 'Enradi', 'Null Panic', 'Null Fire']
['Apt Pupil', 'Null Panic', 'Null Fire', 'Counter']
['Null Dark', 'Maziodyne', 'Apt Pupil', 'Ice Break']
['Enradi', 'Amrita', 'Spell Master', 'Elec Amp']
['Null Panic', 'Amrita', 'Ice Break', 'Enradi']
['Enradi', 'Null Panic', 'Null Dark', 'Amrita']
['Ice Break', 'Counter', 'Enradi', 'Resist Fire']
['Thunder Reign', 'Counter', 'Null Dark', 'Ice Break']
['Enradi', 'Elec Amp', 'Null Panic', 'Null Fire']
['Null Panic', 'Resist Fire', 'Amrita', 'Null Fire']
['Spell Master', 'Apt Pupil', 'Enradi', 'Counter']
['Enradi', 'Counter', 'Null Panic', 'Null Dark']
['Counter', 'Bufudyne', 'Resist Fire', 'Enradi']
['Enradi', 'Null Dark', 'Apt Pupil', 'Counter']
['Amrita', 'Null Panic', 'Ice Break', 'Resist Fire']
['Null Dark', 'Counter', 'Mabufula', 'Null Panic']
['Enradi', 'Resist Fire', 'Elec Amp', 'Counter']
['Spell Master', 'Enradi', 'Counter', 'Amrita']
['Stagnant Air', 'Ice Break', 'Elec Amp', 'Spell Master']
['Enradi', 'Amrita', 'Counter', 'Ice Break']
['Resist Fire', 'Enradi', 'Null Panic', 'Megidola']
['Enradi', 'Resist Fire', 'Ice Break', 'Apt Pupil']
['Stagnant Air', 'Null Dark', 'Resist Fire', 'Enradi']
['Enradi', 'Resist Fire', 'Null Panic', 'Null Dark']
['Enradi', 'Maziodyne', 'Ice Break', 'Elec Amp']
['Resist Fire', 'Elec Amp', 'Enradi', 'Maziodyne']
['Null Panic', 'Spell Master', 'Counter', 'Ice Break']
['Resist Fire', 'Enradi', 'Null Dark', 'Maragidyne']
['Null Panic', 'Thunder Reign', 'Maziodyne', 'Resist Fire']
['Resist Fire', 'Null Panic', 'Enradi', 'Null Fire']
['Ice Break', 'Amrita', 'Mabufula', 'Null Dark']
['Null Panic', 'Enradi', 'Ice Break', 'Bufudyne']
['Null Dark', 'Null Fire', 'Maziodyne', 'Spell Master']
['Bufudyne', 'Enradi', 'Ice Break', 'Resist Fire']
['Elec Amp', 'Amrita', 'Null Fire', 'Ice Break']
['Elec Amp', 'Enradi', 'Counter', 'Spell Master']
['Apt Pupil', 'Amrita', 'Ice Break', 'Enradi']
['Amrita', 'Resist Fire', 'Counter', 'Elec Amp']
['Elec Amp', 'Spell Master', 'Counter', 'Enradi']
['Ice Break', 'Enradi', 'Spell Master', 'Null Dark']
['Enradi', 'Ice Break', 'Apt Pupil', 'Resist Fire']
['Elec Amp', 'Enradi', 'Counter', 'Null Fire']
['Enradi', 'Resist Fire', 'Ice Break', 'Null Panic']
['Null Panic', 'Amrita', 'Bufudyne', 'Elec Amp']
['Maziodyne', 'Stagnant Air', 'Ice Break', 'Null Panic']
['Enradi', 'Null Fire', 'Megidola', 'Apt Pupil']
['Enradi', 'Resist Fire', 'Null Panic', 'Apt Pupil']
['Null Fire', 'Null Dark', 'Elec Amp', 'Counter']
['Counter', 'Resist Fire', 'Enradi', 'Maziodyne']
['Null Panic', 'Elec Amp', 'Maziodyne', 'Ice Break']
['Enradi', 'Null Panic', 'Stagnant Air', 'Elec Amp']
['Elec Amp', 'Enradi', 'Resist Fire', 'Counter']
['Counter', 'Mabufula', 'Null Panic', 'Resist Fire']
['Spell Master', 'Null Dark', 'Ice Break', 'Enradi']
['Apt Pupil', 'Ice Break', 'Null Panic', 'Enradi']
['Elec Amp', 'Enradi', 'Mabufula', 'Ice Break']
['Counter', 'Null Dark', 'Ice Break', 'Null Fire']
['Enradi', 'Null Panic', 'Bufudyne', 'Null Fire']
['Elec Amp', 'Null Dark', 'Enradi', 'Amrita']
['Enradi', 'Apt Pupil', 'Bufudyne', 'Null Dark']
['Elec Amp', 'Enradi', 'Megidola', 'Null Dark']
['Enradi', 'Counter', 'Resist Fire', 'Amrita']
['Null Fire', 'Amrita', 'Enradi', 'Resist Fire']
['Null Fire', 'Spell Master', 'Maragidyne', 'Null Dark']
['Null Panic', 'Enradi', 'Amrita', 'Elec Amp']
['Enradi', 'Spell Master', 'Null Fire', 'Amrita']
['Enradi', 'Null Panic', 'Elec Amp', 'Resist Fire']
['Elec Amp', 'Spell Master', 'Null Panic', 'Counter']
['Resist Fire', 'Ice Break', 'Elec Amp', 'Counter']
['Null Fire', 'Apt Pupil', 'Amrita', 'Elec Amp']
['Elec Amp', 'Null Panic', 'Resist Fire', 'Apt Pupil']
['Counter', 'Megidola', 'Elec Amp', 'Null Dark']
['Null Panic', 'Null Fire', 'Mabufula', 'Elec Amp']
['Ice Break', 'Counter', 'Null Panic', 'Bufudyne']
['Elec Amp', 'Ice Break', 'Resist Fire', 'Null Fire']
['Resist Fire', 'Null Fire', 'Counter', 'Spell Master']
['Enradi', 'Null Panic', 'Elec Amp', 'Thunder Reign']
['Ice Break', 'Elec Amp', 'Resist Fire', 'Null Dark']
['Counter', 'Resist Fire', 'Null Fire', 'Elec Amp']
['Enradi', 'Counter', 'Resist Fire', 'Null Panic']
['Ice Break', 'Maragidyne', 'Elec Amp', 'Null Dark']
['Elec Amp', 'Ice Break', 'Enradi', 'Null Panic']
['Resist Fire', 'Enradi', 'Apt Pupil', 'Counter']
['Apt Pupil', 'Null Panic', 'Elec Amp', 'Counter']
['Elec Amp', 'Resist Fire', 'Null Fire', 'Spell Master']
['Null Dark', 'Null Panic', 'Null Fire', 'Elec Amp']
['Counter', 'Mabufula', 'Enradi', 'Resist Fire']
['Elec Amp', 'Enradi', 'Null Dark', 'Resist Fire']
['Resist Fire', 'Null Dark', 'Enradi', 'Counter']
['Null Dark', 'Bufudyne', 'Maragidyne', 'Enradi']
['Ice Break', 'Spell Master', 'Counter', 'Resist Fire']
['Resist Fire', 'Null Dark', 'Null Fire', 'Null Panic']
['Enradi', 'Bufudyne', 'Null Dark', 'Elec Amp']
['Enradi', 'Mabufula', 'Counter', 'Amrita']
['Null Panic', 'Null Fire', 'Enradi', 'Resist Fire']
['Counter', 'Null Dark', 'Enradi', 'Resist Fire']
['Ice Break', 'Enradi', 'Null Fire', 'Apt Pupil']
['Counter', 'Null Fire', 'Amrita', 'Enradi']
['Resist Fire', 'Maziodyne', 'Enradi', 'Bufudyne']
['Null Panic', 'Resist Fire', 'Amrita', 'Ice Break']
['Enradi', 'Apt Pupil', 'Ice Break', 'Counter']
['Enradi', 'Elec Amp', 'Mabufula', 'Amrita']
['Enradi', 'Counter', 'Null Dark', 'Null Fire']
['Null Dark', 'Null Fire', 'Null Panic', 'Resist Fire']
['Resist Fire', 'Null Fire', 'Null Dark', 'Elec Amp']
['Enradi', 'Resist Fire', 'Ice Break', 'Elec Amp']
['Apt Pupil', 'Enradi', 'Spell Master', 'Ice Break']
['Resist Fire', 'Counter', 'Ice Break', 'Amrita']
['Counter', 'Spell Master', 'Resist Fire', 'Amrita']
['Ice Break', 'Null Panic', 'Null Dark', 'Maziodyne']
['Counter', 'Resist Fire', 'Spell Master', 'Enradi']
['Spell Master', 'Counter', 'Enradi', 'Null Fire']
['Ice Break', 'Elec Amp', 'Null Panic', 'Counter']
['Enradi', 'Counter', 'Resist Fire', 'Maziodyne']
['Resist Fire', 'Elec Amp', 'Counter', 'Ice Break']
['Null Dark', 'Megidola', 'Enradi', 'Null Panic']
['Apt Pupil', 'Enradi', 'Ice Break', 'Null Dark']
['Mabufula', 'Enradi', 'Null Panic', 'Maragidyne']
['Amrita', 'Apt Pupil', 'Enradi', 'Null Dark']
['Counter', 'Apt Pupil', 'Enradi', 'Elec Amp']
['Null Panic', 'Apt Pupil', 'Stagnant Air', 'Elec Amp']
['Enradi', 'Null Dark', 'Spell Master', 'Resist Fire']
['Resist Fire', 'Null Panic', 'Enradi', 'Counter']
['Amrita', 'Ice Break', 'Counter', 'Elec Amp']
['Elec Amp', 'Counter', 'Null Panic', 'Apt Pupil']
['Null Panic', 'Elec Amp', 'Null Fire', 'Amrita']
['Enradi', 'Amrita', 'Resist Fire', 'Null Dark']
['Enradi', 'Null Panic', 'Resist Fire', 'Ice Break']
['Amrita', 'Counter', 'Resist Fire', 'Apt Pupil']
['Null Fire', 'Resist Fire', 'Spell Master', 'Elec Amp']
['Apt Pupil', 'Null Fire', 'Null Dark', 'Enradi']
['Enradi', 'Resist Fire', 'Apt Pupil', 'Counter']
['Stagnant Air', 'Counter', 'Resist Fire', 'Enradi']
['Ice Break', 'Enradi', 'Stagnant Air', 'Resist Fire']
['Amrita', 'Counter', 'Resist Fire', 'Null Panic']
['Counter', 'Null Dark', 'Elec Amp', 'Enradi']
['Enradi', 'Maziodyne', 'Elec Amp', 'Resist Fire']
['Counter', 'Null Fire', 'Spell Master', 'Megidola']
['Bufudyne', 'Ice Break', 'Enradi', 'Apt Pupil']
['Enradi', 'Counter', 'Thunder Reign', 'Megidola']
['Elec Amp', 'Ice Break', 'Enradi', 'Bufudyne']
['Ice Break', 'Enradi', 'Apt Pupil', 'Null Panic']
['Bufudyne', 'Elec Amp', 'Ice Break', 'Enradi']
['Ice Break', 'Null Fire', 'Spell Master', 'Amrita']
['Resist Fire', 'Stagnant Air', 'Enradi', 'Null Panic']
['Amrita', 'Apt Pupil', 'Ice Break', 'Null Fire']
['Null Panic', 'Bufudyne', 'Null Dark', 'Enradi']
['Null Fire', 'Counter', 'Elec Amp', 'Enradi']
['Resist Fire', 'Amrita', 'Enradi', 'Null Dark']
['Elec Amp', 'Null Panic', 'Enradi', 'Null Dark']
