['Resist Dark', 'Maragi', 'Provoke', 'Counterstrike', 'Rakunda']
['Virus Breath', 'Maragi', 'Hamaon', 'Provoke', 'Mahamaon']
['Dekaja', 'Hama Boost', 'Maragi', 'Null Light', 'Provoke']
['Ailment Boost', 'Maragi', 'Rebellion', 'Tentarafoo', 'Provoke']
['Foul Breath', 'Mediarahan', 'Maragi', 'Sexy Dance', 'Mahamaon']
['Rebellion', 'Maragi', 'Hamaon', 'Mudoon', 'Counterstrike']
['Provoke', 'Virus Breath', 'Maragi', 'Dekaja', 'Hama Boost']
['Maragi', 'Rebellion', 'Provoke', 'Tentarafoo', 'Mahamaon']
['Maragi', 'Resist Dark', 'Mudoon', 'Null Light', 'Rakunda']
['Resist Dark', 'Maragi', 'Recarmdra', 'Mahamaon', 'Rebellion']
['Dekaja', 'Counterstrike', 'Rakunda', 'Maragi', 'Mahamaon']
['Virus Breath', 'Hamaon', 'Null Light', 'Maragi', 'Provoke']
['Mudoon', 'Hamaon', 'Tentarafoo', 'Rakunda', 'Maragi']
['Dekaja', 'Maragi', 'Tentarafoo', 'Rebellion', 'Provoke']
['Maragi', 'Provoke', 'Rakunda', 'Rebellion', 'Null Light']
['Maragi', 'Mahamaon', 'Mudoon', 'Mediarahan', 'Resist Dark']
['Hamaon', 'Tentarafoo', 'Rakunda', 'Mudoon', 'Rebellion']
['Hamaon', 'Null Light', 'Sexy Dance', 'Rakunda', 'Maragi']
['Kill Rush', 'Maragi', 'Dekaja', 'Tentarafoo', 'Resist Dark']
['Mahamaon', 'Mudoon', 'Maragi', 'Tentarafoo', 'Rakunda']
['Maragi', 'Mediarahan', 'Rebellion', 'Mudoon', 'Sexy Dance']
['Mahamaon', 'Maragi', 'Rebellion', 'Hama Boost', 'Virus Breath']
['Maragi', 'Rebellion', 'Provoke', 'Foul Breath', 'Rakunda']
['Maragi', 'Sexy Dance', 'Rakunda', 'Null Light', 'Provoke']
['Mudoon', 'Foul Breath', 'Mahamaon', 'Null Light', 'Maragi']
['Ailment Boost', 'Tentarafoo', 'Rakunda', 'Rebellion', 'Maragi']
['Rakunda', 'Maragi', 'Dekaja', 'Rebellion', 'Resist Dark']
['Sexy Dance', 'Resist Dark', 'Maragi', 'Rebellion', 'Mahamaon']
['Maragi', 'Virus Breath', 'Provoke', 'Kill Rush', 'Recarmdra']
['Rakunda', 'Maragi', 'Rebellion', 'Sexy Dance', 'Resist Dark']
['Mahamaon', 'Dekaja', 'Maragi', 'Counterstrike', 'Ailment Boost']
['Hama Boost', 'Mahamaon', 'Resist Dark', 'Kill Rush', 'Maragi']
['Maragi', 'Sexy Dance', 'Tentarafoo', 'Rakunda', 'Hama Boost']
['Maragi', 'Dekaja', 'Virus Breath', 'Sexy Dance', 'Rebellion']
['Maragi', 'Hamaon', 'Provoke', 'Counterstrike', 'Dekaja']
['Maragi', 'Provoke', 'Mahamaon', 'Rakunda', 'Foul Breath']
['Maragi', 'Dekaja', 'Recarmdra', 'Null Light', 'Provoke']
['Rebellion', 'Hama Boost', 'Maragi', 'Resist Dark', 'Rakunda']
['Hamaon', 'Maragi', 'Resist Dark', 'Rebellion', 'Hama Boost']
['Counterstrike', 'Maragi', 'Hamaon', 'Hama Boost', 'Dekaja']
['Mudoon', 'Rebellion', 'Tentarafoo', 'Maragi', 'Rakunda']
['Virus Breath', 'Mudoon', 'Rakunda', 'Maragi', 'Provoke']
['Maragi', 'Provoke', 'Counterstrike', 'Hamaon', 'Tentarafoo']
['Maragi', 'Rebellion', 'Rakunda', 'Virus Breath', 'Provoke']
['Maragi', 'Hamaon', 'Resist Dark', 'Kill Rush', 'Mudoon']
['Provoke', 'Maragi', 'Mudoon', 'Rebellion', 'Counterstrike']
['Maragi', 'Tentarafoo', 'Provoke', 'Rakunda', 'Rebellion']
['Maragi', 'Rakunda', 'Mudoon', 'Virus Breath', 'Hama Boost']
['Rebellion', 'Counterstrike', 'Hamaon', 'Maragi', 'Resist Dark']
['Maragi', 'Dekaja', 'Null Light', 'Resist Dark', 'Rebellion']
['Maragi', 'Recarmdra', 'Mahamaon', 'Mudoon', 'Mediarahan']
['Maragi', 'Rakunda', 'Hama Boost', 'Resist Dark', 'Rebellion']
['Maragi', 'Recarmdra', 'Kill Rush', 'Rebellion', 'Hama Boost']
['Recarmdra', 'Provoke', 'Mediarahan', 'Maragi', 'Hamaon']
['Hamaon', 'Maragi', 'Tentarafoo', 'Counterstrike', 'Mediarahan']
['Provoke', 'Maragi', 'Kill Rush', 'Rebellion', 'Sexy Dance']
['Provoke', 'Tentarafoo', 'Maragi', 'Counterstrike', 'Rakunda']
['Maragi', 'Hama Boost', 'Rebellion', 'Hamaon', 'Rakunda']
['Maragi', 'Mahamaon', 'Hama Boost', 'Virus Breath', 'Rebellion']
['Maragi', 'Tentarafoo', 'Mudoon', 'Hamaon', 'Provoke']
['Maragi', 'Null Light', 'Mudoon', 'Rakunda', 'Rebellion']
['Maragi', 'Provoke', 'Resist Dark', 'Mudoon', 'Hamaon']
['Maragi', 'Provoke', 'Sexy Dance', 'Hama Boost', 'Ailment Boost']
['Maragi', 'Dekaja', 'Foul Breath', 'Null Light', 'Hamaon']
['Sexy Dance', 'Rakunda', 'Mudoon', 'Rebellion', 'Maragi']
['Rakunda', 'Maragi', 'Rebellion', 'Mahamaon', 'Virus Breath']
['Maragi', 'Sexy Dance', 'Hamaon', 'Hama Boost', 'Resist Dark']
['Hama Boost', 'Null Light', 'Resist Dark', 'Ailment Boost', 'Maragi']
['Dekaja', 'Rakunda', 'Maragi', 'Hamaon', 'Rebellion']
['Maragi', 'Null Light', 'Mahamaon', 'Dekaja', 'Resist Dark']
['Maragi', 'Rebellion', 'Dekaja', 'Null Light', 'Hama Boost']
['Maragi', 'Rebellion', 'Tentarafoo', 'Rakunda', 'Sexy Dance']
['Maragi', 'Hama Boost', 'Rakunda', 'Counterstrike', 'Provoke']
['Rebellion', 'Maragi', 'Mediarahan', 'Rakunda', 'Ailment Boost']
['Maragi', 'Dekaja', 'Rebellion', 'Mahamaon', 'Sexy Dance']
['Recarmdra', 'Maragi', 'Provoke', 'Rakunda', 'Hama Boost']
['Sexy Dance', 'Maragi', 'Rebellion', 'Mediarahan', 'Provoke']
['Sexy Dance', 'Null Light', 'Maragi', 'Tentarafoo', 'Rakunda']
['Dekaja', 'Foul Breath', 'Maragi', 'Ailment Boost', 'Sexy Dance']
['Maragi', 'Null Light', 'Dekaja', 'Provoke', 'Rakunda']
['Rebellion', 'Provoke', 'Maragi', 'Counterstrike', 'Null Light']
['Maragi', 'Counterstrike', 'Sexy Dance', 'Mahamaon', 'Rakunda']
['Hamaon', 'Virus Breath', 'Ailment Boost', 'Maragi', 'Rakunda']
['Maragi', 'Provoke', 'Sexy Dance', 'Hama Boost', 'Counterstrike']
['Maragi', 'Sexy Dance', 'Recarmdra', 'Tentarafoo', 'Rakunda']
['Rakunda', 'Hamaon', 'Maragi', 'Virus Breath', 'Resist Dark']
['Maragi', 'Virus Breath', 'Hamaon', 'Sexy Dance', 'Rebellion']
['Resist Dark', 'Maragi', 'Provoke', 'Virus Breath', 'Mahamaon']
['Rakunda', 'Null Light', 'Dekaja', 'Maragi', 'Sexy Dance']
['Dekaja', 'Rakunda', 'Provoke', 'Maragi', 'Rebellion']
['Maragi', 'Mahamaon', 'Counterstrike', 'Hama Boost', 'Mudoon']
['Tentarafoo', 'Sexy Dance', 'Maragi', 'Hamaon', 'Dekaja']
['Rakunda', 'Maragi', 'Mudoon', 'Resist Dark', 'Sexy Dance']
['Sexy Dance', 'Maragi', 'Tentarafoo', 'Null Light', 'Mediarahan']
['Hama Boost', 'Provoke', 'Resist Dark', 'Tentarafoo', 'Maragi']
['Maragi', 'Rakunda', 'Hama Boost', 'Resist Dark', 'Tentarafoo']
['Maragi', 'Tentarafoo', 'Hamaon', 'Dekaja', 'Provoke']
['Mudoon', 'Maragi', 'Provoke', 'Mahamaon', 'Recarmdra']
['Maragi', 'Mudoon', 'Hama Boost', 'Rakunda', 'Tentarafoo']
['Maragi', 'Hamaon', 'Rebellion', 'Sexy Dance', 'Resist Dark']
['Hamaon', 'Rakunda', 'Maragi', 'Rebellion', 'Hama Boost']
['Dekaja', 'Mediarahan', 'Sexy Dance', 'Rakunda', 'Rebellion']
['Mediarahan', 'Ailment Boost', 'Tentarafoo', 'Mudoon', 'Null Light']
['Provoke', 'Ailment Boost', 'Rakunda', 'Tentarafoo', 'Maragi']
['Rebellion', 'Virus Breath', 'Resist Dark', 'Sexy Dance', 'Maragi']
['Sexy Dance', 'Maragi', 'Ailment Boost', 'Hama Boost', 'Dekaja']
['Maragi', 'Sexy Dance', 'Resist Dark', 'Hama Boost', 'Kill Rush']
['Rakunda', 'Maragi', 'Recarmdra', 'Ailment Boost', 'Rebellion']
['Resist Dark', 'Virus Breath', 'Maragi', 'Rebellion', 'Sexy Dance']
['Maragi', 'Rakunda', 'Counterstrike', 'Rebellion', 'Provoke']
['Maragi', 'Rakunda', 'Sexy Dance', 'Provoke', 'Mudoon']
['Maragi', 'Virus Breath', 'Null Light', 'Hama Boost', 'Provoke']
['Maragi', 'Null Light', 'Mahamaon', 'Rakunda', 'Tentarafoo']
['Maragi', 'Resist Dark', 'Provoke', 'Rebellion', 'Tentarafoo']
['Hamaon', 'Dekaja', 'Maragi', 'Sexy Dance', 'Tentarafoo']
['Virus Breath', 'Provoke', 'Hamaon', 'Rebellion', 'Sexy Dance']
['Maragi', 'Rebellion', 'Rakunda', 'Hama Boost', 'Provoke']
['Maragi', 'Provoke', 'Recarmdra', 'Resist Dark', 'Hamaon']
['Maragi', 'Rakunda', 'Sexy Dance', 'Rebellion', 'Resist Dark']
['Rakunda', 'Sexy Dance', 'Provoke', 'Maragi', 'Hamaon']
['Resist Dark', 'Hamaon', 'Rakunda', 'Counterstrike', 'Mahamaon']
['Maragi', 'Rebellion', 'Counterstrike', 'Hamaon', 'Rakunda']
['Tentarafoo', 'Provoke', 'Counterstrike', 'Maragi', 'Mudoon']
['Ailment Boost', 'Rebellion', 'Maragi', 'Mudoon', 'Kill Rush']
['Mediarahan', 'Maragi', 'Rebellion', 'Kill Rush', 'Mudoon']
['Mudoon', 'Ailment Boost', 'Maragi', 'Rakunda', 'Counterstrike']
['Provoke', 'Maragi', 'Rakunda', 'Mudoon', 'Mahamaon']
['Resist Dark', 'Rakunda', 'Rebellion', 'Mahamaon', 'Maragi']
['Virus Breath', 'Maragi', 'Hamaon', 'Resist Dark', 'Tentarafoo']
['Foul Breath', 'Rebellion', 'Maragi', 'Rakunda', 'Hama Boost']
['Null Light', 'Hama Boost', 'Ailment Boost', 'Rakunda', 'Mahamaon']
['Maragi', 'Rebellion', 'Hama Boost', 'Rakunda', 'Resist Dark']
['Counterstrike', 'Ailment Boost', 'Maragi', 'Rebellion', 'Mahamaon']
['Mudoon', 'Rebellion', 'Maragi', 'Rakunda', 'Hama Boost']
['Hamaon', 'Rebellion', 'Provoke', 'Maragi', 'Mudoon']
['Maragi', 'Mahamaon', 'Null Light', 'Counterstrike', 'Resist Dark']
['Rakunda', 'Tentarafoo', 'Kill Rush', 'Sexy Dance', 'Maragi']
['Maragi', 'Rebellion', 'Rakunda', 'Dekaja', 'Hama Boost']
['Provoke', 'Maragi', 'Recarmdra', 'Null Light', 'Tentarafoo']
['Maragi', 'Provoke', 'Foul Breath', 'Mediarahan', 'Tentarafoo']
['Maragi', 'Rebellion', 'Resist Dark', 'Mediarahan', 'Hama Boost']
['Maragi', 'Provoke', 'Rebellion', 'Null Light', 'Mudoon']
['Mahamaon', 'Hamaon', 'Maragi', 'Rakunda', 'Sexy Dance']
['Maragi', 'Tentarafoo', 'Rebellion', 'Rakunda', 'Hama Boost']
['Maragi', 'Recarmdra', 'Resist Dark', 'Mahamaon', 'Rebellion']
['Tentarafoo', 'Hamaon', 'Maragi', 'Ailment Boost', 'Recarmdra']
['Rebellion', 'Resist Dark', 'Dekaja', 'Counterstrike', 'Kill Rush']
['Null Light', 'Hama Boost', 'Provoke', 'Sexy Dance', 'Maragi']
['Maragi', 'Null Light', 'Counterstrike', 'Rebellion', 'Rakunda']
['Rebellion', 'Maragi', 'Null Light', 'Sexy Dance', 'Provoke']
['Hama Boost', 'Sexy Dance', 'Maragi', 'Counterstrike', 'Virus Breath']
['Mediarahan', 'Rebellion', 'Virus Breath', 'Ailment Boost', 'Maragi']
['Mahamaon', 'Maragi', 'Virus Breath', 'Foul Breath', 'Provoke']
['Maragi', 'Rebellion', 'Sexy Dance', 'Provoke', 'Mediarahan']
['Rebellion', 'Tentarafoo', 'Maragi', 'Dekaja', 'Sexy Dance']
['Recarmdra', 'Maragi', 'Kill Rush', 'Dekaja', 'Sexy Dance']
['Maragi', 'Sexy Dance', 'Mahamaon', 'Mudoon', 'Rakunda']
['Mudoon', 'Counterstrike', 'Rebellion', 'Maragi', 'Null Light']
['Maragi', 'Dekaja', 'Rebellion', 'Mudoon', 'Tentarafoo']
['Maragi', 'Provoke', 'Ailment Boost', 'Resist Dark', 'Recarmdra']
['Maragi', 'Counterstrike', 'Hama Boost', 'Null Light', 'Mudoon']
['Mudoon', 'Rebellion', 'Tentarafoo', 'Maragi', 'Provoke']
['Dekaja', 'Maragi', 'Ailment Boost', 'Rebellion', 'Mediarahan']
['Maragi', 'Foul Breath', 'Hama Boost', 'Mahamaon', 'Rebellion']
['Mudoon', 'Maragi', 'Mediarahan', 'Hamaon', 'Null Light']
['Rakunda', 'Provoke', 'Counterstrike', 'Maragi', 'Dekaja']
['Maragi', 'Mahamaon', 'Sexy Dance', 'Mudoon', 'Provoke']
['Sexy Dance', 'Maragi', 'Tentarafoo', 'Rakunda', 'Foul Breath']
['Maragi', 'Virus Breath', 'Ailment Boost', 'Rebellion', 'Foul Breath']
['Maragi', 'Provoke', 'Counterstrike', 'Hama Boost', 'Resist Dark']
['Provoke', 'Maragi', 'Virus Breath', 'Tentarafoo', 'Mediarahan']
['Maragi', 'Rakunda', 'Mudoon', 'Counterstrike', 'Mahamaon']
['Rakunda', 'Maragi', 'Rebellion', 'Sexy Dance', 'Hamaon']
['Ailment Boost', 'Tentarafoo', 'Maragi', 'Mudoon', 'Kill Rush']
['Maragi', 'Provoke', 'Counterstrike', 'Virus Breath', 'Hama Boost']
['Rakunda', 'Maragi', 'Ailment Boost', 'Sexy Dance', 'Mahamaon']
['Maragi', 'Resist Dark', 'Mahamaon', 'Provoke', 'Counterstrike']
['Sexy Dance', 'Provoke', 'Maragi', 'Mediarahan', 'Foul Breath']
['Ailment Boost', 'Counterstrike', 'Mahamaon', 'Hamaon', 'Rakunda']
['Mahamaon', 'Sexy Dance', 'Maragi', 'Virus Breath', 'Mediarahan']
['Tentarafoo', 'Counterstrike', 'Maragi', 'Rakunda', 'Hamaon']
['Provoke', 'Maragi', 'Tentarafoo', 'Hamaon', 'Sexy Dance']
['Maragi', 'Mudoon', 'Sexy Dance', 'Hamaon', 'Provoke']
['Maragi', 'Ailment Boost', 'Rakunda', 'Sexy Dance', 'Rebellion']
['Sexy Dance', 'Rebellion', 'Maragi', 'Hama Boost', 'Dekaja']
['Resist Dark', 'Maragi', 'Hama Boost', 'Virus Breath', 'Provoke']
['Maragi', 'Hama Boost', 'Rebellion', 'Hamaon', 'Kill Rush']
['Null Light', 'Maragi', 'Provoke', 'Rakunda', 'Mahamaon']
['Maragi', 'Resist Dark', 'Provoke', 'Rakunda', 'Rebellion']
['Sexy Dance', 'Maragi', 'Resist Dark', 'Null Light', 'Hama Boost']
['Maragi', 'Mahamaon', 'Rebellion', 'Tentarafoo', 'Provoke']
['Maragi', 'Provoke', 'Hamaon', 'Hama Boost', 'Mudoon']
['Maragi', 'Mahamaon', 'Sexy Dance', 'Counterstrike', 'Provoke']
['Null Light', 'Maragi', 'Ailment Boost', 'Rebellion', 'Resist Dark']
['Null Light', 'Counterstrike', 'Maragi', 'Rakunda', 'Dekaja']
['Rakunda', 'Provoke', 'Resist Dark', 'Maragi', 'Rebellion']
['Virus Breath', 'Resist Dark', 'Maragi', 'Provoke', 'Rebellion']
['Maragi', 'Mahamaon', 'Resist Dark', 'Sexy Dance', 'Rakunda']
['Resist Dark', 'Rakunda', 'Maragi', 'Sexy Dance', 'Hamaon']
['Maragi', 'Kill Rush', 'Dekaja', 'Hamaon', 'Provoke']
['Mediarahan', 'Maragi', 'Counterstrike', 'Rakunda', 'Mahamaon']
['Maragi', 'Recarmdra', 'Hama Boost', 'Null Light', 'Sexy Dance']
['Provoke', 'Maragi', 'Rakunda', 'Rebellion', 'Sexy Dance']
['Maragi', 'Provoke', 'Sexy Dance', 'Dekaja', 'Rebellion']
['Counterstrike', 'Sexy Dance', 'Maragi', 'Rakunda', 'Resist Dark']
['Virus Breath', 'Counterstrike', 'Maragi', 'Resist Dark', 'Kill Rush']
['Maragi', 'Mahamaon', 'Mudoon', 'Resist Dark', 'Mediarahan']
['Maragi', 'Rakunda', 'Provoke', 'Dekaja', 'Mediarahan']
['Virus Breath', 'Hamaon', 'Sexy Dance', 'Rakunda', 'Maragi']
['Maragi', 'Provoke', 'Dekaja', 'Ailment Boost', 'Tentarafoo']
['Provoke', 'Rebellion', 'Maragi', 'Hamaon', 'Dekaja']
['Maragi', 'Rebellion', 'Rakunda', 'Resist Dark', 'Tentarafoo']
['Maragi', 'Dekaja', 'Mediarahan', 'Virus Breath', 'Hamaon']
['Maragi', 'Rakunda', 'Mediarahan', 'Hama Boost', 'Provoke']
['Maragi', 'Virus Breath', 'Mudoon', 'Mahamaon', 'Counterstrike']
['Maragi', 'Rebellion', 'Provoke', 'Hamaon', 'Mudoon']
['Maragi', 'Resist Dark', 'Counterstrike', 'Rakunda', 'Mudoon']
['Counterstrike', 'Maragi', 'Resist Dark', 'Hama Boost', 'Mahamaon']
['Counterstrike', 'Hamaon', 'Maragi', 'Mediarahan', 'Mudoon']
['Maragi', 'Kill Rush', 'Mahamaon', 'Provoke', 'Rakunda']
['Sexy Dance', 'Maragi', 'Rakunda', 'Recarmdra', 'Mudoon']
['Counterstrike', 'Maragi', 'Rebellion', 'Tentarafoo', 'Resist Dark']
['Provoke', 'Null Light', 'Hamaon', 'Maragi', 'Rakunda']
['Rakunda', 'Provoke', 'Dekaja', 'Maragi', 'Rebellion']
['Foul Breath', 'Mediarahan', 'Maragi', 'Resist Dark', 'Provoke']
['Provoke', 'Virus Breath', 'Maragi', 'Ailment Boost', 'Rakunda']
['Counterstrike', 'Provoke', 'Maragi', 'Hamaon', 'Resist Dark']
['Maragi', 'Resist Dark', 'Ailment Boost', 'Mudoon', 'Dekaja']
['Maragi', 'Ailment Boost', 'Sexy Dance', 'Rebellion', 'Provoke']
['Rebellion', 'Maragi', 'Hama Boost', 'Hamaon', 'Dekaja']
['Counterstrike', 'Provoke', 'Maragi', 'Hama Boost', 'Hamaon']
['Hamaon', 'Maragi', 'Tentarafoo', 'Counterstrike', 'Resist Dark']
['Rakunda', 'Recarmdra', 'Counterstrike', 'Null Light', 'Maragi']
['Rebellion', 'Maragi', 'Provoke', 'Rakunda', 'Hamaon']
['Maragi', 'Rebellion', 'Recarmdra', 'Counterstrike', 'Foul Breath']
['Rebellion', 'Maragi', 'Mudoon', 'Sexy Dance', 'Provoke']
['Recarmdra', 'Maragi', 'Resist Dark', 'Sexy Dance', 'Rakunda']
['Rebellion', 'Maragi', 'Provoke', 'Mudoon', 'Mahamaon']
['Hama Boost', 'Mediarahan', 'Maragi', 'Hamaon', 'Rakunda']
['Hamaon', 'Maragi', 'Dekaja', 'Counterstrike', 'Sexy Dance']
['Maragi', 'Provoke', 'Mudoon', 'Mahamaon', 'Counterstrike']
['Tentarafoo', 'Provoke', 'Maragi', 'Hamaon', 'Mahamaon']
['Maragi', 'Resist Dark', 'Rebellion', 'Mudoon', 'Provoke']
['Maragi', 'Sexy Dance', 'Hamaon', 'Rebellion', 'Recarmdra']
['Maragi', 'Hamaon', 'Rakunda', 'Virus Breath', 'Rebellion']
['Maragi', 'Rakunda', 'Mediarahan', 'Counterstrike', 'Rebellion']
['Maragi', 'Foul Breath', 'Mahamaon', 'Mudoon', 'Kill Rush']
['Maragi', 'Dekaja', 'Rebellion', 'Tentarafoo', 'Counterstrike']
['Maragi', 'Mahamaon', 'Rebellion', 'Null Light', 'Provoke']
['Maragi', 'Recarmdra', 'Virus Breath', 'Hamaon', 'Rakunda']
['Maragi', 'Mudoon', 'Dekaja', 'Sexy Dance', 'Rebellion']
['Maragi', 'Rakunda', 'Provoke', 'Virus Breath', 'Tentarafoo']
['Resist Dark', 'Mudoon', 'Maragi', 'Provoke', 'Virus Breath']
['Rakunda', 'Null Light', 'Rebellion', 'Virus Breath', 'Maragi']
['Rebellion', 'Maragi', 'Resist Dark', 'Rakunda', 'Virus Breath']
['Rakunda', 'Tentarafoo', 'Maragi', 'Provoke', 'Kill Rush']
['Maragi', 'Dekaja', 'Rakunda', 'Sexy Dance', 'Null Light']
['Rebellion', 'Sexy Dance', 'Rakunda', 'Provoke', 'Maragi']
['Maragi', 'Mahamaon', 'Resist Dark', 'Rebellion', 'Provoke']
['Counterstrike', 'Maragi', 'Sexy Dance', 'Resist Dark', 'Rakunda']
['Maragi', 'Resist Dark', 'Mediarahan', 'Hama Boost', 'Virus Breath']
['Rakunda', 'Hama Boost', 'Rebellion', 'Maragi', 'Provoke']
['Maragi', 'Mediarahan', 'Rakunda', 'Rebellion', 'Mahamaon']
['Maragi', 'Mahamaon', 'Rakunda', 'Recarmdra', 'Provoke']
['Hama Boost', 'Maragi', 'Provoke', 'Rebellion', 'Hamaon']
['Mahamaon', 'Ailment Boost', 'Virus Breath', 'Maragi', 'Rakunda']
['Rakunda', 'Maragi', 'Tentarafoo', 'Mahamaon', 'Provoke']
['Rakunda', 'Resist Dark', 'Hama Boost', 'Rebellion', 'Maragi']
['Mahamaon', 'Hama Boost', 'Rebellion', 'Maragi', 'Rakunda']
['Null Light', 'Provoke', 'Rebellion', 'Mudoon', 'Counterstrike']
['Maragi', 'Resist Dark', 'Rebellion', 'Recarmdra', 'Tentarafoo']
['Maragi', 'Foul Breath', 'Hama Boost', 'Provoke', 'Virus Breath']
['Dekaja', 'Rakunda', 'Hama Boost', 'Maragi', 'Mudoon']
['Kill Rush', 'Mudoon', 'Maragi', 'Rebellion', 'Provoke']
['Maragi', 'Mediarahan', 'Null Light', 'Sexy Dance', 'Mahamaon']
['Maragi', 'Null Light', 'Rakunda', 'Mudoon', 'Provoke']
['Maragi', 'Hamaon', 'Foul Breath', 'Sexy Dance', 'Provoke']
['Mudoon', 'Counterstrike', 'Maragi', 'Hamaon', 'Mediarahan']
['Maragi', 'Hama Boost', 'Counterstrike', 'Rakunda', 'Tentarafoo']
['Maragi', 'Provoke', 'Counterstrike', 'Mudoon', 'Null Light']
['Maragi', 'Provoke', 'Hamaon', 'Rakunda', 'Rebellion']
['Maragi', 'Rakunda', 'Virus Breath', 'Resist Dark', 'Counterstrike']
['Sexy Dance', 'Mediarahan', 'Hamaon', 'Maragi', 'Rebellion']
['Maragi', 'Rakunda', 'Virus Breath', 'Null Light', 'Rebellion']
['Maragi', 'Mahamaon', 'Hamaon', 'Provoke', 'Mudoon']
['Hama Boost', 'Rakunda', 'Rebellion', 'Maragi', 'Provoke']
['Maragi', 'Ailment Boost', 'Mahamaon', 'Mudoon', 'Foul Breath']
['Rebellion', 'Mahamaon', 'Counterstrike', 'Maragi', 'Hama Boost']
['Rakunda', 'Tentarafoo', 'Maragi', 'Hamaon', 'Mudoon']
['Maragi', 'Sexy Dance', 'Rebellion', 'Foul Breath', 'Resist Dark']
['Maragi', 'Dekaja', 'Mediarahan', 'Tentarafoo', 'Null Light']
['Dekaja', 'Maragi', 'Mudoon', 'Sexy Dance', 'Counterstrike']
['Hamaon', 'Resist Dark', 'Virus Breath', 'Mudoon', 'Maragi']
['Rebellion', 'Maragi', 'Virus Breath', 'Counterstrike', 'Sexy Dance']
['Rebellion', 'Maragi', 'Hamaon', 'Sexy Dance', 'Provoke']
['Tentarafoo', 'Maragi', 'Rebellion', 'Sexy Dance', 'Hama Boost']
['Counterstrike', 'Sexy Dance', 'Maragi', 'Virus Breath', 'Provoke']
['Resist Dark', 'Maragi', 'Mahamaon', 'Tentarafoo', 'Hama Boost']
['Hamaon', 'Maragi', 'Ailment Boost', 'Rakunda', 'Virus Breath']
['Resist Dark', 'Maragi', 'Hamaon', 'Null Light', 'Tentarafoo']
['Hamaon', 'Tentarafoo', 'Maragi', 'Dekaja', 'Null Light']
['Rakunda', 'Provoke', 'Sexy Dance', 'Maragi', 'Mediarahan']
['Recarmdra', 'Maragi', 'Resist Dark', 'Foul Breath', 'Hama Boost']
['Rakunda', 'Maragi', 'Hamaon', 'Sexy Dance', 'Recarmdra']
['Maragi', 'Counterstrike', 'Provoke', 'Dekaja', 'Tentarafoo']
['Provoke', 'Maragi', 'Counterstrike', 'Rebellion', 'Null Light']
['Sexy Dance', 'Maragi', 'Dekaja', 'Mahamaon', 'Provoke']
['Maragi', 'Rakunda', 'Tentarafoo', 'Hamaon', 'Mediarahan']
['Maragi', 'Virus Breath', 'Provoke', 'Hama Boost', 'Mudoon']
['Maragi', 'Hamaon', 'Hama Boost', 'Rebellion', 'Sexy Dance']
['Tentarafoo', 'Sexy Dance', 'Mudoon', 'Maragi', 'Foul Breath']
['Mudoon', 'Resist Dark', 'Maragi', 'Sexy Dance', 'Rebellion']
['Kill Rush', 'Maragi', 'Mudoon', 'Mahamaon', 'Virus Breath']
['Maragi', 'Rebellion', 'Hamaon', 'Dekaja', 'Hama Boost']
['Rebellion', 'Maragi', 'Hama Boost', 'Provoke', 'Null Light']
['Maragi', 'Virus Breath', 'Rebellion', 'Dekaja', 'Null Light']
['Hamaon', 'Maragi', 'Rakunda', 'Foul Breath', 'Counterstrike']
['Provoke', 'Rebellion', 'Maragi', 'Recarmdra', 'Hamaon']
['Maragi', 'Provoke', 'Rebellion', 'Sexy Dance', 'Mudoon']
['Tentarafoo', 'Mediarahan', 'Rebellion', 'Sexy Dance', 'Counterstrike']
['Maragi', 'Mahamaon', 'Rakunda', 'Provoke', 'Null Light']
['Maragi', 'Provoke', 'Rebellion', 'Ailment Boost', 'Virus Breath']
['Sexy Dance', 'Resist Dark', 'Mahamaon', 'Provoke', 'Maragi']
['Maragi', 'Foul Breath', 'Resist Dark', 'Mahamaon', 'Provoke']
['Maragi', 'Null Light', 'Rebellion', 'Rakunda', 'Hamaon']
['Maragi', 'Mudoon', 'Virus Breath', 'Rebellion', 'Counterstrike']
['Mediarahan', 'Counterstrike', 'Hamaon', 'Resist Dark', 'Rebellion']
['Maragi', 'Virus Breath', 'Rebellion', 'Rakunda', 'Hamaon']
['Maragi', 'Rakunda', 'Virus Breath', 'Sexy Dance', 'Rebellion']
['Foul Breath', 'Maragi', 'Rebellion', 'Sexy Dance', 'Hama Boost']
['Hamaon', 'Maragi', 'Dekaja', 'Mudoon', 'Virus Breath']
['Null Light', 'Maragi', 'Hama Boost', 'Counterstrike', 'Virus Breath']
['Sexy Dance', 'Mahamaon', 'Maragi', 'Rakunda', 'Hamaon']
['Maragi', 'Provoke', 'Mudoon', 'Rebellion', 'Tentarafoo']
['Rebellion', 'Ailment Boost', 'Hama Boost', 'Maragi', 'Mediarahan']
['Rebellion', 'Maragi', 'Hama Boost', 'Mahamaon', 'Provoke']
['Virus Breath', 'Maragi', 'Rakunda', 'Rebellion', 'Resist Dark']
['Rakunda', 'Maragi', 'Rebellion', 'Counterstrike', 'Null Light']
['Tentarafoo', 'Hamaon', 'Maragi', 'Rebellion', 'Foul Breath']
['Mahamaon', 'Maragi', 'Hamaon', 'Dekaja', 'Tentarafoo']
['Hamaon', 'Maragi', 'Rakunda', 'Foul Breath', 'Mudoon']
['Rebellion', 'Maragi', 'Hama Boost', 'Mahamaon', 'Mudoon']
['Tentarafoo', 'Rebellion', 'Sexy Dance', 'Mudoon', 'Foul Breath']
['Maragi', 'Provoke', 'Counterstrike', 'Mudoon', 'Foul Breath']
['Rakunda', 'Mahamaon', 'Resist Dark', 'Maragi', 'Dekaja']
['Maragi', 'Null Light', 'Mudoon', 'Hama Boost', 'Rakunda']
['Maragi', 'Recarmdra', 'Provoke', 'Ailment Boost', 'Dekaja']
['Rebellion', 'Maragi', 'Counterstrike', 'Rakunda', 'Provoke']
['Mahamaon', 'Dekaja', 'Sexy Dance', 'Provoke', 'Maragi']
['Rakunda', 'Mediarahan', 'Maragi', 'Null Light', 'Resist Dark']
['Maragi', 'Provoke', 'Counterstrike', 'Rebellion', 'Mahamaon']
['Maragi', 'Rebellion', 'Tentarafoo', 'Mahamaon', 'Provoke']
['Maragi', 'Recarmdra', 'Rebellion', 'Mudoon', 'Rakunda']
['Maragi', 'Dekaja', 'Tentarafoo', 'Ailment Boost', 'Rakunda']
['Maragi', 'Foul Breath', 'Hamaon', 'Mediarahan', 'Provoke']
['Hama Boost', 'Mudoon', 'Maragi', 'Sexy Dance', 'Resist Dark']
['Rebellion', 'Sexy Dance', 'Kill Rush', 'Mudoon', 'Provoke']
['Maragi', 'Tentarafoo', 'Mediarahan', 'Mahamaon', 'Rakunda']
['Maragi', 'Provoke', 'Ailment Boost', 'Mudoon', 'Resist Dark']
['Maragi', 'Tentarafoo', 'Recarmdra', 'Rakunda', 'Hama Boost']
['Maragi', 'Tentarafoo', 'Dekaja', 'Sexy Dance', 'Mahamaon']
['Rebellion', 'Maragi', 'Provoke', 'Counterstrike', 'Sexy Dance']
['Maragi', 'Hamaon', 'Resist Dark', 'Mudoon', 'Rebellion']
['Hamaon', 'Provoke', 'Maragi', 'Mudoon', 'Sexy Dance']
['Maragi', 'Sexy Dance', 'Rebellion', 'Counterstrike', 'Hama Boost']
['Rakunda', 'Maragi', 'Hamaon', 'Tentarafoo', 'Mudoon']
['Maragi', 'Mudoon', 'Rakunda', 'Hama Boost', 'Tentarafoo']
['Rebellion', 'Maragi', 'Ailment Boost', 'Tentarafoo', 'Counterstrike']
['Maragi', 'Rebellion', 'Virus Breath', 'Hamaon', 'Counterstrike']
['Maragi', 'Tentarafoo', 'Rakunda', 'Rebellion', 'Hamaon']
['Maragi', 'Ailment Boost', 'Provoke', 'Dekaja', 'Counterstrike']
['Hama Boost', 'Maragi', 'Hamaon', 'Rakunda', 'Tentarafoo']
['Provoke', 'Ailment Boost', 'Recarmdra', 'Maragi', 'Tentarafoo']
['Maragi', 'Kill Rush', 'Ailment Boost', 'Rakunda', 'Mediarahan']
['Provoke', 'Resist Dark', 'Counterstrike', 'Maragi', 'Rakunda']
['Resist Dark', 'Virus Breath', 'Null Light', 'Mahamaon', 'Hama Boost']
['Rakunda', 'Maragi', 'Rebellion', 'Hama Boost', 'Dekaja']
['Rebellion', 'Maragi', 'Provoke', 'Mediarahan', 'Kill Rush']
['Tentarafoo', 'Rakunda', 'Hama Boost', 'Maragi', 'Rebellion']
['Rakunda', 'Ailment Boost', 'Tentarafoo', 'Maragi', 'Provoke']
['Maragi', 'Mahamaon', 'Dekaja', 'Rakunda', 'Sexy Dance']
['Sexy Dance', 'Maragi', 'Rakunda', 'Counterstrike', 'Virus Breath']
['Provoke', 'Counterstrike', 'Maragi', 'Hamaon', 'Mahamaon']
['Kill Rush', 'Maragi', 'Sexy Dance', 'Resist Dark', 'Tentarafoo']
['Null Light', 'Provoke', 'Hamaon', 'Maragi', 'Rakunda']
['Hama Boost', 'Maragi', 'Tentarafoo', 'Rebellion', 'Null Light']
['Maragi', 'Foul Breath', 'Hamaon', 'Mudoon', 'Recarmdra']
['Counterstrike', 'Maragi', 'Provoke', 'Rakunda', 'Dekaja']
['Dekaja', 'Maragi', 'Rebellion', 'Resist Dark', 'Hama Boost']
['Rakunda', 'Mudoon', 'Sexy Dance', 'Maragi', 'Tentarafoo']
['Rebellion', 'Maragi', 'Mahamaon', 'Kill Rush', 'Provoke']
['Sexy Dance', 'Tentarafoo', 'Rakunda', 'Maragi', 'Foul Breath']
['Maragi', 'Mahamaon', 'Hama Boost', 'Counterstrike', 'Provoke']
['Recarmdra', 'Maragi', 'Sexy Dance', 'Null Light', 'Dekaja']
['Maragi', 'Null Light', 'Hama Boost', 'Dekaja', 'Provoke']
['Provoke', 'Dekaja', 'Maragi', 'Hama Boost', 'Rebellion']
['Rakunda', 'Hamaon', 'Hama Boost', 'Dekaja', 'Maragi']
['Sexy Dance', 'Resist Dark', 'Mahamaon', 'Kill Rush', 'Maragi']
['Rakunda', 'Maragi', 'Resist Dark', 'Tentarafoo', 'Provoke']
['Dekaja', 'Rakunda', 'Maragi', 'Sexy Dance', 'Null Light']
['Provoke', 'Rebellion', 'Maragi', 'Mediarahan', 'Rakunda']
['Maragi', 'Rakunda', 'Provoke', 'Sexy Dance', 'Counterstrike']
['Maragi', 'Rakunda', 'Dekaja', 'Tentarafoo', 'Mudoon']
['Provoke', 'Kill Rush', 'Maragi', 'Hama Boost', 'Rakunda']
['Ailment Boost', 'Maragi', 'Provoke', 'Sexy Dance', 'Mudoon']
['Null Light', 'Maragi', 'Provoke', 'Hama Boost', 'Kill Rush']
['Maragi', 'Rakunda', 'Hamaon', 'Hama Boost', 'Sexy Dance']
['Maragi', 'Hamaon', 'Rebellion', 'Recarmdra', 'Resist Dark']
['Maragi', 'Hamaon', 'Null Light', 'Hama Boost', 'Provoke']
['Rakunda', 'Maragi', 'Ailment Boost', 'Provoke', 'Recarmdra']
['Maragi', 'Hamaon', 'Sexy Dance', 'Rakunda', 'Mudoon']
['Maragi', 'Hama Boost', 'Provoke', 'Rebellion', 'Tentarafoo']
['Maragi', 'Provoke', 'Rebellion', 'Ailment Boost', 'Mahamaon']
['Maragi', 'Counterstrike', 'Hama Boost', 'Rakunda', 'Rebellion']
['Maragi', 'Counterstrike', 'Virus Breath', 'Tentarafoo', 'Dekaja']
['Maragi', 'Dekaja', 'Hamaon', 'Mahamaon', 'Tentarafoo']
['Foul Breath', 'Maragi', 'Null Light', 'Rebellion', 'Rakunda']
['Maragi', 'Provoke', 'Tentarafoo', 'Rakunda', 'Recarmdra']
['Null Light', 'Counterstrike', 'Provoke', 'Maragi', 'Recarmdra']
['Rebellion', 'Rakunda', 'Maragi', 'Sexy Dance', 'Mediarahan']
['Mahamaon', 'Maragi', 'Ailment Boost', 'Rebellion', 'Resist Dark']
['Maragi', 'Ailment Boost', 'Null Light', 'Sexy Dance', 'Rebellion']
['Maragi', 'Rakunda', 'Resist Dark', 'Tentarafoo', 'Hamaon']
['Rebellion', 'Counterstrike', 'Hama Boost', 'Maragi', 'Sexy Dance']
['Mediarahan', 'Provoke', 'Maragi', 'Rebellion', 'Sexy Dance']
['Maragi', 'Null Light', 'Sexy Dance', 'Counterstrike', 'Virus Breath']
['Rakunda', 'Sexy Dance', 'Resist Dark', 'Mudoon', 'Tentarafoo']
['Maragi', 'Foul Breath', 'Sexy Dance', 'Mudoon', 'Provoke']
['Sexy Dance', 'Counterstrike', 'Maragi', 'Null Light', 'Mudoon']
['Ailment Boost', 'Hama Boost', 'Maragi', 'Tentarafoo', 'Foul Breath']
['Hamaon', 'Rakunda', 'Maragi', 'Resist Dark', 'Provoke']
['Maragi', 'Mahamaon', 'Virus Breath', 'Sexy Dance', 'Dekaja']
['Maragi', 'Resist Dark', 'Hamaon', 'Rebellion', 'Provoke']
['Null Light', 'Hama Boost', 'Maragi', 'Counterstrike', 'Sexy Dance']
['Mudoon', 'Rebellion', 'Maragi', 'Sexy Dance', 'Tentarafoo']
['Rebellion', 'Maragi', 'Rakunda', 'Mudoon', 'Mahamaon']
['Resist Dark', 'Dekaja', 'Provoke', 'Hamaon', 'Maragi']
['Maragi', 'Foul Breath', 'Rebellion', 'Mudoon', 'Tentarafoo']
['Maragi', 'Mudoon', 'Counterstrike', 'Virus Breath', 'Sexy Dance']
['Provoke', 'Rakunda', 'Mudoon', 'Hamaon', 'Maragi']
['Maragi', 'Mediarahan', 'Rebellion', 'Tentarafoo', 'Counterstrike']
['Hamaon', 'Null Light', 'Maragi', 'Dekaja', 'Rakunda']
['Mediarahan', 'Dekaja', 'Maragi', 'Ailment Boost', 'Virus Breath']
['Null Light', 'Ailment Boost', 'Maragi', 'Resist Dark', 'Mediarahan']
['Maragi', 'Mediarahan', 'Counterstrike', 'Dekaja', 'Rakunda']
['Hamaon', 'Rebellion', 'Maragi', 'Rakunda', 'Virus Breath']
['Hama Boost', 'Provoke', 'Rebellion', 'Maragi', 'Dekaja']
['Hamaon', 'Maragi', 'Recarmdra', 'Mahamaon', 'Foul Breath']
['Maragi', 'Rakunda', 'Counterstrike', 'Hamaon', 'Tentarafoo']
['Maragi', 'Virus Breath', 'Provoke', 'Hama Boost', 'Counterstrike']
['Rakunda', 'Maragi', 'Provoke', 'Resist Dark', 'Ailment Boost']
['Rebellion', 'Maragi', 'Rakunda', 'Hamaon', 'Counterstrike']
['Mudoon', 'Maragi', 'Rebellion', 'Rakunda', 'Resist Dark']
['Mediarahan', 'Sexy Dance', 'Maragi', 'Ailment Boost', 'Mahamaon']
['Maragi', 'Rakunda', 'Mahamaon', 'Resist Dark', 'Null Light']
['Sexy Dance', 'Maragi', 'Rakunda', 'Hama Boost', 'Tentarafoo']
['Sexy Dance', 'Maragi', 'Provoke', 'Rebellion', 'Counterstrike']
['Maragi', 'Rakunda', 'Mediarahan', 'Rebellion', 'Provoke']
['Sexy Dance', 'Maragi', 'Null Light', 'Hamaon', 'Tentarafoo']
['Maragi', 'Mudoon', 'Tentarafoo', 'Mediarahan', 'Resist Dark']
['Ailment Boost', 'Maragi', 'Sexy Dance', 'Resist Dark', 'Rakunda']
['Maragi', 'Dekaja', 'Counterstrike', 'Sexy Dance', 'Provoke']
['Maragi', 'Tentarafoo', 'Rakunda', 'Hamaon', 'Mediarahan']
['Rakunda', 'Maragi', 'Counterstrike', 'Resist Dark', 'Provoke']
['Maragi', 'Rakunda', 'Hama Boost', 'Provoke', 'Tentarafoo']
['Maragi', 'Virus Breath', 'Sexy Dance', 'Provoke', 'Mahamaon']
['Dekaja', 'Maragi', 'Resist Dark', 'Rebellion', 'Mediarahan']
['Hamaon', 'Mudoon', 'Maragi', 'Hama Boost', 'Provoke']
['Provoke', 'Maragi', 'Rebellion', 'Dekaja', 'Mudoon']
['Provoke', 'Null Light', 'Hamaon', 'Maragi', 'Mediarahan']
['Provoke', 'Counterstrike', 'Resist Dark', 'Sexy Dance', 'Maragi']
['Maragi', 'Mahamaon', 'Mudoon', 'Counterstrike', 'Hama Boost']
['Maragi', 'Ailment Boost', 'Hama Boost', 'Rebellion', 'Counterstrike']
['Maragi', 'Rebellion', 'Counterstrike', 'Mahamaon', 'Mudoon']
['Provoke', 'Hama Boost', 'Maragi', 'Tentarafoo', 'Mahamaon']
['Rebellion', 'Maragi', 'Sexy Dance', 'Hama Boost', 'Hamaon']
['Maragi', 'Provoke', 'Rebellion', 'Counterstrike', 'Null Light']
['Virus Breath', 'Maragi', 'Provoke', 'Counterstrike', 'Recarmdra']
['Maragi', 'Virus Breath', 'Hamaon', 'Null Light', 'Mediarahan']
['Maragi', 'Null Light', 'Rakunda', 'Ailment Boost', 'Provoke']
['Rakunda', 'Hama Boost', 'Ailment Boost', 'Dekaja', 'Rebellion']
['Hama Boost', 'Maragi', 'Recarmdra', 'Virus Breath', 'Rakunda']
['Provoke', 'Sexy Dance', 'Dekaja', 'Maragi', 'Mudoon']
['Provoke', 'Sexy Dance', 'Maragi', 'Recarmdra', 'Dekaja']
['Maragi', 'Tentarafoo', 'Hamaon', 'Mahamaon', 'Kill Rush']
['Maragi', 'Rebellion', 'Counterstrike', 'Mudoon', 'Null Light']
['Maragi', 'Counterstrike', 'Mudoon', 'Sexy Dance', 'Provoke']
['Maragi', 'Mudoon', 'Sexy Dance', 'Rebellion', 'Hama Boost']
['Maragi', 'Rakunda', 'Virus Breath', 'Mahamaon', 'Rebellion']
['Mudoon', 'Maragi', 'Rakunda', 'Provoke', 'Rebellion']
['Mudoon', 'Dekaja', 'Maragi', 'Mahamaon', 'Provoke']
['Maragi', 'Mediarahan', 'Rebellion', 'Mahamaon', 'Ailment Boost']
['Maragi', 'Provoke', 'Tentarafoo', 'Ailment Boost', 'Recarmdra']
['Tentarafoo', 'Sexy Dance', 'Rebellion', 'Maragi', 'Resist Dark']
['Maragi', 'Mudoon', 'Rakunda', 'Dekaja', 'Mahamaon']
['Maragi', 'Null Light', 'Dekaja', 'Tentarafoo', 'Provoke']
['Resist Dark', 'Maragi', 'Tentarafoo', 'Rakunda', 'Hamaon']
['Maragi', 'Mudoon', 'Sexy Dance', 'Ailment Boost', 'Provoke']
['Maragi', 'Hama Boost', 'Counterstrike', 'Sexy Dance', 'Rebellion']
['Maragi', 'Ailment Boost', 'Rebellion', 'Rakunda', 'Tentarafoo']
['Maragi', 'Provoke', 'Null Light', 'Rebellion', 'Counterstrike']
['Virus Breath', 'Ailment Boost', 'Rebellion', 'Maragi', 'Provoke']
['Virus Breath', 'Tentarafoo', 'Maragi', 'Mahamaon', 'Provoke']
['Maragi', 'Rebellion', 'Counterstrike', 'Sexy Dance', 'Mudoon']
['Mudoon', 'Sexy Dance', 'Maragi', 'Null Light', 'Counterstrike']
['Maragi', 'Hama Boost', 'Mahamaon', 'Ailment Boost', 'Sexy Dance']
['Foul Breath', 'Hama Boost', 'Maragi', 'Mahamaon', 'Counterstrike']
['Provoke', 'Hamaon', 'Maragi', 'Counterstrike', 'Rebellion']
['Maragi', 'Rebellion', 'Ailment Boost', 'Mudoon', 'Resist Dark']
['Maragi', 'Resist Dark', 'Tentarafoo', 'Rakunda', 'Provoke']
['Resist Dark', 'Foul Breath', 'Maragi', 'Rakunda', 'Virus Breath']
['Maragi', 'Provoke', 'Resist Dark', 'Tentarafoo', 'Rakunda']
['Provoke', 'Rebellion', 'Ailment Boost', 'Mudoon', 'Hama Boost']
['Ailment Boost', 'Maragi', 'Null Light', 'Rakunda', 'Rebellion']
['Maragi', 'Mudoon', 'Sexy Dance', 'Rakunda', 'Hamaon']
['Maragi', 'Null Light', 'Counterstrike', 'Hamaon', 'Hama Boost']
['Maragi', 'Dekaja', 'Counterstrike', 'Rebellion', 'Tentarafoo']
['Maragi', 'Virus Breath', 'Tentarafoo', 'Hama Boost', 'Mahamaon']
['Provoke', 'Maragi', 'Rakunda', 'Rebellion', 'Mediarahan']
['Maragi', 'Ailment Boost', 'Hama Boost', 'Sexy Dance', 'Rakunda']
['Virus Breath', 'Maragi', 'Mediarahan', 'Recarmdra', 'Rebellion']
['Maragi', 'Rebellion', 'Recarmdra', 'Mahamaon', 'Hama Boost']
['Recarmdra', 'Maragi', 'Mudoon', 'Tentarafoo', 'Virus Breath']
['Counterstrike', 'Rakunda', 'Maragi', 'Foul Breath', 'Resist Dark']
['Provoke', 'Maragi', 'Rakunda', 'Recarmdra', 'Mahamaon']
['Mediarahan', 'Maragi', 'Hama Boost', 'Virus Breath', 'Rebellion']
['Provoke', 'Maragi', 'Sexy Dance', 'Mahamaon', 'Resist Dark']
['Rakunda', 'Sexy Dance', 'Maragi', 'Hamaon', 'Ailment Boost']
['Maragi', 'Provoke', 'Resist Dark', 'Null Light', 'Rakunda']
['Maragi', 'Mahamaon', 'Resist Dark', 'Mudoon', 'Rakunda']
['Maragi', 'Dekaja', 'Hama Boost', 'Sexy Dance', 'Provoke']
['Dekaja', 'Maragi', 'Ailment Boost', 'Mediarahan', 'Sexy Dance']
['Rakunda', 'Maragi', 'Sexy Dance', 'Resist Dark', 'Dekaja']
['Maragi', 'Mudoon', 'Sexy Dance', 'Counterstrike', 'Rakunda']
['Maragi', 'Recarmdra', 'Provoke', 'Tentarafoo', 'Hama Boost']
['Maragi', 'Rebellion', 'Tentarafoo', 'Virus Breath', 'Recarmdra']
['Null Light', 'Maragi', 'Rebellion', 'Mudoon', 'Hama Boost']
['Maragi', 'Sexy Dance', 'Hama Boost', 'Dekaja', 'Provoke']
['Resist Dark', 'Tentarafoo', 'Maragi', 'Mediarahan', 'Virus Breath']
['Hama Boost', 'Provoke', 'Hamaon', 'Maragi', 'Virus Breath']
['Maragi', 'Counterstrike', 'Sexy Dance', 'Rebellion', 'Mudoon']
['Maragi', 'Tentarafoo', 'Hama Boost', 'Mediarahan', 'Provoke']
['Rebellion', 'Maragi', 'Dekaja', 'Sexy Dance', 'Ailment Boost']
['Rakunda', 'Maragi', 'Hama Boost', 'Dekaja', 'Tentarafoo']
['Maragi', 'Rebellion', 'Rakunda', 'Mahamaon', 'Kill Rush']
['Sexy Dance', 'Maragi', 'Tentarafoo', 'Rakunda', 'Resist Dark']
['Maragi', 'Resist Dark', 'Rakunda', 'Rebellion', 'Mediarahan']
['Maragi', 'Hama Boost', 'Foul Breath', 'Provoke', 'Sexy Dance']
['Maragi', 'Counterstrike', 'Null Light', 'Ailment Boost', 'Tentarafoo']
['Sexy Dance', 'Counterstrike', 'Hamaon', 'Mudoon', 'Rebellion']
['Maragi', 'Recarmdra', 'Mahamaon', 'Rebellion', 'Provoke']
['Sexy Dance', 'Rakunda', 'Mediarahan', 'Ailment Boost', 'Provoke']
['Maragi', 'Rakunda', 'Recarmdra', 'Mudoon', 'Mahamaon']
['Rakunda', 'Mediarahan', 'Maragi', 'Provoke', 'Hama Boost']
['Maragi', 'Rakunda', 'Virus Breath', 'Sexy Dance', 'Mudoon']
['Maragi', 'Mudoon', 'Sexy Dance', 'Counterstrike', 'Provoke']
['Sexy Dance', 'Ailment Boost', 'Rakunda', 'Counterstrike', 'Virus Breath']
['Maragi', 'Hamaon', 'Provoke', 'Sexy Dance', 'Rebellion']
['Maragi', 'Ailment Boost', 'Sexy Dance', 'Virus Breath', 'Mediarahan']
['Maragi', 'Resist Dark', 'Hamaon', 'Rakunda', 'Null Light']
['Rebellion', 'Provoke', 'Resist Dark', 'Sexy Dance', 'Rakunda']
['Maragi', 'Virus Breath', 'Ailment Boost', 'Provoke', 'Foul Breath']
['Maragi', 'Sexy Dance', 'Provoke', 'Tentarafoo', 'Hama Boost']
['Maragi', 'Tentarafoo', 'Provoke', 'Mahamaon', 'Hama Boost']
['Dekaja', 'Mahamaon', 'Maragi', 'Provoke', 'Resist Dark']
['Maragi', 'Mediarahan', 'Null Light', 'Mahamaon', 'Provoke']
['Maragi', 'Counterstrike', 'Mediarahan', 'Rebellion', 'Provoke']
['Maragi', 'Null Light', 'Sexy Dance', 'Provoke', 'Rakunda']
['Maragi', 'Null Light', 'Mudoon', 'Dekaja', 'Hamaon']
['Maragi', 'Rakunda', 'Resist Dark', 'Dekaja', 'Ailment Boost']
['Counterstrike', 'Maragi', 'Recarmdra', 'Rakunda', 'Mahamaon']
['Maragi', 'Dekaja', 'Mudoon', 'Hama Boost', 'Sexy Dance']
['Rakunda', 'Maragi', 'Mudoon', 'Hamaon', 'Provoke']
['Maragi', 'Dekaja', 'Counterstrike', 'Mudoon', 'Virus Breath']
['Maragi', 'Rakunda', 'Provoke', 'Hamaon', 'Dekaja']
['Tentarafoo', 'Maragi', 'Hama Boost', 'Resist Dark', 'Rebellion']
['Sexy Dance', 'Maragi', 'Provoke', 'Rakunda', 'Mudoon']
['Hamaon', 'Maragi', 'Ailment Boost', 'Mahamaon', 'Provoke']
['Ailment Boost', 'Mahamaon', 'Hamaon', 'Sexy Dance', 'Maragi']
['Maragi', 'Sexy Dance', 'Null Light', 'Provoke', 'Mahamaon']
['Maragi', 'Ailment Boost', 'Sexy Dance', 'Resist Dark', 'Hamaon']
['Maragi', 'Tentarafoo', 'Counterstrike', 'Sexy Dance', 'Resist Dark']
['Maragi', 'Rakunda', 'Recarmdra', 'Kill Rush', 'Hama Boost']
['Dekaja', 'Provoke', 'Mahamaon', 'Maragi', 'Tentarafoo']
['Maragi', 'Foul Breath', 'Counterstrike', 'Ailment Boost', 'Mudoon']
['Maragi', 'Mediarahan', 'Provoke', 'Hamaon', 'Ailment Boost']
['Rebellion', 'Hamaon', 'Counterstrike', 'Mahamaon', 'Maragi']
['Maragi', 'Mahamaon', 'Rebellion', 'Tentarafoo', 'Hama Boost']
['Recarmdra', 'Mediarahan', 'Maragi', 'Rakunda', 'Hamaon']
['Kill Rush', 'Rebellion', 'Counterstrike', 'Maragi', 'Sexy Dance']
['Maragi', 'Rebellion', 'Provoke', 'Tentarafoo', 'Rakunda']
['Maragi', 'Rakunda', 'Mahamaon', 'Counterstrike', 'Ailment Boost']
['Provoke', 'Rebellion', 'Virus Breath', 'Null Light', 'Maragi']
['Hamaon', 'Rakunda', 'Maragi', 'Hama Boost', 'Virus Breath']
['Maragi', 'Sexy Dance', 'Dekaja', 'Provoke', 'Foul Breath']
['Maragi', 'Ailment Boost', 'Provoke', 'Dekaja', 'Hamaon']
['Maragi', 'Hamaon', 'Sexy Dance', 'Rebellion', 'Rakunda']
['Ailment Boost', 'Maragi', 'Rakunda', 'Mahamaon', 'Dekaja']
['Maragi', 'Dekaja', 'Hama Boost', 'Counterstrike', 'Provoke']
['Maragi', 'Tentarafoo', 'Rebellion', 'Sexy Dance', 'Mudoon']
['Maragi', 'Foul Breath', 'Mudoon', 'Hama Boost', 'Provoke']
['Rakunda', 'Maragi', 'Foul Breath', 'Rebellion', 'Provoke']
['Maragi', 'Rebellion', 'Counterstrike', 'Rakunda', 'Provoke']
['Maragi', 'Mahamaon', 'Provoke', 'Sexy Dance', 'Mudoon']
['Maragi', 'Mediarahan', 'Rakunda', 'Provoke', 'Mudoon']
['Hamaon', 'Mudoon', 'Foul Breath', 'Maragi', 'Mahamaon']
['Virus Breath', 'Maragi', 'Dekaja', 'Counterstrike', 'Provoke']
['Mudoon', 'Maragi', 'Rakunda', 'Hama Boost', 'Virus Breath']
['Maragi', 'Provoke', 'Rakunda', 'Resist Dark', 'Sexy Dance']
['Null Light', 'Maragi', 'Ailment Boost', 'Provoke', 'Sexy Dance']
['Rebellion', 'Maragi', 'Hama Boost', 'Sexy Dance', 'Rakunda']
['Provoke', 'Hamaon', 'Recarmdra', 'Maragi', 'Mediarahan']
['Hamaon', 'Maragi', 'Virus Breath', 'Sexy Dance', 'Kill Rush']
['Maragi', 'Mudoon', 'Mahamaon', 'Mediarahan', 'Sexy Dance']
['Ailment Boost', 'Rebellion', 'Recarmdra', 'Provoke', 'Tentarafoo']
['Provoke', 'Dekaja', 'Foul Breath', 'Null Light', 'Virus Breath']
['Provoke', 'Maragi', 'Resist Dark', 'Rakunda', 'Tentarafoo']
['Rakunda', 'Rebellion', 'Maragi', 'Sexy Dance', 'Counterstrike']
['Hama Boost', 'Dekaja', 'Maragi', 'Counterstrike', 'Sexy Dance']
['Sexy Dance', 'Provoke', 'Recarmdra', 'Ailment Boost', 'Rebellion']
['Null Light', 'Rebellion', 'Provoke', 'Maragi', 'Ailment Boost']
['Rebellion', 'Provoke', 'Maragi', 'Mediarahan', 'Sexy Dance']
['Maragi', 'Resist Dark', 'Sexy Dance', 'Rakunda', 'Hama Boost']
['Maragi', 'Rakunda', 'Foul Breath', 'Rebellion', 'Virus Breath']
['Recarmdra', 'Hama Boost', 'Sexy Dance', 'Maragi', 'Ailment Boost']
['Resist Dark', 'Provoke', 'Rakunda', 'Rebellion', 'Foul Breath']
['Rebellion', 'Maragi', 'Rakunda', 'Sexy Dance', 'Counterstrike']
['Maragi', 'Dekaja', 'Provoke', 'Counterstrike', 'Null Light']
['Maragi', 'Rakunda', 'Hama Boost', 'Counterstrike', 'Rebellion']
['Maragi', 'Provoke', 'Mahamaon', 'Mediarahan', 'Rebellion']
['Maragi', 'Recarmdra', 'Mahamaon', 'Rebellion', 'Mudoon']
['Rakunda', 'Provoke', 'Mahamaon', 'Maragi', 'Hamaon']
['Maragi', 'Rebellion', 'Provoke', 'Resist Dark', 'Hama Boost']
['Sexy Dance', 'Provoke', 'Hama Boost', 'Recarmdra', 'Maragi']
['Recarmdra', 'Rebellion', 'Maragi', 'Hamaon', 'Resist Dark']
['Maragi', 'Resist Dark', 'Virus Breath', 'Hamaon', 'Sexy Dance']
['Maragi', 'Provoke', 'Rakunda', 'Foul Breath', 'Null Light']
['Counterstrike', 'Mahamaon', 'Maragi', 'Null Light', 'Recarmdra']
['Tentarafoo', 'Maragi', 'Rebellion', 'Rakunda', 'Mediarahan']
['Maragi', 'Mudoon', 'Hamaon', 'Virus Breath', 'Resist Dark']
['Rakunda', 'Sexy Dance', 'Maragi', 'Tentarafoo', 'Rebellion']
['Maragi', 'Foul Breath', 'Sexy Dance', 'Mudoon', 'Provoke']
['Maragi', 'Rakunda', 'Virus Breath', 'Rebellion', 'Recarmdra']
['Provoke', 'Rakunda', 'Maragi', 'Resist Dark', 'Mahamaon']
['Maragi', 'Mahamaon', 'Rakunda', 'Null Light', 'Sexy Dance']
['Mediarahan', 'Mahamaon', 'Dekaja', 'Maragi', 'Tentarafoo']
['Maragi', 'Mediarahan', 'Hama Boost', 'Rebellion', 'Tentarafoo']
['Mahamaon', 'Provoke', 'Rebellion', 'Rakunda', 'Recarmdra']
['Maragi', 'Rakunda', 'Provoke', 'Hamaon', 'Foul Breath']
['Maragi', 'Null Light', 'Rakunda', 'Tentarafoo', 'Mudoon']
['Maragi', 'Hamaon', 'Foul Breath', 'Rebellion', 'Sexy Dance']
['Virus Breath', 'Maragi', 'Rebellion', 'Dekaja', 'Null Light']
['Hamaon', 'Maragi', 'Recarmdra', 'Counterstrike', 'Null Light']
['Rebellion', 'Resist Dark', 'Recarmdra', 'Provoke', 'Rakunda']
['Maragi', 'Mudoon', 'Sexy Dance', 'Rebellion', 'Mahamaon']
['Hamaon', 'Rakunda', 'Maragi', 'Null Light', 'Recarmdra']
['Maragi', 'Rakunda', 'Hama Boost', 'Mahamaon', 'Hamaon']
['Hama Boost', 'Maragi', 'Provoke', 'Hamaon', 'Null Light']
['Counterstrike', 'Maragi', 'Hama Boost', 'Hamaon', 'Dekaja']
['Maragi', 'Provoke', 'Kill Rush', 'Recarmdra', 'Rebellion']
['Foul Breath', 'Maragi', 'Dekaja', 'Mediarahan', 'Null Light']
['Maragi', 'Tentarafoo', 'Counterstrike', 'Sexy Dance', 'Recarmdra']
['Kill Rush', 'Maragi', 'Virus Breath', 'Hama Boost', 'Mediarahan']
['Maragi', 'Mediarahan', 'Recarmdra', 'Counterstrike', 'Rakunda']
['Maragi', 'Kill Rush', 'Provoke', 'Virus Breath', 'Rebellion']
['Maragi', 'Rakunda', 'Kill Rush', 'Ailment Boost', 'Virus Breath']
['Dekaja', 'Mudoon', 'Maragi', 'Rebellion', 'Sexy Dance']
['Dekaja', 'Mediarahan', 'Maragi', 'Mahamaon', 'Rakunda']
['Null Light', 'Recarmdra', 'Maragi', 'Mudoon', 'Rebellion']
['Hamaon', 'Maragi', 'Virus Breath', 'Rakunda', 'Provoke']
['Maragi', 'Mudoon', 'Hama Boost', 'Resist Dark', 'Mahamaon']
['Dekaja', 'Provoke', 'Recarmdra', 'Maragi', 'Resist Dark']
['Maragi', 'Mudoon', 'Sexy Dance', 'Provoke', 'Hama Boost']
['Null Light', 'Maragi', 'Sexy Dance', 'Provoke', 'Foul Breath']
['Maragi', 'Counterstrike', 'Ailment Boost', 'Mudoon', 'Rakunda']
['Maragi', 'Virus Breath', 'Mahamaon', 'Resist Dark', 'Rebellion']
['Rakunda', 'Maragi', 'Virus Breath', 'Rebellion', 'Mahamaon']
['Maragi', 'Provoke', 'Hama Boost', 'Counterstrike', 'Dekaja']
['Maragi', 'Rakunda', 'Rebellion', 'Hamaon', 'Tentarafoo']
['Null Light', 'Rakunda', 'Maragi', 'Dekaja', 'Hamaon']
['Sexy Dance', 'Rebellion', 'Mudoon', 'Maragi', 'Mahamaon']
['Provoke', 'Rakunda', 'Dekaja', 'Maragi', 'Null Light']
['Virus Breath', 'Provoke', 'Resist Dark', 'Rebellion', 'Rakunda']
['Maragi', 'Mahamaon', 'Null Light', 'Provoke', 'Sexy Dance']
['Provoke', 'Maragi', 'Virus Breath', 'Mudoon', 'Mahamaon']
['Maragi', 'Mahamaon', 'Resist Dark', 'Hamaon', 'Sexy Dance']
['Provoke', 'Mudoon', 'Maragi', 'Rakunda', 'Hama Boost']
['Virus Breath', 'Maragi', 'Resist Dark', 'Hamaon', 'Null Light']
['Maragi', 'Hamaon', 'Sexy Dance', 'Virus Breath', 'Rebellion']
['Maragi', 'Mediarahan', 'Resist Dark', 'Null Light', 'Mudoon']
['Resist Dark', 'Maragi', 'Hamaon', 'Provoke', 'Dekaja']
['Recarmdra', 'Provoke', 'Maragi', 'Dekaja', 'Sexy Dance']
['Mahamaon', 'Dekaja', 'Maragi', 'Rakunda', 'Resist Dark']
['Maragi', 'Sexy Dance', 'Provoke', 'Hamaon', 'Foul Breath']
['Maragi', 'Rebellion', 'Mudoon', 'Rakunda', 'Provoke']
['Maragi', 'Dekaja', 'Rebellion', 'Mudoon', 'Virus Breath']
['Maragi', 'Mahamaon', 'Counterstrike', 'Tentarafoo', 'Null Light']
['Tentarafoo', 'Mudoon', 'Foul Breath', 'Virus Breath', 'Dekaja']
['Maragi', 'Rakunda', 'Counterstrike', 'Provoke', 'Ailment Boost']
['Dekaja', 'Maragi', 'Tentarafoo', 'Sexy Dance', 'Hamaon']
['Maragi', 'Ailment Boost', 'Rakunda', 'Hama Boost', 'Tentarafoo']
['Maragi', 'Hamaon', 'Dekaja', 'Provoke', 'Tentarafoo']
['Maragi', 'Sexy Dance', 'Rakunda', 'Mediarahan', 'Dekaja']
['Maragi', 'Rebellion', 'Provoke', 'Resist Dark', 'Virus Breath']
['Maragi', 'Rebellion', 'Dekaja', 'Counterstrike', 'Rakunda']
['Counterstrike', 'Maragi', 'Provoke', 'Hamaon', 'Rakunda']
['Maragi', 'Sexy Dance', 'Rebellion', 'Counterstrike', 'Virus Breath']
['Hamaon', 'Mudoon', 'Maragi', 'Provoke', 'Rebellion']
['Rebellion', 'Maragi', 'Recarmdra', 'Rakunda', 'Provoke']
['Maragi', 'Rakunda', 'Virus Breath', 'Counterstrike', 'Null Light']
['Maragi', 'Mudoon', 'Dekaja', 'Counterstrike', 'Virus Breath']
['Maragi', 'Recarmdra', 'Foul Breath', 'Dekaja', 'Resist Dark']
['Maragi', 'Rebellion', 'Hamaon', 'Mudoon', 'Rakunda']
['Maragi', 'Counterstrike', 'Mudoon', 'Hamaon', 'Null Light']
['Mudoon', 'Dekaja', 'Maragi', 'Sexy Dance', 'Rakunda']
['Maragi', 'Provoke', 'Rebellion', 'Tentarafoo', 'Null Light']
['Dekaja', 'Maragi', 'Rakunda', 'Mahamaon', 'Provoke']
['Provoke', 'Maragi', 'Rebellion', 'Sexy Dance', 'Rakunda']
['Provoke', 'Maragi', 'Null Light', 'Sexy Dance', 'Rakunda']
['Maragi', 'Foul Breath', 'Mudoon', 'Tentarafoo', 'Kill Rush']
['Maragi', 'Mudoon', 'Counterstrike', 'Rakunda', 'Provoke']
['Resist Dark', 'Maragi', 'Mahamaon', 'Provoke', 'Sexy Dance']
['Resist Dark', 'Maragi', 'Virus Breath', 'Mediarahan', 'Mudoon']
['Null Light', 'Maragi', 'Mudoon', 'Hama Boost', 'Recarmdra']
['Maragi', 'Provoke', 'Resist Dark', 'Rakunda', 'Hamaon']
['Resist Dark', 'Maragi', 'Virus Breath', 'Null Light', 'Hama Boost']
['Mudoon', 'Provoke', 'Maragi', 'Dekaja', 'Hama Boost']
['Maragi', 'Mudoon', 'Resist Dark', 'Ailment Boost', 'Hamaon']
['Hamaon', 'Provoke', 'Maragi', 'Counterstrike', 'Sexy Dance']
['Hama Boost', 'Provoke', 'Counterstrike', 'Maragi', 'Mahamaon']
['Maragi', 'Rakunda', 'Provoke', 'Sexy Dance', 'Tentarafoo']
['Rebellion', 'Rakunda', 'Maragi', 'Sexy Dance', 'Provoke']
['Maragi', 'Rebellion', 'Rakunda', 'Provoke', 'Hama Boost']
['Maragi', 'Mudoon', 'Dekaja', 'Rakunda', 'Virus Breath']
['Virus Breath', 'Hama Boost', 'Maragi', 'Hamaon', 'Sexy Dance']
['Maragi', 'Mudoon', 'Dekaja', 'Foul Breath', 'Tentarafoo']
['Rebellion', 'Maragi', 'Provoke', 'Kill Rush', 'Sexy Dance']
['Provoke', 'Maragi', 'Tentarafoo', 'Rebellion', 'Virus Breath']
['Maragi', 'Provoke', 'Mediarahan', 'Null Light', 'Hamaon']
['Mudoon', 'Rebellion', 'Rakunda', 'Maragi', 'Virus Breath']
['Tentarafoo', 'Sexy Dance', 'Mudoon', 'Maragi', 'Rakunda']
['Rebellion', 'Maragi', 'Hamaon', 'Hama Boost', 'Provoke']
['Maragi', 'Resist Dark', 'Tentarafoo', 'Mediarahan', 'Recarmdra']
['Sexy Dance', 'Rebellion', 'Maragi', 'Tentarafoo', 'Rakunda']
['Hama Boost', 'Provoke', 'Maragi', 'Rakunda', 'Mudoon']
['Kill Rush', 'Tentarafoo', 'Maragi', 'Rakunda', 'Rebellion']
['Maragi', 'Resist Dark', 'Provoke', 'Ailment Boost', 'Virus Breath']
['Maragi', 'Tentarafoo', 'Rebellion', 'Sexy Dance', 'Counterstrike']
['Dekaja', 'Provoke', 'Mudoon', 'Virus Breath', 'Sexy Dance']
['Maragi', 'Null Light', 'Provoke', 'Tentarafoo', 'Sexy Dance']
['Counterstrike', 'Provoke', 'Rebellion', 'Maragi', 'Mahamaon']
['Rakunda', 'Maragi', 'Mudoon', 'Tentarafoo', 'Foul Breath']
['Provoke', 'Maragi', 'Hama Boost', 'Mudoon', 'Resist Dark']
['Maragi', 'Counterstrike', 'Foul Breath', 'Provoke', 'Mahamaon']
['Mudoon', 'Maragi', 'Virus Breath', 'Sexy Dance', 'Rakunda']
['Maragi', 'Hama Boost', 'Resist Dark', 'Counterstrike', 'Provoke']
['Rebellion', 'Provoke', 'Maragi', 'Rakunda', 'Hama Boost']
['Provoke', 'Kill Rush', 'Maragi', 'Mahamaon', 'Virus Breath']
['Provoke', 'Rakunda', 'Mahamaon', 'Maragi', 'Resist Dark']
['Rebellion', 'Mudoon', 'Maragi', 'Sexy Dance', 'Resist Dark']
['Dekaja', 'Hamaon', 'Mudoon', 'Maragi', 'Tentarafoo']
['Maragi', 'Hama Boost', 'Ailment Boost', 'Dekaja', 'Provoke']
['Rakunda', 'Maragi', 'Virus Breath', 'Provoke', 'Rebellion']
['Maragi', 'Counterstrike', 'Tentarafoo', 'Hama Boost', 'Rakunda']
['Maragi', 'Rebellion', 'Counterstrike', 'Rakunda', 'Ailment Boost']
['Sexy Dance', 'Rebellion', 'Maragi', 'Hama Boost', 'Mahamaon']
['Maragi', 'Mudoon', 'Ailment Boost', 'Counterstrike', 'Mahamaon']
['Maragi', 'Null Light', 'Recarmdra', 'Provoke', 'Kill Rush']
['Maragi', 'Rakunda', 'Rebellion', 'Null Light', 'Counterstrike']
['Maragi', 'Counterstrike', 'Provoke', 'Tentarafoo', 'Rakunda']
['Maragi', 'Provoke', 'Rakunda', 'Virus Breath', 'Null Light']
['Rakunda', 'Maragi', 'Foul Breath', 'Provoke', 'Mediarahan']
['Maragi', 'Rebellion', 'Resist Dark', 'Sexy Dance', 'Rakunda']
['Provoke', 'Maragi', 'Sexy Dance', 'Dekaja', 'Mudoon']
['Maragi', 'Counterstrike', 'Virus Breath', 'Null Light', 'Rebellion']
['Maragi', 'Ailment Boost', 'Tentarafoo', 'Rakunda', 'Null Light']
['Maragi', 'Sexy Dance', 'Dekaja', 'Resist Dark', 'Hama Boost']
['Sexy Dance', 'Rebellion', 'Maragi', 'Virus Breath', 'Mudoon']
['Maragi', 'Counterstrike', 'Null Light', 'Rebellion', 'Ailment Boost']
['Maragi', 'Rakunda', 'Virus Breath', 'Hama Boost', 'Dekaja']
['Maragi', 'Tentarafoo', 'Sexy Dance', 'Mediarahan', 'Null Light']
['Maragi', 'Foul Breath', 'Rebellion', 'Hamaon', 'Provoke']
['Rakunda', 'Mudoon', 'Maragi', 'Rebellion', 'Hama Boost']
['Rakunda', 'Hamaon', 'Maragi', 'Sexy Dance', 'Tentarafoo']
['Maragi', 'Provoke', 'Sexy Dance', 'Kill Rush', 'Counterstrike']
['Maragi', 'Rakunda', 'Resist Dark', 'Hama Boost', 'Kill Rush']
['Maragi', 'Virus Breath', 'Tentarafoo', 'Sexy Dance', 'Counterstrike']
['Rebellion', 'Hama Boost', 'Maragi', 'Provoke', 'Ailment Boost']
['Provoke', 'Maragi', 'Tentarafoo', 'Sexy Dance', 'Counterstrike']
['Rebellion', 'Maragi', 'Ailment Boost', 'Hamaon', 'Dekaja']
['Dekaja', 'Maragi', 'Tentarafoo', 'Ailment Boost', 'Sexy Dance']
['Rebellion', 'Maragi', 'Dekaja', 'Mudoon', 'Hama Boost']
['Hamaon', 'Provoke', 'Maragi', 'Rakunda', 'Rebellion']
['Maragi', 'Dekaja', 'Rebellion', 'Provoke', 'Hamaon']
['Virus Breath', 'Foul Breath', 'Maragi', 'Ailment Boost', 'Mediarahan']
['Maragi', 'Ailment Boost', 'Recarmdra', 'Hama Boost', 'Provoke']
['Mahamaon', 'Rebellion', 'Maragi', 'Sexy Dance', 'Counterstrike']
['Rakunda', 'Counterstrike', 'Maragi', 'Dekaja', 'Sexy Dance']
['Tentarafoo', 'Rebellion', 'Mudoon', 'Virus Breath', 'Maragi']
['Maragi', 'Mahamaon', 'Provoke', 'Dekaja', 'Null Light']
['Rakunda', 'Maragi', 'Counterstrike', 'Virus Breath', 'Sexy Dance']
['Maragi', 'Tentarafoo', 'Virus Breath', 'Sexy Dance', 'Rakunda']
['Sexy Dance', 'Ailment Boost', 'Tentarafoo', 'Provoke', 'Hamaon']
['Counterstrike', 'Maragi', 'Recarmdra', 'Sexy Dance', 'Hama Boost']
['Sexy Dance', 'Maragi', 'Rebellion', 'Hama Boost', 'Hamaon']
['Maragi', 'Provoke', 'Rakunda', 'Counterstrike', 'Mahamaon']
['Maragi', 'Rebellion', 'Provoke', 'Rakunda', 'Null Light']
['Rebellion', 'Rakunda', 'Maragi', 'Provoke', 'Mediarahan']
['Maragi', 'Provoke', 'Rakunda', 'Rebellion', 'Recarmdra']
['Tentarafoo', 'Recarmdra', 'Mudoon', 'Provoke', 'Maragi']
['Maragi', 'Hamaon', 'Dekaja', 'Mudoon', 'Provoke']
['Maragi', 'Provoke', 'Mahamaon', 'Sexy Dance', 'Kill Rush']
['Maragi', 'Recarmdra', 'Rakunda', 'Resist Dark', 'Rebellion']
['Hamaon', 'Maragi', 'Virus Breath', 'Rebellion', 'Rakunda']
['Maragi', 'Rebellion', 'Sexy Dance', 'Foul Breath', 'Dekaja']
['Maragi', 'Counterstrike', 'Rakunda', 'Mudoon', 'Null Light']
['Maragi', 'Ailment Boost', 'Mahamaon', 'Dekaja', 'Mudoon']
['Maragi', 'Provoke', 'Hamaon', 'Resist Dark', 'Rebellion']
['Maragi', 'Recarmdra', 'Virus Breath', 'Rakunda', 'Hama Boost']
['Maragi', 'Counterstrike', 'Rebellion', 'Provoke', 'Recarmdra']
['Maragi', 'Hamaon', 'Dekaja', 'Mahamaon', 'Mudoon']
['Rebellion', 'Null Light', 'Sexy Dance', 'Maragi', 'Recarmdra']
['Sexy Dance', 'Mahamaon', 'Tentarafoo', 'Rebellion', 'Mediarahan']
['Provoke', 'Maragi', 'Dekaja', 'Virus Breath', 'Resist Dark']
['Maragi', 'Rakunda', 'Tentarafoo', 'Resist Dark', 'Rebellion']
['Maragi', 'Mudoon', 'Mediarahan', 'Provoke', 'Sexy Dance']
['Mudoon', 'Maragi', 'Rebellion', 'Hamaon', 'Null Light']
['Rebellion', 'Rakunda', 'Maragi', 'Provoke', 'Tentarafoo']
['Counterstrike', 'Maragi', 'Rebellion', 'Hama Boost', 'Foul Breath']
['Maragi', 'Hamaon', 'Sexy Dance', 'Counterstrike', 'Mediarahan']
['Maragi', 'Recarmdra', 'Mediarahan', 'Provoke', 'Dekaja']
['Ailment Boost', 'Maragi', 'Tentarafoo', 'Rakunda', 'Hama Boost']
['Maragi', 'Provoke', 'Rakunda', 'Rebellion', 'Dekaja']
['Hamaon', 'Maragi', 'Rakunda', 'Null Light', 'Provoke']
['Hama Boost', 'Maragi', 'Rebellion', 'Provoke', 'Ailment Boost']
['Provoke', 'Mahamaon', 'Counterstrike', 'Maragi', 'Rebellion']
['Maragi', 'Mudoon', 'Rebellion', 'Dekaja', 'Mediarahan']
['Provoke', 'Maragi', 'Sexy Dance', 'Rakunda', 'Ailment Boost']
['Ailment Boost', 'Maragi', 'Provoke', 'Rebellion', 'Foul Breath']
['Mediarahan', 'Maragi', 'Hama Boost', 'Tentarafoo', 'Provoke']
['Hamaon', 'Maragi', 'Provoke', 'Mahamaon', 'Foul Breath']
['Maragi', 'Hama Boost', 'Rebellion', 'Hamaon', 'Rakunda']
['Maragi', 'Provoke', 'Rebellion', 'Ailment Boost', 'Mahamaon']
['Counterstrike', 'Mudoon', 'Provoke', 'Maragi', 'Hama Boost']
['Counterstrike', 'Mudoon', 'Rebellion', 'Resist Dark', 'Maragi']
['Maragi', 'Rakunda', 'Provoke', 'Resist Dark', 'Recarmdra']
['Tentarafoo', 'Rakunda', 'Sexy Dance', 'Maragi', 'Provoke']
['Maragi', 'Resist Dark', 'Sexy Dance', 'Hama Boost', 'Rakunda']
['Hama Boost', 'Maragi', 'Mediarahan', 'Rebellion', 'Resist Dark']
['Dekaja', 'Rebellion', 'Kill Rush', 'Rakunda', 'Sexy Dance']
['Maragi', 'Null Light', 'Rebellion', 'Tentarafoo', 'Dekaja']
['Mudoon', 'Virus Breath', 'Counterstrike', 'Rakunda', 'Maragi']
['Maragi', 'Counterstrike', 'Rebellion', 'Hamaon', 'Rakunda']
['Maragi', 'Tentarafoo', 'Recarmdra', 'Rebellion', 'Provoke']
['Counterstrike', 'Maragi', 'Hamaon', 'Dekaja', 'Virus Breath']
['Resist Dark', 'Recarmdra', 'Maragi', 'Rakunda', 'Tentarafoo']
['Maragi', 'Rakunda', 'Hama Boost', 'Resist Dark', 'Virus Breath']
['Maragi', 'Virus Breath', 'Null Light', 'Hamaon', 'Rakunda']
['Maragi', 'Sexy Dance', 'Ailment Boost', 'Mahamaon', 'Rakunda']
['Maragi', 'Mahamaon', 'Counterstrike', 'Tentarafoo', 'Resist Dark']
['Dekaja', 'Hama Boost', 'Maragi', 'Tentarafoo', 'Sexy Dance']
['Maragi', 'Resist Dark', 'Rebellion', 'Hama Boost', 'Rakunda']
['Hamaon', 'Hama Boost', 'Null Light', 'Maragi', 'Rakunda']
['Maragi', 'Counterstrike', 'Provoke', 'Hama Boost', 'Tentarafoo']
['Maragi', 'Provoke', 'Sexy Dance', 'Rakunda', 'Ailment Boost']
['Null Light', 'Rakunda', 'Counterstrike', 'Rebellion', 'Maragi']
['Maragi', 'Rebellion', 'Mediarahan', 'Virus Breath', 'Hama Boost']
['Maragi', 'Provoke', 'Ailment Boost', 'Rakunda', 'Resist Dark']
['Rebellion', 'Virus Breath', 'Maragi', 'Rakunda', 'Foul Breath']
['Hama Boost', 'Recarmdra', 'Maragi', 'Mudoon', 'Provoke']
['Maragi', 'Provoke', 'Tentarafoo', 'Mahamaon', 'Mediarahan']
['Maragi', 'Mediarahan', 'Rakunda', 'Provoke', 'Dekaja']
['Maragi', 'Recarmdra', 'Tentarafoo', 'Virus Breath', 'Provoke']
['Mediarahan', 'Maragi', 'Rebellion', 'Dekaja', 'Rakunda']
['Rebellion', 'Rakunda', 'Resist Dark', 'Dekaja', 'Maragi']
['Maragi', 'Mudoon', 'Ailment Boost', 'Null Light', 'Hamaon']
['Null Light', 'Rebellion', 'Maragi', 'Provoke', 'Rakunda']
['Null Light', 'Provoke', 'Tentarafoo', 'Maragi', 'Mudoon']
['Maragi', 'Rebellion', 'Kill Rush', 'Hamaon', 'Counterstrike']
['Maragi', 'Rakunda', 'Rebellion', 'Resist Dark', 'Dekaja']
['Sexy Dance', 'Maragi', 'Rakunda', 'Kill Rush', 'Mediarahan']
['Maragi', 'Null Light', 'Sexy Dance', 'Mahamaon', 'Rakunda']
['Provoke', 'Resist Dark', 'Tentarafoo', 'Maragi', 'Mudoon']
['Hamaon', 'Mahamaon', 'Maragi', 'Hama Boost', 'Mudoon']
['Maragi', 'Hama Boost', 'Virus Breath', 'Hamaon', 'Mahamaon']
['Maragi', 'Counterstrike', 'Rebellion', 'Dekaja', 'Hama Boost']
['Recarmdra', 'Maragi', 'Sexy Dance', 'Provoke', 'Rakunda']
['Virus Breath', 'Sexy Dance', 'Maragi', 'Dekaja', 'Null Light']
['Maragi', 'Rakunda', 'Hamaon', 'Tentarafoo', 'Mudoon']
['Hama Boost', 'Maragi', 'Rakunda', 'Dekaja', 'Tentarafoo']
['Tentarafoo', 'Maragi', 'Rebellion', 'Resist Dark', 'Recarmdra']
['Maragi', 'Rakunda', 'Provoke', 'Mahamaon', 'Resist Dark']
['Maragi', 'Counterstrike', 'Mudoon', 'Rebellion', 'Null Light']
['Maragi', 'Provoke', 'Rakunda', 'Hama Boost', 'Tentarafoo']
['Maragi', 'Tentarafoo', 'Ailment Boost', 'Counterstrike', 'Resist Dark']
['Mudoon', 'Rebellion', 'Maragi', 'Mediarahan', 'Rakunda']
['Maragi', 'Provoke', 'Foul Breath', 'Rebellion', 'Dekaja']
['Maragi', 'Rebellion', 'Tentarafoo', 'Virus Breath', 'Mudoon']
['Maragi', 'Rakunda', 'Hamaon', 'Rebellion', 'Sexy Dance']
['Foul Breath', 'Maragi', 'Mahamaon', 'Mudoon', 'Rakunda']
['Virus Breath', 'Maragi', 'Rebellion', 'Null Light', 'Mahamaon']
['Maragi', 'Sexy Dance', 'Dekaja', 'Provoke', 'Tentarafoo']
['Maragi', 'Resist Dark', 'Mahamaon', 'Provoke', 'Mudoon']
['Maragi', 'Sexy Dance', 'Provoke', 'Mudoon', 'Foul Breath']
['Maragi', 'Counterstrike', 'Virus Breath', 'Rakunda', 'Mudoon']
['Maragi', 'Counterstrike', 'Mahamaon', 'Sexy Dance', 'Null Light']
['Mahamaon', 'Maragi', 'Hama Boost', 'Hamaon', 'Tentarafoo']
['Maragi', 'Tentarafoo', 'Counterstrike', 'Null Light', 'Resist Dark']
['Hama Boost', 'Provoke', 'Null Light', 'Tentarafoo', 'Maragi']
['Maragi', 'Rakunda', 'Virus Breath', 'Hama Boost', 'Provoke']
['Mediarahan', 'Rakunda', 'Maragi', 'Rebellion', 'Resist Dark']
['Hamaon', 'Mudoon', 'Rakunda', 'Maragi', 'Rebellion']
['Maragi', 'Hama Boost', 'Ailment Boost', 'Foul Breath', 'Mudoon']
['Maragi', 'Sexy Dance', 'Rebellion', 'Hama Boost', 'Mudoon']
['Hama Boost', 'Mediarahan', 'Counterstrike', 'Maragi', 'Dekaja']
['Maragi', 'Kill Rush', 'Provoke', 'Rebellion', 'Dekaja']
['Maragi', 'Rakunda', 'Mudoon', 'Dekaja', 'Counterstrike']
['Rebellion', 'Provoke', 'Virus Breath', 'Hamaon', 'Maragi']
['Maragi', 'Sexy Dance', 'Provoke', 'Mudoon', 'Mahamaon']
['Tentarafoo', 'Maragi', 'Rebellion', 'Rakunda', 'Provoke']
['Hama Boost', 'Dekaja', 'Maragi', 'Provoke', 'Rakunda']
['Maragi', 'Rakunda', 'Provoke', 'Mediarahan', 'Mahamaon']
['Rebellion', 'Sexy Dance', 'Maragi', 'Recarmdra', 'Mudoon']
['Maragi', 'Resist Dark', 'Sexy Dance', 'Counterstrike', 'Provoke']
['Rakunda', 'Mahamaon', 'Maragi', 'Foul Breath', 'Tentarafoo']
['Rebellion', 'Sexy Dance', 'Provoke', 'Resist Dark', 'Maragi']
['Recarmdra', 'Virus Breath', 'Sexy Dance', 'Maragi', 'Mudoon']
['Dekaja', 'Maragi', 'Hamaon', 'Rebellion', 'Rakunda']
['Rakunda', 'Counterstrike', 'Dekaja', 'Maragi', 'Hama Boost']
['Maragi', 'Virus Breath', 'Tentarafoo', 'Hama Boost', 'Sexy Dance']
['Maragi', 'Rebellion', 'Null Light', 'Mediarahan', 'Mahamaon']
['Mudoon', 'Provoke', 'Maragi', 'Recarmdra', 'Resist Dark']
['Resist Dark', 'Ailment Boost', 'Tentarafoo', 'Maragi', 'Rebellion']
['Maragi', 'Provoke', 'Counterstrike', 'Sexy Dance', 'Recarmdra']
['Hama Boost', 'Maragi', 'Sexy Dance', 'Hamaon', 'Dekaja']
['Rakunda', 'Maragi', 'Null Light', 'Tentarafoo', 'Counterstrike']
['Counterstrike', 'Maragi', 'Mahamaon', 'Rakunda', 'Resist Dark']
['Hama Boost', 'Rakunda', 'Rebellion', 'Provoke', 'Maragi']
['Provoke', 'Sexy Dance', 'Maragi', 'Counterstrike', 'Tentarafoo']
['Mudoon', 'Sexy Dance', 'Maragi', 'Mahamaon', 'Rebellion']
['Maragi', 'Mahamaon', 'Virus Breath', 'Provoke', 'Rakunda']
['Mahamaon', 'Ailment Boost', 'Maragi', 'Rebellion', 'Kill Rush']
['Provoke', 'Rakunda', 'Maragi', 'Hamaon', 'Virus Breath']
['Mediarahan', 'Maragi', 'Dekaja', 'Resist Dark', 'Counterstrike']
['Maragi', 'Counterstrike', 'Kill Rush', 'Rebellion', 'Null Light']
['Resist Dark', 'Mahamaon', 'Maragi', 'Rakunda', 'Counterstrike']
['Null Light', 'Maragi', 'Dekaja', 'Foul Breath', 'Virus Breath']
['Ailment Boost', 'Maragi', 'Rebellion', 'Provoke', 'Hama Boost']
['Rakunda', 'Maragi', 'Null Light', 'Sexy Dance', 'Hamaon']
['Provoke', 'Rebellion', 'Maragi', 'Resist Dark', 'Tentarafoo']
['Maragi', 'Provoke', 'Mudoon', 'Null Light', 'Rebellion']
['Maragi', 'Provoke', 'Rebellion', 'Mediarahan', 'Recarmdra']
['Maragi', 'Dekaja', 'Rakunda', 'Virus Breath', 'Tentarafoo']
['Maragi', 'Provoke', 'Hamaon', 'Rakunda', 'Hama Boost']
['Maragi', 'Mediarahan', 'Rakunda', 'Provoke', 'Sexy Dance']
['Ailment Boost', 'Provoke', 'Maragi', 'Hamaon', 'Sexy Dance']
['Maragi', 'Tentarafoo', 'Hamaon', 'Hama Boost', 'Resist Dark']
['Mediarahan', 'Maragi', 'Hama Boost', 'Resist Dark', 'Tentarafoo']
['Maragi', 'Ailment Boost', 'Null Light', 'Provoke', 'Sexy Dance']
['Sexy Dance', 'Mahamaon', 'Maragi', 'Rebellion', 'Hama Boost']
['Maragi', 'Null Light', 'Resist Dark', 'Mahamaon', 'Mediarahan']
['Virus Breath', 'Maragi', 'Hama Boost', 'Provoke', 'Recarmdra']
['Provoke', 'Maragi', 'Sexy Dance', 'Counterstrike', 'Recarmdra']
['Sexy Dance', 'Foul Breath', 'Maragi', 'Rebellion', 'Counterstrike']
['Null Light', 'Maragi', 'Mudoon', 'Sexy Dance', 'Tentarafoo']
['Hamaon', 'Maragi', 'Rebellion', 'Rakunda', 'Virus Breath']
['Provoke', 'Sexy Dance', 'Ailment Boost', 'Resist Dark', 'Null Light']
['Resist Dark', 'Maragi', 'Sexy Dance', 'Rakunda', 'Rebellion']
['Provoke', 'Null Light', 'Resist Dark', 'Sexy Dance', 'Maragi']
['Rebellion', 'Maragi', 'Virus Breath', 'Rakunda', 'Dekaja']
['Maragi', 'Hamaon', 'Hama Boost', 'Provoke', 'Sexy Dance']
['Mediarahan', 'Rakunda', 'Maragi', 'Mudoon', 'Hama Boost']
['Provoke', 'Dekaja', 'Tentarafoo', 'Virus Breath', 'Sexy Dance']
['Mudoon', 'Maragi', 'Sexy Dance', 'Rakunda', 'Null Light']
['Provoke', 'Rebellion', 'Maragi', 'Virus Breath', 'Counterstrike']
['Rebellion', 'Hamaon', 'Maragi', 'Ailment Boost', 'Resist Dark']
['Hamaon', 'Maragi', 'Rakunda', 'Null Light', 'Dekaja']
['Maragi', 'Rebellion', 'Mahamaon', 'Recarmdra', 'Null Light']
['Mudoon', 'Maragi', 'Kill Rush', 'Mediarahan', 'Rebellion']
['Maragi', 'Foul Breath', 'Virus Breath', 'Hamaon', 'Rakunda']
['Sexy Dance', 'Maragi', 'Recarmdra', 'Resist Dark', 'Ailment Boost']
['Rebellion', 'Rakunda', 'Mudoon', 'Maragi', 'Hama Boost']
['Ailment Boost', 'Maragi', 'Null Light', 'Rebellion', 'Counterstrike']
['Hama Boost', 'Mudoon', 'Foul Breath', 'Maragi', 'Rakunda']
['Rakunda', 'Dekaja', 'Mudoon', 'Hama Boost', 'Maragi']
['Provoke', 'Maragi', 'Sexy Dance', 'Rebellion', 'Mudoon']
['Maragi', 'Dekaja', 'Kill Rush', 'Hama Boost', 'Rebellion']
['Maragi', 'Mahamaon', 'Sexy Dance', 'Counterstrike', 'Tentarafoo']
['Null Light', 'Maragi', 'Mahamaon', 'Provoke', 'Rakunda']
['Counterstrike', 'Maragi', 'Tentarafoo', 'Rakunda', 'Mudoon']
['Mudoon', 'Mediarahan', 'Ailment Boost', 'Hama Boost', 'Provoke']
['Mediarahan', 'Maragi', 'Rebellion', 'Dekaja', 'Counterstrike']
['Hama Boost', 'Mudoon', 'Provoke', 'Maragi', 'Rakunda']
['Maragi', 'Rakunda', 'Resist Dark', 'Rebellion', 'Mediarahan']
['Maragi', 'Hamaon', 'Mahamaon', 'Mudoon', 'Counterstrike']
['Mediarahan', 'Mudoon', 'Mahamaon', 'Maragi', 'Sexy Dance']
['Maragi', 'Hama Boost', 'Hamaon', 'Counterstrike', 'Foul Breath']
['Ailment Boost', 'Rakunda', 'Maragi', 'Rebellion', 'Dekaja']
['Maragi', 'Ailment Boost', 'Sexy Dance', 'Mudoon', 'Resist Dark']
['Null Light', 'Rakunda', 'Hamaon', 'Sexy Dance', 'Maragi']
