['Null Panic', 'Sukukaja', 'Mediarama', 'Raging Tiger', 'Growth 3']
['Raging Tiger', 'Mediarama', 'Null Panic', 'Twin Shot', 'Sukukaja']
['Counter', 'Growth 3', 'Raging Tiger', 'Mediarama', 'Ghastly Wail']
['Ice Boost', 'Raging Tiger', 'Mediarama', '1hSwd Master', 'Sonic Punch']
['Poison Mist', 'Raging Tiger', 'Null Elec', 'Growth 3', 'Ice Boost']
['Auto-Tarukaja', 'Poison Arrow', 'Mahamaon', 'Sonic Punch', 'Raging Tiger']
['Dodge Strike', 'Raging Tiger', 'Null Panic', 'Sukukaja', 'Counter']
['Auto-Tarukaja', 'Raging Tiger', 'Sukukaja', 'Growth 3', 'Twin Shot']
['Raging Tiger', 'Poison Mist', 'Dodge Strike', 'Null Panic', 'Ghastly Wail']
['Sukukaja', 'Auto-Tarukaja', 'Null Panic', 'Poison Mist', 'Growth 3']
['Ice Boost', 'Tempest Slash', 'Raging Tiger', 'Growth 3', 'Poison Mist']
['Dodge Strike', 'Raging Tiger', 'Ghastly Wail', 'Auto-Tarukaja', 'Megidola']
['Amrita', 'Raging Tiger', 'Mediarama', 'Counter', 'Null Elec']
['Mediarama', 'Raging Tiger', 'Tempest Slash', 'Null Elec', 'Sukukaja']
['Raging Tiger', 'Poison Mist', 'Auto-Tarukaja', 'Ice Boost', 'Counter']
['Null Panic', 'Mediarama', 'Amrita', 'Growth 3', 'Raging Tiger']
['Sonic Punch', 'Raging Tiger', 'Mediarama', 'Dodge Strike', 'Null Elec']
['Poison Mist', 'Raging Tiger', 'Dodge Strike', 'Sonic Punch', 'Ice Boost']
['Auto-Tarukaja', 'Sukukaja', 'Ice Boost', 'Mahamaon', 'Growth 3']
['Null Elec', 'Megidola', 'Poison Mist', 'Raging Tiger', 'Counter']
['Growth 3', 'Sukukaja', 'Counter', 'Ice Boost', 'Raging Tiger']
['Raging Tiger', 'Dodge Strike', 'Auto-Tarukaja', 'Ghastly Wail', 'Amrita']
['Counter', 'Growth 3', 'Dodge Strike', 'Ghastly Wail', 'Null Elec']
['Mahamaon', 'Ice Boost', 'Sukukaja', 'Raging Tiger', 'Dodge Strike']
['1hSwd Master', 'Sukukaja', 'Twin Shot', 'Dodge Strike', 'Mediarama']
['Poison Mist', 'Mediarama', 'Dodge Strike', 'Amrita', 'Raging Tiger']
['Auto-Tarukaja', 'Raging Tiger', 'Sukukaja', 'Poison Arrow', 'Growth 3']
['Counter', 'Raging Tiger', 'Mahamaon', 'Sukukaja', 'Mediarama']
['Dodge Strike', 'Raging Tiger', 'Sonic Punch', 'Ice Boost', 'Counter']
['Raging Tiger', 'Sukukaja', 'Sonic Punch', 'Mahamaon', 'Null Panic']
['Raging Tiger', 'Null Panic', 'Counter', 'Auto-Tarukaja', 'Ice Boost']
['Counter', 'Poison Mist', 'Ice Boost', 'Auto-Tarukaja', '1hSwd Master']
['Growth 3', 'Raging Tiger', 'Sukukaja', 'Counter', 'Mahamaon']
['Raging Tiger', 'Sukukaja', 'Poison Mist', 'Null Panic', 'Dodge Strike']
['Raging Tiger', 'Megidola', 'Growth 3', '1hSwd Master', 'Counter']
['Poison Mist', 'Null Panic', 'Sukukaja', 'Mediarama', 'Raging Tiger']
['Poison Mist', 'Mediarama', '1hSwd Master', 'Twin Shot', 'Null Panic']
['Null Panic', 'Auto-Tarukaja', 'Sukukaja', 'Counter', 'Null Elec']
['Null Panic', 'Raging Tiger', 'Mahamaon', 'Amrita', 'Dodge Strike']
['Growth 3', 'Sukukaja', 'Poison Mist', 'Ghastly Wail', 'Counter']
['Poison Mist', 'Counter', 'Amrita', 'Ice Boost', 'Sukukaja']
['Sukukaja', 'Mediarama', 'Counter', 'Raging Tiger', '1hSwd Master']
['Sukukaja', 'Poison Mist', 'Counter', 'Auto-Tarukaja', 'Dodge Strike']
['Poison Mist', 'Raging Tiger', 'Growth 3', 'Amrita', '1hSwd Master']
['Null Elec', 'Raging Tiger', 'Sukukaja', 'Growth 3', '1hSwd Master']
['Ice Boost', 'Raging Tiger', 'Sukukaja', 'Poison Mist', 'Mahamaon']
['Raging Tiger', 'Null Elec', 'Ice Boost', 'Amrita', 'Poison Mist']
['1hSwd Master', 'Sukukaja', 'Raging Tiger', 'Ice Boost', 'Auto-Tarukaja']
['Null Panic', 'Ice Boost', 'Poison Mist', 'Raging Tiger', 'Sonic Punch']
['Sukukaja', 'Counter', 'Ice Boost', 'Auto-Tarukaja', 'Poison Mist']
['Null Elec', 'Ice Boost', 'Null Panic', 'Dodge Strike', 'Raging Tiger']
['Null Panic', 'Null Elec', 'Mahamaon', 'Raging Tiger', 'Sukukaja']
['1hSwd Master', 'Dodge Strike', 'Growth 3', 'Null Panic', 'Ice Boost']
['Dodge Strike', 'Raging Tiger', 'Counter', 'Auto-Tarukaja', 'Mediarama']
['Sukukaja', 'Mahamaon', '1hSwd Master', 'Ice Boost', 'Amrita']
['Null Panic', 'Dodge Strike', 'Poison Mist', 'Raging Tiger', 'Ice Boost']
['Auto-Tarukaja', 'Poison Arrow', 'Growth 3', 'Raging Tiger', 'Null Panic']
['Null Elec', 'Null Panic', 'Sukukaja', 'Raging Tiger', '1hSwd Master']
['Sonic Punch', 'Raging Tiger', 'Ice Boost', 'Null Panic', 'Dodge Strike']
['Counter', '1hSwd Master', 'Megidola', 'Mahamaon', 'Sukukaja']
['Ghastly Wail', 'Dodge Strike', 'Sukukaja', 'Ice Boost', 'Raging Tiger']
['Poison Mist', 'Mahamaon', 'Mediarama', 'Null Elec', 'Counter']
['Counter', 'Dodge Strike', '1hSwd Master', 'Twin Shot', 'Raging Tiger']
['1hSwd Master', 'Dodge Strike', 'Raging Tiger', 'Null Elec', 'Ghastly Wail']
['Sukukaja', 'Auto-Tarukaja', 'Poison Mist', 'Growth 3', 'Raging Tiger']
['Ice Boost', 'Raging Tiger', 'Mediarama', 'Dodge Strike', 'Counter']
['Counter', 'Ghastly Wail', 'Raging Tiger', 'Sukukaja', 'Null Elec']
['Poison Mist', '1hSwd Master', 'Raging Tiger', 'Counter', 'Sonic Punch']
['Counter', 'Mahamaon', 'Raging Tiger', 'Dodge Strike', 'Poison Mist']
['Raging Tiger', 'Sukukaja', 'Growth 3', 'Poison Arrow', 'Sonic Punch']
['Ice Boost', 'Raging Tiger', 'Growth 3', 'Auto-Tarukaja', 'Counter']
['Poison Mist', 'Ice Boost', 'Sukukaja', 'Sonic Punch', 'Dodge Strike']
['1hSwd Master', 'Raging Tiger', 'Ice Boost', 'Sukukaja', 'Growth 3']
['Null Elec', 'Sukukaja', 'Tempest Slash', 'Raging Tiger', 'Ice Boost']
['Null Elec', '1hSwd Master', 'Growth 3', 'Counter', 'Ice Boost']
['Null Panic', 'Megidola', 'Raging Tiger', 'Sukukaja', 'Auto-Tarukaja']
['Null Panic', 'Ghastly Wail', 'Raging Tiger', 'Auto-Tarukaja', 'Poison Mist']
['Poison Mist', 'Growth 3', 'Raging Tiger', 'Ghastly Wail', 'Sukukaja']
['Auto-Tarukaja', 'Mediarama', 'Ice Boost', 'Null Elec', 'Raging Tiger']
['Mediarama', 'Raging Tiger', '1hSwd Master', 'Null Panic', 'Megidola']
['1hSwd Master', 'Counter', 'Dodge Strike', 'Sukukaja', 'Auto-Tarukaja']
['Sonic Punch', 'Auto-Tarukaja', 'Growth 3', 'Mahamaon', 'Ghastly Wail']
['Mahamaon', 'Dodge Strike', 'Null Panic', 'Sukukaja', 'Ice Boost']
['Twin Shot', 'Dodge Strike', 'Counter', '1hSwd Master', 'Null Panic']
['Null Panic', 'Sukukaja', 'Ice Boost', 'Dodge Strike', 'Raging Tiger']
['Growth 3', 'Raging Tiger', 'Amrita', 'Auto-Tarukaja', 'Sonic Punch']
['Raging Tiger', 'Growth 3', 'Auto-Tarukaja', 'Poison Mist', 'Ice Boost']
['1hSwd Master', 'Dodge Strike', 'Null Panic', 'Mahamaon', 'Poison Mist']
['1hSwd Master', 'Auto-Tarukaja', 'Ice Boost', 'Raging Tiger', 'Growth 3']
['Raging Tiger', 'Null Panic', 'Counter', 'Poison Mist', 'Sukukaja']
['Raging Tiger', 'Mediarama', 'Ice Boost', 'Sukukaja', 'Mahamaon']
['Auto-Tarukaja', 'Ice Boost', 'Counter', 'Dodge Strike', 'Sonic Punch']
['Null Panic', 'Raging Tiger', 'Sukukaja', 'Ghastly Wail', 'Counter']
['Ice Boost', 'Raging Tiger', 'Sukukaja', 'Growth 3', 'Auto-Tarukaja']
['Dodge Strike', 'Sukukaja', 'Raging Tiger', 'Ice Boost', 'Auto-Tarukaja']
['Twin Shot', 'Poison Mist', 'Dodge Strike', 'Counter', 'Mahamaon']
['Null Elec', 'Ice Boost', '1hSwd Master', 'Tempest Slash', 'Dodge Strike']
['Sukukaja', 'Dodge Strike', 'Growth 3', 'Auto-Tarukaja', 'Poison Mist']
['Auto-Tarukaja', 'Ice Boost', 'Raging Tiger', 'Sukukaja', '1hSwd Master']
['Dodge Strike', 'Raging Tiger', 'Auto-Tarukaja', 'Null Panic', 'Ice Boost']
['Auto-Tarukaja', 'Sukukaja', 'Null Elec', 'Poison Mist', 'Mahamaon']
['Dodge Strike', 'Null Panic', 'Ice Boost', 'Raging Tiger', 'Mahamaon']
['Auto-Tarukaja', 'Raging Tiger', 'Growth 3', 'Poison Mist', 'Sukukaja']
['Dodge Strike', 'Ghastly Wail', 'Raging Tiger', 'Auto-Tarukaja', 'Ice Boost']
['Sukukaja', 'Poison Mist', 'Raging Tiger', 'Ice Boost', '1hSwd Master']
['Growth 3', 'Ice Boost', 'Null Panic', 'Raging Tiger', '1hSwd Master']
['Mediarama', 'Dodge Strike', 'Ice Boost', 'Sukukaja', 'Mahamaon']
['Null Elec', 'Amrita', 'Raging Tiger', 'Null Panic', 'Mediarama']
['Twin Shot', 'Null Elec', 'Sukukaja', 'Dodge Strike', 'Raging Tiger']
['Growth 3', 'Raging Tiger', 'Ghastly Wail', 'Ice Boost', 'Mediarama']
['Amrita', 'Null Elec', 'Raging Tiger', 'Auto-Tarukaja', 'Mediarama']
['Counter', 'Null Elec', 'Poison Mist', 'Sonic Punch', 'Null Panic']
['Growth 3', 'Null Panic', 'Ice Boost', 'Null Elec', 'Poison Mist']
['Null Elec', 'Poison Mist', 'Auto-Tarukaja', 'Raging Tiger', 'Ice Boost']
['Dodge Strike', 'Raging Tiger', '1hSwd Master', 'Ice Boost', 'Auto-Tarukaja']
['Null Elec', 'Raging Tiger', 'Null Panic', '1hSwd Master', 'Amrita']
['Growth 3', '1hSwd Master', 'Mediarama', 'Poison Mist', 'Mahamaon']
['Null Elec', 'Dodge Strike', 'Sukukaja', 'Auto-Tarukaja', 'Mediarama']
['Ghastly Wail', 'Dodge Strike', 'Sukukaja', 'Poison Mist', 'Ice Boost']
['Mahamaon', 'Poison Mist', 'Raging Tiger', 'Ice Boost', 'Sukukaja']
['Poison Mist', 'Dodge Strike', 'Auto-Tarukaja', 'Counter', 'Poison Arrow']
['1hSwd Master', 'Auto-Tarukaja', 'Counter', 'Amrita', 'Raging Tiger']
['Ice Boost', 'Dodge Strike', 'Mahamaon', 'Raging Tiger', 'Poison Mist']
['Dodge Strike', 'Sonic Punch', 'Ice Boost', 'Counter', '1hSwd Master']
['Counter', 'Mahamaon', 'Sonic Punch', 'Raging Tiger', 'Dodge Strike']
['Raging Tiger', 'Sukukaja', 'Amrita', 'Counter', 'Mediarama']
['Raging Tiger', 'Null Panic', 'Mediarama', 'Sukukaja', 'Auto-Tarukaja']
['Null Panic', 'Raging Tiger', 'Ice Boost', 'Mahamaon', 'Counter']
['Raging Tiger', 'Dodge Strike', 'Ice Boost', 'Mediarama', '1hSwd Master']
['1hSwd Master', 'Sukukaja', 'Ice Boost', 'Mahamaon', 'Raging Tiger']
['Ice Boost', 'Auto-Tarukaja', 'Mediarama', 'Dodge Strike', 'Raging Tiger']
['Raging Tiger', 'Ice Boost', 'Null Elec', 'Counter', 'Mahamaon']
['Auto-Tarukaja', 'Sonic Punch', 'Ice Boost', 'Dodge Strike', 'Null Panic']
['Counter', 'Sukukaja', 'Ice Boost', 'Growth 3', 'Ghastly Wail']
['Sonic Punch', 'Ice Boost', 'Null Elec', 'Raging Tiger', 'Mediarama']
['Poison Mist', 'Counter', 'Null Panic', 'Dodge Strike', 'Raging Tiger']
['Dodge Strike', 'Raging Tiger', 'Sukukaja', 'Counter', 'Null Panic']
['Auto-Tarukaja', 'Amrita', 'Tempest Slash', 'Growth 3', 'Twin Shot']
['Raging Tiger', 'Sukukaja', 'Counter', 'Ice Boost', 'Null Elec']
['Raging Tiger', 'Counter', 'Null Panic', 'Mahamaon', 'Ghastly Wail']
['Sukukaja', 'Poison Mist', 'Sonic Punch', 'Dodge Strike', 'Raging Tiger']
['Counter', 'Raging Tiger', 'Megidola', 'Dodge Strike', '1hSwd Master']
['Null Panic', 'Counter', 'Ice Boost', 'Amrita', 'Raging Tiger']
['Growth 3', 'Raging Tiger', 'Auto-Tarukaja', 'Megidola', 'Sukukaja']
['Counter', 'Mahamaon', 'Growth 3', '1hSwd Master', 'Sukukaja']
['Mediarama', 'Raging Tiger', 'Growth 3', 'Counter', 'Dodge Strike']
['Raging Tiger', 'Sukukaja', 'Poison Arrow', 'Auto-Tarukaja', 'Mahamaon']
['Raging Tiger', 'Ice Boost', 'Mediarama', 'Amrita', 'Mahamaon']
['Ghastly Wail', 'Ice Boost', 'Mahamaon', 'Sukukaja', 'Growth 3']
['Poison Mist', 'Raging Tiger', 'Dodge Strike', 'Ice Boost', 'Sukukaja']
['1hSwd Master', 'Dodge Strike', 'Ice Boost', 'Mediarama', 'Raging Tiger']
['Raging Tiger', 'Dodge Strike', 'Counter', 'Sonic Punch', 'Ghastly Wail']
['Raging Tiger', 'Mahamaon', 'Counter', 'Sukukaja', 'Poison Mist']
['Null Panic', 'Sukukaja', '1hSwd Master', 'Growth 3', 'Ice Boost']
['Null Panic', 'Counter', 'Ice Boost', 'Growth 3', 'Dodge Strike']
['Raging Tiger', 'Sukukaja', 'Ghastly Wail', 'Growth 3', 'Mediarama']
['Mediarama', 'Sukukaja', 'Ice Boost', 'Auto-Tarukaja', 'Growth 3']
['Raging Tiger', 'Sonic Punch', 'Growth 3', 'Null Panic', 'Null Elec']
['Null Panic', 'Counter', 'Sukukaja', 'Ice Boost', 'Amrita']
['Auto-Tarukaja', 'Mahamaon', 'Dodge Strike', 'Null Elec', 'Sukukaja']
['Poison Mist', 'Auto-Tarukaja', 'Raging Tiger', 'Sukukaja', 'Growth 3']
['Growth 3', 'Counter', 'Ghastly Wail', 'Ice Boost', '1hSwd Master']
['Amrita', 'Sukukaja', 'Auto-Tarukaja', 'Megidola', 'Poison Arrow']
['Null Panic', 'Mahamaon', 'Poison Mist', '1hSwd Master', 'Counter']
['Counter', 'Sukukaja', 'Null Elec', 'Raging Tiger', 'Mahamaon']
['Null Panic', 'Poison Mist', 'Sukukaja', 'Dodge Strike', 'Amrita']
['Sukukaja', 'Growth 3', 'Raging Tiger', 'Amrita', 'Ice Boost']
['Growth 3', 'Raging Tiger', 'Poison Mist', '1hSwd Master', 'Ice Boost']
['Amrita', 'Auto-Tarukaja', 'Null Panic', 'Sukukaja', 'Dodge Strike']
['Raging Tiger', 'Null Panic', 'Ice Boost', 'Poison Mist', 'Null Elec']
['Counter', 'Sukukaja', 'Poison Mist', 'Raging Tiger', 'Null Elec']
['Mediarama', 'Auto-Tarukaja', 'Ghastly Wail', 'Ice Boost', 'Sonic Punch']
['Sukukaja', 'Auto-Tarukaja', 'Poison Mist', 'Ice Boost', 'Megidola']
['Auto-Tarukaja', 'Raging Tiger', 'Amrita', 'Poison Mist', 'Mediarama']
['Raging Tiger', 'Auto-Tarukaja', 'Dodge Strike', 'Poison Mist', 'Growth 3']
['Raging Tiger', 'Amrita', 'Null Elec', 'Sonic Punch', 'Mahamaon']
['Dodge Strike', 'Sukukaja', 'Null Elec', 'Auto-Tarukaja', 'Ice Boost']
['Mediarama', 'Ice Boost', 'Sukukaja', 'Poison Mist', 'Growth 3']
['Mediarama', 'Sonic Punch', 'Ice Boost', 'Raging Tiger', 'Sukukaja']
['1hSwd Master', 'Raging Tiger', 'Sukukaja', 'Amrita', 'Ice Boost']
['Raging Tiger', 'Poison Mist', 'Counter', 'Dodge Strike', 'Twin Shot']
['Mediarama', 'Counter', 'Auto-Tarukaja', 'Amrita', 'Ice Boost']
['Counter', 'Ghastly Wail', 'Mediarama', 'Ice Boost', 'Sukukaja']
['Ice Boost', 'Counter', '1hSwd Master', 'Null Elec', 'Null Panic']
['Dodge Strike', 'Twin Shot', 'Ice Boost', 'Counter', 'Sukukaja']
['Sonic Punch', 'Raging Tiger', '1hSwd Master', 'Counter', 'Dodge Strike']
['Growth 3', 'Raging Tiger', 'Mediarama', 'Ice Boost', 'Null Panic']
['1hSwd Master', 'Sukukaja', 'Raging Tiger', 'Counter', 'Null Elec']
['Mediarama', 'Counter', 'Dodge Strike', 'Raging Tiger', 'Poison Mist']
['Sukukaja', 'Auto-Tarukaja', 'Ice Boost', 'Counter', 'Mahamaon']
['Null Elec', 'Poison Mist', 'Null Panic', 'Raging Tiger', 'Sukukaja']
['Auto-Tarukaja', 'Sukukaja', 'Null Elec', 'Counter', 'Raging Tiger']
['Ice Boost', 'Mahamaon', 'Null Panic', 'Raging Tiger', 'Poison Mist']
['1hSwd Master', 'Null Panic', 'Raging Tiger', 'Poison Arrow', 'Ice Boost']
['Null Elec', 'Ice Boost', 'Null Panic', 'Raging Tiger', 'Growth 3']
['Mediarama', 'Raging Tiger', 'Growth 3', 'Sukukaja', 'Ice Boost']
['Raging Tiger', 'Null Panic', 'Sukukaja', 'Mediarama', 'Poison Mist']
['Sukukaja', 'Ice Boost', 'Mediarama', 'Dodge Strike', 'Auto-Tarukaja']
['1hSwd Master', 'Tempest Slash', 'Megidola', 'Amrita', 'Counter']
['Ice Boost', 'Raging Tiger', 'Poison Mist', '1hSwd Master', 'Ghastly Wail']
['Mahamaon', 'Growth 3', 'Amrita', 'Ghastly Wail', 'Auto-Tarukaja']
['Ice Boost', 'Raging Tiger', 'Sukukaja', 'Growth 3', 'Counter']
['Poison Mist', 'Null Elec', 'Ghastly Wail', 'Mediarama', 'Raging Tiger']
['Dodge Strike', 'Sonic Punch', 'Growth 3', 'Ice Boost', 'Mahamaon']
['Raging Tiger', 'Mediarama', 'Counter', 'Sukukaja', '1hSwd Master']
['Sukukaja', 'Poison Mist', 'Ghastly Wail', '1hSwd Master', 'Ice Boost']
['Poison Mist', 'Counter', 'Mahamaon', 'Sukukaja', 'Twin Shot']
['Mahamaon', 'Null Panic', 'Ice Boost', 'Mediarama', 'Raging Tiger']
['Sukukaja', 'Counter', 'Raging Tiger', 'Poison Mist', 'Null Elec']
['Amrita', 'Sukukaja', 'Null Elec', 'Mediarama', 'Mahamaon']
['Auto-Tarukaja', 'Raging Tiger', 'Ice Boost', 'Counter', '1hSwd Master']
['Auto-Tarukaja', 'Raging Tiger', 'Mediarama', 'Null Panic', 'Twin Shot']
['Sukukaja', 'Ice Boost', 'Raging Tiger', 'Growth 3', 'Poison Arrow']
['Sukukaja', 'Raging Tiger', 'Dodge Strike', 'Null Panic', 'Ghastly Wail']
['Raging Tiger', 'Sukukaja', 'Ice Boost', 'Auto-Tarukaja', 'Poison Arrow']
['Ghastly Wail', 'Counter', 'Mahamaon', 'Raging Tiger', 'Twin Shot']
['1hSwd Master', 'Dodge Strike', 'Null Elec', 'Poison Mist', 'Ice Boost']
['Sukukaja', 'Mediarama', 'Raging Tiger', 'Ice Boost', 'Mahamaon']
['Poison Mist', 'Dodge Strike', 'Sukukaja', 'Null Panic', 'Mahamaon']
['Mahamaon', 'Sukukaja', 'Raging Tiger', 'Ice Boost', 'Auto-Tarukaja']
['Auto-Tarukaja', 'Ice Boost', 'Sukukaja', 'Raging Tiger', 'Dodge Strike']
['Auto-Tarukaja', 'Ghastly Wail', 'Raging Tiger', 'Null Panic', 'Counter']
['Raging Tiger', 'Ice Boost', 'Null Elec', 'Poison Mist', 'Sukukaja']
['Auto-Tarukaja', 'Mahamaon', 'Null Panic', '1hSwd Master', 'Poison Mist']
['Twin Shot', 'Null Elec', 'Amrita', 'Null Panic', 'Counter']
['Dodge Strike', 'Poison Mist', 'Sukukaja', 'Raging Tiger', '1hSwd Master']
['Counter', 'Dodge Strike', 'Raging Tiger', 'Ice Boost', 'Null Elec']
['Mahamaon', 'Dodge Strike', 'Sukukaja', 'Poison Mist', 'Auto-Tarukaja']
['Raging Tiger', 'Ghastly Wail', 'Mediarama', 'Ice Boost', '1hSwd Master']
['Raging Tiger', 'Dodge Strike', 'Ghastly Wail', 'Growth 3', 'Sukukaja']
['Raging Tiger', 'Ice Boost', 'Mediarama', 'Ghastly Wail', 'Null Panic']
['Null Elec', 'Raging Tiger', 'Counter', 'Auto-Tarukaja', 'Poison Mist']
['Raging Tiger', 'Null Panic', 'Ice Boost', 'Growth 3', '1hSwd Master']
['Dodge Strike', 'Ice Boost', 'Null Elec', 'Sukukaja', 'Sonic Punch']
['Sukukaja', 'Raging Tiger', 'Ice Boost', 'Dodge Strike', 'Auto-Tarukaja']
['Counter', 'Poison Mist', 'Null Elec', 'Mediarama', 'Ice Boost']
['Dodge Strike', 'Auto-Tarukaja', 'Growth 3', 'Sukukaja', '1hSwd Master']
['Auto-Tarukaja', 'Growth 3', 'Mahamaon', 'Dodge Strike', 'Ghastly Wail']
['Raging Tiger', 'Growth 3', 'Ice Boost', 'Ghastly Wail', 'Dodge Strike']
['Counter', 'Null Elec', 'Raging Tiger', 'Sukukaja', 'Poison Mist']
['Poison Mist', 'Sukukaja', 'Mediarama', 'Dodge Strike', 'Auto-Tarukaja']
['Null Elec', 'Ghastly Wail', 'Raging Tiger', 'Growth 3', 'Amrita']
['Auto-Tarukaja', 'Counter', 'Poison Mist', 'Ice Boost', 'Null Elec']
['Amrita', 'Ghastly Wail', 'Ice Boost', 'Growth 3', 'Poison Mist']
['Sukukaja', 'Ghastly Wail', 'Raging Tiger', 'Mediarama', 'Dodge Strike']
['Sukukaja', 'Auto-Tarukaja', 'Ice Boost', 'Raging Tiger', 'Counter']
['Null Elec', '1hSwd Master', 'Raging Tiger', 'Amrita', 'Dodge Strike']
['Ice Boost', 'Null Panic', 'Raging Tiger', 'Poison Mist', 'Amrita']
['Growth 3', 'Counter', 'Dodge Strike', 'Sukukaja', 'Ice Boost']
['Growth 3', 'Poison Mist', 'Twin Shot', 'Raging Tiger', 'Auto-Tarukaja']
['Poison Mist', 'Null Panic', 'Ghastly Wail', 'Mahamaon', 'Dodge Strike']
['Null Panic', 'Poison Mist', 'Dodge Strike', 'Mahamaon', 'Raging Tiger']
['Sukukaja', 'Raging Tiger', 'Auto-Tarukaja', 'Null Elec', 'Mediarama']
['1hSwd Master', 'Sukukaja', 'Ghastly Wail', 'Counter', 'Raging Tiger']
['Raging Tiger', 'Dodge Strike', 'Ice Boost', 'Null Elec', 'Poison Mist']
['Dodge Strike', 'Mahamaon', 'Sukukaja', '1hSwd Master', 'Ice Boost']
['Auto-Tarukaja', 'Dodge Strike', 'Null Elec', 'Counter', 'Twin Shot']
['Ice Boost', 'Raging Tiger', 'Auto-Tarukaja', 'Amrita', 'Dodge Strike']
['Counter', 'Amrita', 'Sukukaja', 'Auto-Tarukaja', 'Null Elec']
['Dodge Strike', 'Raging Tiger', 'Amrita', 'Growth 3', 'Counter']
['Growth 3', 'Raging Tiger', 'Poison Mist', 'Null Panic', 'Mahamaon']
['1hSwd Master', 'Raging Tiger', 'Auto-Tarukaja', 'Dodge Strike', 'Ice Boost']
['Dodge Strike', 'Ice Boost', 'Auto-Tarukaja', 'Poison Mist', 'Raging Tiger']
['Poison Mist', 'Ghastly Wail', 'Ice Boost', 'Growth 3', 'Auto-Tarukaja']
['Mahamaon', 'Raging Tiger', 'Growth 3', 'Amrita', '1hSwd Master']
['Dodge Strike', 'Ice Boost', 'Raging Tiger', 'Mediarama', 'Sukukaja']
['Ice Boost', 'Sukukaja', 'Dodge Strike', 'Ghastly Wail', 'Mahamaon']
['Growth 3', 'Sukukaja', 'Mediarama', 'Ice Boost', 'Counter']
['Poison Mist', 'Raging Tiger', 'Counter', 'Sukukaja', 'Mediarama']
['Dodge Strike', 'Ice Boost', 'Counter', 'Sukukaja', 'Raging Tiger']
['Mediarama', 'Poison Mist', 'Raging Tiger', 'Growth 3', 'Auto-Tarukaja']
['Growth 3', 'Ice Boost', 'Dodge Strike', 'Poison Mist', 'Counter']
['Ice Boost', 'Raging Tiger', 'Dodge Strike', 'Null Elec', 'Amrita']
['Poison Mist', 'Dodge Strike', 'Auto-Tarukaja', 'Raging Tiger', 'Sukukaja']
['Raging Tiger', 'Sukukaja', 'Auto-Tarukaja', 'Sonic Punch', 'Dodge Strike']
['Raging Tiger', 'Twin Shot', 'Ice Boost', 'Counter', 'Sukukaja']
['Ghastly Wail', 'Raging Tiger', 'Poison Arrow', 'Mahamaon', 'Counter']
['Raging Tiger', 'Mediarama', 'Ice Boost', 'Poison Mist', 'Mahamaon']
['Sukukaja', 'Counter', 'Ice Boost', 'Raging Tiger', '1hSwd Master']
['Poison Mist', 'Sonic Punch', 'Auto-Tarukaja', 'Twin Shot', 'Ice Boost']
['Null Panic', 'Auto-Tarukaja', 'Dodge Strike', 'Ice Boost', 'Raging Tiger']
['Growth 3', 'Null Panic', 'Sukukaja', 'Sonic Punch', 'Ice Boost']
['Null Panic', '1hSwd Master', 'Raging Tiger', 'Sukukaja', 'Ice Boost']
['Raging Tiger', 'Ice Boost', 'Sukukaja', 'Counter', 'Auto-Tarukaja']
['Auto-Tarukaja', 'Sonic Punch', 'Poison Arrow', 'Null Panic', 'Ice Boost']
['Raging Tiger', 'Sukukaja', 'Mediarama', 'Ice Boost', 'Counter']
['Raging Tiger', 'Poison Mist', 'Null Panic', 'Sukukaja', 'Auto-Tarukaja']
['Counter', 'Tempest Slash', '1hSwd Master', 'Ice Boost', 'Growth 3']
['Sukukaja', 'Twin Shot', 'Counter', 'Auto-Tarukaja', 'Sonic Punch']
['Raging Tiger', 'Sukukaja', 'Ice Boost', '1hSwd Master', 'Poison Mist']
['Mahamaon', 'Raging Tiger', 'Counter', 'Ice Boost', 'Null Elec']
['Ice Boost', 'Raging Tiger', 'Growth 3', 'Auto-Tarukaja', 'Poison Mist']
['Auto-Tarukaja', 'Null Panic', 'Ice Boost', 'Sukukaja', 'Raging Tiger']
['Null Elec', 'Dodge Strike', 'Ice Boost', 'Sukukaja', 'Growth 3']
['Null Elec', 'Ice Boost', 'Poison Mist', 'Twin Shot', 'Sukukaja']
['Raging Tiger', 'Dodge Strike', 'Sukukaja', 'Null Panic', 'Mediarama']
['Raging Tiger', 'Ice Boost', 'Auto-Tarukaja', 'Counter', 'Twin Shot']
['Null Elec', 'Ice Boost', 'Raging Tiger', 'Ghastly Wail', 'Poison Arrow']
['Raging Tiger', 'Auto-Tarukaja', 'Dodge Strike', 'Ice Boost', 'Mediarama']
['Sukukaja', 'Mediarama', 'Counter', 'Auto-Tarukaja', 'Raging Tiger']
['Dodge Strike', 'Ice Boost', 'Counter', 'Null Elec', 'Sukukaja']
['Ice Boost', 'Tempest Slash', 'Counter', 'Mediarama', 'Null Elec']
['Ice Boost', 'Null Elec', 'Poison Mist', 'Raging Tiger', 'Sukukaja']
['Raging Tiger', 'Growth 3', 'Ghastly Wail', 'Sukukaja', 'Counter']
['Counter', 'Ice Boost', 'Sukukaja', 'Mediarama', 'Sonic Punch']
['Raging Tiger', 'Growth 3', '1hSwd Master', 'Null Panic', 'Auto-Tarukaja']
['Amrita', 'Tempest Slash', 'Ice Boost', 'Auto-Tarukaja', 'Dodge Strike']
['Raging Tiger', 'Sonic Punch', 'Mahamaon', 'Null Panic', 'Auto-Tarukaja']
['Sukukaja', 'Poison Mist', 'Raging Tiger', '1hSwd Master', 'Ghastly Wail']
['Sonic Punch', 'Mediarama', 'Auto-Tarukaja', 'Twin Shot', 'Dodge Strike']
['Raging Tiger', 'Counter', 'Amrita', 'Mediarama', 'Ghastly Wail']
['Dodge Strike', 'Counter', 'Ghastly Wail', 'Raging Tiger', 'Sukukaja']
['Amrita', 'Raging Tiger', 'Dodge Strike', 'Sukukaja', '1hSwd Master']
['Ice Boost', 'Mahamaon', 'Amrita', 'Raging Tiger', 'Null Elec']
['Twin Shot', 'Dodge Strike', 'Null Panic', 'Growth 3', 'Amrita']
['Mahamaon', 'Ice Boost', 'Dodge Strike', 'Auto-Tarukaja', 'Growth 3']
['Ice Boost', 'Counter', 'Null Elec', 'Sukukaja', 'Mahamaon']
['Amrita', 'Raging Tiger', 'Mahamaon', 'Null Panic', 'Counter']
['Amrita', 'Sukukaja', 'Poison Mist', 'Growth 3', 'Raging Tiger']
['Counter', 'Raging Tiger', 'Poison Arrow', 'Poison Mist', 'Null Elec']
['Raging Tiger', 'Auto-Tarukaja', 'Null Elec', 'Ice Boost', 'Sonic Punch']
['Raging Tiger', 'Auto-Tarukaja', 'Counter', 'Ice Boost', 'Growth 3']
['Ghastly Wail', 'Sukukaja', 'Raging Tiger', 'Ice Boost', 'Auto-Tarukaja']
['Ice Boost', 'Raging Tiger', 'Growth 3', 'Twin Shot', 'Dodge Strike']
['Raging Tiger', 'Tempest Slash', 'Sukukaja', 'Ice Boost', 'Growth 3']
['Raging Tiger', 'Dodge Strike', 'Mahamaon', 'Null Panic', 'Ice Boost']
['Raging Tiger', 'Mediarama', 'Counter', 'Auto-Tarukaja', 'Dodge Strike']
['Poison Mist', 'Sukukaja', 'Mediarama', 'Ice Boost', 'Raging Tiger']
['Amrita', 'Counter', 'Raging Tiger', 'Poison Mist', 'Auto-Tarukaja']
['Dodge Strike', 'Raging Tiger', 'Poison Mist', 'Amrita', 'Counter']
['Raging Tiger', 'Growth 3', 'Ice Boost', 'Dodge Strike', 'Amrita']
['Ghastly Wail', 'Mahamaon', 'Ice Boost', 'Amrita', '1hSwd Master']
['Ice Boost', 'Sonic Punch', 'Tempest Slash', 'Dodge Strike', 'Counter']
['Raging Tiger', 'Counter', 'Dodge Strike', 'Null Panic', 'Sukukaja']
['Raging Tiger', 'Dodge Strike', 'Counter', 'Null Panic', 'Twin Shot']
['1hSwd Master', 'Raging Tiger', 'Growth 3', 'Ice Boost', 'Sukukaja']
['Sonic Punch', 'Raging Tiger', 'Sukukaja', 'Ice Boost', 'Mahamaon']
['Dodge Strike', 'Raging Tiger', 'Growth 3', 'Null Elec', 'Counter']
['Auto-Tarukaja', 'Counter', 'Mahamaon', 'Raging Tiger', 'Growth 3']
['Poison Mist', 'Auto-Tarukaja', 'Raging Tiger', 'Amrita', 'Growth 3']
['Poison Mist', 'Raging Tiger', 'Auto-Tarukaja', 'Megidola', 'Amrita']
['Mediarama', 'Null Elec', 'Raging Tiger', 'Auto-Tarukaja', 'Dodge Strike']
['Raging Tiger', 'Poison Mist', 'Mahamaon', 'Ice Boost', 'Dodge Strike']
['Ice Boost', 'Raging Tiger', 'Growth 3', 'Mahamaon', 'Counter']
['Ghastly Wail', 'Mediarama', 'Poison Mist', 'Dodge Strike', 'Null Panic']
['Growth 3', 'Raging Tiger', 'Auto-Tarukaja', 'Mediarama', 'Ice Boost']
['Counter', 'Amrita', 'Null Panic', 'Dodge Strike', 'Poison Mist']
['Raging Tiger', 'Auto-Tarukaja', 'Ghastly Wail', 'Ice Boost', 'Dodge Strike']
['Growth 3', '1hSwd Master', 'Ghastly Wail', 'Dodge Strike', 'Counter']
['Counter', 'Raging Tiger', 'Ice Boost', 'Null Panic', 'Growth 3']
['Ice Boost', 'Null Elec', 'Mahamaon', 'Auto-Tarukaja', 'Raging Tiger']
['1hSwd Master', 'Counter', 'Null Elec', 'Sukukaja', 'Raging Tiger']
['Poison Mist', 'Raging Tiger', 'Ice Boost', 'Growth 3', 'Auto-Tarukaja']
['Null Panic', 'Null Elec', 'Auto-Tarukaja', 'Raging Tiger', 'Mahamaon']
['Raging Tiger', 'Sukukaja', 'Growth 3', 'Mediarama', 'Ice Boost']
['Sukukaja', 'Mahamaon', 'Poison Arrow', 'Raging Tiger', 'Dodge Strike']
['Counter', 'Amrita', 'Sonic Punch', 'Sukukaja', 'Mahamaon']
['Raging Tiger', 'Null Panic', 'Twin Shot', 'Sukukaja', 'Mahamaon']
['Null Panic', 'Ghastly Wail', 'Ice Boost', 'Raging Tiger', 'Dodge Strike']
['Null Elec', 'Ice Boost', 'Dodge Strike', 'Poison Arrow', 'Raging Tiger']
['Mahamaon', 'Auto-Tarukaja', 'Ice Boost', 'Ghastly Wail', 'Raging Tiger']
['Raging Tiger', 'Mediarama', 'Dodge Strike', '1hSwd Master', 'Null Panic']
['Twin Shot', 'Null Elec', 'Raging Tiger', 'Sukukaja', 'Auto-Tarukaja']
['Dodge Strike', 'Raging Tiger', 'Sukukaja', 'Auto-Tarukaja', 'Growth 3']
['Null Elec', 'Poison Mist', 'Dodge Strike', 'Raging Tiger', 'Auto-Tarukaja']
['Raging Tiger', 'Null Elec', 'Auto-Tarukaja', 'Sonic Punch', 'Growth 3']
['Mediarama', 'Raging Tiger', 'Poison Mist', 'Sukukaja', 'Dodge Strike']
['Auto-Tarukaja', 'Sukukaja', 'Raging Tiger', 'Dodge Strike', 'Null Elec']
['Mahamaon', 'Null Panic', 'Counter', '1hSwd Master', 'Poison Mist']
['Raging Tiger', 'Auto-Tarukaja', 'Poison Mist', '1hSwd Master', 'Counter']
['Growth 3', 'Poison Mist', 'Dodge Strike', 'Mahamaon', 'Sukukaja']
['Dodge Strike', 'Sukukaja', 'Ghastly Wail', 'Counter', 'Raging Tiger']
['Mahamaon', 'Sukukaja', 'Auto-Tarukaja', 'Raging Tiger', 'Ice Boost']
['Raging Tiger', 'Amrita', 'Null Elec', 'Tempest Slash', 'Poison Mist']
['Growth 3', 'Ghastly Wail', 'Ice Boost', 'Sukukaja', 'Auto-Tarukaja']
['Auto-Tarukaja', 'Dodge Strike', 'Counter', 'Tempest Slash', 'Raging Tiger']
['Growth 3', 'Ice Boost', 'Raging Tiger', 'Null Elec', '1hSwd Master']
['Sukukaja', 'Null Panic', 'Raging Tiger', 'Counter', 'Null Elec']
['Raging Tiger', 'Poison Mist', 'Amrita', 'Sukukaja', 'Null Panic']
['Mahamaon', 'Auto-Tarukaja', 'Twin Shot', 'Dodge Strike', 'Poison Mist']
['Raging Tiger', 'Sukukaja', 'Amrita', 'Counter', 'Dodge Strike']
['Sukukaja', 'Sonic Punch', 'Poison Mist', 'Mahamaon', 'Tempest Slash']
['Sukukaja', 'Raging Tiger', 'Ice Boost', 'Poison Mist', 'Null Elec']
['Ghastly Wail', '1hSwd Master', 'Ice Boost', 'Auto-Tarukaja', 'Twin Shot']
['Poison Mist', 'Sonic Punch', 'Raging Tiger', 'Sukukaja', 'Dodge Strike']
['Raging Tiger', 'Dodge Strike', 'Poison Arrow', 'Null Panic', 'Ice Boost']
['Counter', 'Raging Tiger', 'Sonic Punch', 'Poison Mist', 'Ice Boost']
['Raging Tiger', 'Auto-Tarukaja', 'Growth 3', 'Mahamaon', 'Ice Boost']
['Raging Tiger', 'Counter', 'Ghastly Wail', 'Dodge Strike', 'Null Elec']
['Ice Boost', 'Tempest Slash', 'Null Elec', 'Raging Tiger', 'Poison Mist']
['Raging Tiger', '1hSwd Master', 'Growth 3', 'Dodge Strike', 'Sukukaja']
['Raging Tiger', 'Twin Shot', 'Megidola', 'Poison Mist', 'Auto-Tarukaja']
['Dodge Strike', 'Mahamaon', 'Null Panic', 'Sonic Punch', 'Counter']
['Null Panic', 'Mediarama', 'Auto-Tarukaja', 'Mahamaon', 'Sukukaja']
['Raging Tiger', 'Ice Boost', 'Mediarama', 'Counter', 'Sukukaja']
['Ice Boost', 'Mediarama', 'Raging Tiger', 'Counter', 'Mahamaon']
['Auto-Tarukaja', 'Null Elec', 'Dodge Strike', 'Twin Shot', 'Sukukaja']
['Counter', 'Mediarama', 'Ice Boost', 'Raging Tiger', 'Poison Mist']
['Dodge Strike', 'Mahamaon', 'Null Elec', 'Ice Boost', 'Ghastly Wail']
['Sukukaja', 'Growth 3', 'Counter', 'Raging Tiger', 'Mediarama']
['Twin Shot', 'Mediarama', 'Growth 3', 'Null Panic', 'Ice Boost']
['Ghastly Wail', 'Poison Mist', 'Dodge Strike', 'Mahamaon', 'Raging Tiger']
['Null Elec', 'Counter', 'Amrita', 'Mediarama', 'Sukukaja']
['Poison Mist', 'Dodge Strike', 'Null Panic', 'Raging Tiger', 'Ice Boost']
['Dodge Strike', 'Sukukaja', 'Counter', 'Mahamaon', 'Null Panic']
['Auto-Tarukaja', 'Poison Mist', 'Sukukaja', '1hSwd Master', 'Dodge Strike']
['Auto-Tarukaja', 'Raging Tiger', 'Counter', 'Ice Boost', 'Amrita']
['Null Panic', 'Counter', 'Raging Tiger', 'Dodge Strike', 'Null Elec']
['Counter', 'Raging Tiger', 'Dodge Strike', '1hSwd Master', 'Ice Boost']
['Auto-Tarukaja', 'Dodge Strike', 'Sukukaja', 'Ice Boost', 'Mediarama']
['Sonic Punch', 'Null Panic', 'Poison Mist', 'Raging Tiger', 'Dodge Strike']
['Dodge Strike', 'Auto-Tarukaja', 'Counter', 'Poison Mist', 'Sukukaja']
['Ice Boost', 'Sukukaja', 'Growth 3', 'Dodge Strike', 'Raging Tiger']
['Sukukaja', 'Raging Tiger', 'Ice Boost', 'Null Elec', 'Mahamaon']
['Sukukaja', 'Poison Mist', 'Ice Boost', 'Auto-Tarukaja', 'Mahamaon']
['Raging Tiger', 'Megidola', 'Dodge Strike', 'Mediarama', 'Null Panic']
['Dodge Strike', 'Amrita', 'Counter', 'Ghastly Wail', 'Null Panic']
['Ice Boost', 'Growth 3', 'Mediarama', 'Raging Tiger', 'Counter']
['Growth 3', 'Ice Boost', 'Null Panic', 'Counter', 'Sukukaja']
['Dodge Strike', 'Raging Tiger', 'Ice Boost', 'Null Elec', 'Growth 3']
['Dodge Strike', 'Ice Boost', 'Growth 3', '1hSwd Master', 'Sukukaja']
['1hSwd Master', 'Counter', 'Poison Mist', 'Twin Shot', 'Raging Tiger']
['Mahamaon', 'Growth 3', 'Raging Tiger', 'Poison Mist', 'Ice Boost']
['Mahamaon', 'Raging Tiger', 'Auto-Tarukaja', 'Poison Mist', 'Mediarama']
['Counter', 'Poison Mist', 'Raging Tiger', 'Auto-Tarukaja', '1hSwd Master']
['Ice Boost', 'Mahamaon', 'Auto-Tarukaja', 'Twin Shot', 'Counter']
['Counter', 'Null Elec', 'Sukukaja', 'Ice Boost', '1hSwd Master']
['Counter', 'Twin Shot', 'Poison Mist', 'Ghastly Wail', 'Auto-Tarukaja']
['Dodge Strike', 'Poison Arrow', 'Null Elec', 'Raging Tiger', 'Amrita']
['Counter', 'Dodge Strike', 'Growth 3', 'Raging Tiger', 'Sonic Punch']
['Growth 3', 'Raging Tiger', 'Sukukaja', 'Counter', 'Auto-Tarukaja']
['Raging Tiger', 'Growth 3', 'Ice Boost', 'Auto-Tarukaja', 'Counter']
['Raging Tiger', 'Mediarama', 'Counter', 'Amrita', 'Growth 3']
['Growth 3', 'Sukukaja', 'Amrita', 'Raging Tiger', 'Null Elec']
['Growth 3', 'Dodge Strike', 'Null Panic', 'Raging Tiger', 'Null Elec']
['Sukukaja', 'Poison Mist', 'Mahamaon', '1hSwd Master', 'Auto-Tarukaja']
['Sukukaja', 'Amrita', 'Null Panic', 'Counter', 'Auto-Tarukaja']
['Raging Tiger', 'Auto-Tarukaja', 'Poison Mist', 'Null Elec', 'Ice Boost']
['Dodge Strike', 'Ice Boost', 'Sukukaja', 'Null Elec', 'Amrita']
['Raging Tiger', 'Ghastly Wail', 'Poison Mist', 'Ice Boost', 'Null Panic']
['Ghastly Wail', 'Ice Boost', 'Counter', 'Raging Tiger', 'Auto-Tarukaja']
['Megidola', 'Ice Boost', 'Mahamaon', 'Null Panic', 'Raging Tiger']
['Raging Tiger', 'Counter', 'Ice Boost', 'Dodge Strike', 'Poison Mist']
['Counter', 'Tempest Slash', 'Auto-Tarukaja', 'Ice Boost', 'Poison Mist']
['1hSwd Master', 'Ice Boost', 'Raging Tiger', 'Mediarama', 'Dodge Strike']
['Counter', 'Raging Tiger', 'Sonic Punch', 'Null Elec', 'Mediarama']
['Mahamaon', 'Raging Tiger', 'Counter', 'Growth 3', '1hSwd Master']
['Raging Tiger', 'Sukukaja', 'Poison Mist', 'Sonic Punch', 'Auto-Tarukaja']
['Raging Tiger', 'Dodge Strike', 'Ice Boost', 'Sukukaja', 'Mahamaon']
['Raging Tiger', '1hSwd Master', 'Growth 3', 'Poison Mist', 'Auto-Tarukaja']
['Raging Tiger', 'Mahamaon', 'Poison Mist', 'Auto-Tarukaja', 'Null Panic']
['Dodge Strike', 'Mediarama', '1hSwd Master', 'Ice Boost', 'Amrita']
['Ice Boost', 'Mahamaon', 'Poison Mist', 'Raging Tiger', 'Null Elec']
['Auto-Tarukaja', 'Mahamaon', 'Ice Boost', 'Ghastly Wail', 'Mediarama']
['Growth 3', 'Raging Tiger', 'Sonic Punch', 'Sukukaja', 'Ghastly Wail']
['Raging Tiger', 'Null Elec', 'Amrita', 'Poison Mist', '1hSwd Master']
['Mediarama', 'Counter', 'Amrita', 'Dodge Strike', 'Raging Tiger']
['Mahamaon', 'Raging Tiger', 'Auto-Tarukaja', 'Mediarama', '1hSwd Master']
['Growth 3', 'Raging Tiger', 'Auto-Tarukaja', 'Poison Mist', 'Null Panic']
['Null Elec', 'Twin Shot', 'Mediarama', 'Counter', 'Amrita']
['Null Elec', 'Poison Mist', 'Mediarama', 'Dodge Strike', 'Twin Shot']
['Sukukaja', 'Poison Arrow', 'Null Panic', 'Growth 3', 'Ice Boost']
['Mahamaon', 'Raging Tiger', 'Dodge Strike', 'Null Elec', 'Auto-Tarukaja']
['Sonic Punch', 'Ice Boost', 'Mahamaon', 'Raging Tiger', 'Ghastly Wail']
['1hSwd Master', 'Amrita', 'Sukukaja', 'Growth 3', 'Raging Tiger']
['Dodge Strike', 'Sukukaja', 'Sonic Punch', 'Raging Tiger', 'Auto-Tarukaja']
['Poison Arrow', 'Raging Tiger', 'Poison Mist', 'Ice Boost', 'Null Panic']
['Raging Tiger', 'Mahamaon', 'Sukukaja', 'Dodge Strike', 'Growth 3']
['Ghastly Wail', 'Mahamaon', 'Raging Tiger', 'Auto-Tarukaja', 'Counter']
['Counter', 'Sukukaja', 'Null Panic', '1hSwd Master', 'Ice Boost']
['Amrita', 'Dodge Strike', 'Null Elec', 'Counter', 'Poison Mist']
['Raging Tiger', 'Twin Shot', 'Counter', 'Megidola', 'Sonic Punch']
['Raging Tiger', 'Dodge Strike', 'Sukukaja', 'Null Elec', 'Poison Mist']
['Raging Tiger', 'Sukukaja', 'Poison Mist', 'Poison Arrow', 'Growth 3']
['Sukukaja', 'Mediarama', 'Null Elec', 'Poison Mist', 'Counter']
['Growth 3', 'Raging Tiger', '1hSwd Master', 'Dodge Strike', 'Ice Boost']
['Poison Mist', 'Amrita', 'Ghastly Wail', '1hSwd Master', 'Ice Boost']
['Poison Mist', 'Raging Tiger', 'Counter', 'Null Elec', 'Sukukaja']
['Amrita', 'Raging Tiger', '1hSwd Master', 'Sukukaja', 'Poison Mist']
['Counter', 'Auto-Tarukaja', 'Sukukaja', 'Dodge Strike', 'Raging Tiger']
['Amrita', 'Mediarama', 'Growth 3', 'Counter', 'Ice Boost']
['Dodge Strike', '1hSwd Master', 'Mediarama', 'Growth 3', 'Raging Tiger']
['Counter', 'Dodge Strike', 'Raging Tiger', 'Ghastly Wail', 'Tempest Slash']
['Raging Tiger', 'Sukukaja', '1hSwd Master', 'Ice Boost', 'Poison Mist']
['Sukukaja', 'Raging Tiger', 'Null Panic', 'Ghastly Wail', 'Growth 3']
['Raging Tiger', 'Amrita', 'Sukukaja', 'Auto-Tarukaja', 'Null Elec']
['Null Panic', 'Raging Tiger', 'Twin Shot', 'Dodge Strike', 'Mahamaon']
['Dodge Strike', 'Null Elec', 'Counter', '1hSwd Master', 'Raging Tiger']
['Null Panic', 'Poison Mist', 'Growth 3', 'Raging Tiger', 'Sukukaja']
['Null Elec', 'Sukukaja', 'Raging Tiger', 'Mediarama', 'Null Panic']
['Counter', 'Raging Tiger', 'Ice Boost', 'Growth 3', 'Null Elec']
['Raging Tiger', 'Poison Mist', 'Growth 3', 'Dodge Strike', 'Ice Boost']
['Amrita', 'Raging Tiger', 'Sonic Punch', 'Auto-Tarukaja', 'Sukukaja']
['Mahamaon', 'Raging Tiger', 'Sukukaja', 'Ice Boost', 'Growth 3']
['Null Elec', 'Raging Tiger', '1hSwd Master', 'Megidola', 'Mahamaon']
['1hSwd Master', 'Dodge Strike', 'Raging Tiger', 'Ice Boost', 'Sukukaja']
['Raging Tiger', 'Ice Boost', 'Auto-Tarukaja', '1hSwd Master', 'Dodge Strike']
['Sukukaja', '1hSwd Master', 'Raging Tiger', 'Null Elec', 'Mahamaon']
['Sonic Punch', 'Dodge Strike', 'Mahamaon', 'Null Elec', 'Mediarama']
['Mahamaon', 'Megidola', 'Raging Tiger', 'Null Elec', 'Sonic Punch']
['Sukukaja', 'Sonic Punch', 'Raging Tiger', 'Ice Boost', 'Auto-Tarukaja']
['Auto-Tarukaja', 'Ice Boost', 'Sukukaja', 'Raging Tiger', 'Dodge Strike']
['Null Panic', 'Auto-Tarukaja', 'Megidola', 'Mediarama', 'Sukukaja']
['Dodge Strike', 'Ice Boost', 'Mahamaon', '1hSwd Master', 'Raging Tiger']
['Raging Tiger', 'Ice Boost', 'Mahamaon', 'Null Panic', 'Auto-Tarukaja']
['Auto-Tarukaja', 'Dodge Strike', 'Sukukaja', 'Raging Tiger', 'Amrita']
['Raging Tiger', 'Mediarama', 'Counter', 'Dodge Strike', 'Null Panic']
['Raging Tiger', 'Sukukaja', 'Ice Boost', 'Mediarama', 'Null Elec']
['Counter', '1hSwd Master', 'Growth 3', 'Null Elec', 'Sukukaja']
['Sonic Punch', 'Amrita', 'Raging Tiger', 'Poison Mist', 'Ice Boost']
['Growth 3', 'Ice Boost', 'Counter', 'Twin Shot', 'Null Elec']
['Dodge Strike', 'Counter', 'Sukukaja', 'Raging Tiger', 'Mahamaon']
['Counter', 'Null Elec', 'Poison Arrow', 'Null Panic', 'Auto-Tarukaja']
['Dodge Strike', 'Ice Boost', 'Growth 3', 'Amrita', 'Counter']
['Dodge Strike', 'Counter', 'Growth 3', 'Mediarama', 'Null Elec']
['Raging Tiger', 'Poison Mist', 'Amrita', 'Sukukaja', 'Null Panic']
['Counter', 'Ice Boost', 'Auto-Tarukaja', 'Sukukaja', 'Null Panic']
['Ice Boost', 'Amrita', 'Sukukaja', 'Auto-Tarukaja', 'Counter']
['Sonic Punch', 'Null Elec', 'Poison Mist', 'Raging Tiger', 'Tempest Slash']
['Twin Shot', 'Ice Boost', 'Raging Tiger', 'Poison Mist', 'Sukukaja']
['Auto-Tarukaja', 'Mahamaon', 'Sukukaja', 'Growth 3', 'Mediarama']
['Dodge Strike', 'Ice Boost', 'Counter', 'Sukukaja', 'Null Panic']
['Dodge Strike', 'Growth 3', 'Raging Tiger', 'Mahamaon', 'Null Elec']
['Dodge Strike', 'Poison Mist', 'Sukukaja', '1hSwd Master', 'Ice Boost']
['Counter', 'Auto-Tarukaja', 'Dodge Strike', 'Amrita', 'Raging Tiger']
['Poison Mist', 'Sukukaja', 'Raging Tiger', 'Amrita', 'Auto-Tarukaja']
['Raging Tiger', 'Poison Mist', 'Amrita', 'Ice Boost', 'Growth 3']
['Poison Mist', 'Mahamaon', '1hSwd Master', 'Raging Tiger', 'Ice Boost']
['Sukukaja', 'Counter', 'Raging Tiger', 'Null Elec', 'Null Panic']
['Auto-Tarukaja', 'Poison Mist', 'Raging Tiger', 'Ghastly Wail', 'Mediarama']
['Sonic Punch', 'Raging Tiger', 'Sukukaja', 'Counter', 'Growth 3']
['Raging Tiger', 'Ice Boost', 'Amrita', 'Mahamaon', 'Mediarama']
['Null Elec', 'Poison Mist', 'Counter', 'Tempest Slash', 'Raging Tiger']
['Ghastly Wail', 'Growth 3', 'Null Elec', 'Dodge Strike', 'Mahamaon']
['Sukukaja', 'Sonic Punch', 'Growth 3', 'Null Panic', 'Raging Tiger']
['Null Panic', 'Ice Boost', 'Ghastly Wail', 'Raging Tiger', 'Amrita']
['Sukukaja', 'Mediarama', 'Raging Tiger', 'Null Panic', 'Null Elec']
['Raging Tiger', 'Sonic Punch', 'Ice Boost', 'Growth 3', '1hSwd Master']
['Dodge Strike', 'Poison Mist', 'Auto-Tarukaja', 'Growth 3', 'Ice Boost']
['Raging Tiger', 'Amrita', 'Twin Shot', 'Auto-Tarukaja', 'Growth 3']
['Raging Tiger', 'Mediarama', 'Null Elec', '1hSwd Master', 'Sukukaja']
['Sukukaja', 'Raging Tiger', 'Null Panic', 'Poison Mist', 'Mahamaon']
['Auto-Tarukaja', 'Poison Mist', 'Sonic Punch', 'Dodge Strike', 'Ice Boost']
['Raging Tiger', 'Growth 3', 'Auto-Tarukaja', 'Poison Arrow', 'Sukukaja']
['Counter', 'Dodge Strike', 'Sonic Punch', 'Raging Tiger', 'Poison Arrow']
['Counter', 'Megidola', 'Growth 3', 'Mediarama', 'Sukukaja']
['Mediarama', 'Sonic Punch', 'Poison Mist', 'Raging Tiger', 'Dodge Strike']
['Auto-Tarukaja', 'Amrita', 'Sukukaja', 'Null Panic', 'Raging Tiger']
['1hSwd Master', 'Dodge Strike', 'Raging Tiger', 'Sukukaja', 'Mediarama']
['Mahamaon', 'Raging Tiger', 'Dodge Strike', 'Null Elec', 'Counter']
['Raging Tiger', 'Ice Boost', 'Amrita', 'Auto-Tarukaja', '1hSwd Master']
['Auto-Tarukaja', 'Dodge Strike', 'Counter', 'Null Panic', 'Sukukaja']
['Mahamaon', 'Null Elec', '1hSwd Master', 'Counter', 'Sukukaja']
['Raging Tiger', 'Growth 3', 'Poison Mist', 'Ice Boost', 'Dodge Strike']
['Tempest Slash', 'Counter', 'Dodge Strike', 'Auto-Tarukaja', 'Raging Tiger']
['Poison Mist', 'Null Panic', 'Auto-Tarukaja', 'Counter', '1hSwd Master']
['Mediarama', 'Sukukaja', 'Twin Shot', 'Raging Tiger', 'Auto-Tarukaja']
['Mahamaon', 'Poison Arrow', 'Raging Tiger', 'Ice Boost', '1hSwd Master']
['Null Elec', 'Raging Tiger', 'Counter', 'Null Panic', '1hSwd Master']
['Mediarama', 'Amrita', 'Poison Mist', 'Raging Tiger', 'Mahamaon']
['Megidola', 'Ice Boost', 'Dodge Strike', 'Sukukaja', 'Ghastly Wail']
['Raging Tiger', 'Amrita', 'Twin Shot', 'Null Elec', 'Growth 3']
['Raging Tiger', 'Dodge Strike', 'Ice Boost', 'Auto-Tarukaja', 'Mediarama']
['Counter', 'Mediarama', 'Raging Tiger', 'Growth 3', 'Sonic Punch']
['Dodge Strike', 'Mahamaon', 'Mediarama', 'Raging Tiger', 'Sukukaja']
['Sukukaja', 'Mediarama', 'Ice Boost', 'Raging Tiger', '1hSwd Master']
['Ice Boost', 'Auto-Tarukaja', 'Counter', 'Poison Mist', 'Sukukaja']
['Null Panic', 'Auto-Tarukaja', 'Poison Mist', 'Raging Tiger', 'Ice Boost']
['Null Panic', 'Tempest Slash', 'Sukukaja', 'Mahamaon', 'Raging Tiger']
['Sukukaja', 'Dodge Strike', 'Raging Tiger', 'Mediarama', 'Twin Shot']
['Sonic Punch', 'Poison Mist', 'Counter', 'Auto-Tarukaja', 'Raging Tiger']
['Growth 3', 'Ice Boost', 'Sonic Punch', 'Dodge Strike', 'Sukukaja']
['Ice Boost', 'Sukukaja', 'Raging Tiger', 'Ghastly Wail', 'Mediarama']
['Ice Boost', 'Auto-Tarukaja', 'Dodge Strike', 'Mediarama', 'Sukukaja']
['1hSwd Master', 'Counter', 'Sukukaja', 'Auto-Tarukaja', 'Sonic Punch']
['Raging Tiger', 'Dodge Strike', 'Growth 3', 'Sukukaja', 'Amrita']
['Sonic Punch', 'Poison Mist', 'Null Panic', 'Null Elec', 'Raging Tiger']
['Raging Tiger', 'Poison Mist', 'Dodge Strike', 'Null Elec', 'Mediarama']
['Counter', 'Null Panic', '1hSwd Master', 'Mahamaon', 'Dodge Strike']
['Raging Tiger', 'Sukukaja', 'Null Elec', 'Ice Boost', 'Counter']
['Raging Tiger', 'Ice Boost', 'Sukukaja', 'Null Panic', 'Ghastly Wail']
['Counter', 'Ice Boost', 'Poison Mist', 'Growth 3', 'Null Panic']
['1hSwd Master', 'Raging Tiger', 'Dodge Strike', 'Sukukaja', 'Null Panic']
['Growth 3', 'Null Panic', 'Raging Tiger', 'Null Elec', '1hSwd Master']
['Raging Tiger', 'Auto-Tarukaja', 'Amrita', 'Poison Mist', 'Null Elec']
['Ghastly Wail', 'Poison Mist', 'Dodge Strike', 'Raging Tiger', 'Sukukaja']
['Auto-Tarukaja', 'Raging Tiger', 'Counter', 'Sukukaja', 'Ice Boost']
['Ghastly Wail', 'Growth 3', 'Mediarama', 'Sonic Punch', 'Poison Arrow']
['Auto-Tarukaja', 'Sonic Punch', 'Poison Mist', 'Raging Tiger', 'Tempest Slash']
['Sukukaja', 'Auto-Tarukaja', 'Amrita', 'Null Elec', 'Raging Tiger']
['Ice Boost', 'Raging Tiger', 'Amrita', 'Null Panic', 'Dodge Strike']
['Null Elec', 'Ice Boost', 'Raging Tiger', 'Null Panic', 'Mahamaon']
['Counter', 'Sukukaja', 'Dodge Strike', 'Mediarama', 'Growth 3']
['Amrita', 'Dodge Strike', 'Raging Tiger', 'Null Panic', 'Sukukaja']
['Ice Boost', 'Sukukaja', 'Poison Mist', 'Auto-Tarukaja', 'Raging Tiger']
['Dodge Strike', 'Megidola', 'Ice Boost', 'Mahamaon', 'Poison Mist']
['Poison Mist', 'Sukukaja', 'Raging Tiger', 'Ghastly Wail', 'Ice Boost']
['Null Panic', 'Dodge Strike', 'Auto-Tarukaja', 'Poison Mist', 'Counter']
['Dodge Strike', 'Auto-Tarukaja', 'Growth 3', 'Poison Mist', 'Sukukaja']
['Auto-Tarukaja', 'Null Elec', '1hSwd Master', 'Ice Boost', 'Amrita']
['Ice Boost', 'Raging Tiger', 'Poison Mist', 'Sukukaja', 'Auto-Tarukaja']
['Null Panic', 'Counter', 'Growth 3', 'Ice Boost', 'Poison Mist']
['Dodge Strike', 'Auto-Tarukaja', 'Ice Boost', 'Sukukaja', 'Tempest Slash']
['Sukukaja', 'Auto-Tarukaja', 'Growth 3', 'Mediarama', 'Poison Mist']
['Auto-Tarukaja', '1hSwd Master', 'Growth 3', 'Poison Mist', 'Counter']
['Sukukaja', 'Raging Tiger', 'Auto-Tarukaja', 'Poison Mist', 'Megidola']
['Dodge Strike', 'Null Elec', 'Raging Tiger', 'Mediarama', 'Twin Shot']
['Mahamaon', 'Ice Boost', 'Null Elec', '1hSwd Master', 'Sonic Punch']
['Raging Tiger', 'Dodge Strike', 'Amrita', '1hSwd Master', 'Poison Mist']
['Null Panic', 'Auto-Tarukaja', 'Dodge Strike', 'Sukukaja', 'Raging Tiger']
['Ice Boost', 'Raging Tiger', 'Auto-Tarukaja', 'Dodge Strike', 'Sukukaja']
['Poison Mist', 'Ice Boost', 'Raging Tiger', 'Mediarama', 'Counter']
['Growth 3', 'Sukukaja', 'Sonic Punch', 'Raging Tiger', 'Amrita']
['Auto-Tarukaja', 'Amrita', 'Sukukaja', 'Poison Mist', 'Ice Boost']
['1hSwd Master', 'Auto-Tarukaja', 'Sukukaja', 'Twin Shot', 'Counter']
['Raging Tiger', 'Poison Mist', 'Dodge Strike', 'Mediarama', 'Counter']
['Auto-Tarukaja', 'Mediarama', 'Raging Tiger', 'Counter', 'Poison Mist']
['Ice Boost', 'Mahamaon', 'Raging Tiger', 'Ghastly Wail', 'Growth 3']
['Amrita', 'Ice Boost', 'Growth 3', 'Raging Tiger', 'Dodge Strike']
['Null Elec', 'Growth 3', 'Ice Boost', 'Auto-Tarukaja', 'Sukukaja']
['Sukukaja', 'Ghastly Wail', 'Counter', 'Mediarama', 'Poison Mist']
['Counter', 'Dodge Strike', 'Mediarama', 'Raging Tiger', 'Poison Mist']
['Ice Boost', 'Tempest Slash', 'Raging Tiger', 'Mahamaon', 'Counter']
['Sukukaja', 'Counter', 'Raging Tiger', 'Sonic Punch', 'Dodge Strike']
['Raging Tiger', 'Sukukaja', 'Mediarama', 'Counter', 'Poison Mist']
['Sukukaja', 'Amrita', 'Null Panic', 'Poison Mist', 'Raging Tiger']
['Dodge Strike', 'Raging Tiger', 'Sukukaja', 'Ice Boost', 'Poison Mist']
['Auto-Tarukaja', 'Mediarama', 'Sukukaja', 'Growth 3', 'Amrita']
['1hSwd Master', 'Auto-Tarukaja', 'Sukukaja', 'Ice Boost', 'Raging Tiger']
['Sonic Punch', 'Raging Tiger', 'Dodge Strike', 'Counter', '1hSwd Master']
['Growth 3', 'Raging Tiger', 'Mediarama', 'Sukukaja', 'Auto-Tarukaja']
['Mahamaon', 'Null Panic', 'Sukukaja', 'Counter', '1hSwd Master']
['Raging Tiger', 'Sukukaja', 'Auto-Tarukaja', 'Counter', 'Mahamaon']
['Amrita', 'Sukukaja', 'Poison Arrow', 'Null Elec', 'Raging Tiger']
['Counter', 'Sukukaja', 'Ice Boost', 'Raging Tiger', 'Auto-Tarukaja']
['Tempest Slash', 'Sukukaja', 'Raging Tiger', 'Null Elec', 'Growth 3']
['Sukukaja', 'Mediarama', 'Counter', 'Mahamaon', 'Ghastly Wail']
['Ice Boost', 'Sukukaja', 'Raging Tiger', 'Mahamaon', 'Growth 3']
['Sukukaja', 'Poison Mist', 'Raging Tiger', '1hSwd Master', 'Megidola']
['Sukukaja', 'Ice Boost', 'Poison Mist', 'Mahamaon', 'Dodge Strike']
['Auto-Tarukaja', 'Growth 3', 'Mahamaon', 'Null Panic', 'Raging Tiger']
['Counter', 'Ice Boost', 'Growth 3', 'Raging Tiger', 'Dodge Strike']
['Sukukaja', 'Counter', 'Raging Tiger', 'Ice Boost', 'Mediarama']
['Sonic Punch', 'Dodge Strike', 'Ice Boost', 'Sukukaja', 'Auto-Tarukaja']
['Megidola', 'Amrita', 'Raging Tiger', 'Mediarama', 'Ice Boost']
['Mediarama', 'Mahamaon', 'Auto-Tarukaja', '1hSwd Master', 'Ghastly Wail']
['Ghastly Wail', 'Poison Mist', 'Growth 3', 'Raging Tiger', 'Sukukaja']
['Ice Boost', 'Mediarama', 'Twin Shot', 'Sukukaja', 'Dodge Strike']
['Sukukaja', 'Ice Boost', 'Auto-Tarukaja', 'Null Elec', 'Raging Tiger']
['Amrita', 'Dodge Strike', 'Auto-Tarukaja', 'Null Elec', '1hSwd Master']
['Ice Boost', 'Null Elec', 'Raging Tiger', 'Poison Mist', 'Mediarama']
['Auto-Tarukaja', 'Ghastly Wail', 'Growth 3', 'Mahamaon', 'Raging Tiger']
['Ice Boost', 'Dodge Strike', 'Auto-Tarukaja', 'Sonic Punch', 'Mediarama']
['Ice Boost', 'Counter', 'Dodge Strike', 'Sonic Punch', 'Raging Tiger']
['Sukukaja', 'Raging Tiger', '1hSwd Master', 'Auto-Tarukaja', 'Growth 3']
['1hSwd Master', 'Null Elec', 'Ice Boost', 'Ghastly Wail', 'Dodge Strike']
['Dodge Strike', 'Mahamaon', 'Raging Tiger', 'Auto-Tarukaja', 'Sonic Punch']
['Raging Tiger', 'Dodge Strike', 'Ice Boost', 'Amrita', 'Null Panic']
['Tempest Slash', 'Sukukaja', 'Auto-Tarukaja', 'Counter', 'Dodge Strike']
['Poison Mist', 'Dodge Strike', 'Megidola', 'Ghastly Wail', 'Null Panic']
['Null Panic', 'Null Elec', 'Raging Tiger', '1hSwd Master', 'Dodge Strike']
['Dodge Strike', 'Raging Tiger', 'Counter', 'Mediarama', 'Sukukaja']
['Amrita', 'Raging Tiger', 'Auto-Tarukaja', 'Counter', 'Sukukaja']
['Raging Tiger', 'Sukukaja', 'Amrita', 'Poison Mist', 'Ice Boost']
['1hSwd Master', 'Raging Tiger', 'Ice Boost', 'Null Panic', 'Auto-Tarukaja']
['1hSwd Master', 'Growth 3', 'Poison Mist', 'Mediarama', 'Dodge Strike']
['Counter', 'Null Elec', 'Poison Mist', 'Sukukaja', 'Auto-Tarukaja']
['Null Panic', 'Dodge Strike', 'Raging Tiger', 'Null Elec', 'Ice Boost']
['Counter', 'Poison Mist', 'Raging Tiger', 'Ice Boost', 'Mediarama']
['Auto-Tarukaja', 'Sukukaja', 'Growth 3', 'Null Elec', 'Null Panic']
['Sukukaja', 'Mediarama', 'Dodge Strike', '1hSwd Master', 'Poison Mist']
['Counter', 'Null Elec', 'Ice Boost', 'Poison Mist', 'Sukukaja']
['Dodge Strike', 'Auto-Tarukaja', 'Null Panic', 'Sukukaja', '1hSwd Master']
['Mahamaon', 'Ice Boost', 'Counter', 'Sukukaja', 'Growth 3']
['Raging Tiger', 'Null Panic', 'Sukukaja', 'Null Elec', 'Mediarama']
['Null Panic', 'Dodge Strike', '1hSwd Master', 'Raging Tiger', 'Mediarama']
['Raging Tiger', 'Sukukaja', 'Ice Boost', 'Mahamaon', 'Dodge Strike']
['Raging Tiger', 'Null Elec', 'Amrita', 'Growth 3', 'Auto-Tarukaja']
['Ice Boost', 'Dodge Strike', 'Sukukaja', 'Growth 3', 'Mediarama']
['Mahamaon', 'Null Panic', 'Raging Tiger', 'Auto-Tarukaja', 'Counter']
['Sukukaja', 'Growth 3', 'Twin Shot', 'Raging Tiger', 'Poison Mist']
['Sukukaja', 'Ice Boost', 'Growth 3', 'Auto-Tarukaja', 'Null Panic']
['Dodge Strike', 'Ice Boost', 'Mediarama', 'Auto-Tarukaja', 'Sukukaja']
['Sonic Punch', 'Raging Tiger', 'Mediarama', 'Amrita', 'Dodge Strike']
['Poison Mist', 'Auto-Tarukaja', 'Raging Tiger', 'Dodge Strike', 'Counter']
['Sukukaja', 'Null Elec', 'Mahamaon', 'Poison Mist', 'Ice Boost']
['Poison Mist', 'Raging Tiger', 'Auto-Tarukaja', 'Dodge Strike', 'Sukukaja']
['Sukukaja', 'Mediarama', 'Auto-Tarukaja', 'Null Panic', 'Ice Boost']
['Raging Tiger', 'Dodge Strike', 'Sukukaja', 'Amrita', 'Mediarama']
['Ghastly Wail', 'Poison Mist', 'Ice Boost', 'Raging Tiger', 'Sukukaja']
['Sukukaja', 'Auto-Tarukaja', 'Sonic Punch', 'Ice Boost', 'Raging Tiger']
['Mediarama', 'Amrita', 'Poison Mist', 'Sonic Punch', 'Raging Tiger']
['Null Panic', 'Null Elec', 'Mahamaon', 'Counter', 'Ice Boost']
['Auto-Tarukaja', 'Null Elec', 'Mediarama', 'Poison Arrow', 'Raging Tiger']
['Null Elec', 'Poison Mist', 'Twin Shot', 'Auto-Tarukaja', 'Sukukaja']
['Growth 3', 'Counter', 'Auto-Tarukaja', 'Ice Boost', 'Sukukaja']
['Null Elec', 'Sukukaja', 'Ice Boost', '1hSwd Master', 'Poison Arrow']
['Counter', '1hSwd Master', 'Mahamaon', 'Ice Boost', 'Raging Tiger']
['Poison Mist', 'Sukukaja', 'Ice Boost', 'Dodge Strike', 'Raging Tiger']
['Dodge Strike', 'Sukukaja', 'Raging Tiger', 'Null Elec', 'Counter']
['Mediarama', '1hSwd Master', 'Twin Shot', 'Raging Tiger', 'Poison Mist']
['Auto-Tarukaja', 'Growth 3', 'Sukukaja', 'Amrita', 'Raging Tiger']
['Null Elec', 'Mediarama', 'Sukukaja', 'Raging Tiger', 'Null Panic']
['Poison Mist', 'Twin Shot', 'Mediarama', 'Dodge Strike', 'Counter']
['Null Panic', 'Raging Tiger', 'Poison Mist', 'Ice Boost', 'Sukukaja']
['1hSwd Master', 'Mediarama', 'Raging Tiger', 'Dodge Strike', 'Ice Boost']
['Growth 3', 'Raging Tiger', 'Dodge Strike', 'Null Elec', 'Mediarama']
['Mahamaon', 'Growth 3', 'Sonic Punch', 'Raging Tiger', 'Null Panic']
['1hSwd Master', 'Auto-Tarukaja', 'Null Elec', 'Sukukaja', 'Ice Boost']
['Dodge Strike', 'Growth 3', 'Ice Boost', 'Raging Tiger', 'Mahamaon']
['Amrita', 'Dodge Strike', 'Poison Mist', 'Counter', 'Sukukaja']
['Ice Boost', 'Counter', 'Raging Tiger', 'Twin Shot', 'Null Panic']
['Raging Tiger', 'Auto-Tarukaja', 'Counter', 'Mediarama', 'Dodge Strike']
['Mediarama', 'Raging Tiger', 'Auto-Tarukaja', 'Sukukaja', 'Ghastly Wail']
['Dodge Strike', 'Raging Tiger', 'Null Elec', 'Mahamaon', 'Counter']
['Raging Tiger', 'Poison Mist', 'Sukukaja', 'Auto-Tarukaja', 'Dodge Strike']
['Growth 3', 'Raging Tiger', 'Poison Arrow', 'Counter', 'Sonic Punch']
['Raging Tiger', 'Counter', 'Sukukaja', 'Amrita', 'Poison Mist']
['Poison Mist', 'Ice Boost', 'Raging Tiger', 'Counter', 'Dodge Strike']
['Dodge Strike', 'Raging Tiger', 'Sukukaja', 'Null Elec', 'Amrita']
['Sukukaja', 'Poison Mist', 'Mahamaon', 'Raging Tiger', 'Auto-Tarukaja']
['Counter', 'Ice Boost', 'Raging Tiger', 'Null Elec', 'Sukukaja']
['Dodge Strike', 'Counter', 'Raging Tiger', 'Poison Mist', 'Auto-Tarukaja']
['Raging Tiger', 'Null Panic', 'Null Elec', 'Sukukaja', 'Mediarama']
['Ghastly Wail', 'Raging Tiger', 'Auto-Tarukaja', 'Mediarama', 'Sonic Punch']
['Null Panic', 'Sukukaja', 'Poison Mist', 'Growth 3', 'Megidola']
['1hSwd Master', 'Raging Tiger', 'Poison Mist', 'Twin Shot', 'Mediarama']
['Mediarama', 'Raging Tiger', 'Sonic Punch', '1hSwd Master', 'Ghastly Wail']
['Raging Tiger', 'Mahamaon', 'Null Panic', 'Growth 3', 'Auto-Tarukaja']
['Mediarama', 'Auto-Tarukaja', 'Amrita', 'Null Panic', 'Raging Tiger']
['Poison Mist', 'Raging Tiger', 'Growth 3', 'Ice Boost', 'Sukukaja']
['Mahamaon', 'Amrita', 'Dodge Strike', 'Null Elec', 'Raging Tiger']
['Raging Tiger', 'Growth 3', 'Auto-Tarukaja', 'Amrita', 'Dodge Strike']
['Twin Shot', 'Poison Mist', 'Raging Tiger', 'Dodge Strike', 'Null Elec']
['Dodge Strike', 'Counter', 'Auto-Tarukaja', 'Mediarama', 'Null Elec']
['Auto-Tarukaja', 'Raging Tiger', 'Counter', 'Ice Boost', 'Sukukaja']
['Null Elec', 'Raging Tiger', 'Auto-Tarukaja', 'Ice Boost', 'Null Panic']
['Raging Tiger', 'Counter', 'Poison Mist', '1hSwd Master', 'Tempest Slash']
['Amrita', 'Raging Tiger', 'Null Elec', 'Auto-Tarukaja', 'Growth 3']
['Auto-Tarukaja', 'Sukukaja', 'Ice Boost', 'Raging Tiger', 'Null Panic']
['Raging Tiger', 'Sukukaja', 'Ice Boost', 'Counter', 'Null Elec']
['Null Panic', 'Counter', 'Mediarama', 'Amrita', 'Sukukaja']
['Counter', 'Poison Mist', 'Auto-Tarukaja', 'Ice Boost', 'Sukukaja']
['Raging Tiger', 'Sonic Punch', 'Amrita', 'Sukukaja', 'Auto-Tarukaja']
['Raging Tiger', 'Ghastly Wail', 'Counter', 'Dodge Strike', 'Ice Boost']
['Raging Tiger', 'Ice Boost', '1hSwd Master', 'Null Elec', 'Mahamaon']
['Raging Tiger', 'Ice Boost', 'Sukukaja', 'Null Panic', 'Ghastly Wail']
['Dodge Strike', 'Sukukaja', 'Counter', 'Mahamaon', 'Null Panic']
['Growth 3', 'Counter', 'Poison Mist', 'Ice Boost', 'Sukukaja']
['Auto-Tarukaja', 'Raging Tiger', 'Counter', 'Sukukaja', 'Ice Boost']
['Raging Tiger', 'Amrita', 'Dodge Strike', 'Ice Boost', 'Growth 3']
['Sonic Punch', 'Ice Boost', 'Auto-Tarukaja', 'Counter', 'Mahamaon']
['Sukukaja', '1hSwd Master', 'Poison Mist', 'Counter', 'Raging Tiger']
['Mahamaon', 'Raging Tiger', 'Dodge Strike', 'Ice Boost', '1hSwd Master']
['Null Elec', 'Dodge Strike', '1hSwd Master', 'Raging Tiger', 'Growth 3']
['Ice Boost', 'Null Panic', 'Mediarama', 'Null Elec', 'Auto-Tarukaja']
['1hSwd Master', 'Counter', 'Raging Tiger', 'Ice Boost', 'Auto-Tarukaja']
['Twin Shot', 'Raging Tiger', 'Null Elec', 'Counter', 'Mahamaon']
['Auto-Tarukaja', 'Null Elec', 'Raging Tiger', 'Poison Mist', 'Mahamaon']
['Auto-Tarukaja', 'Sukukaja', 'Twin Shot', 'Raging Tiger', 'Null Panic']
['Mahamaon', 'Dodge Strike', 'Raging Tiger', 'Growth 3', 'Poison Arrow']
['Sonic Punch', 'Ghastly Wail', 'Sukukaja', 'Raging Tiger', 'Counter']
['Sukukaja', 'Poison Mist', 'Raging Tiger', 'Growth 3', 'Ice Boost']
['1hSwd Master', 'Auto-Tarukaja', 'Counter', 'Raging Tiger', 'Sukukaja']
['Counter', 'Auto-Tarukaja', 'Raging Tiger', 'Dodge Strike', 'Sonic Punch']
['Raging Tiger', 'Poison Mist', 'Counter', 'Null Panic', 'Mahamaon']
['Ice Boost', 'Sonic Punch', 'Poison Arrow', 'Counter', 'Raging Tiger']
['Ghastly Wail', 'Ice Boost', 'Raging Tiger', 'Sukukaja', 'Growth 3']
['Sonic Punch', 'Raging Tiger', 'Auto-Tarukaja', 'Growth 3', 'Mahamaon']
['Counter', 'Auto-Tarukaja', 'Raging Tiger', 'Null Panic', 'Null Elec']
['Dodge Strike', 'Auto-Tarukaja', 'Sukukaja', 'Raging Tiger', 'Ice Boost']
['Ice Boost', 'Raging Tiger', 'Poison Arrow', 'Null Elec', 'Mahamaon']
['Sukukaja', 'Raging Tiger', 'Twin Shot', 'Null Panic', 'Growth 3']
['Poison Mist', 'Raging Tiger', 'Twin Shot', 'Dodge Strike', 'Mahamaon']
['Ice Boost', 'Null Elec', 'Dodge Strike', 'Sukukaja', 'Raging Tiger']
['Raging Tiger', 'Counter', 'Growth 3', 'Auto-Tarukaja', 'Mediarama']
['Null Elec', 'Amrita', 'Counter', 'Null Panic', 'Mediarama']
['Null Elec', 'Dodge Strike', 'Raging Tiger', 'Mahamaon', 'Poison Mist']
['Null Panic', 'Counter', 'Raging Tiger', 'Growth 3', 'Poison Mist']
['Mahamaon', 'Null Panic', 'Growth 3', 'Counter', 'Raging Tiger']
['Counter', 'Ghastly Wail', 'Auto-Tarukaja', 'Ice Boost', 'Dodge Strike']
['Sukukaja', 'Ice Boost', 'Poison Mist', 'Dodge Strike', 'Raging Tiger']
['Raging Tiger', 'Dodge Strike', 'Auto-Tarukaja', 'Counter', 'Mediarama']
['Amrita', 'Counter', 'Ice Boost', 'Auto-Tarukaja', 'Mediarama']
['Dodge Strike', 'Raging Tiger', 'Poison Mist', 'Null Elec', 'Ghastly Wail']
['Mediarama', 'Raging Tiger', 'Ice Boost', 'Sukukaja', 'Auto-Tarukaja']
['Raging Tiger', 'Twin Shot', 'Counter', 'Growth 3', 'Null Panic']
['Dodge Strike', 'Raging Tiger', 'Amrita', 'Ice Boost', '1hSwd Master']
['Null Elec', 'Mahamaon', 'Ice Boost', 'Sukukaja', 'Amrita']
['Mediarama', 'Raging Tiger', 'Sukukaja', 'Ghastly Wail', 'Mahamaon']
['Raging Tiger', 'Ghastly Wail', 'Null Elec', 'Dodge Strike', 'Ice Boost']
['Auto-Tarukaja', 'Counter', 'Raging Tiger', 'Ice Boost', 'Null Elec']
['Dodge Strike', 'Raging Tiger', 'Sonic Punch', 'Poison Mist', 'Ice Boost']
['Sukukaja', 'Raging Tiger', 'Mediarama', 'Counter', 'Sonic Punch']
['Mediarama', 'Amrita', 'Growth 3', 'Mahamaon', '1hSwd Master']
['Sukukaja', 'Counter', 'Auto-Tarukaja', 'Raging Tiger', 'Mediarama']
['Null Panic', 'Sukukaja', 'Ghastly Wail', 'Dodge Strike', 'Mahamaon']
['Mahamaon', 'Raging Tiger', 'Ice Boost', 'Mediarama', 'Poison Mist']
['Counter', 'Poison Mist', 'Raging Tiger', 'Mahamaon', 'Ice Boost']
['Raging Tiger', 'Poison Mist', 'Null Elec', 'Counter', 'Null Panic']
['Poison Mist', 'Raging Tiger', 'Dodge Strike', 'Ice Boost', 'Ghastly Wail']
['Counter', 'Ice Boost', 'Null Elec', 'Raging Tiger', 'Sukukaja']
['Counter', 'Poison Mist', '1hSwd Master', 'Ice Boost', 'Tempest Slash']
['Raging Tiger', 'Dodge Strike', 'Counter', 'Poison Mist', 'Mahamaon']
['Mahamaon', 'Sonic Punch', 'Sukukaja', 'Poison Mist', 'Auto-Tarukaja']
['Ice Boost', 'Null Elec', '1hSwd Master', 'Sukukaja', 'Counter']
['Amrita', 'Null Panic', 'Sukukaja', 'Ice Boost', 'Growth 3']
['Ghastly Wail', '1hSwd Master', 'Growth 3', 'Twin Shot', 'Dodge Strike']
['Ice Boost', 'Null Elec', 'Sukukaja', 'Raging Tiger', 'Mahamaon']
['Poison Mist', 'Mediarama', 'Raging Tiger', 'Mahamaon', 'Ice Boost']
['Raging Tiger', 'Mediarama', 'Sukukaja', 'Dodge Strike', 'Auto-Tarukaja']
['Poison Mist', 'Sukukaja', 'Ghastly Wail', 'Null Elec', 'Mediarama']
['Null Panic', 'Raging Tiger', 'Tempest Slash', 'Auto-Tarukaja', 'Poison Mist']
['Raging Tiger', 'Sonic Punch', 'Ice Boost', 'Null Elec', 'Counter']
['Ghastly Wail', '1hSwd Master', 'Raging Tiger', 'Tempest Slash', 'Counter']
['Amrita', 'Auto-Tarukaja', 'Null Elec', 'Mediarama', 'Counter']
['Growth 3', 'Raging Tiger', '1hSwd Master', 'Ice Boost', 'Mahamaon']
['Raging Tiger', 'Growth 3', 'Ice Boost', 'Mediarama', 'Mahamaon']
['Null Elec', 'Twin Shot', 'Growth 3', 'Counter', '1hSwd Master']
['Sukukaja', 'Raging Tiger', 'Mahamaon', 'Auto-Tarukaja', 'Counter']
['Mahamaon', 'Dodge Strike', 'Raging Tiger', 'Poison Mist', 'Null Panic']
['Raging Tiger', 'Sukukaja', 'Growth 3', 'Counter', 'Poison Mist']
['Counter', 'Auto-Tarukaja', 'Raging Tiger', 'Growth 3', 'Twin Shot']
['Auto-Tarukaja', 'Dodge Strike', 'Raging Tiger', 'Null Panic', 'Sukukaja']
['Raging Tiger', 'Twin Shot', 'Poison Mist', 'Auto-Tarukaja', 'Mahamaon']
['Raging Tiger', 'Ice Boost', 'Counter', 'Mediarama', 'Auto-Tarukaja']
['Counter', 'Ghastly Wail', 'Auto-Tarukaja', 'Mediarama', 'Ice Boost']
['Raging Tiger', 'Null Elec', 'Growth 3', 'Ice Boost', 'Sukukaja']
['Raging Tiger', 'Counter', 'Ice Boost', 'Sukukaja', 'Ghastly Wail']
['Null Elec', 'Sonic Punch', 'Mahamaon', 'Ghastly Wail', 'Ice Boost']
['Amrita', 'Sukukaja', 'Auto-Tarukaja', 'Null Elec', 'Mahamaon']
['Ghastly Wail', 'Raging Tiger', 'Dodge Strike', 'Sukukaja', 'Ice Boost']
['Dodge Strike', 'Auto-Tarukaja', 'Counter', 'Growth 3', 'Poison Mist']
['Raging Tiger', 'Ice Boost', 'Ghastly Wail', '1hSwd Master', 'Mahamaon']
['Growth 3', 'Ice Boost', '1hSwd Master', 'Mediarama', 'Amrita']
['Null Elec', 'Raging Tiger', 'Auto-Tarukaja', 'Poison Mist', 'Ice Boost']
['Poison Mist', 'Sukukaja', 'Raging Tiger', 'Counter', 'Mahamaon']
['Raging Tiger', 'Auto-Tarukaja', 'Sonic Punch', 'Ice Boost', '1hSwd Master']
['Raging Tiger', 'Dodge Strike', 'Poison Mist', 'Null Panic', 'Ice Boost']
['Amrita', 'Dodge Strike', 'Raging Tiger', 'Null Elec', 'Counter']
['Poison Mist', 'Growth 3', 'Raging Tiger', 'Sukukaja', 'Auto-Tarukaja']
['Auto-Tarukaja', 'Sukukaja', 'Raging Tiger', 'Mahamaon', 'Amrita']
['Growth 3', 'Counter', 'Raging Tiger', 'Sonic Punch', 'Auto-Tarukaja']
['Dodge Strike', 'Poison Arrow', 'Raging Tiger', 'Null Elec', 'Ghastly Wail']
['Null Elec', 'Amrita', 'Growth 3', 'Raging Tiger', 'Counter']
['Ice Boost', 'Sukukaja', 'Dodge Strike', 'Counter', 'Poison Mist']
['Growth 3', 'Ice Boost', 'Sukukaja', 'Ghastly Wail', 'Counter']
['Ghastly Wail', 'Sukukaja', 'Raging Tiger', 'Ice Boost', 'Poison Mist']
['Ice Boost', 'Megidola', 'Raging Tiger', 'Poison Mist', 'Auto-Tarukaja']
['1hSwd Master', 'Mediarama', 'Raging Tiger', 'Amrita', 'Tempest Slash']
['1hSwd Master', 'Counter', 'Sukukaja', 'Sonic Punch', 'Dodge Strike']
['Dodge Strike', 'Ice Boost', 'Poison Mist', 'Null Panic', 'Counter']
['Sukukaja', 'Mahamaon', 'Ice Boost', 'Raging Tiger', 'Poison Mist']
['Growth 3', 'Raging Tiger', 'Dodge Strike', 'Ice Boost', 'Megidola']
['Dodge Strike', 'Mediarama', 'Ice Boost', 'Null Elec', 'Sukukaja']
['Raging Tiger', 'Twin Shot', 'Null Panic', 'Auto-Tarukaja', 'Dodge Strike']
['Mediarama', 'Raging Tiger', 'Ghastly Wail', 'Growth 3', 'Counter']
['Growth 3', 'Raging Tiger', 'Ice Boost', 'Poison Mist', 'Mahamaon']
['1hSwd Master', 'Poison Mist', 'Auto-Tarukaja', 'Null Elec', 'Raging Tiger']
['Null Panic', 'Mahamaon', 'Poison Mist', 'Raging Tiger', 'Growth 3']
['Counter', 'Raging Tiger', 'Sonic Punch', 'Sukukaja', 'Null Panic']
['Ghastly Wail', 'Sukukaja', 'Mediarama', 'Null Panic', 'Growth 3']
['Raging Tiger', 'Poison Mist', 'Null Elec', 'Counter', 'Mahamaon']
['Sukukaja', 'Raging Tiger', 'Counter', 'Poison Mist', 'Ice Boost']
['Null Elec', 'Amrita', 'Mahamaon', 'Ice Boost', 'Auto-Tarukaja']
['Sukukaja', 'Ice Boost', 'Raging Tiger', '1hSwd Master', 'Sonic Punch']
['Dodge Strike', 'Poison Mist', 'Amrita', 'Sukukaja', 'Sonic Punch']
['Mahamaon', 'Raging Tiger', 'Null Elec', 'Ice Boost', 'Poison Mist']
['Ghastly Wail', 'Raging Tiger', 'Sukukaja', 'Counter', 'Ice Boost']
['Growth 3', 'Ice Boost', 'Poison Arrow', 'Raging Tiger', 'Amrita']
['Raging Tiger', 'Poison Mist', 'Ice Boost', 'Sukukaja', 'Null Elec']
['Ice Boost', 'Null Panic', 'Raging Tiger', 'Mahamaon', 'Amrita']
['Sukukaja', 'Dodge Strike', 'Ice Boost', 'Megidola', 'Null Elec']
['Poison Mist', 'Growth 3', 'Counter', 'Auto-Tarukaja', 'Tempest Slash']
['Sukukaja', 'Mahamaon', 'Null Elec', 'Dodge Strike', 'Ghastly Wail']
['Dodge Strike', 'Sukukaja', 'Raging Tiger', 'Ice Boost', 'Counter']
['Mahamaon', 'Sukukaja', 'Counter', 'Growth 3', 'Raging Tiger']
['Sukukaja', 'Ice Boost', 'Null Panic', 'Ghastly Wail', 'Sonic Punch']
['Mahamaon', 'Mediarama', 'Raging Tiger', 'Null Elec', 'Counter']
['Ice Boost', 'Sukukaja', 'Mahamaon', 'Dodge Strike', 'Poison Mist']
['Raging Tiger', 'Null Elec', 'Mahamaon', 'Sukukaja', 'Dodge Strike']
['Auto-Tarukaja', 'Dodge Strike', 'Raging Tiger', 'Mahamaon', 'Growth 3']
['Sukukaja', 'Growth 3', 'Twin Shot', 'Ice Boost', 'Auto-Tarukaja']
['Growth 3', 'Null Panic', 'Raging Tiger', 'Sukukaja', 'Mahamaon']
['Mahamaon', 'Sukukaja', 'Null Panic', 'Dodge Strike', 'Mediarama']
['Poison Mist', 'Null Panic', 'Sukukaja', 'Amrita', 'Ice Boost']
['Raging Tiger', 'Ghastly Wail', 'Sukukaja', 'Auto-Tarukaja', 'Poison Mist']
['Null Elec', 'Dodge Strike', 'Ice Boost', '1hSwd Master', 'Raging Tiger']
['Raging Tiger', 'Auto-Tarukaja', 'Mahamaon', 'Counter', '1hSwd Master']
['Dodge Strike', 'Counter', 'Raging Tiger', 'Null Panic', 'Auto-Tarukaja']
['Mahamaon', 'Auto-Tarukaja', 'Growth 3', 'Counter', 'Poison Mist']
['Poison Mist', 'Null Elec', 'Ice Boost', 'Raging Tiger', 'Dodge Strike']
['Ice Boost', 'Sonic Punch', 'Raging Tiger', 'Amrita', 'Counter']
['Ice Boost', 'Dodge Strike', 'Null Panic', 'Raging Tiger', '1hSwd Master']
['Mediarama', 'Counter', 'Sukukaja', 'Ice Boost', 'Sonic Punch']
['Null Elec', 'Dodge Strike', 'Amrita', 'Auto-Tarukaja', 'Poison Mist']
['Mahamaon', 'Counter', 'Sukukaja', 'Growth 3', 'Raging Tiger']
['Dodge Strike', 'Counter', 'Growth 3', 'Ice Boost', 'Null Panic']
['Mahamaon', 'Raging Tiger', 'Counter', 'Sukukaja', 'Ice Boost']
['Ice Boost', 'Sukukaja', 'Null Elec', 'Counter', 'Null Panic']
['Raging Tiger', 'Auto-Tarukaja', 'Dodge Strike', 'Sukukaja', 'Mahamaon']
['Ice Boost', 'Auto-Tarukaja', 'Sonic Punch', 'Raging Tiger', 'Sukukaja']
['Ice Boost', 'Raging Tiger', 'Growth 3', 'Poison Mist', 'Sukukaja']
['Growth 3', 'Sukukaja', 'Raging Tiger', 'Counter', 'Ice Boost']
['Sukukaja', 'Raging Tiger', 'Mahamaon', 'Growth 3', 'Poison Mist']
['Ice Boost', 'Raging Tiger', 'Counter', 'Twin Shot', 'Growth 3']
['Sonic Punch', 'Raging Tiger', 'Dodge Strike', 'Ice Boost', 'Twin Shot']
['Raging Tiger', 'Counter', 'Mahamaon', 'Growth 3', 'Ice Boost']
['Mahamaon', 'Growth 3', 'Raging Tiger', 'Sukukaja', 'Ice Boost']
['Sonic Punch', 'Counter', 'Poison Mist', 'Mediarama', 'Ice Boost']
['Auto-Tarukaja', 'Null Elec', 'Growth 3', 'Sukukaja', 'Raging Tiger']
['Sukukaja', 'Mahamaon', 'Null Elec', 'Twin Shot', 'Auto-Tarukaja']
['Twin Shot', 'Raging Tiger', 'Sukukaja', 'Null Panic', 'Auto-Tarukaja']
['Raging Tiger', 'Sukukaja', 'Auto-Tarukaja', 'Mahamaon', 'Counter']
['1hSwd Master', 'Raging Tiger', 'Sukukaja', 'Null Panic', 'Counter']
['Auto-Tarukaja', '1hSwd Master', 'Megidola', 'Dodge Strike', 'Sukukaja']
['Poison Mist', 'Dodge Strike', 'Null Elec', 'Growth 3', 'Raging Tiger']
['Counter', 'Raging Tiger', 'Poison Mist', 'Mediarama', 'Sukukaja']
['Growth 3', 'Auto-Tarukaja', 'Mediarama', '1hSwd Master', 'Raging Tiger']
['Raging Tiger', 'Null Elec', 'Ghastly Wail', 'Auto-Tarukaja', '1hSwd Master']
['Poison Mist', 'Dodge Strike', 'Mediarama', 'Auto-Tarukaja', 'Counter']
['Ice Boost', 'Raging Tiger', 'Sukukaja', 'Mediarama', 'Dodge Strike']
['Raging Tiger', 'Auto-Tarukaja', 'Counter', 'Ice Boost', 'Sonic Punch']
['Mahamaon', 'Raging Tiger', 'Null Panic', 'Dodge Strike', 'Sukukaja']
['Ghastly Wail', 'Amrita', 'Twin Shot', 'Raging Tiger', '1hSwd Master']
['Auto-Tarukaja', 'Raging Tiger', 'Dodge Strike', 'Poison Mist', 'Ice Boost']
['Growth 3', 'Sukukaja', 'Auto-Tarukaja', 'Raging Tiger', 'Dodge Strike']
['Ice Boost', 'Sukukaja', 'Ghastly Wail', 'Raging Tiger', '1hSwd Master']
['Auto-Tarukaja', 'Dodge Strike', 'Mediarama', 'Sukukaja', 'Mahamaon']
['Ice Boost', 'Poison Mist', 'Raging Tiger', 'Null Panic', 'Megidola']
['Dodge Strike', 'Null Elec', 'Sukukaja', 'Auto-Tarukaja', 'Mediarama']
['Counter', 'Mahamaon', 'Ice Boost', 'Tempest Slash', 'Raging Tiger']
['Raging Tiger', 'Null Panic', 'Megidola', 'Sukukaja', 'Sonic Punch']
['Mahamaon', 'Twin Shot', 'Raging Tiger', 'Mediarama', 'Ice Boost']
['Sonic Punch', 'Ice Boost', 'Growth 3', 'Raging Tiger', 'Counter']
['Counter', 'Sonic Punch', 'Auto-Tarukaja', 'Null Panic', 'Raging Tiger']
['Raging Tiger', 'Mediarama', '1hSwd Master', 'Dodge Strike', 'Ghastly Wail']
['Sonic Punch', 'Null Panic', 'Raging Tiger', 'Amrita', 'Mahamaon']
['Mahamaon', 'Counter', 'Null Panic', '1hSwd Master', 'Amrita']
['Counter', 'Null Panic', 'Dodge Strike', 'Ice Boost', 'Sukukaja']
['Mediarama', 'Twin Shot', 'Raging Tiger', 'Auto-Tarukaja', 'Dodge Strike']
['Counter', 'Raging Tiger', 'Growth 3', 'Ghastly Wail', 'Auto-Tarukaja']
['Null Panic', 'Auto-Tarukaja', 'Raging Tiger', 'Ice Boost', 'Dodge Strike']
['Mediarama', 'Counter', 'Raging Tiger', 'Megidola', 'Sukukaja']
['Sukukaja', 'Counter', 'Raging Tiger', 'Dodge Strike', 'Null Panic']
['Null Panic', 'Null Elec', 'Dodge Strike', 'Raging Tiger', 'Sukukaja']
['Raging Tiger', 'Ice Boost', 'Sukukaja', 'Null Elec', 'Null Panic']
['Amrita', 'Sonic Punch', 'Ice Boost', 'Null Panic', 'Twin Shot']
['Growth 3', 'Auto-Tarukaja', 'Ghastly Wail', 'Poison Mist', 'Ice Boost']
['Raging Tiger', 'Mahamaon', 'Dodge Strike', 'Megidola', 'Ice Boost']
['Raging Tiger', 'Poison Mist', 'Ice Boost', 'Null Panic', '1hSwd Master']
['Twin Shot', 'Ice Boost', 'Null Elec', 'Dodge Strike', 'Growth 3']
['Mahamaon', 'Raging Tiger', 'Ghastly Wail', 'Twin Shot', 'Ice Boost']
['Tempest Slash', 'Auto-Tarukaja', 'Poison Mist', 'Raging Tiger', 'Amrita']
['Raging Tiger', 'Ghastly Wail', 'Amrita', 'Tempest Slash', 'Poison Mist']
['Raging Tiger', 'Poison Arrow', 'Mediarama', 'Null Panic', 'Dodge Strike']
['Counter', 'Sukukaja', 'Dodge Strike', 'Amrita', 'Raging Tiger']
['Raging Tiger', '1hSwd Master', 'Counter', 'Ice Boost', 'Tempest Slash']
['Sukukaja', '1hSwd Master', 'Amrita', 'Dodge Strike', 'Counter']
['Ice Boost', 'Sukukaja', 'Null Panic', 'Mediarama', 'Raging Tiger']
['Mahamaon', 'Null Panic', 'Raging Tiger', '1hSwd Master', 'Ice Boost']
['Ice Boost', 'Mahamaon', 'Counter', 'Raging Tiger', 'Dodge Strike']
['Raging Tiger', 'Sukukaja', 'Mediarama', 'Counter', 'Dodge Strike']
['Null Elec', 'Raging Tiger', 'Ice Boost', 'Sukukaja', 'Counter']
['Ice Boost', 'Raging Tiger', 'Amrita', 'Mediarama', 'Poison Arrow']
['Sukukaja', 'Ice Boost', 'Raging Tiger', 'Growth 3', 'Counter']
['Dodge Strike', 'Mahamaon', 'Auto-Tarukaja', 'Counter', 'Ice Boost']
['Twin Shot', 'Mahamaon', '1hSwd Master', 'Sukukaja', 'Poison Mist']
['Sukukaja', 'Poison Mist', 'Null Panic', 'Ice Boost', 'Null Elec']
['1hSwd Master', 'Counter', 'Ghastly Wail', 'Dodge Strike', 'Null Elec']
['Amrita', 'Ice Boost', '1hSwd Master', 'Raging Tiger', 'Mediarama']
['Mediarama', 'Auto-Tarukaja', '1hSwd Master', 'Counter', 'Null Panic']
['Counter', 'Sukukaja', 'Ice Boost', 'Raging Tiger', 'Auto-Tarukaja']
['Raging Tiger', '1hSwd Master', 'Ice Boost', 'Mahamaon', 'Sukukaja']
['Growth 3', 'Dodge Strike', 'Raging Tiger', 'Poison Mist', 'Sukukaja']
['Mahamaon', 'Raging Tiger', 'Amrita', 'Auto-Tarukaja', 'Dodge Strike']
['Raging Tiger', 'Ice Boost', 'Auto-Tarukaja', 'Mediarama', 'Counter']
['Raging Tiger', 'Counter', 'Null Panic', 'Amrita', 'Dodge Strike']
['Null Panic', 'Raging Tiger', 'Sukukaja', 'Mediarama', '1hSwd Master']
['Raging Tiger', 'Ghastly Wail', 'Auto-Tarukaja', 'Sukukaja', 'Ice Boost']
['Ice Boost', 'Dodge Strike', 'Mediarama', 'Counter', 'Sukukaja']
['Raging Tiger', 'Poison Mist', 'Auto-Tarukaja', '1hSwd Master', 'Counter']
['Null Panic', 'Amrita', 'Ice Boost', 'Raging Tiger', 'Poison Mist']
['Ice Boost', 'Amrita', 'Raging Tiger', 'Dodge Strike', 'Mediarama']
['Null Panic', 'Auto-Tarukaja', 'Sukukaja', '1hSwd Master', 'Counter']
['Mahamaon', 'Amrita', 'Dodge Strike', 'Raging Tiger', 'Ice Boost']
['Poison Mist', 'Ice Boost', 'Raging Tiger', 'Null Elec', 'Sukukaja']
['Raging Tiger', 'Auto-Tarukaja', 'Sukukaja', '1hSwd Master', 'Mediarama']
['Raging Tiger', 'Auto-Tarukaja', 'Null Elec', 'Mahamaon', 'Counter']
['Null Elec', 'Dodge Strike', 'Ice Boost', 'Raging Tiger', 'Sukukaja']
['Dodge Strike', 'Raging Tiger', 'Ice Boost', 'Null Elec', 'Sukukaja']
['Sukukaja', 'Ice Boost', 'Mediarama', 'Raging Tiger', 'Growth 3']
['1hSwd Master', 'Raging Tiger', 'Ice Boost', 'Dodge Strike', 'Sukukaja']
['Amrita', 'Raging Tiger', 'Mahamaon', 'Sukukaja', 'Null Panic']
['Poison Mist', 'Sukukaja', 'Dodge Strike', 'Null Elec', 'Amrita']
['Dodge Strike', 'Sukukaja', 'Raging Tiger', 'Ghastly Wail', 'Auto-Tarukaja']
['Raging Tiger', 'Growth 3', 'Sukukaja', 'Dodge Strike', 'Amrita']
['Ice Boost', 'Growth 3', 'Null Panic', 'Dodge Strike', 'Sukukaja']
['Auto-Tarukaja', '1hSwd Master', 'Poison Mist', 'Raging Tiger', 'Amrita']
['Mediarama', 'Ice Boost', 'Poison Arrow', 'Tempest Slash', 'Dodge Strike']
