['Repel Dark', 'Sharp Student', 'Marin Karin', 'Arrow Rain', 'Marakunda']
['Evil Touch', 'Poison Arrow', 'Matarunda', 'Spirit Drain', 'Sharp Student']
['Rakukaja', 'Wind Boost', 'Marin Karin', 'Evil Touch', 'Wind Amp']
['Tarukaja', 'Marakunda', 'Trafuri', 'Sexy Dance', 'Wind Break']
['Wind Boost', 'Spirit Drain', 'Rakukaja', 'Sharp Student', 'Marakunda']
['Wind Boost', 'Rakukaja', 'Repel Dark', 'Tarukaja', 'Sharp Student']
['Marin Karin', 'Repel Dark', 'Evil Touch', 'Marakunda', 'Wind Break']
['Wind Boost', 'Marin Karin', 'Repel Dark', 'Tarukaja', 'Trafuri']
['Tarukaja', 'Marin Karin', 'Wind Boost', 'Virus Breath', 'Repel Dark']
['Sexy Dance', 'Rakukaja', 'Evil Touch', 'Wind Amp', 'Matarunda']
['Spirit Drain', 'Wind Break', 'Tarukaja', 'Sexy Dance', 'Trafuri']
['Wind Boost', 'Evil Touch', 'Wind Amp', 'Rakukaja', 'Sharp Student']
['Virus Breath', 'Evil Touch', 'Wind Boost', 'Marin Karin', 'Matarunda']
['Marakunda', 'Evil Touch', 'Wind Boost', 'Rakukaja', 'Matarunda']
['Sexy Dance', 'Tarukaja', 'Marin Karin', 'Evil Touch', 'Wind Amp']
['Marin Karin', 'Marakunda', 'Wind Break', 'Virus Breath', 'Trafuri']
['Marin Karin', 'Power Charge', 'Wind Break', 'Evil Touch', 'Marakunda']
['Marin Karin', 'Repel Dark', 'Sexy Dance', 'Wind Boost', 'Spirit Drain']
['Tarukaja', 'Evil Touch', 'Sexy Dance', 'Wind Amp', 'Rakukaja']
['Rakukaja', 'Tarukaja', 'Marin Karin', 'Evil Touch', 'Power Charge']
['Power Charge', 'Sharp Student', 'Evil Touch', 'Marin Karin', 'Marakunda']
['Rakukaja', 'Sharp Student', 'Power Charge', 'Trafuri', 'Matarunda']
['Evil Touch', 'Virus Breath', 'Tarukaja', 'Trafuri', 'Rakukaja']
['Tarukaja', 'Wind Boost', 'Sexy Dance', 'Marin Karin', 'Matarunda']
['Tarukaja', 'Power Charge', 'Rakukaja', 'Sexy Dance', 'Matarunda']
['Marin Karin', 'Evil Touch', 'Matarunda', 'Wind Boost', 'Repel Dark']
['Die for Me!', 'Wind Boost', 'Marakunda', 'Sharp Student', 'Sexy Dance']
['Sexy Dance', 'Power Charge', 'Spirit Drain', 'Evil Touch', 'Wind Amp']
['Wind Boost', 'Repel Dark', 'Tarukaja', 'Rakukaja', 'Evil Touch']
['Power Charge', 'Evil Touch', 'Wind Boost', 'Tarukaja', 'Trafuri']
['Sexy Dance', 'Evil Touch', 'Virus Breath', 'Sharp Student', 'Rakukaja']
['Rakukaja', 'Wind Boost', 'Matarunda', 'Sexy Dance', 'Marin Karin']
['Repel Dark', 'Evil Touch', 'Wind Break', 'Marakunda', 'Marin Karin']
['Wind Boost', 'Die for Me!', 'Tarukaja', 'Sharp Student', 'Marakunda']
['Rakukaja', 'Marakunda', 'Wind Amp', 'Wind Boost', 'Evil Touch']
['Repel Dark', 'Sharp Student', 'Tarukaja', 'Spirit Drain', 'Rakukaja']
['Power Charge', 'Wind Boost', 'Tarukaja', 'Sexy Dance', 'Evil Touch']
['Wind Boost', 'Wind Amp', 'Tarukaja', 'Marakunda', 'Matarunda']
['Marin Karin', 'Wind Amp', 'Wind Boost', 'Sexy Dance', 'Matarunda']
['Sharp Student', 'Spirit Drain', 'Marin Karin', 'Rakukaja', 'Wind Amp']
['Poison Arrow', 'Wind Amp', 'Evil Touch', 'Rakukaja', 'Virus Breath']
['Wind Boost', 'Sharp Student', 'Virus Breath', 'Rakukaja', 'Sexy Dance']
['Wind Boost', 'Virus Breath', 'Wind Amp', 'Sharp Student', 'Rakukaja']
['Sharp Student', 'Wind Boost', 'Marin Karin', 'Rakukaja', 'Matarunda']
['Die for Me!', 'Sharp Student', 'Sexy Dance', 'Rakukaja', 'Marakunda']
['Matarunda', 'Evil Touch', 'Wind Break', 'Rakukaja', 'Marakunda']
['Tarukaja', 'Rakukaja', 'Sharp Student', 'Die for Me!', 'Power Charge']
['Evil Touch', 'Die for Me!', 'Marakunda', 'Sexy Dance', 'Tarukaja']
['Matarunda', 'Rakukaja', 'Marakunda', 'Sexy Dance', 'Evil Touch']
['Virus Breath', 'Wind Break', 'Sexy Dance', 'Power Charge', 'Wind Boost']
['Sharp Student', 'Marin Karin', 'Tarukaja', 'Sexy Dance', 'Virus Breath']
['Sexy Dance', 'Wind Boost', 'Tarukaja', 'Wind Amp', 'Evil Touch']
['Rakukaja', 'Evil Touch', 'Virus Breath', 'Arrow Rain', 'Wind Amp']
['Tarukaja', 'Marakunda', 'Wind Break', 'Rakukaja', 'Evil Touch']
['Matarunda', 'Wind Boost', 'Tarukaja', 'Rakukaja', 'Wind Break']
['Rakukaja', 'Power Charge', 'Matarunda', 'Megido', 'Marin Karin']
['Marin Karin', 'Wind Amp', 'Rakukaja', 'Power Charge', 'Sexy Dance']
['Power Charge', 'Megido', 'Tarukaja', 'Sexy Dance', 'Trafuri']
['Wind Break', 'Sexy Dance', 'Sharp Student', 'Rakukaja', 'Tarukaja']
['Die for Me!', 'Repel Dark', 'Wind Break', 'Evil Touch', 'Wind Amp']
['Power Charge', 'Rakukaja', 'Evil Touch', 'Trafuri', 'Virus Breath']
['Tarukaja', 'Marin Karin', 'Wind Amp', 'Wind Boost', 'Evil Touch']
['Sharp Student', 'Wind Boost', 'Die for Me!', 'Marin Karin', 'Evil Touch']
['Rakukaja', 'Wind Break', 'Marin Karin', 'Wind Boost', 'Marakunda']
['Wind Boost', 'Tarukaja', 'Evil Touch', 'Repel Dark', 'Marin Karin']
['Marin Karin', 'Marakunda', 'Sharp Student', 'Rakukaja', 'Evil Touch']
['Marin Karin', 'Tarukaja', 'Power Charge', 'Trafuri', 'Wind Amp']
['Spirit Drain', 'Marakunda', 'Matarunda', 'Wind Amp', 'Evil Touch']
['Repel Dark', 'Sharp Student', 'Tarukaja', 'Rakukaja', 'Matarunda']
['Marakunda', 'Rakukaja', 'Evil Touch', 'Wind Boost', 'Tarukaja']
['Die for Me!', 'Matarunda', 'Sharp Student', 'Marin Karin', 'Sexy Dance']
['Virus Breath', 'Sexy Dance', 'Repel Dark', 'Rakukaja', 'Sharp Student']
['Sexy Dance', 'Marin Karin', 'Die for Me!', 'Marakunda', 'Rakukaja']
['Sharp Student', 'Rakukaja', 'Wind Amp', 'Trafuri', 'Matarunda']
['Wind Boost', 'Sharp Student', 'Rakukaja', 'Matarunda', 'Tarukaja']
['Sexy Dance', 'Wind Amp', 'Wind Boost', 'Wind Break', 'Evil Touch']
['Evil Touch', 'Rakukaja', 'Megido', 'Wind Amp', 'Wind Boost']
['Marin Karin', 'Wind Boost', 'Rakukaja', 'Matarunda', 'Sexy Dance']
['Virus Breath', 'Wind Boost', 'Matarunda', 'Die for Me!', 'Evil Touch']
['Rakukaja', 'Sexy Dance', 'Tarukaja', 'Marakunda', 'Die for Me!']
['Sharp Student', 'Marin Karin', 'Rakukaja', 'Wind Boost', 'Wind Break']
['Wind Amp', 'Rakukaja', 'Sexy Dance', 'Tarukaja', 'Evil Touch']
['Sexy Dance', 'Marin Karin', 'Wind Boost', 'Virus Breath', 'Power Charge']
['Tarukaja', 'Evil Touch', 'Wind Boost', 'Marin Karin', 'Die for Me!']
['Marin Karin', 'Wind Amp', 'Marakunda', 'Wind Boost', 'Tarukaja']
['Wind Boost', 'Die for Me!', 'Tarukaja', 'Marin Karin', 'Wind Break']
['Sexy Dance', 'Die for Me!', 'Matarunda', 'Wind Amp', 'Rakukaja']
['Evil Touch', 'Sexy Dance', 'Tarukaja', 'Wind Boost', 'Sharp Student']
['Megido', 'Wind Break', 'Wind Boost', 'Trafuri', 'Tarukaja']
['Rakukaja', 'Tarukaja', 'Evil Touch', 'Repel Dark', 'Wind Amp']
['Wind Amp', 'Wind Boost', 'Wind Break', 'Power Charge', 'Tarukaja']
['Evil Touch', 'Tarukaja', 'Virus Breath', 'Sexy Dance', 'Wind Boost']
['Rakukaja', 'Trafuri', 'Marakunda', 'Evil Touch', 'Wind Amp']
['Arrow Rain', 'Rakukaja', 'Marin Karin', 'Tarukaja', 'Wind Break']
['Sharp Student', 'Rakukaja', 'Tarukaja', 'Wind Boost', 'Sexy Dance']
['Power Charge', 'Wind Amp', 'Marakunda', 'Sexy Dance', 'Tarukaja']
['Wind Boost', 'Wind Break', 'Virus Breath', 'Rakukaja', 'Wind Amp']
['Tarukaja', 'Wind Break', 'Marin Karin', 'Repel Dark', 'Sexy Dance']
['Matarunda', 'Sharp Student', 'Tarukaja', 'Sexy Dance', 'Evil Touch']
['Sexy Dance', 'Virus Breath', 'Wind Break', 'Matarunda', 'Wind Boost']
['Matarunda', 'Wind Amp', 'Wind Boost', 'Evil Touch', 'Wind Break']
['Wind Break', 'Repel Dark', 'Marakunda', 'Rakukaja', 'Evil Touch']
['Virus Breath', 'Rakukaja', 'Sharp Student', 'Tarukaja', 'Marakunda']
['Evil Touch', 'Rakukaja', 'Wind Boost', 'Tarukaja', 'Power Charge']
['Wind Boost', 'Marakunda', 'Wind Break', 'Poison Arrow', 'Megido']
['Matarunda', 'Marin Karin', 'Trafuri', 'Sharp Student', 'Rakukaja']
['Wind Boost', 'Marakunda', 'Tarukaja', 'Sharp Student', 'Evil Touch']
['Wind Break', 'Marakunda', 'Rakukaja', 'Tarukaja', 'Evil Touch']
['Wind Amp', 'Wind Boost', 'Sexy Dance', 'Sharp Student', 'Marin Karin']
['Rakukaja', 'Tarukaja', 'Repel Dark', 'Die for Me!', 'Arrow Rain']
['Marin Karin', 'Rakukaja', 'Sharp Student', 'Die for Me!', 'Sexy Dance']
['Sexy Dance', 'Wind Amp', 'Sharp Student', 'Wind Boost', 'Wind Break']
['Sharp Student', 'Rakukaja', 'Die for Me!', 'Wind Boost', 'Virus Breath']
['Marin Karin', 'Repel Dark', 'Matarunda', 'Tarukaja', 'Sharp Student']
['Wind Boost', 'Power Charge', 'Wind Amp', 'Marin Karin', 'Wind Break']
['Marin Karin', 'Sharp Student', 'Rakukaja', 'Tarukaja', 'Power Charge']
['Tarukaja', 'Sharp Student', 'Marin Karin', 'Wind Break', 'Matarunda']
['Tarukaja', 'Sharp Student', 'Marin Karin', 'Wind Break', 'Matarunda']
['Power Charge', 'Wind Amp', 'Wind Boost', 'Sexy Dance', 'Rakukaja']
['Poison Arrow', 'Wind Break', 'Rakukaja', 'Tarukaja', 'Trafuri']
['Tarukaja', 'Marakunda', 'Marin Karin', 'Wind Amp', 'Evil Touch']
['Matarunda', 'Sharp Student', 'Rakukaja', 'Marin Karin', 'Marakunda']
['Wind Break', 'Evil Touch', 'Marin Karin', 'Wind Boost', 'Sharp Student']
['Sharp Student', 'Wind Amp', 'Power Charge', 'Die for Me!', 'Marin Karin']
['Evil Touch', 'Power Charge', 'Wind Boost', 'Wind Amp', 'Sexy Dance']
['Marin Karin', 'Sexy Dance', 'Wind Amp', 'Rakukaja', 'Power Charge']
['Rakukaja', 'Virus Breath', 'Wind Amp', 'Tarukaja', 'Sexy Dance']
['Wind Break', 'Rakukaja', 'Poison Arrow', 'Wind Boost', 'Die for Me!']
['Matarunda', 'Arrow Rain', 'Wind Break', 'Evil Touch', 'Wind Amp']
['Sharp Student', 'Wind Boost', 'Sexy Dance', 'Tarukaja', 'Virus Breath']
['Marin Karin', 'Tarukaja', 'Evil Touch', 'Megido', 'Wind Boost']
['Matarunda', 'Trafuri', 'Sharp Student', 'Marakunda', 'Megido']
['Trafuri', 'Tarukaja', 'Marakunda', 'Evil Touch', 'Marin Karin']
['Repel Dark', 'Wind Break', 'Marakunda', 'Sexy Dance', 'Rakukaja']
['Virus Breath', 'Sharp Student', 'Trafuri', 'Wind Break', 'Tarukaja']
['Sexy Dance', 'Wind Break', 'Rakukaja', 'Marakunda', 'Tarukaja']
['Sexy Dance', 'Spirit Drain', 'Wind Boost', 'Wind Break', 'Evil Touch']
['Virus Breath', 'Tarukaja', 'Wind Boost', 'Sharp Student', 'Wind Amp']
['Wind Boost', 'Trafuri', 'Rakukaja', 'Tarukaja', 'Sexy Dance']
['Marakunda', 'Repel Dark', 'Die for Me!', 'Wind Break', 'Tarukaja']
['Megido', 'Wind Boost', 'Marin Karin', 'Tarukaja', 'Rakukaja']
['Matarunda', 'Sharp Student', 'Evil Touch', 'Virus Breath', 'Wind Break']
['Wind Boost', 'Evil Touch', 'Tarukaja', 'Wind Amp', 'Power Charge']
['Wind Break', 'Sexy Dance', 'Tarukaja', 'Repel Dark', 'Evil Touch']
['Matarunda', 'Virus Breath', 'Wind Break', 'Marakunda', 'Sharp Student']
['Tarukaja', 'Evil Touch', 'Matarunda', 'Sexy Dance', 'Rakukaja']
['Marakunda', 'Rakukaja', 'Sharp Student', 'Matarunda', 'Marin Karin']
['Sharp Student', 'Die for Me!', 'Marakunda', 'Arrow Rain', 'Trafuri']
['Wind Boost', 'Wind Break', 'Sexy Dance', 'Virus Breath', 'Evil Touch']
['Marin Karin', 'Wind Break', 'Sexy Dance', 'Rakukaja', 'Wind Boost']
['Marin Karin', 'Wind Boost', 'Rakukaja', 'Marakunda', 'Wind Break']
['Wind Boost', 'Spirit Drain', 'Wind Break', 'Marin Karin', 'Evil Touch']
['Virus Breath', 'Wind Boost', 'Evil Touch', 'Wind Amp', 'Rakukaja']
['Marin Karin', 'Wind Boost', 'Trafuri', 'Tarukaja', 'Virus Breath']
['Power Charge', 'Virus Breath', 'Repel Dark', 'Tarukaja', 'Wind Boost']
['Sharp Student', 'Wind Boost', 'Sexy Dance', 'Repel Dark', 'Spirit Drain']
['Rakukaja', 'Wind Boost', 'Wind Amp', 'Sexy Dance', 'Wind Break']
['Wind Break', 'Rakukaja', 'Sexy Dance', 'Evil Touch', 'Wind Amp']
['Sexy Dance', 'Rakukaja', 'Wind Boost', 'Wind Break', 'Tarukaja']
['Wind Boost', 'Wind Break', 'Evil Touch', 'Arrow Rain', 'Power Charge']
['Evil Touch', 'Tarukaja', 'Rakukaja', 'Sharp Student', 'Wind Boost']
['Power Charge', 'Wind Boost', 'Evil Touch', 'Sharp Student', 'Matarunda']
['Wind Boost', 'Wind Break', 'Rakukaja', 'Sharp Student', 'Marin Karin']
['Wind Break', 'Wind Amp', 'Repel Dark', 'Sharp Student', 'Evil Touch']
['Marin Karin', 'Wind Boost', 'Spirit Drain', 'Die for Me!', 'Evil Touch']
['Marin Karin', 'Rakukaja', 'Wind Boost', 'Wind Break', 'Evil Touch']
['Tarukaja', 'Marin Karin', 'Wind Boost', 'Wind Amp', 'Arrow Rain']
['Wind Boost', 'Rakukaja', 'Sharp Student', 'Wind Break', 'Marin Karin']
['Marakunda', 'Marin Karin', 'Wind Boost', 'Rakukaja', 'Tarukaja']
['Matarunda', 'Trafuri', 'Sexy Dance', 'Tarukaja', 'Sharp Student']
['Evil Touch', 'Matarunda', 'Wind Break', 'Rakukaja', 'Power Charge']
['Marakunda', 'Marin Karin', 'Repel Dark', 'Sexy Dance', 'Poison Arrow']
['Tarukaja', 'Trafuri', 'Poison Arrow', 'Sexy Dance', 'Rakukaja']
['Wind Boost', 'Wind Amp', 'Wind Break', 'Power Charge', 'Rakukaja']
['Tarukaja', 'Rakukaja', 'Wind Boost', 'Trafuri', 'Evil Touch']
['Marakunda', 'Evil Touch', 'Matarunda', 'Sexy Dance', 'Sharp Student']
['Repel Dark', 'Matarunda', 'Rakukaja', 'Sharp Student', 'Marin Karin']
['Repel Dark', 'Rakukaja', 'Evil Touch', 'Wind Boost', 'Virus Breath']
['Sharp Student', 'Die for Me!', 'Marin Karin', 'Wind Amp', 'Sexy Dance']
['Marin Karin', 'Evil Touch', 'Virus Breath', 'Spirit Drain', 'Rakukaja']
['Trafuri', 'Wind Boost', 'Sharp Student', 'Rakukaja', 'Evil Touch']
['Evil Touch', 'Tarukaja', 'Wind Amp', 'Power Charge', 'Matarunda']
['Sharp Student', 'Matarunda', 'Virus Breath', 'Evil Touch', 'Marakunda']
['Wind Boost', 'Matarunda', 'Marin Karin', 'Wind Break', 'Wind Amp']
['Tarukaja', 'Power Charge', 'Sharp Student', 'Wind Break', 'Matarunda']
['Rakukaja', 'Sharp Student', 'Tarukaja', 'Marakunda', 'Power Charge']
['Sharp Student', 'Tarukaja', 'Repel Dark', 'Wind Boost', 'Wind Break']
['Wind Break', 'Matarunda', 'Megido', 'Sharp Student', 'Wind Amp']
['Power Charge', 'Evil Touch', 'Tarukaja', 'Trafuri', 'Virus Breath']
['Wind Boost', 'Tarukaja', 'Sexy Dance', 'Sharp Student', 'Repel Dark']
['Rakukaja', 'Tarukaja', 'Virus Breath', 'Sharp Student', 'Evil Touch']
['Rakukaja', 'Wind Boost', 'Power Charge', 'Die for Me!', 'Wind Break']
['Sexy Dance', 'Tarukaja', 'Marin Karin', 'Trafuri', 'Wind Boost']
['Megido', 'Wind Break', 'Marin Karin', 'Rakukaja', 'Wind Boost']
['Rakukaja', 'Tarukaja', 'Virus Breath', 'Marakunda', 'Wind Boost']
['Die for Me!', 'Marakunda', 'Sharp Student', 'Evil Touch', 'Wind Break']
['Sexy Dance', 'Tarukaja', 'Wind Boost', 'Repel Dark', 'Sharp Student']
['Wind Boost', 'Sharp Student', 'Power Charge', 'Tarukaja', 'Trafuri']
['Evil Touch', 'Wind Break', 'Rakukaja', 'Marakunda', 'Tarukaja']
['Wind Boost', 'Power Charge', 'Tarukaja', 'Sexy Dance', 'Wind Amp']
['Power Charge', 'Wind Amp', 'Marin Karin', 'Tarukaja', 'Evil Touch']
['Marakunda', 'Matarunda', 'Wind Boost', 'Die for Me!', 'Rakukaja']
['Repel Dark', 'Sexy Dance', 'Rakukaja', 'Sharp Student', 'Wind Boost']
['Wind Boost', 'Evil Touch', 'Wind Break', 'Poison Arrow', 'Marin Karin']
['Tarukaja', 'Evil Touch', 'Marin Karin', 'Power Charge', 'Virus Breath']
['Wind Amp', 'Sexy Dance', 'Tarukaja', 'Virus Breath', 'Evil Touch']
['Rakukaja', 'Sharp Student', 'Wind Amp', 'Power Charge', 'Matarunda']
['Tarukaja', 'Wind Boost', 'Repel Dark', 'Rakukaja', 'Sharp Student']
['Tarukaja', 'Matarunda', 'Wind Boost', 'Sexy Dance', 'Rakukaja']
['Marin Karin', 'Rakukaja', 'Power Charge', 'Marakunda', 'Spirit Drain']
['Wind Boost', 'Evil Touch', 'Tarukaja', 'Repel Dark', 'Marakunda']
['Marin Karin', 'Wind Boost', 'Repel Dark', 'Sexy Dance', 'Tarukaja']
['Marakunda', 'Trafuri', 'Sexy Dance', 'Rakukaja', 'Wind Boost']
['Sharp Student', 'Repel Dark', 'Tarukaja', 'Marin Karin', 'Trafuri']
['Wind Amp', 'Tarukaja', 'Marakunda', 'Virus Breath', 'Power Charge']
['Marin Karin', 'Matarunda', 'Trafuri', 'Wind Break', 'Repel Dark']
['Tarukaja', 'Virus Breath', 'Marin Karin', 'Matarunda', 'Wind Boost']
['Rakukaja', 'Evil Touch', 'Wind Amp', 'Marakunda', 'Tarukaja']
['Sharp Student', 'Rakukaja', 'Power Charge', 'Poison Arrow', 'Wind Boost']
['Marakunda', 'Evil Touch', 'Sexy Dance', 'Wind Boost', 'Marin Karin']
['Sexy Dance', 'Marakunda', 'Tarukaja', 'Wind Amp', 'Marin Karin']
['Marin Karin', 'Tarukaja', 'Rakukaja', 'Repel Dark', 'Wind Boost']
['Evil Touch', 'Marin Karin', 'Rakukaja', 'Wind Boost', 'Tarukaja']
['Power Charge', 'Sexy Dance', 'Tarukaja', 'Rakukaja', 'Repel Dark']
['Rakukaja', 'Tarukaja', 'Power Charge', 'Evil Touch', 'Marin Karin']
['Wind Break', 'Virus Breath', 'Rakukaja', 'Repel Dark', 'Trafuri']
['Wind Boost', 'Marakunda', 'Repel Dark', 'Marin Karin', 'Wind Break']
['Rakukaja', 'Repel Dark', 'Sexy Dance', 'Die for Me!', 'Wind Boost']
['Virus Breath', 'Marin Karin', 'Sexy Dance', 'Wind Boost', 'Power Charge']
['Virus Breath', 'Evil Touch', 'Wind Boost', 'Wind Amp', 'Marin Karin']
['Sexy Dance', 'Trafuri', 'Power Charge', 'Evil Touch', 'Marin Karin']
['Marakunda', 'Marin Karin', 'Virus Breath', 'Poison Arrow', 'Repel Dark']
['Matarunda', 'Marin Karin', 'Sharp Student', 'Wind Break', 'Wind Boost']
['Virus Breath', 'Power Charge', 'Wind Amp', 'Evil Touch', 'Sexy Dance']
['Wind Boost', 'Arrow Rain', 'Tarukaja', 'Virus Breath', 'Wind Amp']
['Rakukaja', 'Marin Karin', 'Tarukaja', 'Die for Me!', 'Sexy Dance']
['Marin Karin', 'Virus Breath', 'Sexy Dance', 'Rakukaja', 'Wind Boost']
['Sexy Dance', 'Wind Break', 'Repel Dark', 'Wind Amp', 'Evil Touch']
['Rakukaja', 'Tarukaja', 'Repel Dark', 'Wind Break', 'Sharp Student']
['Evil Touch', 'Matarunda', 'Virus Breath', 'Wind Boost', 'Rakukaja']
['Tarukaja', 'Marin Karin', 'Sexy Dance', 'Rakukaja', 'Evil Touch']
['Marin Karin', 'Wind Boost', 'Sharp Student', 'Wind Amp', 'Evil Touch']
['Die for Me!', 'Sharp Student', 'Tarukaja', 'Megido', 'Rakukaja']
['Rakukaja', 'Tarukaja', 'Power Charge', 'Marin Karin', 'Evil Touch']
['Marin Karin', 'Power Charge', 'Tarukaja', 'Rakukaja', 'Evil Touch']
['Repel Dark', 'Power Charge', 'Matarunda', 'Rakukaja', 'Wind Break']
['Wind Boost', 'Marakunda', 'Marin Karin', 'Rakukaja', 'Wind Break']
['Evil Touch', 'Sharp Student', 'Sexy Dance', 'Tarukaja', 'Wind Break']
['Sharp Student', 'Power Charge', 'Tarukaja', 'Rakukaja', 'Evil Touch']
['Marin Karin', 'Wind Amp', 'Wind Boost', 'Die for Me!', 'Sharp Student']
['Trafuri', 'Power Charge', 'Megido', 'Sexy Dance', 'Arrow Rain']
['Rakukaja', 'Tarukaja', 'Marin Karin', 'Marakunda', 'Sharp Student']
['Sharp Student', 'Rakukaja', 'Wind Amp', 'Wind Boost', 'Tarukaja']
['Virus Breath', 'Marakunda', 'Rakukaja', 'Wind Boost', 'Marin Karin']
['Tarukaja', 'Sharp Student', 'Wind Boost', 'Marin Karin', 'Rakukaja']
['Marin Karin', 'Rakukaja', 'Sexy Dance', 'Trafuri', 'Matarunda']
['Evil Touch', 'Power Charge', 'Wind Boost', 'Tarukaja', 'Sharp Student']
['Power Charge', 'Tarukaja', 'Sexy Dance', 'Sharp Student', 'Evil Touch']
['Sexy Dance', 'Trafuri', 'Wind Break', 'Wind Boost', 'Matarunda']
['Sexy Dance', 'Matarunda', 'Evil Touch', 'Arrow Rain', 'Marakunda']
['Tarukaja', 'Rakukaja', 'Power Charge', 'Wind Break', 'Sharp Student']
['Marakunda', 'Evil Touch', 'Power Charge', 'Rakukaja', 'Spirit Drain']
['Sexy Dance', 'Tarukaja', 'Matarunda', 'Rakukaja', 'Virus Breath']
['Virus Breath', 'Marin Karin', 'Sexy Dance', 'Die for Me!', 'Rakukaja']
['Sexy Dance', 'Marin Karin', 'Matarunda', 'Power Charge', 'Marakunda']
['Wind Break', 'Sexy Dance', 'Tarukaja', 'Evil Touch', 'Sharp Student']
['Tarukaja', 'Wind Boost', 'Marin Karin', 'Sexy Dance', 'Sharp Student']
['Tarukaja', 'Wind Boost', 'Power Charge', 'Marin Karin', 'Matarunda']
['Marin Karin', 'Virus Breath', 'Sexy Dance', 'Repel Dark', 'Wind Break']
['Marin Karin', 'Wind Boost', 'Rakukaja', 'Tarukaja', 'Power Charge']
['Rakukaja', 'Sexy Dance', 'Marakunda', 'Wind Amp', 'Wind Break']
['Sharp Student', 'Die for Me!', 'Rakukaja', 'Matarunda', 'Marakunda']
['Virus Breath', 'Sexy Dance', 'Wind Boost', 'Arrow Rain', 'Rakukaja']
['Sharp Student', 'Wind Break', 'Virus Breath', 'Wind Boost', 'Repel Dark']
['Rakukaja', 'Marin Karin', 'Wind Boost', 'Power Charge', 'Matarunda']
['Power Charge', 'Rakukaja', 'Evil Touch', 'Tarukaja', 'Virus Breath']
['Marin Karin', 'Matarunda', 'Marakunda', 'Wind Break', 'Sexy Dance']
['Tarukaja', 'Marin Karin', 'Sexy Dance', 'Evil Touch', 'Wind Boost']
['Virus Breath', 'Marin Karin', 'Wind Boost', 'Evil Touch', 'Sharp Student']
['Rakukaja', 'Die for Me!', 'Tarukaja', 'Wind Boost', 'Trafuri']
['Marin Karin', 'Power Charge', 'Wind Break', 'Tarukaja', 'Spirit Drain']
['Sharp Student', 'Wind Amp', 'Tarukaja', 'Rakukaja', 'Evil Touch']
['Trafuri', 'Poison Arrow', 'Wind Boost', 'Virus Breath', 'Marin Karin']
['Virus Breath', 'Sexy Dance', 'Wind Break', 'Marin Karin', 'Evil Touch']
['Power Charge', 'Rakukaja', 'Marakunda', 'Trafuri', 'Sexy Dance']
['Rakukaja', 'Tarukaja', 'Wind Boost', 'Marin Karin', 'Matarunda']
['Marin Karin', 'Trafuri', 'Power Charge', 'Spirit Drain', 'Sexy Dance']
['Marin Karin', 'Sexy Dance', 'Die for Me!', 'Wind Boost', 'Tarukaja']
['Rakukaja', 'Matarunda', 'Sharp Student', 'Marin Karin', 'Repel Dark']
['Poison Arrow', 'Marakunda', 'Tarukaja', 'Matarunda', 'Wind Amp']
['Sexy Dance', 'Tarukaja', 'Sharp Student', 'Wind Amp', 'Virus Breath']
['Matarunda', 'Marin Karin', 'Tarukaja', 'Rakukaja', 'Wind Break']
['Wind Break', 'Wind Boost', 'Matarunda', 'Power Charge', 'Wind Amp']
['Wind Boost', 'Power Charge', 'Marin Karin', 'Evil Touch', 'Sexy Dance']
['Wind Break', 'Wind Amp', 'Poison Arrow', 'Wind Boost', 'Marin Karin']
['Marin Karin', 'Marakunda', 'Trafuri', 'Wind Boost', 'Sexy Dance']
['Wind Boost', 'Tarukaja', 'Rakukaja', 'Virus Breath', 'Marin Karin']
['Wind Amp', 'Evil Touch', 'Tarukaja', 'Wind Boost', 'Power Charge']
['Wind Boost', 'Spirit Drain', 'Repel Dark', 'Marakunda', 'Marin Karin']
['Die for Me!', 'Virus Breath', 'Tarukaja', 'Marin Karin', 'Wind Boost']
['Sexy Dance', 'Evil Touch', 'Marin Karin', 'Rakukaja', 'Matarunda']
['Sexy Dance', 'Marin Karin', 'Wind Boost', 'Evil Touch', 'Wind Break']
['Power Charge', 'Sexy Dance', 'Rakukaja', 'Sharp Student', 'Tarukaja']
['Wind Amp', 'Rakukaja', 'Wind Break', 'Sharp Student', 'Tarukaja']
['Wind Boost', 'Matarunda', 'Wind Break', 'Trafuri', 'Die for Me!']
['Wind Boost', 'Power Charge', 'Rakukaja', 'Marakunda', 'Wind Amp']
['Evil Touch', 'Sexy Dance', 'Wind Break', 'Sharp Student', 'Repel Dark']
['Trafuri', 'Sharp Student', 'Rakukaja', 'Marin Karin', 'Power Charge']
['Marin Karin', 'Wind Amp', 'Marakunda', 'Trafuri', 'Sharp Student']
['Sexy Dance', 'Marin Karin', 'Spirit Drain', 'Tarukaja', 'Virus Breath']
['Wind Break', 'Rakukaja', 'Trafuri', 'Wind Amp', 'Sharp Student']
['Matarunda', 'Wind Break', 'Sharp Student', 'Marin Karin', 'Marakunda']
['Marin Karin', 'Power Charge', 'Sexy Dance', 'Repel Dark', 'Virus Breath']
['Tarukaja', 'Evil Touch', 'Sexy Dance', 'Marakunda', 'Sharp Student']
['Wind Amp', 'Rakukaja', 'Trafuri', 'Repel Dark', 'Marin Karin']
['Evil Touch', 'Rakukaja', 'Marakunda', 'Tarukaja', 'Wind Boost']
['Marakunda', 'Wind Boost', 'Sharp Student', 'Marin Karin', 'Sexy Dance']
['Wind Amp', 'Marin Karin', 'Evil Touch', 'Trafuri', 'Tarukaja']
['Wind Break', 'Marakunda', 'Rakukaja', 'Virus Breath', 'Marin Karin']
['Sharp Student', 'Sexy Dance', 'Wind Amp', 'Wind Break', 'Trafuri']
['Sexy Dance', 'Wind Boost', 'Rakukaja', 'Virus Breath', 'Marakunda']
['Rakukaja', 'Wind Boost', 'Matarunda', 'Evil Touch', 'Virus Breath']
['Matarunda', 'Sexy Dance', 'Marin Karin', 'Evil Touch', 'Rakukaja']
['Marin Karin', 'Sharp Student', 'Wind Boost', 'Virus Breath', 'Rakukaja']
['Evil Touch', 'Repel Dark', 'Wind Boost', 'Tarukaja', 'Sharp Student']
['Repel Dark', 'Power Charge', 'Marin Karin', 'Wind Boost', 'Marakunda']
['Wind Boost', 'Matarunda', 'Marakunda', 'Tarukaja', 'Virus Breath']
['Evil Touch', 'Wind Boost', 'Tarukaja', 'Wind Break', 'Rakukaja']
['Matarunda', 'Wind Break', 'Rakukaja', 'Sharp Student', 'Wind Boost']
['Evil Touch', 'Virus Breath', 'Poison Arrow', 'Wind Amp', 'Wind Boost']
['Marin Karin', 'Rakukaja', 'Tarukaja', 'Wind Boost', 'Sharp Student']
['Sharp Student', 'Tarukaja', 'Wind Boost', 'Repel Dark', 'Marin Karin']
['Wind Boost', 'Rakukaja', 'Tarukaja', 'Trafuri', 'Sexy Dance']
['Tarukaja', 'Evil Touch', 'Rakukaja', 'Marin Karin', 'Matarunda']
['Marin Karin', 'Rakukaja', 'Wind Amp', 'Virus Breath', 'Evil Touch']
['Power Charge', 'Wind Boost', 'Tarukaja', 'Sharp Student', 'Arrow Rain']
['Marin Karin', 'Wind Break', 'Rakukaja', 'Virus Breath', 'Wind Boost']
['Power Charge', 'Wind Boost', 'Marakunda', 'Tarukaja', 'Marin Karin']
['Rakukaja', 'Matarunda', 'Sexy Dance', 'Tarukaja', 'Virus Breath']
['Repel Dark', 'Sexy Dance', 'Die for Me!', 'Wind Boost', 'Evil Touch']
['Rakukaja', 'Marakunda', 'Power Charge', 'Tarukaja', 'Marin Karin']
['Tarukaja', 'Rakukaja', 'Wind Amp', 'Marin Karin', 'Repel Dark']
['Wind Break', 'Sharp Student', 'Rakukaja', 'Wind Boost', 'Marin Karin']
['Marin Karin', 'Tarukaja', 'Marakunda', 'Evil Touch', 'Sexy Dance']
['Wind Boost', 'Tarukaja', 'Sharp Student', 'Rakukaja', 'Marin Karin']
['Repel Dark', 'Evil Touch', 'Wind Amp', 'Power Charge', 'Tarukaja']
['Repel Dark', 'Tarukaja', 'Virus Breath', 'Wind Boost', 'Matarunda']
['Matarunda', 'Tarukaja', 'Wind Boost', 'Sharp Student', 'Rakukaja']
['Marin Karin', 'Matarunda', 'Tarukaja', 'Wind Amp', 'Evil Touch']
['Evil Touch', 'Spirit Drain', 'Sharp Student', 'Marin Karin', 'Rakukaja']
['Rakukaja', 'Sexy Dance', 'Wind Amp', 'Power Charge', 'Wind Boost']
['Wind Amp', 'Marin Karin', 'Evil Touch', 'Wind Break', 'Repel Dark']
['Repel Dark', 'Sexy Dance', 'Tarukaja', 'Wind Boost', 'Marin Karin']
['Marin Karin', 'Tarukaja', 'Matarunda', 'Evil Touch', 'Wind Amp']
['Evil Touch', 'Marakunda', 'Virus Breath', 'Tarukaja', 'Matarunda']
['Sexy Dance', 'Wind Boost', 'Megido', 'Marin Karin', 'Power Charge']
['Matarunda', 'Marin Karin', 'Wind Boost', 'Virus Breath', 'Rakukaja']
['Wind Amp', 'Die for Me!', 'Sharp Student', 'Sexy Dance', 'Wind Boost']
['Wind Break', 'Rakukaja', 'Marin Karin', 'Tarukaja', 'Die for Me!']
['Matarunda', 'Marakunda', 'Wind Boost', 'Power Charge', 'Wind Amp']
['Rakukaja', 'Tarukaja', 'Wind Break', 'Matarunda', 'Marin Karin']
['Sharp Student', 'Marin Karin', 'Evil Touch', 'Wind Break', 'Repel Dark']
['Tarukaja', 'Evil Touch', 'Arrow Rain', 'Sharp Student', 'Repel Dark']
['Sexy Dance', 'Tarukaja', 'Wind Amp', 'Marin Karin', 'Sharp Student']
['Evil Touch', 'Wind Amp', 'Rakukaja', 'Repel Dark', 'Sexy Dance']
['Marin Karin', 'Sexy Dance', 'Power Charge', 'Rakukaja', 'Wind Amp']
['Rakukaja', 'Tarukaja', 'Repel Dark', 'Marin Karin', 'Sharp Student']
['Tarukaja', 'Wind Amp', 'Die for Me!', 'Marin Karin', 'Marakunda']
['Wind Boost', 'Sexy Dance', 'Wind Break', 'Rakukaja', 'Repel Dark']
['Matarunda', 'Wind Break', 'Megido', 'Sharp Student', 'Tarukaja']
['Tarukaja', 'Repel Dark', 'Sharp Student', 'Virus Breath', 'Wind Boost']
['Trafuri', 'Sharp Student', 'Wind Break', 'Repel Dark', 'Marin Karin']
['Evil Touch', 'Rakukaja', 'Wind Break', 'Wind Amp', 'Tarukaja']
['Evil Touch', 'Tarukaja', 'Repel Dark', 'Power Charge', 'Rakukaja']
['Virus Breath', 'Marin Karin', 'Power Charge', 'Sexy Dance', 'Rakukaja']
['Marin Karin', 'Wind Boost', 'Evil Touch', 'Marakunda', 'Wind Break']
['Matarunda', 'Evil Touch', 'Tarukaja', 'Wind Break', 'Sharp Student']
['Die for Me!', 'Virus Breath', 'Tarukaja', 'Marin Karin', 'Power Charge']
['Wind Break', 'Megido', 'Wind Amp', 'Marin Karin', 'Evil Touch']
['Marakunda', 'Wind Amp', 'Wind Boost', 'Rakukaja', 'Power Charge']
['Rakukaja', 'Wind Break', 'Marakunda', 'Tarukaja', 'Repel Dark']
['Virus Breath', 'Die for Me!', 'Repel Dark', 'Tarukaja', 'Matarunda']
['Wind Amp', 'Rakukaja', 'Wind Break', 'Virus Breath', 'Evil Touch']
['Wind Boost', 'Tarukaja', 'Marakunda', 'Evil Touch', 'Wind Break']
['Tarukaja', 'Power Charge', 'Rakukaja', 'Wind Amp', 'Marin Karin']
['Marin Karin', 'Power Charge', 'Sharp Student', 'Marakunda', 'Tarukaja']
['Trafuri', 'Tarukaja', 'Die for Me!', 'Sexy Dance', 'Rakukaja']
['Evil Touch', 'Spirit Drain', 'Trafuri', 'Tarukaja', 'Matarunda']
['Virus Breath', 'Marakunda', 'Marin Karin', 'Sharp Student', 'Trafuri']
['Matarunda', 'Repel Dark', 'Sharp Student', 'Wind Amp', 'Tarukaja']
['Marin Karin', 'Repel Dark', 'Sexy Dance', 'Wind Amp', 'Tarukaja']
['Repel Dark', 'Power Charge', 'Marin Karin', 'Wind Boost', 'Wind Amp']
['Marakunda', 'Evil Touch', 'Arrow Rain', 'Virus Breath', 'Wind Boost']
['Marakunda', 'Evil Touch', 'Wind Break', 'Sharp Student', 'Rakukaja']
['Marin Karin', 'Rakukaja', 'Virus Breath', 'Matarunda', 'Tarukaja']
['Power Charge', 'Marakunda', 'Sharp Student', 'Tarukaja', 'Die for Me!']
['Power Charge', 'Tarukaja', 'Wind Amp', 'Trafuri', 'Sexy Dance']
['Rakukaja', 'Wind Amp', 'Wind Boost', 'Marin Karin', 'Sexy Dance']
['Matarunda', 'Virus Breath', 'Sharp Student', 'Die for Me!', 'Wind Boost']
['Rakukaja', 'Sharp Student', 'Evil Touch', 'Power Charge', 'Sexy Dance']
['Sexy Dance', 'Marakunda', 'Rakukaja', 'Repel Dark', 'Wind Boost']
['Wind Amp', 'Rakukaja', 'Tarukaja', 'Virus Breath', 'Sexy Dance']
['Marin Karin', 'Power Charge', 'Matarunda', 'Tarukaja', 'Rakukaja']
['Spirit Drain', 'Evil Touch', 'Power Charge', 'Marin Karin', 'Sharp Student']
['Sharp Student', 'Evil Touch', 'Tarukaja', 'Rakukaja', 'Marin Karin']
['Marin Karin', 'Virus Breath', 'Tarukaja', 'Rakukaja', 'Sharp Student']
['Trafuri', 'Rakukaja', 'Sharp Student', 'Wind Boost', 'Sexy Dance']
['Tarukaja', 'Marin Karin', 'Wind Amp', 'Sexy Dance', 'Wind Boost']
['Marin Karin', 'Arrow Rain', 'Tarukaja', 'Repel Dark', 'Spirit Drain']
['Sexy Dance', 'Matarunda', 'Wind Boost', 'Marin Karin', 'Sharp Student']
['Wind Break', 'Virus Breath', 'Wind Boost', 'Rakukaja', 'Evil Touch']
['Die for Me!', 'Wind Amp', 'Virus Breath', 'Repel Dark', 'Sexy Dance']
['Power Charge', 'Tarukaja', 'Rakukaja', 'Marakunda', 'Sharp Student']
['Sexy Dance', 'Rakukaja', 'Trafuri', 'Wind Break', 'Power Charge']
['Wind Break', 'Rakukaja', 'Sexy Dance', 'Virus Breath', 'Evil Touch']
['Sharp Student', 'Tarukaja', 'Matarunda', 'Trafuri', 'Evil Touch']
['Sexy Dance', 'Marin Karin', 'Matarunda', 'Wind Amp', 'Wind Boost']
['Wind Boost', 'Tarukaja', 'Sexy Dance', 'Wind Amp', 'Marin Karin']
['Rakukaja', 'Poison Arrow', 'Repel Dark', 'Virus Breath', 'Sharp Student']
['Wind Amp', 'Marin Karin', 'Sexy Dance', 'Virus Breath', 'Power Charge']
['Evil Touch', 'Matarunda', 'Marin Karin', 'Wind Amp', 'Trafuri']
['Marin Karin', 'Tarukaja', 'Repel Dark', 'Wind Boost', 'Rakukaja']
['Rakukaja', 'Wind Boost', 'Virus Breath', 'Wind Break', 'Marin Karin']
['Wind Amp', 'Tarukaja', 'Marin Karin', 'Sexy Dance', 'Wind Break']
['Rakukaja', 'Marin Karin', 'Sexy Dance', 'Evil Touch', 'Marakunda']
['Spirit Drain', 'Marakunda', 'Power Charge', 'Marin Karin', 'Virus Breath']
['Marakunda', 'Marin Karin', 'Tarukaja', 'Rakukaja', 'Sharp Student']
['Wind Break', 'Rakukaja', 'Sharp Student', 'Sexy Dance', 'Matarunda']
['Marin Karin', 'Tarukaja', 'Sexy Dance', 'Marakunda', 'Rakukaja']
['Wind Break', 'Repel Dark', 'Marakunda', 'Wind Boost', 'Rakukaja']
['Sexy Dance', 'Wind Break', 'Rakukaja', 'Marin Karin', 'Marakunda']
['Rakukaja', 'Virus Breath', 'Sharp Student', 'Evil Touch', 'Power Charge']
['Evil Touch', 'Wind Amp', 'Repel Dark', 'Tarukaja', 'Power Charge']
['Repel Dark', 'Megido', 'Marin Karin', 'Rakukaja', 'Power Charge']
['Rakukaja', 'Wind Boost', 'Poison Arrow', 'Virus Breath', 'Marin Karin']
['Wind Break', 'Matarunda', 'Marin Karin', 'Virus Breath', 'Rakukaja']
['Sexy Dance', 'Marin Karin', 'Wind Boost', 'Power Charge', 'Sharp Student']
['Matarunda', 'Marin Karin', 'Tarukaja', 'Die for Me!', 'Rakukaja']
['Marakunda', 'Marin Karin', 'Die for Me!', 'Wind Boost', 'Sharp Student']
['Marin Karin', 'Power Charge', 'Tarukaja', 'Wind Amp', 'Wind Boost']
['Power Charge', 'Matarunda', 'Rakukaja', 'Wind Break', 'Repel Dark']
['Wind Boost', 'Rakukaja', 'Evil Touch', 'Sharp Student', 'Virus Breath']
['Marakunda', 'Sexy Dance', 'Rakukaja', 'Marin Karin', 'Tarukaja']
['Rakukaja', 'Marakunda', 'Wind Boost', 'Sharp Student', 'Marin Karin']
['Marin Karin', 'Virus Breath', 'Sexy Dance', 'Marakunda', 'Wind Boost']
['Rakukaja', 'Wind Boost', 'Die for Me!', 'Sexy Dance', 'Evil Touch']
['Marakunda', 'Matarunda', 'Sexy Dance', 'Marin Karin', 'Evil Touch']
['Evil Touch', 'Marin Karin', 'Sexy Dance', 'Sharp Student', 'Trafuri']
['Marin Karin', 'Sexy Dance', 'Tarukaja', 'Virus Breath', 'Evil Touch']
['Sharp Student', 'Wind Amp', 'Wind Break', 'Wind Boost', 'Virus Breath']
['Repel Dark', 'Evil Touch', 'Rakukaja', 'Marin Karin', 'Wind Break']
['Power Charge', 'Wind Boost', 'Wind Break', 'Repel Dark', 'Marin Karin']
['Tarukaja', 'Sharp Student', 'Power Charge', 'Marin Karin', 'Marakunda']
['Sexy Dance', 'Marin Karin', 'Wind Boost', 'Repel Dark', 'Rakukaja']
['Marin Karin', 'Tarukaja', 'Rakukaja', 'Sharp Student', 'Matarunda']
['Sharp Student', 'Wind Boost', 'Spirit Drain', 'Virus Breath', 'Wind Break']
['Sexy Dance', 'Wind Boost', 'Evil Touch', 'Tarukaja', 'Repel Dark']
['Rakukaja', 'Marin Karin', 'Repel Dark', 'Matarunda', 'Tarukaja']
['Matarunda', 'Arrow Rain', 'Evil Touch', 'Repel Dark', 'Wind Amp']
['Sharp Student', 'Matarunda', 'Marin Karin', 'Tarukaja', 'Rakukaja']
['Repel Dark', 'Sexy Dance', 'Wind Amp', 'Power Charge', 'Wind Break']
['Wind Boost', 'Marakunda', 'Marin Karin', 'Trafuri', 'Power Charge']
['Evil Touch', 'Matarunda', 'Wind Break', 'Wind Boost', 'Marin Karin']
['Sexy Dance', 'Evil Touch', 'Wind Amp', 'Wind Boost', 'Wind Break']
['Sharp Student', 'Repel Dark', 'Evil Touch', 'Marin Karin', 'Spirit Drain']
['Wind Boost', 'Evil Touch', 'Repel Dark', 'Marakunda', 'Power Charge']
['Matarunda', 'Power Charge', 'Sharp Student', 'Marin Karin', 'Evil Touch']
['Tarukaja', 'Trafuri', 'Wind Boost', 'Sharp Student', 'Evil Touch']
['Marakunda', 'Wind Boost', 'Sexy Dance', 'Power Charge', 'Evil Touch']
['Power Charge', 'Marin Karin', 'Repel Dark', 'Matarunda', 'Sharp Student']
['Wind Boost', 'Wind Amp', 'Marin Karin', 'Marakunda', 'Evil Touch']
['Wind Boost', 'Rakukaja', 'Marakunda', 'Die for Me!', 'Virus Breath']
['Wind Break', 'Tarukaja', 'Evil Touch', 'Matarunda', 'Rakukaja']
['Evil Touch', 'Power Charge', 'Wind Boost', 'Trafuri', 'Tarukaja']
['Evil Touch', 'Wind Amp', 'Tarukaja', 'Die for Me!', 'Matarunda']
['Repel Dark', 'Sexy Dance', 'Evil Touch', 'Tarukaja', 'Marin Karin']
['Evil Touch', 'Rakukaja', 'Virus Breath', 'Wind Boost', 'Spirit Drain']
['Wind Boost', 'Sexy Dance', 'Tarukaja', 'Marin Karin', 'Rakukaja']
['Wind Boost', 'Wind Break', 'Rakukaja', 'Matarunda', 'Marakunda']
['Marakunda', 'Sharp Student', 'Sexy Dance', 'Repel Dark', 'Marin Karin']
['Sexy Dance', 'Virus Breath', 'Wind Amp', 'Matarunda', 'Wind Boost']
['Rakukaja', 'Sharp Student', 'Wind Boost', 'Sexy Dance', 'Megido']
['Matarunda', 'Trafuri', 'Tarukaja', 'Marin Karin', 'Virus Breath']
['Wind Amp', 'Rakukaja', 'Repel Dark', 'Evil Touch', 'Tarukaja']
['Sharp Student', 'Rakukaja', 'Wind Boost', 'Tarukaja', 'Wind Amp']
['Repel Dark', 'Wind Amp', 'Power Charge', 'Wind Break', 'Rakukaja']
['Marin Karin', 'Sexy Dance', 'Arrow Rain', 'Wind Break', 'Wind Boost']
['Marakunda', 'Arrow Rain', 'Power Charge', 'Sexy Dance', 'Rakukaja']
['Sharp Student', 'Matarunda', 'Trafuri', 'Wind Amp', 'Power Charge']
['Sharp Student', 'Rakukaja', 'Sexy Dance', 'Virus Breath', 'Wind Break']
['Tarukaja', 'Power Charge', 'Marakunda', 'Wind Break', 'Sexy Dance']
['Sexy Dance', 'Wind Boost', 'Virus Breath', 'Sharp Student', 'Tarukaja']
['Marin Karin', 'Tarukaja', 'Wind Amp', 'Rakukaja', 'Power Charge']
['Rakukaja', 'Wind Amp', 'Marakunda', 'Repel Dark', 'Marin Karin']
['Die for Me!', 'Tarukaja', 'Marin Karin', 'Wind Boost', 'Power Charge']
['Sexy Dance', 'Wind Amp', 'Marin Karin', 'Evil Touch', 'Rakukaja']
['Marin Karin', 'Wind Amp', 'Sexy Dance', 'Tarukaja', 'Rakukaja']
['Rakukaja', 'Trafuri', 'Matarunda', 'Evil Touch', 'Sharp Student']
['Rakukaja', 'Tarukaja', 'Marakunda', 'Wind Boost', 'Sharp Student']
['Sexy Dance', 'Rakukaja', 'Virus Breath', 'Wind Break', 'Marin Karin']
['Matarunda', 'Die for Me!', 'Sexy Dance', 'Virus Breath', 'Spirit Drain']
['Sexy Dance', 'Marin Karin', 'Rakukaja', 'Trafuri', 'Evil Touch']
['Matarunda', 'Marakunda', 'Sexy Dance', 'Repel Dark', 'Evil Touch']
['Wind Boost', 'Wind Break', 'Tarukaja', 'Marin Karin', 'Trafuri']
['Poison Arrow', 'Wind Boost', 'Die for Me!', 'Evil Touch', 'Rakukaja']
['Repel Dark', 'Marakunda', 'Wind Break', 'Sexy Dance', 'Poison Arrow']
['Evil Touch', 'Repel Dark', 'Tarukaja', 'Rakukaja', 'Arrow Rain']
['Trafuri', 'Marin Karin', 'Wind Boost', 'Sexy Dance', 'Spirit Drain']
['Evil Touch', 'Rakukaja', 'Wind Amp', 'Virus Breath', 'Sharp Student']
['Marakunda', 'Rakukaja', 'Power Charge', 'Matarunda', 'Sharp Student']
['Trafuri', 'Evil Touch', 'Sexy Dance', 'Marin Karin', 'Sharp Student']
['Sexy Dance', 'Wind Break', 'Matarunda', 'Virus Breath', 'Tarukaja']
['Power Charge', 'Sexy Dance', 'Poison Arrow', 'Marin Karin', 'Wind Boost']
['Wind Boost', 'Matarunda', 'Rakukaja', 'Sharp Student', 'Marin Karin']
['Wind Amp', 'Tarukaja', 'Wind Boost', 'Marin Karin', 'Sexy Dance']
['Rakukaja', 'Power Charge', 'Sexy Dance', 'Wind Break', 'Virus Breath']
['Wind Amp', 'Virus Breath', 'Sharp Student', 'Power Charge', 'Marakunda']
['Wind Break', 'Repel Dark', 'Marin Karin', 'Tarukaja', 'Sexy Dance']
['Wind Boost', 'Rakukaja', 'Virus Breath', 'Marin Karin', 'Sharp Student']
['Arrow Rain', 'Marakunda', 'Rakukaja', 'Marin Karin', 'Megido']
['Tarukaja', 'Marin Karin', 'Matarunda', 'Repel Dark', 'Marakunda']
['Marakunda', 'Megido', 'Wind Boost', 'Sexy Dance', 'Tarukaja']
['Evil Touch', 'Tarukaja', 'Wind Boost', 'Matarunda', 'Virus Breath']
['Wind Break', 'Virus Breath', 'Evil Touch', 'Wind Boost', 'Rakukaja']
['Wind Boost', 'Trafuri', 'Matarunda', 'Megido', 'Sexy Dance']
['Rakukaja', 'Wind Boost', 'Sharp Student', 'Wind Amp', 'Virus Breath']
['Sharp Student', 'Virus Breath', 'Repel Dark', 'Marin Karin', 'Evil Touch']
['Evil Touch', 'Wind Boost', 'Tarukaja', 'Rakukaja', 'Wind Amp']
['Wind Boost', 'Marin Karin', 'Evil Touch', 'Virus Breath', 'Sharp Student']
['Sexy Dance', 'Tarukaja', 'Power Charge', 'Marin Karin', 'Wind Boost']
['Wind Boost', 'Sexy Dance', 'Rakukaja', 'Marin Karin', 'Power Charge']
['Marin Karin', 'Evil Touch', 'Rakukaja', 'Trafuri', 'Virus Breath']
['Marin Karin', 'Power Charge', 'Rakukaja', 'Evil Touch', 'Wind Boost']
['Evil Touch', 'Sharp Student', 'Rakukaja', 'Wind Boost', 'Power Charge']
['Wind Amp', 'Marin Karin', 'Power Charge', 'Sharp Student', 'Virus Breath']
['Power Charge', 'Marin Karin', 'Arrow Rain', 'Rakukaja', 'Evil Touch']
['Sexy Dance', 'Matarunda', 'Evil Touch', 'Megido', 'Wind Break']
['Wind Boost', 'Repel Dark', 'Marin Karin', 'Trafuri', 'Power Charge']
['Marin Karin', 'Rakukaja', 'Power Charge', 'Wind Break', 'Wind Amp']
['Sexy Dance', 'Power Charge', 'Sharp Student', 'Virus Breath', 'Wind Amp']
['Rakukaja', 'Evil Touch', 'Sharp Student', 'Marin Karin', 'Repel Dark']
['Repel Dark', 'Evil Touch', 'Power Charge', 'Marakunda', 'Die for Me!']
['Marin Karin', 'Sexy Dance', 'Die for Me!', 'Wind Boost', 'Tarukaja']
['Matarunda', 'Rakukaja', 'Marakunda', 'Wind Boost', 'Evil Touch']
['Evil Touch', 'Marin Karin', 'Wind Boost', 'Virus Breath', 'Rakukaja']
['Rakukaja', 'Megido', 'Marakunda', 'Tarukaja', 'Wind Boost']
['Wind Boost', 'Evil Touch', 'Sexy Dance', 'Sharp Student', 'Virus Breath']
['Evil Touch', 'Sharp Student', 'Marakunda', 'Wind Boost', 'Rakukaja']
['Wind Boost', 'Tarukaja', 'Sharp Student', 'Power Charge', 'Marin Karin']
['Rakukaja', 'Wind Break', 'Megido', 'Wind Boost', 'Matarunda']
['Wind Boost', 'Marakunda', 'Sexy Dance', 'Wind Break', 'Tarukaja']
['Tarukaja', 'Rakukaja', 'Marin Karin', 'Wind Break', 'Virus Breath']
['Wind Amp', 'Marin Karin', 'Power Charge', 'Die for Me!', 'Sexy Dance']
['Wind Boost', 'Sharp Student', 'Marin Karin', 'Wind Amp', 'Marakunda']
['Sharp Student', 'Virus Breath', 'Tarukaja', 'Wind Amp', 'Marin Karin']
['Marakunda', 'Die for Me!', 'Sharp Student', 'Tarukaja', 'Matarunda']
['Wind Boost', 'Tarukaja', 'Rakukaja', 'Wind Break', 'Wind Amp']
['Rakukaja', 'Tarukaja', 'Sexy Dance', 'Wind Boost', 'Marakunda']
['Matarunda', 'Wind Amp', 'Evil Touch', 'Wind Break', 'Die for Me!']
['Matarunda', 'Wind Amp', 'Evil Touch', 'Tarukaja', 'Virus Breath']
['Die for Me!', 'Sexy Dance', 'Power Charge', 'Rakukaja', 'Evil Touch']
['Evil Touch', 'Marin Karin', 'Marakunda', 'Tarukaja', 'Sharp Student']
['Wind Boost', 'Matarunda', 'Evil Touch', 'Marakunda', 'Wind Break']
['Tarukaja', 'Wind Boost', 'Wind Break', 'Evil Touch', 'Marin Karin']
['Power Charge', 'Rakukaja', 'Sharp Student', 'Wind Boost', 'Evil Touch']
['Tarukaja', 'Rakukaja', 'Marin Karin', 'Repel Dark', 'Wind Boost']
['Repel Dark', 'Marin Karin', 'Tarukaja', 'Evil Touch', 'Power Charge']
['Trafuri', 'Marakunda', 'Evil Touch', 'Matarunda', 'Sharp Student']
['Die for Me!', 'Evil Touch', 'Power Charge', 'Wind Break', 'Trafuri']
['Virus Breath', 'Sharp Student', 'Evil Touch', 'Wind Boost', 'Marin Karin']
['Sexy Dance', 'Matarunda', 'Wind Break', 'Marin Karin', 'Sharp Student']
['Tarukaja', 'Matarunda', 'Poison Arrow', 'Wind Break', 'Trafuri']
['Evil Touch', 'Marakunda', 'Wind Boost', 'Sexy Dance', 'Wind Break']
['Marakunda', 'Marin Karin', 'Power Charge', 'Evil Touch', 'Wind Boost']
['Arrow Rain', 'Marin Karin', 'Power Charge', 'Marakunda', 'Spirit Drain']
['Matarunda', 'Power Charge', 'Wind Boost', 'Evil Touch', 'Rakukaja']
['Power Charge', 'Wind Amp', 'Wind Boost', 'Matarunda', 'Repel Dark']
['Arrow Rain', 'Wind Amp', 'Megido', 'Sexy Dance', 'Wind Boost']
['Sexy Dance', 'Repel Dark', 'Arrow Rain', 'Marin Karin', 'Matarunda']
['Wind Boost', 'Sharp Student', 'Evil Touch', 'Sexy Dance', 'Marin Karin']
['Poison Arrow', 'Evil Touch', 'Die for Me!', 'Sexy Dance', 'Sharp Student']
['Wind Amp', 'Rakukaja', 'Sexy Dance', 'Marin Karin', 'Evil Touch']
['Sexy Dance', 'Marin Karin', 'Tarukaja', 'Matarunda', 'Rakukaja']
['Marin Karin', 'Evil Touch', 'Sexy Dance', 'Trafuri', 'Spirit Drain']
['Sharp Student', 'Wind Boost', 'Tarukaja', 'Marin Karin', 'Repel Dark']
['Rakukaja', 'Wind Boost', 'Tarukaja', 'Trafuri', 'Sexy Dance']
['Marin Karin', 'Sexy Dance', 'Tarukaja', 'Wind Break', 'Repel Dark']
['Tarukaja', 'Sharp Student', 'Power Charge', 'Rakukaja', 'Evil Touch']
['Matarunda', 'Tarukaja', 'Power Charge', 'Repel Dark', 'Sharp Student']
['Matarunda', 'Wind Boost', 'Marin Karin', 'Trafuri', 'Evil Touch']
['Wind Boost', 'Wind Break', 'Matarunda', 'Power Charge', 'Marin Karin']
['Power Charge', 'Wind Break', 'Tarukaja', 'Megido', 'Wind Boost']
['Marakunda', 'Rakukaja', 'Tarukaja', 'Marin Karin', 'Wind Boost']
['Evil Touch', 'Sharp Student', 'Matarunda', 'Sexy Dance', 'Tarukaja']
['Marin Karin', 'Megido', 'Sharp Student', 'Wind Amp', 'Rakukaja']
['Tarukaja', 'Matarunda', 'Spirit Drain', 'Evil Touch', 'Marin Karin']
['Rakukaja', 'Sharp Student', 'Power Charge', 'Sexy Dance', 'Wind Amp']
['Sharp Student', 'Evil Touch', 'Power Charge', 'Rakukaja', 'Marin Karin']
['Virus Breath', 'Wind Boost', 'Marakunda', 'Tarukaja', 'Rakukaja']
['Wind Boost', 'Die for Me!', 'Virus Breath', 'Marin Karin', 'Sexy Dance']
['Power Charge', 'Tarukaja', 'Marin Karin', 'Wind Break', 'Wind Boost']
['Virus Breath', 'Sexy Dance', 'Evil Touch', 'Power Charge', 'Spirit Drain']
['Evil Touch', 'Die for Me!', 'Marakunda', 'Tarukaja', 'Marin Karin']
['Marakunda', 'Power Charge', 'Wind Boost', 'Sexy Dance', 'Matarunda']
['Sharp Student', 'Wind Boost', 'Virus Breath', 'Wind Amp', 'Tarukaja']
['Evil Touch', 'Rakukaja', 'Sharp Student', 'Marakunda', 'Marin Karin']
['Trafuri', 'Sexy Dance', 'Marin Karin', 'Wind Amp', 'Evil Touch']
['Wind Boost', 'Tarukaja', 'Rakukaja', 'Power Charge', 'Matarunda']
['Power Charge', 'Matarunda', 'Poison Arrow', 'Tarukaja', 'Marakunda']
['Repel Dark', 'Sexy Dance', 'Marakunda', 'Spirit Drain', 'Wind Amp']
['Wind Boost', 'Marakunda', 'Marin Karin', 'Matarunda', 'Virus Breath']
['Virus Breath', 'Arrow Rain', 'Evil Touch', 'Rakukaja', 'Wind Boost']
['Virus Breath', 'Tarukaja', 'Sharp Student', 'Power Charge', 'Trafuri']
['Wind Boost', 'Marin Karin', 'Virus Breath', 'Sharp Student', 'Rakukaja']
['Matarunda', 'Wind Boost', 'Marakunda', 'Tarukaja', 'Marin Karin']
['Rakukaja', 'Tarukaja', 'Marin Karin', 'Wind Boost', 'Matarunda']
['Die for Me!', 'Tarukaja', 'Arrow Rain', 'Wind Break', 'Marin Karin']
['Matarunda', 'Rakukaja', 'Wind Boost', 'Evil Touch', 'Sharp Student']
['Virus Breath', 'Arrow Rain', 'Sexy Dance', 'Spirit Drain', 'Marakunda']
['Rakukaja', 'Power Charge', 'Marakunda', 'Repel Dark', 'Wind Amp']
['Sharp Student', 'Spirit Drain', 'Power Charge', 'Marin Karin', 'Sexy Dance']
['Tarukaja', 'Wind Break', 'Wind Amp', 'Marin Karin', 'Trafuri']
['Trafuri', 'Matarunda', 'Sexy Dance', 'Evil Touch', 'Rakukaja']
['Tarukaja', 'Sharp Student', 'Wind Boost', 'Trafuri', 'Virus Breath']
['Repel Dark', 'Power Charge', 'Sexy Dance', 'Arrow Rain', 'Evil Touch']
['Wind Amp', 'Wind Break', 'Evil Touch', 'Rakukaja', 'Tarukaja']
['Rakukaja', 'Sexy Dance', 'Sharp Student', 'Power Charge', 'Evil Touch']
['Power Charge', 'Virus Breath', 'Rakukaja', 'Marakunda', 'Tarukaja']
['Wind Boost', 'Trafuri', 'Evil Touch', 'Rakukaja', 'Tarukaja']
['Sharp Student', 'Evil Touch', 'Virus Breath', 'Wind Boost', 'Marin Karin']
['Spirit Drain', 'Evil Touch', 'Marin Karin', 'Trafuri', 'Marakunda']
['Trafuri', 'Wind Boost', 'Megido', 'Rakukaja', 'Power Charge']
['Wind Amp', 'Marin Karin', 'Rakukaja', 'Tarukaja', 'Wind Boost']
['Wind Amp', 'Trafuri', 'Sexy Dance', 'Marin Karin', 'Megido']
['Tarukaja', 'Marakunda', 'Wind Amp', 'Marin Karin', 'Wind Break']
['Sharp Student', 'Wind Break', 'Trafuri', 'Power Charge', 'Marin Karin']
['Wind Boost', 'Power Charge', 'Tarukaja', 'Rakukaja', 'Marin Karin']
['Rakukaja', 'Marin Karin', 'Wind Boost', 'Wind Break', 'Wind Amp']
['Marin Karin', 'Sexy Dance', 'Wind Break', 'Wind Boost', 'Rakukaja']
['Sharp Student', 'Power Charge', 'Wind Boost', 'Tarukaja', 'Die for Me!']
['Megido', 'Marakunda', 'Rakukaja', 'Matarunda', 'Tarukaja']
['Wind Amp', 'Tarukaja', 'Power Charge', 'Rakukaja', 'Evil Touch']
['Wind Boost', 'Power Charge', 'Rakukaja', 'Poison Arrow', 'Marakunda']
['Sexy Dance', 'Tarukaja', 'Marin Karin', 'Power Charge', 'Die for Me!']
['Wind Amp', 'Power Charge', 'Evil Touch', 'Sharp Student', 'Rakukaja']
['Power Charge', 'Rakukaja', 'Marin Karin', 'Marakunda', 'Wind Amp']
['Repel Dark', 'Sharp Student', 'Sexy Dance', 'Marin Karin', 'Wind Break']
['Tarukaja', 'Virus Breath', 'Marin Karin', 'Die for Me!', 'Rakukaja']
['Rakukaja', 'Tarukaja', 'Marin Karin', 'Wind Boost', 'Matarunda']
['Power Charge', 'Rakukaja', 'Virus Breath', 'Matarunda', 'Wind Break']
['Sexy Dance', 'Marin Karin', 'Wind Break', 'Marakunda', 'Spirit Drain']
['Wind Amp', 'Sharp Student', 'Wind Boost', 'Tarukaja', 'Repel Dark']
['Sharp Student', 'Virus Breath', 'Rakukaja', 'Sexy Dance', 'Wind Boost']
['Rakukaja', 'Marin Karin', 'Wind Boost', 'Sharp Student', 'Tarukaja']
['Marakunda', 'Sexy Dance', 'Matarunda', 'Wind Boost', 'Rakukaja']
['Evil Touch', 'Marakunda', 'Marin Karin', 'Repel Dark', 'Tarukaja']
['Sharp Student', 'Marin Karin', 'Wind Break', 'Wind Amp', 'Tarukaja']
['Matarunda', 'Wind Boost', 'Tarukaja', 'Sharp Student', 'Evil Touch']
['Rakukaja', 'Marin Karin', 'Poison Arrow', 'Sexy Dance', 'Matarunda']
['Marin Karin', 'Matarunda', 'Rakukaja', 'Wind Boost', 'Virus Breath']
['Sharp Student', 'Marin Karin', 'Wind Boost', 'Marakunda', 'Tarukaja']
['Evil Touch', 'Sharp Student', 'Virus Breath', 'Power Charge', 'Sexy Dance']
['Matarunda', 'Wind Boost', 'Die for Me!', 'Tarukaja', 'Virus Breath']
['Marin Karin', 'Wind Break', 'Matarunda', 'Power Charge', 'Marakunda']
['Evil Touch', 'Tarukaja', 'Marin Karin', 'Wind Boost', 'Power Charge']
['Rakukaja', 'Sexy Dance', 'Marin Karin', 'Evil Touch', 'Tarukaja']
['Repel Dark', 'Rakukaja', 'Sharp Student', 'Power Charge', 'Virus Breath']
['Rakukaja', 'Evil Touch', 'Power Charge', 'Wind Boost', 'Marin Karin']
['Sexy Dance', 'Poison Arrow', 'Evil Touch', 'Marin Karin', 'Sharp Student']
['Rakukaja', 'Sexy Dance', 'Wind Boost', 'Virus Breath', 'Wind Amp']
['Wind Amp', 'Wind Boost', 'Tarukaja', 'Trafuri', 'Virus Breath']
['Power Charge', 'Marakunda', 'Repel Dark', 'Sharp Student', 'Die for Me!']
['Matarunda', 'Marin Karin', 'Virus Breath', 'Power Charge', 'Marakunda']
['Trafuri', 'Sharp Student', 'Power Charge', 'Marin Karin', 'Marakunda']
['Rakukaja', 'Tarukaja', 'Sexy Dance', 'Power Charge', 'Marin Karin']
['Rakukaja', 'Marakunda', 'Marin Karin', 'Sharp Student', 'Trafuri']
['Wind Amp', 'Sharp Student', 'Rakukaja', 'Matarunda', 'Wind Break']
['Tarukaja', 'Wind Amp', 'Sharp Student', 'Matarunda', 'Spirit Drain']
['Wind Amp', 'Matarunda', 'Sharp Student', 'Tarukaja', 'Sexy Dance']
['Marin Karin', 'Sexy Dance', 'Marakunda', 'Wind Boost', 'Virus Breath']
['Evil Touch', 'Matarunda', 'Sharp Student', 'Trafuri', 'Spirit Drain']
['Rakukaja', 'Trafuri', 'Matarunda', 'Wind Amp', 'Wind Boost']
['Tarukaja', 'Sexy Dance', 'Rakukaja', 'Power Charge', 'Wind Boost']
['Wind Boost', 'Sexy Dance', 'Megido', 'Poison Arrow', 'Rakukaja']
['Marin Karin', 'Marakunda', 'Evil Touch', 'Die for Me!', 'Matarunda']
['Rakukaja', 'Repel Dark', 'Sharp Student', 'Tarukaja', 'Marin Karin']
['Sexy Dance', 'Rakukaja', 'Tarukaja', 'Wind Break', 'Wind Boost']
['Rakukaja', 'Power Charge', 'Repel Dark', 'Tarukaja', 'Wind Boost']
['Wind Boost', 'Virus Breath', 'Sexy Dance', 'Rakukaja', 'Power Charge']
['Sexy Dance', 'Trafuri', 'Wind Boost', 'Tarukaja', 'Marakunda']
['Marin Karin', 'Wind Boost', 'Evil Touch', 'Sharp Student', 'Matarunda']
['Marakunda', 'Rakukaja', 'Wind Break', 'Wind Amp', 'Evil Touch']
['Marin Karin', 'Rakukaja', 'Power Charge', 'Wind Break', 'Wind Boost']
['Sexy Dance', 'Rakukaja', 'Evil Touch', 'Sharp Student', 'Die for Me!']
['Wind Boost', 'Marin Karin', 'Tarukaja', 'Evil Touch', 'Wind Break']
['Power Charge', 'Sharp Student', 'Marin Karin', 'Wind Boost', 'Repel Dark']
['Rakukaja', 'Marakunda', 'Wind Break', 'Trafuri', 'Marin Karin']
['Matarunda', 'Marin Karin', 'Tarukaja', 'Sharp Student', 'Rakukaja']
['Wind Amp', 'Marin Karin', 'Poison Arrow', 'Wind Break', 'Evil Touch']
['Tarukaja', 'Trafuri', 'Wind Amp', 'Sharp Student', 'Wind Break']
['Tarukaja', 'Marakunda', 'Trafuri', 'Wind Boost', 'Sharp Student']
['Evil Touch', 'Marakunda', 'Marin Karin', 'Wind Break', 'Sexy Dance']
['Marin Karin', 'Rakukaja', 'Wind Boost', 'Power Charge', 'Sharp Student']
['Wind Boost', 'Sexy Dance', 'Tarukaja', 'Virus Breath', 'Matarunda']
['Tarukaja', 'Wind Boost', 'Marin Karin', 'Sharp Student', 'Die for Me!']
['Tarukaja', 'Sexy Dance', 'Evil Touch', 'Wind Boost', 'Marin Karin']
['Sexy Dance', 'Virus Breath', 'Power Charge', 'Rakukaja', 'Evil Touch']
['Sharp Student', 'Power Charge', 'Marin Karin', 'Trafuri', 'Matarunda']
['Evil Touch', 'Trafuri', 'Tarukaja', 'Sharp Student', 'Marakunda']
['Wind Amp', 'Virus Breath', 'Wind Break', 'Evil Touch', 'Wind Boost']
['Sexy Dance', 'Wind Boost', 'Rakukaja', 'Virus Breath', 'Repel Dark']
['Sexy Dance', 'Wind Boost', 'Evil Touch', 'Wind Amp', 'Tarukaja']
['Marin Karin', 'Marakunda', 'Die for Me!', 'Wind Break', 'Repel Dark']
['Power Charge', 'Sexy Dance', 'Evil Touch', 'Tarukaja', 'Wind Break']
['Evil Touch', 'Virus Breath', 'Sharp Student', 'Poison Arrow', 'Wind Break']
['Tarukaja', 'Evil Touch', 'Power Charge', 'Wind Boost', 'Die for Me!']
['Wind Amp', 'Tarukaja', 'Sexy Dance', 'Wind Boost', 'Rakukaja']
['Sharp Student', 'Tarukaja', 'Wind Boost', 'Evil Touch', 'Spirit Drain']
['Sharp Student', 'Tarukaja', 'Marin Karin', 'Die for Me!', 'Wind Amp']
['Wind Amp', 'Evil Touch', 'Wind Boost', 'Tarukaja', 'Sharp Student']
['Tarukaja', 'Arrow Rain', 'Marin Karin', 'Rakukaja', 'Matarunda']
['Rakukaja', 'Marin Karin', 'Wind Amp', 'Sharp Student', 'Wind Break']
['Evil Touch', 'Wind Break', 'Power Charge', 'Marakunda', 'Sexy Dance']
['Wind Boost', 'Die for Me!', 'Matarunda', 'Marin Karin', 'Tarukaja']
['Sexy Dance', 'Marin Karin', 'Tarukaja', 'Rakukaja', 'Marakunda']
['Rakukaja', 'Wind Boost', 'Sexy Dance', 'Wind Break', 'Power Charge']
['Poison Arrow', 'Sexy Dance', 'Wind Break', 'Marakunda', 'Tarukaja']
['Rakukaja', 'Tarukaja', 'Sexy Dance', 'Marin Karin', 'Wind Amp']
['Trafuri', 'Tarukaja', 'Rakukaja', 'Virus Breath', 'Power Charge']
['Wind Boost', 'Wind Break', 'Virus Breath', 'Evil Touch', 'Repel Dark']
['Tarukaja', 'Sharp Student', 'Marakunda', 'Rakukaja', 'Evil Touch']
['Evil Touch', 'Virus Breath', 'Marin Karin', 'Marakunda', 'Tarukaja']
['Megido', 'Wind Boost', 'Virus Breath', 'Marin Karin', 'Sharp Student']
['Sexy Dance', 'Repel Dark', 'Marakunda', 'Marin Karin', 'Evil Touch']
['Repel Dark', 'Marakunda', 'Virus Breath', 'Tarukaja', 'Sexy Dance']
['Marin Karin', 'Sexy Dance', 'Trafuri', 'Sharp Student', 'Wind Amp']
['Wind Break', 'Marin Karin', 'Sexy Dance', 'Evil Touch', 'Repel Dark']
['Sexy Dance', 'Matarunda', 'Marakunda', 'Rakukaja', 'Marin Karin']
['Marin Karin', 'Sexy Dance', 'Wind Break', 'Evil Touch', 'Wind Amp']
['Wind Amp', 'Trafuri', 'Evil Touch', 'Tarukaja', 'Matarunda']
['Tarukaja', 'Sexy Dance', 'Power Charge', 'Virus Breath', 'Wind Boost']
['Sharp Student', 'Matarunda', 'Wind Break', 'Power Charge', 'Rakukaja']
['Tarukaja', 'Sexy Dance', 'Wind Boost', 'Rakukaja', 'Wind Amp']
['Rakukaja', 'Evil Touch', 'Sexy Dance', 'Wind Boost', 'Tarukaja']
['Marin Karin', 'Wind Amp', 'Wind Break', 'Wind Boost', 'Rakukaja']
['Sharp Student', 'Wind Amp', 'Matarunda', 'Rakukaja', 'Evil Touch']
['Marin Karin', 'Virus Breath', 'Wind Break', 'Poison Arrow', 'Tarukaja']
['Wind Boost', 'Virus Breath', 'Tarukaja', 'Sexy Dance', 'Rakukaja']
['Wind Amp', 'Repel Dark', 'Evil Touch', 'Poison Arrow', 'Power Charge']
['Rakukaja', 'Virus Breath', 'Marin Karin', 'Wind Amp', 'Sharp Student']
['Evil Touch', 'Marakunda', 'Wind Boost', 'Wind Break', 'Tarukaja']
['Sharp Student', 'Sexy Dance', 'Megido', 'Virus Breath', 'Tarukaja']
['Marin Karin', 'Sharp Student', 'Trafuri', 'Evil Touch', 'Sexy Dance']
['Rakukaja', 'Evil Touch', 'Marin Karin', 'Power Charge', 'Virus Breath']
['Wind Boost', 'Trafuri', 'Sharp Student', 'Virus Breath', 'Sexy Dance']
['Evil Touch', 'Marin Karin', 'Marakunda', 'Wind Boost', 'Wind Break']
['Wind Boost', 'Marakunda', 'Wind Break', 'Wind Amp', 'Evil Touch']
['Marakunda', 'Tarukaja', 'Sexy Dance', 'Sharp Student', 'Rakukaja']
['Marakunda', 'Sharp Student', 'Repel Dark', 'Evil Touch', 'Wind Boost']
['Marin Karin', 'Evil Touch', 'Tarukaja', 'Rakukaja', 'Power Charge']
['Evil Touch', 'Tarukaja', 'Matarunda', 'Marakunda', 'Wind Boost']
['Wind Boost', 'Sexy Dance', 'Evil Touch', 'Sharp Student', 'Wind Break']
['Trafuri', 'Virus Breath', 'Marakunda', 'Sexy Dance', 'Marin Karin']
['Sexy Dance', 'Wind Break', 'Marin Karin', 'Marakunda', 'Matarunda']
['Tarukaja', 'Sexy Dance', 'Wind Boost', 'Rakukaja', 'Marin Karin']
['Tarukaja', 'Matarunda', 'Trafuri', 'Evil Touch', 'Wind Break']
['Tarukaja', 'Poison Arrow', 'Wind Boost', 'Matarunda', 'Marakunda']
['Rakukaja', 'Tarukaja', 'Virus Breath', 'Matarunda', 'Sharp Student']
['Poison Arrow', 'Evil Touch', 'Wind Break', 'Sexy Dance', 'Rakukaja']
['Sharp Student', 'Rakukaja', 'Wind Amp', 'Evil Touch', 'Power Charge']
['Die for Me!', 'Marin Karin', 'Virus Breath', 'Tarukaja', 'Power Charge']
['Sharp Student', 'Wind Amp', 'Virus Breath', 'Wind Boost', 'Wind Break']
['Marakunda', 'Repel Dark', 'Matarunda', 'Wind Boost', 'Die for Me!']
['Sharp Student', 'Wind Boost', 'Marakunda', 'Sexy Dance', 'Marin Karin']
['Marakunda', 'Matarunda', 'Poison Arrow', 'Power Charge', 'Sexy Dance']
['Marin Karin', 'Wind Break', 'Evil Touch', 'Rakukaja', 'Wind Boost']
['Marakunda', 'Sharp Student', 'Marin Karin', 'Wind Boost', 'Rakukaja']
['Wind Amp', 'Sexy Dance', 'Wind Boost', 'Marin Karin', 'Trafuri']
['Sexy Dance', 'Repel Dark', 'Marin Karin', 'Wind Boost', 'Power Charge']
['Wind Amp', 'Sharp Student', 'Power Charge', 'Matarunda', 'Tarukaja']
['Marakunda', 'Sharp Student', 'Evil Touch', 'Virus Breath', 'Rakukaja']
['Matarunda', 'Marin Karin', 'Repel Dark', 'Tarukaja', 'Rakukaja']
['Matarunda', 'Power Charge', 'Evil Touch', 'Wind Break', 'Wind Boost']
['Marin Karin', 'Rakukaja', 'Wind Boost', 'Poison Arrow', 'Tarukaja']
['Wind Boost', 'Matarunda', 'Tarukaja', 'Sharp Student', 'Repel Dark']
['Marin Karin', 'Wind Boost', 'Matarunda', 'Rakukaja', 'Die for Me!']
['Wind Boost', 'Sharp Student', 'Marin Karin', 'Wind Amp', 'Matarunda']
['Rakukaja', 'Repel Dark', 'Tarukaja', 'Sexy Dance', 'Matarunda']
['Wind Amp', 'Matarunda', 'Sharp Student', 'Wind Boost', 'Marin Karin']
['Evil Touch', 'Wind Break', 'Marin Karin', 'Poison Arrow', 'Matarunda']
['Marakunda', 'Sharp Student', 'Wind Boost', 'Rakukaja', 'Marin Karin']
['Wind Amp', 'Virus Breath', 'Poison Arrow', 'Sharp Student', 'Rakukaja']
['Marin Karin', 'Sharp Student', 'Power Charge', 'Evil Touch', 'Tarukaja']
['Wind Boost', 'Tarukaja', 'Matarunda', 'Marin Karin', 'Wind Amp']
['Power Charge', 'Tarukaja', 'Wind Boost', 'Trafuri', 'Evil Touch']
['Rakukaja', 'Repel Dark', 'Marakunda', 'Virus Breath', 'Wind Break']
['Tarukaja', 'Sexy Dance', 'Sharp Student', 'Marin Karin', 'Wind Boost']
['Wind Amp', 'Trafuri', 'Virus Breath', 'Wind Boost', 'Sexy Dance']
['Power Charge', 'Marin Karin', 'Matarunda', 'Wind Break', 'Tarukaja']
['Wind Boost', 'Matarunda', 'Wind Amp', 'Virus Breath', 'Wind Break']
['Matarunda', 'Evil Touch', 'Marin Karin', 'Wind Boost', 'Rakukaja']
['Marin Karin', 'Power Charge', 'Wind Amp', 'Sexy Dance', 'Arrow Rain']
['Evil Touch', 'Rakukaja', 'Wind Boost', 'Die for Me!', 'Marakunda']
['Wind Break', 'Sexy Dance', 'Sharp Student', 'Repel Dark', 'Trafuri']
['Marin Karin', 'Wind Boost', 'Rakukaja', 'Marakunda', 'Sharp Student']
['Evil Touch', 'Marin Karin', 'Rakukaja', 'Trafuri', 'Marakunda']
['Matarunda', 'Wind Break', 'Power Charge', 'Spirit Drain', 'Rakukaja']
['Wind Break', 'Sexy Dance', 'Marin Karin', 'Marakunda', 'Rakukaja']
['Sexy Dance', 'Sharp Student', 'Marin Karin', 'Marakunda', 'Tarukaja']
['Tarukaja', 'Die for Me!', 'Wind Amp', 'Marin Karin', 'Rakukaja']
['Tarukaja', 'Rakukaja', 'Wind Boost', 'Evil Touch', 'Wind Break']
['Rakukaja', 'Matarunda', 'Die for Me!', 'Sexy Dance', 'Wind Amp']
['Marin Karin', 'Matarunda', 'Repel Dark', 'Power Charge', 'Tarukaja']
['Evil Touch', 'Sexy Dance', 'Matarunda', 'Wind Break', 'Poison Arrow']
['Wind Boost', 'Marin Karin', 'Rakukaja', 'Virus Breath', 'Wind Break']
['Sexy Dance', 'Wind Break', 'Virus Breath', 'Tarukaja', 'Evil Touch']
['Tarukaja', 'Evil Touch', 'Wind Boost', 'Marin Karin', 'Power Charge']
['Rakukaja', 'Wind Amp', 'Tarukaja', 'Marakunda', 'Wind Boost']
['Power Charge', 'Matarunda', 'Sexy Dance', 'Marakunda', 'Rakukaja']
['Sharp Student', 'Marin Karin', 'Repel Dark', 'Wind Amp', 'Tarukaja']
['Sexy Dance', 'Sharp Student', 'Wind Break', 'Power Charge', 'Die for Me!']
['Wind Boost', 'Power Charge', 'Evil Touch', 'Trafuri', 'Marakunda']
['Megido', 'Marakunda', 'Wind Boost', 'Matarunda', 'Power Charge']
['Sexy Dance', 'Virus Breath', 'Trafuri', 'Matarunda', 'Power Charge']
['Sexy Dance', 'Evil Touch', 'Wind Boost', 'Marin Karin', 'Power Charge']
['Tarukaja', 'Poison Arrow', 'Wind Amp', 'Sharp Student', 'Rakukaja']
['Repel Dark', 'Wind Amp', 'Marin Karin', 'Sexy Dance', 'Matarunda']
['Evil Touch', 'Power Charge', 'Wind Boost', 'Sharp Student', 'Wind Break']
['Wind Break', 'Virus Breath', 'Sharp Student', 'Sexy Dance', 'Tarukaja']
['Tarukaja', 'Repel Dark', 'Matarunda', 'Trafuri', 'Sharp Student']
['Power Charge', 'Tarukaja', 'Marakunda', 'Evil Touch', 'Marin Karin']
['Marin Karin', 'Sexy Dance', 'Repel Dark', 'Tarukaja', 'Evil Touch']
['Marin Karin', 'Wind Boost', 'Tarukaja', 'Sharp Student', 'Rakukaja']
['Wind Boost', 'Marin Karin', 'Sharp Student', 'Wind Break', 'Tarukaja']
['Virus Breath', 'Marin Karin', 'Repel Dark', 'Evil Touch', 'Wind Break']
['Matarunda', 'Tarukaja', 'Repel Dark', 'Trafuri', 'Power Charge']
['Wind Boost', 'Wind Break', 'Evil Touch', 'Virus Breath', 'Rakukaja']
['Wind Boost', 'Evil Touch', 'Marin Karin', 'Sexy Dance', 'Matarunda']
['Sharp Student', 'Marin Karin', 'Wind Break', 'Tarukaja', 'Wind Boost']
['Sexy Dance', 'Wind Break', 'Wind Boost', 'Power Charge', 'Marin Karin']
['Wind Boost', 'Rakukaja', 'Sexy Dance', 'Tarukaja', 'Marin Karin']
['Wind Amp', 'Die for Me!', 'Wind Boost', 'Virus Breath', 'Tarukaja']
['Sharp Student', 'Rakukaja', 'Tarukaja', 'Virus Breath', 'Wind Boost']
['Matarunda', 'Marin Karin', 'Wind Boost', 'Rakukaja', 'Wind Amp']
['Wind Amp', 'Sharp Student', 'Marin Karin', 'Spirit Drain', 'Virus Breath']
['Evil Touch', 'Arrow Rain', 'Wind Boost', 'Marin Karin', 'Wind Amp']
['Virus Breath', 'Wind Break', 'Evil Touch', 'Sharp Student', 'Repel Dark']
['Sexy Dance', 'Wind Boost', 'Matarunda', 'Marakunda', 'Evil Touch']
['Wind Boost', 'Rakukaja', 'Evil Touch', 'Die for Me!', 'Tarukaja']
['Rakukaja', 'Wind Boost', 'Evil Touch', 'Marakunda', 'Sexy Dance']
['Marin Karin', 'Tarukaja', 'Wind Break', 'Wind Boost', 'Virus Breath']
['Marin Karin', 'Evil Touch', 'Rakukaja', 'Virus Breath', 'Tarukaja']
['Sexy Dance', 'Repel Dark', 'Sharp Student', 'Wind Boost', 'Evil Touch']
['Wind Boost', 'Evil Touch', 'Sharp Student', 'Marin Karin', 'Virus Breath']
['Evil Touch', 'Wind Amp', 'Power Charge', 'Tarukaja', 'Die for Me!']
['Repel Dark', 'Wind Amp', 'Virus Breath', 'Tarukaja', 'Marin Karin']
['Sexy Dance', 'Virus Breath', 'Trafuri', 'Rakukaja', 'Die for Me!']
['Tarukaja', 'Marakunda', 'Spirit Drain', 'Rakukaja', 'Marin Karin']
['Rakukaja', 'Wind Boost', 'Virus Breath', 'Tarukaja', 'Die for Me!']
['Wind Amp', 'Wind Break', 'Tarukaja', 'Matarunda', 'Wind Boost']
['Matarunda', 'Marakunda', 'Die for Me!', 'Evil Touch', 'Sharp Student']
['Wind Boost', 'Rakukaja', 'Marin Karin', 'Power Charge', 'Wind Break']
['Sharp Student', 'Power Charge', 'Tarukaja', 'Wind Boost', 'Repel Dark']
['Rakukaja', 'Tarukaja', 'Wind Amp', 'Wind Boost', 'Arrow Rain']
['Virus Breath', 'Wind Amp', 'Tarukaja', 'Wind Break', 'Marin Karin']
['Tarukaja', 'Virus Breath', 'Marakunda', 'Evil Touch', 'Wind Amp']
['Rakukaja', 'Marakunda', 'Marin Karin', 'Sharp Student', 'Tarukaja']
['Trafuri', 'Rakukaja', 'Wind Break', 'Evil Touch', 'Marin Karin']
['Virus Breath', 'Evil Touch', 'Matarunda', 'Sexy Dance', 'Wind Boost']
['Sharp Student', 'Tarukaja', 'Marin Karin', 'Virus Breath', 'Wind Break']
['Wind Amp', 'Matarunda', 'Sharp Student', 'Trafuri', 'Repel Dark']
['Virus Breath', 'Power Charge', 'Wind Boost', 'Sharp Student', 'Repel Dark']
['Megido', 'Evil Touch', 'Marakunda', 'Virus Breath', 'Rakukaja']
['Marakunda', 'Marin Karin', 'Sharp Student', 'Sexy Dance', 'Tarukaja']
['Trafuri', 'Tarukaja', 'Repel Dark', 'Marakunda', 'Wind Boost']
['Rakukaja', 'Marin Karin', 'Marakunda', 'Repel Dark', 'Evil Touch']
['Sexy Dance', 'Wind Boost', 'Matarunda', 'Evil Touch', 'Marin Karin']
['Tarukaja', 'Evil Touch', 'Wind Break', 'Virus Breath', 'Marakunda']
['Sexy Dance', 'Rakukaja', 'Tarukaja', 'Wind Boost', 'Sharp Student']
['Matarunda', 'Wind Amp', 'Tarukaja', 'Marin Karin', 'Rakukaja']
['Rakukaja', 'Tarukaja', 'Matarunda', 'Marin Karin', 'Marakunda']
['Trafuri', 'Tarukaja', 'Die for Me!', 'Sexy Dance', 'Virus Breath']
['Wind Amp', 'Rakukaja', 'Matarunda', 'Evil Touch', 'Poison Arrow']
['Marin Karin', 'Sexy Dance', 'Trafuri', 'Wind Boost', 'Marakunda']
['Matarunda', 'Sharp Student', 'Sexy Dance', 'Marin Karin', 'Wind Break']
['Rakukaja', 'Matarunda', 'Wind Break', 'Wind Boost', 'Power Charge']
['Sexy Dance', 'Rakukaja', 'Marin Karin', 'Wind Boost', 'Tarukaja']
['Evil Touch', 'Matarunda', 'Marakunda', 'Sexy Dance', 'Tarukaja']
['Virus Breath', 'Sharp Student', 'Megido', 'Marin Karin', 'Sexy Dance']
['Virus Breath', 'Wind Break', 'Tarukaja', 'Wind Amp', 'Sexy Dance']
['Sharp Student', 'Tarukaja', 'Wind Amp', 'Megido', 'Wind Boost']
['Power Charge', 'Trafuri', 'Sexy Dance', 'Rakukaja', 'Wind Amp']
['Matarunda', 'Spirit Drain', 'Rakukaja', 'Tarukaja', 'Evil Touch']
['Marakunda', 'Matarunda', 'Sexy Dance', 'Marin Karin', 'Repel Dark']
['Virus Breath', 'Die for Me!', 'Evil Touch', 'Wind Boost', 'Poison Arrow']
['Marin Karin', 'Wind Boost', 'Megido', 'Die for Me!', 'Power Charge']
['Rakukaja', 'Wind Break', 'Power Charge', 'Sharp Student', 'Repel Dark']
['Marin Karin', 'Wind Boost', 'Sexy Dance', 'Poison Arrow', 'Repel Dark']
['Rakukaja', 'Sharp Student', 'Tarukaja', 'Wind Boost', 'Marin Karin']
['Wind Boost', 'Tarukaja', 'Sexy Dance', 'Rakukaja', 'Matarunda']
['Trafuri', 'Power Charge', 'Marin Karin', 'Matarunda', 'Sharp Student']
['Matarunda', 'Rakukaja', 'Wind Boost', 'Tarukaja', 'Sharp Student']
['Evil Touch', 'Sexy Dance', 'Marin Karin', 'Wind Break', 'Virus Breath']
['Sharp Student', 'Tarukaja', 'Wind Break', 'Evil Touch', 'Die for Me!']
['Sexy Dance', 'Virus Breath', 'Wind Boost', 'Marin Karin', 'Marakunda']
['Marin Karin', 'Virus Breath', 'Wind Boost', 'Rakukaja', 'Tarukaja']
['Matarunda', 'Virus Breath', 'Spirit Drain', 'Wind Boost', 'Sexy Dance']
['Sharp Student', 'Tarukaja', 'Power Charge', 'Wind Boost', 'Rakukaja']
['Wind Amp', 'Power Charge', 'Wind Boost', 'Sharp Student', 'Marakunda']
['Wind Break', 'Rakukaja', 'Marin Karin', 'Trafuri', 'Matarunda']
['Wind Break', 'Die for Me!', 'Wind Boost', 'Sharp Student', 'Rakukaja']
['Wind Boost', 'Spirit Drain', 'Wind Amp', 'Rakukaja', 'Marakunda']
['Sexy Dance', 'Power Charge', 'Marakunda', 'Marin Karin', 'Evil Touch']
['Wind Boost', 'Poison Arrow', 'Power Charge', 'Spirit Drain', 'Rakukaja']
['Die for Me!', 'Wind Break', 'Marakunda', 'Marin Karin', 'Rakukaja']
['Repel Dark', 'Sharp Student', 'Spirit Drain', 'Power Charge', 'Wind Break']
['Wind Boost', 'Evil Touch', 'Rakukaja', 'Marin Karin', 'Virus Breath']
['Marin Karin', 'Wind Break', 'Die for Me!', 'Sharp Student', 'Evil Touch']
['Wind Boost', 'Rakukaja', 'Sharp Student', 'Sexy Dance', 'Repel Dark']
['Wind Break', 'Sexy Dance', 'Sharp Student', 'Tarukaja', 'Wind Boost']
['Sharp Student', 'Virus Breath', 'Evil Touch', 'Matarunda', 'Rakukaja']
['Wind Boost', 'Sharp Student', 'Arrow Rain', 'Wind Amp', 'Megido']
['Power Charge', 'Marakunda', 'Sharp Student', 'Tarukaja', 'Marin Karin']
['Tarukaja', 'Sharp Student', 'Wind Boost', 'Sexy Dance', 'Marakunda']
['Sharp Student', 'Repel Dark', 'Wind Amp', 'Tarukaja', 'Power Charge']
['Wind Boost', 'Rakukaja', 'Tarukaja', 'Marin Karin', 'Evil Touch']
['Marin Karin', 'Evil Touch', 'Die for Me!', 'Repel Dark', 'Rakukaja']
['Wind Boost', 'Sexy Dance', 'Wind Amp', 'Trafuri', 'Spirit Drain']
['Sexy Dance', 'Wind Amp', 'Wind Break', 'Die for Me!', 'Sharp Student']
['Wind Amp', 'Tarukaja', 'Marakunda', 'Marin Karin', 'Repel Dark']
['Die for Me!', 'Matarunda', 'Wind Boost', 'Marakunda', 'Sexy Dance']
['Wind Break', 'Sexy Dance', 'Evil Touch', 'Trafuri', 'Rakukaja']
['Marin Karin', 'Tarukaja', 'Rakukaja', 'Evil Touch', 'Sexy Dance']
['Tarukaja', 'Evil Touch', 'Wind Boost', 'Sharp Student', 'Marakunda']
['Wind Break', 'Sharp Student', 'Die for Me!', 'Sexy Dance', 'Marakunda']
['Power Charge', 'Wind Boost', 'Tarukaja', 'Marakunda', 'Marin Karin']
['Tarukaja', 'Marin Karin', 'Wind Boost', 'Repel Dark', 'Evil Touch']
['Marakunda', 'Wind Amp', 'Sharp Student', 'Wind Break', 'Evil Touch']
['Tarukaja', 'Sexy Dance', 'Wind Break', 'Wind Amp', 'Marakunda']
['Marin Karin', 'Sharp Student', 'Rakukaja', 'Marakunda', 'Wind Boost']
['Repel Dark', 'Tarukaja', 'Trafuri', 'Sexy Dance', 'Marin Karin']
['Repel Dark', 'Marin Karin', 'Rakukaja', 'Wind Break', 'Wind Amp']
['Sharp Student', 'Matarunda', 'Arrow Rain', 'Tarukaja', 'Poison Arrow']
['Evil Touch', 'Power Charge', 'Rakukaja', 'Wind Boost', 'Marakunda']
['Wind Boost', 'Rakukaja', 'Repel Dark', 'Matarunda', 'Sharp Student']
['Tarukaja', 'Wind Amp', 'Rakukaja', 'Sharp Student', 'Marakunda']
['Evil Touch', 'Rakukaja', 'Wind Boost', 'Wind Amp', 'Sexy Dance']
['Rakukaja', 'Matarunda', 'Sharp Student', 'Sexy Dance', 'Tarukaja']
['Marin Karin', 'Wind Break', 'Rakukaja', 'Matarunda', 'Power Charge']
['Wind Boost', 'Wind Break', 'Repel Dark', 'Sexy Dance', 'Spirit Drain']
['Power Charge', 'Wind Break', 'Sexy Dance', 'Wind Boost', 'Rakukaja']
['Tarukaja', 'Marin Karin', 'Evil Touch', 'Arrow Rain', 'Wind Boost']
['Marin Karin', 'Wind Break', 'Matarunda', 'Sharp Student', 'Rakukaja']
['Wind Break', 'Rakukaja', 'Marakunda', 'Wind Amp', 'Power Charge']
['Wind Boost', 'Matarunda', 'Evil Touch', 'Power Charge', 'Repel Dark']
['Wind Amp', 'Wind Boost', 'Evil Touch', 'Sharp Student', 'Die for Me!']
['Wind Boost', 'Sharp Student', 'Marin Karin', 'Repel Dark', 'Matarunda']
['Power Charge', 'Spirit Drain', 'Rakukaja', 'Evil Touch', 'Marin Karin']
['Sexy Dance', 'Tarukaja', 'Wind Break', 'Trafuri', 'Rakukaja']
['Marakunda', 'Rakukaja', 'Wind Amp', 'Repel Dark', 'Sexy Dance']
['Repel Dark', 'Rakukaja', 'Tarukaja', 'Marin Karin', 'Sexy Dance']
['Repel Dark', 'Wind Amp', 'Tarukaja', 'Matarunda', 'Sharp Student']
['Power Charge', 'Wind Amp', 'Sharp Student', 'Virus Breath', 'Evil Touch']
['Tarukaja', 'Evil Touch', 'Marin Karin', 'Power Charge', 'Sharp Student']
['Sexy Dance', 'Wind Break', 'Sharp Student', 'Wind Amp', 'Evil Touch']
['Sharp Student', 'Sexy Dance', 'Wind Amp', 'Marin Karin', 'Wind Break']
['Rakukaja', 'Tarukaja', 'Wind Amp', 'Evil Touch', 'Repel Dark']
['Matarunda', 'Sexy Dance', 'Wind Amp', 'Evil Touch', 'Wind Break']
['Sexy Dance', 'Rakukaja', 'Wind Boost', 'Power Charge', 'Marin Karin']
['Sexy Dance', 'Wind Break', 'Wind Boost', 'Tarukaja', 'Wind Amp']
['Repel Dark', 'Tarukaja', 'Rakukaja', 'Matarunda', 'Marin Karin']
['Tarukaja', 'Wind Break', 'Marin Karin', 'Sexy Dance', 'Sharp Student']
['Evil Touch', 'Tarukaja', 'Virus Breath', 'Wind Break', 'Power Charge']
['Rakukaja', 'Marakunda', 'Sexy Dance', 'Matarunda', 'Marin Karin']
['Power Charge', 'Wind Boost', 'Rakukaja', 'Wind Amp', 'Marin Karin']
['Sexy Dance', 'Tarukaja', 'Power Charge', 'Matarunda', 'Wind Amp']
['Virus Breath', 'Trafuri', 'Tarukaja', 'Power Charge', 'Evil Touch']
['Evil Touch', 'Tarukaja', 'Repel Dark', 'Wind Amp', 'Sexy Dance']
['Evil Touch', 'Wind Amp', 'Wind Boost', 'Power Charge', 'Marin Karin']
['Rakukaja', 'Tarukaja', 'Wind Boost', 'Arrow Rain', 'Sexy Dance']
['Rakukaja', 'Poison Arrow', 'Marin Karin', 'Trafuri', 'Evil Touch']
['Die for Me!', 'Marin Karin', 'Evil Touch', 'Matarunda', 'Sharp Student']
['Marin Karin', 'Wind Break', 'Megido', 'Evil Touch', 'Matarunda']
['Power Charge', 'Marin Karin', 'Marakunda', 'Tarukaja', 'Wind Boost']
['Marin Karin', 'Wind Boost', 'Tarukaja', 'Wind Break', 'Rakukaja']
['Marakunda', 'Power Charge', 'Rakukaja', 'Evil Touch', 'Wind Boost']
['Matarunda', 'Rakukaja', 'Repel Dark', 'Wind Boost', 'Power Charge']
['Wind Amp', 'Tarukaja', 'Wind Break', 'Sexy Dance', 'Marin Karin']
['Wind Amp', 'Marakunda', 'Tarukaja', 'Sexy Dance', 'Trafuri']
['Rakukaja', 'Wind Break', 'Power Charge', 'Tarukaja', 'Matarunda']
['Tarukaja', 'Evil Touch', 'Wind Amp', 'Matarunda', 'Wind Boost']
['Virus Breath', 'Marin Karin', 'Tarukaja', 'Marakunda', 'Wind Boost']
['Marakunda', 'Sharp Student', 'Tarukaja', 'Wind Boost', 'Marin Karin']
['Wind Amp', 'Marin Karin', 'Sexy Dance', 'Power Charge', 'Rakukaja']
['Sharp Student', 'Rakukaja', 'Repel Dark', 'Marin Karin', 'Wind Amp']
['Virus Breath', 'Tarukaja', 'Die for Me!', 'Wind Amp', 'Evil Touch']
['Marin Karin', 'Repel Dark', 'Virus Breath', 'Marakunda', 'Wind Boost']
['Rakukaja', 'Wind Break', 'Evil Touch', 'Tarukaja', 'Marin Karin']
['Rakukaja', 'Marakunda', 'Tarukaja', 'Sexy Dance', 'Wind Amp']
['Sharp Student', 'Marin Karin', 'Marakunda', 'Wind Amp', 'Repel Dark']
