['Counter', 'Raging Tiger', 'Poison Mist', 'Ice Boost', 'Dodge Strike']
['Wind Break', 'Raging Tiger', 'Mind Charge', 'Sharp Student', 'Wind Boost']
['Poison Mist', 'Raging Tiger', 'Megido', 'Counter', 'Tarukaja']
['Wind Boost', 'Raging Tiger', 'Tarukaja', 'Dodge Strike', 'Auto-Tarukaja']
['Poison Mist', 'Raging Tiger', 'Ice Boost', 'Auto-Tarukaja', 'Wind Break']
['Poison Mist', 'Auto-Tarukaja', 'Rakukaja', 'Sharp Student', 'Tarukaja']
['Poison Mist', 'Dodge Strike', 'Raging Tiger', 'Counter', 'Sharp Student']
['Sukukaja', 'Ice Boost', 'Dodge Strike', 'Wind Boost', 'Raging Tiger']
['Wind Boost', 'Auto-Tarukaja', 'Dodge Strike', 'Wind Break', 'Sukukaja']
['Rakukaja', 'Sukukaja', 'Counter', 'Raging Tiger', 'Tarukaja']
['Dodge Strike', 'Rakukaja', 'Auto-Tarukaja', 'Ice Boost', 'Wind Break']
['Wind Amp', 'Sharp Student', 'Wind Boost', 'Poison Mist', 'Sukukaja']
['Dodge Strike', 'Raging Tiger', 'Sharp Student', 'Wind Break', 'Sukukaja']
['Tarukaja', 'Poison Mist', 'Raging Tiger', 'Sukukaja', 'Ice Boost']
['Garula', 'Counter', 'Sharp Student', 'Wind Break', 'Tarukaja']
['Rakukaja', 'Ice Boost', 'Wind Boost', 'Wind Amp', 'Poison Mist']
['Trafuri', 'Counter', 'Wind Break', 'Sukukaja', 'Raging Tiger']
['Raging Tiger', 'Wind Boost', 'Poison Mist', 'Wind Amp', 'Auto-Tarukaja']
['Wind Boost', 'Mind Charge', 'Tarukaja', 'Panta Rhei', 'Poison Mist']
['Sharp Student', 'Raging Tiger', 'Poison Mist', 'Auto-Tarukaja', 'Counter']
['Poison Mist', 'Rakukaja', 'Auto-Tarukaja', 'Tarukaja', 'Counter']
['Tarukaja', 'Dodge Strike', 'Raging Tiger', 'Sukukaja', 'Wind Amp']
['Ice Boost', 'Wind Amp', 'Wind Boost', 'Poison Mist', 'Rakukaja']
['Wind Boost', 'Wind Amp', 'Poison Mist', 'Raging Tiger', 'Ice Boost']
['Dodge Strike', 'Poison Mist', 'Raging Tiger', 'Rakukaja', 'Tarukaja']
['Tarukaja', 'Ice Boost', 'Raging Tiger', 'Wind Boost', 'Trafuri']
['Trafuri', 'Mind Charge', 'Counter', 'Rakukaja', 'Ice Boost']
['Poison Mist', 'Ice Boost', 'Dodge Strike', 'Raging Tiger', 'Sharp Student']
['Tarukaja', 'Poison Mist', 'Auto-Tarukaja', 'Ice Boost', 'Dodge Strike']
['Raging Tiger', 'Wind Break', 'Poison Mist', 'Auto-Tarukaja', 'Trafuri']
['Wind Boost', 'Counter', 'Sukukaja', 'Wind Amp', 'Raging Tiger']
['Poison Mist', 'Wind Boost', 'Tarukaja', 'Sharp Student', 'Wind Amp']
['Tarukaja', 'Raging Tiger', 'Counter', 'Sharp Student', 'Wind Boost']
['Dodge Strike', 'Trafuri', 'Raging Tiger', 'Mind Charge', 'Tarukaja']
['Tarukaja', 'Raging Tiger', 'Dodge Strike', 'Sukukaja', 'Rakukaja']
['Tarukaja', 'Poison Mist', 'Raging Tiger', 'Ice Boost', 'Wind Boost']
['Ice Boost', 'Trafuri', 'Dodge Strike', 'Sukukaja', 'Poison Mist']
['Wind Amp', 'Raging Tiger', 'Tarukaja', 'Rakukaja', 'Sharp Student']
['Raging Tiger', 'Sukukaja', 'Poison Mist', 'Ice Boost', 'Sharp Student']
['Tarukaja', 'Mind Charge', 'Sukukaja', 'Poison Mist', 'Sharp Student']
['Ice Boost', 'Poison Mist', 'Dodge Strike', 'Mind Charge', 'Sharp Student']
['Counter', 'Raging Tiger', 'Poison Mist', 'Tarukaja', 'Sukukaja']
['Poison Mist', 'Rakukaja', 'Sharp Student', 'Counter', 'Wind Boost']
['Rakukaja', 'Sharp Student', 'Wind Boost', 'Wind Break', 'Poison Mist']
['Sharp Student', 'Tarukaja', 'Raging Tiger', 'Poison Mist', 'Mind Charge']
['Rakukaja', 'Sukukaja', 'Poison Mist', 'Dodge Strike', 'Ice Boost']
['Ice Boost', 'Rakukaja', 'Sharp Student', 'Auto-Tarukaja', 'Raging Tiger']
['Auto-Tarukaja', 'Poison Mist', 'Sukukaja', 'Rakukaja', 'Ice Boost']
['Dodge Strike', 'Raging Tiger', 'Wind Boost', 'Poison Mist', 'Trafuri']
['Rakukaja', 'Raging Tiger', 'Dodge Strike', 'Wind Boost', 'Wind Break']
['Sukukaja', 'Trafuri', 'Ice Boost', 'Raging Tiger', 'Dodge Strike']
['Poison Mist', 'Raging Tiger', 'Ice Boost', 'Counter', 'Tarukaja']
['Ice Boost', 'Counter', 'Wind Amp', 'Sharp Student', 'Tarukaja']
['Wind Break', 'Poison Mist', 'Auto-Tarukaja', 'Raging Tiger', 'Trafuri']
['Sukukaja', 'Ice Boost', 'Tarukaja', 'Poison Mist', 'Auto-Tarukaja']
['Mind Charge', 'Wind Boost', 'Poison Mist', 'Wind Break', 'Rakukaja']
['Raging Tiger', 'Counter', 'Wind Break', 'Sharp Student', 'Wind Boost']
['Poison Mist', 'Dodge Strike', 'Tarukaja', 'Raging Tiger', 'Trafuri']
['Poison Mist', 'Tarukaja', 'Rakukaja', 'Dodge Strike', 'Wind Break']
['Sukukaja', 'Poison Mist', 'Dodge Strike', 'Raging Tiger', 'Sharp Student']
['Auto-Tarukaja', 'Rakukaja', 'Poison Mist', 'Sukukaja', 'Ice Boost']
['Ice Boost', 'Counter', 'Rakukaja', 'Raging Tiger', 'Poison Mist']
['Trafuri', 'Wind Amp', 'Tarukaja', 'Raging Tiger', 'Poison Mist']
['Wind Boost', 'Counter', 'Rakukaja', 'Raging Tiger', 'Wind Amp']
['Raging Tiger', 'Rakukaja', 'Ice Boost', 'Poison Mist', 'Wind Boost']
['Wind Amp', 'Wind Boost', 'Sukukaja', 'Ice Boost', 'Raging Tiger']
['Raging Tiger', 'Garula', 'Poison Mist', 'Mind Charge', 'Counter']
['Poison Mist', 'Raging Tiger', 'Tarukaja', 'Sharp Student', 'Sukukaja']
['Raging Tiger', 'Wind Boost', 'Counter', 'Wind Break', 'Poison Mist']
['Dodge Strike', 'Wind Boost', 'Raging Tiger', 'Ice Boost', 'Counter']
['Rakukaja', 'Raging Tiger', 'Auto-Tarukaja', 'Counter', 'Poison Mist']
['Sharp Student', 'Dodge Strike', 'Rakukaja', 'Raging Tiger', 'Wind Amp']
['Raging Tiger', 'Poison Mist', 'Dodge Strike', 'Rakukaja', 'Auto-Tarukaja']
['Rakukaja', 'Raging Tiger', 'Wind Boost', 'Counter', 'Poison Mist']
['Rakukaja', 'Wind Amp', 'Counter', 'Raging Tiger', 'Auto-Tarukaja']
['Poison Mist', 'Wind Amp', 'Raging Tiger', 'Tarukaja', 'Dodge Strike']
['Tarukaja', 'Rakukaja', 'Sharp Student', 'Mind Charge', 'Wind Break']
['Raging Tiger', 'Dodge Strike', 'Poison Mist', 'Garula', 'Sharp Student']
['Counter', 'Tarukaja', 'Rakukaja', 'Raging Tiger', 'Wind Amp']
['Sharp Student', 'Poison Mist', 'Rakukaja', 'Tarukaja', 'Raging Tiger']
['Poison Mist', 'Wind Break', 'Wind Amp', 'Tarukaja', 'Auto-Tarukaja']
['Ice Boost', 'Raging Tiger', 'Rakukaja', 'Poison Mist', 'Wind Break']
['Poison Mist', 'Rakukaja', 'Sukukaja', 'Trafuri', 'Wind Break']
['Sukukaja', 'Poison Mist', 'Raging Tiger', 'Tarukaja', 'Wind Boost']
['Raging Tiger', 'Wind Break', 'Wind Amp', 'Auto-Tarukaja', 'Poison Mist']
['Raging Tiger', 'Wind Break', 'Tarukaja', 'Wind Amp', 'Counter']
['Raging Tiger', 'Poison Mist', 'Rakukaja', 'Sukukaja', 'Sharp Student']
['Garula', 'Counter', 'Sukukaja', 'Poison Mist', 'Tarukaja']
['Raging Tiger', 'Ice Boost', 'Tarukaja', 'Poison Mist', 'Counter']
['Raging Tiger', 'Rakukaja', 'Ziodyne', 'Megido', 'Dodge Strike']
['Poison Mist', 'Tarukaja', 'Wind Amp', 'Raging Tiger', 'Wind Boost']
['Wind Break', 'Sukukaja', 'Rakukaja', 'Poison Mist', 'Auto-Tarukaja']
['Sukukaja', 'Garula', 'Tarukaja', 'Wind Boost', 'Dodge Strike']
['Dodge Strike', 'Poison Mist', 'Sukukaja', 'Wind Boost', 'Wind Amp']
['Raging Tiger', 'Dodge Strike', 'Garula', 'Wind Amp', 'Poison Mist']
['Poison Mist', 'Mind Charge', 'Raging Tiger', 'Trafuri', 'Ice Boost']
['Raging Tiger', 'Ice Boost', 'Wind Boost', 'Poison Mist', 'Rakukaja']
['Poison Mist', 'Raging Tiger', 'Dodge Strike', 'Auto-Tarukaja', 'Wind Break']
['Poison Mist', 'Dodge Strike', 'Counter', 'Wind Boost', 'Rakukaja']
['Poison Mist', 'Rakukaja', 'Raging Tiger', 'Wind Boost', 'Sukukaja']
['Trafuri', 'Mind Charge', 'Wind Boost', 'Auto-Tarukaja', 'Ice Boost']
['Wind Boost', 'Tarukaja', 'Raging Tiger', 'Rakukaja', 'Ice Boost']
['Wind Break', 'Tarukaja', 'Trafuri', 'Rakukaja', 'Sukukaja']
['Poison Mist', 'Mind Charge', 'Trafuri', 'Dodge Strike', 'Raging Tiger']
['Poison Mist', 'Ziodyne', 'Wind Boost', 'Ice Boost', 'Rakukaja']
['Dodge Strike', 'Poison Mist', 'Counter', 'Ice Boost', 'Tarukaja']
['Raging Tiger', 'Sukukaja', 'Wind Amp', 'Rakukaja', 'Panta Rhei']
['Rakukaja', 'Poison Mist', 'Ice Boost', 'Auto-Tarukaja', 'Sharp Student']
['Counter', 'Garula', 'Raging Tiger', 'Tarukaja', 'Wind Boost']
['Poison Mist', 'Auto-Tarukaja', 'Raging Tiger', 'Sukukaja', 'Sharp Student']
['Wind Amp', 'Tarukaja', 'Raging Tiger', 'Wind Break', 'Sharp Student']
['Poison Mist', 'Sukukaja', 'Wind Break', 'Sharp Student', 'Raging Tiger']
['Wind Break', 'Raging Tiger', 'Wind Amp', 'Ice Boost', 'Trafuri']
['Dodge Strike', 'Tarukaja', 'Wind Amp', 'Raging Tiger', 'Counter']
['Raging Tiger', 'Ice Boost', 'Counter', 'Poison Mist', 'Rakukaja']
['Rakukaja', 'Raging Tiger', 'Sharp Student', 'Wind Boost', 'Poison Mist']
['Raging Tiger', 'Sukukaja', 'Wind Amp', 'Poison Mist', 'Rakukaja']
['Auto-Tarukaja', 'Mind Charge', 'Dodge Strike', 'Tarukaja', 'Wind Boost']
['Sukukaja', 'Dodge Strike', 'Rakukaja', 'Raging Tiger', 'Wind Amp']
['Auto-Tarukaja', 'Poison Mist', 'Sukukaja', 'Raging Tiger', 'Sharp Student']
['Mind Charge', 'Counter', 'Poison Mist', 'Dodge Strike', 'Sukukaja']
['Dodge Strike', 'Wind Break', 'Sharp Student', 'Raging Tiger', 'Rakukaja']
['Wind Amp', 'Counter', 'Dodge Strike', 'Raging Tiger', 'Poison Mist']
['Ice Boost', 'Poison Mist', 'Panta Rhei', 'Sukukaja', 'Counter']
['Tarukaja', 'Auto-Tarukaja', 'Rakukaja', 'Wind Amp', 'Poison Mist']
['Poison Mist', 'Ziodyne', 'Rakukaja', 'Tarukaja', 'Wind Boost']
['Sharp Student', 'Tarukaja', 'Rakukaja', 'Poison Mist', 'Raging Tiger']
['Ice Boost', 'Raging Tiger', 'Poison Mist', 'Sukukaja', 'Rakukaja']
['Sukukaja', 'Dodge Strike', 'Auto-Tarukaja', 'Tarukaja', 'Poison Mist']
['Ice Boost', 'Raging Tiger', 'Rakukaja', 'Sukukaja', 'Poison Mist']
['Sukukaja', 'Auto-Tarukaja', 'Rakukaja', 'Wind Boost', 'Dodge Strike']
['Tarukaja', 'Poison Mist', 'Sharp Student', 'Raging Tiger', 'Wind Boost']
['Wind Amp', 'Raging Tiger', 'Sukukaja', 'Wind Boost', 'Tarukaja']
['Auto-Tarukaja', 'Dodge Strike', 'Wind Break', 'Raging Tiger', 'Mind Charge']
['Trafuri', 'Sharp Student', 'Sukukaja', 'Rakukaja', 'Raging Tiger']
['Raging Tiger', 'Sharp Student', 'Wind Break', 'Trafuri', 'Tarukaja']
['Sharp Student', 'Wind Boost', 'Mind Charge', 'Raging Tiger', 'Poison Mist']
['Sukukaja', 'Mind Charge', 'Counter', 'Poison Mist', 'Tarukaja']
['Rakukaja', 'Poison Mist', 'Raging Tiger', 'Ice Boost', 'Counter']
['Wind Boost', 'Wind Break', 'Raging Tiger', 'Sukukaja', 'Ice Boost']
['Counter', 'Wind Break', 'Poison Mist', 'Raging Tiger', 'Ziodyne']
['Raging Tiger', 'Auto-Tarukaja', 'Sharp Student', 'Poison Mist', 'Rakukaja']
['Wind Boost', 'Raging Tiger', 'Ice Boost', 'Sharp Student', 'Poison Mist']
['Raging Tiger', 'Counter', 'Tarukaja', 'Wind Boost', 'Sharp Student']
['Ziodyne', 'Wind Amp', 'Raging Tiger', 'Wind Break', 'Ice Boost']
['Tarukaja', 'Poison Mist', 'Wind Break', 'Dodge Strike', 'Wind Amp']
['Auto-Tarukaja', 'Mind Charge', 'Wind Break', 'Sharp Student', 'Sukukaja']
['Ice Boost', 'Megido', 'Tarukaja', 'Dodge Strike', 'Wind Amp']
['Poison Mist', 'Sharp Student', 'Wind Boost', 'Dodge Strike', 'Raging Tiger']
['Poison Mist', 'Raging Tiger', 'Sukukaja', 'Counter', 'Trafuri']
['Sukukaja', 'Tarukaja', 'Dodge Strike', 'Ice Boost', 'Wind Break']
['Wind Amp', 'Raging Tiger', 'Mind Charge', 'Ice Boost', 'Poison Mist']
['Raging Tiger', 'Sharp Student', 'Garula', 'Rakukaja', 'Poison Mist']
['Sukukaja', 'Wind Boost', 'Poison Mist', 'Rakukaja', 'Auto-Tarukaja']
['Wind Boost', 'Rakukaja', 'Counter', 'Auto-Tarukaja', 'Ice Boost']
['Mind Charge', 'Poison Mist', 'Trafuri', 'Sharp Student', 'Counter']
['Sukukaja', 'Wind Boost', 'Raging Tiger', 'Mind Charge', 'Poison Mist']
['Garula', 'Ziodyne', 'Poison Mist', 'Sukukaja', 'Panta Rhei']
['Wind Break', 'Wind Amp', 'Rakukaja', 'Tarukaja', 'Auto-Tarukaja']
['Auto-Tarukaja', 'Sukukaja', 'Sharp Student', 'Wind Boost', 'Raging Tiger']
['Wind Break', 'Sukukaja', 'Auto-Tarukaja', 'Counter', 'Raging Tiger']
['Tarukaja', 'Poison Mist', 'Wind Amp', 'Wind Boost', 'Raging Tiger']
['Poison Mist', 'Tarukaja', 'Rakukaja', 'Dodge Strike', 'Wind Break']
['Sukukaja', 'Counter', 'Poison Mist', 'Raging Tiger', 'Wind Amp']
['Raging Tiger', 'Dodge Strike', 'Wind Boost', 'Mind Charge', 'Ice Boost']
['Raging Tiger', 'Dodge Strike', 'Poison Mist', 'Sharp Student', 'Rakukaja']
['Raging Tiger', 'Sharp Student', 'Poison Mist', 'Wind Amp', 'Mind Charge']
['Tarukaja', 'Rakukaja', 'Sharp Student', 'Wind Break', 'Wind Boost']
['Poison Mist', 'Wind Amp', 'Ice Boost', 'Tarukaja', 'Dodge Strike']
['Counter', 'Sharp Student', 'Tarukaja', 'Rakukaja', 'Wind Break']
['Wind Break', 'Poison Mist', 'Raging Tiger', 'Rakukaja', 'Sukukaja']
['Tarukaja', 'Ice Boost', 'Wind Amp', 'Poison Mist', 'Wind Break']
['Wind Boost', 'Raging Tiger', 'Tarukaja', 'Poison Mist', 'Dodge Strike']
['Counter', 'Poison Mist', 'Ice Boost', 'Trafuri', 'Raging Tiger']
['Raging Tiger', 'Sharp Student', 'Poison Mist', 'Trafuri', 'Tarukaja']
['Tarukaja', 'Poison Mist', 'Sharp Student', 'Wind Break', 'Dodge Strike']
['Poison Mist', 'Sukukaja', 'Wind Amp', 'Mind Charge', 'Ice Boost']
['Tarukaja', 'Wind Break', 'Sukukaja', 'Poison Mist', 'Rakukaja']
['Poison Mist', 'Raging Tiger', 'Ice Boost', 'Garula', 'Counter']
['Raging Tiger', 'Dodge Strike', 'Counter', 'Poison Mist', 'Tarukaja']
['Raging Tiger', 'Megido', 'Wind Boost', 'Poison Mist', 'Ice Boost']
['Rakukaja', 'Wind Boost', 'Wind Amp', 'Poison Mist', 'Raging Tiger']
['Poison Mist', 'Raging Tiger', 'Wind Amp', 'Trafuri', 'Mind Charge']
['Poison Mist', 'Trafuri', 'Dodge Strike', 'Mind Charge', 'Ice Boost']
['Raging Tiger', 'Wind Boost', 'Garula', 'Tarukaja', 'Dodge Strike']
['Tarukaja', 'Poison Mist', 'Counter', 'Raging Tiger', 'Wind Amp']
['Tarukaja', 'Wind Boost', 'Ice Boost', 'Poison Mist', 'Raging Tiger']
['Dodge Strike', 'Counter', 'Rakukaja', 'Panta Rhei', 'Raging Tiger']
['Poison Mist', 'Ice Boost', 'Mind Charge', 'Sharp Student', 'Wind Boost']
['Wind Boost', 'Rakukaja', 'Ice Boost', 'Tarukaja', 'Sharp Student']
['Sukukaja', 'Sharp Student', 'Tarukaja', 'Megido', 'Raging Tiger']
['Poison Mist', 'Raging Tiger', 'Sukukaja', 'Tarukaja', 'Dodge Strike']
['Raging Tiger', 'Rakukaja', 'Ice Boost', 'Counter', 'Tarukaja']
['Counter', 'Sharp Student', 'Rakukaja', 'Wind Boost', 'Mind Charge']
['Wind Boost', 'Ice Boost', 'Trafuri', 'Raging Tiger', 'Poison Mist']
['Sharp Student', 'Ice Boost', 'Raging Tiger', 'Wind Break', 'Poison Mist']
['Sharp Student', 'Dodge Strike', 'Raging Tiger', 'Poison Mist', 'Ice Boost']
['Poison Mist', 'Tarukaja', 'Auto-Tarukaja', 'Wind Amp', 'Sukukaja']
['Poison Mist', 'Ziodyne', 'Sukukaja', 'Sharp Student', 'Dodge Strike']
['Rakukaja', 'Wind Amp', 'Counter', 'Ice Boost', 'Poison Mist']
['Mind Charge', 'Sukukaja', 'Tarukaja', 'Rakukaja', 'Wind Boost']
['Wind Break', 'Poison Mist', 'Sharp Student', 'Auto-Tarukaja', 'Tarukaja']
['Dodge Strike', 'Tarukaja', 'Counter', 'Mind Charge', 'Poison Mist']
['Sukukaja', 'Poison Mist', 'Raging Tiger', 'Counter', 'Dodge Strike']
['Ice Boost', 'Counter', 'Raging Tiger', 'Wind Boost', 'Auto-Tarukaja']
['Wind Boost', 'Mind Charge', 'Raging Tiger', 'Poison Mist', 'Tarukaja']
['Wind Break', 'Wind Boost', 'Sukukaja', 'Dodge Strike', 'Poison Mist']
['Panta Rhei', 'Raging Tiger', 'Ice Boost', 'Garula', 'Mind Charge']
['Poison Mist', 'Raging Tiger', 'Wind Boost', 'Tarukaja', 'Auto-Tarukaja']
['Ice Boost', 'Sukukaja', 'Wind Boost', 'Rakukaja', 'Dodge Strike']
['Raging Tiger', 'Tarukaja', 'Mind Charge', 'Sharp Student', 'Ice Boost']
['Sukukaja', 'Auto-Tarukaja', 'Rakukaja', 'Poison Mist', 'Tarukaja']
['Sukukaja', 'Raging Tiger', 'Poison Mist', 'Wind Boost', 'Megido']
['Counter', 'Dodge Strike', 'Poison Mist', 'Sharp Student', 'Sukukaja']
['Raging Tiger', 'Wind Break', 'Wind Amp', 'Ice Boost', 'Wind Boost']
['Wind Break', 'Sukukaja', 'Raging Tiger', 'Wind Boost', 'Rakukaja']
['Sukukaja', 'Rakukaja', 'Mind Charge', 'Sharp Student', 'Wind Amp']
['Poison Mist', 'Wind Break', 'Counter', 'Sukukaja', 'Auto-Tarukaja']
['Poison Mist', 'Sharp Student', 'Raging Tiger', 'Wind Break', 'Rakukaja']
['Wind Boost', 'Counter', 'Wind Amp', 'Poison Mist', 'Rakukaja']
['Auto-Tarukaja', 'Raging Tiger', 'Wind Amp', 'Poison Mist', 'Tarukaja']
['Wind Amp', 'Raging Tiger', 'Tarukaja', 'Counter', 'Wind Break']
['Raging Tiger', 'Sharp Student', 'Sukukaja', 'Ziodyne', 'Mind Charge']
['Sukukaja', 'Sharp Student', 'Mind Charge', 'Dodge Strike', 'Wind Boost']
['Wind Break', 'Raging Tiger', 'Megido', 'Tarukaja', 'Poison Mist']
['Ice Boost', 'Counter', 'Rakukaja', 'Poison Mist', 'Sharp Student']
['Poison Mist', 'Ice Boost', 'Raging Tiger', 'Sukukaja', 'Sharp Student']
['Raging Tiger', 'Sukukaja', 'Counter', 'Tarukaja', 'Poison Mist']
['Tarukaja', 'Poison Mist', 'Raging Tiger', 'Dodge Strike', 'Rakukaja']
['Poison Mist', 'Wind Boost', 'Sukukaja', 'Ice Boost', 'Raging Tiger']
['Raging Tiger', 'Ice Boost', 'Rakukaja', 'Tarukaja', 'Auto-Tarukaja']
['Raging Tiger', 'Wind Amp', 'Auto-Tarukaja', 'Rakukaja', 'Wind Boost']
['Poison Mist', 'Wind Break', 'Tarukaja', 'Wind Boost', 'Auto-Tarukaja']
['Dodge Strike', 'Tarukaja', 'Ice Boost', 'Sukukaja', 'Raging Tiger']
['Ice Boost', 'Counter', 'Wind Boost', 'Sharp Student', 'Raging Tiger']
['Raging Tiger', 'Ziodyne', 'Tarukaja', 'Wind Amp', 'Wind Boost']
['Wind Boost', 'Poison Mist', 'Raging Tiger', 'Wind Break', 'Rakukaja']
['Ice Boost', 'Poison Mist', 'Tarukaja', 'Raging Tiger', 'Wind Boost']
['Mind Charge', 'Sharp Student', 'Wind Boost', 'Poison Mist', 'Raging Tiger']
['Ice Boost', 'Wind Break', 'Counter', 'Raging Tiger', 'Rakukaja']
['Sukukaja', 'Wind Boost', 'Tarukaja', 'Sharp Student', 'Dodge Strike']
['Poison Mist', 'Rakukaja', 'Dodge Strike', 'Counter', 'Wind Amp']
['Tarukaja', 'Raging Tiger', 'Poison Mist', 'Sharp Student', 'Panta Rhei']
['Poison Mist', 'Wind Break', 'Tarukaja', 'Wind Boost', 'Sukukaja']
['Poison Mist', 'Raging Tiger', 'Wind Boost', 'Dodge Strike', 'Wind Break']
['Raging Tiger', 'Wind Amp', 'Tarukaja', 'Ice Boost', 'Counter']
['Raging Tiger', 'Poison Mist', 'Dodge Strike', 'Sharp Student', 'Wind Boost']
['Raging Tiger', 'Wind Boost', 'Wind Break', 'Megido', 'Rakukaja']
['Auto-Tarukaja', 'Raging Tiger', 'Poison Mist', 'Wind Boost', 'Trafuri']
['Counter', 'Wind Boost', 'Poison Mist', 'Sukukaja', 'Rakukaja']
['Dodge Strike', 'Counter', 'Sukukaja', 'Raging Tiger', 'Poison Mist']
['Wind Amp', 'Raging Tiger', 'Counter', 'Poison Mist', 'Ice Boost']
['Raging Tiger', 'Ice Boost', 'Poison Mist', 'Dodge Strike', 'Counter']
['Raging Tiger', 'Auto-Tarukaja', 'Poison Mist', 'Wind Break', 'Mind Charge']
['Tarukaja', 'Wind Boost', 'Poison Mist', 'Ice Boost', 'Raging Tiger']
['Raging Tiger', 'Mind Charge', 'Sharp Student', 'Poison Mist', 'Counter']
['Poison Mist', 'Tarukaja', 'Wind Boost', 'Counter', 'Mind Charge']
['Poison Mist', 'Sukukaja', 'Raging Tiger', 'Tarukaja', 'Sharp Student']
['Tarukaja', 'Sukukaja', 'Ice Boost', 'Raging Tiger', 'Rakukaja']
['Ice Boost', 'Counter', 'Auto-Tarukaja', 'Poison Mist', 'Raging Tiger']
['Dodge Strike', 'Rakukaja', 'Poison Mist', 'Raging Tiger', 'Trafuri']
['Poison Mist', 'Counter', 'Wind Boost', 'Raging Tiger', 'Ice Boost']
['Ice Boost', 'Raging Tiger', 'Rakukaja', 'Wind Break', 'Poison Mist']
['Ice Boost', 'Poison Mist', 'Wind Break', 'Dodge Strike', 'Auto-Tarukaja']
['Sharp Student', 'Ice Boost', 'Wind Amp', 'Wind Boost', 'Tarukaja']
['Poison Mist', 'Wind Amp', 'Ice Boost', 'Sukukaja', 'Mind Charge']
['Counter', 'Raging Tiger', 'Poison Mist', 'Auto-Tarukaja', 'Tarukaja']
['Sukukaja', 'Raging Tiger', 'Trafuri', 'Poison Mist', 'Counter']
['Wind Amp', 'Poison Mist', 'Raging Tiger', 'Wind Break', 'Counter']
['Poison Mist', 'Ice Boost', 'Wind Boost', 'Tarukaja', 'Sharp Student']
['Auto-Tarukaja', 'Poison Mist', 'Dodge Strike', 'Raging Tiger', 'Rakukaja']
['Raging Tiger', 'Auto-Tarukaja', 'Trafuri', 'Ice Boost', 'Wind Boost']
['Tarukaja', 'Counter', 'Raging Tiger', 'Sharp Student', 'Poison Mist']
['Rakukaja', 'Counter', 'Wind Boost', 'Sharp Student', 'Poison Mist']
['Poison Mist', 'Raging Tiger', 'Ziodyne', 'Dodge Strike', 'Garula']
['Tarukaja', 'Auto-Tarukaja', 'Poison Mist', 'Counter', 'Raging Tiger']
['Counter', 'Raging Tiger', 'Rakukaja', 'Poison Mist', 'Ice Boost']
['Poison Mist', 'Dodge Strike', 'Rakukaja', 'Raging Tiger', 'Wind Boost']
['Poison Mist', 'Auto-Tarukaja', 'Dodge Strike', 'Panta Rhei', 'Wind Boost']
['Poison Mist', 'Raging Tiger', 'Counter', 'Ice Boost', 'Wind Amp']
['Tarukaja', 'Poison Mist', 'Sukukaja', 'Auto-Tarukaja', 'Raging Tiger']
['Sharp Student', 'Raging Tiger', 'Ice Boost', 'Poison Mist', 'Wind Amp']
['Poison Mist', 'Raging Tiger', 'Trafuri', 'Auto-Tarukaja', 'Sharp Student']
['Dodge Strike', 'Raging Tiger', 'Wind Amp', 'Rakukaja', 'Poison Mist']
['Sharp Student', 'Raging Tiger', 'Wind Break', 'Tarukaja', 'Wind Boost']
['Ice Boost', 'Tarukaja', 'Mind Charge', 'Rakukaja', 'Panta Rhei']
['Poison Mist', 'Sukukaja', 'Wind Boost', 'Tarukaja', 'Wind Break']
['Tarukaja', 'Raging Tiger', 'Wind Boost', 'Sharp Student', 'Auto-Tarukaja']
['Wind Amp', 'Wind Boost', 'Raging Tiger', 'Poison Mist', 'Tarukaja']
['Poison Mist', 'Wind Amp', 'Counter', 'Tarukaja', 'Wind Break']
['Auto-Tarukaja', 'Wind Boost', 'Ice Boost', 'Raging Tiger', 'Poison Mist']
['Rakukaja', 'Poison Mist', 'Counter', 'Mind Charge', 'Wind Boost']
['Wind Boost', 'Sukukaja', 'Wind Amp', 'Poison Mist', 'Tarukaja']
['Wind Boost', 'Poison Mist', 'Wind Amp', 'Garula', 'Raging Tiger']
['Raging Tiger', 'Wind Boost', 'Ice Boost', 'Dodge Strike', 'Tarukaja']
['Wind Amp', 'Wind Break', 'Tarukaja', 'Ziodyne', 'Rakukaja']
['Tarukaja', 'Poison Mist', 'Raging Tiger', 'Mind Charge', 'Ice Boost']
['Sharp Student', 'Tarukaja', 'Raging Tiger', 'Garula', 'Counter']
['Wind Boost', 'Sukukaja', 'Raging Tiger', 'Counter', 'Tarukaja']
['Wind Break', 'Trafuri', 'Raging Tiger', 'Tarukaja', 'Rakukaja']
['Counter', 'Rakukaja', 'Poison Mist', 'Auto-Tarukaja', 'Tarukaja']
['Raging Tiger', 'Poison Mist', 'Trafuri', 'Rakukaja', 'Tarukaja']
['Raging Tiger', 'Megido', 'Poison Mist', 'Auto-Tarukaja', 'Trafuri']
['Wind Boost', 'Poison Mist', 'Mind Charge', 'Dodge Strike', 'Tarukaja']
['Poison Mist', 'Raging Tiger', 'Trafuri', 'Ice Boost', 'Auto-Tarukaja']
['Poison Mist', 'Ice Boost', 'Raging Tiger', 'Rakukaja', 'Dodge Strike']
['Poison Mist', 'Rakukaja', 'Wind Boost', 'Auto-Tarukaja', 'Raging Tiger']
['Rakukaja', 'Sukukaja', 'Poison Mist', 'Wind Amp', 'Sharp Student']
['Poison Mist', 'Ice Boost', 'Wind Amp', 'Sukukaja', 'Counter']
['Tarukaja', 'Dodge Strike', 'Counter', 'Poison Mist', 'Sharp Student']
['Poison Mist', 'Wind Break', 'Ice Boost', 'Dodge Strike', 'Rakukaja']
['Sharp Student', 'Raging Tiger', 'Counter', 'Ice Boost', 'Dodge Strike']
['Wind Amp', 'Sukukaja', 'Poison Mist', 'Wind Boost', 'Auto-Tarukaja']
['Raging Tiger', 'Trafuri', 'Tarukaja', 'Mind Charge', 'Ice Boost']
['Wind Break', 'Poison Mist', 'Mind Charge', 'Rakukaja', 'Ice Boost']
['Tarukaja', 'Poison Mist', 'Sukukaja', 'Wind Amp', 'Rakukaja']
['Raging Tiger', 'Rakukaja', 'Sukukaja', 'Sharp Student', 'Wind Boost']
['Poison Mist', 'Mind Charge', 'Sharp Student', 'Sukukaja', 'Wind Amp']
['Tarukaja', 'Mind Charge', 'Auto-Tarukaja', 'Counter', 'Wind Amp']
['Dodge Strike', 'Auto-Tarukaja', 'Tarukaja', 'Poison Mist', 'Trafuri']
['Counter', 'Raging Tiger', 'Sharp Student', 'Dodge Strike', 'Wind Amp']
['Poison Mist', 'Mind Charge', 'Counter', 'Ice Boost', 'Wind Amp']
['Tarukaja', 'Poison Mist', 'Wind Amp', 'Sukukaja', 'Auto-Tarukaja']
['Ice Boost', 'Raging Tiger', 'Rakukaja', 'Poison Mist', 'Tarukaja']
['Poison Mist', 'Rakukaja', 'Megido', 'Garula', 'Ice Boost']
['Poison Mist', 'Auto-Tarukaja', 'Tarukaja', 'Raging Tiger', 'Sukukaja']
['Sukukaja', 'Ice Boost', 'Trafuri', 'Poison Mist', 'Dodge Strike']
['Counter', 'Poison Mist', 'Rakukaja', 'Dodge Strike', 'Raging Tiger']
['Mind Charge', 'Poison Mist', 'Dodge Strike', 'Tarukaja', 'Raging Tiger']
['Rakukaja', 'Mind Charge', 'Tarukaja', 'Ice Boost', 'Wind Break']
['Tarukaja', 'Sukukaja', 'Poison Mist', 'Mind Charge', 'Dodge Strike']
['Poison Mist', 'Auto-Tarukaja', 'Raging Tiger', 'Trafuri', 'Sharp Student']
['Trafuri', 'Poison Mist', 'Tarukaja', 'Sukukaja', 'Megido']
['Wind Boost', 'Counter', 'Tarukaja', 'Wind Amp', 'Dodge Strike']
['Poison Mist', 'Ziodyne', 'Counter', 'Sharp Student', 'Wind Boost']
['Poison Mist', 'Ice Boost', 'Rakukaja', 'Wind Boost', 'Wind Break']
['Wind Boost', 'Raging Tiger', 'Poison Mist', 'Ice Boost', 'Sharp Student']
['Ice Boost', 'Trafuri', 'Sukukaja', 'Dodge Strike', 'Rakukaja']
['Dodge Strike', 'Poison Mist', 'Sukukaja', 'Tarukaja', 'Mind Charge']
['Auto-Tarukaja', 'Raging Tiger', 'Wind Amp', 'Wind Break', 'Sukukaja']
['Sukukaja', 'Wind Boost', 'Wind Amp', 'Sharp Student', 'Poison Mist']
['Poison Mist', 'Ice Boost', 'Wind Boost', 'Wind Amp', 'Raging Tiger']
['Tarukaja', 'Poison Mist', 'Wind Amp', 'Sukukaja', 'Mind Charge']
['Raging Tiger', 'Tarukaja', 'Rakukaja', 'Sharp Student', 'Wind Amp']
['Raging Tiger', 'Sukukaja', 'Sharp Student', 'Dodge Strike', 'Rakukaja']
['Poison Mist', 'Raging Tiger', 'Counter', 'Sukukaja', 'Wind Amp']
['Poison Mist', 'Ice Boost', 'Tarukaja', 'Mind Charge', 'Wind Amp']
['Poison Mist', 'Megido', 'Sukukaja', 'Ice Boost', 'Sharp Student']
['Ice Boost', 'Raging Tiger', 'Wind Amp', 'Megido', 'Rakukaja']
['Ice Boost', 'Trafuri', 'Poison Mist', 'Sharp Student', 'Dodge Strike']
['Raging Tiger', 'Wind Boost', 'Poison Mist', 'Ice Boost', 'Sukukaja']
['Ice Boost', 'Wind Boost', 'Raging Tiger', 'Dodge Strike', 'Tarukaja']
['Rakukaja', 'Mind Charge', 'Wind Boost', 'Sukukaja', 'Garula']
['Poison Mist', 'Sukukaja', 'Dodge Strike', 'Garula', 'Ice Boost']
['Ziodyne', 'Sukukaja', 'Rakukaja', 'Auto-Tarukaja', 'Poison Mist']
['Raging Tiger', 'Wind Boost', 'Poison Mist', 'Auto-Tarukaja', 'Mind Charge']
['Poison Mist', 'Raging Tiger', 'Tarukaja', 'Auto-Tarukaja', 'Counter']
['Poison Mist', 'Wind Boost', 'Tarukaja', 'Mind Charge', 'Rakukaja']
['Raging Tiger', 'Mind Charge', 'Poison Mist', 'Rakukaja', 'Tarukaja']
['Sukukaja', 'Wind Amp', 'Poison Mist', 'Tarukaja', 'Raging Tiger']
['Raging Tiger', 'Poison Mist', 'Dodge Strike', 'Tarukaja', 'Counter']
['Wind Amp', 'Poison Mist', 'Dodge Strike', 'Ice Boost', 'Raging Tiger']
['Tarukaja', 'Wind Boost', 'Wind Amp', 'Counter', 'Raging Tiger']
['Poison Mist', 'Raging Tiger', 'Auto-Tarukaja', 'Wind Amp', 'Sukukaja']
['Poison Mist', 'Wind Boost', 'Rakukaja', 'Sukukaja', 'Wind Break']
['Wind Amp', 'Poison Mist', 'Ziodyne', 'Tarukaja', 'Sharp Student']
['Raging Tiger', 'Mind Charge', 'Poison Mist', 'Sukukaja', 'Wind Amp']
['Raging Tiger', 'Sukukaja', 'Sharp Student', 'Mind Charge', 'Trafuri']
['Wind Amp', 'Sharp Student', 'Poison Mist', 'Raging Tiger', 'Rakukaja']
['Counter', 'Dodge Strike', 'Tarukaja', 'Raging Tiger', 'Sukukaja']
['Poison Mist', 'Ice Boost', 'Wind Amp', 'Wind Boost', 'Tarukaja']
['Wind Break', 'Raging Tiger', 'Tarukaja', 'Ice Boost', 'Sukukaja']
['Rakukaja', 'Auto-Tarukaja', 'Wind Amp', 'Trafuri', 'Ice Boost']
['Rakukaja', 'Auto-Tarukaja', 'Wind Boost', 'Poison Mist', 'Dodge Strike']
['Raging Tiger', 'Rakukaja', 'Poison Mist', 'Ice Boost', 'Panta Rhei']
['Tarukaja', 'Wind Boost', 'Rakukaja', 'Wind Break', 'Sharp Student']
['Tarukaja', 'Poison Mist', 'Rakukaja', 'Ice Boost', 'Dodge Strike']
['Poison Mist', 'Rakukaja', 'Sukukaja', 'Garula', 'Wind Boost']
['Sharp Student', 'Auto-Tarukaja', 'Ice Boost', 'Rakukaja', 'Poison Mist']
['Raging Tiger', 'Rakukaja', 'Mind Charge', 'Poison Mist', 'Wind Break']
['Tarukaja', 'Rakukaja', 'Ice Boost', 'Ziodyne', 'Poison Mist']
['Ice Boost', 'Tarukaja', 'Sukukaja', 'Poison Mist', 'Rakukaja']
['Wind Amp', 'Panta Rhei', 'Poison Mist', 'Wind Boost', 'Raging Tiger']
['Auto-Tarukaja', 'Wind Boost', 'Poison Mist', 'Rakukaja', 'Wind Amp']
['Tarukaja', 'Wind Boost', 'Raging Tiger', 'Sukukaja', 'Ice Boost']
['Poison Mist', 'Sukukaja', 'Raging Tiger', 'Rakukaja', 'Dodge Strike']
['Tarukaja', 'Sukukaja', 'Wind Amp', 'Dodge Strike', 'Wind Boost']
['Sukukaja', 'Dodge Strike', 'Wind Boost', 'Poison Mist', 'Raging Tiger']
['Sharp Student', 'Poison Mist', 'Wind Boost', 'Auto-Tarukaja', 'Rakukaja']
['Raging Tiger', 'Poison Mist', 'Tarukaja', 'Sharp Student', 'Trafuri']
['Sukukaja', 'Wind Boost', 'Counter', 'Poison Mist', 'Ice Boost']
['Counter', 'Poison Mist', 'Megido', 'Trafuri', 'Ice Boost']
['Poison Mist', 'Dodge Strike', 'Sharp Student', 'Wind Boost', 'Tarukaja']
['Rakukaja', 'Poison Mist', 'Counter', 'Wind Break', 'Ice Boost']
['Ziodyne', 'Sukukaja', 'Dodge Strike', 'Raging Tiger', 'Ice Boost']
['Rakukaja', 'Poison Mist', 'Counter', 'Raging Tiger', 'Tarukaja']
['Counter', 'Sharp Student', 'Mind Charge', 'Dodge Strike', 'Poison Mist']
['Poison Mist', 'Sukukaja', 'Tarukaja', 'Auto-Tarukaja', 'Raging Tiger']
['Rakukaja', 'Megido', 'Wind Amp', 'Auto-Tarukaja', 'Tarukaja']
['Raging Tiger', 'Wind Boost', 'Dodge Strike', 'Wind Amp', 'Rakukaja']
['Sharp Student', 'Raging Tiger', 'Wind Boost', 'Rakukaja', 'Poison Mist']
['Rakukaja', 'Raging Tiger', 'Mind Charge', 'Wind Break', 'Poison Mist']
['Poison Mist', 'Sharp Student', 'Rakukaja', 'Tarukaja', 'Raging Tiger']
['Wind Amp', 'Wind Break', 'Dodge Strike', 'Ice Boost', 'Sukukaja']
['Mind Charge', 'Ice Boost', 'Poison Mist', 'Auto-Tarukaja', 'Wind Boost']
['Raging Tiger', 'Poison Mist', 'Ice Boost', 'Wind Boost', 'Tarukaja']
['Counter', 'Mind Charge', 'Raging Tiger', 'Rakukaja', 'Tarukaja']
['Wind Boost', 'Wind Break', 'Sukukaja', 'Wind Amp', 'Counter']
['Counter', 'Sukukaja', 'Raging Tiger', 'Poison Mist', 'Wind Boost']
['Wind Boost', 'Ice Boost', 'Poison Mist', 'Sharp Student', 'Wind Break']
['Raging Tiger', 'Wind Amp', 'Mind Charge', 'Rakukaja', 'Tarukaja']
['Poison Mist', 'Ice Boost', 'Counter', 'Raging Tiger', 'Rakukaja']
['Auto-Tarukaja', 'Mind Charge', 'Poison Mist', 'Raging Tiger', 'Counter']
['Poison Mist', 'Counter', 'Raging Tiger', 'Wind Boost', 'Sharp Student']
['Poison Mist', 'Wind Amp', 'Wind Boost', 'Rakukaja', 'Counter']
['Auto-Tarukaja', 'Ice Boost', 'Counter', 'Poison Mist', 'Megido']
['Wind Boost', 'Ice Boost', 'Dodge Strike', 'Sukukaja', 'Mind Charge']
['Raging Tiger', 'Wind Boost', 'Auto-Tarukaja', 'Rakukaja', 'Poison Mist']
['Poison Mist', 'Wind Amp', 'Raging Tiger', 'Wind Boost', 'Counter']
['Rakukaja', 'Trafuri', 'Dodge Strike', 'Raging Tiger', 'Tarukaja']
['Tarukaja', 'Ice Boost', 'Ziodyne', 'Dodge Strike', 'Sukukaja']
['Poison Mist', 'Wind Boost', 'Raging Tiger', 'Wind Break', 'Tarukaja']
['Poison Mist', 'Wind Amp', 'Wind Boost', 'Tarukaja', 'Ziodyne']
['Poison Mist', 'Auto-Tarukaja', 'Wind Boost', 'Sukukaja', 'Ice Boost']
['Sukukaja', 'Trafuri', 'Ice Boost', 'Auto-Tarukaja', 'Poison Mist']
['Counter', 'Ice Boost', 'Rakukaja', 'Wind Boost', 'Auto-Tarukaja']
['Rakukaja', 'Wind Break', 'Ziodyne', 'Poison Mist', 'Wind Boost']
['Poison Mist', 'Raging Tiger', 'Wind Break', 'Dodge Strike', 'Megido']
['Rakukaja', 'Counter', 'Sharp Student', 'Trafuri', 'Ice Boost']
['Tarukaja', 'Sukukaja', 'Ice Boost', 'Counter', 'Garula']
['Poison Mist', 'Dodge Strike', 'Counter', 'Raging Tiger', 'Wind Break']
['Raging Tiger', 'Mind Charge', 'Sukukaja', 'Counter', 'Wind Break']
['Raging Tiger', 'Megido', 'Tarukaja', 'Sukukaja', 'Rakukaja']
['Raging Tiger', 'Ice Boost', 'Wind Break', 'Sharp Student', 'Rakukaja']
['Sukukaja', 'Raging Tiger', 'Sharp Student', 'Mind Charge', 'Wind Amp']
['Ice Boost', 'Raging Tiger', 'Wind Amp', 'Auto-Tarukaja', 'Wind Boost']
['Sukukaja', 'Ice Boost', 'Tarukaja', 'Trafuri', 'Poison Mist']
['Wind Amp', 'Raging Tiger', 'Poison Mist', 'Wind Break', 'Sukukaja']
['Wind Boost', 'Raging Tiger', 'Wind Amp', 'Poison Mist', 'Ice Boost']
['Poison Mist', 'Raging Tiger', 'Trafuri', 'Counter', 'Rakukaja']
['Raging Tiger', 'Wind Amp', 'Garula', 'Sukukaja', 'Sharp Student']
['Ice Boost', 'Poison Mist', 'Sukukaja', 'Raging Tiger', 'Rakukaja']
['Sharp Student', 'Wind Break', 'Poison Mist', 'Raging Tiger', 'Auto-Tarukaja']
['Auto-Tarukaja', 'Poison Mist', 'Garula', 'Tarukaja', 'Raging Tiger']
['Auto-Tarukaja', 'Rakukaja', 'Poison Mist', 'Sharp Student', 'Raging Tiger']
['Auto-Tarukaja', 'Rakukaja', 'Poison Mist', 'Raging Tiger', 'Counter']
['Wind Boost', 'Raging Tiger', 'Rakukaja', 'Poison Mist', 'Wind Break']
['Ice Boost', 'Poison Mist', 'Wind Boost', 'Raging Tiger', 'Sharp Student']
['Counter', 'Ice Boost', 'Wind Boost', 'Rakukaja', 'Sukukaja']
['Wind Break', 'Counter', 'Wind Amp', 'Rakukaja', 'Sukukaja']
['Auto-Tarukaja', 'Tarukaja', 'Wind Boost', 'Counter', 'Mind Charge']
['Sukukaja', 'Raging Tiger', 'Tarukaja', 'Poison Mist', 'Wind Boost']
['Wind Boost', 'Raging Tiger', 'Rakukaja', 'Counter', 'Wind Break']
['Auto-Tarukaja', 'Raging Tiger', 'Wind Amp', 'Dodge Strike', 'Sukukaja']
['Poison Mist', 'Sukukaja', 'Dodge Strike', 'Raging Tiger', 'Ice Boost']
['Sukukaja', 'Mind Charge', 'Raging Tiger', 'Dodge Strike', 'Wind Amp']
['Ice Boost', 'Sharp Student', 'Raging Tiger', 'Poison Mist', 'Dodge Strike']
['Raging Tiger', 'Poison Mist', 'Rakukaja', 'Wind Boost', 'Dodge Strike']
['Counter', 'Ice Boost', 'Wind Boost', 'Auto-Tarukaja', 'Raging Tiger']
['Raging Tiger', 'Sukukaja', 'Ice Boost', 'Rakukaja', 'Tarukaja']
['Ice Boost', 'Sharp Student', 'Dodge Strike', 'Poison Mist', 'Auto-Tarukaja']
['Trafuri', 'Megido', 'Raging Tiger', 'Wind Boost', 'Wind Break']
['Wind Break', 'Dodge Strike', 'Counter', 'Tarukaja', 'Rakukaja']
['Poison Mist', 'Wind Boost', 'Dodge Strike', 'Sukukaja', 'Raging Tiger']
['Raging Tiger', 'Sharp Student', 'Wind Amp', 'Poison Mist', 'Auto-Tarukaja']
['Poison Mist', 'Wind Amp', 'Ice Boost', 'Dodge Strike', 'Tarukaja']
['Wind Break', 'Ice Boost', 'Auto-Tarukaja', 'Garula', 'Sukukaja']
['Wind Break', 'Wind Boost', 'Ice Boost', 'Auto-Tarukaja', 'Poison Mist']
['Raging Tiger', 'Wind Break', 'Poison Mist', 'Counter', 'Auto-Tarukaja']
['Raging Tiger', 'Wind Boost', 'Counter', 'Wind Amp', 'Sharp Student']
['Ice Boost', 'Sukukaja', 'Raging Tiger', 'Poison Mist', 'Rakukaja']
['Sharp Student', 'Poison Mist', 'Mind Charge', 'Counter', 'Ice Boost']
['Ice Boost', 'Raging Tiger', 'Dodge Strike', 'Counter', 'Sukukaja']
['Rakukaja', 'Raging Tiger', 'Wind Boost', 'Garula', 'Ice Boost']
['Sukukaja', 'Wind Boost', 'Poison Mist', 'Rakukaja', 'Garula']
['Wind Amp', 'Wind Boost', 'Tarukaja', 'Poison Mist', 'Counter']
['Sukukaja', 'Megido', 'Poison Mist', 'Wind Break', 'Wind Boost']
['Raging Tiger', 'Poison Mist', 'Tarukaja', 'Dodge Strike', 'Sukukaja']
['Ziodyne', 'Sukukaja', 'Wind Boost', 'Sharp Student', 'Ice Boost']
['Ice Boost', 'Poison Mist', 'Tarukaja', 'Rakukaja', 'Raging Tiger']
['Tarukaja', 'Rakukaja', 'Sharp Student', 'Sukukaja', 'Poison Mist']
['Raging Tiger', 'Poison Mist', 'Auto-Tarukaja', 'Garula', 'Sukukaja']
['Raging Tiger', 'Wind Boost', 'Mind Charge', 'Poison Mist', 'Garula']
['Sukukaja', 'Raging Tiger', 'Poison Mist', 'Sharp Student', 'Ice Boost']
['Rakukaja', 'Raging Tiger', 'Sharp Student', 'Sukukaja', 'Poison Mist']
['Sukukaja', 'Rakukaja', 'Poison Mist', 'Raging Tiger', 'Ice Boost']
['Auto-Tarukaja', 'Poison Mist', 'Rakukaja', 'Garula', 'Ziodyne']
['Poison Mist', 'Mind Charge', 'Dodge Strike', 'Raging Tiger', 'Auto-Tarukaja']
['Wind Boost', 'Tarukaja', 'Sharp Student', 'Raging Tiger', 'Poison Mist']
['Ice Boost', 'Poison Mist', 'Wind Boost', 'Ziodyne', 'Dodge Strike']
['Raging Tiger', 'Counter', 'Auto-Tarukaja', 'Poison Mist', 'Wind Boost']
['Poison Mist', 'Raging Tiger', 'Ice Boost', 'Auto-Tarukaja', 'Dodge Strike']
['Dodge Strike', 'Rakukaja', 'Tarukaja', 'Sharp Student', 'Poison Mist']
['Dodge Strike', 'Sukukaja', 'Ice Boost', 'Wind Break', 'Raging Tiger']
['Auto-Tarukaja', 'Dodge Strike', 'Raging Tiger', 'Ice Boost', 'Wind Boost']
['Rakukaja', 'Raging Tiger', 'Wind Boost', 'Poison Mist', 'Mind Charge']
['Counter', 'Wind Amp', 'Poison Mist', 'Tarukaja', 'Raging Tiger']
['Rakukaja', 'Dodge Strike', 'Poison Mist', 'Ice Boost', 'Wind Amp']
['Ice Boost', 'Dodge Strike', 'Poison Mist', 'Sukukaja', 'Raging Tiger']
['Raging Tiger', 'Poison Mist', 'Ice Boost', 'Mind Charge', 'Megido']
['Poison Mist', 'Dodge Strike', 'Ice Boost', 'Wind Amp', 'Sharp Student']
['Mind Charge', 'Ice Boost', 'Tarukaja', 'Dodge Strike', 'Poison Mist']
['Raging Tiger', 'Rakukaja', 'Counter', 'Sukukaja', 'Poison Mist']
['Raging Tiger', 'Mind Charge', 'Tarukaja', 'Ice Boost', 'Dodge Strike']
['Ice Boost', 'Auto-Tarukaja', 'Poison Mist', 'Rakukaja', 'Raging Tiger']
['Ice Boost', 'Poison Mist', 'Raging Tiger', 'Auto-Tarukaja', 'Ziodyne']
['Raging Tiger', 'Sharp Student', 'Poison Mist', 'Ice Boost', 'Tarukaja']
['Counter', 'Sukukaja', 'Poison Mist', 'Raging Tiger', 'Rakukaja']
['Trafuri', 'Ice Boost', 'Tarukaja', 'Ziodyne', 'Mind Charge']
['Poison Mist', 'Ice Boost', 'Sukukaja', 'Wind Amp', 'Dodge Strike']
['Auto-Tarukaja', 'Sharp Student', 'Wind Break', 'Ice Boost', 'Wind Boost']
['Tarukaja', 'Rakukaja', 'Counter', 'Wind Break', 'Wind Boost']
['Raging Tiger', 'Counter', 'Auto-Tarukaja', 'Rakukaja', 'Garula']
['Sukukaja', 'Raging Tiger', 'Tarukaja', 'Wind Break', 'Poison Mist']
['Ziodyne', 'Dodge Strike', 'Poison Mist', 'Rakukaja', 'Sharp Student']
['Raging Tiger', 'Sukukaja', 'Wind Boost', 'Dodge Strike', 'Tarukaja']
['Rakukaja', 'Ice Boost', 'Tarukaja', 'Trafuri', 'Raging Tiger']
['Trafuri', 'Counter', 'Wind Boost', 'Sukukaja', 'Megido']
['Ice Boost', 'Poison Mist', 'Mind Charge', 'Raging Tiger', 'Auto-Tarukaja']
['Raging Tiger', 'Dodge Strike', 'Poison Mist', 'Wind Break', 'Sukukaja']
['Poison Mist', 'Tarukaja', 'Mind Charge', 'Wind Break', 'Sukukaja']
['Raging Tiger', 'Poison Mist', 'Tarukaja', 'Wind Break', 'Rakukaja']
['Sharp Student', 'Poison Mist', 'Sukukaja', 'Panta Rhei', 'Raging Tiger']
['Poison Mist', 'Megido', 'Auto-Tarukaja', 'Wind Break', 'Wind Boost']
['Dodge Strike', 'Raging Tiger', 'Rakukaja', 'Ice Boost', 'Sukukaja']
['Poison Mist', 'Sukukaja', 'Raging Tiger', 'Wind Amp', 'Auto-Tarukaja']
['Mind Charge', 'Wind Break', 'Raging Tiger', 'Rakukaja', 'Poison Mist']
['Tarukaja', 'Trafuri', 'Wind Break', 'Raging Tiger', 'Ice Boost']
['Wind Amp', 'Tarukaja', 'Sukukaja', 'Poison Mist', 'Wind Boost']
['Wind Break', 'Dodge Strike', 'Poison Mist', 'Raging Tiger', 'Ice Boost']
['Wind Break', 'Dodge Strike', 'Sukukaja', 'Poison Mist', 'Trafuri']
['Ice Boost', 'Sharp Student', 'Sukukaja', 'Wind Boost', 'Poison Mist']
['Ice Boost', 'Wind Amp', 'Sukukaja', 'Raging Tiger', 'Poison Mist']
['Dodge Strike', 'Poison Mist', 'Tarukaja', 'Raging Tiger', 'Panta Rhei']
['Tarukaja', 'Sukukaja', 'Poison Mist', 'Sharp Student', 'Dodge Strike']
['Raging Tiger', 'Wind Boost', 'Auto-Tarukaja', 'Tarukaja', 'Garula']
['Tarukaja', 'Sukukaja', 'Raging Tiger', 'Sharp Student', 'Auto-Tarukaja']
['Tarukaja', 'Trafuri', 'Raging Tiger', 'Poison Mist', 'Sharp Student']
['Rakukaja', 'Ice Boost', 'Wind Boost', 'Sukukaja', 'Tarukaja']
['Poison Mist', 'Mind Charge', 'Sharp Student', 'Counter', 'Raging Tiger']
['Rakukaja', 'Panta Rhei', 'Tarukaja', 'Raging Tiger', 'Trafuri']
['Rakukaja', 'Ice Boost', 'Raging Tiger', 'Poison Mist', 'Counter']
['Rakukaja', 'Dodge Strike', 'Mind Charge', 'Raging Tiger', 'Sharp Student']
['Raging Tiger', 'Wind Amp', 'Wind Boost', 'Rakukaja', 'Tarukaja']
['Tarukaja', 'Rakukaja', 'Raging Tiger', 'Poison Mist', 'Wind Boost']
['Wind Boost', 'Rakukaja', 'Sukukaja', 'Mind Charge', 'Counter']
['Raging Tiger', 'Wind Boost', 'Poison Mist', 'Sukukaja', 'Sharp Student']
['Dodge Strike', 'Ice Boost', 'Counter', 'Poison Mist', 'Wind Break']
['Garula', 'Tarukaja', 'Wind Boost', 'Counter', 'Ice Boost']
['Dodge Strike', 'Poison Mist', 'Raging Tiger', 'Tarukaja', 'Sukukaja']
['Auto-Tarukaja', 'Sharp Student', 'Poison Mist', 'Wind Break', 'Sukukaja']
['Ice Boost', 'Tarukaja', 'Raging Tiger', 'Sharp Student', 'Auto-Tarukaja']
['Tarukaja', 'Wind Boost', 'Raging Tiger', 'Rakukaja', 'Sukukaja']
['Raging Tiger', 'Dodge Strike', 'Tarukaja', 'Auto-Tarukaja', 'Poison Mist']
['Sukukaja', 'Poison Mist', 'Counter', 'Rakukaja', 'Wind Boost']
['Ice Boost', 'Mind Charge', 'Raging Tiger', 'Poison Mist', 'Sukukaja']
['Poison Mist', 'Dodge Strike', 'Counter', 'Rakukaja', 'Ice Boost']
['Mind Charge', 'Poison Mist', 'Raging Tiger', 'Tarukaja', 'Wind Break']
['Sukukaja', 'Wind Boost', 'Raging Tiger', 'Auto-Tarukaja', 'Wind Break']
['Wind Boost', 'Counter', 'Raging Tiger', 'Tarukaja', 'Ice Boost']
['Raging Tiger', 'Auto-Tarukaja', 'Counter', 'Poison Mist', 'Wind Break']
['Sukukaja', 'Poison Mist', 'Raging Tiger', 'Auto-Tarukaja', 'Megido']
['Poison Mist', 'Wind Break', 'Tarukaja', 'Sharp Student', 'Auto-Tarukaja']
['Dodge Strike', 'Poison Mist', 'Raging Tiger', 'Ice Boost', 'Wind Boost']
['Sharp Student', 'Wind Amp', 'Mind Charge', 'Poison Mist', 'Wind Boost']
['Mind Charge', 'Ziodyne', 'Poison Mist', 'Dodge Strike', 'Trafuri']
['Sukukaja', 'Ice Boost', 'Poison Mist', 'Counter', 'Wind Boost']
['Trafuri', 'Rakukaja', 'Counter', 'Poison Mist', 'Raging Tiger']
['Wind Boost', 'Poison Mist', 'Auto-Tarukaja', 'Ice Boost', 'Rakukaja']
['Auto-Tarukaja', 'Ice Boost', 'Wind Boost', 'Poison Mist', 'Wind Amp']
['Raging Tiger', 'Rakukaja', 'Wind Break', 'Ice Boost', 'Wind Amp']
['Raging Tiger', 'Sukukaja', 'Auto-Tarukaja', 'Wind Amp', 'Trafuri']
['Tarukaja', 'Poison Mist', 'Mind Charge', 'Megido', 'Ice Boost']
['Tarukaja', 'Rakukaja', 'Raging Tiger', 'Ice Boost', 'Sharp Student']
['Tarukaja', 'Ziodyne', 'Sukukaja', 'Wind Break', 'Raging Tiger']
['Sukukaja', 'Auto-Tarukaja', 'Wind Amp', 'Tarukaja', 'Raging Tiger']
['Poison Mist', 'Ice Boost', 'Rakukaja', 'Raging Tiger', 'Wind Amp']
['Trafuri', 'Poison Mist', 'Rakukaja', 'Wind Break', 'Raging Tiger']
['Raging Tiger', 'Poison Mist', 'Counter', 'Auto-Tarukaja', 'Garula']
['Ice Boost', 'Raging Tiger', 'Poison Mist', 'Auto-Tarukaja', 'Wind Break']
['Poison Mist', 'Sharp Student', 'Wind Amp', 'Wind Break', 'Raging Tiger']
['Raging Tiger', 'Tarukaja', 'Rakukaja', 'Auto-Tarukaja', 'Poison Mist']
['Rakukaja', 'Poison Mist', 'Counter', 'Wind Amp', 'Raging Tiger']
['Sukukaja', 'Dodge Strike', 'Wind Amp', 'Sharp Student', 'Ice Boost']
['Ice Boost', 'Mind Charge', 'Raging Tiger', 'Poison Mist', 'Sukukaja']
['Sukukaja', 'Counter', 'Poison Mist', 'Auto-Tarukaja', 'Wind Boost']
['Poison Mist', 'Dodge Strike', 'Raging Tiger', 'Ice Boost', 'Sharp Student']
['Mind Charge', 'Raging Tiger', 'Poison Mist', 'Trafuri', 'Wind Amp']
['Wind Break', 'Poison Mist', 'Wind Amp', 'Sukukaja', 'Raging Tiger']
['Auto-Tarukaja', 'Raging Tiger', 'Wind Break', 'Dodge Strike', 'Poison Mist']
['Raging Tiger', 'Rakukaja', 'Poison Mist', 'Trafuri', 'Dodge Strike']
['Poison Mist', 'Raging Tiger', 'Panta Rhei', 'Ice Boost', 'Wind Break']
['Tarukaja', 'Rakukaja', 'Ice Boost', 'Wind Boost', 'Raging Tiger']
['Auto-Tarukaja', 'Poison Mist', 'Wind Boost', 'Ice Boost', 'Sharp Student']
['Tarukaja', 'Poison Mist', 'Wind Boost', 'Ice Boost', 'Wind Break']
['Wind Break', 'Tarukaja', 'Counter', 'Mind Charge', 'Wind Amp']
['Sukukaja', 'Poison Mist', 'Raging Tiger', 'Tarukaja', 'Rakukaja']
['Ziodyne', 'Garula', 'Raging Tiger', 'Ice Boost', 'Poison Mist']
['Poison Mist', 'Wind Boost', 'Wind Break', 'Wind Amp', 'Rakukaja']
['Auto-Tarukaja', 'Mind Charge', 'Wind Break', 'Wind Boost', 'Poison Mist']
['Raging Tiger', 'Mind Charge', 'Wind Amp', 'Rakukaja', 'Dodge Strike']
['Poison Mist', 'Ice Boost', 'Dodge Strike', 'Wind Amp', 'Sukukaja']
['Wind Boost', 'Tarukaja', 'Garula', 'Raging Tiger', 'Wind Amp']
['Auto-Tarukaja', 'Poison Mist', 'Rakukaja', 'Wind Boost', 'Tarukaja']
['Raging Tiger', 'Poison Mist', 'Counter', 'Auto-Tarukaja', 'Rakukaja']
['Tarukaja', 'Ice Boost', 'Raging Tiger', 'Trafuri', 'Poison Mist']
['Wind Boost', 'Counter', 'Dodge Strike', 'Poison Mist', 'Raging Tiger']
['Auto-Tarukaja', 'Wind Amp', 'Dodge Strike', 'Raging Tiger', 'Poison Mist']
['Tarukaja', 'Ice Boost', 'Wind Amp', 'Rakukaja', 'Raging Tiger']
['Raging Tiger', 'Wind Boost', 'Dodge Strike', 'Wind Amp', 'Mind Charge']
['Mind Charge', 'Sukukaja', 'Megido', 'Raging Tiger', 'Dodge Strike']
['Sukukaja', 'Tarukaja', 'Raging Tiger', 'Dodge Strike', 'Mind Charge']
['Ice Boost', 'Garula', 'Tarukaja', 'Mind Charge', 'Counter']
['Sharp Student', 'Dodge Strike', 'Poison Mist', 'Wind Boost', 'Ziodyne']
['Ice Boost', 'Sukukaja', 'Auto-Tarukaja', 'Tarukaja', 'Raging Tiger']
['Poison Mist', 'Trafuri', 'Tarukaja', 'Raging Tiger', 'Rakukaja']
['Counter', 'Dodge Strike', 'Wind Boost', 'Tarukaja', 'Auto-Tarukaja']
['Tarukaja', 'Raging Tiger', 'Trafuri', 'Sukukaja', 'Dodge Strike']
['Raging Tiger', 'Auto-Tarukaja', 'Ice Boost', 'Tarukaja', 'Wind Amp']
['Raging Tiger', 'Tarukaja', 'Rakukaja', 'Sukukaja', 'Counter']
['Auto-Tarukaja', 'Poison Mist', 'Sharp Student', 'Dodge Strike', 'Rakukaja']
['Counter', 'Rakukaja', 'Poison Mist', 'Sukukaja', 'Dodge Strike']
['Rakukaja', 'Counter', 'Ice Boost', 'Sharp Student', 'Tarukaja']
['Sharp Student', 'Wind Break', 'Poison Mist', 'Garula', 'Wind Amp']
['Wind Break', 'Raging Tiger', 'Ice Boost', 'Wind Boost', 'Rakukaja']
['Ice Boost', 'Counter', 'Auto-Tarukaja', 'Raging Tiger', 'Wind Amp']
['Wind Boost', 'Ice Boost', 'Sharp Student', 'Raging Tiger', 'Poison Mist']
['Wind Amp', 'Raging Tiger', 'Sharp Student', 'Poison Mist', 'Megido']
['Sukukaja', 'Ice Boost', 'Counter', 'Wind Boost', 'Garula']
['Poison Mist', 'Raging Tiger', 'Dodge Strike', 'Rakukaja', 'Tarukaja']
['Raging Tiger', 'Sukukaja', 'Dodge Strike', 'Wind Break', 'Poison Mist']
['Ice Boost', 'Wind Break', 'Poison Mist', 'Sukukaja', 'Raging Tiger']
['Sukukaja', 'Ice Boost', 'Wind Break', 'Auto-Tarukaja', 'Sharp Student']
['Trafuri', 'Dodge Strike', 'Wind Break', 'Mind Charge', 'Poison Mist']
['Sukukaja', 'Rakukaja', 'Raging Tiger', 'Ice Boost', 'Wind Break']
['Megido', 'Sukukaja', 'Poison Mist', 'Wind Amp', 'Ice Boost']
['Poison Mist', 'Wind Amp', 'Raging Tiger', 'Tarukaja', 'Wind Boost']
['Poison Mist', 'Counter', 'Raging Tiger', 'Mind Charge', 'Wind Break']
['Raging Tiger', 'Tarukaja', 'Dodge Strike', 'Wind Boost', 'Rakukaja']
['Dodge Strike', 'Mind Charge', 'Sukukaja', 'Ice Boost', 'Raging Tiger']
['Poison Mist', 'Wind Boost', 'Auto-Tarukaja', 'Counter', 'Raging Tiger']
['Poison Mist', 'Raging Tiger', 'Tarukaja', 'Sharp Student', 'Wind Amp']
['Garula', 'Ice Boost', 'Wind Boost', 'Dodge Strike', 'Rakukaja']
['Poison Mist', 'Mind Charge', 'Tarukaja', 'Raging Tiger', 'Ice Boost']
['Counter', 'Poison Mist', 'Wind Boost', 'Sharp Student', 'Ice Boost']
['Poison Mist', 'Auto-Tarukaja', 'Raging Tiger', 'Wind Boost', 'Mind Charge']
['Auto-Tarukaja', 'Wind Boost', 'Raging Tiger', 'Sukukaja', 'Ice Boost']
['Raging Tiger', 'Poison Mist', 'Dodge Strike', 'Ice Boost', 'Counter']
['Wind Break', 'Raging Tiger', 'Mind Charge', 'Tarukaja', 'Poison Mist']
['Raging Tiger', 'Poison Mist', 'Dodge Strike', 'Sukukaja', 'Wind Amp']
['Ice Boost', 'Auto-Tarukaja', 'Tarukaja', 'Mind Charge', 'Raging Tiger']
['Ice Boost', 'Poison Mist', 'Wind Amp', 'Wind Boost', 'Rakukaja']
['Wind Break', 'Ice Boost', 'Poison Mist', 'Tarukaja', 'Raging Tiger']
['Sharp Student', 'Raging Tiger', 'Wind Boost', 'Rakukaja', 'Poison Mist']
['Raging Tiger', 'Ice Boost', 'Dodge Strike', 'Panta Rhei', 'Sukukaja']
['Tarukaja', 'Wind Boost', 'Sharp Student', 'Poison Mist', 'Ice Boost']
['Sharp Student', 'Ice Boost', 'Wind Break', 'Raging Tiger', 'Poison Mist']
['Poison Mist', 'Auto-Tarukaja', 'Sukukaja', 'Sharp Student', 'Tarukaja']
['Mind Charge', 'Raging Tiger', 'Sharp Student', 'Rakukaja', 'Poison Mist']
['Dodge Strike', 'Raging Tiger', 'Sharp Student', 'Wind Amp', 'Garula']
['Poison Mist', 'Ice Boost', 'Counter', 'Sukukaja', 'Wind Boost']
['Sukukaja', 'Raging Tiger', 'Wind Amp', 'Rakukaja', 'Tarukaja']
['Raging Tiger', 'Sukukaja', 'Poison Mist', 'Wind Boost', 'Sharp Student']
['Ice Boost', 'Raging Tiger', 'Rakukaja', 'Mind Charge', 'Dodge Strike']
['Sharp Student', 'Rakukaja', 'Tarukaja', 'Wind Amp', 'Poison Mist']
['Ice Boost', 'Poison Mist', 'Rakukaja', 'Trafuri', 'Sharp Student']
['Trafuri', 'Poison Mist', 'Ice Boost', 'Raging Tiger', 'Wind Boost']
['Tarukaja', 'Auto-Tarukaja', 'Sukukaja', 'Raging Tiger', 'Wind Boost']
['Poison Mist', 'Ice Boost', 'Sharp Student', 'Raging Tiger', 'Rakukaja']
['Tarukaja', 'Poison Mist', 'Wind Amp', 'Dodge Strike', 'Rakukaja']
['Rakukaja', 'Dodge Strike', 'Wind Boost', 'Counter', 'Ice Boost']
['Poison Mist', 'Mind Charge', 'Ice Boost', 'Raging Tiger', 'Counter']
['Tarukaja', 'Poison Mist', 'Mind Charge', 'Dodge Strike', 'Rakukaja']
['Sharp Student', 'Rakukaja', 'Wind Boost', 'Poison Mist', 'Raging Tiger']
['Poison Mist', 'Sharp Student', 'Raging Tiger', 'Auto-Tarukaja', 'Wind Amp']
['Raging Tiger', 'Wind Break', 'Ice Boost', 'Dodge Strike', 'Poison Mist']
['Wind Boost', 'Tarukaja', 'Rakukaja', 'Poison Mist', 'Sharp Student']
['Ice Boost', 'Wind Boost', 'Raging Tiger', 'Auto-Tarukaja', 'Poison Mist']
['Rakukaja', 'Wind Boost', 'Sukukaja', 'Dodge Strike', 'Wind Amp']
['Raging Tiger', 'Sharp Student', 'Counter', 'Dodge Strike', 'Poison Mist']
['Poison Mist', 'Wind Boost', 'Counter', 'Raging Tiger', 'Ice Boost']
['Ziodyne', 'Poison Mist', 'Ice Boost', 'Raging Tiger', 'Sharp Student']
['Wind Boost', 'Tarukaja', 'Sukukaja', 'Poison Mist', 'Raging Tiger']
['Raging Tiger', 'Poison Mist', 'Dodge Strike', 'Sukukaja', 'Sharp Student']
['Ice Boost', 'Raging Tiger', 'Poison Mist', 'Wind Boost', 'Trafuri']
['Rakukaja', 'Poison Mist', 'Mind Charge', 'Dodge Strike', 'Sukukaja']
['Raging Tiger', 'Counter', 'Poison Mist', 'Wind Boost', 'Mind Charge']
['Counter', 'Poison Mist', 'Wind Break', 'Ice Boost', 'Wind Amp']
['Sharp Student', 'Counter', 'Tarukaja', 'Poison Mist', 'Auto-Tarukaja']
['Wind Boost', 'Tarukaja', 'Sukukaja', 'Counter', 'Poison Mist']
['Ice Boost', 'Sharp Student', 'Raging Tiger', 'Wind Boost', 'Trafuri']
['Poison Mist', 'Rakukaja', 'Wind Boost', 'Sukukaja', 'Wind Amp']
['Ice Boost', 'Poison Mist', 'Wind Boost', 'Mind Charge', 'Sharp Student']
['Rakukaja', 'Poison Mist', 'Ice Boost', 'Counter', 'Sukukaja']
['Sharp Student', 'Wind Amp', 'Auto-Tarukaja', 'Sukukaja', 'Rakukaja']
['Mind Charge', 'Wind Boost', 'Poison Mist', 'Rakukaja', 'Sharp Student']
['Raging Tiger', 'Sharp Student', 'Wind Boost', 'Poison Mist', 'Tarukaja']
['Sukukaja', 'Raging Tiger', 'Counter', 'Rakukaja', 'Tarukaja']
['Poison Mist', 'Rakukaja', 'Sharp Student', 'Tarukaja', 'Wind Boost']
['Poison Mist', 'Wind Boost', 'Wind Amp', 'Rakukaja', 'Dodge Strike']
['Wind Boost', 'Rakukaja', 'Auto-Tarukaja', 'Sukukaja', 'Ice Boost']
['Poison Mist', 'Sukukaja', 'Dodge Strike', 'Sharp Student', 'Tarukaja']
['Raging Tiger', 'Wind Boost', 'Counter', 'Tarukaja', 'Poison Mist']
['Sukukaja', 'Ziodyne', 'Raging Tiger', 'Counter', 'Wind Break']
['Rakukaja', 'Tarukaja', 'Mind Charge', 'Raging Tiger', 'Poison Mist']
['Tarukaja', 'Raging Tiger', 'Poison Mist', 'Dodge Strike', 'Wind Boost']
['Tarukaja', 'Poison Mist', 'Rakukaja', 'Wind Break', 'Ice Boost']
['Tarukaja', 'Sharp Student', 'Raging Tiger', 'Garula', 'Wind Boost']
['Sukukaja', 'Rakukaja', 'Dodge Strike', 'Tarukaja', 'Mind Charge']
['Tarukaja', 'Dodge Strike', 'Poison Mist', 'Wind Break', 'Sharp Student']
['Auto-Tarukaja', 'Rakukaja', 'Poison Mist', 'Ice Boost', 'Dodge Strike']
['Raging Tiger', 'Wind Boost', 'Tarukaja', 'Sukukaja', 'Poison Mist']
['Wind Boost', 'Sharp Student', 'Poison Mist', 'Sukukaja', 'Counter']
['Poison Mist', 'Wind Amp', 'Raging Tiger', 'Dodge Strike', 'Rakukaja']
['Wind Amp', 'Sukukaja', 'Wind Boost', 'Garula', 'Ice Boost']
['Wind Boost', 'Sukukaja', 'Raging Tiger', 'Wind Break', 'Poison Mist']
['Wind Boost', 'Ziodyne', 'Rakukaja', 'Tarukaja', 'Sharp Student']
['Trafuri', 'Ice Boost', 'Raging Tiger', 'Tarukaja', 'Sharp Student']
['Sukukaja', 'Sharp Student', 'Poison Mist', 'Tarukaja', 'Auto-Tarukaja']
['Poison Mist', 'Raging Tiger', 'Panta Rhei', 'Auto-Tarukaja', 'Ice Boost']
['Rakukaja', 'Tarukaja', 'Dodge Strike', 'Sharp Student', 'Auto-Tarukaja']
['Trafuri', 'Poison Mist', 'Counter', 'Rakukaja', 'Megido']
['Raging Tiger', 'Sukukaja', 'Wind Boost', 'Tarukaja', 'Megido']
['Ice Boost', 'Dodge Strike', 'Tarukaja', 'Mind Charge', 'Wind Boost']
['Sukukaja', 'Wind Break', 'Ice Boost', 'Raging Tiger', 'Poison Mist']
['Wind Break', 'Dodge Strike', 'Wind Boost', 'Raging Tiger', 'Counter']
['Poison Mist', 'Wind Boost', 'Mind Charge', 'Wind Amp', 'Counter']
['Raging Tiger', 'Wind Boost', 'Tarukaja', 'Mind Charge', 'Poison Mist']
['Dodge Strike', 'Raging Tiger', 'Poison Mist', 'Sharp Student', 'Tarukaja']
['Garula', 'Rakukaja', 'Poison Mist', 'Raging Tiger', 'Tarukaja']
['Raging Tiger', 'Poison Mist', 'Tarukaja', 'Sharp Student', 'Ice Boost']
['Sharp Student', 'Ice Boost', 'Wind Boost', 'Rakukaja', 'Counter']
['Dodge Strike', 'Poison Mist', 'Rakukaja', 'Wind Break', 'Tarukaja']
['Poison Mist', 'Wind Boost', 'Ice Boost', 'Rakukaja', 'Wind Break']
['Sukukaja', 'Megido', 'Sharp Student', 'Raging Tiger', 'Mind Charge']
['Poison Mist', 'Ice Boost', 'Wind Break', 'Sharp Student', 'Auto-Tarukaja']
['Sukukaja', 'Poison Mist', 'Ice Boost', 'Auto-Tarukaja', 'Wind Boost']
['Sukukaja', 'Dodge Strike', 'Poison Mist', 'Wind Amp', 'Tarukaja']
['Raging Tiger', 'Wind Boost', 'Dodge Strike', 'Rakukaja', 'Sukukaja']
['Ice Boost', 'Poison Mist', 'Sharp Student', 'Tarukaja', 'Raging Tiger']
['Poison Mist', 'Dodge Strike', 'Sharp Student', 'Sukukaja', 'Garula']
['Wind Boost', 'Trafuri', 'Poison Mist', 'Auto-Tarukaja', 'Wind Amp']
['Sukukaja', 'Wind Boost', 'Poison Mist', 'Counter', 'Tarukaja']
['Sukukaja', 'Raging Tiger', 'Mind Charge', 'Auto-Tarukaja', 'Sharp Student']
['Counter', 'Sukukaja', 'Wind Boost', 'Ice Boost', 'Poison Mist']
['Raging Tiger', 'Garula', 'Dodge Strike', 'Poison Mist', 'Wind Break']
['Raging Tiger', 'Tarukaja', 'Wind Boost', 'Rakukaja', 'Poison Mist']
['Poison Mist', 'Raging Tiger', 'Wind Amp', 'Counter', 'Sukukaja']
['Auto-Tarukaja', 'Poison Mist', 'Garula', 'Counter', 'Raging Tiger']
['Ziodyne', 'Wind Amp', 'Ice Boost', 'Counter', 'Megido']
['Auto-Tarukaja', 'Rakukaja', 'Poison Mist', 'Wind Amp', 'Wind Boost']
['Poison Mist', 'Tarukaja', 'Sharp Student', 'Counter', 'Raging Tiger']
['Tarukaja', 'Trafuri', 'Raging Tiger', 'Rakukaja', 'Auto-Tarukaja']
['Sukukaja', 'Rakukaja', 'Raging Tiger', 'Wind Boost', 'Poison Mist']
['Counter', 'Raging Tiger', 'Poison Mist', 'Ice Boost', 'Tarukaja']
['Wind Boost', 'Auto-Tarukaja', 'Counter', 'Raging Tiger', 'Sukukaja']
['Sukukaja', 'Poison Mist', 'Auto-Tarukaja', 'Sharp Student', 'Ice Boost']
['Counter', 'Tarukaja', 'Sharp Student', 'Ice Boost', 'Raging Tiger']
['Tarukaja', 'Sukukaja', 'Rakukaja', 'Megido', 'Auto-Tarukaja']
['Wind Boost', 'Tarukaja', 'Garula', 'Sharp Student', 'Raging Tiger']
['Raging Tiger', 'Wind Break', 'Wind Amp', 'Sukukaja', 'Ice Boost']
['Sukukaja', 'Wind Boost', 'Raging Tiger', 'Ice Boost', 'Rakukaja']
['Raging Tiger', 'Mind Charge', 'Wind Break', 'Dodge Strike', 'Poison Mist']
['Raging Tiger', 'Counter', 'Rakukaja', 'Wind Amp', 'Mind Charge']
['Wind Boost', 'Sukukaja', 'Raging Tiger', 'Wind Amp', 'Counter']
['Ice Boost', 'Poison Mist', 'Wind Break', 'Raging Tiger', 'Sharp Student']
['Ice Boost', 'Sharp Student', 'Mind Charge', 'Raging Tiger', 'Wind Boost']
['Ice Boost', 'Rakukaja', 'Dodge Strike', 'Raging Tiger', 'Poison Mist']
['Sharp Student', 'Poison Mist', 'Raging Tiger', 'Wind Amp', 'Wind Boost']
['Trafuri', 'Wind Boost', 'Auto-Tarukaja', 'Raging Tiger', 'Tarukaja']
['Wind Boost', 'Wind Amp', 'Poison Mist', 'Dodge Strike', 'Auto-Tarukaja']
['Sharp Student', 'Rakukaja', 'Sukukaja', 'Auto-Tarukaja', 'Poison Mist']
['Raging Tiger', 'Poison Mist', 'Sharp Student', 'Counter', 'Wind Boost']
['Counter', 'Wind Boost', 'Auto-Tarukaja', 'Poison Mist', 'Ice Boost']
['Sukukaja', 'Panta Rhei', 'Tarukaja', 'Poison Mist', 'Mind Charge']
['Ziodyne', 'Sharp Student', 'Poison Mist', 'Wind Boost', 'Megido']
['Tarukaja', 'Ice Boost', 'Dodge Strike', 'Poison Mist', 'Raging Tiger']
['Mind Charge', 'Tarukaja', 'Dodge Strike', 'Poison Mist', 'Sharp Student']
['Wind Break', 'Sukukaja', 'Sharp Student', 'Tarukaja', 'Wind Boost']
['Wind Break', 'Ice Boost', 'Poison Mist', 'Tarukaja', 'Wind Amp']
['Poison Mist', 'Wind Amp', 'Dodge Strike', 'Sukukaja', 'Megido']
['Garula', 'Poison Mist', 'Auto-Tarukaja', 'Mind Charge', 'Trafuri']
['Sukukaja', 'Dodge Strike', 'Auto-Tarukaja', 'Tarukaja', 'Ice Boost']
['Raging Tiger', 'Tarukaja', 'Sharp Student', 'Poison Mist', 'Trafuri']
['Sharp Student', 'Wind Boost', 'Ice Boost', 'Wind Break', 'Raging Tiger']
['Mind Charge', 'Sharp Student', 'Tarukaja', 'Raging Tiger', 'Rakukaja']
['Rakukaja', 'Sharp Student', 'Poison Mist', 'Ice Boost', 'Wind Amp']
['Sukukaja', 'Rakukaja', 'Counter', 'Raging Tiger', 'Auto-Tarukaja']
['Wind Boost', 'Mind Charge', 'Rakukaja', 'Sukukaja', 'Wind Amp']
['Wind Amp', 'Sukukaja', 'Mind Charge', 'Poison Mist', 'Raging Tiger']
['Ziodyne', 'Wind Break', 'Dodge Strike', 'Raging Tiger', 'Wind Amp']
['Raging Tiger', 'Wind Amp', 'Wind Boost', 'Wind Break', 'Tarukaja']
['Counter', 'Panta Rhei', 'Dodge Strike', 'Ice Boost', 'Megido']
['Ice Boost', 'Poison Mist', 'Rakukaja', 'Sharp Student', 'Dodge Strike']
['Garula', 'Poison Mist', 'Wind Boost', 'Auto-Tarukaja', 'Ice Boost']
['Tarukaja', 'Poison Mist', 'Sharp Student', 'Wind Boost', 'Megido']
['Poison Mist', 'Counter', 'Auto-Tarukaja', 'Wind Boost', 'Ice Boost']
['Tarukaja', 'Sukukaja', 'Poison Mist', 'Rakukaja', 'Raging Tiger']
['Trafuri', 'Ice Boost', 'Poison Mist', 'Wind Amp', 'Sharp Student']
['Sharp Student', 'Poison Mist', 'Wind Amp', 'Raging Tiger', 'Tarukaja']
['Mind Charge', 'Sukukaja', 'Sharp Student', 'Dodge Strike', 'Raging Tiger']
['Rakukaja', 'Ice Boost', 'Sharp Student', 'Wind Break', 'Tarukaja']
['Rakukaja', 'Wind Boost', 'Wind Amp', 'Counter', 'Sukukaja']
['Wind Boost', 'Sukukaja', 'Rakukaja', 'Ice Boost', 'Raging Tiger']
['Wind Break', 'Auto-Tarukaja', 'Poison Mist', 'Raging Tiger', 'Trafuri']
['Rakukaja', 'Auto-Tarukaja', 'Ziodyne', 'Wind Amp', 'Wind Boost']
['Tarukaja', 'Raging Tiger', 'Auto-Tarukaja', 'Sukukaja', 'Dodge Strike']
['Auto-Tarukaja', 'Sharp Student', 'Raging Tiger', 'Poison Mist', 'Counter']
['Ice Boost', 'Rakukaja', 'Sukukaja', 'Auto-Tarukaja', 'Sharp Student']
['Counter', 'Raging Tiger', 'Rakukaja', 'Poison Mist', 'Sharp Student']
['Counter', 'Sharp Student', 'Dodge Strike', 'Rakukaja', 'Poison Mist']
['Dodge Strike', 'Poison Mist', 'Wind Break', 'Auto-Tarukaja', 'Wind Boost']
['Wind Boost', 'Poison Mist', 'Raging Tiger', 'Sukukaja', 'Auto-Tarukaja']
['Sharp Student', 'Raging Tiger', 'Dodge Strike', 'Mind Charge', 'Wind Amp']
['Poison Mist', 'Tarukaja', 'Wind Amp', 'Dodge Strike', 'Ice Boost']
['Sukukaja', 'Raging Tiger', 'Tarukaja', 'Ice Boost', 'Dodge Strike']
['Wind Amp', 'Sukukaja', 'Rakukaja', 'Ice Boost', 'Tarukaja']
['Counter', 'Poison Mist', 'Ice Boost', 'Raging Tiger', 'Trafuri']
['Wind Boost', 'Ice Boost', 'Poison Mist', 'Trafuri', 'Raging Tiger']
['Wind Amp', 'Ice Boost', 'Poison Mist', 'Rakukaja', 'Counter']
['Dodge Strike', 'Poison Mist', 'Ice Boost', 'Raging Tiger', 'Sukukaja']
['Mind Charge', 'Wind Amp', 'Raging Tiger', 'Megido', 'Sukukaja']
['Dodge Strike', 'Sharp Student', 'Tarukaja', 'Ice Boost', 'Sukukaja']
['Counter', 'Mind Charge', 'Raging Tiger', 'Sharp Student', 'Auto-Tarukaja']
['Sukukaja', 'Raging Tiger', 'Sharp Student', 'Ice Boost', 'Poison Mist']
['Dodge Strike', 'Poison Mist', 'Wind Amp', 'Ice Boost', 'Sharp Student']
['Counter', 'Poison Mist', 'Wind Break', 'Rakukaja', 'Ice Boost']
['Poison Mist', 'Counter', 'Wind Boost', 'Sharp Student', 'Raging Tiger']
['Poison Mist', 'Garula', 'Ice Boost', 'Raging Tiger', 'Trafuri']
['Raging Tiger', 'Sukukaja', 'Wind Break', 'Poison Mist', 'Counter']
['Raging Tiger', 'Wind Break', 'Wind Boost', 'Ice Boost', 'Mind Charge']
['Sharp Student', 'Rakukaja', 'Tarukaja', 'Raging Tiger', 'Dodge Strike']
['Rakukaja', 'Raging Tiger', 'Poison Mist', 'Auto-Tarukaja', 'Tarukaja']
['Rakukaja', 'Wind Break', 'Counter', 'Sukukaja', 'Auto-Tarukaja']
['Poison Mist', 'Auto-Tarukaja', 'Tarukaja', 'Raging Tiger', 'Sukukaja']
['Tarukaja', 'Raging Tiger', 'Rakukaja', 'Auto-Tarukaja', 'Poison Mist']
['Counter', 'Rakukaja', 'Wind Boost', 'Poison Mist', 'Wind Amp']
['Rakukaja', 'Auto-Tarukaja', 'Megido', 'Sharp Student', 'Sukukaja']
['Wind Break', 'Rakukaja', 'Dodge Strike', 'Tarukaja', 'Raging Tiger']
['Raging Tiger', 'Ice Boost', 'Wind Break', 'Poison Mist', 'Mind Charge']
['Ice Boost', 'Tarukaja', 'Rakukaja', 'Poison Mist', 'Raging Tiger']
['Poison Mist', 'Sharp Student', 'Dodge Strike', 'Auto-Tarukaja', 'Raging Tiger']
['Wind Break', 'Rakukaja', 'Raging Tiger', 'Auto-Tarukaja', 'Poison Mist']
['Trafuri', 'Auto-Tarukaja', 'Wind Break', 'Rakukaja', 'Dodge Strike']
['Tarukaja', 'Raging Tiger', 'Poison Mist', 'Ice Boost', 'Sharp Student']
['Poison Mist', 'Raging Tiger', 'Sukukaja', 'Ice Boost', 'Wind Amp']
['Dodge Strike', 'Raging Tiger', 'Sukukaja', 'Wind Break', 'Poison Mist']
['Tarukaja', 'Raging Tiger', 'Rakukaja', 'Dodge Strike', 'Mind Charge']
['Sharp Student', 'Raging Tiger', 'Wind Amp', 'Ice Boost', 'Tarukaja']
['Poison Mist', 'Rakukaja', 'Raging Tiger', 'Garula', 'Sukukaja']
['Wind Break', 'Tarukaja', 'Trafuri', 'Poison Mist', 'Ice Boost']
['Wind Boost', 'Wind Break', 'Poison Mist', 'Rakukaja', 'Auto-Tarukaja']
['Raging Tiger', 'Rakukaja', 'Ice Boost', 'Poison Mist', 'Wind Boost']
['Wind Boost', 'Rakukaja', 'Sharp Student', 'Raging Tiger', 'Poison Mist']
['Sukukaja', 'Poison Mist', 'Tarukaja', 'Mind Charge', 'Rakukaja']
['Wind Boost', 'Counter', 'Sharp Student', 'Poison Mist', 'Raging Tiger']
['Rakukaja', 'Ice Boost', 'Sukukaja', 'Wind Break', 'Raging Tiger']
['Megido', 'Wind Amp', 'Counter', 'Tarukaja', 'Raging Tiger']
['Counter', 'Panta Rhei', 'Raging Tiger', 'Wind Amp', 'Wind Boost']
['Sharp Student', 'Raging Tiger', 'Poison Mist', 'Dodge Strike', 'Ziodyne']
['Poison Mist', 'Sukukaja', 'Rakukaja', 'Ice Boost', 'Auto-Tarukaja']
['Mind Charge', 'Wind Break', 'Rakukaja', 'Dodge Strike', 'Trafuri']
['Dodge Strike', 'Poison Mist', 'Wind Amp', 'Rakukaja', 'Raging Tiger']
['Trafuri', 'Wind Amp', 'Wind Boost', 'Rakukaja', 'Raging Tiger']
['Tarukaja', 'Wind Boost', 'Poison Mist', 'Rakukaja', 'Ice Boost']
['Counter', 'Mind Charge', 'Poison Mist', 'Garula', 'Rakukaja']
['Poison Mist', 'Dodge Strike', 'Ice Boost', 'Rakukaja', 'Sukukaja']
['Sharp Student', 'Wind Boost', 'Counter', 'Sukukaja', 'Raging Tiger']
['Sharp Student', 'Wind Boost', 'Poison Mist', 'Raging Tiger', 'Auto-Tarukaja']
['Dodge Strike', 'Rakukaja', 'Tarukaja', 'Poison Mist', 'Wind Amp']
['Tarukaja', 'Trafuri', 'Wind Boost', 'Raging Tiger', 'Sukukaja']
['Poison Mist', 'Mind Charge', 'Tarukaja', 'Counter', 'Sharp Student']
['Sukukaja', 'Megido', 'Ice Boost', 'Poison Mist', 'Sharp Student']
['Raging Tiger', 'Dodge Strike', 'Counter', 'Sharp Student', 'Wind Break']
['Mind Charge', 'Poison Mist', 'Wind Boost', 'Tarukaja', 'Sukukaja']
['Wind Amp', 'Poison Mist', 'Tarukaja', 'Wind Boost', 'Ice Boost']
['Poison Mist', 'Ice Boost', 'Raging Tiger', 'Auto-Tarukaja', 'Rakukaja']
['Poison Mist', 'Auto-Tarukaja', 'Mind Charge', 'Sukukaja', 'Ice Boost']
['Auto-Tarukaja', 'Wind Boost', 'Poison Mist', 'Raging Tiger', 'Sukukaja']
['Rakukaja', 'Counter', 'Poison Mist', 'Sharp Student', 'Ice Boost']
['Mind Charge', 'Counter', 'Wind Break', 'Raging Tiger', 'Sukukaja']
['Megido', 'Sukukaja', 'Raging Tiger', 'Wind Boost', 'Counter']
['Counter', 'Wind Boost', 'Raging Tiger', 'Auto-Tarukaja', 'Ice Boost']
['Mind Charge', 'Wind Boost', 'Raging Tiger', 'Wind Amp', 'Ice Boost']
['Raging Tiger', 'Sharp Student', 'Poison Mist', 'Tarukaja', 'Counter']
['Poison Mist', 'Raging Tiger', 'Tarukaja', 'Ice Boost', 'Dodge Strike']
['Poison Mist', 'Wind Boost', 'Garula', 'Auto-Tarukaja', 'Sukukaja']
['Wind Boost', 'Dodge Strike', 'Sharp Student', 'Tarukaja', 'Auto-Tarukaja']
['Auto-Tarukaja', 'Ice Boost', 'Poison Mist', 'Dodge Strike', 'Tarukaja']
['Poison Mist', 'Ice Boost', 'Auto-Tarukaja', 'Raging Tiger', 'Rakukaja']
['Tarukaja', 'Raging Tiger', 'Poison Mist', 'Sukukaja', 'Auto-Tarukaja']
['Poison Mist', 'Wind Amp', 'Sharp Student', 'Raging Tiger', 'Rakukaja']
['Raging Tiger', 'Wind Boost', 'Poison Mist', 'Wind Amp', 'Trafuri']
['Raging Tiger', 'Rakukaja', 'Tarukaja', 'Sharp Student', 'Ice Boost']
['Wind Amp', 'Raging Tiger', 'Rakukaja', 'Sharp Student', 'Counter']
['Dodge Strike', 'Raging Tiger', 'Auto-Tarukaja', 'Wind Amp', 'Sukukaja']
['Poison Mist', 'Sharp Student', 'Counter', 'Sukukaja', 'Wind Boost']
['Rakukaja', 'Sukukaja', 'Mind Charge', 'Auto-Tarukaja', 'Raging Tiger']
['Rakukaja', 'Poison Mist', 'Tarukaja', 'Wind Break', 'Sukukaja']
['Poison Mist', 'Wind Break', 'Wind Boost', 'Auto-Tarukaja', 'Ice Boost']
['Raging Tiger', 'Tarukaja', 'Sukukaja', 'Rakukaja', 'Poison Mist']
['Rakukaja', 'Raging Tiger', 'Sukukaja', 'Poison Mist', 'Wind Break']
['Sukukaja', 'Dodge Strike', 'Raging Tiger', 'Wind Boost', 'Auto-Tarukaja']
['Raging Tiger', 'Wind Amp', 'Tarukaja', 'Counter', 'Auto-Tarukaja']
['Poison Mist', 'Wind Amp', 'Rakukaja', 'Auto-Tarukaja', 'Tarukaja']
['Auto-Tarukaja', 'Rakukaja', 'Wind Break', 'Wind Boost', 'Wind Amp']
['Counter', 'Wind Boost', 'Rakukaja', 'Raging Tiger', 'Trafuri']
['Sukukaja', 'Sharp Student', 'Tarukaja', 'Wind Boost', 'Trafuri']
['Tarukaja', 'Wind Boost', 'Ice Boost', 'Poison Mist', 'Sharp Student']
['Poison Mist', 'Wind Boost', 'Sukukaja', 'Rakukaja', 'Ice Boost']
['Wind Boost', 'Counter', 'Tarukaja', 'Sukukaja', 'Poison Mist']
['Raging Tiger', 'Dodge Strike', 'Ice Boost', 'Trafuri', 'Rakukaja']
['Sukukaja', 'Counter', 'Wind Break', 'Ice Boost', 'Raging Tiger']
['Poison Mist', 'Wind Boost', 'Counter', 'Raging Tiger', 'Sukukaja']
['Wind Break', 'Sharp Student', 'Ice Boost', 'Auto-Tarukaja', 'Poison Mist']
['Auto-Tarukaja', 'Tarukaja', 'Trafuri', 'Dodge Strike', 'Ziodyne']
['Wind Amp', 'Counter', 'Poison Mist', 'Ice Boost', 'Trafuri']
['Mind Charge', 'Tarukaja', 'Megido', 'Poison Mist', 'Raging Tiger']
['Ice Boost', 'Wind Break', 'Wind Amp', 'Sukukaja', 'Rakukaja']
['Rakukaja', 'Wind Boost', 'Wind Break', 'Raging Tiger', 'Mind Charge']
['Raging Tiger', 'Poison Mist', 'Wind Amp', 'Wind Break', 'Counter']
['Sukukaja', 'Rakukaja', 'Ice Boost', 'Ziodyne', 'Sharp Student']
['Rakukaja', 'Raging Tiger', 'Poison Mist', 'Dodge Strike', 'Counter']
['Auto-Tarukaja', 'Wind Boost', 'Ice Boost', 'Poison Mist', 'Wind Break']
['Tarukaja', 'Wind Boost', 'Raging Tiger', 'Sukukaja', 'Counter']
['Raging Tiger', 'Wind Boost', 'Sukukaja', 'Wind Amp', 'Ice Boost']
['Sukukaja', 'Mind Charge', 'Wind Break', 'Wind Amp', 'Ice Boost']
['Raging Tiger', 'Poison Mist', 'Tarukaja', 'Counter', 'Ice Boost']
['Poison Mist', 'Dodge Strike', 'Wind Boost', 'Raging Tiger', 'Auto-Tarukaja']
['Auto-Tarukaja', 'Raging Tiger', 'Garula', 'Dodge Strike', 'Ice Boost']
['Poison Mist', 'Megido', 'Wind Break', 'Wind Boost', 'Dodge Strike']
['Wind Break', 'Raging Tiger', 'Wind Boost', 'Sharp Student', 'Dodge Strike']
['Poison Mist', 'Raging Tiger', 'Sukukaja', 'Rakukaja', 'Auto-Tarukaja']
['Tarukaja', 'Wind Boost', 'Counter', 'Rakukaja', 'Wind Break']
['Poison Mist', 'Auto-Tarukaja', 'Rakukaja', 'Wind Boost', 'Tarukaja']
['Dodge Strike', 'Sukukaja', 'Wind Amp', 'Ice Boost', 'Sharp Student']
['Counter', 'Poison Mist', 'Sukukaja', 'Sharp Student', 'Raging Tiger']
['Raging Tiger', 'Auto-Tarukaja', 'Ice Boost', 'Poison Mist', 'Sukukaja']
['Sukukaja', 'Poison Mist', 'Raging Tiger', 'Wind Break', 'Dodge Strike']
['Raging Tiger', 'Wind Amp', 'Counter', 'Poison Mist', 'Ice Boost']
['Tarukaja', 'Rakukaja', 'Sukukaja', 'Poison Mist', 'Counter']
['Rakukaja', 'Tarukaja', 'Sukukaja', 'Dodge Strike', 'Raging Tiger']
['Trafuri', 'Tarukaja', 'Wind Boost', 'Sharp Student', 'Mind Charge']
['Poison Mist', 'Sukukaja', 'Rakukaja', 'Counter', 'Wind Amp']
['Poison Mist', 'Mind Charge', 'Tarukaja', 'Dodge Strike', 'Counter']
['Sharp Student', 'Poison Mist', 'Rakukaja', 'Raging Tiger', 'Wind Boost']
['Wind Boost', 'Auto-Tarukaja', 'Sukukaja', 'Counter', 'Mind Charge']
['Rakukaja', 'Sukukaja', 'Tarukaja', 'Wind Boost', 'Dodge Strike']
['Sharp Student', 'Counter', 'Raging Tiger', 'Sukukaja', 'Ice Boost']
['Raging Tiger', 'Megido', 'Poison Mist', 'Tarukaja', 'Ice Boost']
['Tarukaja', 'Counter', 'Auto-Tarukaja', 'Wind Boost', 'Wind Break']
['Dodge Strike', 'Wind Boost', 'Ice Boost', 'Tarukaja', 'Trafuri']
['Poison Mist', 'Mind Charge', 'Sukukaja', 'Rakukaja', 'Raging Tiger']
['Poison Mist', 'Wind Amp', 'Auto-Tarukaja', 'Rakukaja', 'Wind Boost']
['Auto-Tarukaja', 'Ice Boost', 'Counter', 'Sharp Student', 'Poison Mist']
['Poison Mist', 'Rakukaja', 'Sukukaja', 'Dodge Strike', 'Auto-Tarukaja']
['Poison Mist', 'Raging Tiger', 'Ice Boost', 'Sharp Student', 'Wind Boost']
['Dodge Strike', 'Mind Charge', 'Wind Boost', 'Sharp Student', 'Poison Mist']
['Wind Boost', 'Dodge Strike', 'Trafuri', 'Wind Amp', 'Tarukaja']
['Poison Mist', 'Tarukaja', 'Ice Boost', 'Dodge Strike', 'Counter']
['Poison Mist', 'Tarukaja', 'Wind Amp', 'Sukukaja', 'Rakukaja']
['Poison Mist', 'Auto-Tarukaja', 'Raging Tiger', 'Garula', 'Trafuri']
['Tarukaja', 'Auto-Tarukaja', 'Ice Boost', 'Sukukaja', 'Mind Charge']
['Wind Boost', 'Tarukaja', 'Poison Mist', 'Wind Break', 'Rakukaja']
['Trafuri', 'Poison Mist', 'Counter', 'Sharp Student', 'Auto-Tarukaja']
['Poison Mist', 'Ice Boost', 'Sukukaja', 'Counter', 'Wind Boost']
['Poison Mist', 'Ice Boost', 'Wind Boost', 'Wind Break', 'Trafuri']
['Counter', 'Tarukaja', 'Sukukaja', 'Sharp Student', 'Wind Amp']
['Raging Tiger', 'Counter', 'Ice Boost', 'Poison Mist', 'Sukukaja']
['Wind Amp', 'Ice Boost', 'Dodge Strike', 'Wind Boost', 'Mind Charge']
['Poison Mist', 'Ice Boost', 'Raging Tiger', 'Counter', 'Tarukaja']
['Auto-Tarukaja', 'Tarukaja', 'Wind Boost', 'Dodge Strike', 'Poison Mist']
['Poison Mist', 'Ice Boost', 'Rakukaja', 'Sukukaja', 'Raging Tiger']
['Ice Boost', 'Poison Mist', 'Sharp Student', 'Garula', 'Raging Tiger']
['Dodge Strike', 'Sukukaja', 'Raging Tiger', 'Wind Break', 'Poison Mist']
['Wind Amp', 'Raging Tiger', 'Poison Mist', 'Tarukaja', 'Wind Boost']
['Raging Tiger', 'Wind Amp', 'Tarukaja', 'Poison Mist', 'Counter']
['Poison Mist', 'Mind Charge', 'Raging Tiger', 'Counter', 'Ice Boost']
['Raging Tiger', 'Tarukaja', 'Rakukaja', 'Sharp Student', 'Counter']
['Raging Tiger', 'Poison Mist', 'Counter', 'Sukukaja', 'Ice Boost']
['Raging Tiger', 'Counter', 'Sukukaja', 'Auto-Tarukaja', 'Garula']
['Tarukaja', 'Raging Tiger', 'Sukukaja', 'Sharp Student', 'Dodge Strike']
['Sukukaja', 'Auto-Tarukaja', 'Rakukaja', 'Ice Boost', 'Wind Boost']
['Sharp Student', 'Wind Boost', 'Tarukaja', 'Mind Charge', 'Ice Boost']
['Wind Amp', 'Auto-Tarukaja', 'Sharp Student', 'Raging Tiger', 'Wind Boost']
['Megido', 'Tarukaja', 'Wind Break', 'Auto-Tarukaja', 'Ice Boost']
['Counter', 'Sukukaja', 'Wind Amp', 'Raging Tiger', 'Dodge Strike']
['Raging Tiger', 'Sharp Student', 'Counter', 'Ziodyne', 'Sukukaja']
['Poison Mist', 'Rakukaja', 'Trafuri', 'Wind Boost', 'Counter']
['Raging Tiger', 'Mind Charge', 'Poison Mist', 'Tarukaja', 'Auto-Tarukaja']
['Raging Tiger', 'Sukukaja', 'Wind Boost', 'Poison Mist', 'Sharp Student']
['Tarukaja', 'Rakukaja', 'Mind Charge', 'Raging Tiger', 'Poison Mist']
['Trafuri', 'Sharp Student', 'Poison Mist', 'Wind Boost', 'Tarukaja']
['Ice Boost', 'Sharp Student', 'Dodge Strike', 'Poison Mist', 'Tarukaja']
['Raging Tiger', 'Wind Break', 'Poison Mist', 'Wind Boost', 'Counter']
['Poison Mist', 'Rakukaja', 'Mind Charge', 'Sharp Student', 'Raging Tiger']
['Poison Mist', 'Tarukaja', 'Wind Amp', 'Wind Boost', 'Mind Charge']
['Raging Tiger', 'Sukukaja', 'Wind Amp', 'Rakukaja', 'Ice Boost']
['Poison Mist', 'Sukukaja', 'Raging Tiger', 'Wind Amp', 'Dodge Strike']
['Sukukaja', 'Garula', 'Raging Tiger', 'Poison Mist', 'Ice Boost']
