['Evade Strike', 'Elec Amp', 'Wind Boost', 'Garu']
['Evade Strike', 'Rakukaja', 'Wind Amp', 'Mind Charge']
['Mind Charge', 'Rakukaja', 'High Counter', 'Garu']
['Mind Charge', 'Rakukaja', 'High Counter', 'Garu']
['Rakukaja', 'Fire Boost', 'Dodge Wind', 'Elec Amp']
['Ragnarok', 'Bufu', 'Evade Strike', 'Fire Boost']
['Rakukaja', 'Magaru', 'Fire Boost', 'Garu']
['Elec Amp', 'Fire Boost', 'Dodge Wind', 'High Counter']
['Fire Boost', 'Bufu', 'Rakukaja', 'Wind Boost']
['Bufu', 'Elec Amp', 'Fire Boost', 'Mind Charge']
['Dodge Wind', 'Rakukaja', 'Wind Boost', 'Evade Strike']
['Wind Amp', 'Wind Boost', 'Elec Amp', 'Mind Charge']
['Fire Boost', 'Wind Boost', 'Bufu', 'Wind Amp']
['Wind Boost', 'Dodge Wind', 'Bufu', 'Wind Amp']
['Mind Charge', 'Dodge Wind', 'Bufu', 'Rakukaja']
['Fire Boost', 'Rakukaja', 'Garu', 'Wind Boost']
['Garu', 'Wind Boost', 'Rakukaja', 'Dodge Wind']
['Rakukaja', 'Wind Boost', 'Evade Strike', 'Garu']
['High Counter', 'Dodge Wind', 'Fire Boost', 'Mind Charge']
['Wind Amp', 'Megidola', 'Elec Amp', 'Mind Charge']
['Wind Boost', 'Rakukaja', 'Bufu', 'Dodge Wind']
['Mind Charge', 'Fire Boost', 'Wind Boost', 'Rakukaja']
['Fire Boost', 'Wind Boost', 'Dodge Wind', 'Wind Amp']
['Elec Amp', 'Fire Boost', 'Dodge Wind', 'Bufu']
['Wind Boost', 'Elec Amp', 'Mind Charge', 'Dodge Wind']
['Mind Charge', 'Garu', 'Dodge Wind', 'Bufu']
['Fire Boost', 'Mind Charge', 'Wind Boost', 'Rakukaja']
['Elec Amp', 'Wind Boost', 'Mind Charge', 'Bufu']
['Wind Amp', 'Mind Charge', 'Bufu', 'Wind Boost']
['Rakukaja', 'Evade Strike', 'Bufu', 'Fire Boost']
['High Counter', 'Mind Charge', 'Rakukaja', 'Garu']
['Bufu', 'Fire Boost', 'Evade Strike', 'Mind Charge']
['Rakukaja', 'Dodge Wind', 'Wind Boost', 'High Counter']
['Dodge Wind', 'Garu', 'Wind Amp', 'Rakukaja']
['Fire Boost', 'Garu', 'Bufu', 'Dodge Wind']
['Wind Amp', 'Fire Boost', 'Wind Boost', 'Evade Strike']
['Dodge Wind', 'Rakukaja', 'Fire Boost', 'Mind Charge']
['Bufu', 'Garu', 'Mind Charge', 'Fire Boost']
['Garu', 'Rakukaja', 'Elec Amp', 'Fire Boost']
['Fire Boost', 'Wind Boost', 'Evade Strike', 'High Counter']
['Evade Strike', 'Wind Boost', 'Wind Amp', 'Rakukaja']
['Fire Boost', 'Wind Boost', 'Garu', 'Evade Strike']
['Fire Boost', 'Elec Amp', 'Rakukaja', 'Dodge Wind']
['Bufu', 'Mind Charge', 'Magaru', 'Fire Boost']
['Rakukaja', 'Wind Boost', 'Magaru', 'Fire Boost']
['Wind Boost', 'Mind Charge', 'Garu', 'Rakukaja']
['Evade Strike', 'Dodge Wind', 'Garu', 'Wind Boost']
['Fire Boost', 'Wind Boost', 'Garu', 'Rakukaja']
['Rakukaja', 'Wind Boost', 'Elec Amp', 'Bufu']
['High Counter', 'Wind Boost', 'Rakukaja', 'Evade Strike']
['Evade Strike', 'Garu', 'Mind Charge', 'Fire Boost']
['Rakukaja', 'Garu', 'Dodge Wind', 'Mind Charge']
['Garu', 'Dodge Wind', 'Evade Strike', 'Wind Boost']
['Mind Charge', 'Elec Amp', 'Rakukaja', 'Evade Strike']
['Fire Boost', 'Elec Amp', 'Wind Amp', 'Mind Charge']
['Wind Boost', 'Elec Amp', 'Bufu', 'Rakukaja']
['Garu', 'Rakukaja', 'Magaru', 'Fire Boost']
['High Counter', 'Rakukaja', 'Mind Charge', 'Wind Amp']
['Wind Amp', 'Garu', 'High Counter', 'Magaru']
['Fire Boost', 'Dodge Wind', 'Magaru', 'Bufu']
['Rakukaja', 'Bufu', 'Mind Charge', 'Fire Boost']
['Fire Boost', 'Wind Boost', 'Dodge Wind', 'Magaru']
['High Counter', 'Magaru', 'Wind Boost', 'Mind Charge']
['Rakukaja', 'Magaru', 'Fire Boost', 'Mind Charge']
['Evade Strike', 'Elec Amp', 'Magaru', 'High Counter']
['Wind Boost', 'Bufu', 'Evade Strike', 'Ragnarok']
['High Counter', 'Fire Boost', 'Garu', 'Dodge Wind']
['Dodge Wind', 'Wind Boost', 'Rakukaja', 'Evade Strike']
['Rakukaja', 'Dodge Wind', 'Bufu', 'Wind Amp']
['Wind Boost', 'Mind Charge', 'Rakukaja', 'Bufu']
['Wind Boost', 'Bufu', 'Dodge Wind', 'Fire Boost']
['Wind Boost', 'Fire Boost', 'Rakukaja', 'High Counter']
['Fire Boost', 'Bufu', 'Evade Strike', 'Dodge Wind']
['Rakukaja', 'Fire Boost', 'Wind Boost', 'Bufu']
['Wind Boost', 'Mind Charge', 'Bufu', 'Elec Amp']
['Rakukaja', 'Fire Boost', 'Mind Charge', 'Wind Amp']
['Wind Boost', 'Garu', 'Evade Strike', 'Mind Charge']
['Evade Strike', 'Garu', 'Wind Boost', 'Fire Boost']
['Evade Strike', 'Fire Boost', 'Wind Boost', 'Rakukaja']
['Elec Amp', 'High Counter', 'Dodge Wind', 'Mind Charge']
['Bufu', 'Wind Boost', 'High Counter', 'Rakukaja']
['Mind Charge', 'Fire Boost', 'Wind Boost', 'High Counter']
['Rakukaja', 'Wind Boost', 'Wind Amp', 'Dodge Wind']
['Fire Boost', 'Wind Boost', 'Rakukaja', 'High Counter']
['Elec Amp', 'Dodge Wind', 'Evade Strike', 'Garu']
['Wind Boost', 'Garu', 'Fire Boost', 'Bufu']
['Bufu', 'Dodge Wind', 'Garu', 'Wind Amp']
['Fire Boost', 'Bufu', 'Rakukaja', 'Wind Boost']
['Dodge Wind', 'Fire Boost', 'Wind Amp', 'Garu']
['Bufu', 'Wind Boost', 'Magaru', 'High Counter']
['Mind Charge', 'Dodge Wind', 'Wind Boost', 'Rakukaja']
['Rakukaja', 'Elec Amp', 'Fire Boost', 'Garu']
['Evade Strike', 'Mind Charge', 'Rakukaja', 'Wind Amp']
['Wind Boost', 'Wind Amp', 'Rakukaja', 'Mind Charge']
['Mind Charge', 'Dodge Wind', 'High Counter', 'Wind Amp']
['Garu', 'Rakukaja', 'Wind Amp', 'Dodge Wind']
['Dodge Wind', 'Fire Boost', 'Wind Boost', 'Wind Amp']
['Bufu', 'Evade Strike', 'Elec Amp', 'Dodge Wind']
['Elec Amp', 'Garu', 'Bufu', 'Rakukaja']
['Fire Boost', 'Wind Boost', 'Elec Amp', 'Bufu']
['Rakukaja', 'Fire Boost', 'Elec Amp', 'Dodge Wind']
['Fire Boost', 'Wind Boost', 'Rakukaja', 'Dodge Wind']
['Fire Boost', 'High Counter', 'Elec Amp', 'Dodge Wind']
['Mind Charge', 'Magaru', 'Fire Boost', 'Wind Boost']
['Elec Amp', 'Dodge Wind', 'Garu', 'Fire Boost']
['Garu', 'Dodge Wind', 'High Counter', 'Fire Boost']
['High Counter', 'Dodge Wind', 'Wind Boost', 'Garu']
['Fire Boost', 'Garu', 'Wind Boost', 'Elec Amp']
['Rakukaja', 'Wind Amp', 'Elec Amp', 'Fire Boost']
['Mind Charge', 'Elec Amp', 'Dodge Wind', 'Rakukaja']
['Fire Boost', 'Garu', 'Wind Amp', 'Rakukaja']
['Dodge Wind', 'High Counter', 'Bufu', 'Rakukaja']
['Evade Strike', 'Elec Amp', 'Wind Boost', 'Dodge Wind']
['High Counter', 'Rakukaja', 'Garu', 'Bufu']
['Dodge Wind', 'Bufu', 'Fire Boost', 'Rakukaja']
['High Counter', 'Dodge Wind', 'Elec Amp', 'Fire Boost']
['Elec Amp', 'Dodge Wind', 'Magaru', 'Evade Strike']
['Rakukaja', 'Fire Boost', 'Dodge Wind', 'Bufu']
['Elec Amp', 'Wind Amp', 'Wind Boost', 'Evade Strike']
['Fire Boost', 'Dodge Wind', 'Garu', 'Bufu']
['Elec Amp', 'Evade Strike', 'Mind Charge', 'Fire Boost']
['Garu', 'Dodge Wind', 'Wind Amp', 'Rakukaja']
['Rakukaja', 'Fire Boost', 'High Counter', 'Dodge Wind']
['Wind Boost', 'Rakukaja', 'Bufu', 'Dodge Wind']
['Rakukaja', 'Bufu', 'Dodge Wind', 'Fire Boost']
['Evade Strike', 'Dodge Wind', 'Elec Amp', 'Bufu']
['Fire Boost', 'Mind Charge', 'Bufu', 'Dodge Wind']
['Mind Charge', 'Wind Boost', 'Rakukaja', 'Bufu']
['Garu', 'Wind Boost', 'Elec Amp', 'Dodge Wind']
['Garu', 'Dodge Wind', 'Wind Boost', 'Elec Amp']
['Dodge Wind', 'Wind Boost', 'Garu', 'Fire Boost']
['Magaru', 'Garu', 'Rakukaja', 'Wind Amp']
['Elec Amp', 'Rakukaja', 'Dodge Wind', 'Evade Strike']
['Fire Boost', 'Rakukaja', 'Bufu', 'Dodge Wind']
['Evade Strike', 'Garu', 'Rakukaja', 'Fire Boost']
['Wind Boost', 'Fire Boost', 'Ragnarok', 'Elec Amp']
['Wind Boost', 'Rakukaja', 'Ragnarok', 'Evade Strike']
['Garu', 'Rakukaja', 'Wind Boost', 'Bufu']
['Mind Charge', 'Wind Amp', 'Wind Boost', 'High Counter']
['Wind Boost', 'Dodge Wind', 'Magaru', 'Fire Boost']
['Evade Strike', 'Fire Boost', 'Rakukaja', 'Bufu']
['Mind Charge', 'Rakukaja', 'Fire Boost', 'Wind Boost']
['High Counter', 'Elec Amp', 'Rakukaja', 'Fire Boost']
['Evade Strike', 'Elec Amp', 'Wind Boost', 'Mind Charge']
['Rakukaja', 'Garu', 'Elec Amp', 'Wind Boost']
['Garu', 'Mind Charge', 'Wind Amp', 'Rakukaja']
['Magaru', 'Fire Boost', 'Rakukaja', 'Mind Charge']
['Wind Boost', 'Rakukaja', 'Fire Boost', 'Wind Amp']
['Fire Boost', 'Bufu', 'High Counter', 'Evade Strike']
['Garu', 'Mind Charge', 'High Counter', 'Rakukaja']
['Rakukaja', 'Fire Boost', 'Dodge Wind', 'High Counter']
['Magaru', 'Wind Boost', 'Fire Boost', 'Rakukaja']
['Wind Amp', 'Evade Strike', 'Rakukaja', 'Elec Amp']
['Wind Boost', 'Rakukaja', 'High Counter', 'Evade Strike']
['Fire Boost', 'Wind Boost', 'Mind Charge', 'Elec Amp']
['High Counter', 'Wind Amp', 'Evade Strike', 'Wind Boost']
['Fire Boost', 'Mind Charge', 'Wind Amp', 'Wind Boost']
['Dodge Wind', 'Elec Amp', 'Mind Charge', 'Wind Boost']
['Wind Boost', 'Dodge Wind', 'Rakukaja', 'Evade Strike']
['Rakukaja', 'High Counter', 'Dodge Wind', 'Fire Boost']
['Mind Charge', 'Wind Amp', 'Elec Amp', 'Rakukaja']
['Wind Boost', 'Bufu', 'Evade Strike', 'Rakukaja']
['Bufu', 'Fire Boost', 'Dodge Wind', 'Wind Boost']
['Fire Boost', 'Rakukaja', 'Dodge Wind', 'Evade Strike']
['Fire Boost', 'Rakukaja', 'High Counter', 'Dodge Wind']
['Bufu', 'Fire Boost', 'Wind Amp', 'Wind Boost']
['Elec Amp', 'Garu', 'Rakukaja', 'Wind Amp']
['Wind Boost', 'Wind Amp', 'Rakukaja', 'Fire Boost']
['Evade Strike', 'Fire Boost', 'Bufu', 'Dodge Wind']
['Dodge Wind', 'Elec Amp', 'Garu', 'Wind Boost']
['Elec Amp', 'Wind Boost', 'Fire Boost', 'Bufu']
['Dodge Wind', 'Rakukaja', 'Mind Charge', 'Fire Boost']
['Fire Boost', 'Garu', 'Wind Boost', 'Wind Amp']
['Mind Charge', 'Wind Amp', 'Wind Boost', 'Fire Boost']
['Bufu', 'Evade Strike', 'Mind Charge', 'Megidola']
['Rakukaja', 'Dodge Wind', 'Evade Strike', 'Wind Amp']
['Wind Boost', 'Wind Amp', 'Garu', 'Rakukaja']
['Wind Boost', 'Dodge Wind', 'Elec Amp', 'Fire Boost']
['Magaru', 'Rakukaja', 'Wind Boost', 'Garu']
['Wind Boost', 'High Counter', 'Fire Boost', 'Rakukaja']
['Elec Amp', 'Evade Strike', 'Wind Boost', 'Dodge Wind']
['Dodge Wind', 'Wind Amp', 'Fire Boost', 'Elec Amp']
['High Counter', 'Wind Boost', 'Mind Charge', 'Garu']
['Rakukaja', 'Wind Boost', 'Fire Boost', 'Wind Amp']
['Rakukaja', 'Fire Boost', 'Wind Boost', 'Mind Charge']
['Fire Boost', 'Dodge Wind', 'Rakukaja', 'Mind Charge']
['Wind Boost', 'Rakukaja', 'Wind Amp', 'Evade Strike']
['Bufu', 'Wind Amp', 'Elec Amp', 'Rakukaja']
['Garu', 'Evade Strike', 'Rakukaja', 'High Counter']
['Magaru', 'Rakukaja', 'Dodge Wind', 'Fire Boost']
['Rakukaja', 'Elec Amp', 'Wind Boost', 'Dodge Wind']
['Elec Amp', 'Wind Amp', 'Garu', 'Dodge Wind']
['Rakukaja', 'Wind Amp', 'Dodge Wind', 'Wind Boost']
['Dodge Wind', 'Wind Boost', 'Elec Amp', 'Evade Strike']
['Dodge Wind', 'Bufu', 'Garu', 'Magaru']
['Fire Boost', 'Ragnarok', 'Bufu', 'Wind Boost']
['Evade Strike', 'Magaru', 'Wind Amp', 'Elec Amp']
['Mind Charge', 'Dodge Wind', 'Garu', 'Magaru']
['Magaru', 'Fire Boost', 'Dodge Wind', 'Elec Amp']
['Evade Strike', 'Rakukaja', 'Fire Boost', 'Wind Amp']
['Garu', 'Wind Boost', 'Dodge Wind', 'High Counter']
['Evade Strike', 'Mind Charge', 'Dodge Wind', 'Magaru']
['Elec Amp', 'Wind Boost', 'High Counter', 'Magaru']
['Wind Boost', 'Mind Charge', 'Rakukaja', 'Evade Strike']
['Dodge Wind', 'Bufu', 'Mind Charge', 'High Counter']
['Rakukaja', 'Bufu', 'Garu', 'High Counter']
['Garu', 'Dodge Wind', 'High Counter', 'Wind Amp']
['Fire Boost', 'Rakukaja', 'Mind Charge', 'Magaru']
['Mind Charge', 'Fire Boost', 'Dodge Wind', 'Rakukaja']
['Mind Charge', 'Wind Boost', 'Dodge Wind', 'Rakukaja']
['Rakukaja', 'High Counter', 'Garu', 'Dodge Wind']
['Mind Charge', 'Elec Amp', 'Evade Strike', 'Magaru']
['Fire Boost', 'Dodge Wind', 'Garu', 'Rakukaja']
['Rakukaja', 'Garu', 'Evade Strike', 'High Counter']
['Mind Charge', 'High Counter', 'Fire Boost', 'Elec Amp']
['Fire Boost', 'Wind Boost', 'Wind Amp', 'Ragnarok']
['Dodge Wind', 'Bufu', 'Rakukaja', 'Wind Boost']
['Wind Boost', 'Rakukaja', 'Evade Strike', 'Fire Boost']
['Garu', 'Fire Boost', 'Dodge Wind', 'Wind Boost']
['Garu', 'Elec Amp', 'Evade Strike', 'Rakukaja']
['Megidola', 'Wind Amp', 'High Counter', 'Elec Amp']
['Magaru', 'Elec Amp', 'Fire Boost', 'Rakukaja']
['Evade Strike', 'Fire Boost', 'Rakukaja', 'Garu']
['Fire Boost', 'Wind Amp', 'Bufu', 'Dodge Wind']
['Dodge Wind', 'Fire Boost', 'Elec Amp', 'Rakukaja']
['High Counter', 'Rakukaja', 'Wind Boost', 'Dodge Wind']
['Wind Boost', 'Elec Amp', 'Fire Boost', 'Evade Strike']
['Wind Boost', 'Rakukaja', 'High Counter', 'Elec Amp']
['Elec Amp', 'High Counter', 'Wind Amp', 'Garu']
['Wind Boost', 'Fire Boost', 'Garu', 'Elec Amp']
['Fire Boost', 'Elec Amp', 'Evade Strike', 'Rakukaja']
['Garu', 'Fire Boost', 'Wind Amp', 'Elec Amp']
['Elec Amp', 'Mind Charge', 'Wind Amp', 'High Counter']
['Bufu', 'Fire Boost', 'Evade Strike', 'Wind Boost']
['Rakukaja', 'Garu', 'Wind Boost', 'Bufu']
['Rakukaja', 'Evade Strike', 'Fire Boost', 'Wind Boost']
['Rakukaja', 'Magaru', 'Fire Boost', 'Megidola']
['Dodge Wind', 'Elec Amp', 'Fire Boost', 'Wind Boost']
['Elec Amp', 'Rakukaja', 'Wind Boost', 'Dodge Wind']
['Garu', 'Magaru', 'Elec Amp', 'Evade Strike']
['Mind Charge', 'Dodge Wind', 'High Counter', 'Garu']
['Fire Boost', 'Wind Boost', 'Dodge Wind', 'Rakukaja']
['Megidola', 'Mind Charge', 'Fire Boost', 'Elec Amp']
['Wind Boost', 'High Counter', 'Mind Charge', 'Rakukaja']
['Dodge Wind', 'Rakukaja', 'Wind Boost', 'Fire Boost']
['Wind Boost', 'Evade Strike', 'Fire Boost', 'Garu']
['Garu', 'Bufu', 'Wind Boost', 'Elec Amp']
['Wind Boost', 'Mind Charge', 'Fire Boost', 'Dodge Wind']
['Dodge Wind', 'Rakukaja', 'Elec Amp', 'Wind Amp']
['Rakukaja', 'Dodge Wind', 'Evade Strike', 'Wind Amp']
['High Counter', 'Rakukaja', 'Wind Amp', 'Fire Boost']
['Bufu', 'High Counter', 'Rakukaja', 'Dodge Wind']
['High Counter', 'Bufu', 'Fire Boost', 'Wind Boost']
['Evade Strike', 'Wind Boost', 'High Counter', 'Rakukaja']
['Elec Amp', 'Mind Charge', 'Wind Boost', 'Fire Boost']
['Elec Amp', 'Rakukaja', 'Dodge Wind', 'Fire Boost']
['Fire Boost', 'High Counter', 'Bufu', 'Rakukaja']
['High Counter', 'Fire Boost', 'Rakukaja', 'Dodge Wind']
['Fire Boost', 'Bufu', 'Garu', 'Wind Boost']
['Elec Amp', 'Garu', 'Evade Strike', 'Rakukaja']
['Rakukaja', 'Wind Boost', 'Wind Amp', 'Dodge Wind']
['Mind Charge', 'Wind Boost', 'High Counter', 'Garu']
['Dodge Wind', 'Garu', 'Bufu', 'Fire Boost']
['High Counter', 'Wind Boost', 'Rakukaja', 'Magaru']
['Fire Boost', 'Wind Boost', 'Bufu', 'Elec Amp']
['Fire Boost', 'Dodge Wind', 'Wind Boost', 'Rakukaja']
['Mind Charge', 'Rakukaja', 'Wind Amp', 'Elec Amp']
['Wind Boost', 'Rakukaja', 'Evade Strike', 'Dodge Wind']
['High Counter', 'Rakukaja', 'Fire Boost', 'Wind Amp']
['Rakukaja', 'Fire Boost', 'Elec Amp', 'Garu']
['Garu', 'Dodge Wind', 'Wind Boost', 'Fire Boost']
['Bufu', 'High Counter', 'Dodge Wind', 'Rakukaja']
['Wind Amp', 'Wind Boost', 'Dodge Wind', 'High Counter']
['Magaru', 'Wind Amp', 'Dodge Wind', 'Rakukaja']
['Ragnarok', 'Rakukaja', 'Garu', 'Bufu']
['Garu', 'Bufu', 'Wind Boost', 'Dodge Wind']
['Elec Amp', 'Fire Boost', 'Wind Amp', 'Dodge Wind']
['Garu', 'Dodge Wind', 'Rakukaja', 'Wind Boost']
['Wind Boost', 'Fire Boost', 'Garu', 'Rakukaja']
['Wind Boost', 'Rakukaja', 'Fire Boost', 'Evade Strike']
['Fire Boost', 'Garu', 'High Counter', 'Magaru']
['Wind Amp', 'Dodge Wind', 'Rakukaja', 'Fire Boost']
['Fire Boost', 'Wind Boost', 'Rakukaja', 'Bufu']
['Rakukaja', 'Mind Charge', 'Wind Amp', 'Garu']
['Bufu', 'Fire Boost', 'Rakukaja', 'Wind Amp']
['Elec Amp', 'Mind Charge', 'Evade Strike', 'Garu']
['High Counter', 'Elec Amp', 'Rakukaja', 'Wind Amp']
['Fire Boost', 'Dodge Wind', 'Elec Amp', 'Bufu']
['Wind Amp', 'Rakukaja', 'Evade Strike', 'Fire Boost']
['Rakukaja', 'Wind Amp', 'Wind Boost', 'Elec Amp']
['Evade Strike', 'Rakukaja', 'Garu', 'Ragnarok']
['Fire Boost', 'Bufu', 'Wind Boost', 'High Counter']
['Mind Charge', 'Bufu', 'Fire Boost', 'Dodge Wind']
['Wind Boost', 'Dodge Wind', 'Elec Amp', 'Rakukaja']
['Rakukaja', 'Wind Boost', 'Elec Amp', 'Mind Charge']
['Dodge Wind', 'Fire Boost', 'Bufu', 'Magaru']
['Evade Strike', 'Wind Boost', 'Magaru', 'Fire Boost']
['Fire Boost', 'Dodge Wind', 'Wind Boost', 'Wind Amp']
['Elec Amp', 'Dodge Wind', 'Garu', 'Rakukaja']
['High Counter', 'Magaru', 'Fire Boost', 'Evade Strike']
['Wind Amp', 'Wind Boost', 'Fire Boost', 'Bufu']
['Garu', 'Rakukaja', 'Evade Strike', 'Wind Boost']
['Fire Boost', 'Rakukaja', 'Garu', 'Wind Boost']
['Fire Boost', 'Rakukaja', 'Dodge Wind', 'Bufu']
['Dodge Wind', 'Rakukaja', 'Wind Amp', 'Magaru']
['Evade Strike', 'Mind Charge', 'Rakukaja', 'Magaru']
['Rakukaja', 'Mind Charge', 'High Counter', 'Fire Boost']
['Rakukaja', 'Bufu', 'Wind Boost', 'Magaru']
['Garu', 'Fire Boost', 'Bufu', 'Dodge Wind']
['Fire Boost', 'Wind Amp', 'Garu', 'Bufu']
['Rakukaja', 'Elec Amp', 'Bufu', 'Evade Strike']
['Fire Boost', 'Dodge Wind', 'Rakukaja', 'Bufu']
['Mind Charge', 'High Counter', 'Elec Amp', 'Wind Boost']
['Mind Charge', 'Rakukaja', 'Wind Boost', 'Bufu']
['Mind Charge', 'Evade Strike', 'Garu', 'Wind Amp']
['Wind Boost', 'Fire Boost', 'Rakukaja', 'Evade Strike']
['Bufu', 'Wind Amp', 'Garu', 'Elec Amp']
['Fire Boost', 'Wind Amp', 'Rakukaja', 'Elec Amp']
['Elec Amp', 'Garu', 'Rakukaja', 'Fire Boost']
['Fire Boost', 'Garu', 'Evade Strike', 'Dodge Wind']
['Mind Charge', 'Wind Boost', 'High Counter', 'Wind Amp']
['Mind Charge', 'Wind Boost', 'Bufu', 'Fire Boost']
['Garu', 'Wind Boost', 'Wind Amp', 'Dodge Wind']
['Rakukaja', 'Fire Boost', 'Ragnarok', 'Bufu']
['Wind Amp', 'Wind Boost', 'Elec Amp', 'Fire Boost']
['Fire Boost', 'Wind Boost', 'Bufu', 'Rakukaja']
['Fire Boost', 'Bufu', 'Rakukaja', 'Garu']
['Wind Boost', 'High Counter', 'Garu', 'Mind Charge']
['Fire Boost', 'Wind Amp', 'Wind Boost', 'Dodge Wind']
['Garu', 'Bufu', 'Rakukaja', 'Evade Strike']
['Elec Amp', 'Wind Amp', 'Rakukaja', 'Ragnarok']
['Fire Boost', 'Bufu', 'Evade Strike', 'Wind Boost']
['Rakukaja', 'Evade Strike', 'High Counter', 'Wind Amp']
['High Counter', 'Mind Charge', 'Garu', 'Rakukaja']
['Wind Boost', 'Elec Amp', 'Dodge Wind', 'Wind Amp']
['Wind Boost', 'Garu', 'High Counter', 'Rakukaja']
['Garu', 'Fire Boost', 'Mind Charge', 'Evade Strike']
['Wind Amp', 'Mind Charge', 'Evade Strike', 'Bufu']
['Garu', 'Wind Boost', 'Rakukaja', 'Bufu']
['Rakukaja', 'Fire Boost', 'Wind Amp', 'Wind Boost']
['Mind Charge', 'Rakukaja', 'Wind Amp', 'Wind Boost']
['Wind Boost', 'Wind Amp', 'Dodge Wind', 'Fire Boost']
['Fire Boost', 'Garu', 'Magaru', 'Wind Boost']
['Wind Boost', 'Rakukaja', 'Dodge Wind', 'Fire Boost']
['Wind Boost', 'Evade Strike', 'Rakukaja', 'Garu']
['Wind Boost', 'High Counter', 'Evade Strike', 'Bufu']
['Fire Boost', 'Dodge Wind', 'Wind Boost', 'Rakukaja']
['Dodge Wind', 'Elec Amp', 'Mind Charge', 'Rakukaja']
['Dodge Wind', 'High Counter', 'Rakukaja', 'Wind Boost']
['Wind Boost', 'Mind Charge', 'Wind Amp', 'Dodge Wind']
['Fire Boost', 'Wind Boost', 'Rakukaja', 'Dodge Wind']
['Wind Boost', 'Rakukaja', 'Garu', 'Dodge Wind']
['Rakukaja', 'Evade Strike', 'Wind Amp', 'Fire Boost']
['Dodge Wind', 'Wind Amp', 'High Counter', 'Rakukaja']
['Mind Charge', 'Bufu', 'Fire Boost', 'Wind Boost']
['Magaru', 'Rakukaja', 'Garu', 'Dodge Wind']
['Elec Amp', 'Wind Boost', 'Rakukaja', 'Fire Boost']
['Dodge Wind', 'High Counter', 'Rakukaja', 'Fire Boost']
['Mind Charge', 'Fire Boost', 'High Counter', 'Bufu']
['Megidola', 'Wind Amp', 'Bufu', 'Mind Charge']
['Garu', 'Fire Boost', 'Evade Strike', 'Rakukaja']
['Wind Boost', 'Magaru', 'Rakukaja', 'Fire Boost']
['Elec Amp', 'Magaru', 'Rakukaja', 'Wind Boost']
['Wind Boost', 'Garu', 'Rakukaja', 'High Counter']
['Garu', 'Rakukaja', 'Fire Boost', 'Wind Boost']
['Rakukaja', 'Elec Amp', 'Garu', 'Fire Boost']
['High Counter', 'Garu', 'Bufu', 'Rakukaja']
['Wind Amp', 'Bufu', 'Dodge Wind', 'Fire Boost']
['Wind Boost', 'Wind Amp', 'Dodge Wind', 'Fire Boost']
['Wind Boost', 'Mind Charge', 'Evade Strike', 'Wind Amp']
['Evade Strike', 'Mind Charge', 'Wind Amp', 'Rakukaja']
['Rakukaja', 'High Counter', 'Wind Amp', 'Mind Charge']
['Fire Boost', 'Mind Charge', 'Dodge Wind', 'Evade Strike']
['Rakukaja', 'Mind Charge', 'Dodge Wind', 'Wind Amp']
['Magaru', 'Fire Boost', 'High Counter', 'Garu']
['Wind Boost', 'Bufu', 'Magaru', 'Wind Amp']
['High Counter', 'Wind Amp', 'Fire Boost', 'Garu']
['Wind Boost', 'Dodge Wind', 'Fire Boost', 'Mind Charge']
['Rakukaja', 'Mind Charge', 'Garu', 'Wind Boost']
['Garu', 'Evade Strike', 'Fire Boost', 'Dodge Wind']
['Wind Boost', 'Bufu', 'Mind Charge', 'Fire Boost']
['Evade Strike', 'Fire Boost', 'Wind Boost', 'Bufu']
['Wind Amp', 'Mind Charge', 'Rakukaja', 'Dodge Wind']
['Evade Strike', 'Rakukaja', 'Dodge Wind', 'Wind Amp']
['Rakukaja', 'Evade Strike', 'Ragnarok', 'Wind Boost']
['High Counter', 'Rakukaja', 'Wind Boost', 'Wind Amp']
['Wind Amp', 'Rakukaja', 'Fire Boost', 'Dodge Wind']
['Fire Boost', 'Evade Strike', 'Magaru', 'Wind Boost']
['Rakukaja', 'Elec Amp', 'Dodge Wind', 'Wind Amp']
['Fire Boost', 'Magaru', 'Bufu', 'Wind Boost']
['Dodge Wind', 'Evade Strike', 'High Counter', 'Fire Boost']
['Rakukaja', 'Wind Amp', 'Mind Charge', 'Evade Strike']
['Wind Boost', 'Elec Amp', 'Dodge Wind', 'Rakukaja']
['Elec Amp', 'Wind Amp', 'Fire Boost', 'Magaru']
['Wind Boost', 'Elec Amp', 'Dodge Wind', 'High Counter']
['Elec Amp', 'High Counter', 'Wind Amp', 'Mind Charge']
['Garu', 'Elec Amp', 'Rakukaja', 'Wind Amp']
['Wind Boost', 'Fire Boost', 'Bufu', 'Garu']
['Mind Charge', 'High Counter', 'Evade Strike', 'Fire Boost']
['Wind Amp', 'Fire Boost', 'Wind Boost', 'High Counter']
['Fire Boost', 'Wind Boost', 'Magaru', 'Garu']
['Mind Charge', 'Wind Boost', 'Fire Boost', 'Rakukaja']
['Mind Charge', 'Elec Amp', 'High Counter', 'Rakukaja']
['Wind Boost', 'Bufu', 'Wind Amp', 'Magaru']
['Bufu', 'Wind Amp', 'Dodge Wind', 'Evade Strike']
['High Counter', 'Wind Boost', 'Mind Charge', 'Dodge Wind']
['Dodge Wind', 'Fire Boost', 'Wind Boost', 'Rakukaja']
['Wind Boost', 'Evade Strike', 'Fire Boost', 'Bufu']
['Fire Boost', 'Wind Boost', 'Wind Amp', 'Mind Charge']
['Wind Amp', 'Rakukaja', 'Mind Charge', 'Elec Amp']
['Wind Boost', 'Fire Boost', 'Magaru', 'Mind Charge']
['Mind Charge', 'Wind Amp', 'Wind Boost', 'Dodge Wind']
['Bufu', 'Dodge Wind', 'Rakukaja', 'Wind Amp']
['Bufu', 'Fire Boost', 'High Counter', 'Rakukaja']
['Wind Boost', 'Wind Amp', 'Megidola', 'Magaru']
['Elec Amp', 'Mind Charge', 'Garu', 'Evade Strike']
['Fire Boost', 'Bufu', 'Wind Boost', 'High Counter']
['Garu', 'Fire Boost', 'Wind Boost', 'Dodge Wind']
['Elec Amp', 'Wind Amp', 'Rakukaja', 'Wind Boost']
['Wind Amp', 'Elec Amp', 'Bufu', 'Dodge Wind']
['High Counter', 'Garu', 'Wind Amp', 'Fire Boost']
['Dodge Wind', 'Elec Amp', 'Magaru', 'Fire Boost']
['Rakukaja', 'Bufu', 'Wind Boost', 'Wind Amp']
['Rakukaja', 'Dodge Wind', 'Bufu', 'Fire Boost']
['Fire Boost', 'Rakukaja', 'Mind Charge', 'Bufu']
['Dodge Wind', 'Wind Amp', 'Elec Amp', 'Garu']
['Wind Amp', 'Rakukaja', 'High Counter', 'Wind Boost']
['Rakukaja', 'Mind Charge', 'Elec Amp', 'Wind Boost']
['Fire Boost', 'Garu', 'Evade Strike', 'Wind Boost']
['Wind Amp', 'Magaru', 'Rakukaja', 'Wind Boost']
['Wind Amp', 'Fire Boost', 'Elec Amp', 'Evade Strike']
['Wind Boost', 'Rakukaja', 'Elec Amp', 'Magaru']
['Fire Boost', 'Mind Charge', 'Rakukaja', 'High Counter']
['Wind Amp', 'Fire Boost', 'Wind Boost', 'Rakukaja']
['Mind Charge', 'Rakukaja', 'Wind Boost', 'Bufu']
['Mind Charge', 'Fire Boost', 'Dodge Wind', 'Rakukaja']
['Wind Boost', 'Rakukaja', 'Garu', 'Dodge Wind']
['Fire Boost', 'Elec Amp', 'Rakukaja', 'High Counter']
['Bufu', 'Fire Boost', 'Wind Boost', 'Dodge Wind']
['Elec Amp', 'Wind Amp', 'Bufu', 'Rakukaja']
['Rakukaja', 'Fire Boost', 'Elec Amp', 'Evade Strike']
['Fire Boost', 'Wind Boost', 'High Counter', 'Magaru']
['Garu', 'Wind Amp', 'High Counter', 'Fire Boost']
['Magaru', 'Rakukaja', 'Mind Charge', 'Wind Amp']
['Dodge Wind', 'Wind Boost', 'Fire Boost', 'Elec Amp']
['Garu', 'Rakukaja', 'Bufu', 'Fire Boost']
['Evade Strike', 'Mind Charge', 'Wind Boost', 'Elec Amp']
['Wind Amp', 'Bufu', 'Elec Amp', 'Wind Boost']
['Evade Strike', 'Dodge Wind', 'Rakukaja', 'Wind Boost']
['Dodge Wind', 'Elec Amp', 'Garu', 'High Counter']
['Wind Amp', 'Fire Boost', 'Rakukaja', 'Evade Strike']
['Evade Strike', 'Wind Amp', 'Fire Boost', 'Elec Amp']
['Wind Boost', 'Fire Boost', 'Elec Amp', 'Rakukaja']
['High Counter', 'Fire Boost', 'Rakukaja', 'Dodge Wind']
['Wind Boost', 'Fire Boost', 'Wind Amp', 'Dodge Wind']
['Rakukaja', 'High Counter', 'Evade Strike', 'Dodge Wind']
['Wind Boost', 'Fire Boost', 'Garu', 'Evade Strike']
['Mind Charge', 'Dodge Wind', 'Rakukaja', 'Evade Strike']
['Wind Boost', 'Fire Boost', 'High Counter', 'Garu']
['Fire Boost', 'Bufu', 'Wind Amp', 'Rakukaja']
['Wind Boost', 'Magaru', 'Garu', 'Bufu']
['Rakukaja', 'Bufu', 'Elec Amp', 'Evade Strike']
['Wind Amp', 'Fire Boost', 'Mind Charge', 'Wind Boost']
['Mind Charge', 'Fire Boost', 'Evade Strike', 'Elec Amp']
['Evade Strike', 'Bufu', 'Wind Boost', 'Megidola']
['Bufu', 'Wind Boost', 'Garu', 'Rakukaja']
['Fire Boost', 'Wind Boost', 'Evade Strike', 'Dodge Wind']
['Evade Strike', 'High Counter', 'Dodge Wind', 'Fire Boost']
['Rakukaja', 'Evade Strike', 'Elec Amp', 'Magaru']
['Dodge Wind', 'High Counter', 'Rakukaja', 'Garu']
['Fire Boost', 'Wind Boost', 'Mind Charge', 'Rakukaja']
['Wind Amp', 'Fire Boost', 'Garu', 'Rakukaja']
['High Counter', 'Garu', 'Rakukaja', 'Wind Amp']
['Elec Amp', 'Mind Charge', 'Magaru', 'Bufu']
['Dodge Wind', 'Mind Charge', 'Fire Boost', 'Rakukaja']
['Rakukaja', 'Fire Boost', 'Wind Boost', 'Dodge Wind']
['Elec Amp', 'Dodge Wind', 'High Counter', 'Wind Amp']
['Rakukaja', 'Wind Boost', 'Evade Strike', 'Fire Boost']
['Wind Boost', 'Magaru', 'Mind Charge', 'High Counter']
['Rakukaja', 'Fire Boost', 'Evade Strike', 'Wind Amp']
['Dodge Wind', 'Elec Amp', 'Evade Strike', 'Wind Boost']
['Wind Boost', 'Rakukaja', 'Fire Boost', 'Elec Amp']
['Rakukaja', 'Bufu', 'Wind Amp', 'Fire Boost']
['Magaru', 'Dodge Wind', 'Rakukaja', 'Mind Charge']
['Garu', 'Mind Charge', 'Wind Amp', 'Fire Boost']
['Garu', 'High Counter', 'Fire Boost', 'Dodge Wind']
['Rakukaja', 'Fire Boost', 'Dodge Wind', 'Evade Strike']
['Dodge Wind', 'Wind Boost', 'Elec Amp', 'Wind Amp']
['Wind Boost', 'Fire Boost', 'Rakukaja', 'Dodge Wind']
['Rakukaja', 'High Counter', 'Elec Amp', 'Wind Boost']
['Garu', 'Dodge Wind', 'Mind Charge', 'Rakukaja']
['High Counter', 'Garu', 'Wind Boost', 'Fire Boost']
['Wind Boost', 'Rakukaja', 'Magaru', 'Garu']
['Wind Boost', 'Dodge Wind', 'Fire Boost', 'Wind Amp']
['Wind Boost', 'Dodge Wind', 'Rakukaja', 'Fire Boost']
['Dodge Wind', 'Evade Strike', 'Rakukaja', 'Fire Boost']
['Rakukaja', 'Dodge Wind', 'Garu', 'Wind Amp']
['High Counter', 'Fire Boost', 'Rakukaja', 'Bufu']
['Mind Charge', 'Rakukaja', 'Fire Boost', 'Garu']
['High Counter', 'Fire Boost', 'Wind Amp', 'Evade Strike']
['Fire Boost', 'Dodge Wind', 'Elec Amp', 'Evade Strike']
['Evade Strike', 'Dodge Wind', 'Bufu', 'Rakukaja']
['Fire Boost', 'Wind Amp', 'Bufu', 'Rakukaja']
['Wind Boost', 'Magaru', 'Rakukaja', 'Fire Boost']
['Dodge Wind', 'Wind Boost', 'Wind Amp', 'Magaru']
['Rakukaja', 'Mind Charge', 'Fire Boost', 'Wind Boost']
['Dodge Wind', 'Wind Amp', 'Fire Boost', 'Garu']
['Wind Boost', 'Fire Boost', 'Rakukaja', 'Mind Charge']
['Elec Amp', 'Wind Boost', 'Wind Amp', 'Garu']
['Wind Amp', 'Elec Amp', 'Fire Boost', 'High Counter']
['Fire Boost', 'Evade Strike', 'Dodge Wind', 'Rakukaja']
['Elec Amp', 'Garu', 'Fire Boost', 'Evade Strike']
['Bufu', 'Dodge Wind', 'Wind Boost', 'High Counter']
['Magaru', 'Wind Boost', 'Mind Charge', 'Garu']
['Wind Boost', 'Dodge Wind', 'Wind Amp', 'Rakukaja']
['Rakukaja', 'Evade Strike', 'Bufu', 'Fire Boost']
['Mind Charge', 'Wind Boost', 'Dodge Wind', 'Megidola']
['Wind Amp', 'Rakukaja', 'Wind Boost', 'Bufu']
['Wind Boost', 'Mind Charge', 'Garu', 'Fire Boost']
['Wind Amp', 'Fire Boost', 'Bufu', 'Wind Boost']
['Fire Boost', 'Wind Boost', 'Bufu', 'Mind Charge']
['Rakukaja', 'Wind Boost', 'Wind Amp', 'Fire Boost']
['Garu', 'Wind Amp', 'Bufu', 'Wind Boost']
['Rakukaja', 'Dodge Wind', 'Wind Boost', 'Wind Amp']
['Wind Boost', 'Dodge Wind', 'Rakukaja', 'Wind Amp']
['Mind Charge', 'Fire Boost', 'Dodge Wind', 'Rakukaja']
['Fire Boost', 'Rakukaja', 'Mind Charge', 'Dodge Wind']
['High Counter', 'Dodge Wind', 'Rakukaja', 'Wind Boost']
['Wind Boost', 'Magaru', 'Rakukaja', 'Mind Charge']
['Fire Boost', 'Rakukaja', 'Evade Strike', 'Garu']
['Mind Charge', 'Wind Amp', 'Evade Strike', 'Wind Boost']
['High Counter', 'Wind Boost', 'Dodge Wind', 'Elec Amp']
['Dodge Wind', 'Fire Boost', 'Elec Amp', 'Evade Strike']
['Dodge Wind', 'Wind Boost', 'Bufu', 'Rakukaja']
['Wind Boost', 'Rakukaja', 'Magaru', 'Mind Charge']
['Mind Charge', 'Rakukaja', 'Wind Boost', 'High Counter']
['High Counter', 'Rakukaja', 'Elec Amp', 'Fire Boost']
['Bufu', 'Dodge Wind', 'Elec Amp', 'Fire Boost']
['Fire Boost', 'Wind Amp', 'Evade Strike', 'Rakukaja']
['Garu', 'Elec Amp', 'Wind Boost', 'Rakukaja']
['Bufu', 'Wind Amp', 'Fire Boost', 'Wind Boost']
['Fire Boost', 'Wind Amp', 'Elec Amp', 'Rakukaja']
['Garu', 'Megidola', 'Wind Boost', 'Rakukaja']
['Magaru', 'Dodge Wind', 'Fire Boost', 'Wind Boost']
['Rakukaja', 'Wind Boost', 'Garu', 'Dodge Wind']
['High Counter', 'Wind Boost', 'Dodge Wind', 'Evade Strike']
['Wind Boost', 'High Counter', 'Fire Boost', 'Evade Strike']
['Elec Amp', 'Mind Charge', 'Rakukaja', 'Wind Boost']
['Magaru', 'Dodge Wind', 'Rakukaja', 'Wind Amp']
['Rakukaja', 'Fire Boost', 'Mind Charge', 'Wind Boost']
['Mind Charge', 'Fire Boost', 'Megidola', 'Elec Amp']
['Mind Charge', 'Dodge Wind', 'Garu', 'Elec Amp']
['Wind Boost', 'Dodge Wind', 'Bufu', 'Mind Charge']
['Elec Amp', 'Fire Boost', 'Wind Amp', 'High Counter']
['Wind Boost', 'Evade Strike', 'Elec Amp', 'Dodge Wind']
['Evade Strike', 'Fire Boost', 'Wind Boost', 'Mind Charge']
['Rakukaja', 'Fire Boost', 'Garu', 'Bufu']
['Wind Boost', 'Fire Boost', 'Rakukaja', 'Bufu']
['Garu', 'Evade Strike', 'Rakukaja', 'Wind Boost']
['Wind Boost', 'Elec Amp', 'Rakukaja', 'Dodge Wind']
['High Counter', 'Wind Boost', 'Evade Strike', 'Dodge Wind']
['Rakukaja', 'Fire Boost', 'Wind Amp', 'High Counter']
['Elec Amp', 'Rakukaja', 'Fire Boost', 'Wind Amp']
['High Counter', 'Bufu', 'Fire Boost', 'Mind Charge']
['Wind Amp', 'Rakukaja', 'Fire Boost', 'Wind Boost']
['Dodge Wind', 'Wind Boost', 'High Counter', 'Ragnarok']
['Fire Boost', 'High Counter', 'Elec Amp', 'Wind Amp']
['Dodge Wind', 'Evade Strike', 'Rakukaja', 'Fire Boost']
['Evade Strike', 'Dodge Wind', 'Elec Amp', 'Bufu']
['Evade Strike', 'Magaru', 'Bufu', 'Garu']
['Mind Charge', 'Garu', 'Wind Boost', 'Elec Amp']
['Garu', 'Rakukaja', 'Fire Boost', 'Wind Boost']
['Fire Boost', 'Wind Amp', 'Dodge Wind', 'Rakukaja']
['High Counter', 'Elec Amp', 'Evade Strike', 'Fire Boost']
['Dodge Wind', 'Evade Strike', 'Bufu', 'Rakukaja']
['Garu', 'High Counter', 'Wind Amp', 'Mind Charge']
['Dodge Wind', 'Magaru', 'High Counter', 'Wind Amp']
['High Counter', 'Mind Charge', 'Elec Amp', 'Garu']
['Wind Boost', 'Rakukaja', 'Garu', 'High Counter']
['Mind Charge', 'Fire Boost', 'Wind Boost', 'Rakukaja']
['Dodge Wind', 'Garu', 'Wind Boost', 'Evade Strike']
['Wind Boost', 'Rakukaja', 'Garu', 'Dodge Wind']
['Mind Charge', 'Dodge Wind', 'High Counter', 'Wind Boost']
['Magaru', 'Evade Strike', 'Fire Boost', 'Wind Boost']
['Mind Charge', 'Evade Strike', 'Wind Amp', 'Garu']
['Bufu', 'Magaru', 'Rakukaja', 'Mind Charge']
['Garu', 'Wind Amp', 'Rakukaja', 'Dodge Wind']
['Fire Boost', 'Wind Boost', 'Rakukaja', 'Garu']
['Wind Boost', 'Fire Boost', 'Garu', 'Rakukaja']
['High Counter', 'Garu', 'Wind Amp', 'Fire Boost']
['Mind Charge', 'Fire Boost', 'Wind Amp', 'High Counter']
['Fire Boost', 'Garu', 'Wind Boost', 'Bufu']
['High Counter', 'Fire Boost', 'Evade Strike', 'Wind Boost']
['Mind Charge', 'Wind Boost', 'Garu', 'Rakukaja']
['Fire Boost', 'Rakukaja', 'Evade Strike', 'Wind Boost']
['Elec Amp', 'Mind Charge', 'Garu', 'Dodge Wind']
['Elec Amp', 'Fire Boost', 'Magaru', 'Wind Amp']
['Elec Amp', 'High Counter', 'Fire Boost', 'Rakukaja']
['Evade Strike', 'Dodge Wind', 'Magaru', 'Wind Boost']
['High Counter', 'Wind Boost', 'Evade Strike', 'Fire Boost']
['Rakukaja', 'High Counter', 'Wind Amp', 'Dodge Wind']
['Rakukaja', 'Elec Amp', 'Garu', 'Wind Boost']
['High Counter', 'Rakukaja', 'Dodge Wind', 'Fire Boost']
['Wind Boost', 'Elec Amp', 'Mind Charge', 'Wind Amp']
['Evade Strike', 'Wind Amp', 'Bufu', 'Rakukaja']
['Elec Amp', 'High Counter', 'Evade Strike', 'Wind Boost']
['Evade Strike', 'Wind Amp', 'High Counter', 'Rakukaja']
['Rakukaja', 'Dodge Wind', 'Fire Boost', 'Elec Amp']
['Garu', 'Rakukaja', 'Bufu', 'High Counter']
['Mind Charge', 'Fire Boost', 'Elec Amp', 'High Counter']
['Evade Strike', 'Elec Amp', 'Bufu', 'Rakukaja']
['Wind Boost', 'Mind Charge', 'Fire Boost', 'Dodge Wind']
['Garu', 'Evade Strike', 'Magaru', 'Wind Boost']
['Dodge Wind', 'Wind Boost', 'Elec Amp', 'Evade Strike']
['Fire Boost', 'Evade Strike', 'Megidola', 'Garu']
['Rakukaja', 'Wind Boost', 'Fire Boost', 'Mind Charge']
['Rakukaja', 'Dodge Wind', 'Fire Boost', 'Evade Strike']
['Magaru', 'Dodge Wind', 'Bufu', 'Wind Amp']
['Elec Amp', 'Garu', 'Dodge Wind', 'Rakukaja']
['Mind Charge', 'Wind Boost', 'Garu', 'Fire Boost']
['Wind Amp', 'Fire Boost', 'Dodge Wind', 'Evade Strike']
['Dodge Wind', 'Magaru', 'Rakukaja', 'Garu']
['Garu', 'Fire Boost', 'Mind Charge', 'Magaru']
['Fire Boost', 'Rakukaja', 'Wind Boost', 'Ragnarok']
['High Counter', 'Elec Amp', 'Mind Charge', 'Rakukaja']
['Evade Strike', 'Rakukaja', 'Fire Boost', 'Garu']
['Wind Boost', 'Mind Charge', 'Dodge Wind', 'Wind Amp']
['Magaru', 'Mind Charge', 'Fire Boost', 'Rakukaja']
['Fire Boost', 'Bufu', 'Dodge Wind', 'Wind Amp']
['Bufu', 'Evade Strike', 'Rakukaja', 'Fire Boost']
['Bufu', 'Evade Strike', 'Wind Amp', 'Dodge Wind']
['Fire Boost', 'Evade Strike', 'Rakukaja', 'Mind Charge']
['Mind Charge', 'Elec Amp', 'Magaru', 'Evade Strike']
['Elec Amp', 'Fire Boost', 'Rakukaja', 'Wind Boost']
['Wind Boost', 'Elec Amp', 'Rakukaja', 'Evade Strike']
['Garu', 'Wind Amp', 'Fire Boost', 'Wind Boost']
['Fire Boost', 'Wind Boost', 'Bufu', 'Evade Strike']
['Bufu', 'Fire Boost', 'Evade Strike', 'Wind Amp']
['Rakukaja', 'Wind Amp', 'Wind Boost', 'Magaru']
['Rakukaja', 'Wind Amp', 'Wind Boost', 'Garu']
['Rakukaja', 'Elec Amp', 'Wind Amp', 'Wind Boost']
['Rakukaja', 'Wind Boost', 'Dodge Wind', 'Elec Amp']
['Bufu', 'Fire Boost', 'High Counter', 'Evade Strike']
['Bufu', 'Garu', 'Dodge Wind', 'Wind Boost']
['Wind Amp', 'Elec Amp', 'Wind Boost', 'Rakukaja']
['Evade Strike', 'Wind Boost', 'Magaru', 'Fire Boost']
['Wind Amp', 'Rakukaja', 'High Counter', 'Dodge Wind']
['Elec Amp', 'Rakukaja', 'Wind Boost', 'Dodge Wind']
['Wind Amp', 'Evade Strike', 'Wind Boost', 'Fire Boost']
['Garu', 'Fire Boost', 'Dodge Wind', 'Elec Amp']
['Wind Boost', 'Elec Amp', 'Mind Charge', 'Rakukaja']
['Evade Strike', 'Garu', 'Fire Boost', 'Wind Amp']
['Garu', 'Rakukaja', 'Wind Boost', 'Dodge Wind']
['Wind Boost', 'Rakukaja', 'Mind Charge', 'Garu']
['Wind Amp', 'Rakukaja', 'Magaru', 'Dodge Wind']
['Fire Boost', 'Rakukaja', 'Dodge Wind', 'Garu']
['Dodge Wind', 'Mind Charge', 'Garu', 'Fire Boost']
['Rakukaja', 'Fire Boost', 'Wind Boost', 'Dodge Wind']
['Wind Amp', 'Bufu', 'Wind Boost', 'Elec Amp']
['Rakukaja', 'High Counter', 'Fire Boost', 'Evade Strike']
['Bufu', 'Rakukaja', 'Wind Boost', 'Fire Boost']
['Mind Charge', 'Wind Boost', 'Dodge Wind', 'High Counter']
['Fire Boost', 'Magaru', 'Mind Charge', 'Wind Amp']
['Wind Boost', 'Rakukaja', 'Dodge Wind', 'Magaru']
['Fire Boost', 'Dodge Wind', 'Evade Strike', 'Wind Amp']
['High Counter', 'Fire Boost', 'Bufu', 'Dodge Wind']
['Mind Charge', 'Elec Amp', 'Garu', 'Magaru']
['Wind Boost', 'Garu', 'Fire Boost', 'Elec Amp']
['Wind Amp', 'Garu', 'Wind Boost', 'Rakukaja']
['Wind Boost', 'Rakukaja', 'Mind Charge', 'Fire Boost']
['Rakukaja', 'Fire Boost', 'Mind Charge', 'Wind Boost']
['Rakukaja', 'Fire Boost', 'Ragnarok', 'Wind Amp']
['Elec Amp', 'Fire Boost', 'Dodge Wind', 'Rakukaja']
['Wind Boost', 'Rakukaja', 'Fire Boost', 'Garu']
['Wind Boost', 'Elec Amp', 'Magaru', 'Fire Boost']
['High Counter', 'Fire Boost', 'Wind Amp', 'Bufu']
['Fire Boost', 'Elec Amp', 'Magaru', 'Rakukaja']
['Elec Amp', 'Dodge Wind', 'Wind Boost', 'Evade Strike']
['Elec Amp', 'Wind Boost', 'Garu', 'Evade Strike']
['Fire Boost', 'Wind Boost', 'Dodge Wind', 'Rakukaja']
['Elec Amp', 'Fire Boost', 'Mind Charge', 'Magaru']
['Evade Strike', 'Dodge Wind', 'Mind Charge', 'Fire Boost']
['Dodge Wind', 'Evade Strike', 'Garu', 'Mind Charge']
['High Counter', 'Elec Amp', 'Fire Boost', 'Wind Amp']
['Fire Boost', 'Wind Amp', 'Wind Boost', 'Rakukaja']
['Rakukaja', 'Mind Charge', 'High Counter', 'Wind Boost']
['Evade Strike', 'Fire Boost', 'Wind Amp', 'Dodge Wind']
['Fire Boost', 'Rakukaja', 'Evade Strike', 'Mind Charge']
['High Counter', 'Dodge Wind', 'Wind Boost', 'Elec Amp']
['Bufu', 'Evade Strike', 'Mind Charge', 'Wind Boost']
['Wind Boost', 'Elec Amp', 'Fire Boost', 'Wind Amp']
['Wind Boost', 'Fire Boost', 'Wind Amp', 'Rakukaja']
['Dodge Wind', 'Fire Boost', 'High Counter', 'Elec Amp']
['Wind Boost', 'Dodge Wind', 'Rakukaja', 'Elec Amp']
['Mind Charge', 'High Counter', 'Elec Amp', 'Rakukaja']
['Rakukaja', 'Wind Boost', 'Fire Boost', 'Elec Amp']
['Dodge Wind', 'Wind Boost', 'Garu', 'Mind Charge']
['Evade Strike', 'Mind Charge', 'Elec Amp', 'Wind Amp']
['Mind Charge', 'Wind Amp', 'Bufu', 'Evade Strike']
['Wind Boost', 'Fire Boost', 'Magaru', 'Garu']
['Fire Boost', 'Mind Charge', 'Elec Amp', 'Garu']
['Evade Strike', 'Mind Charge', 'Wind Boost', 'Elec Amp']
['Mind Charge', 'Dodge Wind', 'Rakukaja', 'Garu']
['Rakukaja', 'Garu', 'Fire Boost', 'Dodge Wind']
['Wind Boost', 'Wind Amp', 'Fire Boost', 'Magaru']
['Dodge Wind', 'Rakukaja', 'Wind Boost', 'Wind Amp']
['Garu', 'Rakukaja', 'Ragnarok', 'Fire Boost']
['Fire Boost', 'Evade Strike', 'Rakukaja', 'Wind Amp']
['Mind Charge', 'Fire Boost', 'Rakukaja', 'Garu']
['Garu', 'Rakukaja', 'Wind Boost', 'Ragnarok']
['Magaru', 'Elec Amp', 'Wind Boost', 'Fire Boost']
['Wind Boost', 'Megidola', 'Garu', 'Elec Amp']
['Elec Amp', 'Rakukaja', 'Wind Boost', 'Mind Charge']
['Dodge Wind', 'Garu', 'High Counter', 'Wind Boost']
['Bufu', 'Garu', 'Wind Boost', 'Dodge Wind']
['Wind Amp', 'Fire Boost', 'Rakukaja', 'High Counter']
['Wind Boost', 'Rakukaja', 'Bufu', 'Evade Strike']
['Fire Boost', 'High Counter', 'Wind Amp', 'Rakukaja']
['Fire Boost', 'Rakukaja', 'Evade Strike', 'Wind Amp']
['Garu', 'Rakukaja', 'Elec Amp', 'Bufu']
['High Counter', 'Dodge Wind', 'Wind Boost', 'Elec Amp']
['Wind Boost', 'Wind Amp', 'Fire Boost', 'Evade Strike']
['Dodge Wind', 'Evade Strike', 'Wind Amp', 'Fire Boost']
['Fire Boost', 'Wind Boost', 'Wind Amp', 'Evade Strike']
['Wind Amp', 'Magaru', 'High Counter', 'Fire Boost']
['High Counter', 'Wind Boost', 'Wind Amp', 'Fire Boost']
['Wind Amp', 'Rakukaja', 'Bufu', 'Wind Boost']
['Wind Boost', 'Wind Amp', 'Dodge Wind', 'High Counter']
['Elec Amp', 'Wind Boost', 'Dodge Wind', 'High Counter']
['Rakukaja', 'Fire Boost', 'Dodge Wind', 'Bufu']
['Mind Charge', 'Elec Amp', 'Dodge Wind', 'Rakukaja']
['Bufu', 'Dodge Wind', 'Elec Amp', 'Wind Boost']
['Mind Charge', 'Wind Amp', 'Bufu', 'Wind Boost']
['Magaru', 'Wind Boost', 'Bufu', 'Garu']
['Mind Charge', 'Elec Amp', 'Rakukaja', 'High Counter']
['Fire Boost', 'High Counter', 'Bufu', 'Rakukaja']
['Mind Charge', 'Garu', 'Rakukaja', 'Evade Strike']
['Wind Boost', 'Rakukaja', 'Magaru', 'High Counter']
['Rakukaja', 'Elec Amp', 'Wind Boost', 'Evade Strike']
['Fire Boost', 'Dodge Wind', 'Wind Boost', 'Bufu']
['Wind Boost', 'Rakukaja', 'Elec Amp', 'High Counter']
['Evade Strike', 'Rakukaja', 'Bufu', 'Fire Boost']
['Magaru', 'Bufu', 'Elec Amp', 'Rakukaja']
['Evade Strike', 'Rakukaja', 'Wind Amp', 'Garu']
['Elec Amp', 'Fire Boost', 'Rakukaja', 'Bufu']
['Wind Amp', 'Garu', 'Mind Charge', 'Dodge Wind']
['Rakukaja', 'High Counter', 'Bufu', 'Wind Boost']
['Fire Boost', 'Wind Boost', 'Bufu', 'Rakukaja']
['Elec Amp', 'Mind Charge', 'Bufu', 'Wind Boost']
['Rakukaja', 'Wind Boost', 'Dodge Wind', 'Wind Amp']
['High Counter', 'Dodge Wind', 'Mind Charge', 'Fire Boost']
['Elec Amp', 'Evade Strike', 'Dodge Wind', 'High Counter']
['Evade Strike', 'Wind Amp', 'Mind Charge', 'Garu']
['Fire Boost', 'Mind Charge', 'Evade Strike', 'Rakukaja']
['Bufu', 'Mind Charge', 'High Counter', 'Wind Boost']
['High Counter', 'Wind Amp', 'Rakukaja', 'Evade Strike']
['Dodge Wind', 'Evade Strike', 'Magaru', 'Rakukaja']
['Dodge Wind', 'Mind Charge', 'Garu', 'Wind Boost']
['Wind Boost', 'Rakukaja', 'Fire Boost', 'High Counter']
['Dodge Wind', 'Mind Charge', 'Garu', 'Wind Boost']
['Dodge Wind', 'Elec Amp', 'Bufu', 'Magaru']
['Fire Boost', 'Evade Strike', 'Rakukaja', 'Elec Amp']
['Rakukaja', 'Elec Amp', 'Wind Amp', 'Wind Boost']
['Rakukaja', 'Garu', 'Fire Boost', 'Wind Boost']
['Wind Boost', 'Wind Amp', 'High Counter', 'Fire Boost']
['Megidola', 'Elec Amp', 'Wind Boost', 'High Counter']
['Garu', 'Elec Amp', 'Dodge Wind', 'Evade Strike']
['Elec Amp', 'Rakukaja', 'Bufu', 'High Counter']
['Wind Boost', 'Garu', 'Fire Boost', 'Rakukaja']
['Rakukaja', 'High Counter', 'Wind Boost', 'Garu']
['Rakukaja', 'Wind Boost', 'Mind Charge', 'Elec Amp']
['Bufu', 'Mind Charge', 'Wind Amp', 'Fire Boost']
['High Counter', 'Garu', 'Wind Boost', 'Dodge Wind']
['Fire Boost', 'High Counter', 'Dodge Wind', 'Rakukaja']
['Magaru', 'High Counter', 'Wind Boost', 'Fire Boost']
['Bufu', 'Elec Amp', 'Garu', 'Wind Boost']
['Wind Amp', 'Elec Amp', 'High Counter', 'Wind Boost']
['Evade Strike', 'Rakukaja', 'Elec Amp', 'Wind Amp']
['Mind Charge', 'Wind Boost', 'Magaru', 'Fire Boost']
['Fire Boost', 'Wind Boost', 'Mind Charge', 'Dodge Wind']
['Fire Boost', 'Dodge Wind', 'Bufu', 'Garu']
['Dodge Wind', 'Wind Amp', 'Wind Boost', 'Fire Boost']
['Magaru', 'Elec Amp', 'Mind Charge', 'Rakukaja']
['Rakukaja', 'Bufu', 'Wind Amp', 'Fire Boost']
['Elec Amp', 'Evade Strike', 'Wind Boost', 'Wind Amp']
['Wind Amp', 'Elec Amp', 'Magaru', 'Fire Boost']
['High Counter', 'Wind Boost', 'Bufu', 'Wind Amp']
['Megidola', 'Garu', 'Elec Amp', 'Rakukaja']
['Fire Boost', 'Rakukaja', 'Wind Amp', 'Magaru']
['Rakukaja', 'Mind Charge', 'Fire Boost', 'Wind Boost']
['Rakukaja', 'Dodge Wind', 'Wind Amp', 'Elec Amp']
['Rakukaja', 'Fire Boost', 'Garu', 'High Counter']
['Fire Boost', 'Bufu', 'Rakukaja', 'Evade Strike']
['Dodge Wind', 'Wind Boost', 'Bufu', 'Rakukaja']
['Wind Boost', 'Magaru', 'Dodge Wind', 'Rakukaja']
['Fire Boost', 'Elec Amp', 'Bufu', 'Wind Boost']
['Wind Boost', 'Elec Amp', 'Bufu', 'Magaru']
['Bufu', 'Wind Boost', 'High Counter', 'Rakukaja']
['Fire Boost', 'Wind Amp', 'Mind Charge', 'Garu']
['Fire Boost', 'High Counter', 'Rakukaja', 'Wind Boost']
['Wind Amp', 'Rakukaja', 'Mind Charge', 'Fire Boost']
['Mind Charge', 'Rakukaja', 'Wind Amp', 'Dodge Wind']
['Dodge Wind', 'Wind Boost', 'Garu', 'Fire Boost']
['High Counter', 'Wind Boost', 'Rakukaja', 'Wind Amp']
['Elec Amp', 'Fire Boost', 'Wind Amp', 'Garu']
['Evade Strike', 'Dodge Wind', 'High Counter', 'Rakukaja']
['Bufu', 'High Counter', 'Mind Charge', 'Dodge Wind']
['Ragnarok', 'Wind Amp', 'Dodge Wind', 'Garu']
['Wind Boost', 'Wind Amp', 'Rakukaja', 'Mind Charge']
['Garu', 'Rakukaja', 'Evade Strike', 'Mind Charge']
['Garu', 'Fire Boost', 'Rakukaja', 'Wind Boost']
['Wind Amp', 'Dodge Wind', 'Megidola', 'Mind Charge']
['Bufu', 'Mind Charge', 'Rakukaja', 'Dodge Wind']
['Fire Boost', 'Mind Charge', 'Wind Boost', 'Rakukaja']
['Wind Boost', 'Dodge Wind', 'Garu', 'Wind Amp']
['Wind Boost', 'Elec Amp', 'Rakukaja', 'Megidola']
['Mind Charge', 'Elec Amp', 'Fire Boost', 'High Counter']
['Evade Strike', 'Magaru', 'Dodge Wind', 'Fire Boost']
['Rakukaja', 'Wind Boost', 'Dodge Wind', 'Garu']
['Dodge Wind', 'Wind Boost', 'Magaru', 'Mind Charge']
['Rakukaja', 'Bufu', 'Wind Boost', 'Dodge Wind']
['Dodge Wind', 'Wind Amp', 'Bufu', 'Fire Boost']
['Rakukaja', 'Evade Strike', 'Bufu', 'Magaru']
['Bufu', 'Dodge Wind', 'Fire Boost', 'Wind Boost']
['Wind Boost', 'Elec Amp', 'Evade Strike', 'Wind Amp']
['Fire Boost', 'Rakukaja', 'Evade Strike', 'Elec Amp']
['Wind Boost', 'Fire Boost', 'Wind Amp', 'High Counter']
['Elec Amp', 'Evade Strike', 'Mind Charge', 'Fire Boost']
['Wind Boost', 'Rakukaja', 'Wind Amp', 'Fire Boost']
['Dodge Wind', 'Bufu', 'Evade Strike', 'Elec Amp']
['Rakukaja', 'Wind Boost', 'Elec Amp', 'Evade Strike']
['Bufu', 'Dodge Wind', 'Wind Amp', 'Rakukaja']
['Wind Amp', 'Dodge Wind', 'Wind Boost', 'Garu']
['Elec Amp', 'Wind Boost', 'Ragnarok', 'Fire Boost']
['Bufu', 'High Counter', 'Dodge Wind', 'Wind Boost']
['Garu', 'Elec Amp', 'Dodge Wind', 'Bufu']
['Wind Boost', 'Bufu', 'Fire Boost', 'Elec Amp']
['Wind Boost', 'Rakukaja', 'Evade Strike', 'High Counter']
['Garu', 'Dodge Wind', 'Wind Amp', 'Fire Boost']
['Fire Boost', 'Mind Charge', 'Garu', 'Dodge Wind']
['Magaru', 'Dodge Wind', 'Rakukaja', 'Wind Amp']
['Mind Charge', 'Fire Boost', 'Dodge Wind', 'Rakukaja']
['Wind Amp', 'Dodge Wind', 'Wind Boost', 'Elec Amp']
['Wind Boost', 'Fire Boost', 'High Counter', 'Wind Amp']
['Magaru', 'Fire Boost', 'Bufu', 'Dodge Wind']
['Elec Amp', 'Bufu', 'Rakukaja', 'Magaru']
['Rakukaja', 'Dodge Wind', 'Bufu', 'Mind Charge']
['Garu', 'Mind Charge', 'Dodge Wind', 'Wind Amp']
['Fire Boost', 'Evade Strike', 'Bufu', 'Wind Boost']
['Rakukaja', 'Fire Boost', 'Elec Amp', 'High Counter']
['Bufu', 'Fire Boost', 'Wind Amp', 'High Counter']
['Wind Boost', 'Dodge Wind', 'Fire Boost', 'Evade Strike']
['Dodge Wind', 'Bufu', 'Fire Boost', 'Wind Boost']
['Fire Boost', 'High Counter', 'Wind Amp', 'Garu']
['Wind Boost', 'Elec Amp', 'High Counter', 'Fire Boost']
['Bufu', 'Wind Boost', 'Mind Charge', 'Magaru']
['Rakukaja', 'Garu', 'High Counter', 'Dodge Wind']
['Rakukaja', 'Fire Boost', 'Dodge Wind', 'Garu']
['Fire Boost', 'Bufu', 'Dodge Wind', 'Rakukaja']
['Bufu', 'Wind Boost', 'Wind Amp', 'Fire Boost']
['Wind Amp', 'Rakukaja', 'Wind Boost', 'Fire Boost']
['Rakukaja', 'Dodge Wind', 'Wind Boost', 'Evade Strike']
['Mind Charge', 'Fire Boost', 'Dodge Wind', 'Rakukaja']
['Wind Boost', 'Fire Boost', 'Mind Charge', 'Garu']
['Fire Boost', 'Rakukaja', 'Garu', 'Mind Charge']
['Garu', 'Evade Strike', 'High Counter', 'Fire Boost']
['Dodge Wind', 'Fire Boost', 'Bufu', 'Wind Amp']
['Fire Boost', 'Wind Boost', 'Dodge Wind', 'Bufu']
['Bufu', 'Evade Strike', 'Wind Boost', 'Rakukaja']
['Magaru', 'Dodge Wind', 'Evade Strike', 'Fire Boost']
['Evade Strike', 'Fire Boost', 'Rakukaja', 'Elec Amp']
['Rakukaja', 'Garu', 'Fire Boost', 'Bufu']
['Elec Amp', 'High Counter', 'Wind Boost', 'Bufu']
['High Counter', 'Elec Amp', 'Wind Amp', 'Wind Boost']
['Evade Strike', 'Dodge Wind', 'Bufu', 'Ragnarok']
['Dodge Wind', 'Mind Charge', 'Rakukaja', 'Wind Boost']
['Wind Amp', 'Megidola', 'High Counter', 'Mind Charge']
['Wind Boost', 'Dodge Wind', 'Garu', 'Evade Strike']
['Wind Boost', 'Ragnarok', 'Fire Boost', 'Wind Amp']
['Fire Boost', 'Rakukaja', 'Bufu', 'Dodge Wind']
['Wind Amp', 'Dodge Wind', 'Wind Boost', 'Garu']
['Wind Boost', 'Mind Charge', 'Rakukaja', 'Magaru']
['Elec Amp', 'Wind Amp', 'Fire Boost', 'High Counter']
['Wind Boost', 'Wind Amp', 'High Counter', 'Fire Boost']
['Bufu', 'Fire Boost', 'Wind Boost', 'Mind Charge']
['Rakukaja', 'Mind Charge', 'Garu', 'Wind Boost']
['Magaru', 'Dodge Wind', 'High Counter', 'Wind Amp']
['Evade Strike', 'Rakukaja', 'Dodge Wind', 'Wind Amp']
['Dodge Wind', 'High Counter', 'Fire Boost', 'Mind Charge']
['Wind Amp', 'Rakukaja', 'Dodge Wind', 'Elec Amp']
['Rakukaja', 'Wind Boost', 'Fire Boost', 'Dodge Wind']
['Evade Strike', 'Elec Amp', 'Fire Boost', 'Wind Boost']
['Bufu', 'Elec Amp', 'Fire Boost', 'Garu']
['Rakukaja', 'Elec Amp', 'Wind Boost', 'Fire Boost']
['Elec Amp', 'Fire Boost', 'Garu', 'Wind Amp']
['Rakukaja', 'Wind Amp', 'Mind Charge', 'Garu']
['Elec Amp', 'Wind Amp', 'Wind Boost', 'Rakukaja']
['Evade Strike', 'Fire Boost', 'Garu', 'Dodge Wind']
['Dodge Wind', 'Magaru', 'Rakukaja', 'Wind Amp']
['Wind Boost', 'Fire Boost', 'Garu', 'Dodge Wind']
['High Counter', 'Rakukaja', 'Evade Strike', 'Dodge Wind']
['Dodge Wind', 'Wind Boost', 'Evade Strike', 'Bufu']
['Elec Amp', 'Evade Strike', 'Rakukaja', 'Wind Boost']
['Evade Strike', 'Wind Amp', 'Magaru', 'Mind Charge']
['Wind Boost', 'Dodge Wind', 'Elec Amp', 'Fire Boost']
['Wind Boost', 'Mind Charge', 'Fire Boost', 'Elec Amp']
['Evade Strike', 'Dodge Wind', 'Rakukaja', 'Wind Amp']
['Elec Amp', 'Dodge Wind', 'Bufu', 'Rakukaja']
['Garu', 'Evade Strike', 'Rakukaja', 'Fire Boost']
['Garu', 'Rakukaja', 'Evade Strike', 'Bufu']
['Rakukaja', 'Dodge Wind', 'Evade Strike', 'Garu']
['Bufu', 'Dodge Wind', 'Rakukaja', 'Mind Charge']
['Fire Boost', 'Dodge Wind', 'Rakukaja', 'Evade Strike']
['Magaru', 'High Counter', 'Wind Boost', 'Bufu']
['Mind Charge', 'Rakukaja', 'Wind Boost', 'Megidola']
['Magaru', 'Elec Amp', 'Fire Boost', 'Wind Amp']
['Fire Boost', 'Dodge Wind', 'Bufu', 'Wind Amp']
['Evade Strike', 'Fire Boost', 'Bufu', 'Wind Boost']
['Rakukaja', 'Fire Boost', 'Wind Boost', 'Mind Charge']
['Fire Boost', 'Bufu', 'Elec Amp', 'Wind Amp']
['Wind Boost', 'Megidola', 'Rakukaja', 'Dodge Wind']
['Rakukaja', 'Garu', 'Dodge Wind', 'Fire Boost']
['Evade Strike', 'Elec Amp', 'High Counter', 'Ragnarok']
['Wind Boost', 'Fire Boost', 'Dodge Wind', 'Garu']
['Fire Boost', 'Dodge Wind', 'Garu', 'Bufu']
['Wind Amp', 'Wind Boost', 'Rakukaja', 'Dodge Wind']
['Rakukaja', 'Mind Charge', 'Fire Boost', 'Evade Strike']
['Wind Amp', 'Mind Charge', 'Fire Boost', 'Bufu']
['Fire Boost', 'Wind Amp', 'Rakukaja', 'Mind Charge']
['Wind Boost', 'High Counter', 'Wind Amp', 'Magaru']
['Wind Boost', 'Dodge Wind', 'Fire Boost', 'Mind Charge']
['Evade Strike', 'Dodge Wind', 'Rakukaja', 'Wind Boost']
['Wind Boost', 'Fire Boost', 'Rakukaja', 'Mind Charge']
['Rakukaja', 'Fire Boost', 'High Counter', 'Dodge Wind']
['High Counter', 'Dodge Wind', 'Wind Amp', 'Rakukaja']
['High Counter', 'Rakukaja', 'Elec Amp', 'Wind Boost']
['High Counter', 'Bufu', 'Elec Amp', 'Wind Amp']
['Fire Boost', 'Wind Amp', 'Wind Boost', 'Garu']
['Rakukaja', 'Fire Boost', 'Wind Amp', 'Dodge Wind']
['Rakukaja', 'Dodge Wind', 'High Counter', 'Elec Amp']
['Bufu', 'Elec Amp', 'Wind Boost', 'Wind Amp']
['Wind Amp', 'Mind Charge', 'Rakukaja', 'Evade Strike']
['Mind Charge', 'Fire Boost', 'Evade Strike', 'Bufu']
['Bufu', 'Rakukaja', 'Fire Boost', 'Garu']
['Wind Amp', 'Elec Amp', 'Dodge Wind', 'Mind Charge']
['Evade Strike', 'Mind Charge', 'Dodge Wind', 'Wind Boost']
['Elec Amp', 'Fire Boost', 'Rakukaja', 'Dodge Wind']
['Bufu', 'Fire Boost', 'Wind Amp', 'Dodge Wind']
['Wind Boost', 'Rakukaja', 'High Counter', 'Fire Boost']
['Fire Boost', 'Bufu', 'Magaru', 'Elec Amp']
['Fire Boost', 'Megidola', 'Wind Boost', 'Bufu']
['Rakukaja', 'Dodge Wind', 'High Counter', 'Evade Strike']
['Elec Amp', 'Wind Boost', 'High Counter', 'Megidola']
['Fire Boost', 'Mind Charge', 'Elec Amp', 'Garu']
['Wind Amp', 'Wind Boost', 'Rakukaja', 'Elec Amp']
['Magaru', 'High Counter', 'Garu', 'Fire Boost']
['Wind Boost', 'Elec Amp', 'Rakukaja', 'Bufu']
['Garu', 'Evade Strike', 'Bufu', 'Fire Boost']
['Wind Boost', 'Rakukaja', 'Bufu', 'Fire Boost']
['Mind Charge', 'Wind Boost', 'Rakukaja', 'Wind Amp']
['Rakukaja', 'High Counter', 'Fire Boost', 'Mind Charge']
['Wind Boost', 'Magaru', 'Evade Strike', 'Wind Amp']
['Garu', 'Magaru', 'Wind Boost', 'Bufu']
['Elec Amp', 'Evade Strike', 'Bufu', 'Rakukaja']
['Fire Boost', 'Mind Charge', 'Dodge Wind', 'Wind Boost']
['Bufu', 'Fire Boost', 'Mind Charge', 'Rakukaja']
['Wind Amp', 'Dodge Wind', 'Garu', 'High Counter']
['Fire Boost', 'Megidola', 'Dodge Wind', 'Mind Charge']
['Fire Boost', 'Wind Amp', 'Ragnarok', 'Wind Boost']
['High Counter', 'Wind Amp', 'Mind Charge', 'Dodge Wind']
['Garu', 'Wind Amp', 'Rakukaja', 'Wind Boost']
['Garu', 'Fire Boost', 'High Counter', 'Mind Charge']
['Bufu', 'Fire Boost', 'Garu', 'Rakukaja']
['Rakukaja', 'Elec Amp', 'Evade Strike', 'Bufu']
['Dodge Wind', 'Magaru', 'Wind Boost', 'Fire Boost']
['Elec Amp', 'High Counter', 'Fire Boost', 'Wind Boost']
['High Counter', 'Bufu', 'Fire Boost', 'Evade Strike']
['Magaru', 'Wind Boost', 'Evade Strike', 'Bufu']
['Magaru', 'Wind Amp', 'High Counter', 'Wind Boost']
['Magaru', 'Mind Charge', 'Wind Boost', 'Bufu']
['Wind Boost', 'Mind Charge', 'Fire Boost', 'Dodge Wind']
['Evade Strike', 'Magaru', 'Garu', 'Mind Charge']
['Wind Amp', 'Magaru', 'Rakukaja', 'Garu']
['Evade Strike', 'Wind Boost', 'Garu', 'Dodge Wind']
['Mind Charge', 'Wind Amp', 'Fire Boost', 'Magaru']
['High Counter', 'Evade Strike', 'Wind Amp', 'Rakukaja']
['Fire Boost', 'Mind Charge', 'Wind Boost', 'Evade Strike']
['Fire Boost', 'Wind Boost', 'High Counter', 'Evade Strike']
['Wind Boost', 'Dodge Wind', 'Mind Charge', 'Bufu']
['Dodge Wind', 'Elec Amp', 'Wind Boost', 'Evade Strike']
['Garu', 'Wind Boost', 'Rakukaja', 'Mind Charge']
['Fire Boost', 'Magaru', 'Bufu', 'Wind Amp']
['Megidola', 'High Counter', 'Dodge Wind', 'Fire Boost']
['Rakukaja', 'Dodge Wind', 'Fire Boost', 'Wind Amp']
['Mind Charge', 'Wind Boost', 'Wind Amp', 'Garu']
['Wind Boost', 'Rakukaja', 'Garu', 'High Counter']
['Wind Boost', 'Fire Boost', 'Wind Amp', 'Rakukaja']
['Rakukaja', 'Fire Boost', 'Wind Boost', 'Evade Strike']
['Garu', 'Wind Boost', 'Dodge Wind', 'Wind Amp']
['Fire Boost', 'Garu', 'Wind Boost', 'Evade Strike']
['Rakukaja', 'Wind Boost', 'Dodge Wind', 'Mind Charge']
['Garu', 'Wind Amp', 'Wind Boost', 'Rakukaja']
['Wind Amp', 'Wind Boost', 'Dodge Wind', 'Fire Boost']
