['Null Fear', 'Zio', 'Tentarafoo', 'Provoke']
['Tentarafoo', 'Maragi', 'Ghastly Wail', 'Provoke']
['Evil Smile', 'Tentarafoo', 'Provoke', 'Rebellion']
['Evil Smile', 'Tentarafoo', 'Provoke', 'Rebellion']
['Mudoon', 'Provoke', 'Zio', 'Tentarafoo']
['Tentarafoo', 'Zio', 'Rebellion', 'Evil Smile']
['Provoke', 'Evil Smile', 'Dekaja', 'Foul Breath']
['Ghastly Wail', 'Evil Smile', 'Tentarafoo', 'Provoke']
['Zio', 'Provoke', 'Dekaja', 'Null Fear']
['Tentarafoo', 'Provoke', 'Null Fear', 'Evil Smile']
['Ghastly Wail', 'Tentarafoo', 'Panta Rhei', 'Provoke']
['Ghastly Wail', 'Provoke', 'Tentarafoo', 'Mudoon']
['Tentarafoo', 'Evil Smile', 'Dekaja', 'Provoke']
['Wind Amp', 'Evil Smile', 'Null Fear', 'Tentarafoo']
['Ghastly Wail', 'Provoke', 'Mudoon', 'Evil Smile']
['Tentarafoo', 'Ghastly Wail', 'Evil Smile', 'Provoke']
['Ghastly Wail', 'Provoke', 'Null Distress', 'Tentarafoo']
['Provoke', 'Evil Smile', 'Foul Breath', 'Null Distress']
['Null Distress', 'Ghastly Wail', 'Tentarafoo', 'Provoke']
['Dekaja', 'Provoke', 'Mudoon', 'Wind Amp']
['Tentarafoo', 'Dekaja', 'Ghastly Wail', 'Provoke']
['Provoke', 'Zio', 'Evil Smile', 'Ghastly Wail']
['Provoke', 'Dekaja', 'Tentarafoo', 'Null Fear']
['Foul Breath', 'Tentarafoo', 'Ghastly Wail', 'Provoke']
['Provoke', 'Evil Smile', 'Tentarafoo', 'Mudoon']
['Tentarafoo', 'Evil Smile', 'Mudoon', 'Null Fear']
['Provoke', 'Evil Smile', 'Rebellion', 'Mudoon']
['Mudoon', 'Tentarafoo', 'Provoke', 'Evil Smile']
['Provoke', 'Evil Smile', 'Rebellion', 'Dekaja']
['Mudoon', 'Zio', 'Provoke', 'Tentarafoo']
['Zio', 'Rebellion', 'Provoke', 'Wind Amp']
['Ghastly Wail', 'Evil Smile', 'Wind Amp', 'Provoke']
['Tentarafoo', 'Ghastly Wail', 'Evil Smile', 'Rebellion']
['Ghastly Wail', 'Tentarafoo', 'Provoke', 'Evil Smile']
['Tentarafoo', 'Evil Smile', 'Ghastly Wail', 'Provoke']
['Evil Smile', 'Provoke', 'Wind Amp', 'Rebellion']
['Null Fear', 'Zio', 'Evil Smile', 'Dekaja']
['Evil Smile', 'Mudoon', 'Provoke', 'Tentarafoo']
['Provoke', 'Wind Amp', 'Rebellion', 'Foul Breath']
['Dekaja', 'Null Fear', 'Mudoon', 'Magarula']
['Provoke', 'Zio', 'Null Distress', 'Ghastly Wail']
['Evil Smile', 'Tentarafoo', 'Provoke', 'Ghastly Wail']
['Evil Smile', 'Tentarafoo', 'Rebellion', 'Foul Breath']
['Tentarafoo', 'Provoke', 'Zio', 'Mudoon']
['Provoke', 'Foul Breath', 'Tentarafoo', 'Ghastly Wail']
['Provoke', 'Evil Smile', 'Tentarafoo', 'Maragi']
['Tentarafoo', 'Ghastly Wail', 'Evil Smile', 'Dekaja']
['Rebellion', 'Provoke', 'Tentarafoo', 'Foul Breath']
['Tentarafoo', 'Provoke', 'Zio', 'Dekaja']
['Evil Smile', 'Tentarafoo', 'Provoke', 'Ghastly Wail']
['Provoke', 'Zio', 'Tentarafoo', 'Dekaja']
['Provoke', 'Ghastly Wail', 'Mudoon', 'Tentarafoo']
['Ghastly Wail', 'Provoke', 'Evil Smile', 'Magarula']
['Maragi', 'Foul Breath', 'Evil Smile', 'Wind Amp']
['Tentarafoo', 'Evil Smile', 'Provoke', 'Dekaja']
['Provoke', 'Evil Smile', 'Ghastly Wail', 'Rebellion']
['Provoke', 'Tentarafoo', 'Ghastly Wail', 'Rebellion']
['Provoke', 'Ghastly Wail', 'Rebellion', 'Null Fear']
['Null Distress', 'Tentarafoo', 'Maragi', 'Evil Smile']
['Rebellion', 'Wind Amp', 'Provoke', 'Tentarafoo']
['Tentarafoo', 'Provoke', 'Foul Breath', 'Mudoon']
['Provoke', 'Foul Breath', 'Evil Smile', 'Panta Rhei']
['Null Distress', 'Provoke', 'Ghastly Wail', 'Tentarafoo']
['Rebellion', 'Null Distress', 'Tentarafoo', 'Wind Amp']
['Tentarafoo', 'Provoke', 'Null Distress', 'Zio']
['Tentarafoo', 'Evil Smile', 'Provoke', 'Rebellion']
['Provoke', 'Ghastly Wail', 'Tentarafoo', 'Wind Amp']
['Mudoon', 'Rebellion', 'Tentarafoo', 'Panta Rhei']
['Provoke', 'Ghastly Wail', 'Wind Amp', 'Tentarafoo']
['Mudoon', 'Tentarafoo', 'Evil Smile', 'Rebellion']
['Provoke', 'Rebellion', 'Tentarafoo', 'Ghastly Wail']
['Provoke', 'Wind Amp', 'Ghastly Wail', 'Evil Smile']
['Evil Smile', 'Provoke', 'Mudoon', 'Null Fear']
['Maragi', 'Provoke', 'Tentarafoo', 'Foul Breath']
['Null Distress', 'Ghastly Wail', 'Provoke', 'Evil Smile']
['Evil Smile', 'Provoke', 'Mudoon', 'Maragi']
['Tentarafoo', 'Rebellion', 'Ghastly Wail', 'Mudoon']
['Tentarafoo', 'Rebellion', 'Evil Smile', 'Provoke']
['Evil Smile', 'Provoke', 'Maragi', 'Wind Amp']
['Evil Smile', 'Provoke', 'Rebellion', 'Tentarafoo']
['Provoke', 'Wind Amp', 'Tentarafoo', 'Foul Breath']
['Rebellion', 'Tentarafoo', 'Null Fear', 'Maragi']
['Provoke', 'Maragi', 'Mudoon', 'Evil Smile']
['Ghastly Wail', 'Provoke', 'Zio', 'Tentarafoo']
['Tentarafoo', 'Wind Amp', 'Ghastly Wail', 'Provoke']
['Ghastly Wail', 'Wind Amp', 'Evil Smile', 'Provoke']
['Foul Breath', 'Wind Amp', 'Provoke', 'Ghastly Wail']
['Zio', 'Ghastly Wail', 'Provoke', 'Tentarafoo']
['Rebellion', 'Tentarafoo', 'Provoke', 'Mudoon']
['Provoke', 'Null Distress', 'Evil Smile', 'Dekaja']
['Tentarafoo', 'Dekaja', 'Ghastly Wail', 'Zio']
['Tentarafoo', 'Ghastly Wail', 'Provoke', 'Wind Amp']
['Zio', 'Dekaja', 'Wind Amp', 'Provoke']
['Provoke', 'Tentarafoo', 'Null Fear', 'Evil Smile']
['Ghastly Wail', 'Provoke', 'Wind Amp', 'Dekaja']
['Evil Smile', 'Tentarafoo', 'Provoke', 'Dekaja']
['Maragi', 'Ghastly Wail', 'Tentarafoo', 'Dekaja']
['Provoke', 'Tentarafoo', 'Null Fear', 'Mudoon']
['Provoke', 'Ghastly Wail', 'Evil Smile', 'Null Fear']
['Tentarafoo', 'Evil Smile', 'Provoke', 'Null Fear']
['Tentarafoo', 'Provoke', 'Evil Smile', 'Ghastly Wail']
['Tentarafoo', 'Rebellion', 'Dekaja', 'Provoke']
['Zio', 'Provoke', 'Ghastly Wail', 'Rebellion']
['Dekaja', 'Evil Smile', 'Provoke', 'Rebellion']
['Wind Amp', 'Tentarafoo', 'Provoke', 'Ghastly Wail']
['Provoke', 'Mudoon', 'Null Fear', 'Tentarafoo']
['Rebellion', 'Tentarafoo', 'Provoke', 'Evil Smile']
['Rebellion', 'Wind Amp', 'Provoke', 'Tentarafoo']
['Mudoon', 'Tentarafoo', 'Provoke', 'Evil Smile']
['Ghastly Wail', 'Provoke', 'Tentarafoo', 'Zio']
['Evil Smile', 'Ghastly Wail', 'Provoke', 'Null Distress']
['Null Fear', 'Wind Amp', 'Ghastly Wail', 'Dekaja']
['Rebellion', 'Provoke', 'Evil Smile', 'Wind Amp']
['Wind Amp', 'Evil Smile', 'Tentarafoo', 'Provoke']
['Rebellion', 'Ghastly Wail', 'Provoke', 'Null Fear']
['Tentarafoo', 'Provoke', 'Evil Smile', 'Wind Amp']
['Null Fear', 'Provoke', 'Null Distress', 'Evil Smile']
['Tentarafoo', 'Evil Smile', 'Provoke', 'Zio']
['Tentarafoo', 'Provoke', 'Rebellion', 'Maragi']
['Provoke', 'Evil Smile', 'Rebellion', 'Tentarafoo']
['Zio', 'Provoke', 'Rebellion', 'Maragi']
['Provoke', 'Evil Smile', 'Mudoon', 'Ghastly Wail']
['Foul Breath', 'Provoke', 'Evil Smile', 'Ghastly Wail']
['Tentarafoo', 'Provoke', 'Foul Breath', 'Ghastly Wail']
['Rebellion', 'Evil Smile', 'Provoke', 'Tentarafoo']
['Evil Smile', 'Provoke', 'Ghastly Wail', 'Null Fear']
['Provoke', 'Dekaja', 'Wind Amp', 'Tentarafoo']
['Provoke', 'Ghastly Wail', 'Evil Smile', 'Mudoon']
['Zio', 'Tentarafoo', 'Ghastly Wail', 'Evil Smile']
['Ghastly Wail', 'Dekaja', 'Provoke', 'Null Distress']
['Evil Smile', 'Provoke', 'Tentarafoo', 'Foul Breath']
['Rebellion', 'Magarula', 'Provoke', 'Tentarafoo']
['Evil Smile', 'Wind Amp', 'Tentarafoo', 'Provoke']
['Mudoon', 'Magarula', 'Provoke', 'Dekaja']
['Provoke', 'Evil Smile', 'Rebellion', 'Maragi']
['Provoke', 'Ghastly Wail', 'Evil Smile', 'Dekaja']
['Tentarafoo', 'Ghastly Wail', 'Provoke', 'Evil Smile']
['Provoke', 'Rebellion', 'Zio', 'Tentarafoo']
['Provoke', 'Mudoon', 'Evil Smile', 'Null Distress']
['Provoke', 'Evil Smile', 'Tentarafoo', 'Ghastly Wail']
['Evil Smile', 'Mudoon', 'Provoke', 'Ghastly Wail']
['Evil Smile', 'Provoke', 'Wind Amp', 'Tentarafoo']
['Evil Smile', 'Provoke', 'Rebellion', 'Ghastly Wail']
['Ghastly Wail', 'Tentarafoo', 'Provoke', 'Evil Smile']
['Ghastly Wail', 'Rebellion', 'Wind Amp', 'Provoke']
['Provoke', 'Evil Smile', 'Null Fear', 'Rebellion']
['Evil Smile', 'Provoke', 'Ghastly Wail', 'Zio']
['Rebellion', 'Provoke', 'Null Fear', 'Null Distress']
['Provoke', 'Zio', 'Evil Smile', 'Ghastly Wail']
['Ghastly Wail', 'Rebellion', 'Provoke', 'Evil Smile']
['Tentarafoo', 'Provoke', 'Ghastly Wail', 'Wind Amp']
['Rebellion', 'Provoke', 'Evil Smile', 'Null Fear']
['Provoke', 'Tentarafoo', 'Evil Smile', 'Wind Amp']
['Provoke', 'Tentarafoo', 'Magarula', 'Zio']
['Rebellion', 'Provoke', 'Tentarafoo', 'Dekaja']
['Tentarafoo', 'Null Distress', 'Evil Smile', 'Provoke']
['Provoke', 'Null Distress', 'Evil Smile', 'Zio']
['Zio', 'Ghastly Wail', 'Rebellion', 'Provoke']
['Tentarafoo', 'Provoke', 'Rebellion', 'Ghastly Wail']
['Evil Smile', 'Tentarafoo', 'Ghastly Wail', 'Mudoon']
['Ghastly Wail', 'Evil Smile', 'Provoke', 'Mudoon']
['Tentarafoo', 'Ghastly Wail', 'Evil Smile', 'Provoke']
['Dekaja', 'Provoke', 'Wind Amp', 'Foul Breath']
['Tentarafoo', 'Evil Smile', 'Provoke', 'Maragi']
['Rebellion', 'Maragi', 'Provoke', 'Tentarafoo']
['Null Fear', 'Rebellion', 'Provoke', 'Evil Smile']
['Provoke', 'Ghastly Wail', 'Rebellion', 'Tentarafoo']
['Ghastly Wail', 'Evil Smile', 'Null Fear', 'Provoke']
['Provoke', 'Null Fear', 'Ghastly Wail', 'Null Distress']
['Evil Smile', 'Provoke', 'Null Fear', 'Rebellion']
['Mudoon', 'Null Fear', 'Evil Smile', 'Rebellion']
['Ghastly Wail', 'Null Distress', 'Provoke', 'Tentarafoo']
['Provoke', 'Evil Smile', 'Null Distress', 'Foul Breath']
['Provoke', 'Tentarafoo', 'Wind Amp', 'Mudoon']
['Rebellion', 'Tentarafoo', 'Ghastly Wail', 'Provoke']
['Provoke', 'Evil Smile', 'Tentarafoo', 'Ghastly Wail']
['Ghastly Wail', 'Null Distress', 'Evil Smile', 'Tentarafoo']
['Provoke', 'Wind Amp', 'Rebellion', 'Evil Smile']
['Provoke', 'Ghastly Wail', 'Zio', 'Foul Breath']
['Null Distress', 'Provoke', 'Evil Smile', 'Dekaja']
['Tentarafoo', 'Dekaja', 'Rebellion', 'Evil Smile']
['Evil Smile', 'Provoke', 'Rebellion', 'Tentarafoo']
['Provoke', 'Zio', 'Null Fear', 'Evil Smile']
['Ghastly Wail', 'Provoke', 'Null Fear', 'Null Distress']
['Rebellion', 'Provoke', 'Foul Breath', 'Null Distress']
['Provoke', 'Null Fear', 'Wind Amp', 'Evil Smile']
['Provoke', 'Rebellion', 'Evil Smile', 'Mudoon']
['Zio', 'Provoke', 'Evil Smile', 'Dekaja']
['Provoke', 'Tentarafoo', 'Null Distress', 'Zio']
['Provoke', 'Tentarafoo', 'Evil Smile', 'Dekaja']
['Provoke', 'Rebellion', 'Ghastly Wail', 'Mudoon']
['Rebellion', 'Evil Smile', 'Tentarafoo', 'Null Distress']
['Tentarafoo', 'Provoke', 'Wind Amp', 'Rebellion']
['Rebellion', 'Ghastly Wail', 'Provoke', 'Wind Amp']
['Tentarafoo', 'Ghastly Wail', 'Provoke', 'Evil Smile']
['Rebellion', 'Tentarafoo', 'Mudoon', 'Evil Smile']
['Mudoon', 'Provoke', 'Evil Smile', 'Tentarafoo']
['Mudoon', 'Provoke', 'Wind Amp', 'Maragi']
['Null Fear', 'Tentarafoo', 'Evil Smile', 'Provoke']
['Provoke', 'Evil Smile', 'Ghastly Wail', 'Rebellion']
['Tentarafoo', 'Evil Smile', 'Provoke', 'Rebellion']
['Provoke', 'Wind Amp', 'Evil Smile', 'Null Fear']
['Provoke', 'Evil Smile', 'Ghastly Wail', 'Tentarafoo']
['Dekaja', 'Provoke', 'Evil Smile', 'Rebellion']
['Rebellion', 'Null Fear', 'Evil Smile', 'Tentarafoo']
['Provoke', 'Mudoon', 'Evil Smile', 'Tentarafoo']
['Rebellion', 'Evil Smile', 'Dekaja', 'Foul Breath']
['Tentarafoo', 'Dekaja', 'Provoke', 'Rebellion']
['Provoke', 'Tentarafoo', 'Ghastly Wail', 'Evil Smile']
['Tentarafoo', 'Ghastly Wail', 'Zio', 'Provoke']
['Tentarafoo', 'Evil Smile', 'Rebellion', 'Provoke']
['Provoke', 'Wind Amp', 'Mudoon', 'Tentarafoo']
['Evil Smile', 'Rebellion', 'Ghastly Wail', 'Provoke']
['Ghastly Wail', 'Evil Smile', 'Provoke', 'Null Distress']
['Provoke', 'Magarula', 'Dekaja', 'Zio']
['Provoke', 'Evil Smile', 'Mudoon', 'Ghastly Wail']
['Mudoon', 'Provoke', 'Evil Smile', 'Wind Amp']
['Rebellion', 'Provoke', 'Tentarafoo', 'Evil Smile']
['Evil Smile', 'Wind Amp', 'Tentarafoo', 'Null Fear']
['Rebellion', 'Null Distress', 'Wind Amp', 'Evil Smile']
['Tentarafoo', 'Mudoon', 'Null Fear', 'Ghastly Wail']
['Provoke', 'Tentarafoo', 'Rebellion', 'Evil Smile']
['Provoke', 'Foul Breath', 'Evil Smile', 'Wind Amp']
['Panta Rhei', 'Tentarafoo', 'Evil Smile', 'Null Fear']
['Evil Smile', 'Provoke', 'Ghastly Wail', 'Mudoon']
['Tentarafoo', 'Rebellion', 'Null Distress', 'Evil Smile']
['Tentarafoo', 'Rebellion', 'Dekaja', 'Mudoon']
['Null Fear', 'Evil Smile', 'Provoke', 'Null Distress']
['Ghastly Wail', 'Dekaja', 'Provoke', 'Tentarafoo']
['Wind Amp', 'Evil Smile', 'Provoke', 'Rebellion']
['Provoke', 'Null Distress', 'Tentarafoo', 'Evil Smile']
['Evil Smile', 'Rebellion', 'Zio', 'Provoke']
['Provoke', 'Tentarafoo', 'Null Fear', 'Evil Smile']
['Mudoon', 'Maragi', 'Evil Smile', 'Ghastly Wail']
['Evil Smile', 'Mudoon', 'Provoke', 'Null Distress']
['Provoke', 'Rebellion', 'Evil Smile', 'Dekaja']
['Provoke', 'Tentarafoo', 'Evil Smile', 'Zio']
['Null Fear', 'Provoke', 'Wind Amp', 'Rebellion']
['Provoke', 'Evil Smile', 'Zio', 'Wind Amp']
['Tentarafoo', 'Mudoon', 'Evil Smile', 'Provoke']
['Evil Smile', 'Provoke', 'Dekaja', 'Ghastly Wail']
['Zio', 'Tentarafoo', 'Evil Smile', 'Foul Breath']
['Evil Smile', 'Mudoon', 'Provoke', 'Null Fear']
['Provoke', 'Tentarafoo', 'Foul Breath', 'Dekaja']
['Tentarafoo', 'Evil Smile', 'Provoke', 'Rebellion']
['Provoke', 'Evil Smile', 'Ghastly Wail', 'Tentarafoo']
['Rebellion', 'Evil Smile', 'Provoke', 'Tentarafoo']
['Zio', 'Null Fear', 'Evil Smile', 'Provoke']
['Dekaja', 'Provoke', 'Ghastly Wail', 'Wind Amp']
['Provoke', 'Foul Breath', 'Null Distress', 'Tentarafoo']
['Provoke', 'Mudoon', 'Wind Amp', 'Rebellion']
['Maragi', 'Provoke', 'Tentarafoo', 'Evil Smile']
['Rebellion', 'Null Fear', 'Provoke', 'Evil Smile']
['Provoke', 'Evil Smile', 'Tentarafoo', 'Rebellion']
['Dekaja', 'Ghastly Wail', 'Null Fear', 'Maragi']
['Null Fear', 'Null Distress', 'Rebellion', 'Provoke']
['Provoke', 'Tentarafoo', 'Ghastly Wail', 'Rebellion']
['Wind Amp', 'Tentarafoo', 'Provoke', 'Evil Smile']
['Rebellion', 'Provoke', 'Tentarafoo', 'Ghastly Wail']
['Null Distress', 'Tentarafoo', 'Dekaja', 'Mudoon']
['Evil Smile', 'Rebellion', 'Provoke', 'Mudoon']
['Provoke', 'Evil Smile', 'Rebellion', 'Ghastly Wail']
['Evil Smile', 'Provoke', 'Wind Amp', 'Tentarafoo']
['Provoke', 'Tentarafoo', 'Rebellion', 'Ghastly Wail']
['Provoke', 'Ghastly Wail', 'Evil Smile', 'Wind Amp']
['Tentarafoo', 'Rebellion', 'Provoke', 'Dekaja']
['Provoke', 'Evil Smile', 'Ghastly Wail', 'Rebellion']
['Ghastly Wail', 'Provoke', 'Rebellion', 'Dekaja']
['Evil Smile', 'Provoke', 'Ghastly Wail', 'Rebellion']
['Tentarafoo', 'Provoke', 'Evil Smile', 'Ghastly Wail']
['Mudoon', 'Tentarafoo', 'Evil Smile', 'Provoke']
['Tentarafoo', 'Provoke', 'Ghastly Wail', 'Evil Smile']
['Zio', 'Rebellion', 'Evil Smile', 'Provoke']
['Provoke', 'Tentarafoo', 'Evil Smile', 'Magarula']
['Provoke', 'Wind Amp', 'Tentarafoo', 'Evil Smile']
['Wind Amp', 'Provoke', 'Ghastly Wail', 'Evil Smile']
['Null Distress', 'Evil Smile', 'Ghastly Wail', 'Rebellion']
['Evil Smile', 'Provoke', 'Rebellion', 'Zio']
['Evil Smile', 'Provoke', 'Tentarafoo', 'Zio']
['Null Distress', 'Tentarafoo', 'Provoke', 'Evil Smile']
['Foul Breath', 'Mudoon', 'Evil Smile', 'Wind Amp']
['Rebellion', 'Dekaja', 'Evil Smile', 'Provoke']
['Tentarafoo', 'Dekaja', 'Provoke', 'Mudoon']
['Provoke', 'Tentarafoo', 'Evil Smile', 'Null Distress']
['Evil Smile', 'Provoke', 'Tentarafoo', 'Maragi']
['Tentarafoo', 'Mudoon', 'Maragi', 'Provoke']
['Provoke', 'Ghastly Wail', 'Tentarafoo', 'Null Fear']
['Provoke', 'Evil Smile', 'Tentarafoo', 'Wind Amp']
['Tentarafoo', 'Ghastly Wail', 'Evil Smile', 'Provoke']
['Provoke', 'Dekaja', 'Mudoon', 'Evil Smile']
['Zio', 'Evil Smile', 'Maragi', 'Wind Amp']
['Ghastly Wail', 'Tentarafoo', 'Mudoon', 'Provoke']
['Dekaja', 'Tentarafoo', 'Provoke', 'Null Distress']
['Provoke', 'Rebellion', 'Evil Smile', 'Tentarafoo']
['Provoke', 'Ghastly Wail', 'Zio', 'Tentarafoo']
['Ghastly Wail', 'Evil Smile', 'Provoke', 'Mudoon']
['Wind Amp', 'Provoke', 'Null Distress', 'Rebellion']
['Provoke', 'Maragi', 'Rebellion', 'Tentarafoo']
['Provoke', 'Dekaja', 'Foul Breath', 'Tentarafoo']
['Evil Smile', 'Wind Amp', 'Provoke', 'Tentarafoo']
['Provoke', 'Rebellion', 'Wind Amp', 'Mudoon']
['Tentarafoo', 'Provoke', 'Maragi', 'Magarula']
['Ghastly Wail', 'Tentarafoo', 'Provoke', 'Wind Amp']
['Rebellion', 'Zio', 'Ghastly Wail', 'Mudoon']
['Mudoon', 'Provoke', 'Wind Amp', 'Ghastly Wail']
['Wind Amp', 'Provoke', 'Tentarafoo', 'Maragi']
['Wind Amp', 'Dekaja', 'Mudoon', 'Evil Smile']
['Tentarafoo', 'Evil Smile', 'Provoke', 'Maragi']
['Provoke', 'Wind Amp', 'Foul Breath', 'Evil Smile']
['Dekaja', 'Tentarafoo', 'Provoke', 'Null Distress']
['Provoke', 'Tentarafoo', 'Wind Amp', 'Null Fear']
['Null Distress', 'Null Fear', 'Tentarafoo', 'Mudoon']
['Provoke', 'Mudoon', 'Ghastly Wail', 'Dekaja']
['Tentarafoo', 'Ghastly Wail', 'Provoke', 'Evil Smile']
['Provoke', 'Evil Smile', 'Rebellion', 'Tentarafoo']
['Provoke', 'Null Fear', 'Ghastly Wail', 'Dekaja']
['Provoke', 'Ghastly Wail', 'Null Distress', 'Wind Amp']
['Ghastly Wail', 'Wind Amp', 'Provoke', 'Rebellion']
['Ghastly Wail', 'Evil Smile', 'Rebellion', 'Tentarafoo']
['Dekaja', 'Rebellion', 'Tentarafoo', 'Provoke']
['Tentarafoo', 'Ghastly Wail', 'Provoke', 'Null Fear']
['Evil Smile', 'Tentarafoo', 'Provoke', 'Ghastly Wail']
['Mudoon', 'Evil Smile', 'Provoke', 'Rebellion']
['Evil Smile', 'Rebellion', 'Ghastly Wail', 'Tentarafoo']
['Evil Smile', 'Foul Breath', 'Dekaja', 'Tentarafoo']
['Provoke', 'Evil Smile', 'Tentarafoo', 'Ghastly Wail']
['Provoke', 'Ghastly Wail', 'Null Fear', 'Evil Smile']
['Provoke', 'Null Fear', 'Tentarafoo', 'Null Distress']
['Ghastly Wail', 'Provoke', 'Null Fear', 'Dekaja']
['Foul Breath', 'Provoke', 'Zio', 'Tentarafoo']
['Ghastly Wail', 'Evil Smile', 'Tentarafoo', 'Null Distress']
['Provoke', 'Tentarafoo', 'Ghastly Wail', 'Maragi']
['Tentarafoo', 'Provoke', 'Foul Breath', 'Evil Smile']
['Ghastly Wail', 'Wind Amp', 'Provoke', 'Evil Smile']
['Provoke', 'Tentarafoo', 'Rebellion', 'Mudoon']
['Ghastly Wail', 'Evil Smile', 'Rebellion', 'Provoke']
['Evil Smile', 'Tentarafoo', 'Null Fear', 'Provoke']
['Tentarafoo', 'Mudoon', 'Rebellion', 'Provoke']
['Tentarafoo', 'Provoke', 'Rebellion', 'Ghastly Wail']
['Dekaja', 'Provoke', 'Maragi', 'Ghastly Wail']
['Dekaja', 'Ghastly Wail', 'Evil Smile', 'Null Distress']
['Provoke', 'Evil Smile', 'Mudoon', 'Ghastly Wail']
['Tentarafoo', 'Ghastly Wail', 'Wind Amp', 'Provoke']
['Rebellion', 'Dekaja', 'Tentarafoo', 'Evil Smile']
['Zio', 'Null Distress', 'Provoke', 'Tentarafoo']
['Null Distress', 'Zio', 'Evil Smile', 'Tentarafoo']
['Provoke', 'Tentarafoo', 'Evil Smile', 'Foul Breath']
['Evil Smile', 'Provoke', 'Tentarafoo', 'Maragi']
['Evil Smile', 'Rebellion', 'Provoke', 'Wind Amp']
['Provoke', 'Mudoon', 'Tentarafoo', 'Ghastly Wail']
['Provoke', 'Null Distress', 'Evil Smile', 'Ghastly Wail']
['Provoke', 'Mudoon', 'Zio', 'Null Distress']
['Provoke', 'Tentarafoo', 'Null Fear', 'Null Distress']
['Ghastly Wail', 'Evil Smile', 'Provoke', 'Tentarafoo']
['Provoke', 'Mudoon', 'Tentarafoo', 'Evil Smile']
['Zio', 'Provoke', 'Null Distress', 'Evil Smile']
['Provoke', 'Tentarafoo', 'Maragi', 'Ghastly Wail']
['Dekaja', 'Tentarafoo', 'Null Distress', 'Ghastly Wail']
['Null Distress', 'Rebellion', 'Tentarafoo', 'Evil Smile']
['Rebellion', 'Evil Smile', 'Ghastly Wail', 'Provoke']
['Provoke', 'Panta Rhei', 'Evil Smile', 'Mudoon']
['Rebellion', 'Evil Smile', 'Null Fear', 'Tentarafoo']
['Provoke', 'Null Fear', 'Rebellion', 'Evil Smile']
['Rebellion', 'Wind Amp', 'Dekaja', 'Tentarafoo']
['Provoke', 'Evil Smile', 'Wind Amp', 'Null Distress']
['Provoke', 'Dekaja', 'Null Fear', 'Wind Amp']
['Magarula', 'Evil Smile', 'Provoke', 'Mudoon']
['Magarula', 'Ghastly Wail', 'Evil Smile', 'Tentarafoo']
['Provoke', 'Tentarafoo', 'Zio', 'Evil Smile']
['Tentarafoo', 'Evil Smile', 'Rebellion', 'Provoke']
['Evil Smile', 'Provoke', 'Tentarafoo', 'Null Distress']
['Tentarafoo', 'Evil Smile', 'Ghastly Wail', 'Rebellion']
['Provoke', 'Tentarafoo', 'Evil Smile', 'Dekaja']
['Tentarafoo', 'Mudoon', 'Provoke', 'Magarula']
['Provoke', 'Ghastly Wail', 'Evil Smile', 'Mudoon']
['Provoke', 'Ghastly Wail', 'Tentarafoo', 'Foul Breath']
['Mudoon', 'Tentarafoo', 'Provoke', 'Evil Smile']
['Provoke', 'Evil Smile', 'Rebellion', 'Foul Breath']
['Tentarafoo', 'Provoke', 'Wind Amp', 'Rebellion']
['Rebellion', 'Provoke', 'Null Distress', 'Tentarafoo']
['Wind Amp', 'Evil Smile', 'Tentarafoo', 'Provoke']
['Ghastly Wail', 'Provoke', 'Zio', 'Dekaja']
['Ghastly Wail', 'Rebellion', 'Tentarafoo', 'Provoke']
['Tentarafoo', 'Mudoon', 'Evil Smile', 'Provoke']
['Evil Smile', 'Wind Amp', 'Rebellion', 'Provoke']
['Wind Amp', 'Provoke', 'Rebellion', 'Evil Smile']
['Provoke', 'Null Distress', 'Ghastly Wail', 'Tentarafoo']
['Dekaja', 'Rebellion', 'Provoke', 'Tentarafoo']
['Tentarafoo', 'Evil Smile', 'Provoke', 'Rebellion']
['Rebellion', 'Tentarafoo', 'Provoke', 'Evil Smile']
['Provoke', 'Null Fear', 'Tentarafoo', 'Wind Amp']
['Evil Smile', 'Magarula', 'Tentarafoo', 'Provoke']
['Tentarafoo', 'Evil Smile', 'Null Distress', 'Provoke']
['Rebellion', 'Foul Breath', 'Tentarafoo', 'Evil Smile']
['Dekaja', 'Ghastly Wail', 'Provoke', 'Tentarafoo']
['Rebellion', 'Provoke', 'Ghastly Wail', 'Tentarafoo']
['Rebellion', 'Evil Smile', 'Tentarafoo', 'Dekaja']
['Evil Smile', 'Null Fear', 'Wind Amp', 'Null Distress']
['Tentarafoo', 'Wind Amp', 'Provoke', 'Zio']
['Ghastly Wail', 'Zio', 'Evil Smile', 'Provoke']
['Rebellion', 'Null Fear', 'Provoke', 'Panta Rhei']
['Provoke', 'Rebellion', 'Null Fear', 'Wind Amp']
['Wind Amp', 'Evil Smile', 'Null Distress', 'Tentarafoo']
['Provoke', 'Dekaja', 'Maragi', 'Evil Smile']
['Tentarafoo', 'Provoke', 'Evil Smile', 'Maragi']
['Ghastly Wail', 'Zio', 'Tentarafoo', 'Evil Smile']
['Provoke', 'Rebellion', 'Maragi', 'Tentarafoo']
['Rebellion', 'Wind Amp', 'Provoke', 'Tentarafoo']
['Evil Smile', 'Wind Amp', 'Provoke', 'Rebellion']
['Ghastly Wail', 'Provoke', 'Null Fear', 'Wind Amp']
['Evil Smile', 'Provoke', 'Maragi', 'Null Fear']
['Provoke', 'Tentarafoo', 'Wind Amp', 'Null Fear']
['Tentarafoo', 'Evil Smile', 'Rebellion', 'Provoke']
['Ghastly Wail', 'Null Fear', 'Tentarafoo', 'Null Distress']
['Provoke', 'Maragi', 'Wind Amp', 'Rebellion']
['Mudoon', 'Tentarafoo', 'Rebellion', 'Panta Rhei']
['Provoke', 'Tentarafoo', 'Dekaja', 'Evil Smile']
['Provoke', 'Evil Smile', 'Rebellion', 'Null Distress']
['Tentarafoo', 'Rebellion', 'Provoke', 'Evil Smile']
['Rebellion', 'Null Fear', 'Ghastly Wail', 'Evil Smile']
['Evil Smile', 'Provoke', 'Maragi', 'Tentarafoo']
['Dekaja', 'Rebellion', 'Evil Smile', 'Tentarafoo']
['Provoke', 'Wind Amp', 'Zio', 'Evil Smile']
['Evil Smile', 'Dekaja', 'Provoke', 'Wind Amp']
['Provoke', 'Evil Smile', 'Rebellion', 'Tentarafoo']
['Tentarafoo', 'Provoke', 'Rebellion', 'Evil Smile']
['Wind Amp', 'Evil Smile', 'Rebellion', 'Provoke']
['Wind Amp', 'Evil Smile', 'Zio', 'Tentarafoo']
['Tentarafoo', 'Null Fear', 'Null Distress', 'Provoke']
['Provoke', 'Evil Smile', 'Zio', 'Rebellion']
['Provoke', 'Ghastly Wail', 'Tentarafoo', 'Rebellion']
['Rebellion', 'Provoke', 'Zio', 'Tentarafoo']
['Evil Smile', 'Rebellion', 'Wind Amp', 'Tentarafoo']
['Provoke', 'Evil Smile', 'Wind Amp', 'Foul Breath']
['Tentarafoo', 'Ghastly Wail', 'Rebellion', 'Provoke']
['Provoke', 'Tentarafoo', 'Ghastly Wail', 'Evil Smile']
['Rebellion', 'Mudoon', 'Provoke', 'Magarula']
['Provoke', 'Foul Breath', 'Null Fear', 'Dekaja']
['Foul Breath', 'Evil Smile', 'Tentarafoo', 'Provoke']
['Provoke', 'Evil Smile', 'Foul Breath', 'Ghastly Wail']
['Tentarafoo', 'Provoke', 'Evil Smile', 'Mudoon']
['Provoke', 'Dekaja', 'Rebellion', 'Zio']
['Dekaja', 'Evil Smile', 'Provoke', 'Rebellion']
['Tentarafoo', 'Mudoon', 'Provoke', 'Evil Smile']
['Ghastly Wail', 'Foul Breath', 'Provoke', 'Tentarafoo']
['Ghastly Wail', 'Rebellion', 'Evil Smile', 'Tentarafoo']
['Provoke', 'Evil Smile', 'Mudoon', 'Foul Breath']
['Tentarafoo', 'Provoke', 'Null Distress', 'Evil Smile']
['Mudoon', 'Rebellion', 'Evil Smile', 'Provoke']
['Maragi', 'Tentarafoo', 'Evil Smile', 'Zio']
['Evil Smile', 'Wind Amp', 'Tentarafoo', 'Ghastly Wail']
['Provoke', 'Evil Smile', 'Tentarafoo', 'Null Distress']
['Provoke', 'Dekaja', 'Rebellion', 'Evil Smile']
['Wind Amp', 'Tentarafoo', 'Provoke', 'Magarula']
['Maragi', 'Evil Smile', 'Provoke', 'Foul Breath']
['Foul Breath', 'Provoke', 'Rebellion', 'Wind Amp']
['Provoke', 'Evil Smile', 'Zio', 'Tentarafoo']
['Foul Breath', 'Provoke', 'Dekaja', 'Tentarafoo']
['Provoke', 'Zio', 'Evil Smile', 'Null Fear']
['Provoke', 'Rebellion', 'Foul Breath', 'Null Fear']
['Wind Amp', 'Tentarafoo', 'Evil Smile', 'Provoke']
['Evil Smile', 'Zio', 'Tentarafoo', 'Rebellion']
['Evil Smile', 'Provoke', 'Null Distress', 'Ghastly Wail']
['Provoke', 'Tentarafoo', 'Null Fear', 'Wind Amp']
['Provoke', 'Mudoon', 'Evil Smile', 'Foul Breath']
['Null Fear', 'Ghastly Wail', 'Null Distress', 'Provoke']
['Evil Smile', 'Ghastly Wail', 'Magarula', 'Foul Breath']
['Wind Amp', 'Mudoon', 'Ghastly Wail', 'Provoke']
['Provoke', 'Null Distress', 'Foul Breath', 'Tentarafoo']
['Provoke', 'Evil Smile', 'Rebellion', 'Null Distress']
['Evil Smile', 'Mudoon', 'Null Fear', 'Provoke']
['Maragi', 'Rebellion', 'Tentarafoo', 'Evil Smile']
['Tentarafoo', 'Provoke', 'Evil Smile', 'Dekaja']
['Ghastly Wail', 'Evil Smile', 'Mudoon', 'Provoke']
['Evil Smile', 'Provoke', 'Null Fear', 'Mudoon']
['Provoke', 'Magarula', 'Null Distress', 'Rebellion']
['Rebellion', 'Provoke', 'Evil Smile', 'Tentarafoo']
['Evil Smile', 'Provoke', 'Dekaja', 'Tentarafoo']
['Tentarafoo', 'Mudoon', 'Provoke', 'Evil Smile']
['Wind Amp', 'Provoke', 'Zio', 'Tentarafoo']
['Evil Smile', 'Null Distress', 'Tentarafoo', 'Provoke']
['Tentarafoo', 'Null Distress', 'Zio', 'Provoke']
['Evil Smile', 'Tentarafoo', 'Ghastly Wail', 'Provoke']
['Ghastly Wail', 'Tentarafoo', 'Provoke', 'Evil Smile']
['Evil Smile', 'Wind Amp', 'Provoke', 'Mudoon']
['Tentarafoo', 'Evil Smile', 'Null Distress', 'Rebellion']
['Null Distress', 'Rebellion', 'Ghastly Wail', 'Provoke']
['Provoke', 'Rebellion', 'Evil Smile', 'Magarula']
['Evil Smile', 'Tentarafoo', 'Wind Amp', 'Provoke']
['Provoke', 'Null Fear', 'Dekaja', 'Wind Amp']
['Provoke', 'Evil Smile', 'Null Fear', 'Null Distress']
['Provoke', 'Maragi', 'Rebellion', 'Dekaja']
['Provoke', 'Rebellion', 'Null Distress', 'Evil Smile']
['Mudoon', 'Evil Smile', 'Wind Amp', 'Ghastly Wail']
['Null Distress', 'Rebellion', 'Evil Smile', 'Dekaja']
['Mudoon', 'Evil Smile', 'Rebellion', 'Provoke']
['Tentarafoo', 'Provoke', 'Evil Smile', 'Dekaja']
['Provoke', 'Ghastly Wail', 'Tentarafoo', 'Wind Amp']
['Tentarafoo', 'Provoke', 'Wind Amp', 'Magarula']
['Null Fear', 'Provoke', 'Evil Smile', 'Tentarafoo']
['Tentarafoo', 'Zio', 'Ghastly Wail', 'Null Distress']
['Mudoon', 'Tentarafoo', 'Provoke', 'Null Fear']
['Maragi', 'Provoke', 'Evil Smile', 'Tentarafoo']
['Mudoon', 'Evil Smile', 'Rebellion', 'Tentarafoo']
['Wind Amp', 'Provoke', 'Magarula', 'Null Fear']
['Evil Smile', 'Ghastly Wail', 'Mudoon', 'Zio']
['Tentarafoo', 'Rebellion', 'Provoke', 'Null Distress']
['Provoke', 'Tentarafoo', 'Evil Smile', 'Null Fear']
['Tentarafoo', 'Null Fear', 'Evil Smile', 'Magarula']
['Ghastly Wail', 'Tentarafoo', 'Evil Smile', 'Mudoon']
['Tentarafoo', 'Mudoon', 'Evil Smile', 'Foul Breath']
['Mudoon', 'Provoke', 'Wind Amp', 'Ghastly Wail']
['Provoke', 'Evil Smile', 'Ghastly Wail', 'Tentarafoo']
['Tentarafoo', 'Magarula', 'Provoke', 'Evil Smile']
['Wind Amp', 'Tentarafoo', 'Evil Smile', 'Provoke']
['Zio', 'Wind Amp', 'Evil Smile', 'Maragi']
['Evil Smile', 'Provoke', 'Rebellion', 'Tentarafoo']
['Tentarafoo', 'Null Fear', 'Zio', 'Provoke']
['Provoke', 'Maragi', 'Ghastly Wail', 'Zio']
['Provoke', 'Null Fear', 'Tentarafoo', 'Rebellion']
['Provoke', 'Null Fear', 'Evil Smile', 'Ghastly Wail']
['Rebellion', 'Tentarafoo', 'Null Fear', 'Provoke']
['Evil Smile', 'Provoke', 'Tentarafoo', 'Ghastly Wail']
['Provoke', 'Magarula', 'Mudoon', 'Wind Amp']
['Provoke', 'Evil Smile', 'Wind Amp', 'Rebellion']
['Provoke', 'Wind Amp', 'Mudoon', 'Tentarafoo']
['Provoke', 'Ghastly Wail', 'Tentarafoo', 'Null Fear']
['Rebellion', 'Mudoon', 'Provoke', 'Ghastly Wail']
['Evil Smile', 'Tentarafoo', 'Ghastly Wail', 'Zio']
['Rebellion', 'Evil Smile', 'Provoke', 'Tentarafoo']
['Tentarafoo', 'Provoke', 'Zio', 'Ghastly Wail']
['Evil Smile', 'Provoke', 'Zio', 'Mudoon']
['Provoke', 'Ghastly Wail', 'Wind Amp', 'Tentarafoo']
['Provoke', 'Evil Smile', 'Ghastly Wail', 'Maragi']
['Tentarafoo', 'Ghastly Wail', 'Dekaja', 'Provoke']
['Provoke', 'Null Fear', 'Evil Smile', 'Rebellion']
['Provoke', 'Foul Breath', 'Evil Smile', 'Tentarafoo']
['Provoke', 'Tentarafoo', 'Evil Smile', 'Maragi']
['Rebellion', 'Provoke', 'Tentarafoo', 'Evil Smile']
['Dekaja', 'Tentarafoo', 'Provoke', 'Zio']
['Evil Smile', 'Tentarafoo', 'Provoke', 'Ghastly Wail']
['Tentarafoo', 'Provoke', 'Null Fear', 'Ghastly Wail']
['Zio', 'Null Fear', 'Provoke', 'Foul Breath']
['Tentarafoo', 'Evil Smile', 'Dekaja', 'Provoke']
['Provoke', 'Evil Smile', 'Rebellion', 'Zio']
['Provoke', 'Rebellion', 'Tentarafoo', 'Null Distress']
['Evil Smile', 'Provoke', 'Tentarafoo', 'Ghastly Wail']
['Provoke', 'Evil Smile', 'Magarula', 'Tentarafoo']
['Evil Smile', 'Wind Amp', 'Tentarafoo', 'Provoke']
['Wind Amp', 'Tentarafoo', 'Rebellion', 'Ghastly Wail']
['Zio', 'Evil Smile', 'Provoke', 'Ghastly Wail']
['Provoke', 'Mudoon', 'Tentarafoo', 'Wind Amp']
['Ghastly Wail', 'Evil Smile', 'Provoke', 'Tentarafoo']
['Foul Breath', 'Provoke', 'Null Distress', 'Zio']
['Provoke', 'Rebellion', 'Evil Smile', 'Zio']
['Rebellion', 'Provoke', 'Null Distress', 'Evil Smile']
['Provoke', 'Rebellion', 'Zio', 'Tentarafoo']
['Tentarafoo', 'Provoke', 'Rebellion', 'Evil Smile']
['Provoke', 'Maragi', 'Ghastly Wail', 'Tentarafoo']
['Null Fear', 'Evil Smile', 'Tentarafoo', 'Provoke']
['Provoke', 'Tentarafoo', 'Ghastly Wail', 'Evil Smile']
['Evil Smile', 'Provoke', 'Mudoon', 'Tentarafoo']
['Provoke', 'Tentarafoo', 'Rebellion', 'Ghastly Wail']
['Rebellion', 'Tentarafoo', 'Provoke', 'Dekaja']
['Null Distress', 'Tentarafoo', 'Provoke', 'Evil Smile']
['Panta Rhei', 'Provoke', 'Evil Smile', 'Tentarafoo']
['Provoke', 'Rebellion', 'Tentarafoo', 'Maragi']
['Provoke', 'Evil Smile', 'Tentarafoo', 'Null Fear']
['Ghastly Wail', 'Evil Smile', 'Tentarafoo', 'Provoke']
['Zio', 'Tentarafoo', 'Provoke', 'Maragi']
['Provoke', 'Null Distress', 'Foul Breath', 'Evil Smile']
['Rebellion', 'Evil Smile', 'Zio', 'Provoke']
['Provoke', 'Evil Smile', 'Zio', 'Null Fear']
['Tentarafoo', 'Provoke', 'Evil Smile', 'Ghastly Wail']
['Provoke', 'Evil Smile', 'Dekaja', 'Rebellion']
['Provoke', 'Tentarafoo', 'Rebellion', 'Evil Smile']
['Provoke', 'Evil Smile', 'Rebellion', 'Zio']
['Rebellion', 'Provoke', 'Evil Smile', 'Maragi']
['Ghastly Wail', 'Provoke', 'Evil Smile', 'Tentarafoo']
['Null Distress', 'Provoke', 'Mudoon', 'Tentarafoo']
['Null Fear', 'Provoke', 'Rebellion', 'Tentarafoo']
['Rebellion', 'Maragi', 'Mudoon', 'Null Fear']
['Tentarafoo', 'Null Fear', 'Mudoon', 'Zio']
['Tentarafoo', 'Mudoon', 'Maragi', 'Evil Smile']
['Mudoon', 'Rebellion', 'Provoke', 'Wind Amp']
['Evil Smile', 'Provoke', 'Wind Amp', 'Rebellion']
['Zio', 'Rebellion', 'Provoke', 'Wind Amp']
['Provoke', 'Tentarafoo', 'Zio', 'Mudoon']
['Null Distress', 'Provoke', 'Dekaja', 'Tentarafoo']
['Tentarafoo', 'Wind Amp', 'Ghastly Wail', 'Provoke']
['Provoke', 'Ghastly Wail', 'Zio', 'Tentarafoo']
['Provoke', 'Evil Smile', 'Wind Amp', 'Maragi']
['Ghastly Wail', 'Zio', 'Tentarafoo', 'Null Distress']
['Provoke', 'Evil Smile', 'Wind Amp', 'Ghastly Wail']
['Tentarafoo', 'Evil Smile', 'Zio', 'Provoke']
['Tentarafoo', 'Zio', 'Null Distress', 'Rebellion']
['Ghastly Wail', 'Null Fear', 'Tentarafoo', 'Provoke']
['Provoke', 'Ghastly Wail', 'Tentarafoo', 'Wind Amp']
['Ghastly Wail', 'Tentarafoo', 'Provoke', 'Maragi']
['Tentarafoo', 'Evil Smile', 'Zio', 'Ghastly Wail']
['Provoke', 'Maragi', 'Null Distress', 'Evil Smile']
['Evil Smile', 'Ghastly Wail', 'Tentarafoo', 'Provoke']
['Evil Smile', 'Mudoon', 'Rebellion', 'Provoke']
['Evil Smile', 'Provoke', 'Ghastly Wail', 'Dekaja']
['Tentarafoo', 'Provoke', 'Null Fear', 'Zio']
['Provoke', 'Null Distress', 'Rebellion', 'Wind Amp']
['Evil Smile', 'Magarula', 'Mudoon', 'Ghastly Wail']
['Null Distress', 'Provoke', 'Evil Smile', 'Mudoon']
['Zio', 'Magarula', 'Tentarafoo', 'Evil Smile']
['Evil Smile', 'Mudoon', 'Tentarafoo', 'Provoke']
['Rebellion', 'Evil Smile', 'Provoke', 'Tentarafoo']
['Null Fear', 'Evil Smile', 'Tentarafoo', 'Provoke']
['Null Distress', 'Provoke', 'Tentarafoo', 'Ghastly Wail']
['Rebellion', 'Provoke', 'Tentarafoo', 'Dekaja']
['Tentarafoo', 'Provoke', 'Evil Smile', 'Rebellion']
['Evil Smile', 'Null Distress', 'Provoke', 'Null Fear']
['Foul Breath', 'Provoke', 'Evil Smile', 'Rebellion']
['Dekaja', 'Tentarafoo', 'Foul Breath', 'Rebellion']
['Null Fear', 'Evil Smile', 'Provoke', 'Dekaja']
['Evil Smile', 'Null Distress', 'Provoke', 'Zio']
['Null Fear', 'Provoke', 'Evil Smile', 'Tentarafoo']
['Ghastly Wail', 'Foul Breath', 'Provoke', 'Evil Smile']
['Zio', 'Dekaja', 'Wind Amp', 'Ghastly Wail']
['Rebellion', 'Mudoon', 'Provoke', 'Zio']
['Null Fear', 'Tentarafoo', 'Rebellion', 'Wind Amp']
['Provoke', 'Mudoon', 'Null Fear', 'Evil Smile']
['Provoke', 'Tentarafoo', 'Ghastly Wail', 'Rebellion']
['Provoke', 'Ghastly Wail', 'Dekaja', 'Tentarafoo']
['Evil Smile', 'Tentarafoo', 'Provoke', 'Foul Breath']
['Ghastly Wail', 'Tentarafoo', 'Rebellion', 'Evil Smile']
['Rebellion', 'Mudoon', 'Tentarafoo', 'Ghastly Wail']
['Tentarafoo', 'Rebellion', 'Provoke', 'Evil Smile']
['Provoke', 'Evil Smile', 'Foul Breath', 'Rebellion']
['Wind Amp', 'Mudoon', 'Provoke', 'Maragi']
['Tentarafoo', 'Null Fear', 'Magarula', 'Provoke']
['Provoke', 'Rebellion', 'Wind Amp', 'Tentarafoo']
['Wind Amp', 'Provoke', 'Evil Smile', 'Ghastly Wail']
['Evil Smile', 'Null Distress', 'Tentarafoo', 'Foul Breath']
['Rebellion', 'Mudoon', 'Tentarafoo', 'Provoke']
['Mudoon', 'Zio', 'Provoke', 'Rebellion']
['Provoke', 'Tentarafoo', 'Foul Breath', 'Null Fear']
['Provoke', 'Evil Smile', 'Ghastly Wail', 'Null Fear']
['Provoke', 'Ghastly Wail', 'Mudoon', 'Maragi']
['Null Distress', 'Provoke', 'Evil Smile', 'Tentarafoo']
['Null Fear', 'Wind Amp', 'Provoke', 'Dekaja']
['Ghastly Wail', 'Evil Smile', 'Null Distress', 'Zio']
['Tentarafoo', 'Provoke', 'Null Fear', 'Foul Breath']
['Wind Amp', 'Tentarafoo', 'Provoke', 'Evil Smile']
['Evil Smile', 'Rebellion', 'Tentarafoo', 'Provoke']
['Provoke', 'Evil Smile', 'Rebellion', 'Wind Amp']
['Ghastly Wail', 'Evil Smile', 'Provoke', 'Tentarafoo']
['Wind Amp', 'Tentarafoo', 'Provoke', 'Evil Smile']
['Tentarafoo', 'Provoke', 'Mudoon', 'Evil Smile']
['Rebellion', 'Evil Smile', 'Tentarafoo', 'Dekaja']
['Foul Breath', 'Magarula', 'Ghastly Wail', 'Rebellion']
['Dekaja', 'Evil Smile', 'Foul Breath', 'Provoke']
['Provoke', 'Ghastly Wail', 'Tentarafoo', 'Rebellion']
['Ghastly Wail', 'Evil Smile', 'Provoke', 'Zio']
['Provoke', 'Null Distress', 'Evil Smile', 'Tentarafoo']
['Provoke', 'Evil Smile', 'Null Fear', 'Wind Amp']
['Provoke', 'Evil Smile', 'Mudoon', 'Ghastly Wail']
['Evil Smile', 'Null Fear', 'Dekaja', 'Provoke']
['Tentarafoo', 'Provoke', 'Evil Smile', 'Null Distress']
['Rebellion', 'Provoke', 'Ghastly Wail', 'Evil Smile']
['Provoke', 'Null Distress', 'Zio', 'Tentarafoo']
['Evil Smile', 'Maragi', 'Rebellion', 'Tentarafoo']
['Null Fear', 'Evil Smile', 'Provoke', 'Ghastly Wail']
['Provoke', 'Rebellion', 'Evil Smile', 'Wind Amp']
['Ghastly Wail', 'Dekaja', 'Tentarafoo', 'Provoke']
['Null Fear', 'Foul Breath', 'Tentarafoo', 'Zio']
['Wind Amp', 'Tentarafoo', 'Evil Smile', 'Provoke']
['Ghastly Wail', 'Evil Smile', 'Provoke', 'Magarula']
['Tentarafoo', 'Provoke', 'Mudoon', 'Evil Smile']
['Evil Smile', 'Provoke', 'Tentarafoo', 'Zio']
['Foul Breath', 'Provoke', 'Tentarafoo', 'Zio']
['Ghastly Wail', 'Provoke', 'Rebellion', 'Mudoon']
['Null Distress', 'Tentarafoo', 'Provoke', 'Null Fear']
['Ghastly Wail', 'Dekaja', 'Tentarafoo', 'Evil Smile']
['Wind Amp', 'Tentarafoo', 'Evil Smile', 'Provoke']
['Evil Smile', 'Provoke', 'Null Distress', 'Rebellion']
['Wind Amp', 'Provoke', 'Maragi', 'Evil Smile']
['Null Distress', 'Tentarafoo', 'Null Fear', 'Ghastly Wail']
['Provoke', 'Tentarafoo', 'Rebellion', 'Null Distress']
['Null Fear', 'Provoke', 'Evil Smile', 'Mudoon']
['Dekaja', 'Zio', 'Tentarafoo', 'Provoke']
['Zio', 'Provoke', 'Null Fear', 'Ghastly Wail']
['Evil Smile', 'Provoke', 'Null Fear', 'Ghastly Wail']
['Null Fear', 'Provoke', 'Maragi', 'Tentarafoo']
['Tentarafoo', 'Panta Rhei', 'Evil Smile', 'Provoke']
['Tentarafoo', 'Ghastly Wail', 'Provoke', 'Null Distress']
['Tentarafoo', 'Rebellion', 'Provoke', 'Evil Smile']
['Null Distress', 'Provoke', 'Zio', 'Rebellion']
['Ghastly Wail', 'Tentarafoo', 'Rebellion', 'Zio']
['Evil Smile', 'Ghastly Wail', 'Zio', 'Provoke']
['Ghastly Wail', 'Evil Smile', 'Provoke', 'Tentarafoo']
['Tentarafoo', 'Ghastly Wail', 'Provoke', 'Null Fear']
['Provoke', 'Ghastly Wail', 'Tentarafoo', 'Rebellion']
['Rebellion', 'Wind Amp', 'Foul Breath', 'Provoke']
['Null Fear', 'Evil Smile', 'Tentarafoo', 'Ghastly Wail']
['Rebellion', 'Evil Smile', 'Tentarafoo', 'Provoke']
['Provoke', 'Mudoon', 'Rebellion', 'Tentarafoo']
['Null Fear', 'Mudoon', 'Provoke', 'Maragi']
['Provoke', 'Dekaja', 'Zio', 'Evil Smile']
['Null Distress', 'Provoke', 'Dekaja', 'Wind Amp']
['Evil Smile', 'Rebellion', 'Provoke', 'Ghastly Wail']
['Mudoon', 'Tentarafoo', 'Evil Smile', 'Provoke']
['Provoke', 'Tentarafoo', 'Evil Smile', 'Ghastly Wail']
['Zio', 'Null Distress', 'Dekaja', 'Tentarafoo']
['Rebellion', 'Provoke', 'Ghastly Wail', 'Dekaja']
['Evil Smile', 'Null Distress', 'Tentarafoo', 'Rebellion']
['Rebellion', 'Maragi', 'Mudoon', 'Ghastly Wail']
['Provoke', 'Tentarafoo', 'Evil Smile', 'Dekaja']
['Provoke', 'Rebellion', 'Null Fear', 'Evil Smile']
['Magarula', 'Null Fear', 'Tentarafoo', 'Evil Smile']
['Provoke', 'Wind Amp', 'Evil Smile', 'Ghastly Wail']
['Evil Smile', 'Tentarafoo', 'Ghastly Wail', 'Dekaja']
['Tentarafoo', 'Provoke', 'Rebellion', 'Evil Smile']
['Zio', 'Ghastly Wail', 'Tentarafoo', 'Null Fear']
['Ghastly Wail', 'Provoke', 'Evil Smile', 'Tentarafoo']
['Null Distress', 'Wind Amp', 'Evil Smile', 'Provoke']
['Rebellion', 'Tentarafoo', 'Ghastly Wail', 'Maragi']
['Provoke', 'Null Distress', 'Evil Smile', 'Zio']
['Provoke', 'Rebellion', 'Wind Amp', 'Evil Smile']
['Provoke', 'Evil Smile', 'Rebellion', 'Tentarafoo']
['Tentarafoo', 'Mudoon', 'Provoke', 'Ghastly Wail']
['Dekaja', 'Rebellion', 'Wind Amp', 'Provoke']
['Evil Smile', 'Provoke', 'Tentarafoo', 'Ghastly Wail']
['Wind Amp', 'Evil Smile', 'Provoke', 'Zio']
['Wind Amp', 'Tentarafoo', 'Evil Smile', 'Provoke']
['Rebellion', 'Wind Amp', 'Mudoon', 'Zio']
['Tentarafoo', 'Null Distress', 'Ghastly Wail', 'Mudoon']
['Zio', 'Evil Smile', 'Provoke', 'Rebellion']
['Evil Smile', 'Provoke', 'Rebellion', 'Mudoon']
['Evil Smile', 'Tentarafoo', 'Provoke', 'Rebellion']
['Provoke', 'Tentarafoo', 'Wind Amp', 'Panta Rhei']
['Provoke', 'Ghastly Wail', 'Tentarafoo', 'Null Fear']
['Provoke', 'Wind Amp', 'Tentarafoo', 'Evil Smile']
['Tentarafoo', 'Ghastly Wail', 'Provoke', 'Mudoon']
['Rebellion', 'Ghastly Wail', 'Foul Breath', 'Zio']
['Provoke', 'Ghastly Wail', 'Dekaja', 'Rebellion']
['Provoke', 'Tentarafoo', 'Null Fear', 'Rebellion']
['Null Fear', 'Null Distress', 'Evil Smile', 'Provoke']
['Provoke', 'Tentarafoo', 'Zio', 'Evil Smile']
['Provoke', 'Null Distress', 'Tentarafoo', 'Evil Smile']
['Rebellion', 'Provoke', 'Tentarafoo', 'Maragi']
['Wind Amp', 'Null Fear', 'Rebellion', 'Ghastly Wail']
['Evil Smile', 'Wind Amp', 'Provoke', 'Tentarafoo']
['Provoke', 'Evil Smile', 'Null Distress', 'Ghastly Wail']
['Evil Smile', 'Dekaja', 'Provoke', 'Ghastly Wail']
['Provoke', 'Tentarafoo', 'Dekaja', 'Zio']
['Tentarafoo', 'Null Fear', 'Provoke', 'Evil Smile']
['Tentarafoo', 'Provoke', 'Maragi', 'Ghastly Wail']
['Ghastly Wail', 'Null Fear', 'Evil Smile', 'Mudoon']
['Tentarafoo', 'Provoke', 'Ghastly Wail', 'Wind Amp']
['Mudoon', 'Provoke', 'Evil Smile', 'Tentarafoo']
['Mudoon', 'Tentarafoo', 'Maragi', 'Provoke']
['Tentarafoo', 'Provoke', 'Evil Smile', 'Null Distress']
['Provoke', 'Rebellion', 'Evil Smile', 'Ghastly Wail']
['Foul Breath', 'Tentarafoo', 'Evil Smile', 'Provoke']
['Tentarafoo', 'Provoke', 'Rebellion', 'Evil Smile']
['Rebellion', 'Provoke', 'Null Distress', 'Tentarafoo']
['Evil Smile', 'Ghastly Wail', 'Rebellion', 'Provoke']
['Provoke', 'Tentarafoo', 'Ghastly Wail', 'Zio']
['Provoke', 'Evil Smile', 'Rebellion', 'Ghastly Wail']
['Null Fear', 'Provoke', 'Evil Smile', 'Maragi']
['Provoke', 'Rebellion', 'Wind Amp', 'Ghastly Wail']
['Null Fear', 'Tentarafoo', 'Provoke', 'Evil Smile']
['Ghastly Wail', 'Rebellion', 'Provoke', 'Null Distress']
['Provoke', 'Evil Smile', 'Tentarafoo', 'Ghastly Wail']
['Ghastly Wail', 'Tentarafoo', 'Provoke', 'Mudoon']
['Tentarafoo', 'Provoke', 'Null Fear', 'Evil Smile']
['Provoke', 'Tentarafoo', 'Evil Smile', 'Dekaja']
['Zio', 'Rebellion', 'Tentarafoo', 'Evil Smile']
['Null Fear', 'Ghastly Wail', 'Provoke', 'Evil Smile']
['Evil Smile', 'Maragi', 'Rebellion', 'Null Fear']
['Wind Amp', 'Dekaja', 'Null Fear', 'Ghastly Wail']
['Provoke', 'Mudoon', 'Tentarafoo', 'Zio']
['Mudoon', 'Provoke', 'Evil Smile', 'Tentarafoo']
['Zio', 'Provoke', 'Tentarafoo', 'Evil Smile']
['Rebellion', 'Tentarafoo', 'Provoke', 'Evil Smile']
['Foul Breath', 'Dekaja', 'Zio', 'Provoke']
['Null Distress', 'Tentarafoo', 'Provoke', 'Evil Smile']
['Provoke', 'Ghastly Wail', 'Tentarafoo', 'Dekaja']
['Dekaja', 'Evil Smile', 'Tentarafoo', 'Rebellion']
['Tentarafoo', 'Provoke', 'Maragi', 'Ghastly Wail']
['Tentarafoo', 'Mudoon', 'Evil Smile', 'Provoke']
['Provoke', 'Ghastly Wail', 'Dekaja', 'Maragi']
['Mudoon', 'Provoke', 'Evil Smile', 'Ghastly Wail']
['Evil Smile', 'Maragi', 'Panta Rhei', 'Rebellion']
['Evil Smile', 'Null Distress', 'Rebellion', 'Provoke']
['Tentarafoo', 'Provoke', 'Ghastly Wail', 'Mudoon']
['Wind Amp', 'Null Fear', 'Provoke', 'Ghastly Wail']
['Tentarafoo', 'Provoke', 'Evil Smile', 'Dekaja']
['Maragi', 'Evil Smile', 'Provoke', 'Tentarafoo']
['Ghastly Wail', 'Provoke', 'Evil Smile', 'Null Fear']
['Rebellion', 'Tentarafoo', 'Provoke', 'Evil Smile']
['Zio', 'Provoke', 'Evil Smile', 'Tentarafoo']
['Evil Smile', 'Provoke', 'Null Distress', 'Mudoon']
['Provoke', 'Evil Smile', 'Rebellion', 'Dekaja']
['Rebellion', 'Magarula', 'Evil Smile', 'Provoke']
['Evil Smile', 'Provoke', 'Mudoon', 'Zio']
['Provoke', 'Evil Smile', 'Mudoon', 'Tentarafoo']
['Provoke', 'Tentarafoo', 'Rebellion', 'Zio']
['Tentarafoo', 'Rebellion', 'Ghastly Wail', 'Zio']
['Provoke', 'Evil Smile', 'Rebellion', 'Null Distress']
['Provoke', 'Tentarafoo', 'Evil Smile', 'Null Distress']
['Mudoon', 'Tentarafoo', 'Provoke', 'Wind Amp']
['Null Distress', 'Ghastly Wail', 'Provoke', 'Rebellion']
['Provoke', 'Dekaja', 'Null Fear', 'Evil Smile']
['Rebellion', 'Provoke', 'Evil Smile', 'Zio']
['Evil Smile', 'Mudoon', 'Provoke', 'Tentarafoo']
['Zio', 'Tentarafoo', 'Provoke', 'Evil Smile']
['Provoke', 'Evil Smile', 'Wind Amp', 'Null Fear']
['Ghastly Wail', 'Evil Smile', 'Maragi', 'Rebellion']
['Provoke', 'Rebellion', 'Panta Rhei', 'Dekaja']
['Provoke', 'Tentarafoo', 'Zio', 'Ghastly Wail']
['Ghastly Wail', 'Rebellion', 'Provoke', 'Dekaja']
['Null Distress', 'Rebellion', 'Tentarafoo', 'Provoke']
['Null Distress', 'Provoke', 'Tentarafoo', 'Maragi']
['Null Fear', 'Evil Smile', 'Wind Amp', 'Mudoon']
['Mudoon', 'Evil Smile', 'Ghastly Wail', 'Foul Breath']
['Provoke', 'Tentarafoo', 'Mudoon', 'Evil Smile']
['Evil Smile', 'Dekaja', 'Magarula', 'Tentarafoo']
['Mudoon', 'Provoke', 'Evil Smile', 'Tentarafoo']
['Provoke', 'Foul Breath', 'Rebellion', 'Tentarafoo']
['Rebellion', 'Provoke', 'Evil Smile', 'Tentarafoo']
['Provoke', 'Ghastly Wail', 'Tentarafoo', 'Evil Smile']
['Ghastly Wail', 'Tentarafoo', 'Wind Amp', 'Evil Smile']
['Rebellion', 'Tentarafoo', 'Evil Smile', 'Wind Amp']
['Evil Smile', 'Tentarafoo', 'Mudoon', 'Null Fear']
['Provoke', 'Evil Smile', 'Panta Rhei', 'Tentarafoo']
['Evil Smile', 'Mudoon', 'Dekaja', 'Provoke']
['Provoke', 'Tentarafoo', 'Foul Breath', 'Null Fear']
['Evil Smile', 'Zio', 'Provoke', 'Tentarafoo']
['Panta Rhei', 'Ghastly Wail', 'Provoke', 'Maragi']
['Provoke', 'Evil Smile', 'Ghastly Wail', 'Null Fear']
['Provoke', 'Null Distress', 'Evil Smile', 'Tentarafoo']
['Evil Smile', 'Null Distress', 'Provoke', 'Rebellion']
['Evil Smile', 'Provoke', 'Foul Breath', 'Null Distress']
['Mudoon', 'Ghastly Wail', 'Dekaja', 'Provoke']
['Tentarafoo', 'Zio', 'Rebellion', 'Evil Smile']
['Provoke', 'Evil Smile', 'Rebellion', 'Wind Amp']
['Rebellion', 'Null Fear', 'Tentarafoo', 'Wind Amp']
['Magarula', 'Evil Smile', 'Provoke', 'Maragi']
['Tentarafoo', 'Evil Smile', 'Panta Rhei', 'Ghastly Wail']
['Dekaja', 'Provoke', 'Evil Smile', 'Tentarafoo']
['Rebellion', 'Tentarafoo', 'Provoke', 'Ghastly Wail']
['Null Fear', 'Evil Smile', 'Provoke', 'Ghastly Wail']
['Tentarafoo', 'Mudoon', 'Ghastly Wail', 'Provoke']
['Evil Smile', 'Provoke', 'Ghastly Wail', 'Tentarafoo']
['Provoke', 'Foul Breath', 'Evil Smile', 'Wind Amp']
['Tentarafoo', 'Rebellion', 'Provoke', 'Dekaja']
['Provoke', 'Evil Smile', 'Dekaja', 'Null Fear']
['Tentarafoo', 'Provoke', 'Wind Amp', 'Zio']
['Tentarafoo', 'Evil Smile', 'Null Fear', 'Null Distress']
['Provoke', 'Ghastly Wail', 'Evil Smile', 'Tentarafoo']
['Ghastly Wail', 'Evil Smile', 'Wind Amp', 'Provoke']
['Tentarafoo', 'Evil Smile', 'Ghastly Wail', 'Wind Amp']
['Rebellion', 'Provoke', 'Evil Smile', 'Tentarafoo']
['Provoke', 'Magarula', 'Panta Rhei', 'Dekaja']
['Evil Smile', 'Zio', 'Ghastly Wail', 'Provoke']
['Provoke', 'Wind Amp', 'Ghastly Wail', 'Mudoon']
['Mudoon', 'Null Distress', 'Provoke', 'Ghastly Wail']
['Dekaja', 'Rebellion', 'Evil Smile', 'Provoke']
['Provoke', 'Null Distress', 'Rebellion', 'Evil Smile']
['Provoke', 'Evil Smile', 'Dekaja', 'Magarula']
['Tentarafoo', 'Rebellion', 'Null Distress', 'Provoke']
['Dekaja', 'Mudoon', 'Evil Smile', 'Wind Amp']
['Null Distress', 'Wind Amp', 'Ghastly Wail', 'Foul Breath']
['Rebellion', 'Mudoon', 'Null Distress', 'Ghastly Wail']
['Provoke', 'Tentarafoo', 'Evil Smile', 'Ghastly Wail']
['Rebellion', 'Wind Amp', 'Provoke', 'Maragi']
['Provoke', 'Tentarafoo', 'Evil Smile', 'Mudoon']
['Provoke', 'Dekaja', 'Evil Smile', 'Tentarafoo']
['Mudoon', 'Ghastly Wail', 'Provoke', 'Dekaja']
['Tentarafoo', 'Mudoon', 'Foul Breath', 'Provoke']
['Evil Smile', 'Maragi', 'Ghastly Wail', 'Rebellion']
['Evil Smile', 'Tentarafoo', 'Provoke', 'Ghastly Wail']
['Ghastly Wail', 'Provoke', 'Evil Smile', 'Mudoon']
['Mudoon', 'Provoke', 'Evil Smile', 'Tentarafoo']
['Provoke', 'Null Fear', 'Evil Smile', 'Ghastly Wail']
['Tentarafoo', 'Null Fear', 'Zio', 'Provoke']
['Mudoon', 'Rebellion', 'Provoke', 'Ghastly Wail']
['Provoke', 'Tentarafoo', 'Rebellion', 'Foul Breath']
['Ghastly Wail', 'Tentarafoo', 'Provoke', 'Rebellion']
['Null Fear', 'Provoke', 'Wind Amp', 'Tentarafoo']
['Evil Smile', 'Zio', 'Provoke', 'Foul Breath']
['Maragi', 'Wind Amp', 'Zio', 'Null Distress']
['Ghastly Wail', 'Tentarafoo', 'Maragi', 'Null Fear']
['Tentarafoo', 'Evil Smile', 'Provoke', 'Dekaja']
['Provoke', 'Tentarafoo', 'Evil Smile', 'Null Fear']
['Provoke', 'Tentarafoo', 'Wind Amp', 'Ghastly Wail']
['Evil Smile', 'Tentarafoo', 'Wind Amp', 'Provoke']
['Evil Smile', 'Provoke', 'Zio', 'Null Distress']
['Evil Smile', 'Provoke', 'Rebellion', 'Null Fear']
['Tentarafoo', 'Provoke', 'Null Distress', 'Zio']
['Tentarafoo', 'Rebellion', 'Mudoon', 'Null Fear']
['Tentarafoo', 'Provoke', 'Null Distress', 'Magarula']
['Provoke', 'Wind Amp', 'Rebellion', 'Ghastly Wail']
['Evil Smile', 'Tentarafoo', 'Rebellion', 'Null Fear']
['Tentarafoo', 'Provoke', 'Ghastly Wail', 'Evil Smile']
['Tentarafoo', 'Evil Smile', 'Provoke', 'Ghastly Wail']
['Wind Amp', 'Provoke', 'Tentarafoo', 'Null Fear']
['Evil Smile', 'Provoke', 'Tentarafoo', 'Dekaja']
['Zio', 'Provoke', 'Ghastly Wail', 'Null Fear']
['Tentarafoo', 'Evil Smile', 'Ghastly Wail', 'Rebellion']
['Provoke', 'Maragi', 'Evil Smile', 'Foul Breath']
['Evil Smile', 'Wind Amp', 'Provoke', 'Rebellion']
['Tentarafoo', 'Rebellion', 'Wind Amp', 'Dekaja']
['Zio', 'Provoke', 'Magarula', 'Ghastly Wail']
['Evil Smile', 'Ghastly Wail', 'Provoke', 'Tentarafoo']
['Provoke', 'Wind Amp', 'Null Fear', 'Rebellion']
['Null Distress', 'Tentarafoo', 'Provoke', 'Null Fear']
['Zio', 'Null Distress', 'Provoke', 'Foul Breath']
['Maragi', 'Rebellion', 'Foul Breath', 'Tentarafoo']
['Evil Smile', 'Null Distress', 'Ghastly Wail', 'Rebellion']
['Tentarafoo', 'Evil Smile', 'Dekaja', 'Provoke']
['Wind Amp', 'Zio', 'Mudoon', 'Dekaja']
['Provoke', 'Rebellion', 'Magarula', 'Tentarafoo']
['Provoke', 'Dekaja', 'Rebellion', 'Tentarafoo']
['Tentarafoo', 'Zio', 'Evil Smile', 'Provoke']
['Evil Smile', 'Dekaja', 'Provoke', 'Tentarafoo']
['Ghastly Wail', 'Evil Smile', 'Provoke', 'Dekaja']
['Provoke', 'Ghastly Wail', 'Rebellion', 'Evil Smile']
['Evil Smile', 'Provoke', 'Ghastly Wail', 'Tentarafoo']
['Evil Smile', 'Ghastly Wail', 'Provoke', 'Tentarafoo']
['Evil Smile', 'Null Fear', 'Tentarafoo', 'Provoke']
['Dekaja', 'Null Distress', 'Mudoon', 'Ghastly Wail']
['Provoke', 'Ghastly Wail', 'Zio', 'Foul Breath']
['Mudoon', 'Tentarafoo', 'Evil Smile', 'Null Distress']
['Evil Smile', 'Ghastly Wail', 'Provoke', 'Tentarafoo']
['Mudoon', 'Provoke', 'Wind Amp', 'Tentarafoo']
['Zio', 'Null Distress', 'Rebellion', 'Provoke']
['Evil Smile', 'Zio', 'Tentarafoo', 'Ghastly Wail']
['Zio', 'Provoke', 'Mudoon', 'Ghastly Wail']
['Provoke', 'Tentarafoo', 'Null Distress', 'Mudoon']
['Evil Smile', 'Rebellion', 'Provoke', 'Tentarafoo']
['Provoke', 'Tentarafoo', 'Magarula', 'Null Distress']
['Tentarafoo', 'Mudoon', 'Provoke', 'Maragi']
['Evil Smile', 'Wind Amp', 'Magarula', 'Null Fear']
['Evil Smile', 'Provoke', 'Maragi', 'Tentarafoo']
['Evil Smile', 'Provoke', 'Mudoon', 'Null Fear']
['Evil Smile', 'Rebellion', 'Provoke', 'Tentarafoo']
['Rebellion', 'Evil Smile', 'Tentarafoo', 'Provoke']
['Null Fear', 'Provoke', 'Rebellion', 'Dekaja']
['Evil Smile', 'Zio', 'Tentarafoo', 'Rebellion']
['Evil Smile', 'Ghastly Wail', 'Provoke', 'Null Fear']
['Provoke', 'Tentarafoo', 'Wind Amp', 'Mudoon']
['Evil Smile', 'Provoke', 'Wind Amp', 'Magarula']
['Maragi', 'Evil Smile', 'Rebellion', 'Mudoon']
['Tentarafoo', 'Provoke', 'Evil Smile', 'Zio']
['Tentarafoo', 'Evil Smile', 'Provoke', 'Rebellion']
['Ghastly Wail', 'Tentarafoo', 'Provoke', 'Wind Amp']
['Provoke', 'Ghastly Wail', 'Evil Smile', 'Tentarafoo']
['Tentarafoo', 'Zio', 'Null Distress', 'Evil Smile']
['Tentarafoo', 'Zio', 'Provoke', 'Null Distress']
['Provoke', 'Null Distress', 'Zio', 'Evil Smile']
['Zio', 'Provoke', 'Tentarafoo', 'Evil Smile']
['Zio', 'Evil Smile', 'Null Fear', 'Provoke']
['Rebellion', 'Provoke', 'Tentarafoo', 'Dekaja']
['Dekaja', 'Provoke', 'Maragi', 'Mudoon']
['Provoke', 'Zio', 'Tentarafoo', 'Dekaja']
['Rebellion', 'Tentarafoo', 'Evil Smile', 'Provoke']
['Ghastly Wail', 'Provoke', 'Tentarafoo', 'Evil Smile']
['Provoke', 'Null Distress', 'Ghastly Wail', 'Tentarafoo']
['Provoke', 'Evil Smile', 'Zio', 'Null Distress']
['Provoke', 'Ghastly Wail', 'Maragi', 'Rebellion']
['Evil Smile', 'Null Fear', 'Dekaja', 'Tentarafoo']
['Wind Amp', 'Null Distress', 'Rebellion', 'Provoke']
['Provoke', 'Tentarafoo', 'Magarula', 'Zio']
['Provoke', 'Dekaja', 'Zio', 'Wind Amp']
['Provoke', 'Ghastly Wail', 'Dekaja', 'Mudoon']
['Rebellion', 'Provoke', 'Ghastly Wail', 'Evil Smile']
['Evil Smile', 'Ghastly Wail', 'Foul Breath', 'Provoke']
['Tentarafoo', 'Provoke', 'Null Distress', 'Foul Breath']
['Provoke', 'Ghastly Wail', 'Tentarafoo', 'Mudoon']
['Dekaja', 'Tentarafoo', 'Provoke', 'Maragi']
['Evil Smile', 'Tentarafoo', 'Provoke', 'Null Fear']
['Provoke', 'Wind Amp', 'Null Fear', 'Foul Breath']
['Provoke', 'Wind Amp', 'Rebellion', 'Tentarafoo']
['Provoke', 'Foul Breath', 'Evil Smile', 'Maragi']
['Provoke', 'Tentarafoo', 'Mudoon', 'Dekaja']
['Evil Smile', 'Foul Breath', 'Wind Amp', 'Provoke']
['Mudoon', 'Ghastly Wail', 'Dekaja', 'Evil Smile']
['Evil Smile', 'Null Distress', 'Tentarafoo', 'Provoke']
['Rebellion', 'Evil Smile', 'Ghastly Wail', 'Mudoon']
['Tentarafoo', 'Provoke', 'Null Fear', 'Evil Smile']
['Rebellion', 'Zio', 'Dekaja', 'Ghastly Wail']
['Zio', 'Mudoon', 'Foul Breath', 'Provoke']
['Provoke', 'Tentarafoo', 'Zio', 'Null Fear']
['Tentarafoo', 'Ghastly Wail', 'Provoke', 'Evil Smile']
['Wind Amp', 'Provoke', 'Rebellion', 'Tentarafoo']
['Null Distress', 'Tentarafoo', 'Evil Smile', 'Provoke']
['Tentarafoo', 'Ghastly Wail', 'Provoke', 'Null Fear']
['Evil Smile', 'Tentarafoo', 'Provoke', 'Mudoon']
['Provoke', 'Wind Amp', 'Dekaja', 'Tentarafoo']
['Provoke', 'Tentarafoo', 'Wind Amp', 'Rebellion']
['Provoke', 'Tentarafoo', 'Ghastly Wail', 'Mudoon']
['Maragi', 'Evil Smile', 'Ghastly Wail', 'Provoke']
['Maragi', 'Provoke', 'Evil Smile', 'Foul Breath']
['Null Distress', 'Mudoon', 'Tentarafoo', 'Rebellion']
['Provoke', 'Maragi', 'Zio', 'Tentarafoo']
['Evil Smile', 'Tentarafoo', 'Provoke', 'Mudoon']
