['Sexy Dance', 'Marakunda', 'Power Charge', 'Auto-Tarukaja']
['Matarukaja', 'Auto-Tarukaja', 'Sexy Dance', 'Null Distress']
['Virus Breath', 'Auto-Tarukaja', 'Matarunda', 'Sexy Dance']
['Sexy Dance', 'Matarunda', 'Apt Pupil', 'Virus Breath']
['Auto-Tarukaja', 'Sexy Dance', 'Virus Breath', 'Power Charge']
['Null Distress', 'Sexy Dance', 'Virus Breath', 'Tarukaja']
['Sexy Dance', 'Null Distress', 'Apt Pupil', 'Power Charge']
['Sexy Dance', 'Virus Breath', 'Marakunda', 'Null Distress']
['Virus Breath', 'Mazionga', 'Sexy Dance', 'Apt Pupil']
['Apt Pupil', 'Sexy Dance', 'Marakunda', 'Auto-Tarukaja']
['Sexy Dance', 'Tarukaja', 'Apt Pupil', 'Virus Breath']
['Virus Breath', 'Null Distress', 'Matarukaja', 'Tarukaja']
['Sexy Dance', 'Tarukaja', 'Matarunda', 'Marakunda']
['Apt Pupil', 'Marakunda', 'Sexy Dance', 'Garudyne']
['Matarukaja', 'Auto-Tarukaja', 'Virus Breath', 'Marakunda']
['Matarukaja', 'Virus Breath', 'Power Charge', 'Auto-Tarukaja']
['Sexy Dance', 'Virus Breath', 'Matarunda', 'Marakunda']
['Matarukaja', 'Garudyne', 'Tarukaja', 'Virus Breath']
['Sexy Dance', 'Matarukaja', 'Virus Breath', 'Auto-Tarukaja']
['Sexy Dance', 'Virus Breath', 'Power Charge', 'Auto-Tarukaja']
['Virus Breath', 'Power Charge', 'Mazionga', 'Sexy Dance']
['Sexy Dance', 'Power Charge', 'Virus Breath', 'Matarunda']
['Sexy Dance', 'Auto-Tarukaja', 'Virus Breath', 'Marakunda']
['Apt Pupil', 'Sexy Dance', 'Mazionga', 'Null Distress']
['Virus Breath', 'Tarukaja', 'Sexy Dance', 'Auto-Tarukaja']
['Null Distress', 'Tarukaja', 'Matarukaja', 'Sexy Dance']
['Auto-Tarukaja', 'Power Charge', 'Virus Breath', 'Matarunda']
['Matarukaja', 'Auto-Tarukaja', 'Tarukaja', 'Sexy Dance']
['Null Distress', 'Matarukaja', 'Sexy Dance', 'Auto-Tarukaja']
['Auto-Tarukaja', 'Power Charge', 'Apt Pupil', 'Sexy Dance']
['Virus Breath', 'Power Charge', 'Tarukaja', 'Apt Pupil']
['Sexy Dance', 'Power Charge', 'Tarukaja', 'Marakunda']
['Null Distress', 'Matarunda', 'Marakunda', 'Power Charge']
['Matarukaja', 'Auto-Tarukaja', 'Sexy Dance', 'Tarukaja']
['Tarukaja', 'Matarunda', 'Marakunda', 'Sexy Dance']
['Sexy Dance', 'Auto-Tarukaja', 'Matarukaja', 'Matarunda']
['Matarukaja', 'Sexy Dance', 'Apt Pupil', 'Virus Breath']
['Auto-Tarukaja', 'Virus Breath', 'Tarukaja', 'Sexy Dance']
['Sexy Dance', 'Virus Breath', 'Null Distress', 'Apt Pupil']
['Virus Breath', 'Mazionga', 'Marakunda', 'Sexy Dance']
['Auto-Tarukaja', 'Tarukaja', 'Virus Breath', 'Null Distress']
['Sexy Dance', 'Virus Breath', 'Apt Pupil', 'Power Charge']
['Null Distress', 'Marakunda', 'Apt Pupil', 'Sexy Dance']
['Garudyne', 'Sexy Dance', 'Apt Pupil', 'Virus Breath']
['Sexy Dance', 'Virus Breath', 'Tarukaja', 'Matarunda']
['Sexy Dance', 'Power Charge', 'Virus Breath', 'Apt Pupil']
['Matarukaja', 'Tarukaja', 'Sexy Dance', 'Power Charge']
['Auto-Tarukaja', 'Tarukaja', 'Virus Breath', 'Sexy Dance']
['Marakunda', 'Tarukaja', 'Apt Pupil', 'Sexy Dance']
['Virus Breath', 'Power Charge', 'Tarukaja', 'Matarukaja']
['Tarukaja', 'Matarunda', 'Sexy Dance', 'Virus Breath']
['Sexy Dance', 'Garudyne', 'Tarukaja', 'Apt Pupil']
['Sexy Dance', 'Power Charge', 'Matarunda', 'Matarukaja']
['Sexy Dance', 'Null Distress', 'Matarukaja', 'Virus Breath']
['Garudyne', 'Null Distress', 'Sexy Dance', 'Mazionga']
['Sexy Dance', 'Apt Pupil', 'Virus Breath', 'Matarunda']
['Sexy Dance', 'Matarunda', 'Marakunda', 'Tarukaja']
['Sexy Dance', 'Tarukaja', 'Virus Breath', 'Apt Pupil']
['Virus Breath', 'Sexy Dance', 'Apt Pupil', 'Tarukaja']
['Auto-Tarukaja', 'Matarunda', 'Sexy Dance', 'Marakunda']
['Tarukaja', 'Auto-Tarukaja', 'Marakunda', 'Sexy Dance']
['Matarukaja', 'Auto-Tarukaja', 'Tarukaja', 'Sexy Dance']
['Sexy Dance', 'Tarukaja', 'Marakunda', 'Virus Breath']
['Virus Breath', 'Matarukaja', 'Auto-Tarukaja', 'Power Charge']
['Sexy Dance', 'Power Charge', 'Tarukaja', 'Matarukaja']
['Sexy Dance', 'Auto-Tarukaja', 'Mazionga', 'Tarukaja']
['Sexy Dance', 'Virus Breath', 'Matarukaja', 'Matarunda']
['Virus Breath', 'Auto-Tarukaja', 'Apt Pupil', 'Sexy Dance']
['Apt Pupil', 'Virus Breath', 'Auto-Tarukaja', 'Matarunda']
['Power Charge', 'Sexy Dance', 'Matarunda', 'Virus Breath']
['Virus Breath', 'Matarukaja', 'Sexy Dance', 'Tarukaja']
['Marakunda', 'Sexy Dance', 'Virus Breath', 'Tarukaja']
['Sexy Dance', 'Marakunda', 'Virus Breath', 'Null Distress']
['Sexy Dance', 'Apt Pupil', 'Virus Breath', 'Marakunda']
['Marakunda', 'Auto-Tarukaja', 'Matarukaja', 'Sexy Dance']
['Tarukaja', 'Sexy Dance', 'Matarukaja', 'Auto-Tarukaja']
['Auto-Tarukaja', 'Sexy Dance', 'Matarukaja', 'Power Charge']
['Tarukaja', 'Sexy Dance', 'Virus Breath', 'Null Distress']
['Virus Breath', 'Sexy Dance', 'Matarunda', 'Apt Pupil']
['Matarunda', 'Sexy Dance', 'Tarukaja', 'Marakunda']
['Tarukaja', 'Marakunda', 'Sexy Dance', 'Virus Breath']
['Sexy Dance', 'Matarukaja', 'Marakunda', 'Auto-Tarukaja']
['Matarunda', 'Sexy Dance', 'Marakunda', 'Virus Breath']
['Virus Breath', 'Marakunda', 'Sexy Dance', 'Tarukaja']
['Virus Breath', 'Auto-Tarukaja', 'Sexy Dance', 'Matarunda']
['Tarukaja', 'Sexy Dance', 'Matarunda', 'Auto-Tarukaja']
['Null Distress', 'Sexy Dance', 'Matarunda', 'Marakunda']
['Power Charge', 'Sexy Dance', 'Tarukaja', 'Matarukaja']
['Sexy Dance', 'Power Charge', 'Matarunda', 'Virus Breath']
['Virus Breath', 'Sexy Dance', 'Matarunda', 'Auto-Tarukaja']
['Sexy Dance', 'Virus Breath', 'Tarukaja', 'Power Charge']
['Sexy Dance', 'Virus Breath', 'Null Distress', 'Tarukaja']
['Sexy Dance', 'Tarukaja', 'Virus Breath', 'Matarunda']
['Matarunda', 'Sexy Dance', 'Matarukaja', 'Virus Breath']
['Sexy Dance', 'Virus Breath', 'Garudyne', 'Matarukaja']
['Null Distress', 'Matarukaja', 'Tarukaja', 'Auto-Tarukaja']
['Virus Breath', 'Sexy Dance', 'Matarunda', 'Matarukaja']
['Garudyne', 'Tarukaja', 'Sexy Dance', 'Null Distress']
['Auto-Tarukaja', 'Null Distress', 'Virus Breath', 'Tarukaja']
['Auto-Tarukaja', 'Virus Breath', 'Matarukaja', 'Sexy Dance']
['Power Charge', 'Virus Breath', 'Tarukaja', 'Marakunda']
['Virus Breath', 'Sexy Dance', 'Tarukaja', 'Apt Pupil']
['Sexy Dance', 'Virus Breath', 'Matarunda', 'Tarukaja']
['Tarukaja', 'Matarunda', 'Sexy Dance', 'Null Distress']
['Sexy Dance', 'Virus Breath', 'Matarunda', 'Marakunda']
['Matarukaja', 'Sexy Dance', 'Auto-Tarukaja', 'Matarunda']
['Virus Breath', 'Power Charge', 'Tarukaja', 'Sexy Dance']
['Sexy Dance', 'Virus Breath', 'Matarunda', 'Auto-Tarukaja']
['Marakunda', 'Virus Breath', 'Tarukaja', 'Auto-Tarukaja']
['Sexy Dance', 'Marakunda', 'Matarukaja', 'Matarunda']
['Virus Breath', 'Sexy Dance', 'Matarukaja', 'Power Charge']
['Sexy Dance', 'Matarunda', 'Auto-Tarukaja', 'Virus Breath']
['Tarukaja', 'Power Charge', 'Sexy Dance', 'Matarukaja']
['Apt Pupil', 'Sexy Dance', 'Power Charge', 'Marakunda']
['Power Charge', 'Apt Pupil', 'Virus Breath', 'Matarukaja']
['Tarukaja', 'Sexy Dance', 'Null Distress', 'Virus Breath']
['Tarukaja', 'Sexy Dance', 'Power Charge', 'Virus Breath']
['Matarukaja', 'Sexy Dance', 'Marakunda', 'Matarunda']
['Sexy Dance', 'Matarunda', 'Tarukaja', 'Virus Breath']
['Power Charge', 'Virus Breath', 'Tarukaja', 'Marakunda']
['Sexy Dance', 'Power Charge', 'Mazionga', 'Marakunda']
['Virus Breath', 'Sexy Dance', 'Mazionga', 'Apt Pupil']
['Marakunda', 'Sexy Dance', 'Tarukaja', 'Virus Breath']
['Sexy Dance', 'Auto-Tarukaja', 'Virus Breath', 'Marakunda']
['Power Charge', 'Virus Breath', 'Sexy Dance', 'Apt Pupil']
['Sexy Dance', 'Virus Breath', 'Auto-Tarukaja', 'Matarunda']
['Null Distress', 'Matarukaja', 'Power Charge', 'Sexy Dance']
['Sexy Dance', 'Virus Breath', 'Matarunda', 'Power Charge']
['Marakunda', 'Virus Breath', 'Power Charge', 'Sexy Dance']
['Apt Pupil', 'Tarukaja', 'Sexy Dance', 'Virus Breath']
['Null Distress', 'Virus Breath', 'Power Charge', 'Apt Pupil']
['Virus Breath', 'Sexy Dance', 'Apt Pupil', 'Matarunda']
['Marakunda', 'Tarukaja', 'Matarunda', 'Garudyne']
['Power Charge', 'Apt Pupil', 'Tarukaja', 'Sexy Dance']
['Garudyne', 'Tarukaja', 'Apt Pupil', 'Virus Breath']
['Mazionga', 'Sexy Dance', 'Tarukaja', 'Virus Breath']
['Sexy Dance', 'Power Charge', 'Matarunda', 'Virus Breath']
['Matarukaja', 'Sexy Dance', 'Auto-Tarukaja', 'Virus Breath']
['Tarukaja', 'Auto-Tarukaja', 'Sexy Dance', 'Matarunda']
['Virus Breath', 'Marakunda', 'Sexy Dance', 'Tarukaja']
['Marakunda', 'Matarunda', 'Sexy Dance', 'Power Charge']
['Sexy Dance', 'Auto-Tarukaja', 'Virus Breath', 'Tarukaja']
['Sexy Dance', 'Tarukaja', 'Null Distress', 'Matarunda']
['Matarunda', 'Matarukaja', 'Sexy Dance', 'Virus Breath']
['Virus Breath', 'Marakunda', 'Sexy Dance', 'Auto-Tarukaja']
['Sexy Dance', 'Auto-Tarukaja', 'Marakunda', 'Virus Breath']
['Marakunda', 'Matarunda', 'Sexy Dance', 'Tarukaja']
['Tarukaja', 'Virus Breath', 'Mazionga', 'Auto-Tarukaja']
['Tarukaja', 'Sexy Dance', 'Auto-Tarukaja', 'Marakunda']
['Virus Breath', 'Sexy Dance', 'Power Charge', 'Marakunda']
['Sexy Dance', 'Marakunda', 'Tarukaja', 'Apt Pupil']
['Marakunda', 'Matarukaja', 'Tarukaja', 'Virus Breath']
['Sexy Dance', 'Power Charge', 'Auto-Tarukaja', 'Null Distress']
['Tarukaja', 'Auto-Tarukaja', 'Sexy Dance', 'Virus Breath']
['Sexy Dance', 'Tarukaja', 'Marakunda', 'Auto-Tarukaja']
['Sexy Dance', 'Tarukaja', 'Matarunda', 'Power Charge']
['Tarukaja', 'Virus Breath', 'Marakunda', 'Matarunda']
['Virus Breath', 'Matarunda', 'Sexy Dance', 'Tarukaja']
['Marakunda', 'Virus Breath', 'Sexy Dance', 'Tarukaja']
['Matarunda', 'Marakunda', 'Tarukaja', 'Power Charge']
['Garudyne', 'Marakunda', 'Virus Breath', 'Tarukaja']
['Virus Breath', 'Tarukaja', 'Null Distress', 'Matarunda']
['Virus Breath', 'Sexy Dance', 'Null Distress', 'Matarukaja']
['Virus Breath', 'Mazionga', 'Sexy Dance', 'Tarukaja']
['Sexy Dance', 'Apt Pupil', 'Virus Breath', 'Auto-Tarukaja']
['Apt Pupil', 'Marakunda', 'Null Distress', 'Matarukaja']
['Virus Breath', 'Sexy Dance', 'Tarukaja', 'Matarunda']
['Sexy Dance', 'Auto-Tarukaja', 'Tarukaja', 'Virus Breath']
['Apt Pupil', 'Tarukaja', 'Sexy Dance', 'Matarunda']
['Tarukaja', 'Marakunda', 'Sexy Dance', 'Virus Breath']
['Sexy Dance', 'Virus Breath', 'Apt Pupil', 'Tarukaja']
['Matarukaja', 'Sexy Dance', 'Auto-Tarukaja', 'Marakunda']
['Virus Breath', 'Sexy Dance', 'Matarukaja', 'Apt Pupil']
['Sexy Dance', 'Tarukaja', 'Virus Breath', 'Null Distress']
['Auto-Tarukaja', 'Marakunda', 'Matarunda', 'Virus Breath']
['Matarukaja', 'Power Charge', 'Tarukaja', 'Sexy Dance']
['Virus Breath', 'Sexy Dance', 'Garudyne', 'Tarukaja']
['Auto-Tarukaja', 'Virus Breath', 'Power Charge', 'Marakunda']
['Matarunda', 'Sexy Dance', 'Matarukaja', 'Null Distress']
['Matarukaja', 'Null Distress', 'Sexy Dance', 'Apt Pupil']
['Virus Breath', 'Sexy Dance', 'Matarunda', 'Auto-Tarukaja']
['Sexy Dance', 'Auto-Tarukaja', 'Marakunda', 'Virus Breath']
['Tarukaja', 'Virus Breath', 'Power Charge', 'Sexy Dance']
['Apt Pupil', 'Auto-Tarukaja', 'Sexy Dance', 'Matarukaja']
['Auto-Tarukaja', 'Tarukaja', 'Power Charge', 'Sexy Dance']
['Tarukaja', 'Marakunda', 'Sexy Dance', 'Auto-Tarukaja']
['Auto-Tarukaja', 'Garudyne', 'Matarunda', 'Tarukaja']
['Virus Breath', 'Sexy Dance', 'Mazionga', 'Power Charge']
['Marakunda', 'Sexy Dance', 'Null Distress', 'Tarukaja']
['Matarukaja', 'Sexy Dance', 'Virus Breath', 'Matarunda']
['Null Distress', 'Matarunda', 'Virus Breath', 'Tarukaja']
['Auto-Tarukaja', 'Tarukaja', 'Sexy Dance', 'Virus Breath']
['Power Charge', 'Virus Breath', 'Apt Pupil', 'Sexy Dance']
['Marakunda', 'Sexy Dance', 'Virus Breath', 'Tarukaja']
['Virus Breath', 'Matarunda', 'Sexy Dance', 'Tarukaja']
['Auto-Tarukaja', 'Matarunda', 'Virus Breath', 'Null Distress']
['Matarunda', 'Tarukaja', 'Marakunda', 'Mazionga']
['Virus Breath', 'Tarukaja', 'Sexy Dance', 'Auto-Tarukaja']
['Auto-Tarukaja', 'Tarukaja', 'Sexy Dance', 'Matarukaja']
['Auto-Tarukaja', 'Matarukaja', 'Sexy Dance', 'Virus Breath']
['Apt Pupil', 'Matarunda', 'Sexy Dance', 'Tarukaja']
['Sexy Dance', 'Virus Breath', 'Auto-Tarukaja', 'Tarukaja']
['Sexy Dance', 'Virus Breath', 'Marakunda', 'Auto-Tarukaja']
['Tarukaja', 'Auto-Tarukaja', 'Sexy Dance', 'Matarukaja']
['Auto-Tarukaja', 'Garudyne', 'Sexy Dance', 'Virus Breath']
['Sexy Dance', 'Tarukaja', 'Virus Breath', 'Matarunda']
['Marakunda', 'Auto-Tarukaja', 'Mazionga', 'Sexy Dance']
['Sexy Dance', 'Apt Pupil', 'Virus Breath', 'Tarukaja']
['Marakunda', 'Apt Pupil', 'Tarukaja', 'Sexy Dance']
['Sexy Dance', 'Null Distress', 'Virus Breath', 'Auto-Tarukaja']
['Sexy Dance', 'Virus Breath', 'Marakunda', 'Matarukaja']
['Sexy Dance', 'Tarukaja', 'Matarukaja', 'Mazionga']
['Sexy Dance', 'Auto-Tarukaja', 'Virus Breath', 'Apt Pupil']
['Sexy Dance', 'Tarukaja', 'Auto-Tarukaja', 'Virus Breath']
['Tarukaja', 'Virus Breath', 'Sexy Dance', 'Null Distress']
['Power Charge', 'Sexy Dance', 'Auto-Tarukaja', 'Null Distress']
['Tarukaja', 'Power Charge', 'Apt Pupil', 'Sexy Dance']
['Power Charge', 'Virus Breath', 'Matarunda', 'Sexy Dance']
['Matarukaja', 'Sexy Dance', 'Virus Breath', 'Matarunda']
['Tarukaja', 'Apt Pupil', 'Sexy Dance', 'Matarunda']
['Virus Breath', 'Apt Pupil', 'Sexy Dance', 'Power Charge']
['Auto-Tarukaja', 'Matarunda', 'Sexy Dance', 'Power Charge']
['Sexy Dance', 'Matarunda', 'Tarukaja', 'Virus Breath']
['Matarukaja', 'Sexy Dance', 'Auto-Tarukaja', 'Virus Breath']
['Tarukaja', 'Apt Pupil', 'Null Distress', 'Virus Breath']
['Sexy Dance', 'Tarukaja', 'Virus Breath', 'Power Charge']
['Power Charge', 'Null Distress', 'Matarukaja', 'Virus Breath']
['Sexy Dance', 'Apt Pupil', 'Null Distress', 'Virus Breath']
['Tarukaja', 'Virus Breath', 'Sexy Dance', 'Null Distress']
['Sexy Dance', 'Garudyne', 'Virus Breath', 'Matarukaja']
['Marakunda', 'Auto-Tarukaja', 'Tarukaja', 'Matarukaja']
['Virus Breath', 'Tarukaja', 'Sexy Dance', 'Power Charge']
['Sexy Dance', 'Tarukaja', 'Matarukaja', 'Virus Breath']
['Sexy Dance', 'Tarukaja', 'Virus Breath', 'Matarukaja']
['Sexy Dance', 'Virus Breath', 'Auto-Tarukaja', 'Matarunda']
['Null Distress', 'Sexy Dance', 'Virus Breath', 'Marakunda']
['Apt Pupil', 'Sexy Dance', 'Virus Breath', 'Auto-Tarukaja']
['Sexy Dance', 'Tarukaja', 'Auto-Tarukaja', 'Power Charge']
['Matarukaja', 'Sexy Dance', 'Matarunda', 'Tarukaja']
['Marakunda', 'Sexy Dance', 'Virus Breath', 'Power Charge']
['Marakunda', 'Auto-Tarukaja', 'Virus Breath', 'Sexy Dance']
['Matarunda', 'Virus Breath', 'Auto-Tarukaja', 'Marakunda']
['Sexy Dance', 'Tarukaja', 'Auto-Tarukaja', 'Virus Breath']
['Virus Breath', 'Matarukaja', 'Auto-Tarukaja', 'Power Charge']
['Tarukaja', 'Auto-Tarukaja', 'Power Charge', 'Sexy Dance']
['Marakunda', 'Null Distress', 'Sexy Dance', 'Matarukaja']
['Sexy Dance', 'Null Distress', 'Virus Breath', 'Power Charge']
['Null Distress', 'Sexy Dance', 'Tarukaja', 'Auto-Tarukaja']
['Sexy Dance', 'Virus Breath', 'Tarukaja', 'Auto-Tarukaja']
['Matarunda', 'Sexy Dance', 'Tarukaja', 'Virus Breath']
['Apt Pupil', 'Sexy Dance', 'Virus Breath', 'Marakunda']
['Sexy Dance', 'Auto-Tarukaja', 'Tarukaja', 'Garudyne']
['Virus Breath', 'Auto-Tarukaja', 'Apt Pupil', 'Null Distress']
['Matarunda', 'Apt Pupil', 'Null Distress', 'Sexy Dance']
['Null Distress', 'Virus Breath', 'Marakunda', 'Tarukaja']
['Sexy Dance', 'Apt Pupil', 'Garudyne', 'Marakunda']
['Sexy Dance', 'Virus Breath', 'Matarukaja', 'Auto-Tarukaja']
['Virus Breath', 'Matarukaja', 'Sexy Dance', 'Power Charge']
['Sexy Dance', 'Virus Breath', 'Auto-Tarukaja', 'Marakunda']
['Power Charge', 'Virus Breath', 'Sexy Dance', 'Null Distress']
['Power Charge', 'Sexy Dance', 'Matarunda', 'Auto-Tarukaja']
['Auto-Tarukaja', 'Marakunda', 'Matarunda', 'Virus Breath']
['Virus Breath', 'Sexy Dance', 'Matarukaja', 'Null Distress']
['Sexy Dance', 'Tarukaja', 'Marakunda', 'Virus Breath']
['Apt Pupil', 'Sexy Dance', 'Matarukaja', 'Power Charge']
['Power Charge', 'Sexy Dance', 'Tarukaja', 'Auto-Tarukaja']
['Auto-Tarukaja', 'Sexy Dance', 'Virus Breath', 'Matarukaja']
['Tarukaja', 'Power Charge', 'Virus Breath', 'Marakunda']
['Matarunda', 'Auto-Tarukaja', 'Marakunda', 'Apt Pupil']
['Marakunda', 'Virus Breath', 'Garudyne', 'Power Charge']
['Virus Breath', 'Sexy Dance', 'Apt Pupil', 'Tarukaja']
['Garudyne', 'Sexy Dance', 'Virus Breath', 'Auto-Tarukaja']
['Tarukaja', 'Apt Pupil', 'Virus Breath', 'Matarunda']
['Apt Pupil', 'Tarukaja', 'Auto-Tarukaja', 'Virus Breath']
['Sexy Dance', 'Marakunda', 'Virus Breath', 'Matarunda']
['Virus Breath', 'Auto-Tarukaja', 'Tarukaja', 'Sexy Dance']
['Virus Breath', 'Sexy Dance', 'Matarunda', 'Marakunda']
['Sexy Dance', 'Auto-Tarukaja', 'Virus Breath', 'Null Distress']
['Virus Breath', 'Matarukaja', 'Null Distress', 'Sexy Dance']
['Virus Breath', 'Apt Pupil', 'Sexy Dance', 'Null Distress']
['Sexy Dance', 'Tarukaja', 'Null Distress', 'Virus Breath']
['Virus Breath', 'Null Distress', 'Sexy Dance', 'Auto-Tarukaja']
['Sexy Dance', 'Matarunda', 'Power Charge', 'Apt Pupil']
['Marakunda', 'Tarukaja', 'Sexy Dance', 'Matarunda']
['Sexy Dance', 'Tarukaja', 'Matarunda', 'Mazionga']
['Sexy Dance', 'Power Charge', 'Marakunda', 'Apt Pupil']
['Matarukaja', 'Sexy Dance', 'Tarukaja', 'Apt Pupil']
['Sexy Dance', 'Matarunda', 'Marakunda', 'Virus Breath']
['Virus Breath', 'Apt Pupil', 'Power Charge', 'Null Distress']
['Sexy Dance', 'Tarukaja', 'Matarunda', 'Null Distress']
['Marakunda', 'Matarukaja', 'Sexy Dance', 'Null Distress']
['Auto-Tarukaja', 'Sexy Dance', 'Apt Pupil', 'Tarukaja']
['Auto-Tarukaja', 'Sexy Dance', 'Virus Breath', 'Tarukaja']
['Virus Breath', 'Matarukaja', 'Sexy Dance', 'Tarukaja']
['Sexy Dance', 'Apt Pupil', 'Virus Breath', 'Marakunda']
['Tarukaja', 'Sexy Dance', 'Virus Breath', 'Marakunda']
['Null Distress', 'Sexy Dance', 'Matarukaja', 'Matarunda']
['Matarukaja', 'Matarunda', 'Marakunda', 'Auto-Tarukaja']
['Tarukaja', 'Sexy Dance', 'Matarunda', 'Virus Breath']
['Auto-Tarukaja', 'Virus Breath', 'Apt Pupil', 'Sexy Dance']
['Virus Breath', 'Power Charge', 'Sexy Dance', 'Matarukaja']
['Sexy Dance', 'Auto-Tarukaja', 'Null Distress', 'Virus Breath']
['Garudyne', 'Sexy Dance', 'Apt Pupil', 'Matarukaja']
['Matarunda', 'Mazionga', 'Sexy Dance', 'Virus Breath']
['Sexy Dance', 'Garudyne', 'Matarukaja', 'Power Charge']
['Apt Pupil', 'Matarunda', 'Marakunda', 'Virus Breath']
['Tarukaja', 'Auto-Tarukaja', 'Apt Pupil', 'Sexy Dance']
['Matarunda', 'Sexy Dance', 'Power Charge', 'Tarukaja']
['Tarukaja', 'Auto-Tarukaja', 'Mazionga', 'Power Charge']
['Auto-Tarukaja', 'Sexy Dance', 'Null Distress', 'Marakunda']
['Tarukaja', 'Sexy Dance', 'Virus Breath', 'Matarunda']
['Virus Breath', 'Marakunda', 'Sexy Dance', 'Null Distress']
['Tarukaja', 'Apt Pupil', 'Null Distress', 'Virus Breath']
['Tarukaja', 'Auto-Tarukaja', 'Apt Pupil', 'Virus Breath']
['Marakunda', 'Sexy Dance', 'Tarukaja', 'Virus Breath']
['Matarunda', 'Auto-Tarukaja', 'Virus Breath', 'Tarukaja']
['Sexy Dance', 'Power Charge', 'Apt Pupil', 'Null Distress']
['Auto-Tarukaja', 'Virus Breath', 'Tarukaja', 'Sexy Dance']
['Virus Breath', 'Sexy Dance', 'Power Charge', 'Tarukaja']
['Virus Breath', 'Matarunda', 'Sexy Dance', 'Power Charge']
['Auto-Tarukaja', 'Power Charge', 'Sexy Dance', 'Marakunda']
['Auto-Tarukaja', 'Matarukaja', 'Power Charge', 'Tarukaja']
['Null Distress', 'Sexy Dance', 'Marakunda', 'Matarukaja']
['Power Charge', 'Marakunda', 'Virus Breath', 'Null Distress']
['Matarunda', 'Tarukaja', 'Power Charge', 'Sexy Dance']
['Mazionga', 'Auto-Tarukaja', 'Virus Breath', 'Matarunda']
['Virus Breath', 'Mazionga', 'Sexy Dance', 'Marakunda']
['Sexy Dance', 'Tarukaja', 'Auto-Tarukaja', 'Garudyne']
['Power Charge', 'Null Distress', 'Marakunda', 'Sexy Dance']
['Null Distress', 'Matarunda', 'Tarukaja', 'Sexy Dance']
['Sexy Dance', 'Auto-Tarukaja', 'Tarukaja', 'Virus Breath']
['Sexy Dance', 'Matarunda', 'Mazionga', 'Apt Pupil']
['Auto-Tarukaja', 'Sexy Dance', 'Apt Pupil', 'Marakunda']
['Virus Breath', 'Sexy Dance', 'Mazionga', 'Tarukaja']
['Sexy Dance', 'Null Distress', 'Power Charge', 'Auto-Tarukaja']
['Auto-Tarukaja', 'Virus Breath', 'Power Charge', 'Marakunda']
['Apt Pupil', 'Virus Breath', 'Marakunda', 'Tarukaja']
['Sexy Dance', 'Virus Breath', 'Tarukaja', 'Power Charge']
['Matarukaja', 'Sexy Dance', 'Auto-Tarukaja', 'Marakunda']
['Sexy Dance', 'Virus Breath', 'Marakunda', 'Power Charge']
['Power Charge', 'Auto-Tarukaja', 'Tarukaja', 'Virus Breath']
['Sexy Dance', 'Matarunda', 'Virus Breath', 'Apt Pupil']
['Auto-Tarukaja', 'Virus Breath', 'Null Distress', 'Matarunda']
['Virus Breath', 'Matarunda', 'Sexy Dance', 'Null Distress']
['Tarukaja', 'Power Charge', 'Apt Pupil', 'Sexy Dance']
['Tarukaja', 'Virus Breath', 'Null Distress', 'Auto-Tarukaja']
['Virus Breath', 'Matarukaja', 'Sexy Dance', 'Null Distress']
['Apt Pupil', 'Sexy Dance', 'Null Distress', 'Garudyne']
['Tarukaja', 'Matarunda', 'Marakunda', 'Matarukaja']
['Matarunda', 'Sexy Dance', 'Tarukaja', 'Null Distress']
['Matarunda', 'Tarukaja', 'Virus Breath', 'Apt Pupil']
['Sexy Dance', 'Tarukaja', 'Virus Breath', 'Apt Pupil']
['Sexy Dance', 'Apt Pupil', 'Marakunda', 'Matarukaja']
['Tarukaja', 'Auto-Tarukaja', 'Matarukaja', 'Virus Breath']
['Marakunda', 'Virus Breath', 'Tarukaja', 'Matarunda']
['Matarunda', 'Sexy Dance', 'Null Distress', 'Auto-Tarukaja']
['Power Charge', 'Auto-Tarukaja', 'Null Distress', 'Matarukaja']
['Matarunda', 'Virus Breath', 'Apt Pupil', 'Tarukaja']
['Virus Breath', 'Auto-Tarukaja', 'Marakunda', 'Sexy Dance']
['Sexy Dance', 'Virus Breath', 'Tarukaja', 'Marakunda']
['Apt Pupil', 'Null Distress', 'Tarukaja', 'Sexy Dance']
['Sexy Dance', 'Marakunda', 'Auto-Tarukaja', 'Virus Breath']
['Apt Pupil', 'Matarunda', 'Tarukaja', 'Marakunda']
['Sexy Dance', 'Tarukaja', 'Virus Breath', 'Matarukaja']
['Matarunda', 'Sexy Dance', 'Null Distress', 'Matarukaja']
['Matarunda', 'Virus Breath', 'Tarukaja', 'Auto-Tarukaja']
['Sexy Dance', 'Virus Breath', 'Matarukaja', 'Tarukaja']
['Virus Breath', 'Tarukaja', 'Power Charge', 'Matarunda']
['Matarunda', 'Sexy Dance', 'Auto-Tarukaja', 'Tarukaja']
['Marakunda', 'Auto-Tarukaja', 'Power Charge', 'Sexy Dance']
['Virus Breath', 'Sexy Dance', 'Auto-Tarukaja', 'Matarukaja']
['Apt Pupil', 'Power Charge', 'Sexy Dance', 'Virus Breath']
['Virus Breath', 'Mazionga', 'Sexy Dance', 'Power Charge']
['Sexy Dance', 'Apt Pupil', 'Virus Breath', 'Tarukaja']
['Sexy Dance', 'Apt Pupil', 'Virus Breath', 'Power Charge']
['Apt Pupil', 'Sexy Dance', 'Null Distress', 'Virus Breath']
['Virus Breath', 'Power Charge', 'Tarukaja', 'Sexy Dance']
['Sexy Dance', 'Tarukaja', 'Matarunda', 'Apt Pupil']
['Sexy Dance', 'Virus Breath', 'Marakunda', 'Tarukaja']
['Sexy Dance', 'Matarukaja', 'Power Charge', 'Apt Pupil']
['Virus Breath', 'Matarunda', 'Apt Pupil', 'Power Charge']
['Virus Breath', 'Matarunda', 'Marakunda', 'Power Charge']
['Tarukaja', 'Sexy Dance', 'Matarunda', 'Virus Breath']
['Matarukaja', 'Power Charge', 'Virus Breath', 'Sexy Dance']
['Virus Breath', 'Sexy Dance', 'Apt Pupil', 'Matarunda']
['Marakunda', 'Sexy Dance', 'Virus Breath', 'Tarukaja']
['Tarukaja', 'Matarunda', 'Marakunda', 'Matarukaja']
['Marakunda', 'Matarukaja', 'Virus Breath', 'Matarunda']
['Sexy Dance', 'Auto-Tarukaja', 'Virus Breath', 'Power Charge']
['Virus Breath', 'Sexy Dance', 'Auto-Tarukaja', 'Apt Pupil']
['Sexy Dance', 'Null Distress', 'Virus Breath', 'Power Charge']
['Matarukaja', 'Virus Breath', 'Sexy Dance', 'Null Distress']
['Virus Breath', 'Marakunda', 'Auto-Tarukaja', 'Sexy Dance']
['Null Distress', 'Sexy Dance', 'Virus Breath', 'Apt Pupil']
['Sexy Dance', 'Tarukaja', 'Auto-Tarukaja', 'Virus Breath']
['Power Charge', 'Sexy Dance', 'Auto-Tarukaja', 'Apt Pupil']
['Virus Breath', 'Matarunda', 'Tarukaja', 'Sexy Dance']
['Auto-Tarukaja', 'Virus Breath', 'Apt Pupil', 'Sexy Dance']
['Virus Breath', 'Apt Pupil', 'Matarunda', 'Matarukaja']
['Sexy Dance', 'Virus Breath', 'Matarukaja', 'Power Charge']
['Sexy Dance', 'Marakunda', 'Null Distress', 'Auto-Tarukaja']
['Sexy Dance', 'Power Charge', 'Virus Breath', 'Apt Pupil']
['Tarukaja', 'Sexy Dance', 'Null Distress', 'Matarunda']
['Sexy Dance', 'Auto-Tarukaja', 'Matarukaja', 'Marakunda']
['Sexy Dance', 'Matarunda', 'Auto-Tarukaja', 'Virus Breath']
['Auto-Tarukaja', 'Virus Breath', 'Tarukaja', 'Sexy Dance']
['Virus Breath', 'Null Distress', 'Matarunda', 'Auto-Tarukaja']
['Matarukaja', 'Sexy Dance', 'Mazionga', 'Matarunda']
['Tarukaja', 'Null Distress', 'Sexy Dance', 'Matarunda']
['Sexy Dance', 'Virus Breath', 'Auto-Tarukaja', 'Tarukaja']
['Sexy Dance', 'Virus Breath', 'Garudyne', 'Apt Pupil']
['Virus Breath', 'Matarukaja', 'Power Charge', 'Marakunda']
['Auto-Tarukaja', 'Matarunda', 'Virus Breath', 'Sexy Dance']
['Virus Breath', 'Matarukaja', 'Null Distress', 'Sexy Dance']
['Auto-Tarukaja', 'Sexy Dance', 'Tarukaja', 'Virus Breath']
['Sexy Dance', 'Tarukaja', 'Auto-Tarukaja', 'Virus Breath']
['Sexy Dance', 'Garudyne', 'Marakunda', 'Virus Breath']
['Sexy Dance', 'Tarukaja', 'Apt Pupil', 'Marakunda']
['Tarukaja', 'Sexy Dance', 'Matarukaja', 'Virus Breath']
['Sexy Dance', 'Tarukaja', 'Power Charge', 'Virus Breath']
['Sexy Dance', 'Null Distress', 'Matarunda', 'Mazionga']
['Power Charge', 'Sexy Dance', 'Matarukaja', 'Marakunda']
['Sexy Dance', 'Virus Breath', 'Tarukaja', 'Power Charge']
['Tarukaja', 'Sexy Dance', 'Matarukaja', 'Virus Breath']
['Virus Breath', 'Matarunda', 'Garudyne', 'Auto-Tarukaja']
['Matarunda', 'Null Distress', 'Tarukaja', 'Virus Breath']
['Sexy Dance', 'Auto-Tarukaja', 'Apt Pupil', 'Tarukaja']
['Null Distress', 'Power Charge', 'Marakunda', 'Matarunda']
['Matarunda', 'Apt Pupil', 'Virus Breath', 'Power Charge']
['Null Distress', 'Matarukaja', 'Virus Breath', 'Sexy Dance']
['Null Distress', 'Apt Pupil', 'Tarukaja', 'Matarukaja']
['Virus Breath', 'Sexy Dance', 'Tarukaja', 'Null Distress']
['Matarunda', 'Auto-Tarukaja', 'Sexy Dance', 'Virus Breath']
['Tarukaja', 'Auto-Tarukaja', 'Virus Breath', 'Power Charge']
['Virus Breath', 'Apt Pupil', 'Auto-Tarukaja', 'Garudyne']
['Virus Breath', 'Matarunda', 'Sexy Dance', 'Auto-Tarukaja']
['Mazionga', 'Marakunda', 'Tarukaja', 'Sexy Dance']
['Sexy Dance', 'Virus Breath', 'Tarukaja', 'Power Charge']
['Sexy Dance', 'Virus Breath', 'Tarukaja', 'Power Charge']
['Sexy Dance', 'Power Charge', 'Matarunda', 'Virus Breath']
['Tarukaja', 'Sexy Dance', 'Virus Breath', 'Power Charge']
['Sexy Dance', 'Auto-Tarukaja', 'Tarukaja', 'Virus Breath']
['Virus Breath', 'Marakunda', 'Sexy Dance', 'Matarunda']
['Power Charge', 'Apt Pupil', 'Marakunda', 'Auto-Tarukaja']
['Marakunda', 'Tarukaja', 'Sexy Dance', 'Virus Breath']
['Sexy Dance', 'Matarunda', 'Tarukaja', 'Virus Breath']
['Auto-Tarukaja', 'Matarukaja', 'Marakunda', 'Tarukaja']
['Apt Pupil', 'Marakunda', 'Power Charge', 'Auto-Tarukaja']
['Auto-Tarukaja', 'Sexy Dance', 'Matarukaja', 'Tarukaja']
['Virus Breath', 'Sexy Dance', 'Mazionga', 'Matarukaja']
['Matarukaja', 'Tarukaja', 'Sexy Dance', 'Virus Breath']
['Sexy Dance', 'Virus Breath', 'Matarunda', 'Tarukaja']
['Virus Breath', 'Matarunda', 'Sexy Dance', 'Power Charge']
['Marakunda', 'Sexy Dance', 'Tarukaja', 'Virus Breath']
['Sexy Dance', 'Matarunda', 'Virus Breath', 'Auto-Tarukaja']
['Tarukaja', 'Sexy Dance', 'Apt Pupil', 'Virus Breath']
['Tarukaja', 'Virus Breath', 'Sexy Dance', 'Matarukaja']
['Tarukaja', 'Sexy Dance', 'Power Charge', 'Matarunda']
['Sexy Dance', 'Virus Breath', 'Apt Pupil', 'Power Charge']
['Matarukaja', 'Marakunda', 'Sexy Dance', 'Power Charge']
['Tarukaja', 'Apt Pupil', 'Auto-Tarukaja', 'Sexy Dance']
['Auto-Tarukaja', 'Sexy Dance', 'Matarukaja', 'Virus Breath']
['Sexy Dance', 'Marakunda', 'Virus Breath', 'Matarunda']
['Virus Breath', 'Sexy Dance', 'Matarukaja', 'Tarukaja']
['Matarunda', 'Virus Breath', 'Sexy Dance', 'Power Charge']
['Sexy Dance', 'Power Charge', 'Matarunda', 'Tarukaja']
['Matarunda', 'Matarukaja', 'Sexy Dance', 'Virus Breath']
['Power Charge', 'Matarukaja', 'Sexy Dance', 'Tarukaja']
['Virus Breath', 'Matarukaja', 'Sexy Dance', 'Auto-Tarukaja']
['Sexy Dance', 'Matarunda', 'Virus Breath', 'Auto-Tarukaja']
['Sexy Dance', 'Matarunda', 'Power Charge', 'Tarukaja']
['Garudyne', 'Sexy Dance', 'Virus Breath', 'Tarukaja']
['Auto-Tarukaja', 'Matarunda', 'Sexy Dance', 'Null Distress']
['Null Distress', 'Matarunda', 'Tarukaja', 'Marakunda']
['Tarukaja', 'Virus Breath', 'Null Distress', 'Auto-Tarukaja']
['Virus Breath', 'Power Charge', 'Auto-Tarukaja', 'Sexy Dance']
['Virus Breath', 'Power Charge', 'Sexy Dance', 'Null Distress']
['Sexy Dance', 'Null Distress', 'Virus Breath', 'Auto-Tarukaja']
['Sexy Dance', 'Matarukaja', 'Virus Breath', 'Tarukaja']
['Sexy Dance', 'Auto-Tarukaja', 'Apt Pupil', 'Marakunda']
['Null Distress', 'Power Charge', 'Sexy Dance', 'Marakunda']
['Virus Breath', 'Mazionga', 'Sexy Dance', 'Tarukaja']
['Tarukaja', 'Sexy Dance', 'Auto-Tarukaja', 'Virus Breath']
['Sexy Dance', 'Tarukaja', 'Power Charge', 'Apt Pupil']
['Power Charge', 'Virus Breath', 'Null Distress', 'Sexy Dance']
['Virus Breath', 'Matarukaja', 'Auto-Tarukaja', 'Sexy Dance']
['Null Distress', 'Marakunda', 'Virus Breath', 'Sexy Dance']
['Virus Breath', 'Matarukaja', 'Sexy Dance', 'Null Distress']
['Sexy Dance', 'Tarukaja', 'Matarukaja', 'Marakunda']
['Power Charge', 'Mazionga', 'Sexy Dance', 'Marakunda']
['Marakunda', 'Tarukaja', 'Sexy Dance', 'Virus Breath']
['Auto-Tarukaja', 'Garudyne', 'Apt Pupil', 'Sexy Dance']
['Sexy Dance', 'Virus Breath', 'Marakunda', 'Tarukaja']
['Null Distress', 'Sexy Dance', 'Virus Breath', 'Marakunda']
['Auto-Tarukaja', 'Sexy Dance', 'Tarukaja', 'Virus Breath']
['Sexy Dance', 'Apt Pupil', 'Auto-Tarukaja', 'Virus Breath']
['Sexy Dance', 'Virus Breath', 'Matarunda', 'Tarukaja']
['Matarukaja', 'Null Distress', 'Sexy Dance', 'Marakunda']
['Apt Pupil', 'Sexy Dance', 'Virus Breath', 'Tarukaja']
['Marakunda', 'Virus Breath', 'Sexy Dance', 'Matarunda']
['Matarukaja', 'Sexy Dance', 'Virus Breath', 'Null Distress']
['Matarunda', 'Sexy Dance', 'Tarukaja', 'Auto-Tarukaja']
['Null Distress', 'Tarukaja', 'Sexy Dance', 'Virus Breath']
['Apt Pupil', 'Garudyne', 'Sexy Dance', 'Virus Breath']
['Mazionga', 'Sexy Dance', 'Null Distress', 'Matarukaja']
['Null Distress', 'Sexy Dance', 'Virus Breath', 'Tarukaja']
['Sexy Dance', 'Power Charge', 'Mazionga', 'Matarukaja']
['Null Distress', 'Power Charge', 'Matarunda', 'Virus Breath']
['Sexy Dance', 'Virus Breath', 'Marakunda', 'Apt Pupil']
['Sexy Dance', 'Apt Pupil', 'Tarukaja', 'Null Distress']
['Sexy Dance', 'Virus Breath', 'Auto-Tarukaja', 'Marakunda']
['Virus Breath', 'Sexy Dance', 'Matarukaja', 'Auto-Tarukaja']
['Virus Breath', 'Matarunda', 'Power Charge', 'Sexy Dance']
['Virus Breath', 'Power Charge', 'Null Distress', 'Apt Pupil']
['Sexy Dance', 'Tarukaja', 'Auto-Tarukaja', 'Virus Breath']
['Matarukaja', 'Tarukaja', 'Marakunda', 'Virus Breath']
['Auto-Tarukaja', 'Sexy Dance', 'Apt Pupil', 'Virus Breath']
['Sexy Dance', 'Power Charge', 'Virus Breath', 'Marakunda']
['Virus Breath', 'Sexy Dance', 'Matarukaja', 'Power Charge']
['Virus Breath', 'Sexy Dance', 'Tarukaja', 'Marakunda']
['Auto-Tarukaja', 'Sexy Dance', 'Marakunda', 'Tarukaja']
['Matarunda', 'Sexy Dance', 'Virus Breath', 'Auto-Tarukaja']
['Auto-Tarukaja', 'Sexy Dance', 'Null Distress', 'Power Charge']
['Sexy Dance', 'Auto-Tarukaja', 'Marakunda', 'Tarukaja']
['Sexy Dance', 'Matarukaja', 'Tarukaja', 'Auto-Tarukaja']
['Power Charge', 'Tarukaja', 'Virus Breath', 'Matarunda']
['Null Distress', 'Marakunda', 'Matarukaja', 'Apt Pupil']
['Power Charge', 'Tarukaja', 'Sexy Dance', 'Auto-Tarukaja']
['Sexy Dance', 'Virus Breath', 'Matarukaja', 'Marakunda']
['Apt Pupil', 'Sexy Dance', 'Power Charge', 'Virus Breath']
['Power Charge', 'Sexy Dance', 'Apt Pupil', 'Mazionga']
['Auto-Tarukaja', 'Tarukaja', 'Virus Breath', 'Sexy Dance']
['Tarukaja', 'Sexy Dance', 'Virus Breath', 'Matarukaja']
['Auto-Tarukaja', 'Virus Breath', 'Sexy Dance', 'Matarukaja']
['Tarukaja', 'Virus Breath', 'Apt Pupil', 'Sexy Dance']
['Power Charge', 'Marakunda', 'Tarukaja', 'Sexy Dance']
['Sexy Dance', 'Null Distress', 'Matarunda', 'Garudyne']
['Tarukaja', 'Virus Breath', 'Sexy Dance', 'Auto-Tarukaja']
['Mazionga', 'Marakunda', 'Sexy Dance', 'Virus Breath']
['Sexy Dance', 'Tarukaja', 'Virus Breath', 'Matarunda']
['Garudyne', 'Virus Breath', 'Tarukaja', 'Mazionga']
['Sexy Dance', 'Matarunda', 'Auto-Tarukaja', 'Marakunda']
['Sexy Dance', 'Auto-Tarukaja', 'Virus Breath', 'Tarukaja']
['Sexy Dance', 'Tarukaja', 'Marakunda', 'Matarukaja']
['Sexy Dance', 'Virus Breath', 'Auto-Tarukaja', 'Apt Pupil']
['Marakunda', 'Power Charge', 'Tarukaja', 'Virus Breath']
['Sexy Dance', 'Tarukaja', 'Virus Breath', 'Matarunda']
['Auto-Tarukaja', 'Sexy Dance', 'Apt Pupil', 'Matarukaja']
['Virus Breath', 'Tarukaja', 'Sexy Dance', 'Apt Pupil']
['Marakunda', 'Virus Breath', 'Null Distress', 'Matarunda']
['Sexy Dance', 'Virus Breath', 'Matarunda', 'Tarukaja']
['Virus Breath', 'Null Distress', 'Power Charge', 'Sexy Dance']
['Matarunda', 'Sexy Dance', 'Marakunda', 'Virus Breath']
['Sexy Dance', 'Marakunda', 'Matarunda', 'Power Charge']
['Sexy Dance', 'Virus Breath', 'Matarukaja', 'Marakunda']
['Marakunda', 'Tarukaja', 'Sexy Dance', 'Garudyne']
['Virus Breath', 'Tarukaja', 'Sexy Dance', 'Auto-Tarukaja']
['Matarukaja', 'Sexy Dance', 'Marakunda', 'Auto-Tarukaja']
['Sexy Dance', 'Marakunda', 'Virus Breath', 'Matarukaja']
['Power Charge', 'Sexy Dance', 'Tarukaja', 'Matarukaja']
['Virus Breath', 'Sexy Dance', 'Matarukaja', 'Power Charge']
['Auto-Tarukaja', 'Sexy Dance', 'Apt Pupil', 'Matarukaja']
['Matarunda', 'Tarukaja', 'Garudyne', 'Sexy Dance']
['Power Charge', 'Tarukaja', 'Matarukaja', 'Marakunda']
['Null Distress', 'Auto-Tarukaja', 'Marakunda', 'Sexy Dance']
['Matarunda', 'Apt Pupil', 'Sexy Dance', 'Tarukaja']
['Sexy Dance', 'Auto-Tarukaja', 'Matarunda', 'Marakunda']
['Sexy Dance', 'Tarukaja', 'Virus Breath', 'Matarukaja']
['Virus Breath', 'Sexy Dance', 'Tarukaja', 'Matarunda']
['Mazionga', 'Matarunda', 'Null Distress', 'Virus Breath']
['Tarukaja', 'Sexy Dance', 'Mazionga', 'Marakunda']
['Sexy Dance', 'Virus Breath', 'Auto-Tarukaja', 'Matarukaja']
['Sexy Dance', 'Marakunda', 'Power Charge', 'Apt Pupil']
['Sexy Dance', 'Tarukaja', 'Virus Breath', 'Null Distress']
['Tarukaja', 'Sexy Dance', 'Null Distress', 'Virus Breath']
['Auto-Tarukaja', 'Garudyne', 'Virus Breath', 'Null Distress']
['Auto-Tarukaja', 'Matarukaja', 'Sexy Dance', 'Null Distress']
['Virus Breath', 'Sexy Dance', 'Apt Pupil', 'Matarukaja']
['Sexy Dance', 'Marakunda', 'Tarukaja', 'Virus Breath']
['Mazionga', 'Virus Breath', 'Power Charge', 'Sexy Dance']
['Matarukaja', 'Virus Breath', 'Sexy Dance', 'Tarukaja']
['Virus Breath', 'Sexy Dance', 'Tarukaja', 'Null Distress']
['Tarukaja', 'Sexy Dance', 'Matarunda', 'Apt Pupil']
['Matarunda', 'Sexy Dance', 'Virus Breath', 'Null Distress']
['Marakunda', 'Sexy Dance', 'Virus Breath', 'Power Charge']
['Sexy Dance', 'Matarukaja', 'Virus Breath', 'Matarunda']
['Tarukaja', 'Sexy Dance', 'Garudyne', 'Matarunda']
['Sexy Dance', 'Auto-Tarukaja', 'Null Distress', 'Tarukaja']
['Marakunda', 'Tarukaja', 'Auto-Tarukaja', 'Matarunda']
['Sexy Dance', 'Virus Breath', 'Auto-Tarukaja', 'Marakunda']
['Tarukaja', 'Sexy Dance', 'Apt Pupil', 'Virus Breath']
['Marakunda', 'Tarukaja', 'Sexy Dance', 'Matarunda']
['Tarukaja', 'Auto-Tarukaja', 'Sexy Dance', 'Matarunda']
['Apt Pupil', 'Virus Breath', 'Sexy Dance', 'Auto-Tarukaja']
['Auto-Tarukaja', 'Sexy Dance', 'Null Distress', 'Tarukaja']
['Sexy Dance', 'Garudyne', 'Auto-Tarukaja', 'Virus Breath']
['Sexy Dance', 'Auto-Tarukaja', 'Matarunda', 'Marakunda']
['Virus Breath', 'Sexy Dance', 'Auto-Tarukaja', 'Matarunda']
['Sexy Dance', 'Virus Breath', 'Marakunda', 'Auto-Tarukaja']
['Tarukaja', 'Sexy Dance', 'Apt Pupil', 'Power Charge']
['Matarukaja', 'Sexy Dance', 'Auto-Tarukaja', 'Garudyne']
['Sexy Dance', 'Null Distress', 'Virus Breath', 'Tarukaja']
['Apt Pupil', 'Tarukaja', 'Matarunda', 'Virus Breath']
['Sexy Dance', 'Mazionga', 'Tarukaja', 'Virus Breath']
['Sexy Dance', 'Tarukaja', 'Auto-Tarukaja', 'Virus Breath']
['Virus Breath', 'Matarukaja', 'Sexy Dance', 'Tarukaja']
['Sexy Dance', 'Virus Breath', 'Auto-Tarukaja', 'Matarukaja']
['Virus Breath', 'Tarukaja', 'Apt Pupil', 'Matarukaja']
['Sexy Dance', 'Matarukaja', 'Virus Breath', 'Null Distress']
['Virus Breath', 'Sexy Dance', 'Tarukaja', 'Garudyne']
['Tarukaja', 'Virus Breath', 'Sexy Dance', 'Null Distress']
['Sexy Dance', 'Matarunda', 'Auto-Tarukaja', 'Marakunda']
['Power Charge', 'Marakunda', 'Apt Pupil', 'Sexy Dance']
['Sexy Dance', 'Virus Breath', 'Auto-Tarukaja', 'Matarukaja']
['Sexy Dance', 'Tarukaja', 'Matarukaja', 'Auto-Tarukaja']
['Null Distress', 'Tarukaja', 'Marakunda', 'Matarukaja']
['Matarunda', 'Sexy Dance', 'Null Distress', 'Virus Breath']
['Matarukaja', 'Sexy Dance', 'Auto-Tarukaja', 'Virus Breath']
['Virus Breath', 'Matarukaja', 'Auto-Tarukaja', 'Power Charge']
['Virus Breath', 'Marakunda', 'Matarukaja', 'Null Distress']
['Tarukaja', 'Sexy Dance', 'Virus Breath', 'Apt Pupil']
['Auto-Tarukaja', 'Virus Breath', 'Tarukaja', 'Sexy Dance']
['Sexy Dance', 'Apt Pupil', 'Virus Breath', 'Tarukaja']
['Auto-Tarukaja', 'Null Distress', 'Apt Pupil', 'Virus Breath']
['Power Charge', 'Sexy Dance', 'Virus Breath', 'Auto-Tarukaja']
['Virus Breath', 'Power Charge', 'Sexy Dance', 'Matarunda']
['Sexy Dance', 'Apt Pupil', 'Auto-Tarukaja', 'Virus Breath']
['Sexy Dance', 'Matarunda', 'Virus Breath', 'Auto-Tarukaja']
['Auto-Tarukaja', 'Virus Breath', 'Sexy Dance', 'Apt Pupil']
['Sexy Dance', 'Virus Breath', 'Tarukaja', 'Null Distress']
['Sexy Dance', 'Virus Breath', 'Matarukaja', 'Tarukaja']
['Sexy Dance', 'Matarunda', 'Virus Breath', 'Apt Pupil']
['Tarukaja', 'Sexy Dance', 'Matarukaja', 'Virus Breath']
['Null Distress', 'Virus Breath', 'Matarukaja', 'Marakunda']
['Tarukaja', 'Virus Breath', 'Matarunda', 'Sexy Dance']
['Sexy Dance', 'Virus Breath', 'Matarunda', 'Marakunda']
['Virus Breath', 'Apt Pupil', 'Null Distress', 'Sexy Dance']
['Sexy Dance', 'Null Distress', 'Virus Breath', 'Apt Pupil']
['Apt Pupil', 'Virus Breath', 'Tarukaja', 'Power Charge']
['Null Distress', 'Auto-Tarukaja', 'Garudyne', 'Matarukaja']
['Power Charge', 'Sexy Dance', 'Matarunda', 'Marakunda']
['Sexy Dance', 'Virus Breath', 'Power Charge', 'Auto-Tarukaja']
['Marakunda', 'Sexy Dance', 'Tarukaja', 'Auto-Tarukaja']
['Virus Breath', 'Sexy Dance', 'Power Charge', 'Matarunda']
['Virus Breath', 'Matarunda', 'Tarukaja', 'Marakunda']
['Null Distress', 'Sexy Dance', 'Power Charge', 'Auto-Tarukaja']
['Marakunda', 'Null Distress', 'Matarunda', 'Virus Breath']
['Sexy Dance', 'Virus Breath', 'Auto-Tarukaja', 'Marakunda']
['Null Distress', 'Auto-Tarukaja', 'Virus Breath', 'Tarukaja']
['Virus Breath', 'Null Distress', 'Sexy Dance', 'Auto-Tarukaja']
['Sexy Dance', 'Tarukaja', 'Matarukaja', 'Virus Breath']
['Tarukaja', 'Sexy Dance', 'Virus Breath', 'Apt Pupil']
['Auto-Tarukaja', 'Tarukaja', 'Sexy Dance', 'Power Charge']
['Virus Breath', 'Auto-Tarukaja', 'Sexy Dance', 'Power Charge']
['Virus Breath', 'Marakunda', 'Auto-Tarukaja', 'Sexy Dance']
['Auto-Tarukaja', 'Matarunda', 'Sexy Dance', 'Tarukaja']
['Apt Pupil', 'Auto-Tarukaja', 'Virus Breath', 'Matarunda']
['Virus Breath', 'Auto-Tarukaja', 'Sexy Dance', 'Marakunda']
['Tarukaja', 'Sexy Dance', 'Power Charge', 'Auto-Tarukaja']
['Sexy Dance', 'Matarunda', 'Null Distress', 'Virus Breath']
['Virus Breath', 'Matarukaja', 'Sexy Dance', 'Tarukaja']
['Tarukaja', 'Sexy Dance', 'Garudyne', 'Matarukaja']
['Sexy Dance', 'Matarukaja', 'Tarukaja', 'Auto-Tarukaja']
['Sexy Dance', 'Apt Pupil', 'Tarukaja', 'Virus Breath']
['Virus Breath', 'Sexy Dance', 'Matarunda', 'Tarukaja']
['Virus Breath', 'Marakunda', 'Auto-Tarukaja', 'Matarukaja']
['Marakunda', 'Virus Breath', 'Power Charge', 'Tarukaja']
['Tarukaja', 'Virus Breath', 'Sexy Dance', 'Null Distress']
['Power Charge', 'Sexy Dance', 'Virus Breath', 'Tarukaja']
['Marakunda', 'Sexy Dance', 'Virus Breath', 'Matarunda']
['Marakunda', 'Matarunda', 'Power Charge', 'Virus Breath']
['Sexy Dance', 'Virus Breath', 'Marakunda', 'Matarukaja']
['Null Distress', 'Power Charge', 'Marakunda', 'Auto-Tarukaja']
['Auto-Tarukaja', 'Tarukaja', 'Virus Breath', 'Apt Pupil']
['Power Charge', 'Sexy Dance', 'Matarukaja', 'Matarunda']
['Power Charge', 'Apt Pupil', 'Sexy Dance', 'Auto-Tarukaja']
['Tarukaja', 'Sexy Dance', 'Auto-Tarukaja', 'Apt Pupil']
['Marakunda', 'Virus Breath', 'Apt Pupil', 'Sexy Dance']
['Virus Breath', 'Auto-Tarukaja', 'Sexy Dance', 'Matarukaja']
['Virus Breath', 'Null Distress', 'Sexy Dance', 'Matarunda']
['Power Charge', 'Apt Pupil', 'Tarukaja', 'Null Distress']
['Marakunda', 'Apt Pupil', 'Virus Breath', 'Sexy Dance']
['Virus Breath', 'Auto-Tarukaja', 'Sexy Dance', 'Matarukaja']
['Auto-Tarukaja', 'Mazionga', 'Sexy Dance', 'Tarukaja']
['Matarukaja', 'Null Distress', 'Virus Breath', 'Apt Pupil']
['Auto-Tarukaja', 'Tarukaja', 'Matarukaja', 'Sexy Dance']
['Virus Breath', 'Marakunda', 'Apt Pupil', 'Auto-Tarukaja']
['Tarukaja', 'Sexy Dance', 'Power Charge', 'Virus Breath']
['Marakunda', 'Matarunda', 'Virus Breath', 'Power Charge']
['Null Distress', 'Power Charge', 'Virus Breath', 'Marakunda']
['Auto-Tarukaja', 'Virus Breath', 'Mazionga', 'Tarukaja']
['Matarukaja', 'Sexy Dance', 'Matarunda', 'Virus Breath']
['Virus Breath', 'Tarukaja', 'Sexy Dance', 'Matarunda']
['Virus Breath', 'Tarukaja', 'Sexy Dance', 'Auto-Tarukaja']
['Virus Breath', 'Marakunda', 'Auto-Tarukaja', 'Sexy Dance']
['Sexy Dance', 'Virus Breath', 'Matarukaja', 'Power Charge']
['Sexy Dance', 'Auto-Tarukaja', 'Virus Breath', 'Mazionga']
['Garudyne', 'Matarunda', 'Tarukaja', 'Auto-Tarukaja']
['Auto-Tarukaja', 'Sexy Dance', 'Marakunda', 'Matarukaja']
['Sexy Dance', 'Apt Pupil', 'Virus Breath', 'Marakunda']
['Tarukaja', 'Sexy Dance', 'Matarunda', 'Virus Breath']
['Sexy Dance', 'Matarukaja', 'Null Distress', 'Marakunda']
['Power Charge', 'Auto-Tarukaja', 'Sexy Dance', 'Virus Breath']
['Matarukaja', 'Power Charge', 'Sexy Dance', 'Tarukaja']
['Sexy Dance', 'Matarukaja', 'Auto-Tarukaja', 'Virus Breath']
['Tarukaja', 'Matarunda', 'Sexy Dance', 'Virus Breath']
['Sexy Dance', 'Tarukaja', 'Auto-Tarukaja', 'Matarukaja']
['Sexy Dance', 'Apt Pupil', 'Matarunda', 'Tarukaja']
['Sexy Dance', 'Tarukaja', 'Auto-Tarukaja', 'Marakunda']
['Tarukaja', 'Sexy Dance', 'Matarunda', 'Null Distress']
['Power Charge', 'Sexy Dance', 'Matarukaja', 'Virus Breath']
['Tarukaja', 'Sexy Dance', 'Matarukaja', 'Virus Breath']
['Matarukaja', 'Auto-Tarukaja', 'Tarukaja', 'Virus Breath']
['Matarunda', 'Tarukaja', 'Marakunda', 'Sexy Dance']
['Sexy Dance', 'Tarukaja', 'Null Distress', 'Power Charge']
['Sexy Dance', 'Marakunda', 'Power Charge', 'Matarunda']
['Auto-Tarukaja', 'Tarukaja', 'Virus Breath', 'Matarunda']
['Marakunda', 'Virus Breath', 'Power Charge', 'Sexy Dance']
['Virus Breath', 'Sexy Dance', 'Tarukaja', 'Apt Pupil']
['Virus Breath', 'Auto-Tarukaja', 'Sexy Dance', 'Null Distress']
['Sexy Dance', 'Tarukaja', 'Virus Breath', 'Apt Pupil']
['Auto-Tarukaja', 'Sexy Dance', 'Virus Breath', 'Tarukaja']
['Tarukaja', 'Marakunda', 'Virus Breath', 'Sexy Dance']
['Tarukaja', 'Virus Breath', 'Auto-Tarukaja', 'Mazionga']
['Auto-Tarukaja', 'Sexy Dance', 'Matarunda', 'Matarukaja']
['Auto-Tarukaja', 'Matarunda', 'Virus Breath', 'Sexy Dance']
['Null Distress', 'Matarunda', 'Apt Pupil', 'Auto-Tarukaja']
['Apt Pupil', 'Virus Breath', 'Tarukaja', 'Power Charge']
['Virus Breath', 'Marakunda', 'Sexy Dance', 'Apt Pupil']
['Null Distress', 'Virus Breath', 'Sexy Dance', 'Marakunda']
['Virus Breath', 'Sexy Dance', 'Power Charge', 'Auto-Tarukaja']
['Apt Pupil', 'Power Charge', 'Virus Breath', 'Marakunda']
['Power Charge', 'Sexy Dance', 'Tarukaja', 'Matarukaja']
['Marakunda', 'Power Charge', 'Virus Breath', 'Sexy Dance']
['Sexy Dance', 'Virus Breath', 'Tarukaja', 'Power Charge']
['Virus Breath', 'Marakunda', 'Tarukaja', 'Garudyne']
['Matarukaja', 'Matarunda', 'Tarukaja', 'Virus Breath']
['Null Distress', 'Virus Breath', 'Mazionga', 'Tarukaja']
['Tarukaja', 'Virus Breath', 'Matarukaja', 'Mazionga']
['Power Charge', 'Virus Breath', 'Tarukaja', 'Matarunda']
['Sexy Dance', 'Apt Pupil', 'Virus Breath', 'Tarukaja']
['Virus Breath', 'Sexy Dance', 'Tarukaja', 'Marakunda']
['Virus Breath', 'Sexy Dance', 'Matarukaja', 'Mazionga']
['Virus Breath', 'Sexy Dance', 'Auto-Tarukaja', 'Power Charge']
['Virus Breath', 'Null Distress', 'Tarukaja', 'Sexy Dance']
['Sexy Dance', 'Tarukaja', 'Virus Breath', 'Apt Pupil']
['Auto-Tarukaja', 'Matarunda', 'Virus Breath', 'Power Charge']
['Marakunda', 'Matarukaja', 'Sexy Dance', 'Virus Breath']
['Virus Breath', 'Null Distress', 'Auto-Tarukaja', 'Sexy Dance']
['Power Charge', 'Virus Breath', 'Sexy Dance', 'Apt Pupil']
['Virus Breath', 'Sexy Dance', 'Tarukaja', 'Null Distress']
['Matarukaja', 'Tarukaja', 'Sexy Dance', 'Virus Breath']
['Power Charge', 'Virus Breath', 'Matarukaja', 'Sexy Dance']
['Matarunda', 'Matarukaja', 'Sexy Dance', 'Tarukaja']
['Tarukaja', 'Sexy Dance', 'Auto-Tarukaja', 'Virus Breath']
['Sexy Dance', 'Virus Breath', 'Tarukaja', 'Matarunda']
['Matarunda', 'Virus Breath', 'Sexy Dance', 'Tarukaja']
['Power Charge', 'Tarukaja', 'Virus Breath', 'Matarukaja']
['Auto-Tarukaja', 'Tarukaja', 'Matarukaja', 'Null Distress']
['Virus Breath', 'Sexy Dance', 'Matarunda', 'Garudyne']
['Sexy Dance', 'Mazionga', 'Null Distress', 'Matarukaja']
['Virus Breath', 'Sexy Dance', 'Matarunda', 'Matarukaja']
['Sexy Dance', 'Power Charge', 'Virus Breath', 'Tarukaja']
['Auto-Tarukaja', 'Power Charge', 'Virus Breath', 'Sexy Dance']
['Sexy Dance', 'Null Distress', 'Power Charge', 'Virus Breath']
['Sexy Dance', 'Matarukaja', 'Virus Breath', 'Marakunda']
['Marakunda', 'Sexy Dance', 'Tarukaja', 'Virus Breath']
['Garudyne', 'Auto-Tarukaja', 'Sexy Dance', 'Matarukaja']
['Power Charge', 'Sexy Dance', 'Marakunda', 'Virus Breath']
['Tarukaja', 'Auto-Tarukaja', 'Virus Breath', 'Null Distress']
['Matarunda', 'Virus Breath', 'Sexy Dance', 'Tarukaja']
['Sexy Dance', 'Null Distress', 'Virus Breath', 'Marakunda']
['Apt Pupil', 'Power Charge', 'Tarukaja', 'Sexy Dance']
['Apt Pupil', 'Garudyne', 'Sexy Dance', 'Auto-Tarukaja']
['Apt Pupil', 'Virus Breath', 'Null Distress', 'Auto-Tarukaja']
['Virus Breath', 'Sexy Dance', 'Matarunda', 'Power Charge']
['Power Charge', 'Auto-Tarukaja', 'Sexy Dance', 'Virus Breath']
['Tarukaja', 'Virus Breath', 'Auto-Tarukaja', 'Matarukaja']
['Sexy Dance', 'Marakunda', 'Virus Breath', 'Matarukaja']
['Matarukaja', 'Sexy Dance', 'Virus Breath', 'Marakunda']
['Auto-Tarukaja', 'Sexy Dance', 'Virus Breath', 'Apt Pupil']
['Virus Breath', 'Sexy Dance', 'Power Charge', 'Apt Pupil']
['Tarukaja', 'Virus Breath', 'Sexy Dance', 'Auto-Tarukaja']
['Virus Breath', 'Apt Pupil', 'Tarukaja', 'Sexy Dance']
['Sexy Dance', 'Virus Breath', 'Auto-Tarukaja', 'Tarukaja']
['Sexy Dance', 'Virus Breath', 'Apt Pupil', 'Null Distress']
['Power Charge', 'Garudyne', 'Matarukaja', 'Null Distress']
['Marakunda', 'Sexy Dance', 'Tarukaja', 'Auto-Tarukaja']
['Apt Pupil', 'Virus Breath', 'Power Charge', 'Marakunda']
['Sexy Dance', 'Virus Breath', 'Garudyne', 'Auto-Tarukaja']
['Virus Breath', 'Power Charge', 'Sexy Dance', 'Matarukaja']
['Auto-Tarukaja', 'Virus Breath', 'Mazionga', 'Sexy Dance']
['Marakunda', 'Sexy Dance', 'Virus Breath', 'Power Charge']
['Matarunda', 'Virus Breath', 'Apt Pupil', 'Sexy Dance']
['Auto-Tarukaja', 'Sexy Dance', 'Tarukaja', 'Garudyne']
['Garudyne', 'Sexy Dance', 'Null Distress', 'Mazionga']
['Power Charge', 'Sexy Dance', 'Virus Breath', 'Auto-Tarukaja']
['Matarukaja', 'Tarukaja', 'Power Charge', 'Virus Breath']
['Marakunda', 'Matarukaja', 'Sexy Dance', 'Tarukaja']
['Auto-Tarukaja', 'Sexy Dance', 'Matarunda', 'Virus Breath']
['Sexy Dance', 'Power Charge', 'Marakunda', 'Matarukaja']
['Tarukaja', 'Mazionga', 'Sexy Dance', 'Auto-Tarukaja']
['Matarukaja', 'Tarukaja', 'Virus Breath', 'Marakunda']
['Auto-Tarukaja', 'Marakunda', 'Power Charge', 'Matarunda']
['Matarunda', 'Sexy Dance', 'Null Distress', 'Tarukaja']
['Tarukaja', 'Sexy Dance', 'Matarunda', 'Virus Breath']
['Auto-Tarukaja', 'Virus Breath', 'Apt Pupil', 'Matarunda']
['Apt Pupil', 'Virus Breath', 'Power Charge', 'Tarukaja']
['Sexy Dance', 'Virus Breath', 'Tarukaja', 'Null Distress']
['Matarukaja', 'Tarukaja', 'Null Distress', 'Sexy Dance']
['Tarukaja', 'Marakunda', 'Power Charge', 'Auto-Tarukaja']
['Virus Breath', 'Power Charge', 'Matarunda', 'Sexy Dance']
['Auto-Tarukaja', 'Matarunda', 'Null Distress', 'Matarukaja']
['Auto-Tarukaja', 'Sexy Dance', 'Virus Breath', 'Apt Pupil']
['Virus Breath', 'Sexy Dance', 'Garudyne', 'Apt Pupil']
['Virus Breath', 'Power Charge', 'Matarukaja', 'Marakunda']
['Marakunda', 'Tarukaja', 'Virus Breath', 'Null Distress']
['Sexy Dance', 'Tarukaja', 'Virus Breath', 'Matarunda']
['Tarukaja', 'Virus Breath', 'Sexy Dance', 'Auto-Tarukaja']
['Matarukaja', 'Virus Breath', 'Tarukaja', 'Matarunda']
['Tarukaja', 'Sexy Dance', 'Marakunda', 'Auto-Tarukaja']
['Auto-Tarukaja', 'Sexy Dance', 'Null Distress', 'Virus Breath']
['Sexy Dance', 'Auto-Tarukaja', 'Tarukaja', 'Virus Breath']
['Virus Breath', 'Null Distress', 'Power Charge', 'Apt Pupil']
['Matarunda', 'Sexy Dance', 'Virus Breath', 'Matarukaja']
['Null Distress', 'Tarukaja', 'Sexy Dance', 'Power Charge']
['Sexy Dance', 'Apt Pupil', 'Virus Breath', 'Marakunda']
['Sexy Dance', 'Tarukaja', 'Matarukaja', 'Auto-Tarukaja']
['Matarunda', 'Tarukaja', 'Virus Breath', 'Sexy Dance']
['Apt Pupil', 'Power Charge', 'Sexy Dance', 'Tarukaja']
['Virus Breath', 'Auto-Tarukaja', 'Sexy Dance', 'Matarukaja']
['Power Charge', 'Sexy Dance', 'Virus Breath', 'Marakunda']
['Matarunda', 'Sexy Dance', 'Marakunda', 'Tarukaja']
['Matarukaja', 'Tarukaja', 'Auto-Tarukaja', 'Virus Breath']
['Sexy Dance', 'Auto-Tarukaja', 'Null Distress', 'Virus Breath']
['Tarukaja', 'Sexy Dance', 'Null Distress', 'Virus Breath']
['Matarunda', 'Tarukaja', 'Null Distress', 'Sexy Dance']
['Sexy Dance', 'Matarukaja', 'Tarukaja', 'Virus Breath']
['Sexy Dance', 'Matarunda', 'Virus Breath', 'Null Distress']
['Matarukaja', 'Matarunda', 'Apt Pupil', 'Sexy Dance']
['Sexy Dance', 'Apt Pupil', 'Virus Breath', 'Tarukaja']
['Power Charge', 'Matarunda', 'Tarukaja', 'Mazionga']
['Virus Breath', 'Matarukaja', 'Auto-Tarukaja', 'Sexy Dance']
['Auto-Tarukaja', 'Sexy Dance', 'Virus Breath', 'Tarukaja']
['Marakunda', 'Sexy Dance', 'Apt Pupil', 'Virus Breath']
['Virus Breath', 'Sexy Dance', 'Matarukaja', 'Auto-Tarukaja']
['Tarukaja', 'Virus Breath', 'Apt Pupil', 'Marakunda']
['Sexy Dance', 'Matarunda', 'Matarukaja', 'Apt Pupil']
['Tarukaja', 'Null Distress', 'Sexy Dance', 'Auto-Tarukaja']
['Virus Breath', 'Power Charge', 'Null Distress', 'Sexy Dance']
['Virus Breath', 'Sexy Dance', 'Auto-Tarukaja', 'Apt Pupil']
['Auto-Tarukaja', 'Matarunda', 'Sexy Dance', 'Marakunda']
['Sexy Dance', 'Virus Breath', 'Tarukaja', 'Matarunda']
['Sexy Dance', 'Power Charge', 'Tarukaja', 'Matarunda']
['Sexy Dance', 'Tarukaja', 'Matarukaja', 'Marakunda']
['Auto-Tarukaja', 'Apt Pupil', 'Power Charge', 'Sexy Dance']
['Matarunda', 'Null Distress', 'Tarukaja', 'Auto-Tarukaja']
['Tarukaja', 'Auto-Tarukaja', 'Apt Pupil', 'Sexy Dance']
['Apt Pupil', 'Sexy Dance', 'Power Charge', 'Tarukaja']
['Virus Breath', 'Tarukaja', 'Auto-Tarukaja', 'Sexy Dance']
['Sexy Dance', 'Auto-Tarukaja', 'Null Distress', 'Virus Breath']
['Tarukaja', 'Auto-Tarukaja', 'Null Distress', 'Virus Breath']
['Sexy Dance', 'Virus Breath', 'Null Distress', 'Auto-Tarukaja']
['Auto-Tarukaja', 'Power Charge', 'Tarukaja', 'Virus Breath']
['Marakunda', 'Matarukaja', 'Virus Breath', 'Power Charge']
['Virus Breath', 'Tarukaja', 'Sexy Dance', 'Null Distress']
['Virus Breath', 'Null Distress', 'Tarukaja', 'Auto-Tarukaja']
['Sexy Dance', 'Auto-Tarukaja', 'Marakunda', 'Matarukaja']
['Sexy Dance', 'Virus Breath', 'Matarunda', 'Tarukaja']
['Sexy Dance', 'Tarukaja', 'Matarukaja', 'Virus Breath']
['Mazionga', 'Sexy Dance', 'Virus Breath', 'Tarukaja']
['Virus Breath', 'Tarukaja', 'Sexy Dance', 'Matarunda']
['Marakunda', 'Tarukaja', 'Virus Breath', 'Auto-Tarukaja']
['Virus Breath', 'Sexy Dance', 'Marakunda', 'Apt Pupil']
['Power Charge', 'Sexy Dance', 'Virus Breath', 'Matarunda']
['Sexy Dance', 'Marakunda', 'Matarunda', 'Virus Breath']
['Tarukaja', 'Apt Pupil', 'Sexy Dance', 'Virus Breath']
['Virus Breath', 'Sexy Dance', 'Mazionga', 'Tarukaja']
['Null Distress', 'Virus Breath', 'Sexy Dance', 'Tarukaja']
['Auto-Tarukaja', 'Tarukaja', 'Virus Breath', 'Null Distress']
['Null Distress', 'Sexy Dance', 'Virus Breath', 'Auto-Tarukaja']
['Tarukaja', 'Matarunda', 'Power Charge', 'Sexy Dance']
['Auto-Tarukaja', 'Virus Breath', 'Garudyne', 'Matarunda']
['Null Distress', 'Marakunda', 'Sexy Dance', 'Virus Breath']
['Sexy Dance', 'Apt Pupil', 'Tarukaja', 'Virus Breath']
['Apt Pupil', 'Garudyne', 'Virus Breath', 'Matarukaja']
['Matarunda', 'Power Charge', 'Tarukaja', 'Auto-Tarukaja']
['Matarunda', 'Sexy Dance', 'Tarukaja', 'Marakunda']
['Sexy Dance', 'Marakunda', 'Tarukaja', 'Apt Pupil']
['Tarukaja', 'Matarunda', 'Sexy Dance', 'Power Charge']
['Sexy Dance', 'Virus Breath', 'Tarukaja', 'Auto-Tarukaja']
['Virus Breath', 'Garudyne', 'Sexy Dance', 'Tarukaja']
['Sexy Dance', 'Virus Breath', 'Matarukaja', 'Garudyne']
['Virus Breath', 'Null Distress', 'Tarukaja', 'Sexy Dance']
['Matarunda', 'Sexy Dance', 'Virus Breath', 'Marakunda']
['Sexy Dance', 'Virus Breath', 'Matarunda', 'Apt Pupil']
['Null Distress', 'Matarunda', 'Auto-Tarukaja', 'Sexy Dance']
['Sexy Dance', 'Matarunda', 'Apt Pupil', 'Marakunda']
['Tarukaja', 'Marakunda', 'Sexy Dance', 'Matarukaja']
['Matarukaja', 'Auto-Tarukaja', 'Apt Pupil', 'Sexy Dance']
['Sexy Dance', 'Virus Breath', 'Power Charge', 'Apt Pupil']
['Virus Breath', 'Matarunda', 'Matarukaja', 'Sexy Dance']
['Matarunda', 'Auto-Tarukaja', 'Matarukaja', 'Sexy Dance']
['Marakunda', 'Virus Breath', 'Sexy Dance', 'Tarukaja']
['Matarukaja', 'Tarukaja', 'Power Charge', 'Virus Breath']
['Sexy Dance', 'Matarunda', 'Tarukaja', 'Marakunda']
['Matarunda', 'Sexy Dance', 'Virus Breath', 'Marakunda']
['Tarukaja', 'Sexy Dance', 'Power Charge', 'Matarukaja']
['Matarunda', 'Sexy Dance', 'Virus Breath', 'Power Charge']
['Matarukaja', 'Power Charge', 'Tarukaja', 'Sexy Dance']
['Marakunda', 'Virus Breath', 'Sexy Dance', 'Matarukaja']
['Auto-Tarukaja', 'Sexy Dance', 'Matarukaja', 'Virus Breath']
['Auto-Tarukaja', 'Virus Breath', 'Sexy Dance', 'Null Distress']
['Sexy Dance', 'Auto-Tarukaja', 'Null Distress', 'Tarukaja']
['Virus Breath', 'Sexy Dance', 'Matarukaja', 'Power Charge']
['Auto-Tarukaja', 'Sexy Dance', 'Power Charge', 'Matarunda']
['Power Charge', 'Marakunda', 'Virus Breath', 'Sexy Dance']
['Marakunda', 'Virus Breath', 'Null Distress', 'Power Charge']
['Sexy Dance', 'Virus Breath', 'Matarunda', 'Tarukaja']
['Sexy Dance', 'Null Distress', 'Virus Breath', 'Auto-Tarukaja']
['Matarunda', 'Tarukaja', 'Sexy Dance', 'Virus Breath']
['Virus Breath', 'Matarukaja', 'Auto-Tarukaja', 'Tarukaja']
['Virus Breath', 'Marakunda', 'Null Distress', 'Auto-Tarukaja']
['Marakunda', 'Auto-Tarukaja', 'Virus Breath', 'Tarukaja']
['Virus Breath', 'Sexy Dance', 'Tarukaja', 'Matarunda']
['Auto-Tarukaja', 'Matarunda', 'Sexy Dance', 'Null Distress']
['Auto-Tarukaja', 'Virus Breath', 'Marakunda', 'Sexy Dance']
['Sexy Dance', 'Auto-Tarukaja', 'Marakunda', 'Matarukaja']
['Garudyne', 'Null Distress', 'Sexy Dance', 'Tarukaja']
['Auto-Tarukaja', 'Sexy Dance', 'Matarunda', 'Matarukaja']
['Auto-Tarukaja', 'Sexy Dance', 'Virus Breath', 'Mazionga']
['Power Charge', 'Virus Breath', 'Sexy Dance', 'Marakunda']
['Sexy Dance', 'Power Charge', 'Tarukaja', 'Garudyne']
['Virus Breath', 'Apt Pupil', 'Tarukaja', 'Sexy Dance']
['Sexy Dance', 'Auto-Tarukaja', 'Tarukaja', 'Virus Breath']
['Sexy Dance', 'Auto-Tarukaja', 'Marakunda', 'Tarukaja']
['Sexy Dance', 'Tarukaja', 'Marakunda', 'Matarunda']
['Matarukaja', 'Sexy Dance', 'Virus Breath', 'Power Charge']
['Virus Breath', 'Mazionga', 'Matarunda', 'Sexy Dance']
['Tarukaja', 'Virus Breath', 'Sexy Dance', 'Apt Pupil']
['Sexy Dance', 'Power Charge', 'Virus Breath', 'Apt Pupil']
['Virus Breath', 'Sexy Dance', 'Marakunda', 'Tarukaja']
['Power Charge', 'Auto-Tarukaja', 'Sexy Dance', 'Null Distress']
['Null Distress', 'Tarukaja', 'Marakunda', 'Sexy Dance']
['Virus Breath', 'Sexy Dance', 'Marakunda', 'Apt Pupil']
['Tarukaja', 'Sexy Dance', 'Virus Breath', 'Power Charge']
['Sexy Dance', 'Auto-Tarukaja', 'Virus Breath', 'Matarukaja']
['Sexy Dance', 'Apt Pupil', 'Power Charge', 'Virus Breath']
['Sexy Dance', 'Tarukaja', 'Virus Breath', 'Mazionga']
['Marakunda', 'Power Charge', 'Sexy Dance', 'Virus Breath']
['Auto-Tarukaja', 'Tarukaja', 'Marakunda', 'Power Charge']
['Tarukaja', 'Sexy Dance', 'Matarunda', 'Marakunda']
['Sexy Dance', 'Tarukaja', 'Auto-Tarukaja', 'Virus Breath']
['Matarunda', 'Sexy Dance', 'Virus Breath', 'Apt Pupil']
['Tarukaja', 'Auto-Tarukaja', 'Marakunda', 'Garudyne']
['Auto-Tarukaja', 'Sexy Dance', 'Virus Breath', 'Matarunda']
['Tarukaja', 'Virus Breath', 'Apt Pupil', 'Matarunda']
['Matarukaja', 'Sexy Dance', 'Apt Pupil', 'Tarukaja']
['Sexy Dance', 'Matarunda', 'Virus Breath', 'Tarukaja']
['Sexy Dance', 'Virus Breath', 'Tarukaja', 'Matarukaja']
['Sexy Dance', 'Power Charge', 'Virus Breath', 'Apt Pupil']
['Tarukaja', 'Virus Breath', 'Sexy Dance', 'Matarunda']
['Auto-Tarukaja', 'Tarukaja', 'Matarunda', 'Apt Pupil']
['Tarukaja', 'Matarukaja', 'Virus Breath', 'Sexy Dance']
['Sexy Dance', 'Power Charge', 'Marakunda', 'Apt Pupil']
['Sexy Dance', 'Marakunda', 'Mazionga', 'Auto-Tarukaja']
['Sexy Dance', 'Virus Breath', 'Tarukaja', 'Auto-Tarukaja']
['Virus Breath', 'Matarunda', 'Mazionga', 'Tarukaja']
['Tarukaja', 'Sexy Dance', 'Auto-Tarukaja', 'Virus Breath']
['Sexy Dance', 'Null Distress', 'Matarunda', 'Auto-Tarukaja']
['Power Charge', 'Sexy Dance', 'Auto-Tarukaja', 'Tarukaja']
['Apt Pupil', 'Auto-Tarukaja', 'Sexy Dance', 'Matarukaja']
['Apt Pupil', 'Virus Breath', 'Tarukaja', 'Sexy Dance']
['Null Distress', 'Sexy Dance', 'Virus Breath', 'Auto-Tarukaja']
['Apt Pupil', 'Power Charge', 'Sexy Dance', 'Null Distress']
['Sexy Dance', 'Matarukaja', 'Virus Breath', 'Apt Pupil']
['Sexy Dance', 'Virus Breath', 'Matarunda', 'Power Charge']
['Tarukaja', 'Virus Breath', 'Apt Pupil', 'Sexy Dance']
['Virus Breath', 'Apt Pupil', 'Power Charge', 'Matarunda']
['Sexy Dance', 'Null Distress', 'Auto-Tarukaja', 'Matarukaja']
['Sexy Dance', 'Marakunda', 'Matarukaja', 'Garudyne']
['Null Distress', 'Virus Breath', 'Tarukaja', 'Sexy Dance']
['Sexy Dance', 'Null Distress', 'Matarunda', 'Auto-Tarukaja']
['Sexy Dance', 'Null Distress', 'Matarukaja', 'Virus Breath']
['Matarunda', 'Sexy Dance', 'Tarukaja', 'Marakunda']
['Virus Breath', 'Sexy Dance', 'Auto-Tarukaja', 'Apt Pupil']
['Sexy Dance', 'Virus Breath', 'Power Charge', 'Tarukaja']
['Virus Breath', 'Sexy Dance', 'Power Charge', 'Auto-Tarukaja']
['Matarunda', 'Tarukaja', 'Auto-Tarukaja', 'Null Distress']
['Matarunda', 'Marakunda', 'Auto-Tarukaja', 'Tarukaja']
['Sexy Dance', 'Matarukaja', 'Auto-Tarukaja', 'Tarukaja']
['Sexy Dance', 'Tarukaja', 'Power Charge', 'Virus Breath']
['Tarukaja', 'Sexy Dance', 'Auto-Tarukaja', 'Matarunda']
['Power Charge', 'Virus Breath', 'Auto-Tarukaja', 'Matarunda']
['Auto-Tarukaja', 'Sexy Dance', 'Matarunda', 'Matarukaja']
['Tarukaja', 'Sexy Dance', 'Apt Pupil', 'Garudyne']
['Marakunda', 'Power Charge', 'Virus Breath', 'Auto-Tarukaja']
['Tarukaja', 'Null Distress', 'Power Charge', 'Sexy Dance']
['Virus Breath', 'Apt Pupil', 'Sexy Dance', 'Tarukaja']
