['Kill Rush', 'Growth 1', 'Sharp Student', 'Invigorate 2', 'Counterstrike']
['Heat Wave', 'Kill Rush', 'Wind Boost', 'Rakukaja', 'Growth 1']
['Auto-Maraku', 'Kill Rush', 'Heat Wave', 'Marakukaja', 'Rakukaja']
['Kill Rush', 'Sharp Student', 'Wind Boost', 'Growth 1', 'Counterstrike']
['Kill Rush', 'Heat Wave', 'Growth 1', 'Rebellion', 'Wind Boost']
['Growth 1', 'Kill Rush', 'Auto-Maraku', 'Wind Boost', 'Sharp Student']
['Sharp Student', 'Kill Rush', 'Heat Wave', 'Trafuri', 'Wind Boost']
['Trafuri', 'Kill Rush', 'Wind Break', 'Auto-Maraku', 'Invigorate 2']
['Kill Rush', 'Heat Wave', 'Null Poison', 'Wind Amp', 'Rakukaja']
['Rakukaja', 'Kill Rush', 'Trafuri', 'Heat Wave', 'Invigorate 2']
['Null Poison', 'Kill Rush', 'Growth 1', 'Counterstrike', 'Wind Boost']
['Heat Wave', 'Kill Rush', 'Wind Amp', 'Counterstrike', 'Wind Boost']
['Kill Rush', 'Wind Amp', 'Growth 1', 'Auto-Maraku', 'Heat Wave']
['Kill Rush', 'Trafuri', 'Heat Wave', 'Rakukaja', 'Wind Boost']
['Kill Rush', 'Invigorate 2', 'Growth 1', 'Null Poison', 'Heat Wave']
['Null Poison', 'Wind Amp', 'Kill Rush', 'Sharp Student', 'Growth 1']
['Invigorate 2', 'Sharp Student', 'Kill Rush', 'Wind Boost', 'Heat Wave']
['Marakukaja', 'Wind Boost', 'Auto-Maraku', 'Kill Rush', 'Trafuri']
['Null Poison', 'Wind Amp', 'Kill Rush', 'Heat Wave', 'Growth 1']
['Kill Rush', 'Heat Wave', 'Invigorate 2', 'Counterstrike', 'Trafuri']
['Kill Rush', 'Foul Breath', 'Dekaja', 'Counterstrike', 'Sharp Student']
['Sharp Student', 'Kill Rush', 'Heat Wave', 'Wind Boost', 'Foul Breath']
['Heat Wave', 'Foul Breath', 'Kill Rush', 'Sharp Student', 'Counterstrike']
['Rakukaja', 'Kill Rush', 'Wind Boost', 'Sharp Student', 'Growth 1']
['Counterstrike', 'Rakukaja', 'Kill Rush', 'Heat Wave', 'Wind Amp']
['Kill Rush', 'Counterstrike', 'Heat Wave', 'Foul Breath', 'Rakukaja']
['Heat Wave', 'Kill Rush', 'Marakukaja', 'Counterstrike', 'Wind Amp']
['Dekaja', 'Kill Rush', 'Heat Wave', 'Counterstrike', 'Sharp Student']
['Kill Rush', 'Null Poison', 'Heat Wave', 'Counterstrike', 'Wind Boost']
['Kill Rush', 'Sharp Student', 'Rebellion', 'Auto-Maraku', 'Null Poison']
['Invigorate 2', 'Heat Wave', 'Kill Rush', 'Auto-Maraku', 'Sharp Student']
['Sharp Student', 'Kill Rush', 'Invigorate 2', 'Counterstrike', 'Heat Wave']
['Heat Wave', 'Trafuri', 'Kill Rush', 'Sharp Student', 'Counterstrike']
['Kill Rush', 'Heat Wave', 'Counterstrike', 'Sharp Student', 'Auto-Maraku']
['Wind Boost', 'Kill Rush', 'Heat Wave', 'Rebellion', 'Counterstrike']
['Kill Rush', 'Wind Boost', 'Rakukaja', 'Wind Amp', 'Heat Wave']
['Kill Rush', 'Heat Wave', 'Growth 1', 'Wind Boost', 'Rebellion']
['Kill Rush', 'Heat Wave', 'Auto-Maraku', 'Wind Amp', 'Invigorate 2']
['Sharp Student', 'Invigorate 2', 'Null Poison', 'Heat Wave', 'Growth 1']
['Heat Wave', 'Kill Rush', 'Rakukaja', 'Wind Amp', 'Wind Boost']
['Kill Rush', 'Heat Wave', 'Rakukaja', 'Wind Break', 'Sharp Student']
['Growth 1', 'Kill Rush', 'Heat Wave', 'Wind Boost', 'Foul Breath']
['Wind Boost', 'Kill Rush', 'Auto-Maraku', 'Heat Wave', 'Dekaja']
['Heat Wave', 'Kill Rush', 'Wind Boost', 'Growth 1', 'Auto-Maraku']
['Marakukaja', 'Kill Rush', 'Heat Wave', 'Growth 1', 'Wind Boost']
['Kill Rush', 'Growth 1', 'Heat Wave', 'Rebellion', 'Wind Boost']
['Wind Amp', 'Kill Rush', 'Heat Wave', 'Invigorate 2', 'Null Poison']
['Counterstrike', 'Kill Rush', 'Heat Wave', 'Wind Amp', 'Invigorate 2']
['Sharp Student', 'Kill Rush', 'Growth 1', 'Heat Wave', 'Wind Amp']
['Kill Rush', 'Heat Wave', 'Wind Boost', 'Rakukaja', 'Sharp Student']
['Kill Rush', 'Heat Wave', 'Wind Boost', 'Sharp Student', 'Dekaja']
['Kill Rush', 'Heat Wave', 'Invigorate 2', 'Null Poison', 'Growth 1']
['Foul Breath', 'Kill Rush', 'Heat Wave', 'Auto-Maraku', 'Counterstrike']
['Heat Wave', 'Auto-Maraku', 'Growth 1', 'Kill Rush', 'Wind Boost']
['Counterstrike', 'Heat Wave', 'Kill Rush', 'Invigorate 2', 'Sharp Student']
['Wind Amp', 'Invigorate 2', 'Kill Rush', 'Counterstrike', 'Heat Wave']
['Kill Rush', 'Sharp Student', 'Invigorate 2', 'Growth 1', 'Heat Wave']
['Wind Amp', 'Wind Boost', 'Heat Wave', 'Rakukaja', 'Counterstrike']
['Heat Wave', 'Growth 1', 'Wind Boost', 'Foul Breath', 'Null Poison']
['Kill Rush', 'Invigorate 2', 'Null Poison', 'Heat Wave', 'Auto-Maraku']
['Heat Wave', 'Growth 1', 'Kill Rush', 'Auto-Maraku', 'Rakukaja']
['Heat Wave', 'Wind Boost', 'Kill Rush', 'Growth 1', 'Auto-Maraku']
['Wind Amp', 'Null Poison', 'Wind Boost', 'Auto-Maraku', 'Kill Rush']
['Wind Boost', 'Wind Amp', 'Heat Wave', 'Kill Rush', 'Invigorate 2']
['Heat Wave', 'Growth 1', 'Kill Rush', 'Null Poison', 'Foul Breath']
['Growth 1', 'Auto-Maraku', 'Kill Rush', 'Wind Boost', 'Heat Wave']
['Kill Rush', 'Heat Wave', 'Counterstrike', 'Growth 1', 'Sharp Student']
['Kill Rush', 'Heat Wave', 'Invigorate 2', 'Wind Boost', 'Growth 1']
['Wind Boost', 'Wind Break', 'Sharp Student', 'Null Poison', 'Kill Rush']
['Kill Rush', 'Heat Wave', 'Growth 1', 'Rebellion', 'Dekaja']
['Sharp Student', 'Invigorate 2', 'Rebellion', 'Counterstrike', 'Wind Amp']
['Growth 1', 'Kill Rush', 'Null Poison', 'Rebellion', 'Heat Wave']
['Invigorate 2', 'Heat Wave', 'Null Poison', 'Wind Boost', 'Kill Rush']
['Invigorate 2', 'Kill Rush', 'Growth 1', 'Counterstrike', 'Wind Boost']
['Kill Rush', 'Counterstrike', 'Sharp Student', 'Null Poison', 'Heat Wave']
['Kill Rush', 'Foul Breath', 'Heat Wave', 'Sharp Student', 'Counterstrike']
['Invigorate 2', 'Kill Rush', 'Heat Wave', 'Null Poison', 'Trafuri']
['Heat Wave', 'Kill Rush', 'Growth 1', 'Null Poison', 'Marakukaja']
['Kill Rush', 'Heat Wave', 'Sharp Student', 'Wind Boost', 'Rebellion']
['Kill Rush', 'Heat Wave', 'Invigorate 2', 'Sharp Student', 'Wind Boost']
['Kill Rush', 'Heat Wave', 'Auto-Maraku', 'Wind Boost', 'Trafuri']
['Kill Rush', 'Heat Wave', 'Trafuri', 'Counterstrike', 'Growth 1']
['Kill Rush', 'Heat Wave', 'Counterstrike', 'Rebellion', 'Growth 1']
['Counterstrike', 'Kill Rush', 'Heat Wave', 'Growth 1', 'Trafuri']
['Wind Break', 'Heat Wave', 'Wind Boost', 'Kill Rush', 'Trafuri']
['Kill Rush', 'Heat Wave', 'Growth 1', 'Auto-Maraku', 'Null Poison']
['Kill Rush', 'Rakukaja', 'Invigorate 2', 'Null Poison', 'Heat Wave']
['Growth 1', 'Kill Rush', 'Invigorate 2', 'Sharp Student', 'Heat Wave']
['Kill Rush', 'Heat Wave', 'Auto-Maraku', 'Growth 1', 'Null Poison']
['Sharp Student', 'Kill Rush', 'Growth 1', 'Null Poison', 'Heat Wave']
['Marakukaja', 'Foul Breath', 'Kill Rush', 'Heat Wave', 'Invigorate 2']
['Kill Rush', 'Auto-Maraku', 'Growth 1', 'Heat Wave', 'Null Poison']
['Heat Wave', 'Growth 1', 'Wind Boost', 'Kill Rush', 'Wind Amp']
['Growth 1', 'Kill Rush', 'Heat Wave', 'Wind Boost', 'Dekaja']
['Kill Rush', 'Growth 1', 'Sharp Student', 'Heat Wave', 'Counterstrike']
['Heat Wave', 'Wind Break', 'Kill Rush', 'Growth 1', 'Wind Boost']
['Wind Boost', 'Heat Wave', 'Invigorate 2', 'Counterstrike', 'Auto-Maraku']
['Wind Amp', 'Kill Rush', 'Heat Wave', 'Wind Boost', 'Growth 1']
['Wind Amp', 'Kill Rush', 'Counterstrike', 'Heat Wave', 'Growth 1']
['Wind Boost', 'Heat Wave', 'Kill Rush', 'Wind Amp', 'Growth 1']
['Heat Wave', 'Kill Rush', 'Sharp Student', 'Wind Break', 'Counterstrike']
['Sharp Student', 'Kill Rush', 'Null Poison', 'Heat Wave', 'Wind Break']
['Counterstrike', 'Heat Wave', 'Growth 1', 'Wind Amp', 'Wind Boost']
['Wind Boost', 'Kill Rush', 'Foul Breath', 'Heat Wave', 'Null Poison']
['Sharp Student', 'Kill Rush', 'Heat Wave', 'Wind Boost', 'Rebellion']
['Kill Rush', 'Wind Break', 'Null Poison', 'Sharp Student', 'Counterstrike']
['Kill Rush', 'Growth 1', 'Wind Boost', 'Heat Wave', 'Counterstrike']
['Null Poison', 'Heat Wave', 'Invigorate 2', 'Kill Rush', 'Wind Amp']
['Wind Amp', 'Heat Wave', 'Kill Rush', 'Foul Breath', 'Wind Boost']
['Growth 1', 'Kill Rush', 'Sharp Student', 'Trafuri', 'Dekaja']
['Wind Boost', 'Null Poison', 'Counterstrike', 'Kill Rush', 'Wind Amp']
['Wind Amp', 'Sharp Student', 'Kill Rush', 'Heat Wave', 'Dekaja']
['Kill Rush', 'Heat Wave', 'Counterstrike', 'Wind Boost', 'Foul Breath']
['Invigorate 2', 'Kill Rush', 'Heat Wave', 'Sharp Student', 'Growth 1']
['Auto-Maraku', 'Kill Rush', 'Wind Boost', 'Sharp Student', 'Null Poison']
['Kill Rush', 'Growth 1', 'Auto-Maraku', 'Heat Wave', 'Wind Amp']
['Growth 1', 'Counterstrike', 'Heat Wave', 'Rebellion', 'Auto-Maraku']
['Kill Rush', 'Sharp Student', 'Wind Boost', 'Rakukaja', 'Heat Wave']
['Auto-Maraku', 'Growth 1', 'Kill Rush', 'Heat Wave', 'Counterstrike']
['Invigorate 2', 'Wind Amp', 'Trafuri', 'Null Poison', 'Kill Rush']
['Growth 1', 'Wind Boost', 'Counterstrike', 'Rebellion', 'Heat Wave']
['Heat Wave', 'Sharp Student', 'Wind Boost', 'Growth 1', 'Kill Rush']
['Wind Amp', 'Kill Rush', 'Heat Wave', 'Growth 1', 'Null Poison']
['Auto-Maraku', 'Kill Rush', 'Heat Wave', 'Wind Boost', 'Growth 1']
['Counterstrike', 'Growth 1', 'Rebellion', 'Wind Boost', 'Heat Wave']
['Rakukaja', 'Kill Rush', 'Sharp Student', 'Heat Wave', 'Wind Amp']
['Kill Rush', 'Heat Wave', 'Null Poison', 'Wind Boost', 'Invigorate 2']
['Kill Rush', 'Wind Boost', 'Trafuri', 'Heat Wave', 'Foul Breath']
['Growth 1', 'Wind Break', 'Sharp Student', 'Kill Rush', 'Null Poison']
['Heat Wave', 'Counterstrike', 'Kill Rush', 'Sharp Student', 'Wind Amp']
['Auto-Maraku', 'Wind Boost', 'Heat Wave', 'Kill Rush', 'Rakukaja']
['Sharp Student', 'Heat Wave', 'Kill Rush', 'Trafuri', 'Wind Break']
['Kill Rush', 'Rebellion', 'Counterstrike', 'Growth 1', 'Auto-Maraku']
['Kill Rush', 'Sharp Student', 'Invigorate 2', 'Wind Boost', 'Heat Wave']
['Kill Rush', 'Growth 1', 'Heat Wave', 'Wind Boost', 'Marakukaja']
['Foul Breath', 'Kill Rush', 'Growth 1', 'Heat Wave', 'Auto-Maraku']
['Wind Boost', 'Kill Rush', 'Heat Wave', 'Rebellion', 'Null Poison']
['Kill Rush', 'Sharp Student', 'Auto-Maraku', 'Heat Wave', 'Growth 1']
['Heat Wave', 'Kill Rush', 'Invigorate 2', 'Growth 1', 'Rakukaja']
['Foul Breath', 'Heat Wave', 'Kill Rush', 'Growth 1', 'Wind Boost']
['Kill Rush', 'Growth 1', 'Wind Boost', 'Invigorate 2', 'Foul Breath']
['Foul Breath', 'Null Poison', 'Wind Amp', 'Kill Rush', 'Wind Boost']
['Wind Boost', 'Growth 1', 'Kill Rush', 'Sharp Student', 'Foul Breath']
['Kill Rush', 'Heat Wave', 'Marakukaja', 'Growth 1', 'Rakukaja']
['Growth 1', 'Kill Rush', 'Wind Amp', 'Heat Wave', 'Wind Boost']
['Kill Rush', 'Sharp Student', 'Counterstrike', 'Wind Boost', 'Heat Wave']
['Heat Wave', 'Wind Boost', 'Kill Rush', 'Growth 1', 'Trafuri']
['Foul Breath', 'Growth 1', 'Kill Rush', 'Heat Wave', 'Trafuri']
['Auto-Maraku', 'Growth 1', 'Wind Boost', 'Heat Wave', 'Invigorate 2']
['Kill Rush', 'Trafuri', 'Growth 1', 'Foul Breath', 'Wind Amp']
['Rebellion', 'Auto-Maraku', 'Growth 1', 'Kill Rush', 'Sharp Student']
['Heat Wave', 'Rebellion', 'Kill Rush', 'Growth 1', 'Counterstrike']
['Null Poison', 'Kill Rush', 'Rebellion', 'Heat Wave', 'Sharp Student']
['Auto-Maraku', 'Kill Rush', 'Heat Wave', 'Wind Boost', 'Wind Amp']
['Kill Rush', 'Heat Wave', 'Wind Amp', 'Invigorate 2', 'Counterstrike']
['Heat Wave', 'Sharp Student', 'Kill Rush', 'Wind Boost', 'Null Poison']
['Counterstrike', 'Kill Rush', 'Wind Boost', 'Heat Wave', 'Auto-Maraku']
['Kill Rush', 'Heat Wave', 'Wind Boost', 'Sharp Student', 'Counterstrike']
['Kill Rush', 'Sharp Student', 'Invigorate 2', 'Wind Boost', 'Heat Wave']
['Wind Boost', 'Heat Wave', 'Trafuri', 'Kill Rush', 'Wind Amp']
['Kill Rush', 'Heat Wave', 'Auto-Maraku', 'Counterstrike', 'Sharp Student']
['Wind Boost', 'Kill Rush', 'Heat Wave', 'Foul Breath', 'Growth 1']
['Kill Rush', 'Rakukaja', 'Wind Boost', 'Wind Amp', 'Growth 1']
['Kill Rush', 'Heat Wave', 'Null Poison', 'Foul Breath', 'Growth 1']
['Kill Rush', 'Heat Wave', 'Trafuri', 'Null Poison', 'Rakukaja']
['Kill Rush', 'Wind Boost', 'Auto-Maraku', 'Heat Wave', 'Sharp Student']
['Counterstrike', 'Rakukaja', 'Sharp Student', 'Kill Rush', 'Heat Wave']
['Heat Wave', 'Auto-Maraku', 'Kill Rush', 'Sharp Student', 'Wind Amp']
['Growth 1', 'Wind Amp', 'Kill Rush', 'Heat Wave', 'Counterstrike']
['Kill Rush', 'Foul Breath', 'Heat Wave', 'Wind Amp', 'Growth 1']
['Kill Rush', 'Auto-Maraku', 'Null Poison', 'Heat Wave', 'Wind Amp']
['Wind Amp', 'Heat Wave', 'Kill Rush', 'Counterstrike', 'Wind Boost']
['Heat Wave', 'Rakukaja', 'Counterstrike', 'Growth 1', 'Kill Rush']
['Null Poison', 'Wind Boost', 'Kill Rush', 'Heat Wave', 'Sharp Student']
['Kill Rush', 'Sharp Student', 'Heat Wave', 'Foul Breath', 'Marakukaja']
['Kill Rush', 'Wind Boost', 'Foul Breath', 'Wind Amp', 'Heat Wave']
['Kill Rush', 'Heat Wave', 'Invigorate 2', 'Trafuri', 'Counterstrike']
['Invigorate 2', 'Kill Rush', 'Heat Wave', 'Wind Boost', 'Sharp Student']
['Wind Break', 'Null Poison', 'Growth 1', 'Heat Wave', 'Kill Rush']
['Rakukaja', 'Kill Rush', 'Heat Wave', 'Growth 1', 'Null Poison']
['Wind Amp', 'Invigorate 2', 'Heat Wave', 'Kill Rush', 'Sharp Student']
['Kill Rush', 'Invigorate 2', 'Growth 1', 'Heat Wave', 'Auto-Maraku']
['Kill Rush', 'Growth 1', 'Sharp Student', 'Wind Boost', 'Wind Amp']
['Foul Breath', 'Kill Rush', 'Null Poison', 'Heat Wave', 'Wind Boost']
['Heat Wave', 'Kill Rush', 'Wind Boost', 'Wind Amp', 'Null Poison']
['Kill Rush', 'Heat Wave', 'Wind Boost', 'Sharp Student', 'Trafuri']
['Heat Wave', 'Kill Rush', 'Sharp Student', 'Invigorate 2', 'Growth 1']
['Heat Wave', 'Kill Rush', 'Growth 1', 'Rebellion', 'Trafuri']
['Kill Rush', 'Sharp Student', 'Growth 1', 'Heat Wave', 'Wind Amp']
['Kill Rush', 'Counterstrike', 'Heat Wave', 'Auto-Maraku', 'Foul Breath']
['Heat Wave', 'Wind Amp', 'Kill Rush', 'Counterstrike', 'Invigorate 2']
['Kill Rush', 'Sharp Student', 'Heat Wave', 'Trafuri', 'Null Poison']
['Kill Rush', 'Invigorate 2', 'Trafuri', 'Heat Wave', 'Wind Boost']
['Kill Rush', 'Auto-Maraku', 'Heat Wave', 'Wind Boost', 'Sharp Student']
['Growth 1', 'Heat Wave', 'Trafuri', 'Auto-Maraku', 'Kill Rush']
['Kill Rush', 'Wind Boost', 'Foul Breath', 'Growth 1', 'Null Poison']
['Wind Boost', 'Growth 1', 'Heat Wave', 'Sharp Student', 'Kill Rush']
['Kill Rush', 'Counterstrike', 'Trafuri', 'Invigorate 2', 'Heat Wave']
['Kill Rush', 'Heat Wave', 'Auto-Maraku', 'Wind Amp', 'Trafuri']
['Kill Rush', 'Foul Breath', 'Counterstrike', 'Null Poison', 'Heat Wave']
['Kill Rush', 'Growth 1', 'Wind Amp', 'Null Poison', 'Heat Wave']
['Kill Rush', 'Wind Boost', 'Growth 1', 'Heat Wave', 'Trafuri']
['Kill Rush', 'Heat Wave', 'Foul Breath', 'Rebellion', 'Null Poison']
['Kill Rush', 'Heat Wave', 'Dekaja', 'Sharp Student', 'Wind Boost']
['Trafuri', 'Kill Rush', 'Wind Amp', 'Sharp Student', 'Counterstrike']
['Heat Wave', 'Kill Rush', 'Auto-Maraku', 'Growth 1', 'Wind Amp']
['Heat Wave', 'Marakukaja', 'Kill Rush', 'Wind Boost', 'Rebellion']
['Kill Rush', 'Heat Wave', 'Null Poison', 'Counterstrike', 'Wind Boost']
['Growth 1', 'Kill Rush', 'Wind Boost', 'Sharp Student', 'Heat Wave']
['Sharp Student', 'Kill Rush', 'Heat Wave', 'Growth 1', 'Counterstrike']
['Heat Wave', 'Growth 1', 'Kill Rush', 'Wind Boost', 'Dekaja']
['Heat Wave', 'Kill Rush', 'Auto-Maraku', 'Wind Amp', 'Growth 1']
['Kill Rush', 'Sharp Student', 'Heat Wave', 'Growth 1', 'Wind Boost']
['Kill Rush', 'Growth 1', 'Heat Wave', 'Invigorate 2', 'Wind Boost']
['Kill Rush', 'Counterstrike', 'Wind Boost', 'Heat Wave', 'Growth 1']
['Kill Rush', 'Null Poison', 'Heat Wave', 'Dekaja', 'Trafuri']
['Growth 1', 'Heat Wave', 'Kill Rush', 'Wind Boost', 'Invigorate 2']
['Heat Wave', 'Wind Boost', 'Kill Rush', 'Wind Break', 'Wind Amp']
['Kill Rush', 'Heat Wave', 'Counterstrike', 'Sharp Student', 'Wind Boost']
['Growth 1', 'Sharp Student', 'Heat Wave', 'Wind Boost', 'Kill Rush']
['Wind Boost', 'Kill Rush', 'Trafuri', 'Sharp Student', 'Heat Wave']
['Growth 1', 'Null Poison', 'Wind Boost', 'Counterstrike', 'Heat Wave']
['Sharp Student', 'Growth 1', 'Wind Boost', 'Heat Wave', 'Kill Rush']
['Auto-Maraku', 'Kill Rush', 'Sharp Student', 'Wind Boost', 'Heat Wave']
['Kill Rush', 'Counterstrike', 'Invigorate 2', 'Foul Breath', 'Heat Wave']
['Growth 1', 'Wind Boost', 'Heat Wave', 'Sharp Student', 'Kill Rush']
['Heat Wave', 'Kill Rush', 'Counterstrike', 'Null Poison', 'Invigorate 2']
['Heat Wave', 'Kill Rush', 'Growth 1', 'Null Poison', 'Trafuri']
['Growth 1', 'Heat Wave', 'Kill Rush', 'Auto-Maraku', 'Rebellion']
['Rakukaja', 'Heat Wave', 'Trafuri', 'Kill Rush', 'Wind Boost']
['Null Poison', 'Heat Wave', 'Growth 1', 'Foul Breath', 'Kill Rush']
['Counterstrike', 'Wind Break', 'Heat Wave', 'Kill Rush', 'Auto-Maraku']
['Kill Rush', 'Heat Wave', 'Null Poison', 'Wind Boost', 'Growth 1']
['Kill Rush', 'Heat Wave', 'Null Poison', 'Wind Boost', 'Dekaja']
['Sharp Student', 'Wind Amp', 'Kill Rush', 'Foul Breath', 'Heat Wave']
['Heat Wave', 'Growth 1', 'Sharp Student', 'Auto-Maraku', 'Kill Rush']
['Kill Rush', 'Auto-Maraku', 'Null Poison', 'Heat Wave', 'Growth 1']
['Kill Rush', 'Heat Wave', 'Null Poison', 'Sharp Student', 'Counterstrike']
['Kill Rush', 'Heat Wave', 'Wind Amp', 'Sharp Student', 'Wind Boost']
['Auto-Maraku', 'Heat Wave', 'Sharp Student', 'Kill Rush', 'Wind Boost']
['Null Poison', 'Sharp Student', 'Heat Wave', 'Kill Rush', 'Dekaja']
['Sharp Student', 'Heat Wave', 'Kill Rush', 'Growth 1', 'Wind Amp']
['Counterstrike', 'Heat Wave', 'Trafuri', 'Foul Breath', 'Kill Rush']
['Kill Rush', 'Wind Amp', 'Heat Wave', 'Counterstrike', 'Dekaja']
['Growth 1', 'Wind Boost', 'Wind Amp', 'Kill Rush', 'Heat Wave']
['Heat Wave', 'Kill Rush', 'Invigorate 2', 'Sharp Student', 'Auto-Maraku']
['Kill Rush', 'Growth 1', 'Heat Wave', 'Rakukaja', 'Auto-Maraku']
['Heat Wave', 'Kill Rush', 'Rebellion', 'Wind Boost', 'Auto-Maraku']
['Kill Rush', 'Heat Wave', 'Wind Boost', 'Sharp Student', 'Growth 1']
['Kill Rush', 'Rebellion', 'Invigorate 2', 'Heat Wave', 'Sharp Student']
['Heat Wave', 'Kill Rush', 'Foul Breath', 'Sharp Student', 'Growth 1']
['Heat Wave', 'Kill Rush', 'Wind Boost', 'Rakukaja', 'Wind Amp']
['Heat Wave', 'Growth 1', 'Kill Rush', 'Wind Break', 'Counterstrike']
['Auto-Maraku', 'Sharp Student', 'Kill Rush', 'Counterstrike', 'Wind Amp']
['Heat Wave', 'Null Poison', 'Kill Rush', 'Trafuri', 'Wind Boost']
['Kill Rush', 'Rebellion', 'Wind Amp', 'Heat Wave', 'Growth 1']
['Kill Rush', 'Growth 1', 'Trafuri', 'Heat Wave', 'Rebellion']
['Growth 1', 'Heat Wave', 'Sharp Student', 'Kill Rush', 'Rakukaja']
['Kill Rush', 'Wind Amp', 'Wind Boost', 'Heat Wave', 'Invigorate 2']
['Wind Boost', 'Kill Rush', 'Sharp Student', 'Counterstrike', 'Growth 1']
['Kill Rush', 'Counterstrike', 'Heat Wave', 'Null Poison', 'Rakukaja']
['Counterstrike', 'Heat Wave', 'Kill Rush', 'Wind Boost', 'Growth 1']
['Kill Rush', 'Heat Wave', 'Wind Amp', 'Auto-Maraku', 'Growth 1']
['Kill Rush', 'Heat Wave', 'Null Poison', 'Rebellion', 'Wind Amp']
['Wind Boost', 'Heat Wave', 'Kill Rush', 'Sharp Student', 'Trafuri']
['Wind Boost', 'Rebellion', 'Kill Rush', 'Sharp Student', 'Wind Amp']
['Heat Wave', 'Growth 1', 'Wind Boost', 'Kill Rush', 'Invigorate 2']
['Sharp Student', 'Heat Wave', 'Kill Rush', 'Null Poison', 'Rakukaja']
['Kill Rush', 'Heat Wave', 'Dekaja', 'Rebellion', 'Trafuri']
['Heat Wave', 'Rebellion', 'Wind Break', 'Null Poison', 'Kill Rush']
['Kill Rush', 'Heat Wave', 'Growth 1', 'Counterstrike', 'Wind Amp']
['Wind Boost', 'Kill Rush', 'Growth 1', 'Heat Wave', 'Invigorate 2']
['Kill Rush', 'Counterstrike', 'Heat Wave', 'Wind Boost', 'Rakukaja']
['Rebellion', 'Heat Wave', 'Counterstrike', 'Kill Rush', 'Wind Boost']
['Kill Rush', 'Heat Wave', 'Rebellion', 'Wind Boost', 'Sharp Student']
['Rebellion', 'Counterstrike', 'Heat Wave', 'Wind Boost', 'Marakukaja']
['Kill Rush', 'Growth 1', 'Invigorate 2', 'Heat Wave', 'Marakukaja']
['Heat Wave', 'Kill Rush', 'Wind Boost', 'Counterstrike', 'Growth 1']
['Kill Rush', 'Wind Boost', 'Heat Wave', 'Growth 1', 'Counterstrike']
['Null Poison', 'Heat Wave', 'Wind Boost', 'Kill Rush', 'Counterstrike']
['Heat Wave', 'Wind Boost', 'Auto-Maraku', 'Kill Rush', 'Growth 1']
['Heat Wave', 'Growth 1', 'Kill Rush', 'Auto-Maraku', 'Sharp Student']
['Kill Rush', 'Auto-Maraku', 'Wind Amp', 'Heat Wave', 'Dekaja']
['Kill Rush', 'Sharp Student', 'Auto-Maraku', 'Growth 1', 'Rebellion']
['Heat Wave', 'Wind Amp', 'Kill Rush', 'Sharp Student', 'Wind Boost']
['Heat Wave', 'Growth 1', 'Kill Rush', 'Counterstrike', 'Wind Boost']
['Heat Wave', 'Invigorate 2', 'Kill Rush', 'Sharp Student', 'Wind Boost']
['Heat Wave', 'Invigorate 2', 'Kill Rush', 'Sharp Student', 'Trafuri']
['Kill Rush', 'Rebellion', 'Trafuri', 'Wind Boost', 'Auto-Maraku']
['Dekaja', 'Null Poison', 'Kill Rush', 'Heat Wave', 'Growth 1']
['Kill Rush', 'Growth 1', 'Wind Amp', 'Sharp Student', 'Rebellion']
['Heat Wave', 'Sharp Student', 'Invigorate 2', 'Wind Amp', 'Rakukaja']
['Foul Breath', 'Kill Rush', 'Sharp Student', 'Wind Boost', 'Heat Wave']
['Sharp Student', 'Heat Wave', 'Rakukaja', 'Wind Boost', 'Growth 1']
['Kill Rush', 'Counterstrike', 'Wind Boost', 'Invigorate 2', 'Trafuri']
['Null Poison', 'Heat Wave', 'Wind Break', 'Trafuri', 'Wind Boost']
['Kill Rush', 'Marakukaja', 'Heat Wave', 'Trafuri', 'Growth 1']
['Heat Wave', 'Wind Boost', 'Auto-Maraku', 'Kill Rush', 'Growth 1']
['Heat Wave', 'Kill Rush', 'Wind Amp', 'Counterstrike', 'Growth 1']
['Kill Rush', 'Wind Break', 'Counterstrike', 'Wind Boost', 'Growth 1']
['Growth 1', 'Auto-Maraku', 'Heat Wave', 'Rebellion', 'Kill Rush']
['Kill Rush', 'Counterstrike', 'Heat Wave', 'Wind Boost', 'Wind Amp']
['Counterstrike', 'Wind Break', 'Heat Wave', 'Kill Rush', 'Wind Boost']
['Kill Rush', 'Sharp Student', 'Heat Wave', 'Auto-Maraku', 'Rakukaja']
['Kill Rush', 'Heat Wave', 'Auto-Maraku', 'Sharp Student', 'Wind Boost']
['Auto-Maraku', 'Heat Wave', 'Null Poison', 'Sharp Student', 'Kill Rush']
['Kill Rush', 'Heat Wave', 'Counterstrike', 'Foul Breath', 'Wind Boost']
['Wind Amp', 'Heat Wave', 'Sharp Student', 'Kill Rush', 'Growth 1']
['Heat Wave', 'Growth 1', 'Kill Rush', 'Auto-Maraku', 'Null Poison']
['Heat Wave', 'Kill Rush', 'Wind Break', 'Trafuri', 'Growth 1']
['Wind Amp', 'Rebellion', 'Heat Wave', 'Kill Rush', 'Counterstrike']
['Growth 1', 'Wind Break', 'Wind Boost', 'Heat Wave', 'Kill Rush']
['Kill Rush', 'Counterstrike', 'Marakukaja', 'Auto-Maraku', 'Heat Wave']
['Kill Rush', 'Growth 1', 'Null Poison', 'Sharp Student', 'Wind Boost']
['Kill Rush', 'Growth 1', 'Heat Wave', 'Wind Boost', 'Wind Amp']
['Wind Amp', 'Kill Rush', 'Sharp Student', 'Growth 1', 'Heat Wave']
['Heat Wave', 'Invigorate 2', 'Sharp Student', 'Counterstrike', 'Kill Rush']
['Wind Amp', 'Kill Rush', 'Foul Breath', 'Invigorate 2', 'Wind Boost']
['Heat Wave', 'Kill Rush', 'Counterstrike', 'Sharp Student', 'Growth 1']
['Heat Wave', 'Foul Breath', 'Kill Rush', 'Sharp Student', 'Growth 1']
['Growth 1', 'Rakukaja', 'Heat Wave', 'Trafuri', 'Kill Rush']
['Sharp Student', 'Heat Wave', 'Kill Rush', 'Trafuri', 'Null Poison']
['Wind Amp', 'Wind Boost', 'Kill Rush', 'Counterstrike', 'Heat Wave']
['Kill Rush', 'Heat Wave', 'Wind Boost', 'Sharp Student', 'Wind Amp']
['Heat Wave', 'Rakukaja', 'Wind Boost', 'Invigorate 2', 'Kill Rush']
['Kill Rush', 'Null Poison', 'Wind Boost', 'Growth 1', 'Heat Wave']
['Wind Boost', 'Growth 1', 'Null Poison', 'Heat Wave', 'Kill Rush']
['Heat Wave', 'Kill Rush', 'Invigorate 2', 'Wind Boost', 'Growth 1']
['Kill Rush', 'Wind Break', 'Heat Wave', 'Rebellion', 'Wind Amp']
['Kill Rush', 'Heat Wave', 'Growth 1', 'Counterstrike', 'Foul Breath']
['Kill Rush', 'Heat Wave', 'Null Poison', 'Sharp Student', 'Counterstrike']
['Heat Wave', 'Kill Rush', 'Wind Break', 'Null Poison', 'Wind Boost']
['Heat Wave', 'Kill Rush', 'Rakukaja', 'Auto-Maraku', 'Sharp Student']
['Rebellion', 'Auto-Maraku', 'Marakukaja', 'Heat Wave', 'Kill Rush']
['Kill Rush', 'Heat Wave', 'Wind Boost', 'Sharp Student', 'Rakukaja']
['Kill Rush', 'Counterstrike', 'Heat Wave', 'Invigorate 2', 'Growth 1']
['Kill Rush', 'Trafuri', 'Growth 1', 'Wind Amp', 'Heat Wave']
['Kill Rush', 'Wind Boost', 'Heat Wave', 'Null Poison', 'Growth 1']
['Kill Rush', 'Heat Wave', 'Auto-Maraku', 'Sharp Student', 'Invigorate 2']
['Invigorate 2', 'Kill Rush', 'Wind Amp', 'Heat Wave', 'Marakukaja']
['Kill Rush', 'Wind Boost', 'Heat Wave', 'Wind Break', 'Growth 1']
['Kill Rush', 'Wind Amp', 'Heat Wave', 'Trafuri', 'Growth 1']
['Kill Rush', 'Heat Wave', 'Growth 1', 'Sharp Student', 'Rakukaja']
['Trafuri', 'Heat Wave', 'Kill Rush', 'Growth 1', 'Invigorate 2']
['Kill Rush', 'Heat Wave', 'Counterstrike', 'Growth 1', 'Invigorate 2']
['Kill Rush', 'Counterstrike', 'Wind Boost', 'Heat Wave', 'Null Poison']
['Foul Breath', 'Growth 1', 'Kill Rush', 'Heat Wave', 'Auto-Maraku']
['Heat Wave', 'Null Poison', 'Kill Rush', 'Sharp Student', 'Growth 1']
['Kill Rush', 'Auto-Maraku', 'Null Poison', 'Heat Wave', 'Growth 1']
['Heat Wave', 'Wind Boost', 'Kill Rush', 'Invigorate 2', 'Rebellion']
['Growth 1', 'Wind Amp', 'Wind Boost', 'Kill Rush', 'Invigorate 2']
['Wind Amp', 'Kill Rush', 'Auto-Maraku', 'Heat Wave', 'Null Poison']
['Wind Boost', 'Kill Rush', 'Heat Wave', 'Growth 1', 'Wind Amp']
['Kill Rush', 'Heat Wave', 'Wind Boost', 'Growth 1', 'Null Poison']
['Kill Rush', 'Heat Wave', 'Wind Amp', 'Trafuri', 'Wind Break']
['Kill Rush', 'Heat Wave', 'Wind Boost', 'Wind Amp', 'Auto-Maraku']
['Kill Rush', 'Growth 1', 'Heat Wave', 'Counterstrike', 'Invigorate 2']
['Kill Rush', 'Growth 1', 'Sharp Student', 'Counterstrike', 'Wind Boost']
['Kill Rush', 'Growth 1', 'Wind Amp', 'Heat Wave', 'Wind Boost']
['Kill Rush', 'Heat Wave', 'Auto-Maraku', 'Growth 1', 'Rakukaja']
['Kill Rush', 'Heat Wave', 'Growth 1', 'Wind Boost', 'Wind Break']
['Counterstrike', 'Kill Rush', 'Null Poison', 'Auto-Maraku', 'Invigorate 2']
['Kill Rush', 'Auto-Maraku', 'Sharp Student', 'Heat Wave', 'Rebellion']
['Wind Boost', 'Sharp Student', 'Growth 1', 'Kill Rush', 'Heat Wave']
['Wind Amp', 'Wind Boost', 'Kill Rush', 'Null Poison', 'Heat Wave']
['Heat Wave', 'Kill Rush', 'Growth 1', 'Rebellion', 'Wind Amp']
['Wind Boost', 'Sharp Student', 'Heat Wave', 'Wind Amp', 'Null Poison']
['Kill Rush', 'Wind Boost', 'Sharp Student', 'Heat Wave', 'Auto-Maraku']
['Growth 1', 'Heat Wave', 'Sharp Student', 'Kill Rush', 'Foul Breath']
['Counterstrike', 'Kill Rush', 'Heat Wave', 'Invigorate 2', 'Rebellion']
['Sharp Student', 'Heat Wave', 'Auto-Maraku', 'Kill Rush', 'Rakukaja']
['Kill Rush', 'Heat Wave', 'Rakukaja', 'Rebellion', 'Null Poison']
['Rakukaja', 'Heat Wave', 'Kill Rush', 'Null Poison', 'Growth 1']
['Growth 1', 'Heat Wave', 'Sharp Student', 'Invigorate 2', 'Wind Boost']
['Kill Rush', 'Wind Boost', 'Auto-Maraku', 'Rebellion', 'Heat Wave']
['Heat Wave', 'Auto-Maraku', 'Kill Rush', 'Sharp Student', 'Wind Boost']
['Kill Rush', 'Heat Wave', 'Wind Amp', 'Counterstrike', 'Rebellion']
['Sharp Student', 'Kill Rush', 'Trafuri', 'Wind Amp', 'Heat Wave']
['Invigorate 2', 'Heat Wave', 'Wind Amp', 'Wind Boost', 'Kill Rush']
['Heat Wave', 'Kill Rush', 'Auto-Maraku', 'Marakukaja', 'Counterstrike']
['Wind Amp', 'Invigorate 2', 'Sharp Student', 'Growth 1', 'Kill Rush']
['Heat Wave', 'Kill Rush', 'Growth 1', 'Counterstrike', 'Wind Amp']
['Heat Wave', 'Invigorate 2', 'Sharp Student', 'Kill Rush', 'Null Poison']
['Wind Amp', 'Sharp Student', 'Kill Rush', 'Wind Boost', 'Heat Wave']
['Kill Rush', 'Wind Boost', 'Heat Wave', 'Null Poison', 'Auto-Maraku']
['Wind Boost', 'Kill Rush', 'Heat Wave', 'Wind Amp', 'Counterstrike']
['Wind Boost', 'Kill Rush', 'Heat Wave', 'Null Poison', 'Growth 1']
['Kill Rush', 'Wind Amp', 'Invigorate 2', 'Heat Wave', 'Wind Break']
['Heat Wave', 'Kill Rush', 'Growth 1', 'Null Poison', 'Dekaja']
['Heat Wave', 'Wind Boost', 'Counterstrike', 'Kill Rush', 'Growth 1']
['Heat Wave', 'Wind Amp', 'Kill Rush', 'Wind Break', 'Invigorate 2']
['Wind Boost', 'Wind Amp', 'Sharp Student', 'Trafuri', 'Heat Wave']
['Kill Rush', 'Sharp Student', 'Heat Wave', 'Rakukaja', 'Counterstrike']
['Counterstrike', 'Auto-Maraku', 'Kill Rush', 'Heat Wave', 'Growth 1']
['Dekaja', 'Heat Wave', 'Sharp Student', 'Kill Rush', 'Wind Boost']
['Trafuri', 'Kill Rush', 'Wind Boost', 'Heat Wave', 'Growth 1']
['Kill Rush', 'Counterstrike', 'Growth 1', 'Heat Wave', 'Sharp Student']
['Kill Rush', 'Trafuri', 'Wind Amp', 'Sharp Student', 'Wind Boost']
['Kill Rush', 'Growth 1', 'Invigorate 2', 'Foul Breath', 'Wind Amp']
['Kill Rush', 'Heat Wave', 'Wind Amp', 'Rakukaja', 'Trafuri']
['Kill Rush', 'Growth 1', 'Sharp Student', 'Wind Amp', 'Counterstrike']
['Wind Amp', 'Kill Rush', 'Growth 1', 'Heat Wave', 'Wind Boost']
['Kill Rush', 'Growth 1', 'Heat Wave', 'Sharp Student', 'Null Poison']
['Counterstrike', 'Growth 1', 'Heat Wave', 'Kill Rush', 'Rebellion']
['Wind Boost', 'Heat Wave', 'Kill Rush', 'Rakukaja', 'Null Poison']
['Kill Rush', 'Rebellion', 'Growth 1', 'Heat Wave', 'Invigorate 2']
['Heat Wave', 'Invigorate 2', 'Auto-Maraku', 'Trafuri', 'Kill Rush']
['Wind Boost', 'Kill Rush', 'Growth 1', 'Null Poison', 'Heat Wave']
['Sharp Student', 'Kill Rush', 'Heat Wave', 'Counterstrike', 'Marakukaja']
['Kill Rush', 'Rakukaja', 'Heat Wave', 'Growth 1', 'Wind Boost']
['Heat Wave', 'Kill Rush', 'Wind Boost', 'Wind Amp', 'Dekaja']
['Heat Wave', 'Null Poison', 'Growth 1', 'Kill Rush', 'Auto-Maraku']
['Sharp Student', 'Kill Rush', 'Counterstrike', 'Heat Wave', 'Null Poison']
['Wind Boost', 'Growth 1', 'Counterstrike', 'Kill Rush', 'Heat Wave']
['Sharp Student', 'Auto-Maraku', 'Kill Rush', 'Heat Wave', 'Counterstrike']
['Kill Rush', 'Wind Amp', 'Heat Wave', 'Auto-Maraku', 'Growth 1']
['Wind Amp', 'Wind Break', 'Heat Wave', 'Growth 1', 'Kill Rush']
['Heat Wave', 'Invigorate 2', 'Kill Rush', 'Sharp Student', 'Auto-Maraku']
['Counterstrike', 'Wind Amp', 'Sharp Student', 'Heat Wave', 'Null Poison']
['Wind Break', 'Kill Rush', 'Heat Wave', 'Wind Amp', 'Sharp Student']
['Growth 1', 'Heat Wave', 'Trafuri', 'Kill Rush', 'Wind Boost']
['Trafuri', 'Heat Wave', 'Kill Rush', 'Wind Boost', 'Null Poison']
['Kill Rush', 'Rakukaja', 'Counterstrike', 'Heat Wave', 'Rebellion']
['Counterstrike', 'Kill Rush', 'Heat Wave', 'Growth 1', 'Trafuri']
['Null Poison', 'Kill Rush', 'Heat Wave', 'Sharp Student', 'Growth 1']
['Kill Rush', 'Rebellion', 'Null Poison', 'Heat Wave', 'Counterstrike']
['Wind Amp', 'Kill Rush', 'Null Poison', 'Heat Wave', 'Growth 1']
['Heat Wave', 'Wind Amp', 'Kill Rush', 'Trafuri', 'Sharp Student']
['Rebellion', 'Null Poison', 'Wind Amp', 'Kill Rush', 'Heat Wave']
['Rebellion', 'Growth 1', 'Invigorate 2', 'Heat Wave', 'Kill Rush']
['Growth 1', 'Heat Wave', 'Invigorate 2', 'Wind Amp', 'Sharp Student']
['Auto-Maraku', 'Growth 1', 'Wind Boost', 'Trafuri', 'Foul Breath']
['Heat Wave', 'Counterstrike', 'Kill Rush', 'Null Poison', 'Wind Boost']
['Heat Wave', 'Invigorate 2', 'Kill Rush', 'Marakukaja', 'Trafuri']
['Wind Break', 'Kill Rush', 'Rakukaja', 'Sharp Student', 'Counterstrike']
['Kill Rush', 'Heat Wave', 'Growth 1', 'Wind Boost', 'Sharp Student']
['Kill Rush', 'Auto-Maraku', 'Heat Wave', 'Null Poison', 'Growth 1']
['Sharp Student', 'Kill Rush', 'Rakukaja', 'Auto-Maraku', 'Counterstrike']
['Marakukaja', 'Trafuri', 'Kill Rush', 'Rebellion', 'Growth 1']
['Kill Rush', 'Counterstrike', 'Heat Wave', 'Growth 1', 'Sharp Student']
['Kill Rush', 'Dekaja', 'Sharp Student', 'Heat Wave', 'Wind Amp']
['Kill Rush', 'Counterstrike', 'Heat Wave', 'Wind Boost', 'Growth 1']
['Kill Rush', 'Auto-Maraku', 'Growth 1', 'Wind Boost', 'Heat Wave']
['Heat Wave', 'Wind Boost', 'Invigorate 2', 'Kill Rush', 'Auto-Maraku']
['Heat Wave', 'Kill Rush', 'Counterstrike', 'Sharp Student', 'Wind Boost']
['Wind Boost', 'Kill Rush', 'Growth 1', 'Trafuri', 'Foul Breath']
['Wind Boost', 'Kill Rush', 'Marakukaja', 'Growth 1', 'Heat Wave']
['Null Poison', 'Counterstrike', 'Kill Rush', 'Growth 1', 'Foul Breath']
['Kill Rush', 'Wind Boost', 'Heat Wave', 'Sharp Student', 'Wind Amp']
['Invigorate 2', 'Kill Rush', 'Growth 1', 'Heat Wave', 'Marakukaja']
['Wind Boost', 'Growth 1', 'Counterstrike', 'Kill Rush', 'Heat Wave']
['Dekaja', 'Kill Rush', 'Invigorate 2', 'Heat Wave', 'Sharp Student']
['Kill Rush', 'Heat Wave', 'Counterstrike', 'Growth 1', 'Wind Boost']
['Heat Wave', 'Wind Boost', 'Sharp Student', 'Rebellion', 'Kill Rush']
['Wind Boost', 'Kill Rush', 'Heat Wave', 'Null Poison', 'Invigorate 2']
['Kill Rush', 'Heat Wave', 'Null Poison', 'Auto-Maraku', 'Growth 1']
['Sharp Student', 'Kill Rush', 'Heat Wave', 'Wind Amp', 'Invigorate 2']
['Sharp Student', 'Trafuri', 'Growth 1', 'Heat Wave', 'Kill Rush']
['Foul Breath', 'Kill Rush', 'Heat Wave', 'Growth 1', 'Counterstrike']
['Kill Rush', 'Wind Amp', 'Heat Wave', 'Rebellion', 'Null Poison']
['Growth 1', 'Counterstrike', 'Kill Rush', 'Heat Wave', 'Foul Breath']
['Trafuri', 'Kill Rush', 'Heat Wave', 'Growth 1', 'Sharp Student']
['Counterstrike', 'Kill Rush', 'Heat Wave', 'Foul Breath', 'Wind Amp']
['Invigorate 2', 'Sharp Student', 'Kill Rush', 'Null Poison', 'Growth 1']
['Trafuri', 'Heat Wave', 'Kill Rush', 'Growth 1', 'Counterstrike']
['Growth 1', 'Heat Wave', 'Kill Rush', 'Rakukaja', 'Dekaja']
['Heat Wave', 'Kill Rush', 'Marakukaja', 'Rakukaja', 'Wind Boost']
['Heat Wave', 'Sharp Student', 'Kill Rush', 'Null Poison', 'Foul Breath']
['Wind Amp', 'Kill Rush', 'Heat Wave', 'Null Poison', 'Growth 1']
['Sharp Student', 'Kill Rush', 'Null Poison', 'Wind Boost', 'Dekaja']
['Heat Wave', 'Kill Rush', 'Auto-Maraku', 'Wind Boost', 'Sharp Student']
['Wind Boost', 'Kill Rush', 'Trafuri', 'Heat Wave', 'Growth 1']
['Counterstrike', 'Wind Boost', 'Kill Rush', 'Heat Wave', 'Growth 1']
['Counterstrike', 'Kill Rush', 'Null Poison', 'Heat Wave', 'Wind Amp']
['Trafuri', 'Auto-Maraku', 'Heat Wave', 'Growth 1', 'Kill Rush']
['Kill Rush', 'Growth 1', 'Wind Boost', 'Heat Wave', 'Trafuri']
['Kill Rush', 'Rakukaja', 'Sharp Student', 'Wind Boost', 'Growth 1']
['Kill Rush', 'Wind Amp', 'Heat Wave', 'Rebellion', 'Rakukaja']
['Heat Wave', 'Kill Rush', 'Invigorate 2', 'Marakukaja', 'Rebellion']
['Kill Rush', 'Growth 1', 'Heat Wave', 'Wind Amp', 'Wind Boost']
['Heat Wave', 'Kill Rush', 'Rakukaja', 'Growth 1', 'Sharp Student']
['Wind Amp', 'Rebellion', 'Heat Wave', 'Kill Rush', 'Growth 1']
['Growth 1', 'Kill Rush', 'Wind Boost', 'Heat Wave', 'Auto-Maraku']
['Counterstrike', 'Kill Rush', 'Invigorate 2', 'Wind Amp', 'Heat Wave']
['Kill Rush', 'Heat Wave', 'Wind Boost', 'Growth 1', 'Wind Amp']
['Heat Wave', 'Counterstrike', 'Kill Rush', 'Sharp Student', 'Null Poison']
['Kill Rush', 'Sharp Student', 'Heat Wave', 'Wind Boost', 'Growth 1']
['Heat Wave', 'Invigorate 2', 'Growth 1', 'Kill Rush', 'Sharp Student']
['Marakukaja', 'Kill Rush', 'Heat Wave', 'Rebellion', 'Auto-Maraku']
['Growth 1', 'Wind Boost', 'Heat Wave', 'Kill Rush', 'Sharp Student']
['Counterstrike', 'Kill Rush', 'Invigorate 2', 'Wind Amp', 'Auto-Maraku']
['Wind Boost', 'Auto-Maraku', 'Kill Rush', 'Invigorate 2', 'Wind Amp']
['Wind Boost', 'Kill Rush', 'Wind Amp', 'Heat Wave', 'Auto-Maraku']
['Counterstrike', 'Sharp Student', 'Growth 1', 'Wind Amp', 'Heat Wave']
['Rakukaja', 'Kill Rush', 'Invigorate 2', 'Wind Boost', 'Heat Wave']
['Null Poison', 'Growth 1', 'Kill Rush', 'Heat Wave', 'Sharp Student']
['Kill Rush', 'Heat Wave', 'Wind Boost', 'Trafuri', 'Auto-Maraku']
['Heat Wave', 'Kill Rush', 'Wind Boost', 'Growth 1', 'Null Poison']
['Sharp Student', 'Kill Rush', 'Null Poison', 'Auto-Maraku', 'Wind Amp']
['Growth 1', 'Wind Boost', 'Kill Rush', 'Heat Wave', 'Rakukaja']
['Kill Rush', 'Rebellion', 'Heat Wave', 'Invigorate 2', 'Trafuri']
['Heat Wave', 'Kill Rush', 'Rakukaja', 'Wind Boost', 'Null Poison']
['Kill Rush', 'Counterstrike', 'Heat Wave', 'Wind Boost', 'Invigorate 2']
['Trafuri', 'Wind Break', 'Kill Rush', 'Heat Wave', 'Wind Amp']
['Kill Rush', 'Wind Boost', 'Heat Wave', 'Growth 1', 'Invigorate 2']
['Sharp Student', 'Kill Rush', 'Wind Amp', 'Auto-Maraku', 'Null Poison']
['Heat Wave', 'Kill Rush', 'Trafuri', 'Counterstrike', 'Sharp Student']
['Wind Boost', 'Sharp Student', 'Invigorate 2', 'Kill Rush', 'Growth 1']
['Kill Rush', 'Rakukaja', 'Heat Wave', 'Rebellion', 'Trafuri']
['Growth 1', 'Trafuri', 'Kill Rush', 'Null Poison', 'Sharp Student']
['Kill Rush', 'Auto-Maraku', 'Wind Boost', 'Wind Amp', 'Foul Breath']
['Counterstrike', 'Growth 1', 'Invigorate 2', 'Heat Wave', 'Kill Rush']
['Growth 1', 'Heat Wave', 'Kill Rush', 'Wind Amp', 'Trafuri']
['Heat Wave', 'Wind Boost', 'Kill Rush', 'Sharp Student', 'Rebellion']
['Heat Wave', 'Invigorate 2', 'Kill Rush', 'Growth 1', 'Wind Boost']
['Kill Rush', 'Sharp Student', 'Heat Wave', 'Null Poison', 'Invigorate 2']
['Wind Boost', 'Sharp Student', 'Kill Rush', 'Counterstrike', 'Rakukaja']
['Kill Rush', 'Heat Wave', 'Sharp Student', 'Wind Amp', 'Counterstrike']
['Kill Rush', 'Heat Wave', 'Sharp Student', 'Growth 1', 'Null Poison']
['Heat Wave', 'Kill Rush', 'Dekaja', 'Sharp Student', 'Rakukaja']
['Kill Rush', 'Growth 1', 'Invigorate 2', 'Heat Wave', 'Rebellion']
['Growth 1', 'Auto-Maraku', 'Heat Wave', 'Counterstrike', 'Kill Rush']
['Kill Rush', 'Sharp Student', 'Null Poison', 'Trafuri', 'Heat Wave']
['Kill Rush', 'Trafuri', 'Rebellion', 'Rakukaja', 'Heat Wave']
['Sharp Student', 'Heat Wave', 'Kill Rush', 'Rebellion', 'Null Poison']
['Heat Wave', 'Growth 1', 'Kill Rush', 'Sharp Student', 'Counterstrike']
['Heat Wave', 'Growth 1', 'Kill Rush', 'Wind Amp', 'Counterstrike']
['Heat Wave', 'Wind Boost', 'Kill Rush', 'Sharp Student', 'Growth 1']
['Heat Wave', 'Kill Rush', 'Counterstrike', 'Wind Boost', 'Wind Amp']
['Kill Rush', 'Heat Wave', 'Sharp Student', 'Counterstrike', 'Growth 1']
['Kill Rush', 'Null Poison', 'Heat Wave', 'Sharp Student', 'Trafuri']
['Sharp Student', 'Kill Rush', 'Invigorate 2', 'Trafuri', 'Foul Breath']
['Kill Rush', 'Heat Wave', 'Marakukaja', 'Sharp Student', 'Wind Boost']
['Wind Boost', 'Invigorate 2', 'Counterstrike', 'Null Poison', 'Kill Rush']
['Invigorate 2', 'Kill Rush', 'Heat Wave', 'Dekaja', 'Counterstrike']
['Kill Rush', 'Heat Wave', 'Rebellion', 'Auto-Maraku', 'Sharp Student']
['Kill Rush', 'Auto-Maraku', 'Wind Break', 'Heat Wave', 'Growth 1']
['Sharp Student', 'Wind Break', 'Heat Wave', 'Kill Rush', 'Wind Boost']
['Kill Rush', 'Heat Wave', 'Trafuri', 'Invigorate 2', 'Wind Boost']
['Kill Rush', 'Growth 1', 'Auto-Maraku', 'Marakukaja', 'Counterstrike']
['Wind Amp', 'Kill Rush', 'Heat Wave', 'Growth 1', 'Sharp Student']
['Growth 1', 'Heat Wave', 'Wind Boost', 'Kill Rush', 'Null Poison']
['Growth 1', 'Wind Amp', 'Auto-Maraku', 'Kill Rush', 'Wind Boost']
['Kill Rush', 'Heat Wave', 'Null Poison', 'Sharp Student', 'Trafuri']
['Wind Boost', 'Kill Rush', 'Rebellion', 'Heat Wave', 'Marakukaja']
['Kill Rush', 'Invigorate 2', 'Wind Boost', 'Heat Wave', 'Trafuri']
['Heat Wave', 'Wind Boost', 'Kill Rush', 'Wind Amp', 'Counterstrike']
['Kill Rush', 'Wind Boost', 'Heat Wave', 'Null Poison', 'Invigorate 2']
['Wind Amp', 'Foul Breath', 'Wind Boost', 'Rakukaja', 'Heat Wave']
['Kill Rush', 'Heat Wave', 'Null Poison', 'Trafuri', 'Invigorate 2']
['Growth 1', 'Kill Rush', 'Invigorate 2', 'Null Poison', 'Heat Wave']
['Kill Rush', 'Invigorate 2', 'Heat Wave', 'Growth 1', 'Wind Boost']
['Heat Wave', 'Kill Rush', 'Trafuri', 'Wind Break', 'Growth 1']
['Growth 1', 'Kill Rush', 'Sharp Student', 'Heat Wave', 'Invigorate 2']
['Sharp Student', 'Auto-Maraku', 'Kill Rush', 'Rebellion', 'Counterstrike']
['Kill Rush', 'Wind Boost', 'Heat Wave', 'Growth 1', 'Rakukaja']
['Kill Rush', 'Heat Wave', 'Growth 1', 'Counterstrike', 'Wind Boost']
['Trafuri', 'Kill Rush', 'Heat Wave', 'Sharp Student', 'Rebellion']
['Growth 1', 'Kill Rush', 'Wind Boost', 'Invigorate 2', 'Heat Wave']
['Heat Wave', 'Auto-Maraku', 'Trafuri', 'Kill Rush', 'Sharp Student']
['Invigorate 2', 'Kill Rush', 'Rebellion', 'Heat Wave', 'Sharp Student']
['Heat Wave', 'Kill Rush', 'Wind Amp', 'Auto-Maraku', 'Invigorate 2']
['Kill Rush', 'Auto-Maraku', 'Null Poison', 'Wind Boost', 'Heat Wave']
['Kill Rush', 'Wind Boost', 'Growth 1', 'Heat Wave', 'Sharp Student']
['Kill Rush', 'Heat Wave', 'Null Poison', 'Invigorate 2', 'Rebellion']
['Kill Rush', 'Heat Wave', 'Invigorate 2', 'Null Poison', 'Auto-Maraku']
['Null Poison', 'Wind Boost', 'Sharp Student', 'Heat Wave', 'Invigorate 2']
['Kill Rush', 'Null Poison', 'Heat Wave', 'Rebellion', 'Auto-Maraku']
['Wind Boost', 'Kill Rush', 'Counterstrike', 'Heat Wave', 'Growth 1']
['Wind Boost', 'Growth 1', 'Kill Rush', 'Wind Amp', 'Heat Wave']
['Kill Rush', 'Heat Wave', 'Wind Amp', 'Rebellion', 'Null Poison']
['Invigorate 2', 'Kill Rush', 'Sharp Student', 'Heat Wave', 'Growth 1']
['Heat Wave', 'Null Poison', 'Kill Rush', 'Auto-Maraku', 'Wind Boost']
['Growth 1', 'Heat Wave', 'Wind Boost', 'Kill Rush', 'Trafuri']
['Counterstrike', 'Heat Wave', 'Sharp Student', 'Kill Rush', 'Dekaja']
['Heat Wave', 'Kill Rush', 'Sharp Student', 'Counterstrike', 'Wind Boost']
['Heat Wave', 'Auto-Maraku', 'Kill Rush', 'Invigorate 2', 'Growth 1']
['Growth 1', 'Kill Rush', 'Trafuri', 'Counterstrike', 'Heat Wave']
['Foul Breath', 'Heat Wave', 'Kill Rush', 'Dekaja', 'Null Poison']
['Kill Rush', 'Heat Wave', 'Trafuri', 'Auto-Maraku', 'Wind Boost']
['Counterstrike', 'Sharp Student', 'Heat Wave', 'Kill Rush', 'Growth 1']
['Heat Wave', 'Wind Amp', 'Invigorate 2', 'Kill Rush', 'Sharp Student']
['Invigorate 2', 'Kill Rush', 'Wind Amp', 'Heat Wave', 'Wind Break']
['Sharp Student', 'Heat Wave', 'Wind Boost', 'Kill Rush', 'Auto-Maraku']
['Rebellion', 'Sharp Student', 'Null Poison', 'Kill Rush', 'Heat Wave']
['Kill Rush', 'Heat Wave', 'Growth 1', 'Counterstrike', 'Wind Boost']
['Kill Rush', 'Heat Wave', 'Growth 1', 'Null Poison', 'Wind Amp']
['Wind Break', 'Wind Boost', 'Kill Rush', 'Null Poison', 'Growth 1']
['Heat Wave', 'Kill Rush', 'Marakukaja', 'Counterstrike', 'Auto-Maraku']
['Heat Wave', 'Sharp Student', 'Wind Boost', 'Null Poison', 'Growth 1']
['Kill Rush', 'Growth 1', 'Heat Wave', 'Dekaja', 'Invigorate 2']
['Kill Rush', 'Counterstrike', 'Heat Wave', 'Wind Break', 'Marakukaja']
['Sharp Student', 'Heat Wave', 'Kill Rush', 'Null Poison', 'Growth 1']
['Wind Boost', 'Kill Rush', 'Invigorate 2', 'Heat Wave', 'Growth 1']
['Kill Rush', 'Sharp Student', 'Wind Amp', 'Wind Boost', 'Null Poison']
['Heat Wave', 'Wind Boost', 'Growth 1', 'Kill Rush', 'Sharp Student']
['Auto-Maraku', 'Kill Rush', 'Wind Boost', 'Wind Amp', 'Growth 1']
['Kill Rush', 'Counterstrike', 'Heat Wave', 'Wind Amp', 'Wind Boost']
['Kill Rush', 'Growth 1', 'Heat Wave', 'Wind Boost', 'Counterstrike']
['Heat Wave', 'Sharp Student', 'Growth 1', 'Kill Rush', 'Counterstrike']
['Heat Wave', 'Kill Rush', 'Counterstrike', 'Null Poison', 'Invigorate 2']
['Heat Wave', 'Kill Rush', 'Dekaja', 'Trafuri', 'Counterstrike']
['Null Poison', 'Counterstrike', 'Wind Amp', 'Kill Rush', 'Heat Wave']
['Heat Wave', 'Kill Rush', 'Auto-Maraku', 'Invigorate 2', 'Sharp Student']
['Kill Rush', 'Growth 1', 'Trafuri', 'Sharp Student', 'Heat Wave']
['Heat Wave', 'Kill Rush', 'Null Poison', 'Counterstrike', 'Auto-Maraku']
['Kill Rush', 'Invigorate 2', 'Null Poison', 'Heat Wave', 'Growth 1']
['Heat Wave', 'Kill Rush', 'Auto-Maraku', 'Null Poison', 'Sharp Student']
['Growth 1', 'Sharp Student', 'Rebellion', 'Heat Wave', 'Kill Rush']
['Rebellion', 'Heat Wave', 'Wind Boost', 'Kill Rush', 'Growth 1']
['Kill Rush', 'Wind Boost', 'Heat Wave', 'Wind Amp', 'Sharp Student']
['Auto-Maraku', 'Growth 1', 'Counterstrike', 'Sharp Student', 'Kill Rush']
['Kill Rush', 'Growth 1', 'Wind Boost', 'Wind Amp', 'Heat Wave']
['Heat Wave', 'Auto-Maraku', 'Kill Rush', 'Wind Boost', 'Growth 1']
['Sharp Student', 'Kill Rush', 'Wind Amp', 'Trafuri', 'Wind Boost']
['Heat Wave', 'Kill Rush', 'Foul Breath', 'Null Poison', 'Growth 1']
['Kill Rush', 'Counterstrike', 'Wind Amp', 'Wind Boost', 'Heat Wave']
['Heat Wave', 'Auto-Maraku', 'Kill Rush', 'Growth 1', 'Trafuri']
['Kill Rush', 'Wind Boost', 'Heat Wave', 'Sharp Student', 'Marakukaja']
['Wind Amp', 'Heat Wave', 'Growth 1', 'Kill Rush', 'Sharp Student']
['Sharp Student', 'Heat Wave', 'Kill Rush', 'Wind Boost', 'Auto-Maraku']
['Growth 1', 'Heat Wave', 'Kill Rush', 'Rebellion', 'Null Poison']
['Heat Wave', 'Growth 1', 'Counterstrike', 'Foul Breath', 'Kill Rush']
['Kill Rush', 'Wind Boost', 'Counterstrike', 'Heat Wave', 'Trafuri']
['Kill Rush', 'Sharp Student', 'Wind Boost', 'Growth 1', 'Heat Wave']
['Null Poison', 'Kill Rush', 'Heat Wave', 'Counterstrike', 'Rakukaja']
['Heat Wave', 'Kill Rush', 'Auto-Maraku', 'Sharp Student', 'Invigorate 2']
['Kill Rush', 'Sharp Student', 'Heat Wave', 'Wind Boost', 'Foul Breath']
['Heat Wave', 'Kill Rush', 'Counterstrike', 'Auto-Maraku', 'Sharp Student']
['Kill Rush', 'Wind Boost', 'Null Poison', 'Invigorate 2', 'Auto-Maraku']
['Kill Rush', 'Trafuri', 'Auto-Maraku', 'Wind Amp', 'Growth 1']
['Foul Breath', 'Kill Rush', 'Wind Boost', 'Sharp Student', 'Heat Wave']
['Kill Rush', 'Counterstrike', 'Heat Wave', 'Invigorate 2', 'Wind Boost']
['Null Poison', 'Kill Rush', 'Growth 1', 'Heat Wave', 'Wind Boost']
['Growth 1', 'Trafuri', 'Heat Wave', 'Invigorate 2', 'Kill Rush']
['Auto-Maraku', 'Kill Rush', 'Growth 1', 'Heat Wave', 'Wind Boost']
['Kill Rush', 'Heat Wave', 'Invigorate 2', 'Growth 1', 'Wind Boost']
['Wind Amp', 'Kill Rush', 'Heat Wave', 'Growth 1', 'Trafuri']
['Null Poison', 'Growth 1', 'Kill Rush', 'Wind Amp', 'Trafuri']
['Wind Amp', 'Kill Rush', 'Growth 1', 'Trafuri', 'Heat Wave']
['Invigorate 2', 'Kill Rush', 'Wind Boost', 'Heat Wave', 'Auto-Maraku']
['Invigorate 2', 'Kill Rush', 'Heat Wave', 'Foul Breath', 'Sharp Student']
['Invigorate 2', 'Wind Amp', 'Rakukaja', 'Kill Rush', 'Heat Wave']
['Heat Wave', 'Auto-Maraku', 'Counterstrike', 'Kill Rush', 'Wind Amp']
['Heat Wave', 'Wind Amp', 'Growth 1', 'Wind Boost', 'Kill Rush']
['Growth 1', 'Kill Rush', 'Rakukaja', 'Heat Wave', 'Sharp Student']
['Null Poison', 'Kill Rush', 'Dekaja', 'Foul Breath', 'Heat Wave']
['Invigorate 2', 'Heat Wave', 'Kill Rush', 'Growth 1', 'Trafuri']
['Invigorate 2', 'Counterstrike', 'Heat Wave', 'Kill Rush', 'Sharp Student']
['Kill Rush', 'Heat Wave', 'Wind Boost', 'Rebellion', 'Rakukaja']
['Trafuri', 'Kill Rush', 'Invigorate 2', 'Heat Wave', 'Wind Boost']
['Kill Rush', 'Heat Wave', 'Growth 1', 'Counterstrike', 'Rakukaja']
['Kill Rush', 'Heat Wave', 'Sharp Student', 'Rebellion', 'Auto-Maraku']
['Growth 1', 'Kill Rush', 'Heat Wave', 'Counterstrike', 'Invigorate 2']
['Wind Boost', 'Heat Wave', 'Kill Rush', 'Foul Breath', 'Counterstrike']
['Wind Boost', 'Heat Wave', 'Counterstrike', 'Kill Rush', 'Growth 1']
['Kill Rush', 'Growth 1', 'Wind Amp', 'Heat Wave', 'Counterstrike']
['Kill Rush', 'Heat Wave', 'Sharp Student', 'Foul Breath', 'Wind Amp']
['Heat Wave', 'Kill Rush', 'Growth 1', 'Invigorate 2', 'Counterstrike']
['Heat Wave', 'Null Poison', 'Kill Rush', 'Counterstrike', 'Foul Breath']
['Kill Rush', 'Sharp Student', 'Heat Wave', 'Rebellion', 'Invigorate 2']
['Kill Rush', 'Wind Amp', 'Heat Wave', 'Sharp Student', 'Trafuri']
['Sharp Student', 'Kill Rush', 'Heat Wave', 'Wind Boost', 'Auto-Maraku']
['Trafuri', 'Heat Wave', 'Kill Rush', 'Auto-Maraku', 'Growth 1']
['Kill Rush', 'Wind Amp', 'Heat Wave', 'Auto-Maraku', 'Rakukaja']
['Dekaja', 'Kill Rush', 'Auto-Maraku', 'Heat Wave', 'Sharp Student']
['Rebellion', 'Kill Rush', 'Growth 1', 'Auto-Maraku', 'Invigorate 2']
['Rebellion', 'Heat Wave', 'Kill Rush', 'Auto-Maraku', 'Rakukaja']
['Wind Boost', 'Kill Rush', 'Sharp Student', 'Heat Wave', 'Trafuri']
['Heat Wave', 'Kill Rush', 'Trafuri', 'Counterstrike', 'Wind Amp']
['Heat Wave', 'Kill Rush', 'Null Poison', 'Wind Boost', 'Foul Breath']
['Kill Rush', 'Heat Wave', 'Invigorate 2', 'Auto-Maraku', 'Wind Amp']
['Kill Rush', 'Wind Boost', 'Heat Wave', 'Growth 1', 'Null Poison']
['Kill Rush', 'Wind Amp', 'Counterstrike', 'Growth 1', 'Heat Wave']
['Kill Rush', 'Heat Wave', 'Wind Break', 'Growth 1', 'Wind Amp']
['Auto-Maraku', 'Rebellion', 'Wind Boost', 'Kill Rush', 'Growth 1']
['Counterstrike', 'Kill Rush', 'Sharp Student', 'Heat Wave', 'Wind Boost']
['Heat Wave', 'Kill Rush', 'Growth 1', 'Null Poison', 'Counterstrike']
['Rakukaja', 'Counterstrike', 'Heat Wave', 'Kill Rush', 'Wind Boost']
['Kill Rush', 'Heat Wave', 'Wind Boost', 'Counterstrike', 'Auto-Maraku']
['Counterstrike', 'Kill Rush', 'Heat Wave', 'Auto-Maraku', 'Growth 1']
['Sharp Student', 'Invigorate 2', 'Growth 1', 'Counterstrike', 'Wind Boost']
['Kill Rush', 'Null Poison', 'Sharp Student', 'Heat Wave', 'Auto-Maraku']
['Rebellion', 'Kill Rush', 'Wind Boost', 'Growth 1', 'Sharp Student']
['Kill Rush', 'Wind Boost', 'Marakukaja', 'Rebellion', 'Heat Wave']
['Kill Rush', 'Heat Wave', 'Sharp Student', 'Invigorate 2', 'Wind Amp']
['Kill Rush', 'Auto-Maraku', 'Heat Wave', 'Invigorate 2', 'Trafuri']
['Kill Rush', 'Heat Wave', 'Growth 1', 'Wind Boost', 'Null Poison']
['Growth 1', 'Counterstrike', 'Kill Rush', 'Heat Wave', 'Wind Boost']
['Null Poison', 'Kill Rush', 'Dekaja', 'Heat Wave', 'Marakukaja']
['Heat Wave', 'Wind Amp', 'Kill Rush', 'Null Poison', 'Sharp Student']
['Kill Rush', 'Invigorate 2', 'Sharp Student', 'Growth 1', 'Heat Wave']
['Sharp Student', 'Kill Rush', 'Wind Amp', 'Wind Boost', 'Heat Wave']
['Foul Breath', 'Kill Rush', 'Trafuri', 'Heat Wave', 'Rebellion']
['Heat Wave', 'Growth 1', 'Kill Rush', 'Wind Amp', 'Counterstrike']
['Heat Wave', 'Null Poison', 'Kill Rush', 'Invigorate 2', 'Foul Breath']
['Dekaja', 'Kill Rush', 'Counterstrike', 'Wind Boost', 'Rebellion']
['Growth 1', 'Kill Rush', 'Sharp Student', 'Rakukaja', 'Heat Wave']
['Wind Boost', 'Kill Rush', 'Growth 1', 'Counterstrike', 'Heat Wave']
['Heat Wave', 'Wind Boost', 'Wind Amp', 'Kill Rush', 'Null Poison']
['Kill Rush', 'Foul Breath', 'Heat Wave', 'Rakukaja', 'Counterstrike']
['Kill Rush', 'Wind Boost', 'Heat Wave', 'Null Poison', 'Counterstrike']
['Kill Rush', 'Wind Amp', 'Counterstrike', 'Rebellion', 'Heat Wave']
['Kill Rush', 'Wind Boost', 'Growth 1', 'Counterstrike', 'Heat Wave']
['Invigorate 2', 'Counterstrike', 'Wind Amp', 'Heat Wave', 'Growth 1']
['Wind Boost', 'Kill Rush', 'Null Poison', 'Heat Wave', 'Counterstrike']
['Kill Rush', 'Wind Amp', 'Heat Wave', 'Trafuri', 'Invigorate 2']
['Kill Rush', 'Invigorate 2', 'Heat Wave', 'Rebellion', 'Wind Amp']
['Kill Rush', 'Heat Wave', 'Null Poison', 'Counterstrike', 'Wind Boost']
['Invigorate 2', 'Heat Wave', 'Kill Rush', 'Foul Breath', 'Growth 1']
['Kill Rush', 'Wind Boost', 'Wind Break', 'Heat Wave', 'Null Poison']
['Kill Rush', 'Auto-Maraku', 'Growth 1', 'Heat Wave', 'Counterstrike']
['Kill Rush', 'Growth 1', 'Wind Amp', 'Dekaja', 'Heat Wave']
['Heat Wave', 'Wind Amp', 'Wind Boost', 'Kill Rush', 'Wind Break']
['Heat Wave', 'Invigorate 2', 'Kill Rush', 'Wind Boost', 'Wind Amp']
['Kill Rush', 'Heat Wave', 'Wind Boost', 'Growth 1', 'Sharp Student']
['Kill Rush', 'Null Poison', 'Rebellion', 'Heat Wave', 'Counterstrike']
['Kill Rush', 'Heat Wave', 'Invigorate 2', 'Dekaja', 'Null Poison']
['Kill Rush', 'Invigorate 2', 'Growth 1', 'Sharp Student', 'Heat Wave']
['Wind Boost', 'Sharp Student', 'Heat Wave', 'Kill Rush', 'Growth 1']
['Heat Wave', 'Kill Rush', 'Wind Amp', 'Counterstrike', 'Auto-Maraku']
['Rebellion', 'Heat Wave', 'Kill Rush', 'Growth 1', 'Counterstrike']
['Kill Rush', 'Heat Wave', 'Growth 1', 'Invigorate 2', 'Wind Amp']
['Counterstrike', 'Kill Rush', 'Heat Wave', 'Sharp Student', 'Rakukaja']
['Kill Rush', 'Sharp Student', 'Wind Boost', 'Heat Wave', 'Auto-Maraku']
['Wind Amp', 'Heat Wave', 'Wind Boost', 'Kill Rush', 'Null Poison']
['Auto-Maraku', 'Heat Wave', 'Kill Rush', 'Growth 1', 'Rebellion']
['Heat Wave', 'Kill Rush', 'Foul Breath', 'Trafuri', 'Invigorate 2']
['Wind Boost', 'Heat Wave', 'Kill Rush', 'Wind Amp', 'Auto-Maraku']
['Heat Wave', 'Kill Rush', 'Counterstrike', 'Wind Break', 'Wind Boost']
['Kill Rush', 'Heat Wave', 'Trafuri', 'Sharp Student', 'Auto-Maraku']
['Heat Wave', 'Wind Boost', 'Kill Rush', 'Sharp Student', 'Counterstrike']
['Kill Rush', 'Wind Boost', 'Counterstrike', 'Sharp Student', 'Heat Wave']
['Kill Rush', 'Invigorate 2', 'Heat Wave', 'Wind Boost', 'Auto-Maraku']
['Growth 1', 'Sharp Student', 'Invigorate 2', 'Kill Rush', 'Heat Wave']
['Kill Rush', 'Rebellion', 'Growth 1', 'Wind Boost', 'Heat Wave']
['Null Poison', 'Rakukaja', 'Sharp Student', 'Growth 1', 'Kill Rush']
['Wind Amp', 'Foul Breath', 'Heat Wave', 'Kill Rush', 'Sharp Student']
['Invigorate 2', 'Kill Rush', 'Foul Breath', 'Heat Wave', 'Counterstrike']
['Kill Rush', 'Sharp Student', 'Counterstrike', 'Heat Wave', 'Wind Break']
['Wind Boost', 'Kill Rush', 'Heat Wave', 'Wind Amp', 'Growth 1']
['Kill Rush', 'Sharp Student', 'Heat Wave', 'Wind Boost', 'Wind Amp']
['Heat Wave', 'Kill Rush', 'Trafuri', 'Growth 1', 'Counterstrike']
['Kill Rush', 'Wind Amp', 'Wind Boost', 'Growth 1', 'Wind Break']
['Kill Rush', 'Rebellion', 'Heat Wave', 'Counterstrike', 'Invigorate 2']
['Sharp Student', 'Kill Rush', 'Heat Wave', 'Growth 1', 'Rakukaja']
['Heat Wave', 'Kill Rush', 'Wind Boost', 'Rebellion', 'Growth 1']
['Kill Rush', 'Invigorate 2', 'Foul Breath', 'Wind Boost', 'Heat Wave']
['Sharp Student', 'Kill Rush', 'Growth 1', 'Wind Boost', 'Heat Wave']
['Kill Rush', 'Heat Wave', 'Rebellion', 'Growth 1', 'Wind Amp']
['Wind Boost', 'Heat Wave', 'Kill Rush', 'Foul Breath', 'Growth 1']
['Growth 1', 'Kill Rush', 'Wind Boost', 'Heat Wave', 'Wind Break']
['Kill Rush', 'Sharp Student', 'Null Poison', 'Growth 1', 'Wind Boost']
['Kill Rush', 'Invigorate 2', 'Foul Breath', 'Heat Wave', 'Growth 1']
['Kill Rush', 'Growth 1', 'Sharp Student', 'Auto-Maraku', 'Wind Amp']
['Heat Wave', 'Kill Rush', 'Counterstrike', 'Foul Breath', 'Wind Boost']
['Growth 1', 'Counterstrike', 'Heat Wave', 'Kill Rush', 'Wind Boost']
['Kill Rush', 'Rebellion', 'Growth 1', 'Heat Wave', 'Invigorate 2']
['Sharp Student', 'Kill Rush', 'Wind Boost', 'Heat Wave', 'Growth 1']
['Kill Rush', 'Rebellion', 'Heat Wave', 'Sharp Student', 'Growth 1']
['Heat Wave', 'Sharp Student', 'Kill Rush', 'Dekaja', 'Null Poison']
['Heat Wave', 'Wind Boost', 'Rakukaja', 'Growth 1', 'Kill Rush']
['Growth 1', 'Kill Rush', 'Wind Amp', 'Invigorate 2', 'Heat Wave']
['Heat Wave', 'Kill Rush', 'Foul Breath', 'Null Poison', 'Growth 1']
['Kill Rush', 'Invigorate 2', 'Foul Breath', 'Null Poison', 'Heat Wave']
['Kill Rush', 'Heat Wave', 'Counterstrike', 'Growth 1', 'Wind Boost']
['Kill Rush', 'Rakukaja', 'Wind Amp', 'Growth 1', 'Counterstrike']
['Kill Rush', 'Sharp Student', 'Heat Wave', 'Wind Boost', 'Wind Amp']
['Heat Wave', 'Kill Rush', 'Wind Boost', 'Counterstrike', 'Foul Breath']
['Kill Rush', 'Growth 1', 'Heat Wave', 'Wind Break', 'Counterstrike']
['Wind Boost', 'Kill Rush', 'Growth 1', 'Heat Wave', 'Wind Amp']
['Null Poison', 'Growth 1', 'Kill Rush', 'Rebellion', 'Heat Wave']
['Kill Rush', 'Heat Wave', 'Growth 1', 'Wind Boost', 'Null Poison']
['Kill Rush', 'Wind Boost', 'Sharp Student', 'Invigorate 2', 'Heat Wave']
['Trafuri', 'Kill Rush', 'Auto-Maraku', 'Wind Boost', 'Invigorate 2']
['Null Poison', 'Rakukaja', 'Sharp Student', 'Kill Rush', 'Heat Wave']
['Null Poison', 'Wind Boost', 'Invigorate 2', 'Auto-Maraku', 'Heat Wave']
['Kill Rush', 'Sharp Student', 'Heat Wave', 'Foul Breath', 'Wind Boost']
['Kill Rush', 'Rebellion', 'Trafuri', 'Growth 1', 'Heat Wave']
['Kill Rush', 'Heat Wave', 'Rebellion', 'Auto-Maraku', 'Growth 1']
['Kill Rush', 'Growth 1', 'Heat Wave', 'Wind Amp', 'Rebellion']
['Kill Rush', 'Counterstrike', 'Heat Wave', 'Growth 1', 'Trafuri']
['Kill Rush', 'Heat Wave', 'Growth 1', 'Rebellion', 'Wind Amp']
['Kill Rush', 'Auto-Maraku', 'Growth 1', 'Wind Boost', 'Rebellion']
['Kill Rush', 'Trafuri', 'Wind Boost', 'Growth 1', 'Wind Break']
['Auto-Maraku', 'Wind Break', 'Sharp Student', 'Heat Wave', 'Kill Rush']
['Kill Rush', 'Sharp Student', 'Wind Break', 'Wind Boost', 'Heat Wave']
['Kill Rush', 'Wind Boost', 'Heat Wave', 'Null Poison', 'Dekaja']
['Trafuri', 'Heat Wave', 'Invigorate 2', 'Wind Amp', 'Kill Rush']
['Kill Rush', 'Counterstrike', 'Sharp Student', 'Heat Wave', 'Wind Boost']
['Heat Wave', 'Kill Rush', 'Null Poison', 'Wind Break', 'Sharp Student']
['Kill Rush', 'Counterstrike', 'Heat Wave', 'Growth 1', 'Wind Boost']
['Growth 1', 'Kill Rush', 'Heat Wave', 'Counterstrike', 'Wind Break']
['Counterstrike', 'Heat Wave', 'Sharp Student', 'Kill Rush', 'Rebellion']
['Growth 1', 'Heat Wave', 'Kill Rush', 'Wind Boost', 'Counterstrike']
['Heat Wave', 'Wind Boost', 'Kill Rush', 'Growth 1', 'Null Poison']
['Kill Rush', 'Marakukaja', 'Trafuri', 'Wind Boost', 'Heat Wave']
['Heat Wave', 'Invigorate 2', 'Kill Rush', 'Sharp Student', 'Wind Break']
['Heat Wave', 'Kill Rush', 'Null Poison', 'Wind Amp', 'Counterstrike']
['Kill Rush', 'Growth 1', 'Heat Wave', 'Sharp Student', 'Foul Breath']
['Kill Rush', 'Heat Wave', 'Sharp Student', 'Auto-Maraku', 'Invigorate 2']
['Foul Breath', 'Rebellion', 'Kill Rush', 'Growth 1', 'Wind Boost']
['Wind Amp', 'Heat Wave', 'Wind Boost', 'Kill Rush', 'Counterstrike']
['Heat Wave', 'Kill Rush', 'Trafuri', 'Counterstrike', 'Sharp Student']
['Heat Wave', 'Wind Boost', 'Kill Rush', 'Rebellion', 'Growth 1']
['Heat Wave', 'Kill Rush', 'Wind Boost', 'Invigorate 2', 'Rakukaja']
['Kill Rush', 'Heat Wave', 'Growth 1', 'Null Poison', 'Trafuri']
['Null Poison', 'Counterstrike', 'Heat Wave', 'Foul Breath', 'Kill Rush']
['Kill Rush', 'Auto-Maraku', 'Heat Wave', 'Wind Break', 'Wind Amp']
['Kill Rush', 'Trafuri', 'Wind Amp', 'Growth 1', 'Foul Breath']
['Heat Wave', 'Counterstrike', 'Invigorate 2', 'Kill Rush', 'Sharp Student']
['Heat Wave', 'Growth 1', 'Kill Rush', 'Wind Boost', 'Trafuri']
['Kill Rush', 'Null Poison', 'Trafuri', 'Counterstrike', 'Growth 1']
['Wind Break', 'Kill Rush', 'Wind Boost', 'Heat Wave', 'Invigorate 2']
['Sharp Student', 'Kill Rush', 'Heat Wave', 'Counterstrike', 'Invigorate 2']
['Kill Rush', 'Counterstrike', 'Null Poison', 'Heat Wave', 'Sharp Student']
['Kill Rush', 'Null Poison', 'Growth 1', 'Dekaja', 'Trafuri']
['Kill Rush', 'Rebellion', 'Growth 1', 'Wind Amp', 'Heat Wave']
['Null Poison', 'Wind Amp', 'Wind Break', 'Counterstrike', 'Kill Rush']
['Growth 1', 'Heat Wave', 'Counterstrike', 'Rebellion', 'Wind Boost']
['Wind Amp', 'Kill Rush', 'Wind Boost', 'Heat Wave', 'Foul Breath']
['Heat Wave', 'Wind Boost', 'Kill Rush', 'Growth 1', 'Null Poison']
['Sharp Student', 'Growth 1', 'Rakukaja', 'Kill Rush', 'Heat Wave']
['Heat Wave', 'Kill Rush', 'Sharp Student', 'Wind Amp', 'Wind Boost']
['Kill Rush', 'Invigorate 2', 'Rebellion', 'Sharp Student', 'Heat Wave']
['Kill Rush', 'Sharp Student', 'Wind Amp', 'Foul Breath', 'Heat Wave']
['Heat Wave', 'Counterstrike', 'Sharp Student', 'Trafuri', 'Wind Boost']
['Kill Rush', 'Growth 1', 'Heat Wave', 'Null Poison', 'Invigorate 2']
['Wind Boost', 'Kill Rush', 'Growth 1', 'Trafuri', 'Null Poison']
['Counterstrike', 'Trafuri', 'Heat Wave', 'Growth 1', 'Kill Rush']
['Kill Rush', 'Heat Wave', 'Growth 1', 'Wind Boost', 'Wind Amp']
['Growth 1', 'Trafuri', 'Wind Boost', 'Auto-Maraku', 'Kill Rush']
['Kill Rush', 'Heat Wave', 'Rebellion', 'Growth 1', 'Wind Boost']
['Kill Rush', 'Growth 1', 'Wind Boost', 'Rakukaja', 'Wind Amp']
['Kill Rush', 'Heat Wave', 'Wind Boost', 'Foul Breath', 'Growth 1']
['Growth 1', 'Sharp Student', 'Kill Rush', 'Heat Wave', 'Trafuri']
['Kill Rush', 'Wind Boost', 'Foul Breath', 'Wind Amp', 'Invigorate 2']
['Heat Wave', 'Wind Amp', 'Kill Rush', 'Growth 1', 'Wind Boost']
['Kill Rush', 'Wind Amp', 'Heat Wave', 'Sharp Student', 'Foul Breath']
['Heat Wave', 'Invigorate 2', 'Wind Amp', 'Kill Rush', 'Auto-Maraku']
['Trafuri', 'Invigorate 2', 'Kill Rush', 'Wind Boost', 'Heat Wave']
['Kill Rush', 'Wind Boost', 'Heat Wave', 'Foul Breath', 'Invigorate 2']
['Kill Rush', 'Heat Wave', 'Counterstrike', 'Null Poison', 'Wind Break']
['Kill Rush', 'Heat Wave', 'Wind Boost', 'Growth 1', 'Dekaja']
['Heat Wave', 'Kill Rush', 'Growth 1', 'Wind Boost', 'Rebellion']
['Kill Rush', 'Growth 1', 'Invigorate 2', 'Heat Wave', 'Dekaja']
['Heat Wave', 'Kill Rush', 'Trafuri', 'Sharp Student', 'Counterstrike']
['Growth 1', 'Kill Rush', 'Heat Wave', 'Wind Boost', 'Invigorate 2']
['Kill Rush', 'Heat Wave', 'Wind Boost', 'Growth 1', 'Counterstrike']
['Wind Boost', 'Wind Amp', 'Sharp Student', 'Heat Wave', 'Rebellion']
['Kill Rush', 'Growth 1', 'Wind Amp', 'Heat Wave', 'Trafuri']
['Null Poison', 'Wind Amp', 'Counterstrike', 'Kill Rush', 'Invigorate 2']
['Auto-Maraku', 'Kill Rush', 'Counterstrike', 'Heat Wave', 'Rakukaja']
['Invigorate 2', 'Wind Boost', 'Wind Amp', 'Kill Rush', 'Trafuri']
['Heat Wave', 'Sharp Student', 'Trafuri', 'Kill Rush', 'Wind Amp']
['Invigorate 2', 'Kill Rush', 'Heat Wave', 'Growth 1', 'Auto-Maraku']
['Heat Wave', 'Kill Rush', 'Dekaja', 'Invigorate 2', 'Counterstrike']
['Heat Wave', 'Growth 1', 'Kill Rush', 'Wind Amp', 'Null Poison']
['Wind Boost', 'Invigorate 2', 'Foul Breath', 'Sharp Student', 'Kill Rush']
['Wind Boost', 'Kill Rush', 'Null Poison', 'Auto-Maraku', 'Growth 1']
['Heat Wave', 'Growth 1', 'Wind Boost', 'Trafuri', 'Kill Rush']
['Wind Break', 'Kill Rush', 'Heat Wave', 'Growth 1', 'Sharp Student']
['Trafuri', 'Kill Rush', 'Counterstrike', 'Wind Boost', 'Heat Wave']
['Auto-Maraku', 'Growth 1', 'Kill Rush', 'Heat Wave', 'Wind Boost']
['Kill Rush', 'Heat Wave', 'Wind Boost', 'Invigorate 2', 'Growth 1']
['Kill Rush', 'Foul Breath', 'Heat Wave', 'Rebellion', 'Auto-Maraku']
['Kill Rush', 'Heat Wave', 'Invigorate 2', 'Wind Amp', 'Wind Boost']
['Kill Rush', 'Heat Wave', 'Counterstrike', 'Wind Boost', 'Growth 1']
['Kill Rush', 'Growth 1', 'Heat Wave', 'Auto-Maraku', 'Rebellion']
['Kill Rush', 'Heat Wave', 'Growth 1', 'Null Poison', 'Rakukaja']
['Kill Rush', 'Heat Wave', 'Invigorate 2', 'Rebellion', 'Growth 1']
['Kill Rush', 'Growth 1', 'Heat Wave', 'Wind Boost', 'Counterstrike']
['Growth 1', 'Wind Amp', 'Kill Rush', 'Invigorate 2', 'Foul Breath']
['Wind Boost', 'Kill Rush', 'Growth 1', 'Trafuri', 'Heat Wave']
['Heat Wave', 'Kill Rush', 'Null Poison', 'Wind Amp', 'Growth 1']
['Kill Rush', 'Heat Wave', 'Auto-Maraku', 'Wind Boost', 'Null Poison']
['Null Poison', 'Auto-Maraku', 'Heat Wave', 'Growth 1', 'Kill Rush']
['Heat Wave', 'Kill Rush', 'Sharp Student', 'Counterstrike', 'Trafuri']
['Growth 1', 'Rakukaja', 'Heat Wave', 'Kill Rush', 'Wind Break']
['Null Poison', 'Foul Breath', 'Counterstrike', 'Kill Rush', 'Heat Wave']
['Heat Wave', 'Kill Rush', 'Rebellion', 'Counterstrike', 'Growth 1']
['Kill Rush', 'Heat Wave', 'Auto-Maraku', 'Wind Amp', 'Invigorate 2']
['Kill Rush', 'Trafuri', 'Heat Wave', 'Marakukaja', 'Sharp Student']
['Rakukaja', 'Kill Rush', 'Growth 1', 'Wind Boost', 'Heat Wave']
['Heat Wave', 'Kill Rush', 'Rakukaja', 'Rebellion', 'Counterstrike']
['Growth 1', 'Auto-Maraku', 'Kill Rush', 'Wind Boost', 'Counterstrike']
['Heat Wave', 'Auto-Maraku', 'Rakukaja', 'Null Poison', 'Kill Rush']
['Heat Wave', 'Rakukaja', 'Kill Rush', 'Invigorate 2', 'Null Poison']
['Sharp Student', 'Null Poison', 'Counterstrike', 'Kill Rush', 'Growth 1']
['Heat Wave', 'Kill Rush', 'Trafuri', 'Null Poison', 'Marakukaja']
['Heat Wave', 'Sharp Student', 'Marakukaja', 'Kill Rush', 'Rakukaja']
['Growth 1', 'Kill Rush', 'Heat Wave', 'Wind Boost', 'Rebellion']
['Heat Wave', 'Kill Rush', 'Wind Amp', 'Wind Boost', 'Wind Break']
['Growth 1', 'Heat Wave', 'Kill Rush', 'Wind Boost', 'Counterstrike']
['Wind Amp', 'Kill Rush', 'Heat Wave', 'Wind Boost', 'Sharp Student']
['Kill Rush', 'Sharp Student', 'Heat Wave', 'Trafuri', 'Growth 1']
['Kill Rush', 'Auto-Maraku', 'Heat Wave', 'Wind Boost', 'Wind Amp']
['Kill Rush', 'Growth 1', 'Wind Amp', 'Counterstrike', 'Invigorate 2']
['Heat Wave', 'Wind Amp', 'Auto-Maraku', 'Kill Rush', 'Growth 1']
['Kill Rush', 'Auto-Maraku', 'Wind Boost', 'Growth 1', 'Heat Wave']
['Rebellion', 'Kill Rush', 'Wind Boost', 'Rakukaja', 'Wind Amp']
['Kill Rush', 'Wind Boost', 'Wind Amp', 'Growth 1', 'Heat Wave']
['Rakukaja', 'Kill Rush', 'Heat Wave', 'Wind Boost', 'Sharp Student']
['Kill Rush', 'Heat Wave', 'Wind Boost', 'Foul Breath', 'Wind Amp']
['Counterstrike', 'Heat Wave', 'Kill Rush', 'Wind Boost', 'Invigorate 2']
['Growth 1', 'Heat Wave', 'Kill Rush', 'Foul Breath', 'Wind Break']
['Kill Rush', 'Wind Amp', 'Heat Wave', 'Invigorate 2', 'Wind Boost']
['Sharp Student', 'Marakukaja', 'Kill Rush', 'Growth 1', 'Heat Wave']
['Growth 1', 'Kill Rush', 'Wind Amp', 'Auto-Maraku', 'Wind Boost']
['Heat Wave', 'Wind Amp', 'Growth 1', 'Foul Breath', 'Kill Rush']
['Kill Rush', 'Auto-Maraku', 'Null Poison', 'Heat Wave', 'Wind Amp']
['Heat Wave', 'Counterstrike', 'Kill Rush', 'Wind Boost', 'Rakukaja']
['Foul Breath', 'Kill Rush', 'Heat Wave', 'Sharp Student', 'Wind Amp']
['Kill Rush', 'Null Poison', 'Rebellion', 'Marakukaja', 'Sharp Student']
['Kill Rush', 'Sharp Student', 'Heat Wave', 'Trafuri', 'Wind Boost']
['Kill Rush', 'Auto-Maraku', 'Dekaja', 'Heat Wave', 'Growth 1']
['Kill Rush', 'Heat Wave', 'Counterstrike', 'Null Poison', 'Invigorate 2']
['Kill Rush', 'Heat Wave', 'Wind Boost', 'Wind Amp', 'Auto-Maraku']
['Heat Wave', 'Kill Rush', 'Foul Breath', 'Null Poison', 'Sharp Student']
['Kill Rush', 'Counterstrike', 'Heat Wave', 'Wind Boost', 'Wind Amp']
['Kill Rush', 'Foul Breath', 'Wind Boost', 'Heat Wave', 'Wind Amp']
['Heat Wave', 'Kill Rush', 'Counterstrike', 'Invigorate 2', 'Sharp Student']
['Kill Rush', 'Heat Wave', 'Counterstrike', 'Wind Amp', 'Growth 1']
['Kill Rush', 'Counterstrike', 'Heat Wave', 'Growth 1', 'Trafuri']
['Counterstrike', 'Heat Wave', 'Wind Boost', 'Kill Rush', 'Sharp Student']
['Kill Rush', 'Foul Breath', 'Wind Boost', 'Invigorate 2', 'Marakukaja']
['Marakukaja', 'Rebellion', 'Growth 1', 'Kill Rush', 'Heat Wave']
['Growth 1', 'Heat Wave', 'Kill Rush', 'Sharp Student', 'Foul Breath']
['Heat Wave', 'Kill Rush', 'Dekaja', 'Counterstrike', 'Wind Boost']
['Kill Rush', 'Null Poison', 'Wind Boost', 'Growth 1', 'Heat Wave']
['Heat Wave', 'Growth 1', 'Counterstrike', 'Kill Rush', 'Wind Boost']
['Kill Rush', 'Heat Wave', 'Invigorate 2', 'Wind Amp', 'Auto-Maraku']
['Rebellion', 'Heat Wave', 'Kill Rush', 'Growth 1', 'Wind Amp']
['Wind Amp', 'Heat Wave', 'Kill Rush', 'Rakukaja', 'Wind Break']
['Kill Rush', 'Growth 1', 'Heat Wave', 'Wind Boost', 'Wind Amp']
['Kill Rush', 'Heat Wave', 'Wind Boost', 'Counterstrike', 'Trafuri']
['Kill Rush', 'Wind Boost', 'Counterstrike', 'Heat Wave', 'Sharp Student']
['Kill Rush', 'Heat Wave', 'Growth 1', 'Counterstrike', 'Trafuri']
['Trafuri', 'Kill Rush', 'Wind Boost', 'Heat Wave', 'Growth 1']
['Kill Rush', 'Heat Wave', 'Counterstrike', 'Growth 1', 'Wind Amp']
['Growth 1', 'Kill Rush', 'Wind Boost', 'Trafuri', 'Counterstrike']
['Kill Rush', 'Counterstrike', 'Auto-Maraku', 'Wind Amp', 'Null Poison']
['Sharp Student', 'Kill Rush', 'Heat Wave', 'Wind Boost', 'Null Poison']
['Kill Rush', 'Heat Wave', 'Wind Boost', 'Counterstrike', 'Trafuri']
['Heat Wave', 'Kill Rush', 'Auto-Maraku', 'Growth 1', 'Counterstrike']
['Sharp Student', 'Invigorate 2', 'Kill Rush', 'Wind Boost', 'Rakukaja']
['Kill Rush', 'Heat Wave', 'Wind Boost', 'Wind Amp', 'Sharp Student']
['Kill Rush', 'Auto-Maraku', 'Heat Wave', 'Null Poison', 'Wind Boost']
['Heat Wave', 'Growth 1', 'Kill Rush', 'Sharp Student', 'Wind Boost']
['Wind Amp', 'Heat Wave', 'Kill Rush', 'Counterstrike', 'Auto-Maraku']
['Kill Rush', 'Foul Breath', 'Growth 1', 'Heat Wave', 'Auto-Maraku']
['Kill Rush', 'Heat Wave', 'Null Poison', 'Growth 1', 'Sharp Student']
['Trafuri', 'Kill Rush', 'Wind Boost', 'Sharp Student', 'Invigorate 2']
['Heat Wave', 'Wind Boost', 'Kill Rush', 'Growth 1', 'Invigorate 2']
['Growth 1', 'Trafuri', 'Marakukaja', 'Wind Boost', 'Heat Wave']
['Wind Boost', 'Kill Rush', 'Heat Wave', 'Sharp Student', 'Wind Amp']
['Kill Rush', 'Heat Wave', 'Wind Boost', 'Null Poison', 'Rebellion']
['Growth 1', 'Heat Wave', 'Null Poison', 'Auto-Maraku', 'Kill Rush']
['Kill Rush', 'Trafuri', 'Growth 1', 'Foul Breath', 'Heat Wave']
['Kill Rush', 'Growth 1', 'Heat Wave', 'Rakukaja', 'Marakukaja']
['Null Poison', 'Heat Wave', 'Kill Rush', 'Rebellion', 'Wind Amp']
['Invigorate 2', 'Heat Wave', 'Kill Rush', 'Foul Breath', 'Wind Amp']
['Kill Rush', 'Heat Wave', 'Counterstrike', 'Invigorate 2', 'Trafuri']
['Heat Wave', 'Wind Boost', 'Sharp Student', 'Kill Rush', 'Null Poison']
['Heat Wave', 'Kill Rush', 'Null Poison', 'Wind Boost', 'Wind Amp']
['Sharp Student', 'Kill Rush', 'Wind Boost', 'Heat Wave', 'Growth 1']
['Kill Rush', 'Wind Boost', 'Counterstrike', 'Growth 1', 'Null Poison']
['Kill Rush', 'Heat Wave', 'Wind Boost', 'Growth 1', 'Trafuri']
['Wind Amp', 'Growth 1', 'Wind Boost', 'Kill Rush', 'Heat Wave']
['Kill Rush', 'Wind Amp', 'Heat Wave', 'Growth 1', 'Sharp Student']
['Wind Boost', 'Kill Rush', 'Invigorate 2', 'Growth 1', 'Heat Wave']
['Growth 1', 'Kill Rush', 'Wind Boost', 'Invigorate 2', 'Heat Wave']
['Sharp Student', 'Kill Rush', 'Wind Amp', 'Trafuri', 'Rakukaja']
['Counterstrike', 'Kill Rush', 'Heat Wave', 'Wind Boost', 'Auto-Maraku']
['Kill Rush', 'Invigorate 2', 'Heat Wave', 'Growth 1', 'Sharp Student']
['Kill Rush', 'Heat Wave', 'Wind Boost', 'Invigorate 2', 'Growth 1']
['Wind Amp', 'Wind Boost', 'Growth 1', 'Kill Rush', 'Heat Wave']
['Kill Rush', 'Heat Wave', 'Null Poison', 'Wind Amp', 'Wind Boost']
['Kill Rush', 'Wind Boost', 'Auto-Maraku', 'Heat Wave', 'Wind Amp']
['Sharp Student', 'Kill Rush', 'Counterstrike', 'Heat Wave', 'Dekaja']
['Heat Wave', 'Invigorate 2', 'Auto-Maraku', 'Null Poison', 'Kill Rush']
['Kill Rush', 'Wind Boost', 'Trafuri', 'Growth 1', 'Heat Wave']
['Kill Rush', 'Heat Wave', 'Sharp Student', 'Rebellion', 'Foul Breath']
['Wind Amp', 'Growth 1', 'Heat Wave', 'Kill Rush', 'Invigorate 2']
['Null Poison', 'Growth 1', 'Kill Rush', 'Heat Wave', 'Sharp Student']
['Foul Breath', 'Kill Rush', 'Counterstrike', 'Rakukaja', 'Heat Wave']
['Heat Wave', 'Kill Rush', 'Wind Boost', 'Sharp Student', 'Trafuri']
['Rakukaja', 'Kill Rush', 'Auto-Maraku', 'Heat Wave', 'Counterstrike']
['Auto-Maraku', 'Rakukaja', 'Kill Rush', 'Null Poison', 'Counterstrike']
['Kill Rush', 'Wind Boost', 'Growth 1', 'Heat Wave', 'Counterstrike']
['Kill Rush', 'Heat Wave', 'Wind Amp', 'Sharp Student', 'Growth 1']
['Wind Amp', 'Heat Wave', 'Counterstrike', 'Kill Rush', 'Rebellion']
['Kill Rush', 'Heat Wave', 'Sharp Student', 'Rebellion', 'Counterstrike']
['Kill Rush', 'Heat Wave', 'Foul Breath', 'Growth 1', 'Null Poison']
['Growth 1', 'Heat Wave', 'Kill Rush', 'Rakukaja', 'Counterstrike']
['Kill Rush', 'Trafuri', 'Heat Wave', 'Sharp Student', 'Null Poison']
['Null Poison', 'Kill Rush', 'Sharp Student', 'Wind Boost', 'Wind Amp']
['Heat Wave', 'Foul Breath', 'Wind Boost', 'Invigorate 2', 'Growth 1']
['Growth 1', 'Foul Breath', 'Kill Rush', 'Wind Amp', 'Counterstrike']
['Sharp Student', 'Heat Wave', 'Wind Amp', 'Kill Rush', 'Wind Boost']
