['Makarakarn', 'Revolution', 'Cleave', 'Mighty Swing', 'Gale Slash']
['Dodge Ice', 'Gale Slash', 'Twin Shot', 'Evade Wind', 'Spell Master']
['Cleave', 'Dodge Ice', 'Gale Slash', 'Evade Wind', 'Mighty Swing']
['Gale Slash', 'Evade Wind', 'Cleave', 'Mighty Swing', 'Victory Cry']
['Cruel Attack', 'Cleave', 'Twin Shot', 'Dodge Ice', 'Sharp Student']
['Power Slash', 'Gale Slash', 'Cruel Attack', 'Spell Master', 'Cleave']
['Cleave', 'Victory Cry', 'High Counter', 'Spell Master', 'Auto-Sukukaja']
['Power Slash', 'Evade Wind', 'Cleave', 'Spell Master', 'Gale Slash']
['Gale Slash', 'High Counter', 'Cleave', 'Rakukaja', 'Sharp Student']
['Cruel Attack', 'Power Slash', 'Evade Wind', 'Sukukaja', 'Twin Shot']
['Cruel Attack', 'Dodge Ice', 'Twin Shot', 'Power Slash', 'Rakukaja']
['Cruel Attack', 'Rakukaja', 'Gale Slash', 'Cleave', 'Power Slash']
['Auto-Sukukaja', 'Sharp Student', 'High Counter', 'Cleave', 'Dodge Ice']
['Cleave', 'Twin Shot', 'Sharp Student', 'Power Slash', 'Spell Master']
['Gale Slash', 'Auto-Sukukaja', 'Dodge Ice', 'Spell Master', 'Cleave']
['Sharp Student', 'Gale Slash', 'Twin Shot', 'Auto-Sukukaja', 'Evade Wind']
['Evade Wind', 'High Counter', 'Cleave', 'Dodge Ice', 'Sukukaja']
['High Counter', 'Auto-Sukukaja', 'Sharp Student', 'Cleave', 'Twin Shot']
['Spell Master', 'Gale Slash', 'Cruel Attack', 'Evade Wind', 'Cleave']
['Power Slash', 'Cleave', 'Gale Slash', 'Rakukaja', 'Dodge Ice']
['Auto-Sukukaja', 'Gale Slash', 'Spell Master', 'Sharp Student', 'Cruel Attack']
['Rakukaja', 'Power Slash', 'Brave Blade', 'Cleave', 'Dodge Ice']
['Evade Wind', 'Sharp Student', 'Cleave', 'Sukukaja', 'Victory Cry']
['Brave Blade', 'Cleave', 'Power Slash', 'Auto-Sukukaja', 'Mighty Swing']
['Spell Master', 'Power Slash', 'Cleave', 'Sharp Student', 'Twin Shot']
['Evade Wind', 'Sharp Student', 'Power Slash', 'Mighty Swing', 'Gale Slash']
['Spell Master', 'Auto-Sukukaja', 'Gale Slash', 'Cleave', 'Rakukaja']
['Sharp Student', 'Dodge Ice', 'Power Slash', 'High Counter', 'Cleave']
['Cleave', 'High Counter', 'Sharp Student', 'Power Slash', 'Twin Shot']
['Gale Slash', 'Dodge Ice', 'High Counter', 'Auto-Sukukaja', 'Sukukaja']
['Cleave', 'Cruel Attack', 'Gale Slash', 'Mighty Swing', 'Power Slash']
['Cleave', 'Power Slash', 'Sharp Student', 'Cruel Attack', 'Twin Shot']
['Gale Slash', 'Sukukaja', 'Mighty Swing', 'Dodge Ice', 'Sharp Student']
['Cleave', 'Spell Master', 'Megidolaon', 'Rakunda', 'Gale Slash']
['Evade Wind', 'Rakunda', 'Twin Shot', 'Dodge Ice', 'Spell Master']
['Victory Cry', 'Cleave', 'Dodge Ice', 'Gale Slash', 'Evade Wind']
['Power Slash', 'Dodge Ice', 'Gale Slash', 'Cruel Attack', 'Auto-Sukukaja']
['Twin Shot', 'Brave Blade', 'Gale Slash', 'Cleave', 'Power Slash']
['Power Slash', 'Spell Master', 'Victory Cry', 'Mighty Swing', 'Cleave']
['Cleave', 'Gale Slash', 'Power Slash', 'Cruel Attack', 'Mighty Swing']
['Evade Wind', 'Makarakarn', 'Brave Blade', 'Cleave', 'Gale Slash']
['Twin Shot', 'Revolution', 'Cruel Attack', 'Spell Master', 'Rakukaja']
['Sharp Student', 'Rakunda', 'Sukukaja', 'Gale Slash', 'Cruel Attack']
['Cleave', 'Sukukaja', 'Cruel Attack', 'Gale Slash', 'Mighty Swing']
['Cleave', 'Twin Shot', 'Power Slash', 'Dodge Ice', 'Evade Wind']
['Mighty Swing', 'Gale Slash', 'Victory Cry', 'Cleave', 'Twin Shot']
['Cruel Attack', 'Cleave', 'Gale Slash', 'Power Slash', 'Mighty Swing']
['Dodge Ice', 'Mighty Swing', 'Twin Shot', 'Cleave', 'Auto-Sukukaja']
['Cleave', 'High Counter', 'Gale Slash', 'Evade Wind', 'Sharp Student']
['Cleave', 'Cruel Attack', 'Power Slash', 'Rakukaja', 'Auto-Sukukaja']
['Cleave', 'Evade Wind', 'Auto-Sukukaja', 'Twin Shot', 'High Counter']
['Auto-Sukukaja', 'Brave Blade', 'Evade Wind', 'Dodge Ice', 'Rakunda']
['Dodge Ice', 'Mighty Swing', 'Gale Slash', 'Cleave', 'Power Slash']
['Auto-Sukukaja', 'Dodge Ice', 'Power Slash', 'Revolution', 'Gale Slash']
['Cleave', 'Revolution', 'Auto-Sukukaja', 'Evade Wind', 'Dodge Ice']
['Cruel Attack', 'Power Slash', 'Brave Blade', 'Dodge Ice', 'Cleave']
['Cleave', 'Rakukaja', 'Power Slash', 'Spell Master', 'Auto-Sukukaja']
['Auto-Sukukaja', 'Cleave', 'Victory Cry', 'Evade Wind', 'Mighty Swing']
['Cleave', 'Dodge Ice', 'Power Slash', 'Rakukaja', 'Cruel Attack']
['Brave Blade', 'Power Slash', 'Spell Master', 'Gale Slash', 'Sharp Student']
['Cleave', 'Power Slash', 'Auto-Sukukaja', 'Revolution', 'Evade Wind']
['Gale Slash', 'Auto-Sukukaja', 'Victory Cry', 'Sharp Student', 'High Counter']
['Auto-Sukukaja', 'Gale Slash', 'Evade Wind', 'Sharp Student', 'Revolution']
['Cruel Attack', 'Rakukaja', 'Cleave', 'Power Slash', 'Rakunda']
['Mighty Swing', 'Cleave', 'Rakukaja', 'Auto-Sukukaja', 'Cruel Attack']
['Power Slash', 'Cleave', 'Rakukaja', 'Sharp Student', 'Victory Cry']
['Power Slash', 'Twin Shot', 'Evade Wind', 'Gale Slash', 'Auto-Sukukaja']
['Evade Wind', 'Twin Shot', 'Revolution', 'Dodge Ice', 'Auto-Sukukaja']
['Dodge Ice', 'Evade Wind', 'Sukukaja', 'Cleave', 'Mighty Swing']
['Power Slash', 'Spell Master', 'Sharp Student', 'Auto-Sukukaja', 'Dodge Ice']
['Auto-Sukukaja', 'Power Slash', 'Cleave', 'Victory Cry', 'Evade Wind']
['Gale Slash', 'Victory Cry', 'Sharp Student', 'Cleave', 'Brave Blade']
['Gale Slash', 'Cruel Attack', 'Mighty Swing', 'Cleave', 'Rakukaja']
['High Counter', 'Cleave', 'Twin Shot', 'Power Slash', 'Revolution']
['Gale Slash', 'Cruel Attack', 'Power Slash', 'Dodge Ice', 'Cleave']
['Cleave', 'Gale Slash', 'Rakukaja', 'Auto-Sukukaja', 'Evade Wind']
['Twin Shot', 'Sharp Student', 'Brave Blade', 'Evade Wind', 'Power Slash']
['Sukukaja', 'Evade Wind', 'Cleave', 'Power Slash', 'Sharp Student']
['Cleave', 'Power Slash', 'Twin Shot', 'Cruel Attack', 'Evade Wind']
['Cleave', 'Dodge Ice', 'Power Slash', 'Sharp Student', 'Victory Cry']
['Brave Blade', 'Mighty Swing', 'Cleave', 'High Counter', 'Power Slash']
['Cleave', 'Power Slash', 'High Counter', 'Gale Slash', 'Brave Blade']
['High Counter', 'Cleave', 'Power Slash', 'Victory Cry', 'Sharp Student']
['Sukukaja', 'Evade Wind', 'Auto-Sukukaja', 'Twin Shot', 'Power Slash']
['Mighty Swing', 'Cleave', 'Victory Cry', 'Gale Slash', 'Rakunda']
['Evade Wind', 'Cleave', 'Mighty Swing', 'Twin Shot', 'Auto-Sukukaja']
['Evade Wind', 'Auto-Sukukaja', 'Gale Slash', 'Brave Blade', 'High Counter']
['High Counter', 'Power Slash', 'Gale Slash', 'Cleave', 'Auto-Sukukaja']
['Sharp Student', 'Gale Slash', 'Rakunda', 'Cleave', 'Dodge Ice']
['Cleave', 'Evade Wind', 'Sharp Student', 'Gale Slash', 'Rakunda']
['Brave Blade', 'Power Slash', 'Evade Wind', 'Dodge Ice', 'Rakunda']
['High Counter', 'Cleave', 'Revolution', 'Auto-Sukukaja', 'Cruel Attack']
['Cleave', 'Sukukaja', 'Rakunda', 'Power Slash', 'Auto-Sukukaja']
['Evade Wind', 'Gale Slash', 'Dodge Ice', 'Mighty Swing', 'Cleave']
['Sharp Student', 'Power Slash', 'Cruel Attack', 'Cleave', 'High Counter']
['Cleave', 'Power Slash', 'Auto-Sukukaja', 'Dodge Ice', 'Sharp Student']
['Revolution', 'Auto-Sukukaja', 'Brave Blade', 'Cruel Attack', 'Sharp Student']
['Spell Master', 'Cleave', 'Twin Shot', 'Cruel Attack', 'Sharp Student']
['Cleave', 'Cruel Attack', 'Sukukaja', 'Gale Slash', 'Victory Cry']
['Cleave', 'Mighty Swing', 'Dodge Ice', 'Cruel Attack', 'Power Slash']
['Cleave', 'Auto-Sukukaja', 'High Counter', 'Power Slash', 'Dodge Ice']
['Revolution', 'Power Slash', 'Cruel Attack', 'Megidolaon', 'Auto-Sukukaja']
['Twin Shot', 'Auto-Sukukaja', 'Power Slash', 'Cruel Attack', 'High Counter']
['Gale Slash', 'Power Slash', 'Cleave', 'Auto-Sukukaja', 'Twin Shot']
['Rakunda', 'Power Slash', 'Victory Cry', 'Cleave', 'Sharp Student']
['Cruel Attack', 'Victory Cry', 'Revolution', 'Gale Slash', 'High Counter']
['High Counter', 'Gale Slash', 'Twin Shot', 'Auto-Sukukaja', 'Mighty Swing']
['Twin Shot', 'Gale Slash', 'High Counter', 'Power Slash', 'Rakunda']
['Power Slash', 'Dodge Ice', 'Sharp Student', 'Cleave', 'Mighty Swing']
['High Counter', 'Cleave', 'Power Slash', 'Gale Slash', 'Auto-Sukukaja']
['Cleave', 'Brave Blade', 'Dodge Ice', 'Sharp Student', 'Auto-Sukukaja']
['Dodge Ice', 'Rakunda', 'Sukukaja', 'Cleave', 'Auto-Sukukaja']
['Dodge Ice', 'Power Slash', 'Auto-Sukukaja', 'Brave Blade', 'Twin Shot']
['Sharp Student', 'Gale Slash', 'Cleave', 'Power Slash', 'High Counter']
['Cleave', 'Twin Shot', 'Evade Wind', 'Power Slash', 'Sharp Student']
['Power Slash', 'Sharp Student', 'Cleave', 'Rakunda', 'Twin Shot']
['Cleave', 'Cruel Attack', 'Rakunda', 'Sharp Student', 'Power Slash']
['Mighty Swing', 'Cleave', 'Sharp Student', 'Brave Blade', 'Auto-Sukukaja']
['Sharp Student', 'Mighty Swing', 'Dodge Ice', 'Twin Shot', 'Sukukaja']
['Evade Wind', 'Brave Blade', 'Twin Shot', 'Makarakarn', 'Megidolaon']
['Twin Shot', 'Cleave', 'Auto-Sukukaja', 'Revolution', 'Mighty Swing']
['Gale Slash', 'Spell Master', 'Sharp Student', 'Cleave', 'Cruel Attack']
['Power Slash', 'Evade Wind', 'Twin Shot', 'Auto-Sukukaja', 'Sukukaja']
['Dodge Ice', 'High Counter', 'Cleave', 'Sharp Student', 'Auto-Sukukaja']
['Cruel Attack', 'Victory Cry', 'Dodge Ice', 'Auto-Sukukaja', 'Cleave']
['Cleave', 'Mighty Swing', 'Evade Wind', 'Rakunda', 'Dodge Ice']
['Dodge Ice', 'Power Slash', 'Cleave', 'Brave Blade', 'Twin Shot']
['Auto-Sukukaja', 'Gale Slash', 'Twin Shot', 'Cleave', 'Victory Cry']
['Cleave', 'Sharp Student', 'Power Slash', 'Dodge Ice', 'Auto-Sukukaja']
['Cleave', 'Gale Slash', 'Power Slash', 'Sharp Student', 'Auto-Sukukaja']
['Twin Shot', 'Cruel Attack', 'Victory Cry', 'Dodge Ice', 'Cleave']
['Cleave', 'Brave Blade', 'Mighty Swing', 'Evade Wind', 'Power Slash']
['Brave Blade', 'Gale Slash', 'Sharp Student', 'Cleave', 'Power Slash']
['Cleave', 'Evade Wind', 'Cruel Attack', 'Sharp Student', 'Power Slash']
['Power Slash', 'Cruel Attack', 'Cleave', 'Sharp Student', 'Evade Wind']
['Dodge Ice', 'Sharp Student', 'Cleave', 'Rakunda', 'Makarakarn']
['Sharp Student', 'Mighty Swing', 'Twin Shot', 'Cleave', 'Gale Slash']
['Mighty Swing', 'Cleave', 'Sharp Student', 'Cruel Attack', 'Revolution']
['Power Slash', 'Gale Slash', 'Cleave', 'Dodge Ice', 'Auto-Sukukaja']
['Twin Shot', 'Cleave', 'Auto-Sukukaja', 'Sharp Student', 'Evade Wind']
['Gale Slash', 'Cleave', 'Megidolaon', 'Mighty Swing', 'Rakunda']
['Auto-Sukukaja', 'High Counter', 'Rakunda', 'Mighty Swing', 'Sukukaja']
['Cleave', 'High Counter', 'Rakunda', 'Brave Blade', 'Sukukaja']
['Auto-Sukukaja', 'Cleave', 'Rakunda', 'Mighty Swing', 'Megidolaon']
['Dodge Ice', 'Mighty Swing', 'Cleave', 'Sukukaja', 'Auto-Sukukaja']
['Evade Wind', 'Cleave', 'Auto-Sukukaja', 'Sukukaja', 'Sharp Student']
['Cruel Attack', 'Evade Wind', 'Twin Shot', 'Mighty Swing', 'Dodge Ice']
['Cruel Attack', 'Twin Shot', 'Power Slash', 'High Counter', 'Spell Master']
['Cleave', 'Sukukaja', 'High Counter', 'Revolution', 'Dodge Ice']
['Cruel Attack', 'Power Slash', 'Auto-Sukukaja', 'Cleave', 'Rakunda']
['Evade Wind', 'Power Slash', 'Cleave', 'Mighty Swing', 'Makarakarn']
['Rakunda', 'Gale Slash', 'Sharp Student', 'Twin Shot', 'Cleave']
['Mighty Swing', 'Cleave', 'Sharp Student', 'Power Slash', 'Twin Shot']
['Power Slash', 'Gale Slash', 'Cleave', 'Brave Blade', 'Evade Wind']
['Evade Wind', 'Brave Blade', 'Rakunda', 'Auto-Sukukaja', 'Spell Master']
['Twin Shot', 'Power Slash', 'Rakukaja', 'Cruel Attack', 'Cleave']
['Sharp Student', 'Cruel Attack', 'Twin Shot', 'Dodge Ice', 'Brave Blade']
['Twin Shot', 'High Counter', 'Mighty Swing', 'Sharp Student', 'Cleave']
['Dodge Ice', 'Sharp Student', 'Gale Slash', 'Cleave', 'Evade Wind']
['Dodge Ice', 'High Counter', 'Evade Wind', 'Twin Shot', 'Cleave']
['Mighty Swing', 'Sharp Student', 'Evade Wind', 'Power Slash', 'Twin Shot']
['Cleave', 'Twin Shot', 'Cruel Attack', 'Victory Cry', 'Rakukaja']
['Twin Shot', 'Power Slash', 'Cleave', 'Revolution', 'Mighty Swing']
['Victory Cry', 'Gale Slash', 'Twin Shot', 'Power Slash', 'Cleave']
['Evade Wind', 'Gale Slash', 'Cruel Attack', 'High Counter', 'Cleave']
['Dodge Ice', 'Gale Slash', 'Twin Shot', 'Sharp Student', 'Power Slash']
['Victory Cry', 'Power Slash', 'High Counter', 'Auto-Sukukaja', 'Cleave']
['Spell Master', 'Auto-Sukukaja', 'Mighty Swing', 'Cruel Attack', 'Cleave']
['Power Slash', 'Auto-Sukukaja', 'Gale Slash', 'Mighty Swing', 'Brave Blade']
['Cleave', 'Power Slash', 'Spell Master', 'Dodge Ice', 'Cruel Attack']
['Spell Master', 'Twin Shot', 'High Counter', 'Cleave', 'Gale Slash']
['Twin Shot', 'Power Slash', 'Gale Slash', 'Revolution', 'Victory Cry']
['High Counter', 'Auto-Sukukaja', 'Sharp Student', 'Power Slash', 'Mighty Swing']
['Rakukaja', 'Cleave', 'Twin Shot', 'Evade Wind', 'Power Slash']
['Evade Wind', 'Sukukaja', 'Cruel Attack', 'Dodge Ice', 'Gale Slash']
['Brave Blade', 'Cleave', 'Power Slash', 'Auto-Sukukaja', 'Cruel Attack']
['Brave Blade', 'Mighty Swing', 'Cleave', 'Twin Shot', 'Gale Slash']
['Twin Shot', 'Spell Master', 'Cleave', 'High Counter', 'Cruel Attack']
['Cruel Attack', 'Cleave', 'Evade Wind', 'Dodge Ice', 'Victory Cry']
['Victory Cry', 'Cleave', 'Evade Wind', 'Auto-Sukukaja', 'Cruel Attack']
['Rakukaja', 'Cleave', 'Sharp Student', 'Gale Slash', 'High Counter']
['Gale Slash', 'Dodge Ice', 'Evade Wind', 'Twin Shot', 'Rakunda']
['Dodge Ice', 'Mighty Swing', 'Cleave', 'Rakukaja', 'Auto-Sukukaja']
['Gale Slash', 'Cruel Attack', 'Cleave', 'Auto-Sukukaja', 'Evade Wind']
['Brave Blade', 'Gale Slash', 'Cleave', 'Power Slash', 'Sharp Student']
['Cruel Attack', 'Power Slash', 'Sharp Student', 'Cleave', 'Mighty Swing']
['Cleave', 'Auto-Sukukaja', 'Power Slash', 'Evade Wind', 'Gale Slash']
['Brave Blade', 'Revolution', 'Megidolaon', 'Auto-Sukukaja', 'Power Slash']
['Auto-Sukukaja', 'Makarakarn', 'Cleave', 'Sharp Student', 'Brave Blade']
['Cleave', 'Gale Slash', 'Evade Wind', 'Brave Blade', 'Power Slash']
['Cleave', 'Gale Slash', 'Auto-Sukukaja', 'Cruel Attack', 'Dodge Ice']
['Rakukaja', 'Power Slash', 'Twin Shot', 'Dodge Ice', 'Spell Master']
['Revolution', 'Evade Wind', 'Sharp Student', 'Cleave', 'Auto-Sukukaja']
['Evade Wind', 'Cleave', 'Power Slash', 'Cruel Attack', 'High Counter']
['Power Slash', 'Cruel Attack', 'Evade Wind', 'Auto-Sukukaja', 'Gale Slash']
['Cleave', 'Auto-Sukukaja', 'High Counter', 'Evade Wind', 'Gale Slash']
['Cleave', 'Power Slash', 'Sharp Student', 'Rakunda', 'Twin Shot']
['Auto-Sukukaja', 'Power Slash', 'Rakunda', 'Brave Blade', 'Mighty Swing']
['Power Slash', 'Mighty Swing', 'Dodge Ice', 'Auto-Sukukaja', 'Gale Slash']
['Gale Slash', 'Cruel Attack', 'High Counter', 'Twin Shot', 'Sharp Student']
['Cleave', 'Dodge Ice', 'Gale Slash', 'Rakunda', 'Auto-Sukukaja']
['Sharp Student', 'Power Slash', 'Cleave', 'Dodge Ice', 'Revolution']
['Auto-Sukukaja', 'Power Slash', 'Mighty Swing', 'Cleave', 'Twin Shot']
['Dodge Ice', 'High Counter', 'Brave Blade', 'Evade Wind', 'Power Slash']
['Power Slash', 'Twin Shot', 'Rakunda', 'Brave Blade', 'Rakukaja']
['Cleave', 'Mighty Swing', 'Dodge Ice', 'Power Slash', 'Twin Shot']
['Power Slash', 'Cleave', 'Evade Wind', 'Dodge Ice', 'Mighty Swing']
['Brave Blade', 'Twin Shot', 'Cleave', 'Power Slash', 'Cruel Attack']
['Cleave', 'Auto-Sukukaja', 'Sharp Student', 'Spell Master', 'Gale Slash']
['Dodge Ice', 'Mighty Swing', 'Rakunda', 'Cleave', 'Sharp Student']
['Evade Wind', 'Twin Shot', 'Cleave', 'Auto-Sukukaja', 'Power Slash']
['Auto-Sukukaja', 'Sharp Student', 'Cleave', 'Gale Slash', 'Cruel Attack']
['Spell Master', 'High Counter', 'Power Slash', 'Rakunda', 'Cleave']
['Sharp Student', 'Cleave', 'Power Slash', 'Gale Slash', 'Mighty Swing']
['High Counter', 'Cleave', 'Auto-Sukukaja', 'Evade Wind', 'Sharp Student']
['Sukukaja', 'Cleave', 'Twin Shot', 'Spell Master', 'Auto-Sukukaja']
['Dodge Ice', 'Spell Master', 'Evade Wind', 'Cruel Attack', 'Twin Shot']
['High Counter', 'Cleave', 'Sharp Student', 'Cruel Attack', 'Dodge Ice']
['Power Slash', 'Gale Slash', 'Victory Cry', 'Cleave', 'Mighty Swing']
['Cleave', 'Auto-Sukukaja', 'Gale Slash', 'Rakukaja', 'Power Slash']
['Cruel Attack', 'Victory Cry', 'Cleave', 'Gale Slash', 'Rakukaja']
['Auto-Sukukaja', 'Cleave', 'High Counter', 'Sharp Student', 'Power Slash']
['Brave Blade', 'High Counter', 'Dodge Ice', 'Twin Shot', 'Sharp Student']
['Cleave', 'Auto-Sukukaja', 'Brave Blade', 'Dodge Ice', 'Cruel Attack']
['Dodge Ice', 'Cleave', 'Sharp Student', 'Power Slash', 'Spell Master']
['Sukukaja', 'Rakunda', 'Sharp Student', 'Spell Master', 'Twin Shot']
['Power Slash', 'Dodge Ice', 'Cleave', 'Sharp Student', 'Mighty Swing']
['Cleave', 'Sharp Student', 'Cruel Attack', 'Mighty Swing', 'Dodge Ice']
['High Counter', 'Brave Blade', 'Cleave', 'Auto-Sukukaja', 'Mighty Swing']
['Evade Wind', 'Mighty Swing', 'Cleave', 'Twin Shot', 'Megidolaon']
['Cleave', 'Sharp Student', 'Auto-Sukukaja', 'Evade Wind', 'Power Slash']
['Dodge Ice', 'Cleave', 'Power Slash', 'Twin Shot', 'Gale Slash']
['Mighty Swing', 'Dodge Ice', 'Auto-Sukukaja', 'Evade Wind', 'Cleave']
['Auto-Sukukaja', 'Dodge Ice', 'Victory Cry', 'High Counter', 'Power Slash']
['Gale Slash', 'Mighty Swing', 'High Counter', 'Rakukaja', 'Dodge Ice']
['Cleave', 'Mighty Swing', 'Power Slash', 'Twin Shot', 'Evade Wind']
['Twin Shot', 'Cleave', 'Mighty Swing', 'High Counter', 'Dodge Ice']
['Power Slash', 'Evade Wind', 'Cleave', 'Twin Shot', 'Auto-Sukukaja']
['Evade Wind', 'High Counter', 'Mighty Swing', 'Twin Shot', 'Gale Slash']
['Mighty Swing', 'Twin Shot', 'Spell Master', 'Revolution', 'Cleave']
['Cleave', 'Auto-Sukukaja', 'Rakunda', 'Evade Wind', 'Power Slash']
['High Counter', 'Revolution', 'Gale Slash', 'Cleave', 'Evade Wind']
['Mighty Swing', 'Gale Slash', 'Cleave', 'Cruel Attack', 'Power Slash']
['Twin Shot', 'Cruel Attack', 'Gale Slash', 'Evade Wind', 'Dodge Ice']
['Evade Wind', 'Power Slash', 'Cleave', 'Dodge Ice', 'Brave Blade']
['Victory Cry', 'High Counter', 'Gale Slash', 'Cleave', 'Mighty Swing']
['Auto-Sukukaja', 'Twin Shot', 'Power Slash', 'Cleave', 'Sharp Student']
['Cleave', 'Cruel Attack', 'Mighty Swing', 'Victory Cry', 'Gale Slash']
['Twin Shot', 'Cleave', 'Auto-Sukukaja', 'Gale Slash', 'Revolution']
['Brave Blade', 'Dodge Ice', 'Power Slash', 'Cleave', 'High Counter']
['Cleave', 'Spell Master', 'Megidolaon', 'Mighty Swing', 'High Counter']
['Mighty Swing', 'Evade Wind', 'Sharp Student', 'Twin Shot', 'Cleave']
['Gale Slash', 'Evade Wind', 'Cleave', 'Spell Master', 'Power Slash']
['Power Slash', 'Cleave', 'Gale Slash', 'Sharp Student', 'Mighty Swing']
['Cleave', 'Cruel Attack', 'Auto-Sukukaja', 'Victory Cry', 'Mighty Swing']
['Mighty Swing', 'Evade Wind', 'Cleave', 'Auto-Sukukaja', 'High Counter']
['Victory Cry', 'Gale Slash', 'Spell Master', 'Cruel Attack', 'Sharp Student']
['Gale Slash', 'Power Slash', 'Makarakarn', 'Cleave', 'Auto-Sukukaja']
['Power Slash', 'Dodge Ice', 'High Counter', 'Gale Slash', 'Revolution']
['High Counter', 'Evade Wind', 'Dodge Ice', 'Auto-Sukukaja', 'Gale Slash']
['Power Slash', 'Dodge Ice', 'Sukukaja', 'Gale Slash', 'Cleave']
['High Counter', 'Brave Blade', 'Gale Slash', 'Rakukaja', 'Cleave']
['Sharp Student', 'Revolution', 'Rakukaja', 'Gale Slash', 'Auto-Sukukaja']
['Power Slash', 'Mighty Swing', 'Dodge Ice', 'Cleave', 'Twin Shot']
['Sharp Student', 'Cleave', 'Auto-Sukukaja', 'Evade Wind', 'Twin Shot']
['Auto-Sukukaja', 'Power Slash', 'Cleave', 'Evade Wind', 'Sukukaja']
['Evade Wind', 'Brave Blade', 'Dodge Ice', 'Spell Master', 'Victory Cry']
['Gale Slash', 'Evade Wind', 'High Counter', 'Cruel Attack', 'Cleave']
['Brave Blade', 'Twin Shot', 'Power Slash', 'Cleave', 'Sharp Student']
['Rakunda', 'Power Slash', 'Cleave', 'Twin Shot', 'Sharp Student']
['Dodge Ice', 'Gale Slash', 'Twin Shot', 'Cleave', 'Mighty Swing']
['Rakunda', 'Gale Slash', 'Power Slash', 'Evade Wind', 'Auto-Sukukaja']
['Twin Shot', 'Rakukaja', 'Evade Wind', 'Auto-Sukukaja', 'Gale Slash']
['Twin Shot', 'Cleave', 'Brave Blade', 'Gale Slash', 'Power Slash']
['Twin Shot', 'Cleave', 'Auto-Sukukaja', 'Evade Wind', 'Victory Cry']
['Power Slash', 'Cleave', 'Brave Blade', 'Sharp Student', 'Rakukaja']
['Megidolaon', 'Auto-Sukukaja', 'Sukukaja', 'Cleave', 'Evade Wind']
['Gale Slash', 'Cleave', 'Sharp Student', 'High Counter', 'Rakunda']
['Mighty Swing', 'Twin Shot', 'Cleave', 'High Counter', 'Sharp Student']
['Twin Shot', 'Mighty Swing', 'Power Slash', 'Dodge Ice', 'Cruel Attack']
['Cleave', 'Power Slash', 'Cruel Attack', 'Auto-Sukukaja', 'Rakunda']
['Cleave', 'Power Slash', 'Sharp Student', 'High Counter', 'Victory Cry']
['Cleave', 'Sharp Student', 'Revolution', 'Gale Slash', 'Auto-Sukukaja']
['Gale Slash', 'Dodge Ice', 'Cruel Attack', 'Sharp Student', 'Twin Shot']
['Mighty Swing', 'Auto-Sukukaja', 'Cleave', 'Power Slash', 'High Counter']
['Power Slash', 'Cleave', 'Gale Slash', 'Dodge Ice', 'Auto-Sukukaja']
['Revolution', 'Evade Wind', 'Mighty Swing', 'Cruel Attack', 'Cleave']
['Cleave', 'Dodge Ice', 'Cruel Attack', 'Brave Blade', 'Auto-Sukukaja']
['Power Slash', 'Twin Shot', 'Dodge Ice', 'High Counter', 'Mighty Swing']
['Cruel Attack', 'Dodge Ice', 'Twin Shot', 'Gale Slash', 'Revolution']
['Twin Shot', 'Dodge Ice', 'Makarakarn', 'Power Slash', 'Cleave']
['Dodge Ice', 'Gale Slash', 'Brave Blade', 'Cleave', 'Mighty Swing']
['High Counter', 'Dodge Ice', 'Power Slash', 'Twin Shot', 'Victory Cry']
['Sharp Student', 'Twin Shot', 'Evade Wind', 'Brave Blade', 'Cleave']
['Cruel Attack', 'Cleave', 'Sharp Student', 'Twin Shot', 'Auto-Sukukaja']
['Mighty Swing', 'Auto-Sukukaja', 'Dodge Ice', 'Rakukaja', 'Cleave']
['Evade Wind', 'Power Slash', 'Cleave', 'Victory Cry', 'Twin Shot']
['Power Slash', 'Sukukaja', 'Spell Master', 'Cleave', 'Evade Wind']
['Cleave', 'Twin Shot', 'Power Slash', 'High Counter', 'Auto-Sukukaja']
['Cleave', 'Rakukaja', 'Megidolaon', 'Power Slash', 'Dodge Ice']
['Cleave', 'Gale Slash', 'Power Slash', 'Dodge Ice', 'Rakunda']
['Dodge Ice', 'Evade Wind', 'Sukukaja', 'Cruel Attack', 'Megidolaon']
['Dodge Ice', 'Auto-Sukukaja', 'Cleave', 'Evade Wind', 'High Counter']
['Gale Slash', 'Auto-Sukukaja', 'Cleave', 'Rakunda', 'Evade Wind']
['Gale Slash', 'Cleave', 'Auto-Sukukaja', 'Rakunda', 'Twin Shot']
['Cleave', 'Twin Shot', 'Power Slash', 'Megidolaon', 'Sharp Student']
['Dodge Ice', 'Cleave', 'Power Slash', 'Mighty Swing', 'Twin Shot']
['Gale Slash', 'Power Slash', 'Cleave', 'Dodge Ice', 'Auto-Sukukaja']
['Cleave', 'Sharp Student', 'Auto-Sukukaja', 'Cruel Attack', 'Gale Slash']
['Power Slash', 'Twin Shot', 'Mighty Swing', 'Sharp Student', 'Dodge Ice']
['Cleave', 'Auto-Sukukaja', 'High Counter', 'Power Slash', 'Evade Wind']
['Twin Shot', 'Sukukaja', 'Gale Slash', 'Auto-Sukukaja', 'Spell Master']
['Auto-Sukukaja', 'Mighty Swing', 'Rakunda', 'Dodge Ice', 'Cleave']
['Auto-Sukukaja', 'Dodge Ice', 'Evade Wind', 'High Counter', 'Cleave']
['Cleave', 'Brave Blade', 'Gale Slash', 'Power Slash', 'Evade Wind']
['Mighty Swing', 'Evade Wind', 'Cleave', 'Auto-Sukukaja', 'Sukukaja']
['Sharp Student', 'Gale Slash', 'High Counter', 'Power Slash', 'Twin Shot']
['Mighty Swing', 'Power Slash', 'Auto-Sukukaja', 'Dodge Ice', 'Cruel Attack']
['High Counter', 'Brave Blade', 'Victory Cry', 'Dodge Ice', 'Cleave']
['Gale Slash', 'Cleave', 'Dodge Ice', 'Power Slash', 'Makarakarn']
['Cruel Attack', 'Cleave', 'Mighty Swing', 'Sharp Student', 'Evade Wind']
['High Counter', 'Mighty Swing', 'Cleave', 'Power Slash', 'Sharp Student']
['Auto-Sukukaja', 'Power Slash', 'Sharp Student', 'Cleave', 'Spell Master']
['Rakukaja', 'Auto-Sukukaja', 'Evade Wind', 'Gale Slash', 'Cleave']
['Auto-Sukukaja', 'Power Slash', 'Cruel Attack', 'Twin Shot', 'Sharp Student']
['Evade Wind', 'Victory Cry', 'High Counter', 'Cleave', 'Sharp Student']
['Sharp Student', 'Mighty Swing', 'Cleave', 'Power Slash', 'Twin Shot']
['Auto-Sukukaja', 'Cleave', 'Mighty Swing', 'Evade Wind', 'High Counter']
['Cruel Attack', 'Sharp Student', 'Cleave', 'Mighty Swing', 'Rakunda']
['Dodge Ice', 'Rakunda', 'Power Slash', 'Brave Blade', 'High Counter']
['Brave Blade', 'Gale Slash', 'Evade Wind', 'Cleave', 'Power Slash']
['Auto-Sukukaja', 'Gale Slash', 'Cleave', 'Sharp Student', 'Megidolaon']
['Twin Shot', 'Evade Wind', 'High Counter', 'Cleave', 'Megidolaon']
['Spell Master', 'Power Slash', 'Dodge Ice', 'Cleave', 'Megidolaon']
['Cleave', 'Rakunda', 'Sukukaja', 'Gale Slash', 'Twin Shot']
['Sharp Student', 'Revolution', 'Rakunda', 'Cleave', 'Power Slash']
['Cruel Attack', 'Gale Slash', 'Cleave', 'Megidolaon', 'Dodge Ice']
['Power Slash', 'Gale Slash', 'Spell Master', 'Cleave', 'High Counter']
['Dodge Ice', 'Cruel Attack', 'Gale Slash', 'Auto-Sukukaja', 'Power Slash']
['Mighty Swing', 'Twin Shot', 'High Counter', 'Makarakarn', 'Power Slash']
['Dodge Ice', 'Sharp Student', 'Power Slash', 'Cleave', 'Twin Shot']
['Cruel Attack', 'Auto-Sukukaja', 'Mighty Swing', 'Cleave', 'Sharp Student']
['Cleave', 'Sukukaja', 'Sharp Student', 'Auto-Sukukaja', 'Twin Shot']
['Spell Master', 'Rakunda', 'Cruel Attack', 'Dodge Ice', 'Sharp Student']
['Gale Slash', 'Auto-Sukukaja', 'Rakunda', 'Twin Shot', 'Spell Master']
['Power Slash', 'Cleave', 'Sharp Student', 'Cruel Attack', 'High Counter']
['Cleave', 'Twin Shot', 'Dodge Ice', 'Cruel Attack', 'High Counter']
['Twin Shot', 'Cleave', 'Gale Slash', 'Power Slash', 'Sukukaja']
['Power Slash', 'Cleave', 'Sukukaja', 'Cruel Attack', 'Auto-Sukukaja']
['Victory Cry', 'Cleave', 'Dodge Ice', 'Gale Slash', 'Spell Master']
['Sharp Student', 'Power Slash', 'Cleave', 'Auto-Sukukaja', 'Gale Slash']
['Cleave', 'Sharp Student', 'Dodge Ice', 'Mighty Swing', 'Evade Wind']
['Mighty Swing', 'Auto-Sukukaja', 'Cleave', 'Evade Wind', 'Sukukaja']
['Dodge Ice', 'Cruel Attack', 'Victory Cry', 'Cleave', 'Gale Slash']
['Cleave', 'Mighty Swing', 'Power Slash', 'Gale Slash', 'Sukukaja']
['Dodge Ice', 'Twin Shot', 'Sharp Student', 'Cleave', 'Power Slash']
['Twin Shot', 'Cleave', 'Power Slash', 'Gale Slash', 'Dodge Ice']
['Twin Shot', 'High Counter', 'Sharp Student', 'Gale Slash', 'Cleave']
['Cruel Attack', 'Cleave', 'Mighty Swing', 'Sharp Student', 'Revolution']
['Evade Wind', 'Cleave', 'Mighty Swing', 'Cruel Attack', 'Gale Slash']
['Rakukaja', 'Gale Slash', 'High Counter', 'Cleave', 'Mighty Swing']
['Auto-Sukukaja', 'Power Slash', 'Cruel Attack', 'High Counter', 'Twin Shot']
['High Counter', 'Cleave', 'Rakunda', 'Sukukaja', 'Dodge Ice']
['Auto-Sukukaja', 'Victory Cry', 'Cleave', 'Cruel Attack', 'Evade Wind']
['Cleave', 'Evade Wind', 'Mighty Swing', 'Cruel Attack', 'Dodge Ice']
['Twin Shot', 'Cleave', 'Power Slash', 'Dodge Ice', 'Mighty Swing']
['Cleave', 'Auto-Sukukaja', 'Power Slash', 'Twin Shot', 'Sharp Student']
['Cleave', 'Revolution', 'Megidolaon', 'Mighty Swing', 'Auto-Sukukaja']
['Twin Shot', 'Cleave', 'Auto-Sukukaja', 'Rakunda', 'Dodge Ice']
['Cleave', 'Gale Slash', 'Dodge Ice', 'Cruel Attack', 'Power Slash']
['Power Slash', 'High Counter', 'Brave Blade', 'Evade Wind', 'Cleave']
['Cleave', 'Power Slash', 'Cruel Attack', 'Rakunda', 'Revolution']
['Sharp Student', 'Cleave', 'Twin Shot', 'Power Slash', 'Dodge Ice']
['Cleave', 'Auto-Sukukaja', 'Power Slash', 'Spell Master', 'Gale Slash']
['Sharp Student', 'High Counter', 'Cleave', 'Auto-Sukukaja', 'Mighty Swing']
['Cleave', 'Power Slash', 'Brave Blade', 'Evade Wind', 'Dodge Ice']
['Auto-Sukukaja', 'Gale Slash', 'Power Slash', 'Dodge Ice', 'High Counter']
['Twin Shot', 'Sharp Student', 'Cleave', 'Mighty Swing', 'Brave Blade']
['Cleave', 'Auto-Sukukaja', 'Twin Shot', 'Evade Wind', 'Rakunda']
['Cleave', 'Victory Cry', 'Power Slash', 'Gale Slash', 'Mighty Swing']
['Mighty Swing', 'Cleave', 'Dodge Ice', 'Sukukaja', 'Twin Shot']
['Dodge Ice', 'Cleave', 'High Counter', 'Rakunda', 'Twin Shot']
['Twin Shot', 'Power Slash', 'Cleave', 'High Counter', 'Cruel Attack']
['Cleave', 'Auto-Sukukaja', 'Power Slash', 'Rakunda', 'Rakukaja']
['Auto-Sukukaja', 'Cleave', 'Cruel Attack', 'Brave Blade', 'Makarakarn']
['Power Slash', 'Evade Wind', 'Mighty Swing', 'Sharp Student', 'Auto-Sukukaja']
['Cleave', 'Sharp Student', 'Spell Master', 'Mighty Swing', 'Auto-Sukukaja']
['Sharp Student', 'Mighty Swing', 'Gale Slash', 'Rakunda', 'Revolution']
['Power Slash', 'Cruel Attack', 'Sharp Student', 'Rakukaja', 'Sukukaja']
['Twin Shot', 'Dodge Ice', 'Sharp Student', 'Gale Slash', 'Mighty Swing']
['Cleave', 'Mighty Swing', 'High Counter', 'Twin Shot', 'Rakunda']
['Twin Shot', 'Cleave', 'Victory Cry', 'Auto-Sukukaja', 'Sharp Student']
['Cruel Attack', 'Rakukaja', 'Sharp Student', 'Dodge Ice', 'Cleave']
['Power Slash', 'Auto-Sukukaja', 'Sharp Student', 'Cleave', 'Dodge Ice']
['Twin Shot', 'Auto-Sukukaja', 'Gale Slash', 'Power Slash', 'Revolution']
['Brave Blade', 'Cleave', 'Auto-Sukukaja', 'Sharp Student', 'Gale Slash']
['Mighty Swing', 'Cleave', 'Dodge Ice', 'Evade Wind', 'Power Slash']
['Spell Master', 'Rakunda', 'Twin Shot', 'Power Slash', 'Cruel Attack']
['Gale Slash', 'Sukukaja', 'Power Slash', 'Sharp Student', 'Twin Shot']
['Spell Master', 'Rakukaja', 'Twin Shot', 'Cleave', 'Power Slash']
['Power Slash', 'Sharp Student', 'Cruel Attack', 'Sukukaja', 'Dodge Ice']
['Auto-Sukukaja', 'High Counter', 'Cruel Attack', 'Power Slash', 'Twin Shot']
['Sharp Student', 'Cleave', 'Revolution', 'Twin Shot', 'Power Slash']
['High Counter', 'Auto-Sukukaja', 'Megidolaon', 'Victory Cry', 'Power Slash']
['Dodge Ice', 'Cleave', 'Mighty Swing', 'Auto-Sukukaja', 'Gale Slash']
['Dodge Ice', 'Gale Slash', 'Sharp Student', 'High Counter', 'Evade Wind']
['Sharp Student', 'Cruel Attack', 'Gale Slash', 'Cleave', 'Auto-Sukukaja']
['Cleave', 'Power Slash', 'Gale Slash', 'Twin Shot', 'Auto-Sukukaja']
['Auto-Sukukaja', 'Mighty Swing', 'Sharp Student', 'Cleave', 'Power Slash']
['Twin Shot', 'Cleave', 'Dodge Ice', 'Gale Slash', 'Power Slash']
['Auto-Sukukaja', 'Gale Slash', 'Power Slash', 'Victory Cry', 'Cruel Attack']
['Power Slash', 'High Counter', 'Evade Wind', 'Rakukaja', 'Cleave']
['Dodge Ice', 'Cleave', 'Twin Shot', 'Evade Wind', 'Gale Slash']
['Cleave', 'Victory Cry', 'Twin Shot', 'Power Slash', 'Gale Slash']
['Auto-Sukukaja', 'Dodge Ice', 'Mighty Swing', 'Cruel Attack', 'High Counter']
['Cleave', 'Auto-Sukukaja', 'Evade Wind', 'Cruel Attack', 'Mighty Swing']
['Gale Slash', 'Cleave', 'Power Slash', 'Cruel Attack', 'Victory Cry']
['Evade Wind', 'Power Slash', 'Cleave', 'Rakunda', 'Cruel Attack']
['Gale Slash', 'Cruel Attack', 'Power Slash', 'Cleave', 'Twin Shot']
['Cleave', 'Spell Master', 'Sukukaja', 'Gale Slash', 'Auto-Sukukaja']
['Sharp Student', 'Gale Slash', 'Cleave', 'Auto-Sukukaja', 'Power Slash']
['Power Slash', 'Sharp Student', 'Auto-Sukukaja', 'Megidolaon', 'Mighty Swing']
['Auto-Sukukaja', 'Dodge Ice', 'Evade Wind', 'Cruel Attack', 'Cleave']
['Power Slash', 'Sharp Student', 'Cleave', 'Sukukaja', 'Dodge Ice']
['Power Slash', 'High Counter', 'Gale Slash', 'Twin Shot', 'Cleave']
['Cleave', 'Sharp Student', 'Power Slash', 'Auto-Sukukaja', 'Cruel Attack']
['Revolution', 'Twin Shot', 'Power Slash', 'Mighty Swing', 'Cleave']
['Power Slash', 'Sukukaja', 'Auto-Sukukaja', 'Gale Slash', 'Cleave']
['Sharp Student', 'Evade Wind', 'Cleave', 'Power Slash', 'Rakunda']
['Power Slash', 'Cleave', 'Mighty Swing', 'Auto-Sukukaja', 'Evade Wind']
['Auto-Sukukaja', 'Dodge Ice', 'Rakunda', 'Sukukaja', 'Power Slash']
['Sharp Student', 'Gale Slash', 'Mighty Swing', 'Auto-Sukukaja', 'Cruel Attack']
['Spell Master', 'Brave Blade', 'Power Slash', 'Cruel Attack', 'Rakukaja']
['Cleave', 'Dodge Ice', 'Evade Wind', 'Victory Cry', 'Brave Blade']
['Cleave', 'Twin Shot', 'Victory Cry', 'Auto-Sukukaja', 'Power Slash']
['Victory Cry', 'Cleave', 'Dodge Ice', 'Power Slash', 'Rakunda']
['Victory Cry', 'Twin Shot', 'Rakukaja', 'Cleave', 'Revolution']
['Mighty Swing', 'Gale Slash', 'Auto-Sukukaja', 'Cleave', 'Evade Wind']
['Gale Slash', 'Cleave', 'Sharp Student', 'Mighty Swing', 'Rakukaja']
['Auto-Sukukaja', 'Cleave', 'High Counter', 'Power Slash', 'Twin Shot']
['Power Slash', 'Cleave', 'Cruel Attack', 'Sharp Student', 'Brave Blade']
['Cleave', 'Cruel Attack', 'Power Slash', 'Gale Slash', 'High Counter']
['Cleave', 'Power Slash', 'Gale Slash', 'Brave Blade', 'Cruel Attack']
['Rakukaja', 'Auto-Sukukaja', 'Dodge Ice', 'Sharp Student', 'Power Slash']
['Evade Wind', 'Victory Cry', 'Cruel Attack', 'Power Slash', 'Spell Master']
['Cleave', 'Power Slash', 'Rakukaja', 'Twin Shot', 'Dodge Ice']
['Gale Slash', 'Evade Wind', 'Mighty Swing', 'Power Slash', 'Cruel Attack']
['Cruel Attack', 'Cleave', 'Sukukaja', 'Sharp Student', 'Brave Blade']
['Twin Shot', 'Sharp Student', 'Cleave', 'High Counter', 'Sukukaja']
['Sharp Student', 'High Counter', 'Dodge Ice', 'Gale Slash', 'Sukukaja']
['Rakukaja', 'Twin Shot', 'Dodge Ice', 'Power Slash', 'Evade Wind']
['Dodge Ice', 'Evade Wind', 'Cleave', 'Rakukaja', 'Gale Slash']
['Sharp Student', 'Cleave', 'Brave Blade', 'Gale Slash', 'Power Slash']
['Power Slash', 'Spell Master', 'Dodge Ice', 'Sharp Student', 'Mighty Swing']
['Cleave', 'Brave Blade', 'Victory Cry', 'Auto-Sukukaja', 'Power Slash']
['Cleave', 'Mighty Swing', 'Brave Blade', 'Power Slash', 'Sharp Student']
['Dodge Ice', 'High Counter', 'Sharp Student', 'Cleave', 'Evade Wind']
['Power Slash', 'Dodge Ice', 'Mighty Swing', 'Sharp Student', 'Cleave']
['Gale Slash', 'Sharp Student', 'Power Slash', 'Spell Master', 'Cleave']
['Power Slash', 'Gale Slash', 'Cleave', 'Brave Blade', 'Sharp Student']
['Cleave', 'Cruel Attack', 'Gale Slash', 'Dodge Ice', 'Auto-Sukukaja']
['Power Slash', 'Cleave', 'Sharp Student', 'Mighty Swing', 'Sukukaja']
['Brave Blade', 'Power Slash', 'Makarakarn', 'Victory Cry', 'Dodge Ice']
['Dodge Ice', 'Sharp Student', 'Auto-Sukukaja', 'Gale Slash', 'Mighty Swing']
['Cleave', 'Gale Slash', 'Rakukaja', 'Sharp Student', 'High Counter']
['Twin Shot', 'Power Slash', 'Dodge Ice', 'Sharp Student', 'Cleave']
['Power Slash', 'Cleave', 'High Counter', 'Sharp Student', 'Auto-Sukukaja']
['Cleave', 'Cruel Attack', 'Power Slash', 'Mighty Swing', 'Auto-Sukukaja']
['Auto-Sukukaja', 'Cleave', 'Twin Shot', 'Dodge Ice', 'Gale Slash']
['Power Slash', 'Cruel Attack', 'Gale Slash', 'Cleave', 'High Counter']
['Mighty Swing', 'Auto-Sukukaja', 'Brave Blade', 'Evade Wind', 'Rakukaja']
['Sukukaja', 'High Counter', 'Dodge Ice', 'Gale Slash', 'Twin Shot']
['Gale Slash', 'Auto-Sukukaja', 'Sharp Student', 'Twin Shot', 'Dodge Ice']
['Sukukaja', 'Cleave', 'Gale Slash', 'Mighty Swing', 'Twin Shot']
['Brave Blade', 'Cleave', 'Sharp Student', 'Power Slash', 'Spell Master']
['Revolution', 'Gale Slash', 'Cleave', 'Twin Shot', 'Dodge Ice']
['Dodge Ice', 'Power Slash', 'Revolution', 'Sharp Student', 'Cruel Attack']
['Rakukaja', 'Cleave', 'Gale Slash', 'Power Slash', 'High Counter']
['Dodge Ice', 'Twin Shot', 'Auto-Sukukaja', 'Spell Master', 'High Counter']
['Power Slash', 'Cruel Attack', 'Mighty Swing', 'Sharp Student', 'Revolution']
['Brave Blade', 'Dodge Ice', 'Auto-Sukukaja', 'Evade Wind', 'Cleave']
['Auto-Sukukaja', 'High Counter', 'Dodge Ice', 'Spell Master', 'Gale Slash']
['Cruel Attack', 'Dodge Ice', 'Twin Shot', 'Sukukaja', 'Auto-Sukukaja']
['Twin Shot', 'Auto-Sukukaja', 'Rakunda', 'Cleave', 'Sharp Student']
['Mighty Swing', 'Brave Blade', 'Rakunda', 'Power Slash', 'High Counter']
['Cleave', 'Dodge Ice', 'Brave Blade', 'Twin Shot', 'Gale Slash']
['Mighty Swing', 'Gale Slash', 'Cleave', 'Sharp Student', 'Revolution']
['Evade Wind', 'Cruel Attack', 'Cleave', 'Power Slash', 'High Counter']
['Brave Blade', 'Dodge Ice', 'Gale Slash', 'Power Slash', 'Revolution']
['Dodge Ice', 'Sukukaja', 'Sharp Student', 'Evade Wind', 'Brave Blade']
['Cleave', 'High Counter', 'Mighty Swing', 'Cruel Attack', 'Sharp Student']
['Auto-Sukukaja', 'Cleave', 'Cruel Attack', 'Victory Cry', 'Evade Wind']
['Power Slash', 'Cleave', 'Mighty Swing', 'Twin Shot', 'Evade Wind']
['Evade Wind', 'Twin Shot', 'Auto-Sukukaja', 'Cleave', 'Sukukaja']
['Auto-Sukukaja', 'Evade Wind', 'Megidolaon', 'Twin Shot', 'Cruel Attack']
['Evade Wind', 'Twin Shot', 'Cleave', 'Gale Slash', 'Spell Master']
['Cleave', 'High Counter', 'Power Slash', 'Gale Slash', 'Spell Master']
['Cleave', 'Revolution', 'Power Slash', 'Twin Shot', 'Cruel Attack']
['Cleave', 'Brave Blade', 'Power Slash', 'Sukukaja', 'Sharp Student']
['Dodge Ice', 'Cleave', 'Sharp Student', 'Twin Shot', 'Cruel Attack']
['Cleave', 'Gale Slash', 'Evade Wind', 'Auto-Sukukaja', 'Cruel Attack']
['High Counter', 'Sharp Student', 'Dodge Ice', 'Cleave', 'Mighty Swing']
['Dodge Ice', 'Twin Shot', 'Sharp Student', 'Cleave', 'Cruel Attack']
['Cruel Attack', 'Twin Shot', 'High Counter', 'Rakukaja', 'Evade Wind']
['High Counter', 'Sharp Student', 'Cleave', 'Gale Slash', 'Auto-Sukukaja']
['Cleave', 'Spell Master', 'Dodge Ice', 'Evade Wind', 'Sharp Student']
['Sharp Student', 'Cleave', 'Makarakarn', 'Gale Slash', 'Twin Shot']
['Sharp Student', 'Power Slash', 'Cleave', 'Gale Slash', 'Mighty Swing']
['Sharp Student', 'Twin Shot', 'Evade Wind', 'Cleave', 'Rakunda']
['Cleave', 'Power Slash', 'Gale Slash', 'Evade Wind', 'Brave Blade']
['Power Slash', 'Gale Slash', 'Twin Shot', 'Dodge Ice', 'Sharp Student']
['Cruel Attack', 'Cleave', 'High Counter', 'Sharp Student', 'Evade Wind']
['Gale Slash', 'Evade Wind', 'Dodge Ice', 'Cleave', 'Mighty Swing']
['Twin Shot', 'Dodge Ice', 'Sharp Student', 'Auto-Sukukaja', 'Cruel Attack']
['Rakukaja', 'Revolution', 'Cleave', 'Gale Slash', 'Auto-Sukukaja']
['Power Slash', 'Dodge Ice', 'Cleave', 'Twin Shot', 'Mighty Swing']
['Twin Shot', 'Cleave', 'Rakunda', 'Auto-Sukukaja', 'Gale Slash']
['Brave Blade', 'Cleave', 'Auto-Sukukaja', 'Sharp Student', 'Twin Shot']
['Spell Master', 'Cruel Attack', 'Mighty Swing', 'Dodge Ice', 'Auto-Sukukaja']
['Twin Shot', 'Cleave', 'Mighty Swing', 'Sharp Student', 'Evade Wind']
['Cruel Attack', 'Victory Cry', 'High Counter', 'Power Slash', 'Cleave']
['Brave Blade', 'Gale Slash', 'Cleave', 'Mighty Swing', 'Dodge Ice']
['Mighty Swing', 'Victory Cry', 'Dodge Ice', 'Auto-Sukukaja', 'Makarakarn']
['Sukukaja', 'Rakukaja', 'Gale Slash', 'Power Slash', 'Evade Wind']
['Auto-Sukukaja', 'Gale Slash', 'Dodge Ice', 'Mighty Swing', 'Sharp Student']
['Power Slash', 'Mighty Swing', 'Victory Cry', 'Dodge Ice', 'Sharp Student']
['Cleave', 'Rakunda', 'Power Slash', 'High Counter', 'Brave Blade']
['Cleave', 'Brave Blade', 'Twin Shot', 'Dodge Ice', 'Cruel Attack']
['Cruel Attack', 'Cleave', 'Twin Shot', 'Sharp Student', 'Brave Blade']
['Cruel Attack', 'Power Slash', 'Mighty Swing', 'Sharp Student', 'Cleave']
['Cleave', 'Sukukaja', 'Cruel Attack', 'Gale Slash', 'Brave Blade']
['Cleave', 'Rakukaja', 'Auto-Sukukaja', 'Dodge Ice', 'Twin Shot']
['Cleave', 'Auto-Sukukaja', 'Dodge Ice', 'Twin Shot', 'Sharp Student']
['Gale Slash', 'Auto-Sukukaja', 'Twin Shot', 'Victory Cry', 'Cleave']
['Auto-Sukukaja', 'Revolution', 'Dodge Ice', 'High Counter', 'Cleave']
['Cleave', 'Auto-Sukukaja', 'Dodge Ice', 'Sharp Student', 'Victory Cry']
['Auto-Sukukaja', 'Cleave', 'Power Slash', 'Brave Blade', 'High Counter']
['Revolution', 'Evade Wind', 'Power Slash', 'Cruel Attack', 'Cleave']
['Cleave', 'Rakunda', 'Twin Shot', 'Dodge Ice', 'Mighty Swing']
['Spell Master', 'Auto-Sukukaja', 'Power Slash', 'Cruel Attack', 'Cleave']
['Gale Slash', 'Rakunda', 'Evade Wind', 'Cleave', 'Auto-Sukukaja']
['Cleave', 'Sukukaja', 'Auto-Sukukaja', 'Power Slash', 'Rakunda']
['Gale Slash', 'Cleave', 'Cruel Attack', 'Sukukaja', 'Megidolaon']
['Revolution', 'Cleave', 'Power Slash', 'Auto-Sukukaja', 'Gale Slash']
['Gale Slash', 'Cleave', 'Evade Wind', 'Sharp Student', 'Mighty Swing']
['Power Slash', 'Rakunda', 'Twin Shot', 'Cleave', 'Auto-Sukukaja']
['Evade Wind', 'Cleave', 'Cruel Attack', 'Brave Blade', 'Victory Cry']
['Gale Slash', 'Revolution', 'Mighty Swing', 'Dodge Ice', 'Cleave']
['Gale Slash', 'Sharp Student', 'Twin Shot', 'Dodge Ice', 'Revolution']
['Cleave', 'Power Slash', 'Cruel Attack', 'Mighty Swing', 'Evade Wind']
['Spell Master', 'Gale Slash', 'Cleave', 'Dodge Ice', 'Evade Wind']
['Power Slash', 'Evade Wind', 'Cleave', 'Sharp Student', 'Cruel Attack']
['Evade Wind', 'Spell Master', 'Gale Slash', 'Dodge Ice', 'Sharp Student']
['Brave Blade', 'Power Slash', 'Mighty Swing', 'Cleave', 'Dodge Ice']
['Cleave', 'High Counter', 'Auto-Sukukaja', 'Cruel Attack', 'Spell Master']
['Cruel Attack', 'Cleave', 'Brave Blade', 'Revolution', 'Victory Cry']
['Sharp Student', 'Power Slash', 'Spell Master', 'Dodge Ice', 'Gale Slash']
['Makarakarn', 'Cleave', 'Power Slash', 'Evade Wind', 'Rakunda']
['Cleave', 'Brave Blade', 'Revolution', 'Gale Slash', 'Mighty Swing']
['Gale Slash', 'High Counter', 'Sharp Student', 'Cleave', 'Brave Blade']
['Twin Shot', 'Auto-Sukukaja', 'Rakukaja', 'Cruel Attack', 'Power Slash']
['Power Slash', 'Cruel Attack', 'Spell Master', 'Gale Slash', 'Cleave']
['High Counter', 'Power Slash', 'Cleave', 'Auto-Sukukaja', 'Rakukaja']
['High Counter', 'Mighty Swing', 'Dodge Ice', 'Evade Wind', 'Gale Slash']
['Power Slash', 'Cleave', 'Sharp Student', 'Twin Shot', 'Gale Slash']
['Rakunda', 'Victory Cry', 'High Counter', 'Sharp Student', 'Gale Slash']
['Victory Cry', 'Power Slash', 'Auto-Sukukaja', 'Sharp Student', 'Cruel Attack']
['Cleave', 'Gale Slash', 'Evade Wind', 'Victory Cry', 'Cruel Attack']
['Gale Slash', 'Auto-Sukukaja', 'Mighty Swing', 'High Counter', 'Rakunda']
['Cleave', 'Mighty Swing', 'Twin Shot', 'Rakunda', 'Rakukaja']
['High Counter', 'Brave Blade', 'Gale Slash', 'Cruel Attack', 'Twin Shot']
['Dodge Ice', 'Cleave', 'Brave Blade', 'Sharp Student', 'Gale Slash']
['Cruel Attack', 'Mighty Swing', 'Evade Wind', 'Sharp Student', 'Cleave']
['Sharp Student', 'Power Slash', 'Cleave', 'Cruel Attack', 'Gale Slash']
['Brave Blade', 'Dodge Ice', 'Mighty Swing', 'Twin Shot', 'Gale Slash']
['Evade Wind', 'Rakukaja', 'Power Slash', 'Cruel Attack', 'Twin Shot']
['High Counter', 'Cleave', 'Evade Wind', 'Sharp Student', 'Twin Shot']
['Power Slash', 'High Counter', 'Cleave', 'Auto-Sukukaja', 'Victory Cry']
['Brave Blade', 'Cleave', 'Gale Slash', 'Makarakarn', 'Mighty Swing']
['Power Slash', 'Gale Slash', 'Sharp Student', 'Spell Master', 'Cleave']
['Cleave', 'Sharp Student', 'Mighty Swing', 'Auto-Sukukaja', 'Dodge Ice']
['Power Slash', 'Auto-Sukukaja', 'Cleave', 'Gale Slash', 'Mighty Swing']
['Victory Cry', 'Mighty Swing', 'Sharp Student', 'Twin Shot', 'Gale Slash']
['Auto-Sukukaja', 'Rakukaja', 'Mighty Swing', 'Cleave', 'Sukukaja']
['Cruel Attack', 'Cleave', 'Sharp Student', 'Power Slash', 'Rakukaja']
['Brave Blade', 'Cleave', 'Auto-Sukukaja', 'Rakunda', 'Power Slash']
['Auto-Sukukaja', 'Cleave', 'Mighty Swing', 'Cruel Attack', 'Victory Cry']
['Twin Shot', 'Evade Wind', 'Power Slash', 'Cleave', 'Dodge Ice']
['Rakukaja', 'Power Slash', 'Cleave', 'High Counter', 'Auto-Sukukaja']
['Cleave', 'Sharp Student', 'Rakukaja', 'Gale Slash', 'Twin Shot']
['Auto-Sukukaja', 'Evade Wind', 'Cleave', 'Dodge Ice', 'Power Slash']
['Brave Blade', 'Rakunda', 'Cleave', 'Evade Wind', 'Power Slash']
['Sharp Student', 'Cleave', 'Gale Slash', 'High Counter', 'Mighty Swing']
['Auto-Sukukaja', 'Power Slash', 'Twin Shot', 'Dodge Ice', 'Cruel Attack']
['Victory Cry', 'Twin Shot', 'Cleave', 'Power Slash', 'Spell Master']
['High Counter', 'Cleave', 'Cruel Attack', 'Twin Shot', 'Evade Wind']
['Auto-Sukukaja', 'Cleave', 'Power Slash', 'Evade Wind', 'Gale Slash']
['Twin Shot', 'Cleave', 'Victory Cry', 'Evade Wind', 'Rakukaja']
['Cleave', 'Victory Cry', 'Dodge Ice', 'Evade Wind', 'Sukukaja']
['Gale Slash', 'Sukukaja', 'Auto-Sukukaja', 'Rakunda', 'Power Slash']
['Power Slash', 'Twin Shot', 'Mighty Swing', 'Cruel Attack', 'Revolution']
['Sharp Student', 'Rakunda', 'Mighty Swing', 'Power Slash', 'Evade Wind']
['Twin Shot', 'Auto-Sukukaja', 'Cleave', 'Mighty Swing', 'Power Slash']
['Cleave', 'Twin Shot', 'Evade Wind', 'Sharp Student', 'Gale Slash']
['Dodge Ice', 'Twin Shot', 'Cruel Attack', 'Cleave', 'Power Slash']
['Evade Wind', 'Dodge Ice', 'Sukukaja', 'Cleave', 'Power Slash']
['Cleave', 'Rakunda', 'Sharp Student', 'Brave Blade', 'Gale Slash']
['High Counter', 'Power Slash', 'Cleave', 'Rakunda', 'Evade Wind']
['Cleave', 'Power Slash', 'Gale Slash', 'Auto-Sukukaja', 'Spell Master']
['Cruel Attack', 'Revolution', 'Dodge Ice', 'Auto-Sukukaja', 'Mighty Swing']
['Dodge Ice', 'Cleave', 'Cruel Attack', 'Rakunda', 'Power Slash']
['Auto-Sukukaja', 'Cleave', 'Twin Shot', 'Sukukaja', 'High Counter']
['Cleave', 'High Counter', 'Power Slash', 'Mighty Swing', 'Gale Slash']
['Sukukaja', 'Brave Blade', 'Evade Wind', 'Cleave', 'Twin Shot']
['Brave Blade', 'Power Slash', 'Sharp Student', 'Cleave', 'Auto-Sukukaja']
['Cleave', 'Rakukaja', 'Twin Shot', 'Rakunda', 'Gale Slash']
['Rakukaja', 'Evade Wind', 'Cleave', 'Sharp Student', 'Mighty Swing']
['Power Slash', 'Cleave', 'Auto-Sukukaja', 'Evade Wind', 'Sharp Student']
['Power Slash', 'Cleave', 'Dodge Ice', 'Twin Shot', 'Auto-Sukukaja']
['Cleave', 'Twin Shot', 'Dodge Ice', 'Gale Slash', 'Sharp Student']
['Power Slash', 'Makarakarn', 'Cleave', 'Gale Slash', 'Auto-Sukukaja']
['Gale Slash', 'Dodge Ice', 'Sharp Student', 'Power Slash', 'Auto-Sukukaja']
['Twin Shot', 'Cleave', 'Auto-Sukukaja', 'Makarakarn', 'Power Slash']
['Power Slash', 'Cleave', 'Rakukaja', 'Gale Slash', 'Auto-Sukukaja']
['Spell Master', 'Sharp Student', 'Power Slash', 'High Counter', 'Dodge Ice']
['Makarakarn', 'Evade Wind', 'Power Slash', 'Cleave', 'Auto-Sukukaja']
['High Counter', 'Mighty Swing', 'Cleave', 'Gale Slash', 'Rakukaja']
['Auto-Sukukaja', 'Power Slash', 'Gale Slash', 'High Counter', 'Victory Cry']
['Cleave', 'Victory Cry', 'Mighty Swing', 'Evade Wind', 'Cruel Attack']
['Cruel Attack', 'Cleave', 'Brave Blade', 'Gale Slash', 'Victory Cry']
['Evade Wind', 'Sukukaja', 'Cleave', 'Sharp Student', 'Rakunda']
['Auto-Sukukaja', 'Cleave', 'Mighty Swing', 'Sharp Student', 'Rakunda']
['Dodge Ice', 'Cleave', 'Auto-Sukukaja', 'Brave Blade', 'Evade Wind']
['Mighty Swing', 'Gale Slash', 'Sukukaja', 'Cleave', 'Twin Shot']
['Cleave', 'Gale Slash', 'Victory Cry', 'Mighty Swing', 'Auto-Sukukaja']
['Brave Blade', 'Gale Slash', 'Evade Wind', 'Sharp Student', 'Victory Cry']
['Cleave', 'Auto-Sukukaja', 'Dodge Ice', 'Twin Shot', 'Revolution']
['Dodge Ice', 'Cleave', 'Sharp Student', 'Twin Shot', 'Gale Slash']
['Power Slash', 'Gale Slash', 'Sukukaja', 'Cleave', 'Cruel Attack']
['Twin Shot', 'Power Slash', 'Victory Cry', 'Sukukaja', 'Sharp Student']
['Sukukaja', 'Cruel Attack', 'Sharp Student', 'Cleave', 'Victory Cry']
['Gale Slash', 'Cleave', 'Power Slash', 'Spell Master', 'Sharp Student']
['Mighty Swing', 'Rakunda', 'Power Slash', 'Evade Wind', 'Cruel Attack']
['Twin Shot', 'Auto-Sukukaja', 'Dodge Ice', 'Gale Slash', 'Cruel Attack']
['Auto-Sukukaja', 'Evade Wind', 'Twin Shot', 'Cruel Attack', 'Sharp Student']
['Dodge Ice', 'Cruel Attack', 'Auto-Sukukaja', 'Cleave', 'Twin Shot']
['Twin Shot', 'Rakunda', 'Sharp Student', 'Megidolaon', 'Mighty Swing']
['Brave Blade', 'Mighty Swing', 'Evade Wind', 'Power Slash', 'Revolution']
['High Counter', 'Dodge Ice', 'Cleave', 'Evade Wind', 'Rakukaja']
['Sharp Student', 'Twin Shot', 'Power Slash', 'Gale Slash', 'Auto-Sukukaja']
['Rakunda', 'Spell Master', 'Power Slash', 'Cleave', 'Auto-Sukukaja']
['Mighty Swing', 'Rakukaja', 'Auto-Sukukaja', 'Brave Blade', 'Cleave']
['Twin Shot', 'Power Slash', 'Auto-Sukukaja', 'Victory Cry', 'Cleave']
['Sharp Student', 'Cleave', 'High Counter', 'Power Slash', 'Dodge Ice']
['Gale Slash', 'Brave Blade', 'Evade Wind', 'High Counter', 'Power Slash']
['Twin Shot', 'Power Slash', 'Cleave', 'Mighty Swing', 'Auto-Sukukaja']
['Sharp Student', 'Twin Shot', 'Evade Wind', 'Cleave', 'Power Slash']
['Makarakarn', 'Dodge Ice', 'Spell Master', 'Auto-Sukukaja', 'Cleave']
['Power Slash', 'Sharp Student', 'Mighty Swing', 'Dodge Ice', 'Gale Slash']
['Cleave', 'Gale Slash', 'Power Slash', 'High Counter', 'Cruel Attack']
['Mighty Swing', 'Cleave', 'Power Slash', 'Evade Wind', 'Rakukaja']
['High Counter', 'Rakukaja', 'Cleave', 'Twin Shot', 'Gale Slash']
['Gale Slash', 'Auto-Sukukaja', 'Sharp Student', 'High Counter', 'Sukukaja']
['Power Slash', 'Evade Wind', 'Cleave', 'Sukukaja', 'Gale Slash']
['Cleave', 'Sharp Student', 'Mighty Swing', 'Gale Slash', 'Victory Cry']
['Rakunda', 'Brave Blade', 'Cruel Attack', 'Mighty Swing', 'Twin Shot']
['Auto-Sukukaja', 'Victory Cry', 'Cleave', 'Sukukaja', 'Cruel Attack']
['Power Slash', 'Auto-Sukukaja', 'Cleave', 'Twin Shot', 'Gale Slash']
['Dodge Ice', 'Cruel Attack', 'Cleave', 'Gale Slash', 'Auto-Sukukaja']
['Revolution', 'Sharp Student', 'Cleave', 'Power Slash', 'Mighty Swing']
['Cruel Attack', 'Power Slash', 'Cleave', 'Gale Slash', 'Dodge Ice']
['Rakunda', 'Auto-Sukukaja', 'Twin Shot', 'Gale Slash', 'Dodge Ice']
['Power Slash', 'Auto-Sukukaja', 'Mighty Swing', 'Cruel Attack', 'Cleave']
['Power Slash', 'Twin Shot', 'Gale Slash', 'Sharp Student', 'Cleave']
['Cleave', 'Rakukaja', 'Sharp Student', 'Power Slash', 'Cruel Attack']
['Sharp Student', 'Cleave', 'High Counter', 'Twin Shot', 'Gale Slash']
['Gale Slash', 'Cruel Attack', 'Auto-Sukukaja', 'High Counter', 'Victory Cry']
['Cleave', 'Twin Shot', 'Power Slash', 'Dodge Ice', 'Sharp Student']
['Power Slash', 'Sharp Student', 'Cleave', 'Cruel Attack', 'Evade Wind']
['Cleave', 'Mighty Swing', 'Cruel Attack', 'Twin Shot', 'Dodge Ice']
['Spell Master', 'Sharp Student', 'Cruel Attack', 'Twin Shot', 'Auto-Sukukaja']
['Twin Shot', 'High Counter', 'Power Slash', 'Cleave', 'Gale Slash']
['Power Slash', 'Revolution', 'Cleave', 'Mighty Swing', 'Dodge Ice']
['Cleave', 'Power Slash', 'Evade Wind', 'Sukukaja', 'Twin Shot']
['Evade Wind', 'Megidolaon', 'Auto-Sukukaja', 'Cleave', 'Twin Shot']
['High Counter', 'Twin Shot', 'Mighty Swing', 'Gale Slash', 'Auto-Sukukaja']
['Dodge Ice', 'Gale Slash', 'Cruel Attack', 'Cleave', 'Brave Blade']
['Cleave', 'Evade Wind', 'Power Slash', 'High Counter', 'Sharp Student']
['Sharp Student', 'Twin Shot', 'Cleave', 'Power Slash', 'Brave Blade']
['Rakunda', 'Cleave', 'Power Slash', 'Twin Shot', 'Spell Master']
['High Counter', 'Cleave', 'Auto-Sukukaja', 'Power Slash', 'Gale Slash']
['Auto-Sukukaja', 'Twin Shot', 'Mighty Swing', 'Power Slash', 'Evade Wind']
['Twin Shot', 'Cruel Attack', 'Cleave', 'Dodge Ice', 'Mighty Swing']
['Power Slash', 'Sharp Student', 'Auto-Sukukaja', 'Cleave', 'Dodge Ice']
['High Counter', 'Mighty Swing', 'Cleave', 'Sharp Student', 'Brave Blade']
['Dodge Ice', 'Rakunda', 'Auto-Sukukaja', 'Sukukaja', 'Cleave']
['Gale Slash', 'Cleave', 'Power Slash', 'Spell Master', 'Auto-Sukukaja']
['High Counter', 'Evade Wind', 'Auto-Sukukaja', 'Twin Shot', 'Mighty Swing']
['Sharp Student', 'Cruel Attack', 'Cleave', 'Twin Shot', 'Mighty Swing']
['Twin Shot', 'Cleave', 'Evade Wind', 'Dodge Ice', 'Sukukaja']
['Cleave', 'Dodge Ice', 'Power Slash', 'Sharp Student', 'Sukukaja']
['Dodge Ice', 'Sharp Student', 'Cleave', 'Power Slash', 'Auto-Sukukaja']
['Power Slash', 'Rakunda', 'Cleave', 'Dodge Ice', 'Gale Slash']
['Power Slash', 'Victory Cry', 'Sharp Student', 'Gale Slash', 'Auto-Sukukaja']
['High Counter', 'Cruel Attack', 'Cleave', 'Sharp Student', 'Evade Wind']
['Sharp Student', 'Auto-Sukukaja', 'Gale Slash', 'Brave Blade', 'Twin Shot']
['Power Slash', 'Sharp Student', 'Cleave', 'Gale Slash', 'Dodge Ice']
['Power Slash', 'Brave Blade', 'Evade Wind', 'Rakukaja', 'Cleave']
['Brave Blade', 'Cleave', 'Auto-Sukukaja', 'Evade Wind', 'Dodge Ice']
['Power Slash', 'Twin Shot', 'Dodge Ice', 'Cleave', 'Mighty Swing']
['Sukukaja', 'Mighty Swing', 'Cleave', 'Megidolaon', 'Power Slash']
['Twin Shot', 'Spell Master', 'Cleave', 'Power Slash', 'Brave Blade']
['Cruel Attack', 'Cleave', 'Rakukaja', 'Evade Wind', 'Dodge Ice']
['Power Slash', 'High Counter', 'Cleave', 'Cruel Attack', 'Twin Shot']
['Twin Shot', 'Evade Wind', 'Auto-Sukukaja', 'Sharp Student', 'Victory Cry']
['Cleave', 'Auto-Sukukaja', 'Brave Blade', 'High Counter', 'Sharp Student']
['Auto-Sukukaja', 'Power Slash', 'High Counter', 'Cleave', 'Sukukaja']
['Mighty Swing', 'Spell Master', 'Cruel Attack', 'Cleave', 'Gale Slash']
['Twin Shot', 'Dodge Ice', 'Gale Slash', 'High Counter', 'Power Slash']
['Victory Cry', 'Cruel Attack', 'Cleave', 'Sharp Student', 'Twin Shot']
['Mighty Swing', 'Victory Cry', 'Dodge Ice', 'Cleave', 'Twin Shot']
['Cruel Attack', 'Mighty Swing', 'Gale Slash', 'Power Slash', 'Dodge Ice']
['Twin Shot', 'Gale Slash', 'Power Slash', 'Sukukaja', 'Mighty Swing']
['Twin Shot', 'Cleave', 'Rakunda', 'Sharp Student', 'Power Slash']
['Sharp Student', 'Mighty Swing', 'Cruel Attack', 'Auto-Sukukaja', 'Rakukaja']
['Power Slash', 'Evade Wind', 'Sharp Student', 'Cruel Attack', 'Cleave']
['Cleave', 'Auto-Sukukaja', 'Power Slash', 'Sukukaja', 'Rakukaja']
['Cruel Attack', 'Spell Master', 'Cleave', 'Power Slash', 'High Counter']
['Rakunda', 'Gale Slash', 'Dodge Ice', 'Cruel Attack', 'Sharp Student']
['Power Slash', 'Evade Wind', 'Cleave', 'Gale Slash', 'Twin Shot']
['Sukukaja', 'Cleave', 'Evade Wind', 'Megidolaon', 'Mighty Swing']
['Cleave', 'Mighty Swing', 'Power Slash', 'Dodge Ice', 'Twin Shot']
['Auto-Sukukaja', 'Cleave', 'Spell Master', 'Power Slash', 'Rakunda']
['Victory Cry', 'Mighty Swing', 'Revolution', 'Cleave', 'Cruel Attack']
['Mighty Swing', 'Sharp Student', 'Gale Slash', 'Power Slash', 'Auto-Sukukaja']
['Dodge Ice', 'Power Slash', 'Cleave', 'Gale Slash', 'Cruel Attack']
['Sukukaja', 'Power Slash', 'Sharp Student', 'Cleave', 'Twin Shot']
['Cleave', 'Gale Slash', 'Sharp Student', 'Mighty Swing', 'Power Slash']
['High Counter', 'Cleave', 'Sharp Student', 'Gale Slash', 'Auto-Sukukaja']
['Dodge Ice', 'Gale Slash', 'Power Slash', 'Cruel Attack', 'Sukukaja']
['Sharp Student', 'Cleave', 'Gale Slash', 'Dodge Ice', 'Auto-Sukukaja']
['High Counter', 'Rakunda', 'Power Slash', 'Cruel Attack', 'Cleave']
['Brave Blade', 'Evade Wind', 'Sharp Student', 'Power Slash', 'Mighty Swing']
['Cleave', 'Spell Master', 'High Counter', 'Auto-Sukukaja', 'Dodge Ice']
['Cleave', 'Gale Slash', 'Brave Blade', 'Sharp Student', 'Power Slash']
['Cleave', 'Dodge Ice', 'Victory Cry', 'Megidolaon', 'Power Slash']
['Auto-Sukukaja', 'Sharp Student', 'Evade Wind', 'Dodge Ice', 'Mighty Swing']
['Makarakarn', 'Cleave', 'Evade Wind', 'Power Slash', 'Rakukaja']
['Cleave', 'Sukukaja', 'Evade Wind', 'Dodge Ice', 'Mighty Swing']
['Dodge Ice', 'Sharp Student', 'Gale Slash', 'Cleave', 'Cruel Attack']
['Power Slash', 'Twin Shot', 'Gale Slash', 'Cleave', 'Sharp Student']
['Mighty Swing', 'Auto-Sukukaja', 'Sharp Student', 'Rakunda', 'Cleave']
['Power Slash', 'Dodge Ice', 'Cruel Attack', 'Auto-Sukukaja', 'Gale Slash']
['Evade Wind', 'High Counter', 'Twin Shot', 'Power Slash', 'Cleave']
['High Counter', 'Dodge Ice', 'Sharp Student', 'Rakunda', 'Revolution']
['Twin Shot', 'Cruel Attack', 'Gale Slash', 'Victory Cry', 'Cleave']
['High Counter', 'Dodge Ice', 'Evade Wind', 'Rakukaja', 'Revolution']
['Evade Wind', 'Cleave', 'Power Slash', 'Gale Slash', 'Sharp Student']
['Cleave', 'Power Slash', 'Auto-Sukukaja', 'Revolution', 'Twin Shot']
['Dodge Ice', 'Cleave', 'Brave Blade', 'Cruel Attack', 'Sukukaja']
['Mighty Swing', 'Cruel Attack', 'Cleave', 'Sharp Student', 'Dodge Ice']
['Cruel Attack', 'Twin Shot', 'Spell Master', 'Cleave', 'Auto-Sukukaja']
['Makarakarn', 'Dodge Ice', 'Twin Shot', 'Cleave', 'Brave Blade']
['Evade Wind', 'Auto-Sukukaja', 'Dodge Ice', 'Gale Slash', 'Cleave']
['Rakukaja', 'Twin Shot', 'Gale Slash', 'Rakunda', 'Mighty Swing']
['Cleave', 'Gale Slash', 'Evade Wind', 'Power Slash', 'Spell Master']
['Brave Blade', 'Rakunda', 'Twin Shot', 'Gale Slash', 'Auto-Sukukaja']
['High Counter', 'Spell Master', 'Power Slash', 'Dodge Ice', 'Cleave']
['Gale Slash', 'Power Slash', 'Cruel Attack', 'High Counter', 'Cleave']
['Power Slash', 'Sukukaja', 'Gale Slash', 'Rakunda', 'Cleave']
['Auto-Sukukaja', 'Gale Slash', 'Dodge Ice', 'Power Slash', 'Mighty Swing']
['Cleave', 'Power Slash', 'Cruel Attack', 'Mighty Swing', 'Dodge Ice']
['Brave Blade', 'Auto-Sukukaja', 'Cruel Attack', 'Cleave', 'Power Slash']
['Dodge Ice', 'Cleave', 'Evade Wind', 'Auto-Sukukaja', 'Rakukaja']
['High Counter', 'Sharp Student', 'Power Slash', 'Rakunda', 'Victory Cry']
['Victory Cry', 'Twin Shot', 'Dodge Ice', 'Sharp Student', 'Brave Blade']
['Twin Shot', 'Brave Blade', 'Auto-Sukukaja', 'Rakunda', 'Megidolaon']
['Power Slash', 'Megidolaon', 'Cruel Attack', 'Sukukaja', 'Cleave']
['Power Slash', 'Dodge Ice', 'Auto-Sukukaja', 'Cleave', 'Gale Slash']
['Twin Shot', 'Spell Master', 'Gale Slash', 'Cleave', 'Auto-Sukukaja']
['Sharp Student', 'Victory Cry', 'Cruel Attack', 'Gale Slash', 'Twin Shot']
['Evade Wind', 'Sharp Student', 'Victory Cry', 'Cleave', 'Twin Shot']
['Cleave', 'Evade Wind', 'Cruel Attack', 'Sharp Student', 'Spell Master']
['Evade Wind', 'Cleave', 'Power Slash', 'Gale Slash', 'High Counter']
['Cleave', 'Sharp Student', 'Power Slash', 'Brave Blade', 'Gale Slash']
['Cleave', 'Mighty Swing', 'Victory Cry', 'Rakunda', 'Twin Shot']
['Evade Wind', 'Twin Shot', 'Mighty Swing', 'Rakunda', 'Cleave']
['Auto-Sukukaja', 'Gale Slash', 'Revolution', 'Rakunda', 'Power Slash']
['Gale Slash', 'Rakukaja', 'Cleave', 'Power Slash', 'Evade Wind']
['Dodge Ice', 'Cleave', 'Mighty Swing', 'Gale Slash', 'Auto-Sukukaja']
['Power Slash', 'Sharp Student', 'Brave Blade', 'Dodge Ice', 'Cleave']
['Rakunda', 'Dodge Ice', 'Cruel Attack', 'Cleave', 'Power Slash']
['Twin Shot', 'Dodge Ice', 'Brave Blade', 'Power Slash', 'Sukukaja']
['Sharp Student', 'Power Slash', 'Cleave', 'Dodge Ice', 'Cruel Attack']
['Cruel Attack', 'Power Slash', 'Mighty Swing', 'Brave Blade', 'Gale Slash']
['Auto-Sukukaja', 'Power Slash', 'Twin Shot', 'Victory Cry', 'Sukukaja']
['Cleave', 'Rakunda', 'Gale Slash', 'Mighty Swing', 'Dodge Ice']
['Dodge Ice', 'Twin Shot', 'Cleave', 'Evade Wind', 'Makarakarn']
['Cleave', 'Spell Master', 'Gale Slash', 'Cruel Attack', 'Rakukaja']
['Spell Master', 'Cleave', 'Gale Slash', 'Rakukaja', 'Cruel Attack']
['Twin Shot', 'High Counter', 'Sukukaja', 'Megidolaon', 'Auto-Sukukaja']
['Cleave', 'High Counter', 'Gale Slash', 'Dodge Ice', 'Sharp Student']
['Gale Slash', 'Auto-Sukukaja', 'Victory Cry', 'Cleave', 'Twin Shot']
['Mighty Swing', 'Power Slash', 'Twin Shot', 'Auto-Sukukaja', 'Dodge Ice']
['Cleave', 'Victory Cry', 'Twin Shot', 'Brave Blade', 'Power Slash']
['Auto-Sukukaja', 'Revolution', 'Cleave', 'Brave Blade', 'Power Slash']
['Mighty Swing', 'Cleave', 'Dodge Ice', 'Twin Shot', 'Evade Wind']
['Cleave', 'Spell Master', 'Revolution', 'Auto-Sukukaja', 'Mighty Swing']
['Revolution', 'Auto-Sukukaja', 'Cleave', 'Mighty Swing', 'Twin Shot']
['Twin Shot', 'Dodge Ice', 'Auto-Sukukaja', 'Power Slash', 'Cleave']
['Cruel Attack', 'Sharp Student', 'Dodge Ice', 'Power Slash', 'Cleave']
['High Counter', 'Mighty Swing', 'Gale Slash', 'Sukukaja', 'Sharp Student']
['Cleave', 'Power Slash', 'Twin Shot', 'Cruel Attack', 'Auto-Sukukaja']
['Cleave', 'Evade Wind', 'Revolution', 'Gale Slash', 'Mighty Swing']
['Twin Shot', 'Dodge Ice', 'Cruel Attack', 'Auto-Sukukaja', 'Spell Master']
['Sharp Student', 'Mighty Swing', 'Cruel Attack', 'Gale Slash', 'Cleave']
['Twin Shot', 'Sharp Student', 'Cleave', 'Evade Wind', 'Auto-Sukukaja']
['Cruel Attack', 'Dodge Ice', 'Gale Slash', 'Evade Wind', 'Power Slash']
['Auto-Sukukaja', 'Cleave', 'Rakunda', 'Victory Cry', 'Spell Master']
['Cleave', 'Mighty Swing', 'Auto-Sukukaja', 'Gale Slash', 'Dodge Ice']
['Twin Shot', 'Sharp Student', 'Auto-Sukukaja', 'Mighty Swing', 'Power Slash']
['Gale Slash', 'Twin Shot', 'Auto-Sukukaja', 'Power Slash', 'Brave Blade']
['Rakunda', 'Dodge Ice', 'Power Slash', 'Cleave', 'Twin Shot']
['Cleave', 'Gale Slash', 'Power Slash', 'Rakunda', 'Brave Blade']
['Rakukaja', 'High Counter', 'Gale Slash', 'Power Slash', 'Evade Wind']
['Cleave', 'Evade Wind', 'Gale Slash', 'Twin Shot', 'Dodge Ice']
['Gale Slash', 'Dodge Ice', 'Sharp Student', 'Cleave', 'Power Slash']
['Gale Slash', 'Dodge Ice', 'Power Slash', 'Rakunda', 'Rakukaja']
['Auto-Sukukaja', 'Cruel Attack', 'Twin Shot', 'Cleave', 'Mighty Swing']
['High Counter', 'Cleave', 'Dodge Ice', 'Brave Blade', 'Power Slash']
['Mighty Swing', 'High Counter', 'Dodge Ice', 'Cleave', 'Power Slash']
['Sukukaja', 'Auto-Sukukaja', 'High Counter', 'Gale Slash', 'Sharp Student']
['Dodge Ice', 'Sukukaja', 'Cleave', 'Mighty Swing', 'Cruel Attack']
['Cruel Attack', 'Dodge Ice', 'Twin Shot', 'High Counter', 'Evade Wind']
['Auto-Sukukaja', 'Cleave', 'Gale Slash', 'Sharp Student', 'Dodge Ice']
['Evade Wind', 'Twin Shot', 'Cleave', 'Dodge Ice', 'Cruel Attack']
['Brave Blade', 'Dodge Ice', 'Twin Shot', 'Victory Cry', 'Gale Slash']
['Cleave', 'Sharp Student', 'Mighty Swing', 'Power Slash', 'Twin Shot']
['Cleave', 'Mighty Swing', 'Auto-Sukukaja', 'Twin Shot', 'Cruel Attack']
['Cruel Attack', 'Dodge Ice', 'Evade Wind', 'Gale Slash', 'Sharp Student']
['Mighty Swing', 'Gale Slash', 'Power Slash', 'Cleave', 'Dodge Ice']
['Power Slash', 'Revolution', 'Dodge Ice', 'Cruel Attack', 'Cleave']
['Twin Shot', 'Evade Wind', 'Cleave', 'Mighty Swing', 'Spell Master']
['Cleave', 'Power Slash', 'Rakunda', 'Sharp Student', 'Sukukaja']
['Gale Slash', 'Auto-Sukukaja', 'Cleave', 'Power Slash', 'Dodge Ice']
['Brave Blade', 'Evade Wind', 'Cleave', 'Sukukaja', 'Revolution']
['Sharp Student', 'Cleave', 'Twin Shot', 'Auto-Sukukaja', 'Cruel Attack']
['Mighty Swing', 'Cleave', 'Twin Shot', 'Cruel Attack', 'Power Slash']
['Cleave', 'Power Slash', 'Sharp Student', 'Dodge Ice', 'Auto-Sukukaja']
['Cleave', 'Cruel Attack', 'Mighty Swing', 'Dodge Ice', 'Gale Slash']
['Cleave', 'Auto-Sukukaja', 'High Counter', 'Rakukaja', 'Twin Shot']
['Twin Shot', 'Rakukaja', 'Cleave', 'Brave Blade', 'Auto-Sukukaja']
['Power Slash', 'Cleave', 'Auto-Sukukaja', 'Gale Slash', 'Cruel Attack']
['Cruel Attack', 'Auto-Sukukaja', 'High Counter', 'Power Slash', 'Evade Wind']
['Cleave', 'Sharp Student', 'Auto-Sukukaja', 'Mighty Swing', 'Power Slash']
['Twin Shot', 'Mighty Swing', 'Power Slash', 'Sukukaja', 'Cleave']
['Mighty Swing', 'Twin Shot', 'Gale Slash', 'Power Slash', 'Sharp Student']
['Brave Blade', 'Mighty Swing', 'Cleave', 'High Counter', 'Power Slash']
['Evade Wind', 'Cruel Attack', 'Cleave', 'Auto-Sukukaja', 'Power Slash']
['Mighty Swing', 'Cleave', 'Power Slash', 'Auto-Sukukaja', 'High Counter']
['Evade Wind', 'Sukukaja', 'Cleave', 'Dodge Ice', 'Sharp Student']
['Rakunda', 'Sharp Student', 'High Counter', 'Gale Slash', 'Cleave']
['Cleave', 'Dodge Ice', 'Cruel Attack', 'Power Slash', 'Auto-Sukukaja']
['Cleave', 'Sharp Student', 'Twin Shot', 'Evade Wind', 'Revolution']
['Brave Blade', 'Gale Slash', 'Evade Wind', 'Twin Shot', 'Revolution']
['Auto-Sukukaja', 'Gale Slash', 'Power Slash', 'Sharp Student', 'Revolution']
['Dodge Ice', 'Sharp Student', 'Sukukaja', 'Evade Wind', 'High Counter']
['Cleave', 'Twin Shot', 'Evade Wind', 'Sharp Student', 'Cruel Attack']
['Cleave', 'Dodge Ice', 'High Counter', 'Power Slash', 'Auto-Sukukaja']
['Cleave', 'Dodge Ice', 'Mighty Swing', 'Sharp Student', 'High Counter']
['Evade Wind', 'Twin Shot', 'Cleave', 'High Counter', 'Sharp Student']
['Power Slash', 'Twin Shot', 'Auto-Sukukaja', 'Evade Wind', 'Cleave']
['Rakunda', 'Cleave', 'Power Slash', 'Rakukaja', 'Auto-Sukukaja']
['Cruel Attack', 'Power Slash', 'Cleave', 'Sharp Student', 'Twin Shot']
['Cleave', 'Evade Wind', 'Power Slash', 'High Counter', 'Gale Slash']
['Evade Wind', 'Twin Shot', 'Power Slash', 'Sharp Student', 'Dodge Ice']
['Brave Blade', 'Gale Slash', 'Dodge Ice', 'Victory Cry', 'Auto-Sukukaja']
['Power Slash', 'Cruel Attack', 'Rakunda', 'Dodge Ice', 'High Counter']
['Cleave', 'Dodge Ice', 'Auto-Sukukaja', 'Rakukaja', 'High Counter']
['Victory Cry', 'Brave Blade', 'Cleave', 'Sharp Student', 'Mighty Swing']
['Cleave', 'Twin Shot', 'Power Slash', 'Makarakarn', 'Rakunda']
['Sharp Student', 'Twin Shot', 'Power Slash', 'Evade Wind', 'Victory Cry']
['High Counter', 'Sharp Student', 'Brave Blade', 'Gale Slash', 'Evade Wind']
['Cleave', 'Power Slash', 'Sharp Student', 'Brave Blade', 'Twin Shot']
['High Counter', 'Auto-Sukukaja', 'Cleave', 'Evade Wind', 'Gale Slash']
['Rakukaja', 'Gale Slash', 'Cleave', 'Mighty Swing', 'Spell Master']
['Power Slash', 'Cleave', 'Sharp Student', 'Auto-Sukukaja', 'Gale Slash']
['Sharp Student', 'Gale Slash', 'Cruel Attack', 'Auto-Sukukaja', 'Power Slash']
['Revolution', 'Power Slash', 'Rakunda', 'Mighty Swing', 'High Counter']
['Cleave', 'Gale Slash', 'Mighty Swing', 'Spell Master', 'Victory Cry']
['Mighty Swing', 'Cleave', 'High Counter', 'Twin Shot', 'Power Slash']
['Sharp Student', 'Cleave', 'Sukukaja', 'Evade Wind', 'Power Slash']
['Evade Wind', 'Rakukaja', 'Power Slash', 'Mighty Swing', 'Gale Slash']
['Dodge Ice', 'Cleave', 'High Counter', 'Mighty Swing', 'Rakukaja']
['Power Slash', 'Evade Wind', 'Dodge Ice', 'Auto-Sukukaja', 'Cleave']
['Cleave', 'Sharp Student', 'Cruel Attack', 'Power Slash', 'Dodge Ice']
['Cleave', 'Victory Cry', 'Auto-Sukukaja', 'Cruel Attack', 'Sharp Student']
['Twin Shot', 'Evade Wind', 'Cruel Attack', 'Sharp Student', 'Dodge Ice']
['Sharp Student', 'Cleave', 'Power Slash', 'Twin Shot', 'Victory Cry']
['Cruel Attack', 'Cleave', 'Mighty Swing', 'Twin Shot', 'Spell Master']
['Twin Shot', 'Mighty Swing', 'Evade Wind', 'Brave Blade', 'Power Slash']
['Dodge Ice', 'Power Slash', 'Twin Shot', 'Auto-Sukukaja', 'Rakukaja']
['Twin Shot', 'Rakunda', 'Dodge Ice', 'Sharp Student', 'Cleave']
['Mighty Swing', 'Power Slash', 'Evade Wind', 'High Counter', 'Gale Slash']
['Cleave', 'Gale Slash', 'High Counter', 'Auto-Sukukaja', 'Dodge Ice']
['Evade Wind', 'Revolution', 'Brave Blade', 'Sharp Student', 'Auto-Sukukaja']
['Auto-Sukukaja', 'Sukukaja', 'Gale Slash', 'Cruel Attack', 'Sharp Student']
['Power Slash', 'High Counter', 'Spell Master', 'Brave Blade', 'Gale Slash']
['Brave Blade', 'Sharp Student', 'Victory Cry', 'Cleave', 'Rakukaja']
['Evade Wind', 'Gale Slash', 'Twin Shot', 'Cruel Attack', 'Rakukaja']
['Sharp Student', 'Cruel Attack', 'Power Slash', 'Dodge Ice', 'Mighty Swing']
['Mighty Swing', 'Cleave', 'Power Slash', 'Sharp Student', 'Sukukaja']
['Power Slash', 'Auto-Sukukaja', 'Brave Blade', 'Mighty Swing', 'Cleave']
['Sharp Student', 'Twin Shot', 'Cleave', 'Power Slash', 'Cruel Attack']
['Rakunda', 'High Counter', 'Cleave', 'Sukukaja', 'Rakukaja']
['Power Slash', 'Sharp Student', 'Auto-Sukukaja', 'Rakunda', 'Victory Cry']
['Dodge Ice', 'Auto-Sukukaja', 'Gale Slash', 'Rakukaja', 'Sharp Student']
['Auto-Sukukaja', 'Dodge Ice', 'Cruel Attack', 'Rakunda', 'Cleave']
['Spell Master', 'Auto-Sukukaja', 'Cleave', 'Mighty Swing', 'Dodge Ice']
['Twin Shot', 'Cleave', 'High Counter', 'Power Slash', 'Brave Blade']
['Evade Wind', 'Auto-Sukukaja', 'Power Slash', 'Rakukaja', 'Cleave']
['Cleave', 'Revolution', 'Cruel Attack', 'Sharp Student', 'Sukukaja']
['Victory Cry', 'Power Slash', 'Sharp Student', 'Gale Slash', 'Dodge Ice']
['Brave Blade', 'Cruel Attack', 'Auto-Sukukaja', 'Cleave', 'Twin Shot']
['Cleave', 'Sharp Student', 'Brave Blade', 'Evade Wind', 'Gale Slash']
['Cleave', 'Cruel Attack', 'Auto-Sukukaja', 'Megidolaon', 'Evade Wind']
['Cleave', 'High Counter', 'Auto-Sukukaja', 'Gale Slash', 'Dodge Ice']
['Dodge Ice', 'Power Slash', 'Evade Wind', 'Twin Shot', 'Sharp Student']
['Sharp Student', 'Cruel Attack', 'Spell Master', 'Mighty Swing', 'Auto-Sukukaja']
['Cleave', 'Auto-Sukukaja', 'Mighty Swing', 'Sharp Student', 'Cruel Attack']
['Victory Cry', 'Rakunda', 'Cruel Attack', 'Auto-Sukukaja', 'Cleave']
['Rakunda', 'Cleave', 'Sharp Student', 'Power Slash', 'Sukukaja']
['Cruel Attack', 'Dodge Ice', 'Victory Cry', 'Evade Wind', 'Sharp Student']
['Sharp Student', 'Spell Master', 'Cleave', 'Mighty Swing', 'Power Slash']
['Sharp Student', 'Power Slash', 'Cleave', 'Mighty Swing', 'Evade Wind']
['Gale Slash', 'Spell Master', 'Cleave', 'Cruel Attack', 'Twin Shot']
['Dodge Ice', 'Power Slash', 'Rakukaja', 'Gale Slash', 'Sharp Student']
['Mighty Swing', 'Cleave', 'Gale Slash', 'Dodge Ice', 'Auto-Sukukaja']
['Cruel Attack', 'Auto-Sukukaja', 'Rakunda', 'Gale Slash', 'Sharp Student']
['Sharp Student', 'High Counter', 'Rakunda', 'Dodge Ice', 'Cruel Attack']
['Sharp Student', 'Power Slash', 'Auto-Sukukaja', 'Cleave', 'Gale Slash']
['Brave Blade', 'Sharp Student', 'Auto-Sukukaja', 'Cleave', 'Mighty Swing']
['Power Slash', 'Cleave', 'High Counter', 'Gale Slash', 'Mighty Swing']
['Mighty Swing', 'Dodge Ice', 'Cleave', 'High Counter', 'Auto-Sukukaja']
['Cleave', 'Dodge Ice', 'Spell Master', 'Cruel Attack', 'Sharp Student']
['Cleave', 'Gale Slash', 'Revolution', 'Mighty Swing', 'Cruel Attack']
['Spell Master', 'Auto-Sukukaja', 'Cleave', 'Victory Cry', 'Evade Wind']
['Gale Slash', 'Cruel Attack', 'Cleave', 'Twin Shot', 'Dodge Ice']
['Spell Master', 'Megidolaon', 'Sharp Student', 'Cleave', 'Mighty Swing']
['Spell Master', 'Victory Cry', 'Sharp Student', 'Evade Wind', 'Twin Shot']
['Evade Wind', 'Mighty Swing', 'Cleave', 'Auto-Sukukaja', 'Power Slash']
['Cleave', 'Power Slash', 'Sharp Student', 'Rakunda', 'Evade Wind']
['Twin Shot', 'Sharp Student', 'Dodge Ice', 'Cleave', 'Power Slash']
['Twin Shot', 'Sharp Student', 'Auto-Sukukaja', 'Dodge Ice', 'Cruel Attack']
['High Counter', 'Cruel Attack', 'Dodge Ice', 'Rakunda', 'Sharp Student']
['Power Slash', 'Evade Wind', 'Dodge Ice', 'Cleave', 'Gale Slash']
['Cleave', 'Evade Wind', 'Twin Shot', 'Gale Slash', 'Cruel Attack']
['Power Slash', 'Cleave', 'Auto-Sukukaja', 'High Counter', 'Mighty Swing']
['Cruel Attack', 'Sharp Student', 'Cleave', 'Gale Slash', 'Rakukaja']
['Cleave', 'High Counter', 'Mighty Swing', 'Dodge Ice', 'Gale Slash']
['Rakunda', 'Cleave', 'Power Slash', 'Sharp Student', 'Brave Blade']
['Victory Cry', 'Twin Shot', 'Mighty Swing', 'Sukukaja', 'Sharp Student']
['Makarakarn', 'Rakukaja', 'Mighty Swing', 'Gale Slash', 'Twin Shot']
['Cruel Attack', 'Gale Slash', 'Evade Wind', 'Rakukaja', 'Power Slash']
['Gale Slash', 'Power Slash', 'Cleave', 'Auto-Sukukaja', 'Brave Blade']
['Power Slash', 'Evade Wind', 'Sharp Student', 'Twin Shot', 'Cleave']
['Cruel Attack', 'Cleave', 'Dodge Ice', 'Sharp Student', 'Gale Slash']
['Cleave', 'Twin Shot', 'Rakukaja', 'Cruel Attack', 'Evade Wind']
['Cleave', 'Sharp Student', 'Power Slash', 'Revolution', 'Brave Blade']
['Power Slash', 'Sharp Student', 'Mighty Swing', 'Cleave', 'Evade Wind']
['High Counter', 'Cleave', 'Sharp Student', 'Cruel Attack', 'Mighty Swing']
['Cleave', 'Cruel Attack', 'Twin Shot', 'Dodge Ice', 'Gale Slash']
['Cleave', 'Twin Shot', 'High Counter', 'Mighty Swing', 'Victory Cry']
['Power Slash', 'Twin Shot', 'Victory Cry', 'Sharp Student', 'Brave Blade']
['Dodge Ice', 'Power Slash', 'Brave Blade', 'Cleave', 'Twin Shot']
['High Counter', 'Dodge Ice', 'Rakunda', 'Cleave', 'Gale Slash']
['Sharp Student', 'Evade Wind', 'Twin Shot', 'Mighty Swing', 'Rakukaja']
['Evade Wind', 'Mighty Swing', 'Auto-Sukukaja', 'Cleave', 'Victory Cry']
['Auto-Sukukaja', 'Cleave', 'Sukukaja', 'Power Slash', 'Rakunda']
['Auto-Sukukaja', 'Power Slash', 'Cleave', 'Twin Shot', 'Sharp Student']
['Mighty Swing', 'Gale Slash', 'Cleave', 'Brave Blade', 'Evade Wind']
['Cleave', 'High Counter', 'Auto-Sukukaja', 'Gale Slash', 'Twin Shot']
['Cruel Attack', 'Mighty Swing', 'Twin Shot', 'Dodge Ice', 'Cleave']
['Gale Slash', 'Power Slash', 'Revolution', 'Victory Cry', 'Dodge Ice']
['Sukukaja', 'Spell Master', 'Dodge Ice', 'Brave Blade', 'Sharp Student']
['Cleave', 'Cruel Attack', 'Twin Shot', 'Evade Wind', 'Brave Blade']
['Dodge Ice', 'Brave Blade', 'Rakukaja', 'Auto-Sukukaja', 'Power Slash']
['Cleave', 'Twin Shot', 'Power Slash', 'Mighty Swing', 'Spell Master']
['Sharp Student', 'Cruel Attack', 'Dodge Ice', 'Gale Slash', 'Mighty Swing']
['Cleave', 'Dodge Ice', 'Power Slash', 'Rakukaja', 'Sharp Student']
['Auto-Sukukaja', 'Gale Slash', 'Power Slash', 'Cleave', 'Makarakarn']
['Twin Shot', 'Dodge Ice', 'Cleave', 'Gale Slash', 'Brave Blade']
['Auto-Sukukaja', 'Cruel Attack', 'Spell Master', 'Sharp Student', 'Cleave']
['Auto-Sukukaja', 'Revolution', 'High Counter', 'Cleave', 'Dodge Ice']
['Gale Slash', 'Victory Cry', 'Cleave', 'Mighty Swing', 'Sharp Student']
['Cruel Attack', 'Cleave', 'Spell Master', 'Auto-Sukukaja', 'Evade Wind']
['Mighty Swing', 'Sharp Student', 'High Counter', 'Rakukaja', 'Sukukaja']
['Sharp Student', 'Auto-Sukukaja', 'Cleave', 'Rakukaja', 'Gale Slash']
['Evade Wind', 'High Counter', 'Dodge Ice', 'Gale Slash', 'Mighty Swing']
['Mighty Swing', 'High Counter', 'Cleave', 'Sharp Student', 'Brave Blade']
