['Resist Dark', 'Auto-Mataru', 'Bewilder', 'Hama Boost']
['Bewilder', 'Agi', 'High Counter', 'Rakukaja']
['Bewilder', 'Resist Dark', 'Dekaja', 'Counterstrike']
['Bewilder', 'Resist Dark', 'Dekaja', 'Counterstrike']
['Bewilder', 'Dekaja', 'Resist Dark', 'High Counter']
['Bewilder', 'Agi', 'High Counter', 'Power Charge']
['Hama Boost', 'Bewilder', 'Counterstrike', 'High Counter']
['Bewilder', 'High Counter', 'Counterstrike', 'Resist Dark']
['High Counter', 'Rakukaja', 'Counterstrike', 'Power Charge']
['Resist Dark', 'Bewilder', 'Auto-Masuku', 'Rakukaja']
['Bewilder', 'Power Charge', 'High Counter', 'Auto-Mataru']
['Auto-Mataru', 'Agi', 'Bewilder', 'Counterstrike']
['Bewilder', 'Rakukaja', 'Hama Boost', 'Dekaja']
['Bewilder', 'Power Charge', 'Rakukaja', 'Resist Dark']
['Bewilder', 'Auto-Mataru', 'Agi', 'Power Charge']
['Auto-Mataru', 'Resist Dark', 'Bewilder', 'Dekaja']
['Counterstrike', 'Bewilder', 'Auto-Masuku', 'Resist Dark']
['Bewilder', 'Resist Dark', 'Rakukaja', 'Power Charge']
['Bewilder', 'Auto-Masuku', 'Power Charge', 'Rakukaja']
['Power Charge', 'Bewilder', 'Rakukaja', 'Counterstrike']
['Bewilder', 'Auto-Masuku', 'Power Charge', 'Rakukaja']
['Auto-Masuku', 'Hama Boost', 'Bewilder', 'Agi']
['Bewilder', 'Hama Boost', 'Power Charge', 'Dekaja']
['Bewilder', 'Rakukaja', 'Hama Boost', 'High Counter']
['Bewilder', 'Dekaja', 'Auto-Mataru', 'Auto-Masuku']
['Bewilder', 'Counterstrike', 'Resist Dark', 'Power Charge']
['Bewilder', 'Rakukaja', 'Auto-Mataru', 'Auto-Masuku']
['Counterstrike', 'Bewilder', 'Rakukaja', 'High Counter']
['Bewilder', 'High Counter', 'Auto-Mataru', 'Hama Boost']
['Resist Dark', 'Rakukaja', 'Bewilder', 'Auto-Masuku']
['Bewilder', 'Resist Dark', 'Hama Boost', 'Rakukaja']
['Bewilder', 'Rakukaja', 'Hama Boost', 'High Counter']
['Agi', 'Bewilder', 'Counterstrike', 'Hama Boost']
['Hama Boost', 'Bewilder', 'High Counter', 'Rakukaja']
['Resist Dark', 'Bewilder', 'Auto-Mataru', 'Rakukaja']
['Counterstrike', 'Bewilder', 'Rakukaja', 'Hama Boost']
['Dekaja', 'Bewilder', 'Auto-Mataru', 'Resist Dark']
['Power Charge', 'Dekaja', 'Bewilder', 'Agi']
['Dekaja', 'Bewilder', 'Counterstrike', 'Agi']
['Bewilder', 'Rakukaja', 'Auto-Mataru', 'Power Charge']
['Bewilder', 'Auto-Masuku', 'Counterstrike', 'Rakukaja']
['Bewilder', 'Rakukaja', 'Dekaja', 'Power Charge']
['Rakukaja', 'Bewilder', 'Power Charge', 'Resist Dark']
['Power Charge', 'High Counter', 'Bewilder', 'Resist Dark']
['Dekaja', 'Auto-Mataru', 'Bewilder', 'Resist Dark']
['Bewilder', 'Counterstrike', 'Resist Dark', 'Hama Boost']
['High Counter', 'Counterstrike', 'Bewilder', 'Power Charge']
['Auto-Masuku', 'Bewilder', 'Rakukaja', 'Auto-Mataru']
['Bewilder', 'Rakukaja', 'Power Charge', 'Resist Dark']
['Bewilder', 'Rakukaja', 'Agi', 'Counterstrike']
['Bewilder', 'Auto-Mataru', 'Dekaja', 'Resist Dark']
['Power Charge', 'Bewilder', 'Rakukaja', 'Dekaja']
['Dekaja', 'Hama Boost', 'Auto-Masuku', 'Auto-Mataru']
['Counterstrike', 'Bewilder', 'Hama Boost', 'Rakukaja']
['Bewilder', 'Power Charge', 'Auto-Masuku', 'Counterstrike']
['Rakukaja', 'Bewilder', 'High Counter', 'Hama Boost']
['Bewilder', 'Power Charge', 'Hama Boost', 'Rakukaja']
['Bewilder', 'Auto-Mataru', 'Resist Dark', 'Counterstrike']
['Dekaja', 'Bewilder', 'Agi', 'Power Charge']
['Bewilder', 'Rakukaja', 'Power Charge', 'Dekaja']
['Resist Dark', 'Bewilder', 'Dekaja', 'Auto-Masuku']
['Bewilder', 'High Counter', 'Rakukaja', 'Hama Boost']
['Bewilder', 'Counterstrike', 'Dekaja', 'Hama Boost']
['Auto-Masuku', 'Rakukaja', 'Bewilder', 'Power Charge']
['Bewilder', 'Hama Boost', 'Rakukaja', 'Agi']
['Bewilder', 'High Counter', 'Auto-Mataru', 'Rakukaja']
['Bewilder', 'Dekaja', 'High Counter', 'Agi']
['Bewilder', 'Counterstrike', 'Rakukaja', 'High Counter']
['Rakukaja', 'Counterstrike', 'Bewilder', 'Hama Boost']
['Auto-Mataru', 'Rakukaja', 'Resist Dark', 'Bewilder']
['Bewilder', 'Rakukaja', 'Counterstrike', 'High Counter']
['Rakukaja', 'Bewilder', 'Resist Dark', 'Dekaja']
['High Counter', 'Rakukaja', 'Bewilder', 'Resist Dark']
['Bewilder', 'Rakukaja', 'Power Charge', 'Agi']
['Bewilder', 'Power Charge', 'Rakukaja', 'Hama Boost']
['Bewilder', 'Power Charge', 'Rakukaja', 'Counterstrike']
['Rakukaja', 'Bewilder', 'Dekaja', 'Auto-Masuku']
['Bewilder', 'Dekaja', 'Resist Dark', 'Power Charge']
['Rakukaja', 'Bewilder', 'Counterstrike', 'Agi']
['Bewilder', 'Counterstrike', 'High Counter', 'Rakukaja']
['Counterstrike', 'Bewilder', 'High Counter', 'Rakukaja']
['Bewilder', 'Auto-Masuku', 'Rakukaja', 'Counterstrike']
['Hama Boost', 'Rakukaja', 'Counterstrike', 'Agi']
['Bewilder', 'Agi', 'Resist Dark', 'Auto-Mataru']
['Bewilder', 'High Counter', 'Agi', 'Dekaja']
['Dekaja', 'Bewilder', 'Power Charge', 'Counterstrike']
['Bewilder', 'Auto-Mataru', 'Counterstrike', 'Power Charge']
['Bewilder', 'Auto-Masuku', 'Hama Boost', 'Counterstrike']
['Bewilder', 'Rakukaja', 'Auto-Mataru', 'Counterstrike']
['Bewilder', 'Rakukaja', 'Dekaja', 'Counterstrike']
['Bewilder', 'Rakukaja', 'Hama Boost', 'Power Charge']
['Rakukaja', 'Auto-Mataru', 'Dekaja', 'Bewilder']
['Bewilder', 'Agi', 'Resist Dark', 'Rakukaja']
['Dekaja', 'Bewilder', 'Agi', 'Rakukaja']
['Bewilder', 'Dekaja', 'Resist Dark', 'Power Charge']
['Power Charge', 'Bewilder', 'Auto-Mataru', 'Resist Dark']
['Bewilder', 'Auto-Masuku', 'Rakukaja', 'Power Charge']
['Hama Boost', 'Power Charge', 'Bewilder', 'Rakukaja']
['Hama Boost', 'Bewilder', 'Rakukaja', 'Resist Dark']
['Bewilder', 'Rakukaja', 'Resist Dark', 'Agi']
['Bewilder', 'Rakukaja', 'Resist Dark', 'Counterstrike']
['Bewilder', 'Agi', 'Hama Boost', 'Counterstrike']
['Rakukaja', 'Hama Boost', 'Bewilder', 'Dekaja']
['Hama Boost', 'Bewilder', 'Counterstrike', 'Resist Dark']
['Bewilder', 'Resist Dark', 'Agi', 'Dekaja']
['Power Charge', 'Counterstrike', 'Bewilder', 'Rakukaja']
['High Counter', 'Bewilder', 'Rakukaja', 'Power Charge']
['Bewilder', 'Dekaja', 'Hama Boost', 'Rakukaja']
['Power Charge', 'Counterstrike', 'Auto-Mataru', 'Bewilder']
['Bewilder', 'Rakukaja', 'Resist Dark', 'Counterstrike']
['Bewilder', 'Agi', 'Counterstrike', 'Hama Boost']
['Bewilder', 'Rakukaja', 'Dekaja', 'Agi']
['Bewilder', 'Hama Boost', 'Power Charge', 'Rakukaja']
['Bewilder', 'Auto-Masuku', 'Rakukaja', 'Resist Dark']
['Bewilder', 'Dekaja', 'Auto-Mataru', 'Rakukaja']
['Bewilder', 'Resist Dark', 'Rakukaja', 'Hama Boost']
['Resist Dark', 'Bewilder', 'High Counter', 'Counterstrike']
['Bewilder', 'Agi', 'Hama Boost', 'Counterstrike']
['Bewilder', 'Resist Dark', 'Counterstrike', 'Auto-Mataru']
['Rakukaja', 'Bewilder', 'Counterstrike', 'Resist Dark']
['Bewilder', 'Dekaja', 'Hama Boost', 'Auto-Mataru']
['Bewilder', 'Hama Boost', 'Resist Dark', 'Rakukaja']
['Rakukaja', 'Bewilder', 'Agi', 'Power Charge']
['Dekaja', 'Bewilder', 'Rakukaja', 'Agi']
['Bewilder', 'Power Charge', 'Rakukaja', 'Dekaja']
['Bewilder', 'Hama Boost', 'Resist Dark', 'Power Charge']
['Bewilder', 'Rakukaja', 'Counterstrike', 'Hama Boost']
['Bewilder', 'Rakukaja', 'Power Charge', 'Auto-Mataru']
['Bewilder', 'Resist Dark', 'Rakukaja', 'Auto-Masuku']
['Bewilder', 'Agi', 'Rakukaja', 'Resist Dark']
['Bewilder', 'Rakukaja', 'Resist Dark', 'Dekaja']
['Resist Dark', 'Bewilder', 'Rakukaja', 'Agi']
['Bewilder', 'Auto-Mataru', 'Auto-Masuku', 'High Counter']
['Rakukaja', 'Bewilder', 'Resist Dark', 'Counterstrike']
['Bewilder', 'Auto-Mataru', 'Auto-Masuku', 'Rakukaja']
['Bewilder', 'Power Charge', 'Resist Dark', 'Rakukaja']
['Bewilder', 'Rakukaja', 'Auto-Mataru', 'High Counter']
['Counterstrike', 'Dekaja', 'Bewilder', 'High Counter']
['Rakukaja', 'Bewilder', 'Counterstrike', 'Resist Dark']
['Bewilder', 'Resist Dark', 'Counterstrike', 'Rakukaja']
['Hama Boost', 'Bewilder', 'Power Charge', 'Agi']
['Bewilder', 'Rakukaja', 'Auto-Mataru', 'Agi']
['Auto-Mataru', 'Dekaja', 'Bewilder', 'Hama Boost']
['Bewilder', 'Rakukaja', 'Dekaja', 'Counterstrike']
['Bewilder', 'Auto-Masuku', 'Hama Boost', 'Counterstrike']
['Bewilder', 'Dekaja', 'Rakukaja', 'Power Charge']
['Rakukaja', 'Bewilder', 'Agi', 'Dekaja']
['High Counter', 'Power Charge', 'Bewilder', 'Dekaja']
['Hama Boost', 'Agi', 'Rakukaja', 'Bewilder']
['Bewilder', 'Hama Boost', 'Agi', 'Rakukaja']
['Counterstrike', 'Auto-Mataru', 'Auto-Masuku', 'Bewilder']
['Hama Boost', 'Bewilder', 'Counterstrike', 'High Counter']
['Dekaja', 'Bewilder', 'Auto-Mataru', 'Power Charge']
['Dekaja', 'Bewilder', 'High Counter', 'Agi']
['Power Charge', 'Hama Boost', 'Bewilder', 'High Counter']
['Auto-Mataru', 'Bewilder', 'Counterstrike', 'Hama Boost']
['Bewilder', 'Rakukaja', 'Counterstrike', 'Agi']
['Bewilder', 'Auto-Masuku', 'Hama Boost', 'Rakukaja']
['Bewilder', 'Resist Dark', 'Hama Boost', 'Agi']
['Bewilder', 'Counterstrike', 'Power Charge', 'Resist Dark']
['Bewilder', 'Auto-Masuku', 'High Counter', 'Rakukaja']
['Bewilder', 'High Counter', 'Auto-Mataru', 'Auto-Masuku']
['Bewilder', 'Power Charge', 'High Counter', 'Resist Dark']
['Counterstrike', 'Rakukaja', 'Bewilder', 'Agi']
['Bewilder', 'Power Charge', 'Resist Dark', 'Rakukaja']
['Bewilder', 'Dekaja', 'Resist Dark', 'Auto-Mataru']
['Bewilder', 'Power Charge', 'Auto-Masuku', 'Agi']
['Bewilder', 'Rakukaja', 'Counterstrike', 'Hama Boost']
['Power Charge', 'Hama Boost', 'Rakukaja', 'Bewilder']
['Bewilder', 'Rakukaja', 'Power Charge', 'Counterstrike']
['Bewilder', 'Resist Dark', 'Hama Boost', 'Agi']
['Agi', 'Bewilder', 'Auto-Masuku', 'Resist Dark']
['Bewilder', 'Dekaja', 'Hama Boost', 'Counterstrike']
['Bewilder', 'Power Charge', 'Rakukaja', 'Hama Boost']
['Power Charge', 'Counterstrike', 'Dekaja', 'Agi']
['Bewilder', 'Agi', 'Power Charge', 'Rakukaja']
['Bewilder', 'Rakukaja', 'Agi', 'Power Charge']
['Bewilder', 'Rakukaja', 'Auto-Masuku', 'Counterstrike']
['Auto-Masuku', 'Bewilder', 'Counterstrike', 'Power Charge']
['Dekaja', 'Hama Boost', 'Power Charge', 'Bewilder']
['Counterstrike', 'Power Charge', 'Bewilder', 'Rakukaja']
['Bewilder', 'Power Charge', 'Counterstrike', 'Auto-Mataru']
['Bewilder', 'Rakukaja', 'Auto-Masuku', 'Agi']
['Auto-Mataru', 'Bewilder', 'Rakukaja', 'Counterstrike']
['Bewilder', 'Agi', 'Resist Dark', 'Rakukaja']
['Bewilder', 'Power Charge', 'Counterstrike', 'Resist Dark']
['Bewilder', 'Rakukaja', 'Auto-Mataru', 'Agi']
['Bewilder', 'Agi', 'Dekaja', 'Auto-Masuku']
['Rakukaja', 'Bewilder', 'High Counter', 'Agi']
['Rakukaja', 'Hama Boost', 'Bewilder', 'High Counter']
['Rakukaja', 'Bewilder', 'Power Charge', 'Auto-Mataru']
['Bewilder', 'Dekaja', 'Rakukaja', 'Counterstrike']
['Bewilder', 'Auto-Mataru', 'Dekaja', 'Hama Boost']
['Bewilder', 'Rakukaja', 'Power Charge', 'Auto-Mataru']
['Bewilder', 'Auto-Mataru', 'High Counter', 'Rakukaja']
['Dekaja', 'Bewilder', 'Auto-Masuku', 'Agi']
['Agi', 'Bewilder', 'Rakukaja', 'Resist Dark']
['Bewilder', 'Power Charge', 'Auto-Masuku', 'Rakukaja']
['Dekaja', 'Bewilder', 'Power Charge', 'High Counter']
['Bewilder', 'Auto-Mataru', 'Power Charge', 'High Counter']
['Bewilder', 'Dekaja', 'Auto-Mataru', 'Counterstrike']
['Bewilder', 'Rakukaja', 'High Counter', 'Hama Boost']
['Bewilder', 'Rakukaja', 'Power Charge', 'High Counter']
['Dekaja', 'Bewilder', 'Auto-Mataru', 'Rakukaja']
['Dekaja', 'Bewilder', 'Counterstrike', 'High Counter']
['Rakukaja', 'Counterstrike', 'Bewilder', 'Hama Boost']
['Agi', 'Bewilder', 'Rakukaja', 'Resist Dark']
['Agi', 'Bewilder', 'Power Charge', 'Dekaja']
['Resist Dark', 'Bewilder', 'Auto-Mataru', 'Power Charge']
['Auto-Masuku', 'Bewilder', 'Agi', 'Resist Dark']
['Agi', 'Bewilder', 'Hama Boost', 'Dekaja']
['Bewilder', 'Dekaja', 'Power Charge', 'Rakukaja']
['Agi', 'Bewilder', 'Power Charge', 'Hama Boost']
['Bewilder', 'Dekaja', 'Power Charge', 'Resist Dark']
['Rakukaja', 'Bewilder', 'Counterstrike', 'High Counter']
['Bewilder', 'Agi', 'Resist Dark', 'Rakukaja']
['Bewilder', 'Power Charge', 'Hama Boost', 'Counterstrike']
['Counterstrike', 'Bewilder', 'Hama Boost', 'Resist Dark']
['Counterstrike', 'Bewilder', 'Rakukaja', 'High Counter']
['Bewilder', 'Auto-Mataru', 'Agi', 'Dekaja']
['Bewilder', 'Rakukaja', 'Auto-Masuku', 'Hama Boost']
['Bewilder', 'High Counter', 'Hama Boost', 'Counterstrike']
['Bewilder', 'Rakukaja', 'Resist Dark', 'Hama Boost']
['Bewilder', 'Dekaja', 'Counterstrike', 'High Counter']
['Bewilder', 'Counterstrike', 'Rakukaja', 'High Counter']
['Bewilder', 'Hama Boost', 'Agi', 'Dekaja']
['Rakukaja', 'Auto-Mataru', 'Bewilder', 'High Counter']
['Dekaja', 'Auto-Mataru', 'Bewilder', 'Hama Boost']
['Hama Boost', 'High Counter', 'Auto-Mataru', 'Bewilder']
['Bewilder', 'High Counter', 'Dekaja', 'Counterstrike']
['Hama Boost', 'Bewilder', 'Rakukaja', 'Power Charge']
['Bewilder', 'Power Charge', 'High Counter', 'Rakukaja']
['Bewilder', 'Counterstrike', 'High Counter', 'Rakukaja']
['Rakukaja', 'Bewilder', 'Counterstrike', 'Resist Dark']
['Bewilder', 'Resist Dark', 'Hama Boost', 'Rakukaja']
['Bewilder', 'Resist Dark', 'Rakukaja', 'Dekaja']
['Bewilder', 'Agi', 'Hama Boost', 'Counterstrike']
['Auto-Mataru', 'Agi', 'Hama Boost', 'Bewilder']
['Bewilder', 'Resist Dark', 'Rakukaja', 'High Counter']
['Agi', 'Bewilder', 'Resist Dark', 'Hama Boost']
['Power Charge', 'Bewilder', 'Resist Dark', 'Agi']
['Counterstrike', 'Bewilder', 'Dekaja', 'Auto-Mataru']
['Bewilder', 'Power Charge', 'Dekaja', 'Rakukaja']
['Bewilder', 'Dekaja', 'Counterstrike', 'Rakukaja']
['Bewilder', 'Auto-Masuku', 'Hama Boost', 'Power Charge']
['Rakukaja', 'Bewilder', 'Hama Boost', 'Counterstrike']
['Bewilder', 'Auto-Mataru', 'Hama Boost', 'Counterstrike']
['Bewilder', 'Counterstrike', 'High Counter', 'Power Charge']
['Bewilder', 'Resist Dark', 'Auto-Masuku', 'Auto-Mataru']
['Bewilder', 'Agi', 'Power Charge', 'Resist Dark']
['Bewilder', 'High Counter', 'Counterstrike', 'Resist Dark']
['Bewilder', 'High Counter', 'Power Charge', 'Hama Boost']
['Bewilder', 'Rakukaja', 'Power Charge', 'Auto-Masuku']
['Bewilder', 'Resist Dark', 'Rakukaja', 'Counterstrike']
['High Counter', 'Bewilder', 'Agi', 'Rakukaja']
['Bewilder', 'Auto-Masuku', 'High Counter', 'Counterstrike']
['Dekaja', 'Auto-Mataru', 'Bewilder', 'Counterstrike']
['Bewilder', 'High Counter', 'Hama Boost', 'Agi']
['Bewilder', 'Counterstrike', 'Rakukaja', 'Resist Dark']
['Agi', 'Power Charge', 'Dekaja', 'Bewilder']
['Auto-Masuku', 'Auto-Mataru', 'Counterstrike', 'Bewilder']
['Bewilder', 'Agi', 'Rakukaja', 'Power Charge']
['Rakukaja', 'Bewilder', 'Dekaja', 'Power Charge']
['Agi', 'Bewilder', 'Resist Dark', 'Power Charge']
['Rakukaja', 'Counterstrike', 'Bewilder', 'Dekaja']
['Bewilder', 'Agi', 'Resist Dark', 'Rakukaja']
['Bewilder', 'Hama Boost', 'Dekaja', 'Power Charge']
['Bewilder', 'Auto-Masuku', 'High Counter', 'Agi']
['Bewilder', 'Counterstrike', 'Resist Dark', 'Power Charge']
['Auto-Mataru', 'Bewilder', 'Counterstrike', 'Hama Boost']
['Bewilder', 'Resist Dark', 'Hama Boost', 'Agi']
['Bewilder', 'Rakukaja', 'Counterstrike', 'Dekaja']
['Bewilder', 'Rakukaja', 'Dekaja', 'Counterstrike']
['Bewilder', 'Rakukaja', 'Resist Dark', 'Power Charge']
['Counterstrike', 'Bewilder', 'Hama Boost', 'Dekaja']
['Hama Boost', 'Bewilder', 'Auto-Mataru', 'Resist Dark']
['Bewilder', 'Rakukaja', 'Counterstrike', 'Power Charge']
['Bewilder', 'Rakukaja', 'Power Charge', 'Agi']
['Resist Dark', 'Bewilder', 'Rakukaja', 'Power Charge']
['Bewilder', 'Auto-Masuku', 'Rakukaja', 'Resist Dark']
['Bewilder', 'Counterstrike', 'Agi', 'Rakukaja']
['Bewilder', 'High Counter', 'Auto-Masuku', 'Rakukaja']
['Power Charge', 'Bewilder', 'Rakukaja', 'High Counter']
['Bewilder', 'Power Charge', 'Auto-Mataru', 'Rakukaja']
['Rakukaja', 'Auto-Mataru', 'Bewilder', 'Dekaja']
['Bewilder', 'Agi', 'Hama Boost', 'Auto-Masuku']
['Bewilder', 'Counterstrike', 'Dekaja', 'Rakukaja']
['Auto-Mataru', 'Dekaja', 'Bewilder', 'Resist Dark']
['Bewilder', 'Auto-Mataru', 'Agi', 'Counterstrike']
['Rakukaja', 'Power Charge', 'Bewilder', 'Auto-Masuku']
['Auto-Mataru', 'Bewilder', 'Auto-Masuku', 'Counterstrike']
['Bewilder', 'Power Charge', 'High Counter', 'Resist Dark']
['Rakukaja', 'Bewilder', 'Power Charge', 'Counterstrike']
['Bewilder', 'Counterstrike', 'Agi', 'Power Charge']
['Bewilder', 'Hama Boost', 'Resist Dark', 'Auto-Masuku']
['Rakukaja', 'Bewilder', 'Hama Boost', 'Power Charge']
['Bewilder', 'Rakukaja', 'Auto-Masuku', 'Power Charge']
['Bewilder', 'Dekaja', 'High Counter', 'Counterstrike']
['Bewilder', 'Auto-Masuku', 'Power Charge', 'Rakukaja']
['Power Charge', 'Bewilder', 'Rakukaja', 'Agi']
['Rakukaja', 'Bewilder', 'Agi', 'Auto-Mataru']
['Power Charge', 'Bewilder', 'Dekaja', 'Rakukaja']
['Bewilder', 'Power Charge', 'Hama Boost', 'Rakukaja']
['Counterstrike', 'Bewilder', 'Resist Dark', 'Hama Boost']
['Bewilder', 'Rakukaja', 'Counterstrike', 'Auto-Mataru']
['Rakukaja', 'Bewilder', 'Counterstrike', 'Auto-Mataru']
['Bewilder', 'Dekaja', 'Resist Dark', 'High Counter']
['Resist Dark', 'Bewilder', 'Power Charge', 'High Counter']
['Bewilder', 'Power Charge', 'Counterstrike', 'Agi']
['Bewilder', 'Dekaja', 'High Counter', 'Resist Dark']
['Bewilder', 'Dekaja', 'Hama Boost', 'Rakukaja']
['Bewilder', 'Auto-Mataru', 'Auto-Masuku', 'Rakukaja']
['Bewilder', 'Auto-Mataru', 'Rakukaja', 'Hama Boost']
['Bewilder', 'Dekaja', 'Hama Boost', 'Resist Dark']
['Bewilder', 'Counterstrike', 'High Counter', 'Dekaja']
['Bewilder', 'Dekaja', 'Rakukaja', 'Auto-Mataru']
['Bewilder', 'Rakukaja', 'Power Charge', 'Auto-Mataru']
['Power Charge', 'Counterstrike', 'Resist Dark', 'Bewilder']
['Rakukaja', 'Power Charge', 'Bewilder', 'Hama Boost']
['Rakukaja', 'Agi', 'Bewilder', 'Power Charge']
['Rakukaja', 'Bewilder', 'Power Charge', 'Dekaja']
['Bewilder', 'Resist Dark', 'Rakukaja', 'Agi']
['Rakukaja', 'Resist Dark', 'Bewilder', 'Counterstrike']
['Bewilder', 'High Counter', 'Dekaja', 'Resist Dark']
['Bewilder', 'Resist Dark', 'Power Charge', 'Dekaja']
['Bewilder', 'Counterstrike', 'Rakukaja', 'Auto-Mataru']
['Resist Dark', 'Hama Boost', 'Counterstrike', 'Bewilder']
['Bewilder', 'Resist Dark', 'Agi', 'Rakukaja']
['Counterstrike', 'Bewilder', 'Rakukaja', 'Resist Dark']
['Agi', 'Counterstrike', 'Bewilder', 'Auto-Mataru']
['Rakukaja', 'Bewilder', 'Auto-Masuku', 'Hama Boost']
['Counterstrike', 'Hama Boost', 'Bewilder', 'Auto-Mataru']
['Bewilder', 'Agi', 'Counterstrike', 'Rakukaja']
['Bewilder', 'Dekaja', 'Hama Boost', 'Counterstrike']
['Bewilder', 'Counterstrike', 'Power Charge', 'Rakukaja']
['Hama Boost', 'Rakukaja', 'Counterstrike', 'Bewilder']
['Dekaja', 'Bewilder', 'Counterstrike', 'Rakukaja']
['Power Charge', 'Bewilder', 'Agi', 'Auto-Masuku']
['Bewilder', 'Auto-Masuku', 'Rakukaja', 'Resist Dark']
['Bewilder', 'Auto-Mataru', 'Rakukaja', 'Counterstrike']
['Bewilder', 'Resist Dark', 'Counterstrike', 'Auto-Masuku']
['Rakukaja', 'Bewilder', 'Power Charge', 'Resist Dark']
['Bewilder', 'Rakukaja', 'Counterstrike', 'Agi']
['Bewilder', 'Rakukaja', 'Agi', 'Hama Boost']
['Bewilder', 'Counterstrike', 'Power Charge', 'Auto-Mataru']
['Bewilder', 'Rakukaja', 'Agi', 'Resist Dark']
['Bewilder', 'Agi', 'Rakukaja', 'Resist Dark']
['Rakukaja', 'Agi', 'Bewilder', 'High Counter']
['Bewilder', 'Hama Boost', 'High Counter', 'Dekaja']
['Bewilder', 'Hama Boost', 'Rakukaja', 'Counterstrike']
['Bewilder', 'Rakukaja', 'Power Charge', 'Agi']
['Bewilder', 'High Counter', 'Rakukaja', 'Dekaja']
['Bewilder', 'Resist Dark', 'Hama Boost', 'Rakukaja']
['Hama Boost', 'Bewilder', 'Rakukaja', 'Resist Dark']
['Bewilder', 'High Counter', 'Agi', 'Auto-Masuku']
['Bewilder', 'Power Charge', 'Dekaja', 'Hama Boost']
['Rakukaja', 'Bewilder', 'Counterstrike', 'Hama Boost']
['Rakukaja', 'Bewilder', 'Auto-Masuku', 'Counterstrike']
['Bewilder', 'Rakukaja', 'Counterstrike', 'Agi']
['Bewilder', 'Auto-Masuku', 'Auto-Mataru', 'Rakukaja']
['Bewilder', 'Rakukaja', 'Counterstrike', 'Dekaja']
['Bewilder', 'Resist Dark', 'High Counter', 'Counterstrike']
['Bewilder', 'Counterstrike', 'Agi', 'Rakukaja']
['Counterstrike', 'Bewilder', 'Auto-Masuku', 'Resist Dark']
['Dekaja', 'Rakukaja', 'Auto-Mataru', 'Bewilder']
['Bewilder', 'Auto-Mataru', 'Agi', 'Auto-Masuku']
['Bewilder', 'Dekaja', 'Counterstrike', 'Resist Dark']
['Bewilder', 'Rakukaja', 'Agi', 'Auto-Masuku']
['Bewilder', 'Dekaja', 'Rakukaja', 'High Counter']
['Bewilder', 'Agi', 'Power Charge', 'Hama Boost']
['Bewilder', 'Resist Dark', 'Rakukaja', 'Hama Boost']
['Bewilder', 'Rakukaja', 'Hama Boost', 'Auto-Mataru']
['Rakukaja', 'High Counter', 'Bewilder', 'Dekaja']
['Resist Dark', 'Bewilder', 'Rakukaja', 'Dekaja']
['Dekaja', 'Bewilder', 'Auto-Masuku', 'Power Charge']
['Bewilder', 'Rakukaja', 'Auto-Mataru', 'High Counter']
['Bewilder', 'Resist Dark', 'Dekaja', 'Auto-Masuku']
['Rakukaja', 'Bewilder', 'Dekaja', 'High Counter']
['Bewilder', 'Dekaja', 'Auto-Masuku', 'Resist Dark']
['Bewilder', 'Dekaja', 'Hama Boost', 'Rakukaja']
['Bewilder', 'Counterstrike', 'Auto-Mataru', 'High Counter']
['Bewilder', 'Counterstrike', 'Rakukaja', 'High Counter']
['Bewilder', 'Hama Boost', 'Resist Dark', 'Auto-Masuku']
['Bewilder', 'Rakukaja', 'Power Charge', 'Auto-Mataru']
['Agi', 'Bewilder', 'Hama Boost', 'Rakukaja']
['Agi', 'Bewilder', 'Resist Dark', 'Power Charge']
['Dekaja', 'Bewilder', 'Hama Boost', 'High Counter']
['Hama Boost', 'Bewilder', 'Counterstrike', 'Auto-Mataru']
['Bewilder', 'Auto-Mataru', 'Rakukaja', 'Resist Dark']
['Bewilder', 'Dekaja', 'Auto-Mataru', 'Hama Boost']
['Bewilder', 'Dekaja', 'High Counter', 'Rakukaja']
['Dekaja', 'Bewilder', 'Agi', 'Auto-Masuku']
['Bewilder', 'Agi', 'Auto-Mataru', 'Rakukaja']
['Rakukaja', 'High Counter', 'Bewilder', 'Hama Boost']
['Bewilder', 'Hama Boost', 'Resist Dark', 'High Counter']
['Auto-Masuku', 'Bewilder', 'Auto-Mataru', 'Rakukaja']
['Rakukaja', 'Hama Boost', 'Bewilder', 'Power Charge']
['Bewilder', 'Auto-Mataru', 'Hama Boost', 'Rakukaja']
['Power Charge', 'Bewilder', 'Resist Dark', 'Hama Boost']
['Bewilder', 'Rakukaja', 'Auto-Mataru', 'High Counter']
['Bewilder', 'Counterstrike', 'Rakukaja', 'Hama Boost']
['Rakukaja', 'Power Charge', 'Bewilder', 'High Counter']
['Dekaja', 'Auto-Mataru', 'Bewilder', 'High Counter']
['Counterstrike', 'Bewilder', 'High Counter', 'Rakukaja']
['High Counter', 'Bewilder', 'Counterstrike', 'Resist Dark']
['Bewilder', 'Dekaja', 'Rakukaja', 'Resist Dark']
['Counterstrike', 'Bewilder', 'Dekaja', 'Rakukaja']
['Bewilder', 'Rakukaja', 'Counterstrike', 'Auto-Mataru']
['Resist Dark', 'Rakukaja', 'Bewilder', 'Auto-Mataru']
['Bewilder', 'Counterstrike', 'Rakukaja', 'Power Charge']
['Bewilder', 'Counterstrike', 'Auto-Mataru', 'Power Charge']
['Bewilder', 'Auto-Mataru', 'Counterstrike', 'Auto-Masuku']
['Auto-Masuku', 'Bewilder', 'Agi', 'Rakukaja']
['Bewilder', 'Resist Dark', 'Hama Boost', 'Agi']
['Resist Dark', 'Hama Boost', 'Bewilder', 'Auto-Masuku']
['Hama Boost', 'Bewilder', 'Resist Dark', 'High Counter']
['Bewilder', 'Power Charge', 'Dekaja', 'Auto-Masuku']
['Bewilder', 'Agi', 'Hama Boost', 'Resist Dark']
['Hama Boost', 'Agi', 'Bewilder', 'Power Charge']
['Rakukaja', 'Dekaja', 'Resist Dark', 'Bewilder']
['Auto-Mataru', 'Bewilder', 'Power Charge', 'Rakukaja']
['Bewilder', 'Counterstrike', 'Agi', 'Power Charge']
['Bewilder', 'Resist Dark', 'Hama Boost', 'Rakukaja']
['Dekaja', 'Bewilder', 'Power Charge', 'Auto-Masuku']
['Rakukaja', 'Power Charge', 'Bewilder', 'High Counter']
['Bewilder', 'Hama Boost', 'Power Charge', 'Counterstrike']
['Dekaja', 'Auto-Masuku', 'Bewilder', 'High Counter']
['Counterstrike', 'Bewilder', 'Power Charge', 'Rakukaja']
['Bewilder', 'High Counter', 'Counterstrike', 'Rakukaja']
['Bewilder', 'Resist Dark', 'Dekaja', 'Agi']
['Counterstrike', 'Resist Dark', 'Bewilder', 'Agi']
['Dekaja', 'Bewilder', 'Counterstrike', 'Power Charge']
['Bewilder', 'Agi', 'Auto-Masuku', 'Rakukaja']
['Dekaja', 'Rakukaja', 'Bewilder', 'Resist Dark']
['Counterstrike', 'Dekaja', 'Bewilder', 'Rakukaja']
['Counterstrike', 'Bewilder', 'Rakukaja', 'Dekaja']
['Bewilder', 'Agi', 'Power Charge', 'Dekaja']
['Bewilder', 'Auto-Mataru', 'Resist Dark', 'Rakukaja']
['Auto-Masuku', 'Bewilder', 'Power Charge', 'High Counter']
['Dekaja', 'Bewilder', 'Counterstrike', 'Hama Boost']
['Bewilder', 'Rakukaja', 'Agi', 'High Counter']
['Bewilder', 'High Counter', 'Agi', 'Resist Dark']
['Bewilder', 'Power Charge', 'Resist Dark', 'Auto-Masuku']
['Resist Dark', 'Counterstrike', 'Dekaja', 'Bewilder']
['Bewilder', 'Dekaja', 'Auto-Mataru', 'Rakukaja']
['Bewilder', 'Rakukaja', 'High Counter', 'Dekaja']
['Rakukaja', 'Bewilder', 'Dekaja', 'Hama Boost']
['Rakukaja', 'Bewilder', 'Power Charge', 'Hama Boost']
['Bewilder', 'Counterstrike', 'Dekaja', 'Rakukaja']
['Bewilder', 'Auto-Mataru', 'Hama Boost', 'Counterstrike']
['Bewilder', 'Dekaja', 'Counterstrike', 'Agi']
['Resist Dark', 'Bewilder', 'Dekaja', 'Counterstrike']
['Bewilder', 'Resist Dark', 'Hama Boost', 'Agi']
['Bewilder', 'Auto-Mataru', 'Counterstrike', 'Power Charge']
['Bewilder', 'Counterstrike', 'Resist Dark', 'Hama Boost']
['Hama Boost', 'Power Charge', 'Rakukaja', 'Bewilder']
['Bewilder', 'High Counter', 'Resist Dark', 'Hama Boost']
['Auto-Mataru', 'Bewilder', 'Hama Boost', 'Auto-Masuku']
['Bewilder', 'Auto-Masuku', 'Counterstrike', 'High Counter']
['Hama Boost', 'Bewilder', 'Dekaja', 'Counterstrike']
['Bewilder', 'Counterstrike', 'Power Charge', 'Resist Dark']
['Bewilder', 'High Counter', 'Counterstrike', 'Dekaja']
['Agi', 'Bewilder', 'Counterstrike', 'Hama Boost']
['Bewilder', 'Rakukaja', 'Agi', 'Hama Boost']
['Dekaja', 'Power Charge', 'Bewilder', 'Auto-Mataru']
['Bewilder', 'Rakukaja', 'Resist Dark', 'Counterstrike']
['Bewilder', 'Counterstrike', 'Agi', 'Auto-Mataru']
['Agi', 'Rakukaja', 'Bewilder', 'High Counter']
['Bewilder', 'Auto-Mataru', 'Resist Dark', 'Power Charge']
['Bewilder', 'Counterstrike', 'Agi', 'Rakukaja']
['Auto-Mataru', 'Bewilder', 'Dekaja', 'Rakukaja']
['Bewilder', 'Counterstrike', 'Agi', 'Rakukaja']
['Rakukaja', 'Bewilder', 'High Counter', 'Power Charge']
['Bewilder', 'Rakukaja', 'Agi', 'Auto-Mataru']
['Auto-Masuku', 'Bewilder', 'Hama Boost', 'Counterstrike']
['Bewilder', 'Hama Boost', 'Resist Dark', 'Agi']
['Bewilder', 'Agi', 'Resist Dark', 'High Counter']
['Bewilder', 'Counterstrike', 'Power Charge', 'Agi']
['Bewilder', 'Hama Boost', 'Auto-Mataru', 'Auto-Masuku']
['High Counter', 'Auto-Mataru', 'Rakukaja', 'Bewilder']
['Bewilder', 'Agi', 'High Counter', 'Auto-Mataru']
['Bewilder', 'Counterstrike', 'Resist Dark', 'Rakukaja']
['Bewilder', 'Rakukaja', 'Auto-Mataru', 'Resist Dark']
['Agi', 'Bewilder', 'Power Charge', 'Rakukaja']
['Bewilder', 'Resist Dark', 'Dekaja', 'Rakukaja']
['Dekaja', 'Bewilder', 'Rakukaja', 'High Counter']
['Counterstrike', 'Bewilder', 'Resist Dark', 'Rakukaja']
['Power Charge', 'Bewilder', 'Rakukaja', 'Auto-Masuku']
['Rakukaja', 'High Counter', 'Bewilder', 'Dekaja']
['Rakukaja', 'Counterstrike', 'Bewilder', 'Resist Dark']
['Power Charge', 'Resist Dark', 'Bewilder', 'Hama Boost']
['Rakukaja', 'Power Charge', 'Bewilder', 'Hama Boost']
['Agi', 'Rakukaja', 'High Counter', 'Bewilder']
['Bewilder', 'Auto-Masuku', 'Auto-Mataru', 'Counterstrike']
['Bewilder', 'Auto-Mataru', 'Counterstrike', 'Power Charge']
['Bewilder', 'Rakukaja', 'Power Charge', 'Auto-Masuku']
['Bewilder', 'Power Charge', 'Rakukaja', 'Hama Boost']
['Bewilder', 'Resist Dark', 'Power Charge', 'Auto-Mataru']
['Power Charge', 'Bewilder', 'Rakukaja', 'Resist Dark']
['Auto-Mataru', 'Bewilder', 'High Counter', 'Rakukaja']
['Bewilder', 'Agi', 'Power Charge', 'Rakukaja']
['Agi', 'Resist Dark', 'Bewilder', 'High Counter']
['High Counter', 'Bewilder', 'Rakukaja', 'Resist Dark']
['Dekaja', 'Resist Dark', 'Bewilder', 'Rakukaja']
['Bewilder', 'Auto-Masuku', 'Counterstrike', 'Hama Boost']
['Auto-Masuku', 'Bewilder', 'Rakukaja', 'Resist Dark']
['Bewilder', 'High Counter', 'Dekaja', 'Power Charge']
['Power Charge', 'Bewilder', 'Counterstrike', 'Auto-Masuku']
['Auto-Masuku', 'Bewilder', 'Hama Boost', 'Resist Dark']
['Rakukaja', 'Counterstrike', 'Agi', 'Bewilder']
['Bewilder', 'Rakukaja', 'Auto-Masuku', 'Counterstrike']
['Rakukaja', 'Bewilder', 'High Counter', 'Auto-Mataru']
['Agi', 'Auto-Masuku', 'Bewilder', 'Hama Boost']
['Rakukaja', 'Bewilder', 'Resist Dark', 'Dekaja']
['Bewilder', 'Power Charge', 'Hama Boost', 'Counterstrike']
['Dekaja', 'High Counter', 'Bewilder', 'Counterstrike']
['Bewilder', 'Power Charge', 'Rakukaja', 'Agi']
['Counterstrike', 'Bewilder', 'Power Charge', 'Auto-Masuku']
['Bewilder', 'Rakukaja', 'Agi', 'High Counter']
['Bewilder', 'High Counter', 'Rakukaja', 'Dekaja']
['Rakukaja', 'Bewilder', 'Power Charge', 'Resist Dark']
['Auto-Masuku', 'Power Charge', 'Bewilder', 'Agi']
['Rakukaja', 'Bewilder', 'Hama Boost', 'Counterstrike']
['Bewilder', 'Power Charge', 'Dekaja', 'Auto-Mataru']
['Bewilder', 'Rakukaja', 'Hama Boost', 'Auto-Masuku']
['Bewilder', 'Agi', 'Counterstrike', 'Auto-Mataru']
['Bewilder', 'Resist Dark', 'Hama Boost', 'Auto-Masuku']
['Bewilder', 'Resist Dark', 'Rakukaja', 'Agi']
['Auto-Masuku', 'Hama Boost', 'Resist Dark', 'Bewilder']
['Rakukaja', 'Auto-Mataru', 'High Counter', 'Bewilder']
['Bewilder', 'Power Charge', 'Rakukaja', 'Agi']
['Bewilder', 'Auto-Mataru', 'Power Charge', 'Rakukaja']
['Bewilder', 'Rakukaja', 'Dekaja', 'High Counter']
['Dekaja', 'Bewilder', 'Hama Boost', 'High Counter']
['Hama Boost', 'Bewilder', 'Rakukaja', 'Power Charge']
['Bewilder', 'Auto-Masuku', 'Hama Boost', 'Resist Dark']
['Bewilder', 'Rakukaja', 'Power Charge', 'Auto-Mataru']
['Bewilder', 'Dekaja', 'High Counter', 'Power Charge']
['Rakukaja', 'Power Charge', 'Bewilder', 'Agi']
['Bewilder', 'Auto-Masuku', 'Counterstrike', 'Rakukaja']
['Bewilder', 'High Counter', 'Rakukaja', 'Resist Dark']
['Hama Boost', 'Counterstrike', 'Auto-Mataru', 'Bewilder']
['Bewilder', 'Hama Boost', 'Resist Dark', 'Counterstrike']
['High Counter', 'Bewilder', 'Dekaja', 'Rakukaja']
['Hama Boost', 'Bewilder', 'Counterstrike', 'Rakukaja']
['Hama Boost', 'Bewilder', 'Counterstrike', 'Power Charge']
['Hama Boost', 'Bewilder', 'High Counter', 'Rakukaja']
['Bewilder', 'Rakukaja', 'Dekaja', 'High Counter']
['Bewilder', 'Auto-Masuku', 'Rakukaja', 'Hama Boost']
['Bewilder', 'High Counter', 'Counterstrike', 'Power Charge']
['Bewilder', 'Agi', 'Power Charge', 'Auto-Masuku']
['Bewilder', 'Power Charge', 'High Counter', 'Dekaja']
['Bewilder', 'Rakukaja', 'High Counter', 'Counterstrike']
['Bewilder', 'Auto-Mataru', 'Hama Boost', 'Rakukaja']
['Bewilder', 'Power Charge', 'Resist Dark', 'Counterstrike']
['Bewilder', 'Rakukaja', 'Resist Dark', 'Auto-Mataru']
['Bewilder', 'Dekaja', 'Resist Dark', 'Counterstrike']
['Bewilder', 'Resist Dark', 'Power Charge', 'Hama Boost']
['Bewilder', 'Rakukaja', 'Auto-Masuku', 'Agi']
['Bewilder', 'High Counter', 'Dekaja', 'Rakukaja']
['Auto-Mataru', 'Counterstrike', 'Resist Dark', 'Rakukaja']
['Bewilder', 'Auto-Mataru', 'Rakukaja', 'Hama Boost']
['Hama Boost', 'Bewilder', 'Resist Dark', 'High Counter']
['Bewilder', 'Rakukaja', 'Hama Boost', 'Auto-Masuku']
['Rakukaja', 'Bewilder', 'Resist Dark', 'Counterstrike']
['Bewilder', 'Auto-Mataru', 'Counterstrike', 'Agi']
['Bewilder', 'High Counter', 'Agi', 'Auto-Masuku']
['Bewilder', 'Counterstrike', 'Hama Boost', 'Resist Dark']
['Dekaja', 'Bewilder', 'Rakukaja', 'Agi']
['Resist Dark', 'High Counter', 'Bewilder', 'Dekaja']
['Bewilder', 'Auto-Masuku', 'Resist Dark', 'Rakukaja']
['Bewilder', 'Auto-Masuku', 'High Counter', 'Auto-Mataru']
['Hama Boost', 'Bewilder', 'Auto-Mataru', 'Rakukaja']
['Bewilder', 'Auto-Mataru', 'Power Charge', 'High Counter']
['Bewilder', 'Rakukaja', 'Auto-Mataru', 'Hama Boost']
['Power Charge', 'Bewilder', 'Auto-Mataru', 'Rakukaja']
['High Counter', 'Bewilder', 'Counterstrike', 'Rakukaja']
['Bewilder', 'Rakukaja', 'Counterstrike', 'Auto-Mataru']
['Bewilder', 'Rakukaja', 'Dekaja', 'Hama Boost']
['Hama Boost', 'Bewilder', 'Counterstrike', 'Auto-Masuku']
['Power Charge', 'Bewilder', 'Hama Boost', 'Counterstrike']
['Bewilder', 'High Counter', 'Power Charge', 'Auto-Masuku']
['Rakukaja', 'Bewilder', 'Counterstrike', 'Auto-Masuku']
['Bewilder', 'Rakukaja', 'High Counter', 'Hama Boost']
['Bewilder', 'Dekaja', 'Resist Dark', 'Counterstrike']
['Bewilder', 'Power Charge', 'Auto-Mataru', 'Hama Boost']
['Bewilder', 'Resist Dark', 'Rakukaja', 'High Counter']
['Bewilder', 'Rakukaja', 'Agi', 'Hama Boost']
['High Counter', 'Bewilder', 'Auto-Masuku', 'Rakukaja']
['Bewilder', 'Resist Dark', 'Dekaja', 'Power Charge']
['Bewilder', 'Agi', 'Power Charge', 'Rakukaja']
['Bewilder', 'Counterstrike', 'Power Charge', 'Agi']
['Counterstrike', 'Bewilder', 'High Counter', 'Agi']
['Bewilder', 'Hama Boost', 'Power Charge', 'Counterstrike']
['Bewilder', 'Resist Dark', 'Rakukaja', 'Hama Boost']
['Resist Dark', 'Auto-Mataru', 'Agi', 'Bewilder']
['Bewilder', 'Power Charge', 'Hama Boost', 'Rakukaja']
['Bewilder', 'Dekaja', 'Hama Boost', 'Rakukaja']
['Bewilder', 'Auto-Mataru', 'Power Charge', 'Rakukaja']
['Bewilder', 'Resist Dark', 'Counterstrike', 'Power Charge']
['Bewilder', 'Counterstrike', 'Resist Dark', 'Hama Boost']
['Hama Boost', 'Bewilder', 'Agi', 'High Counter']
['Bewilder', 'Hama Boost', 'Rakukaja', 'Dekaja']
['Rakukaja', 'Dekaja', 'Bewilder', 'Counterstrike']
['Counterstrike', 'Bewilder', 'Power Charge', 'Auto-Mataru']
['Bewilder', 'Agi', 'Rakukaja', 'Counterstrike']
['Bewilder', 'Dekaja', 'Counterstrike', 'Agi']
['Bewilder', 'Agi', 'Rakukaja', 'Hama Boost']
['Bewilder', 'Rakukaja', 'Hama Boost', 'Auto-Mataru']
['Bewilder', 'Rakukaja', 'Resist Dark', 'Counterstrike']
['Bewilder', 'Rakukaja', 'Auto-Masuku', 'Counterstrike']
['Bewilder', 'Dekaja', 'Counterstrike', 'Auto-Masuku']
['Bewilder', 'High Counter', 'Dekaja', 'Rakukaja']
['Bewilder', 'Rakukaja', 'High Counter', 'Dekaja']
['Bewilder', 'Resist Dark', 'Rakukaja', 'Agi']
['Bewilder', 'Dekaja', 'Rakukaja', 'Resist Dark']
['Bewilder', 'Auto-Mataru', 'Agi', 'Rakukaja']
['Bewilder', 'Dekaja', 'Rakukaja', 'Agi']
['Bewilder', 'Dekaja', 'Agi', 'Counterstrike']
['Bewilder', 'Agi', 'Hama Boost', 'Dekaja']
['Bewilder', 'Resist Dark', 'Hama Boost', 'Counterstrike']
['Power Charge', 'Bewilder', 'Rakukaja', 'Auto-Mataru']
['Dekaja', 'Rakukaja', 'Bewilder', 'High Counter']
['Auto-Masuku', 'Bewilder', 'Rakukaja', 'Resist Dark']
['Bewilder', 'Counterstrike', 'Rakukaja', 'Agi']
['Bewilder', 'Resist Dark', 'Rakukaja', 'Power Charge']
['Counterstrike', 'Bewilder', 'Auto-Masuku', 'Dekaja']
['Counterstrike', 'Rakukaja', 'Bewilder', 'Power Charge']
['Bewilder', 'Auto-Masuku', 'Resist Dark', 'Counterstrike']
['Bewilder', 'High Counter', 'Dekaja', 'Resist Dark']
['Agi', 'Power Charge', 'Bewilder', 'Hama Boost']
['Resist Dark', 'Bewilder', 'Rakukaja', 'Power Charge']
['Bewilder', 'Power Charge', 'Hama Boost', 'Rakukaja']
['Bewilder', 'Rakukaja', 'Agi', 'Counterstrike']
['Bewilder', 'Resist Dark', 'Auto-Masuku', 'Dekaja']
['Dekaja', 'Bewilder', 'Power Charge', 'Agi']
['Dekaja', 'Bewilder', 'Hama Boost', 'Auto-Masuku']
['Bewilder', 'Auto-Masuku', 'Agi', 'Auto-Mataru']
['Rakukaja', 'Hama Boost', 'Resist Dark', 'High Counter']
['Bewilder', 'Counterstrike', 'Auto-Masuku', 'Dekaja']
['Bewilder', 'Rakukaja', 'High Counter', 'Power Charge']
['Bewilder', 'Rakukaja', 'Auto-Masuku', 'Agi']
['Bewilder', 'High Counter', 'Rakukaja', 'Power Charge']
['Bewilder', 'Auto-Masuku', 'Dekaja', 'Counterstrike']
['Agi', 'Bewilder', 'Dekaja', 'Power Charge']
['Resist Dark', 'Bewilder', 'High Counter', 'Hama Boost']
['Bewilder', 'Rakukaja', 'Resist Dark', 'Hama Boost']
['Bewilder', 'Resist Dark', 'Agi', 'Hama Boost']
['Auto-Mataru', 'Bewilder', 'Counterstrike', 'Hama Boost']
['Bewilder', 'Power Charge', 'Rakukaja', 'Resist Dark']
['Bewilder', 'Rakukaja', 'Hama Boost', 'Counterstrike']
['Bewilder', 'Hama Boost', 'Rakukaja', 'Agi']
['Bewilder', 'Auto-Mataru', 'Dekaja', 'Hama Boost']
['Agi', 'Hama Boost', 'Resist Dark', 'Bewilder']
['Power Charge', 'Hama Boost', 'Auto-Masuku', 'Rakukaja']
['Power Charge', 'Rakukaja', 'Auto-Mataru', 'Bewilder']
['Bewilder', 'Power Charge', 'Rakukaja', 'High Counter']
['Bewilder', 'Counterstrike', 'High Counter', 'Dekaja']
['Hama Boost', 'Bewilder', 'Resist Dark', 'Agi']
['Bewilder', 'Counterstrike', 'High Counter', 'Dekaja']
['Bewilder', 'Auto-Mataru', 'Rakukaja', 'Counterstrike']
['Bewilder', 'Auto-Mataru', 'Dekaja', 'Agi']
['Resist Dark', 'Bewilder', 'Power Charge', 'Hama Boost']
['Bewilder', 'Hama Boost', 'Power Charge', 'Auto-Masuku']
['Hama Boost', 'Counterstrike', 'Bewilder', 'High Counter']
['Rakukaja', 'Bewilder', 'Counterstrike', 'Resist Dark']
['Bewilder', 'Resist Dark', 'Rakukaja', 'Agi']
['Rakukaja', 'Bewilder', 'Power Charge', 'Counterstrike']
['Bewilder', 'High Counter', 'Resist Dark', 'Auto-Mataru']
['Resist Dark', 'Power Charge', 'Counterstrike', 'Hama Boost']
['Bewilder', 'High Counter', 'Rakukaja', 'Hama Boost']
['Agi', 'Auto-Mataru', 'Bewilder', 'High Counter']
['Bewilder', 'Counterstrike', 'Rakukaja', 'Dekaja']
['Bewilder', 'Rakukaja', 'Power Charge', 'Auto-Mataru']
['Dekaja', 'Bewilder', 'Counterstrike', 'Auto-Mataru']
['Bewilder', 'Resist Dark', 'Auto-Mataru', 'Counterstrike']
['Power Charge', 'Bewilder', 'Resist Dark', 'Counterstrike']
['Bewilder', 'Counterstrike', 'Rakukaja', 'Dekaja']
['Dekaja', 'Bewilder', 'Rakukaja', 'Auto-Masuku']
['Bewilder', 'Hama Boost', 'Counterstrike', 'Resist Dark']
['Bewilder', 'Auto-Masuku', 'Rakukaja', 'Counterstrike']
['Bewilder', 'Power Charge', 'Rakukaja', 'Resist Dark']
['High Counter', 'Rakukaja', 'Bewilder', 'Auto-Masuku']
['Counterstrike', 'Hama Boost', 'Bewilder', 'Power Charge']
['Bewilder', 'Auto-Masuku', 'Hama Boost', 'Agi']
['Bewilder', 'Dekaja', 'Rakukaja', 'Auto-Mataru']
['Bewilder', 'Rakukaja', 'Resist Dark', 'Hama Boost']
['Bewilder', 'Auto-Masuku', 'Rakukaja', 'Hama Boost']
['Bewilder', 'Dekaja', 'Rakukaja', 'Power Charge']
['Bewilder', 'Power Charge', 'Resist Dark', 'Auto-Mataru']
['Auto-Mataru', 'Bewilder', 'Power Charge', 'Rakukaja']
['Bewilder', 'High Counter', 'Auto-Mataru', 'Power Charge']
['Bewilder', 'Counterstrike', 'Resist Dark', 'Auto-Masuku']
['Bewilder', 'Rakukaja', 'Dekaja', 'Power Charge']
['Bewilder', 'Power Charge', 'Rakukaja', 'Agi']
['Bewilder', 'Rakukaja', 'Auto-Masuku', 'Hama Boost']
['Bewilder', 'Dekaja', 'Power Charge', 'Resist Dark']
['Auto-Masuku', 'Bewilder', 'Dekaja', 'Rakukaja']
['Bewilder', 'Auto-Mataru', 'Power Charge', 'Hama Boost']
['Bewilder', 'Counterstrike', 'Auto-Mataru', 'High Counter']
['Bewilder', 'Hama Boost', 'Resist Dark', 'Power Charge']
['Bewilder', 'Dekaja', 'Power Charge', 'Auto-Masuku']
['Bewilder', 'Agi', 'Auto-Masuku', 'Rakukaja']
['Resist Dark', 'High Counter', 'Bewilder', 'Auto-Mataru']
['Bewilder', 'High Counter', 'Resist Dark', 'Auto-Mataru']
['Bewilder', 'Power Charge', 'Counterstrike', 'Agi']
['Agi', 'Bewilder', 'Auto-Masuku', 'Dekaja']
['Bewilder', 'Rakukaja', 'Resist Dark', 'Agi']
['Rakukaja', 'Bewilder', 'Agi', 'Resist Dark']
['Bewilder', 'Hama Boost', 'Power Charge', 'Agi']
['Bewilder', 'Rakukaja', 'Counterstrike', 'Auto-Masuku']
['Bewilder', 'Agi', 'Auto-Mataru', 'Hama Boost']
['Bewilder', 'Rakukaja', 'Resist Dark', 'Counterstrike']
['Dekaja', 'Bewilder', 'Counterstrike', 'Hama Boost']
['Bewilder', 'Rakukaja', 'High Counter', 'Counterstrike']
['Counterstrike', 'Dekaja', 'Bewilder', 'Rakukaja']
['Bewilder', 'Rakukaja', 'Dekaja', 'Power Charge']
['Agi', 'Bewilder', 'High Counter', 'Counterstrike']
['Rakukaja', 'Auto-Masuku', 'Bewilder', 'Power Charge']
['Bewilder', 'Rakukaja', 'Auto-Masuku', 'Power Charge']
['Bewilder', 'Agi', 'Counterstrike', 'Rakukaja']
['Bewilder', 'Power Charge', 'Counterstrike', 'Dekaja']
['Power Charge', 'Hama Boost', 'Auto-Masuku', 'Rakukaja']
['Dekaja', 'Bewilder', 'High Counter', 'Counterstrike']
['Counterstrike', 'Bewilder', 'Rakukaja', 'High Counter']
['Bewilder', 'Hama Boost', 'Agi', 'Rakukaja']
['Bewilder', 'Counterstrike', 'Rakukaja', 'Agi']
['Bewilder', 'Power Charge', 'Resist Dark', 'Auto-Masuku']
['Bewilder', 'Hama Boost', 'Resist Dark', 'Counterstrike']
['Bewilder', 'Hama Boost', 'Rakukaja', 'Resist Dark']
['Bewilder', 'Power Charge', 'Auto-Masuku', 'Agi']
['Agi', 'Rakukaja', 'Hama Boost', 'Bewilder']
['Bewilder', 'High Counter', 'Power Charge', 'Agi']
['Dekaja', 'Rakukaja', 'Auto-Masuku', 'Hama Boost']
['Dekaja', 'Bewilder', 'Hama Boost', 'Counterstrike']
['Bewilder', 'High Counter', 'Rakukaja', 'Dekaja']
['Bewilder', 'Dekaja', 'Counterstrike', 'Auto-Masuku']
['Bewilder', 'Auto-Mataru', 'Power Charge', 'Hama Boost']
['Bewilder', 'Auto-Masuku', 'Auto-Mataru', 'Dekaja']
['Bewilder', 'Rakukaja', 'Auto-Masuku', 'Counterstrike']
['Auto-Mataru', 'Bewilder', 'Hama Boost', 'Resist Dark']
['Bewilder', 'Auto-Masuku', 'Dekaja', 'Counterstrike']
['Bewilder', 'Power Charge', 'Rakukaja', 'Dekaja']
['Bewilder', 'Rakukaja', 'Hama Boost', 'Power Charge']
['Bewilder', 'Agi', 'Auto-Masuku', 'High Counter']
['Counterstrike', 'Bewilder', 'Auto-Mataru', 'Rakukaja']
['Bewilder', 'Resist Dark', 'High Counter', 'Hama Boost']
['Bewilder', 'Rakukaja', 'Agi', 'Resist Dark']
['Dekaja', 'Agi', 'Bewilder', 'Hama Boost']
['Bewilder', 'Resist Dark', 'Counterstrike', 'Rakukaja']
['Bewilder', 'Rakukaja', 'Resist Dark', 'Hama Boost']
['Bewilder', 'Rakukaja', 'Auto-Masuku', 'Agi']
['Bewilder', 'Dekaja', 'Hama Boost', 'Rakukaja']
['Bewilder', 'Auto-Masuku', 'Counterstrike', 'High Counter']
['Bewilder', 'Rakukaja', 'Auto-Masuku', 'Resist Dark']
['Bewilder', 'Auto-Mataru', 'Power Charge', 'Hama Boost']
['Resist Dark', 'Auto-Masuku', 'High Counter', 'Bewilder']
['Resist Dark', 'Bewilder', 'Auto-Masuku', 'Power Charge']
['Bewilder', 'Resist Dark', 'Agi', 'High Counter']
['Bewilder', 'Auto-Mataru', 'High Counter', 'Auto-Masuku']
['Rakukaja', 'Bewilder', 'Hama Boost', 'High Counter']
['Rakukaja', 'High Counter', 'Bewilder', 'Agi']
['Bewilder', 'Agi', 'Dekaja', 'Rakukaja']
['Bewilder', 'Dekaja', 'Auto-Mataru', 'Rakukaja']
['Counterstrike', 'Power Charge', 'Bewilder', 'Auto-Masuku']
['Hama Boost', 'Agi', 'Rakukaja', 'Bewilder']
['Rakukaja', 'Bewilder', 'Auto-Masuku', 'Power Charge']
['Bewilder', 'Hama Boost', 'Auto-Mataru', 'Counterstrike']
['Bewilder', 'Rakukaja', 'Hama Boost', 'Auto-Masuku']
['Bewilder', 'Power Charge', 'High Counter', 'Rakukaja']
['Bewilder', 'Power Charge', 'Hama Boost', 'Counterstrike']
['Bewilder', 'Power Charge', 'Auto-Masuku', 'Resist Dark']
['Auto-Masuku', 'Bewilder', 'Rakukaja', 'Auto-Mataru']
['Bewilder', 'Rakukaja', 'Dekaja', 'Hama Boost']
['Resist Dark', 'Auto-Mataru', 'Bewilder', 'Hama Boost']
['Bewilder', 'Rakukaja', 'High Counter', 'Power Charge']
['High Counter', 'Bewilder', 'Resist Dark', 'Auto-Mataru']
['Bewilder', 'Auto-Mataru', 'Rakukaja', 'Hama Boost']
['Bewilder', 'Resist Dark', 'Power Charge', 'Auto-Masuku']
['Bewilder', 'Agi', 'Rakukaja', 'Counterstrike']
['Bewilder', 'Rakukaja', 'Auto-Mataru', 'Resist Dark']
['High Counter', 'Dekaja', 'Power Charge', 'Rakukaja']
['Bewilder', 'Power Charge', 'High Counter', 'Rakukaja']
['Bewilder', 'Rakukaja', 'Agi', 'High Counter']
['Rakukaja', 'Bewilder', 'High Counter', 'Power Charge']
['Dekaja', 'Counterstrike', 'Bewilder', 'High Counter']
['Auto-Mataru', 'Auto-Masuku', 'Dekaja', 'Bewilder']
['High Counter', 'Bewilder', 'Auto-Masuku', 'Power Charge']
['Hama Boost', 'Bewilder', 'Rakukaja', 'Power Charge']
['Bewilder', 'Agi', 'Auto-Masuku', 'Power Charge']
['Bewilder', 'Counterstrike', 'Power Charge', 'Rakukaja']
['Bewilder', 'Auto-Mataru', 'Power Charge', 'Rakukaja']
['Bewilder', 'Power Charge', 'Dekaja', 'Resist Dark']
['Auto-Mataru', 'Bewilder', 'Power Charge', 'Counterstrike']
['Bewilder', 'Auto-Mataru', 'Power Charge', 'High Counter']
['Bewilder', 'Dekaja', 'Rakukaja', 'Counterstrike']
['Rakukaja', 'Bewilder', 'High Counter', 'Auto-Mataru']
['High Counter', 'Bewilder', 'Counterstrike', 'Agi']
['Counterstrike', 'Rakukaja', 'Bewilder', 'Dekaja']
['Bewilder', 'Rakukaja', 'Dekaja', 'Counterstrike']
['Power Charge', 'Agi', 'High Counter', 'Bewilder']
['High Counter', 'Rakukaja', 'Bewilder', 'Auto-Mataru']
['Bewilder', 'Power Charge', 'Resist Dark', 'Agi']
['Bewilder', 'Rakukaja', 'High Counter', 'Agi']
['Counterstrike', 'Bewilder', 'Rakukaja', 'Auto-Mataru']
['Bewilder', 'Resist Dark', 'Rakukaja', 'Agi']
['Rakukaja', 'Bewilder', 'Auto-Mataru', 'Auto-Masuku']
['Bewilder', 'Agi', 'Auto-Mataru', 'High Counter']
['Bewilder', 'Agi', 'Auto-Masuku', 'Hama Boost']
['Bewilder', 'Rakukaja', 'Hama Boost', 'Auto-Masuku']
['Auto-Masuku', 'Dekaja', 'Bewilder', 'Rakukaja']
['Bewilder', 'Rakukaja', 'Auto-Masuku', 'Dekaja']
['Resist Dark', 'Bewilder', 'Counterstrike', 'Agi']
['Hama Boost', 'Bewilder', 'Auto-Mataru', 'Dekaja']
['Bewilder', 'Rakukaja', 'Auto-Masuku', 'Power Charge']
['Hama Boost', 'High Counter', 'Agi', 'Bewilder']
['Resist Dark', 'Power Charge', 'Bewilder', 'Hama Boost']
['Auto-Mataru', 'Bewilder', 'Rakukaja', 'Auto-Masuku']
['Bewilder', 'Rakukaja', 'Auto-Masuku', 'Power Charge']
['Resist Dark', 'Bewilder', 'High Counter', 'Hama Boost']
['Bewilder', 'Auto-Masuku', 'Counterstrike', 'Resist Dark']
['Auto-Mataru', 'Bewilder', 'Auto-Masuku', 'Rakukaja']
['Bewilder', 'Auto-Masuku', 'Rakukaja', 'Counterstrike']
['Bewilder', 'High Counter', 'Dekaja', 'Hama Boost']
['Bewilder', 'Rakukaja', 'Power Charge', 'High Counter']
['Resist Dark', 'Bewilder', 'Counterstrike', 'High Counter']
['Counterstrike', 'Power Charge', 'High Counter', 'Agi']
['Rakukaja', 'Hama Boost', 'High Counter', 'Bewilder']
['Bewilder', 'High Counter', 'Counterstrike', 'Resist Dark']
['Bewilder', 'Power Charge', 'Hama Boost', 'Counterstrike']
['Bewilder', 'Agi', 'Dekaja', 'Auto-Masuku']
['Bewilder', 'Auto-Masuku', 'High Counter', 'Rakukaja']
['Agi', 'Bewilder', 'Auto-Mataru', 'Power Charge']
['Bewilder', 'High Counter', 'Auto-Mataru', 'Rakukaja']
['Bewilder', 'High Counter', 'Counterstrike', 'Dekaja']
['Dekaja', 'Bewilder', 'Rakukaja', 'High Counter']
['Bewilder', 'Auto-Mataru', 'High Counter', 'Counterstrike']
['Auto-Masuku', 'Dekaja', 'Rakukaja', 'Bewilder']
['Bewilder', 'Auto-Mataru', 'Dekaja', 'Resist Dark']
['Dekaja', 'Bewilder', 'Power Charge', 'Agi']
['Agi', 'Bewilder', 'Auto-Mataru', 'Dekaja']
['Bewilder', 'Counterstrike', 'Power Charge', 'Resist Dark']
['Bewilder', 'Counterstrike', 'Rakukaja', 'Resist Dark']
['Bewilder', 'Dekaja', 'Rakukaja', 'Auto-Mataru']
['Dekaja', 'Bewilder', 'Auto-Masuku', 'Rakukaja']
['Bewilder', 'Agi', 'Dekaja', 'High Counter']
['Counterstrike', 'Resist Dark', 'Dekaja', 'Bewilder']
['Rakukaja', 'Auto-Mataru', 'Bewilder', 'Counterstrike']
['Rakukaja', 'High Counter', 'Bewilder', 'Power Charge']
['Bewilder', 'Hama Boost', 'Resist Dark', 'Counterstrike']
['Bewilder', 'Hama Boost', 'Resist Dark', 'Power Charge']
['Bewilder', 'High Counter', 'Auto-Masuku', 'Rakukaja']
['Bewilder', 'Rakukaja', 'Resist Dark', 'Hama Boost']
['Bewilder', 'Rakukaja', 'Dekaja', 'Hama Boost']
['Bewilder', 'Agi', 'Auto-Mataru', 'Dekaja']
['Bewilder', 'Dekaja', 'Resist Dark', 'Hama Boost']
['Hama Boost', 'Bewilder', 'Rakukaja', 'Counterstrike']
['Bewilder', 'Counterstrike', 'Agi', 'Auto-Mataru']
['Bewilder', 'Rakukaja', 'Hama Boost', 'Resist Dark']
['Bewilder', 'Auto-Mataru', 'Auto-Masuku', 'Hama Boost']
['Bewilder', 'Auto-Masuku', 'Rakukaja', 'High Counter']
['Resist Dark', 'Bewilder', 'Hama Boost', 'Counterstrike']
['Bewilder', 'Power Charge', 'Agi', 'Auto-Mataru']
['High Counter', 'Power Charge', 'Agi', 'Hama Boost']
['Bewilder', 'Dekaja', 'Power Charge', 'High Counter']
['Bewilder', 'Hama Boost', 'High Counter', 'Power Charge']
['Bewilder', 'Dekaja', 'Agi', 'Auto-Masuku']
['Auto-Masuku', 'Counterstrike', 'Dekaja', 'Bewilder']
['Bewilder', 'Hama Boost', 'Auto-Masuku', 'Rakukaja']
['Bewilder', 'Rakukaja', 'Counterstrike', 'Resist Dark']
['Bewilder', 'Hama Boost', 'Rakukaja', 'Dekaja']
['Bewilder', 'Resist Dark', 'Rakukaja', 'Power Charge']
['Bewilder', 'Rakukaja', 'Power Charge', 'Resist Dark']
['Bewilder', 'Rakukaja', 'Resist Dark', 'Counterstrike']
['Bewilder', 'Rakukaja', 'Resist Dark', 'Counterstrike']
['Auto-Mataru', 'Bewilder', 'Counterstrike', 'Auto-Masuku']
['Auto-Masuku', 'Bewilder', 'Agi', 'Hama Boost']
['Resist Dark', 'Rakukaja', 'Bewilder', 'Auto-Mataru']
['High Counter', 'Bewilder', 'Hama Boost', 'Dekaja']
['Bewilder', 'Hama Boost', 'Agi', 'Dekaja']
['Counterstrike', 'Bewilder', 'Hama Boost', 'Resist Dark']
['Dekaja', 'Auto-Mataru', 'Bewilder', 'Agi']
['Bewilder', 'Auto-Mataru', 'Rakukaja', 'High Counter']
['Bewilder', 'Rakukaja', 'Auto-Mataru', 'Resist Dark']
['Bewilder', 'Resist Dark', 'Counterstrike', 'Auto-Mataru']
['Bewilder', 'Counterstrike', 'Auto-Mataru', 'Power Charge']
['Bewilder', 'Hama Boost', 'Resist Dark', 'Counterstrike']
['Dekaja', 'Bewilder', 'Auto-Masuku', 'Counterstrike']
['Auto-Masuku', 'Bewilder', 'Hama Boost', 'Auto-Mataru']
['Bewilder', 'Power Charge', 'Rakukaja', 'Hama Boost']
['Bewilder', 'High Counter', 'Rakukaja', 'Resist Dark']
['Power Charge', 'Bewilder', 'Auto-Masuku', 'Counterstrike']
['Bewilder', 'Agi', 'Auto-Masuku', 'Dekaja']
['Resist Dark', 'Counterstrike', 'Hama Boost', 'Bewilder']
['Bewilder', 'High Counter', 'Resist Dark', 'Hama Boost']
['Counterstrike', 'Bewilder', 'Hama Boost', 'Resist Dark']
['Bewilder', 'Dekaja', 'Hama Boost', 'High Counter']
['Rakukaja', 'Bewilder', 'Agi', 'Counterstrike']
['High Counter', 'Bewilder', 'Rakukaja', 'Hama Boost']
['Counterstrike', 'Bewilder', 'Agi', 'Hama Boost']
['Bewilder', 'Hama Boost', 'Counterstrike', 'Power Charge']
['Resist Dark', 'Rakukaja', 'Bewilder', 'Auto-Mataru']
['Bewilder', 'Auto-Mataru', 'Rakukaja', 'Power Charge']
['Bewilder', 'Hama Boost', 'Power Charge', 'Agi']
['Bewilder', 'Agi', 'Hama Boost', 'Auto-Mataru']
['Power Charge', 'Auto-Mataru', 'Bewilder', 'Agi']
['Bewilder', 'Resist Dark', 'Power Charge', 'Counterstrike']
['Rakukaja', 'Bewilder', 'Dekaja', 'Agi']
['Rakukaja', 'Bewilder', 'Counterstrike', 'Agi']
['Bewilder', 'Resist Dark', 'Rakukaja', 'Agi']
['Bewilder', 'Dekaja', 'Counterstrike', 'Rakukaja']
['Bewilder', 'Power Charge', 'Dekaja', 'Auto-Masuku']
['Bewilder', 'Auto-Masuku', 'Agi', 'Hama Boost']
['Bewilder', 'Counterstrike', 'High Counter', 'Rakukaja']
['Bewilder', 'Resist Dark', 'Hama Boost', 'Agi']
['Hama Boost', 'Bewilder', 'High Counter', 'Counterstrike']
['Bewilder', 'Dekaja', 'Auto-Masuku', 'Hama Boost']
['Bewilder', 'Counterstrike', 'Auto-Masuku', 'Rakukaja']
['Rakukaja', 'Dekaja', 'Bewilder', 'High Counter']
['Bewilder', 'Agi', 'High Counter', 'Dekaja']
['Hama Boost', 'Power Charge', 'Bewilder', 'Resist Dark']
['High Counter', 'Bewilder', 'Rakukaja', 'Auto-Mataru']
['Bewilder', 'Auto-Masuku', 'Hama Boost', 'Rakukaja']
['Bewilder', 'Counterstrike', 'Hama Boost', 'Resist Dark']
['Bewilder', 'Auto-Masuku', 'Counterstrike', 'Agi']
['Bewilder', 'Counterstrike', 'Auto-Mataru', 'Rakukaja']
['Bewilder', 'Dekaja', 'Counterstrike', 'Rakukaja']
['Bewilder', 'High Counter', 'Auto-Mataru', 'Rakukaja']
['Dekaja', 'Bewilder', 'High Counter', 'Agi']
['Bewilder', 'Power Charge', 'Rakukaja', 'Hama Boost']
['Rakukaja', 'Bewilder', 'Auto-Mataru', 'Counterstrike']
['Bewilder', 'Rakukaja', 'Power Charge', 'Agi']
['Resist Dark', 'Bewilder', 'High Counter', 'Hama Boost']
['Bewilder', 'High Counter', 'Power Charge', 'Hama Boost']
['Rakukaja', 'Auto-Masuku', 'Bewilder', 'Agi']
['Counterstrike', 'Bewilder', 'Resist Dark', 'Power Charge']
['Hama Boost', 'Resist Dark', 'Bewilder', 'Counterstrike']
['Auto-Masuku', 'Power Charge', 'Bewilder', 'Rakukaja']
['Bewilder', 'Power Charge', 'High Counter', 'Agi']
['Bewilder', 'Rakukaja', 'High Counter', 'Auto-Mataru']
['Rakukaja', 'Power Charge', 'Bewilder', 'Agi']
['Bewilder', 'Auto-Masuku', 'Power Charge', 'Resist Dark']
['Resist Dark', 'Bewilder', 'Auto-Masuku', 'Rakukaja']
['Bewilder', 'Rakukaja', 'Resist Dark', 'Dekaja']
['Bewilder', 'Hama Boost', 'Counterstrike', 'Power Charge']
['Agi', 'Bewilder', 'Power Charge', 'Hama Boost']
['Hama Boost', 'Bewilder', 'Resist Dark', 'Rakukaja']
['Bewilder', 'Agi', 'Counterstrike', 'Hama Boost']
['High Counter', 'Bewilder', 'Resist Dark', 'Rakukaja']
['Rakukaja', 'Auto-Mataru', 'Bewilder', 'Power Charge']
['Bewilder', 'Rakukaja', 'Agi', 'Dekaja']
['Hama Boost', 'Bewilder', 'Dekaja', 'Rakukaja']
['Hama Boost', 'Bewilder', 'Auto-Mataru', 'Power Charge']
['Bewilder', 'Rakukaja', 'Auto-Masuku', 'Hama Boost']
['Bewilder', 'Rakukaja', 'High Counter', 'Hama Boost']
['High Counter', 'Agi', 'Bewilder', 'Rakukaja']
['Bewilder', 'Dekaja', 'Agi', 'Power Charge']
['Bewilder', 'Hama Boost', 'Agi', 'Rakukaja']
['Bewilder', 'Hama Boost', 'Rakukaja', 'Dekaja']
['Bewilder', 'Rakukaja', 'Resist Dark', 'Agi']
['Power Charge', 'Resist Dark', 'Bewilder', 'High Counter']
['Bewilder', 'Rakukaja', 'High Counter', 'Resist Dark']
['Resist Dark', 'Bewilder', 'Auto-Mataru', 'Rakukaja']
['Bewilder', 'Auto-Masuku', 'Power Charge', 'Rakukaja']
['Bewilder', 'Counterstrike', 'High Counter', 'Auto-Masuku']
['Power Charge', 'Hama Boost', 'Bewilder', 'Agi']
['Bewilder', 'Power Charge', 'Rakukaja', 'Hama Boost']
['Rakukaja', 'Bewilder', 'High Counter', 'Resist Dark']
['Bewilder', 'Resist Dark', 'Rakukaja', 'Dekaja']
['Bewilder', 'Counterstrike', 'Hama Boost', 'Auto-Masuku']
['Bewilder', 'Resist Dark', 'Auto-Masuku', 'Rakukaja']
['Rakukaja', 'Bewilder', 'Resist Dark', 'Dekaja']
['Bewilder', 'Resist Dark', 'High Counter', 'Power Charge']
['Auto-Masuku', 'Bewilder', 'Dekaja', 'Rakukaja']
['Auto-Mataru', 'Bewilder', 'Agi', 'Rakukaja']
['Hama Boost', 'Bewilder', 'Agi', 'Resist Dark']
['Rakukaja', 'Counterstrike', 'Bewilder', 'Power Charge']
['Bewilder', 'Power Charge', 'Dekaja', 'Resist Dark']
['Resist Dark', 'Agi', 'Bewilder', 'Auto-Mataru']
['Rakukaja', 'Bewilder', 'Resist Dark', 'Hama Boost']
['Dekaja', 'Bewilder', 'Auto-Masuku', 'Counterstrike']
['Bewilder', 'Dekaja', 'Power Charge', 'Auto-Masuku']
['Bewilder', 'Resist Dark', 'Power Charge', 'Rakukaja']
['Bewilder', 'Power Charge', 'Agi', 'Rakukaja']
['Bewilder', 'Auto-Masuku', 'Rakukaja', 'Hama Boost']
['Rakukaja', 'Dekaja', 'Power Charge', 'Bewilder']
['Dekaja', 'Bewilder', 'High Counter', 'Counterstrike']
['Bewilder', 'Hama Boost', 'Resist Dark', 'High Counter']
['Resist Dark', 'Bewilder', 'Rakukaja', 'Dekaja']
['Bewilder', 'Power Charge', 'Auto-Masuku', 'High Counter']
['Hama Boost', 'Bewilder', 'Auto-Masuku', 'High Counter']
['Bewilder', 'Power Charge', 'Hama Boost', 'Resist Dark']
['Bewilder', 'Rakukaja', 'Auto-Mataru', 'Agi']
['Bewilder', 'Rakukaja', 'Counterstrike', 'Hama Boost']
['Bewilder', 'Agi', 'Resist Dark', 'Auto-Masuku']
['Dekaja', 'Bewilder', 'Counterstrike', 'Auto-Masuku']
['Counterstrike', 'Bewilder', 'Auto-Mataru', 'Auto-Masuku']
['Bewilder', 'Rakukaja', 'Power Charge', 'Counterstrike']
['Rakukaja', 'Bewilder', 'Hama Boost', 'Power Charge']
['Bewilder', 'Power Charge', 'Rakukaja', 'Agi']
['Bewilder', 'Power Charge', 'Rakukaja', 'Counterstrike']
['Bewilder', 'Power Charge', 'Hama Boost', 'Agi']
['Auto-Masuku', 'Bewilder', 'Hama Boost', 'Power Charge']
