['Null Dark', 'Poisma', 'Ice Break', 'Apt Pupil']
['Poisma', 'Null Fire', 'Ice Break', 'Apt Pupil']
['Poisma', 'Mabufula', 'Maragidyne', 'Ice Break']
['Poisma', 'Mabufula', 'Maragidyne', 'Ice Break']
['Poisma', 'Zio', 'Null Fire', 'Mabufula']
['Poisma', 'Resist Fire', 'Ice Break', 'Null Fire']
['Poisma', 'Zio', 'Null Fire', 'Resist Fire']
['Poisma', 'Resist Fire', 'Null Dark', 'Null Fire']
['Resist Fire', 'Poisma', 'Megidola', 'Zio']
['Ice Break', 'Poisma', 'Stagnant Air', 'Apt Pupil']
['Poisma', 'Apt Pupil', 'Null Dark', 'Zio']
['Poisma', 'Null Fire', 'Ice Break', 'Resist Fire']
['Resist Fire', 'Null Dark', 'Stagnant Air', 'Apt Pupil']
['Poisma', 'Zio', 'Null Fire', 'Resist Fire']
['Maragidyne', 'Poisma', 'Null Fire', 'Null Dark']
['Poisma', 'Null Dark', 'Ice Break', 'Zio']
['Null Fire', 'Poisma', 'Stagnant Air', 'Zio']
['Poisma', 'Null Dark', 'Stagnant Air', 'Apt Pupil']
['Poisma', 'Apt Pupil', 'Zio', 'Resist Fire']
['Poisma', 'Mabufula', 'Ice Break', 'Null Fire']
['Poisma', 'Zio', 'Resist Fire', 'Stagnant Air']
['Poisma', 'Null Dark', 'Ice Break', 'Bufudyne']
['Poisma', 'Ice Break', 'Null Dark', 'Stagnant Air']
['Poisma', 'Stagnant Air', 'Ice Break', 'Null Dark']
['Poisma', 'Zio', 'Ice Break', 'Null Dark']
['Poisma', 'Megidola', 'Ice Break', 'Null Dark']
['Poisma', 'Ice Break', 'Mabufula', 'Zio']
['Null Fire', 'Poisma', 'Resist Fire', 'Stagnant Air']
['Zio', 'Poisma', 'Null Fire', 'Mabufula']
['Null Dark', 'Poisma', 'Resist Fire', 'Mabufula']
['Poisma', 'Ice Break', 'Apt Pupil', 'Null Fire']
['Poisma', 'Apt Pupil', 'Null Fire', 'Zio']
['Poisma', 'Stagnant Air', 'Null Dark', 'Maragidyne']
['Poisma', 'Apt Pupil', 'Zio', 'Null Dark']
['Mabufula', 'Resist Fire', 'Poisma', 'Apt Pupil']
['Poisma', 'Null Fire', 'Apt Pupil', 'Null Dark']
['Poisma', 'Apt Pupil', 'Ice Break', 'Null Fire']
['Zio', 'Poisma', 'Ice Break', 'Resist Fire']
['Megidola', 'Poisma', 'Resist Fire', 'Stagnant Air']
['Poisma', 'Zio', 'Apt Pupil', 'Resist Fire']
['Stagnant Air', 'Resist Fire', 'Poisma', 'Null Fire']
['Apt Pupil', 'Poisma', 'Zio', 'Null Dark']
['Apt Pupil', 'Poisma', 'Null Dark', 'Null Fire']
['Zio', 'Apt Pupil', 'Poisma', 'Null Fire']
['Poisma', 'Null Fire', 'Ice Break', 'Bufudyne']
['Poisma', 'Ice Break', 'Null Dark', 'Resist Fire']
['Poisma', 'Maragidyne', 'Null Fire', 'Null Dark']
['Ice Break', 'Poisma', 'Null Fire', 'Mabufula']
['Poisma', 'Null Fire', 'Mabufula', 'Resist Fire']
['Poisma', 'Apt Pupil', 'Stagnant Air', 'Null Dark']
['Poisma', 'Ice Break', 'Apt Pupil', 'Resist Fire']
['Poisma', 'Null Dark', 'Null Fire', 'Apt Pupil']
['Null Fire', 'Poisma', 'Ice Break', 'Apt Pupil']
['Stagnant Air', 'Poisma', 'Zio', 'Null Dark']
['Poisma', 'Apt Pupil', 'Stagnant Air', 'Zio']
['Poisma', 'Zio', 'Null Dark', 'Apt Pupil']
['Poisma', 'Null Dark', 'Ice Break', 'Apt Pupil']
['Poisma', 'Ice Break', 'Bufudyne', 'Apt Pupil']
['Poisma', 'Resist Fire', 'Mabufula', 'Apt Pupil']
['Null Dark', 'Poisma', 'Resist Fire', 'Apt Pupil']
['Null Dark', 'Mabufula', 'Null Fire', 'Poisma']
['Poisma', 'Zio', 'Null Fire', 'Resist Fire']
['Poisma', 'Bufudyne', 'Null Fire', 'Megidola']
['Zio', 'Poisma', 'Apt Pupil', 'Resist Fire']
['Resist Fire', 'Poisma', 'Null Fire', 'Mabufula']
['Poisma', 'Apt Pupil', 'Zio', 'Resist Fire']
['Poisma', 'Ice Break', 'Mabufula', 'Apt Pupil']
['Poisma', 'Null Fire', 'Null Dark', 'Resist Fire']
['Poisma', 'Resist Fire', 'Ice Break', 'Null Fire']
['Null Dark', 'Poisma', 'Resist Fire', 'Bufudyne']
['Poisma', 'Null Fire', 'Maragidyne', 'Apt Pupil']
['Apt Pupil', 'Poisma', 'Resist Fire', 'Zio']
['Apt Pupil', 'Ice Break', 'Poisma', 'Null Fire']
['Ice Break', 'Null Dark', 'Poisma', 'Null Fire']
['Zio', 'Poisma', 'Resist Fire', 'Bufudyne']
['Poisma', 'Zio', 'Null Fire', 'Bufudyne']
['Poisma', 'Null Dark', 'Stagnant Air', 'Null Fire']
['Null Dark', 'Stagnant Air', 'Poisma', 'Resist Fire']
['Null Dark', 'Poisma', 'Megidola', 'Ice Break']
['Poisma', 'Ice Break', 'Null Dark', 'Resist Fire']
['Ice Break', 'Null Dark', 'Zio', 'Poisma']
['Null Fire', 'Poisma', 'Resist Fire', 'Apt Pupil']
['Ice Break', 'Poisma', 'Apt Pupil', 'Null Dark']
['Poisma', 'Ice Break', 'Null Dark', 'Null Fire']
['Poisma', 'Ice Break', 'Resist Fire', 'Zio']
['Poisma', 'Resist Fire', 'Zio', 'Null Dark']
['Poisma', 'Resist Fire', 'Zio', 'Ice Break']
['Poisma', 'Null Dark', 'Apt Pupil', 'Resist Fire']
['Poisma', 'Resist Fire', 'Null Fire', 'Null Dark']
['Poisma', 'Null Fire', 'Null Dark', 'Resist Fire']
['Poisma', 'Resist Fire', 'Ice Break', 'Stagnant Air']
['Poisma', 'Null Dark', 'Resist Fire', 'Ice Break']
['Poisma', 'Null Dark', 'Resist Fire', 'Ice Break']
['Poisma', 'Resist Fire', 'Null Dark', 'Apt Pupil']
['Null Fire', 'Poisma', 'Stagnant Air', 'Zio']
['Stagnant Air', 'Poisma', 'Resist Fire', 'Ice Break']
['Null Fire', 'Poisma', 'Stagnant Air', 'Megidola']
['Poisma', 'Apt Pupil', 'Maragidyne', 'Ice Break']
['Poisma', 'Null Dark', 'Resist Fire', 'Zio']
['Poisma', 'Null Dark', 'Zio', 'Stagnant Air']
['Poisma', 'Null Dark', 'Ice Break', 'Zio']
['Poisma', 'Megidola', 'Ice Break', 'Apt Pupil']
['Zio', 'Null Fire', 'Poisma', 'Resist Fire']
['Poisma', 'Apt Pupil', 'Null Fire', 'Resist Fire']
['Poisma', 'Zio', 'Resist Fire', 'Apt Pupil']
['Poisma', 'Bufudyne', 'Resist Fire', 'Zio']
['Poisma', 'Ice Break', 'Apt Pupil', 'Null Fire']
['Poisma', 'Null Fire', 'Resist Fire', 'Apt Pupil']
['Poisma', 'Ice Break', 'Resist Fire', 'Zio']
['Poisma', 'Maragidyne', 'Resist Fire', 'Null Fire']
['Poisma', 'Null Dark', 'Ice Break', 'Resist Fire']
['Poisma', 'Bufudyne', 'Null Dark', 'Resist Fire']
['Poisma', 'Apt Pupil', 'Null Dark', 'Zio']
['Poisma', 'Null Dark', 'Null Fire', 'Resist Fire']
['Ice Break', 'Null Fire', 'Poisma', 'Stagnant Air']
['Poisma', 'Apt Pupil', 'Zio', 'Resist Fire']
['Poisma', 'Stagnant Air', 'Null Fire', 'Megidola']
['Poisma', 'Resist Fire', 'Apt Pupil', 'Null Dark']
['Poisma', 'Resist Fire', 'Apt Pupil', 'Ice Break']
['Poisma', 'Zio', 'Apt Pupil', 'Ice Break']
['Poisma', 'Null Fire', 'Apt Pupil', 'Resist Fire']
['Poisma', 'Bufudyne', 'Resist Fire', 'Ice Break']
['Poisma', 'Resist Fire', 'Mabufula', 'Zio']
['Poisma', 'Null Dark', 'Resist Fire', 'Null Fire']
['Poisma', 'Zio', 'Null Dark', 'Null Fire']
['Poisma', 'Apt Pupil', 'Ice Break', 'Resist Fire']
['Poisma', 'Resist Fire', 'Apt Pupil', 'Null Dark']
['Poisma', 'Zio', 'Null Dark', 'Bufudyne']
['Null Fire', 'Poisma', 'Null Dark', 'Ice Break']
['Resist Fire', 'Null Fire', 'Null Dark', 'Poisma']
['Poisma', 'Stagnant Air', 'Apt Pupil', 'Mabufula']
['Poisma', 'Apt Pupil', 'Zio', 'Null Fire']
['Ice Break', 'Null Fire', 'Poisma', 'Resist Fire']
['Poisma', 'Null Dark', 'Null Fire', 'Apt Pupil']
['Poisma', 'Ice Break', 'Resist Fire', 'Null Dark']
['Poisma', 'Maragidyne', 'Ice Break', 'Null Fire']
['Mabufula', 'Resist Fire', 'Zio', 'Poisma']
['Poisma', 'Null Fire', 'Ice Break', 'Resist Fire']
['Poisma', 'Resist Fire', 'Null Fire', 'Zio']
['Resist Fire', 'Megidola', 'Poisma', 'Null Dark']
['Poisma', 'Null Dark', 'Apt Pupil', 'Resist Fire']
['Poisma', 'Resist Fire', 'Ice Break', 'Zio']
['Poisma', 'Bufudyne', 'Resist Fire', 'Ice Break']
['Null Fire', 'Poisma', 'Resist Fire', 'Null Dark']
['Megidola', 'Poisma', 'Stagnant Air', 'Null Fire']
['Null Fire', 'Poisma', 'Ice Break', 'Zio']
['Resist Fire', 'Stagnant Air', 'Poisma', 'Ice Break']
['Apt Pupil', 'Poisma', 'Resist Fire', 'Null Dark']
['Zio', 'Poisma', 'Apt Pupil', 'Ice Break']
['Poisma', 'Zio', 'Resist Fire', 'Null Dark']
['Poisma', 'Ice Break', 'Apt Pupil', 'Null Dark']
['Poisma', 'Maragidyne', 'Ice Break', 'Resist Fire']
['Poisma', 'Null Dark', 'Apt Pupil', 'Bufudyne']
['Megidola', 'Resist Fire', 'Poisma', 'Null Fire']
['Poisma', 'Megidola', 'Ice Break', 'Resist Fire']
['Poisma', 'Null Fire', 'Resist Fire', 'Apt Pupil']
['Poisma', 'Zio', 'Bufudyne', 'Maragidyne']
['Poisma', 'Zio', 'Null Fire', 'Apt Pupil']
['Zio', 'Poisma', 'Maragidyne', 'Ice Break']
['Poisma', 'Apt Pupil', 'Resist Fire', 'Zio']
['Zio', 'Apt Pupil', 'Null Fire', 'Poisma']
['Poisma', 'Ice Break', 'Null Fire', 'Apt Pupil']
['Mabufula', 'Poisma', 'Megidola', 'Null Dark']
['Apt Pupil', 'Poisma', 'Null Dark', 'Bufudyne']
['Poisma', 'Maragidyne', 'Zio', 'Null Dark']
['Zio', 'Poisma', 'Resist Fire', 'Stagnant Air']
['Stagnant Air', 'Poisma', 'Apt Pupil', 'Megidola']
['Null Fire', 'Poisma', 'Zio', 'Maragidyne']
['Poisma', 'Apt Pupil', 'Null Dark', 'Null Fire']
['Poisma', 'Null Fire', 'Resist Fire', 'Ice Break']
['Poisma', 'Zio', 'Stagnant Air', 'Resist Fire']
['Poisma', 'Ice Break', 'Bufudyne', 'Resist Fire']
['Poisma', 'Megidola', 'Null Fire', 'Null Dark']
['Poisma', 'Apt Pupil', 'Resist Fire', 'Mabufula']
['Poisma', 'Stagnant Air', 'Apt Pupil', 'Null Fire']
['Poisma', 'Null Dark', 'Null Fire', 'Maragidyne']
['Resist Fire', 'Apt Pupil', 'Poisma', 'Maragidyne']
['Poisma', 'Stagnant Air', 'Maragidyne', 'Null Dark']
['Poisma', 'Resist Fire', 'Apt Pupil', 'Zio']
['Poisma', 'Zio', 'Resist Fire', 'Null Fire']
['Poisma', 'Resist Fire', 'Stagnant Air', 'Null Dark']
['Apt Pupil', 'Poisma', 'Null Fire', 'Zio']
['Poisma', 'Null Fire', 'Apt Pupil', 'Null Dark']
['Poisma', 'Ice Break', 'Stagnant Air', 'Null Fire']
['Poisma', 'Apt Pupil', 'Ice Break', 'Null Dark']
['Poisma', 'Apt Pupil', 'Null Fire', 'Ice Break']
['Maragidyne', 'Null Dark', 'Poisma', 'Resist Fire']
['Poisma', 'Null Fire', 'Null Dark', 'Resist Fire']
['Bufudyne', 'Poisma', 'Apt Pupil', 'Ice Break']
['Poisma', 'Null Dark', 'Ice Break', 'Zio']
['Poisma', 'Maragidyne', 'Null Dark', 'Zio']
['Poisma', 'Null Fire', 'Zio', 'Mabufula']
['Poisma', 'Ice Break', 'Resist Fire', 'Apt Pupil']
['Poisma', 'Null Dark', 'Resist Fire', 'Null Fire']
['Poisma', 'Maragidyne', 'Null Dark', 'Stagnant Air']
['Poisma', 'Apt Pupil', 'Null Fire', 'Ice Break']
['Poisma', 'Null Dark', 'Zio', 'Apt Pupil']
['Apt Pupil', 'Poisma', 'Null Fire', 'Zio']
['Poisma', 'Null Fire', 'Megidola', 'Null Dark']
['Poisma', 'Apt Pupil', 'Resist Fire', 'Ice Break']
['Poisma', 'Stagnant Air', 'Apt Pupil', 'Null Fire']
['Apt Pupil', 'Poisma', 'Resist Fire', 'Null Dark']
['Poisma', 'Apt Pupil', 'Null Fire', 'Zio']
['Poisma', 'Zio', 'Null Dark', 'Null Fire']
['Poisma', 'Null Dark', 'Zio', 'Null Fire']
['Poisma', 'Null Fire', 'Null Dark', 'Ice Break']
['Poisma', 'Ice Break', 'Null Dark', 'Maragidyne']
['Poisma', 'Mabufula', 'Null Fire', 'Bufudyne']
['Poisma', 'Null Fire', 'Zio', 'Resist Fire']
['Poisma', 'Null Fire', 'Zio', 'Apt Pupil']
['Poisma', 'Zio', 'Bufudyne', 'Null Fire']
['Poisma', 'Null Dark', 'Mabufula', 'Null Fire']
['Poisma', 'Resist Fire', 'Apt Pupil', 'Stagnant Air']
['Poisma', 'Zio', 'Null Fire', 'Ice Break']
['Apt Pupil', 'Mabufula', 'Poisma', 'Resist Fire']
['Resist Fire', 'Poisma', 'Null Fire', 'Null Dark']
['Poisma', 'Maragidyne', 'Zio', 'Stagnant Air']
['Poisma', 'Zio', 'Null Fire', 'Apt Pupil']
['Poisma', 'Resist Fire', 'Null Fire', 'Zio']
['Poisma', 'Ice Break', 'Apt Pupil', 'Null Dark']
['Poisma', 'Stagnant Air', 'Zio', 'Apt Pupil']
['Poisma', 'Resist Fire', 'Maragidyne', 'Apt Pupil']
['Mabufula', 'Resist Fire', 'Zio', 'Poisma']
['Poisma', 'Null Dark', 'Null Fire', 'Stagnant Air']
['Poisma', 'Ice Break', 'Null Dark', 'Apt Pupil']
['Poisma', 'Null Fire', 'Apt Pupil', 'Null Dark']
['Poisma', 'Mabufula', 'Null Dark', 'Zio']
['Poisma', 'Null Dark', 'Zio', 'Maragidyne']
['Bufudyne', 'Poisma', 'Ice Break', 'Apt Pupil']
['Zio', 'Poisma', 'Ice Break', 'Null Fire']
['Poisma', 'Bufudyne', 'Null Fire', 'Ice Break']
['Poisma', 'Zio', 'Apt Pupil', 'Null Dark']
['Poisma', 'Ice Break', 'Null Dark', 'Zio']
['Poisma', 'Megidola', 'Apt Pupil', 'Zio']
['Poisma', 'Apt Pupil', 'Resist Fire', 'Null Fire']
['Poisma', 'Zio', 'Null Dark', 'Stagnant Air']
['Poisma', 'Zio', 'Ice Break', 'Resist Fire']
['Poisma', 'Bufudyne', 'Resist Fire', 'Apt Pupil']
['Poisma', 'Null Fire', 'Resist Fire', 'Apt Pupil']
['Poisma', 'Apt Pupil', 'Null Dark', 'Mabufula']
['Poisma', 'Null Dark', 'Null Fire', 'Resist Fire']
['Poisma', 'Zio', 'Megidola', 'Apt Pupil']
['Poisma', 'Null Dark', 'Null Fire', 'Ice Break']
['Poisma', 'Resist Fire', 'Ice Break', 'Apt Pupil']
['Poisma', 'Apt Pupil', 'Resist Fire', 'Null Fire']
['Null Dark', 'Poisma', 'Apt Pupil', 'Resist Fire']
['Null Dark', 'Ice Break', 'Poisma', 'Apt Pupil']
['Poisma', 'Ice Break', 'Stagnant Air', 'Bufudyne']
['Resist Fire', 'Null Fire', 'Poisma', 'Bufudyne']
['Poisma', 'Bufudyne', 'Null Dark', 'Apt Pupil']
['Mabufula', 'Poisma', 'Apt Pupil', 'Ice Break']
['Poisma', 'Ice Break', 'Stagnant Air', 'Resist Fire']
['Poisma', 'Apt Pupil', 'Null Fire', 'Ice Break']
['Poisma', 'Apt Pupil', 'Ice Break', 'Zio']
['Ice Break', 'Poisma', 'Apt Pupil', 'Resist Fire']
['Poisma', 'Stagnant Air', 'Megidola', 'Ice Break']
['Poisma', 'Bufudyne', 'Resist Fire', 'Null Dark']
['Poisma', 'Resist Fire', 'Stagnant Air', 'Apt Pupil']
['Null Fire', 'Resist Fire', 'Poisma', 'Apt Pupil']
['Poisma', 'Zio', 'Resist Fire', 'Null Fire']
['Poisma', 'Null Fire', 'Apt Pupil', 'Resist Fire']
['Mabufula', 'Poisma', 'Null Dark', 'Zio']
['Poisma', 'Zio', 'Null Dark', 'Null Fire']
['Ice Break', 'Poisma', 'Maragidyne', 'Zio']
['Null Fire', 'Apt Pupil', 'Poisma', 'Ice Break']
['Ice Break', 'Poisma', 'Null Fire', 'Resist Fire']
['Stagnant Air', 'Poisma', 'Resist Fire', 'Zio']
['Ice Break', 'Poisma', 'Resist Fire', 'Null Fire']
['Null Dark', 'Poisma', 'Bufudyne', 'Megidola']
['Poisma', 'Null Fire', 'Zio', 'Apt Pupil']
['Poisma', 'Zio', 'Null Fire', 'Stagnant Air']
['Poisma', 'Zio', 'Apt Pupil', 'Null Fire']
['Null Fire', 'Poisma', 'Stagnant Air', 'Zio']
['Poisma', 'Ice Break', 'Stagnant Air', 'Null Dark']
['Poisma', 'Maragidyne', 'Ice Break', 'Zio']
['Poisma', 'Mabufula', 'Zio', 'Ice Break']
['Poisma', 'Ice Break', 'Resist Fire', 'Apt Pupil']
['Poisma', 'Null Fire', 'Ice Break', 'Resist Fire']
['Poisma', 'Null Dark', 'Ice Break', 'Zio']
['Poisma', 'Zio', 'Resist Fire', 'Null Dark']
['Poisma', 'Resist Fire', 'Maragidyne', 'Null Dark']
['Poisma', 'Resist Fire', 'Null Dark', 'Apt Pupil']
['Poisma', 'Resist Fire', 'Ice Break', 'Apt Pupil']
['Poisma', 'Null Fire', 'Ice Break', 'Null Dark']
['Poisma', 'Apt Pupil', 'Ice Break', 'Null Fire']
['Poisma', 'Ice Break', 'Apt Pupil', 'Null Fire']
['Poisma', 'Apt Pupil', 'Null Fire', 'Resist Fire']
['Poisma', 'Resist Fire', 'Stagnant Air', 'Apt Pupil']
['Zio', 'Poisma', 'Ice Break', 'Null Fire']
['Poisma', 'Ice Break', 'Zio', 'Apt Pupil']
['Ice Break', 'Apt Pupil', 'Poisma', 'Null Dark']
['Poisma', 'Resist Fire', 'Ice Break', 'Null Fire']
['Poisma', 'Zio', 'Resist Fire', 'Null Fire']
['Resist Fire', 'Poisma', 'Megidola', 'Null Dark']
['Null Fire', 'Poisma', 'Resist Fire', 'Stagnant Air']
['Apt Pupil', 'Poisma', 'Zio', 'Null Dark']
['Poisma', 'Null Dark', 'Resist Fire', 'Ice Break']
['Poisma', 'Ice Break', 'Resist Fire', 'Megidola']
['Resist Fire', 'Poisma', 'Null Dark', 'Zio']
['Poisma', 'Zio', 'Null Dark', 'Mabufula']
['Zio', 'Poisma', 'Null Fire', 'Stagnant Air']
['Poisma', 'Apt Pupil', 'Null Fire', 'Resist Fire']
['Poisma', 'Ice Break', 'Zio', 'Null Dark']
['Poisma', 'Null Dark', 'Resist Fire', 'Apt Pupil']
['Poisma', 'Zio', 'Null Dark', 'Null Fire']
['Poisma', 'Apt Pupil', 'Resist Fire', 'Null Fire']
['Poisma', 'Null Fire', 'Ice Break', 'Megidola']
['Poisma', 'Null Fire', 'Resist Fire', 'Null Dark']
['Poisma', 'Resist Fire', 'Null Dark', 'Ice Break']
['Poisma', 'Null Fire', 'Ice Break', 'Zio']
['Apt Pupil', 'Poisma', 'Stagnant Air', 'Ice Break']
['Poisma', 'Bufudyne', 'Zio', 'Null Fire']
['Null Dark', 'Poisma', 'Stagnant Air', 'Resist Fire']
['Zio', 'Poisma', 'Null Dark', 'Null Fire']
['Poisma', 'Ice Break', 'Resist Fire', 'Null Fire']
['Resist Fire', 'Poisma', 'Zio', 'Apt Pupil']
['Poisma', 'Mabufula', 'Null Fire', 'Maragidyne']
['Poisma', 'Resist Fire', 'Null Dark', 'Apt Pupil']
['Maragidyne', 'Apt Pupil', 'Poisma', 'Null Dark']
['Resist Fire', 'Poisma', 'Null Dark', 'Ice Break']
['Poisma', 'Ice Break', 'Resist Fire', 'Null Fire']
['Poisma', 'Zio', 'Null Fire', 'Maragidyne']
['Poisma', 'Apt Pupil', 'Stagnant Air', 'Resist Fire']
['Poisma', 'Ice Break', 'Apt Pupil', 'Resist Fire']
['Poisma', 'Stagnant Air', 'Mabufula', 'Null Dark']
['Poisma', 'Stagnant Air', 'Apt Pupil', 'Resist Fire']
['Poisma', 'Stagnant Air', 'Null Fire', 'Null Dark']
['Poisma', 'Null Fire', 'Mabufula', 'Resist Fire']
['Poisma', 'Apt Pupil', 'Resist Fire', 'Zio']
['Apt Pupil', 'Poisma', 'Ice Break', 'Null Fire']
['Apt Pupil', 'Poisma', 'Resist Fire', 'Ice Break']
['Zio', 'Poisma', 'Bufudyne', 'Ice Break']
['Poisma', 'Ice Break', 'Stagnant Air', 'Null Dark']
['Poisma', 'Apt Pupil', 'Mabufula', 'Null Fire']
['Null Dark', 'Poisma', 'Null Fire', 'Apt Pupil']
['Poisma', 'Ice Break', 'Zio', 'Resist Fire']
['Null Fire', 'Ice Break', 'Poisma', 'Resist Fire']
['Stagnant Air', 'Poisma', 'Null Fire', 'Zio']
['Ice Break', 'Poisma', 'Null Fire', 'Null Dark']
['Poisma', 'Ice Break', 'Null Fire', 'Zio']
['Poisma', 'Resist Fire', 'Zio', 'Null Fire']
['Poisma', 'Bufudyne', 'Null Dark', 'Apt Pupil']
['Poisma', 'Resist Fire', 'Ice Break', 'Null Fire']
['Poisma', 'Resist Fire', 'Ice Break', 'Apt Pupil']
['Poisma', 'Null Dark', 'Apt Pupil', 'Resist Fire']
['Ice Break', 'Poisma', 'Resist Fire', 'Apt Pupil']
['Poisma', 'Null Fire', 'Ice Break', 'Mabufula']
['Poisma', 'Ice Break', 'Resist Fire', 'Apt Pupil']
['Poisma', 'Null Dark', 'Resist Fire', 'Ice Break']
['Poisma', 'Maragidyne', 'Zio', 'Null Dark']
['Poisma', 'Null Fire', 'Apt Pupil', 'Stagnant Air']
['Poisma', 'Zio', 'Apt Pupil', 'Resist Fire']
['Poisma', 'Null Fire', 'Null Dark', 'Ice Break']
['Null Dark', 'Poisma', 'Apt Pupil', 'Maragidyne']
['Poisma', 'Mabufula', 'Resist Fire', 'Null Dark']
['Poisma', 'Null Dark', 'Apt Pupil', 'Zio']
['Resist Fire', 'Poisma', 'Apt Pupil', 'Null Fire']
['Poisma', 'Ice Break', 'Resist Fire', 'Mabufula']
['Null Dark', 'Poisma', 'Apt Pupil', 'Ice Break']
['Poisma', 'Resist Fire', 'Null Dark', 'Null Fire']
['Poisma', 'Null Fire', 'Null Dark', 'Zio']
['Poisma', 'Null Fire', 'Resist Fire', 'Ice Break']
['Null Dark', 'Poisma', 'Mabufula', 'Zio']
['Poisma', 'Zio', 'Stagnant Air', 'Resist Fire']
['Poisma', 'Megidola', 'Null Dark', 'Ice Break']
['Poisma', 'Apt Pupil', 'Resist Fire', 'Ice Break']
['Poisma', 'Null Dark', 'Null Fire', 'Apt Pupil']
['Poisma', 'Resist Fire', 'Apt Pupil', 'Null Fire']
['Poisma', 'Ice Break', 'Null Dark', 'Resist Fire']
['Poisma', 'Null Dark', 'Null Fire', 'Stagnant Air']
['Zio', 'Mabufula', 'Null Fire', 'Poisma']
['Poisma', 'Ice Break', 'Zio', 'Resist Fire']
['Poisma', 'Resist Fire', 'Null Dark', 'Mabufula']
['Null Fire', 'Poisma', 'Null Dark', 'Ice Break']
['Poisma', 'Resist Fire', 'Null Fire', 'Apt Pupil']
['Poisma', 'Resist Fire', 'Null Fire', 'Stagnant Air']
['Poisma', 'Zio', 'Null Fire', 'Resist Fire']
['Poisma', 'Null Dark', 'Ice Break', 'Zio']
['Poisma', 'Apt Pupil', 'Resist Fire', 'Zio']
['Null Dark', 'Poisma', 'Zio', 'Bufudyne']
['Resist Fire', 'Poisma', 'Ice Break', 'Apt Pupil']
['Poisma', 'Resist Fire', 'Ice Break', 'Apt Pupil']
['Ice Break', 'Apt Pupil', 'Poisma', 'Mabufula']
['Zio', 'Poisma', 'Stagnant Air', 'Apt Pupil']
['Null Dark', 'Poisma', 'Null Fire', 'Apt Pupil']
['Null Fire', 'Poisma', 'Null Dark', 'Zio']
['Poisma', 'Stagnant Air', 'Apt Pupil', 'Null Dark']
['Poisma', 'Apt Pupil', 'Ice Break', 'Null Fire']
['Poisma', 'Null Dark', 'Ice Break', 'Apt Pupil']
['Poisma', 'Zio', 'Resist Fire', 'Apt Pupil']
['Ice Break', 'Poisma', 'Null Fire', 'Resist Fire']
['Poisma', 'Zio', 'Resist Fire', 'Null Dark']
['Null Dark', 'Poisma', 'Ice Break', 'Resist Fire']
['Poisma', 'Null Fire', 'Null Dark', 'Zio']
['Zio', 'Poisma', 'Null Fire', 'Ice Break']
['Ice Break', 'Poisma', 'Null Dark', 'Null Fire']
['Poisma', 'Apt Pupil', 'Ice Break', 'Zio']
['Poisma', 'Mabufula', 'Null Dark', 'Zio']
['Poisma', 'Null Dark', 'Bufudyne', 'Null Fire']
['Mabufula', 'Poisma', 'Null Fire', 'Apt Pupil']
['Poisma', 'Zio', 'Resist Fire', 'Null Dark']
['Poisma', 'Ice Break', 'Zio', 'Resist Fire']
['Poisma', 'Ice Break', 'Resist Fire', 'Stagnant Air']
['Poisma', 'Ice Break', 'Null Fire', 'Maragidyne']
['Poisma', 'Null Fire', 'Ice Break', 'Null Dark']
['Ice Break', 'Poisma', 'Null Fire', 'Resist Fire']
['Poisma', 'Null Fire', 'Zio', 'Mabufula']
['Poisma', 'Zio', 'Apt Pupil', 'Resist Fire']
['Poisma', 'Zio', 'Ice Break', 'Null Fire']
['Null Dark', 'Poisma', 'Null Fire', 'Resist Fire']
['Poisma', 'Resist Fire', 'Maragidyne', 'Null Dark']
['Poisma', 'Stagnant Air', 'Apt Pupil', 'Zio']
['Poisma', 'Null Dark', 'Ice Break', 'Resist Fire']
['Poisma', 'Null Dark', 'Null Fire', 'Ice Break']
['Poisma', 'Ice Break', 'Bufudyne', 'Null Fire']
['Poisma', 'Stagnant Air', 'Null Dark', 'Resist Fire']
['Poisma', 'Ice Break', 'Mabufula', 'Maragidyne']
['Stagnant Air', 'Null Dark', 'Poisma', 'Resist Fire']
['Zio', 'Poisma', 'Null Dark', 'Null Fire']
['Poisma', 'Resist Fire', 'Ice Break', 'Megidola']
['Null Dark', 'Poisma', 'Ice Break', 'Mabufula']
['Poisma', 'Ice Break', 'Stagnant Air', 'Null Fire']
['Poisma', 'Ice Break', 'Zio', 'Null Fire']
['Null Dark', 'Poisma', 'Apt Pupil', 'Null Fire']
['Poisma', 'Bufudyne', 'Resist Fire', 'Null Dark']
['Poisma', 'Null Dark', 'Ice Break', 'Null Fire']
['Poisma', 'Null Dark', 'Resist Fire', 'Bufudyne']
['Poisma', 'Resist Fire', 'Null Fire', 'Apt Pupil']
['Poisma', 'Resist Fire', 'Zio', 'Ice Break']
['Apt Pupil', 'Poisma', 'Null Dark', 'Null Fire']
['Poisma', 'Null Dark', 'Null Fire', 'Zio']
['Poisma', 'Stagnant Air', 'Null Dark', 'Null Fire']
['Poisma', 'Null Dark', 'Resist Fire', 'Ice Break']
['Poisma', 'Ice Break', 'Null Fire', 'Resist Fire']
['Poisma', 'Zio', 'Apt Pupil', 'Null Dark']
['Poisma', 'Null Dark', 'Zio', 'Ice Break']
['Poisma', 'Null Fire', 'Ice Break', 'Null Dark']
['Poisma', 'Ice Break', 'Null Dark', 'Mabufula']
['Resist Fire', 'Poisma', 'Apt Pupil', 'Ice Break']
['Poisma', 'Ice Break', 'Resist Fire', 'Zio']
['Poisma', 'Resist Fire', 'Null Fire', 'Zio']
['Resist Fire', 'Poisma', 'Apt Pupil', 'Ice Break']
['Poisma', 'Apt Pupil', 'Resist Fire', 'Ice Break']
['Poisma', 'Zio', 'Megidola', 'Resist Fire']
['Poisma', 'Ice Break', 'Apt Pupil', 'Resist Fire']
['Poisma', 'Zio', 'Null Dark', 'Resist Fire']
['Poisma', 'Resist Fire', 'Null Fire', 'Apt Pupil']
['Apt Pupil', 'Poisma', 'Resist Fire', 'Maragidyne']
['Poisma', 'Null Fire', 'Ice Break', 'Resist Fire']
['Poisma', 'Ice Break', 'Maragidyne', 'Zio']
['Poisma', 'Zio', 'Mabufula', 'Apt Pupil']
['Poisma', 'Null Dark', 'Apt Pupil', 'Stagnant Air']
['Poisma', 'Stagnant Air', 'Zio', 'Apt Pupil']
['Null Dark', 'Poisma', 'Apt Pupil', 'Zio']
['Megidola', 'Poisma', 'Null Dark', 'Zio']
['Poisma', 'Mabufula', 'Ice Break', 'Apt Pupil']
['Poisma', 'Null Dark', 'Null Fire', 'Ice Break']
['Poisma', 'Zio', 'Apt Pupil', 'Mabufula']
['Poisma', 'Bufudyne', 'Zio', 'Stagnant Air']
['Poisma', 'Zio', 'Null Dark', 'Resist Fire']
['Poisma', 'Null Fire', 'Mabufula', 'Resist Fire']
['Poisma', 'Bufudyne', 'Ice Break', 'Apt Pupil']
['Poisma', 'Zio', 'Null Fire', 'Resist Fire']
['Poisma', 'Stagnant Air', 'Resist Fire', 'Null Dark']
['Poisma', 'Apt Pupil', 'Null Fire', 'Resist Fire']
['Null Fire', 'Zio', 'Poisma', 'Null Dark']
['Poisma', 'Null Dark', 'Ice Break', 'Resist Fire']
['Null Fire', 'Apt Pupil', 'Poisma', 'Ice Break']
['Poisma', 'Null Fire', 'Ice Break', 'Bufudyne']
['Poisma', 'Resist Fire', 'Ice Break', 'Zio']
['Apt Pupil', 'Poisma', 'Zio', 'Resist Fire']
['Poisma', 'Stagnant Air', 'Megidola', 'Null Dark']
['Poisma', 'Apt Pupil', 'Zio', 'Resist Fire']
['Poisma', 'Apt Pupil', 'Megidola', 'Resist Fire']
['Poisma', 'Resist Fire', 'Ice Break', 'Bufudyne']
['Poisma', 'Apt Pupil', 'Null Fire', 'Resist Fire']
['Poisma', 'Null Fire', 'Maragidyne', 'Megidola']
['Poisma', 'Maragidyne', 'Null Fire', 'Megidola']
['Poisma', 'Null Dark', 'Mabufula', 'Ice Break']
['Poisma', 'Apt Pupil', 'Null Dark', 'Resist Fire']
['Poisma', 'Zio', 'Resist Fire', 'Null Dark']
['Poisma', 'Null Dark', 'Ice Break', 'Apt Pupil']
['Ice Break', 'Poisma', 'Resist Fire', 'Apt Pupil']
['Zio', 'Poisma', 'Null Dark', 'Apt Pupil']
['Poisma', 'Zio', 'Resist Fire', 'Apt Pupil']
['Poisma', 'Resist Fire', 'Stagnant Air', 'Null Fire']
['Poisma', 'Resist Fire', 'Ice Break', 'Null Dark']
['Null Fire', 'Poisma', 'Zio', 'Apt Pupil']
['Poisma', 'Stagnant Air', 'Resist Fire', 'Maragidyne']
['Poisma', 'Null Dark', 'Zio', 'Apt Pupil']
['Mabufula', 'Apt Pupil', 'Poisma', 'Null Dark']
['Ice Break', 'Zio', 'Poisma', 'Apt Pupil']
['Poisma', 'Ice Break', 'Zio', 'Null Fire']
['Poisma', 'Ice Break', 'Null Fire', 'Null Dark']
['Poisma', 'Stagnant Air', 'Null Fire', 'Apt Pupil']
['Poisma', 'Apt Pupil', 'Mabufula', 'Resist Fire']
['Ice Break', 'Poisma', 'Null Fire', 'Megidola']
['Poisma', 'Ice Break', 'Mabufula', 'Resist Fire']
['Ice Break', 'Poisma', 'Zio', 'Null Fire']
['Poisma', 'Ice Break', 'Stagnant Air', 'Bufudyne']
['Poisma', 'Zio', 'Apt Pupil', 'Resist Fire']
['Ice Break', 'Stagnant Air', 'Poisma', 'Mabufula']
['Resist Fire', 'Poisma', 'Apt Pupil', 'Maragidyne']
['Poisma', 'Zio', 'Null Dark', 'Apt Pupil']
['Poisma', 'Zio', 'Apt Pupil', 'Null Dark']
['Null Fire', 'Poisma', 'Apt Pupil', 'Ice Break']
['Null Dark', 'Poisma', 'Maragidyne', 'Null Fire']
['Poisma', 'Null Dark', 'Resist Fire', 'Apt Pupil']
['Poisma', 'Null Fire', 'Apt Pupil', 'Null Dark']
['Ice Break', 'Poisma', 'Resist Fire', 'Bufudyne']
['Poisma', 'Resist Fire', 'Ice Break', 'Null Dark']
['Poisma', 'Resist Fire', 'Zio', 'Ice Break']
['Poisma', 'Apt Pupil', 'Null Dark', 'Null Fire']
['Zio', 'Poisma', 'Null Dark', 'Resist Fire']
['Poisma', 'Apt Pupil', 'Null Fire', 'Zio']
['Poisma', 'Zio', 'Resist Fire', 'Apt Pupil']
['Poisma', 'Null Fire', 'Ice Break', 'Zio']
['Poisma', 'Null Fire', 'Apt Pupil', 'Null Dark']
['Zio', 'Poisma', 'Ice Break', 'Mabufula']
['Poisma', 'Zio', 'Stagnant Air', 'Resist Fire']
['Ice Break', 'Poisma', 'Null Dark', 'Stagnant Air']
['Apt Pupil', 'Poisma', 'Resist Fire', 'Zio']
['Poisma', 'Ice Break', 'Apt Pupil', 'Bufudyne']
['Null Fire', 'Poisma', 'Ice Break', 'Apt Pupil']
['Poisma', 'Null Fire', 'Null Dark', 'Stagnant Air']
['Null Fire', 'Poisma', 'Ice Break', 'Zio']
['Poisma', 'Null Fire', 'Zio', 'Stagnant Air']
['Poisma', 'Null Dark', 'Null Fire', 'Maragidyne']
['Poisma', 'Apt Pupil', 'Resist Fire', 'Ice Break']
['Poisma', 'Resist Fire', 'Maragidyne', 'Ice Break']
['Poisma', 'Resist Fire', 'Stagnant Air', 'Null Fire']
['Poisma', 'Zio', 'Apt Pupil', 'Null Fire']
['Null Dark', 'Mabufula', 'Poisma', 'Ice Break']
['Null Fire', 'Poisma', 'Null Dark', 'Resist Fire']
['Poisma', 'Apt Pupil', 'Zio', 'Resist Fire']
['Poisma', 'Null Fire', 'Bufudyne', 'Zio']
['Apt Pupil', 'Stagnant Air', 'Poisma', 'Null Dark']
['Poisma', 'Zio', 'Apt Pupil', 'Null Dark']
['Poisma', 'Ice Break', 'Bufudyne', 'Resist Fire']
['Poisma', 'Resist Fire', 'Apt Pupil', 'Stagnant Air']
['Poisma', 'Null Dark', 'Apt Pupil', 'Zio']
['Ice Break', 'Poisma', 'Null Dark', 'Stagnant Air']
['Null Dark', 'Poisma', 'Ice Break', 'Null Fire']
['Null Fire', 'Poisma', 'Stagnant Air', 'Resist Fire']
['Poisma', 'Zio', 'Stagnant Air', 'Null Fire']
['Resist Fire', 'Poisma', 'Ice Break', 'Null Fire']
['Poisma', 'Resist Fire', 'Apt Pupil', 'Null Dark']
['Poisma', 'Resist Fire', 'Ice Break', 'Null Dark']
['Ice Break', 'Null Fire', 'Poisma', 'Resist Fire']
['Poisma', 'Null Dark', 'Zio', 'Apt Pupil']
['Poisma', 'Resist Fire', 'Ice Break', 'Null Dark']
['Ice Break', 'Null Dark', 'Poisma', 'Null Fire']
['Poisma', 'Null Dark', 'Ice Break', 'Maragidyne']
['Poisma', 'Null Dark', 'Stagnant Air', 'Apt Pupil']
['Poisma', 'Apt Pupil', 'Null Fire', 'Ice Break']
['Poisma', 'Null Fire', 'Null Dark', 'Apt Pupil']
['Poisma', 'Null Fire', 'Zio', 'Null Dark']
['Poisma', 'Resist Fire', 'Ice Break', 'Null Fire']
['Poisma', 'Stagnant Air', 'Megidola', 'Null Fire']
['Ice Break', 'Poisma', 'Bufudyne', 'Stagnant Air']
['Poisma', 'Zio', 'Maragidyne', 'Null Dark']
['Poisma', 'Resist Fire', 'Ice Break', 'Null Dark']
['Poisma', 'Null Fire', 'Apt Pupil', 'Null Dark']
['Poisma', 'Ice Break', 'Stagnant Air', 'Zio']
['Poisma', 'Bufudyne', 'Zio', 'Null Fire']
['Apt Pupil', 'Poisma', 'Null Dark', 'Ice Break']
['Resist Fire', 'Poisma', 'Zio', 'Ice Break']
['Poisma', 'Null Fire', 'Stagnant Air', 'Ice Break']
['Null Dark', 'Bufudyne', 'Poisma', 'Null Fire']
['Poisma', 'Ice Break', 'Null Dark', 'Apt Pupil']
['Poisma', 'Null Dark', 'Zio', 'Mabufula']
['Poisma', 'Null Dark', 'Null Fire', 'Bufudyne']
['Maragidyne', 'Megidola', 'Poisma', 'Stagnant Air']
['Poisma', 'Megidola', 'Bufudyne', 'Resist Fire']
['Poisma', 'Null Fire', 'Null Dark', 'Zio']
['Bufudyne', 'Poisma', 'Null Dark', 'Resist Fire']
['Poisma', 'Null Fire', 'Mabufula', 'Resist Fire']
['Null Dark', 'Zio', 'Megidola', 'Null Fire']
['Poisma', 'Bufudyne', 'Apt Pupil', 'Resist Fire']
['Apt Pupil', 'Poisma', 'Ice Break', 'Resist Fire']
['Poisma', 'Resist Fire', 'Null Dark', 'Stagnant Air']
['Ice Break', 'Poisma', 'Resist Fire', 'Null Dark']
['Poisma', 'Apt Pupil', 'Ice Break', 'Resist Fire']
['Null Fire', 'Resist Fire', 'Poisma', 'Null Dark']
['Ice Break', 'Poisma', 'Zio', 'Megidola']
['Ice Break', 'Poisma', 'Apt Pupil', 'Zio']
['Poisma', 'Maragidyne', 'Zio', 'Stagnant Air']
['Ice Break', 'Poisma', 'Apt Pupil', 'Null Fire']
['Poisma', 'Apt Pupil', 'Ice Break', 'Resist Fire']
['Poisma', 'Zio', 'Apt Pupil', 'Resist Fire']
['Poisma', 'Resist Fire', 'Maragidyne', 'Zio']
['Bufudyne', 'Poisma', 'Resist Fire', 'Ice Break']
['Poisma', 'Resist Fire', 'Bufudyne', 'Ice Break']
['Zio', 'Mabufula', 'Ice Break', 'Megidola']
['Poisma', 'Resist Fire', 'Null Fire', 'Apt Pupil']
['Poisma', 'Null Dark', 'Null Fire', 'Zio']
['Poisma', 'Ice Break', 'Apt Pupil', 'Null Dark']
['Null Fire', 'Poisma', 'Null Dark', 'Maragidyne']
['Poisma', 'Null Fire', 'Resist Fire', 'Mabufula']
['Resist Fire', 'Maragidyne', 'Poisma', 'Ice Break']
['Zio', 'Mabufula', 'Poisma', 'Resist Fire']
['Ice Break', 'Null Fire', 'Poisma', 'Resist Fire']
['Zio', 'Null Fire', 'Poisma', 'Stagnant Air']
['Resist Fire', 'Poisma', 'Apt Pupil', 'Mabufula']
['Ice Break', 'Null Fire', 'Poisma', 'Null Dark']
['Apt Pupil', 'Poisma', 'Ice Break', 'Null Dark']
['Poisma', 'Ice Break', 'Apt Pupil', 'Zio']
['Poisma', 'Megidola', 'Apt Pupil', 'Null Fire']
['Poisma', 'Ice Break', 'Resist Fire', 'Null Dark']
['Poisma', 'Zio', 'Null Fire', 'Resist Fire']
['Zio', 'Poisma', 'Ice Break', 'Null Fire']
['Poisma', 'Ice Break', 'Resist Fire', 'Apt Pupil']
['Poisma', 'Ice Break', 'Zio', 'Null Dark']
['Mabufula', 'Poisma', 'Ice Break', 'Maragidyne']
['Apt Pupil', 'Poisma', 'Resist Fire', 'Zio']
['Poisma', 'Null Dark', 'Resist Fire', 'Maragidyne']
['Poisma', 'Mabufula', 'Resist Fire', 'Ice Break']
['Poisma', 'Ice Break', 'Null Fire', 'Null Dark']
['Poisma', 'Stagnant Air', 'Resist Fire', 'Apt Pupil']
['Poisma', 'Zio', 'Ice Break', 'Null Dark']
['Poisma', 'Mabufula', 'Null Fire', 'Null Dark']
['Resist Fire', 'Poisma', 'Apt Pupil', 'Ice Break']
['Poisma', 'Resist Fire', 'Ice Break', 'Null Fire']
['Poisma', 'Zio', 'Null Fire', 'Resist Fire']
['Poisma', 'Null Fire', 'Zio', 'Resist Fire']
['Null Fire', 'Poisma', 'Resist Fire', 'Zio']
['Resist Fire', 'Poisma', 'Zio', 'Apt Pupil']
['Poisma', 'Ice Break', 'Resist Fire', 'Null Fire']
['Poisma', 'Null Fire', 'Resist Fire', 'Maragidyne']
['Poisma', 'Null Fire', 'Maragidyne', 'Apt Pupil']
['Poisma', 'Ice Break', 'Bufudyne', 'Resist Fire']
['Poisma', 'Null Fire', 'Apt Pupil', 'Ice Break']
['Poisma', 'Apt Pupil', 'Resist Fire', 'Zio']
['Poisma', 'Zio', 'Apt Pupil', 'Null Fire']
['Null Dark', 'Poisma', 'Apt Pupil', 'Zio']
['Poisma', 'Resist Fire', 'Stagnant Air', 'Apt Pupil']
['Poisma', 'Apt Pupil', 'Megidola', 'Mabufula']
['Null Dark', 'Resist Fire', 'Apt Pupil', 'Poisma']
['Poisma', 'Resist Fire', 'Apt Pupil', 'Null Dark']
['Poisma', 'Apt Pupil', 'Zio', 'Maragidyne']
['Poisma', 'Resist Fire', 'Null Fire', 'Bufudyne']
['Poisma', 'Null Dark', 'Megidola', 'Null Fire']
['Poisma', 'Ice Break', 'Apt Pupil', 'Null Fire']
['Null Dark', 'Poisma', 'Apt Pupil', 'Zio']
['Poisma', 'Null Dark', 'Zio', 'Resist Fire']
['Poisma', 'Stagnant Air', 'Null Dark', 'Resist Fire']
['Null Dark', 'Poisma', 'Ice Break', 'Resist Fire']
['Poisma', 'Zio', 'Resist Fire', 'Bufudyne']
['Poisma', 'Apt Pupil', 'Resist Fire', 'Null Dark']
['Poisma', 'Zio', 'Resist Fire', 'Apt Pupil']
['Poisma', 'Ice Break', 'Resist Fire', 'Null Dark']
['Poisma', 'Null Fire', 'Apt Pupil', 'Zio']
['Zio', 'Poisma', 'Resist Fire', 'Null Dark']
['Poisma', 'Ice Break', 'Resist Fire', 'Apt Pupil']
['Poisma', 'Resist Fire', 'Ice Break', 'Null Fire']
['Poisma', 'Null Fire', 'Apt Pupil', 'Null Dark']
['Poisma', 'Resist Fire', 'Stagnant Air', 'Null Dark']
['Poisma', 'Resist Fire', 'Ice Break', 'Apt Pupil']
['Poisma', 'Ice Break', 'Apt Pupil', 'Null Fire']
['Zio', 'Resist Fire', 'Poisma', 'Bufudyne']
['Poisma', 'Resist Fire', 'Null Fire', 'Null Dark']
['Poisma', 'Resist Fire', 'Ice Break', 'Zio']
['Apt Pupil', 'Resist Fire', 'Poisma', 'Stagnant Air']
['Poisma', 'Ice Break', 'Resist Fire', 'Null Dark']
['Poisma', 'Apt Pupil', 'Resist Fire', 'Null Fire']
['Poisma', 'Ice Break', 'Mabufula', 'Resist Fire']
['Poisma', 'Stagnant Air', 'Zio', 'Ice Break']
['Ice Break', 'Poisma', 'Resist Fire', 'Null Dark']
['Poisma', 'Null Fire', 'Bufudyne', 'Null Dark']
['Poisma', 'Mabufula', 'Resist Fire', 'Ice Break']
['Ice Break', 'Poisma', 'Null Dark', 'Zio']
['Poisma', 'Ice Break', 'Null Dark', 'Resist Fire']
['Poisma', 'Zio', 'Ice Break', 'Apt Pupil']
['Stagnant Air', 'Poisma', 'Null Dark', 'Resist Fire']
['Poisma', 'Resist Fire', 'Apt Pupil', 'Mabufula']
['Poisma', 'Null Dark', 'Ice Break', 'Stagnant Air']
['Poisma', 'Ice Break', 'Apt Pupil', 'Zio']
['Poisma', 'Apt Pupil', 'Resist Fire', 'Ice Break']
['Poisma', 'Null Fire', 'Ice Break', 'Resist Fire']
['Poisma', 'Apt Pupil', 'Resist Fire', 'Zio']
['Poisma', 'Resist Fire', 'Apt Pupil', 'Zio']
['Poisma', 'Ice Break', 'Null Fire', 'Resist Fire']
['Stagnant Air', 'Poisma', 'Zio', 'Apt Pupil']
['Zio', 'Ice Break', 'Poisma', 'Null Fire']
['Poisma', 'Ice Break', 'Null Dark', 'Resist Fire']
['Poisma', 'Ice Break', 'Resist Fire', 'Mabufula']
['Ice Break', 'Poisma', 'Zio', 'Null Dark']
['Poisma', 'Apt Pupil', 'Null Dark', 'Null Fire']
['Poisma', 'Null Fire', 'Resist Fire', 'Ice Break']
['Poisma', 'Ice Break', 'Zio', 'Megidola']
['Poisma', 'Maragidyne', 'Apt Pupil', 'Megidola']
['Poisma', 'Zio', 'Apt Pupil', 'Resist Fire']
['Poisma', 'Maragidyne', 'Null Dark', 'Ice Break']
['Ice Break', 'Poisma', 'Mabufula', 'Null Dark']
['Poisma', 'Resist Fire', 'Bufudyne', 'Ice Break']
['Poisma', 'Null Dark', 'Zio', 'Null Fire']
['Zio', 'Resist Fire', 'Poisma', 'Null Fire']
['Poisma', 'Ice Break', 'Apt Pupil', 'Bufudyne']
['Zio', 'Ice Break', 'Megidola', 'Poisma']
['Null Fire', 'Poisma', 'Ice Break', 'Resist Fire']
['Poisma', 'Megidola', 'Resist Fire', 'Zio']
['Poisma', 'Ice Break', 'Resist Fire', 'Zio']
['Poisma', 'Zio', 'Resist Fire', 'Apt Pupil']
['Zio', 'Bufudyne', 'Null Fire', 'Poisma']
['Poisma', 'Maragidyne', 'Null Dark', 'Null Fire']
['Poisma', 'Resist Fire', 'Zio', 'Ice Break']
['Poisma', 'Apt Pupil', 'Zio', 'Bufudyne']
['Null Fire', 'Poisma', 'Null Dark', 'Resist Fire']
['Zio', 'Poisma', 'Ice Break', 'Null Dark']
['Poisma', 'Apt Pupil', 'Megidola', 'Null Fire']
['Poisma', 'Null Dark', 'Resist Fire', 'Megidola']
['Poisma', 'Apt Pupil', 'Null Fire', 'Zio']
['Poisma', 'Resist Fire', 'Ice Break', 'Null Dark']
['Poisma', 'Bufudyne', 'Null Fire', 'Ice Break']
['Poisma', 'Apt Pupil', 'Resist Fire', 'Null Fire']
['Ice Break', 'Poisma', 'Null Fire', 'Apt Pupil']
['Null Fire', 'Poisma', 'Null Dark', 'Zio']
['Poisma', 'Resist Fire', 'Zio', 'Null Fire']
['Poisma', 'Resist Fire', 'Apt Pupil', 'Ice Break']
['Poisma', 'Resist Fire', 'Maragidyne', 'Mabufula']
['Apt Pupil', 'Resist Fire', 'Poisma', 'Zio']
['Poisma', 'Apt Pupil', 'Null Fire', 'Resist Fire']
['Poisma', 'Null Dark', 'Stagnant Air', 'Ice Break']
['Poisma', 'Apt Pupil', 'Resist Fire', 'Maragidyne']
['Bufudyne', 'Poisma', 'Null Fire', 'Resist Fire']
['Poisma', 'Null Dark', 'Resist Fire', 'Null Fire']
['Poisma', 'Resist Fire', 'Null Fire', 'Stagnant Air']
['Poisma', 'Megidola', 'Ice Break', 'Null Fire']
['Poisma', 'Megidola', 'Zio', 'Null Fire']
['Poisma', 'Mabufula', 'Null Fire', 'Zio']
['Poisma', 'Ice Break', 'Apt Pupil', 'Null Dark']
['Poisma', 'Ice Break', 'Apt Pupil', 'Zio']
['Ice Break', 'Apt Pupil', 'Stagnant Air', 'Poisma']
['Poisma', 'Ice Break', 'Zio', 'Resist Fire']
['Poisma', 'Maragidyne', 'Null Fire', 'Null Dark']
['Poisma', 'Zio', 'Ice Break', 'Mabufula']
['Poisma', 'Ice Break', 'Null Dark', 'Zio']
['Poisma', 'Apt Pupil', 'Mabufula', 'Ice Break']
['Poisma', 'Ice Break', 'Stagnant Air', 'Apt Pupil']
['Poisma', 'Null Fire', 'Null Dark', 'Ice Break']
['Ice Break', 'Resist Fire', 'Null Dark', 'Poisma']
['Poisma', 'Mabufula', 'Ice Break', 'Resist Fire']
['Maragidyne', 'Resist Fire', 'Poisma', 'Ice Break']
['Resist Fire', 'Null Dark', 'Poisma', 'Zio']
['Poisma', 'Null Fire', 'Apt Pupil', 'Resist Fire']
['Zio', 'Poisma', 'Apt Pupil', 'Resist Fire']
['Poisma', 'Zio', 'Null Dark', 'Mabufula']
['Poisma', 'Zio', 'Ice Break', 'Apt Pupil']
['Apt Pupil', 'Ice Break', 'Resist Fire', 'Poisma']
['Apt Pupil', 'Null Dark', 'Poisma', 'Null Fire']
['Stagnant Air', 'Poisma', 'Null Fire', 'Megidola']
['Poisma', 'Apt Pupil', 'Mabufula', 'Resist Fire']
['Poisma', 'Zio', 'Maragidyne', 'Null Dark']
['Poisma', 'Null Dark', 'Apt Pupil', 'Null Fire']
['Poisma', 'Resist Fire', 'Null Fire', 'Null Dark']
['Poisma', 'Apt Pupil', 'Zio', 'Null Dark']
['Ice Break', 'Maragidyne', 'Apt Pupil', 'Poisma']
['Poisma', 'Mabufula', 'Apt Pupil', 'Null Dark']
['Poisma', 'Null Dark', 'Zio', 'Resist Fire']
['Poisma', 'Ice Break', 'Null Dark', 'Apt Pupil']
['Zio', 'Ice Break', 'Poisma', 'Null Dark']
['Poisma', 'Resist Fire', 'Zio', 'Ice Break']
['Poisma', 'Null Dark', 'Null Fire', 'Ice Break']
['Poisma', 'Resist Fire', 'Ice Break', 'Null Dark']
['Poisma', 'Ice Break', 'Null Fire', 'Resist Fire']
['Poisma', 'Null Dark', 'Apt Pupil', 'Zio']
['Poisma', 'Null Fire', 'Ice Break', 'Apt Pupil']
['Poisma', 'Bufudyne', 'Resist Fire', 'Apt Pupil']
['Apt Pupil', 'Resist Fire', 'Poisma', 'Null Fire']
['Null Dark', 'Poisma', 'Stagnant Air', 'Apt Pupil']
['Poisma', 'Apt Pupil', 'Stagnant Air', 'Resist Fire']
['Poisma', 'Maragidyne', 'Null Fire', 'Apt Pupil']
['Ice Break', 'Poisma', 'Stagnant Air', 'Resist Fire']
['Poisma', 'Resist Fire', 'Ice Break', 'Apt Pupil']
['Poisma', 'Null Fire', 'Zio', 'Stagnant Air']
['Apt Pupil', 'Null Fire', 'Poisma', 'Null Dark']
['Null Fire', 'Poisma', 'Resist Fire', 'Zio']
['Resist Fire', 'Poisma', 'Apt Pupil', 'Zio']
['Poisma', 'Apt Pupil', 'Null Fire', 'Zio']
['Resist Fire', 'Null Fire', 'Poisma', 'Null Dark']
['Poisma', 'Null Fire', 'Zio', 'Resist Fire']
['Poisma', 'Ice Break', 'Bufudyne', 'Null Dark']
['Poisma', 'Mabufula', 'Null Dark', 'Null Fire']
['Poisma', 'Mabufula', 'Resist Fire', 'Stagnant Air']
['Poisma', 'Bufudyne', 'Apt Pupil', 'Mabufula']
['Poisma', 'Resist Fire', 'Ice Break', 'Zio']
['Poisma', 'Null Dark', 'Maragidyne', 'Resist Fire']
['Poisma', 'Zio', 'Null Dark', 'Apt Pupil']
['Poisma', 'Zio', 'Apt Pupil', 'Bufudyne']
['Poisma', 'Resist Fire', 'Mabufula', 'Apt Pupil']
['Poisma', 'Apt Pupil', 'Null Fire', 'Resist Fire']
['Ice Break', 'Resist Fire', 'Poisma', 'Null Fire']
['Poisma', 'Null Fire', 'Ice Break', 'Resist Fire']
['Apt Pupil', 'Poisma', 'Zio', 'Null Fire']
['Poisma', 'Apt Pupil', 'Zio', 'Null Dark']
['Megidola', 'Zio', 'Poisma', 'Stagnant Air']
['Apt Pupil', 'Poisma', 'Null Fire', 'Null Dark']
['Poisma', 'Resist Fire', 'Zio', 'Null Dark']
['Poisma', 'Apt Pupil', 'Null Dark', 'Bufudyne']
['Poisma', 'Apt Pupil', 'Ice Break', 'Zio']
['Null Dark', 'Poisma', 'Apt Pupil', 'Null Fire']
['Poisma', 'Resist Fire', 'Apt Pupil', 'Ice Break']
['Poisma', 'Resist Fire', 'Apt Pupil', 'Null Fire']
['Poisma', 'Megidola', 'Resist Fire', 'Null Dark']
['Poisma', 'Apt Pupil', 'Null Fire', 'Ice Break']
['Poisma', 'Ice Break', 'Resist Fire', 'Zio']
['Null Fire', 'Poisma', 'Stagnant Air', 'Null Dark']
['Ice Break', 'Poisma', 'Apt Pupil', 'Stagnant Air']
['Poisma', 'Zio', 'Ice Break', 'Apt Pupil']
['Poisma', 'Ice Break', 'Zio', 'Null Fire']
['Poisma', 'Null Dark', 'Bufudyne', 'Null Fire']
['Poisma', 'Apt Pupil', 'Null Dark', 'Zio']
['Poisma', 'Null Fire', 'Apt Pupil', 'Ice Break']
['Poisma', 'Apt Pupil', 'Ice Break', 'Resist Fire']
['Resist Fire', 'Poisma', 'Apt Pupil', 'Null Fire']
['Poisma', 'Null Fire', 'Zio', 'Null Dark']
['Poisma', 'Null Dark', 'Resist Fire', 'Stagnant Air']
['Poisma', 'Zio', 'Resist Fire', 'Ice Break']
['Poisma', 'Ice Break', 'Apt Pupil', 'Null Dark']
['Poisma', 'Mabufula', 'Bufudyne', 'Resist Fire']
['Poisma', 'Resist Fire', 'Apt Pupil', 'Null Fire']
['Poisma', 'Apt Pupil', 'Null Dark', 'Null Fire']
['Resist Fire', 'Poisma', 'Null Dark', 'Bufudyne']
['Poisma', 'Resist Fire', 'Null Fire', 'Ice Break']
['Poisma', 'Ice Break', 'Null Dark', 'Apt Pupil']
['Poisma', 'Bufudyne', 'Ice Break', 'Null Dark']
['Poisma', 'Zio', 'Apt Pupil', 'Ice Break']
['Poisma', 'Zio', 'Apt Pupil', 'Null Fire']
['Mabufula', 'Zio', 'Poisma', 'Null Dark']
['Ice Break', 'Poisma', 'Resist Fire', 'Null Dark']
['Poisma', 'Null Dark', 'Stagnant Air', 'Megidola']
['Poisma', 'Null Fire', 'Stagnant Air', 'Apt Pupil']
['Poisma', 'Stagnant Air', 'Null Dark', 'Zio']
['Null Fire', 'Poisma', 'Zio', 'Ice Break']
['Poisma', 'Apt Pupil', 'Null Dark', 'Null Fire']
['Poisma', 'Apt Pupil', 'Maragidyne', 'Null Dark']
['Poisma', 'Apt Pupil', 'Null Dark', 'Stagnant Air']
['Megidola', 'Poisma', 'Apt Pupil', 'Resist Fire']
['Null Fire', 'Null Dark', 'Poisma', 'Mabufula']
['Poisma', 'Null Dark', 'Resist Fire', 'Maragidyne']
['Poisma', 'Apt Pupil', 'Resist Fire', 'Stagnant Air']
['Mabufula', 'Null Fire', 'Poisma', 'Resist Fire']
['Ice Break', 'Poisma', 'Zio', 'Apt Pupil']
['Null Fire', 'Poisma', 'Apt Pupil', 'Bufudyne']
['Null Fire', 'Poisma', 'Zio', 'Resist Fire']
['Poisma', 'Apt Pupil', 'Bufudyne', 'Null Dark']
['Null Fire', 'Poisma', 'Zio', 'Resist Fire']
['Poisma', 'Null Dark', 'Resist Fire', 'Null Fire']
['Poisma', 'Ice Break', 'Null Dark', 'Megidola']
['Poisma', 'Null Dark', 'Zio', 'Resist Fire']
['Poisma', 'Apt Pupil', 'Bufudyne', 'Ice Break']
['Ice Break', 'Poisma', 'Zio', 'Null Dark']
['Null Dark', 'Poisma', 'Zio', 'Apt Pupil']
['Null Fire', 'Poisma', 'Zio', 'Apt Pupil']
['Poisma', 'Ice Break', 'Zio', 'Null Dark']
['Poisma', 'Null Fire', 'Ice Break', 'Apt Pupil']
['Ice Break', 'Poisma', 'Resist Fire', 'Null Fire']
['Poisma', 'Ice Break', 'Null Fire', 'Zio']
['Poisma', 'Apt Pupil', 'Resist Fire', 'Ice Break']
['Resist Fire', 'Poisma', 'Apt Pupil', 'Zio']
['Poisma', 'Null Dark', 'Resist Fire', 'Ice Break']
['Poisma', 'Ice Break', 'Null Dark', 'Apt Pupil']
['Poisma', 'Null Fire', 'Stagnant Air', 'Resist Fire']
['Poisma', 'Null Dark', 'Resist Fire', 'Null Fire']
['Poisma', 'Resist Fire', 'Zio', 'Mabufula']
['Poisma', 'Apt Pupil', 'Null Fire', 'Ice Break']
['Ice Break', 'Poisma', 'Zio', 'Stagnant Air']
['Poisma', 'Ice Break', 'Zio', 'Maragidyne']
['Resist Fire', 'Poisma', 'Stagnant Air', 'Apt Pupil']
['Ice Break', 'Poisma', 'Stagnant Air', 'Zio']
['Zio', 'Apt Pupil', 'Poisma', 'Resist Fire']
['Ice Break', 'Poisma', 'Zio', 'Apt Pupil']
['Poisma', 'Zio', 'Stagnant Air', 'Mabufula']
['Poisma', 'Resist Fire', 'Null Fire', 'Megidola']
['Resist Fire', 'Null Dark', 'Apt Pupil', 'Poisma']
['Poisma', 'Null Dark', 'Ice Break', 'Bufudyne']
['Poisma', 'Resist Fire', 'Apt Pupil', 'Ice Break']
['Zio', 'Resist Fire', 'Poisma', 'Bufudyne']
['Poisma', 'Ice Break', 'Null Dark', 'Null Fire']
['Poisma', 'Null Dark', 'Ice Break', 'Zio']
['Poisma', 'Null Dark', 'Megidola', 'Ice Break']
['Poisma', 'Ice Break', 'Apt Pupil', 'Resist Fire']
['Poisma', 'Zio', 'Null Dark', 'Stagnant Air']
['Poisma', 'Resist Fire', 'Null Fire', 'Ice Break']
['Resist Fire', 'Ice Break', 'Poisma', 'Null Fire']
['Poisma', 'Null Dark', 'Ice Break', 'Zio']
['Stagnant Air', 'Resist Fire', 'Poisma', 'Ice Break']
['Poisma', 'Resist Fire', 'Null Dark', 'Zio']
['Poisma', 'Null Dark', 'Resist Fire', 'Mabufula']
['Poisma', 'Null Dark', 'Resist Fire', 'Apt Pupil']
['Resist Fire', 'Mabufula', 'Null Fire', 'Poisma']
['Poisma', 'Apt Pupil', 'Null Dark', 'Zio']
['Poisma', 'Zio', 'Null Dark', 'Apt Pupil']
['Poisma', 'Resist Fire', 'Ice Break', 'Null Dark']
['Poisma', 'Bufudyne', 'Apt Pupil', 'Null Dark']
['Zio', 'Poisma', 'Null Dark', 'Megidola']
['Poisma', 'Megidola', 'Apt Pupil', 'Null Dark']
['Poisma', 'Null Fire', 'Resist Fire', 'Stagnant Air']
['Resist Fire', 'Poisma', 'Null Fire', 'Mabufula']
['Null Dark', 'Poisma', 'Null Fire', 'Resist Fire']
['Poisma', 'Null Fire', 'Apt Pupil', 'Ice Break']
['Resist Fire', 'Null Fire', 'Poisma', 'Null Dark']
['Poisma', 'Resist Fire', 'Ice Break', 'Stagnant Air']
['Poisma', 'Resist Fire', 'Ice Break', 'Zio']
['Poisma', 'Null Fire', 'Apt Pupil', 'Zio']
['Poisma', 'Bufudyne', 'Null Dark', 'Apt Pupil']
['Poisma', 'Ice Break', 'Zio', 'Resist Fire']
['Poisma', 'Ice Break', 'Zio', 'Null Fire']
['Poisma', 'Zio', 'Null Fire', 'Ice Break']
['Null Dark', 'Mabufula', 'Ice Break', 'Poisma']
['Poisma', 'Null Dark', 'Ice Break', 'Zio']
['Resist Fire', 'Poisma', 'Zio', 'Null Fire']
['Poisma', 'Zio', 'Apt Pupil', 'Resist Fire']
['Poisma', 'Ice Break', 'Zio', 'Maragidyne']
['Mabufula', 'Poisma', 'Stagnant Air', 'Zio']
['Apt Pupil', 'Poisma', 'Ice Break', 'Null Dark']
['Poisma', 'Ice Break', 'Null Dark', 'Bufudyne']
['Poisma', 'Mabufula', 'Ice Break', 'Maragidyne']
['Poisma', 'Zio', 'Resist Fire', 'Maragidyne']
['Poisma', 'Null Fire', 'Apt Pupil', 'Bufudyne']
['Null Dark', 'Stagnant Air', 'Poisma', 'Zio']
['Poisma', 'Null Fire', 'Apt Pupil', 'Ice Break']
['Poisma', 'Zio', 'Null Fire', 'Apt Pupil']
['Zio', 'Poisma', 'Stagnant Air', 'Ice Break']
['Poisma', 'Apt Pupil', 'Zio', 'Ice Break']
['Ice Break', 'Poisma', 'Apt Pupil', 'Resist Fire']
['Poisma', 'Apt Pupil', 'Zio', 'Null Fire']
['Resist Fire', 'Poisma', 'Megidola', 'Null Dark']
['Ice Break', 'Poisma', 'Null Dark', 'Zio']
['Poisma', 'Zio', 'Null Dark', 'Apt Pupil']
['Poisma', 'Apt Pupil', 'Null Dark', 'Zio']
['Null Dark', 'Poisma', 'Ice Break', 'Apt Pupil']
['Ice Break', 'Poisma', 'Apt Pupil', 'Null Dark']
['Null Dark', 'Poisma', 'Zio', 'Stagnant Air']
['Null Fire', 'Poisma', 'Null Dark', 'Apt Pupil']
['Poisma', 'Ice Break', 'Null Fire', 'Zio']
['Null Fire', 'Poisma', 'Zio', 'Stagnant Air']
['Null Dark', 'Ice Break', 'Poisma', 'Null Fire']
['Poisma', 'Ice Break', 'Null Dark', 'Apt Pupil']
['Poisma', 'Resist Fire', 'Megidola', 'Maragidyne']
['Poisma', 'Apt Pupil', 'Zio', 'Megidola']
['Poisma', 'Apt Pupil', 'Resist Fire', 'Zio']
['Poisma', 'Zio', 'Apt Pupil', 'Resist Fire']
['Null Fire', 'Poisma', 'Maragidyne', 'Zio']
['Zio', 'Ice Break', 'Poisma', 'Null Fire']
['Poisma', 'Resist Fire', 'Null Dark', 'Ice Break']
['Poisma', 'Ice Break', 'Null Dark', 'Null Fire']
['Poisma', 'Resist Fire', 'Zio', 'Maragidyne']
['Zio', 'Poisma', 'Ice Break', 'Null Dark']
['Poisma', 'Ice Break', 'Null Dark', 'Zio']
['Resist Fire', 'Poisma', 'Null Fire', 'Apt Pupil']
['Resist Fire', 'Apt Pupil', 'Poisma', 'Null Dark']
['Megidola', 'Zio', 'Null Dark', 'Poisma']
['Resist Fire', 'Poisma', 'Stagnant Air', 'Zio']
['Poisma', 'Resist Fire', 'Ice Break', 'Null Fire']
['Poisma', 'Mabufula', 'Resist Fire', 'Stagnant Air']
['Poisma', 'Zio', 'Null Fire', 'Megidola']
['Apt Pupil', 'Zio', 'Poisma', 'Null Fire']
['Apt Pupil', 'Poisma', 'Null Dark', 'Mabufula']
['Resist Fire', 'Poisma', 'Megidola', 'Apt Pupil']
['Null Fire', 'Poisma', 'Zio', 'Ice Break']
['Apt Pupil', 'Poisma', 'Null Fire', 'Zio']
['Poisma', 'Apt Pupil', 'Null Dark', 'Stagnant Air']
['Poisma', 'Ice Break', 'Null Dark', 'Resist Fire']
['Poisma', 'Null Dark', 'Null Fire', 'Stagnant Air']
['Resist Fire', 'Poisma', 'Ice Break', 'Null Fire']
['Poisma', 'Null Fire', 'Zio', 'Null Dark']
['Poisma', 'Resist Fire', 'Apt Pupil', 'Maragidyne']
['Poisma', 'Ice Break', 'Null Fire', 'Zio']
['Null Fire', 'Poisma', 'Null Dark', 'Bufudyne']
['Poisma', 'Zio', 'Apt Pupil', 'Ice Break']
['Poisma', 'Maragidyne', 'Resist Fire', 'Apt Pupil']
['Poisma', 'Null Dark', 'Zio', 'Mabufula']
['Poisma', 'Apt Pupil', 'Zio', 'Null Fire']
['Poisma', 'Ice Break', 'Mabufula', 'Apt Pupil']
['Ice Break', 'Poisma', 'Apt Pupil', 'Resist Fire']
['Stagnant Air', 'Poisma', 'Resist Fire', 'Apt Pupil']
['Poisma', 'Null Dark', 'Apt Pupil', 'Null Fire']
['Poisma', 'Mabufula', 'Null Fire', 'Apt Pupil']
['Poisma', 'Mabufula', 'Ice Break', 'Resist Fire']
['Poisma', 'Apt Pupil', 'Resist Fire', 'Zio']
['Ice Break', 'Poisma', 'Null Dark', 'Resist Fire']
['Poisma', 'Null Fire', 'Ice Break', 'Stagnant Air']
['Poisma', 'Resist Fire', 'Apt Pupil', 'Maragidyne']
['Poisma', 'Megidola', 'Zio', 'Null Dark']
['Poisma', 'Ice Break', 'Apt Pupil', 'Resist Fire']
['Mabufula', 'Poisma', 'Resist Fire', 'Ice Break']
['Poisma', 'Apt Pupil', 'Zio', 'Null Dark']
['Poisma', 'Resist Fire', 'Ice Break', 'Null Fire']
['Resist Fire', 'Poisma', 'Null Dark', 'Null Fire']
['Poisma', 'Bufudyne', 'Ice Break', 'Resist Fire']
['Poisma', 'Ice Break', 'Resist Fire', 'Maragidyne']
['Poisma', 'Resist Fire', 'Apt Pupil', 'Zio']
['Poisma', 'Stagnant Air', 'Zio', 'Ice Break']
['Apt Pupil', 'Poisma', 'Stagnant Air', 'Null Dark']
['Poisma', 'Ice Break', 'Resist Fire', 'Null Dark']
['Poisma', 'Apt Pupil', 'Ice Break', 'Null Fire']
['Apt Pupil', 'Poisma', 'Null Fire', 'Zio']
['Mabufula', 'Null Fire', 'Poisma', 'Ice Break']
['Null Fire', 'Poisma', 'Apt Pupil', 'Zio']
['Poisma', 'Null Fire', 'Maragidyne', 'Zio']
['Null Fire', 'Poisma', 'Zio', 'Ice Break']
['Poisma', 'Stagnant Air', 'Resist Fire', 'Null Fire']
