['Auto-Rakukaja', 'Victory Cry', 'Sukunda', 'Mamudoon']
['Mamudo', 'Spell Master', 'Victory Cry', 'Sukunda']
['Mamudo', 'Auto-Rakukaja', 'Resist Strike', 'Mudo']
['Mamudo', 'Auto-Rakukaja', 'Resist Strike', 'Mudo']
['Sukunda', 'Victory Cry', 'Spell Master', 'Mudo']
['Auto-Rakukaja', 'Makarakarn', 'Mamudoon', 'Spell Master']
['Mudo', 'Spell Master', 'Victory Cry', 'Mamudo']
['Dekunda', 'Mudo', 'Resist Strike', 'Spell Master']
['Mamudo', 'Auto-Rakukaja', 'Sukunda', 'Resist Strike']
['Mudo', 'Makarakarn', 'Dekunda', 'Sukunda']
['Mudo', 'Makarakarn', 'Resist Strike', 'Spell Master']
['Dekunda', 'Mudo', 'Victory Cry', 'Mabufudyne']
['Victory Cry', 'Dekunda', 'Auto-Rakukaja', 'Sukunda']
['Sukunda', 'Mamudoon', 'Auto-Rakukaja', 'Mudo']
['Auto-Rakukaja', 'Mamudo', 'Mudo', 'Dekunda']
['Sukunda', 'Mamudo', 'Dekunda', 'Mudo']
['Mamudo', 'Dekunda', 'Mamudoon', 'Sukunda']
['Resist Strike', 'Magarudyne', 'Dekunda', 'Sukunda']
['Dekunda', 'Mudo', 'Mamudo', 'Victory Cry']
['Dekunda', 'Mamudo', 'Spell Master', 'Auto-Rakukaja']
['Dekunda', 'Mamudo', 'Sukunda', 'Auto-Rakukaja']
['Victory Cry', 'Resist Strike', 'Dekunda', 'Sukunda']
['Resist Strike', 'Makarakarn', 'Sukunda', 'Mamudoon']
['Sukunda', 'Auto-Rakukaja', 'Mudo', 'Mamudo']
['Auto-Rakukaja', 'Sukunda', 'Mudo', 'Victory Cry']
['Auto-Rakukaja', 'Mamudo', 'Sukunda', 'Dekunda']
['Sukunda', 'Mamudoon', 'Mudo', 'Spell Master']
['Bufula', 'Dekunda', 'Mudo', 'Mamudo']
['Auto-Rakukaja', 'Resist Strike', 'Mudo', 'Sukunda']
['Spell Master', 'Dekunda', 'Sukunda', 'Mamudo']
['Mamudo', 'Dekunda', 'Sukunda', 'Resist Strike']
['Mudo', 'Sukunda', 'Victory Cry', 'Makarakarn']
['Mudo', 'Mamudo', 'Sukunda', 'Auto-Rakukaja']
['Sukunda', 'Mamudoon', 'Resist Strike', 'Mamudo']
['Victory Cry', 'Sukunda', 'Mamudoon', 'Auto-Rakukaja']
['Bufula', 'Mamudoon', 'Spell Master', 'Sukunda']
['Auto-Rakukaja', 'Mudo', 'Sukunda', 'Dekunda']
['Bufula', 'Mudo', 'Auto-Rakukaja', 'Mamudoon']
['Sukunda', 'Mudo', 'Bufula', 'Resist Strike']
['Auto-Rakukaja', 'Resist Strike', 'Mamudo', 'Mamudoon']
['Auto-Rakukaja', 'Spell Master', 'Mamudo', 'Makarakarn']
['Mamudo', 'Sukunda', 'Auto-Rakukaja', 'Spell Master']
['Sukunda', 'Mudo', 'Mamudoon', 'Dekunda']
['Sukunda', 'Megidolaon', 'Resist Strike', 'Mudo']
['Magarudyne', 'Sukunda', 'Dekunda', 'Mudo']
['Bufula', 'Spell Master', 'Mamudoon', 'Mudo']
['Mabufudyne', 'Mamudo', 'Auto-Rakukaja', 'Dekunda']
['Mamudo', 'Sukunda', 'Dekunda', 'Mudo']
['Sukunda', 'Auto-Rakukaja', 'Victory Cry', 'Mudo']
['Auto-Rakukaja', 'Resist Strike', 'Sukunda', 'Makarakarn']
['Victory Cry', 'Mamudo', 'Sukunda', 'Mamudoon']
['Victory Cry', 'Mamudoon', 'Sukunda', 'Makarakarn']
['Mamudo', 'Auto-Rakukaja', 'Mudo', 'Victory Cry']
['Sukunda', 'Victory Cry', 'Mudo', 'Resist Strike']
['Mamudo', 'Sukunda', 'Mudo', 'Dekunda']
['Auto-Rakukaja', 'Sukunda', 'Dekunda', 'Resist Strike']
['Mudo', 'Makarakarn', 'Sukunda', 'Mamudo']
['Mudo', 'Dekunda', 'Victory Cry', 'Resist Strike']
['Mamudo', 'Dekunda', 'Sukunda', 'Auto-Rakukaja']
['Sukunda', 'Mamudoon', 'Auto-Rakukaja', 'Mudo']
['Mudo', 'Auto-Rakukaja', 'Sukunda', 'Mamudo']
['Mamudo', 'Dekunda', 'Mamudoon', 'Sukunda']
['Mamudo', 'Makarakarn', 'Dekunda', 'Sukunda']
['Mudo', 'Mamudo', 'Resist Strike', 'Dekunda']
['Mamudo', 'Sukunda', 'Auto-Rakukaja', 'Dekunda']
['Spell Master', 'Magarudyne', 'Resist Strike', 'Dekunda']
['Sukunda', 'Mudo', 'Mamudo', 'Victory Cry']
['Mamudo', 'Auto-Rakukaja', 'Dekunda', 'Resist Strike']
['Auto-Rakukaja', 'Mamudo', 'Dekunda', 'Sukunda']
['Dekunda', 'Auto-Rakukaja', 'Sukunda', 'Victory Cry']
['Dekunda', 'Mudo', 'Mamudo', 'Mamudoon']
['Victory Cry', 'Mudo', 'Sukunda', 'Dekunda']
['Mamudoon', 'Sukunda', 'Mudo', 'Mamudo']
['Sukunda', 'Spell Master', 'Auto-Rakukaja', 'Mudo']
['Mamudoon', 'Sukunda', 'Auto-Rakukaja', 'Makarakarn']
['Mamudo', 'Bufula', 'Mamudoon', 'Auto-Rakukaja']
['Auto-Rakukaja', 'Mamudo', 'Resist Strike', 'Sukunda']
['Victory Cry', 'Mudo', 'Makarakarn', 'Dekunda']
['Mudo', 'Mamudo', 'Auto-Rakukaja', 'Makarakarn']
['Sukunda', 'Mamudo', 'Spell Master', 'Dekunda']
['Auto-Rakukaja', 'Dekunda', 'Mamudo', 'Mudo']
['Auto-Rakukaja', 'Sukunda', 'Mamudoon', 'Mudo']
['Mamudo', 'Dekunda', 'Victory Cry', 'Sukunda']
['Mudo', 'Dekunda', 'Sukunda', 'Mamudo']
['Mamudo', 'Mamudoon', 'Auto-Rakukaja', 'Mudo']
['Mamudo', 'Victory Cry', 'Sukunda', 'Dekunda']
['Mudo', 'Mamudoon', 'Sukunda', 'Mamudo']
['Auto-Rakukaja', 'Mabufudyne', 'Mudo', 'Mamudo']
['Resist Strike', 'Sukunda', 'Mudo', 'Spell Master']
['Dekunda', 'Mamudo', 'Sukunda', 'Mudo']
['Sukunda', 'Dekunda', 'Auto-Rakukaja', 'Mamudo']
['Mamudoon', 'Auto-Rakukaja', 'Sukunda', 'Dekunda']
['Dekunda', 'Makarakarn', 'Mudo', 'Megidolaon']
['Resist Strike', 'Dekunda', 'Mudo', 'Auto-Rakukaja']
['Makarakarn', 'Mamudo', 'Mudo', 'Auto-Rakukaja']
['Sukunda', 'Mamudo', 'Auto-Rakukaja', 'Victory Cry']
['Mamudo', 'Mabufudyne', 'Sukunda', 'Mudo']
['Sukunda', 'Dekunda', 'Makarakarn', 'Spell Master']
['Resist Strike', 'Mamudo', 'Bufula', 'Mudo']
['Dekunda', 'Mudo', 'Resist Strike', 'Mamudo']
['Sukunda', 'Mamudoon', 'Dekunda', 'Resist Strike']
['Victory Cry', 'Magarudyne', 'Resist Strike', 'Auto-Rakukaja']
['Auto-Rakukaja', 'Mamudo', 'Mudo', 'Resist Strike']
['Mamudo', 'Sukunda', 'Resist Strike', 'Auto-Rakukaja']
['Auto-Rakukaja', 'Makarakarn', 'Resist Strike', 'Mudo']
['Mamudoon', 'Sukunda', 'Dekunda', 'Auto-Rakukaja']
['Victory Cry', 'Mamudo', 'Mudo', 'Sukunda']
['Victory Cry', 'Mamudoon', 'Mudo', 'Sukunda']
['Mudo', 'Sukunda', 'Auto-Rakukaja', 'Victory Cry']
['Mudo', 'Dekunda', 'Makarakarn', 'Sukunda']
['Mamudo', 'Resist Strike', 'Sukunda', 'Auto-Rakukaja']
['Resist Strike', 'Dekunda', 'Mudo', 'Bufula']
['Dekunda', 'Sukunda', 'Mudo', 'Mamudo']
['Auto-Rakukaja', 'Resist Strike', 'Dekunda', 'Sukunda']
['Mudo', 'Sukunda', 'Dekunda', 'Spell Master']
['Auto-Rakukaja', 'Mudo', 'Spell Master', 'Mamudoon']
['Mudo', 'Auto-Rakukaja', 'Sukunda', 'Makarakarn']
['Magarudyne', 'Mudo', 'Dekunda', 'Mamudo']
['Sukunda', 'Mudo', 'Mamudoon', 'Auto-Rakukaja']
['Dekunda', 'Resist Strike', 'Makarakarn', 'Sukunda']
['Mamudo', 'Sukunda', 'Dekunda', 'Mudo']
['Dekunda', 'Mudo', 'Sukunda', 'Resist Strike']
['Auto-Rakukaja', 'Victory Cry', 'Mamudo', 'Dekunda']
['Sukunda', 'Spell Master', 'Resist Strike', 'Mabufudyne']
['Mudo', 'Resist Strike', 'Sukunda', 'Makarakarn']
['Sukunda', 'Mamudo', 'Dekunda', 'Auto-Rakukaja']
['Mudo', 'Mamudoon', 'Sukunda', 'Bufula']
['Mamudo', 'Dekunda', 'Auto-Rakukaja', 'Victory Cry']
['Mamudo', 'Sukunda', 'Mabufudyne', 'Dekunda']
['Spell Master', 'Mudo', 'Mamudoon', 'Mamudo']
['Victory Cry', 'Mamudoon', 'Sukunda', 'Mudo']
['Auto-Rakukaja', 'Sukunda', 'Mudo', 'Makarakarn']
['Makarakarn', 'Dekunda', 'Magarudyne', 'Resist Strike']
['Sukunda', 'Mudo', 'Mamudoon', 'Auto-Rakukaja']
['Resist Strike', 'Spell Master', 'Mamudo', 'Sukunda']
['Dekunda', 'Mudo', 'Sukunda', 'Auto-Rakukaja']
['Dekunda', 'Sukunda', 'Makarakarn', 'Magarudyne']
['Megidolaon', 'Resist Strike', 'Mudo', 'Sukunda']
['Mamudo', 'Auto-Rakukaja', 'Victory Cry', 'Mudo']
['Mamudo', 'Makarakarn', 'Auto-Rakukaja', 'Sukunda']
['Mamudoon', 'Makarakarn', 'Mudo', 'Auto-Rakukaja']
['Dekunda', 'Makarakarn', 'Mamudo', 'Sukunda']
['Auto-Rakukaja', 'Resist Strike', 'Mamudo', 'Dekunda']
['Mamudoon', 'Spell Master', 'Magarudyne', 'Mudo']
['Sukunda', 'Mamudoon', 'Mudo', 'Spell Master']
['Mamudo', 'Auto-Rakukaja', 'Sukunda', 'Mamudoon']
['Auto-Rakukaja', 'Mamudoon', 'Mudo', 'Mamudo']
['Mamudo', 'Magarudyne', 'Auto-Rakukaja', 'Mamudoon']
['Dekunda', 'Mudo', 'Magarudyne', 'Mamudoon']
['Mamudo', 'Mudo', 'Sukunda', 'Dekunda']
['Makarakarn', 'Mudo', 'Sukunda', 'Auto-Rakukaja']
['Dekunda', 'Spell Master', 'Auto-Rakukaja', 'Mamudo']
['Sukunda', 'Mamudo', 'Mudo', 'Resist Strike']
['Bufula', 'Mamudo', 'Dekunda', 'Megidolaon']
['Spell Master', 'Mamudo', 'Dekunda', 'Auto-Rakukaja']
['Mudo', 'Sukunda', 'Mamudoon', 'Auto-Rakukaja']
['Dekunda', 'Mudo', 'Mamudo', 'Auto-Rakukaja']
['Victory Cry', 'Mudo', 'Sukunda', 'Makarakarn']
['Mamudo', 'Mudo', 'Auto-Rakukaja', 'Mamudoon']
['Resist Strike', 'Sukunda', 'Bufula', 'Spell Master']
['Bufula', 'Sukunda', 'Auto-Rakukaja', 'Mudo']
['Mudo', 'Resist Strike', 'Dekunda', 'Mamudoon']
['Auto-Rakukaja', 'Dekunda', 'Resist Strike', 'Sukunda']
['Auto-Rakukaja', 'Sukunda', 'Resist Strike', 'Mamudo']
['Mudo', 'Sukunda', 'Mamudo', 'Dekunda']
['Sukunda', 'Auto-Rakukaja', 'Mamudoon', 'Resist Strike']
['Dekunda', 'Makarakarn', 'Mamudo', 'Mamudoon']
['Sukunda', 'Mabufudyne', 'Mudo', 'Dekunda']
['Mamudo', 'Mudo', 'Sukunda', 'Victory Cry']
['Bufula', 'Resist Strike', 'Auto-Rakukaja', 'Sukunda']
['Victory Cry', 'Auto-Rakukaja', 'Resist Strike', 'Mamudo']
['Auto-Rakukaja', 'Mudo', 'Mamudoon', 'Sukunda']
['Mamudo', 'Resist Strike', 'Spell Master', 'Mudo']
['Mudo', 'Sukunda', 'Dekunda', 'Mamudoon']
['Makarakarn', 'Bufula', 'Dekunda', 'Mamudo']
['Auto-Rakukaja', 'Makarakarn', 'Sukunda', 'Dekunda']
['Mudo', 'Dekunda', 'Sukunda', 'Mamudoon']
['Mamudoon', 'Mabufudyne', 'Sukunda', 'Mamudo']
['Dekunda', 'Mamudo', 'Auto-Rakukaja', 'Mamudoon']
['Mamudo', 'Sukunda', 'Mudo', 'Spell Master']
['Sukunda', 'Dekunda', 'Makarakarn', 'Bufula']
['Mudo', 'Dekunda', 'Sukunda', 'Auto-Rakukaja']
['Bufula', 'Auto-Rakukaja', 'Victory Cry', 'Resist Strike']
['Mamudoon', 'Sukunda', 'Mudo', 'Auto-Rakukaja']
['Mamudo', 'Mudo', 'Auto-Rakukaja', 'Sukunda']
['Dekunda', 'Sukunda', 'Mamudo', 'Spell Master']
['Auto-Rakukaja', 'Sukunda', 'Mabufudyne', 'Mamudo']
['Sukunda', 'Mudo', 'Mamudo', 'Magarudyne']
['Megidolaon', 'Victory Cry', 'Sukunda', 'Bufula']
['Dekunda', 'Sukunda', 'Mudo', 'Auto-Rakukaja']
['Victory Cry', 'Mamudo', 'Dekunda', 'Auto-Rakukaja']
['Auto-Rakukaja', 'Mudo', 'Mamudo', 'Sukunda']
['Victory Cry', 'Mamudoon', 'Mamudo', 'Spell Master']
['Mamudo', 'Resist Strike', 'Mamudoon', 'Sukunda']
['Makarakarn', 'Mamudo', 'Sukunda', 'Resist Strike']
['Spell Master', 'Sukunda', 'Resist Strike', 'Bufula']
['Auto-Rakukaja', 'Sukunda', 'Dekunda', 'Mamudo']
['Spell Master', 'Megidolaon', 'Victory Cry', 'Mudo']
['Mamudoon', 'Makarakarn', 'Mudo', 'Dekunda']
['Spell Master', 'Resist Strike', 'Mudo', 'Auto-Rakukaja']
['Mudo', 'Auto-Rakukaja', 'Mamudoon', 'Spell Master']
['Mudo', 'Mamudoon', 'Auto-Rakukaja', 'Dekunda']
['Sukunda', 'Auto-Rakukaja', 'Dekunda', 'Victory Cry']
['Mamudoon', 'Makarakarn', 'Auto-Rakukaja', 'Mamudo']
['Spell Master', 'Sukunda', 'Mudo', 'Dekunda']
['Auto-Rakukaja', 'Resist Strike', 'Mamudo', 'Makarakarn']
['Resist Strike', 'Dekunda', 'Mudo', 'Mamudo']
['Auto-Rakukaja', 'Mamudoon', 'Dekunda', 'Mudo']
['Mamudo', 'Mamudoon', 'Dekunda', 'Mudo']
['Dekunda', 'Mudo', 'Sukunda', 'Auto-Rakukaja']
['Mudo', 'Resist Strike', 'Auto-Rakukaja', 'Makarakarn']
['Mudo', 'Spell Master', 'Mamudoon', 'Dekunda']
['Victory Cry', 'Dekunda', 'Mamudoon', 'Mudo']
['Sukunda', 'Mudo', 'Dekunda', 'Victory Cry']
['Dekunda', 'Makarakarn', 'Bufula', 'Mudo']
['Sukunda', 'Resist Strike', 'Dekunda', 'Auto-Rakukaja']
['Sukunda', 'Dekunda', 'Mamudo', 'Makarakarn']
['Mudo', 'Mamudo', 'Bufula', 'Sukunda']
['Mudo', 'Magarudyne', 'Mamudo', 'Victory Cry']
['Mudo', 'Sukunda', 'Magarudyne', 'Dekunda']
['Mamudo', 'Mamudoon', 'Sukunda', 'Mudo']
['Makarakarn', 'Sukunda', 'Victory Cry', 'Mudo']
['Mamudo', 'Mudo', 'Auto-Rakukaja', 'Sukunda']
['Dekunda', 'Mudo', 'Sukunda', 'Victory Cry']
['Makarakarn', 'Mudo', 'Mabufudyne', 'Resist Strike']
['Auto-Rakukaja', 'Mudo', 'Sukunda', 'Magarudyne']
['Mamudoon', 'Sukunda', 'Mudo', 'Makarakarn']
['Mamudoon', 'Auto-Rakukaja', 'Resist Strike', 'Dekunda']
['Dekunda', 'Mamudo', 'Mudo', 'Mamudoon']
['Sukunda', 'Auto-Rakukaja', 'Mamudoon', 'Makarakarn']
['Makarakarn', 'Auto-Rakukaja', 'Mamudo', 'Mamudoon']
['Sukunda', 'Auto-Rakukaja', 'Mamudo', 'Mamudoon']
['Mamudoon', 'Sukunda', 'Auto-Rakukaja', 'Dekunda']
['Mamudo', 'Auto-Rakukaja', 'Mudo', 'Makarakarn']
['Sukunda', 'Dekunda', 'Mudo', 'Auto-Rakukaja']
['Dekunda', 'Makarakarn', 'Auto-Rakukaja', 'Bufula']
['Sukunda', 'Mamudoon', 'Dekunda', 'Mamudo']
['Mudo', 'Mamudo', 'Makarakarn', 'Dekunda']
['Sukunda', 'Auto-Rakukaja', 'Mamudoon', 'Mamudo']
['Mudo', 'Auto-Rakukaja', 'Mabufudyne', 'Dekunda']
['Spell Master', 'Auto-Rakukaja', 'Resist Strike', 'Mudo']
['Auto-Rakukaja', 'Mamudo', 'Bufula', 'Dekunda']
['Mudo', 'Auto-Rakukaja', 'Mamudo', 'Dekunda']
['Spell Master', 'Auto-Rakukaja', 'Mamudoon', 'Sukunda']
['Resist Strike', 'Mamudoon', 'Auto-Rakukaja', 'Makarakarn']
['Victory Cry', 'Sukunda', 'Mudo', 'Makarakarn']
['Dekunda', 'Auto-Rakukaja', 'Makarakarn', 'Mamudo']
['Magarudyne', 'Mudo', 'Sukunda', 'Mamudoon']
['Mudo', 'Auto-Rakukaja', 'Spell Master', 'Sukunda']
['Mamudo', 'Sukunda', 'Mudo', 'Bufula']
['Victory Cry', 'Mabufudyne', 'Mudo', 'Dekunda']
['Dekunda', 'Mudo', 'Mamudoon', 'Auto-Rakukaja']
['Mudo', 'Mamudo', 'Mamudoon', 'Dekunda']
['Mamudoon', 'Sukunda', 'Makarakarn', 'Auto-Rakukaja']
['Resist Strike', 'Mudo', 'Mamudo', 'Dekunda']
['Mamudoon', 'Mamudo', 'Mabufudyne', 'Auto-Rakukaja']
['Resist Strike', 'Sukunda', 'Makarakarn', 'Mamudoon']
['Magarudyne', 'Mabufudyne', 'Resist Strike', 'Auto-Rakukaja']
['Spell Master', 'Sukunda', 'Auto-Rakukaja', 'Mudo']
['Sukunda', 'Bufula', 'Mudo', 'Spell Master']
['Sukunda', 'Dekunda', 'Mamudo', 'Resist Strike']
['Dekunda', 'Mamudo', 'Mudo', 'Sukunda']
['Resist Strike', 'Mudo', 'Mamudoon', 'Sukunda']
['Mamudoon', 'Resist Strike', 'Sukunda', 'Magarudyne']
['Resist Strike', 'Makarakarn', 'Sukunda', 'Victory Cry']
['Auto-Rakukaja', 'Bufula', 'Mamudo', 'Sukunda']
['Mudo', 'Sukunda', 'Spell Master', 'Dekunda']
['Mudo', 'Victory Cry', 'Resist Strike', 'Spell Master']
['Mamudo', 'Megidolaon', 'Resist Strike', 'Mamudoon']
['Resist Strike', 'Mamudo', 'Auto-Rakukaja', 'Spell Master']
['Mudo', 'Sukunda', 'Mamudoon', 'Dekunda']
['Sukunda', 'Bufula', 'Makarakarn', 'Mudo']
['Mudo', 'Mamudoon', 'Makarakarn', 'Resist Strike']
['Mamudo', 'Dekunda', 'Sukunda', 'Auto-Rakukaja']
['Dekunda', 'Auto-Rakukaja', 'Mudo', 'Mamudoon']
['Sukunda', 'Spell Master', 'Mudo', 'Dekunda']
['Sukunda', 'Dekunda', 'Mamudo', 'Victory Cry']
['Bufula', 'Auto-Rakukaja', 'Makarakarn', 'Mamudoon']
['Sukunda', 'Mabufudyne', 'Makarakarn', 'Dekunda']
['Makarakarn', 'Mudo', 'Dekunda', 'Sukunda']
['Makarakarn', 'Mamudo', 'Magarudyne', 'Sukunda']
['Sukunda', 'Dekunda', 'Resist Strike', 'Mudo']
['Resist Strike', 'Mamudo', 'Sukunda', 'Mudo']
['Dekunda', 'Sukunda', 'Mamudo', 'Resist Strike']
['Mamudo', 'Spell Master', 'Mudo', 'Dekunda']
['Dekunda', 'Spell Master', 'Mudo', 'Mamudo']
['Makarakarn', 'Mamudo', 'Victory Cry', 'Auto-Rakukaja']
['Bufula', 'Sukunda', 'Mudo', 'Dekunda']
['Sukunda', 'Mudo', 'Bufula', 'Resist Strike']
['Auto-Rakukaja', 'Mudo', 'Resist Strike', 'Makarakarn']
['Resist Strike', 'Auto-Rakukaja', 'Mudo', 'Dekunda']
['Mamudoon', 'Auto-Rakukaja', 'Mudo', 'Megidolaon']
['Resist Strike', 'Sukunda', 'Mudo', 'Dekunda']
['Dekunda', 'Mudo', 'Mamudoon', 'Resist Strike']
['Mabufudyne', 'Sukunda', 'Mudo', 'Spell Master']
['Mamudo', 'Sukunda', 'Dekunda', 'Mamudoon']
['Mudo', 'Dekunda', 'Sukunda', 'Auto-Rakukaja']
['Bufula', 'Auto-Rakukaja', 'Mamudo', 'Sukunda']
['Mamudoon', 'Sukunda', 'Mudo', 'Victory Cry']
['Sukunda', 'Mamudoon', 'Mudo', 'Dekunda']
['Mudo', 'Mamudo', 'Auto-Rakukaja', 'Sukunda']
['Auto-Rakukaja', 'Sukunda', 'Mamudo', 'Mudo']
['Mamudo', 'Auto-Rakukaja', 'Mudo', 'Resist Strike']
['Mudo', 'Dekunda', 'Makarakarn', 'Victory Cry']
['Sukunda', 'Makarakarn', 'Mamudo', 'Mudo']
['Resist Strike', 'Sukunda', 'Mudo', 'Dekunda']
['Auto-Rakukaja', 'Dekunda', 'Sukunda', 'Mudo']
['Mudo', 'Mamudoon', 'Mamudo', 'Dekunda']
['Resist Strike', 'Spell Master', 'Makarakarn', 'Mamudo']
['Dekunda', 'Mudo', 'Sukunda', 'Mamudoon']
['Mamudo', 'Dekunda', 'Spell Master', 'Sukunda']
['Makarakarn', 'Dekunda', 'Mudo', 'Mamudo']
['Victory Cry', 'Mamudo', 'Auto-Rakukaja', 'Resist Strike']
['Mamudo', 'Dekunda', 'Mudo', 'Sukunda']
['Makarakarn', 'Mamudoon', 'Resist Strike', 'Mamudo']
['Auto-Rakukaja', 'Sukunda', 'Victory Cry', 'Mamudo']
['Mudo', 'Auto-Rakukaja', 'Sukunda', 'Victory Cry']
['Spell Master', 'Mudo', 'Resist Strike', 'Mamudo']
['Sukunda', 'Auto-Rakukaja', 'Mudo', 'Mamudo']
['Sukunda', 'Resist Strike', 'Mamudo', 'Makarakarn']
['Auto-Rakukaja', 'Mudo', 'Mamudoon', 'Sukunda']
['Mamudo', 'Sukunda', 'Mudo', 'Dekunda']
['Dekunda', 'Sukunda', 'Resist Strike', 'Mudo']
['Dekunda', 'Auto-Rakukaja', 'Resist Strike', 'Mabufudyne']
['Victory Cry', 'Spell Master', 'Dekunda', 'Mudo']
['Auto-Rakukaja', 'Mudo', 'Mamudoon', 'Dekunda']
['Mamudo', 'Auto-Rakukaja', 'Dekunda', 'Resist Strike']
['Dekunda', 'Auto-Rakukaja', 'Resist Strike', 'Mudo']
['Sukunda', 'Magarudyne', 'Mudo', 'Dekunda']
['Dekunda', 'Bufula', 'Victory Cry', 'Mabufudyne']
['Victory Cry', 'Resist Strike', 'Bufula', 'Mamudo']
['Auto-Rakukaja', 'Mamudo', 'Dekunda', 'Mudo']
['Sukunda', 'Mamudo', 'Spell Master', 'Auto-Rakukaja']
['Victory Cry', 'Sukunda', 'Makarakarn', 'Mudo']
['Auto-Rakukaja', 'Dekunda', 'Mudo', 'Makarakarn']
['Bufula', 'Mudo', 'Sukunda', 'Mamudo']
['Mudo', 'Megidolaon', 'Auto-Rakukaja', 'Resist Strike']
['Resist Strike', 'Auto-Rakukaja', 'Victory Cry', 'Mamudoon']
['Mamudoon', 'Dekunda', 'Mamudo', 'Mudo']
['Mudo', 'Victory Cry', 'Mamudo', 'Sukunda']
['Mamudoon', 'Spell Master', 'Resist Strike', 'Mudo']
['Mamudo', 'Mudo', 'Dekunda', 'Sukunda']
['Auto-Rakukaja', 'Mudo', 'Dekunda', 'Victory Cry']
['Sukunda', 'Mudo', 'Auto-Rakukaja', 'Makarakarn']
['Sukunda', 'Mamudo', 'Mudo', 'Mamudoon']
['Resist Strike', 'Auto-Rakukaja', 'Victory Cry', 'Spell Master']
['Auto-Rakukaja', 'Sukunda', 'Mudo', 'Mamudo']
['Spell Master', 'Auto-Rakukaja', 'Mamudoon', 'Sukunda']
['Sukunda', 'Mamudoon', 'Mudo', 'Dekunda']
['Spell Master', 'Mamudo', 'Auto-Rakukaja', 'Dekunda']
['Makarakarn', 'Spell Master', 'Dekunda', 'Mudo']
['Auto-Rakukaja', 'Mudo', 'Victory Cry', 'Dekunda']
['Mudo', 'Mamudoon', 'Bufula', 'Megidolaon']
['Mamudo', 'Sukunda', 'Auto-Rakukaja', 'Makarakarn']
['Mudo', 'Makarakarn', 'Mamudoon', 'Dekunda']
['Mudo', 'Resist Strike', 'Mamudoon', 'Auto-Rakukaja']
['Mudo', 'Megidolaon', 'Resist Strike', 'Bufula']
['Sukunda', 'Mudo', 'Dekunda', 'Mamudoon']
['Resist Strike', 'Mamudo', 'Dekunda', 'Mudo']
['Auto-Rakukaja', 'Dekunda', 'Mudo', 'Resist Strike']
['Mudo', 'Dekunda', 'Sukunda', 'Mamudo']
['Mudo', 'Auto-Rakukaja', 'Bufula', 'Sukunda']
['Auto-Rakukaja', 'Mudo', 'Mamudoon', 'Makarakarn']
['Sukunda', 'Mamudoon', 'Dekunda', 'Auto-Rakukaja']
['Mamudo', 'Mamudoon', 'Mudo', 'Dekunda']
['Makarakarn', 'Dekunda', 'Sukunda', 'Mamudo']
['Sukunda', 'Mudo', 'Mamudoon', 'Mamudo']
['Resist Strike', 'Mudo', 'Mamudo', 'Auto-Rakukaja']
['Resist Strike', 'Sukunda', 'Mamudo', 'Dekunda']
['Dekunda', 'Mudo', 'Magarudyne', 'Resist Strike']
['Mamudo', 'Mudo', 'Mamudoon', 'Dekunda']
['Dekunda', 'Mamudo', 'Sukunda', 'Mudo']
['Makarakarn', 'Auto-Rakukaja', 'Mamudoon', 'Mudo']
['Mudo', 'Auto-Rakukaja', 'Makarakarn', 'Dekunda']
['Auto-Rakukaja', 'Mudo', 'Makarakarn', 'Resist Strike']
['Mamudoon', 'Mudo', 'Makarakarn', 'Mamudo']
['Mamudoon', 'Mabufudyne', 'Mamudo', 'Dekunda']
['Victory Cry', 'Sukunda', 'Dekunda', 'Mamudoon']
['Mamudoon', 'Victory Cry', 'Sukunda', 'Mudo']
['Mudo', 'Victory Cry', 'Mamudo', 'Resist Strike']
['Megidolaon', 'Mamudo', 'Sukunda', 'Bufula']
['Mamudo', 'Mudo', 'Sukunda', 'Resist Strike']
['Mamudo', 'Mudo', 'Spell Master', 'Auto-Rakukaja']
['Mamudo', 'Dekunda', 'Resist Strike', 'Magarudyne']
['Sukunda', 'Mamudoon', 'Mudo', 'Auto-Rakukaja']
['Sukunda', 'Resist Strike', 'Bufula', 'Mudo']
['Dekunda', 'Mudo', 'Spell Master', 'Auto-Rakukaja']
['Sukunda', 'Mamudo', 'Mamudoon', 'Mudo']
['Victory Cry', 'Mamudo', 'Resist Strike', 'Mudo']
['Dekunda', 'Sukunda', 'Mudo', 'Mamudo']
['Dekunda', 'Resist Strike', 'Mamudo', 'Mudo']
['Resist Strike', 'Sukunda', 'Dekunda', 'Mudo']
['Mamudoon', 'Makarakarn', 'Mudo', 'Resist Strike']
['Sukunda', 'Mamudo', 'Mudo', 'Victory Cry']
['Megidolaon', 'Mudo', 'Auto-Rakukaja', 'Sukunda']
['Mudo', 'Mamudo', 'Sukunda', 'Dekunda']
['Mamudo', 'Resist Strike', 'Victory Cry', 'Sukunda']
['Sukunda', 'Mudo', 'Auto-Rakukaja', 'Mamudo']
['Auto-Rakukaja', 'Sukunda', 'Spell Master', 'Dekunda']
['Magarudyne', 'Dekunda', 'Mamudo', 'Victory Cry']
['Auto-Rakukaja', 'Dekunda', 'Mudo', 'Makarakarn']
['Mabufudyne', 'Mudo', 'Victory Cry', 'Makarakarn']
['Victory Cry', 'Dekunda', 'Mudo', 'Resist Strike']
['Auto-Rakukaja', 'Makarakarn', 'Dekunda', 'Mudo']
['Dekunda', 'Resist Strike', 'Bufula', 'Sukunda']
['Resist Strike', 'Auto-Rakukaja', 'Mamudo', 'Sukunda']
['Dekunda', 'Resist Strike', 'Sukunda', 'Mabufudyne']
['Resist Strike', 'Bufula', 'Victory Cry', 'Makarakarn']
['Mamudoon', 'Dekunda', 'Mudo', 'Resist Strike']
['Bufula', 'Mamudo', 'Victory Cry', 'Mudo']
['Sukunda', 'Mamudoon', 'Mudo', 'Mamudo']
['Sukunda', 'Mamudo', 'Dekunda', 'Resist Strike']
['Dekunda', 'Mamudo', 'Bufula', 'Auto-Rakukaja']
['Mudo', 'Auto-Rakukaja', 'Mamudo', 'Bufula']
['Megidolaon', 'Makarakarn', 'Auto-Rakukaja', 'Mudo']
['Sukunda', 'Bufula', 'Victory Cry', 'Dekunda']
['Mamudo', 'Dekunda', 'Sukunda', 'Auto-Rakukaja']
['Makarakarn', 'Bufula', 'Sukunda', 'Mudo']
['Auto-Rakukaja', 'Sukunda', 'Mudo', 'Resist Strike']
['Resist Strike', 'Victory Cry', 'Mudo', 'Sukunda']
['Makarakarn', 'Sukunda', 'Dekunda', 'Mudo']
['Sukunda', 'Victory Cry', 'Mudo', 'Mamudoon']
['Auto-Rakukaja', 'Mamudo', 'Mudo', 'Victory Cry']
['Mudo', 'Makarakarn', 'Resist Strike', 'Mamudo']
['Mudo', 'Dekunda', 'Sukunda', 'Mamudo']
['Spell Master', 'Mamudo', 'Dekunda', 'Mabufudyne']
['Sukunda', 'Mudo', 'Victory Cry', 'Dekunda']
['Sukunda', 'Mamudo', 'Auto-Rakukaja', 'Resist Strike']
['Bufula', 'Makarakarn', 'Auto-Rakukaja', 'Dekunda']
['Mudo', 'Sukunda', 'Dekunda', 'Auto-Rakukaja']
['Makarakarn', 'Sukunda', 'Mamudo', 'Auto-Rakukaja']
['Auto-Rakukaja', 'Mudo', 'Bufula', 'Mabufudyne']
['Auto-Rakukaja', 'Mamudo', 'Victory Cry', 'Spell Master']
['Mudo', 'Mamudo', 'Auto-Rakukaja', 'Resist Strike']
['Mamudo', 'Sukunda', 'Mudo', 'Bufula']
['Makarakarn', 'Resist Strike', 'Mamudoon', 'Auto-Rakukaja']
['Sukunda', 'Bufula', 'Mamudoon', 'Mudo']
['Auto-Rakukaja', 'Makarakarn', 'Sukunda', 'Mudo']
['Auto-Rakukaja', 'Resist Strike', 'Makarakarn', 'Sukunda']
['Dekunda', 'Auto-Rakukaja', 'Mamudo', 'Makarakarn']
['Mabufudyne', 'Mamudo', 'Makarakarn', 'Auto-Rakukaja']
['Mudo', 'Makarakarn', 'Mamudo', 'Dekunda']
['Sukunda', 'Mudo', 'Magarudyne', 'Spell Master']
['Mamudo', 'Resist Strike', 'Magarudyne', 'Mudo']
['Sukunda', 'Mamudo', 'Auto-Rakukaja', 'Mamudoon']
['Mamudo', 'Makarakarn', 'Sukunda', 'Dekunda']
['Magarudyne', 'Mamudo', 'Mamudoon', 'Mudo']
['Mamudo', 'Sukunda', 'Dekunda', 'Spell Master']
['Sukunda', 'Resist Strike', 'Mudo', 'Mamudoon']
['Mudo', 'Auto-Rakukaja', 'Sukunda', 'Mamudoon']
['Mamudo', 'Sukunda', 'Dekunda', 'Auto-Rakukaja']
['Mamudoon', 'Sukunda', 'Mudo', 'Mamudo']
['Resist Strike', 'Dekunda', 'Spell Master', 'Mamudoon']
['Sukunda', 'Mamudoon', 'Makarakarn', 'Victory Cry']
['Makarakarn', 'Sukunda', 'Mamudo', 'Spell Master']
['Mamudo', 'Sukunda', 'Mudo', 'Dekunda']
['Mamudo', 'Sukunda', 'Dekunda', 'Mamudoon']
['Mamudo', 'Mudo', 'Auto-Rakukaja', 'Sukunda']
['Auto-Rakukaja', 'Dekunda', 'Mudo', 'Bufula']
['Mamudoon', 'Spell Master', 'Auto-Rakukaja', 'Sukunda']
['Mudo', 'Mamudo', 'Dekunda', 'Sukunda']
['Sukunda', 'Mudo', 'Bufula', 'Spell Master']
['Mamudoon', 'Resist Strike', 'Sukunda', 'Dekunda']
['Mamudo', 'Auto-Rakukaja', 'Sukunda', 'Mudo']
['Magarudyne', 'Mamudoon', 'Mudo', 'Sukunda']
['Dekunda', 'Mudo', 'Auto-Rakukaja', 'Bufula']
['Makarakarn', 'Mamudo', 'Mudo', 'Mamudoon']
['Auto-Rakukaja', 'Mudo', 'Mabufudyne', 'Mamudoon']
['Mamudoon', 'Makarakarn', 'Auto-Rakukaja', 'Mamudo']
['Dekunda', 'Victory Cry', 'Mamudo', 'Auto-Rakukaja']
['Sukunda', 'Auto-Rakukaja', 'Mamudo', 'Dekunda']
['Mamudoon', 'Auto-Rakukaja', 'Dekunda', 'Bufula']
['Dekunda', 'Makarakarn', 'Mudo', 'Sukunda']
['Sukunda', 'Auto-Rakukaja', 'Spell Master', 'Mudo']
['Mamudoon', 'Mudo', 'Resist Strike', 'Spell Master']
['Makarakarn', 'Auto-Rakukaja', 'Resist Strike', 'Sukunda']
['Dekunda', 'Victory Cry', 'Auto-Rakukaja', 'Mudo']
['Mamudo', 'Auto-Rakukaja', 'Spell Master', 'Mamudoon']
['Mudo', 'Mamudoon', 'Auto-Rakukaja', 'Magarudyne']
['Sukunda', 'Resist Strike', 'Mudo', 'Spell Master']
['Bufula', 'Sukunda', 'Auto-Rakukaja', 'Dekunda']
['Spell Master', 'Victory Cry', 'Sukunda', 'Resist Strike']
['Mudo', 'Makarakarn', 'Magarudyne', 'Dekunda']
['Sukunda', 'Mudo', 'Resist Strike', 'Mamudoon']
['Auto-Rakukaja', 'Sukunda', 'Makarakarn', 'Victory Cry']
['Dekunda', 'Mudo', 'Makarakarn', 'Resist Strike']
['Spell Master', 'Dekunda', 'Mudo', 'Sukunda']
['Auto-Rakukaja', 'Mudo', 'Mamudo', 'Sukunda']
['Dekunda', 'Sukunda', 'Auto-Rakukaja', 'Mamudo']
['Mudo', 'Mamudo', 'Auto-Rakukaja', 'Sukunda']
['Mudo', 'Mamudoon', 'Resist Strike', 'Bufula']
['Makarakarn', 'Sukunda', 'Spell Master', 'Victory Cry']
['Victory Cry', 'Auto-Rakukaja', 'Mamudo', 'Resist Strike']
['Resist Strike', 'Mamudo', 'Mudo', 'Spell Master']
['Mudo', 'Dekunda', 'Sukunda', 'Bufula']
['Auto-Rakukaja', 'Mamudo', 'Mudo', 'Victory Cry']
['Victory Cry', 'Mamudoon', 'Mabufudyne', 'Resist Strike']
['Mamudo', 'Sukunda', 'Bufula', 'Spell Master']
['Resist Strike', 'Mudo', 'Mabufudyne', 'Dekunda']
['Auto-Rakukaja', 'Mudo', 'Mamudo', 'Mamudoon']
['Dekunda', 'Sukunda', 'Auto-Rakukaja', 'Mudo']
['Dekunda', 'Mamudoon', 'Mamudo', 'Auto-Rakukaja']
['Victory Cry', 'Auto-Rakukaja', 'Resist Strike', 'Dekunda']
['Dekunda', 'Mamudo', 'Sukunda', 'Mamudoon']
['Mamudo', 'Dekunda', 'Mudo', 'Makarakarn']
['Makarakarn', 'Dekunda', 'Mudo', 'Mamudo']
['Sukunda', 'Resist Strike', 'Mudo', 'Dekunda']
['Mamudoon', 'Dekunda', 'Mudo', 'Sukunda']
['Victory Cry', 'Sukunda', 'Mudo', 'Spell Master']
['Mamudo', 'Bufula', 'Auto-Rakukaja', 'Mamudoon']
['Victory Cry', 'Mamudoon', 'Spell Master', 'Mamudo']
['Victory Cry', 'Sukunda', 'Mamudo', 'Auto-Rakukaja']
['Mudo', 'Resist Strike', 'Dekunda', 'Sukunda']
['Dekunda', 'Sukunda', 'Mudo', 'Mamudo']
['Mamudo', 'Mudo', 'Makarakarn', 'Spell Master']
['Sukunda', 'Mamudo', 'Resist Strike', 'Dekunda']
['Mudo', 'Dekunda', 'Mabufudyne', 'Sukunda']
['Auto-Rakukaja', 'Mamudo', 'Mamudoon', 'Sukunda']
['Mamudoon', 'Mudo', 'Spell Master', 'Dekunda']
['Dekunda', 'Sukunda', 'Spell Master', 'Auto-Rakukaja']
['Mudo', 'Spell Master', 'Resist Strike', 'Mamudoon']
['Mamudo', 'Dekunda', 'Sukunda', 'Mamudoon']
['Makarakarn', 'Sukunda', 'Dekunda', 'Spell Master']
['Sukunda', 'Mudo', 'Auto-Rakukaja', 'Resist Strike']
['Dekunda', 'Sukunda', 'Mudo', 'Mamudo']
['Sukunda', 'Mudo', 'Victory Cry', 'Makarakarn']
['Victory Cry', 'Bufula', 'Dekunda', 'Mamudo']
['Sukunda', 'Mamudoon', 'Mudo', 'Dekunda']
['Mudo', 'Sukunda', 'Megidolaon', 'Auto-Rakukaja']
['Victory Cry', 'Sukunda', 'Resist Strike', 'Mamudoon']
['Mudo', 'Mamudo', 'Victory Cry', 'Spell Master']
['Mamudo', 'Resist Strike', 'Mudo', 'Victory Cry']
['Auto-Rakukaja', 'Spell Master', 'Mudo', 'Victory Cry']
['Resist Strike', 'Victory Cry', 'Mamudo', 'Mudo']
['Sukunda', 'Dekunda', 'Mudo', 'Mamudoon']
['Spell Master', 'Mudo', 'Auto-Rakukaja', 'Victory Cry']
['Mamudo', 'Sukunda', 'Mudo', 'Mabufudyne']
['Auto-Rakukaja', 'Makarakarn', 'Mamudoon', 'Sukunda']
['Sukunda', 'Victory Cry', 'Dekunda', 'Mamudoon']
['Sukunda', 'Auto-Rakukaja', 'Mamudoon', 'Dekunda']
['Makarakarn', 'Mudo', 'Auto-Rakukaja', 'Mamudoon']
['Sukunda', 'Makarakarn', 'Mudo', 'Dekunda']
['Mamudo', 'Dekunda', 'Sukunda', 'Bufula']
['Dekunda', 'Sukunda', 'Mamudo', 'Mudo']
['Mudo', 'Bufula', 'Makarakarn', 'Megidolaon']
['Mudo', 'Auto-Rakukaja', 'Mamudo', 'Sukunda']
['Mudo', 'Resist Strike', 'Dekunda', 'Makarakarn']
['Mabufudyne', 'Sukunda', 'Mudo', 'Resist Strike']
['Sukunda', 'Makarakarn', 'Mamudo', 'Bufula']
['Mudo', 'Dekunda', 'Mamudo', 'Victory Cry']
['Mudo', 'Mamudoon', 'Dekunda', 'Mamudo']
['Sukunda', 'Mudo', 'Dekunda', 'Spell Master']
['Mudo', 'Auto-Rakukaja', 'Spell Master', 'Mamudoon']
['Dekunda', 'Auto-Rakukaja', 'Sukunda', 'Magarudyne']
['Auto-Rakukaja', 'Sukunda', 'Mudo', 'Resist Strike']
['Sukunda', 'Mudo', 'Resist Strike', 'Dekunda']
['Dekunda', 'Sukunda', 'Bufula', 'Auto-Rakukaja']
['Spell Master', 'Dekunda', 'Victory Cry', 'Megidolaon']
['Mamudo', 'Makarakarn', 'Mudo', 'Resist Strike']
['Resist Strike', 'Dekunda', 'Sukunda', 'Auto-Rakukaja']
['Mudo', 'Dekunda', 'Mamudoon', 'Mamudo']
['Dekunda', 'Spell Master', 'Makarakarn', 'Mamudo']
['Mudo', 'Auto-Rakukaja', 'Dekunda', 'Mamudoon']
['Auto-Rakukaja', 'Mudo', 'Sukunda', 'Dekunda']
['Mamudoon', 'Mamudo', 'Dekunda', 'Auto-Rakukaja']
['Mudo', 'Dekunda', 'Spell Master', 'Auto-Rakukaja']
['Megidolaon', 'Mabufudyne', 'Spell Master', 'Dekunda']
['Auto-Rakukaja', 'Bufula', 'Mamudo', 'Sukunda']
['Auto-Rakukaja', 'Sukunda', 'Mamudo', 'Mudo']
['Mamudo', 'Dekunda', 'Mudo', 'Sukunda']
['Resist Strike', 'Makarakarn', 'Mamudo', 'Mamudoon']
['Sukunda', 'Bufula', 'Mudo', 'Megidolaon']
['Mudo', 'Mamudo', 'Mamudoon', 'Magarudyne']
['Mudo', 'Mamudo', 'Sukunda', 'Bufula']
['Auto-Rakukaja', 'Victory Cry', 'Mudo', 'Dekunda']
['Dekunda', 'Mudo', 'Sukunda', 'Auto-Rakukaja']
['Mudo', 'Auto-Rakukaja', 'Sukunda', 'Dekunda']
['Auto-Rakukaja', 'Sukunda', 'Dekunda', 'Bufula']
['Mudo', 'Victory Cry', 'Mamudo', 'Resist Strike']
['Auto-Rakukaja', 'Mamudoon', 'Sukunda', 'Magarudyne']
['Mudo', 'Mamudoon', 'Victory Cry', 'Auto-Rakukaja']
['Bufula', 'Sukunda', 'Mudo', 'Mamudo']
['Auto-Rakukaja', 'Mamudo', 'Sukunda', 'Spell Master']
['Auto-Rakukaja', 'Mudo', 'Makarakarn', 'Mamudo']
['Mamudoon', 'Dekunda', 'Spell Master', 'Mudo']
['Auto-Rakukaja', 'Mamudoon', 'Victory Cry', 'Sukunda']
['Mudo', 'Mamudo', 'Mamudoon', 'Magarudyne']
['Mudo', 'Mamudoon', 'Resist Strike', 'Spell Master']
['Dekunda', 'Mudo', 'Bufula', 'Sukunda']
['Sukunda', 'Mudo', 'Mamudo', 'Spell Master']
['Makarakarn', 'Dekunda', 'Auto-Rakukaja', 'Resist Strike']
['Sukunda', 'Mamudoon', 'Mudo', 'Auto-Rakukaja']
['Resist Strike', 'Mamudo', 'Sukunda', 'Mamudoon']
['Mudo', 'Makarakarn', 'Victory Cry', 'Auto-Rakukaja']
['Mabufudyne', 'Mamudo', 'Mudo', 'Sukunda']
['Mamudo', 'Sukunda', 'Mamudoon', 'Mudo']
['Mudo', 'Magarudyne', 'Mamudoon', 'Auto-Rakukaja']
['Sukunda', 'Mamudoon', 'Auto-Rakukaja', 'Bufula']
['Mudo', 'Auto-Rakukaja', 'Dekunda', 'Sukunda']
['Mamudoon', 'Resist Strike', 'Mamudo', 'Victory Cry']
['Sukunda', 'Mudo', 'Makarakarn', 'Mamudoon']
['Auto-Rakukaja', 'Dekunda', 'Sukunda', 'Mudo']
['Mudo', 'Mamudo', 'Sukunda', 'Dekunda']
['Sukunda', 'Victory Cry', 'Spell Master', 'Auto-Rakukaja']
['Mamudo', 'Mudo', 'Resist Strike', 'Auto-Rakukaja']
['Resist Strike', 'Mudo', 'Spell Master', 'Sukunda']
['Auto-Rakukaja', 'Makarakarn', 'Bufula', 'Sukunda']
['Auto-Rakukaja', 'Sukunda', 'Megidolaon', 'Mudo']
['Mudo', 'Resist Strike', 'Magarudyne', 'Sukunda']
['Auto-Rakukaja', 'Mamudo', 'Victory Cry', 'Mudo']
['Spell Master', 'Sukunda', 'Mudo', 'Victory Cry']
['Victory Cry', 'Dekunda', 'Auto-Rakukaja', 'Mudo']
['Dekunda', 'Mamudo', 'Sukunda', 'Auto-Rakukaja']
['Dekunda', 'Sukunda', 'Victory Cry', 'Mamudoon']
['Auto-Rakukaja', 'Mamudoon', 'Mudo', 'Mamudo']
['Sukunda', 'Auto-Rakukaja', 'Mamudo', 'Dekunda']
['Mudo', 'Auto-Rakukaja', 'Sukunda', 'Mabufudyne']
['Mudo', 'Mamudo', 'Auto-Rakukaja', 'Resist Strike']
['Sukunda', 'Mamudo', 'Dekunda', 'Spell Master']
['Spell Master', 'Resist Strike', 'Magarudyne', 'Victory Cry']
['Mamudo', 'Sukunda', 'Victory Cry', 'Mudo']
['Auto-Rakukaja', 'Mudo', 'Dekunda', 'Spell Master']
['Mamudo', 'Mudo', 'Auto-Rakukaja', 'Bufula']
['Resist Strike', 'Sukunda', 'Dekunda', 'Mudo']
['Mabufudyne', 'Resist Strike', 'Victory Cry', 'Mamudo']
['Sukunda', 'Magarudyne', 'Dekunda', 'Mamudo']
['Mudo', 'Auto-Rakukaja', 'Bufula', 'Makarakarn']
['Mamudoon', 'Dekunda', 'Auto-Rakukaja', 'Resist Strike']
['Bufula', 'Mudo', 'Sukunda', 'Auto-Rakukaja']
['Mamudo', 'Auto-Rakukaja', 'Mudo', 'Resist Strike']
['Dekunda', 'Mudo', 'Sukunda', 'Resist Strike']
['Dekunda', 'Sukunda', 'Auto-Rakukaja', 'Resist Strike']
['Spell Master', 'Mamudo', 'Auto-Rakukaja', 'Mamudoon']
['Mamudo', 'Dekunda', 'Resist Strike', 'Sukunda']
['Sukunda', 'Victory Cry', 'Mamudo', 'Auto-Rakukaja']
['Mamudoon', 'Sukunda', 'Mudo', 'Auto-Rakukaja']
['Megidolaon', 'Mamudo', 'Auto-Rakukaja', 'Mudo']
['Sukunda', 'Auto-Rakukaja', 'Bufula', 'Spell Master']
['Bufula', 'Resist Strike', 'Sukunda', 'Mudo']
['Sukunda', 'Mamudo', 'Megidolaon', 'Auto-Rakukaja']
['Auto-Rakukaja', 'Victory Cry', 'Sukunda', 'Makarakarn']
['Makarakarn', 'Auto-Rakukaja', 'Spell Master', 'Sukunda']
['Auto-Rakukaja', 'Mudo', 'Spell Master', 'Makarakarn']
['Sukunda', 'Mudo', 'Resist Strike', 'Dekunda']
['Makarakarn', 'Sukunda', 'Mamudo', 'Auto-Rakukaja']
['Mamudoon', 'Mamudo', 'Sukunda', 'Resist Strike']
['Auto-Rakukaja', 'Mudo', 'Megidolaon', 'Resist Strike']
['Resist Strike', 'Spell Master', 'Auto-Rakukaja', 'Sukunda']
['Mudo', 'Makarakarn', 'Mamudoon', 'Mamudo']
['Mudo', 'Dekunda', 'Auto-Rakukaja', 'Mamudo']
['Dekunda', 'Auto-Rakukaja', 'Mudo', 'Spell Master']
['Sukunda', 'Makarakarn', 'Dekunda', 'Auto-Rakukaja']
['Sukunda', 'Mamudoon', 'Resist Strike', 'Mamudo']
['Sukunda', 'Mamudo', 'Mudo', 'Dekunda']
['Makarakarn', 'Mudo', 'Spell Master', 'Bufula']
['Victory Cry', 'Sukunda', 'Bufula', 'Spell Master']
['Mamudo', 'Dekunda', 'Sukunda', 'Mudo']
['Dekunda', 'Spell Master', 'Mamudo', 'Mudo']
['Victory Cry', 'Mudo', 'Spell Master', 'Auto-Rakukaja']
['Mamudo', 'Resist Strike', 'Mudo', 'Sukunda']
['Dekunda', 'Sukunda', 'Resist Strike', 'Bufula']
['Mamudo', 'Mamudoon', 'Mudo', 'Dekunda']
['Mudo', 'Sukunda', 'Mamudo', 'Auto-Rakukaja']
['Dekunda', 'Sukunda', 'Mudo', 'Auto-Rakukaja']
['Spell Master', 'Makarakarn', 'Mabufudyne', 'Mamudoon']
['Spell Master', 'Dekunda', 'Auto-Rakukaja', 'Resist Strike']
['Resist Strike', 'Mudo', 'Mamudo', 'Makarakarn']
['Bufula', 'Mudo', 'Dekunda', 'Mamudoon']
['Auto-Rakukaja', 'Mudo', 'Sukunda', 'Mamudoon']
['Mamudo', 'Dekunda', 'Mamudoon', 'Makarakarn']
['Auto-Rakukaja', 'Victory Cry', 'Dekunda', 'Mabufudyne']
['Dekunda', 'Mamudo', 'Makarakarn', 'Mudo']
['Dekunda', 'Victory Cry', 'Mamudoon', 'Auto-Rakukaja']
['Resist Strike', 'Mudo', 'Bufula', 'Mamudoon']
['Resist Strike', 'Mamudoon', 'Auto-Rakukaja', 'Mamudo']
['Makarakarn', 'Mamudoon', 'Auto-Rakukaja', 'Mabufudyne']
['Dekunda', 'Resist Strike', 'Mamudoon', 'Mamudo']
['Mamudoon', 'Dekunda', 'Mamudo', 'Mudo']
['Auto-Rakukaja', 'Victory Cry', 'Bufula', 'Mamudo']
['Mamudoon', 'Dekunda', 'Auto-Rakukaja', 'Resist Strike']
['Dekunda', 'Bufula', 'Mamudoon', 'Auto-Rakukaja']
['Sukunda', 'Auto-Rakukaja', 'Mamudoon', 'Dekunda']
['Spell Master', 'Resist Strike', 'Sukunda', 'Mamudoon']
['Sukunda', 'Mudo', 'Resist Strike', 'Dekunda']
['Mamudo', 'Sukunda', 'Mamudoon', 'Magarudyne']
['Victory Cry', 'Auto-Rakukaja', 'Mamudo', 'Mamudoon']
['Resist Strike', 'Mudo', 'Mamudo', 'Bufula']
['Auto-Rakukaja', 'Sukunda', 'Dekunda', 'Mamudo']
['Spell Master', 'Auto-Rakukaja', 'Sukunda', 'Mudo']
['Sukunda', 'Resist Strike', 'Mamudo', 'Mudo']
['Magarudyne', 'Spell Master', 'Mudo', 'Sukunda']
['Mamudo', 'Auto-Rakukaja', 'Sukunda', 'Bufula']
['Sukunda', 'Mamudo', 'Mudo', 'Victory Cry']
['Sukunda', 'Mudo', 'Resist Strike', 'Auto-Rakukaja']
['Spell Master', 'Mudo', 'Sukunda', 'Dekunda']
['Auto-Rakukaja', 'Mudo', 'Mamudoon', 'Dekunda']
['Sukunda', 'Mudo', 'Dekunda', 'Mamudo']
['Mudo', 'Sukunda', 'Mamudo', 'Auto-Rakukaja']
['Mamudoon', 'Auto-Rakukaja', 'Spell Master', 'Resist Strike']
['Sukunda', 'Dekunda', 'Mamudo', 'Resist Strike']
['Mudo', 'Makarakarn', 'Resist Strike', 'Spell Master']
['Makarakarn', 'Auto-Rakukaja', 'Mamudo', 'Bufula']
['Victory Cry', 'Sukunda', 'Mamudo', 'Resist Strike']
['Mudo', 'Dekunda', 'Mamudo', 'Sukunda']
['Dekunda', 'Mamudoon', 'Mudo', 'Mamudo']
['Spell Master', 'Auto-Rakukaja', 'Sukunda', 'Bufula']
['Mamudo', 'Dekunda', 'Mudo', 'Auto-Rakukaja']
['Sukunda', 'Mamudo', 'Resist Strike', 'Mudo']
['Mamudo', 'Mudo', 'Dekunda', 'Makarakarn']
['Mamudo', 'Sukunda', 'Mudo', 'Spell Master']
['Mamudoon', 'Mudo', 'Bufula', 'Dekunda']
['Mudo', 'Makarakarn', 'Sukunda', 'Victory Cry']
['Mudo', 'Magarudyne', 'Dekunda', 'Spell Master']
['Mamudoon', 'Dekunda', 'Resist Strike', 'Makarakarn']
['Auto-Rakukaja', 'Spell Master', 'Sukunda', 'Mamudo']
['Auto-Rakukaja', 'Bufula', 'Magarudyne', 'Dekunda']
['Resist Strike', 'Auto-Rakukaja', 'Mamudoon', 'Mamudo']
['Mudo', 'Mamudoon', 'Sukunda', 'Mamudo']
['Sukunda', 'Mamudoon', 'Dekunda', 'Makarakarn']
['Victory Cry', 'Mamudo', 'Mamudoon', 'Sukunda']
['Mamudoon', 'Mamudo', 'Resist Strike', 'Sukunda']
['Sukunda', 'Mamudo', 'Dekunda', 'Mamudoon']
['Sukunda', 'Mamudo', 'Mudo', 'Dekunda']
['Sukunda', 'Mudo', 'Auto-Rakukaja', 'Mamudoon']
['Mudo', 'Auto-Rakukaja', 'Sukunda', 'Mamudo']
['Victory Cry', 'Mamudo', 'Resist Strike', 'Dekunda']
['Dekunda', 'Spell Master', 'Sukunda', 'Mamudo']
['Mamudo', 'Resist Strike', 'Mudo', 'Sukunda']
['Sukunda', 'Mamudoon', 'Makarakarn', 'Mudo']
['Spell Master', 'Dekunda', 'Mudo', 'Sukunda']
['Mamudo', 'Victory Cry', 'Mudo', 'Sukunda']
['Resist Strike', 'Sukunda', 'Auto-Rakukaja', 'Mamudo']
['Sukunda', 'Mudo', 'Mabufudyne', 'Mamudoon']
['Mudo', 'Dekunda', 'Sukunda', 'Auto-Rakukaja']
['Megidolaon', 'Dekunda', 'Victory Cry', 'Mamudoon']
['Dekunda', 'Mamudoon', 'Mudo', 'Auto-Rakukaja']
['Victory Cry', 'Sukunda', 'Mudo', 'Auto-Rakukaja']
['Mamudo', 'Makarakarn', 'Mamudoon', 'Mudo']
['Sukunda', 'Makarakarn', 'Mamudo', 'Dekunda']
['Bufula', 'Mudo', 'Dekunda', 'Makarakarn']
['Auto-Rakukaja', 'Mudo', 'Makarakarn', 'Dekunda']
['Mamudo', 'Spell Master', 'Auto-Rakukaja', 'Resist Strike']
['Victory Cry', 'Sukunda', 'Dekunda', 'Mudo']
['Dekunda', 'Mamudo', 'Auto-Rakukaja', 'Makarakarn']
['Dekunda', 'Victory Cry', 'Mudo', 'Sukunda']
['Makarakarn', 'Victory Cry', 'Mudo', 'Auto-Rakukaja']
['Mamudoon', 'Sukunda', 'Dekunda', 'Makarakarn']
['Resist Strike', 'Spell Master', 'Dekunda', 'Mudo']
['Spell Master', 'Dekunda', 'Mamudo', 'Resist Strike']
['Mamudo', 'Spell Master', 'Auto-Rakukaja', 'Mudo']
['Makarakarn', 'Mudo', 'Mamudoon', 'Mamudo']
['Mamudo', 'Mudo', 'Auto-Rakukaja', 'Dekunda']
['Mamudo', 'Sukunda', 'Auto-Rakukaja', 'Mudo']
['Auto-Rakukaja', 'Resist Strike', 'Mamudo', 'Sukunda']
['Auto-Rakukaja', 'Mudo', 'Sukunda', 'Dekunda']
['Spell Master', 'Victory Cry', 'Mudo', 'Mamudo']
['Mudo', 'Mamudo', 'Dekunda', 'Spell Master']
['Mamudo', 'Auto-Rakukaja', 'Mudo', 'Mamudoon']
['Sukunda', 'Mudo', 'Dekunda', 'Resist Strike']
['Mamudoon', 'Sukunda', 'Mamudo', 'Mudo']
['Auto-Rakukaja', 'Megidolaon', 'Resist Strike', 'Mamudo']
['Mamudo', 'Mudo', 'Dekunda', 'Spell Master']
['Sukunda', 'Auto-Rakukaja', 'Makarakarn', 'Resist Strike']
['Makarakarn', 'Resist Strike', 'Auto-Rakukaja', 'Mamudo']
['Sukunda', 'Dekunda', 'Mudo', 'Mamudo']
['Mamudo', 'Mudo', 'Spell Master', 'Sukunda']
['Dekunda', 'Auto-Rakukaja', 'Mabufudyne', 'Makarakarn']
['Auto-Rakukaja', 'Dekunda', 'Mabufudyne', 'Victory Cry']
['Sukunda', 'Mamudo', 'Mudo', 'Resist Strike']
['Sukunda', 'Mamudoon', 'Mamudo', 'Resist Strike']
['Mamudo', 'Mamudoon', 'Dekunda', 'Sukunda']
['Auto-Rakukaja', 'Sukunda', 'Dekunda', 'Mudo']
['Mamudo', 'Victory Cry', 'Sukunda', 'Auto-Rakukaja']
['Resist Strike', 'Bufula', 'Sukunda', 'Victory Cry']
['Sukunda', 'Mamudo', 'Auto-Rakukaja', 'Spell Master']
['Spell Master', 'Sukunda', 'Mamudo', 'Makarakarn']
['Makarakarn', 'Dekunda', 'Mudo', 'Resist Strike']
['Mudo', 'Sukunda', 'Victory Cry', 'Makarakarn']
['Mamudo', 'Sukunda', 'Mamudoon', 'Auto-Rakukaja']
['Sukunda', 'Mamudoon', 'Mudo', 'Victory Cry']
['Makarakarn', 'Dekunda', 'Mamudo', 'Mudo']
['Sukunda', 'Mudo', 'Resist Strike', 'Makarakarn']
['Sukunda', 'Mudo', 'Spell Master', 'Magarudyne']
['Sukunda', 'Resist Strike', 'Dekunda', 'Mamudo']
['Auto-Rakukaja', 'Victory Cry', 'Bufula', 'Magarudyne']
['Mudo', 'Auto-Rakukaja', 'Spell Master', 'Dekunda']
['Mamudo', 'Sukunda', 'Mudo', 'Dekunda']
['Dekunda', 'Bufula', 'Auto-Rakukaja', 'Resist Strike']
['Sukunda', 'Mamudoon', 'Mudo', 'Bufula']
['Auto-Rakukaja', 'Spell Master', 'Mudo', 'Sukunda']
['Dekunda', 'Sukunda', 'Victory Cry', 'Auto-Rakukaja']
['Mamudo', 'Mudo', 'Sukunda', 'Makarakarn']
['Resist Strike', 'Mudo', 'Auto-Rakukaja', 'Spell Master']
['Sukunda', 'Mudo', 'Dekunda', 'Mamudo']
['Sukunda', 'Dekunda', 'Makarakarn', 'Mamudo']
['Mudo', 'Sukunda', 'Spell Master', 'Dekunda']
['Victory Cry', 'Mudo', 'Auto-Rakukaja', 'Magarudyne']
['Makarakarn', 'Sukunda', 'Mamudoon', 'Dekunda']
['Sukunda', 'Mudo', 'Mamudoon', 'Auto-Rakukaja']
['Auto-Rakukaja', 'Mamudoon', 'Mamudo', 'Sukunda']
['Auto-Rakukaja', 'Resist Strike', 'Mamudo', 'Bufula']
['Sukunda', 'Dekunda', 'Bufula', 'Mudo']
['Sukunda', 'Makarakarn', 'Magarudyne', 'Dekunda']
['Auto-Rakukaja', 'Mamudoon', 'Magarudyne', 'Mudo']
['Mudo', 'Makarakarn', 'Mamudo', 'Auto-Rakukaja']
['Mamudo', 'Mudo', 'Resist Strike', 'Dekunda']
['Resist Strike', 'Auto-Rakukaja', 'Sukunda', 'Mudo']
['Resist Strike', 'Mamudo', 'Sukunda', 'Dekunda']
['Dekunda', 'Spell Master', 'Victory Cry', 'Auto-Rakukaja']
['Auto-Rakukaja', 'Magarudyne', 'Sukunda', 'Mudo']
['Auto-Rakukaja', 'Mamudo', 'Spell Master', 'Sukunda']
['Dekunda', 'Makarakarn', 'Auto-Rakukaja', 'Sukunda']
['Mudo', 'Mamudo', 'Dekunda', 'Mamudoon']
['Mudo', 'Magarudyne', 'Mamudoon', 'Auto-Rakukaja']
['Mamudoon', 'Mamudo', 'Sukunda', 'Mudo']
['Resist Strike', 'Auto-Rakukaja', 'Mudo', 'Makarakarn']
['Mudo', 'Bufula', 'Mabufudyne', 'Sukunda']
['Mudo', 'Mamudoon', 'Auto-Rakukaja', 'Sukunda']
['Auto-Rakukaja', 'Sukunda', 'Mamudoon', 'Dekunda']
['Makarakarn', 'Victory Cry', 'Sukunda', 'Mamudoon']
['Mamudoon', 'Auto-Rakukaja', 'Mudo', 'Sukunda']
['Mamudo', 'Mabufudyne', 'Mudo', 'Auto-Rakukaja']
['Auto-Rakukaja', 'Sukunda', 'Mamudoon', 'Makarakarn']
['Mudo', 'Mamudoon', 'Mamudo', 'Victory Cry']
['Mamudo', 'Victory Cry', 'Sukunda', 'Bufula']
['Dekunda', 'Resist Strike', 'Mamudo', 'Mudo']
['Dekunda', 'Mamudoon', 'Auto-Rakukaja', 'Mamudo']
['Resist Strike', 'Mudo', 'Makarakarn', 'Mamudoon']
['Sukunda', 'Mamudoon', 'Mudo', 'Resist Strike']
['Megidolaon', 'Dekunda', 'Resist Strike', 'Sukunda']
['Bufula', 'Sukunda', 'Auto-Rakukaja', 'Dekunda']
['Mamudo', 'Resist Strike', 'Mudo', 'Dekunda']
['Megidolaon', 'Sukunda', 'Mudo', 'Spell Master']
['Sukunda', 'Mudo', 'Mamudoon', 'Auto-Rakukaja']
['Resist Strike', 'Mamudo', 'Auto-Rakukaja', 'Sukunda']
['Resist Strike', 'Mudo', 'Victory Cry', 'Sukunda']
['Dekunda', 'Spell Master', 'Magarudyne', 'Victory Cry']
['Victory Cry', 'Sukunda', 'Mamudo', 'Dekunda']
['Victory Cry', 'Mudo', 'Auto-Rakukaja', 'Spell Master']
['Resist Strike', 'Mamudo', 'Spell Master', 'Mudo']
['Mamudo', 'Victory Cry', 'Auto-Rakukaja', 'Sukunda']
['Mudo', 'Resist Strike', 'Auto-Rakukaja', 'Mamudo']
['Sukunda', 'Mudo', 'Makarakarn', 'Dekunda']
['Sukunda', 'Mudo', 'Bufula', 'Auto-Rakukaja']
['Mudo', 'Resist Strike', 'Dekunda', 'Bufula']
['Auto-Rakukaja', 'Sukunda', 'Makarakarn', 'Mudo']
['Mudo', 'Dekunda', 'Bufula', 'Sukunda']
['Mamudo', 'Dekunda', 'Auto-Rakukaja', 'Mudo']
['Bufula', 'Sukunda', 'Mudo', 'Dekunda']
['Dekunda', 'Auto-Rakukaja', 'Sukunda', 'Mudo']
['Makarakarn', 'Dekunda', 'Mudo', 'Mamudoon']
['Mamudo', 'Bufula', 'Sukunda', 'Dekunda']
['Mudo', 'Spell Master', 'Auto-Rakukaja', 'Dekunda']
['Sukunda', 'Mamudoon', 'Mudo', 'Resist Strike']
['Sukunda', 'Resist Strike', 'Mudo', 'Spell Master']
['Dekunda', 'Mudo', 'Spell Master', 'Sukunda']
['Auto-Rakukaja', 'Victory Cry', 'Dekunda', 'Makarakarn']
['Dekunda', 'Mudo', 'Mamudo', 'Sukunda']
['Sukunda', 'Dekunda', 'Mudo', 'Resist Strike']
['Sukunda', 'Dekunda', 'Makarakarn', 'Mamudo']
['Spell Master', 'Bufula', 'Magarudyne', 'Mamudoon']
['Sukunda', 'Mamudoon', 'Auto-Rakukaja', 'Bufula']
['Victory Cry', 'Mamudo', 'Magarudyne', 'Dekunda']
['Magarudyne', 'Mamudoon', 'Auto-Rakukaja', 'Sukunda']
['Mudo', 'Mamudoon', 'Dekunda', 'Sukunda']
['Mudo', 'Auto-Rakukaja', 'Dekunda', 'Makarakarn']
['Mamudoon', 'Dekunda', 'Mamudo', 'Sukunda']
['Auto-Rakukaja', 'Victory Cry', 'Spell Master', 'Resist Strike']
['Dekunda', 'Sukunda', 'Mudo', 'Resist Strike']
['Mamudo', 'Spell Master', 'Bufula', 'Resist Strike']
['Mudo', 'Makarakarn', 'Dekunda', 'Auto-Rakukaja']
['Mudo', 'Resist Strike', 'Mamudoon', 'Magarudyne']
['Mamudoon', 'Auto-Rakukaja', 'Mudo', 'Sukunda']
['Resist Strike', 'Makarakarn', 'Sukunda', 'Mamudoon']
['Resist Strike', 'Bufula', 'Sukunda', 'Makarakarn']
['Dekunda', 'Megidolaon', 'Mamudo', 'Mudo']
['Auto-Rakukaja', 'Mudo', 'Dekunda', 'Mamudo']
['Resist Strike', 'Victory Cry', 'Mudo', 'Sukunda']
['Mamudo', 'Makarakarn', 'Dekunda', 'Mamudoon']
['Mamudoon', 'Auto-Rakukaja', 'Sukunda', 'Mabufudyne']
['Spell Master', 'Sukunda', 'Bufula', 'Resist Strike']
['Dekunda', 'Makarakarn', 'Mamudoon', 'Mamudo']
['Sukunda', 'Mudo', 'Makarakarn', 'Mamudo']
['Mamudo', 'Mudo', 'Auto-Rakukaja', 'Makarakarn']
['Spell Master', 'Sukunda', 'Mamudoon', 'Mudo']
['Auto-Rakukaja', 'Resist Strike', 'Mamudo', 'Sukunda']
['Mamudo', 'Sukunda', 'Mamudoon', 'Auto-Rakukaja']
['Dekunda', 'Mudo', 'Sukunda', 'Resist Strike']
['Sukunda', 'Dekunda', 'Resist Strike', 'Mamudo']
['Dekunda', 'Auto-Rakukaja', 'Sukunda', 'Mudo']
['Spell Master', 'Mamudo', 'Auto-Rakukaja', 'Sukunda']
['Mudo', 'Resist Strike', 'Mabufudyne', 'Sukunda']
['Auto-Rakukaja', 'Sukunda', 'Mudo', 'Dekunda']
['Bufula', 'Mabufudyne', 'Victory Cry', 'Dekunda']
['Sukunda', 'Spell Master', 'Mudo', 'Mamudo']
['Bufula', 'Sukunda', 'Makarakarn', 'Mudo']
['Sukunda', 'Spell Master', 'Victory Cry', 'Mamudo']
['Makarakarn', 'Mudo', 'Mamudo', 'Spell Master']
['Victory Cry', 'Sukunda', 'Mudo', 'Makarakarn']
['Auto-Rakukaja', 'Magarudyne', 'Sukunda', 'Mamudo']
['Mamudoon', 'Mudo', 'Auto-Rakukaja', 'Spell Master']
['Mudo', 'Auto-Rakukaja', 'Sukunda', 'Makarakarn']
['Resist Strike', 'Mamudoon', 'Makarakarn', 'Mamudo']
['Mudo', 'Sukunda', 'Spell Master', 'Dekunda']
['Mudo', 'Spell Master', 'Resist Strike', 'Mamudoon']
['Victory Cry', 'Makarakarn', 'Sukunda', 'Auto-Rakukaja']
['Mudo', 'Spell Master', 'Victory Cry', 'Dekunda']
['Makarakarn', 'Dekunda', 'Mabufudyne', 'Auto-Rakukaja']
['Auto-Rakukaja', 'Mudo', 'Dekunda', 'Mamudoon']
['Mamudoon', 'Mabufudyne', 'Mudo', 'Resist Strike']
['Victory Cry', 'Mamudoon', 'Mudo', 'Sukunda']
['Auto-Rakukaja', 'Mamudo', 'Mudo', 'Resist Strike']
['Dekunda', 'Mudo', 'Mamudo', 'Auto-Rakukaja']
['Victory Cry', 'Makarakarn', 'Auto-Rakukaja', 'Mamudo']
['Auto-Rakukaja', 'Spell Master', 'Victory Cry', 'Dekunda']
['Victory Cry', 'Bufula', 'Sukunda', 'Auto-Rakukaja']
['Sukunda', 'Mamudo', 'Auto-Rakukaja', 'Resist Strike']
['Resist Strike', 'Auto-Rakukaja', 'Mudo', 'Mamudo']
['Sukunda', 'Dekunda', 'Magarudyne', 'Makarakarn']
['Dekunda', 'Mudo', 'Sukunda', 'Makarakarn']
['Mudo', 'Sukunda', 'Dekunda', 'Mamudo']
['Mudo', 'Dekunda', 'Mamudoon', 'Auto-Rakukaja']
['Sukunda', 'Dekunda', 'Mamudoon', 'Resist Strike']
['Spell Master', 'Mamudo', 'Dekunda', 'Mudo']
['Mudo', 'Resist Strike', 'Sukunda', 'Bufula']
['Auto-Rakukaja', 'Sukunda', 'Mudo', 'Magarudyne']
['Mudo', 'Sukunda', 'Auto-Rakukaja', 'Mamudo']
['Makarakarn', 'Mamudoon', 'Mudo', 'Sukunda']
['Spell Master', 'Dekunda', 'Mudo', 'Auto-Rakukaja']
['Victory Cry', 'Mudo', 'Mamudo', 'Makarakarn']
['Makarakarn', 'Mudo', 'Megidolaon', 'Sukunda']
['Mabufudyne', 'Resist Strike', 'Mudo', 'Auto-Rakukaja']
['Makarakarn', 'Mamudo', 'Sukunda', 'Resist Strike']
['Bufula', 'Sukunda', 'Dekunda', 'Mamudoon']
['Bufula', 'Spell Master', 'Mamudoon', 'Mamudo']
['Resist Strike', 'Makarakarn', 'Victory Cry', 'Dekunda']
['Dekunda', 'Resist Strike', 'Mamudo', 'Mudo']
['Magarudyne', 'Mudo', 'Resist Strike', 'Makarakarn']
['Mudo', 'Mamudoon', 'Mamudo', 'Auto-Rakukaja']
['Dekunda', 'Spell Master', 'Victory Cry', 'Sukunda']
['Mamudo', 'Victory Cry', 'Sukunda', 'Auto-Rakukaja']
['Mamudo', 'Mudo', 'Sukunda', 'Auto-Rakukaja']
['Sukunda', 'Dekunda', 'Victory Cry', 'Auto-Rakukaja']
['Sukunda', 'Dekunda', 'Mudo', 'Spell Master']
['Mudo', 'Mamudo', 'Sukunda', 'Makarakarn']
['Sukunda', 'Auto-Rakukaja', 'Mamudoon', 'Mudo']
['Resist Strike', 'Auto-Rakukaja', 'Bufula', 'Mudo']
['Magarudyne', 'Dekunda', 'Mudo', 'Mamudo']
['Auto-Rakukaja', 'Makarakarn', 'Resist Strike', 'Mudo']
['Dekunda', 'Makarakarn', 'Auto-Rakukaja', 'Mudo']
['Sukunda', 'Mamudo', 'Dekunda', 'Mudo']
['Sukunda', 'Dekunda', 'Mamudo', 'Victory Cry']
['Mamudoon', 'Dekunda', 'Mamudo', 'Makarakarn']
['Mamudo', 'Sukunda', 'Auto-Rakukaja', 'Dekunda']
['Sukunda', 'Bufula', 'Dekunda', 'Auto-Rakukaja']
['Sukunda', 'Auto-Rakukaja', 'Bufula', 'Mamudoon']
['Mudo', 'Dekunda', 'Mamudo', 'Sukunda']
['Resist Strike', 'Victory Cry', 'Auto-Rakukaja', 'Mamudo']
['Auto-Rakukaja', 'Mudo', 'Sukunda', 'Mamudo']
['Mudo', 'Auto-Rakukaja', 'Sukunda', 'Spell Master']
['Dekunda', 'Sukunda', 'Bufula', 'Victory Cry']
['Resist Strike', 'Megidolaon', 'Mamudoon', 'Mudo']
['Mudo', 'Sukunda', 'Mamudo', 'Dekunda']
['Victory Cry', 'Sukunda', 'Bufula', 'Spell Master']
['Resist Strike', 'Sukunda', 'Makarakarn', 'Dekunda']
['Auto-Rakukaja', 'Mudo', 'Makarakarn', 'Sukunda']
['Mamudo', 'Bufula', 'Dekunda', 'Sukunda']
['Mudo', 'Mamudo', 'Dekunda', 'Sukunda']
['Spell Master', 'Mudo', 'Dekunda', 'Auto-Rakukaja']
['Sukunda', 'Mudo', 'Resist Strike', 'Auto-Rakukaja']
['Dekunda', 'Mudo', 'Resist Strike', 'Auto-Rakukaja']
['Sukunda', 'Mamudo', 'Victory Cry', 'Mudo']
['Auto-Rakukaja', 'Dekunda', 'Sukunda', 'Bufula']
['Sukunda', 'Mamudoon', 'Mudo', 'Auto-Rakukaja']
['Mudo', 'Victory Cry', 'Resist Strike', 'Megidolaon']
['Makarakarn', 'Victory Cry', 'Sukunda', 'Mudo']
['Auto-Rakukaja', 'Spell Master', 'Makarakarn', 'Magarudyne']
['Bufula', 'Sukunda', 'Mamudoon', 'Auto-Rakukaja']
['Sukunda', 'Mudo', 'Auto-Rakukaja', 'Victory Cry']
['Mudo', 'Victory Cry', 'Resist Strike', 'Auto-Rakukaja']
['Mudo', 'Sukunda', 'Resist Strike', 'Auto-Rakukaja']
['Bufula', 'Mudo', 'Dekunda', 'Mamudo']
['Dekunda', 'Sukunda', 'Auto-Rakukaja', 'Resist Strike']
['Sukunda', 'Mudo', 'Auto-Rakukaja', 'Makarakarn']
['Sukunda', 'Resist Strike', 'Mamudo', 'Auto-Rakukaja']
['Mamudoon', 'Auto-Rakukaja', 'Mudo', 'Bufula']
['Sukunda', 'Mamudoon', 'Victory Cry', 'Makarakarn']
['Bufula', 'Mudo', 'Sukunda', 'Spell Master']
['Sukunda', 'Resist Strike', 'Mudo', 'Auto-Rakukaja']
['Mudo', 'Resist Strike', 'Mamudo', 'Sukunda']
['Bufula', 'Sukunda', 'Resist Strike', 'Mudo']
['Sukunda', 'Dekunda', 'Makarakarn', 'Mamudoon']
['Resist Strike', 'Sukunda', 'Mabufudyne', 'Mudo']
['Mudo', 'Victory Cry', 'Mamudoon', 'Auto-Rakukaja']
['Magarudyne', 'Mamudoon', 'Victory Cry', 'Sukunda']
['Auto-Rakukaja', 'Mudo', 'Sukunda', 'Victory Cry']
['Bufula', 'Auto-Rakukaja', 'Mamudo', 'Sukunda']
['Auto-Rakukaja', 'Resist Strike', 'Bufula', 'Mudo']
['Makarakarn', 'Resist Strike', 'Mamudo', 'Sukunda']
['Bufula', 'Dekunda', 'Sukunda', 'Mamudo']
['Dekunda', 'Mudo', 'Auto-Rakukaja', 'Sukunda']
['Bufula', 'Mamudo', 'Auto-Rakukaja', 'Dekunda']
['Mudo', 'Spell Master', 'Mamudoon', 'Dekunda']
