['Wind Boost', 'Elec Amp', 'Fire Boost', 'Amrita', 'Maziodyne']
['Wind Boost', 'Amrita', 'Mind Charge', 'Fire Boost', 'Ice Amp']
['Wind Boost', 'Absorb Fire', 'Megidola', 'Mind Charge', 'High Counter']
['Fire Boost', 'Null Panic', 'Amrita', 'Unshaken Will', 'Elec Amp']
['Wind Amp', 'Salvation', 'Mind Charge', 'Maziodyne', 'High Counter']
['Mind Charge', 'Amrita', 'Salvation', 'Absorb Fire', 'Ice Amp']
['Salvation', 'Counter', 'Wind Boost', 'Wind Amp', 'Amrita']
['Counter', 'Mind Charge', 'Maziodyne', 'Spell Master', 'Elec Amp']
['Amrita', 'Ice Amp', 'Wind Boost', 'Maziodyne', 'Wind Amp']
['Mind Charge', 'Wind Boost', 'Salvation', 'Absorb Fire', 'High Counter']
['Salvation', 'Niflheim', 'Mind Charge', 'Maziodyne', 'Thunder Reign']
['Wind Amp', 'Amrita', 'Mind Charge', 'Wind Boost', 'Ice Amp']
['Maziodyne', 'Wind Boost', 'Salvation', 'Mind Charge', 'Wind Amp']
['Ice Amp', 'Megidola', 'Wind Boost', 'Mind Charge', 'Fire Boost']
['Mind Charge', 'Salvation', 'Absorb Fire', 'Null Panic', 'Fire Boost']
['Absorb Fire', 'Salvation', 'Amrita', 'Ragnarok', 'Counter']
['Amrita', 'Wind Boost', 'Mind Charge', 'Salvation', 'Fire Boost']
['Salvation', 'Ice Amp', 'Mind Charge', 'Amrita', 'Wind Boost']
['Niflheim', 'Salvation', 'Mind Charge', 'Amrita', 'High Counter']
['Amrita', 'Niflheim', 'Fire Boost', 'Mind Charge', 'Wind Amp']
['Mind Charge', 'Amrita', 'Counter', 'Spell Master', 'High Counter']
['Amrita', 'Null Panic', 'Mind Charge', 'Counter', 'Maziodyne']
['Wind Boost', 'Mind Charge', 'Fire Boost', 'Ice Amp', 'Elec Amp']
['Wind Boost', 'Ice Amp', 'Mind Charge', 'Amrita', 'Wind Amp']
['Mind Charge', 'Amrita', 'Megidola', 'Elec Amp', 'Salvation']
['Amrita', 'Salvation', 'Fire Boost', 'Elec Amp', 'Ice Amp']
['Amrita', 'Maziodyne', 'Wind Amp', 'Null Panic', 'Counter']
['Unshaken Will', 'Ragnarok', 'Wind Boost', 'Amrita', 'Null Panic']
['Ragnarok', 'Wind Boost', 'Amrita', 'Salvation', 'Counter']
['Maziodyne', 'Wind Amp', 'Mind Charge', 'Thunder Reign', 'Ragnarok']
['Salvation', 'Null Panic', 'Megidola', 'Elec Amp', 'Mind Charge']
['Wind Amp', 'Counter', 'Salvation', 'Wind Boost', 'Absorb Fire']
['Wind Boost', 'Amrita', 'Salvation', 'Fire Boost', 'Ice Amp']
['Counter', 'Fire Boost', 'Niflheim', 'Wind Boost', 'Elec Amp']
['Fire Boost', 'Megidola', 'Absorb Fire', 'Salvation', 'Wind Boost']
['Mind Charge', 'Megidola', 'Amrita', 'Salvation', 'Absorb Fire']
['Absorb Fire', 'Salvation', 'Wind Amp', 'Amrita', 'Spell Master']
['Wind Boost', 'Fire Boost', 'Amrita', 'Ice Amp', 'Salvation']
['Amrita', 'Fire Boost', 'High Counter', 'Mind Charge', 'Wind Boost']
['Salvation', 'Wind Boost', 'Thunder Reign', 'Amrita', 'Mind Charge']
['Wind Boost', 'Salvation', 'Ice Amp', 'Counter', 'Niflheim']
['Ragnarok', 'Amrita', 'Niflheim', 'Megidola', 'Unshaken Will']
['Spell Master', 'Fire Boost', 'Amrita', 'Ice Amp', 'Counter']
['Elec Amp', 'Salvation', 'Thunder Reign', 'Mind Charge', 'Amrita']
['Ice Amp', 'Mind Charge', 'Amrita', 'Null Panic', 'Elec Amp']
['Salvation', 'Fire Boost', 'Wind Boost', 'Amrita', 'Maziodyne']
['Ice Amp', 'Wind Boost', 'Amrita', 'Fire Boost', 'Counter']
['Salvation', 'Amrita', 'Mind Charge', 'Ice Amp', 'Wind Boost']
['Elec Amp', 'Wind Amp', 'Null Panic', 'Amrita', 'Unshaken Will']
['Wind Boost', 'Thunder Reign', 'Elec Amp', 'Counter', 'Amrita']
['Spell Master', 'Salvation', 'Amrita', 'Wind Boost', 'Elec Amp']
['Fire Boost', 'Ice Amp', 'Wind Amp', 'Salvation', 'Amrita']
['Mind Charge', 'Wind Boost', 'Amrita', 'Salvation', 'Null Panic']
['Ragnarok', 'Amrita', 'Megidola', 'Ice Amp', 'Mind Charge']
['Fire Boost', 'Amrita', 'Salvation', 'Mind Charge', 'Unshaken Will']
['Wind Amp', 'Salvation', 'Maziodyne', 'Amrita', 'Wind Boost']
['Wind Amp', 'Salvation', 'Ice Amp', 'High Counter', 'Amrita']
['High Counter', 'Counter', 'Mind Charge', 'Salvation', 'Unshaken Will']
['Amrita', 'Mind Charge', 'Fire Boost', 'Wind Boost', 'Ice Amp']
['Wind Boost', 'Niflheim', 'Elec Amp', 'Wind Amp', 'Salvation']
['Unshaken Will', 'Elec Amp', 'Salvation', 'Amrita', 'Spell Master']
['Counter', 'Amrita', 'Mind Charge', 'Wind Boost', 'Fire Boost']
['Ice Amp', 'Amrita', 'Fire Boost', 'Niflheim', 'Salvation']
['Null Panic', 'Amrita', 'Wind Boost', 'Thunder Reign', 'Counter']
['Elec Amp', 'Amrita', 'Salvation', 'Ragnarok', 'Fire Boost']
['Spell Master', 'Salvation', 'Wind Amp', 'Fire Boost', 'Niflheim']
['Fire Boost', 'Amrita', 'Wind Boost', 'Counter', 'Thunder Reign']
['Mind Charge', 'Amrita', 'Elec Amp', 'Spell Master', 'Unshaken Will']
['Amrita', 'Thunder Reign', 'Counter', 'Mind Charge', 'Wind Amp']
['Fire Boost', 'Amrita', 'Mind Charge', 'Thunder Reign', 'Wind Amp']
['Ice Amp', 'Wind Boost', 'Mind Charge', 'Niflheim', 'Salvation']
['Salvation', 'Amrita', 'Counter', 'Spell Master', 'Fire Boost']
['Megidola', 'Amrita', 'Fire Boost', 'Counter', 'Mind Charge']
['Ice Amp', 'Mind Charge', 'Amrita', 'Wind Boost', 'Null Panic']
['Wind Boost', 'Mind Charge', 'Maziodyne', 'Salvation', 'Spell Master']
['Counter', 'Ice Amp', 'Mind Charge', 'Niflheim', 'Salvation']
['Maziodyne', 'Amrita', 'Salvation', 'Megidola', 'Absorb Fire']
['Salvation', 'Wind Boost', 'Niflheim', 'Spell Master', 'High Counter']
['Megidola', 'Fire Boost', 'Mind Charge', 'Null Panic', 'Unshaken Will']
['Amrita', 'Mind Charge', 'Ice Amp', 'Elec Amp', 'Null Panic']
['Mind Charge', 'High Counter', 'Megidola', 'Salvation', 'Maziodyne']
['Amrita', 'Niflheim', 'Megidola', 'Salvation', 'Wind Amp']
['Wind Boost', 'Mind Charge', 'Amrita', 'Salvation', 'Fire Boost']
['Null Panic', 'Fire Boost', 'Wind Boost', 'Salvation', 'Spell Master']
['Amrita', 'Salvation', 'Wind Boost', 'Ragnarok', 'Counter']
['Null Panic', 'Fire Boost', 'Absorb Fire', 'Salvation', 'Thunder Reign']
['Wind Amp', 'Amrita', 'Salvation', 'Mind Charge', 'Megidola']
['Niflheim', 'Salvation', 'Spell Master', 'Amrita', 'Thunder Reign']
['Amrita', 'Spell Master', 'Wind Boost', 'Salvation', 'Mind Charge']
['Wind Amp', 'Ice Amp', 'Fire Boost', 'Elec Amp', 'Null Panic']
['Elec Amp', 'Salvation', 'Spell Master', 'Thunder Reign', 'Ice Amp']
['Fire Boost', 'Salvation', 'Amrita', 'Absorb Fire', 'Elec Amp']
['Amrita', 'Wind Amp', 'Fire Boost', 'Salvation', 'Mind Charge']
['Amrita', 'Wind Amp', 'Salvation', 'Wind Boost', 'Fire Boost']
['Salvation', 'Fire Boost', 'Mind Charge', 'Wind Boost', 'Amrita']
['Megidola', 'High Counter', 'Elec Amp', 'Amrita', 'Ragnarok']
['Wind Boost', 'Counter', 'Maziodyne', 'Mind Charge', 'Fire Boost']
['Amrita', 'High Counter', 'Mind Charge', 'Salvation', 'Megidola']
['Amrita', 'Wind Boost', 'High Counter', 'Salvation', 'Mind Charge']
['Salvation', 'Mind Charge', 'Maziodyne', 'Fire Boost', 'Ice Amp']
['Amrita', 'Absorb Fire', 'Salvation', 'Mind Charge', 'Ragnarok']
['Mind Charge', 'Wind Boost', 'Fire Boost', 'Salvation', 'Elec Amp']
['Salvation', 'Ice Amp', 'Counter', 'Null Panic', 'Amrita']
['Amrita', 'Wind Amp', 'Fire Boost', 'Absorb Fire', 'Ice Amp']
['Amrita', 'Maziodyne', 'Salvation', 'Fire Boost', 'Counter']
['Wind Boost', 'High Counter', 'Ice Amp', 'Niflheim', 'Amrita']
['Amrita', 'Unshaken Will', 'Fire Boost', 'Absorb Fire', 'Null Panic']
['Salvation', 'Mind Charge', 'Fire Boost', 'Maziodyne', 'Amrita']
['Fire Boost', 'Salvation', 'Amrita', 'Counter', 'Absorb Fire']
['Fire Boost', 'Amrita', 'Unshaken Will', 'Wind Boost', 'Salvation']
['Unshaken Will', 'Maziodyne', 'Niflheim', 'High Counter', 'Salvation']
['High Counter', 'Ice Amp', 'Salvation', 'Wind Boost', 'Megidola']
['High Counter', 'Amrita', 'Mind Charge', 'Salvation', 'Maziodyne']
['Ragnarok', 'Wind Boost', 'Absorb Fire', 'Elec Amp', 'Fire Boost']
['Counter', 'Null Panic', 'Salvation', 'High Counter', 'Amrita']
['Wind Amp', 'Elec Amp', 'Mind Charge', 'Niflheim', 'Wind Boost']
['Mind Charge', 'Megidola', 'High Counter', 'Salvation', 'Amrita']
['Fire Boost', 'Wind Boost', 'Mind Charge', 'Niflheim', 'Amrita']
['Maziodyne', 'Fire Boost', 'Wind Boost', 'Mind Charge', 'Salvation']
['Amrita', 'Counter', 'Niflheim', 'Wind Amp', 'Salvation']
['High Counter', 'Amrita', 'Counter', 'Null Panic', 'Salvation']
['Fire Boost', 'Elec Amp', 'Salvation', 'Wind Boost', 'Ice Amp']
['Wind Amp', 'Amrita', 'Fire Boost', 'Mind Charge', 'Niflheim']
['Amrita', 'Mind Charge', 'Elec Amp', 'Counter', 'Ragnarok']
['High Counter', 'Salvation', 'Mind Charge', 'Thunder Reign', 'Maziodyne']
['Fire Boost', 'Salvation', 'Amrita', 'Counter', 'Elec Amp']
['Counter', 'Ice Amp', 'Amrita', 'Salvation', 'Niflheim']
['Mind Charge', 'Salvation', 'Amrita', 'Wind Boost', 'High Counter']
['Elec Amp', 'Mind Charge', 'Amrita', 'Ragnarok', 'Salvation']
['Absorb Fire', 'Amrita', 'Null Panic', 'Mind Charge', 'Salvation']
['Wind Amp', 'Amrita', 'Elec Amp', 'Salvation', 'Wind Boost']
['Fire Boost', 'Amrita', 'High Counter', 'Unshaken Will', 'Maziodyne']
['Salvation', 'Megidola', 'Mind Charge', 'Amrita', 'Fire Boost']
['Salvation', 'Wind Amp', 'Fire Boost', 'Wind Boost', 'High Counter']
['Maziodyne', 'Amrita', 'Fire Boost', 'Counter', 'Null Panic']
['Maziodyne', 'Unshaken Will', 'Amrita', 'Mind Charge', 'Salvation']
['Mind Charge', 'Amrita', 'Elec Amp', 'Null Panic', 'Salvation']
['Megidola', 'Amrita', 'Salvation', 'Spell Master', 'Fire Boost']
['Mind Charge', 'Amrita', 'Salvation', 'Null Panic', 'Fire Boost']
['Mind Charge', 'Maziodyne', 'Salvation', 'Wind Amp', 'Amrita']
['Mind Charge', 'Unshaken Will', 'Amrita', 'Wind Boost', 'Elec Amp']
['Amrita', 'Wind Boost', 'Null Panic', 'Mind Charge', 'Ice Amp']
['Fire Boost', 'Null Panic', 'Counter', 'Wind Boost', 'Thunder Reign']
['Ragnarok', 'Fire Boost', 'Absorb Fire', 'Mind Charge', 'Amrita']
['Wind Amp', 'Fire Boost', 'Mind Charge', 'Amrita', 'Absorb Fire']
['Mind Charge', 'Counter', 'Null Panic', 'Wind Boost', 'Salvation']
['Fire Boost', 'Amrita', 'Ragnarok', 'Wind Amp', 'Mind Charge']
['Amrita', 'Wind Boost', 'Counter', 'Ice Amp', 'Niflheim']
['Mind Charge', 'Wind Boost', 'Thunder Reign', 'Spell Master', 'Ice Amp']
['Elec Amp', 'Amrita', 'Salvation', 'Mind Charge', 'Ragnarok']
['Wind Boost', 'Fire Boost', 'Mind Charge', 'Amrita', 'Counter']
['Mind Charge', 'Amrita', 'Spell Master', 'Null Panic', 'Absorb Fire']
['Maziodyne', 'Fire Boost', 'Salvation', 'Mind Charge', 'Amrita']
['Amrita', 'Fire Boost', 'Counter', 'Absorb Fire', 'High Counter']
['Mind Charge', 'Wind Boost', 'Amrita', 'Ice Amp', 'Null Panic']
['Maziodyne', 'Fire Boost', 'Ice Amp', 'Amrita', 'Mind Charge']
['Amrita', 'Ice Amp', 'Wind Boost', 'Fire Boost', 'Null Panic']
['Fire Boost', 'Mind Charge', 'Counter', 'Amrita', 'Salvation']
['Maziodyne', 'Absorb Fire', 'Amrita', 'Elec Amp', 'Salvation']
['Fire Boost', 'Niflheim', 'Salvation', 'Counter', 'Amrita']
['Salvation', 'Wind Boost', 'Mind Charge', 'Counter', 'Absorb Fire']
['Salvation', 'Elec Amp', 'Mind Charge', 'Unshaken Will', 'High Counter']
['Amrita', 'Mind Charge', 'Wind Boost', 'Fire Boost', 'Null Panic']
['Amrita', 'Niflheim', 'Wind Boost', 'Salvation', 'Spell Master']
['Mind Charge', 'Amrita', 'Unshaken Will', 'Salvation', 'Fire Boost']
['Ice Amp', 'Mind Charge', 'Wind Boost', 'High Counter', 'Niflheim']
['Salvation', 'Ice Amp', 'Amrita', 'Counter', 'Mind Charge']
['Salvation', 'Wind Amp', 'Wind Boost', 'Unshaken Will', 'Maziodyne']
['Amrita', 'Unshaken Will', 'High Counter', 'Salvation', 'Mind Charge']
['Fire Boost', 'Wind Amp', 'Counter', 'Amrita', 'Maziodyne']
['Mind Charge', 'Fire Boost', 'Spell Master', 'Salvation', 'Counter']
['Spell Master', 'Fire Boost', 'Mind Charge', 'Salvation', 'Amrita']
['Salvation', 'Null Panic', 'Wind Amp', 'Wind Boost', 'Spell Master']
['Amrita', 'Salvation', 'Fire Boost', 'Wind Boost', 'Mind Charge']
['Ice Amp', 'Salvation', 'High Counter', 'Mind Charge', 'Fire Boost']
['Ragnarok', 'Counter', 'Amrita', 'Fire Boost', 'Mind Charge']
['Niflheim', 'Ice Amp', 'Mind Charge', 'Ragnarok', 'Salvation']
['Salvation', 'Wind Amp', 'Mind Charge', 'Null Panic', 'Niflheim']
['Niflheim', 'Mind Charge', 'Salvation', 'Ice Amp', 'Amrita']
['Salvation', 'Mind Charge', 'Megidola', 'Amrita', 'Fire Boost']
['Wind Amp', 'Counter', 'Megidola', 'Wind Boost', 'Elec Amp']
['Thunder Reign', 'Amrita', 'Wind Amp', 'Fire Boost', 'Unshaken Will']
['Amrita', 'Counter', 'Fire Boost', 'Mind Charge', 'Megidola']
['Salvation', 'Wind Boost', 'Megidola', 'Wind Amp', 'Absorb Fire']
['Amrita', 'Wind Boost', 'Absorb Fire', 'Wind Amp', 'Salvation']
['Spell Master', 'Amrita', 'Megidola', 'Fire Boost', 'Wind Boost']
['Thunder Reign', 'Salvation', 'Maziodyne', 'Amrita', 'Wind Boost']
['Megidola', 'Ragnarok', 'Unshaken Will', 'Fire Boost', 'Ice Amp']
['Salvation', 'Megidola', 'Fire Boost', 'Niflheim', 'Amrita']
['Ice Amp', 'Amrita', 'Elec Amp', 'Wind Boost', 'Maziodyne']
['Amrita', 'Salvation', 'Thunder Reign', 'Elec Amp', 'Ice Amp']
['Mind Charge', 'Amrita', 'Salvation', 'Ice Amp', 'Elec Amp']
['Amrita', 'Unshaken Will', 'Mind Charge', 'Counter', 'Wind Amp']
['Wind Boost', 'Counter', 'Amrita', 'Salvation', 'High Counter']
['Mind Charge', 'Amrita', 'Absorb Fire', 'Wind Boost', 'Wind Amp']
['Amrita', 'Salvation', 'Unshaken Will', 'Null Panic', 'Mind Charge']
['Counter', 'Salvation', 'High Counter', 'Ice Amp', 'Null Panic']
['Mind Charge', 'Wind Amp', 'Megidola', 'Thunder Reign', 'Counter']
['Null Panic', 'Salvation', 'Amrita', 'Niflheim', 'High Counter']
['Fire Boost', 'Counter', 'Megidola', 'Mind Charge', 'Amrita']
['Ice Amp', 'Mind Charge', 'Fire Boost', 'Amrita', 'Salvation']
['Wind Boost', 'Mind Charge', 'Elec Amp', 'Amrita', 'Spell Master']
['Spell Master', 'Mind Charge', 'Wind Amp', 'Megidola', 'Maziodyne']
['Fire Boost', 'High Counter', 'Wind Boost', 'Maziodyne', 'Spell Master']
['Mind Charge', 'Amrita', 'Unshaken Will', 'Salvation', 'Fire Boost']
['Mind Charge', 'Elec Amp', 'Salvation', 'High Counter', 'Amrita']
['Mind Charge', 'Maziodyne', 'Salvation', 'Amrita', 'Wind Boost']
['Amrita', 'Ice Amp', 'Salvation', 'Fire Boost', 'Ragnarok']
['Wind Boost', 'Amrita', 'Salvation', 'Fire Boost', 'Mind Charge']
['Amrita', 'Counter', 'Null Panic', 'Mind Charge', 'Absorb Fire']
['Amrita', 'Niflheim', 'Mind Charge', 'Salvation', 'Ice Amp']
['Salvation', 'Thunder Reign', 'Wind Boost', 'Amrita', 'Mind Charge']
['Amrita', 'Fire Boost', 'High Counter', 'Spell Master', 'Ice Amp']
['Salvation', 'Wind Amp', 'Absorb Fire', 'Ice Amp', 'Counter']
['Salvation', 'Niflheim', 'Fire Boost', 'Thunder Reign', 'Amrita']
['Fire Boost', 'Amrita', 'Wind Boost', 'Counter', 'Salvation']
['Amrita', 'Maziodyne', 'Mind Charge', 'Salvation', 'Fire Boost']
['Salvation', 'Wind Amp', 'Amrita', 'Elec Amp', 'Megidola']
['Fire Boost', 'Salvation', 'Amrita', 'Null Panic', 'Counter']
['Absorb Fire', 'Mind Charge', 'Amrita', 'Wind Boost', 'Fire Boost']
['High Counter', 'Fire Boost', 'Ice Amp', 'Amrita', 'Maziodyne']
['Absorb Fire', 'Salvation', 'Mind Charge', 'Amrita', 'Wind Boost']
['Ragnarok', 'Mind Charge', 'Absorb Fire', 'Wind Boost', 'Megidola']
['Mind Charge', 'Wind Amp', 'Absorb Fire', 'Fire Boost', 'Megidola']
['Amrita', 'Counter', 'Mind Charge', 'Absorb Fire', 'Salvation']
['Null Panic', 'Wind Boost', 'Fire Boost', 'Amrita', 'Ragnarok']
['Mind Charge', 'Salvation', 'Null Panic', 'Counter', 'Amrita']
['Amrita', 'Mind Charge', 'Salvation', 'Fire Boost', 'Wind Boost']
['Spell Master', 'Wind Boost', 'Elec Amp', 'Salvation', 'Mind Charge']
['Salvation', 'Amrita', 'Megidola', 'Mind Charge', 'Wind Boost']
['Wind Boost', 'Fire Boost', 'Maziodyne', 'Amrita', 'Salvation']
['Absorb Fire', 'Elec Amp', 'Amrita', 'Niflheim', 'Mind Charge']
['Mind Charge', 'Amrita', 'Ice Amp', 'High Counter', 'Salvation']
['Elec Amp', 'Wind Boost', 'Niflheim', 'Salvation', 'Ice Amp']
['Ice Amp', 'Mind Charge', 'Salvation', 'Wind Amp', 'Megidola']
['Ice Amp', 'Unshaken Will', 'High Counter', 'Salvation', 'Counter']
['Ice Amp', 'Elec Amp', 'Niflheim', 'Amrita', 'Megidola']
['Fire Boost', 'Wind Amp', 'Counter', 'Ice Amp', 'Amrita']
['Spell Master', 'Maziodyne', 'Wind Boost', 'Amrita', 'High Counter']
['Amrita', 'Salvation', 'Maziodyne', 'Thunder Reign', 'Fire Boost']
['Mind Charge', 'Ragnarok', 'Wind Amp', 'Amrita', 'Salvation']
['Mind Charge', 'Elec Amp', 'Wind Boost', 'Fire Boost', 'Amrita']
['Salvation', 'Counter', 'Maziodyne', 'Mind Charge', 'Amrita']
['Amrita', 'Absorb Fire', 'Salvation', 'Fire Boost', 'Mind Charge']
['Amrita', 'Mind Charge', 'Elec Amp', 'Salvation', 'Wind Amp']
['Wind Amp', 'High Counter', 'Maziodyne', 'Counter', 'Salvation']
['Amrita', 'Elec Amp', 'Absorb Fire', 'Salvation', 'Mind Charge']
['Salvation', 'Mind Charge', 'Amrita', 'Counter', 'Elec Amp']
['Amrita', 'Thunder Reign', 'Mind Charge', 'Wind Amp', 'Wind Boost']
['Mind Charge', 'Counter', 'Null Panic', 'Amrita', 'Thunder Reign']
['Fire Boost', 'Salvation', 'Maziodyne', 'Counter', 'Absorb Fire']
['Counter', 'Ragnarok', 'Niflheim', 'High Counter', 'Salvation']
['Niflheim', 'Unshaken Will', 'Salvation', 'Amrita', 'Megidola']
['Amrita', 'Salvation', 'Mind Charge', 'Wind Boost', 'Maziodyne']
['Salvation', 'Wind Boost', 'Wind Amp', 'Amrita', 'Megidola']
['High Counter', 'Wind Boost', 'Wind Amp', 'Mind Charge', 'Maziodyne']
['Wind Boost', 'Megidola', 'Amrita', 'Absorb Fire', 'Fire Boost']
['Salvation', 'Mind Charge', 'Amrita', 'Wind Boost', 'Fire Boost']
['Salvation', 'Mind Charge', 'Ice Amp', 'Amrita', 'Wind Boost']
['Wind Boost', 'Elec Amp', 'Spell Master', 'Counter', 'Wind Amp']
['Wind Boost', 'Amrita', 'Mind Charge', 'Salvation', 'High Counter']
['Niflheim', 'Unshaken Will', 'Salvation', 'Amrita', 'Mind Charge']
['Null Panic', 'Salvation', 'Mind Charge', 'Amrita', 'Ice Amp']
['Unshaken Will', 'Wind Amp', 'Mind Charge', 'Salvation', 'Maziodyne']
['Wind Boost', 'Mind Charge', 'Fire Boost', 'Salvation', 'Wind Amp']
['Ice Amp', 'Salvation', 'Fire Boost', 'High Counter', 'Null Panic']
['Spell Master', 'Mind Charge', 'Amrita', 'Elec Amp', 'Salvation']
['Amrita', 'Mind Charge', 'Fire Boost', 'Unshaken Will', 'Wind Boost']
['Mind Charge', 'Amrita', 'Wind Amp', 'Wind Boost', 'Counter']
['Thunder Reign', 'Amrita', 'Wind Boost', 'Maziodyne', 'Mind Charge']
['Ice Amp', 'Unshaken Will', 'Amrita', 'Wind Amp', 'Maziodyne']
['Wind Boost', 'Elec Amp', 'Amrita', 'Counter', 'Fire Boost']
['High Counter', 'Megidola', 'Salvation', 'Wind Boost', 'Amrita']
['Maziodyne', 'Wind Boost', 'High Counter', 'Fire Boost', 'Counter']
['Wind Boost', 'Salvation', 'Null Panic', 'Amrita', 'Mind Charge']
['Amrita', 'Salvation', 'Ice Amp', 'Wind Boost', 'Maziodyne']
['Unshaken Will', 'Amrita', 'Wind Boost', 'Salvation', 'Ragnarok']
['Ragnarok', 'Megidola', 'Mind Charge', 'Wind Boost', 'Maziodyne']
['Salvation', 'Mind Charge', 'Wind Boost', 'Unshaken Will', 'Megidola']
['Amrita', 'Ice Amp', 'Salvation', 'Elec Amp', 'Fire Boost']
['Spell Master', 'Mind Charge', 'Salvation', 'Fire Boost', 'Wind Boost']
['Wind Amp', 'Salvation', 'Wind Boost', 'Null Panic', 'Niflheim']
['Elec Amp', 'Thunder Reign', 'Salvation', 'Wind Boost', 'Amrita']
['Amrita', 'Thunder Reign', 'Mind Charge', 'Fire Boost', 'Absorb Fire']
['Ice Amp', 'Fire Boost', 'Megidola', 'Amrita', 'Null Panic']
['Fire Boost', 'Ice Amp', 'Amrita', 'Mind Charge', 'Wind Boost']
['Mind Charge', 'Wind Boost', 'Null Panic', 'Salvation', 'Amrita']
['Ragnarok', 'Amrita', 'Salvation', 'Spell Master', 'Counter']
['Amrita', 'Wind Amp', 'Maziodyne', 'Counter', 'Wind Boost']
['Wind Boost', 'High Counter', 'Salvation', 'Null Panic', 'Wind Amp']
['High Counter', 'Maziodyne', 'Ice Amp', 'Amrita', 'Salvation']
['Amrita', 'Salvation', 'Ice Amp', 'Wind Boost', 'Counter']
['Null Panic', 'Wind Boost', 'Fire Boost', 'Spell Master', 'High Counter']
['Mind Charge', 'Ragnarok', 'Wind Boost', 'Megidola', 'Amrita']
['Salvation', 'Counter', 'Amrita', 'Wind Amp', 'Unshaken Will']
['Wind Boost', 'Salvation', 'Absorb Fire', 'Amrita', 'Maziodyne']
['Mind Charge', 'Elec Amp', 'Wind Amp', 'Null Panic', 'Salvation']
['Maziodyne', 'Null Panic', 'Amrita', 'Counter', 'Wind Amp']
['Salvation', 'Amrita', 'High Counter', 'Wind Boost', 'Wind Amp']
['Absorb Fire', 'Null Panic', 'Mind Charge', 'Ice Amp', 'Fire Boost']
['Fire Boost', 'Salvation', 'Amrita', 'Elec Amp', 'Ice Amp']
['Mind Charge', 'Wind Boost', 'Megidola', 'Counter', 'Salvation']
['Spell Master', 'Fire Boost', 'Amrita', 'Salvation', 'Mind Charge']
['Mind Charge', 'Amrita', 'Wind Amp', 'Salvation', 'Fire Boost']
['Wind Boost', 'Null Panic', 'Amrita', 'Salvation', 'Counter']
['Mind Charge', 'Maziodyne', 'Salvation', 'Elec Amp', 'Wind Boost']
['Spell Master', 'Amrita', 'Niflheim', 'Counter', 'Null Panic']
['Mind Charge', 'Ragnarok', 'Amrita', 'Salvation', 'Ice Amp']
['Fire Boost', 'Salvation', 'Amrita', 'Wind Amp', 'Ragnarok']
['Null Panic', 'Fire Boost', 'Ragnarok', 'Mind Charge', 'Elec Amp']
['Megidola', 'Amrita', 'Mind Charge', 'Salvation', 'Maziodyne']
['Amrita', 'Mind Charge', 'Maziodyne', 'Fire Boost', 'Megidola']
['Wind Amp', 'Salvation', 'Counter', 'Amrita', 'Absorb Fire']
['Amrita', 'Counter', 'Salvation', 'Niflheim', 'Elec Amp']
['Amrita', 'Salvation', 'Wind Boost', 'Elec Amp', 'Fire Boost']
['Ice Amp', 'Salvation', 'Wind Boost', 'High Counter', 'Megidola']
['Salvation', 'Maziodyne', 'Fire Boost', 'Unshaken Will', 'Wind Amp']
['Fire Boost', 'Ice Amp', 'Amrita', 'Wind Boost', 'Maziodyne']
['Salvation', 'Amrita', 'Mind Charge', 'Absorb Fire', 'Spell Master']
['Absorb Fire', 'Counter', 'Salvation', 'Wind Amp', 'Elec Amp']
['Mind Charge', 'Salvation', 'Fire Boost', 'Wind Amp', 'Null Panic']
['Salvation', 'Amrita', 'Spell Master', 'Megidola', 'Thunder Reign']
['Elec Amp', 'Mind Charge', 'Spell Master', 'Amrita', 'Fire Boost']
['Niflheim', 'Wind Boost', 'Elec Amp', 'High Counter', 'Counter']
['Amrita', 'Elec Amp', 'Wind Boost', 'Fire Boost', 'Absorb Fire']
['Salvation', 'Wind Boost', 'Amrita', 'Elec Amp', 'Niflheim']
['Salvation', 'High Counter', 'Wind Boost', 'Megidola', 'Fire Boost']
['Fire Boost', 'Maziodyne', 'Null Panic', 'Amrita', 'Niflheim']
['Unshaken Will', 'Salvation', 'Amrita', 'Fire Boost', 'Wind Boost']
['Fire Boost', 'Wind Amp', 'Mind Charge', 'Amrita', 'Ice Amp']
['Mind Charge', 'Amrita', 'Megidola', 'Elec Amp', 'Fire Boost']
['Amrita', 'Salvation', 'Mind Charge', 'Ice Amp', 'Megidola']
['Mind Charge', 'Amrita', 'Maziodyne', 'Wind Boost', 'Unshaken Will']
['Null Panic', 'Elec Amp', 'Megidola', 'Mind Charge', 'Amrita']
['Ragnarok', 'Salvation', 'Mind Charge', 'Amrita', 'Wind Boost']
['Elec Amp', 'Wind Boost', 'Absorb Fire', 'Amrita', 'Mind Charge']
['Mind Charge', 'Absorb Fire', 'Wind Amp', 'Fire Boost', 'Niflheim']
['Wind Boost', 'Amrita', 'Mind Charge', 'Ice Amp', 'Counter']
['Mind Charge', 'Ice Amp', 'Wind Boost', 'Salvation', 'Amrita']
['Amrita', 'Maziodyne', 'Absorb Fire', 'Wind Amp', 'Salvation']
['Salvation', 'Fire Boost', 'Amrita', 'Elec Amp', 'Ice Amp']
['Counter', 'Ragnarok', 'Wind Boost', 'Maziodyne', 'Amrita']
['Maziodyne', 'Unshaken Will', 'Megidola', 'Fire Boost', 'Salvation']
['Amrita', 'Mind Charge', 'Wind Boost', 'Salvation', 'Ice Amp']
['Amrita', 'Mind Charge', 'Unshaken Will', 'Counter', 'Absorb Fire']
['Mind Charge', 'Wind Boost', 'High Counter', 'Amrita', 'Wind Amp']
['Wind Amp', 'Thunder Reign', 'Amrita', 'Maziodyne', 'Mind Charge']
['Maziodyne', 'Wind Boost', 'Amrita', 'Counter', 'Ice Amp']
['Mind Charge', 'Amrita', 'Salvation', 'Megidola', 'Wind Boost']
['Wind Amp', 'Ice Amp', 'Amrita', 'Maziodyne', 'Wind Boost']
['Ragnarok', 'Amrita', 'Unshaken Will', 'Mind Charge', 'Counter']
['Niflheim', 'Wind Boost', 'Megidola', 'Salvation', 'Null Panic']
['Mind Charge', 'Fire Boost', 'Amrita', 'Salvation', 'Counter']
['Fire Boost', 'Salvation', 'Maziodyne', 'High Counter', 'Counter']
['Amrita', 'Mind Charge', 'Null Panic', 'Ice Amp', 'Counter']
['Amrita', 'Absorb Fire', 'Spell Master', 'Mind Charge', 'Niflheim']
['Fire Boost', 'Ragnarok', 'Wind Amp', 'Mind Charge', 'Amrita']
['Amrita', 'Mind Charge', 'Absorb Fire', 'Wind Boost', 'Null Panic']
['Maziodyne', 'Thunder Reign', 'Amrita', 'Counter', 'Elec Amp']
['Amrita', 'Salvation', 'High Counter', 'Mind Charge', 'Thunder Reign']
['Ice Amp', 'Wind Boost', 'Elec Amp', 'Mind Charge', 'Fire Boost']
['Mind Charge', 'Absorb Fire', 'Counter', 'Amrita', 'Salvation']
['Wind Boost', 'Counter', 'Salvation', 'Amrita', 'Mind Charge']
['Salvation', 'Unshaken Will', 'Amrita', 'Elec Amp', 'Wind Amp']
['Amrita', 'Niflheim', 'Spell Master', 'Salvation', 'Ice Amp']
['Elec Amp', 'Salvation', 'Mind Charge', 'Amrita', 'High Counter']
['Mind Charge', 'Fire Boost', 'Salvation', 'Wind Amp', 'Amrita']
['Wind Boost', 'Amrita', 'Salvation', 'Megidola', 'Elec Amp']
['Unshaken Will', 'Spell Master', 'Wind Boost', 'Amrita', 'Mind Charge']
['High Counter', 'Wind Boost', 'Salvation', 'Counter', 'Fire Boost']
['Megidola', 'Mind Charge', 'Wind Boost', 'Amrita', 'Counter']
['Amrita', 'Counter', 'Megidola', 'Mind Charge', 'Fire Boost']
['Mind Charge', 'Wind Boost', 'Wind Amp', 'Fire Boost', 'Null Panic']
['Fire Boost', 'Amrita', 'Salvation', 'Elec Amp', 'High Counter']
['Salvation', 'Wind Boost', 'Amrita', 'Absorb Fire', 'Wind Amp']
['Unshaken Will', 'Amrita', 'Mind Charge', 'Salvation', 'Niflheim']
['Null Panic', 'Fire Boost', 'Spell Master', 'Counter', 'Ragnarok']
['Amrita', 'Maziodyne', 'Salvation', 'Elec Amp', 'Ice Amp']
['Amrita', 'Fire Boost', 'Ice Amp', 'Salvation', 'Wind Boost']
['Unshaken Will', 'Salvation', 'Wind Boost', 'Absorb Fire', 'Niflheim']
['Ice Amp', 'Salvation', 'Mind Charge', 'Absorb Fire', 'Thunder Reign']
['Mind Charge', 'High Counter', 'Thunder Reign', 'Counter', 'Salvation']
['Wind Amp', 'Wind Boost', 'Salvation', 'Niflheim', 'Ragnarok']
['Niflheim', 'Mind Charge', 'Ice Amp', 'Wind Boost', 'Salvation']
['Wind Amp', 'Absorb Fire', 'Mind Charge', 'Megidola', 'Amrita']
['Niflheim', 'Amrita', 'Spell Master', 'Wind Boost', 'Wind Amp']
['Fire Boost', 'Spell Master', 'High Counter', 'Counter', 'Unshaken Will']
['Salvation', 'Amrita', 'Fire Boost', 'Mind Charge', 'Elec Amp']
['Counter', 'Ragnarok', 'Mind Charge', 'Null Panic', 'Ice Amp']
['Wind Amp', 'Amrita', 'Salvation', 'Mind Charge', 'Absorb Fire']
['Spell Master', 'Mind Charge', 'Elec Amp', 'High Counter', 'Megidola']
['Unshaken Will', 'Elec Amp', 'Wind Boost', 'Salvation', 'Amrita']
['Fire Boost', 'Amrita', 'Mind Charge', 'Counter', 'Wind Amp']
['Mind Charge', 'Amrita', 'Counter', 'Elec Amp', 'Wind Amp']
['Absorb Fire', 'Wind Boost', 'Fire Boost', 'Amrita', 'Elec Amp']
['High Counter', 'Amrita', 'Null Panic', 'Wind Amp', 'Thunder Reign']
['Wind Boost', 'Amrita', 'Wind Amp', 'Salvation', 'Mind Charge']
['Elec Amp', 'Ice Amp', 'Fire Boost', 'Amrita', 'Mind Charge']
['Mind Charge', 'Salvation', 'Counter', 'Amrita', 'Elec Amp']
['Mind Charge', 'Salvation', 'Wind Boost', 'Ragnarok', 'Ice Amp']
['Amrita', 'Absorb Fire', 'Megidola', 'High Counter', 'Elec Amp']
['Absorb Fire', 'Wind Amp', 'Amrita', 'Wind Boost', 'Salvation']
['Fire Boost', 'Megidola', 'Amrita', 'Null Panic', 'Wind Boost']
['Counter', 'Fire Boost', 'Wind Boost', 'Elec Amp', 'Wind Amp']
['Fire Boost', 'High Counter', 'Salvation', 'Mind Charge', 'Spell Master']
['Salvation', 'Amrita', 'Fire Boost', 'Ice Amp', 'Elec Amp']
['Amrita', 'Unshaken Will', 'Ice Amp', 'Megidola', 'Thunder Reign']
['Maziodyne', 'Mind Charge', 'Amrita', 'Thunder Reign', 'High Counter']
['Mind Charge', 'Null Panic', 'Amrita', 'High Counter', 'Counter']
['Niflheim', 'Salvation', 'Mind Charge', 'Amrita', 'Wind Boost']
['Elec Amp', 'Fire Boost', 'Thunder Reign', 'Salvation', 'Mind Charge']
['Ice Amp', 'Null Panic', 'Elec Amp', 'Salvation', 'Ragnarok']
['Mind Charge', 'Amrita', 'High Counter', 'Salvation', 'Maziodyne']
['Amrita', 'Unshaken Will', 'Wind Boost', 'Salvation', 'High Counter']
['Mind Charge', 'Wind Amp', 'Wind Boost', 'Salvation', 'Unshaken Will']
['Ragnarok', 'Counter', 'Salvation', 'Wind Amp', 'Amrita']
['Amrita', 'Wind Boost', 'Salvation', 'Spell Master', 'Fire Boost']
['Salvation', 'Thunder Reign', 'High Counter', 'Amrita', 'Niflheim']
['Wind Amp', 'Wind Boost', 'Mind Charge', 'Elec Amp', 'Salvation']
['Salvation', 'Unshaken Will', 'Maziodyne', 'Amrita', 'High Counter']
['Wind Amp', 'Salvation', 'Mind Charge', 'Fire Boost', 'Null Panic']
['Wind Amp', 'Amrita', 'Salvation', 'Elec Amp', 'Mind Charge']
['Amrita', 'Maziodyne', 'Fire Boost', 'Wind Boost', 'Salvation']
['Elec Amp', 'Thunder Reign', 'Fire Boost', 'Amrita', 'Mind Charge']
['Salvation', 'Fire Boost', 'Unshaken Will', 'Amrita', 'Counter']
['Wind Amp', 'Spell Master', 'Amrita', 'High Counter', 'Salvation']
['Amrita', 'Counter', 'Wind Boost', 'Wind Amp', 'Absorb Fire']
['Amrita', 'Salvation', 'Wind Amp', 'Fire Boost', 'Unshaken Will']
['Elec Amp', 'Amrita', 'Niflheim', 'Mind Charge', 'Wind Boost']
['High Counter', 'Wind Boost', 'Amrita', 'Absorb Fire', 'Salvation']
['Wind Amp', 'Fire Boost', 'Mind Charge', 'Megidola', 'Salvation']
['Amrita', 'Salvation', 'Mind Charge', 'Wind Boost', 'Null Panic']
['Spell Master', 'Megidola', 'Fire Boost', 'Wind Amp', 'Salvation']
['Counter', 'Wind Boost', 'Megidola', 'High Counter', 'Elec Amp']
['Absorb Fire', 'Counter', 'Salvation', 'Amrita', 'Ice Amp']
['Ice Amp', 'Counter', 'Salvation', 'Amrita', 'Fire Boost']
['Fire Boost', 'Wind Boost', 'Maziodyne', 'Spell Master', 'Amrita']
['Absorb Fire', 'Unshaken Will', 'Salvation', 'Amrita', 'Elec Amp']
['Salvation', 'Amrita', 'Counter', 'Wind Amp', 'Niflheim']
['Null Panic', 'Salvation', 'Maziodyne', 'Spell Master', 'Counter']
['Mind Charge', 'Amrita', 'Wind Amp', 'Counter', 'Fire Boost']
['Thunder Reign', 'Amrita', 'Salvation', 'Ice Amp', 'Counter']
['Amrita', 'Megidola', 'Fire Boost', 'Salvation', 'Elec Amp']
['Fire Boost', 'Spell Master', 'Amrita', 'Wind Boost', 'Mind Charge']
['Wind Boost', 'Amrita', 'Mind Charge', 'Salvation', 'Megidola']
['Maziodyne', 'Salvation', 'Fire Boost', 'Ragnarok', 'Amrita']
['Null Panic', 'Elec Amp', 'Amrita', 'Mind Charge', 'Megidola']
['Counter', 'Elec Amp', 'Fire Boost', 'Megidola', 'Amrita']
['Null Panic', 'Absorb Fire', 'Wind Boost', 'Salvation', 'Fire Boost']
['Mind Charge', 'Salvation', 'Amrita', 'Wind Boost', 'Elec Amp']
['Salvation', 'Mind Charge', 'Amrita', 'Unshaken Will', 'Counter']
['Elec Amp', 'Megidola', 'Amrita', 'Null Panic', 'Salvation']
['Mind Charge', 'High Counter', 'Null Panic', 'Ice Amp', 'Amrita']
['Ice Amp', 'Amrita', 'Elec Amp', 'Absorb Fire', 'Niflheim']
['Elec Amp', 'Amrita', 'Counter', 'Megidola', 'Mind Charge']
['Counter', 'Mind Charge', 'Null Panic', 'Amrita', 'Salvation']
['Spell Master', 'Salvation', 'Wind Boost', 'Amrita', 'Unshaken Will']
['Wind Boost', 'Salvation', 'Mind Charge', 'Null Panic', 'Amrita']
['Niflheim', 'Amrita', 'Fire Boost', 'High Counter', 'Salvation']
['Salvation', 'Mind Charge', 'Amrita', 'Fire Boost', 'Elec Amp']
['Wind Boost', 'Wind Amp', 'Unshaken Will', 'Maziodyne', 'Amrita']
['Amrita', 'Salvation', 'Fire Boost', 'Absorb Fire', 'Ragnarok']
['Amrita', 'Mind Charge', 'Salvation', 'Wind Amp', 'Ice Amp']
['Wind Boost', 'Amrita', 'Salvation', 'Mind Charge', 'Ragnarok']
['Mind Charge', 'Ice Amp', 'Wind Boost', 'Elec Amp', 'Maziodyne']
['Elec Amp', 'Mind Charge', 'Amrita', 'Maziodyne', 'High Counter']
['Null Panic', 'Megidola', 'Ragnarok', 'Amrita', 'Salvation']
['Amrita', 'Salvation', 'Thunder Reign', 'Fire Boost', 'High Counter']
['Salvation', 'Amrita', 'Mind Charge', 'Counter', 'Elec Amp']
['Amrita', 'Absorb Fire', 'Fire Boost', 'Elec Amp', 'Mind Charge']
['High Counter', 'Counter', 'Spell Master', 'Ice Amp', 'Wind Amp']
['Mind Charge', 'Wind Boost', 'Fire Boost', 'Salvation', 'Ice Amp']
['Salvation', 'Elec Amp', 'Amrita', 'Ice Amp', 'High Counter']
['Amrita', 'Wind Amp', 'Thunder Reign', 'Salvation', 'High Counter']
['Ragnarok', 'Amrita', 'High Counter', 'Salvation', 'Fire Boost']
['Null Panic', 'Salvation', 'Counter', 'Ice Amp', 'Elec Amp']
['Amrita', 'Salvation', 'Fire Boost', 'High Counter', 'Spell Master']
['Mind Charge', 'Amrita', 'Thunder Reign', 'Counter', 'Salvation']
['High Counter', 'Mind Charge', 'Fire Boost', 'Counter', 'Salvation']
['High Counter', 'Amrita', 'Salvation', 'Ice Amp', 'Spell Master']
['Salvation', 'Amrita', 'Unshaken Will', 'Wind Amp', 'Ice Amp']
['Mind Charge', 'Unshaken Will', 'High Counter', 'Niflheim', 'Amrita']
['Wind Boost', 'Amrita', 'High Counter', 'Fire Boost', 'Ice Amp']
['Fire Boost', 'High Counter', 'Wind Boost', 'Maziodyne', 'Counter']
['Counter', 'Amrita', 'Maziodyne', 'Niflheim', 'Salvation']
['Elec Amp', 'Salvation', 'Wind Boost', 'Amrita', 'Mind Charge']
['Salvation', 'Amrita', 'Fire Boost', 'Mind Charge', 'Maziodyne']
['Amrita', 'Fire Boost', 'Counter', 'Wind Amp', 'Wind Boost']
['Amrita', 'Fire Boost', 'Null Panic', 'Unshaken Will', 'Wind Boost']
['Amrita', 'Thunder Reign', 'Mind Charge', 'Ragnarok', 'Salvation']
['Amrita', 'Mind Charge', 'Elec Amp', 'Fire Boost', 'Counter']
['Ice Amp', 'Amrita', 'Wind Boost', 'Ragnarok', 'Thunder Reign']
['Amrita', 'Mind Charge', 'High Counter', 'Salvation', 'Wind Amp']
['Mind Charge', 'Amrita', 'Salvation', 'Counter', 'High Counter']
['Megidola', 'Amrita', 'High Counter', 'Salvation', 'Unshaken Will']
['Salvation', 'Wind Amp', 'Mind Charge', 'Elec Amp', 'Fire Boost']
['Absorb Fire', 'Unshaken Will', 'Ice Amp', 'Mind Charge', 'Counter']
['Amrita', 'Counter', 'Wind Amp', 'Mind Charge', 'Niflheim']
['Wind Boost', 'Salvation', 'Mind Charge', 'Niflheim', 'Amrita']
['Absorb Fire', 'Spell Master', 'Counter', 'Mind Charge', 'Salvation']
['Salvation', 'Amrita', 'Wind Boost', 'Maziodyne', 'Fire Boost']
['Null Panic', 'Amrita', 'Salvation', 'Mind Charge', 'Wind Boost']
['Ice Amp', 'Amrita', 'Counter', 'Mind Charge', 'Salvation']
['Wind Amp', 'Elec Amp', 'Maziodyne', 'Amrita', 'Spell Master']
['High Counter', 'Null Panic', 'Amrita', 'Fire Boost', 'Salvation']
['Amrita', 'Counter', 'Salvation', 'Fire Boost', 'Wind Boost']
['Counter', 'Ice Amp', 'Fire Boost', 'Ragnarok', 'Mind Charge']
['High Counter', 'Maziodyne', 'Wind Boost', 'Elec Amp', 'Amrita']
['Amrita', 'Mind Charge', 'High Counter', 'Fire Boost', 'Absorb Fire']
['Salvation', 'Niflheim', 'Wind Boost', 'Amrita', 'Maziodyne']
['Amrita', 'High Counter', 'Wind Boost', 'Salvation', 'Mind Charge']
['High Counter', 'Elec Amp', 'Amrita', 'Mind Charge', 'Fire Boost']
['Absorb Fire', 'Wind Boost', 'Amrita', 'Null Panic', 'Mind Charge']
['Salvation', 'Null Panic', 'High Counter', 'Ice Amp', 'Wind Boost']
['Spell Master', 'Salvation', 'Mind Charge', 'High Counter', 'Wind Boost']
['Elec Amp', 'Counter', 'Thunder Reign', 'Mind Charge', 'Ice Amp']
['Mind Charge', 'Counter', 'Wind Boost', 'Amrita', 'Salvation']
['Salvation', 'Amrita', 'Spell Master', 'Niflheim', 'Mind Charge']
['Salvation', 'Maziodyne', 'Fire Boost', 'Amrita', 'Elec Amp']
['Amrita', 'Wind Amp', 'Salvation', 'Fire Boost', 'Mind Charge']
['Absorb Fire', 'Amrita', 'Mind Charge', 'Elec Amp', 'Wind Boost']
['Null Panic', 'Wind Boost', 'Mind Charge', 'Amrita', 'Niflheim']
['Amrita', 'Elec Amp', 'Salvation', 'Counter', 'High Counter']
['Salvation', 'Unshaken Will', 'Mind Charge', 'Ragnarok', 'Wind Boost']
['Amrita', 'Mind Charge', 'Fire Boost', 'Elec Amp', 'Ice Amp']
['Mind Charge', 'Salvation', 'Fire Boost', 'Maziodyne', 'Ragnarok']
['Mind Charge', 'Salvation', 'Wind Boost', 'Ragnarok', 'Null Panic']
['Amrita', 'Null Panic', 'Fire Boost', 'Salvation', 'Wind Boost']
['Mind Charge', 'Counter', 'Ice Amp', 'Fire Boost', 'Maziodyne']
['Amrita', 'Ice Amp', 'Fire Boost', 'Salvation', 'Mind Charge']
['Mind Charge', 'Ragnarok', 'Salvation', 'Maziodyne', 'Ice Amp']
['Absorb Fire', 'Counter', 'Amrita', 'Wind Boost', 'Salvation']
['Mind Charge', 'Null Panic', 'Wind Amp', 'Megidola', 'Unshaken Will']
['Mind Charge', 'Wind Amp', 'Ice Amp', 'Wind Boost', 'Counter']
['Wind Amp', 'Amrita', 'Salvation', 'Mind Charge', 'Ice Amp']
['Elec Amp', 'Null Panic', 'Salvation', 'Amrita', 'Fire Boost']
['Wind Boost', 'Salvation', 'Amrita', 'Unshaken Will', 'Ice Amp']
['Wind Boost', 'Absorb Fire', 'Elec Amp', 'Ragnarok', 'Salvation']
['Mind Charge', 'Fire Boost', 'Wind Boost', 'Salvation', 'Niflheim']
['High Counter', 'Mind Charge', 'Amrita', 'Thunder Reign', 'Wind Boost']
['Fire Boost', 'Amrita', 'Elec Amp', 'Thunder Reign', 'Salvation']
['Wind Boost', 'Salvation', 'Ice Amp', 'Amrita', 'Absorb Fire']
['Fire Boost', 'Amrita', 'Null Panic', 'Salvation', 'Maziodyne']
['Mind Charge', 'Amrita', 'Salvation', 'Null Panic', 'Counter']
['High Counter', 'Wind Boost', 'Mind Charge', 'Unshaken Will', 'Ragnarok']
['Amrita', 'Null Panic', 'Wind Amp', 'Mind Charge', 'Fire Boost']
['Amrita', 'Wind Boost', 'Mind Charge', 'Salvation', 'Elec Amp']
['Amrita', 'Maziodyne', 'Fire Boost', 'Ice Amp', 'Elec Amp']
['Elec Amp', 'Mind Charge', 'Counter', 'Salvation', 'High Counter']
['Amrita', 'Salvation', 'Niflheim', 'Mind Charge', 'Maziodyne']
['Counter', 'Niflheim', 'Thunder Reign', 'High Counter', 'Wind Boost']
['Mind Charge', 'Amrita', 'High Counter', 'Wind Boost', 'Fire Boost']
['Mind Charge', 'Amrita', 'Wind Amp', 'Counter', 'Salvation']
['Amrita', 'Mind Charge', 'Wind Amp', 'Ragnarok', 'Salvation']
['Amrita', 'Spell Master', 'Wind Amp', 'Thunder Reign', 'Maziodyne']
['Amrita', 'Unshaken Will', 'Counter', 'Wind Boost', 'Salvation']
['Amrita', 'Mind Charge', 'Elec Amp', 'High Counter', 'Unshaken Will']
['Mind Charge', 'Unshaken Will', 'Amrita', 'Salvation', 'Wind Boost']
['Amrita', 'Elec Amp', 'Null Panic', 'Fire Boost', 'Salvation']
['Spell Master', 'Counter', 'Mind Charge', 'Amrita', 'Fire Boost']
['Amrita', 'Mind Charge', 'Fire Boost', 'Ice Amp', 'Salvation']
['Megidola', 'Salvation', 'Wind Boost', 'Mind Charge', 'Amrita']
['Ragnarok', 'Elec Amp', 'Mind Charge', 'Wind Amp', 'Salvation']
['Megidola', 'Salvation', 'Absorb Fire', 'Amrita', 'Counter']
['Amrita', 'Mind Charge', 'Elec Amp', 'High Counter', 'Ragnarok']
['Salvation', 'High Counter', 'Spell Master', 'Amrita', 'Mind Charge']
['Megidola', 'Amrita', 'Salvation', 'High Counter', 'Mind Charge']
['Wind Boost', 'Salvation', 'Null Panic', 'Amrita', 'Mind Charge']
['Amrita', 'Ice Amp', 'Niflheim', 'Megidola', 'Fire Boost']
['Amrita', 'Salvation', 'Ragnarok', 'Absorb Fire', 'Megidola']
['Amrita', 'Ragnarok', 'Maziodyne', 'Salvation', 'Unshaken Will']
['Salvation', 'Megidola', 'Absorb Fire', 'Spell Master', 'Amrita']
['Unshaken Will', 'Amrita', 'Thunder Reign', 'Spell Master', 'Elec Amp']
['Counter', 'Mind Charge', 'Ice Amp', 'Wind Boost', 'Amrita']
['Mind Charge', 'Counter', 'Unshaken Will', 'Amrita', 'Wind Boost']
['High Counter', 'Mind Charge', 'Salvation', 'Maziodyne', 'Amrita']
['Mind Charge', 'Null Panic', 'Amrita', 'Niflheim', 'Salvation']
['Megidola', 'Fire Boost', 'Mind Charge', 'Counter', 'Wind Boost']
['Counter', 'Megidola', 'Amrita', 'Wind Boost', 'Ice Amp']
['Wind Boost', 'Amrita', 'Salvation', 'Ice Amp', 'Unshaken Will']
['Absorb Fire', 'Salvation', 'Mind Charge', 'Fire Boost', 'Amrita']
['Mind Charge', 'Wind Boost', 'Amrita', 'Megidola', 'Null Panic']
['Amrita', 'Fire Boost', 'Absorb Fire', 'Mind Charge', 'High Counter']
['Amrita', 'Salvation', 'Maziodyne', 'Fire Boost', 'Elec Amp']
['Megidola', 'Amrita', 'Salvation', 'Mind Charge', 'Wind Boost']
['Absorb Fire', 'Amrita', 'Salvation', 'Spell Master', 'Fire Boost']
['Mind Charge', 'Unshaken Will', 'Wind Amp', 'Ice Amp', 'Amrita']
['Ice Amp', 'Salvation', 'Ragnarok', 'Wind Boost', 'Amrita']
['Null Panic', 'Absorb Fire', 'Amrita', 'Unshaken Will', 'Mind Charge']
['Mind Charge', 'Salvation', 'Fire Boost', 'Ragnarok', 'Amrita']
['Salvation', 'Fire Boost', 'Amrita', 'Null Panic', 'Ice Amp']
['Thunder Reign', 'Amrita', 'Maziodyne', 'Salvation', 'Ice Amp']
['Salvation', 'Amrita', 'Ice Amp', 'Spell Master', 'Mind Charge']
['Absorb Fire', 'Fire Boost', 'Mind Charge', 'Counter', 'Wind Amp']
['Salvation', 'Wind Boost', 'Mind Charge', 'Ragnarok', 'Elec Amp']
['Ragnarok', 'Mind Charge', 'Megidola', 'Salvation', 'Amrita']
['Mind Charge', 'Amrita', 'Wind Amp', 'Wind Boost', 'Salvation']
['Salvation', 'Wind Boost', 'Fire Boost', 'Absorb Fire', 'Mind Charge']
['Mind Charge', 'Elec Amp', 'Salvation', 'Ice Amp', 'Megidola']
['Salvation', 'Ragnarok', 'Amrita', 'Elec Amp', 'Wind Boost']
['High Counter', 'Ragnarok', 'Megidola', 'Fire Boost', 'Amrita']
['Counter', 'Fire Boost', 'Thunder Reign', 'Amrita', 'Wind Boost']
['Ice Amp', 'Amrita', 'Spell Master', 'Null Panic', 'Maziodyne']
['Amrita', 'Counter', 'Unshaken Will', 'Niflheim', 'Elec Amp']
['Mind Charge', 'Salvation', 'Wind Amp', 'Megidola', 'Fire Boost']
['Mind Charge', 'Elec Amp', 'Amrita', 'Wind Boost', 'Ice Amp']
['Megidola', 'Fire Boost', 'Amrita', 'Mind Charge', 'Salvation']
['Mind Charge', 'Amrita', 'Salvation', 'Unshaken Will', 'Fire Boost']
['Counter', 'Fire Boost', 'Maziodyne', 'Null Panic', 'Amrita']
['Wind Amp', 'Ice Amp', 'Fire Boost', 'Amrita', 'Salvation']
['Amrita', 'Salvation', 'Mind Charge', 'Fire Boost', 'High Counter']
['Amrita', 'Salvation', 'Elec Amp', 'High Counter', 'Megidola']
['Mind Charge', 'Amrita', 'Counter', 'Null Panic', 'Spell Master']
['Mind Charge', 'Unshaken Will', 'Amrita', 'Wind Boost', 'Counter']
['Amrita', 'Wind Amp', 'Ice Amp', 'Elec Amp', 'Wind Boost']
['Counter', 'Niflheim', 'Ragnarok', 'Spell Master', 'Amrita']
['Wind Amp', 'Absorb Fire', 'Salvation', 'High Counter', 'Ice Amp']
['Mind Charge', 'Wind Boost', 'Null Panic', 'Salvation', 'Amrita']
['Ice Amp', 'Amrita', 'Null Panic', 'Wind Boost', 'Wind Amp']
['High Counter', 'Absorb Fire', 'Thunder Reign', 'Counter', 'Amrita']
['Amrita', 'Wind Boost', 'Absorb Fire', 'Elec Amp', 'Ice Amp']
['Niflheim', 'Wind Boost', 'Fire Boost', 'Mind Charge', 'Amrita']
['Mind Charge', 'Salvation', 'Wind Amp', 'Fire Boost', 'Spell Master']
['Wind Amp', 'Salvation', 'Mind Charge', 'Fire Boost', 'Wind Boost']
['Mind Charge', 'Elec Amp', 'Amrita', 'Salvation', 'Unshaken Will']
['Wind Boost', 'Absorb Fire', 'Ragnarok', 'Fire Boost', 'Salvation']
['Null Panic', 'Amrita', 'Spell Master', 'Thunder Reign', 'Ragnarok']
['Ice Amp', 'Counter', 'Wind Boost', 'Fire Boost', 'Null Panic']
['Salvation', 'Counter', 'Wind Boost', 'Wind Amp', 'Megidola']
['Salvation', 'Counter', 'Mind Charge', 'Amrita', 'Null Panic']
['Amrita', 'Wind Boost', 'Mind Charge', 'Maziodyne', 'Elec Amp']
['Spell Master', 'Fire Boost', 'Wind Boost', 'Salvation', 'Amrita']
['Ice Amp', 'Megidola', 'Salvation', 'Wind Amp', 'Ragnarok']
['Salvation', 'Unshaken Will', 'Mind Charge', 'Niflheim', 'Counter']
['Wind Boost', 'Elec Amp', 'Amrita', 'Fire Boost', 'Niflheim']
['Mind Charge', 'Wind Amp', 'Spell Master', 'Salvation', 'Amrita']
['Wind Amp', 'Fire Boost', 'Ragnarok', 'Ice Amp', 'Salvation']
['Mind Charge', 'Amrita', 'Fire Boost', 'Wind Boost', 'Niflheim']
['Mind Charge', 'Salvation', 'Megidola', 'High Counter', 'Fire Boost']
['Mind Charge', 'Counter', 'Amrita', 'Wind Amp', 'Salvation']
['Absorb Fire', 'Fire Boost', 'Counter', 'Amrita', 'Ragnarok']
['Amrita', 'Salvation', 'Null Panic', 'Maziodyne', 'Wind Amp']
['Ice Amp', 'Amrita', 'Salvation', 'Unshaken Will', 'Null Panic']
['Wind Boost', 'Amrita', 'Counter', 'Fire Boost', 'Null Panic']
['Counter', 'High Counter', 'Maziodyne', 'Fire Boost', 'Salvation']
['Wind Amp', 'Amrita', 'Salvation', 'Megidola', 'Elec Amp']
['Amrita', 'Unshaken Will', 'Fire Boost', 'Salvation', 'Counter']
['Amrita', 'Null Panic', 'Mind Charge', 'Fire Boost', 'Ice Amp']
['Amrita', 'Counter', 'Maziodyne', 'Wind Amp', 'High Counter']
['Absorb Fire', 'Amrita', 'Ice Amp', 'Null Panic', 'Salvation']
['Wind Boost', 'Fire Boost', 'Counter', 'Amrita', 'Mind Charge']
['Elec Amp', 'Mind Charge', 'Megidola', 'Absorb Fire', 'Salvation']
['Megidola', 'Amrita', 'Fire Boost', 'Wind Boost', 'Ice Amp']
['Amrita', 'Mind Charge', 'Maziodyne', 'Absorb Fire', 'Elec Amp']
['Megidola', 'Amrita', 'Mind Charge', 'Counter', 'Salvation']
['Mind Charge', 'Fire Boost', 'Absorb Fire', 'Salvation', 'Null Panic']
['Ice Amp', 'Counter', 'Mind Charge', 'Fire Boost', 'Megidola']
['Amrita', 'Null Panic', 'Spell Master', 'Counter', 'Wind Boost']
['Mind Charge', 'Elec Amp', 'Fire Boost', 'Salvation', 'Unshaken Will']
['Salvation', 'Amrita', 'Wind Boost', 'Counter', 'Elec Amp']
['Amrita', 'Wind Boost', 'Fire Boost', 'Unshaken Will', 'High Counter']
['Niflheim', 'High Counter', 'Thunder Reign', 'Wind Boost', 'Unshaken Will']
['Wind Boost', 'Counter', 'High Counter', 'Mind Charge', 'Amrita']
['Null Panic', 'Mind Charge', 'Amrita', 'Wind Amp', 'High Counter']
['High Counter', 'Fire Boost', 'Elec Amp', 'Unshaken Will', 'Null Panic']
['Salvation', 'Wind Amp', 'Amrita', 'Megidola', 'Absorb Fire']
['High Counter', 'Amrita', 'Salvation', 'Megidola', 'Mind Charge']
['Wind Amp', 'Salvation', 'Amrita', 'Ragnarok', 'Elec Amp']
['Mind Charge', 'Amrita', 'Counter', 'Wind Boost', 'Wind Amp']
['Wind Boost', 'Ice Amp', 'Fire Boost', 'Amrita', 'Null Panic']
['Null Panic', 'Wind Amp', 'Amrita', 'High Counter', 'Fire Boost']
['Salvation', 'Amrita', 'Wind Boost', 'Fire Boost', 'Wind Amp']
['Mind Charge', 'Amrita', 'Megidola', 'Null Panic', 'Fire Boost']
['Ice Amp', 'Salvation', 'Wind Boost', 'Fire Boost', 'Amrita']
['Mind Charge', 'Absorb Fire', 'Salvation', 'Amrita', 'Wind Boost']
['Null Panic', 'Elec Amp', 'Wind Amp', 'Maziodyne', 'Amrita']
['Ragnarok', 'Amrita', 'Maziodyne', 'Ice Amp', 'Mind Charge']
['Salvation', 'Amrita', 'Niflheim', 'High Counter', 'Counter']
['Mind Charge', 'Wind Boost', 'Fire Boost', 'Salvation', 'Amrita']
['Fire Boost', 'Ice Amp', 'Salvation', 'Wind Amp', 'Counter']
['Counter', 'Ice Amp', 'Wind Boost', 'Absorb Fire', 'Unshaken Will']
['Amrita', 'Elec Amp', 'Wind Amp', 'Mind Charge', 'Salvation']
['Amrita', 'Elec Amp', 'Fire Boost', 'Niflheim', 'Wind Boost']
['Niflheim', 'Ragnarok', 'Wind Boost', 'Null Panic', 'Megidola']
['Amrita', 'Wind Boost', 'Counter', 'Fire Boost', 'Mind Charge']
['Megidola', 'Amrita', 'Mind Charge', 'Absorb Fire', 'Wind Boost']
['Spell Master', 'Thunder Reign', 'Counter', 'Niflheim', 'Ragnarok']
['Maziodyne', 'Amrita', 'Mind Charge', 'Salvation', 'Fire Boost']
['Salvation', 'Thunder Reign', 'Amrita', 'Wind Boost', 'Elec Amp']
['Ragnarok', 'Amrita', 'Mind Charge', 'Wind Boost', 'Salvation']
['Amrita', 'Mind Charge', 'Salvation', 'Wind Boost', 'High Counter']
['Absorb Fire', 'Amrita', 'Niflheim', 'Mind Charge', 'Salvation']
['Amrita', 'Niflheim', 'Wind Amp', 'High Counter', 'Mind Charge']
['Salvation', 'Amrita', 'Wind Boost', 'Counter', 'Mind Charge']
['Counter', 'Amrita', 'Mind Charge', 'Absorb Fire', 'Wind Amp']
['Amrita', 'Salvation', 'Mind Charge', 'Wind Amp', 'Ice Amp']
['Wind Boost', 'Mind Charge', 'Amrita', 'Salvation', 'Counter']
['Amrita', 'Megidola', 'Wind Boost', 'Salvation', 'Null Panic']
['High Counter', 'Salvation', 'Null Panic', 'Ice Amp', 'Fire Boost']
['Amrita', 'Elec Amp', 'Fire Boost', 'Mind Charge', 'Absorb Fire']
['Mind Charge', 'Unshaken Will', 'Null Panic', 'Wind Boost', 'Salvation']
['Wind Amp', 'Salvation', 'Ice Amp', 'Amrita', 'Unshaken Will']
['Wind Boost', 'Amrita', 'Ice Amp', 'Mind Charge', 'Absorb Fire']
['Amrita', 'Ragnarok', 'Fire Boost', 'Unshaken Will', 'Null Panic']
['Counter', 'Wind Boost', 'Fire Boost', 'Elec Amp', 'Mind Charge']
['Salvation', 'Counter', 'Ice Amp', 'Mind Charge', 'Elec Amp']
['Mind Charge', 'Absorb Fire', 'Elec Amp', 'Amrita', 'Wind Amp']
['Thunder Reign', 'Megidola', 'Amrita', 'Elec Amp', 'Wind Amp']
['Mind Charge', 'Ice Amp', 'Elec Amp', 'Salvation', 'Amrita']
['Elec Amp', 'Salvation', 'Wind Boost', 'Fire Boost', 'Mind Charge']
['Amrita', 'Mind Charge', 'Megidola', 'Salvation', 'Thunder Reign']
['Null Panic', 'Amrita', 'Ice Amp', 'Salvation', 'Fire Boost']
['Amrita', 'Fire Boost', 'Wind Boost', 'Mind Charge', 'Absorb Fire']
['Fire Boost', 'High Counter', 'Amrita', 'Salvation', 'Wind Amp']
['Absorb Fire', 'Wind Boost', 'Fire Boost', 'Elec Amp', 'Amrita']
['Amrita', 'Salvation', 'Ice Amp', 'Megidola', 'Niflheim']
['Wind Amp', 'Amrita', 'Mind Charge', 'Salvation', 'Maziodyne']
['Mind Charge', 'Salvation', 'Counter', 'Null Panic', 'Maziodyne']
['Amrita', 'Mind Charge', 'Salvation', 'Wind Boost', 'Thunder Reign']
['Amrita', 'Ice Amp', 'Salvation', 'Fire Boost', 'Mind Charge']
['Wind Amp', 'Amrita', 'Elec Amp', 'Salvation', 'High Counter']
['Amrita', 'High Counter', 'Ragnarok', 'Fire Boost', 'Elec Amp']
['Mind Charge', 'Fire Boost', 'Salvation', 'Maziodyne', 'Amrita']
['Wind Amp', 'Salvation', 'Fire Boost', 'Niflheim', 'Wind Boost']
['Elec Amp', 'Salvation', 'Fire Boost', 'High Counter', 'Wind Boost']
['Megidola', 'Null Panic', 'Mind Charge', 'Amrita', 'Fire Boost']
['Wind Boost', 'Unshaken Will', 'Counter', 'Salvation', 'Absorb Fire']
['Amrita', 'Ice Amp', 'Wind Boost', 'Salvation', 'Counter']
['Elec Amp', 'Amrita', 'Mind Charge', 'Fire Boost', 'Spell Master']
['Wind Boost', 'Fire Boost', 'Salvation', 'High Counter', 'Mind Charge']
['Amrita', 'Salvation', 'High Counter', 'Wind Boost', 'Fire Boost']
['Amrita', 'Megidola', 'Wind Boost', 'Salvation', 'Counter']
['Ragnarok', 'Unshaken Will', 'Salvation', 'Fire Boost', 'Maziodyne']
['Salvation', 'Mind Charge', 'Maziodyne', 'Amrita', 'Elec Amp']
['Amrita', 'Mind Charge', 'Salvation', 'High Counter', 'Wind Boost']
['Fire Boost', 'Wind Boost', 'Absorb Fire', 'Salvation', 'Amrita']
['Amrita', 'Mind Charge', 'Salvation', 'Counter', 'Null Panic']
['Ragnarok', 'Fire Boost', 'Salvation', 'Counter', 'Wind Amp']
['Maziodyne', 'Wind Boost', 'Mind Charge', 'Salvation', 'Amrita']
['Counter', 'Wind Boost', 'Wind Amp', 'Maziodyne', 'Null Panic']
['Salvation', 'Mind Charge', 'Spell Master', 'Amrita', 'Absorb Fire']
['Wind Amp', 'Wind Boost', 'Elec Amp', 'Amrita', 'Megidola']
['Mind Charge', 'Salvation', 'Elec Amp', 'Counter', 'Fire Boost']
['Wind Amp', 'Fire Boost', 'Counter', 'Mind Charge', 'Amrita']
['Thunder Reign', 'Wind Amp', 'Amrita', 'Megidola', 'Null Panic']
['Fire Boost', 'Maziodyne', 'Salvation', 'Amrita', 'Megidola']
['Salvation', 'Elec Amp', 'Ice Amp', 'Wind Boost', 'Wind Amp']
['Wind Boost', 'Ice Amp', 'Fire Boost', 'Salvation', 'Counter']
['Amrita', 'Salvation', 'Counter', 'Mind Charge', 'Niflheim']
['Salvation', 'Amrita', 'Fire Boost', 'Thunder Reign', 'Elec Amp']
['Fire Boost', 'Amrita', 'Mind Charge', 'Ice Amp', 'Wind Boost']
['Wind Boost', 'Ice Amp', 'Amrita', 'Elec Amp', 'Fire Boost']
['Megidola', 'Wind Amp', 'Mind Charge', 'Elec Amp', 'Fire Boost']
['Ragnarok', 'Ice Amp', 'Amrita', 'Maziodyne', 'Absorb Fire']
['Maziodyne', 'Salvation', 'Amrita', 'Ice Amp', 'Wind Boost']
['Amrita', 'Fire Boost', 'Maziodyne', 'Salvation', 'Counter']
['Fire Boost', 'Mind Charge', 'Amrita', 'Salvation', 'Absorb Fire']
['Counter', 'High Counter', 'Wind Boost', 'Mind Charge', 'Maziodyne']
['Amrita', 'Salvation', 'Fire Boost', 'Niflheim', 'Spell Master']
['Salvation', 'Amrita', 'High Counter', 'Wind Boost', 'Thunder Reign']
['Amrita', 'Elec Amp', 'Mind Charge', 'Megidola', 'Salvation']
['Salvation', 'Mind Charge', 'Niflheim', 'Amrita', 'Ice Amp']
['Fire Boost', 'Wind Boost', 'Amrita', 'Salvation', 'Mind Charge']
['Salvation', 'Amrita', 'Mind Charge', 'Thunder Reign', 'Spell Master']
['Ice Amp', 'High Counter', 'Megidola', 'Fire Boost', 'Mind Charge']
['Fire Boost', 'Amrita', 'Unshaken Will', 'Ice Amp', 'Salvation']
['High Counter', 'Salvation', 'Mind Charge', 'Thunder Reign', 'Fire Boost']
['Salvation', 'High Counter', 'Mind Charge', 'Amrita', 'Spell Master']
['Salvation', 'Mind Charge', 'Amrita', 'Unshaken Will', 'Elec Amp']
['Wind Amp', 'Null Panic', 'High Counter', 'Mind Charge', 'Amrita']
['Counter', 'High Counter', 'Amrita', 'Ice Amp', 'Elec Amp']
['Mind Charge', 'Amrita', 'Elec Amp', 'Counter', 'Wind Boost']
['Amrita', 'Salvation', 'Null Panic', 'Fire Boost', 'Mind Charge']
['Elec Amp', 'Counter', 'Wind Boost', 'Salvation', 'Amrita']
['High Counter', 'Null Panic', 'Amrita', 'Ragnarok', 'Salvation']
['Amrita', 'Wind Boost', 'Salvation', 'Elec Amp', 'Fire Boost']
['Amrita', 'Ice Amp', 'Salvation', 'Thunder Reign', 'Mind Charge']
['Wind Boost', 'Amrita', 'Mind Charge', 'Salvation', 'Maziodyne']
['Amrita', 'Wind Amp', 'High Counter', 'Fire Boost', 'Salvation']
['Null Panic', 'Mind Charge', 'Elec Amp', 'Wind Boost', 'Thunder Reign']
['Wind Boost', 'Fire Boost', 'Elec Amp', 'Megidola', 'Ice Amp']
['Fire Boost', 'Amrita', 'Mind Charge', 'High Counter', 'Ice Amp']
['Wind Amp', 'Fire Boost', 'High Counter', 'Megidola', 'Salvation']
['High Counter', 'Wind Boost', 'Mind Charge', 'Amrita', 'Counter']
['Mind Charge', 'Amrita', 'Fire Boost', 'Maziodyne', 'Counter']
['Counter', 'Wind Boost', 'Null Panic', 'Maziodyne', 'Amrita']
['Ragnarok', 'Amrita', 'Wind Amp', 'High Counter', 'Niflheim']
['Amrita', 'Counter', 'Wind Boost', 'Salvation', 'Spell Master']
['Amrita', 'Elec Amp', 'Salvation', 'Fire Boost', 'Counter']
['Wind Amp', 'Salvation', 'Niflheim', 'Fire Boost', 'Amrita']
['Fire Boost', 'Amrita', 'Mind Charge', 'Salvation', 'Null Panic']
['Salvation', 'Mind Charge', 'Amrita', 'Wind Boost', 'Ice Amp']
['Amrita', 'Wind Amp', 'Wind Boost', 'High Counter', 'Salvation']
['Amrita', 'Wind Boost', 'Thunder Reign', 'Elec Amp', 'Mind Charge']
['Amrita', 'Salvation', 'Mind Charge', 'Unshaken Will', 'Wind Boost']
['Salvation', 'Mind Charge', 'Amrita', 'Wind Boost', 'Wind Amp']
['Mind Charge', 'Amrita', 'Salvation', 'Ragnarok', 'Fire Boost']
['Ice Amp', 'Amrita', 'Salvation', 'Counter', 'Fire Boost']
['Mind Charge', 'Counter', 'Wind Boost', 'Ice Amp', 'Amrita']
['Amrita', 'Wind Boost', 'Mind Charge', 'Salvation', 'Unshaken Will']
['Wind Amp', 'Spell Master', 'Megidola', 'Fire Boost', 'Amrita']
['Wind Boost', 'Mind Charge', 'Counter', 'Fire Boost', 'Amrita']
['Megidola', 'Spell Master', 'Salvation', 'Amrita', 'Unshaken Will']
['Counter', 'Salvation', 'Elec Amp', 'Ice Amp', 'High Counter']
['Wind Boost', 'Salvation', 'Amrita', 'Counter', 'Spell Master']
['Mind Charge', 'Amrita', 'Fire Boost', 'Thunder Reign', 'Elec Amp']
['Thunder Reign', 'Wind Boost', 'Salvation', 'Maziodyne', 'Spell Master']
['Amrita', 'Wind Boost', 'Absorb Fire', 'Elec Amp', 'Salvation']
['Salvation', 'Amrita', 'Mind Charge', 'Counter', 'Wind Amp']
['Salvation', 'Amrita', 'Spell Master', 'Mind Charge', 'Wind Boost']
['Amrita', 'Megidola', 'Niflheim', 'Salvation', 'Fire Boost']
['Amrita', 'Mind Charge', 'Salvation', 'Fire Boost', 'Elec Amp']
['Salvation', 'Amrita', 'Ice Amp', 'Fire Boost', 'Wind Amp']
['Salvation', 'Wind Amp', 'Maziodyne', 'Amrita', 'Ice Amp']
['Mind Charge', 'Elec Amp', 'Amrita', 'Counter', 'Salvation']
['Absorb Fire', 'Salvation', 'Counter', 'Amrita', 'Unshaken Will']
['Wind Amp', 'Mind Charge', 'Null Panic', 'Fire Boost', 'Salvation']
['Salvation', 'Amrita', 'Absorb Fire', 'Ice Amp', 'Wind Boost']
['Unshaken Will', 'Fire Boost', 'Salvation', 'Wind Boost', 'Null Panic']
['High Counter', 'Wind Boost', 'Fire Boost', 'Amrita', 'Wind Amp']
['Ice Amp', 'Mind Charge', 'Amrita', 'Fire Boost', 'Salvation']
['Mind Charge', 'Counter', 'Wind Boost', 'Fire Boost', 'Amrita']
['Null Panic', 'Amrita', 'Salvation', 'Wind Boost', 'Counter']
['Null Panic', 'Amrita', 'Unshaken Will', 'Fire Boost', 'Wind Boost']
['Amrita', 'Counter', 'Mind Charge', 'Salvation', 'Ice Amp']
['Mind Charge', 'Wind Boost', 'Wind Amp', 'Ice Amp', 'Amrita']
['Niflheim', 'Amrita', 'Null Panic', 'Unshaken Will', 'Fire Boost']
['Counter', 'Fire Boost', 'Spell Master', 'Salvation', 'Mind Charge']
['Ice Amp', 'Wind Boost', 'Ragnarok', 'Amrita', 'Elec Amp']
['Fire Boost', 'Amrita', 'Salvation', 'High Counter', 'Null Panic']
['Ice Amp', 'Mind Charge', 'High Counter', 'Amrita', 'Fire Boost']
['Salvation', 'Amrita', 'Mind Charge', 'Counter', 'Wind Boost']
['Mind Charge', 'Amrita', 'High Counter', 'Wind Boost', 'Salvation']
['Fire Boost', 'High Counter', 'Amrita', 'Absorb Fire', 'Mind Charge']
['Salvation', 'Absorb Fire', 'Mind Charge', 'Wind Boost', 'Amrita']
['Salvation', 'Absorb Fire', 'Ragnarok', 'Counter', 'Mind Charge']
['Thunder Reign', 'Absorb Fire', 'Mind Charge', 'Wind Boost', 'Amrita']
['Elec Amp', 'Mind Charge', 'Wind Amp', 'Counter', 'Fire Boost']
['Thunder Reign', 'Wind Boost', 'Maziodyne', 'Amrita', 'Salvation']
['Mind Charge', 'Amrita', 'Elec Amp', 'Spell Master', 'Fire Boost']
['Wind Boost', 'Amrita', 'Salvation', 'Mind Charge', 'Fire Boost']
['Unshaken Will', 'Counter', 'Spell Master', 'Amrita', 'Salvation']
['Mind Charge', 'Wind Amp', 'Unshaken Will', 'Wind Boost', 'Amrita']
['Mind Charge', 'Salvation', 'Amrita', 'Fire Boost', 'Absorb Fire']
['Salvation', 'Amrita', 'Null Panic', 'Ice Amp', 'Mind Charge']
['Unshaken Will', 'Thunder Reign', 'Wind Amp', 'Elec Amp', 'Wind Boost']
['Amrita', 'Mind Charge', 'Counter', 'Fire Boost', 'Wind Amp']
['Wind Boost', 'Amrita', 'Mind Charge', 'Fire Boost', 'Salvation']
['Thunder Reign', 'Wind Boost', 'Mind Charge', 'Amrita', 'Salvation']
['Absorb Fire', 'Salvation', 'Amrita', 'High Counter', 'Ice Amp']
['Salvation', 'Megidola', 'Thunder Reign', 'Null Panic', 'Fire Boost']
['Salvation', 'Fire Boost', 'Wind Amp', 'Mind Charge', 'Amrita']
['Wind Amp', 'Fire Boost', 'Mind Charge', 'Ragnarok', 'Megidola']
['Mind Charge', 'Amrita', 'Unshaken Will', 'Salvation', 'Counter']
['Mind Charge', 'Amrita', 'Maziodyne', 'Elec Amp', 'Salvation']
['Null Panic', 'Amrita', 'Salvation', 'Elec Amp', 'Spell Master']
['Fire Boost', 'Counter', 'High Counter', 'Mind Charge', 'Elec Amp']
['Wind Amp', 'Amrita', 'Salvation', 'Wind Boost', 'Absorb Fire']
['Wind Amp', 'Amrita', 'Wind Boost', 'Megidola', 'Fire Boost']
['Fire Boost', 'Amrita', 'Salvation', 'Mind Charge', 'Wind Boost']
['Counter', 'Thunder Reign', 'Amrita', 'Mind Charge', 'Ragnarok']
['Fire Boost', 'Ice Amp', 'High Counter', 'Thunder Reign', 'Amrita']
['Wind Boost', 'Counter', 'High Counter', 'Amrita', 'Salvation']
['Thunder Reign', 'Ice Amp', 'Mind Charge', 'Maziodyne', 'Amrita']
['Salvation', 'Wind Amp', 'Elec Amp', 'Amrita', 'Fire Boost']
['Amrita', 'Ice Amp', 'Mind Charge', 'Elec Amp', 'Wind Boost']
['Amrita', 'Fire Boost', 'Thunder Reign', 'Elec Amp', 'Maziodyne']
['Salvation', 'Null Panic', 'Amrita', 'Megidola', 'Mind Charge']
['Elec Amp', 'Megidola', 'Mind Charge', 'Wind Amp', 'Counter']
['Fire Boost', 'Null Panic', 'Amrita', 'Thunder Reign', 'Wind Amp']
['Amrita', 'Wind Amp', 'Counter', 'Fire Boost', 'Maziodyne']
['Salvation', 'Amrita', 'Absorb Fire', 'Spell Master', 'Null Panic']
['Ice Amp', 'Fire Boost', 'Wind Boost', 'Absorb Fire', 'High Counter']
['Maziodyne', 'Amrita', 'Salvation', 'Fire Boost', 'Wind Amp']
['Unshaken Will', 'High Counter', 'Salvation', 'Niflheim', 'Null Panic']
['Mind Charge', 'High Counter', 'Amrita', 'Fire Boost', 'Salvation']
['Salvation', 'Counter', 'High Counter', 'Niflheim', 'Fire Boost']
['Salvation', 'Amrita', 'Wind Boost', 'Counter', 'Mind Charge']
['Fire Boost', 'Ice Amp', 'Amrita', 'Wind Boost', 'Ragnarok']
['Wind Boost', 'Megidola', 'Salvation', 'Mind Charge', 'Counter']
['Ice Amp', 'Mind Charge', 'Wind Boost', 'Wind Amp', 'Counter']
['Mind Charge', 'Salvation', 'Null Panic', 'High Counter', 'Amrita']
['Ice Amp', 'Absorb Fire', 'Amrita', 'High Counter', 'Fire Boost']
['Mind Charge', 'Absorb Fire', 'Salvation', 'Wind Amp', 'Fire Boost']
['Maziodyne', 'Absorb Fire', 'Counter', 'Spell Master', 'Mind Charge']
['Amrita', 'Counter', 'Mind Charge', 'Spell Master', 'Wind Boost']
['Amrita', 'Mind Charge', 'Wind Amp', 'Salvation', 'Counter']
['Absorb Fire', 'Wind Boost', 'Mind Charge', 'Fire Boost', 'High Counter']
['Ice Amp', 'Amrita', 'Salvation', 'Absorb Fire', 'Counter']
['Ragnarok', 'Wind Amp', 'Elec Amp', 'Ice Amp', 'Thunder Reign']
['Ice Amp', 'Amrita', 'Megidola', 'Fire Boost', 'Mind Charge']
['Maziodyne', 'Mind Charge', 'Amrita', 'Null Panic', 'Salvation']
['Mind Charge', 'Amrita', 'Megidola', 'Ice Amp', 'Elec Amp']
['Amrita', 'Mind Charge', 'Salvation', 'Elec Amp', 'Wind Boost']
['Amrita', 'High Counter', 'Null Panic', 'Mind Charge', 'Salvation']
['Salvation', 'Wind Boost', 'Ragnarok', 'Amrita', 'Counter']
['Ragnarok', 'Amrita', 'Mind Charge', 'Null Panic', 'Elec Amp']
['Fire Boost', 'Salvation', 'Mind Charge', 'Amrita', 'Maziodyne']
['Ice Amp', 'Wind Boost', 'Salvation', 'Null Panic', 'Amrita']
['Amrita', 'Fire Boost', 'High Counter', 'Megidola', 'Mind Charge']
['Counter', 'Wind Boost', 'Maziodyne', 'Elec Amp', 'Amrita']
['Wind Boost', 'Niflheim', 'Counter', 'Megidola', 'Amrita']
['Salvation', 'Null Panic', 'Ice Amp', 'Counter', 'Maziodyne']
['Salvation', 'Counter', 'Fire Boost', 'Ice Amp', 'Mind Charge']
['Salvation', 'Ice Amp', 'Thunder Reign', 'Fire Boost', 'Mind Charge']
['Wind Boost', 'High Counter', 'Wind Amp', 'Elec Amp', 'Amrita']
['Salvation', 'Amrita', 'Elec Amp', 'Fire Boost', 'Mind Charge']
['Wind Boost', 'Amrita', 'Mind Charge', 'Salvation', 'Counter']
['Mind Charge', 'Ice Amp', 'Salvation', 'Ragnarok', 'Amrita']
['Mind Charge', 'Spell Master', 'Wind Boost', 'Salvation', 'High Counter']
['Amrita', 'Mind Charge', 'Wind Amp', 'Thunder Reign', 'Fire Boost']
['Salvation', 'Amrita', 'Wind Boost', 'Mind Charge', 'Ice Amp']
['Salvation', 'Amrita', 'Thunder Reign', 'Fire Boost', 'Niflheim']
['Salvation', 'Amrita', 'Fire Boost', 'Elec Amp', 'Mind Charge']
['Wind Amp', 'Amrita', 'Fire Boost', 'Maziodyne', 'Spell Master']
['Amrita', 'Counter', 'Wind Boost', 'Fire Boost', 'Mind Charge']
['Mind Charge', 'Megidola', 'Null Panic', 'Salvation', 'Unshaken Will']
['Mind Charge', 'Amrita', 'Wind Amp', 'High Counter', 'Maziodyne']
['Null Panic', 'Salvation', 'High Counter', 'Thunder Reign', 'Wind Boost']
['Salvation', 'Maziodyne', 'Wind Boost', 'Amrita', 'Mind Charge']
['High Counter', 'Amrita', 'Mind Charge', 'Wind Amp', 'Wind Boost']
['Fire Boost', 'High Counter', 'Salvation', 'Amrita', 'Elec Amp']
['Ragnarok', 'Ice Amp', 'Salvation', 'Mind Charge', 'Amrita']
['Mind Charge', 'Wind Boost', 'High Counter', 'Ice Amp', 'Wind Amp']
['Elec Amp', 'Mind Charge', 'Null Panic', 'Megidola', 'Wind Boost']
['Fire Boost', 'Amrita', 'Mind Charge', 'Salvation', 'Wind Amp']
['Amrita', 'Spell Master', 'Wind Amp', 'High Counter', 'Fire Boost']
['Fire Boost', 'Amrita', 'Counter', 'Mind Charge', 'Ice Amp']
['Wind Boost', 'Wind Amp', 'Amrita', 'Elec Amp', 'Fire Boost']
['Niflheim', 'Null Panic', 'Salvation', 'Megidola', 'Unshaken Will']
['Fire Boost', 'Amrita', 'Mind Charge', 'Salvation', 'Null Panic']
['Wind Boost', 'Megidola', 'Spell Master', 'Mind Charge', 'Fire Boost']
['Maziodyne', 'Wind Amp', 'Amrita', 'Mind Charge', 'Salvation']
['Thunder Reign', 'Megidola', 'Salvation', 'Amrita', 'Elec Amp']
['Mind Charge', 'Unshaken Will', 'Niflheim', 'Wind Boost', 'Amrita']
['Amrita', 'Mind Charge', 'Wind Boost', 'Counter', 'Wind Amp']
['Amrita', 'Fire Boost', 'Unshaken Will', 'Elec Amp', 'Mind Charge']
['Wind Amp', 'Amrita', 'Mind Charge', 'Counter', 'Thunder Reign']
['Null Panic', 'Mind Charge', 'Counter', 'Megidola', 'Wind Amp']
['Amrita', 'Counter', 'Wind Amp', 'High Counter', 'Wind Boost']
['Counter', 'Salvation', 'Fire Boost', 'Elec Amp', 'Amrita']
['Amrita', 'Maziodyne', 'Ragnarok', 'Salvation', 'Fire Boost']
['Ice Amp', 'Salvation', 'Fire Boost', 'Elec Amp', 'Amrita']
['Null Panic', 'Fire Boost', 'Salvation', 'Absorb Fire', 'Mind Charge']
['High Counter', 'Amrita', 'Spell Master', 'Thunder Reign', 'Mind Charge']
['Salvation', 'Fire Boost', 'Amrita', 'Maziodyne', 'Niflheim']
['Niflheim', 'Maziodyne', 'Ice Amp', 'Amrita', 'Null Panic']
['Counter', 'Wind Amp', 'Mind Charge', 'Fire Boost', 'Salvation']
['Null Panic', 'Thunder Reign', 'Mind Charge', 'Wind Boost', 'Salvation']
['Counter', 'Amrita', 'Unshaken Will', 'High Counter', 'Wind Boost']
['Ice Amp', 'Mind Charge', 'Fire Boost', 'Wind Amp', 'Amrita']
['Mind Charge', 'Amrita', 'Counter', 'Wind Boost', 'Salvation']
['Amrita', 'Mind Charge', 'Salvation', 'Wind Boost', 'Wind Amp']
['Amrita', 'Elec Amp', 'Counter', 'Ice Amp', 'Wind Boost']
['Megidola', 'Mind Charge', 'Elec Amp', 'Ice Amp', 'Maziodyne']
['Amrita', 'Counter', 'High Counter', 'Null Panic', 'Niflheim']
['Wind Boost', 'Wind Amp', 'Mind Charge', 'Elec Amp', 'Spell Master']
['Ice Amp', 'Amrita', 'Fire Boost', 'Absorb Fire', 'Megidola']
['Elec Amp', 'Ragnarok', 'Counter', 'Wind Amp', 'High Counter']
['Amrita', 'Spell Master', 'Counter', 'Fire Boost', 'Ragnarok']
['Amrita', 'Mind Charge', 'Wind Amp', 'Unshaken Will', 'Counter']
['Elec Amp', 'Amrita', 'Mind Charge', 'Salvation', 'Fire Boost']
['Mind Charge', 'Wind Boost', 'Amrita', 'Fire Boost', 'Ragnarok']
['Amrita', 'Maziodyne', 'Wind Boost', 'Megidola', 'Mind Charge']
['Amrita', 'High Counter', 'Counter', 'Null Panic', 'Thunder Reign']
['Mind Charge', 'Fire Boost', 'Absorb Fire', 'Spell Master', 'Counter']
['Amrita', 'Mind Charge', 'Ice Amp', 'Counter', 'Spell Master']
['Mind Charge', 'Salvation', 'Elec Amp', 'High Counter', 'Counter']
['Mind Charge', 'Counter', 'Absorb Fire', 'Null Panic', 'Fire Boost']
['Fire Boost', 'Amrita', 'Salvation', 'Null Panic', 'Wind Boost']
['Salvation', 'Absorb Fire', 'Fire Boost', 'Wind Boost', 'Spell Master']
['High Counter', 'Wind Amp', 'Ragnarok', 'Amrita', 'Wind Boost']
['Amrita', 'Ice Amp', 'High Counter', 'Wind Boost', 'Spell Master']
['Amrita', 'High Counter', 'Counter', 'Wind Amp', 'Fire Boost']
['Mind Charge', 'Amrita', 'Wind Boost', 'Fire Boost', 'Ragnarok']
['Wind Amp', 'Fire Boost', 'Thunder Reign', 'Amrita', 'Salvation']
['Ice Amp', 'Fire Boost', 'High Counter', 'Megidola', 'Counter']
['Mind Charge', 'Salvation', 'Amrita', 'High Counter', 'Ragnarok']
['Amrita', 'Mind Charge', 'Salvation', 'Wind Boost', 'Elec Amp']
['Amrita', 'Mind Charge', 'Salvation', 'Counter', 'Unshaken Will']
['Amrita', 'Niflheim', 'Spell Master', 'High Counter', 'Ice Amp']
['Amrita', 'Wind Boost', 'Mind Charge', 'Maziodyne', 'Salvation']
['Salvation', 'Amrita', 'Megidola', 'Fire Boost', 'Elec Amp']
['Counter', 'Ice Amp', 'Salvation', 'Mind Charge', 'Amrita']
['Ice Amp', 'Mind Charge', 'Unshaken Will', 'Amrita', 'Fire Boost']
['Wind Boost', 'Fire Boost', 'Wind Amp', 'Amrita', 'Elec Amp']
['Amrita', 'Ice Amp', 'Mind Charge', 'Null Panic', 'Elec Amp']
['Thunder Reign', 'Amrita', 'Counter', 'Ice Amp', 'Salvation']
['Amrita', 'Wind Amp', 'Ice Amp', 'Absorb Fire', 'Niflheim']
['Wind Boost', 'Salvation', 'Amrita', 'Elec Amp', 'Mind Charge']
['Unshaken Will', 'Elec Amp', 'Megidola', 'Null Panic', 'Fire Boost']
['Salvation', 'Mind Charge', 'Absorb Fire', 'Counter', 'Amrita']
['Amrita', 'Fire Boost', 'Mind Charge', 'Salvation', 'Counter']
['High Counter', 'Wind Amp', 'Niflheim', 'Unshaken Will', 'Counter']
['Salvation', 'Elec Amp', 'Mind Charge', 'Amrita', 'Wind Boost']
['Maziodyne', 'Salvation', 'Wind Boost', 'Amrita', 'Mind Charge']
['Amrita', 'Ice Amp', 'Ragnarok', 'Mind Charge', 'Maziodyne']
['Fire Boost', 'Amrita', 'Counter', 'Wind Boost', 'Salvation']
['Maziodyne', 'High Counter', 'Fire Boost', 'Amrita', 'Null Panic']
['Null Panic', 'Amrita', 'Wind Boost', 'Mind Charge', 'Salvation']
