['Rakunda', 'Enradi', 'Maragi', 'Makarakarn', 'Panta Rhei']
['Maragi', 'Wind Amp', 'Stagnant Air', 'Magarula', 'Enradi']
['Stagnant Air', 'Enradi', 'Rakunda', 'Maragi', 'Apt Pupil']
['Enradi', 'Rakunda', 'Null Fear', 'Null Fire', 'Stagnant Air']
['Mabufudyne', 'Maragi', 'Enradi', 'Rakunda', 'Makarakarn']
['Rakunda', 'Enradi', 'Panta Rhei', 'Maragi', 'Makarakarn']
['Enradi', 'Null Fear', 'Apt Pupil', 'Rakunda', 'Panta Rhei']
['Enradi', 'Rakunda', 'Wind Amp', 'Makarakarn', 'Megidola']
['Rakunda', 'Enradi', 'Maragi', 'Evil Smile', 'Apt Pupil']
['Enradi', 'Makarakarn', 'Apt Pupil', 'Stagnant Air', 'Wind Amp']
['Enradi', 'Rakunda', 'Maragi', 'Wind Amp', 'Panta Rhei']
['Enradi', 'Dodge Slash', 'Rakunda', 'Maragidyne', 'Null Fear']
['Enradi', 'Magarula', 'Maragi', 'Rakunda', 'Panta Rhei']
['Mabufudyne', 'Enradi', 'Wind Amp', 'Magarula', 'Maragi']
['Enradi', 'Maragi', 'Magarula', 'Wind Amp', 'Panta Rhei']
['Enradi', 'Magarula', 'Dodge Slash', 'Rakunda', 'Panta Rhei']
['Panta Rhei', 'Maragi', 'Enradi', 'Maragidyne', 'Rakunda']
['Wind Amp', 'Null Fire', 'Dodge Slash', 'Rakunda', 'Enradi']
['Enradi', 'Maragi', 'Wind Amp', 'Rakunda', 'Null Fear']
['Enradi', 'Rakunda', 'Makarakarn', 'Panta Rhei', 'Apt Pupil']
['Enradi', 'Rakunda', 'Magarula', 'Wind Amp', 'Apt Pupil']
['Panta Rhei', 'Rakunda', 'Enradi', 'Stagnant Air', 'Makarakarn']
['Megidola', 'Apt Pupil', 'Enradi', 'Makarakarn', 'Maragi']
['Maragi', 'Enradi', 'Rakunda', 'Panta Rhei', 'Null Fire']
['Enradi', 'Rakunda', 'Sexy Dance', 'Stagnant Air', 'Magarula']
['Enradi', 'Magarula', 'Rakunda', 'Wind Amp', 'Dodge Slash']
['Enradi', 'Rakunda', 'Sexy Dance', 'Maragidyne', 'Megidola']
['Maragidyne', 'Stagnant Air', 'Rakunda', 'Enradi', 'Makarakarn']
['Enradi', 'Mabufudyne', 'Apt Pupil', 'Makarakarn', 'Null Fire']
['Rakunda', 'Enradi', 'Dodge Slash', 'Maragi', 'Stagnant Air']
['Enradi', 'Rakunda', 'Null Fire', 'Magarula', 'Makarakarn']
['Enradi', 'Makarakarn', 'Rakunda', 'Panta Rhei', 'Sexy Dance']
['Rakunda', 'Enradi', 'Stagnant Air', 'Magarula', 'Null Fear']
['Wind Amp', 'Enradi', 'Rakunda', 'Dodge Slash', 'Null Fear']
['Magarula', 'Enradi', 'Rakunda', 'Maragi', 'Panta Rhei']
['Enradi', 'Makarakarn', 'Rakunda', 'Maragi', 'Dodge Slash']
['Maragi', 'Enradi', 'Rakunda', 'Maragidyne', 'Apt Pupil']
['Enradi', 'Maragidyne', 'Maragi', 'Wind Amp', 'Makarakarn']
['Enradi', 'Magarula', 'Rakunda', 'Maragi', 'Makarakarn']
['Enradi', 'Dodge Slash', 'Rakunda', 'Magarula', 'Apt Pupil']
['Enradi', 'Rakunda', 'Null Fear', 'Makarakarn', 'Maragidyne']
['Null Fear', 'Enradi', 'Maragidyne', 'Rakunda', 'Maragi']
['Enradi', 'Maragi', 'Null Fear', 'Null Fire', 'Makarakarn']
['Enradi', 'Makarakarn', 'Null Fear', 'Dodge Slash', 'Null Fire']
['Makarakarn', 'Enradi', 'Magarula', 'Wind Amp', 'Apt Pupil']
['Enradi', 'Null Fear', 'Maragi', 'Mabufudyne', 'Rakunda']
['Enradi', 'Magarula', 'Rakunda', 'Stagnant Air', 'Mabufudyne']
['Enradi', 'Rakunda', 'Maragi', 'Wind Amp', 'Stagnant Air']
['Maragi', 'Makarakarn', 'Enradi', 'Maragidyne', 'Sexy Dance']
['Enradi', 'Dodge Slash', 'Null Fire', 'Stagnant Air', 'Apt Pupil']
['Enradi', 'Rakunda', 'Dodge Slash', 'Sexy Dance', 'Magarula']
['Enradi', 'Null Fear', 'Evil Smile', 'Maragi', 'Apt Pupil']
['Enradi', 'Wind Amp', 'Stagnant Air', 'Rakunda', 'Maragi']
['Enradi', 'Sexy Dance', 'Rakunda', 'Makarakarn', 'Stagnant Air']
['Null Fear', 'Enradi', 'Makarakarn', 'Rakunda', 'Megidola']
['Mabufudyne', 'Dodge Slash', 'Enradi', 'Maragi', 'Rakunda']
['Dodge Slash', 'Enradi', 'Makarakarn', 'Null Fear', 'Rakunda']
['Null Fear', 'Enradi', 'Wind Amp', 'Rakunda', 'Null Fire']
['Makarakarn', 'Rakunda', 'Mabufudyne', 'Enradi', 'Stagnant Air']
['Enradi', 'Maragi', 'Makarakarn', 'Null Fire', 'Rakunda']
['Stagnant Air', 'Enradi', 'Apt Pupil', 'Megidola', 'Maragi']
['Rakunda', 'Enradi', 'Evil Smile', 'Makarakarn', 'Panta Rhei']
['Enradi', 'Maragi', 'Rakunda', 'Wind Amp', 'Maragidyne']
['Null Fire', 'Enradi', 'Magarula', 'Makarakarn', 'Wind Amp']
['Null Fire', 'Enradi', 'Rakunda', 'Maragi', 'Panta Rhei']
['Enradi', 'Maragidyne', 'Dodge Slash', 'Wind Amp', 'Mabufudyne']
['Null Fear', 'Makarakarn', 'Enradi', 'Mabufudyne', 'Rakunda']
['Enradi', 'Megidola', 'Makarakarn', 'Rakunda', 'Apt Pupil']
['Enradi', 'Rakunda', 'Mabufudyne', 'Wind Amp', 'Dodge Slash']
['Enradi', 'Rakunda', 'Stagnant Air', 'Maragi', 'Magarula']
['Enradi', 'Megidola', 'Maragi', 'Makarakarn', 'Rakunda']
['Rakunda', 'Enradi', 'Mabufudyne', 'Maragi', 'Apt Pupil']
['Maragidyne', 'Makarakarn', 'Rakunda', 'Enradi', 'Dodge Slash']
['Rakunda', 'Enradi', 'Maragi', 'Makarakarn', 'Sexy Dance']
['Rakunda', 'Enradi', 'Magarula', 'Megidola', 'Maragi']
['Enradi', 'Wind Amp', 'Rakunda', 'Apt Pupil', 'Maragi']
['Megidola', 'Stagnant Air', 'Enradi', 'Magarula', 'Makarakarn']
['Enradi', 'Megidola', 'Maragidyne', 'Dodge Slash', 'Apt Pupil']
['Enradi', 'Magarula', 'Sexy Dance', 'Rakunda', 'Dodge Slash']
['Enradi', 'Wind Amp', 'Rakunda', 'Stagnant Air', 'Maragi']
['Rakunda', 'Dodge Slash', 'Enradi', 'Maragi', 'Wind Amp']
['Enradi', 'Rakunda', 'Makarakarn', 'Evil Smile', 'Magarula']
['Rakunda', 'Makarakarn', 'Enradi', 'Stagnant Air', 'Maragi']
['Wind Amp', 'Makarakarn', 'Rakunda', 'Enradi', 'Sexy Dance']
['Wind Amp', 'Enradi', 'Rakunda', 'Makarakarn', 'Null Fire']
['Enradi', 'Panta Rhei', 'Mabufudyne', 'Makarakarn', 'Rakunda']
['Enradi', 'Mabufudyne', 'Stagnant Air', 'Null Fear', 'Magarula']
['Dodge Slash', 'Enradi', 'Rakunda', 'Maragidyne', 'Maragi']
['Enradi', 'Maragi', 'Rakunda', 'Null Fear', 'Magarula']
['Rakunda', 'Null Fire', 'Enradi', 'Stagnant Air', 'Maragidyne']
['Enradi', 'Rakunda', 'Makarakarn', 'Magarula', 'Panta Rhei']
['Enradi', 'Stagnant Air', 'Makarakarn', 'Panta Rhei', 'Null Fire']
['Rakunda', 'Sexy Dance', 'Dodge Slash', 'Mabufudyne', 'Maragidyne']
['Enradi', 'Stagnant Air', 'Maragidyne', 'Maragi', 'Rakunda']
['Enradi', 'Apt Pupil', 'Stagnant Air', 'Maragi', 'Ghastly Wail']
['Rakunda', 'Wind Amp', 'Magarula', 'Enradi', 'Null Fear']
['Stagnant Air', 'Enradi', 'Rakunda', 'Mabufudyne', 'Maragi']
['Null Fear', 'Enradi', 'Makarakarn', 'Stagnant Air', 'Rakunda']
['Makarakarn', 'Enradi', 'Maragidyne', 'Rakunda', 'Apt Pupil']
['Enradi', 'Null Fear', 'Dodge Slash', 'Apt Pupil', 'Magarula']
['Makarakarn', 'Dodge Slash', 'Enradi', 'Null Fire', 'Rakunda']
['Enradi', 'Rakunda', 'Maragi', 'Megidola', 'Stagnant Air']
['Stagnant Air', 'Enradi', 'Megidola', 'Maragi', 'Rakunda']
['Enradi', 'Rakunda', 'Null Fire', 'Null Fear', 'Dodge Slash']
['Enradi', 'Stagnant Air', 'Makarakarn', 'Rakunda', 'Null Fear']
['Rakunda', 'Enradi', 'Dodge Slash', 'Mabufudyne', 'Makarakarn']
['Rakunda', 'Enradi', 'Mabufudyne', 'Sexy Dance', 'Panta Rhei']
['Null Fear', 'Enradi', 'Makarakarn', 'Megidola', 'Rakunda']
['Enradi', 'Null Fear', 'Rakunda', 'Mabufudyne', 'Dodge Slash']
['Enradi', 'Dodge Slash', 'Rakunda', 'Magarula', 'Mabufudyne']
['Enradi', 'Makarakarn', 'Wind Amp', 'Maragi', 'Rakunda']
['Rakunda', 'Dodge Slash', 'Enradi', 'Stagnant Air', 'Null Fire']
['Enradi', 'Rakunda', 'Makarakarn', 'Dodge Slash', 'Panta Rhei']
['Panta Rhei', 'Rakunda', 'Makarakarn', 'Enradi', 'Maragi']
['Maragi', 'Enradi', 'Mabufudyne', 'Magarula', 'Rakunda']
['Enradi', 'Apt Pupil', 'Makarakarn', 'Rakunda', 'Megidola']
['Apt Pupil', 'Enradi', 'Maragi', 'Magarula', 'Rakunda']
['Maragi', 'Enradi', 'Rakunda', 'Makarakarn', 'Dodge Slash']
['Enradi', 'Wind Amp', 'Makarakarn', 'Maragi', 'Rakunda']
['Maragi', 'Enradi', 'Rakunda', 'Makarakarn', 'Sexy Dance']
['Rakunda', 'Magarula', 'Enradi', 'Wind Amp', 'Maragi']
['Stagnant Air', 'Evil Smile', 'Maragi', 'Apt Pupil', 'Enradi']
['Mabufudyne', 'Rakunda', 'Enradi', 'Maragi', 'Null Fear']
['Enradi', 'Rakunda', 'Stagnant Air', 'Megidola', 'Null Fear']
['Enradi', 'Dodge Slash', 'Wind Amp', 'Rakunda', 'Null Fire']
['Enradi', 'Panta Rhei', 'Rakunda', 'Stagnant Air', 'Dodge Slash']
['Rakunda', 'Makarakarn', 'Enradi', 'Dodge Slash', 'Evil Smile']
['Null Fear', 'Enradi', 'Wind Amp', 'Stagnant Air', 'Rakunda']
['Dodge Slash', 'Enradi', 'Wind Amp', 'Rakunda', 'Stagnant Air']
['Enradi', 'Dodge Slash', 'Wind Amp', 'Makarakarn', 'Magarula']
['Rakunda', 'Enradi', 'Maragi', 'Stagnant Air', 'Magarula']
['Null Fire', 'Enradi', 'Stagnant Air', 'Rakunda', 'Dodge Slash']
['Enradi', 'Panta Rhei', 'Null Fire', 'Makarakarn', 'Rakunda']
['Null Fear', 'Enradi', 'Maragi', 'Maragidyne', 'Rakunda']
['Rakunda', 'Dodge Slash', 'Mabufudyne', 'Stagnant Air', 'Wind Amp']
['Makarakarn', 'Rakunda', 'Stagnant Air', 'Maragidyne', 'Wind Amp']
['Mabufudyne', 'Rakunda', 'Dodge Slash', 'Enradi', 'Null Fear']
['Rakunda', 'Dodge Slash', 'Enradi', 'Sexy Dance', 'Null Fire']
['Enradi', 'Magarula', 'Makarakarn', 'Stagnant Air', 'Megidola']
['Rakunda', 'Makarakarn', 'Enradi', 'Maragi', 'Stagnant Air']
['Enradi', 'Maragi', 'Makarakarn', 'Magarula', 'Maragidyne']
['Enradi', 'Rakunda', 'Null Fire', 'Makarakarn', 'Stagnant Air']
['Null Fear', 'Stagnant Air', 'Enradi', 'Maragi', 'Makarakarn']
['Rakunda', 'Enradi', 'Maragi', 'Stagnant Air', 'Sexy Dance']
['Enradi', 'Rakunda', 'Magarula', 'Makarakarn', 'Apt Pupil']
['Enradi', 'Makarakarn', 'Rakunda', 'Magarula', 'Dodge Slash']
['Enradi', 'Rakunda', 'Dodge Slash', 'Maragi', 'Apt Pupil']
['Enradi', 'Rakunda', 'Apt Pupil', 'Makarakarn', 'Null Fear']
['Null Fear', 'Rakunda', 'Enradi', 'Dodge Slash', 'Maragi']
['Enradi', 'Null Fire', 'Mabufudyne', 'Rakunda', 'Stagnant Air']
['Enradi', 'Magarula', 'Mabufudyne', 'Rakunda', 'Makarakarn']
['Enradi', 'Rakunda', 'Maragi', 'Magarula', 'Megidola']
['Makarakarn', 'Rakunda', 'Enradi', 'Stagnant Air', 'Maragidyne']
['Rakunda', 'Apt Pupil', 'Enradi', 'Mabufudyne', 'Dodge Slash']
['Null Fear', 'Panta Rhei', 'Wind Amp', 'Mabufudyne', 'Maragi']
['Rakunda', 'Magarula', 'Enradi', 'Dodge Slash', 'Null Fear']
['Rakunda', 'Stagnant Air', 'Enradi', 'Apt Pupil', 'Maragi']
['Enradi', 'Null Fear', 'Sexy Dance', 'Makarakarn', 'Rakunda']
['Enradi', 'Maragi', 'Makarakarn', 'Wind Amp', 'Mabufudyne']
['Null Fire', 'Enradi', 'Megidola', 'Sexy Dance', 'Apt Pupil']
['Rakunda', 'Magarula', 'Makarakarn', 'Apt Pupil', 'Enradi']
['Magarula', 'Enradi', 'Stagnant Air', 'Rakunda', 'Maragidyne']
['Rakunda', 'Enradi', 'Apt Pupil', 'Megidola', 'Dodge Slash']
['Rakunda', 'Enradi', 'Dodge Slash', 'Wind Amp', 'Panta Rhei']
['Enradi', 'Makarakarn', 'Rakunda', 'Null Fear', 'Magarula']
['Rakunda', 'Maragi', 'Enradi', 'Dodge Slash', 'Apt Pupil']
['Enradi', 'Rakunda', 'Maragi', 'Makarakarn', 'Dodge Slash']
['Enradi', 'Rakunda', 'Stagnant Air', 'Maragi', 'Megidola']
['Enradi', 'Wind Amp', 'Stagnant Air', 'Maragi', 'Rakunda']
['Dodge Slash', 'Rakunda', 'Mabufudyne', 'Enradi', 'Makarakarn']
['Dodge Slash', 'Enradi', 'Wind Amp', 'Rakunda', 'Maragi']
['Rakunda', 'Enradi', 'Mabufudyne', 'Makarakarn', 'Ghastly Wail']
['Enradi', 'Maragi', 'Stagnant Air', 'Makarakarn', 'Rakunda']
['Enradi', 'Stagnant Air', 'Rakunda', 'Mabufudyne', 'Makarakarn']
['Enradi', 'Null Fire', 'Rakunda', 'Panta Rhei', 'Stagnant Air']
['Maragi', 'Enradi', 'Rakunda', 'Apt Pupil', 'Magarula']
['Rakunda', 'Dodge Slash', 'Panta Rhei', 'Enradi', 'Wind Amp']
['Enradi', 'Panta Rhei', 'Wind Amp', 'Rakunda', 'Makarakarn']
['Maragi', 'Enradi', 'Apt Pupil', 'Rakunda', 'Null Fear']
['Rakunda', 'Enradi', 'Magarula', 'Stagnant Air', 'Makarakarn']
['Enradi', 'Mabufudyne', 'Dodge Slash', 'Magarula', 'Wind Amp']
['Enradi', 'Megidola', 'Stagnant Air', 'Rakunda', 'Maragi']
['Enradi', 'Dodge Slash', 'Stagnant Air', 'Makarakarn', 'Megidola']
['Enradi', 'Wind Amp', 'Evil Smile', 'Rakunda', 'Magarula']
['Enradi', 'Makarakarn', 'Dodge Slash', 'Evil Smile', 'Rakunda']
['Evil Smile', 'Enradi', 'Magarula', 'Maragidyne', 'Maragi']
['Stagnant Air', 'Makarakarn', 'Rakunda', 'Null Fear', 'Dodge Slash']
['Enradi', 'Makarakarn', 'Rakunda', 'Null Fear', 'Magarula']
['Rakunda', 'Enradi', 'Stagnant Air', 'Makarakarn', 'Null Fire']
['Maragi', 'Enradi', 'Rakunda', 'Apt Pupil', 'Wind Amp']
['Maragidyne', 'Rakunda', 'Enradi', 'Maragi', 'Makarakarn']
['Enradi', 'Rakunda', 'Null Fear', 'Apt Pupil', 'Makarakarn']
['Null Fear', 'Enradi', 'Null Fire', 'Rakunda', 'Stagnant Air']
['Enradi', 'Panta Rhei', 'Rakunda', 'Maragi', 'Null Fear']
['Enradi', 'Maragi', 'Megidola', 'Rakunda', 'Magarula']
['Enradi', 'Makarakarn', 'Maragi', 'Rakunda', 'Stagnant Air']
['Rakunda', 'Enradi', 'Wind Amp', 'Apt Pupil', 'Ghastly Wail']
['Megidola', 'Enradi', 'Panta Rhei', 'Evil Smile', 'Rakunda']
['Enradi', 'Sexy Dance', 'Ghastly Wail', 'Magarula', 'Rakunda']
['Rakunda', 'Enradi', 'Apt Pupil', 'Maragi', 'Stagnant Air']
['Dodge Slash', 'Null Fire', 'Enradi', 'Maragi', 'Panta Rhei']
['Enradi', 'Rakunda', 'Null Fire', 'Mabufudyne', 'Apt Pupil']
['Maragidyne', 'Maragi', 'Rakunda', 'Enradi', 'Ghastly Wail']
['Rakunda', 'Enradi', 'Magarula', 'Maragi', 'Apt Pupil']
['Maragidyne', 'Enradi', 'Stagnant Air', 'Null Fear', 'Rakunda']
['Megidola', 'Rakunda', 'Enradi', 'Stagnant Air', 'Makarakarn']
['Dodge Slash', 'Magarula', 'Null Fire', 'Enradi', 'Apt Pupil']
['Enradi', 'Mabufudyne', 'Apt Pupil', 'Stagnant Air', 'Wind Amp']
['Enradi', 'Panta Rhei', 'Rakunda', 'Makarakarn', 'Magarula']
['Rakunda', 'Enradi', 'Maragi', 'Null Fear', 'Panta Rhei']
['Enradi', 'Makarakarn', 'Null Fear', 'Rakunda', 'Maragidyne']
['Rakunda', 'Maragi', 'Makarakarn', 'Ghastly Wail', 'Apt Pupil']
['Makarakarn', 'Enradi', 'Wind Amp', 'Dodge Slash', 'Apt Pupil']
['Enradi', 'Stagnant Air', 'Maragi', 'Rakunda', 'Null Fire']
['Rakunda', 'Enradi', 'Maragi', 'Maragidyne', 'Null Fear']
['Enradi', 'Rakunda', 'Maragi', 'Dodge Slash', 'Wind Amp']
['Magarula', 'Enradi', 'Stagnant Air', 'Apt Pupil', 'Rakunda']
['Rakunda', 'Enradi', 'Null Fire', 'Maragi', 'Apt Pupil']
['Enradi', 'Maragidyne', 'Rakunda', 'Dodge Slash', 'Makarakarn']
['Enradi', 'Rakunda', 'Magarula', 'Wind Amp', 'Evil Smile']
['Evil Smile', 'Rakunda', 'Sexy Dance', 'Panta Rhei', 'Mabufudyne']
['Rakunda', 'Makarakarn', 'Wind Amp', 'Maragi', 'Sexy Dance']
['Rakunda', 'Enradi', 'Megidola', 'Dodge Slash', 'Mabufudyne']
['Enradi', 'Rakunda', 'Makarakarn', 'Maragi', 'Dodge Slash']
['Makarakarn', 'Maragi', 'Enradi', 'Panta Rhei', 'Maragidyne']
['Enradi', 'Stagnant Air', 'Maragi', 'Null Fire', 'Magarula']
['Enradi', 'Rakunda', 'Stagnant Air', 'Maragi', 'Mabufudyne']
['Null Fear', 'Enradi', 'Stagnant Air', 'Maragi', 'Apt Pupil']
['Enradi', 'Megidola', 'Makarakarn', 'Rakunda', 'Sexy Dance']
['Stagnant Air', 'Null Fear', 'Wind Amp', 'Rakunda', 'Enradi']
['Maragidyne', 'Enradi', 'Rakunda', 'Sexy Dance', 'Maragi']
['Enradi', 'Maragidyne', 'Rakunda', 'Wind Amp', 'Dodge Slash']
['Null Fire', 'Makarakarn', 'Wind Amp', 'Dodge Slash', 'Rakunda']
['Stagnant Air', 'Enradi', 'Rakunda', 'Null Fear', 'Makarakarn']
['Enradi', 'Makarakarn', 'Stagnant Air', 'Mabufudyne', 'Null Fire']
['Rakunda', 'Stagnant Air', 'Enradi', 'Maragi', 'Mabufudyne']
['Maragi', 'Makarakarn', 'Maragidyne', 'Rakunda', 'Stagnant Air']
['Rakunda', 'Enradi', 'Makarakarn', 'Mabufudyne', 'Stagnant Air']
['Rakunda', 'Enradi', 'Makarakarn', 'Maragidyne', 'Null Fear']
['Enradi', 'Magarula', 'Makarakarn', 'Null Fire', 'Stagnant Air']
['Dodge Slash', 'Makarakarn', 'Stagnant Air', 'Maragi', 'Panta Rhei']
['Rakunda', 'Enradi', 'Magarula', 'Null Fear', 'Makarakarn']
['Rakunda', 'Makarakarn', 'Null Fire', 'Enradi', 'Megidola']
['Maragi', 'Enradi', 'Null Fear', 'Magarula', 'Maragidyne']
['Enradi', 'Stagnant Air', 'Apt Pupil', 'Makarakarn', 'Mabufudyne']
['Maragi', 'Magarula', 'Apt Pupil', 'Enradi', 'Rakunda']
['Enradi', 'Rakunda', 'Apt Pupil', 'Megidola', 'Mabufudyne']
['Enradi', 'Stagnant Air', 'Dodge Slash', 'Magarula', 'Apt Pupil']
['Megidola', 'Enradi', 'Stagnant Air', 'Null Fear', 'Rakunda']
['Rakunda', 'Enradi', 'Apt Pupil', 'Megidola', 'Wind Amp']
['Null Fire', 'Enradi', 'Makarakarn', 'Maragidyne', 'Rakunda']
['Rakunda', 'Null Fear', 'Wind Amp', 'Enradi', 'Makarakarn']
['Rakunda', 'Enradi', 'Null Fear', 'Evil Smile', 'Makarakarn']
['Rakunda', 'Null Fear', 'Enradi', 'Dodge Slash', 'Makarakarn']
['Rakunda', 'Enradi', 'Makarakarn', 'Apt Pupil', 'Null Fear']
['Dodge Slash', 'Rakunda', 'Wind Amp', 'Enradi', 'Null Fire']
['Enradi', 'Magarula', 'Rakunda', 'Stagnant Air', 'Makarakarn']
['Dodge Slash', 'Enradi', 'Magarula', 'Rakunda', 'Maragi']
['Enradi', 'Rakunda', 'Maragi', 'Dodge Slash', 'Makarakarn']
['Enradi', 'Stagnant Air', 'Mabufudyne', 'Rakunda', 'Maragidyne']
['Enradi', 'Maragidyne', 'Makarakarn', 'Maragi', 'Panta Rhei']
['Enradi', 'Maragi', 'Sexy Dance', 'Null Fire', 'Rakunda']
['Enradi', 'Wind Amp', 'Magarula', 'Rakunda', 'Null Fear']
['Enradi', 'Rakunda', 'Maragi', 'Dodge Slash', 'Megidola']
['Apt Pupil', 'Ghastly Wail', 'Enradi', 'Makarakarn', 'Mabufudyne']
['Rakunda', 'Enradi', 'Wind Amp', 'Mabufudyne', 'Panta Rhei']
['Rakunda', 'Enradi', 'Wind Amp', 'Makarakarn', 'Null Fear']
['Enradi', 'Rakunda', 'Megidola', 'Makarakarn', 'Maragi']
['Rakunda', 'Enradi', 'Wind Amp', 'Sexy Dance', 'Null Fire']
['Rakunda', 'Maragi', 'Enradi', 'Apt Pupil', 'Mabufudyne']
['Enradi', 'Stagnant Air', 'Rakunda', 'Magarula', 'Null Fear']
['Rakunda', 'Wind Amp', 'Enradi', 'Makarakarn', 'Maragi']
['Rakunda', 'Apt Pupil', 'Stagnant Air', 'Enradi', 'Sexy Dance']
['Enradi', 'Wind Amp', 'Megidola', 'Stagnant Air', 'Maragi']
['Maragidyne', 'Makarakarn', 'Enradi', 'Rakunda', 'Panta Rhei']
['Maragi', 'Dodge Slash', 'Enradi', 'Magarula', 'Rakunda']
['Null Fear', 'Rakunda', 'Makarakarn', 'Enradi', 'Maragidyne']
['Rakunda', 'Enradi', 'Megidola', 'Magarula', 'Wind Amp']
['Enradi', 'Rakunda', 'Makarakarn', 'Null Fire', 'Stagnant Air']
['Maragi', 'Dodge Slash', 'Enradi', 'Makarakarn', 'Rakunda']
['Null Fire', 'Apt Pupil', 'Maragi', 'Enradi', 'Wind Amp']
['Enradi', 'Null Fire', 'Rakunda', 'Null Fear', 'Maragi']
['Rakunda', 'Stagnant Air', 'Magarula', 'Dodge Slash', 'Enradi']
['Rakunda', 'Maragi', 'Enradi', 'Megidola', 'Panta Rhei']
['Enradi', 'Rakunda', 'Maragi', 'Makarakarn', 'Stagnant Air']
['Panta Rhei', 'Rakunda', 'Null Fire', 'Enradi', 'Maragi']
['Magarula', 'Rakunda', 'Enradi', 'Maragi', 'Null Fear']
['Rakunda', 'Makarakarn', 'Null Fire', 'Enradi', 'Maragi']
['Enradi', 'Rakunda', 'Wind Amp', 'Apt Pupil', 'Null Fear']
['Rakunda', 'Makarakarn', 'Enradi', 'Panta Rhei', 'Maragi']
['Enradi', 'Rakunda', 'Maragidyne', 'Null Fire', 'Makarakarn']
['Rakunda', 'Maragi', 'Enradi', 'Makarakarn', 'Wind Amp']
['Enradi', 'Null Fear', 'Rakunda', 'Stagnant Air', 'Null Fire']
['Magarula', 'Rakunda', 'Enradi', 'Null Fear', 'Maragi']
['Enradi', 'Dodge Slash', 'Rakunda', 'Mabufudyne', 'Apt Pupil']
['Enradi', 'Maragi', 'Rakunda', 'Makarakarn', 'Megidola']
['Enradi', 'Rakunda', 'Megidola', 'Evil Smile', 'Apt Pupil']
['Enradi', 'Null Fear', 'Rakunda', 'Maragi', 'Makarakarn']
['Enradi', 'Makarakarn', 'Rakunda', 'Maragi', 'Wind Amp']
['Maragi', 'Null Fear', 'Magarula', 'Megidola', 'Enradi']
['Dodge Slash', 'Enradi', 'Rakunda', 'Makarakarn', 'Null Fire']
['Enradi', 'Maragi', 'Mabufudyne', 'Rakunda', 'Dodge Slash']
['Enradi', 'Panta Rhei', 'Rakunda', 'Dodge Slash', 'Makarakarn']
['Rakunda', 'Maragi', 'Null Fear', 'Enradi', 'Megidola']
['Enradi', 'Megidola', 'Makarakarn', 'Rakunda', 'Apt Pupil']
['Enradi', 'Rakunda', 'Apt Pupil', 'Magarula', 'Makarakarn']
['Enradi', 'Megidola', 'Rakunda', 'Makarakarn', 'Panta Rhei']
['Enradi', 'Apt Pupil', 'Mabufudyne', 'Makarakarn', 'Rakunda']
['Megidola', 'Enradi', 'Rakunda', 'Makarakarn', 'Stagnant Air']
['Enradi', 'Maragi', 'Rakunda', 'Apt Pupil', 'Stagnant Air']
['Enradi', 'Magarula', 'Rakunda', 'Maragi', 'Stagnant Air']
['Wind Amp', 'Enradi', 'Rakunda', 'Evil Smile', 'Maragi']
['Makarakarn', 'Rakunda', 'Dodge Slash', 'Enradi', 'Apt Pupil']
['Enradi', 'Rakunda', 'Maragi', 'Makarakarn', 'Wind Amp']
['Enradi', 'Makarakarn', 'Rakunda', 'Maragi', 'Apt Pupil']
['Makarakarn', 'Enradi', 'Dodge Slash', 'Rakunda', 'Mabufudyne']
['Enradi', 'Makarakarn', 'Panta Rhei', 'Mabufudyne', 'Rakunda']
['Wind Amp', 'Maragi', 'Panta Rhei', 'Makarakarn', 'Null Fear']
['Makarakarn', 'Null Fear', 'Stagnant Air', 'Enradi', 'Rakunda']
['Null Fear', 'Rakunda', 'Enradi', 'Dodge Slash', 'Wind Amp']
['Enradi', 'Stagnant Air', 'Rakunda', 'Maragi', 'Makarakarn']
['Rakunda', 'Enradi', 'Makarakarn', 'Null Fire', 'Stagnant Air']
['Apt Pupil', 'Enradi', 'Maragi', 'Rakunda', 'Stagnant Air']
['Enradi', 'Rakunda', 'Stagnant Air', 'Wind Amp', 'Makarakarn']
['Rakunda', 'Enradi', 'Mabufudyne', 'Apt Pupil', 'Maragi']
['Makarakarn', 'Stagnant Air', 'Enradi', 'Rakunda', 'Mabufudyne']
['Enradi', 'Dodge Slash', 'Makarakarn', 'Rakunda', 'Wind Amp']
['Mabufudyne', 'Stagnant Air', 'Rakunda', 'Enradi', 'Dodge Slash']
['Evil Smile', 'Enradi', 'Rakunda', 'Stagnant Air', 'Apt Pupil']
['Enradi', 'Maragidyne', 'Mabufudyne', 'Rakunda', 'Makarakarn']
['Maragi', 'Makarakarn', 'Enradi', 'Null Fear', 'Magarula']
['Null Fear', 'Rakunda', 'Enradi', 'Magarula', 'Panta Rhei']
['Enradi', 'Rakunda', 'Apt Pupil', 'Makarakarn', 'Sexy Dance']
['Maragi', 'Rakunda', 'Mabufudyne', 'Makarakarn', 'Enradi']
['Wind Amp', 'Sexy Dance', 'Dodge Slash', 'Makarakarn', 'Panta Rhei']
['Enradi', 'Null Fire', 'Maragi', 'Evil Smile', 'Rakunda']
['Enradi', 'Null Fear', 'Magarula', 'Null Fire', 'Rakunda']
['Enradi', 'Null Fire', 'Rakunda', 'Maragi', 'Stagnant Air']
['Enradi', 'Makarakarn', 'Panta Rhei', 'Maragidyne', 'Megidola']
['Enradi', 'Rakunda', 'Makarakarn', 'Apt Pupil', 'Dodge Slash']
['Panta Rhei', 'Enradi', 'Dodge Slash', 'Stagnant Air', 'Rakunda']
['Panta Rhei', 'Makarakarn', 'Enradi', 'Maragidyne', 'Magarula']
['Rakunda', 'Maragi', 'Enradi', 'Apt Pupil', 'Makarakarn']
['Enradi', 'Panta Rhei', 'Makarakarn', 'Magarula', 'Rakunda']
['Dodge Slash', 'Magarula', 'Rakunda', 'Enradi', 'Maragi']
['Enradi', 'Wind Amp', 'Maragi', 'Rakunda', 'Stagnant Air']
['Enradi', 'Rakunda', 'Maragi', 'Null Fear', 'Dodge Slash']
['Enradi', 'Dodge Slash', 'Rakunda', 'Mabufudyne', 'Null Fear']
['Enradi', 'Stagnant Air', 'Rakunda', 'Wind Amp', 'Makarakarn']
['Enradi', 'Null Fear', 'Makarakarn', 'Rakunda', 'Apt Pupil']
['Makarakarn', 'Enradi', 'Wind Amp', 'Rakunda', 'Maragidyne']
['Enradi', 'Rakunda', 'Apt Pupil', 'Maragidyne', 'Stagnant Air']
['Enradi', 'Mabufudyne', 'Null Fire', 'Maragi', 'Rakunda']
['Megidola', 'Rakunda', 'Wind Amp', 'Makarakarn', 'Enradi']
['Enradi', 'Dodge Slash', 'Stagnant Air', 'Megidola', 'Rakunda']
['Apt Pupil', 'Null Fire', 'Panta Rhei', 'Maragi', 'Enradi']
['Dodge Slash', 'Enradi', 'Null Fear', 'Sexy Dance', 'Mabufudyne']
['Apt Pupil', 'Rakunda', 'Stagnant Air', 'Null Fire', 'Panta Rhei']
['Stagnant Air', 'Rakunda', 'Enradi', 'Makarakarn', 'Null Fear']
['Enradi', 'Rakunda', 'Panta Rhei', 'Stagnant Air', 'Maragidyne']
['Enradi', 'Makarakarn', 'Rakunda', 'Magarula', 'Megidola']
['Rakunda', 'Enradi', 'Maragi', 'Panta Rhei', 'Megidola']
['Makarakarn', 'Enradi', 'Maragidyne', 'Mabufudyne', 'Rakunda']
['Enradi', 'Rakunda', 'Maragi', 'Apt Pupil', 'Stagnant Air']
['Rakunda', 'Null Fear', 'Panta Rhei', 'Enradi', 'Wind Amp']
['Enradi', 'Stagnant Air', 'Panta Rhei', 'Rakunda', 'Magarula']
['Rakunda', 'Wind Amp', 'Enradi', 'Stagnant Air', 'Evil Smile']
['Magarula', 'Rakunda', 'Dodge Slash', 'Enradi', 'Maragi']
['Enradi', 'Dodge Slash', 'Maragidyne', 'Apt Pupil', 'Rakunda']
['Magarula', 'Stagnant Air', 'Enradi', 'Mabufudyne', 'Rakunda']
['Enradi', 'Makarakarn', 'Rakunda', 'Null Fear', 'Magarula']
['Mabufudyne', 'Rakunda', 'Enradi', 'Makarakarn', 'Stagnant Air']
['Enradi', 'Evil Smile', 'Maragi', 'Apt Pupil', 'Rakunda']
['Enradi', 'Rakunda', 'Megidola', 'Makarakarn', 'Magarula']
['Enradi', 'Megidola', 'Rakunda', 'Panta Rhei', 'Dodge Slash']
['Apt Pupil', 'Enradi', 'Wind Amp', 'Maragi', 'Dodge Slash']
['Enradi', 'Apt Pupil', 'Rakunda', 'Maragidyne', 'Maragi']
['Stagnant Air', 'Enradi', 'Rakunda', 'Maragi', 'Null Fire']
['Sexy Dance', 'Null Fear', 'Enradi', 'Maragi', 'Rakunda']
['Maragidyne', 'Null Fire', 'Enradi', 'Rakunda', 'Makarakarn']
['Enradi', 'Apt Pupil', 'Mabufudyne', 'Megidola', 'Rakunda']
['Enradi', 'Rakunda', 'Mabufudyne', 'Magarula', 'Apt Pupil']
['Rakunda', 'Maragidyne', 'Enradi', 'Dodge Slash', 'Panta Rhei']
['Rakunda', 'Enradi', 'Panta Rhei', 'Null Fire', 'Makarakarn']
['Enradi', 'Stagnant Air', 'Maragi', 'Wind Amp', 'Apt Pupil']
['Enradi', 'Dodge Slash', 'Apt Pupil', 'Maragi', 'Makarakarn']
['Maragi', 'Rakunda', 'Enradi', 'Mabufudyne', 'Wind Amp']
['Dodge Slash', 'Enradi', 'Rakunda', 'Mabufudyne', 'Magarula']
['Enradi', 'Makarakarn', 'Stagnant Air', 'Maragi', 'Rakunda']
['Rakunda', 'Megidola', 'Enradi', 'Stagnant Air', 'Apt Pupil']
['Rakunda', 'Enradi', 'Sexy Dance', 'Stagnant Air', 'Null Fear']
['Rakunda', 'Enradi', 'Mabufudyne', 'Magarula', 'Maragi']
['Rakunda', 'Dodge Slash', 'Enradi', 'Makarakarn', 'Maragi']
['Rakunda', 'Enradi', 'Panta Rhei', 'Null Fear', 'Wind Amp']
['Apt Pupil', 'Enradi', 'Dodge Slash', 'Rakunda', 'Stagnant Air']
['Rakunda', 'Enradi', 'Megidola', 'Mabufudyne', 'Stagnant Air']
['Enradi', 'Makarakarn', 'Rakunda', 'Magarula', 'Null Fire']
['Maragi', 'Enradi', 'Null Fire', 'Wind Amp', 'Rakunda']
['Dodge Slash', 'Stagnant Air', 'Enradi', 'Rakunda', 'Makarakarn']
['Null Fire', 'Dodge Slash', 'Enradi', 'Rakunda', 'Stagnant Air']
['Megidola', 'Rakunda', 'Enradi', 'Null Fire', 'Magarula']['Evil Smile', 'Stagnant Air', 'Maragi', 'Enradi', 'Rakunda']
['Panta Rhei', 'Enradi', 'Dodge Slash', 'Makarakarn', 'Rakunda']
['Enradi', 'Dodge Slash', 'Maragi', 'Magarula', 'Stagnant Air']
['Enradi', 'Rakunda', 'Panta Rhei', 'Makarakarn', 'Stagnant Air']
['Null Fire', 'Enradi', 'Rakunda', 'Wind Amp', 'Null Fear']
['Enradi', 'Stagnant Air', 'Rakunda', 'Magarula', 'Dodge Slash']
['Makarakarn', 'Maragi', 'Rakunda', 'Magarula', 'Enradi']
['Enradi', 'Maragi', 'Magarula', 'Maragidyne', 'Mabufudyne']
['Stagnant Air', 'Null Fire', 'Rakunda', 'Enradi', 'Maragi']
['Rakunda', 'Enradi', 'Maragi', 'Apt Pupil', 'Makarakarn']
['Dodge Slash', 'Rakunda', 'Enradi', 'Makarakarn', 'Maragi']
['Apt Pupil', 'Enradi', 'Magarula', 'Makarakarn', 'Rakunda']
['Enradi', 'Rakunda', 'Stagnant Air', 'Megidola', 'Makarakarn']
['Stagnant Air', 'Enradi', 'Rakunda', 'Evil Smile', 'Maragidyne']
['Enradi', 'Rakunda', 'Makarakarn', 'Null Fire', 'Stagnant Air']
['Rakunda', 'Makarakarn', 'Enradi', 'Megidola', 'Maragi']
['Rakunda', 'Makarakarn', 'Enradi', 'Maragi', 'Null Fear']
['Megidola', 'Enradi', 'Rakunda', 'Apt Pupil', 'Makarakarn']
['Rakunda', 'Magarula', 'Maragi', 'Null Fire', 'Enradi']
['Enradi', 'Rakunda', 'Makarakarn', 'Maragi', 'Dodge Slash']
['Enradi', 'Rakunda', 'Null Fire', 'Evil Smile', 'Wind Amp']
['Enradi', 'Rakunda', 'Wind Amp', 'Megidola', 'Maragi']
['Enradi', 'Megidola', 'Maragidyne', 'Rakunda', 'Magarula']
['Rakunda', 'Enradi', 'Null Fire', 'Makarakarn', 'Dodge Slash']
['Dodge Slash', 'Apt Pupil', 'Enradi', 'Rakunda', 'Maragi']
['Makarakarn', 'Enradi', 'Magarula', 'Stagnant Air', 'Rakunda']
['Enradi', 'Makarakarn', 'Panta Rhei', 'Apt Pupil', 'Magarula']
['Makarakarn', 'Enradi', 'Rakunda', 'Maragidyne', 'Maragi']
['Rakunda', 'Stagnant Air', 'Enradi', 'Wind Amp', 'Makarakarn']
['Enradi', 'Rakunda', 'Maragi', 'Wind Amp', 'Makarakarn']
['Megidola', 'Enradi', 'Makarakarn', 'Rakunda', 'Maragi']
['Rakunda', 'Enradi', 'Magarula', 'Mabufudyne', 'Maragi']
['Null Fear', 'Panta Rhei', 'Enradi', 'Wind Amp', 'Maragi']
['Rakunda', 'Enradi', 'Mabufudyne', 'Makarakarn', 'Sexy Dance']
['Enradi', 'Rakunda', 'Makarakarn', 'Maragidyne', 'Sexy Dance']
['Enradi', 'Dodge Slash', 'Stagnant Air', 'Evil Smile', 'Wind Amp']
['Rakunda', 'Enradi', 'Makarakarn', 'Wind Amp', 'Dodge Slash']
['Rakunda', 'Magarula', 'Maragi', 'Mabufudyne', 'Enradi']
['Enradi', 'Maragidyne', 'Megidola', 'Rakunda', 'Maragi']
['Enradi', 'Apt Pupil', 'Stagnant Air', 'Makarakarn', 'Rakunda']
['Enradi', 'Null Fear', 'Dodge Slash', 'Wind Amp', 'Maragi']
['Maragi', 'Stagnant Air', 'Makarakarn', 'Rakunda', 'Wind Amp']
['Maragi', 'Rakunda', 'Magarula', 'Enradi', 'Mabufudyne']
['Enradi', 'Wind Amp', 'Dodge Slash', 'Magarula', 'Null Fire']
['Enradi', 'Makarakarn', 'Magarula', 'Wind Amp', 'Megidola']
['Enradi', 'Maragi', 'Rakunda', 'Maragidyne', 'Stagnant Air']
['Dodge Slash', 'Apt Pupil', 'Megidola', 'Wind Amp', 'Rakunda']
['Enradi', 'Maragi', 'Magarula', 'Rakunda', 'Makarakarn']
['Maragi', 'Enradi', 'Rakunda', 'Makarakarn', 'Stagnant Air']
['Enradi', 'Rakunda', 'Maragi', 'Null Fire', 'Null Fear']
['Enradi', 'Panta Rhei', 'Maragidyne', 'Wind Amp', 'Apt Pupil']
['Enradi', 'Makarakarn', 'Dodge Slash', 'Null Fire', 'Rakunda']
['Enradi', 'Dodge Slash', 'Makarakarn', 'Rakunda', 'Maragi']
['Enradi', 'Rakunda', 'Null Fear', 'Dodge Slash', 'Maragi']
['Enradi', 'Wind Amp', 'Rakunda', 'Maragidyne', 'Magarula']
['Magarula', 'Maragi', 'Enradi', 'Rakunda', 'Null Fire']
['Rakunda', 'Enradi', 'Stagnant Air', 'Maragi', 'Megidola']
['Rakunda', 'Stagnant Air', 'Magarula', 'Ghastly Wail', 'Apt Pupil']
['Enradi', 'Stagnant Air', 'Wind Amp', 'Rakunda', 'Apt Pupil']
['Enradi', 'Rakunda', 'Megidola', 'Null Fire', 'Mabufudyne']
['Rakunda', 'Enradi', 'Null Fear', 'Maragi', 'Wind Amp']
['Makarakarn', 'Enradi', 'Null Fire', 'Rakunda', 'Mabufudyne']
['Magarula', 'Dodge Slash', 'Enradi', 'Stagnant Air', 'Rakunda']
['Mabufudyne', 'Maragi', 'Makarakarn', 'Null Fear', 'Enradi']
['Wind Amp', 'Dodge Slash', 'Makarakarn', 'Enradi', 'Null Fire']
['Dodge Slash', 'Enradi', 'Maragi', 'Rakunda', 'Null Fear']
['Rakunda', 'Maragi', 'Enradi', 'Megidola', 'Wind Amp']
['Enradi', 'Null Fear', 'Stagnant Air', 'Magarula', 'Rakunda']
['Stagnant Air', 'Apt Pupil', 'Rakunda', 'Enradi', 'Makarakarn']
['Maragi', 'Stagnant Air', 'Rakunda', 'Enradi', 'Dodge Slash']
['Enradi', 'Wind Amp', 'Dodge Slash', 'Maragi', 'Rakunda']
['Enradi', 'Megidola', 'Rakunda', 'Wind Amp', 'Null Fire']
['Enradi', 'Megidola', 'Wind Amp', 'Rakunda', 'Apt Pupil']
['Stagnant Air', 'Rakunda', 'Enradi', 'Null Fire', 'Megidola']
['Stagnant Air', 'Null Fear', 'Rakunda', 'Enradi', 'Maragi']
['Panta Rhei', 'Enradi', 'Apt Pupil', 'Null Fear', 'Makarakarn']
['Enradi', 'Rakunda', 'Apt Pupil', 'Maragidyne', 'Dodge Slash']
['Enradi', 'Null Fear', 'Mabufudyne', 'Megidola', 'Maragi']
['Rakunda', 'Enradi', 'Magarula', 'Maragi', 'Makarakarn']
['Dodge Slash', 'Mabufudyne', 'Enradi', 'Null Fire', 'Stagnant Air']
['Rakunda', 'Makarakarn', 'Evil Smile', 'Magarula', 'Enradi']
['Makarakarn', 'Rakunda', 'Panta Rhei', 'Stagnant Air', 'Enradi']
['Null Fire', 'Enradi', 'Megidola', 'Null Fear', 'Rakunda']
['Enradi', 'Megidola', 'Rakunda', 'Stagnant Air', 'Evil Smile']
['Enradi', 'Rakunda', 'Stagnant Air', 'Dodge Slash', 'Makarakarn']
['Rakunda', 'Enradi', 'Wind Amp', 'Megidola', 'Maragi']
['Enradi', 'Stagnant Air', 'Evil Smile', 'Maragi', 'Wind Amp']
['Rakunda', 'Mabufudyne', 'Enradi', 'Maragi', 'Stagnant Air']
['Stagnant Air', 'Maragi', 'Wind Amp', 'Enradi', 'Rakunda']
['Rakunda', 'Enradi', 'Panta Rhei', 'Magarula', 'Stagnant Air']
['Makarakarn', 'Enradi', 'Rakunda', 'Apt Pupil', 'Evil Smile']
['Enradi', 'Makarakarn', 'Apt Pupil', 'Rakunda', 'Sexy Dance']
['Rakunda', 'Maragi', 'Makarakarn', 'Enradi', 'Apt Pupil']
['Null Fire', 'Rakunda', 'Enradi', 'Wind Amp', 'Apt Pupil']
['Enradi', 'Dodge Slash', 'Wind Amp', 'Rakunda', 'Megidola']
['Enradi', 'Ghastly Wail', 'Wind Amp', 'Rakunda', 'Null Fear']
['Enradi', 'Panta Rhei', 'Makarakarn', 'Magarula', 'Rakunda']
['Enradi', 'Ghastly Wail', 'Rakunda', 'Stagnant Air', 'Wind Amp']
['Rakunda', 'Enradi', 'Maragi', 'Megidola', 'Makarakarn']
['Rakunda', 'Enradi', 'Maragi', 'Stagnant Air', 'Mabufudyne']
['Enradi', 'Wind Amp', 'Rakunda', 'Maragi', 'Stagnant Air']
['Rakunda', 'Magarula', 'Maragidyne', 'Stagnant Air', 'Enradi']
['Enradi', 'Null Fire', 'Rakunda', 'Magarula', 'Maragi']
['Enradi', 'Rakunda', 'Magarula', 'Megidola', 'Stagnant Air']
['Enradi', 'Rakunda', 'Maragi', 'Dodge Slash', 'Makarakarn']
['Maragi', 'Rakunda', 'Enradi', 'Dodge Slash', 'Null Fear']
['Rakunda', 'Enradi', 'Maragi', 'Apt Pupil', 'Makarakarn']
['Rakunda', 'Makarakarn', 'Stagnant Air', 'Enradi', 'Apt Pupil']
['Rakunda', 'Magarula', 'Makarakarn', 'Enradi', 'Sexy Dance']
['Enradi', 'Wind Amp', 'Rakunda', 'Makarakarn', 'Null Fear']
['Sexy Dance', 'Panta Rhei', 'Rakunda', 'Dodge Slash', 'Makarakarn']
['Enradi', 'Rakunda', 'Sexy Dance', 'Wind Amp', 'Stagnant Air']
['Enradi', 'Rakunda', 'Panta Rhei', 'Null Fire', 'Maragi']
['Dodge Slash', 'Enradi', 'Makarakarn', 'Evil Smile', 'Rakunda']
['Maragidyne', 'Rakunda', 'Enradi', 'Megidola', 'Null Fear']
['Enradi', 'Makarakarn', 'Apt Pupil', 'Dodge Slash', 'Maragi']
['Enradi', 'Null Fire', 'Sexy Dance', 'Makarakarn', 'Wind Amp']
['Rakunda', 'Mabufudyne', 'Enradi', 'Stagnant Air', 'Dodge Slash']
['Enradi', 'Rakunda', 'Megidola', 'Apt Pupil', 'Maragi']
['Rakunda', 'Enradi', 'Dodge Slash', 'Maragi', 'Maragidyne']
['Enradi', 'Rakunda', 'Maragidyne', 'Maragi', 'Makarakarn']
['Enradi', 'Mabufudyne', 'Rakunda', 'Maragidyne', 'Panta Rhei']
['Maragi', 'Rakunda', 'Makarakarn', 'Enradi', 'Magarula']
['Dodge Slash', 'Enradi', 'Null Fear', 'Maragi', 'Stagnant Air']
['Megidola', 'Rakunda', 'Magarula', 'Enradi', 'Evil Smile']
['Apt Pupil', 'Rakunda', 'Enradi', 'Dodge Slash', 'Makarakarn']
['Enradi', 'Rakunda', 'Dodge Slash', 'Magarula', 'Makarakarn']
['Makarakarn', 'Rakunda', 'Enradi', 'Null Fear', 'Null Fire']
['Null Fire', 'Rakunda', 'Mabufudyne', 'Enradi', 'Maragi']
['Rakunda', 'Enradi', 'Mabufudyne', 'Wind Amp', 'Magarula']
['Rakunda', 'Enradi', 'Dodge Slash', 'Maragi', 'Makarakarn']
['Rakunda', 'Enradi', 'Maragi', 'Dodge Slash', 'Mabufudyne']
['Megidola', 'Makarakarn', 'Enradi', 'Maragi', 'Rakunda']
['Enradi', 'Null Fear', 'Rakunda', 'Maragi', 'Magarula']
['Maragi', 'Enradi', 'Rakunda', 'Megidola', 'Wind Amp']
['Enradi', 'Maragi', 'Magarula', 'Rakunda', 'Stagnant Air']
['Enradi', 'Rakunda', 'Apt Pupil', 'Dodge Slash', 'Maragi']
['Enradi', 'Makarakarn', 'Magarula', 'Rakunda', 'Dodge Slash']
['Rakunda', 'Megidola', 'Enradi', 'Mabufudyne', 'Stagnant Air']
['Rakunda', 'Enradi', 'Stagnant Air', 'Magarula', 'Megidola']
['Wind Amp', 'Enradi', 'Maragi', 'Rakunda', 'Stagnant Air']
['Mabufudyne', 'Null Fear', 'Enradi', 'Rakunda', 'Makarakarn']
['Wind Amp', 'Enradi', 'Rakunda', 'Magarula', 'Panta Rhei']
['Enradi', 'Apt Pupil', 'Null Fire', 'Maragidyne', 'Null Fear']
['Rakunda', 'Enradi', 'Null Fire', 'Maragidyne', 'Stagnant Air']
['Enradi', 'Rakunda', 'Makarakarn', 'Stagnant Air', 'Panta Rhei']
['Rakunda', 'Enradi', 'Dodge Slash', 'Stagnant Air', 'Makarakarn']
['Rakunda', 'Maragi', 'Wind Amp', 'Stagnant Air', 'Enradi']
['Enradi', 'Maragi', 'Makarakarn', 'Magarula', 'Dodge Slash']
['Rakunda', 'Evil Smile', 'Makarakarn', 'Enradi', 'Maragi']
['Maragi', 'Enradi', 'Magarula', 'Rakunda', 'Wind Amp']
['Rakunda', 'Enradi', 'Makarakarn', 'Maragidyne', 'Maragi']
['Rakunda', 'Enradi', 'Maragi', 'Makarakarn', 'Sexy Dance']
['Rakunda', 'Enradi', 'Magarula', 'Stagnant Air', 'Megidola']
['Rakunda', 'Enradi', 'Panta Rhei', 'Null Fear', 'Makarakarn']
['Rakunda', 'Wind Amp', 'Stagnant Air', 'Null Fire', 'Enradi']
['Rakunda', 'Sexy Dance', 'Megidola', 'Maragi', 'Makarakarn']
['Rakunda', 'Enradi', 'Sexy Dance', 'Dodge Slash', 'Null Fire']
['Rakunda', 'Stagnant Air', 'Null Fear', 'Wind Amp', 'Enradi']
['Enradi', 'Mabufudyne', 'Maragidyne', 'Makarakarn', 'Rakunda']
['Wind Amp', 'Maragidyne', 'Enradi', 'Dodge Slash', 'Megidola']
['Enradi', 'Maragi', 'Wind Amp', 'Apt Pupil', 'Magarula']
['Makarakarn', 'Rakunda', 'Enradi', 'Wind Amp', 'Magarula']
['Enradi', 'Rakunda', 'Makarakarn', 'Magarula', 'Wind Amp']
['Maragidyne', 'Enradi', 'Apt Pupil', 'Maragi', 'Megidola']
['Rakunda', 'Dodge Slash', 'Enradi', 'Null Fear', 'Stagnant Air']
['Enradi', 'Maragi', 'Rakunda', 'Wind Amp', 'Null Fear']
['Makarakarn', 'Rakunda', 'Megidola', 'Wind Amp', 'Sexy Dance']
['Enradi', 'Makarakarn', 'Mabufudyne', 'Wind Amp', 'Rakunda']
['Enradi', 'Sexy Dance', 'Rakunda', 'Megidola', 'Magarula']
['Dodge Slash', 'Makarakarn', 'Enradi', 'Rakunda', 'Ghastly Wail']
['Makarakarn', 'Enradi', 'Evil Smile', 'Maragi', 'Rakunda']
['Rakunda', 'Enradi', 'Null Fear', 'Maragi', 'Magarula']
['Panta Rhei', 'Dodge Slash', 'Enradi', 'Rakunda', 'Apt Pupil']
['Apt Pupil', 'Rakunda', 'Enradi', 'Maragi', 'Stagnant Air']
['Enradi', 'Magarula', 'Rakunda', 'Null Fire', 'Stagnant Air']
['Wind Amp', 'Rakunda', 'Enradi', 'Magarula', 'Maragidyne']
['Rakunda', 'Null Fire', 'Stagnant Air', 'Enradi', 'Maragi']
['Enradi', 'Rakunda', 'Wind Amp', 'Makarakarn', 'Mabufudyne']
['Rakunda', 'Maragi', 'Null Fire', 'Enradi', 'Megidola']
['Maragi', 'Enradi', 'Makarakarn', 'Dodge Slash', 'Maragidyne']
['Megidola', 'Rakunda', 'Enradi', 'Makarakarn', 'Wind Amp']
['Rakunda', 'Mabufudyne', 'Enradi', 'Maragidyne', 'Makarakarn']
['Enradi', 'Wind Amp', 'Dodge Slash', 'Rakunda', 'Stagnant Air']
['Enradi', 'Maragi', 'Rakunda', 'Mabufudyne', 'Evil Smile']
['Enradi', 'Evil Smile', 'Makarakarn', 'Maragidyne', 'Null Fire']
['Enradi', 'Rakunda', 'Makarakarn', 'Wind Amp', 'Stagnant Air']
['Rakunda', 'Maragidyne', 'Makarakarn', 'Enradi', 'Apt Pupil']
['Enradi', 'Magarula', 'Rakunda', 'Makarakarn', 'Maragi']
['Enradi', 'Makarakarn', 'Null Fire', 'Panta Rhei', 'Maragi']
['Rakunda', 'Dodge Slash', 'Stagnant Air', 'Enradi', 'Apt Pupil']
['Rakunda', 'Enradi', 'Makarakarn', 'Maragi', 'Mabufudyne']
['Enradi', 'Rakunda', 'Wind Amp', 'Apt Pupil', 'Makarakarn']
['Rakunda', 'Maragi', 'Sexy Dance', 'Enradi', 'Makarakarn']
['Maragi', 'Rakunda', 'Stagnant Air', 'Wind Amp', 'Enradi']
['Stagnant Air', 'Enradi', 'Magarula', 'Makarakarn', 'Null Fire']
['Rakunda', 'Makarakarn', 'Dodge Slash', 'Stagnant Air', 'Enradi']
['Enradi', 'Magarula', 'Makarakarn', 'Rakunda', 'Dodge Slash']
['Null Fire', 'Rakunda', 'Makarakarn', 'Enradi', 'Apt Pupil']
['Enradi', 'Maragi', 'Wind Amp', 'Rakunda', 'Stagnant Air']
['Dodge Slash', 'Rakunda', 'Enradi', 'Null Fear', 'Makarakarn']
['Rakunda', 'Enradi', 'Makarakarn', 'Stagnant Air', 'Wind Amp']
['Rakunda', 'Megidola', 'Enradi', 'Apt Pupil', 'Maragidyne']
['Rakunda', 'Sexy Dance', 'Apt Pupil', 'Enradi', 'Maragi']
['Enradi', 'Maragi', 'Stagnant Air', 'Mabufudyne', 'Maragidyne']
['Enradi', 'Rakunda', 'Maragi', 'Magarula', 'Makarakarn']
['Megidola', 'Enradi', 'Stagnant Air', 'Dodge Slash', 'Rakunda']
['Stagnant Air', 'Sexy Dance', 'Enradi', 'Dodge Slash', 'Null Fear']
['Dodge Slash', 'Enradi', 'Null Fear', 'Stagnant Air', 'Magarula']
['Enradi', 'Rakunda', 'Makarakarn', 'Stagnant Air', 'Magarula']
['Enradi', 'Maragidyne', 'Panta Rhei', 'Makarakarn', 'Null Fear']
['Rakunda', 'Enradi', 'Megidola', 'Makarakarn', 'Mabufudyne']
['Maragi', 'Mabufudyne', 'Makarakarn', 'Dodge Slash', 'Apt Pupil']
['Null Fear', 'Null Fire', 'Rakunda', 'Enradi', 'Mabufudyne']
['Dodge Slash', 'Enradi', 'Makarakarn', 'Maragi', 'Rakunda']
['Makarakarn', 'Enradi', 'Megidola', 'Rakunda', 'Maragidyne']
['Wind Amp', 'Enradi', 'Rakunda', 'Dodge Slash', 'Makarakarn']
['Enradi', 'Magarula', 'Megidola', 'Null Fire', 'Stagnant Air']
['Enradi', 'Rakunda', 'Makarakarn', 'Null Fire', 'Stagnant Air']
['Enradi', 'Rakunda', 'Sexy Dance', 'Megidola', 'Makarakarn']
['Enradi', 'Apt Pupil', 'Rakunda', 'Wind Amp', 'Makarakarn']
['Enradi', 'Rakunda', 'Maragidyne', 'Maragi', 'Magarula']
['Mabufudyne', 'Null Fear', 'Maragi', 'Rakunda', 'Enradi']
['Enradi', 'Megidola', 'Maragi', 'Rakunda', 'Magarula']
['Enradi', 'Maragi', 'Megidola', 'Null Fire', 'Stagnant Air']
['Enradi', 'Rakunda', 'Dodge Slash', 'Maragi', 'Wind Amp']
['Enradi', 'Rakunda', 'Stagnant Air', 'Null Fear', 'Maragidyne']
['Enradi', 'Rakunda', 'Maragi', 'Null Fear', 'Dodge Slash']
['Enradi', 'Apt Pupil', 'Panta Rhei', 'Rakunda', 'Makarakarn']
['Rakunda', 'Enradi', 'Sexy Dance', 'Megidola', 'Wind Amp']
['Makarakarn', 'Apt Pupil', 'Enradi', 'Rakunda', 'Megidola']
['Enradi', 'Apt Pupil', 'Rakunda', 'Null Fear', 'Mabufudyne']
['Enradi', 'Rakunda', 'Dodge Slash', 'Makarakarn', 'Wind Amp']
['Rakunda', 'Maragi', 'Apt Pupil', 'Enradi', 'Sexy Dance']
['Enradi', 'Rakunda', 'Null Fire', 'Ghastly Wail', 'Null Fear']
['Enradi', 'Rakunda', 'Maragi', 'Null Fear', 'Null Fire']
['Enradi', 'Wind Amp', 'Magarula', 'Rakunda', 'Stagnant Air']
['Enradi', 'Rakunda', 'Dodge Slash', 'Makarakarn', 'Apt Pupil']
['Enradi', 'Null Fear', 'Maragi', 'Dodge Slash', 'Megidola']
['Null Fire', 'Panta Rhei', 'Rakunda', 'Enradi', 'Apt Pupil']
['Enradi', 'Maragi', 'Rakunda', 'Mabufudyne', 'Apt Pupil']
['Enradi', 'Megidola', 'Rakunda', 'Magarula', 'Maragi']
['Enradi', 'Rakunda', 'Magarula', 'Maragi', 'Dodge Slash']
['Null Fire', 'Maragidyne', 'Enradi', 'Magarula', 'Megidola']
['Wind Amp', 'Null Fire', 'Rakunda', 'Enradi', 'Maragidyne']
['Enradi', 'Makarakarn', 'Maragi', 'Rakunda', 'Magarula']
['Rakunda', 'Makarakarn', 'Null Fear', 'Null Fire', 'Enradi']
['Enradi', 'Rakunda', 'Dodge Slash', 'Stagnant Air', 'Null Fire']
['Stagnant Air', 'Magarula', 'Enradi', 'Makarakarn', 'Rakunda']
['Rakunda', 'Enradi', 'Stagnant Air', 'Dodge Slash', 'Makarakarn']
['Panta Rhei', 'Enradi', 'Dodge Slash', 'Null Fire', 'Maragidyne']
['Rakunda', 'Megidola', 'Stagnant Air', 'Enradi', 'Panta Rhei']
['Rakunda', 'Enradi', 'Sexy Dance', 'Null Fire', 'Makarakarn']
['Dodge Slash', 'Magarula', 'Rakunda', 'Enradi', 'Null Fear']
['Apt Pupil', 'Stagnant Air', 'Rakunda', 'Dodge Slash', 'Enradi']
['Enradi', 'Magarula', 'Rakunda', 'Maragi', 'Makarakarn']
['Rakunda', 'Stagnant Air', 'Enradi', 'Makarakarn', 'Wind Amp']
['Enradi', 'Makarakarn', 'Rakunda', 'Dodge Slash', 'Maragidyne']
['Enradi', 'Stagnant Air', 'Wind Amp', 'Null Fire', 'Apt Pupil']
['Wind Amp', 'Rakunda', 'Enradi', 'Stagnant Air', 'Maragidyne']
['Dodge Slash', 'Mabufudyne', 'Enradi', 'Panta Rhei', 'Rakunda']
['Enradi', 'Dodge Slash', 'Stagnant Air', 'Megidola', 'Null Fire']
['Enradi', 'Rakunda', 'Maragi', 'Stagnant Air', 'Null Fear']
['Enradi', 'Rakunda', 'Wind Amp', 'Sexy Dance', 'Magarula']
['Enradi', 'Mabufudyne', 'Wind Amp', 'Rakunda', 'Megidola']
['Rakunda', 'Panta Rhei', 'Enradi', 'Null Fire', 'Stagnant Air']
['Null Fear', 'Mabufudyne', 'Enradi', 'Maragi', 'Rakunda']
['Rakunda', 'Makarakarn', 'Enradi', 'Magarula', 'Maragi']
['Rakunda', 'Makarakarn', 'Maragi', 'Enradi', 'Magarula']
['Enradi', 'Stagnant Air', 'Rakunda', 'Makarakarn', 'Evil Smile']
['Enradi', 'Null Fear', 'Rakunda', 'Maragi', 'Maragidyne']
['Enradi', 'Stagnant Air', 'Makarakarn', 'Rakunda', 'Maragi']
['Enradi', 'Maragi', 'Rakunda', 'Stagnant Air', 'Wind Amp']
['Null Fire', 'Rakunda', 'Enradi', 'Evil Smile', 'Maragi']
['Enradi', 'Null Fire', 'Magarula', 'Stagnant Air', 'Null Fear']
['Wind Amp', 'Makarakarn', 'Enradi', 'Sexy Dance', 'Rakunda']
['Stagnant Air', 'Maragi', 'Enradi', 'Maragidyne', 'Rakunda']
['Enradi', 'Maragi', 'Megidola', 'Panta Rhei', 'Magarula']
['Dodge Slash', 'Enradi', 'Maragi', 'Rakunda', 'Makarakarn']
['Enradi', 'Rakunda', 'Makarakarn', 'Maragi', 'Stagnant Air']
['Rakunda', 'Enradi', 'Makarakarn', 'Panta Rhei', 'Mabufudyne']
['Rakunda', 'Enradi', 'Panta Rhei', 'Maragidyne', 'Stagnant Air']
['Makarakarn', 'Dodge Slash', 'Enradi', 'Maragi', 'Mabufudyne']
['Enradi', 'Makarakarn', 'Rakunda', 'Evil Smile', 'Wind Amp']
['Rakunda', 'Makarakarn', 'Enradi', 'Evil Smile', 'Apt Pupil']
['Enradi', 'Null Fire', 'Rakunda', 'Null Fear', 'Stagnant Air']
['Apt Pupil', 'Enradi', 'Rakunda', 'Mabufudyne', 'Makarakarn']
['Stagnant Air', 'Enradi', 'Magarula', 'Rakunda', 'Null Fire']
['Makarakarn', 'Enradi', 'Maragi', 'Stagnant Air', 'Wind Amp']
['Enradi', 'Wind Amp', 'Rakunda', 'Panta Rhei', 'Makarakarn']
['Enradi', 'Rakunda', 'Stagnant Air', 'Panta Rhei', 'Dodge Slash']
['Stagnant Air', 'Makarakarn', 'Enradi', 'Maragi', 'Mabufudyne']
['Enradi', 'Wind Amp', 'Null Fear', 'Rakunda', 'Magarula']
['Enradi', 'Null Fire', 'Stagnant Air', 'Rakunda', 'Maragi']
['Magarula', 'Enradi', 'Dodge Slash', 'Rakunda', 'Evil Smile']
['Rakunda', 'Null Fire', 'Enradi', 'Magarula', 'Makarakarn']
['Stagnant Air', 'Null Fear', 'Magarula', 'Maragi', 'Enradi']
['Rakunda', 'Enradi', 'Maragidyne', 'Dodge Slash', 'Makarakarn']
['Maragi', 'Null Fear', 'Enradi', 'Dodge Slash', 'Rakunda']
['Apt Pupil', 'Enradi', 'Wind Amp', 'Rakunda', 'Makarakarn']
['Megidola', 'Stagnant Air', 'Enradi', 'Rakunda', 'Dodge Slash']
['Null Fear', 'Enradi', 'Wind Amp', 'Rakunda', 'Stagnant Air']
['Rakunda', 'Enradi', 'Mabufudyne', 'Dodge Slash', 'Magarula']
['Enradi', 'Rakunda', 'Null Fear', 'Maragi', 'Makarakarn']
['Panta Rhei', 'Rakunda', 'Enradi', 'Maragi', 'Stagnant Air']
['Enradi', 'Panta Rhei', 'Null Fire', 'Stagnant Air', 'Rakunda']
['Rakunda', 'Maragi', 'Enradi', 'Stagnant Air', 'Makarakarn']
['Dodge Slash', 'Enradi', 'Wind Amp', 'Apt Pupil', 'Maragi']
['Null Fear', 'Stagnant Air', 'Sexy Dance', 'Makarakarn', 'Enradi']
['Dodge Slash', 'Enradi', 'Wind Amp', 'Megidola', 'Maragi']
['Enradi', 'Rakunda', 'Mabufudyne', 'Null Fear', 'Makarakarn']
['Mabufudyne', 'Rakunda', 'Stagnant Air', 'Apt Pupil', 'Enradi']
['Rakunda', 'Apt Pupil', 'Stagnant Air', 'Enradi', 'Maragidyne']
['Sexy Dance', 'Stagnant Air', 'Enradi', 'Panta Rhei', 'Wind Amp']
['Maragi', 'Enradi', 'Stagnant Air', 'Rakunda', 'Makarakarn']
['Enradi', 'Stagnant Air', 'Rakunda', 'Mabufudyne', 'Sexy Dance']
['Enradi', 'Sexy Dance', 'Null Fire', 'Rakunda', 'Wind Amp']
['Rakunda', 'Sexy Dance', 'Panta Rhei', 'Enradi', 'Makarakarn']
['Enradi', 'Stagnant Air', 'Makarakarn', 'Rakunda', 'Megidola']
['Maragi', 'Null Fear', 'Makarakarn', 'Enradi', 'Dodge Slash']
['Null Fear', 'Magarula', 'Rakunda', 'Megidola', 'Enradi']
['Wind Amp', 'Enradi', 'Rakunda', 'Mabufudyne', 'Megidola']
['Enradi', 'Null Fear', 'Mabufudyne', 'Megidola', 'Maragi']
['Wind Amp', 'Rakunda', 'Enradi', 'Dodge Slash', 'Makarakarn']
['Rakunda', 'Mabufudyne', 'Enradi', 'Makarakarn', 'Null Fire']
['Enradi', 'Maragi', 'Stagnant Air', 'Rakunda', 'Magarula']
['Rakunda', 'Enradi', 'Null Fear', 'Maragi', 'Panta Rhei']
['Rakunda', 'Enradi', 'Stagnant Air', 'Evil Smile', 'Null Fire']
['Enradi', 'Null Fire', 'Makarakarn', 'Maragi', 'Rakunda']
['Enradi', 'Rakunda', 'Stagnant Air', 'Megidola', 'Dodge Slash']
['Enradi', 'Rakunda', 'Maragi', 'Apt Pupil', 'Panta Rhei']
['Rakunda', 'Sexy Dance', 'Enradi', 'Makarakarn', 'Stagnant Air']
['Magarula', 'Evil Smile', 'Enradi', 'Rakunda', 'Null Fire']
['Rakunda', 'Apt Pupil', 'Enradi', 'Dodge Slash', 'Wind Amp']
['Rakunda', 'Wind Amp', 'Apt Pupil', 'Maragi', 'Enradi']
['Makarakarn', 'Mabufudyne', 'Rakunda', 'Wind Amp', 'Dodge Slash']
['Enradi', 'Rakunda', 'Dodge Slash', 'Null Fire', 'Makarakarn']
['Enradi', 'Stagnant Air', 'Mabufudyne', 'Wind Amp', 'Rakunda']
['Enradi', 'Sexy Dance', 'Rakunda', 'Dodge Slash', 'Null Fire']
['Magarula', 'Dodge Slash', 'Rakunda', 'Enradi', 'Makarakarn']
['Enradi', 'Magarula', 'Wind Amp', 'Rakunda', 'Null Fire']
['Enradi', 'Rakunda', 'Stagnant Air', 'Dodge Slash', 'Apt Pupil']
['Enradi', 'Rakunda', 'Panta Rhei', 'Mabufudyne', 'Magarula']
['Enradi', 'Panta Rhei', 'Rakunda', 'Makarakarn', 'Maragidyne']
['Enradi', 'Makarakarn', 'Panta Rhei', 'Rakunda', 'Null Fire']
['Enradi', 'Rakunda', 'Magarula', 'Maragi', 'Dodge Slash']
['Dodge Slash', 'Enradi', 'Maragi', 'Stagnant Air', 'Rakunda']
['Rakunda', 'Null Fire', 'Enradi', 'Maragi', 'Stagnant Air']
['Enradi', 'Dodge Slash', 'Maragi', 'Rakunda', 'Apt Pupil']
['Apt Pupil', 'Enradi', 'Dodge Slash', 'Stagnant Air', 'Null Fire']
['Enradi', 'Magarula', 'Maragi', 'Rakunda', 'Stagnant Air']
['Maragi', 'Enradi', 'Makarakarn', 'Rakunda', 'Apt Pupil']
['Enradi', 'Maragi', 'Stagnant Air', 'Apt Pupil', 'Rakunda']
['Enradi', 'Maragidyne', 'Makarakarn', 'Megidola', 'Maragi']
['Maragi', 'Rakunda', 'Enradi', 'Null Fear', 'Stagnant Air']
['Enradi', 'Rakunda', 'Apt Pupil', 'Magarula', 'Dodge Slash']
['Rakunda', 'Enradi', 'Null Fear', 'Dodge Slash', 'Stagnant Air']
['Enradi', 'Rakunda', 'Dodge Slash', 'Megidola', 'Magarula']
['Rakunda', 'Makarakarn', 'Megidola', 'Maragi', 'Enradi']
['Enradi', 'Wind Amp', 'Stagnant Air', 'Rakunda', 'Magarula']
['Makarakarn', 'Evil Smile', 'Rakunda', 'Enradi', 'Megidola']
['Rakunda', 'Enradi', 'Makarakarn', 'Null Fire', 'Maragi']
['Enradi', 'Megidola', 'Maragi', 'Null Fire', 'Magarula']
['Enradi', 'Rakunda', 'Stagnant Air', 'Dodge Slash', 'Mabufudyne']
['Enradi', 'Wind Amp', 'Rakunda', 'Maragi', 'Panta Rhei']
['Enradi', 'Maragi', 'Rakunda', 'Panta Rhei', 'Mabufudyne']
['Rakunda', 'Enradi', 'Maragi', 'Megidola', 'Apt Pupil']
['Panta Rhei', 'Makarakarn', 'Rakunda', 'Enradi', 'Null Fear']
['Enradi', 'Magarula', 'Dodge Slash', 'Maragi', 'Rakunda']
['Enradi', 'Rakunda', 'Maragi', 'Maragidyne', 'Magarula']
['Rakunda', 'Enradi', 'Null Fire', 'Maragidyne', 'Makarakarn']
['Enradi', 'Rakunda', 'Makarakarn', 'Maragi', 'Maragidyne']
['Enradi', 'Rakunda', 'Apt Pupil', 'Null Fire', 'Maragi']
['Rakunda', 'Enradi', 'Apt Pupil', 'Maragi', 'Megidola']
['Evil Smile', 'Enradi', 'Rakunda', 'Mabufudyne', 'Wind Amp']
['Enradi', 'Rakunda', 'Wind Amp', 'Maragi', 'Dodge Slash']
['Enradi', 'Rakunda', 'Dodge Slash', 'Maragidyne', 'Makarakarn']
['Rakunda', 'Enradi', 'Null Fear', 'Null Fire', 'Makarakarn']
['Rakunda', 'Enradi', 'Megidola', 'Sexy Dance', 'Wind Amp']
['Rakunda', 'Enradi', 'Makarakarn', 'Panta Rhei', 'Null Fire']
['Makarakarn', 'Null Fire', 'Maragidyne', 'Rakunda', 'Enradi']
['Rakunda', 'Null Fire', 'Enradi', 'Dodge Slash', 'Maragidyne']
['Rakunda', 'Enradi', 'Wind Amp', 'Makarakarn', 'Maragi']
['Enradi', 'Wind Amp', 'Magarula', 'Maragi', 'Dodge Slash']
['Makarakarn', 'Rakunda', 'Enradi', 'Null Fear', 'Dodge Slash']
['Maragi', 'Enradi', 'Megidola', 'Stagnant Air', 'Makarakarn']
['Makarakarn', 'Stagnant Air', 'Rakunda', 'Null Fire', 'Enradi']
['Rakunda', 'Panta Rhei', 'Maragi', 'Enradi', 'Dodge Slash']
['Null Fear', 'Enradi', 'Dodge Slash', 'Rakunda', 'Makarakarn']
['Enradi', 'Null Fear', 'Rakunda', 'Maragidyne', 'Sexy Dance']
['Wind Amp', 'Null Fear', 'Enradi', 'Dodge Slash', 'Null Fire']
['Maragi', 'Evil Smile', 'Null Fear', 'Apt Pupil', 'Enradi']
['Enradi', 'Dodge Slash', 'Apt Pupil', 'Makarakarn', 'Rakunda']
['Enradi', 'Maragi', 'Rakunda', 'Magarula', 'Panta Rhei']
['Megidola', 'Dodge Slash', 'Stagnant Air', 'Maragi', 'Enradi']
['Enradi', 'Makarakarn', 'Rakunda', 'Stagnant Air', 'Maragi']
['Rakunda', 'Apt Pupil', 'Enradi', 'Sexy Dance', 'Stagnant Air']
['Rakunda', 'Mabufudyne', 'Null Fear', 'Enradi', 'Maragidyne']
['Rakunda', 'Enradi', 'Null Fear', 'Maragi', 'Maragidyne']
['Enradi', 'Rakunda', 'Apt Pupil', 'Maragi', 'Stagnant Air']
['Enradi', 'Rakunda', 'Dodge Slash', 'Stagnant Air', 'Maragi']
['Enradi', 'Rakunda', 'Apt Pupil', 'Makarakarn', 'Wind Amp']
['Enradi', 'Rakunda', 'Stagnant Air', 'Evil Smile', 'Makarakarn']
['Enradi', 'Rakunda', 'Maragidyne', 'Apt Pupil', 'Null Fear']
['Enradi', 'Stagnant Air', 'Rakunda', 'Makarakarn', 'Megidola']
['Enradi', 'Rakunda', 'Mabufudyne', 'Makarakarn', 'Magarula']
['Maragidyne', 'Stagnant Air', 'Makarakarn', 'Enradi', 'Null Fire']
['Enradi', 'Null Fear', 'Null Fire', 'Rakunda', 'Makarakarn']
['Enradi', 'Rakunda', 'Wind Amp', 'Makarakarn', 'Maragidyne']
['Enradi', 'Makarakarn', 'Maragi', 'Wind Amp', 'Rakunda']
['Rakunda', 'Makarakarn', 'Enradi', 'Megidola', 'Magarula']
['Dodge Slash', 'Apt Pupil', 'Rakunda', 'Enradi', 'Makarakarn']
['Makarakarn', 'Enradi', 'Magarula', 'Stagnant Air', 'Dodge Slash']
['Makarakarn', 'Enradi', 'Dodge Slash', 'Wind Amp', 'Apt Pupil']
['Enradi', 'Rakunda', 'Wind Amp', 'Null Fire', 'Dodge Slash']
['Enradi', 'Apt Pupil', 'Maragi', 'Makarakarn', 'Rakunda']
['Null Fire', 'Enradi', 'Maragi', 'Rakunda', 'Makarakarn']
['Enradi', 'Apt Pupil', 'Rakunda', 'Maragi', 'Makarakarn']
['Makarakarn', 'Rakunda', 'Enradi', 'Wind Amp', 'Dodge Slash']
['Magarula', 'Rakunda', 'Maragidyne', 'Apt Pupil', 'Null Fire']
['Rakunda', 'Makarakarn', 'Enradi', 'Megidola', 'Wind Amp']
['Enradi', 'Rakunda', 'Evil Smile', 'Apt Pupil', 'Stagnant Air']
['Rakunda', 'Enradi', 'Panta Rhei', 'Maragi', 'Stagnant Air']
['Stagnant Air', 'Rakunda', 'Enradi', 'Maragi', 'Makarakarn']
['Enradi', 'Magarula', 'Maragidyne', 'Evil Smile', 'Rakunda']
['Rakunda', 'Enradi', 'Makarakarn', 'Null Fire', 'Maragidyne']
['Enradi', 'Maragi', 'Stagnant Air', 'Makarakarn', 'Magarula']
['Rakunda', 'Enradi', 'Null Fire', 'Magarula', 'Apt Pupil']
['Enradi', 'Magarula', 'Rakunda', 'Makarakarn', 'Maragi']
['Maragi', 'Enradi', 'Rakunda', 'Magarula', 'Dodge Slash']
['Enradi', 'Wind Amp', 'Rakunda', 'Maragi', 'Ghastly Wail']
['Rakunda', 'Enradi', 'Maragi', 'Evil Smile', 'Apt Pupil']
['Null Fear', 'Magarula', 'Rakunda', 'Stagnant Air', 'Apt Pupil']
['Rakunda', 'Enradi', 'Maragidyne', 'Stagnant Air', 'Megidola']
['Rakunda', 'Enradi', 'Makarakarn', 'Null Fire', 'Dodge Slash']
['Rakunda', 'Enradi', 'Maragi', 'Dodge Slash', 'Null Fire']
['Rakunda', 'Makarakarn', 'Maragi', 'Enradi', 'Apt Pupil']
['Enradi', 'Maragi', 'Rakunda', 'Wind Amp', 'Makarakarn']
['Maragidyne', 'Enradi', 'Rakunda', 'Ghastly Wail', 'Maragi']
['Rakunda', 'Enradi', 'Apt Pupil', 'Null Fear', 'Makarakarn']
['Rakunda', 'Null Fear', 'Wind Amp', 'Enradi', 'Megidola']
['Maragidyne', 'Null Fire', 'Maragi', 'Dodge Slash', 'Rakunda']
['Maragi', 'Rakunda', 'Enradi', 'Null Fire', 'Makarakarn']
['Rakunda', 'Dodge Slash', 'Megidola', 'Enradi', 'Makarakarn']
['Wind Amp', 'Enradi', 'Makarakarn', 'Megidola', 'Rakunda']
['Enradi', 'Ghastly Wail', 'Stagnant Air', 'Rakunda', 'Panta Rhei']
['Rakunda', 'Enradi', 'Null Fire', 'Dodge Slash', 'Maragidyne']
['Makarakarn', 'Enradi', 'Rakunda', 'Maragidyne', 'Magarula']
['Makarakarn', 'Enradi', 'Maragi', 'Maragidyne', 'Rakunda']
['Maragi', 'Enradi', 'Evil Smile', 'Rakunda', 'Mabufudyne']
['Enradi', 'Maragidyne', 'Rakunda', 'Makarakarn', 'Magarula']
['Enradi', 'Null Fear', 'Apt Pupil', 'Dodge Slash', 'Ghastly Wail']
['Enradi', 'Rakunda', 'Apt Pupil', 'Wind Amp', 'Stagnant Air']
['Enradi', 'Apt Pupil', 'Maragi', 'Rakunda', 'Stagnant Air']
['Rakunda', 'Maragi', 'Wind Amp', 'Enradi', 'Stagnant Air']
['Null Fire', 'Enradi', 'Megidola', 'Stagnant Air', 'Rakunda']
['Dodge Slash', 'Enradi', 'Null Fear', 'Maragidyne', 'Rakunda']
['Enradi', 'Maragidyne', 'Rakunda', 'Maragi', 'Dodge Slash']
['Enradi', 'Maragidyne', 'Rakunda', 'Wind Amp', 'Makarakarn']
['Rakunda', 'Stagnant Air', 'Enradi', 'Wind Amp', 'Null Fear']
['Apt Pupil', 'Mabufudyne', 'Enradi', 'Maragi', 'Null Fear']
['Rakunda', 'Mabufudyne', 'Enradi', 'Null Fire', 'Dodge Slash']
['Makarakarn', 'Panta Rhei', 'Dodge Slash', 'Enradi', 'Magarula']
['Enradi', 'Makarakarn', 'Apt Pupil', 'Null Fire', 'Rakunda']
['Dodge Slash', 'Maragi', 'Makarakarn', 'Enradi', 'Null Fire']
['Rakunda', 'Enradi', 'Wind Amp', 'Mabufudyne', 'Makarakarn']
['Stagnant Air', 'Enradi', 'Maragi', 'Rakunda', 'Maragidyne']
['Rakunda', 'Enradi', 'Apt Pupil', 'Stagnant Air', 'Makarakarn']
['Enradi', 'Rakunda', 'Apt Pupil', 'Maragi', 'Stagnant Air']
['Dodge Slash', 'Apt Pupil', 'Enradi', 'Null Fear', 'Panta Rhei']
['Enradi', 'Maragidyne', 'Rakunda', 'Panta Rhei', 'Null Fire']
['Enradi', 'Makarakarn', 'Sexy Dance', 'Rakunda', 'Null Fire']
['Enradi', 'Makarakarn', 'Rakunda', 'Magarula', 'Maragidyne']
['Evil Smile', 'Mabufudyne', 'Wind Amp', 'Maragi', 'Enradi']
['Magarula', 'Null Fear', 'Enradi', 'Panta Rhei', 'Rakunda']
['Enradi', 'Maragi', 'Rakunda', 'Makarakarn', 'Stagnant Air']
['Stagnant Air', 'Rakunda', 'Wind Amp', 'Maragidyne', 'Makarakarn']
['Enradi', 'Null Fear', 'Maragidyne', 'Makarakarn', 'Rakunda']
['Enradi', 'Maragi', 'Stagnant Air', 'Apt Pupil', 'Makarakarn']
['Enradi', 'Rakunda', 'Stagnant Air', 'Wind Amp', 'Megidola']
['Enradi', 'Makarakarn', 'Rakunda', 'Maragi', 'Magarula']
['Rakunda', 'Enradi', 'Stagnant Air', 'Null Fire', 'Wind Amp']
['Rakunda', 'Enradi', 'Megidola', 'Stagnant Air', 'Apt Pupil']
['Rakunda', 'Megidola', 'Enradi', 'Null Fear', 'Magarula']
['Maragi', 'Enradi', 'Apt Pupil', 'Rakunda', 'Evil Smile']
['Enradi', 'Maragi', 'Rakunda', 'Panta Rhei', 'Dodge Slash']
['Rakunda', 'Enradi', 'Panta Rhei', 'Null Fire', 'Stagnant Air']
['Rakunda', 'Sexy Dance', 'Null Fire', 'Enradi', 'Makarakarn']
['Enradi', 'Maragi', 'Rakunda', 'Magarula', 'Stagnant Air']
['Megidola', 'Enradi', 'Magarula', 'Rakunda', 'Panta Rhei']
['Enradi', 'Rakunda', 'Stagnant Air', 'Mabufudyne', 'Maragidyne']
['Enradi', 'Stagnant Air', 'Panta Rhei', 'Ghastly Wail', 'Apt Pupil']
['Rakunda', 'Magarula', 'Enradi', 'Maragi', 'Megidola']
['Makarakarn', 'Rakunda', 'Enradi', 'Dodge Slash', 'Apt Pupil']
['Maragi', 'Panta Rhei', 'Enradi', 'Apt Pupil', 'Dodge Slash']
['Rakunda', 'Magarula', 'Enradi', 'Wind Amp', 'Makarakarn']
['Rakunda', 'Enradi', 'Makarakarn', 'Null Fire', 'Apt Pupil']
['Rakunda', 'Null Fire', 'Maragi', 'Enradi', 'Makarakarn']
['Rakunda', 'Enradi', 'Mabufudyne', 'Wind Amp', 'Stagnant Air']
['Magarula', 'Stagnant Air', 'Enradi', 'Rakunda', 'Null Fire']
['Enradi', 'Maragidyne', 'Rakunda', 'Maragi', 'Mabufudyne']
['Enradi', 'Rakunda', 'Megidola', 'Makarakarn', 'Maragi']
['Dodge Slash', 'Enradi', 'Maragi', 'Rakunda', 'Makarakarn']
['Null Fire', 'Enradi', 'Megidola', 'Rakunda', 'Panta Rhei']
['Rakunda', 'Null Fire', 'Enradi', 'Stagnant Air', 'Wind Amp']
['Enradi', 'Rakunda', 'Maragi', 'Makarakarn', 'Dodge Slash']
['Wind Amp', 'Enradi', 'Stagnant Air', 'Null Fear', 'Mabufudyne']
['Dodge Slash', 'Makarakarn', 'Null Fire', 'Enradi', 'Rakunda']
['Stagnant Air', 'Rakunda', 'Wind Amp', 'Enradi', 'Maragidyne']
['Rakunda', 'Enradi', 'Dodge Slash', 'Sexy Dance', 'Stagnant Air']
['Megidola', 'Enradi', 'Wind Amp', 'Dodge Slash', 'Maragi']
['Enradi', 'Dodge Slash', 'Megidola', 'Rakunda', 'Makarakarn']
['Rakunda', 'Stagnant Air', 'Enradi', 'Mabufudyne', 'Maragidyne']
['Dodge Slash', 'Makarakarn', 'Rakunda', 'Enradi', 'Magarula']
['Null Fire', 'Panta Rhei', 'Rakunda', 'Makarakarn', 'Apt Pupil']
['Stagnant Air', 'Enradi', 'Megidola', 'Makarakarn', 'Rakunda']
['Dodge Slash', 'Stagnant Air', 'Enradi', 'Null Fear', 'Maragi']
['Enradi', 'Rakunda', 'Mabufudyne', 'Maragi', 'Makarakarn']
['Rakunda', 'Maragi', 'Enradi', 'Null Fear', 'Megidola']
['Stagnant Air', 'Enradi', 'Rakunda', 'Maragi', 'Null Fire']
['Enradi', 'Makarakarn', 'Rakunda', 'Maragi', 'Dodge Slash']
['Null Fire', 'Enradi', 'Maragi', 'Magarula', 'Rakunda']
['Magarula', 'Enradi', 'Makarakarn', 'Maragi', 'Dodge Slash']
['Wind Amp', 'Null Fear', 'Enradi', 'Makarakarn', 'Evil Smile']
['Enradi', 'Megidola', 'Null Fire', 'Evil Smile', 'Apt Pupil']
['Panta Rhei', 'Enradi', 'Rakunda', 'Makarakarn', 'Apt Pupil']
['Enradi', 'Rakunda', 'Mabufudyne', 'Dodge Slash', 'Null Fire']
['Enradi', 'Maragidyne', 'Magarula', 'Rakunda', 'Wind Amp']
['Enradi', 'Wind Amp', 'Rakunda', 'Maragidyne', 'Null Fire']
['Enradi', 'Makarakarn', 'Rakunda', 'Magarula', 'Maragidyne']
['Megidola', 'Enradi', 'Wind Amp', 'Mabufudyne', 'Rakunda']
['Rakunda', 'Enradi', 'Megidola', 'Apt Pupil', 'Stagnant Air']
['Rakunda', 'Enradi', 'Wind Amp', 'Apt Pupil', 'Stagnant Air']
['Enradi', 'Null Fire', 'Maragidyne', 'Maragi', 'Rakunda']
['Enradi', 'Maragidyne', 'Apt Pupil', 'Sexy Dance', 'Maragi']
['Enradi', 'Rakunda', 'Makarakarn', 'Maragi', 'Apt Pupil']
['Stagnant Air', 'Magarula', 'Enradi', 'Makarakarn', 'Rakunda']
['Enradi', 'Null Fear', 'Apt Pupil', 'Maragi', 'Rakunda']
['Rakunda', 'Maragi', 'Enradi', 'Makarakarn', 'Stagnant Air']
['Rakunda', 'Panta Rhei', 'Enradi', 'Null Fear', 'Dodge Slash']
['Magarula', 'Enradi', 'Apt Pupil', 'Dodge Slash', 'Wind Amp']
['Maragi', 'Rakunda', 'Enradi', 'Null Fear', 'Makarakarn']
['Enradi', 'Rakunda', 'Wind Amp', 'Maragi', 'Mabufudyne']
['Enradi', 'Magarula', 'Apt Pupil', 'Rakunda', 'Makarakarn']
['Rakunda', 'Panta Rhei', 'Stagnant Air', 'Enradi', 'Apt Pupil']
['Stagnant Air', 'Enradi', 'Rakunda', 'Magarula', 'Dodge Slash']
['Rakunda', 'Enradi', 'Stagnant Air', 'Maragi', 'Apt Pupil']
['Enradi', 'Null Fear', 'Makarakarn', 'Rakunda', 'Dodge Slash']
['Enradi', 'Rakunda', 'Maragi', 'Panta Rhei', 'Megidola']
['Apt Pupil', 'Rakunda', 'Enradi', 'Wind Amp', 'Megidola']
['Wind Amp', 'Magarula', 'Evil Smile', 'Enradi', 'Maragi']
['Megidola', 'Maragi', 'Null Fear', 'Makarakarn', 'Enradi']
['Null Fear', 'Rakunda', 'Evil Smile', 'Maragi', 'Enradi']
['Megidola', 'Mabufudyne', 'Stagnant Air', 'Enradi', 'Rakunda']
['Maragidyne', 'Null Fire', 'Enradi', 'Panta Rhei', 'Apt Pupil']
['Rakunda', 'Enradi', 'Wind Amp', 'Null Fear', 'Dodge Slash']
['Enradi', 'Stagnant Air', 'Rakunda', 'Wind Amp', 'Null Fire']
['Enradi', 'Makarakarn', 'Stagnant Air', 'Magarula', 'Rakunda']
['Enradi', 'Maragi', 'Null Fear', 'Makarakarn', 'Magarula']
['Maragi', 'Dodge Slash', 'Rakunda', 'Stagnant Air', 'Enradi']
['Maragi', 'Rakunda', 'Magarula', 'Enradi', 'Makarakarn']
['Wind Amp', 'Enradi', 'Rakunda', 'Makarakarn', 'Maragi']
['Rakunda', 'Enradi', 'Ghastly Wail', 'Maragi', 'Sexy Dance']
['Apt Pupil', 'Rakunda', 'Makarakarn', 'Enradi', 'Stagnant Air']
['Rakunda', 'Enradi', 'Stagnant Air', 'Null Fear', 'Maragidyne']
['Stagnant Air', 'Enradi', 'Dodge Slash', 'Makarakarn', 'Rakunda']
['Makarakarn', 'Rakunda', 'Maragi', 'Stagnant Air', 'Enradi']
['Rakunda', 'Enradi', 'Maragidyne', 'Stagnant Air', 'Apt Pupil']
['Rakunda', 'Makarakarn', 'Enradi', 'Sexy Dance', 'Wind Amp']
['Enradi', 'Rakunda', 'Makarakarn', 'Wind Amp', 'Maragi']
['Enradi', 'Rakunda', 'Evil Smile', 'Makarakarn', 'Apt Pupil']
['Null Fear', 'Dodge Slash', 'Rakunda', 'Enradi', 'Makarakarn']
['Enradi', 'Wind Amp', 'Dodge Slash', 'Rakunda', 'Maragi']
['Enradi', 'Rakunda', 'Stagnant Air', 'Dodge Slash', 'Apt Pupil']
['Enradi', 'Rakunda', 'Dodge Slash', 'Null Fear', 'Maragidyne']
['Enradi', 'Rakunda', 'Wind Amp', 'Maragidyne', 'Stagnant Air']
['Panta Rhei', 'Dodge Slash', 'Null Fear', 'Rakunda', 'Enradi']
['Apt Pupil', 'Rakunda', 'Enradi', 'Stagnant Air', 'Null Fear']
['Panta Rhei', 'Rakunda', 'Mabufudyne', 'Enradi', 'Makarakarn']
['Enradi', 'Rakunda', 'Dodge Slash', 'Sexy Dance', 'Mabufudyne']
['Enradi', 'Makarakarn', 'Maragi', 'Rakunda', 'Wind Amp']
['Null Fire', 'Stagnant Air', 'Magarula', 'Rakunda', 'Apt Pupil']
['Enradi', 'Mabufudyne', 'Magarula', 'Rakunda', 'Maragidyne']
['Rakunda', 'Enradi', 'Null Fire', 'Apt Pupil', 'Stagnant Air']
['Enradi', 'Rakunda', 'Maragi', 'Mabufudyne', 'Makarakarn']
['Maragidyne', 'Rakunda', 'Enradi', 'Sexy Dance', 'Maragi']
['Maragi', 'Enradi', 'Rakunda', 'Stagnant Air', 'Makarakarn']
['Enradi', 'Rakunda', 'Makarakarn', 'Null Fear', 'Stagnant Air']
['Enradi', 'Null Fear', 'Rakunda', 'Maragi', 'Null Fire']
['Wind Amp', 'Maragi', 'Dodge Slash', 'Enradi', 'Magarula']
['Rakunda', 'Magarula', 'Enradi', 'Sexy Dance', 'Maragi']
['Null Fire', 'Wind Amp', 'Makarakarn', 'Enradi', 'Rakunda']
['Enradi', 'Maragidyne', 'Makarakarn', 'Apt Pupil', 'Rakunda']
['Null Fear', 'Rakunda', 'Enradi', 'Makarakarn', 'Apt Pupil']
['Enradi', 'Rakunda', 'Maragidyne', 'Dodge Slash', 'Mabufudyne']
['Rakunda', 'Maragi', 'Enradi', 'Dodge Slash', 'Stagnant Air']
['Enradi', 'Rakunda', 'Maragi', 'Null Fear', 'Makarakarn']
['Maragidyne', 'Enradi', 'Null Fear', 'Rakunda', 'Wind Amp']
['Magarula', 'Enradi', 'Rakunda', 'Null Fire', 'Wind Amp']
