['Tarukaja', 'Marin Karin', 'Recarm', 'Patra', 'Sukukaja']
['Patra', 'Recarm', 'Megido', 'Auto-Sukukaja', 'Tarukaja']
['Marakunda', 'Auto-Sukukaja', 'Patra', 'Zio', 'Recarm']
['Sukukaja', 'Patra', 'Tarukaja', 'Recarm', 'Diarahan']
['Zio', 'Patra', 'Recarm', 'Sukukaja', 'Diarahan']
['Patra', 'Zio', 'Recarm', 'Tarukaja', 'Marakunda']
['Patra', 'Mabufu', 'Null Dark', 'Zio', 'Spirit Drain']
['Patra', 'Recarm', 'Zio', 'Diarahan', 'Auto-Tarukaja']
['Sukukaja', 'Patra', 'Diarahan', 'Recarm', 'Marakunda']
['Sukukaja', 'Tarukaja', 'Recarm', 'Null Dark', 'Diarahan']
['Patra', 'Diarahan', 'Tarukaja', 'Recarm', 'Marakunda']
['Patra', 'Auto-Tarukaja', 'Recarm', 'Sukukaja', 'Dodge Slash']
['Marakunda', 'Patra', 'Tarukaja', 'Zio', 'Recarm']
['Patra', 'Zio', 'Mabufu', 'Tarukaja', 'Recarm']
['Zio', 'Auto-Tarukaja', 'Recarm', 'Sukukaja', 'Patra']
['Diarahan', 'Marakunda', 'Tarukaja', 'Sukukaja', 'Spirit Drain']
['Recarm', 'Sukukaja', 'Patra', 'Auto-Sukukaja', 'Megido']
['Sukukaja', 'Patra', 'Marakunda', 'Tarukaja', 'Diarahan']
['Null Dark', 'Patra', 'Recarm', 'Sukukaja', 'Marakunda']
['Null Dark', 'Patra', 'Tarukaja', 'Auto-Tarukaja', 'Recarm']
['Patra', 'Tarukaja', 'Recarm', 'Evil Touch', 'Diarahan']
['Recarm', 'Tarukaja', 'Null Dark', 'Patra', 'Dodge Slash']
['Tarukaja', 'Patra', 'Recarm', 'Marakunda', 'Zio']
['Patra', 'Spirit Drain', 'Recarm', 'Sukukaja', 'Tarukaja']
['Patra', 'Auto-Tarukaja', 'Growth 3', 'Marakunda', 'Sukukaja']
['Tarukaja', 'Patra', 'Recarm', 'Diarahan', 'Zio']
['Growth 3', 'Patra', 'Tarukaja', 'Dodge Slash', 'Auto-Sukukaja']
['Patra', 'Auto-Sukukaja', 'Recarm', 'Diarahan', 'Auto-Tarukaja']
['Recarm', 'Patra', 'Auto-Sukukaja', 'Auto-Tarukaja', 'Diarahan']
['Tarukaja', 'Patra', 'Recarm', 'Sukukaja', 'Marakunda']
['Patra', 'Tarukaja', 'Null Dark', 'Recarm', 'Marakunda']
['Mabufu', 'Recarm', 'Patra', 'Tarukaja', 'Sukukaja']
['Tarukaja', 'Patra', 'Recarm', 'Sukukaja', 'Diarahan']
['Patra', 'Diarahan', 'Recarm', 'Tarukaja', 'Megido']
['Patra', 'Zio', 'Marin Karin', 'Sukukaja', 'Diarahan']
['Patra', 'Tarukaja', 'Sukukaja', 'Null Dark', 'Diarahan']
['Recarm', 'Tarukaja', 'Repel Dark', 'Patra', 'Sukukaja']
['Patra', 'Marakunda', 'Diarahan', 'Recarm', 'Tarukaja']
['Patra', 'Sukukaja', 'Marakunda', 'Tarukaja', 'Zio']
['Diarahan', 'Patra', 'Spirit Drain', 'Recarm', 'Auto-Sukukaja']
['Patra', 'Tarukaja', 'Sukukaja', 'Null Dark', 'Recarm']
['Tarukaja', 'Recarm', 'Patra', 'Diarahan', 'Megido']
['Patra', 'Dodge Slash', 'Growth 3', 'Sukukaja', 'Auto-Sukukaja']
['Tarukaja', 'Null Dark', 'Patra', 'Sukukaja', 'Diarahan']
['Patra', 'Recarm', 'Diarahan', 'Sukukaja', 'Zio']
['Patra', 'Recarm', 'Mabufu', 'Sukukaja', 'Tarukaja']
['Patra', 'Diarahan', 'Null Dark', 'Tarukaja', 'Recarm']
['Auto-Sukukaja', 'Patra', 'Sukukaja', 'Zio', 'Diarahan']
['Tarukaja', 'Zio', 'Patra', 'Marakunda', 'Mabufu']
['Sukukaja', 'Diarahan', 'Tarukaja', 'Zio', 'Patra']
['Dodge Slash', 'Tarukaja', 'Diarahan', 'Patra', 'Recarm']
['Zio', 'Recarm', 'Patra', 'Mabufu', 'Evil Touch']
['Patra', 'Tarukaja', 'Zio', 'Diarahan', 'Evil Touch']
['Megido', 'Patra', 'Zio', 'Recarm', 'Growth 3']
['Tarukaja', 'Patra', 'Recarm', 'Mabufu', 'Sukukaja']
['Patra', 'Recarm', 'Auto-Tarukaja', 'Zio', 'Tarukaja']
['Tarukaja', 'Patra', 'Zio', 'Marakunda', 'Diarahan']
['Patra', 'Zio', 'Recarm', 'Marakunda', 'Tarukaja']
['Recarm', 'Zio', 'Marakunda', 'Mabufu', 'Patra']
['Patra', 'Null Dark', 'Zio', 'Dodge Slash', 'Samsara']
['Patra', 'Zio', 'Sukukaja', 'Spirit Drain', 'Marakunda']
['Mabufu', 'Patra', 'Tarukaja', 'Diarahan', 'Marakunda']
['Mabufu', 'Patra', 'Spirit Drain', 'Marakunda', 'Diarahan']
['Marakunda', 'Auto-Tarukaja', 'Tarukaja', 'Patra', 'Recarm']
['Growth 3', 'Patra', 'Diarahan', 'Sukukaja', 'Mabufu']
['Tarukaja', 'Patra', 'Megido', 'Recarm', 'Diarahan']
['Sukukaja', 'Growth 3', 'Recarm', 'Patra', 'Repel Dark']
['Patra', 'Mabufu', 'Tarukaja', 'Auto-Tarukaja', 'Sukukaja']
['Patra', 'Auto-Tarukaja', 'Diarahan', 'Zio', 'Sukukaja']
['Zio', 'Patra', 'Auto-Tarukaja', 'Tarukaja', 'Sukukaja']
['Diarahan', 'Spirit Drain', 'Patra', 'Zio', 'Tarukaja']
['Patra', 'Diarahan', 'Marakunda', 'Mabufu', 'Recarm']
['Patra', 'Sukukaja', 'Tarukaja', 'Marakunda', 'Spirit Drain']
['Diarahan', 'Patra', 'Sukukaja', 'Auto-Tarukaja', 'Marakunda']
['Tarukaja', 'Growth 3', 'Patra', 'Recarm', 'Zio']
['Sukukaja', 'Patra', 'Mabufu', 'Diarahan', 'Tarukaja']
['Zio', 'Patra', 'Null Dark', 'Spirit Drain', 'Mabufu']
['Tarukaja', 'Zio', 'Recarm', 'Mabufu', 'Patra']
['Repel Dark', 'Recarm', 'Patra', 'Zio', 'Sukukaja']
['Zio', 'Growth 3', 'Patra', 'Tarukaja', 'Recarm']
['Recarm', 'Patra', 'Growth 3', 'Marakunda', 'Zio']
['Patra', 'Diarahan', 'Marakunda', 'Tarukaja', 'Sukukaja']
['Patra', 'Recarm', 'Marakunda', 'Sukukaja', 'Null Dark']
['Patra', 'Tarukaja', 'Marakunda', 'Growth 3', 'Sukukaja']
['Patra', 'Tarukaja', 'Diarahan', 'Sukukaja', 'Recarm']
['Marakunda', 'Patra', 'Auto-Sukukaja', 'Tarukaja', 'Recarm']
['Sukukaja', 'Patra', 'Zio', 'Mabufu', 'Recarm']
['Patra', 'Diarahan', 'Tarukaja', 'Dodge Slash', 'Megido']
['Patra', 'Marakunda', 'Diarahan', 'Sukukaja', 'Dodge Slash']
['Growth 3', 'Patra', 'Sukukaja', 'Auto-Sukukaja', 'Recarm']
['Marakunda', 'Dodge Slash', 'Patra', 'Sukukaja', 'Spirit Drain']
['Tarukaja', 'Patra', 'Mabufu', 'Zio', 'Spirit Drain']
['Recarm', 'Growth 3', 'Patra', 'Null Dark', 'Diarahan']
['Sukukaja', 'Patra', 'Tarukaja', 'Recarm', 'Marakunda']
['Patra', 'Auto-Tarukaja', 'Sukukaja', 'Diarahan', 'Marakunda']
['Zio', 'Patra', 'Marakunda', 'Growth 3', 'Tarukaja']
['Patra', 'Zio', 'Samsara', 'Growth 3', 'Tarukaja']
['Marin Karin', 'Patra', 'Tarukaja', 'Marakunda', 'Diarahan']
['Patra', 'Marakunda', 'Sukukaja', 'Auto-Tarukaja', 'Diarahan']
['Diarahan', 'Marakunda', 'Tarukaja', 'Patra', 'Sukukaja']
['Patra', 'Tarukaja', 'Recarm', 'Diarahan', 'Spirit Drain']
['Sukukaja', 'Patra', 'Spirit Drain', 'Diarahan', 'Auto-Tarukaja']
['Patra', 'Recarm', 'Sukukaja', 'Zio', 'Diarahan']
['Patra', 'Diarahan', 'Zio', 'Marakunda', 'Spirit Drain']
['Recarm', 'Patra', 'Diarahan', 'Auto-Sukukaja', 'Sukukaja']
['Tarukaja', 'Patra', 'Sukukaja', 'Zio', 'Recarm']
['Patra', 'Tarukaja', 'Diarahan', 'Auto-Tarukaja', 'Marin Karin']
['Patra', 'Sukukaja', 'Auto-Sukukaja', 'Diarahan', 'Zio']
['Tarukaja', 'Diarahan', 'Auto-Sukukaja', 'Patra', 'Sukukaja']
['Marakunda', 'Recarm', 'Zio', 'Patra', 'Sukukaja']
['Patra', 'Tarukaja', 'Recarm', 'Auto-Tarukaja', 'Diarahan']
['Patra', 'Tarukaja', 'Dodge Slash', 'Recarm', 'Sukukaja']
['Zio', 'Patra', 'Auto-Tarukaja', 'Tarukaja', 'Dodge Slash']
['Sukukaja', 'Patra', 'Null Dark', 'Recarm', 'Repel Dark']
['Patra', 'Zio', 'Sukukaja', 'Tarukaja', 'Recarm']
['Sukukaja', 'Auto-Sukukaja', 'Patra', 'Tarukaja', 'Mabufu']
['Megido', 'Sukukaja', 'Recarm', 'Marakunda', 'Tarukaja']
['Recarm', 'Marakunda', 'Patra', 'Diarahan', 'Dodge Slash']
['Recarm', 'Tarukaja', 'Patra', 'Spirit Drain', 'Growth 3']
['Sukukaja', 'Tarukaja', 'Zio', 'Diarahan', 'Patra']
['Recarm', 'Diarahan', 'Auto-Tarukaja', 'Patra', 'Marakunda']
['Patra', 'Marakunda', 'Diarahan', 'Sukukaja', 'Dodge Slash']
['Marakunda', 'Recarm', 'Tarukaja', 'Patra', 'Growth 3']
['Marakunda', 'Patra', 'Diarahan', 'Tarukaja', 'Recarm']
['Diarahan', 'Sukukaja', 'Patra', 'Recarm', 'Auto-Tarukaja']
['Patra', 'Mabufu', 'Diarahan', 'Recarm', 'Zio']
['Diarahan', 'Mabufu', 'Tarukaja', 'Sukukaja', 'Patra']
['Tarukaja', 'Patra', 'Diarahan', 'Mabufu', 'Marakunda']
['Zio', 'Recarm', 'Patra', 'Diarahan', 'Tarukaja']
['Recarm', 'Repel Dark', 'Patra', 'Tarukaja', 'Marakunda']
['Patra', 'Tarukaja', 'Recarm', 'Sukukaja', 'Marakunda']
['Recarm', 'Patra', 'Evil Touch', 'Zio', 'Tarukaja']
['Marakunda', 'Patra', 'Sukukaja', 'Auto-Sukukaja', 'Tarukaja']
['Recarm', 'Patra', 'Zio', 'Diarahan', 'Auto-Sukukaja']
['Sukukaja', 'Recarm', 'Patra', 'Marakunda', 'Dodge Slash']
['Patra', 'Spirit Drain', 'Recarm', 'Sukukaja', 'Tarukaja']
['Tarukaja', 'Marakunda', 'Patra', 'Auto-Sukukaja', 'Recarm']
['Recarm', 'Patra', 'Null Dark', 'Sukukaja', 'Auto-Sukukaja']
['Diarahan', 'Auto-Sukukaja', 'Recarm', 'Tarukaja', 'Patra']
['Sukukaja', 'Patra', 'Marakunda', 'Diarahan', 'Tarukaja']
['Patra', 'Marakunda', 'Sukukaja', 'Spirit Drain', 'Recarm']
['Patra', 'Recarm', 'Sukukaja', 'Tarukaja', 'Mabufu']
['Sukukaja', 'Recarm', 'Patra', 'Spirit Drain', 'Mabufu']
['Marakunda', 'Diarahan', 'Sukukaja', 'Tarukaja', 'Patra']
['Patra', 'Diarahan', 'Sukukaja', 'Recarm', 'Tarukaja']
['Tarukaja', 'Evil Touch', 'Patra', 'Sukukaja', 'Dodge Slash']
['Patra', 'Zio', 'Marakunda', 'Tarukaja', 'Diarahan']
['Patra', 'Sukukaja', 'Recarm', 'Tarukaja', 'Diarahan']
['Marakunda', 'Patra', 'Tarukaja', 'Mabufu', 'Dodge Slash']
['Patra', 'Diarahan', 'Recarm', 'Zio', 'Tarukaja']
['Patra', 'Recarm', 'Dodge Slash', 'Sukukaja', 'Marakunda']
['Patra', 'Sukukaja', 'Tarukaja', 'Recarm', 'Growth 3']
['Patra', 'Sukukaja', 'Tarukaja', 'Recarm', 'Zio']
['Patra', 'Marakunda', 'Diarahan', 'Recarm', 'Sukukaja']
['Spirit Drain', 'Recarm', 'Patra', 'Sukukaja', 'Mabufu']
['Patra', 'Zio', 'Marakunda', 'Sukukaja', 'Diarahan']
['Patra', 'Diarahan', 'Sukukaja', 'Tarukaja', 'Recarm']
['Recarm', 'Tarukaja', 'Sukukaja', 'Diarahan', 'Patra']
['Patra', 'Tarukaja', 'Diarahan', 'Recarm', 'Sukukaja']
['Patra', 'Diarahan', 'Mabufu', 'Tarukaja', 'Sukukaja']
['Sukukaja', 'Tarukaja', 'Auto-Tarukaja', 'Diarahan', 'Dodge Slash']
['Spirit Drain', 'Recarm', 'Patra', 'Mabufu', 'Diarahan']
['Zio', 'Recarm', 'Diarahan', 'Patra', 'Sukukaja']
['Patra', 'Megido', 'Tarukaja', 'Recarm', 'Mabufu']
['Patra', 'Zio', 'Recarm', 'Marakunda', 'Tarukaja']
['Diarahan', 'Dodge Slash', 'Patra', 'Growth 3', 'Mabufu']
['Recarm', 'Tarukaja', 'Patra', 'Sukukaja', 'Auto-Tarukaja']
['Recarm', 'Diarahan', 'Tarukaja', 'Marakunda', 'Zio']
['Sukukaja', 'Tarukaja', 'Patra', 'Zio', 'Dodge Slash']
['Patra', 'Recarm', 'Sukukaja', 'Marakunda', 'Auto-Sukukaja']
['Recarm', 'Marakunda', 'Sukukaja', 'Megido', 'Patra']
['Patra', 'Recarm', 'Sukukaja', 'Diarahan', 'Dodge Slash']
['Marakunda', 'Recarm', 'Patra', 'Sukukaja', 'Tarukaja']
['Recarm', 'Patra', 'Tarukaja', 'Marakunda', 'Diarahan']
['Zio', 'Tarukaja', 'Patra', 'Sukukaja', 'Marakunda']
['Zio', 'Patra', 'Marakunda', 'Auto-Tarukaja', 'Sukukaja']
['Diarahan', 'Patra', 'Dodge Slash', 'Mabufu', 'Marakunda']
['Patra', 'Tarukaja', 'Spirit Drain', 'Recarm', 'Diarahan']
['Auto-Sukukaja', 'Tarukaja', 'Patra', 'Mabufu', 'Recarm']
['Patra', 'Marakunda', 'Spirit Drain', 'Sukukaja', 'Tarukaja']
['Sukukaja', 'Patra', 'Diarahan', 'Zio', 'Null Dark']
['Tarukaja', 'Patra', 'Auto-Sukukaja', 'Zio', 'Sukukaja']
['Sukukaja', 'Patra', 'Dodge Slash', 'Diarahan', 'Tarukaja']
['Dodge Slash', 'Sukukaja', 'Patra', 'Tarukaja', 'Auto-Tarukaja']
['Megido', 'Sukukaja', 'Spirit Drain', 'Marakunda', 'Auto-Tarukaja']
['Dodge Slash', 'Patra', 'Sukukaja', 'Zio', 'Marakunda']
['Patra', 'Dodge Slash', 'Diarahan', 'Recarm', 'Auto-Sukukaja']
['Zio', 'Patra', 'Recarm', 'Sukukaja', 'Auto-Sukukaja']
['Marakunda', 'Zio', 'Tarukaja', 'Patra', 'Growth 3']
['Tarukaja', 'Marakunda', 'Growth 3', 'Patra', 'Diarahan']
['Mabufu', 'Patra', 'Repel Dark', 'Diarahan', 'Marakunda']
['Auto-Tarukaja', 'Tarukaja', 'Patra', 'Zio', 'Marin Karin']
['Patra', 'Tarukaja', 'Zio', 'Recarm', 'Auto-Tarukaja']
['Patra', 'Recarm', 'Tarukaja', 'Diarahan', 'Spirit Drain']
['Auto-Sukukaja', 'Patra', 'Tarukaja', 'Dodge Slash', 'Sukukaja']
['Tarukaja', 'Patra', 'Megido', 'Null Dark', 'Zio']
['Recarm', 'Patra', 'Diarahan', 'Tarukaja', 'Zio']
['Spirit Drain', 'Patra', 'Growth 3', 'Auto-Tarukaja', 'Auto-Sukukaja']
['Patra', 'Auto-Sukukaja', 'Recarm', 'Tarukaja', 'Sukukaja']
['Sukukaja', 'Dodge Slash', 'Recarm', 'Marakunda', 'Null Dark']
['Patra', 'Recarm', 'Sukukaja', 'Zio', 'Tarukaja']
['Patra', 'Sukukaja', 'Recarm', 'Diarahan', 'Zio']
['Patra', 'Recarm', 'Tarukaja', 'Marakunda', 'Sukukaja']
['Recarm', 'Tarukaja', 'Patra', 'Diarahan', 'Zio']
['Patra', 'Spirit Drain', 'Growth 3', 'Recarm', 'Sukukaja']
['Patra', 'Recarm', 'Tarukaja', 'Sukukaja', 'Spirit Drain']
['Auto-Sukukaja', 'Sukukaja', 'Tarukaja', 'Recarm', 'Patra']
['Diarahan', 'Patra', 'Auto-Tarukaja', 'Spirit Drain', 'Sukukaja']
['Marakunda', 'Diarahan', 'Recarm', 'Patra', 'Zio']
['Patra', 'Recarm', 'Diarahan', 'Sukukaja', 'Marakunda']
['Tarukaja', 'Patra', 'Marakunda', 'Diarahan', 'Mabufu']
['Marakunda', 'Tarukaja', 'Patra', 'Zio', 'Mabufu']
['Sukukaja', 'Patra', 'Zio', 'Marakunda', 'Recarm']
['Recarm', 'Diarahan', 'Marakunda', 'Dodge Slash', 'Patra']
['Patra', 'Recarm', 'Diarahan', 'Marakunda', 'Tarukaja']
['Zio', 'Patra', 'Dodge Slash', 'Recarm', 'Sukukaja']
['Marakunda', 'Diarahan', 'Sukukaja', 'Recarm', 'Patra']
['Patra', 'Diarahan', 'Sukukaja', 'Zio', 'Recarm']
['Recarm', 'Patra', 'Marakunda', 'Dodge Slash', 'Tarukaja']
['Patra', 'Marakunda', 'Recarm', 'Diarahan', 'Sukukaja']
['Tarukaja', 'Sukukaja', 'Recarm', 'Patra', 'Null Dark']
['Patra', 'Sukukaja', 'Diarahan', 'Tarukaja', 'Marakunda']
['Patra', 'Tarukaja', 'Diarahan', 'Zio', 'Recarm']
['Patra', 'Mabufu', 'Growth 3', 'Marakunda', 'Diarahan']
['Diarahan', 'Recarm', 'Spirit Drain', 'Sukukaja', 'Zio']
['Tarukaja', 'Patra', 'Zio', 'Repel Dark', 'Sukukaja']
['Sukukaja', 'Patra', 'Tarukaja', 'Auto-Tarukaja', 'Diarahan']
['Recarm', 'Sukukaja', 'Marakunda', 'Patra', 'Zio']
['Tarukaja', 'Marin Karin', 'Zio', 'Sukukaja', 'Patra']
['Tarukaja', 'Patra', 'Auto-Tarukaja', 'Diarahan', 'Mabufu']
['Recarm', 'Patra', 'Tarukaja', 'Sukukaja', 'Marakunda']
['Recarm', 'Patra', 'Tarukaja', 'Sukukaja', 'Marakunda']
['Megido', 'Patra', 'Zio', 'Recarm', 'Tarukaja']
['Patra', 'Marakunda', 'Recarm', 'Repel Dark', 'Zio']
['Patra', 'Recarm', 'Sukukaja', 'Tarukaja', 'Auto-Sukukaja']
['Marakunda', 'Diarahan', 'Patra', 'Tarukaja', 'Zio']
['Zio', 'Recarm', 'Patra', 'Spirit Drain', 'Tarukaja']
['Patra', 'Sukukaja', 'Recarm', 'Growth 3', 'Auto-Tarukaja']
['Tarukaja', 'Diarahan', 'Recarm', 'Patra', 'Sukukaja']
['Patra', 'Dodge Slash', 'Tarukaja', 'Diarahan', 'Recarm']
['Patra', 'Recarm', 'Sukukaja', 'Marakunda', 'Zio']
['Sukukaja', 'Zio', 'Recarm', 'Diarahan', 'Patra']
['Sukukaja', 'Patra', 'Diarahan', 'Growth 3', 'Zio']
['Recarm', 'Patra', 'Tarukaja', 'Marin Karin', 'Diarahan']
['Patra', 'Tarukaja', 'Diarahan', 'Marakunda', 'Zio']
['Diarahan', 'Zio', 'Patra', 'Tarukaja', 'Recarm']
['Null Dark', 'Diarahan', 'Spirit Drain', 'Patra', 'Mabufu']
['Growth 3', 'Patra', 'Marakunda', 'Diarahan', 'Tarukaja']
['Recarm', 'Tarukaja', 'Diarahan', 'Patra', 'Auto-Tarukaja']
['Sukukaja', 'Recarm', 'Tarukaja', 'Marakunda', 'Spirit Drain']
['Tarukaja', 'Patra', 'Spirit Drain', 'Sukukaja', 'Recarm']
['Recarm', 'Dodge Slash', 'Tarukaja', 'Patra', 'Mabufu']
['Tarukaja', 'Patra', 'Diarahan', 'Marakunda', 'Null Dark']
['Patra', 'Marin Karin', 'Tarukaja', 'Sukukaja', 'Recarm']
['Diarahan', 'Patra', 'Sukukaja', 'Tarukaja', 'Marakunda']
['Patra', 'Tarukaja', 'Sukukaja', 'Diarahan', 'Growth 3']
['Marakunda', 'Patra', 'Dodge Slash', 'Recarm', 'Zio']
['Tarukaja', 'Patra', 'Diarahan', 'Sukukaja', 'Marakunda']
['Marakunda', 'Patra', 'Zio', 'Marin Karin', 'Evil Touch']
['Sukukaja', 'Patra', 'Tarukaja', 'Recarm', 'Null Dark']
['Patra', 'Diarahan', 'Recarm', 'Zio', 'Growth 3']
['Patra', 'Megido', 'Mabufu', 'Diarahan', 'Auto-Sukukaja']
['Marakunda', 'Tarukaja', 'Patra', 'Recarm', 'Sukukaja']
['Patra', 'Tarukaja', 'Spirit Drain', 'Recarm', 'Diarahan']
['Patra', 'Tarukaja', 'Recarm', 'Zio', 'Auto-Tarukaja']
['Patra', 'Diarahan', 'Sukukaja', 'Evil Touch', 'Tarukaja']
['Patra', 'Mabufu', 'Diarahan', 'Tarukaja', 'Sukukaja']
['Marakunda', 'Patra', 'Recarm', 'Tarukaja', 'Mabufu']
['Patra', 'Recarm', 'Mabufu', 'Diarahan', 'Marakunda']
['Marin Karin', 'Patra', 'Diarahan', 'Tarukaja', 'Megido']
['Patra', 'Mabufu', 'Diarahan', 'Recarm', 'Sukukaja']
['Tarukaja', 'Marakunda', 'Patra', 'Recarm', 'Diarahan']
['Null Dark', 'Patra', 'Marakunda', 'Sukukaja', 'Diarahan']
['Tarukaja', 'Patra', 'Marakunda', 'Mabufu', 'Sukukaja']
['Patra', 'Recarm', 'Auto-Tarukaja', 'Diarahan', 'Zio']
['Recarm', 'Sukukaja', 'Patra', 'Marin Karin', 'Megido']
['Diarahan', 'Patra', 'Sukukaja', 'Recarm', 'Tarukaja']
['Recarm', 'Patra', 'Diarahan', 'Zio', 'Sukukaja']
['Tarukaja', 'Patra', 'Recarm', 'Diarahan', 'Sukukaja']
['Patra', 'Marakunda', 'Zio', 'Recarm', 'Growth 3']
['Sukukaja', 'Tarukaja', 'Patra', 'Diarahan', 'Auto-Sukukaja']
['Patra', 'Recarm', 'Diarahan', 'Zio', 'Sukukaja']
['Marakunda', 'Recarm', 'Tarukaja', 'Patra', 'Diarahan']
['Marakunda', 'Patra', 'Recarm', 'Sukukaja', 'Tarukaja']
['Patra', 'Recarm', 'Samsara', 'Tarukaja', 'Sukukaja']
['Patra', 'Dodge Slash', 'Sukukaja', 'Tarukaja', 'Auto-Tarukaja']
['Patra', 'Growth 3', 'Zio', 'Sukukaja', 'Tarukaja']
['Tarukaja', 'Patra', 'Sukukaja', 'Mabufu', 'Recarm']
['Tarukaja', 'Patra', 'Recarm', 'Auto-Tarukaja', 'Zio']
['Tarukaja', 'Mabufu', 'Zio', 'Patra', 'Sukukaja']
['Diarahan', 'Patra', 'Tarukaja', 'Null Dark', 'Marin Karin']
['Patra', 'Sukukaja', 'Diarahan', 'Zio', 'Tarukaja']
['Diarahan', 'Tarukaja', 'Recarm', 'Mabufu', 'Patra']
['Patra', 'Evil Touch', 'Auto-Sukukaja', 'Growth 3', 'Recarm']
['Patra', 'Auto-Tarukaja', 'Megido', 'Recarm', 'Spirit Drain']
['Patra', 'Sukukaja', 'Zio', 'Tarukaja', 'Repel Dark']
['Patra', 'Tarukaja', 'Repel Dark', 'Mabufu', 'Sukukaja']
['Tarukaja', 'Zio', 'Repel Dark', 'Auto-Tarukaja', 'Patra']
['Patra', 'Sukukaja', 'Tarukaja', 'Null Dark', 'Marakunda']
['Tarukaja', 'Sukukaja', 'Spirit Drain', 'Recarm', 'Patra']
['Recarm', 'Sukukaja', 'Patra', 'Tarukaja', 'Mabufu']
['Patra', 'Tarukaja', 'Sukukaja', 'Zio', 'Diarahan']
['Sukukaja', 'Patra', 'Tarukaja', 'Auto-Tarukaja', 'Auto-Sukukaja']
['Diarahan', 'Tarukaja', 'Patra', 'Recarm', 'Sukukaja']
['Recarm', 'Patra', 'Diarahan', 'Sukukaja', 'Mabufu']
['Patra', 'Sukukaja', 'Megido', 'Marakunda', 'Diarahan']
['Patra', 'Marakunda', 'Sukukaja', 'Dodge Slash', 'Diarahan']
['Patra', 'Recarm', 'Sukukaja', 'Megido', 'Tarukaja']
['Mabufu', 'Tarukaja', 'Recarm', 'Patra', 'Diarahan']
['Patra', 'Sukukaja', 'Auto-Sukukaja', 'Marakunda', 'Recarm']
['Sukukaja', 'Tarukaja', 'Patra', 'Auto-Tarukaja', 'Diarahan']
['Patra', 'Diarahan', 'Tarukaja', 'Marakunda', 'Mabufu']
['Diarahan', 'Marakunda', 'Recarm', 'Patra', 'Tarukaja']
['Patra', 'Sukukaja', 'Tarukaja', 'Marakunda', 'Diarahan']
['Sukukaja', 'Patra', 'Recarm', 'Auto-Tarukaja', 'Zio']
['Patra', 'Diarahan', 'Sukukaja', 'Mabufu', 'Auto-Sukukaja']
['Patra', 'Sukukaja', 'Recarm', 'Tarukaja', 'Zio']
['Patra', 'Sukukaja', 'Recarm', 'Diarahan', 'Zio']
['Patra', 'Tarukaja', 'Zio', 'Diarahan', 'Sukukaja']
['Tarukaja', 'Zio', 'Sukukaja', 'Patra', 'Dodge Slash']
['Diarahan', 'Patra', 'Dodge Slash', 'Marakunda', 'Sukukaja']
['Zio', 'Auto-Sukukaja', 'Patra', 'Recarm', 'Tarukaja']
['Marakunda', 'Tarukaja', 'Patra', 'Megido', 'Diarahan']
['Recarm', 'Patra', 'Tarukaja', 'Sukukaja', 'Spirit Drain']
['Diarahan', 'Patra', 'Auto-Sukukaja', 'Zio', 'Marakunda']
['Patra', 'Zio', 'Tarukaja', 'Recarm', 'Sukukaja']
['Patra', 'Recarm', 'Diarahan', 'Sukukaja', 'Tarukaja']
['Patra', 'Tarukaja', 'Sukukaja', 'Recarm', 'Growth 3']
['Patra', 'Diarahan', 'Mabufu', 'Tarukaja', 'Sukukaja']
['Repel Dark', 'Patra', 'Auto-Sukukaja', 'Sukukaja', 'Diarahan']
['Sukukaja', 'Auto-Sukukaja', 'Zio', 'Tarukaja', 'Patra']
['Patra', 'Sukukaja', 'Recarm', 'Tarukaja', 'Diarahan']
['Patra', 'Tarukaja', 'Zio', 'Recarm', 'Diarahan']
['Tarukaja', 'Recarm', 'Patra', 'Auto-Sukukaja', 'Marakunda']
['Patra', 'Tarukaja', 'Zio', 'Growth 3', 'Recarm']
['Dodge Slash', 'Patra', 'Auto-Sukukaja', 'Sukukaja', 'Recarm']
['Recarm', 'Diarahan', 'Dodge Slash', 'Zio', 'Sukukaja']
['Tarukaja', 'Marakunda', 'Recarm', 'Patra', 'Diarahan']
['Patra', 'Sukukaja', 'Recarm', 'Growth 3', 'Megido']
['Patra', 'Tarukaja', 'Mabufu', 'Marakunda', 'Sukukaja']
['Patra', 'Tarukaja', 'Dodge Slash', 'Recarm', 'Growth 3']
['Spirit Drain', 'Recarm', 'Patra', 'Marakunda', 'Growth 3']
['Sukukaja', 'Patra', 'Auto-Sukukaja', 'Recarm', 'Mabufu']
['Tarukaja', 'Auto-Tarukaja', 'Patra', 'Sukukaja', 'Dodge Slash']
['Diarahan', 'Patra', 'Sukukaja', 'Tarukaja', 'Mabufu']
['Sukukaja', 'Recarm', 'Tarukaja', 'Diarahan', 'Megido']
['Sukukaja', 'Tarukaja', 'Recarm', 'Zio', 'Diarahan']
['Zio', 'Spirit Drain', 'Patra', 'Marakunda', 'Tarukaja']
['Auto-Tarukaja', 'Diarahan', 'Repel Dark', 'Patra', 'Marakunda']
['Patra', 'Tarukaja', 'Megido', 'Mabufu', 'Diarahan']
['Patra', 'Tarukaja', 'Null Dark', 'Sukukaja', 'Marakunda']
['Tarukaja', 'Recarm', 'Patra', 'Null Dark', 'Auto-Sukukaja']
['Sukukaja', 'Repel Dark', 'Diarahan', 'Patra', 'Spirit Drain']
['Patra', 'Sukukaja', 'Recarm', 'Marakunda', 'Tarukaja']
['Diarahan', 'Recarm', 'Spirit Drain', 'Auto-Tarukaja', 'Patra']
['Diarahan', 'Marakunda', 'Zio', 'Sukukaja', 'Patra']
['Patra', 'Sukukaja', 'Zio', 'Diarahan', 'Null Dark']
['Patra', 'Recarm', 'Tarukaja', 'Zio', 'Auto-Tarukaja']
['Recarm', 'Tarukaja', 'Patra', 'Growth 3', 'Sukukaja']
['Diarahan', 'Sukukaja', 'Recarm', 'Patra', 'Mabufu']
['Tarukaja', 'Megido', 'Sukukaja', 'Diarahan', 'Patra']
['Zio', 'Patra', 'Mabufu', 'Marakunda', 'Evil Touch']
['Patra', 'Marakunda', 'Zio', 'Recarm', 'Tarukaja']
['Patra', 'Spirit Drain', 'Mabufu', 'Recarm', 'Zio']
['Null Dark', 'Diarahan', 'Dodge Slash', 'Tarukaja', 'Sukukaja']
['Patra', 'Zio', 'Recarm', 'Growth 3', 'Diarahan']
['Marakunda', 'Diarahan', 'Zio', 'Patra', 'Tarukaja']
['Mabufu', 'Tarukaja', 'Patra', 'Sukukaja', 'Evil Touch']
['Patra', 'Diarahan', 'Auto-Tarukaja', 'Recarm', 'Spirit Drain']
['Patra', 'Tarukaja', 'Diarahan', 'Zio', 'Sukukaja']
['Tarukaja', 'Auto-Sukukaja', 'Patra', 'Zio', 'Recarm']
['Tarukaja', 'Mabufu', 'Dodge Slash', 'Sukukaja', 'Auto-Tarukaja']
['Repel Dark', 'Growth 3', 'Patra', 'Marakunda', 'Sukukaja']
['Patra', 'Recarm', 'Null Dark', 'Tarukaja', 'Marakunda']
['Patra', 'Mabufu', 'Recarm', 'Diarahan', 'Sukukaja']
['Patra', 'Dodge Slash', 'Recarm', 'Mabufu', 'Sukukaja']
['Patra', 'Recarm', 'Sukukaja', 'Megido', 'Tarukaja']
['Recarm', 'Patra', 'Growth 3', 'Sukukaja', 'Zio']
['Diarahan', 'Zio', 'Patra', 'Tarukaja', 'Spirit Drain']
['Growth 3', 'Patra', 'Sukukaja', 'Diarahan', 'Spirit Drain']
['Patra', 'Sukukaja', 'Growth 3', 'Megido', 'Recarm']
['Patra', 'Sukukaja', 'Auto-Tarukaja', 'Diarahan', 'Spirit Drain']
['Diarahan', 'Patra', 'Auto-Sukukaja', 'Marakunda', 'Tarukaja']
['Patra', 'Growth 3', 'Recarm', 'Sukukaja', 'Null Dark']
['Patra', 'Sukukaja', 'Tarukaja', 'Auto-Sukukaja', 'Marakunda']
['Patra', 'Marin Karin', 'Sukukaja', 'Marakunda', 'Recarm']
['Marakunda', 'Patra', 'Auto-Tarukaja', 'Sukukaja', 'Recarm']
['Patra', 'Recarm', 'Sukukaja', 'Growth 3', 'Diarahan']
['Dodge Slash', 'Patra', 'Tarukaja', 'Diarahan', 'Sukukaja']
['Patra', 'Recarm', 'Marakunda', 'Tarukaja', 'Auto-Sukukaja']
['Auto-Sukukaja', 'Patra', 'Zio', 'Sukukaja', 'Marakunda']
['Patra', 'Diarahan', 'Sukukaja', 'Recarm', 'Marakunda']
['Tarukaja', 'Mabufu', 'Sukukaja', 'Zio', 'Patra']
['Sukukaja', 'Tarukaja', 'Spirit Drain', 'Diarahan', 'Auto-Sukukaja']
['Patra', 'Diarahan', 'Recarm', 'Sukukaja', 'Zio']
['Patra', 'Recarm', 'Tarukaja', 'Zio', 'Marakunda']
['Patra', 'Tarukaja', 'Mabufu', 'Sukukaja', 'Growth 3']
['Patra', 'Tarukaja', 'Diarahan', 'Auto-Tarukaja', 'Marakunda']
['Sukukaja', 'Patra', 'Dodge Slash', 'Null Dark', 'Diarahan']
['Patra', 'Diarahan', 'Recarm', 'Sukukaja', 'Mabufu']
['Tarukaja', 'Patra', 'Spirit Drain', 'Marakunda', 'Dodge Slash']
['Tarukaja', 'Sukukaja', 'Mabufu', 'Recarm', 'Patra']
['Auto-Tarukaja', 'Patra', 'Marakunda', 'Recarm', 'Sukukaja']
['Diarahan', 'Patra', 'Tarukaja', 'Marakunda', 'Sukukaja']
['Tarukaja', 'Marin Karin', 'Patra', 'Diarahan', 'Sukukaja']
['Recarm', 'Patra', 'Zio', 'Sukukaja', 'Tarukaja']
['Patra', 'Zio', 'Sukukaja', 'Recarm', 'Mabufu']
['Patra', 'Marin Karin', 'Diarahan', 'Tarukaja', 'Auto-Tarukaja']
['Diarahan', 'Tarukaja', 'Sukukaja', 'Marakunda', 'Patra']
['Diarahan', 'Patra', 'Auto-Sukukaja', 'Sukukaja', 'Tarukaja']
['Patra', 'Sukukaja', 'Recarm', 'Diarahan', 'Tarukaja']
['Recarm', 'Dodge Slash', 'Patra', 'Spirit Drain', 'Tarukaja']
['Patra', 'Recarm', 'Growth 3', 'Zio', 'Diarahan']
['Auto-Tarukaja', 'Marakunda', 'Zio', 'Patra', 'Tarukaja']
['Patra', 'Recarm', 'Tarukaja', 'Sukukaja', 'Diarahan']
['Diarahan', 'Patra', 'Megido', 'Tarukaja', 'Auto-Sukukaja']
['Patra', 'Zio', 'Diarahan', 'Megido', 'Recarm']
['Patra', 'Recarm', 'Tarukaja', 'Zio', 'Marakunda']
['Recarm', 'Dodge Slash', 'Zio', 'Tarukaja', 'Marakunda']
['Diarahan', 'Patra', 'Recarm', 'Tarukaja', 'Sukukaja']
['Auto-Tarukaja', 'Patra', 'Tarukaja', 'Marakunda', 'Zio']
['Patra', 'Zio', 'Tarukaja', 'Diarahan', 'Mabufu']
['Patra', 'Diarahan', 'Recarm', 'Zio', 'Sukukaja']
['Recarm', 'Patra', 'Tarukaja', 'Megido', 'Sukukaja']
['Auto-Tarukaja', 'Patra', 'Recarm', 'Tarukaja', 'Growth 3']
['Mabufu', 'Patra', 'Sukukaja', 'Repel Dark', 'Auto-Tarukaja']
['Patra', 'Zio', 'Diarahan', 'Auto-Sukukaja', 'Mabufu']
['Patra', 'Zio', 'Auto-Tarukaja', 'Recarm', 'Growth 3']
['Patra', 'Recarm', 'Diarahan', 'Zio', 'Null Dark']
['Patra', 'Diarahan', 'Recarm', 'Auto-Tarukaja', 'Dodge Slash']
['Auto-Sukukaja', 'Patra', 'Auto-Tarukaja', 'Diarahan', 'Megido']
['Growth 3', 'Zio', 'Mabufu', 'Dodge Slash', 'Tarukaja']
['Sukukaja', 'Patra', 'Marakunda', 'Recarm', 'Diarahan']
['Patra', 'Diarahan', 'Evil Touch', 'Growth 3', 'Recarm']
['Patra', 'Recarm', 'Dodge Slash', 'Sukukaja', 'Repel Dark']
['Marakunda', 'Sukukaja', 'Tarukaja', 'Patra', 'Zio']
['Tarukaja', 'Recarm', 'Sukukaja', 'Diarahan', 'Patra']
['Patra', 'Recarm', 'Zio', 'Tarukaja', 'Marakunda']
['Patra', 'Zio', 'Auto-Sukukaja', 'Diarahan', 'Null Dark']
['Repel Dark', 'Patra', 'Recarm', 'Spirit Drain', 'Tarukaja']
['Patra', 'Recarm', 'Tarukaja', 'Sukukaja', 'Diarahan']
['Sukukaja', 'Patra', 'Diarahan', 'Growth 3', 'Marakunda']
['Patra', 'Tarukaja', 'Marin Karin', 'Auto-Sukukaja', 'Dodge Slash']
['Patra', 'Sukukaja', 'Marakunda', 'Diarahan', 'Auto-Sukukaja']
['Patra', 'Marakunda', 'Mabufu', 'Zio', 'Auto-Sukukaja']
['Sukukaja', 'Auto-Tarukaja', 'Patra', 'Tarukaja', 'Dodge Slash']
['Diarahan', 'Patra', 'Tarukaja', 'Recarm', 'Marakunda']
['Patra', 'Dodge Slash', 'Tarukaja', 'Recarm', 'Null Dark']
['Patra', 'Diarahan', 'Auto-Tarukaja', 'Marakunda', 'Evil Touch']
['Diarahan', 'Patra', 'Spirit Drain', 'Tarukaja', 'Dodge Slash']
['Recarm', 'Patra', 'Tarukaja', 'Marakunda', 'Zio']
['Patra', 'Repel Dark', 'Auto-Sukukaja', 'Tarukaja', 'Sukukaja']
['Marakunda', 'Patra', 'Recarm', 'Tarukaja', 'Diarahan']
['Patra', 'Tarukaja', 'Recarm', 'Diarahan', 'Mabufu']
['Diarahan', 'Sukukaja', 'Patra', 'Dodge Slash', 'Recarm']
['Tarukaja', 'Zio', 'Diarahan', 'Spirit Drain', 'Dodge Slash']
['Diarahan', 'Patra', 'Dodge Slash', 'Marakunda', 'Sukukaja']
['Tarukaja', 'Null Dark', 'Recarm', 'Patra', 'Mabufu']
['Sukukaja', 'Dodge Slash', 'Tarukaja', 'Patra', 'Null Dark']
['Sukukaja', 'Recarm', 'Marakunda', 'Tarukaja', 'Dodge Slash']
['Sukukaja', 'Tarukaja', 'Evil Touch', 'Spirit Drain', 'Recarm']
['Null Dark', 'Auto-Tarukaja', 'Auto-Sukukaja', 'Patra', 'Dodge Slash']
['Sukukaja', 'Tarukaja', 'Marakunda', 'Patra', 'Diarahan']
['Sukukaja', 'Patra', 'Recarm', 'Diarahan', 'Dodge Slash']
['Marin Karin', 'Patra', 'Null Dark', 'Spirit Drain', 'Marakunda']
['Diarahan', 'Patra', 'Null Dark', 'Sukukaja', 'Zio']
['Patra', 'Sukukaja', 'Recarm', 'Marakunda', 'Spirit Drain']
['Patra', 'Diarahan', 'Sukukaja', 'Zio', 'Tarukaja']
['Evil Touch', 'Diarahan', 'Patra', 'Auto-Tarukaja', 'Sukukaja']
['Marakunda', 'Tarukaja', 'Diarahan', 'Patra', 'Recarm']
['Recarm', 'Patra', 'Tarukaja', 'Sukukaja', 'Zio']
['Recarm', 'Sukukaja', 'Patra', 'Zio', 'Tarukaja']
['Patra', 'Diarahan', 'Marin Karin', 'Recarm', 'Zio']
['Sukukaja', 'Zio', 'Spirit Drain', 'Patra', 'Tarukaja']
['Patra', 'Sukukaja', 'Diarahan', 'Tarukaja', 'Zio']
['Patra', 'Mabufu', 'Diarahan', 'Tarukaja', 'Recarm']
['Auto-Sukukaja', 'Tarukaja', 'Mabufu', 'Diarahan', 'Patra']
['Auto-Tarukaja', 'Patra', 'Mabufu', 'Sukukaja', 'Null Dark']
['Diarahan', 'Recarm', 'Tarukaja', 'Repel Dark', 'Marakunda']
['Marakunda', 'Mabufu', 'Tarukaja', 'Recarm', 'Patra']
['Patra', 'Recarm', 'Tarukaja', 'Diarahan', 'Mabufu']
['Patra', 'Recarm', 'Sukukaja', 'Marakunda', 'Megido']
['Patra', 'Auto-Tarukaja', 'Marakunda', 'Sukukaja', 'Tarukaja']
['Recarm', 'Growth 3', 'Patra', 'Evil Touch', 'Zio']
['Tarukaja', 'Diarahan', 'Patra', 'Zio', 'Sukukaja']
['Patra', 'Sukukaja', 'Auto-Sukukaja', 'Tarukaja', 'Recarm']
['Evil Touch', 'Patra', 'Recarm', 'Tarukaja', 'Marakunda']
['Sukukaja', 'Patra', 'Tarukaja', 'Zio', 'Recarm']
['Auto-Tarukaja', 'Dodge Slash', 'Patra', 'Diarahan', 'Zio']
['Recarm', 'Diarahan', 'Patra', 'Tarukaja', 'Marakunda']
['Patra', 'Diarahan', 'Tarukaja', 'Marakunda', 'Repel Dark']
['Marakunda', 'Patra', 'Zio', 'Recarm', 'Tarukaja']
['Marakunda', 'Recarm', 'Patra', 'Diarahan', 'Zio']
['Dodge Slash', 'Auto-Tarukaja', 'Tarukaja', 'Recarm', 'Megido']
['Patra', 'Mabufu', 'Sukukaja', 'Recarm', 'Diarahan']
['Patra', 'Growth 3', 'Tarukaja', 'Auto-Sukukaja', 'Zio']
['Patra', 'Zio', 'Marakunda', 'Sukukaja', 'Tarukaja']
['Patra', 'Marakunda', 'Sukukaja', 'Growth 3', 'Tarukaja']
['Patra', 'Diarahan', 'Recarm', 'Marakunda', 'Megido']
['Sukukaja', 'Marakunda', 'Patra', 'Marin Karin', 'Tarukaja']
['Spirit Drain', 'Sukukaja', 'Patra', 'Recarm', 'Growth 3']
['Patra', 'Recarm', 'Tarukaja', 'Repel Dark', 'Mabufu']
['Tarukaja', 'Patra', 'Marakunda', 'Diarahan', 'Sukukaja']
['Patra', 'Sukukaja', 'Marakunda', 'Zio', 'Recarm']
['Tarukaja', 'Patra', 'Sukukaja', 'Spirit Drain', 'Zio']
['Tarukaja', 'Patra', 'Zio', 'Repel Dark', 'Recarm']
['Patra', 'Tarukaja', 'Mabufu', 'Sukukaja', 'Recarm']
['Recarm', 'Patra', 'Diarahan', 'Repel Dark', 'Sukukaja']
['Diarahan', 'Patra', 'Tarukaja', 'Sukukaja', 'Recarm']
['Tarukaja', 'Zio', 'Patra', 'Diarahan', 'Marin Karin']
['Patra', 'Recarm', 'Null Dark', 'Tarukaja', 'Diarahan']
['Diarahan', 'Patra', 'Dodge Slash', 'Sukukaja', 'Tarukaja']
['Diarahan', 'Auto-Sukukaja', 'Recarm', 'Tarukaja', 'Zio']
['Patra', 'Spirit Drain', 'Marakunda', 'Diarahan', 'Sukukaja']
['Patra', 'Tarukaja', 'Diarahan', 'Spirit Drain', 'Recarm']
['Patra', 'Sukukaja', 'Dodge Slash', 'Diarahan', 'Auto-Sukukaja']
['Patra', 'Zio', 'Tarukaja', 'Null Dark', 'Marakunda']
['Marakunda', 'Dodge Slash', 'Patra', 'Recarm', 'Tarukaja']
['Mabufu', 'Auto-Tarukaja', 'Patra', 'Recarm', 'Tarukaja']
['Zio', 'Diarahan', 'Recarm', 'Mabufu', 'Patra']
['Recarm', 'Auto-Tarukaja', 'Patra', 'Zio', 'Diarahan']
['Patra', 'Dodge Slash', 'Sukukaja', 'Diarahan', 'Tarukaja']
['Growth 3', 'Tarukaja', 'Patra', 'Null Dark', 'Megido']
['Patra', 'Tarukaja', 'Spirit Drain', 'Mabufu', 'Marakunda']
['Patra', 'Marin Karin', 'Diarahan', 'Recarm', 'Zio']
['Recarm', 'Diarahan', 'Sukukaja', 'Marakunda', 'Patra']
['Recarm', 'Growth 3', 'Patra', 'Tarukaja', 'Zio']
['Patra', 'Zio', 'Sukukaja', 'Recarm', 'Growth 3']
['Patra', 'Diarahan', 'Recarm', 'Sukukaja', 'Dodge Slash']
['Auto-Tarukaja', 'Auto-Sukukaja', 'Sukukaja', 'Patra', 'Diarahan']
['Patra', 'Diarahan', 'Recarm', 'Tarukaja', 'Sukukaja']
['Patra', 'Sukukaja', 'Recarm', 'Zio', 'Growth 3']
['Recarm', 'Tarukaja', 'Patra', 'Marakunda', 'Sukukaja']
['Megido', 'Sukukaja', 'Patra', 'Diarahan', 'Marakunda']
['Recarm', 'Marakunda', 'Patra', 'Sukukaja', 'Zio']
['Auto-Sukukaja', 'Auto-Tarukaja', 'Repel Dark', 'Diarahan', 'Sukukaja']
['Patra', 'Marakunda', 'Diarahan', 'Tarukaja', 'Sukukaja']
['Patra', 'Sukukaja', 'Diarahan', 'Tarukaja', 'Recarm']
['Patra', 'Auto-Sukukaja', 'Mabufu', 'Zio', 'Tarukaja']
['Diarahan', 'Patra', 'Zio', 'Tarukaja', 'Sukukaja']
['Patra', 'Null Dark', 'Diarahan', 'Sukukaja', 'Marakunda']
['Patra', 'Tarukaja', 'Recarm', 'Megido', 'Sukukaja']
['Patra', 'Recarm', 'Growth 3', 'Marakunda', 'Sukukaja']
['Patra', 'Recarm', 'Auto-Tarukaja', 'Marakunda', 'Diarahan']
['Diarahan', 'Patra', 'Sukukaja', 'Megido', 'Spirit Drain']
['Diarahan', 'Marakunda', 'Dodge Slash', 'Patra', 'Auto-Sukukaja']
['Recarm', 'Auto-Tarukaja', 'Patra', 'Dodge Slash', 'Tarukaja']
['Auto-Tarukaja', 'Megido', 'Recarm', 'Patra', 'Marakunda']
['Patra', 'Spirit Drain', 'Tarukaja', 'Zio', 'Diarahan']
['Marakunda', 'Tarukaja', 'Sukukaja', 'Dodge Slash', 'Mabufu']
['Dodge Slash', 'Sukukaja', 'Patra', 'Diarahan', 'Auto-Sukukaja']
['Patra', 'Marakunda', 'Zio', 'Diarahan', 'Recarm']
['Patra', 'Spirit Drain', 'Sukukaja', 'Marakunda', 'Diarahan']
['Recarm', 'Patra', 'Sukukaja', 'Marakunda', 'Auto-Sukukaja']
['Zio', 'Sukukaja', 'Marakunda', 'Auto-Tarukaja', 'Recarm']
['Spirit Drain', 'Tarukaja', 'Patra', 'Sukukaja', 'Diarahan']
['Sukukaja', 'Marakunda', 'Patra', 'Zio', 'Dodge Slash']
['Marakunda', 'Recarm', 'Sukukaja', 'Diarahan', 'Patra']
['Recarm', 'Sukukaja', 'Auto-Tarukaja', 'Zio', 'Diarahan']
['Patra', 'Sukukaja', 'Diarahan', 'Marakunda', 'Dodge Slash']
['Patra', 'Tarukaja', 'Recarm', 'Diarahan', 'Growth 3']
['Diarahan', 'Recarm', 'Patra', 'Zio', 'Sukukaja']
['Sukukaja', 'Dodge Slash', 'Tarukaja', 'Recarm', 'Zio']
['Diarahan', 'Recarm', 'Patra', 'Sukukaja', 'Spirit Drain']
['Tarukaja', 'Patra', 'Recarm', 'Growth 3', 'Marakunda']
['Marakunda', 'Auto-Sukukaja', 'Patra', 'Zio', 'Mabufu']
['Patra', 'Zio', 'Null Dark', 'Tarukaja', 'Spirit Drain']
['Marakunda', 'Zio', 'Patra', 'Auto-Tarukaja', 'Mabufu']
['Recarm', 'Patra', 'Null Dark', 'Tarukaja', 'Marakunda']
['Sukukaja', 'Patra', 'Diarahan', 'Marakunda', 'Tarukaja']
['Null Dark', 'Patra', 'Recarm', 'Marakunda', 'Repel Dark']
['Sukukaja', 'Tarukaja', 'Recarm', 'Patra', 'Mabufu']
['Zio', 'Patra', 'Diarahan', 'Mabufu', 'Marakunda']
['Growth 3', 'Recarm', 'Tarukaja', 'Patra', 'Zio']
['Patra', 'Mabufu', 'Zio', 'Tarukaja', 'Diarahan']
['Diarahan', 'Patra', 'Sukukaja', 'Tarukaja', 'Mabufu']
['Sukukaja', 'Diarahan', 'Patra', 'Marakunda', 'Recarm']
['Dodge Slash', 'Patra', 'Tarukaja', 'Marakunda', 'Sukukaja']
['Sukukaja', 'Patra', 'Auto-Sukukaja', 'Tarukaja', 'Diarahan']
['Dodge Slash', 'Repel Dark', 'Mabufu', 'Recarm', 'Patra']
['Recarm', 'Mabufu', 'Patra', 'Sukukaja', 'Tarukaja']
['Diarahan', 'Zio', 'Tarukaja', 'Dodge Slash', 'Sukukaja']
['Tarukaja', 'Patra', 'Recarm', 'Spirit Drain', 'Zio']
['Recarm', 'Zio', 'Sukukaja', 'Marakunda', 'Patra']
['Patra', 'Diarahan', 'Sukukaja', 'Tarukaja', 'Auto-Tarukaja']
['Patra', 'Tarukaja', 'Sukukaja', 'Recarm', 'Diarahan']
['Patra', 'Tarukaja', 'Recarm', 'Diarahan', 'Sukukaja']
['Patra', 'Tarukaja', 'Mabufu', 'Recarm', 'Spirit Drain']
['Patra', 'Sukukaja', 'Tarukaja', 'Diarahan', 'Zio']
['Patra', 'Recarm', 'Zio', 'Mabufu', 'Dodge Slash']
['Patra', 'Tarukaja', 'Diarahan', 'Recarm', 'Marakunda']
['Patra', 'Marakunda', 'Tarukaja', 'Auto-Tarukaja', 'Sukukaja']
['Recarm', 'Patra', 'Auto-Tarukaja', 'Zio', 'Sukukaja']
['Zio', 'Tarukaja', 'Patra', 'Mabufu', 'Marakunda']
['Patra', 'Marin Karin', 'Recarm', 'Tarukaja', 'Auto-Sukukaja']
['Spirit Drain', 'Patra', 'Zio', 'Tarukaja', 'Sukukaja']
['Zio', 'Recarm', 'Patra', 'Diarahan', 'Marakunda']
['Sukukaja', 'Diarahan', 'Auto-Tarukaja', 'Patra', 'Auto-Sukukaja']
['Tarukaja', 'Zio', 'Diarahan', 'Patra', 'Recarm']
['Recarm', 'Tarukaja', 'Patra', 'Auto-Sukukaja', 'Marakunda']
['Patra', 'Tarukaja', 'Recarm', 'Repel Dark', 'Sukukaja']
['Patra', 'Recarm', 'Diarahan', 'Zio', 'Tarukaja']
['Recarm', 'Patra', 'Tarukaja', 'Dodge Slash', 'Diarahan']
['Diarahan', 'Recarm', 'Tarukaja', 'Sukukaja', 'Patra']
['Tarukaja', 'Zio', 'Patra', 'Recarm', 'Mabufu']
['Patra', 'Spirit Drain', 'Tarukaja', 'Sukukaja', 'Recarm']
['Marakunda', 'Patra', 'Megido', 'Tarukaja', 'Auto-Tarukaja']
['Recarm', 'Samsara', 'Patra', 'Sukukaja', 'Tarukaja']
['Patra', 'Zio', 'Diarahan', 'Recarm', 'Sukukaja']
['Sukukaja', 'Diarahan', 'Tarukaja', 'Recarm', 'Patra']
['Recarm', 'Patra', 'Sukukaja', 'Mabufu', 'Diarahan']
['Patra', 'Sukukaja', 'Tarukaja', 'Recarm', 'Growth 3']
['Patra', 'Diarahan', 'Auto-Sukukaja', 'Spirit Drain', 'Tarukaja']
['Patra', 'Marakunda', 'Recarm', 'Evil Touch', 'Tarukaja']
['Zio', 'Patra', 'Tarukaja', 'Auto-Tarukaja', 'Sukukaja']
['Recarm', 'Tarukaja', 'Sukukaja', 'Patra', 'Spirit Drain']
['Patra', 'Recarm', 'Tarukaja', 'Auto-Sukukaja', 'Diarahan']
['Patra', 'Recarm', 'Tarukaja', 'Marakunda', 'Null Dark']
['Patra', 'Tarukaja', 'Recarm', 'Auto-Tarukaja', 'Diarahan']
['Patra', 'Tarukaja', 'Dodge Slash', 'Recarm', 'Diarahan']
['Patra', 'Tarukaja', 'Recarm', 'Diarahan', 'Sukukaja']
['Zio', 'Patra', 'Mabufu', 'Tarukaja', 'Auto-Sukukaja']
['Tarukaja', 'Patra', 'Mabufu', 'Sukukaja', 'Recarm']
['Dodge Slash', 'Patra', 'Tarukaja', 'Recarm', 'Spirit Drain']
['Marin Karin', 'Zio', 'Sukukaja', 'Patra', 'Diarahan']
['Auto-Tarukaja', 'Patra', 'Tarukaja', 'Zio', 'Recarm']
['Diarahan', 'Zio', 'Patra', 'Recarm', 'Sukukaja']
['Megido', 'Patra', 'Sukukaja', 'Spirit Drain', 'Repel Dark']
['Patra', 'Dodge Slash', 'Mabufu', 'Sukukaja', 'Tarukaja']
['Patra', 'Recarm', 'Dodge Slash', 'Sukukaja', 'Auto-Tarukaja']
['Diarahan', 'Recarm', 'Patra', 'Mabufu', 'Zio']
['Patra', 'Sukukaja', 'Dodge Slash', 'Diarahan', 'Auto-Tarukaja']
['Marakunda', 'Patra', 'Dodge Slash', 'Recarm', 'Diarahan']
['Patra', 'Marakunda', 'Diarahan', 'Sukukaja', 'Recarm']
['Auto-Sukukaja', 'Patra', 'Zio', 'Tarukaja', 'Sukukaja']
['Zio', 'Tarukaja', 'Patra', 'Recarm', 'Marakunda']
['Patra', 'Auto-Tarukaja', 'Recarm', 'Marakunda', 'Dodge Slash']
['Patra', 'Tarukaja', 'Dodge Slash', 'Recarm', 'Mabufu']
['Recarm', 'Repel Dark', 'Tarukaja', 'Sukukaja', 'Dodge Slash']
['Patra', 'Auto-Tarukaja', 'Sukukaja', 'Marakunda', 'Mabufu']
['Patra', 'Auto-Sukukaja', 'Diarahan', 'Tarukaja', 'Zio']
['Patra', 'Zio', 'Tarukaja', 'Recarm', 'Marakunda']
['Patra', 'Sukukaja', 'Evil Touch', 'Tarukaja', 'Recarm']
['Patra', 'Zio', 'Null Dark', 'Recarm', 'Sukukaja']
['Patra', 'Zio', 'Diarahan', 'Mabufu', 'Sukukaja']
['Dodge Slash', 'Tarukaja', 'Diarahan', 'Growth 3', 'Patra']
['Patra', 'Tarukaja', 'Recarm', 'Diarahan', 'Sukukaja']
['Patra', 'Zio', 'Diarahan', 'Tarukaja', 'Sukukaja']
['Patra', 'Sukukaja', 'Mabufu', 'Recarm', 'Null Dark']
['Recarm', 'Null Dark', 'Auto-Sukukaja', 'Patra', 'Spirit Drain']
['Patra', 'Diarahan', 'Sukukaja', 'Mabufu', 'Recarm']
['Marakunda', 'Patra', 'Evil Touch', 'Diarahan', 'Null Dark']
['Sukukaja', 'Patra', 'Recarm', 'Zio', 'Marakunda']
['Tarukaja', 'Patra', 'Recarm', 'Zio', 'Sukukaja']
['Patra', 'Tarukaja', 'Auto-Sukukaja', 'Recarm', 'Growth 3']
['Dodge Slash', 'Patra', 'Tarukaja', 'Sukukaja', 'Auto-Tarukaja']
['Patra', 'Marakunda', 'Recarm', 'Tarukaja', 'Diarahan']
['Sukukaja', 'Patra', 'Tarukaja', 'Marakunda', 'Zio']
['Mabufu', 'Sukukaja', 'Patra', 'Diarahan', 'Recarm']
['Dodge Slash', 'Patra', 'Tarukaja', 'Diarahan', 'Sukukaja']
['Recarm', 'Tarukaja', 'Sukukaja', 'Patra', 'Diarahan']
['Patra', 'Marakunda', 'Auto-Sukukaja', 'Sukukaja', 'Tarukaja']
['Recarm', 'Sukukaja', 'Marakunda', 'Patra', 'Auto-Tarukaja']
['Patra', 'Zio', 'Diarahan', 'Recarm', 'Samsara']
['Tarukaja', 'Zio', 'Patra', 'Diarahan', 'Megido']
['Zio', 'Patra', 'Tarukaja', 'Recarm', 'Dodge Slash']
['Mabufu', 'Recarm', 'Patra', 'Sukukaja', 'Tarukaja']
['Auto-Sukukaja', 'Tarukaja', 'Recarm', 'Patra', 'Sukukaja']
['Sukukaja', 'Dodge Slash', 'Tarukaja', 'Patra', 'Diarahan']
['Sukukaja', 'Mabufu', 'Patra', 'Zio', 'Recarm']
['Patra', 'Recarm', 'Tarukaja', 'Repel Dark', 'Sukukaja']
['Patra', 'Marin Karin', 'Diarahan', 'Marakunda', 'Tarukaja']
['Patra', 'Null Dark', 'Megido', 'Dodge Slash', 'Recarm']
['Tarukaja', 'Recarm', 'Patra', 'Auto-Sukukaja', 'Diarahan']
['Auto-Sukukaja', 'Recarm', 'Marakunda', 'Patra', 'Dodge Slash']
['Patra', 'Diarahan', 'Recarm', 'Tarukaja', 'Sukukaja']
['Patra', 'Diarahan', 'Mabufu', 'Sukukaja', 'Zio']
['Recarm', 'Zio', 'Patra', 'Tarukaja', 'Diarahan']
['Sukukaja', 'Diarahan', 'Auto-Tarukaja', 'Tarukaja', 'Patra']
['Sukukaja', 'Patra', 'Zio', 'Tarukaja', 'Diarahan']
['Recarm', 'Patra', 'Zio', 'Diarahan', 'Marakunda']
['Recarm', 'Patra', 'Growth 3', 'Tarukaja', 'Marakunda']
['Recarm', 'Marakunda', 'Patra', 'Diarahan', 'Sukukaja']
['Megido', 'Patra', 'Tarukaja', 'Diarahan', 'Recarm']
['Tarukaja', 'Recarm', 'Patra', 'Diarahan', 'Zio']
['Spirit Drain', 'Marakunda', 'Patra', 'Sukukaja', 'Recarm']
['Patra', 'Marakunda', 'Recarm', 'Mabufu', 'Diarahan']
['Marakunda', 'Patra', 'Auto-Sukukaja', 'Tarukaja', 'Recarm']
['Null Dark', 'Megido', 'Zio', 'Patra', 'Sukukaja']
['Tarukaja', 'Sukukaja', 'Diarahan', 'Patra', 'Mabufu']
['Marakunda', 'Tarukaja', 'Patra', 'Auto-Tarukaja', 'Recarm']
['Recarm', 'Patra', 'Tarukaja', 'Zio', 'Sukukaja']
['Mabufu', 'Auto-Tarukaja', 'Patra', 'Tarukaja', 'Sukukaja']
['Patra', 'Recarm', 'Growth 3', 'Zio', 'Marin Karin']
['Patra', 'Diarahan', 'Tarukaja', 'Recarm', 'Marakunda']
['Zio', 'Mabufu', 'Patra', 'Tarukaja', 'Null Dark']
['Recarm', 'Patra', 'Sukukaja', 'Tarukaja', 'Null Dark']
['Zio', 'Sukukaja', 'Null Dark', 'Megido', 'Marakunda']
['Patra', 'Zio', 'Auto-Sukukaja', 'Recarm', 'Marakunda']
['Diarahan', 'Marakunda', 'Mabufu', 'Patra', 'Null Dark']
['Sukukaja', 'Spirit Drain', 'Tarukaja', 'Diarahan', 'Patra']
['Tarukaja', 'Marin Karin', 'Recarm', 'Megido', 'Patra']
['Patra', 'Spirit Drain', 'Recarm', 'Tarukaja', 'Diarahan']
['Mabufu', 'Marakunda', 'Patra', 'Recarm', 'Diarahan']
['Zio', 'Patra', 'Sukukaja', 'Diarahan', 'Tarukaja']
['Null Dark', 'Tarukaja', 'Patra', 'Megido', 'Marin Karin']
['Diarahan', 'Recarm', 'Zio', 'Auto-Tarukaja', 'Patra']
['Patra', 'Marakunda', 'Sukukaja', 'Recarm', 'Tarukaja']
['Zio', 'Recarm', 'Diarahan', 'Patra', 'Sukukaja']
['Auto-Sukukaja', 'Marakunda', 'Diarahan', 'Patra', 'Spirit Drain']
['Repel Dark', 'Zio', 'Patra', 'Tarukaja', 'Sukukaja']
['Recarm', 'Evil Touch', 'Marakunda', 'Patra', 'Sukukaja']
['Zio', 'Null Dark', 'Recarm', 'Spirit Drain', 'Mabufu']
['Patra', 'Recarm', 'Megido', 'Auto-Sukukaja', 'Spirit Drain']
['Patra', 'Zio', 'Auto-Sukukaja', 'Mabufu', 'Recarm']
['Tarukaja', 'Zio', 'Growth 3', 'Marakunda', 'Recarm']
['Patra', 'Dodge Slash', 'Tarukaja', 'Samsara', 'Sukukaja']
['Patra', 'Recarm', 'Diarahan', 'Marakunda', 'Zio']
['Diarahan', 'Dodge Slash', 'Recarm', 'Patra', 'Tarukaja']
['Patra', 'Null Dark', 'Spirit Drain', 'Sukukaja', 'Tarukaja']
['Patra', 'Marakunda', 'Recarm', 'Tarukaja', 'Samsara']
['Zio', 'Patra', 'Diarahan', 'Sukukaja', 'Tarukaja']
['Patra', 'Recarm', 'Marin Karin', 'Zio', 'Tarukaja']
['Patra', 'Auto-Tarukaja', 'Tarukaja', 'Spirit Drain', 'Diarahan']
['Patra', 'Spirit Drain', 'Tarukaja', 'Diarahan', 'Recarm']
['Patra', 'Sukukaja', 'Marin Karin', 'Recarm', 'Tarukaja']
['Patra', 'Auto-Tarukaja', 'Dodge Slash', 'Null Dark', 'Diarahan']
['Sukukaja', 'Auto-Sukukaja', 'Diarahan', 'Recarm', 'Patra']
['Spirit Drain', 'Patra', 'Recarm', 'Auto-Sukukaja', 'Megido']
['Patra', 'Mabufu', 'Recarm', 'Tarukaja', 'Marakunda']
['Recarm', 'Patra', 'Sukukaja', 'Diarahan', 'Tarukaja']
['Patra', 'Tarukaja', 'Zio', 'Recarm', 'Sukukaja']
['Patra', 'Tarukaja', 'Sukukaja', 'Marakunda', 'Marin Karin']
['Repel Dark', 'Patra', 'Tarukaja', 'Spirit Drain', 'Recarm']
['Patra', 'Auto-Tarukaja', 'Recarm', 'Mabufu', 'Tarukaja']
['Patra', 'Zio', 'Mabufu', 'Tarukaja', 'Growth 3']
['Diarahan', 'Patra', 'Tarukaja', 'Mabufu', 'Sukukaja']
['Growth 3', 'Patra', 'Spirit Drain', 'Marakunda', 'Diarahan']
['Diarahan', 'Patra', 'Recarm', 'Spirit Drain', 'Sukukaja']
['Patra', 'Spirit Drain', 'Diarahan', 'Marakunda', 'Marin Karin']
['Patra', 'Zio', 'Tarukaja', 'Recarm', 'Diarahan']
['Patra', 'Auto-Sukukaja', 'Recarm', 'Marakunda', 'Tarukaja']
['Recarm', 'Marakunda', 'Patra', 'Repel Dark', 'Diarahan']
['Dodge Slash', 'Sukukaja', 'Marakunda', 'Patra', 'Auto-Sukukaja']
['Tarukaja', 'Recarm', 'Patra', 'Repel Dark', 'Marakunda']
['Marakunda', 'Patra', 'Tarukaja', 'Zio', 'Recarm']
['Patra', 'Zio', 'Sukukaja', 'Recarm', 'Tarukaja']
['Marin Karin', 'Patra', 'Marakunda', 'Zio', 'Spirit Drain']
['Patra', 'Recarm', 'Sukukaja', 'Tarukaja', 'Diarahan']
['Tarukaja', 'Zio', 'Sukukaja', 'Marakunda', 'Mabufu']
['Sukukaja', 'Diarahan', 'Patra', 'Zio', 'Dodge Slash']
['Patra', 'Auto-Sukukaja', 'Tarukaja', 'Zio', 'Recarm']
['Patra', 'Sukukaja', 'Zio', 'Diarahan', 'Auto-Sukukaja']
['Diarahan', 'Patra', 'Recarm', 'Zio', 'Sukukaja']
['Patra', 'Recarm', 'Growth 3', 'Mabufu', 'Zio']
['Sukukaja', 'Patra', 'Mabufu', 'Recarm', 'Auto-Tarukaja']
['Tarukaja', 'Megido', 'Spirit Drain', 'Patra', 'Recarm']
['Diarahan', 'Marin Karin', 'Zio', 'Patra', 'Mabufu']
['Sukukaja', 'Marakunda', 'Diarahan', 'Patra', 'Recarm']
['Diarahan', 'Patra', 'Marakunda', 'Recarm', 'Spirit Drain']
['Patra', 'Recarm', 'Diarahan', 'Auto-Sukukaja', 'Sukukaja']
['Patra', 'Auto-Sukukaja', 'Marin Karin', 'Tarukaja', 'Samsara']
['Sukukaja', 'Patra', 'Tarukaja', 'Recarm', 'Zio']
['Tarukaja', 'Mabufu', 'Zio', 'Recarm', 'Patra']
['Patra', 'Mabufu', 'Sukukaja', 'Recarm', 'Repel Dark']
['Sukukaja', 'Patra', 'Diarahan', 'Mabufu', 'Spirit Drain']
['Recarm', 'Tarukaja', 'Marakunda', 'Megido', 'Sukukaja']
['Recarm', 'Patra', 'Sukukaja', 'Zio', 'Tarukaja']
['Tarukaja', 'Patra', 'Sukukaja', 'Auto-Sukukaja', 'Megido']
['Patra', 'Mabufu', 'Tarukaja', 'Diarahan', 'Sukukaja']
['Growth 3', 'Recarm', 'Patra', 'Tarukaja', 'Auto-Sukukaja']
['Marakunda', 'Zio', 'Sukukaja', 'Patra', 'Tarukaja']
['Marakunda', 'Patra', 'Auto-Tarukaja', 'Recarm', 'Sukukaja']
['Marakunda', 'Patra', 'Recarm', 'Diarahan', 'Auto-Sukukaja']
['Recarm', 'Tarukaja', 'Mabufu', 'Zio', 'Patra']
['Marakunda', 'Auto-Tarukaja', 'Diarahan', 'Patra', 'Recarm']
['Sukukaja', 'Patra', 'Auto-Sukukaja', 'Zio', 'Megido']
['Tarukaja', 'Patra', 'Mabufu', 'Auto-Tarukaja', 'Recarm']
['Patra', 'Diarahan', 'Sukukaja', 'Auto-Tarukaja', 'Marakunda']
['Sukukaja', 'Patra', 'Tarukaja', 'Auto-Sukukaja', 'Marakunda']
['Patra', 'Tarukaja', 'Marin Karin', 'Marakunda', 'Sukukaja']
['Marakunda', 'Growth 3', 'Sukukaja', 'Patra', 'Recarm']
['Patra', 'Diarahan', 'Recarm', 'Marin Karin', 'Sukukaja']
['Auto-Tarukaja', 'Patra', 'Diarahan', 'Sukukaja', 'Tarukaja']
['Tarukaja', 'Marakunda', 'Patra', 'Diarahan', 'Recarm']
['Auto-Sukukaja', 'Patra', 'Sukukaja', 'Recarm', 'Diarahan']
['Sukukaja', 'Patra', 'Dodge Slash', 'Tarukaja', 'Marakunda']
['Recarm', 'Patra', 'Marakunda', 'Zio', 'Diarahan']
['Patra', 'Mabufu', 'Recarm', 'Zio', 'Tarukaja']
['Recarm', 'Evil Touch', 'Zio', 'Diarahan', 'Patra']
['Recarm', 'Diarahan', 'Zio', 'Patra', 'Megido']
['Tarukaja', 'Auto-Sukukaja', 'Patra', 'Auto-Tarukaja', 'Recarm']
['Patra', 'Diarahan', 'Dodge Slash', 'Auto-Tarukaja', 'Growth 3']
['Auto-Tarukaja', 'Patra', 'Null Dark', 'Growth 3', 'Zio']
['Tarukaja', 'Patra', 'Spirit Drain', 'Sukukaja', 'Marakunda']
['Marakunda', 'Recarm', 'Patra', 'Tarukaja', 'Marin Karin']
['Sukukaja', 'Patra', 'Tarukaja', 'Recarm', 'Diarahan']
['Marakunda', 'Patra', 'Spirit Drain', 'Sukukaja', 'Repel Dark']
['Dodge Slash', 'Patra', 'Recarm', 'Tarukaja', 'Sukukaja']
['Patra', 'Sukukaja', 'Zio', 'Tarukaja', 'Mabufu']
['Patra', 'Sukukaja', 'Dodge Slash', 'Growth 3', 'Zio']
['Recarm', 'Tarukaja', 'Patra', 'Spirit Drain', 'Sukukaja']
['Patra', 'Mabufu', 'Auto-Sukukaja', 'Tarukaja', 'Marakunda']
['Dodge Slash', 'Diarahan', 'Marakunda', 'Mabufu', 'Sukukaja']
['Tarukaja', 'Recarm', 'Marakunda', 'Zio', 'Null Dark']
['Tarukaja', 'Growth 3', 'Recarm', 'Marakunda', 'Patra']
['Patra', 'Tarukaja', 'Dodge Slash', 'Sukukaja', 'Zio']
['Patra', 'Zio', 'Sukukaja', 'Diarahan', 'Recarm']
['Diarahan', 'Recarm', 'Patra', 'Auto-Sukukaja', 'Zio']
['Zio', 'Patra', 'Tarukaja', 'Dodge Slash', 'Recarm']
['Recarm', 'Diarahan', 'Zio', 'Tarukaja', 'Auto-Sukukaja']
['Patra', 'Sukukaja', 'Recarm', 'Auto-Sukukaja', 'Dodge Slash']
['Sukukaja', 'Tarukaja', 'Patra', 'Dodge Slash', 'Zio']
['Dodge Slash', 'Diarahan', 'Patra', 'Marakunda', 'Sukukaja']
['Sukukaja', 'Zio', 'Patra', 'Mabufu', 'Recarm']
['Patra', 'Recarm', 'Zio', 'Tarukaja', 'Sukukaja']
['Patra', 'Spirit Drain', 'Auto-Sukukaja', 'Mabufu', 'Sukukaja']
['Patra', 'Sukukaja', 'Spirit Drain', 'Recarm', 'Diarahan']
['Diarahan', 'Growth 3', 'Tarukaja', 'Patra', 'Sukukaja']
['Auto-Tarukaja', 'Patra', 'Zio', 'Sukukaja', 'Mabufu']
['Patra', 'Sukukaja', 'Diarahan', 'Zio', 'Recarm']
['Marakunda', 'Patra', 'Diarahan', 'Zio', 'Recarm']
['Patra', 'Recarm', 'Zio', 'Sukukaja', 'Tarukaja']
['Patra', 'Diarahan', 'Sukukaja', 'Zio', 'Spirit Drain']
['Recarm', 'Patra', 'Marakunda', 'Zio', 'Sukukaja']
['Auto-Sukukaja', 'Recarm', 'Sukukaja', 'Tarukaja', 'Patra']
['Patra', 'Auto-Tarukaja', 'Recarm', 'Repel Dark', 'Zio']
['Sukukaja', 'Mabufu', 'Zio', 'Recarm', 'Patra']
['Tarukaja', 'Sukukaja', 'Patra', 'Recarm', 'Diarahan']
['Recarm', 'Auto-Tarukaja', 'Diarahan', 'Marakunda', 'Patra']
['Diarahan', 'Patra', 'Sukukaja', 'Recarm', 'Tarukaja']
['Diarahan', 'Sukukaja', 'Recarm', 'Patra', 'Auto-Sukukaja']
['Recarm', 'Patra', 'Marakunda', 'Zio', 'Auto-Tarukaja']
['Marakunda', 'Megido', 'Recarm', 'Patra', 'Tarukaja']
['Patra', 'Marakunda', 'Recarm', 'Sukukaja', 'Diarahan']
['Auto-Sukukaja', 'Recarm', 'Tarukaja', 'Spirit Drain', 'Patra']
['Patra', 'Dodge Slash', 'Tarukaja', 'Diarahan', 'Mabufu']
['Recarm', 'Auto-Tarukaja', 'Patra', 'Spirit Drain', 'Growth 3']
['Patra', 'Auto-Sukukaja', 'Recarm', 'Diarahan', 'Sukukaja']
['Diarahan', 'Repel Dark', 'Marakunda', 'Patra', 'Sukukaja']
['Null Dark', 'Marakunda', 'Patra', 'Tarukaja', 'Recarm']
['Recarm', 'Patra', 'Auto-Sukukaja', 'Sukukaja', 'Tarukaja']
['Patra', 'Tarukaja', 'Recarm', 'Marin Karin', 'Sukukaja']
['Mabufu', 'Patra', 'Recarm', 'Diarahan', 'Growth 3']
['Patra', 'Marakunda', 'Auto-Tarukaja', 'Growth 3', 'Recarm']
['Patra', 'Auto-Sukukaja', 'Tarukaja', 'Recarm', 'Repel Dark']
['Dodge Slash', 'Tarukaja', 'Zio', 'Patra', 'Sukukaja']
['Tarukaja', 'Patra', 'Sukukaja', 'Diarahan', 'Zio']
['Recarm', 'Patra', 'Tarukaja', 'Diarahan', 'Marakunda']
['Patra', 'Sukukaja', 'Repel Dark', 'Tarukaja', 'Null Dark']
['Recarm', 'Patra', 'Tarukaja', 'Sukukaja', 'Zio']
['Patra', 'Zio', 'Tarukaja', 'Auto-Tarukaja', 'Marakunda']
['Recarm', 'Patra', 'Dodge Slash', 'Tarukaja', 'Marakunda']
['Recarm', 'Tarukaja', 'Null Dark', 'Patra', 'Marakunda']
['Null Dark', 'Patra', 'Sukukaja', 'Spirit Drain', 'Repel Dark']
['Tarukaja', 'Patra', 'Evil Touch', 'Megido', 'Sukukaja']
['Marin Karin', 'Marakunda', 'Patra', 'Diarahan', 'Zio']
['Tarukaja', 'Sukukaja', 'Auto-Tarukaja', 'Marakunda', 'Diarahan']
['Patra', 'Diarahan', 'Marakunda', 'Recarm', 'Repel Dark']
['Recarm', 'Patra', 'Diarahan', 'Zio', 'Repel Dark']
['Tarukaja', 'Sukukaja', 'Patra', 'Zio', 'Marakunda']
['Tarukaja', 'Marakunda', 'Patra', 'Recarm', 'Diarahan']
['Sukukaja', 'Dodge Slash', 'Patra', 'Tarukaja', 'Zio']
['Sukukaja', 'Diarahan', 'Recarm', 'Marakunda', 'Tarukaja']
['Patra', 'Sukukaja', 'Diarahan', 'Recarm', 'Repel Dark']
['Null Dark', 'Sukukaja', 'Patra', 'Diarahan', 'Zio']
['Patra', 'Tarukaja', 'Recarm', 'Zio', 'Sukukaja']
['Tarukaja', 'Auto-Tarukaja', 'Patra', 'Sukukaja', 'Marakunda']
['Patra', 'Diarahan', 'Tarukaja', 'Megido', 'Recarm']
['Patra', 'Recarm', 'Dodge Slash', 'Diarahan', 'Tarukaja']
['Sukukaja', 'Diarahan', 'Auto-Sukukaja', 'Marakunda', 'Auto-Tarukaja']
['Tarukaja', 'Mabufu', 'Recarm', 'Sukukaja', 'Patra']
['Patra', 'Tarukaja', 'Recarm', 'Diarahan', 'Marakunda']
['Patra', 'Diarahan', 'Marakunda', 'Recarm', 'Auto-Tarukaja']
['Patra', 'Diarahan', 'Tarukaja', 'Recarm', 'Sukukaja']
['Patra', 'Diarahan', 'Tarukaja', 'Auto-Tarukaja', 'Spirit Drain']
['Patra', 'Diarahan', 'Zio', 'Marakunda', 'Tarukaja']
['Patra', 'Null Dark', 'Recarm', 'Tarukaja', 'Auto-Sukukaja']
['Diarahan', 'Patra', 'Tarukaja', 'Sukukaja', 'Marakunda']
['Sukukaja', 'Auto-Sukukaja', 'Patra', 'Zio', 'Mabufu']
['Recarm', 'Tarukaja', 'Patra', 'Mabufu', 'Dodge Slash']
['Sukukaja', 'Patra', 'Spirit Drain', 'Marakunda', 'Diarahan']
['Diarahan', 'Tarukaja', 'Patra', 'Spirit Drain', 'Dodge Slash']
['Diarahan', 'Patra', 'Evil Touch', 'Sukukaja', 'Marakunda']
['Marakunda', 'Sukukaja', 'Spirit Drain', 'Zio', 'Tarukaja']
['Diarahan', 'Tarukaja', 'Marakunda', 'Patra', 'Recarm']
['Recarm', 'Patra', 'Diarahan', 'Auto-Tarukaja', 'Marakunda']
['Tarukaja', 'Patra', 'Diarahan', 'Null Dark', 'Dodge Slash']
['Patra', 'Marakunda', 'Sukukaja', 'Auto-Sukukaja', 'Null Dark']
['Diarahan', 'Tarukaja', 'Patra', 'Sukukaja', 'Dodge Slash']
['Patra', 'Tarukaja', 'Recarm', 'Sukukaja', 'Diarahan']
['Marakunda', 'Recarm', 'Tarukaja', 'Diarahan', 'Mabufu']
['Patra', 'Auto-Tarukaja', 'Sukukaja', 'Dodge Slash', 'Zio']
['Recarm', 'Sukukaja', 'Patra', 'Tarukaja', 'Diarahan']
['Patra', 'Mabufu', 'Spirit Drain', 'Auto-Sukukaja', 'Marin Karin']
['Patra', 'Recarm', 'Zio', 'Repel Dark', 'Tarukaja']
['Patra', 'Marakunda', 'Diarahan', 'Recarm', 'Repel Dark']
['Patra', 'Recarm', 'Diarahan', 'Tarukaja', 'Sukukaja']
['Patra', 'Auto-Tarukaja', 'Diarahan', 'Repel Dark', 'Null Dark']
['Patra', 'Diarahan', 'Tarukaja', 'Recarm', 'Growth 3']
['Tarukaja', 'Patra', 'Zio', 'Sukukaja', 'Recarm']
['Spirit Drain', 'Tarukaja', 'Zio', 'Patra', 'Sukukaja']
['Recarm', 'Tarukaja', 'Marakunda', 'Sukukaja', 'Patra']
['Patra', 'Sukukaja', 'Recarm', 'Diarahan', 'Zio']
['Auto-Sukukaja', 'Tarukaja', 'Recarm', 'Patra', 'Mabufu']
['Patra', 'Marakunda', 'Dodge Slash', 'Auto-Tarukaja', 'Tarukaja']
['Patra', 'Recarm', 'Null Dark', 'Tarukaja', 'Sukukaja']
['Auto-Tarukaja', 'Marakunda', 'Sukukaja', 'Patra', 'Diarahan']
['Recarm', 'Patra', 'Zio', 'Tarukaja', 'Marakunda']
['Diarahan', 'Tarukaja', 'Sukukaja', 'Patra', 'Zio']
['Patra', 'Auto-Sukukaja', 'Sukukaja', 'Diarahan', 'Auto-Tarukaja']
['Null Dark', 'Tarukaja', 'Diarahan', 'Patra', 'Recarm']
['Sukukaja', 'Mabufu', 'Diarahan', 'Patra', 'Spirit Drain']
['Sukukaja', 'Patra', 'Tarukaja', 'Recarm', 'Auto-Sukukaja']
['Marakunda', 'Patra', 'Tarukaja', 'Zio', 'Diarahan']
['Recarm', 'Patra', 'Diarahan', 'Tarukaja', 'Auto-Tarukaja']
['Patra', 'Auto-Tarukaja', 'Zio', 'Null Dark', 'Sukukaja']
['Tarukaja', 'Patra', 'Sukukaja', 'Auto-Sukukaja', 'Zio']
['Recarm', 'Patra', 'Evil Touch', 'Tarukaja', 'Zio']
['Patra', 'Sukukaja', 'Marakunda', 'Recarm', 'Evil Touch']
['Patra', 'Zio', 'Sukukaja', 'Tarukaja', 'Marakunda']
['Mabufu', 'Patra', 'Auto-Sukukaja', 'Tarukaja', 'Recarm']
['Patra', 'Sukukaja', 'Tarukaja', 'Diarahan', 'Evil Touch']
['Sukukaja', 'Recarm', 'Tarukaja', 'Patra', 'Zio']
['Sukukaja', 'Patra', 'Recarm', 'Diarahan', 'Repel Dark']
['Patra', 'Marakunda', 'Mabufu', 'Megido', 'Zio']
['Patra', 'Marakunda', 'Diarahan', 'Tarukaja', 'Mabufu']
['Patra', 'Megido', 'Sukukaja', 'Diarahan', 'Marakunda']
['Patra', 'Tarukaja', 'Spirit Drain', 'Recarm', 'Sukukaja']
['Patra', 'Tarukaja', 'Marakunda', 'Dodge Slash', 'Null Dark']
['Tarukaja', 'Diarahan', 'Patra', 'Spirit Drain', 'Zio']
['Sukukaja', 'Diarahan', 'Tarukaja', 'Patra', 'Auto-Tarukaja']
['Tarukaja', 'Patra', 'Sukukaja', 'Null Dark', 'Dodge Slash']
['Patra', 'Tarukaja', 'Sukukaja', 'Dodge Slash', 'Diarahan']
['Dodge Slash', 'Auto-Tarukaja', 'Patra', 'Tarukaja', 'Sukukaja']
['Diarahan', 'Patra', 'Recarm', 'Tarukaja', 'Null Dark']
['Sukukaja', 'Evil Touch', 'Patra', 'Marin Karin', 'Recarm']
['Patra', 'Tarukaja', 'Diarahan', 'Recarm', 'Auto-Sukukaja']
['Patra', 'Dodge Slash', 'Sukukaja', 'Auto-Tarukaja', 'Diarahan']
['Diarahan', 'Zio', 'Patra', 'Tarukaja', 'Sukukaja']
['Diarahan', 'Patra', 'Spirit Drain', 'Recarm', 'Tarukaja']
['Patra', 'Marakunda', 'Mabufu', 'Sukukaja', 'Auto-Tarukaja']
['Tarukaja', 'Patra', 'Sukukaja', 'Diarahan', 'Recarm']
['Diarahan', 'Patra', 'Zio', 'Tarukaja', 'Sukukaja']
['Marakunda', 'Sukukaja', 'Zio', 'Patra', 'Recarm']
['Patra', 'Recarm', 'Diarahan', 'Marakunda', 'Sukukaja']
['Patra', 'Tarukaja', 'Evil Touch', 'Sukukaja', 'Auto-Tarukaja']
['Diarahan', 'Tarukaja', 'Patra', 'Marin Karin', 'Recarm']
['Patra', 'Zio', 'Auto-Sukukaja', 'Diarahan', 'Tarukaja']
['Tarukaja', 'Patra', 'Growth 3', 'Diarahan', 'Null Dark']
['Patra', 'Growth 3', 'Diarahan', 'Sukukaja', 'Recarm']
['Tarukaja', 'Growth 3', 'Patra', 'Dodge Slash', 'Auto-Sukukaja']
['Sukukaja', 'Diarahan', 'Tarukaja', 'Zio', 'Patra']
['Recarm', 'Diarahan', 'Patra', 'Marakunda', 'Sukukaja']
['Tarukaja', 'Patra', 'Diarahan', 'Recarm', 'Auto-Sukukaja']
['Auto-Sukukaja', 'Tarukaja', 'Sukukaja', 'Recarm', 'Diarahan']
['Zio', 'Sukukaja', 'Patra', 'Tarukaja', 'Auto-Sukukaja']
['Sukukaja', 'Recarm', 'Patra', 'Auto-Tarukaja', 'Tarukaja']
['Patra', 'Tarukaja', 'Recarm', 'Zio', 'Diarahan']
['Patra', 'Mabufu', 'Recarm', 'Marakunda', 'Tarukaja']
['Auto-Sukukaja', 'Sukukaja', 'Tarukaja', 'Patra', 'Zio']
['Diarahan', 'Recarm', 'Patra', 'Mabufu', 'Sukukaja']
['Patra', 'Sukukaja', 'Tarukaja', 'Diarahan', 'Zio']
['Patra', 'Recarm', 'Marakunda', 'Dodge Slash', 'Zio']
['Zio', 'Recarm', 'Tarukaja', 'Auto-Sukukaja', 'Sukukaja']
['Patra', 'Auto-Sukukaja', 'Sukukaja', 'Auto-Tarukaja', 'Diarahan']
['Patra', 'Sukukaja', 'Zio', 'Tarukaja', 'Marakunda']
['Zio', 'Tarukaja', 'Recarm', 'Patra', 'Marakunda']
['Patra', 'Recarm', 'Sukukaja', 'Zio', 'Tarukaja']
['Patra', 'Tarukaja', 'Recarm', 'Auto-Tarukaja', 'Mabufu']
['Zio', 'Dodge Slash', 'Megido', 'Patra', 'Diarahan']
['Patra', 'Marin Karin', 'Recarm', 'Tarukaja', 'Sukukaja']
['Auto-Sukukaja', 'Patra', 'Marakunda', 'Sukukaja', 'Diarahan']
['Marakunda', 'Patra', 'Zio', 'Mabufu', 'Auto-Tarukaja']
['Patra', 'Dodge Slash', 'Sukukaja', 'Recarm', 'Tarukaja']
['Patra', 'Marakunda', 'Diarahan', 'Tarukaja', 'Marin Karin']
['Mabufu', 'Patra', 'Tarukaja', 'Diarahan', 'Dodge Slash']
['Mabufu', 'Patra', 'Recarm', 'Sukukaja', 'Tarukaja']
['Patra', 'Zio', 'Tarukaja', 'Dodge Slash', 'Sukukaja']
['Sukukaja', 'Patra', 'Tarukaja', 'Diarahan', 'Dodge Slash']
['Tarukaja', 'Sukukaja', 'Dodge Slash', 'Mabufu', 'Marakunda']
['Mabufu', 'Sukukaja', 'Diarahan', 'Zio', 'Tarukaja']
['Patra', 'Recarm', 'Marakunda', 'Zio', 'Tarukaja']
['Megido', 'Patra', 'Recarm', 'Tarukaja', 'Spirit Drain']
['Megido', 'Patra', 'Recarm', 'Sukukaja', 'Diarahan']
['Patra', 'Marakunda', 'Zio', 'Tarukaja', 'Recarm']
['Patra', 'Zio', 'Recarm', 'Repel Dark', 'Marakunda']
['Sukukaja', 'Patra', 'Recarm', 'Zio', 'Tarukaja']
['Patra', 'Diarahan', 'Marakunda', 'Tarukaja', 'Sukukaja']
['Spirit Drain', 'Patra', 'Mabufu', 'Marakunda', 'Sukukaja']
['Tarukaja', 'Patra', 'Marakunda', 'Diarahan', 'Growth 3']
['Dodge Slash', 'Marakunda', 'Patra', 'Diarahan', 'Null Dark']
['Marakunda', 'Diarahan', 'Patra', 'Zio', 'Recarm']
['Zio', 'Patra', 'Marakunda', 'Auto-Sukukaja', 'Recarm']
['Sukukaja', 'Patra', 'Tarukaja', 'Recarm', 'Null Dark']
['Patra', 'Sukukaja', 'Mabufu', 'Recarm', 'Tarukaja']
['Zio', 'Tarukaja', 'Patra', 'Recarm', 'Mabufu']
['Patra', 'Diarahan', 'Auto-Sukukaja', 'Tarukaja', 'Sukukaja']
['Sukukaja', 'Auto-Tarukaja', 'Patra', 'Diarahan', 'Recarm']
['Sukukaja', 'Patra', 'Diarahan', 'Tarukaja', 'Growth 3']
