['Magaru', 'Salvation', 'Samarecarm', 'Megidolaon']
['Dodge Wind', 'Bufu', 'Wind Boost', 'Salvation']
['Garu', 'Ziodyne', 'Bufu', 'Rakukaja']
['Samarecarm', 'Rakukaja', 'Dodge Wind', 'Salvation']
['Samarecarm', 'Dodge Wind', 'Bufu', 'Null Charm']
['Samarecarm', 'Magaru', 'Garu', 'Null Charm']
['Garu', 'Mind Charge', 'Rakukaja', 'Salvation']
['Samarecarm', 'Garu', 'Mind Charge', 'Bufu']
['Rakukaja', 'Garu', 'Wind Boost', 'Magaru']
['Garu', 'Samarecarm', 'Salvation', 'Magaru']
['Bufu', 'Samarecarm', 'High Counter', 'Null Charm']
['Wind Boost', 'Bufu', 'Magaru', 'Rakukaja']
['Salvation', 'Garu', 'Wind Boost', 'Bufu']
['Samarecarm', 'Auto-Maraku', 'Salvation', 'Rakukaja']
['Mind Charge', 'Samarecarm', 'Garu', 'Bufu']
['Rakukaja', 'Samarecarm', 'Dodge Wind', 'Null Charm']
['Garu', 'Absorb Slash', 'Wind Boost', 'Bufu']
['Salvation', 'Mind Charge', 'Samarecarm', 'Ziodyne']
['Null Charm', 'Dodge Wind', 'Spell Master', 'Samarecarm']
['Garu', 'Samarecarm', 'Rakukaja', 'Dodge Wind']
['Bufu', 'Rakukaja', 'Spell Master', 'Samarecarm']
['Samarecarm', 'Salvation', 'High Counter', 'Mind Charge']
['Samarecarm', 'Mind Charge', 'Ziodyne', 'Garu']
['Bow Master', 'Dodge Wind', 'Samarecarm', 'Ziodyne']
['Garu', 'Megidolaon', 'Rakukaja', 'Bufu']
['Megidolaon', 'Garu', 'Bufu', 'Samarecarm']
['Bufu', 'Mind Charge', 'Ziodyne', 'Rakukaja']
['Bow Master', 'Samarecarm', 'Salvation', 'Absorb Slash']
['Rakukaja', 'Mind Charge', 'Magaru', 'Samarecarm']
['Garu', 'Rakukaja', 'Morning Star', 'Samarecarm']
['Bow Master', 'Mind Charge', 'Samarecarm', 'Bufu']
['Garu', 'Bufu', 'Null Charm', 'Morning Star']
['Rakukaja', 'Bufu', 'Garu', 'Salvation']
['Rakukaja', 'Samarecarm', 'Null Charm', 'Bufu']
['Samarecarm', 'Rakukaja', 'Bufu', 'Salvation']
['Bufu', 'High Counter', 'Salvation', 'Garu']
['Salvation', 'Ziodyne', 'Garu', 'Rakukaja']
['Wind Boost', 'Spell Master', 'Rakukaja', 'Samarecarm']
['Dodge Wind', 'Wind Boost', 'Bufu', 'Null Charm']
['Rakukaja', 'Magaru', 'Null Charm', 'Samarecarm']
['Wind Boost', 'Bow Master', 'Mind Charge', 'Salvation']
['High Counter', 'Salvation', 'Rakukaja', 'Garu']
['Samarecarm', 'Garu', 'Salvation', 'Megidolaon']
['High Counter', 'Samarecarm', 'Ziodyne', 'Bufu']
['Rakukaja', 'Bow Master', 'Bufu', 'Salvation']
['Samarecarm', 'Rakukaja', 'Garu', 'Salvation']
['Magaru', 'Samarecarm', 'Garu', 'Rakukaja']
['Garu', 'Salvation', 'High Counter', 'Mind Charge']
['Ziodyne', 'Rakukaja', 'Salvation', 'Mind Charge']
['Samarecarm', 'Ziodyne', 'Magaru', 'Garu']
['Garu', 'Rakukaja', 'Samarecarm', 'Bufu']
['Bufu', 'Rakukaja', 'Magaru', 'Samarecarm']
['Rakukaja', 'Wind Boost', 'Ziodyne', 'Garu']
['Rakukaja', 'Ziodyne', 'Salvation', 'Dodge Wind']
['Rakukaja', 'Mind Charge', 'Garu', 'Samarecarm']
['Megidolaon', 'Mind Charge', 'Rakukaja', 'Dodge Wind']
['Ziodyne', 'Mind Charge', 'Garu', 'High Counter']
['Bufu', 'Garu', 'Bow Master', 'Wind Boost']
['Mind Charge', 'Salvation', 'Garu', 'Rakukaja']
['Samarecarm', 'Salvation', 'Null Charm', 'Auto-Maraku']
['Ziodyne', 'Mind Charge', 'Auto-Maraku', 'Magaru']
['Samarecarm', 'Garu', 'Rakukaja', 'High Counter']
['Samarecarm', 'Rakukaja', 'Garu', 'Magaru']
['Mind Charge', 'Samarecarm', 'Rakukaja', 'Bufu']
['Samarecarm', 'Absorb Slash', 'Wind Boost', 'Spell Master']
['Wind Boost', 'Samarecarm', 'Salvation', 'Rakukaja']
['Rakukaja', 'Samarecarm', 'Null Charm', 'Bufu']
['Rakukaja', 'Bufu', 'Mind Charge', 'Samarecarm']
['Samarecarm', 'Wind Boost', 'Ziodyne', 'Null Charm']
['Dodge Wind', 'Rakukaja', 'Absorb Slash', 'Wind Boost']
['Garu', 'Samarecarm', 'Megidolaon', 'Mind Charge']
['Rakukaja', 'Salvation', 'Samarecarm', 'Dodge Wind']
['Spell Master', 'Victory Cry', 'Samarecarm', 'Garu']
['Magaru', 'High Counter', 'Rakukaja', 'Salvation']
['Rakukaja', 'Dodge Wind', 'Samarecarm', 'Salvation']
['Null Charm', 'Garu', 'Samarecarm', 'Salvation']
['Samarecarm', 'Garu', 'Mind Charge', 'High Counter']
['Rakukaja', 'Mind Charge', 'Null Charm', 'Salvation']
['Samarecarm', 'Wind Boost', 'Rakukaja', 'Auto-Maraku']
['Rakukaja', 'Samarecarm', 'Salvation', 'Bufu']
['Rakukaja', 'Salvation', 'High Counter', 'Bufu']
['Salvation', 'Garu', 'Samarecarm', 'Magaru']
['Samarecarm', 'Wind Boost', 'Dodge Wind', 'Null Charm']
['Garu', 'Dodge Wind', 'Salvation', 'Rakukaja']
['Samarecarm', 'Rakukaja', 'Magaru', 'High Counter']
['Salvation', 'Mind Charge', 'Morning Star', 'Spell Master']
['Null Charm', 'Samarecarm', 'Magaru', 'Garu']
['Absorb Slash', 'Victory Cry', 'Garu', 'Bufu']
['Mind Charge', 'Rakukaja', 'High Counter', 'Garu']
['Samarecarm', 'Bufu', 'Garu', 'Rakukaja']
['Rakukaja', 'Mind Charge', 'Garu', 'High Counter']
['Rakukaja', 'Garu', 'Spell Master', 'Ziodyne']
['Samarecarm', 'Wind Boost', 'Bow Master', 'Garu']
['Samarecarm', 'Magaru', 'Garu', 'Rakukaja']
['Samarecarm', 'Rakukaja', 'Ziodyne', 'Bufu']
['Garu', 'Bufu', 'Rakukaja', 'Absorb Slash']
['Mind Charge', 'Rakukaja', 'Salvation', 'Garu']
['Rakukaja', 'Ziodyne', 'Mind Charge', 'Magaru']
['Garu', 'Samarecarm', 'Wind Boost', 'Rakukaja']
['Garu', 'Magaru', 'Salvation', 'Wind Boost']
['Samarecarm', 'Bufu', 'Garu', 'Salvation']
['Rakukaja', 'Null Charm', 'Mind Charge', 'Wind Boost']
['Rakukaja', 'Spell Master', 'Samarecarm', 'Bufu']
['Rakukaja', 'Samarecarm', 'High Counter', 'Bufu']
['Absorb Slash', 'Bufu', 'Salvation', 'Samarecarm']
['Rakukaja', 'Garu', 'Bufu', 'Null Charm']
['Mind Charge', 'Samarecarm', 'Salvation', 'Rakukaja']
['Wind Boost', 'Rakukaja', 'High Counter', 'Samarecarm']
['Bufu', 'Mind Charge', 'Garu', 'Dodge Wind']
['Rakukaja', 'Salvation', 'Garu', 'Wind Boost']
['Bufu', 'Bow Master', 'Samarecarm', 'Garu']
['Rakukaja', 'Samarecarm', 'Bufu', 'Wind Boost']
['Bufu', 'Mind Charge', 'High Counter', 'Garu']
['Rakukaja', 'Salvation', 'Victory Cry', 'High Counter']
['Salvation', 'Megidolaon', 'Garu', 'Rakukaja']
['Samarecarm', 'Garu', 'Salvation', 'Rakukaja']
['Absorb Slash', 'Samarecarm', 'Rakukaja', 'Garu']
['Samarecarm', 'Spell Master', 'Rakukaja', 'High Counter']
['Spell Master', 'Rakukaja', 'Magaru', 'Bufu']
['Samarecarm', 'Rakukaja', 'Garu', 'Dodge Wind']
['Rakukaja', 'Samarecarm', 'Salvation', 'Absorb Slash']
['Mind Charge', 'Garu', 'Rakukaja', 'Bufu']
['Samarecarm', 'Mind Charge', 'Dodge Wind', 'Rakukaja']
['Megidolaon', 'Mind Charge', 'Rakukaja', 'Dodge Wind']
['Samarecarm', 'Bufu', 'Rakukaja', 'Salvation']
['Rakukaja', 'Bufu', 'Ziodyne', 'Wind Boost']
['Salvation', 'Magaru', 'Bufu', 'Mind Charge']
['Garu', 'Samarecarm', 'Salvation', 'Rakukaja']
['Samarecarm', 'Rakukaja', 'Magaru', 'Garu']
['Bufu', 'Garu', 'Auto-Maraku', 'Rakukaja']
['Garu', 'Bufu', 'Dodge Wind', 'Mind Charge']
['Bufu', 'Salvation', 'Rakukaja', 'Null Charm']
['Samarecarm', 'Rakukaja', 'Salvation', 'Null Charm']
['Wind Boost', 'Magaru', 'Null Charm', 'Rakukaja']
['Garu', 'Bufu', 'Bow Master', 'Salvation']
['Mind Charge', 'Samarecarm', 'Garu', 'Bufu']
['Garu', 'Samarecarm', 'Dodge Wind', 'Rakukaja']
['Rakukaja', 'Bufu', 'Megidolaon', 'Bow Master']
['Magaru', 'Salvation', 'Rakukaja', 'Samarecarm']
['Ziodyne', 'Rakukaja', 'Mind Charge', 'Wind Boost']
['Absorb Slash', 'Samarecarm', 'Salvation', 'Dodge Wind']
['Ziodyne', 'Mind Charge', 'Wind Boost', 'Garu']
['Mind Charge', 'Rakukaja', 'Megidolaon', 'High Counter']
['Mind Charge', 'Rakukaja', 'Samarecarm', 'Magaru']
['Garu', 'Wind Boost', 'Bufu', 'Ziodyne']
['Auto-Maraku', 'Wind Boost', 'Garu', 'Samarecarm']
['Victory Cry', 'Bufu', 'Bow Master', 'Samarecarm']
['Salvation', 'Bufu', 'Rakukaja', 'Magaru']
['Rakukaja', 'Absorb Slash', 'Mind Charge', 'Samarecarm']
['Wind Boost', 'Samarecarm', 'Rakukaja', 'Spell Master']
['Bufu', 'Morning Star', 'Mind Charge', 'Rakukaja']
['Auto-Maraku', 'Bufu', 'Garu', 'Magaru']
['Wind Boost', 'Rakukaja', 'Mind Charge', 'Absorb Slash']
['Wind Boost', 'Rakukaja', 'Dodge Wind', 'Salvation']
['Rakukaja', 'Wind Boost', 'Mind Charge', 'Bufu']
['Dodge Wind', 'Samarecarm', 'Rakukaja', 'Garu']
['Rakukaja', 'Wind Boost', 'Samarecarm', 'Bow Master']
['Auto-Maraku', 'Null Charm', 'Samarecarm', 'Salvation']
['Samarecarm', 'Rakukaja', 'Victory Cry', 'Bufu']
['Null Charm', 'Wind Boost', 'Magaru', 'Salvation']
['Rakukaja', 'Garu', 'Mind Charge', 'Victory Cry']
['Dodge Wind', 'Salvation', 'Garu', 'Bufu']
['Samarecarm', 'Garu', 'Rakukaja', 'Magaru']
['Garu', 'Samarecarm', 'Victory Cry', 'Dodge Wind']
['Victory Cry', 'Garu', 'Bufu', 'Mind Charge']
['Rakukaja', 'Samarecarm', 'Bufu', 'Salvation']
['Megidolaon', 'Wind Boost', 'Garu', 'Samarecarm']
['Mind Charge', 'Bufu', 'Null Charm', 'Samarecarm']
['Dodge Wind', 'Samarecarm', 'Mind Charge', 'Rakukaja']
['Rakukaja', 'Ziodyne', 'Samarecarm', 'Garu']
['Bufu', 'Salvation', 'Samarecarm', 'Rakukaja']
['Rakukaja', 'Samarecarm', 'Bufu', 'Dodge Wind']
['Samarecarm', 'Garu', 'Auto-Maraku', 'Magaru']
['Rakukaja', 'Dodge Wind', 'Samarecarm', 'High Counter']
['Ziodyne', 'Salvation', 'Garu', 'Rakukaja']
['Garu', 'Rakukaja', 'Ziodyne', 'Mind Charge']
['Samarecarm', 'Wind Boost', 'Garu', 'Dodge Wind']
['Garu', 'Null Charm', 'Samarecarm', 'Rakukaja']
['Samarecarm', 'Bufu', 'High Counter', 'Salvation']
['Bufu', 'Salvation', 'Magaru', 'Samarecarm']
['Garu', 'Salvation', 'Bufu', 'Rakukaja']
['Wind Boost', 'Rakukaja', 'Bow Master', 'Bufu']
['Rakukaja', 'Samarecarm', 'Auto-Maraku', 'High Counter']
['Bufu', 'Salvation', 'Garu', 'Rakukaja']
['Rakukaja', 'Salvation', 'Samarecarm', 'Dodge Wind']
['Magaru', 'Salvation', 'Spell Master', 'Garu']
['Victory Cry', 'Bufu', 'Samarecarm', 'Rakukaja']
['Rakukaja', 'Auto-Maraku', 'Samarecarm', 'Null Charm']
['Absorb Slash', 'Salvation', 'Morning Star', 'Auto-Maraku']
['Salvation', 'Rakukaja', 'Samarecarm', 'Wind Boost']
['Mind Charge', 'Wind Boost', 'Victory Cry', 'Magaru']
['Rakukaja', 'Auto-Maraku', 'Samarecarm', 'Morning Star']
['Samarecarm', 'Rakukaja', 'Mind Charge', 'Dodge Wind']
['Rakukaja', 'Samarecarm', 'Garu', 'Salvation']
['Wind Boost', 'Garu', 'Bufu', 'Rakukaja']
['Rakukaja', 'Bufu', 'Salvation', 'Mind Charge']
['Samarecarm', 'Garu', 'Dodge Wind', 'Ziodyne']
['Samarecarm', 'Magaru', 'Rakukaja', 'Bufu']
['Morning Star', 'Mind Charge', 'Garu', 'Wind Boost']
['Mind Charge', 'Samarecarm', 'Salvation', 'Garu']
['Rakukaja', 'Garu', 'Ziodyne', 'Absorb Slash']
['Samarecarm', 'Rakukaja', 'Magaru', 'High Counter']
['Magaru', 'Mind Charge', 'Spell Master', 'Salvation']
['Rakukaja', 'Morning Star', 'Bufu', 'Mind Charge']
['Samarecarm', 'Ziodyne', 'Rakukaja', 'Garu']
['Wind Boost', 'Salvation', 'Auto-Maraku', 'Spell Master']
['Megidolaon', 'Samarecarm', 'Rakukaja', 'Mind Charge']
['Garu', 'Rakukaja', 'Samarecarm', 'Bufu']
['Mind Charge', 'Garu', 'Wind Boost', 'Samarecarm']
['Absorb Slash', 'Mind Charge', 'Bufu', 'Rakukaja']
['Mind Charge', 'Wind Boost', 'Rakukaja', 'Salvation']
['Mind Charge', 'Bufu', 'Absorb Slash', 'Rakukaja']
['Salvation', 'Rakukaja', 'Null Charm', 'Ziodyne']
['Bufu', 'Megidolaon', 'Rakukaja', 'Samarecarm']
['Bufu', 'Garu', 'Rakukaja', 'Victory Cry']
['Ziodyne', 'Wind Boost', 'Salvation', 'Magaru']
['Mind Charge', 'Wind Boost', 'Samarecarm', 'Rakukaja']
['Samarecarm', 'Mind Charge', 'Bufu', 'Rakukaja']
['Bow Master', 'Samarecarm', 'Garu', 'Rakukaja']
['Ziodyne', 'Mind Charge', 'Samarecarm', 'Bufu']
['Samarecarm', 'Rakukaja', 'High Counter', 'Null Charm']
['Rakukaja', 'Salvation', 'Wind Boost', 'Mind Charge']
['Rakukaja', 'Garu', 'Mind Charge', 'Wind Boost']
['Garu', 'Samarecarm', 'Rakukaja', 'Null Charm']
['Salvation', 'Bufu', 'Garu', 'Rakukaja']
['Rakukaja', 'Garu', 'Salvation', 'Bufu']
['Magaru', 'Rakukaja', 'Morning Star', 'Samarecarm']
['Bufu', 'Samarecarm', 'Wind Boost', 'Magaru']
['Mind Charge', 'Megidolaon', 'Rakukaja', 'Wind Boost']
['Samarecarm', 'Bow Master', 'Null Charm', 'Bufu']
['Bufu', 'Mind Charge', 'Salvation', 'Samarecarm']
['Rakukaja', 'Absorb Slash', 'Garu', 'Dodge Wind']
['Samarecarm', 'Bufu', 'Salvation', 'Rakukaja']
['Wind Boost', 'Rakukaja', 'Salvation', 'Bufu']
['Rakukaja', 'Ziodyne', 'Mind Charge', 'Megidolaon']
['Rakukaja', 'Mind Charge', 'Garu', 'Salvation']
['Magaru', 'Bow Master', 'Samarecarm', 'Wind Boost']
['Rakukaja', 'Samarecarm', 'Bufu', 'Garu']
['Samarecarm', 'Garu', 'Mind Charge', 'Wind Boost']
['High Counter', 'Salvation', 'Rakukaja', 'Samarecarm']
['Rakukaja', 'Samarecarm', 'Salvation', 'Bufu']
['Rakukaja', 'Bufu', 'Bow Master', 'Auto-Maraku']
['Bufu', 'Wind Boost', 'Samarecarm', 'Rakukaja']
['Salvation', 'Mind Charge', 'Garu', 'Bufu']
['Samarecarm', 'Mind Charge', 'Rakukaja', 'Auto-Maraku']
['Mind Charge', 'High Counter', 'Samarecarm', 'Bufu']
['Samarecarm', 'Rakukaja', 'Mind Charge', 'Dodge Wind']
['Wind Boost', 'Garu', 'Magaru', 'Rakukaja']
['Samarecarm', 'Mind Charge', 'Salvation', 'Bufu']
['Salvation', 'Bufu', 'Rakukaja', 'Null Charm']
['Mind Charge', 'Auto-Maraku', 'High Counter', 'Samarecarm']
['Garu', 'Mind Charge', 'Rakukaja', 'Magaru']
['Garu', 'Rakukaja', 'Dodge Wind', 'Bufu']
['Garu', 'Absorb Slash', 'Rakukaja', 'Salvation']
['Absorb Slash', 'Garu', 'Samarecarm', 'Bufu']
['Bow Master', 'Salvation', 'Bufu', 'Rakukaja']
['Bufu', 'Rakukaja', 'Samarecarm', 'Magaru']
['Salvation', 'Samarecarm', 'Rakukaja', 'Mind Charge']
['Absorb Slash', 'Samarecarm', 'Garu', 'Bufu']
['Mind Charge', 'Absorb Slash', 'Rakukaja', 'Magaru']
['Magaru', 'Samarecarm', 'Rakukaja', 'Null Charm']
['Garu', 'Bow Master', 'Samarecarm', 'Mind Charge']
['Mind Charge', 'Samarecarm', 'Wind Boost', 'Rakukaja']
['Spell Master', 'Wind Boost', 'Samarecarm', 'Mind Charge']
['Rakukaja', 'Null Charm', 'Bufu', 'Bow Master']
['Salvation', 'Samarecarm', 'Dodge Wind', 'Mind Charge']
['Bufu', 'Mind Charge', 'Auto-Maraku', 'Garu']
['Rakukaja', 'Mind Charge', 'Magaru', 'Samarecarm']
['Garu', 'High Counter', 'Wind Boost', 'Samarecarm']
['Rakukaja', 'Auto-Maraku', 'Samarecarm', 'Dodge Wind']
['Magaru', 'Bufu', 'Rakukaja', 'Garu']
['Magaru', 'Rakukaja', 'Victory Cry', 'Null Charm']
['Megidolaon', 'Rakukaja', 'Garu', 'Bufu']
['Rakukaja', 'Samarecarm', 'Garu', 'High Counter']
['Absorb Slash', 'Wind Boost', 'Samarecarm', 'Rakukaja']
['Rakukaja', 'High Counter', 'Magaru', 'Salvation']
['Bufu', 'Mind Charge', 'Wind Boost', 'Garu']
['Rakukaja', 'Wind Boost', 'Samarecarm', 'Garu']
['Spell Master', 'Mind Charge', 'Bufu', 'Rakukaja']
['Mind Charge', 'Garu', 'Salvation', 'Auto-Maraku']
['Garu', 'Dodge Wind', 'Rakukaja', 'Salvation']
['Bufu', 'Null Charm', 'Samarecarm', 'Mind Charge']
['Rakukaja', 'Bow Master', 'Bufu', 'Garu']
['Garu', 'Dodge Wind', 'Wind Boost', 'Absorb Slash']
['Rakukaja', 'Samarecarm', 'Ziodyne', 'Mind Charge']
['Garu', 'Rakukaja', 'Megidolaon', 'Wind Boost']
['Salvation', 'Rakukaja', 'Garu', 'Samarecarm']
['Mind Charge', 'Salvation', 'Samarecarm', 'Magaru']
['Rakukaja', 'Garu', 'Salvation', 'Samarecarm']
['Salvation', 'Rakukaja', 'Ziodyne', 'Null Charm']
['Samarecarm', 'Bufu', 'Magaru', 'Mind Charge']
['Bufu', 'Mind Charge', 'Samarecarm', 'Rakukaja']
['Garu', 'Wind Boost', 'Samarecarm', 'Victory Cry']
['Samarecarm', 'Auto-Maraku', 'Magaru', 'Dodge Wind']
['Mind Charge', 'Garu', 'Wind Boost', 'Bow Master']
['Dodge Wind', 'Salvation', 'Rakukaja', 'Megidolaon']
['Victory Cry', 'Samarecarm', 'Salvation', 'Rakukaja']
['Bufu', 'High Counter', 'Spell Master', 'Salvation']
['Bufu', 'Rakukaja', 'Mind Charge', 'Magaru']
['Salvation', 'Bufu', 'Bow Master', 'Absorb Slash']
['Bow Master', 'Samarecarm', 'Garu', 'Bufu']
['Bow Master', 'Samarecarm', 'Rakukaja', 'Dodge Wind']
['Magaru', 'Samarecarm', 'Rakukaja', 'Salvation']
['Null Charm', 'Samarecarm', 'Garu', 'Absorb Slash']
['Salvation', 'Rakukaja', 'Samarecarm', 'Ziodyne']
['High Counter', 'Salvation', 'Bufu', 'Mind Charge']
['Samarecarm', 'Auto-Maraku', 'Rakukaja', 'Salvation']
['Salvation', 'Samarecarm', 'Rakukaja', 'Megidolaon']
['Samarecarm', 'Bufu', 'Rakukaja', 'Salvation']
['Mind Charge', 'Rakukaja', 'Magaru', 'Dodge Wind']
['Salvation', 'Mind Charge', 'Rakukaja', 'Samarecarm']
['Dodge Wind', 'Salvation', 'Wind Boost', 'Samarecarm']
['Wind Boost', 'Rakukaja', 'Salvation', 'Samarecarm']
['Bufu', 'Salvation', 'Victory Cry', 'Garu']
['Mind Charge', 'High Counter', 'Rakukaja', 'Salvation']
['Absorb Slash', 'Salvation', 'High Counter', 'Dodge Wind']
['Null Charm', 'Dodge Wind', 'Ziodyne', 'Garu']
['Garu', 'Samarecarm', 'Bufu', 'Salvation']
['Salvation', 'Magaru', 'Bow Master', 'Megidolaon']
['Samarecarm', 'Bow Master', 'Bufu', 'Mind Charge']
['Wind Boost', 'Bufu', 'Magaru', 'Garu']
['Rakukaja', 'Samarecarm', 'Salvation', 'Ziodyne']
['Bufu', 'Garu', 'Mind Charge', 'Samarecarm']
['Mind Charge', 'Garu', 'Salvation', 'Bufu']
['Salvation', 'Samarecarm', 'Bufu', 'Spell Master']
['Garu', 'Bow Master', 'Samarecarm', 'Wind Boost']
['Rakukaja', 'Garu', 'Wind Boost', 'Bufu']
['Rakukaja', 'Magaru', 'Wind Boost', 'Samarecarm']
['Ziodyne', 'Garu', 'Morning Star', 'Magaru']
['Wind Boost', 'Auto-Maraku', 'Samarecarm', 'Bufu']
['Garu', 'Wind Boost', 'Rakukaja', 'Dodge Wind']
['Bufu', 'Null Charm', 'Mind Charge', 'Samarecarm']
['Dodge Wind', 'Rakukaja', 'Magaru', 'Bufu']
['Rakukaja', 'Mind Charge', 'Auto-Maraku', 'Samarecarm']
['Bufu', 'Morning Star', 'Salvation', 'Rakukaja']
['Rakukaja', 'Mind Charge', 'Samarecarm', 'Null Charm']
['Salvation', 'Samarecarm', 'Magaru', 'Rakukaja']
['Magaru', 'Rakukaja', 'Dodge Wind', 'Samarecarm']
['Bufu', 'Salvation', 'High Counter', 'Wind Boost']
['Absorb Slash', 'Null Charm', 'Magaru', 'Samarecarm']
['Mind Charge', 'Ziodyne', 'Garu', 'Bufu']
['Morning Star', 'High Counter', 'Bufu', 'Absorb Slash']
['Samarecarm', 'Rakukaja', 'Mind Charge', 'Auto-Maraku']
['Spell Master', 'Samarecarm', 'Rakukaja', 'Mind Charge']
['Rakukaja', 'Victory Cry', 'Magaru', 'Spell Master']
['Bow Master', 'Dodge Wind', 'Rakukaja', 'High Counter']
['Samarecarm', 'Bufu', 'Victory Cry', 'Rakukaja']
['Samarecarm', 'Bow Master', 'Garu', 'Wind Boost']
['Wind Boost', 'Samarecarm', 'Magaru', 'Garu']
['Null Charm', 'Rakukaja', 'Salvation', 'Garu']
['Samarecarm', 'Rakukaja', 'Bufu', 'Garu']
['Bufu', 'Samarecarm', 'Magaru', 'Garu']
['Mind Charge', 'Garu', 'Samarecarm', 'High Counter']
['Samarecarm', 'Garu', 'Wind Boost', 'Mind Charge']
['Samarecarm', 'Mind Charge', 'Ziodyne', 'Rakukaja']
['Dodge Wind', 'Mind Charge', 'Rakukaja', 'Bufu']
['Rakukaja', 'Salvation', 'Garu', 'Bufu']
['Wind Boost', 'Samarecarm', 'High Counter', 'Bufu']
['Rakukaja', 'Samarecarm', 'Magaru', 'Megidolaon']
['Salvation', 'Magaru', 'Null Charm', 'Wind Boost']
['Garu', 'Bufu', 'Wind Boost', 'Morning Star']
['Bufu', 'Samarecarm', 'Salvation', 'Auto-Maraku']
['Rakukaja', 'Wind Boost', 'Null Charm', 'Garu']
['Rakukaja', 'Mind Charge', 'Bufu', 'Wind Boost']
['Wind Boost', 'Salvation', 'Bufu', 'Samarecarm']
['Samarecarm', 'Rakukaja', 'Victory Cry', 'Null Charm']
['Rakukaja', 'Wind Boost', 'Bufu', 'Garu']
['Samarecarm', 'Rakukaja', 'Bufu', 'Mind Charge']
['Garu', 'Rakukaja', 'Magaru', 'Mind Charge']
['Mind Charge', 'Samarecarm', 'Null Charm', 'Rakukaja']
['Ziodyne', 'Samarecarm', 'Mind Charge', 'Bufu']
['Samarecarm', 'Rakukaja', 'Dodge Wind', 'Wind Boost']
['Garu', 'Magaru', 'Bufu', 'Rakukaja']
['Bufu', 'High Counter', 'Samarecarm', 'Salvation']
['Magaru', 'Absorb Slash', 'Victory Cry', 'Salvation']
['Salvation', 'Morning Star', 'Rakukaja', 'Samarecarm']
['Samarecarm', 'Mind Charge', 'Rakukaja', 'Megidolaon']
['Absorb Slash', 'Morning Star', 'Rakukaja', 'Samarecarm']
['Dodge Wind', 'Samarecarm', 'Magaru', 'Salvation']
['Rakukaja', 'Mind Charge', 'Dodge Wind', 'Bufu']
['Bufu', 'Mind Charge', 'Samarecarm', 'Rakukaja']
['Rakukaja', 'Samarecarm', 'Garu', 'Null Charm']
['Mind Charge', 'Garu', 'Samarecarm', 'Magaru']
['Rakukaja', 'Garu', 'Samarecarm', 'Dodge Wind']
['Garu', 'Magaru', 'Rakukaja', 'Samarecarm']
['Rakukaja', 'Garu', 'Wind Boost', 'Samarecarm']
['Dodge Wind', 'Garu', 'Samarecarm', 'Salvation']
['Salvation', 'Bufu', 'Rakukaja', 'Absorb Slash']
['Dodge Wind', 'Null Charm', 'Ziodyne', 'Garu']
['Garu', 'Samarecarm', 'Bow Master', 'Bufu']
['Rakukaja', 'Dodge Wind', 'Spell Master', 'Auto-Maraku']
['Garu', 'Samarecarm', 'Rakukaja', 'Mind Charge']
['Magaru', 'Salvation', 'Samarecarm', 'Rakukaja']
['Rakukaja', 'Salvation', 'Absorb Slash', 'Megidolaon']
['Ziodyne', 'Rakukaja', 'Magaru', 'Salvation']
['Samarecarm', 'Victory Cry', 'Mind Charge', 'Spell Master']
['Garu', 'Samarecarm', 'Spell Master', 'Ziodyne']
['Garu', 'Samarecarm', 'Bow Master', 'Bufu']
['Wind Boost', 'Rakukaja', 'Salvation', 'Garu']
['Dodge Wind', 'Salvation', 'Spell Master', 'Morning Star']
['Rakukaja', 'Wind Boost', 'Spell Master', 'Samarecarm']
['Salvation', 'Rakukaja', 'Bufu', 'Morning Star']
['Bow Master', 'Absorb Slash', 'Dodge Wind', 'Samarecarm']
['Spell Master', 'Rakukaja', 'Magaru', 'Wind Boost']
['Wind Boost', 'Rakukaja', 'Samarecarm', 'Bow Master']
['Megidolaon', 'Rakukaja', 'Spell Master', 'Samarecarm']
['Garu', 'Magaru', 'Mind Charge', 'Rakukaja']
['Bufu', 'Victory Cry', 'Samarecarm', 'Morning Star']
['Rakukaja', 'Null Charm', 'Bufu', 'Spell Master']
['Rakukaja', 'Samarecarm', 'High Counter', 'Mind Charge']
['Bufu', 'Wind Boost', 'Samarecarm', 'Dodge Wind']
['Garu', 'Wind Boost', 'Samarecarm', 'Rakukaja']
['Rakukaja', 'Bow Master', 'Samarecarm', 'Magaru']
['Garu', 'Magaru', 'Rakukaja', 'Dodge Wind']
['Rakukaja', 'Magaru', 'Samarecarm', 'Garu']
['Samarecarm', 'Salvation', 'Mind Charge', 'Bufu']
['Samarecarm', 'Salvation', 'High Counter', 'Auto-Maraku']
['Samarecarm', 'Absorb Slash', 'High Counter', 'Mind Charge']
['Samarecarm', 'Mind Charge', 'Absorb Slash', 'Magaru']
['Samarecarm', 'Absorb Slash', 'Wind Boost', 'Garu']
['Bufu', 'Samarecarm', 'Morning Star', 'Wind Boost']
['Bufu', 'Bow Master', 'Rakukaja', 'Magaru']
['Salvation', 'Auto-Maraku', 'Bow Master', 'Magaru']
['Rakukaja', 'Samarecarm', 'Dodge Wind', 'Salvation']
['Megidolaon', 'Mind Charge', 'Salvation', 'Garu']
['Victory Cry', 'Rakukaja', 'Megidolaon', 'Morning Star']
['Rakukaja', 'Mind Charge', 'Samarecarm', 'Garu']
['Salvation', 'Mind Charge', 'Bufu', 'Dodge Wind']
['Samarecarm', 'Magaru', 'Salvation', 'Rakukaja']
['Ziodyne', 'Wind Boost', 'Samarecarm', 'Garu']
['Mind Charge', 'Rakukaja', 'Samarecarm', 'Bufu']
['Rakukaja', 'Samarecarm', 'Salvation', 'Bufu']
['Bufu', 'Rakukaja', 'Garu', 'Samarecarm']
['Ziodyne', 'Samarecarm', 'Garu', 'Rakukaja']
['Bufu', 'Magaru', 'Rakukaja', 'Wind Boost']
['Spell Master', 'Magaru', 'Dodge Wind', 'Samarecarm']
['Mind Charge', 'Bufu', 'Auto-Maraku', 'Ziodyne']
['Bufu', 'Rakukaja', 'Salvation', 'Samarecarm']
['Rakukaja', 'Magaru', 'Samarecarm', 'Mind Charge']
['Rakukaja', 'Garu', 'Wind Boost', 'High Counter']
['Samarecarm', 'Garu', 'Rakukaja', 'Magaru']
['Bow Master', 'Dodge Wind', 'Bufu', 'Wind Boost']
['Garu', 'Rakukaja', 'Bufu', 'Samarecarm']
['Garu', 'Rakukaja', 'Samarecarm', 'Salvation']
['Garu', 'Samarecarm', 'Salvation', 'Mind Charge']
['Rakukaja', 'Wind Boost', 'Megidolaon', 'Dodge Wind']
['Dodge Wind', 'Magaru', 'Mind Charge', 'Garu']
['Rakukaja', 'Samarecarm', 'Null Charm', 'Ziodyne']
['Null Charm', 'Garu', 'Wind Boost', 'Bow Master']
['Samarecarm', 'Rakukaja', 'Magaru', 'Mind Charge']
['Salvation', 'High Counter', 'Samarecarm', 'Bufu']
['Morning Star', 'Samarecarm', 'Rakukaja', 'Garu']
['Samarecarm', 'Bufu', 'Garu', 'Salvation']
['Auto-Maraku', 'Bufu', 'Garu', 'Wind Boost']
['Rakukaja', 'Victory Cry', 'Mind Charge', 'Morning Star']
['Mind Charge', 'Samarecarm', 'Bufu', 'Rakukaja']
['Victory Cry', 'Bow Master', 'Samarecarm', 'Rakukaja']
['Megidolaon', 'Rakukaja', 'Mind Charge', 'Wind Boost']
['Rakukaja', 'Samarecarm', 'Bufu', 'Garu']
['Garu', 'High Counter', 'Bufu', 'Samarecarm']
['Garu', 'Samarecarm', 'Mind Charge', 'Bufu']
['Bow Master', 'Bufu', 'Samarecarm', 'Rakukaja']
['Megidolaon', 'Rakukaja', 'Garu', 'Bufu']
['Salvation', 'Mind Charge', 'High Counter', 'Rakukaja']
['Magaru', 'Samarecarm', 'Ziodyne', 'Garu']
['Magaru', 'Rakukaja', 'Salvation', 'Samarecarm']
['Mind Charge', 'Salvation', 'Dodge Wind', 'Rakukaja']
['Wind Boost', 'Salvation', 'Mind Charge', 'Samarecarm']
['Rakukaja', 'Salvation', 'Ziodyne', 'Samarecarm']
['Dodge Wind', 'Absorb Slash', 'Salvation', 'Magaru']
['Mind Charge', 'Bufu', 'Samarecarm', 'Ziodyne']
['Salvation', 'Bufu', 'Rakukaja', 'Wind Boost']
['Bufu', 'Ziodyne', 'Bow Master', 'Samarecarm']
['Samarecarm', 'Auto-Maraku', 'Dodge Wind', 'Garu']
['Rakukaja', 'Mind Charge', 'Dodge Wind', 'Salvation']
['Garu', 'Salvation', 'Dodge Wind', 'Bow Master']
['Garu', 'Rakukaja', 'Samarecarm', 'Wind Boost']
['Salvation', 'Rakukaja', 'Megidolaon', 'Samarecarm']
['Mind Charge', 'Wind Boost', 'Dodge Wind', 'Absorb Slash']
['Rakukaja', 'Salvation', 'Ziodyne', 'Samarecarm']
['Null Charm', 'Salvation', 'Garu', 'Victory Cry']
['Bufu', 'Rakukaja', 'Samarecarm', 'Dodge Wind']
['Dodge Wind', 'Bufu', 'Wind Boost', 'Rakukaja']
['Samarecarm', 'Rakukaja', 'Dodge Wind', 'Auto-Maraku']
['Samarecarm', 'Salvation', 'Bufu', 'Wind Boost']
['Rakukaja', 'Mind Charge', 'Victory Cry', 'Salvation']
['Spell Master', 'Rakukaja', 'Dodge Wind', 'Salvation']
['Dodge Wind', 'Rakukaja', 'Mind Charge', 'Samarecarm']
['Salvation', 'Samarecarm', 'Rakukaja', 'Null Charm']
['Rakukaja', 'Bow Master', 'Bufu', 'Spell Master']
['Rakukaja', 'Magaru', 'Samarecarm', 'Wind Boost']
['Auto-Maraku', 'Magaru', 'Salvation', 'Bow Master']
['Rakukaja', 'Salvation', 'Bow Master', 'Samarecarm']
['Wind Boost', 'Victory Cry', 'Salvation', 'Rakukaja']
['Bufu', 'Samarecarm', 'Victory Cry', 'Absorb Slash']
['High Counter', 'Samarecarm', 'Magaru', 'Rakukaja']
['Salvation', 'Bufu', 'Samarecarm', 'Garu']
['Rakukaja', 'Samarecarm', 'Garu', 'Bufu']
['Auto-Maraku', 'Magaru', 'Samarecarm', 'Rakukaja']
['Magaru', 'Spell Master', 'Samarecarm', 'Rakukaja']
['Garu', 'Samarecarm', 'Absorb Slash', 'Dodge Wind']
['Garu', 'Samarecarm', 'Rakukaja', 'Spell Master']
['Magaru', 'Morning Star', 'Samarecarm', 'Rakukaja']
['Garu', 'Mind Charge', 'Bufu', 'Wind Boost']
['Samarecarm', 'Bufu', 'Garu', 'Rakukaja']
['Garu', 'Rakukaja', 'Salvation', 'Samarecarm']
['Rakukaja', 'Bufu', 'Bow Master', 'Garu']
['Samarecarm', 'Rakukaja', 'Garu', 'High Counter']
['Bufu', 'Garu', 'Bow Master', 'Magaru']
['Garu', 'Rakukaja', 'Samarecarm', 'Bufu']
['Garu', 'Absorb Slash', 'Salvation', 'Bufu']
['Samarecarm', 'Victory Cry', 'Mind Charge', 'High Counter']
['Salvation', 'Garu', 'Ziodyne', 'Rakukaja']
['Rakukaja', 'Dodge Wind', 'Salvation', 'Samarecarm']
['Spell Master', 'Salvation', 'Rakukaja', 'Wind Boost']
['Samarecarm', 'Rakukaja', 'High Counter', 'Bufu']
['Magaru', 'Samarecarm', 'Rakukaja', 'Bufu']
['Rakukaja', 'Magaru', 'Salvation', 'Samarecarm']
['Rakukaja', 'Wind Boost', 'Samarecarm', 'Bufu']
['Magaru', 'Auto-Maraku', 'Samarecarm', 'Wind Boost']
['Rakukaja', 'Samarecarm', 'Wind Boost', 'High Counter']
['Rakukaja', 'Dodge Wind', 'Garu', 'Samarecarm']
['Samarecarm', 'Rakukaja', 'Bow Master', 'Bufu']
['Megidolaon', 'Bufu', 'Auto-Maraku', 'Garu']
['Salvation', 'Magaru', 'Bufu', 'Bow Master']
['Wind Boost', 'Salvation', 'Samarecarm', 'Magaru']
['Rakukaja', 'Salvation', 'Wind Boost', 'Spell Master']
['Morning Star', 'Samarecarm', 'Mind Charge', 'Salvation']
['Garu', 'Samarecarm', 'Mind Charge', 'Bufu']
['Garu', 'Wind Boost', 'Auto-Maraku', 'Rakukaja']
['Bufu', 'Rakukaja', 'Mind Charge', 'Samarecarm']
['Mind Charge', 'Rakukaja', 'Salvation', 'Magaru']
['Megidolaon', 'Rakukaja', 'Bufu', 'Bow Master']
['Garu', 'Salvation', 'Samarecarm', 'Rakukaja']
['Rakukaja', 'Absorb Slash', 'Garu', 'Mind Charge']
['Garu', 'Samarecarm', 'Rakukaja', 'Bufu']
['Garu', 'Wind Boost', 'Ziodyne', 'Samarecarm']
['Wind Boost', 'High Counter', 'Samarecarm', 'Bufu']
['Ziodyne', 'Bufu', 'Garu', 'Samarecarm']
['Garu', 'Mind Charge', 'Absorb Slash', 'Samarecarm']
['Null Charm', 'Wind Boost', 'Bufu', 'Samarecarm']
['Magaru', 'Samarecarm', 'Mind Charge', 'Rakukaja']
['Samarecarm', 'Garu', 'Bufu', 'Auto-Maraku']
['Bow Master', 'Victory Cry', 'Magaru', 'Wind Boost']
['Absorb Slash', 'Salvation', 'Mind Charge', 'Samarecarm']
['Ziodyne', 'Rakukaja', 'Samarecarm', 'Garu']
['Wind Boost', 'Garu', 'Morning Star', 'Rakukaja']
['Dodge Wind', 'Rakukaja', 'Samarecarm', 'Wind Boost']
['Samarecarm', 'Rakukaja', 'Salvation', 'Mind Charge']
['Rakukaja', 'Samarecarm', 'Garu', 'Dodge Wind']
['Salvation', 'Rakukaja', 'Garu', 'Samarecarm']
['Garu', 'Samarecarm', 'Magaru', 'Rakukaja']
['Bufu', 'Samarecarm', 'Garu', 'Spell Master']
['Rakukaja', 'Mind Charge', 'Samarecarm', 'Megidolaon']
['Samarecarm', 'Rakukaja', 'Absorb Slash', 'Salvation']
['Rakukaja', 'Salvation', 'Bufu', 'Garu']
['Bufu', 'Salvation', 'Garu', 'Samarecarm']
['Bufu', 'Rakukaja', 'Garu', 'Mind Charge']
['Magaru', 'Dodge Wind', 'Salvation', 'Garu']
['Mind Charge', 'Bufu', 'Rakukaja', 'Null Charm']
['Samarecarm', 'Bow Master', 'Garu', 'Bufu']
['Dodge Wind', 'Samarecarm', 'Magaru', 'High Counter']
['Rakukaja', 'Salvation', 'Bufu', 'Megidolaon']
['Salvation', 'Rakukaja', 'Bow Master', 'Bufu']
['High Counter', 'Bufu', 'Garu', 'Salvation']
['Rakukaja', 'Samarecarm', 'Garu', 'Dodge Wind']
['Bufu', 'Magaru', 'Samarecarm', 'Garu']
['Salvation', 'Bufu', 'Rakukaja', 'Samarecarm']
['Samarecarm', 'Bufu', 'Mind Charge', 'Salvation']
['Rakukaja', 'Wind Boost', 'Samarecarm', 'High Counter']
['Mind Charge', 'Rakukaja', 'Samarecarm', 'Garu']
['Wind Boost', 'Samarecarm', 'Mind Charge', 'Bufu']
['Garu', 'Salvation', 'Auto-Maraku', 'Rakukaja']
['Dodge Wind', 'Samarecarm', 'Null Charm', 'Rakukaja']
['Salvation', 'Samarecarm', 'Rakukaja', 'Dodge Wind']
['Bufu', 'Samarecarm', 'Bow Master', 'Dodge Wind']
['High Counter', 'Rakukaja', 'Samarecarm', 'Salvation']
['Rakukaja', 'Samarecarm', 'Bufu', 'Salvation']
['Magaru', 'Garu', 'Mind Charge', 'Rakukaja']
['Rakukaja', 'Magaru', 'Morning Star', 'Salvation']
['Absorb Slash', 'Rakukaja', 'Wind Boost', 'Dodge Wind']
['Megidolaon', 'Rakukaja', 'Dodge Wind', 'Wind Boost']
['Null Charm', 'Bufu', 'Mind Charge', 'Samarecarm']
['Samarecarm', 'Garu', 'Bufu', 'Salvation']
['Magaru', 'Salvation', 'Bufu', 'Rakukaja']
['Salvation', 'Dodge Wind', 'Rakukaja', 'Bufu']
['Victory Cry', 'Mind Charge', 'Wind Boost', 'Samarecarm']
['Garu', 'Magaru', 'Rakukaja', 'Mind Charge']
['Garu', 'Bufu', 'Wind Boost', 'Mind Charge']
['Rakukaja', 'Garu', 'Salvation', 'High Counter']
['Auto-Maraku', 'Salvation', 'Samarecarm', 'Garu']
['Salvation', 'Garu', 'Rakukaja', 'Null Charm']
['High Counter', 'Magaru', 'Garu', 'Bufu']
['Garu', 'Magaru', 'Rakukaja', 'Samarecarm']
['Mind Charge', 'Samarecarm', 'Ziodyne', 'Magaru']
['Samarecarm', 'Garu', 'Salvation', 'Rakukaja']
['Samarecarm', 'Salvation', 'Garu', 'Bufu']
['High Counter', 'Samarecarm', 'Auto-Maraku', 'Rakukaja']
['Garu', 'Mind Charge', 'Null Charm', 'Bufu']
['Bufu', 'Rakukaja', 'Garu', 'Samarecarm']
['Victory Cry', 'Garu', 'Rakukaja', 'Wind Boost']
['Bufu', 'Wind Boost', 'Megidolaon', 'Rakukaja']
['Magaru', 'Rakukaja', 'Auto-Maraku', 'Mind Charge']
['Rakukaja', 'Magaru', 'Samarecarm', 'Mind Charge']
['Bufu', 'Rakukaja', 'Magaru', 'Morning Star']
['Wind Boost', 'Rakukaja', 'Victory Cry', 'Mind Charge']
['Samarecarm', 'Rakukaja', 'Salvation', 'Bufu']
['Samarecarm', 'Victory Cry', 'Mind Charge', 'Dodge Wind']
['Bufu', 'Rakukaja', 'Dodge Wind', 'Garu']
['Samarecarm', 'Salvation', 'Rakukaja', 'Morning Star']
['Victory Cry', 'Rakukaja', 'Null Charm', 'Bufu']
['Samarecarm', 'Garu', 'Rakukaja', 'Null Charm']
['Ziodyne', 'Auto-Maraku', 'Rakukaja', 'Samarecarm']
['Samarecarm', 'Mind Charge', 'Salvation', 'Ziodyne']
['Rakukaja', 'Wind Boost', 'Garu', 'Salvation']
['Rakukaja', 'Garu', 'Wind Boost', 'High Counter']
['High Counter', 'Rakukaja', 'Garu', 'Salvation']
['Bufu', 'Wind Boost', 'Samarecarm', 'Salvation']
['Samarecarm', 'Salvation', 'Rakukaja', 'Magaru']
['Salvation', 'Ziodyne', 'Bufu', 'Rakukaja']
['Rakukaja', 'Magaru', 'Samarecarm', 'Garu']
['Bow Master', 'Samarecarm', 'Bufu', 'Salvation']
['Ziodyne', 'Samarecarm', 'Bufu', 'Rakukaja']
['Morning Star', 'Mind Charge', 'Rakukaja', 'Wind Boost']
['Samarecarm', 'Mind Charge', 'Bufu', 'Rakukaja']
['Samarecarm', 'Wind Boost', 'Mind Charge', 'Rakukaja']
['Morning Star', 'Rakukaja', 'Megidolaon', 'Salvation']
['Wind Boost', 'Salvation', 'Garu', 'Dodge Wind']
['Samarecarm', 'Rakukaja', 'Mind Charge', 'Bufu']
['Rakukaja', 'Bow Master', 'Dodge Wind', 'Bufu']
['Ziodyne', 'Rakukaja', 'Dodge Wind', 'Garu']
['Rakukaja', 'Bufu', 'Mind Charge', 'Garu']
['Samarecarm', 'Bufu', 'Dodge Wind', 'Salvation']
['Morning Star', 'Bufu', 'Spell Master', 'Rakukaja']
['Absorb Slash', 'Rakukaja', 'Wind Boost', 'Null Charm']
['Absorb Slash', 'Rakukaja', 'Salvation', 'Garu']
['Mind Charge', 'Samarecarm', 'Bufu', 'Garu']
['Garu', 'High Counter', 'Magaru', 'Rakukaja']
['Mind Charge', 'Wind Boost', 'Rakukaja', 'Bufu']
['Mind Charge', 'Magaru', 'Null Charm', 'Garu']
['Magaru', 'Salvation', 'Bufu', 'Garu']
['Samarecarm', 'Rakukaja', 'Dodge Wind', 'Bufu']
['Bufu', 'Mind Charge', 'Null Charm', 'Garu']
['Rakukaja', 'Salvation', 'High Counter', 'Samarecarm']
['Samarecarm', 'Garu', 'Wind Boost', 'Null Charm']
['Rakukaja', 'Samarecarm', 'Wind Boost', 'Mind Charge']
['Wind Boost', 'Samarecarm', 'Mind Charge', 'Rakukaja']
['Garu', 'Spell Master', 'Rakukaja', 'Salvation']
['Victory Cry', 'Mind Charge', 'Bow Master', 'Wind Boost']
['Salvation', 'Samarecarm', 'Wind Boost', 'Auto-Maraku']
['Salvation', 'Rakukaja', 'Samarecarm', 'Absorb Slash']
['Null Charm', 'Garu', 'Dodge Wind', 'Rakukaja']
['Mind Charge', 'Magaru', 'Samarecarm', 'Salvation']
['Rakukaja', 'Mind Charge', 'Bufu', 'Magaru']
['Rakukaja', 'Mind Charge', 'Bufu', 'Magaru']
['Bufu', 'Samarecarm', 'Salvation', 'Garu']
['Salvation', 'Dodge Wind', 'Bufu', 'Garu']
['Magaru', 'Rakukaja', 'Bufu', 'Mind Charge']
['Samarecarm', 'Garu', 'Bow Master', 'Salvation']
['Garu', 'Absorb Slash', 'Dodge Wind', 'Salvation']
['Salvation', 'High Counter', 'Samarecarm', 'Bufu']
['Rakukaja', 'Salvation', 'Bufu', 'Absorb Slash']
['Auto-Maraku', 'Salvation', 'Rakukaja', 'High Counter']
['Bufu', 'Rakukaja', 'Absorb Slash', 'Samarecarm']
['Garu', 'Samarecarm', 'Magaru', 'Rakukaja']
['Samarecarm', 'Wind Boost', 'Magaru', 'Garu']
['Samarecarm', 'Bow Master', 'Magaru', 'Megidolaon']
['High Counter', 'Samarecarm', 'Rakukaja', 'Victory Cry']
['Magaru', 'Rakukaja', 'Bufu', 'Garu']
['Wind Boost', 'Bufu', 'Mind Charge', 'Megidolaon']
['Bow Master', 'Rakukaja', 'Samarecarm', 'Bufu']
['Bufu', 'Dodge Wind', 'Mind Charge', 'Samarecarm']
['Mind Charge', 'Dodge Wind', 'Samarecarm', 'Bufu']
['Samarecarm', 'Rakukaja', 'Bufu', 'Morning Star']
['Salvation', 'Bufu', 'Garu', 'Rakukaja']
['Dodge Wind', 'Garu', 'Mind Charge', 'Wind Boost']
['Rakukaja', 'Salvation', 'Wind Boost', 'Samarecarm']
['Wind Boost', 'Rakukaja', 'Dodge Wind', 'Samarecarm']
['Wind Boost', 'Rakukaja', 'Garu', 'Ziodyne']
['Garu', 'Mind Charge', 'Null Charm', 'Samarecarm']
['Salvation', 'Spell Master', 'Bufu', 'Rakukaja']
['Dodge Wind', 'Auto-Maraku', 'Magaru', 'High Counter']
['Dodge Wind', 'Rakukaja', 'Bufu', 'Salvation']
['Rakukaja', 'Morning Star', 'Victory Cry', 'Bow Master']
['Magaru', 'Mind Charge', 'Garu', 'Samarecarm']
['Dodge Wind', 'Bow Master', 'Rakukaja', 'Null Charm']
['Rakukaja', 'Wind Boost', 'Salvation', 'Bufu']
['Bufu', 'Bow Master', 'Samarecarm', 'Null Charm']
['Bufu', 'Rakukaja', 'Garu', 'Salvation']
['High Counter', 'Wind Boost', 'Dodge Wind', 'Garu']
['Bufu', 'Mind Charge', 'Samarecarm', 'Salvation']
['Garu', 'Magaru', 'Rakukaja', 'High Counter']
['Salvation', 'Dodge Wind', 'Samarecarm', 'Garu']
['Wind Boost', 'Mind Charge', 'Samarecarm', 'Rakukaja']
['Samarecarm', 'Garu', 'Rakukaja', 'Salvation']
['Garu', 'Salvation', 'Rakukaja', 'Bufu']
['Ziodyne', 'Samarecarm', 'Salvation', 'Megidolaon']
['Bufu', 'Rakukaja', 'Garu', 'Wind Boost']
['Samarecarm', 'Rakukaja', 'Garu', 'Wind Boost']
['Mind Charge', 'Rakukaja', 'Samarecarm', 'Bufu']
['Victory Cry', 'Rakukaja', 'Dodge Wind', 'Garu']
['Rakukaja', 'Mind Charge', 'Magaru', 'Salvation']
['Samarecarm', 'Salvation', 'Wind Boost', 'Rakukaja']
['Magaru', 'Samarecarm', 'Salvation', 'Garu']
['Mind Charge', 'Magaru', 'Salvation', 'Bufu']
['Garu', 'Mind Charge', 'Magaru', 'Samarecarm']
['Bufu', 'Magaru', 'Samarecarm', 'Rakukaja']
['Magaru', 'Samarecarm', 'Bufu', 'Garu']
['Samarecarm', 'Rakukaja', 'Auto-Maraku', 'Salvation']
['Garu', 'Salvation', 'Magaru', 'Samarecarm']
['Bufu', 'Samarecarm', 'Mind Charge', 'Auto-Maraku']
['Wind Boost', 'Garu', 'Magaru', 'Victory Cry']
['Garu', 'Auto-Maraku', 'Bufu', 'Salvation']
['Wind Boost', 'Rakukaja', 'Salvation', 'Garu']
['Samarecarm', 'Garu', 'Rakukaja', 'Ziodyne']
['Mind Charge', 'Salvation', 'Magaru', 'Bufu']
['Samarecarm', 'Rakukaja', 'Salvation', 'Garu']
['Mind Charge', 'Rakukaja', 'Samarecarm', 'Magaru']
['Bufu', 'Dodge Wind', 'Magaru', 'Salvation']
['Mind Charge', 'Bufu', 'Auto-Maraku', 'Garu']
['Garu', 'Mind Charge', 'Auto-Maraku', 'Salvation']
['Samarecarm', 'Rakukaja', 'Wind Boost', 'Garu']
['Salvation', 'Wind Boost', 'Magaru', 'Megidolaon']
['Samarecarm', 'Morning Star', 'High Counter', 'Magaru']
['Bufu', 'Garu', 'Mind Charge', 'Absorb Slash']
['Garu', 'Samarecarm', 'Morning Star', 'Mind Charge']
['Bow Master', 'Rakukaja', 'Samarecarm', 'Bufu']
['Garu', 'Samarecarm', 'Magaru', 'Bufu']
['Mind Charge', 'Auto-Maraku', 'Samarecarm', 'Salvation']
['Wind Boost', 'Megidolaon', 'Garu', 'High Counter']
['Samarecarm', 'Rakukaja', 'Bufu', 'Magaru']
['Bufu', 'Dodge Wind', 'Samarecarm', 'Garu']
['Morning Star', 'Samarecarm', 'Rakukaja', 'Garu']
['Spell Master', 'Null Charm', 'Dodge Wind', 'Samarecarm']
['Rakukaja', 'Spell Master', 'Wind Boost', 'Morning Star']
['Salvation', 'Rakukaja', 'Mind Charge', 'Auto-Maraku']
['Garu', 'Bow Master', 'Salvation', 'Mind Charge']
['Garu', 'Spell Master', 'Rakukaja', 'Null Charm']
['Bufu', 'Salvation', 'Garu', 'Mind Charge']
['Samarecarm', 'Garu', 'Rakukaja', 'Wind Boost']
['Rakukaja', 'Ziodyne', 'Salvation', 'Bufu']
['Mind Charge', 'Samarecarm', 'Dodge Wind', 'Rakukaja']
['Samarecarm', 'Rakukaja', 'Victory Cry', 'Megidolaon']
['Spell Master', 'Salvation', 'Magaru', 'Rakukaja']
['Bufu', 'Garu', 'Megidolaon', 'Ziodyne']
['High Counter', 'Mind Charge', 'Garu', 'Ziodyne']
['Garu', 'Megidolaon', 'Morning Star', 'Samarecarm']
['Rakukaja', 'Salvation', 'Samarecarm', 'Wind Boost']
['Salvation', 'Magaru', 'Samarecarm', 'Bufu']
['Victory Cry', 'Garu', 'Bufu', 'Rakukaja']
['Samarecarm', 'Salvation', 'Rakukaja', 'Garu']
['Mind Charge', 'Rakukaja', 'Samarecarm', 'Bufu']
['Rakukaja', 'Garu', 'Magaru', 'Bufu']
['Salvation', 'Rakukaja', 'Bufu', 'Bow Master']
['Rakukaja', 'Morning Star', 'Magaru', 'Bufu']
['Salvation', 'Rakukaja', 'Wind Boost', 'Magaru']
['Samarecarm', 'Absorb Slash', 'High Counter', 'Salvation']
['Rakukaja', 'Garu', 'Mind Charge', 'Wind Boost']
['Rakukaja', 'Wind Boost', 'Mind Charge', 'Salvation']
['Rakukaja', 'High Counter', 'Samarecarm', 'Salvation']
['Rakukaja', 'Salvation', 'Samarecarm', 'Bufu']
['Rakukaja', 'Mind Charge', 'Magaru', 'Salvation']
['Rakukaja', 'Bufu', 'Ziodyne', 'Magaru']
['Bufu', 'Samarecarm', 'Magaru', 'Mind Charge']
['Wind Boost', 'Dodge Wind', 'Victory Cry', 'Salvation']
['Garu', 'Megidolaon', 'Bow Master', 'Mind Charge']
['Garu', 'Rakukaja', 'Bufu', 'Megidolaon']
['Garu', 'Salvation', 'Magaru', 'Bufu']
['Bufu', 'Garu', 'Spell Master', 'Bow Master']
['Bufu', 'Morning Star', 'Salvation', 'Garu']
['Samarecarm', 'Wind Boost', 'Rakukaja', 'Magaru']
['Bufu', 'Garu', 'Victory Cry', 'Magaru']
['Garu', 'Wind Boost', 'Rakukaja', 'Bufu']
['Rakukaja', 'Salvation', 'Bufu', 'Auto-Maraku']
['Salvation', 'Mind Charge', 'Rakukaja', 'Dodge Wind']
['Rakukaja', 'Megidolaon', 'Salvation', 'High Counter']
['Dodge Wind', 'Salvation', 'Rakukaja', 'Morning Star']
['Rakukaja', 'Dodge Wind', 'High Counter', 'Ziodyne']
['Samarecarm', 'Salvation', 'Rakukaja', 'Garu']
['Rakukaja', 'Dodge Wind', 'Salvation', 'Garu']
['Null Charm', 'Rakukaja', 'Wind Boost', 'Bow Master']
['Wind Boost', 'Garu', 'Bufu', 'Samarecarm']
['Magaru', 'Garu', 'Samarecarm', 'Rakukaja']
['Bow Master', 'Salvation', 'Rakukaja', 'Garu']
['Garu', 'Bufu', 'Wind Boost', 'Rakukaja']
['Samarecarm', 'Bufu', 'Salvation', 'Ziodyne']
['Rakukaja', 'Samarecarm', 'Bufu', 'Wind Boost']
['Ziodyne', 'Salvation', 'Rakukaja', 'Garu']
['High Counter', 'Rakukaja', 'Bufu', 'Samarecarm']
['Magaru', 'Garu', 'Bufu', 'Salvation']
['Salvation', 'Rakukaja', 'Garu', 'Magaru']
['Rakukaja', 'Megidolaon', 'High Counter', 'Null Charm']
['Salvation', 'Ziodyne', 'Samarecarm', 'Wind Boost']
['Mind Charge', 'Garu', 'Null Charm', 'Bufu']
['Salvation', 'Garu', 'Samarecarm', 'Dodge Wind']
['Bufu', 'High Counter', 'Absorb Slash', 'Wind Boost']
['Mind Charge', 'Garu', 'Rakukaja', 'Bufu']
['Dodge Wind', 'Megidolaon', 'Garu', 'Bufu']
['Ziodyne', 'Salvation', 'Mind Charge', 'Rakukaja']
['Bufu', 'Rakukaja', 'Salvation', 'Mind Charge']
['Rakukaja', 'Samarecarm', 'Salvation', 'Spell Master']
['Bufu', 'Rakukaja', 'Ziodyne', 'Mind Charge']
['Rakukaja', 'Samarecarm', 'Salvation', 'Auto-Maraku']
['Samarecarm', 'Wind Boost', 'Salvation', 'Mind Charge']
['Rakukaja', 'Mind Charge', 'Samarecarm', 'Garu']
['Mind Charge', 'Bufu', 'Magaru', 'Salvation']
['Mind Charge', 'Rakukaja', 'Auto-Maraku', 'Magaru']
['Samarecarm', 'Garu', 'Mind Charge', 'Salvation']
['Rakukaja', 'Dodge Wind', 'Bow Master', 'Bufu']
['Garu', 'High Counter', 'Ziodyne', 'Samarecarm']
['Rakukaja', 'Absorb Slash', 'Wind Boost', 'Garu']
['Rakukaja', 'Salvation', 'Garu', 'High Counter']
['Spell Master', 'Bufu', 'High Counter', 'Salvation']
['Bufu', 'Garu', 'Mind Charge', 'Rakukaja']
['Wind Boost', 'Dodge Wind', 'Bufu', 'Mind Charge']
['Rakukaja', 'Bufu', 'Mind Charge', 'Samarecarm']
['Samarecarm', 'Bufu', 'Megidolaon', 'Bow Master']
['Salvation', 'Mind Charge', 'Garu', 'Morning Star']
['Ziodyne', 'Bufu', 'Mind Charge', 'Dodge Wind']
['Salvation', 'Rakukaja', 'Mind Charge', 'Megidolaon']
['Rakukaja', 'Absorb Slash', 'Bufu', 'Ziodyne']
['Wind Boost', 'Rakukaja', 'Garu', 'Null Charm']
['Salvation', 'Absorb Slash', 'Magaru', 'Mind Charge']
['Garu', 'Magaru', 'Bufu', 'Salvation']
['Samarecarm', 'Rakukaja', 'Garu', 'Ziodyne']
['Bufu', 'Garu', 'Bow Master', 'Dodge Wind']
['Wind Boost', 'Garu', 'Bufu', 'Morning Star']
['Megidolaon', 'Magaru', 'Rakukaja', 'Bufu']
['Spell Master', 'Rakukaja', 'Garu', 'Salvation']
['Salvation', 'Rakukaja', 'Magaru', 'Bufu']
['Bow Master', 'Mind Charge', 'Bufu', 'Salvation']
['Magaru', 'Salvation', 'Bufu', 'Garu']
['Rakukaja', 'Wind Boost', 'Samarecarm', 'Magaru']
['Rakukaja', 'Salvation', 'Samarecarm', 'Dodge Wind']
['Wind Boost', 'Mind Charge', 'Rakukaja', 'Samarecarm']
['Magaru', 'Mind Charge', 'Bow Master', 'Samarecarm']
['Rakukaja', 'Salvation', 'Absorb Slash', 'Garu']
['Wind Boost', 'High Counter', 'Garu', 'Victory Cry']
['Garu', 'Samarecarm', 'Salvation', 'Rakukaja']
['Mind Charge', 'Wind Boost', 'Rakukaja', 'Salvation']
['Rakukaja', 'Samarecarm', 'Bufu', 'Megidolaon']
['High Counter', 'Bufu', 'Samarecarm', 'Rakukaja']
['Bufu', 'Samarecarm', 'Salvation', 'Garu']
['Bufu', 'Rakukaja', 'Garu', 'Dodge Wind']
['Samarecarm', 'Spell Master', 'Mind Charge', 'Rakukaja']
['Garu', 'Salvation', 'Bufu', 'Rakukaja']
['Salvation', 'Rakukaja', 'Auto-Maraku', 'Bufu']
['Rakukaja', 'Mind Charge', 'Samarecarm', 'High Counter']
['Garu', 'Victory Cry', 'Mind Charge', 'Salvation']
['Samarecarm', 'Mind Charge', 'Rakukaja', 'Bufu']
['Magaru', 'Rakukaja', 'Salvation', 'High Counter']
['Mind Charge', 'Rakukaja', 'Salvation', 'Bufu']
['Mind Charge', 'Samarecarm', 'Salvation', 'Ziodyne']
['Bow Master', 'Salvation', 'Bufu', 'Samarecarm']
['Auto-Maraku', 'Bufu', 'High Counter', 'Null Charm']
['Garu', 'Rakukaja', 'Spell Master', 'Mind Charge']
['Rakukaja', 'Salvation', 'Dodge Wind', 'Magaru']
['Dodge Wind', 'Bow Master', 'Null Charm', 'Mind Charge']
['Morning Star', 'Ziodyne', 'Rakukaja', 'Garu']
['Dodge Wind', 'Absorb Slash', 'Rakukaja', 'Garu']
['Dodge Wind', 'Samarecarm', 'Wind Boost', 'Garu']
['Samarecarm', 'Rakukaja', 'Bufu', 'Mind Charge']
['Samarecarm', 'Bow Master', 'Magaru', 'Megidolaon']
['Salvation', 'Rakukaja', 'Garu', 'Bufu']
['Bufu', 'Samarecarm', 'Rakukaja', 'Dodge Wind']
['Mind Charge', 'Spell Master', 'Garu', 'Ziodyne']
['Absorb Slash', 'Mind Charge', 'Garu', 'Rakukaja']
['Bufu', 'Garu', 'Salvation', 'Samarecarm']
['Salvation', 'Rakukaja', 'Bow Master', 'Mind Charge']
['Dodge Wind', 'Victory Cry', 'Bufu', 'Rakukaja']
['High Counter', 'Samarecarm', 'Bufu', 'Bow Master']
['Megidolaon', 'Garu', 'Dodge Wind', 'Samarecarm']
['Samarecarm', 'Rakukaja', 'Garu', 'Magaru']
['Dodge Wind', 'Victory Cry', 'Garu', 'Mind Charge']
['Samarecarm', 'High Counter', 'Wind Boost', 'Victory Cry']
['High Counter', 'Rakukaja', 'Salvation', 'Bufu']
['Garu', 'Null Charm', 'Dodge Wind', 'Rakukaja']
['Dodge Wind', 'Auto-Maraku', 'Bufu', 'Samarecarm']
['Samarecarm', 'Magaru', 'Rakukaja', 'Mind Charge']
['Morning Star', 'Salvation', 'Rakukaja', 'Magaru']
['Garu', 'Mind Charge', 'Rakukaja', 'Bufu']
['Absorb Slash', 'Salvation', 'Samarecarm', 'Megidolaon']
['Absorb Slash', 'Garu', 'Rakukaja', 'Salvation']
['Garu', 'Samarecarm', 'High Counter', 'Bufu']
['Auto-Maraku', 'Garu', 'Rakukaja', 'Salvation']
['Salvation', 'Samarecarm', 'Rakukaja', 'Magaru']
['Auto-Maraku', 'Rakukaja', 'Samarecarm', 'Mind Charge']
['Garu', 'Rakukaja', 'Mind Charge', 'Salvation']
['Bufu', 'Samarecarm', 'Mind Charge', 'Garu']
['Garu', 'Salvation', 'Bow Master', 'Samarecarm']
['Salvation', 'Bufu', 'Garu', 'Samarecarm']
['Rakukaja', 'Samarecarm', 'Garu', 'Bow Master']
['Garu', 'Bow Master', 'Salvation', 'Bufu']
['Garu', 'Bufu', 'Magaru', 'Rakukaja']
['Salvation', 'Rakukaja', 'Bufu', 'Wind Boost']
['Dodge Wind', 'Garu', 'High Counter', 'Bufu']
['Garu', 'Salvation', 'Rakukaja', 'Wind Boost']
['Rakukaja', 'Salvation', 'Megidolaon', 'Absorb Slash']
['Mind Charge', 'Garu', 'Null Charm', 'Ziodyne']
['Rakukaja', 'Ziodyne', 'Mind Charge', 'Bow Master']
['Garu', 'Dodge Wind', 'Bufu', 'Ziodyne']
['Rakukaja', 'Garu', 'Samarecarm', 'Wind Boost']
['Absorb Slash', 'Rakukaja', 'Mind Charge', 'Magaru']
['Samarecarm', 'Wind Boost', 'Salvation', 'High Counter']
['Salvation', 'Garu', 'Rakukaja', 'High Counter']
['Bufu', 'Mind Charge', 'Garu', 'Rakukaja']
['Rakukaja', 'Wind Boost', 'Garu', 'Samarecarm']
['Samarecarm', 'Rakukaja', 'Dodge Wind', 'Garu']
['Rakukaja', 'Bufu', 'Auto-Maraku', 'Samarecarm']
['Wind Boost', 'Mind Charge', 'Ziodyne', 'Bufu']
['Garu', 'Mind Charge', 'Bow Master', 'Samarecarm']
['Mind Charge', 'Salvation', 'Samarecarm', 'Morning Star']
['Samarecarm', 'Rakukaja', 'Mind Charge', 'Salvation']
['Rakukaja', 'Salvation', 'Bufu', 'Samarecarm']
['Bufu', 'Garu', 'Magaru', 'Salvation']
['Wind Boost', 'Rakukaja', 'Auto-Maraku', 'Salvation']
['Garu', 'Rakukaja', 'Mind Charge', 'Megidolaon']
['Mind Charge', 'Samarecarm', 'Salvation', 'Garu']
['High Counter', 'Wind Boost', 'Salvation', 'Rakukaja']
['Rakukaja', 'Wind Boost', 'Mind Charge', 'Magaru']
['Null Charm', 'Salvation', 'Rakukaja', 'Spell Master']
['Garu', 'Samarecarm', 'Bufu', 'Megidolaon']
['Auto-Maraku', 'Bow Master', 'Mind Charge', 'Bufu']
['Wind Boost', 'Magaru', 'Garu', 'Samarecarm']
['Rakukaja', 'Dodge Wind', 'Garu', 'Mind Charge']
['Auto-Maraku', 'Rakukaja', 'Samarecarm', 'Bufu']
['Bufu', 'Mind Charge', 'Rakukaja', 'Salvation']
['Samarecarm', 'Garu', 'Salvation', 'Magaru']
['Null Charm', 'Salvation', 'Wind Boost', 'Rakukaja']
['Spell Master', 'Garu', 'Wind Boost', 'Bufu']
['Wind Boost', 'Rakukaja', 'Magaru', 'Dodge Wind']
['Mind Charge', 'Rakukaja', 'Wind Boost', 'Garu']
['Rakukaja', 'Samarecarm', 'Bufu', 'Magaru']
['Rakukaja', 'Samarecarm', 'Bufu', 'Ziodyne']
['Salvation', 'Garu', 'Mind Charge', 'Rakukaja']
['Samarecarm', 'Wind Boost', 'Rakukaja', 'Ziodyne']
['Bufu', 'Garu', 'Wind Boost', 'Ziodyne']
['Garu', 'Samarecarm', 'Rakukaja', 'Wind Boost']
['Bufu', 'Salvation', 'Garu', 'Ziodyne']
['Mind Charge', 'Rakukaja', 'Samarecarm', 'Wind Boost']
['Wind Boost', 'Salvation', 'Garu', 'Rakukaja']
['Garu', 'Rakukaja', 'Dodge Wind', 'High Counter']
['Dodge Wind', 'Bufu', 'Bow Master', 'Rakukaja']
['Salvation', 'Wind Boost', 'Rakukaja', 'Auto-Maraku']
['Samarecarm', 'Bufu', 'Salvation', 'Null Charm']
['Rakukaja', 'Salvation', 'Ziodyne', 'Garu']
['Garu', 'Samarecarm', 'Ziodyne', 'High Counter']
['Samarecarm', 'Mind Charge', 'Rakukaja', 'Bufu']
['Rakukaja', 'Salvation', 'High Counter', 'Bufu']
['Garu', 'Null Charm', 'Rakukaja', 'Salvation']
['Salvation', 'Samarecarm', 'Rakukaja', 'Mind Charge']
['Garu', 'Dodge Wind', 'Samarecarm', 'Rakukaja']
['Garu', 'Rakukaja', 'Samarecarm', 'Mind Charge']
['Rakukaja', 'Auto-Maraku', 'Salvation', 'Bufu']
['Samarecarm', 'High Counter', 'Rakukaja', 'Victory Cry']
['Dodge Wind', 'Null Charm', 'Garu', 'Salvation']
['Salvation', 'Rakukaja', 'Victory Cry', 'Wind Boost']
['Samarecarm', 'Ziodyne', 'Bufu', 'Salvation']
['Rakukaja', 'Samarecarm', 'Absorb Slash', 'Dodge Wind']
['Rakukaja', 'Salvation', 'Samarecarm', 'Wind Boost']
['Samarecarm', 'Salvation', 'Bufu', 'Rakukaja']
['Garu', 'Magaru', 'Salvation', 'Wind Boost']
['Bow Master', 'Ziodyne', 'Bufu', 'Dodge Wind']
['Auto-Maraku', 'Dodge Wind', 'Samarecarm', 'Mind Charge']
['Morning Star', 'Garu', 'Null Charm', 'Dodge Wind']
['Bow Master', 'Samarecarm', 'Wind Boost', 'Rakukaja']
['Magaru', 'Rakukaja', 'Garu', 'Bufu']
['Samarecarm', 'Magaru', 'Wind Boost', 'Bufu']
['Garu', 'Salvation', 'Wind Boost', 'High Counter']
['Rakukaja', 'Wind Boost', 'Samarecarm', 'Bufu']
['Dodge Wind', 'High Counter', 'Rakukaja', 'Mind Charge']
['Samarecarm', 'Magaru', 'Null Charm', 'High Counter']
['Garu', 'Samarecarm', 'Magaru', 'Rakukaja']
['Samarecarm', 'Garu', 'Bufu', 'Rakukaja']
['Mind Charge', 'Magaru', 'Rakukaja', 'Garu']
['Magaru', 'Salvation', 'Mind Charge', 'Dodge Wind']
['Wind Boost', 'Dodge Wind', 'Salvation', 'Bufu']
['Rakukaja', 'Wind Boost', 'Salvation', 'Mind Charge']
['Salvation', 'Samarecarm', 'Rakukaja', 'Wind Boost']
['Garu', 'Bow Master', 'Salvation', 'Bufu']
['Salvation', 'Rakukaja', 'Ziodyne', 'Bufu']
['Auto-Maraku', 'Rakukaja', 'Magaru', 'Bufu']
['Rakukaja', 'Dodge Wind', 'Bufu', 'Garu']
['Mind Charge', 'Samarecarm', 'Garu', 'Dodge Wind']
['Megidolaon', 'Garu', 'Samarecarm', 'Bufu']
['Dodge Wind', 'Samarecarm', 'Salvation', 'Rakukaja']
['Samarecarm', 'Garu', 'Salvation', 'Ziodyne']
['Rakukaja', 'Wind Boost', 'Samarecarm', 'Bufu']
['Bufu', 'Samarecarm', 'Garu', 'Rakukaja']
['Salvation', 'Samarecarm', 'High Counter', 'Wind Boost']
['Wind Boost', 'Salvation', 'Bow Master', 'Rakukaja']
['Victory Cry', 'Samarecarm', 'Dodge Wind', 'Mind Charge']
['Samarecarm', 'Rakukaja', 'Salvation', 'Garu']
['Morning Star', 'Rakukaja', 'Salvation', 'Samarecarm']
['Garu', 'Samarecarm', 'Bufu', 'Wind Boost']
['Rakukaja', 'Wind Boost', 'Mind Charge', 'Bufu']
['Auto-Maraku', 'Absorb Slash', 'Bufu', 'Rakukaja']
['Magaru', 'Ziodyne', 'Rakukaja', 'Samarecarm']
['Garu', 'Bufu', 'Samarecarm', 'Wind Boost']
['Garu', 'Victory Cry', 'Bufu', 'Salvation']
