['Rebellion', 'Wind Boost', 'Rakukaja', 'Dekaja']
['Amrita', 'Rakukaja', 'Sharp Student', 'Wind Amp']
['Foul Breath', 'Rakukaja', 'Rebellion', 'Maragi']
['Null Dark', 'Dekaja', 'Rakukaja', 'Zio']
['Mabufula', 'Rebellion', 'Rakukaja', 'Amrita']
['Rakukaja', 'Rebellion', 'Amrita', 'Foul Breath']
['Rakukaja', 'Maragi', 'Null Dark', 'Mabufula']
['Rakukaja', 'Rebellion', 'Ice Break', 'Wind Break']
['Wind Amp', 'Maragi', 'Rebellion', 'Zio']
['Rakukaja', 'Garula', 'Foul Breath', 'Wind Boost']
['Wind Break', 'Wind Boost', 'Amrita', 'Bufudyne']
['Foul Breath', 'Zio', 'Dekaja', 'Wind Break']
['Sharp Student', 'Panta Rhei', 'Rakukaja', 'Zio']
['Rakukaja', 'Mabufula', 'Rebellion', 'Ice Break']
['Rakukaja', 'Foul Breath', 'Maragi', 'Rebellion']
['Rakukaja', 'Ice Break', 'Amrita', 'Zio']
['Ice Break', 'Maragi', 'Wind Break', 'Amrita']
['Rakukaja', 'Foul Breath', 'Rebellion', 'Garula']
['Zio', 'Bufudyne', 'Wind Break', 'Maragi']
['Mabufula', 'Zio', 'Foul Breath', 'Resist Fire']
['Rebellion', 'Amrita', 'Dekaja', 'Ice Break']
['Null Dark', 'Rebellion', 'Wind Break', 'Zio']
['Dekaja', 'Wind Break', 'Rebellion', 'Wind Amp']
['Amrita', 'Rebellion', 'Foul Breath', 'Wind Boost']
['Wind Break', 'Rakukaja', 'Wind Boost', 'Rebellion']
['Amrita', 'Rakukaja', 'Trafuri', 'Rebellion']
['Bufudyne', 'Garula', 'Rebellion', 'Rakukaja']
['Resist Fire', 'Rakukaja', 'Wind Boost', 'Rebellion']
['Rakukaja', 'Maragi', 'Zio', 'Amrita']
['Zio', 'Mabufula', 'Rebellion', 'Garula']
['Zio', 'Foul Breath', 'Wind Break', 'Garula']
['Rebellion', 'Dekaja', 'Trafuri', 'Wind Amp']
['Bufudyne', 'Rakukaja', 'Trafuri', 'Zio']
['Wind Break', 'Rebellion', 'Wind Boost', 'Ice Break']
['Rakukaja', 'Rebellion', 'Wind Break', 'Zio']
['Resist Fire', 'Amrita', 'Rakukaja', 'Mabufula']
['Zio', 'Maragi', 'Wind Break', 'Dekaja']
['Ice Break', 'Resist Fire', 'Amrita', 'Rebellion']
['Wind Boost', 'Ice Break', 'Foul Breath', 'Dekaja']
['Rebellion', 'Maragi', 'Zio', 'Rakukaja']
['Wind Amp', 'Ice Break', 'Rebellion', 'Amrita']
['Rebellion', 'Zio', 'Foul Breath', 'Amrita']
['Rakukaja', 'Foul Breath', 'Zio', 'Maragi']
['Rebellion', 'Maragi', 'Zio', 'Sharp Student']
['Rebellion', 'Rakukaja', 'Amrita', 'Garula']
['Bufudyne', 'Garula', 'Wind Boost', 'Zio']
['Rakukaja', 'Zio', 'Amrita', 'Rebellion']
['Rebellion', 'Wind Break', 'Rakukaja', 'Foul Breath']
['Null Dark', 'Dekaja', 'Zio', 'Maragi']
['Foul Breath', 'Wind Break', 'Zio', 'Rebellion']
['Rebellion', 'Amrita', 'Wind Break', 'Sharp Student']
['Wind Boost', 'Dekaja', 'Amrita', 'Bufudyne']
['Wind Break', 'Wind Amp', 'Dekaja', 'Amrita']
['Wind Boost', 'Foul Breath', 'Rebellion', 'Zio']
['Amrita', 'Mabufula', 'Rakukaja', 'Garula']
['Zio', 'Rebellion', 'Amrita', 'Ice Break']
['Rebellion', 'Amrita', 'Wind Break', 'Rakukaja']
['Ice Break', 'Sharp Student', 'Bufudyne', 'Foul Breath']
['Wind Boost', 'Amrita', 'Ice Break', 'Wind Break']
['Rebellion', 'Zio', 'Dekaja', 'Foul Breath']
['Zio', 'Amrita', 'Bufudyne', 'Wind Break']
['Sharp Student', 'Dekaja', 'Mabufula', 'Wind Break']
['Resist Fire', 'Garula', 'Rakukaja', 'Wind Break']
['Rebellion', 'Zio', 'Dekaja', 'Bufudyne']
['Wind Break', 'Dekaja', 'Maragi', 'Garula']
['Rebellion', 'Ice Break', 'Dekaja', 'Rakukaja']
['Wind Amp', 'Garula', 'Rakukaja', 'Rebellion']
['Mabufula', 'Amrita', 'Wind Break', 'Ice Break']
['Foul Breath', 'Rebellion', 'Mabufula', 'Wind Boost']
['Rebellion', 'Mabufula', 'Garula', 'Ice Break']
['Ice Break', 'Wind Break', 'Amrita', 'Rebellion']
['Rebellion', 'Maragi', 'Sharp Student', 'Rakukaja']
['Amrita', 'Wind Boost', 'Wind Break', 'Resist Fire']
['Ice Break', 'Wind Boost', 'Zio', 'Null Dark']
['Zio', 'Foul Breath', 'Ice Break', 'Trafuri']
['Sharp Student', 'Garula', 'Rebellion', 'Wind Boost']
['Foul Breath', 'Wind Boost', 'Wind Break', 'Rakukaja']
['Wind Break', 'Mabufula', 'Ice Break', 'Rakukaja']
['Wind Break', 'Trafuri', 'Sharp Student', 'Rebellion']
['Amrita', 'Rebellion', 'Rakukaja', 'Zio']
['Dekaja', 'Rakukaja', 'Wind Break', 'Maragi']
['Rebellion', 'Resist Fire', 'Ice Break', 'Sharp Student']
['Provoke', 'Amrita', 'Rebellion', 'Wind Break']
['Zio', 'Foul Breath', 'Rakukaja', 'Dekaja']
['Rebellion', 'Resist Fire', 'Foul Breath', 'Sharp Student']
['Rebellion', 'Wind Break', 'Rakukaja', 'Garula']
['Rakukaja', 'Maragi', 'Rebellion', 'Mabufula']
['Rakukaja', 'Garula', 'Foul Breath', 'Wind Break']
['Amrita', 'Wind Break', 'Sharp Student', 'Garula']
['Null Dark', 'Zio', 'Ice Break', 'Amrita']
['Foul Breath', 'Amrita', 'Wind Break', 'Zio']
['Rakukaja', 'Foul Breath', 'Wind Break', 'Ice Break']
['Wind Boost', 'Rebellion', 'Mabufula', 'Amrita']
['Sharp Student', 'Ice Break', 'Rakukaja', 'Zio']
['Ice Break', 'Rakukaja', 'Bufudyne', 'Maragi']
['Foul Breath', 'Rakukaja', 'Wind Break', 'Ice Break']
['Wind Break', 'Amrita', 'Trafuri', 'Maragi']
['Wind Break', 'Tentarafoo', 'Dekaja', 'Maragi']
['Amrita', 'Zio', 'Wind Amp', 'Ice Break']
['Rebellion', 'Foul Breath', 'Provoke', 'Rakukaja']
['Rakukaja', 'Dekaja', 'Wind Break', 'Amrita']
['Garula', 'Foul Breath', 'Rakukaja', 'Zio']
['Wind Break', 'Wind Boost', 'Rakukaja', 'Amrita']
['Rebellion', 'Rakukaja', 'Garula', 'Amrita']
['Maragi', 'Null Dark', 'Zio', 'Rakukaja']
['Sharp Student', 'Foul Breath', 'Rakukaja', 'Amrita']
['Garula', 'Maragi', 'Zio', 'Wind Break']
['Amrita', 'Rakukaja', 'Wind Break', 'Rebellion']
['Mabufula', 'Rakukaja', 'Wind Break', 'Rebellion']
['Trafuri', 'Amrita', 'Rakukaja', 'Ice Break']
['Rakukaja', 'Wind Break', 'Rebellion', 'Sharp Student']
['Dekaja', 'Zio', 'Rakukaja', 'Ice Break']
['Rakukaja', 'Amrita', 'Zio', 'Dekaja']
['Wind Break', 'Rebellion', 'Amrita', 'Rakukaja']
['Wind Break', 'Rakukaja', 'Resist Fire', 'Provoke']
['Provoke', 'Tentarafoo', 'Amrita', 'Ice Break']
['Amrita', 'Foul Breath', 'Garula', 'Sharp Student']
['Rakukaja', 'Amrita', 'Dekaja', 'Wind Break']
['Rebellion', 'Wind Break', 'Ice Break', 'Rakukaja']
['Ice Break', 'Wind Amp', 'Rebellion', 'Rakukaja']
['Amrita', 'Rebellion', 'Ice Break', 'Sharp Student']
['Rebellion', 'Foul Breath', 'Dekaja', 'Rakukaja']
['Amrita', 'Mabufula', 'Ice Break', 'Resist Fire']
['Rebellion', 'Wind Break', 'Zio', 'Rakukaja']
['Ice Break', 'Amrita', 'Wind Boost', 'Maragi']
['Amrita', 'Ice Break', 'Rakukaja', 'Dekaja']
['Rebellion', 'Sharp Student', 'Foul Breath', 'Panta Rhei']
['Rakukaja', 'Rebellion', 'Garula', 'Wind Break']
['Foul Breath', 'Amrita', 'Wind Boost', 'Resist Fire']
['Rakukaja', 'Dekaja', 'Rebellion', 'Zio']
['Wind Break', 'Maragi', 'Rebellion', 'Rakukaja']
['Ice Break', 'Amrita', 'Rakukaja', 'Zio']
['Rakukaja', 'Wind Boost', 'Dekaja', 'Foul Breath']
['Rebellion', 'Provoke', 'Zio', 'Ice Break']
['Amrita', 'Foul Breath', 'Rebellion', 'Wind Boost']
['Rebellion', 'Rakukaja', 'Wind Boost', 'Dekaja']
['Zio', 'Rebellion', 'Wind Boost', 'Wind Break']
['Provoke', 'Rebellion', 'Amrita', 'Dekaja']
['Rakukaja', 'Ice Break', 'Wind Break', 'Amrita']
['Rebellion', 'Wind Boost', 'Ice Break', 'Maragi']
['Amrita', 'Dekaja', 'Sharp Student', 'Garula']
['Wind Amp', 'Garula', 'Mabufula', 'Rakukaja']
['Wind Break', 'Rebellion', 'Ice Break', 'Mabufula']
['Ice Break', 'Null Dark', 'Rebellion', 'Mabufula']
['Zio', 'Rebellion', 'Amrita', 'Ice Break']
['Ice Break', 'Rebellion', 'Amrita', 'Wind Boost']
['Rakukaja', 'Amrita', 'Mabufula', 'Wind Amp']
['Zio', 'Rebellion', 'Dekaja', 'Foul Breath']
['Rakukaja', 'Rebellion', 'Maragi', 'Bufudyne']
['Rebellion', 'Zio', 'Amrita', 'Maragi']
['Amrita', 'Provoke', 'Zio', 'Maragi']
['Zio', 'Ice Break', 'Rebellion', 'Wind Boost']
['Maragi', 'Wind Break', 'Garula', 'Ice Break']
['Rakukaja', 'Zio', 'Rebellion', 'Foul Breath']
['Garula', 'Rakukaja', 'Zio', 'Dekaja']
['Ice Break', 'Amrita', 'Wind Break', 'Wind Amp']
['Rebellion', 'Amrita', 'Rakukaja', 'Maragi']
['Wind Break', 'Wind Boost', 'Rebellion', 'Rakukaja']
['Dekaja', 'Rakukaja', 'Ice Break', 'Wind Break']
['Zio', 'Ice Break', 'Garula', 'Panta Rhei']
['Rakukaja', 'Rebellion', 'Zio', 'Foul Breath']
['Ice Break', 'Rebellion', 'Garula', 'Rakukaja']
['Ice Break', 'Wind Break', 'Rebellion', 'Maragi']
['Wind Break', 'Rebellion', 'Rakukaja', 'Zio']
['Wind Break', 'Mabufula', 'Dekaja', 'Trafuri']
['Rebellion', 'Wind Break', 'Rakukaja', 'Garula']
['Resist Fire', 'Trafuri', 'Amrita', 'Garula']
['Zio', 'Wind Break', 'Rebellion', 'Amrita']
['Rakukaja', 'Foul Breath', 'Rebellion', 'Wind Break']
['Garula', 'Amrita', 'Trafuri', 'Rebellion']
['Bufudyne', 'Amrita', 'Maragi', 'Wind Break']
['Wind Break', 'Zio', 'Wind Amp', 'Rakukaja']
['Panta Rhei', 'Ice Break', 'Bufudyne', 'Amrita']
['Rakukaja', 'Sharp Student', 'Ice Break', 'Bufudyne']
['Resist Fire', 'Bufudyne', 'Sharp Student', 'Amrita']
['Wind Boost', 'Rebellion', 'Zio', 'Null Dark']
['Foul Breath', 'Amrita', 'Sharp Student', 'Zio']
['Ice Break', 'Rakukaja', 'Amrita', 'Rebellion']
['Zio', 'Rebellion', 'Sharp Student', 'Garula']
['Zio', 'Bufudyne', 'Amrita', 'Rakukaja']
['Wind Break', 'Dekaja', 'Foul Breath', 'Trafuri']
['Wind Boost', 'Amrita', 'Foul Breath', 'Rebellion']
['Mabufula', 'Foul Breath', 'Null Dark', 'Amrita']
['Wind Boost', 'Amrita', 'Garula', 'Rakukaja']
['Ice Break', 'Wind Boost', 'Rakukaja', 'Maragi']
['Maragi', 'Amrita', 'Dekaja', 'Rakukaja']
['Dekaja', 'Amrita', 'Rebellion', 'Zio']
['Null Dark', 'Rakukaja', 'Dekaja', 'Amrita']
['Wind Boost', 'Sharp Student', 'Dekaja', 'Amrita']
['Resist Fire', 'Sharp Student', 'Rakukaja', 'Amrita']
['Dekaja', 'Zio', 'Rakukaja', 'Rebellion']
['Zio', 'Provoke', 'Wind Break', 'Maragi']
['Ice Break', 'Dekaja', 'Garula', 'Trafuri']
['Rebellion', 'Dekaja', 'Sharp Student', 'Zio']
['Amrita', 'Null Dark', 'Foul Breath', 'Rebellion']
['Ice Break', 'Rebellion', 'Bufudyne', 'Resist Fire']
['Foul Breath', 'Amrita', 'Null Dark', 'Trafuri']
['Rakukaja', 'Wind Break', 'Dekaja', 'Sharp Student']
['Rakukaja', 'Wind Boost', 'Zio', 'Rebellion']
['Sharp Student', 'Garula', 'Amrita', 'Mabufula']
['Wind Break', 'Wind Amp', 'Wind Boost', 'Amrita']
['Wind Break', 'Rebellion', 'Foul Breath', 'Amrita']
['Wind Break', 'Dekaja', 'Zio', 'Sharp Student']
['Sharp Student', 'Rakukaja', 'Wind Break', 'Rebellion']
['Maragi', 'Garula', 'Rebellion', 'Panta Rhei']
['Dekaja', 'Rakukaja', 'Ice Break', 'Amrita']
['Wind Boost', 'Foul Breath', 'Ice Break', 'Amrita']
['Rakukaja', 'Null Dark', 'Rebellion', 'Foul Breath']
['Wind Boost', 'Wind Break', 'Amrita', 'Dekaja']
['Rakukaja', 'Tentarafoo', 'Maragi', 'Amrita']
['Wind Break', 'Dekaja', 'Amrita', 'Ice Break']
['Wind Amp', 'Garula', 'Wind Break', 'Rakukaja']
['Amrita', 'Zio', 'Rebellion', 'Bufudyne']
['Rebellion', 'Sharp Student', 'Foul Breath', 'Wind Break']
['Wind Amp', 'Rebellion', 'Wind Break', 'Maragi']
['Rebellion', 'Ice Break', 'Rakukaja', 'Tentarafoo']
['Dekaja', 'Rebellion', 'Mabufula', 'Garula']
['Rebellion', 'Dekaja', 'Wind Boost', 'Trafuri']
['Ice Break', 'Tentarafoo', 'Garula', 'Rebellion']
['Zio', 'Dekaja', 'Rebellion', 'Ice Break']
['Ice Break', 'Wind Boost', 'Garula', 'Zio']
['Rakukaja', 'Wind Boost', 'Amrita', 'Sharp Student']
['Rakukaja', 'Wind Break', 'Resist Fire', 'Ice Break']
['Trafuri', 'Maragi', 'Wind Break', 'Rakukaja']
['Amrita', 'Sharp Student', 'Wind Boost', 'Rebellion']
['Rakukaja', 'Zio', 'Ice Break', 'Foul Breath']
['Ice Break', 'Dekaja', 'Foul Breath', 'Null Dark']
['Wind Boost', 'Wind Break', 'Rakukaja', 'Ice Break']
['Wind Break', 'Foul Breath', 'Rebellion', 'Mabufula']
['Null Dark', 'Rebellion', 'Wind Break', 'Amrita']
['Rebellion', 'Wind Break', 'Amrita', 'Foul Breath']
['Rebellion', 'Rakukaja', 'Foul Breath', 'Zio']
['Sharp Student', 'Dekaja', 'Zio', 'Maragi']
['Rebellion', 'Dekaja', 'Wind Boost', 'Amrita']
['Foul Breath', 'Wind Amp', 'Amrita', 'Rebellion']
['Rakukaja', 'Dekaja', 'Ice Break', 'Wind Boost']
['Wind Break', 'Rakukaja', 'Rebellion', 'Zio']
['Resist Fire', 'Amrita', 'Rakukaja', 'Foul Breath']
['Rakukaja', 'Ice Break', 'Dekaja', 'Amrita']
['Rakukaja', 'Dekaja', 'Foul Breath', 'Garula']
['Rakukaja', 'Wind Break', 'Panta Rhei', 'Zio']
['Rebellion', 'Amrita', 'Dekaja', 'Rakukaja']
['Dekaja', 'Zio', 'Amrita', 'Resist Fire']
['Foul Breath', 'Amrita', 'Zio', 'Wind Break']
['Wind Break', 'Zio', 'Rebellion', 'Dekaja']
['Null Dark', 'Amrita', 'Zio', 'Mabufula']
['Zio', 'Ice Break', 'Rakukaja', 'Rebellion']
['Mabufula', 'Dekaja', 'Ice Break', 'Wind Break']
['Zio', 'Mabufula', 'Rakukaja', 'Ice Break']
['Rebellion', 'Zio', 'Rakukaja', 'Ice Break']
['Rebellion', 'Dekaja', 'Maragi', 'Ice Break']
['Wind Break', 'Maragi', 'Ice Break', 'Dekaja']
['Amrita', 'Rakukaja', 'Rebellion', 'Null Dark']
['Dekaja', 'Rakukaja', 'Wind Break', 'Wind Boost']
['Zio', 'Rebellion', 'Dekaja', 'Ice Break']
['Ice Break', 'Garula', 'Rebellion', 'Amrita']
['Wind Break', 'Mabufula', 'Rakukaja', 'Foul Breath']
['Trafuri', 'Zio', 'Amrita', 'Resist Fire']
['Rebellion', 'Foul Breath', 'Sharp Student', 'Maragi']
['Rakukaja', 'Wind Break', 'Maragi', 'Panta Rhei']
['Wind Boost', 'Rebellion', 'Rakukaja', 'Tentarafoo']
['Zio', 'Rakukaja', 'Rebellion', 'Amrita']
['Wind Boost', 'Rakukaja', 'Dekaja', 'Ice Break']
['Ice Break', 'Rakukaja', 'Maragi', 'Resist Fire']
['Rakukaja', 'Amrita', 'Resist Fire', 'Rebellion']
['Rebellion', 'Amrita', 'Sharp Student', 'Rakukaja']
['Foul Breath', 'Rebellion', 'Null Dark', 'Wind Boost']
['Dekaja', 'Rebellion', 'Wind Break', 'Rakukaja']
['Wind Break', 'Garula', 'Wind Amp', 'Rakukaja']
['Amrita', 'Dekaja', 'Zio', 'Maragi']
['Amrita', 'Rakukaja', 'Provoke', 'Mabufula']
['Ice Break', 'Maragi', 'Dekaja', 'Rakukaja']
['Rebellion', 'Wind Break', 'Dekaja', 'Rakukaja']
['Garula', 'Amrita', 'Rebellion', 'Dekaja']
['Wind Break', 'Wind Boost', 'Rakukaja', 'Rebellion']
['Ice Break', 'Rebellion', 'Mabufula', 'Foul Breath']
['Rakukaja', 'Rebellion', 'Wind Boost', 'Ice Break']
['Panta Rhei', 'Bufudyne', 'Wind Break', 'Rebellion']
['Wind Break', 'Amrita', 'Wind Boost', 'Garula']
['Maragi', 'Rakukaja', 'Amrita', 'Rebellion']
['Garula', 'Mabufula', 'Amrita', 'Zio']
['Zio', 'Amrita', 'Rebellion', 'Ice Break']
['Wind Break', 'Amrita', 'Maragi', 'Foul Breath']
['Rebellion', 'Rakukaja', 'Wind Boost', 'Dekaja']
['Wind Break', 'Resist Fire', 'Rebellion', 'Ice Break']
['Zio', 'Rakukaja', 'Wind Boost', 'Rebellion']
['Zio', 'Null Dark', 'Rakukaja', 'Amrita']
['Garula', 'Rebellion', 'Dekaja', 'Sharp Student']
['Rakukaja', 'Rebellion', 'Wind Break', 'Foul Breath']
['Amrita', 'Wind Amp', 'Rakukaja', 'Sharp Student']
['Dekaja', 'Rakukaja', 'Maragi', 'Rebellion']
['Zio', 'Rakukaja', 'Rebellion', 'Dekaja']
['Garula', 'Amrita', 'Ice Break', 'Zio']
['Wind Amp', 'Rakukaja', 'Wind Break', 'Zio']
['Wind Break', 'Rakukaja', 'Amrita', 'Wind Amp']
['Ice Break', 'Rakukaja', 'Foul Breath', 'Zio']
['Maragi', 'Amrita', 'Wind Break', 'Ice Break']
['Garula', 'Amrita', 'Foul Breath', 'Wind Break']
['Zio', 'Null Dark', 'Amrita', 'Rebellion']
['Zio', 'Garula', 'Amrita', 'Rakukaja']
['Dekaja', 'Rebellion', 'Amrita', 'Maragi']
['Rebellion', 'Amrita', 'Rakukaja', 'Zio']
['Zio', 'Bufudyne', 'Maragi', 'Amrita']
['Garula', 'Ice Break', 'Amrita', 'Provoke']
['Amrita', 'Rebellion', 'Wind Break', 'Null Dark']
['Rebellion', 'Maragi', 'Trafuri', 'Wind Amp']
['Dekaja', 'Zio', 'Wind Amp', 'Ice Break']
['Rakukaja', 'Wind Break', 'Amrita', 'Ice Break']
['Rebellion', 'Rakukaja', 'Wind Break', 'Foul Breath']
['Wind Amp', 'Amrita', 'Wind Boost', 'Mabufula']
['Wind Amp', 'Zio', 'Rebellion', 'Maragi']
['Rebellion', 'Foul Breath', 'Ice Break', 'Amrita']
['Zio', 'Wind Boost', 'Ice Break', 'Rakukaja']
['Wind Boost', 'Provoke', 'Rebellion', 'Foul Breath']
['Rakukaja', 'Resist Fire', 'Sharp Student', 'Maragi']
['Ice Break', 'Zio', 'Rakukaja', 'Amrita']
['Rebellion', 'Wind Boost', 'Dekaja', 'Rakukaja']
['Zio', 'Ice Break', 'Garula', 'Wind Break']
['Maragi', 'Rakukaja', 'Rebellion', 'Wind Break']
['Rebellion', 'Amrita', 'Rakukaja', 'Foul Breath']
['Rebellion', 'Rakukaja', 'Amrita', 'Wind Boost']
['Provoke', 'Wind Boost', 'Zio', 'Rebellion']
['Rebellion', 'Maragi', 'Provoke', 'Mabufula']
['Maragi', 'Amrita', 'Panta Rhei', 'Dekaja']
['Wind Break', 'Resist Fire', 'Rebellion', 'Garula']
['Rakukaja', 'Foul Breath', 'Rebellion', 'Zio']
['Wind Break', 'Zio', 'Panta Rhei', 'Sharp Student']
['Rakukaja', 'Zio', 'Maragi', 'Amrita']
['Wind Boost', 'Ice Break', 'Rebellion', 'Provoke']
['Rebellion', 'Rakukaja', 'Null Dark', 'Zio']
['Rebellion', 'Dekaja', 'Wind Break', 'Wind Boost']
['Rebellion', 'Mabufula', 'Sharp Student', 'Amrita']
['Rakukaja', 'Dekaja', 'Rebellion', 'Zio']
['Wind Break', 'Resist Fire', 'Rebellion', 'Maragi']
['Rebellion', 'Wind Break', 'Wind Amp', 'Ice Break']
['Rakukaja', 'Wind Amp', 'Wind Break', 'Amrita']
['Wind Break', 'Wind Amp', 'Rebellion', 'Ice Break']
['Rebellion', 'Rakukaja', 'Ice Break', 'Sharp Student']
['Zio', 'Foul Breath', 'Rakukaja', 'Rebellion']
['Amrita', 'Zio', 'Wind Break', 'Maragi']
['Rakukaja', 'Wind Break', 'Sharp Student', 'Amrita']
['Trafuri', 'Wind Break', 'Rebellion', 'Amrita']
['Rebellion', 'Ice Break', 'Foul Breath', 'Zio']
['Rakukaja', 'Maragi', 'Wind Break', 'Rebellion']
['Rakukaja', 'Ice Break', 'Rebellion', 'Garula']
['Rakukaja', 'Amrita', 'Rebellion', 'Zio']
['Amrita', 'Zio', 'Wind Boost', 'Tentarafoo']
['Wind Break', 'Rakukaja', 'Rebellion', 'Garula']
['Rakukaja', 'Rebellion', 'Amrita', 'Wind Amp']
['Zio', 'Wind Amp', 'Rakukaja', 'Dekaja']
['Rakukaja', 'Wind Break', 'Zio', 'Amrita']
['Rebellion', 'Amrita', 'Wind Boost', 'Sharp Student']
['Amrita', 'Dekaja', 'Zio', 'Rakukaja']
['Mabufula', 'Zio', 'Ice Break', 'Dekaja']
['Rebellion', 'Wind Boost', 'Amrita', 'Rakukaja']
['Ice Break', 'Zio', 'Bufudyne', 'Amrita']
['Zio', 'Amrita', 'Rebellion', 'Garula']
['Zio', 'Rebellion', 'Wind Boost', 'Ice Break']
['Zio', 'Wind Break', 'Rakukaja', 'Wind Amp']
['Rakukaja', 'Garula', 'Foul Breath', 'Dekaja']
['Zio', 'Amrita', 'Rebellion', 'Maragi']
['Rebellion', 'Rakukaja', 'Amrita', 'Ice Break']
['Rakukaja', 'Null Dark', 'Rebellion', 'Wind Break']
['Rebellion', 'Amrita', 'Wind Break', 'Null Dark']
['Wind Amp', 'Rakukaja', 'Ice Break', 'Amrita']
['Amrita', 'Ice Break', 'Bufudyne', 'Foul Breath']
['Zio', 'Amrita', 'Dekaja', 'Ice Break']
['Foul Breath', 'Dekaja', 'Rebellion', 'Rakukaja']
['Wind Break', 'Foul Breath', 'Rakukaja', 'Panta Rhei']
['Wind Amp', 'Ice Break', 'Wind Boost', 'Maragi']
['Wind Break', 'Rakukaja', 'Ice Break', 'Rebellion']
['Rebellion', 'Maragi', 'Wind Boost', 'Foul Breath']
['Wind Break', 'Maragi', 'Ice Break', 'Mabufula']
['Rebellion', 'Amrita', 'Dekaja', 'Resist Fire']
['Wind Break', 'Dekaja', 'Trafuri', 'Foul Breath']
['Ice Break', 'Sharp Student', 'Rebellion', 'Maragi']
['Rakukaja', 'Amrita', 'Sharp Student', 'Rebellion']
['Rakukaja', 'Rebellion', 'Wind Break', 'Amrita']
['Wind Break', 'Dekaja', 'Wind Amp', 'Garula']
['Foul Breath', 'Maragi', 'Rakukaja', 'Rebellion']
['Wind Break', 'Amrita', 'Rakukaja', 'Null Dark']
['Amrita', 'Zio', 'Rebellion', 'Ice Break']
['Mabufula', 'Wind Break', 'Rakukaja', 'Sharp Student']
['Dekaja', 'Foul Breath', 'Rebellion', 'Zio']
['Wind Break', 'Zio', 'Dekaja', 'Ice Break']
['Rakukaja', 'Mabufula', 'Wind Break', 'Amrita']
['Bufudyne', 'Wind Break', 'Rakukaja', 'Foul Breath']
['Dekaja', 'Rebellion', 'Rakukaja', 'Zio']
['Null Dark', 'Rebellion', 'Wind Break', 'Panta Rhei']
['Amrita', 'Null Dark', 'Rakukaja', 'Dekaja']
['Amrita', 'Wind Break', 'Zio', 'Rakukaja']
['Rakukaja', 'Amrita', 'Null Dark', 'Wind Boost']
['Zio', 'Rakukaja', 'Resist Fire', 'Rebellion']
['Ice Break', 'Rebellion', 'Garula', 'Zio']
['Resist Fire', 'Garula', 'Ice Break', 'Rakukaja']
['Rakukaja', 'Amrita', 'Dekaja', 'Sharp Student']
['Amrita', 'Zio', 'Wind Boost', 'Rakukaja']
['Rakukaja', 'Rebellion', 'Wind Break', 'Null Dark']
['Zio', 'Foul Breath', 'Rakukaja', 'Wind Boost']
['Amrita', 'Zio', 'Wind Boost', 'Rebellion']
['Wind Boost', 'Dekaja', 'Rebellion', 'Rakukaja']
['Foul Breath', 'Amrita', 'Resist Fire', 'Rebellion']
['Amrita', 'Rakukaja', 'Wind Break', 'Wind Boost']
['Zio', 'Wind Break', 'Rakukaja', 'Foul Breath']
['Maragi', 'Amrita', 'Rakukaja', 'Rebellion']
['Rebellion', 'Zio', 'Dekaja', 'Ice Break']
['Dekaja', 'Ice Break', 'Zio', 'Wind Boost']
['Amrita', 'Foul Breath', 'Dekaja', 'Garula']
['Rebellion', 'Provoke', 'Zio', 'Foul Breath']
['Zio', 'Resist Fire', 'Rebellion', 'Foul Breath']
['Rakukaja', 'Rebellion', 'Zio', 'Maragi']
['Wind Break', 'Ice Break', 'Rakukaja', 'Mabufula']
['Zio', 'Wind Boost', 'Rebellion', 'Rakukaja']
['Foul Breath', 'Amrita', 'Ice Break', 'Panta Rhei']
['Rakukaja', 'Rebellion', 'Amrita', 'Foul Breath']
['Resist Fire', 'Wind Break', 'Dekaja', 'Zio']
['Zio', 'Foul Breath', 'Ice Break', 'Dekaja']
['Wind Break', 'Amrita', 'Foul Breath', 'Sharp Student']
['Rebellion', 'Rakukaja', 'Ice Break', 'Zio']
['Tentarafoo', 'Rebellion', 'Wind Amp', 'Ice Break']
['Amrita', 'Rakukaja', 'Sharp Student', 'Foul Breath']
['Dekaja', 'Rakukaja', 'Foul Breath', 'Garula']
['Amrita', 'Zio', 'Rebellion', 'Dekaja']
['Maragi', 'Null Dark', 'Rakukaja', 'Ice Break']
['Rebellion', 'Rakukaja', 'Wind Boost', 'Foul Breath']
['Ice Break', 'Amrita', 'Null Dark', 'Foul Breath']
['Null Dark', 'Rebellion', 'Wind Break', 'Rakukaja']
['Rakukaja', 'Rebellion', 'Wind Boost', 'Ice Break']
['Rakukaja', 'Zio', 'Rebellion', 'Wind Break']
['Wind Break', 'Ice Break', 'Maragi', 'Rakukaja']
['Rakukaja', 'Rebellion', 'Wind Break', 'Dekaja']
['Garula', 'Amrita', 'Dekaja', 'Rebellion']
['Rakukaja', 'Dekaja', 'Garula', 'Zio']
['Mabufula', 'Wind Break', 'Resist Fire', 'Ice Break']
['Ice Break', 'Dekaja', 'Rakukaja', 'Sharp Student']
['Rebellion', 'Foul Breath', 'Zio', 'Rakukaja']
['Rebellion', 'Wind Boost', 'Wind Break', 'Amrita']
['Ice Break', 'Wind Boost', 'Rakukaja', 'Wind Amp']
['Wind Amp', 'Rakukaja', 'Amrita', 'Ice Break']
['Rakukaja', 'Wind Boost', 'Ice Break', 'Wind Break']
['Wind Boost', 'Wind Amp', 'Ice Break', 'Rebellion']
['Rakukaja', 'Dekaja', 'Zio', 'Sharp Student']
['Ice Break', 'Sharp Student', 'Wind Break', 'Rakukaja']
['Amrita', 'Rakukaja', 'Trafuri', 'Rebellion']
['Foul Breath', 'Dekaja', 'Zio', 'Ice Break']
['Wind Amp', 'Wind Boost', 'Foul Breath', 'Mabufula']
['Rakukaja', 'Ice Break', 'Dekaja', 'Resist Fire']
['Dekaja', 'Maragi', 'Rakukaja', 'Wind Break']
['Ice Break', 'Rakukaja', 'Dekaja', 'Zio']
['Rebellion', 'Ice Break', 'Zio', 'Amrita']
['Trafuri', 'Zio', 'Wind Break', 'Rakukaja']
['Rebellion', 'Zio', 'Amrita', 'Dekaja']
['Rakukaja', 'Tentarafoo', 'Ice Break', 'Dekaja']
['Rebellion', 'Wind Boost', 'Amrita', 'Zio']
['Amrita', 'Trafuri', 'Wind Amp', 'Dekaja']
['Amrita', 'Rebellion', 'Resist Fire', 'Zio']
['Dekaja', 'Ice Break', 'Rebellion', 'Amrita']
['Rebellion', 'Trafuri', 'Zio', 'Sharp Student']
['Maragi', 'Ice Break', 'Amrita', 'Foul Breath']
['Wind Amp', 'Amrita', 'Rakukaja', 'Wind Boost']
['Zio', 'Rebellion', 'Resist Fire', 'Wind Break']
['Provoke', 'Wind Break', 'Mabufula', 'Rakukaja']
['Amrita', 'Rebellion', 'Maragi', 'Ice Break']
['Maragi', 'Zio', 'Ice Break', 'Rebellion']
['Bufudyne', 'Rebellion', 'Amrita', 'Zio']
['Rakukaja', 'Mabufula', 'Wind Break', 'Amrita']
['Rakukaja', 'Zio', 'Resist Fire', 'Bufudyne']
['Rakukaja', 'Zio', 'Rebellion', 'Wind Break']
['Sharp Student', 'Amrita', 'Wind Break', 'Rebellion']
['Rakukaja', 'Ice Break', 'Amrita', 'Wind Boost']
['Dekaja', 'Wind Break', 'Maragi', 'Wind Boost']
['Amrita', 'Dekaja', 'Ice Break', 'Bufudyne']
['Ice Break', 'Maragi', 'Bufudyne', 'Dekaja']
['Wind Boost', 'Rakukaja', 'Dekaja', 'Wind Break']
['Wind Boost', 'Zio', 'Amrita', 'Rebellion']
['Amrita', 'Rakukaja', 'Rebellion', 'Sharp Student']
['Wind Boost', 'Amrita', 'Rebellion', 'Garula']
['Wind Break', 'Rakukaja', 'Resist Fire', 'Wind Boost']
['Wind Break', 'Foul Breath', 'Dekaja', 'Rebellion']
['Zio', 'Rakukaja', 'Rebellion', 'Wind Break']
['Wind Boost', 'Tentarafoo', 'Bufudyne', 'Rakukaja']
['Dekaja', 'Wind Boost', 'Foul Breath', 'Wind Break']
['Wind Break', 'Rakukaja', 'Zio', 'Bufudyne']
['Amrita', 'Dekaja', 'Zio', 'Ice Break']
['Tentarafoo', 'Rebellion', 'Null Dark', 'Wind Break']
['Wind Break', 'Amrita', 'Rakukaja', 'Rebellion']
['Sharp Student', 'Wind Amp', 'Rakukaja', 'Maragi']
['Resist Fire', 'Wind Boost', 'Wind Break', 'Wind Amp']
['Zio', 'Maragi', 'Rebellion', 'Wind Boost']
['Wind Break', 'Amrita', 'Rakukaja', 'Rebellion']
['Rakukaja', 'Null Dark', 'Rebellion', 'Amrita']
['Garula', 'Resist Fire', 'Wind Break', 'Amrita']
['Wind Break', 'Foul Breath', 'Ice Break', 'Rakukaja']
['Dekaja', 'Amrita', 'Resist Fire', 'Foul Breath']
['Rakukaja', 'Maragi', 'Rebellion', 'Garula']
['Foul Breath', 'Rebellion', 'Rakukaja', 'Null Dark']
['Amrita', 'Ice Break', 'Zio', 'Trafuri']
['Zio', 'Rebellion', 'Foul Breath', 'Amrita']
['Rakukaja', 'Wind Break', 'Amrita', 'Resist Fire']
['Rakukaja', 'Amrita', 'Ice Break', 'Wind Break']
['Resist Fire', 'Zio', 'Garula', 'Rebellion']
['Rakukaja', 'Wind Amp', 'Ice Break', 'Amrita']
['Ice Break', 'Amrita', 'Zio', 'Rakukaja']
['Rakukaja', 'Zio', 'Garula', 'Resist Fire']
['Rebellion', 'Amrita', 'Maragi', 'Wind Break']
['Foul Breath', 'Rakukaja', 'Wind Break', 'Amrita']
['Zio', 'Rebellion', 'Amrita', 'Ice Break']
['Maragi', 'Rakukaja', 'Rebellion', 'Ice Break']
['Wind Boost', 'Rebellion', 'Dekaja', 'Wind Break']
['Rebellion', 'Zio', 'Rakukaja', 'Foul Breath']
['Amrita', 'Dekaja', 'Rebellion', 'Wind Boost']
['Sharp Student', 'Wind Boost', 'Rebellion', 'Zio']
['Mabufula', 'Wind Break', 'Ice Break', 'Wind Boost']
['Ice Break', 'Zio', 'Garula', 'Rebellion']
['Rakukaja', 'Zio', 'Rebellion', 'Foul Breath']
['Ice Break', 'Rakukaja', 'Garula', 'Rebellion']
['Amrita', 'Sharp Student', 'Rebellion', 'Dekaja']
['Rakukaja', 'Garula', 'Rebellion', 'Wind Amp']
['Rakukaja', 'Wind Break', 'Amrita', 'Rebellion']
['Foul Breath', 'Rebellion', 'Maragi', 'Wind Break']
['Amrita', 'Wind Boost', 'Maragi', 'Dekaja']
['Foul Breath', 'Wind Break', 'Zio', 'Rebellion']
['Amrita', 'Rebellion', 'Wind Boost', 'Ice Break']
['Wind Break', 'Bufudyne', 'Ice Break', 'Rebellion']
['Ice Break', 'Panta Rhei', 'Wind Break', 'Zio']
['Maragi', 'Wind Boost', 'Rebellion', 'Garula']
['Zio', 'Wind Boost', 'Rebellion', 'Provoke']
['Rakukaja', 'Zio', 'Dekaja', 'Amrita']
['Foul Breath', 'Ice Break', 'Dekaja', 'Amrita']
['Ice Break', 'Amrita', 'Resist Fire', 'Mabufula']
['Rebellion', 'Rakukaja', 'Dekaja', 'Ice Break']
['Rakukaja', 'Amrita', 'Dekaja', 'Ice Break']
['Rebellion', 'Sharp Student', 'Foul Breath', 'Ice Break']
['Rakukaja', 'Panta Rhei', 'Garula', 'Rebellion']
['Dekaja', 'Zio', 'Rakukaja', 'Ice Break']
['Wind Boost', 'Dekaja', 'Rakukaja', 'Wind Break']
['Ice Break', 'Wind Amp', 'Zio', 'Rakukaja']
['Rakukaja', 'Foul Breath', 'Dekaja', 'Rebellion']
['Zio', 'Foul Breath', 'Wind Break', 'Mabufula']
['Bufudyne', 'Wind Boost', 'Rakukaja', 'Foul Breath']
['Zio', 'Rakukaja', 'Foul Breath', 'Rebellion']
['Foul Breath', 'Wind Amp', 'Dekaja', 'Rakukaja']
['Rebellion', 'Amrita', 'Ice Break', 'Rakukaja']
['Null Dark', 'Wind Boost', 'Zio', 'Ice Break']
['Amrita', 'Null Dark', 'Rakukaja', 'Wind Boost']
['Rakukaja', 'Rebellion', 'Ice Break', 'Tentarafoo']
['Rakukaja', 'Garula', 'Maragi', 'Rebellion']
['Mabufula', 'Rebellion', 'Garula', 'Zio']
['Wind Break', 'Dekaja', 'Maragi', 'Rakukaja']
['Rebellion', 'Provoke', 'Bufudyne', 'Amrita']
['Ice Break', 'Rebellion', 'Maragi', 'Rakukaja']
['Mabufula', 'Panta Rhei', 'Bufudyne', 'Amrita']
['Dekaja', 'Wind Break', 'Foul Breath', 'Rakukaja']
['Rebellion', 'Sharp Student', 'Zio', 'Resist Fire']
['Zio', 'Null Dark', 'Wind Boost', 'Maragi']
['Amrita', 'Dekaja', 'Wind Boost', 'Rebellion']
['Null Dark', 'Zio', 'Ice Break', 'Rakukaja']
['Dekaja', 'Rakukaja', 'Wind Break', 'Wind Boost']
['Rakukaja', 'Mabufula', 'Ice Break', 'Rebellion']
['Amrita', 'Rakukaja', 'Rebellion', 'Resist Fire']
['Rebellion', 'Rakukaja', 'Garula', 'Wind Amp']
['Rebellion', 'Amrita', 'Sharp Student', 'Garula']
['Rebellion', 'Amrita', 'Garula', 'Ice Break']
['Trafuri', 'Rakukaja', 'Dekaja', 'Wind Boost']
['Dekaja', 'Wind Break', 'Rakukaja', 'Ice Break']
['Ice Break', 'Rebellion', 'Amrita', 'Rakukaja']
['Null Dark', 'Rebellion', 'Sharp Student', 'Dekaja']
['Amrita', 'Resist Fire', 'Rakukaja', 'Wind Amp']
['Sharp Student', 'Rakukaja', 'Amrita', 'Rebellion']
['Amrita', 'Rebellion', 'Rakukaja', 'Resist Fire']
['Amrita', 'Rakukaja', 'Mabufula', 'Maragi']
['Sharp Student', 'Dekaja', 'Rakukaja', 'Bufudyne']
['Wind Break', 'Rebellion', 'Garula', 'Ice Break']
['Rakukaja', 'Ice Break', 'Wind Boost', 'Amrita']
['Amrita', 'Rebellion', 'Null Dark', 'Mabufula']
['Wind Break', 'Foul Breath', 'Rebellion', 'Trafuri']
['Zio', 'Rakukaja', 'Dekaja', 'Garula']
['Bufudyne', 'Rebellion', 'Maragi', 'Sharp Student']
['Garula', 'Amrita', 'Rakukaja', 'Wind Amp']
['Foul Breath', 'Wind Break', 'Rakukaja', 'Maragi']
['Amrita', 'Zio', 'Rakukaja', 'Null Dark']
['Maragi', 'Bufudyne', 'Zio', 'Foul Breath']
['Wind Boost', 'Rakukaja', 'Rebellion', 'Zio']
['Sharp Student', 'Rebellion', 'Zio', 'Maragi']
['Zio', 'Dekaja', 'Resist Fire', 'Rebellion']
['Dekaja', 'Rebellion', 'Rakukaja', 'Zio']
['Zio', 'Wind Break', 'Dekaja', 'Rakukaja']
['Bufudyne', 'Resist Fire', 'Rakukaja', 'Rebellion']
['Garula', 'Amrita', 'Dekaja', 'Rakukaja']
['Zio', 'Amrita', 'Rakukaja', 'Foul Breath']
['Rakukaja', 'Sharp Student', 'Ice Break', 'Dekaja']
['Rakukaja', 'Amrita', 'Zio', 'Dekaja']
['Amrita', 'Ice Break', 'Rebellion', 'Maragi']
['Dekaja', 'Ice Break', 'Rebellion', 'Wind Break']
['Garula', 'Rebellion', 'Ice Break', 'Wind Break']
['Rebellion', 'Wind Boost', 'Rakukaja', 'Provoke']
['Rebellion', 'Rakukaja', 'Amrita', 'Panta Rhei']
['Zio', 'Amrita', 'Sharp Student', 'Wind Break']
['Ice Break', 'Rakukaja', 'Amrita', 'Wind Boost']
['Wind Break', 'Sharp Student', 'Rebellion', 'Ice Break']
['Rakukaja', 'Zio', 'Dekaja', 'Rebellion']
['Zio', 'Rebellion', 'Sharp Student', 'Rakukaja']
['Zio', 'Maragi', 'Rakukaja', 'Wind Break']
['Amrita', 'Wind Break', 'Rebellion', 'Wind Boost']
['Amrita', 'Zio', 'Rakukaja', 'Ice Break']
['Rakukaja', 'Zio', 'Dekaja', 'Wind Boost']
['Zio', 'Wind Break', 'Rebellion', 'Mabufula']
['Rebellion', 'Wind Break', 'Rakukaja', 'Ice Break']
['Zio', 'Rebellion', 'Amrita', 'Dekaja']
['Wind Break', 'Rakukaja', 'Garula', 'Amrita']
['Rebellion', 'Rakukaja', 'Zio', 'Maragi']
['Foul Breath', 'Rakukaja', 'Rebellion', 'Dekaja']
['Wind Break', 'Trafuri', 'Bufudyne', 'Sharp Student']
['Panta Rhei', 'Wind Amp', 'Rebellion', 'Sharp Student']
['Rakukaja', 'Amrita', 'Dekaja', 'Provoke']
['Amrita', 'Rakukaja', 'Ice Break', 'Rebellion']
['Dekaja', 'Panta Rhei', 'Ice Break', 'Rebellion']
['Mabufula', 'Sharp Student', 'Rebellion', 'Wind Break']
['Rebellion', 'Sharp Student', 'Wind Break', 'Panta Rhei']
['Zio', 'Dekaja', 'Rakukaja', 'Ice Break']
['Resist Fire', 'Zio', 'Wind Amp', 'Amrita']
['Rakukaja', 'Panta Rhei', 'Dekaja', 'Ice Break']
['Rebellion', 'Maragi', 'Zio', 'Rakukaja']
['Amrita', 'Resist Fire', 'Ice Break', 'Rebellion']
['Wind Break', 'Rakukaja', 'Wind Boost', 'Zio']
['Rebellion', 'Rakukaja', 'Dekaja', 'Wind Break']
['Rakukaja', 'Rebellion', 'Resist Fire', 'Zio']
['Foul Breath', 'Maragi', 'Rakukaja', 'Ice Break']
['Wind Boost', 'Wind Break', 'Dekaja', 'Amrita']
['Rakukaja', 'Dekaja', 'Ice Break', 'Resist Fire']
['Resist Fire', 'Rakukaja', 'Maragi', 'Rebellion']
['Rebellion', 'Dekaja', 'Zio', 'Wind Amp']
['Rebellion', 'Sharp Student', 'Maragi', 'Rakukaja']
['Garula', 'Amrita', 'Wind Break', 'Zio']
['Rebellion', 'Rakukaja', 'Dekaja', 'Ice Break']
['Wind Break', 'Rebellion', 'Null Dark', 'Wind Amp']
['Amrita', 'Rakukaja', 'Garula', 'Dekaja']
['Mabufula', 'Foul Breath', 'Rakukaja', 'Wind Boost']
['Dekaja', 'Zio', 'Rakukaja', 'Garula']
['Provoke', 'Amrita', 'Rakukaja', 'Rebellion']
['Wind Break', 'Rakukaja', 'Garula', 'Ice Break']
['Wind Break', 'Rebellion', 'Zio', 'Amrita']
['Mabufula', 'Rebellion', 'Wind Break', 'Rakukaja']
['Provoke', 'Rebellion', 'Trafuri', 'Wind Boost']
['Rebellion', 'Amrita', 'Wind Break', 'Zio']
['Maragi', 'Amrita', 'Ice Break', 'Foul Breath']
['Zio', 'Ice Break', 'Rakukaja', 'Amrita']
['Amrita', 'Foul Breath', 'Wind Break', 'Wind Boost']
['Rebellion', 'Wind Break', 'Wind Boost', 'Amrita']
['Trafuri', 'Maragi', 'Wind Break', 'Zio']
['Rebellion', 'Mabufula', 'Zio', 'Amrita']
['Zio', 'Ice Break', 'Amrita', 'Rakukaja']
['Null Dark', 'Rebellion', 'Dekaja', 'Foul Breath']
['Rebellion', 'Wind Amp', 'Wind Break', 'Zio']
['Amrita', 'Zio', 'Wind Break', 'Sharp Student']
['Dekaja', 'Rebellion', 'Wind Break', 'Amrita']
['Tentarafoo', 'Rebellion', 'Rakukaja', 'Wind Boost']
['Maragi', 'Zio', 'Amrita', 'Resist Fire']
['Zio', 'Rakukaja', 'Rebellion', 'Amrita']
['Maragi', 'Ice Break', 'Amrita', 'Garula']
['Garula', 'Rakukaja', 'Dekaja', 'Rebellion']
['Dekaja', 'Ice Break', 'Wind Boost', 'Amrita']
['Wind Break', 'Rebellion', 'Amrita', 'Wind Amp']
['Maragi', 'Rakukaja', 'Amrita', 'Zio']
['Rebellion', 'Rakukaja', 'Amrita', 'Foul Breath']
['Rakukaja', 'Maragi', 'Amrita', 'Trafuri']
['Wind Break', 'Wind Boost', 'Rebellion', 'Rakukaja']
['Maragi', 'Null Dark', 'Rebellion', 'Zio']
['Maragi', 'Foul Breath', 'Amrita', 'Rebellion']
['Dekaja', 'Amrita', 'Rebellion', 'Zio']
['Rakukaja', 'Rebellion', 'Zio', 'Amrita']
['Rakukaja', 'Amrita', 'Wind Amp', 'Garula']
['Wind Break', 'Dekaja', 'Amrita', 'Maragi']
['Zio', 'Ice Break', 'Wind Boost', 'Wind Break']
['Zio', 'Foul Breath', 'Wind Break', 'Mabufula']
['Rakukaja', 'Sharp Student', 'Rebellion', 'Wind Boost']
['Rebellion', 'Wind Break', 'Wind Amp', 'Ice Break']
['Rebellion', 'Wind Break', 'Amrita', 'Dekaja']
['Garula', 'Wind Boost', 'Zio', 'Wind Amp']
['Rebellion', 'Maragi', 'Zio', 'Ice Break']
['Dekaja', 'Rakukaja', 'Bufudyne', 'Rebellion']
['Amrita', 'Wind Break', 'Rakukaja', 'Zio']
['Wind Amp', 'Dekaja', 'Ice Break', 'Rebellion']
['Rebellion', 'Rakukaja', 'Amrita', 'Wind Boost']
['Maragi', 'Amrita', 'Null Dark', 'Dekaja']
['Sharp Student', 'Amrita', 'Rakukaja', 'Garula']
['Sharp Student', 'Amrita', 'Rebellion', 'Foul Breath']
['Amrita', 'Foul Breath', 'Panta Rhei', 'Rakukaja']
['Rakukaja', 'Garula', 'Ice Break', 'Maragi']
['Dekaja', 'Rakukaja', 'Rebellion', 'Wind Boost']
['Dekaja', 'Sharp Student', 'Rebellion', 'Amrita']
['Rakukaja', 'Rebellion', 'Sharp Student', 'Bufudyne']
['Provoke', 'Rebellion', 'Wind Break', 'Dekaja']
['Ice Break', 'Wind Break', 'Rebellion', 'Garula']
['Rakukaja', 'Rebellion', 'Wind Break', 'Wind Boost']
['Wind Break', 'Amrita', 'Rakukaja', 'Ice Break']
['Rakukaja', 'Null Dark', 'Dekaja', 'Tentarafoo']
['Wind Boost', 'Rakukaja', 'Null Dark', 'Garula']
['Null Dark', 'Mabufula', 'Ice Break', 'Zio']
['Amrita', 'Ice Break', 'Rakukaja', 'Foul Breath']
['Ice Break', 'Wind Break', 'Rebellion', 'Rakukaja']
['Zio', 'Maragi', 'Tentarafoo', 'Foul Breath']
['Wind Amp', 'Dekaja', 'Resist Fire', 'Amrita']
['Amrita', 'Null Dark', 'Resist Fire', 'Bufudyne']
['Bufudyne', 'Mabufula', 'Ice Break', 'Zio']
['Zio', 'Dekaja', 'Wind Break', 'Amrita']
['Dekaja', 'Rebellion', 'Wind Boost', 'Sharp Student']
['Maragi', 'Wind Boost', 'Rebellion', 'Wind Amp']
['Rakukaja', 'Rebellion', 'Zio', 'Amrita']
['Wind Break', 'Panta Rhei', 'Ice Break', 'Rebellion']
['Foul Breath', 'Dekaja', 'Bufudyne', 'Amrita']
['Rakukaja', 'Garula', 'Rebellion', 'Null Dark']
['Wind Boost', 'Rakukaja', 'Rebellion', 'Wind Break']
['Wind Break', 'Rebellion', 'Zio', 'Wind Boost']
['Resist Fire', 'Wind Amp', 'Rakukaja', 'Amrita']
['Bufudyne', 'Ice Break', 'Wind Boost', 'Rakukaja']
['Ice Break', 'Sharp Student', 'Wind Amp', 'Foul Breath']
['Wind Break', 'Rebellion', 'Tentarafoo', 'Rakukaja']
['Rakukaja', 'Maragi', 'Wind Break', 'Dekaja']
['Panta Rhei', 'Zio', 'Wind Boost', 'Rakukaja']
['Zio', 'Amrita', 'Rebellion', 'Wind Break']
['Garula', 'Rakukaja', 'Rebellion', 'Sharp Student']
['Rebellion', 'Sharp Student', 'Rakukaja', 'Amrita']
['Dekaja', 'Provoke', 'Amrita', 'Rebellion']
['Ice Break', 'Amrita', 'Rebellion', 'Zio']
['Amrita', 'Zio', 'Rebellion', 'Wind Break']
['Wind Break', 'Ice Break', 'Rakukaja', 'Wind Amp']
['Rebellion', 'Sharp Student', 'Rakukaja', 'Ice Break']
['Rebellion', 'Dekaja', 'Wind Boost', 'Bufudyne']
['Zio', 'Sharp Student', 'Amrita', 'Rebellion']
['Garula', 'Rebellion', 'Null Dark', 'Amrita']
['Zio', 'Rakukaja', 'Ice Break', 'Foul Breath']
['Amrita', 'Ice Break', 'Zio', 'Rebellion']
['Garula', 'Ice Break', 'Rebellion', 'Rakukaja']
['Panta Rhei', 'Bufudyne', 'Wind Break', 'Wind Amp']
['Dekaja', 'Rebellion', 'Zio', 'Ice Break']
['Rebellion', 'Ice Break', 'Sharp Student', 'Wind Break']
['Rebellion', 'Rakukaja', 'Zio', 'Amrita']
['Dekaja', 'Ice Break', 'Maragi', 'Rebellion']
['Rebellion', 'Maragi', 'Foul Breath', 'Zio']
['Rakukaja', 'Null Dark', 'Resist Fire', 'Zio']
['Rebellion', 'Rakukaja', 'Ice Break', 'Maragi']
['Bufudyne', 'Rakukaja', 'Null Dark', 'Zio']
['Rebellion', 'Amrita', 'Wind Break', 'Zio']
['Ice Break', 'Rakukaja', 'Zio', 'Rebellion']
['Rakukaja', 'Null Dark', 'Foul Breath', 'Maragi']
['Ice Break', 'Resist Fire', 'Mabufula', 'Amrita']
['Zio', 'Resist Fire', 'Wind Break', 'Ice Break']
['Rebellion', 'Rakukaja', 'Maragi', 'Dekaja']
['Trafuri', 'Rakukaja', 'Foul Breath', 'Ice Break']
['Maragi', 'Rakukaja', 'Garula', 'Wind Break']
['Rakukaja', 'Ice Break', 'Maragi', 'Zio']
['Rebellion', 'Wind Boost', 'Rakukaja', 'Mabufula']
['Rakukaja', 'Ice Break', 'Amrita', 'Wind Amp']
['Dekaja', 'Rakukaja', 'Zio', 'Wind Amp']
['Mabufula', 'Rakukaja', 'Wind Boost', 'Rebellion']
['Zio', 'Amrita', 'Wind Break', 'Rebellion']
['Wind Break', 'Zio', 'Garula', 'Dekaja']
['Amrita', 'Wind Break', 'Sharp Student', 'Dekaja']
['Bufudyne', 'Mabufula', 'Zio', 'Rakukaja']
['Sharp Student', 'Wind Break', 'Foul Breath', 'Rakukaja']
['Wind Break', 'Rebellion', 'Amrita', 'Maragi']
['Zio', 'Rebellion', 'Ice Break', 'Dekaja']
['Null Dark', 'Rakukaja', 'Mabufula', 'Maragi']
['Null Dark', 'Rebellion', 'Sharp Student', 'Rakukaja']
['Rebellion', 'Dekaja', 'Foul Breath', 'Zio']
['Maragi', 'Wind Boost', 'Sharp Student', 'Rakukaja']
['Mabufula', 'Amrita', 'Maragi', 'Sharp Student']
['Maragi', 'Resist Fire', 'Amrita', 'Rakukaja']
['Dekaja', 'Ice Break', 'Maragi', 'Rebellion']
['Rakukaja', 'Tentarafoo', 'Rebellion', 'Zio']
['Amrita', 'Wind Break', 'Resist Fire', 'Rakukaja']
['Panta Rhei', 'Sharp Student', 'Wind Boost', 'Rakukaja']
['Garula', 'Rakukaja', 'Wind Break', 'Rebellion']
['Mabufula', 'Maragi', 'Rebellion', 'Provoke']
['Amrita', 'Maragi', 'Wind Boost', 'Dekaja']
['Zio', 'Mabufula', 'Rakukaja', 'Rebellion']
['Rebellion', 'Ice Break', 'Wind Break', 'Zio']
['Tentarafoo', 'Sharp Student', 'Wind Break', 'Rakukaja']
['Amrita', 'Rebellion', 'Wind Boost', 'Wind Break']
['Amrita', 'Wind Break', 'Rebellion', 'Dekaja']
['Rakukaja', 'Ice Break', 'Wind Boost', 'Wind Break']
['Rakukaja', 'Wind Boost', 'Ice Break', 'Amrita']
['Rebellion', 'Dekaja', 'Wind Boost', 'Wind Break']
['Rakukaja', 'Rebellion', 'Wind Amp', 'Maragi']
['Resist Fire', 'Rakukaja', 'Zio', 'Maragi']
['Wind Break', 'Ice Break', 'Garula', 'Bufudyne']
['Amrita', 'Rebellion', 'Wind Amp', 'Dekaja']
['Rakukaja', 'Dekaja', 'Amrita', 'Zio']
['Panta Rhei', 'Maragi', 'Rebellion', 'Rakukaja']
['Wind Boost', 'Rebellion', 'Dekaja', 'Rakukaja']
['Rakukaja', 'Rebellion', 'Wind Break', 'Null Dark']
['Dekaja', 'Amrita', 'Rakukaja', 'Ice Break']
['Panta Rhei', 'Rakukaja', 'Dekaja', 'Ice Break']
['Rebellion', 'Resist Fire', 'Sharp Student', 'Rakukaja']
['Amrita', 'Zio', 'Dekaja', 'Resist Fire']
['Amrita', 'Rakukaja', 'Wind Break', 'Rebellion']
['Provoke', 'Dekaja', 'Zio', 'Ice Break']
['Null Dark', 'Rebellion', 'Dekaja', 'Sharp Student']
['Rakukaja', 'Wind Break', 'Mabufula', 'Amrita']
['Dekaja', 'Amrita', 'Wind Break', 'Rebellion']
['Foul Breath', 'Rakukaja', 'Wind Boost', 'Amrita']
['Maragi', 'Zio', 'Rebellion', 'Amrita']
['Provoke', 'Sharp Student', 'Garula', 'Rebellion']
['Amrita', 'Rakukaja', 'Dekaja', 'Wind Break']
['Amrita', 'Null Dark', 'Rakukaja', 'Rebellion']
['Rebellion', 'Dekaja', 'Wind Break', 'Rakukaja']
['Rebellion', 'Dekaja', 'Wind Break', 'Sharp Student']
['Maragi', 'Dekaja', 'Amrita', 'Zio']
['Rakukaja', 'Zio', 'Null Dark', 'Dekaja']
['Panta Rhei', 'Amrita', 'Wind Boost', 'Ice Break']
['Rakukaja', 'Wind Amp', 'Amrita', 'Trafuri']
['Rebellion', 'Foul Breath', 'Dekaja', 'Ice Break']
['Rebellion', 'Amrita', 'Rakukaja', 'Resist Fire']
['Rakukaja', 'Amrita', 'Ice Break', 'Mabufula']
['Amrita', 'Dekaja', 'Zio', 'Rebellion']
['Rebellion', 'Wind Boost', 'Wind Amp', 'Dekaja']
['Ice Break', 'Amrita', 'Wind Break', 'Mabufula']
['Zio', 'Rakukaja', 'Dekaja', 'Ice Break']
['Foul Breath', 'Maragi', 'Rebellion', 'Null Dark']
['Foul Breath', 'Rakukaja', 'Wind Amp', 'Amrita']
['Ice Break', 'Dekaja', 'Mabufula', 'Amrita']
['Rakukaja', 'Wind Amp', 'Foul Breath', 'Rebellion']
['Rakukaja', 'Bufudyne', 'Zio', 'Dekaja']
['Zio', 'Sharp Student', 'Wind Amp', 'Dekaja']
['Dekaja', 'Wind Break', 'Amrita', 'Maragi']
['Maragi', 'Rakukaja', 'Mabufula', 'Rebellion']
['Resist Fire', 'Rebellion', 'Ice Break', 'Wind Break']
['Rakukaja', 'Garula', 'Rebellion', 'Amrita']
['Dekaja', 'Amrita', 'Rebellion', 'Foul Breath']
['Wind Break', 'Dekaja', 'Foul Breath', 'Zio']
['Rakukaja', 'Zio', 'Wind Break', 'Ice Break']
['Amrita', 'Rakukaja', 'Resist Fire', 'Zio']
['Mabufula', 'Rebellion', 'Wind Boost', 'Foul Breath']
['Null Dark', 'Maragi', 'Rakukaja', 'Rebellion']
['Amrita', 'Ice Break', 'Maragi', 'Trafuri']
['Zio', 'Wind Amp', 'Rakukaja', 'Resist Fire']
['Rebellion', 'Sharp Student', 'Wind Amp', 'Zio']
['Rakukaja', 'Zio', 'Null Dark', 'Wind Boost']
['Zio', 'Wind Break', 'Foul Breath', 'Dekaja']
['Garula', 'Zio', 'Ice Break', 'Resist Fire']
['Sharp Student', 'Panta Rhei', 'Wind Amp', 'Amrita']
['Amrita', 'Dekaja', 'Rakukaja', 'Maragi']
['Mabufula', 'Rebellion', 'Dekaja', 'Amrita']
['Amrita', 'Rakukaja', 'Wind Boost', 'Resist Fire']
['Zio', 'Wind Break', 'Amrita', 'Ice Break']
['Rakukaja', 'Ice Break', 'Null Dark', 'Rebellion']
['Bufudyne', 'Rebellion', 'Amrita', 'Wind Boost']
['Maragi', 'Amrita', 'Ice Break', 'Bufudyne']
['Sharp Student', 'Rakukaja', 'Amrita', 'Wind Break']
['Null Dark', 'Amrita', 'Rakukaja', 'Zio']
['Garula', 'Resist Fire', 'Rebellion', 'Amrita']
['Rebellion', 'Zio', 'Foul Breath', 'Mabufula']
['Mabufula', 'Dekaja', 'Rakukaja', 'Maragi']
['Rakukaja', 'Sharp Student', 'Wind Break', 'Resist Fire']
['Amrita', 'Maragi', 'Rebellion', 'Wind Break']
['Amrita', 'Rebellion', 'Foul Breath', 'Ice Break']
['Dekaja', 'Bufudyne', 'Maragi', 'Zio']
['Zio', 'Rakukaja', 'Wind Boost', 'Amrita']
['Bufudyne', 'Wind Break', 'Rakukaja', 'Null Dark']
['Rebellion', 'Amrita', 'Rakukaja', 'Wind Break']
['Wind Break', 'Mabufula', 'Zio', 'Rakukaja']
['Rebellion', 'Maragi', 'Wind Boost', 'Provoke']
['Sharp Student', 'Rakukaja', 'Zio', 'Amrita']
['Foul Breath', 'Rakukaja', 'Ice Break', 'Garula']
['Amrita', 'Rakukaja', 'Rebellion', 'Foul Breath']
['Dekaja', 'Amrita', 'Rebellion', 'Wind Boost']
['Sharp Student', 'Wind Boost', 'Maragi', 'Resist Fire']
['Sharp Student', 'Rakukaja', 'Bufudyne', 'Amrita']
['Rebellion', 'Wind Break', 'Zio', 'Amrita']
['Wind Boost', 'Maragi', 'Zio', 'Dekaja']
['Null Dark', 'Wind Boost', 'Zio', 'Maragi']
['Amrita', 'Resist Fire', 'Zio', 'Wind Break']
['Dekaja', 'Wind Amp', 'Ice Break', 'Amrita']
['Ice Break', 'Rakukaja', 'Dekaja', 'Wind Break']
['Zio', 'Mabufula', 'Dekaja', 'Rebellion']
['Wind Break', 'Wind Boost', 'Zio', 'Rebellion']
['Dekaja', 'Rebellion', 'Foul Breath', 'Sharp Student']
['Mabufula', 'Wind Amp', 'Rakukaja', 'Zio']
['Foul Breath', 'Ice Break', 'Zio', 'Dekaja']
['Resist Fire', 'Rebellion', 'Wind Break', 'Dekaja']
['Wind Break', 'Dekaja', 'Wind Boost', 'Rebellion']
['Zio', 'Wind Boost', 'Rebellion', 'Rakukaja']
['Amrita', 'Ice Break', 'Garula', 'Dekaja']
['Null Dark', 'Resist Fire', 'Amrita', 'Dekaja']
['Rakukaja', 'Amrita', 'Zio', 'Maragi']
['Wind Break', 'Resist Fire', 'Wind Boost', 'Sharp Student']
['Wind Boost', 'Dekaja', 'Zio', 'Ice Break']
['Rebellion', 'Rakukaja', 'Amrita', 'Zio']
['Maragi', 'Zio', 'Wind Break', 'Dekaja']
['Amrita', 'Ice Break', 'Zio', 'Wind Break']
['Wind Boost', 'Ice Break', 'Bufudyne', 'Foul Breath']
['Rakukaja', 'Rebellion', 'Amrita', 'Dekaja']
['Zio', 'Rebellion', 'Wind Break', 'Rakukaja']
['Sharp Student', 'Zio', 'Ice Break', 'Garula']
['Amrita', 'Ice Break', 'Foul Breath', 'Zio']
['Wind Break', 'Rebellion', 'Ice Break', 'Wind Amp']
['Tentarafoo', 'Maragi', 'Wind Break', 'Amrita']
['Ice Break', 'Amrita', 'Rebellion', 'Rakukaja']
['Dekaja', 'Wind Break', 'Maragi', 'Rebellion']
['Garula', 'Rakukaja', 'Amrita', 'Sharp Student']
['Rebellion', 'Bufudyne', 'Zio', 'Ice Break']
['Rakukaja', 'Sharp Student', 'Dekaja', 'Zio']
['Bufudyne', 'Trafuri', 'Zio', 'Foul Breath']
['Resist Fire', 'Rakukaja', 'Amrita', 'Provoke']
['Rebellion', 'Ice Break', 'Foul Breath', 'Amrita']
['Rakukaja', 'Zio', 'Ice Break', 'Rebellion']
['Wind Boost', 'Amrita', 'Sharp Student', 'Rakukaja']
['Rebellion', 'Dekaja', 'Rakukaja', 'Wind Amp']
['Amrita', 'Garula', 'Rakukaja', 'Sharp Student']
['Maragi', 'Rebellion', 'Sharp Student', 'Wind Amp']
['Rakukaja', 'Ice Break', 'Maragi', 'Rebellion']
['Rebellion', 'Zio', 'Panta Rhei', 'Dekaja']
['Dekaja', 'Mabufula', 'Ice Break', 'Zio']
['Wind Break', 'Foul Breath', 'Zio', 'Amrita']
['Wind Boost', 'Rakukaja', 'Dekaja', 'Rebellion']
['Amrita', 'Wind Boost', 'Rebellion', 'Maragi']
['Dekaja', 'Amrita', 'Zio', 'Sharp Student']
['Amrita', 'Rebellion', 'Wind Boost', 'Rakukaja']
['Rebellion', 'Wind Amp', 'Garula', 'Wind Break']
['Amrita', 'Rebellion', 'Dekaja', 'Mabufula']
['Rebellion', 'Amrita', 'Ice Break', 'Wind Break']
['Foul Breath', 'Rebellion', 'Rakukaja', 'Dekaja']
['Rakukaja', 'Sharp Student', 'Amrita', 'Wind Break']
['Zio', 'Rakukaja', 'Rebellion', 'Amrita']
['Zio', 'Resist Fire', 'Dekaja', 'Rebellion']
['Zio', 'Rebellion', 'Provoke', 'Rakukaja']
['Amrita', 'Rakukaja', 'Zio', 'Null Dark']
['Amrita', 'Resist Fire', 'Rakukaja', 'Rebellion']
['Foul Breath', 'Zio', 'Rakukaja', 'Maragi']
['Garula', 'Trafuri', 'Wind Amp', 'Rebellion']
['Dekaja', 'Rebellion', 'Trafuri', 'Provoke']
['Rakukaja', 'Wind Boost', 'Foul Breath', 'Sharp Student']
['Wind Break', 'Rebellion', 'Mabufula', 'Garula']
['Sharp Student', 'Zio', 'Rebellion', 'Garula']
['Zio', 'Rebellion', 'Wind Amp', 'Amrita']
['Ice Break', 'Bufudyne', 'Rebellion', 'Maragi']
['Ice Break', 'Null Dark', 'Sharp Student', 'Zio']
['Zio', 'Wind Boost', 'Wind Break', 'Bufudyne']
['Ice Break', 'Rebellion', 'Zio', 'Wind Break']
['Ice Break', 'Dekaja', 'Rakukaja', 'Amrita']
['Rakukaja', 'Wind Boost', 'Amrita', 'Rebellion']
['Maragi', 'Wind Break', 'Amrita', 'Zio']
['Wind Amp', 'Zio', 'Trafuri', 'Rakukaja']
['Amrita', 'Wind Amp', 'Rakukaja', 'Ice Break']
['Dekaja', 'Rebellion', 'Wind Boost', 'Wind Break']
['Zio', 'Ice Break', 'Amrita', 'Wind Break']
['Wind Break', 'Garula', 'Rebellion', 'Mabufula']
['Bufudyne', 'Wind Boost', 'Zio', 'Amrita']
['Foul Breath', 'Rakukaja', 'Rebellion', 'Ice Break']
['Ice Break', 'Rakukaja', 'Amrita', 'Foul Breath']
['Ice Break', 'Rakukaja', 'Zio', 'Garula']
['Rebellion', 'Wind Break', 'Sharp Student', 'Amrita']
['Amrita', 'Null Dark', 'Rakukaja', 'Rebellion']
['Dekaja', 'Wind Break', 'Rakukaja', 'Amrita']
['Provoke', 'Rakukaja', 'Foul Breath', 'Rebellion']
['Foul Breath', 'Zio', 'Null Dark', 'Rebellion']
['Wind Break', 'Rebellion', 'Tentarafoo', 'Rakukaja']
['Zio', 'Ice Break', 'Mabufula', 'Wind Break']
['Foul Breath', 'Bufudyne', 'Resist Fire', 'Maragi']
['Ice Break', 'Amrita', 'Rakukaja', 'Resist Fire']
['Rakukaja', 'Rebellion', 'Null Dark', 'Amrita']
['Wind Amp', 'Amrita', 'Ice Break', 'Wind Boost']
['Amrita', 'Rebellion', 'Rakukaja', 'Wind Break']
['Wind Boost', 'Wind Break', 'Ice Break', 'Rebellion']
['Null Dark', 'Rakukaja', 'Wind Break', 'Wind Amp']
['Rebellion', 'Wind Break', 'Foul Breath', 'Zio']
['Mabufula', 'Maragi', 'Wind Amp', 'Null Dark']
['Tentarafoo', 'Rakukaja', 'Maragi', 'Ice Break']
['Rakukaja', 'Ice Break', 'Foul Breath', 'Rebellion']
['Wind Boost', 'Rebellion', 'Foul Breath', 'Amrita']
['Maragi', 'Dekaja', 'Zio', 'Wind Break']
['Ice Break', 'Zio', 'Rebellion', 'Rakukaja']
['Amrita', 'Rakukaja', 'Resist Fire', 'Sharp Student']
['Rakukaja', 'Foul Breath', 'Rebellion', 'Bufudyne']
['Rakukaja', 'Rebellion', 'Ice Break', 'Amrita']
['Rebellion', 'Amrita', 'Provoke', 'Rakukaja']
['Rakukaja', 'Wind Break', 'Wind Amp', 'Garula']
['Bufudyne', 'Sharp Student', 'Rakukaja', 'Wind Amp']
['Ice Break', 'Amrita', 'Foul Breath', 'Wind Break']
['Sharp Student', 'Garula', 'Wind Boost', 'Amrita']
['Amrita', 'Mabufula', 'Maragi', 'Zio']
['Rakukaja', 'Rebellion', 'Dekaja', 'Amrita']
['Rakukaja', 'Rebellion', 'Ice Break', 'Zio']
['Foul Breath', 'Rebellion', 'Zio', 'Wind Break']
['Maragi', 'Rakukaja', 'Wind Break', 'Ice Break']
['Wind Break', 'Amrita', 'Rebellion', 'Ice Break']
['Rakukaja', 'Zio', 'Foul Breath', 'Rebellion']
['Ice Break', 'Amrita', 'Foul Breath', 'Dekaja']
['Wind Break', 'Amrita', 'Dekaja', 'Rebellion']
['Amrita', 'Dekaja', 'Rakukaja', 'Maragi']
['Wind Break', 'Rakukaja', 'Wind Boost', 'Rebellion']
['Null Dark', 'Foul Breath', 'Amrita', 'Wind Break']
['Rebellion', 'Foul Breath', 'Amrita', 'Wind Break']
['Amrita', 'Ice Break', 'Dekaja', 'Wind Break']
['Amrita', 'Wind Break', 'Ice Break', 'Maragi']
['Wind Boost', 'Rakukaja', 'Maragi', 'Foul Breath']
['Wind Boost', 'Rebellion', 'Zio', 'Sharp Student']
['Mabufula', 'Rakukaja', 'Zio', 'Dekaja']
['Dekaja', 'Maragi', 'Sharp Student', 'Amrita']
